/vast/home/ajherman/miniconda3/envs/pytorch/lib/python3.11/site-packages/torchvision/io/image.py:13: UserWarning: Failed to load image Python extension: '/vast/home/ajherman/miniconda3/envs/pytorch/lib/python3.11/site-packages/torchvision/image.so: undefined symbol: _ZN5torch3jit17parseSchemaOrNameERKNSt7__cxx1112basic_stringIcSt11char_traitsIcESaIcEEE'If you don't plan on using image functionality from `torchvision.io`, you can ignore this warning. Otherwise, there might be something wrong with your environment. Did you have `libjpeg` or `libpng` installed before building `torchvision` from source?
  warn(
Train Epoch: 1 [2000/60000 (3%)]	Loss: 0.421969
Train Epoch: 1 [4000/60000 (7%)]	Loss: 0.350487
Train Epoch: 1 [6000/60000 (10%)]	Loss: 0.283463
Train Epoch: 1 [8000/60000 (13%)]	Loss: 0.320140
Train Epoch: 1 [10000/60000 (17%)]	Loss: 0.250432
Train Epoch: 1 [12000/60000 (20%)]	Loss: 0.275846
Train Epoch: 1 [14000/60000 (23%)]	Loss: 0.241728
Train Epoch: 1 [16000/60000 (27%)]	Loss: 0.264776
Train Epoch: 1 [18000/60000 (30%)]	Loss: 0.216573
Train Epoch: 1 [20000/60000 (33%)]	Loss: 0.200441
Train Epoch: 1 [22000/60000 (37%)]	Loss: 0.240319
Train Epoch: 1 [24000/60000 (40%)]	Loss: 0.198734
Train Epoch: 1 [26000/60000 (43%)]	Loss: 0.197830
Train Epoch: 1 [28000/60000 (47%)]	Loss: 0.235524
Train Epoch: 1 [30000/60000 (50%)]	Loss: 0.178725
Train Epoch: 1 [32000/60000 (53%)]	Loss: 0.148772
Train Epoch: 1 [34000/60000 (57%)]	Loss: 0.227127
Train Epoch: 1 [36000/60000 (60%)]	Loss: 0.201115
Train Epoch: 1 [38000/60000 (63%)]	Loss: 0.161069
Train Epoch: 1 [40000/60000 (67%)]	Loss: 0.136594
Train Epoch: 1 [42000/60000 (70%)]	Loss: 0.113464
Train Epoch: 1 [44000/60000 (73%)]	Loss: 0.121948
Train Epoch: 1 [46000/60000 (77%)]	Loss: 0.179239
Train Epoch: 1 [48000/60000 (80%)]	Loss: 0.125297
Train Epoch: 1 [50000/60000 (83%)]	Loss: 0.214515
Train Epoch: 1 [52000/60000 (87%)]	Loss: 0.162711
Train Epoch: 1 [54000/60000 (90%)]	Loss: 0.143018
Train Epoch: 1 [56000/60000 (93%)]	Loss: 0.134700
Train Epoch: 1 [58000/60000 (97%)]	Loss: 0.126941
Train Epoch: 1 [60000/60000 (100%)]	Loss: 0.175406

Average Training loss: 0.0104, Training Error Rate: 20.41% (12246/60000)


Average Test loss: 0.1272, Test Error Rate: 11.81% (1181/10000)

Train Epoch: 2 [2000/60000 (3%)]	Loss: 0.082351
Train Epoch: 2 [4000/60000 (7%)]	Loss: 0.148877
Train Epoch: 2 [6000/60000 (10%)]	Loss: 0.136738
Train Epoch: 2 [8000/60000 (13%)]	Loss: 0.164260
Train Epoch: 2 [10000/60000 (17%)]	Loss: 0.117296
Train Epoch: 2 [12000/60000 (20%)]	Loss: 0.188220
Train Epoch: 2 [14000/60000 (23%)]	Loss: 0.167232
Train Epoch: 2 [16000/60000 (27%)]	Loss: 0.206983
Train Epoch: 2 [18000/60000 (30%)]	Loss: 0.175454
Train Epoch: 2 [20000/60000 (33%)]	Loss: 0.138715
Train Epoch: 2 [22000/60000 (37%)]	Loss: 0.077182
Train Epoch: 2 [24000/60000 (40%)]	Loss: 0.184303
Train Epoch: 2 [26000/60000 (43%)]	Loss: 0.110182
Train Epoch: 2 [28000/60000 (47%)]	Loss: 0.092918
Train Epoch: 2 [30000/60000 (50%)]	Loss: 0.073868
Train Epoch: 2 [32000/60000 (53%)]	Loss: 0.208888
Train Epoch: 2 [34000/60000 (57%)]	Loss: 0.068155
Train Epoch: 2 [36000/60000 (60%)]	Loss: 0.197866
Train Epoch: 2 [38000/60000 (63%)]	Loss: 0.125525
Train Epoch: 2 [40000/60000 (67%)]	Loss: 0.114128
Train Epoch: 2 [42000/60000 (70%)]	Loss: 0.152126
Train Epoch: 2 [44000/60000 (73%)]	Loss: 0.059893
Train Epoch: 2 [46000/60000 (77%)]	Loss: 0.105443
Train Epoch: 2 [48000/60000 (80%)]	Loss: 0.112853
Train Epoch: 2 [50000/60000 (83%)]	Loss: 0.123800
Train Epoch: 2 [52000/60000 (87%)]	Loss: 0.119183
Train Epoch: 2 [54000/60000 (90%)]	Loss: 0.190732
Train Epoch: 2 [56000/60000 (93%)]	Loss: 0.038705
Train Epoch: 2 [58000/60000 (97%)]	Loss: 0.115385
Train Epoch: 2 [60000/60000 (100%)]	Loss: 0.097701

Average Training loss: 0.0058, Training Error Rate: 11.29% (6773/60000)


Average Test loss: 0.0970, Test Error Rate: 9.79% (979/10000)

Train Epoch: 3 [2000/60000 (3%)]	Loss: 0.103790
Train Epoch: 3 [4000/60000 (7%)]	Loss: 0.068071
Train Epoch: 3 [6000/60000 (10%)]	Loss: 0.116261
Train Epoch: 3 [8000/60000 (13%)]	Loss: 0.181931
Train Epoch: 3 [10000/60000 (17%)]	Loss: 0.107989
Train Epoch: 3 [12000/60000 (20%)]	Loss: 0.087852
Train Epoch: 3 [14000/60000 (23%)]	Loss: 0.082652
Train Epoch: 3 [16000/60000 (27%)]	Loss: 0.122499
Train Epoch: 3 [18000/60000 (30%)]	Loss: 0.063912
Train Epoch: 3 [20000/60000 (33%)]	Loss: 0.089433
Train Epoch: 3 [22000/60000 (37%)]	Loss: 0.106887
Train Epoch: 3 [24000/60000 (40%)]	Loss: 0.063218
Train Epoch: 3 [26000/60000 (43%)]	Loss: 0.120418
Train Epoch: 3 [28000/60000 (47%)]	Loss: 0.051541
Train Epoch: 3 [30000/60000 (50%)]	Loss: 0.067267
Train Epoch: 3 [32000/60000 (53%)]	Loss: 0.080526
Train Epoch: 3 [34000/60000 (57%)]	Loss: 0.105713
Train Epoch: 3 [36000/60000 (60%)]	Loss: 0.087632
Train Epoch: 3 [38000/60000 (63%)]	Loss: 0.097716
Train Epoch: 3 [40000/60000 (67%)]	Loss: 0.079336
Train Epoch: 3 [42000/60000 (70%)]	Loss: 0.055507
Train Epoch: 3 [44000/60000 (73%)]	Loss: 0.094413
Train Epoch: 3 [46000/60000 (77%)]	Loss: 0.075104
Train Epoch: 3 [48000/60000 (80%)]	Loss: 0.098045
Train Epoch: 3 [50000/60000 (83%)]	Loss: 0.107620
Train Epoch: 3 [52000/60000 (87%)]	Loss: 0.076974
Train Epoch: 3 [54000/60000 (90%)]	Loss: 0.094121
Train Epoch: 3 [56000/60000 (93%)]	Loss: 0.111650
Train Epoch: 3 [58000/60000 (97%)]	Loss: 0.159301
Train Epoch: 3 [60000/60000 (100%)]	Loss: 0.099375

Average Training loss: 0.0047, Training Error Rate: 9.72% (5830/60000)


Average Test loss: 0.0832, Test Error Rate: 8.46% (846/10000)

Train Epoch: 4 [2000/60000 (3%)]	Loss: 0.068897
Train Epoch: 4 [4000/60000 (7%)]	Loss: 0.109035
Train Epoch: 4 [6000/60000 (10%)]	Loss: 0.041851
Train Epoch: 4 [8000/60000 (13%)]	Loss: 0.108662
Train Epoch: 4 [10000/60000 (17%)]	Loss: 0.059366
Train Epoch: 4 [12000/60000 (20%)]	Loss: 0.025333
Train Epoch: 4 [14000/60000 (23%)]	Loss: 0.062929
Train Epoch: 4 [16000/60000 (27%)]	Loss: 0.110646
Train Epoch: 4 [18000/60000 (30%)]	Loss: 0.073435
Train Epoch: 4 [20000/60000 (33%)]	Loss: 0.033863
Train Epoch: 4 [22000/60000 (37%)]	Loss: 0.088126
Train Epoch: 4 [24000/60000 (40%)]	Loss: 0.046997
Train Epoch: 4 [26000/60000 (43%)]	Loss: 0.035488
Train Epoch: 4 [28000/60000 (47%)]	Loss: 0.083632
Train Epoch: 4 [30000/60000 (50%)]	Loss: 0.052090
Train Epoch: 4 [32000/60000 (53%)]	Loss: 0.113092
Train Epoch: 4 [34000/60000 (57%)]	Loss: 0.109805
Train Epoch: 4 [36000/60000 (60%)]	Loss: 0.073415
Train Epoch: 4 [38000/60000 (63%)]	Loss: 0.130662
Train Epoch: 4 [40000/60000 (67%)]	Loss: 0.091878
Train Epoch: 4 [42000/60000 (70%)]	Loss: 0.028363
Train Epoch: 4 [44000/60000 (73%)]	Loss: 0.062303
Train Epoch: 4 [46000/60000 (77%)]	Loss: 0.067785
Train Epoch: 4 [48000/60000 (80%)]	Loss: 0.148869
Train Epoch: 4 [50000/60000 (83%)]	Loss: 0.081329
Train Epoch: 4 [52000/60000 (87%)]	Loss: 0.101139
Train Epoch: 4 [54000/60000 (90%)]	Loss: 0.048213
Train Epoch: 4 [56000/60000 (93%)]	Loss: 0.098724
Train Epoch: 4 [58000/60000 (97%)]	Loss: 0.108377
Train Epoch: 4 [60000/60000 (100%)]	Loss: 0.086812

Average Training loss: 0.0041, Training Error Rate: 8.68% (5208/60000)


Average Test loss: 0.0744, Test Error Rate: 7.94% (794/10000)

Train Epoch: 5 [2000/60000 (3%)]	Loss: 0.066216
Train Epoch: 5 [4000/60000 (7%)]	Loss: 0.078965
Train Epoch: 5 [6000/60000 (10%)]	Loss: 0.049077
Train Epoch: 5 [8000/60000 (13%)]	Loss: 0.050814
Train Epoch: 5 [10000/60000 (17%)]	Loss: 0.022498
Train Epoch: 5 [12000/60000 (20%)]	Loss: 0.028481
Train Epoch: 5 [14000/60000 (23%)]	Loss: 0.113081
Train Epoch: 5 [16000/60000 (27%)]	Loss: 0.084335
Train Epoch: 5 [18000/60000 (30%)]	Loss: 0.052577
Train Epoch: 5 [20000/60000 (33%)]	Loss: 0.239306
Train Epoch: 5 [22000/60000 (37%)]	Loss: 0.039097
Train Epoch: 5 [24000/60000 (40%)]	Loss: 0.073122
Train Epoch: 5 [26000/60000 (43%)]	Loss: 0.122449
Train Epoch: 5 [28000/60000 (47%)]	Loss: 0.091658
Train Epoch: 5 [30000/60000 (50%)]	Loss: 0.041708
Train Epoch: 5 [32000/60000 (53%)]	Loss: 0.032121
Train Epoch: 5 [34000/60000 (57%)]	Loss: 0.046402
Train Epoch: 5 [36000/60000 (60%)]	Loss: 0.053542
Train Epoch: 5 [38000/60000 (63%)]	Loss: 0.084855
Train Epoch: 5 [40000/60000 (67%)]	Loss: 0.030537
Train Epoch: 5 [42000/60000 (70%)]	Loss: 0.096982
Train Epoch: 5 [44000/60000 (73%)]	Loss: 0.048913
Train Epoch: 5 [46000/60000 (77%)]	Loss: 0.121101
Train Epoch: 5 [48000/60000 (80%)]	Loss: 0.043238
Train Epoch: 5 [50000/60000 (83%)]	Loss: 0.028682
Train Epoch: 5 [52000/60000 (87%)]	Loss: 0.066270
Train Epoch: 5 [54000/60000 (90%)]	Loss: 0.020618
Train Epoch: 5 [56000/60000 (93%)]	Loss: 0.057758
Train Epoch: 5 [58000/60000 (97%)]	Loss: 0.008539
Train Epoch: 5 [60000/60000 (100%)]	Loss: 0.034988

Average Training loss: 0.0037, Training Error Rate: 7.84% (4703/60000)


Average Test loss: 0.0683, Test Error Rate: 7.51% (751/10000)

Train Epoch: 6 [2000/60000 (3%)]	Loss: 0.112957
Train Epoch: 6 [4000/60000 (7%)]	Loss: 0.037645
Train Epoch: 6 [6000/60000 (10%)]	Loss: 0.152635
Train Epoch: 6 [8000/60000 (13%)]	Loss: 0.056350
Train Epoch: 6 [10000/60000 (17%)]	Loss: 0.049199
Train Epoch: 6 [12000/60000 (20%)]	Loss: 0.102832
Train Epoch: 6 [14000/60000 (23%)]	Loss: 0.048181
Train Epoch: 6 [16000/60000 (27%)]	Loss: 0.090265
Train Epoch: 6 [18000/60000 (30%)]	Loss: 0.102602
Train Epoch: 6 [20000/60000 (33%)]	Loss: 0.033975
Train Epoch: 6 [22000/60000 (37%)]	Loss: 0.058279
Train Epoch: 6 [24000/60000 (40%)]	Loss: 0.040158
Train Epoch: 6 [26000/60000 (43%)]	Loss: 0.023636
Train Epoch: 6 [28000/60000 (47%)]	Loss: 0.026149
Train Epoch: 6 [30000/60000 (50%)]	Loss: 0.032952
Train Epoch: 6 [32000/60000 (53%)]	Loss: 0.078207
Train Epoch: 6 [34000/60000 (57%)]	Loss: 0.077906
Train Epoch: 6 [36000/60000 (60%)]	Loss: 0.061769
Train Epoch: 6 [38000/60000 (63%)]	Loss: 0.026443
Train Epoch: 6 [40000/60000 (67%)]	Loss: 0.086913
Train Epoch: 6 [42000/60000 (70%)]	Loss: 0.093776
Train Epoch: 6 [44000/60000 (73%)]	Loss: 0.082620
Train Epoch: 6 [46000/60000 (77%)]	Loss: 0.053711
Train Epoch: 6 [48000/60000 (80%)]	Loss: 0.016944
Train Epoch: 6 [50000/60000 (83%)]	Loss: 0.060263
Train Epoch: 6 [52000/60000 (87%)]	Loss: 0.040087
Train Epoch: 6 [54000/60000 (90%)]	Loss: 0.044006
Train Epoch: 6 [56000/60000 (93%)]	Loss: 0.145204
Train Epoch: 6 [58000/60000 (97%)]	Loss: 0.029659
Train Epoch: 6 [60000/60000 (100%)]	Loss: 0.023975

Average Training loss: 0.0033, Training Error Rate: 7.26% (4356/60000)


Average Test loss: 0.0613, Test Error Rate: 7.02% (702/10000)

Train Epoch: 7 [2000/60000 (3%)]	Loss: 0.110486
Train Epoch: 7 [4000/60000 (7%)]	Loss: 0.046416
Train Epoch: 7 [6000/60000 (10%)]	Loss: 0.093408
Train Epoch: 7 [8000/60000 (13%)]	Loss: 0.058496
Train Epoch: 7 [10000/60000 (17%)]	Loss: 0.027783
Train Epoch: 7 [12000/60000 (20%)]	Loss: 0.038731
Train Epoch: 7 [14000/60000 (23%)]	Loss: 0.112542
Train Epoch: 7 [16000/60000 (27%)]	Loss: 0.025404
Train Epoch: 7 [18000/60000 (30%)]	Loss: 0.055702
Train Epoch: 7 [20000/60000 (33%)]	Loss: 0.023847
Train Epoch: 7 [22000/60000 (37%)]	Loss: 0.063256
Train Epoch: 7 [24000/60000 (40%)]	Loss: 0.056020
Train Epoch: 7 [26000/60000 (43%)]	Loss: 0.022015
Train Epoch: 7 [28000/60000 (47%)]	Loss: 0.046244
Train Epoch: 7 [30000/60000 (50%)]	Loss: 0.030385
Train Epoch: 7 [32000/60000 (53%)]	Loss: 0.049073
Train Epoch: 7 [34000/60000 (57%)]	Loss: 0.104899
Train Epoch: 7 [36000/60000 (60%)]	Loss: 0.108548
Train Epoch: 7 [38000/60000 (63%)]	Loss: 0.045314
Train Epoch: 7 [40000/60000 (67%)]	Loss: 0.064630
Train Epoch: 7 [42000/60000 (70%)]	Loss: 0.083591
Train Epoch: 7 [44000/60000 (73%)]	Loss: 0.082945
Train Epoch: 7 [46000/60000 (77%)]	Loss: 0.037563
Train Epoch: 7 [48000/60000 (80%)]	Loss: 0.046730
Train Epoch: 7 [50000/60000 (83%)]	Loss: 0.059551
Train Epoch: 7 [52000/60000 (87%)]	Loss: 0.067067
Train Epoch: 7 [54000/60000 (90%)]	Loss: 0.007111
Train Epoch: 7 [56000/60000 (93%)]	Loss: 0.033762
Train Epoch: 7 [58000/60000 (97%)]	Loss: 0.060059
Train Epoch: 7 [60000/60000 (100%)]	Loss: 0.031801

Average Training loss: 0.0030, Training Error Rate: 6.76% (4056/60000)


Average Test loss: 0.0574, Test Error Rate: 6.59% (659/10000)

Train Epoch: 8 [2000/60000 (3%)]	Loss: 0.039324
Train Epoch: 8 [4000/60000 (7%)]	Loss: 0.078685
Train Epoch: 8 [6000/60000 (10%)]	Loss: 0.033845
Train Epoch: 8 [8000/60000 (13%)]	Loss: 0.007656
Train Epoch: 8 [10000/60000 (17%)]	Loss: 0.018649
Train Epoch: 8 [12000/60000 (20%)]	Loss: 0.023360
Train Epoch: 8 [14000/60000 (23%)]	Loss: 0.034621
Train Epoch: 8 [16000/60000 (27%)]	Loss: 0.038516
Train Epoch: 8 [18000/60000 (30%)]	Loss: 0.073437
Train Epoch: 8 [20000/60000 (33%)]	Loss: 0.083706
Train Epoch: 8 [22000/60000 (37%)]	Loss: 0.079140
Train Epoch: 8 [24000/60000 (40%)]	Loss: 0.079157
Train Epoch: 8 [26000/60000 (43%)]	Loss: 0.048941
Train Epoch: 8 [28000/60000 (47%)]	Loss: 0.113909
Train Epoch: 8 [30000/60000 (50%)]	Loss: 0.008295
Train Epoch: 8 [32000/60000 (53%)]	Loss: 0.016654
Train Epoch: 8 [34000/60000 (57%)]	Loss: 0.055455
Train Epoch: 8 [36000/60000 (60%)]	Loss: 0.001157
Train Epoch: 8 [38000/60000 (63%)]	Loss: 0.021965
Train Epoch: 8 [40000/60000 (67%)]	Loss: 0.030203
Train Epoch: 8 [42000/60000 (70%)]	Loss: 0.019839
Train Epoch: 8 [44000/60000 (73%)]	Loss: 0.019270
Train Epoch: 8 [46000/60000 (77%)]	Loss: 0.033256
Train Epoch: 8 [48000/60000 (80%)]	Loss: 0.115499
Train Epoch: 8 [50000/60000 (83%)]	Loss: 0.150614
Train Epoch: 8 [52000/60000 (87%)]	Loss: 0.048141
Train Epoch: 8 [54000/60000 (90%)]	Loss: 0.032851
Train Epoch: 8 [56000/60000 (93%)]	Loss: 0.016896
Train Epoch: 8 [58000/60000 (97%)]	Loss: 0.128952
Train Epoch: 8 [60000/60000 (100%)]	Loss: 0.035404

Average Training loss: 0.0028, Training Error Rate: 6.25% (3749/60000)


Average Test loss: 0.0536, Test Error Rate: 6.47% (647/10000)

Train Epoch: 9 [2000/60000 (3%)]	Loss: 0.106899
Train Epoch: 9 [4000/60000 (7%)]	Loss: 0.041717
Train Epoch: 9 [6000/60000 (10%)]	Loss: 0.084187
Train Epoch: 9 [8000/60000 (13%)]	Loss: 0.063006
Train Epoch: 9 [10000/60000 (17%)]	Loss: 0.034330
Train Epoch: 9 [12000/60000 (20%)]	Loss: 0.090112
Train Epoch: 9 [14000/60000 (23%)]	Loss: 0.006532
Train Epoch: 9 [16000/60000 (27%)]	Loss: 0.026140
Train Epoch: 9 [18000/60000 (30%)]	Loss: 0.087927
Train Epoch: 9 [20000/60000 (33%)]	Loss: 0.016329
Train Epoch: 9 [22000/60000 (37%)]	Loss: 0.007199
Train Epoch: 9 [24000/60000 (40%)]	Loss: 0.029793
Train Epoch: 9 [26000/60000 (43%)]	Loss: 0.004662
Train Epoch: 9 [28000/60000 (47%)]	Loss: 0.058136
Train Epoch: 9 [30000/60000 (50%)]	Loss: 0.076327
Train Epoch: 9 [32000/60000 (53%)]	Loss: 0.054270
Train Epoch: 9 [34000/60000 (57%)]	Loss: 0.066574
Train Epoch: 9 [36000/60000 (60%)]	Loss: 0.021427
Train Epoch: 9 [38000/60000 (63%)]	Loss: 0.053378
Train Epoch: 9 [40000/60000 (67%)]	Loss: 0.065542
Train Epoch: 9 [42000/60000 (70%)]	Loss: 0.074731
Train Epoch: 9 [44000/60000 (73%)]	Loss: 0.060629
Train Epoch: 9 [46000/60000 (77%)]	Loss: 0.072794
Train Epoch: 9 [48000/60000 (80%)]	Loss: 0.010078
Train Epoch: 9 [50000/60000 (83%)]	Loss: 0.040912
Train Epoch: 9 [52000/60000 (87%)]	Loss: 0.110633
Train Epoch: 9 [54000/60000 (90%)]	Loss: 0.025797
Train Epoch: 9 [56000/60000 (93%)]	Loss: 0.042698
Train Epoch: 9 [58000/60000 (97%)]	Loss: 0.009515
Train Epoch: 9 [60000/60000 (100%)]	Loss: 0.024759

Average Training loss: 0.0026, Training Error Rate: 5.95% (3572/60000)


Average Test loss: 0.0523, Test Error Rate: 6.23% (623/10000)

Train Epoch: 10 [2000/60000 (3%)]	Loss: 0.021756
Train Epoch: 10 [4000/60000 (7%)]	Loss: 0.096909
Train Epoch: 10 [6000/60000 (10%)]	Loss: 0.063634
Train Epoch: 10 [8000/60000 (13%)]	Loss: 0.052137
Train Epoch: 10 [10000/60000 (17%)]	Loss: 0.022626
Train Epoch: 10 [12000/60000 (20%)]	Loss: 0.084787
Train Epoch: 10 [14000/60000 (23%)]	Loss: 0.088738
Train Epoch: 10 [16000/60000 (27%)]	Loss: 0.085820
Train Epoch: 10 [18000/60000 (30%)]	Loss: 0.024922
Train Epoch: 10 [20000/60000 (33%)]	Loss: 0.037087
Train Epoch: 10 [22000/60000 (37%)]	Loss: 0.058215
Train Epoch: 10 [24000/60000 (40%)]	Loss: 0.059790
Train Epoch: 10 [26000/60000 (43%)]	Loss: 0.015420
Train Epoch: 10 [28000/60000 (47%)]	Loss: 0.043012
Train Epoch: 10 [30000/60000 (50%)]	Loss: 0.067897
Train Epoch: 10 [32000/60000 (53%)]	Loss: 0.104108
Train Epoch: 10 [34000/60000 (57%)]	Loss: 0.004421
Train Epoch: 10 [36000/60000 (60%)]	Loss: 0.018704
Train Epoch: 10 [38000/60000 (63%)]	Loss: 0.019538
Train Epoch: 10 [40000/60000 (67%)]	Loss: 0.031552
Train Epoch: 10 [42000/60000 (70%)]	Loss: 0.059145
Train Epoch: 10 [44000/60000 (73%)]	Loss: 0.057292
Train Epoch: 10 [46000/60000 (77%)]	Loss: 0.025246
Train Epoch: 10 [48000/60000 (80%)]	Loss: 0.048350
Train Epoch: 10 [50000/60000 (83%)]	Loss: 0.013808
Train Epoch: 10 [52000/60000 (87%)]	Loss: 0.050133
Train Epoch: 10 [54000/60000 (90%)]	Loss: 0.002990
Train Epoch: 10 [56000/60000 (93%)]	Loss: 0.049892
Train Epoch: 10 [58000/60000 (97%)]	Loss: 0.034667
Train Epoch: 10 [60000/60000 (100%)]	Loss: 0.020452

Average Training loss: 0.0025, Training Error Rate: 5.76% (3459/60000)


Average Test loss: 0.0494, Test Error Rate: 5.96% (596/10000)

Train Epoch: 11 [2000/60000 (3%)]	Loss: 0.023522
Train Epoch: 11 [4000/60000 (7%)]	Loss: 0.003732
Train Epoch: 11 [6000/60000 (10%)]	Loss: 0.100798
Train Epoch: 11 [8000/60000 (13%)]	Loss: 0.085602
Train Epoch: 11 [10000/60000 (17%)]	Loss: 0.160298
Train Epoch: 11 [12000/60000 (20%)]	Loss: 0.049023
Train Epoch: 11 [14000/60000 (23%)]	Loss: 0.025411
Train Epoch: 11 [16000/60000 (27%)]	Loss: 0.027131
Train Epoch: 11 [18000/60000 (30%)]	Loss: 0.015322
Train Epoch: 11 [20000/60000 (33%)]	Loss: 0.033072
Train Epoch: 11 [22000/60000 (37%)]	Loss: 0.031635
Train Epoch: 11 [24000/60000 (40%)]	Loss: 0.041992
Train Epoch: 11 [26000/60000 (43%)]	Loss: 0.081394
Train Epoch: 11 [28000/60000 (47%)]	Loss: 0.071522
Train Epoch: 11 [30000/60000 (50%)]	Loss: 0.029791
Train Epoch: 11 [32000/60000 (53%)]	Loss: 0.101047
Train Epoch: 11 [34000/60000 (57%)]	Loss: 0.026339
Train Epoch: 11 [36000/60000 (60%)]	Loss: 0.007924
Train Epoch: 11 [38000/60000 (63%)]	Loss: 0.044451
Train Epoch: 11 [40000/60000 (67%)]	Loss: 0.064291
Train Epoch: 11 [42000/60000 (70%)]	Loss: 0.045735
Train Epoch: 11 [44000/60000 (73%)]	Loss: 0.042727
Train Epoch: 11 [46000/60000 (77%)]	Loss: 0.032673
Train Epoch: 11 [48000/60000 (80%)]	Loss: 0.043903
Train Epoch: 11 [50000/60000 (83%)]	Loss: 0.022419
Train Epoch: 11 [52000/60000 (87%)]	Loss: 0.037720
Train Epoch: 11 [54000/60000 (90%)]	Loss: 0.062107
Train Epoch: 11 [56000/60000 (93%)]	Loss: 0.003906
Train Epoch: 11 [58000/60000 (97%)]	Loss: 0.086914
Train Epoch: 11 [60000/60000 (100%)]	Loss: 0.051014

Average Training loss: 0.0024, Training Error Rate: 5.51% (3304/60000)


Average Test loss: 0.0498, Test Error Rate: 6.05% (605/10000)

Train Epoch: 12 [2000/60000 (3%)]	Loss: 0.026714
Train Epoch: 12 [4000/60000 (7%)]	Loss: 0.049802
Train Epoch: 12 [6000/60000 (10%)]	Loss: 0.003873
Train Epoch: 12 [8000/60000 (13%)]	Loss: 0.084729
Train Epoch: 12 [10000/60000 (17%)]	Loss: 0.007361
Train Epoch: 12 [12000/60000 (20%)]	Loss: 0.096248
Train Epoch: 12 [14000/60000 (23%)]	Loss: 0.059605
Train Epoch: 12 [16000/60000 (27%)]	Loss: 0.071585
Train Epoch: 12 [18000/60000 (30%)]	Loss: 0.026796
Train Epoch: 12 [20000/60000 (33%)]	Loss: 0.043053
Train Epoch: 12 [22000/60000 (37%)]	Loss: 0.053972
Train Epoch: 12 [24000/60000 (40%)]	Loss: 0.042087
Train Epoch: 12 [26000/60000 (43%)]	Loss: 0.079307
Train Epoch: 12 [28000/60000 (47%)]	Loss: 0.003561
Train Epoch: 12 [30000/60000 (50%)]	Loss: 0.062334
Train Epoch: 12 [32000/60000 (53%)]	Loss: 0.051798
Train Epoch: 12 [34000/60000 (57%)]	Loss: 0.156814
Train Epoch: 12 [36000/60000 (60%)]	Loss: 0.085960
Train Epoch: 12 [38000/60000 (63%)]	Loss: 0.028741
Train Epoch: 12 [40000/60000 (67%)]	Loss: 0.063085
Train Epoch: 12 [42000/60000 (70%)]	Loss: 0.019252
Train Epoch: 12 [44000/60000 (73%)]	Loss: 0.022298
Train Epoch: 12 [46000/60000 (77%)]	Loss: 0.041801
Train Epoch: 12 [48000/60000 (80%)]	Loss: 0.050992
Train Epoch: 12 [50000/60000 (83%)]	Loss: 0.032269
Train Epoch: 12 [52000/60000 (87%)]	Loss: 0.084436
Train Epoch: 12 [54000/60000 (90%)]	Loss: 0.008494
Train Epoch: 12 [56000/60000 (93%)]	Loss: 0.036919
Train Epoch: 12 [58000/60000 (97%)]	Loss: 0.065423
Train Epoch: 12 [60000/60000 (100%)]	Loss: 0.127832

Average Training loss: 0.0024, Training Error Rate: 5.47% (3281/60000)


Average Test loss: 0.0531, Test Error Rate: 6.32% (632/10000)

Train Epoch: 13 [2000/60000 (3%)]	Loss: 0.057811
Train Epoch: 13 [4000/60000 (7%)]	Loss: 0.037936
Train Epoch: 13 [6000/60000 (10%)]	Loss: 0.033663
Train Epoch: 13 [8000/60000 (13%)]	Loss: 0.079548
Train Epoch: 13 [10000/60000 (17%)]	Loss: 0.039784
Train Epoch: 13 [12000/60000 (20%)]	Loss: 0.081270
Train Epoch: 13 [14000/60000 (23%)]	Loss: 0.068842
Train Epoch: 13 [16000/60000 (27%)]	Loss: 0.018164
Train Epoch: 13 [18000/60000 (30%)]	Loss: 0.060295
Train Epoch: 13 [20000/60000 (33%)]	Loss: 0.072077
Train Epoch: 13 [22000/60000 (37%)]	Loss: 0.052389
Train Epoch: 13 [24000/60000 (40%)]	Loss: 0.000167
Train Epoch: 13 [26000/60000 (43%)]	Loss: 0.011210
Train Epoch: 13 [28000/60000 (47%)]	Loss: 0.053884
Train Epoch: 13 [30000/60000 (50%)]	Loss: 0.049626
Train Epoch: 13 [32000/60000 (53%)]	Loss: 0.068635
Train Epoch: 13 [34000/60000 (57%)]	Loss: 0.028950
Train Epoch: 13 [36000/60000 (60%)]	Loss: 0.066688
Train Epoch: 13 [38000/60000 (63%)]	Loss: 0.021842
Train Epoch: 13 [40000/60000 (67%)]	Loss: 0.021428
Train Epoch: 13 [42000/60000 (70%)]	Loss: 0.032918
Train Epoch: 13 [44000/60000 (73%)]	Loss: 0.023416
Train Epoch: 13 [46000/60000 (77%)]	Loss: 0.050619
Train Epoch: 13 [48000/60000 (80%)]	Loss: 0.019975
Train Epoch: 13 [50000/60000 (83%)]	Loss: 0.137637
Train Epoch: 13 [52000/60000 (87%)]	Loss: 0.015055
Train Epoch: 13 [54000/60000 (90%)]	Loss: 0.012280
Train Epoch: 13 [56000/60000 (93%)]	Loss: 0.064750
Train Epoch: 13 [58000/60000 (97%)]	Loss: 0.035434
Train Epoch: 13 [60000/60000 (100%)]	Loss: 0.089481

Average Training loss: 0.0023, Training Error Rate: 5.21% (3128/60000)


Average Test loss: 0.0495, Test Error Rate: 5.94% (594/10000)

Train Epoch: 14 [2000/60000 (3%)]	Loss: 0.009112
Train Epoch: 14 [4000/60000 (7%)]	Loss: 0.012796
Train Epoch: 14 [6000/60000 (10%)]	Loss: 0.006640
Train Epoch: 14 [8000/60000 (13%)]	Loss: 0.040795
Train Epoch: 14 [10000/60000 (17%)]	Loss: 0.015815
Train Epoch: 14 [12000/60000 (20%)]	Loss: 0.055198
Train Epoch: 14 [14000/60000 (23%)]	Loss: 0.030229
Train Epoch: 14 [16000/60000 (27%)]	Loss: 0.095437
Train Epoch: 14 [18000/60000 (30%)]	Loss: 0.096059
Train Epoch: 14 [20000/60000 (33%)]	Loss: 0.010141
Train Epoch: 14 [22000/60000 (37%)]	Loss: 0.040565
Train Epoch: 14 [24000/60000 (40%)]	Loss: 0.052166
Train Epoch: 14 [26000/60000 (43%)]	Loss: 0.023828
Train Epoch: 14 [28000/60000 (47%)]	Loss: 0.066133
Train Epoch: 14 [30000/60000 (50%)]	Loss: 0.000147
Train Epoch: 14 [32000/60000 (53%)]	Loss: 0.010073
Train Epoch: 14 [34000/60000 (57%)]	Loss: 0.020677
Train Epoch: 14 [36000/60000 (60%)]	Loss: 0.014987
Train Epoch: 14 [38000/60000 (63%)]	Loss: 0.013983
Train Epoch: 14 [40000/60000 (67%)]	Loss: 0.008582
Train Epoch: 14 [42000/60000 (70%)]	Loss: 0.030737
Train Epoch: 14 [44000/60000 (73%)]	Loss: 0.009922
Train Epoch: 14 [46000/60000 (77%)]	Loss: 0.054329
Train Epoch: 14 [48000/60000 (80%)]	Loss: 0.031606
Train Epoch: 14 [50000/60000 (83%)]	Loss: 0.008249
Train Epoch: 14 [52000/60000 (87%)]	Loss: 0.006013
Train Epoch: 14 [54000/60000 (90%)]	Loss: 0.071129
Train Epoch: 14 [56000/60000 (93%)]	Loss: 0.027270
Train Epoch: 14 [58000/60000 (97%)]	Loss: 0.023430
Train Epoch: 14 [60000/60000 (100%)]	Loss: 0.015008

Average Training loss: 0.0022, Training Error Rate: 5.12% (3075/60000)


Average Test loss: 0.0472, Test Error Rate: 5.58% (558/10000)

Train Epoch: 15 [2000/60000 (3%)]	Loss: 0.036843
Train Epoch: 15 [4000/60000 (7%)]	Loss: 0.082192
Train Epoch: 15 [6000/60000 (10%)]	Loss: 0.116831
Train Epoch: 15 [8000/60000 (13%)]	Loss: 0.071964
Train Epoch: 15 [10000/60000 (17%)]	Loss: 0.037403
Train Epoch: 15 [12000/60000 (20%)]	Loss: 0.000169
Train Epoch: 15 [14000/60000 (23%)]	Loss: 0.019552
Train Epoch: 15 [16000/60000 (27%)]	Loss: 0.054618
Train Epoch: 15 [18000/60000 (30%)]	Loss: 0.024333
Train Epoch: 15 [20000/60000 (33%)]	Loss: 0.012587
Train Epoch: 15 [22000/60000 (37%)]	Loss: 0.028498
Train Epoch: 15 [24000/60000 (40%)]	Loss: 0.022096
Train Epoch: 15 [26000/60000 (43%)]	Loss: 0.042913
Train Epoch: 15 [28000/60000 (47%)]	Loss: 0.019826
Train Epoch: 15 [30000/60000 (50%)]	Loss: 0.025821
Train Epoch: 15 [32000/60000 (53%)]	Loss: 0.055995
Train Epoch: 15 [34000/60000 (57%)]	Loss: 0.010153
Train Epoch: 15 [36000/60000 (60%)]	Loss: 0.004647
Train Epoch: 15 [38000/60000 (63%)]	Loss: 0.057649
Train Epoch: 15 [40000/60000 (67%)]	Loss: 0.129922
Train Epoch: 15 [42000/60000 (70%)]	Loss: 0.177036
Train Epoch: 15 [44000/60000 (73%)]	Loss: 0.013306
Train Epoch: 15 [46000/60000 (77%)]	Loss: 0.038555
Train Epoch: 15 [48000/60000 (80%)]	Loss: 0.071002
Train Epoch: 15 [50000/60000 (83%)]	Loss: 0.056448
Train Epoch: 15 [52000/60000 (87%)]	Loss: 0.053075
Train Epoch: 15 [54000/60000 (90%)]	Loss: 0.026462
Train Epoch: 15 [56000/60000 (93%)]	Loss: 0.008554
Train Epoch: 15 [58000/60000 (97%)]	Loss: 0.099475
Train Epoch: 15 [60000/60000 (100%)]	Loss: 0.098719

Average Training loss: 0.0022, Training Error Rate: 4.93% (2960/60000)


Average Test loss: 0.0582, Test Error Rate: 6.74% (674/10000)

Train Epoch: 16 [2000/60000 (3%)]	Loss: 0.089212
Train Epoch: 16 [4000/60000 (7%)]	Loss: 0.035164
Train Epoch: 16 [6000/60000 (10%)]	Loss: 0.080483
Train Epoch: 16 [8000/60000 (13%)]	Loss: 0.124799
Train Epoch: 16 [10000/60000 (17%)]	Loss: 0.084992
Train Epoch: 16 [12000/60000 (20%)]	Loss: 0.018038
Train Epoch: 16 [14000/60000 (23%)]	Loss: 0.047684
Train Epoch: 16 [16000/60000 (27%)]	Loss: 0.014582
Train Epoch: 16 [18000/60000 (30%)]	Loss: 0.023490
Train Epoch: 16 [20000/60000 (33%)]	Loss: 0.091012
Train Epoch: 16 [22000/60000 (37%)]	Loss: 0.000287
Train Epoch: 16 [24000/60000 (40%)]	Loss: 0.036039
Train Epoch: 16 [26000/60000 (43%)]	Loss: 0.071099
Train Epoch: 16 [28000/60000 (47%)]	Loss: 0.080720
Train Epoch: 16 [30000/60000 (50%)]	Loss: 0.058451
Train Epoch: 16 [32000/60000 (53%)]	Loss: 0.002618
Train Epoch: 16 [34000/60000 (57%)]	Loss: 0.033566
Train Epoch: 16 [36000/60000 (60%)]	Loss: 0.125070
Train Epoch: 16 [38000/60000 (63%)]	Loss: 0.004971
Train Epoch: 16 [40000/60000 (67%)]	Loss: 0.000812
Train Epoch: 16 [42000/60000 (70%)]	Loss: 0.003188
Train Epoch: 16 [44000/60000 (73%)]	Loss: 0.003962
Train Epoch: 16 [46000/60000 (77%)]	Loss: 0.004643
Train Epoch: 16 [48000/60000 (80%)]	Loss: 0.013652
Train Epoch: 16 [50000/60000 (83%)]	Loss: 0.019701
Train Epoch: 16 [52000/60000 (87%)]	Loss: 0.050546
Train Epoch: 16 [54000/60000 (90%)]	Loss: 0.073373
Train Epoch: 16 [56000/60000 (93%)]	Loss: 0.001517
Train Epoch: 16 [58000/60000 (97%)]	Loss: 0.037053
Train Epoch: 16 [60000/60000 (100%)]	Loss: 0.047499

Average Training loss: 0.0021, Training Error Rate: 4.84% (2906/60000)


Average Test loss: 0.0433, Test Error Rate: 5.06% (506/10000)

Train Epoch: 17 [2000/60000 (3%)]	Loss: 0.031738
Train Epoch: 17 [4000/60000 (7%)]	Loss: 0.038743
Train Epoch: 17 [6000/60000 (10%)]	Loss: 0.107058
Train Epoch: 17 [8000/60000 (13%)]	Loss: 0.054649
Train Epoch: 17 [10000/60000 (17%)]	Loss: 0.065321
Train Epoch: 17 [12000/60000 (20%)]	Loss: 0.025924
Train Epoch: 17 [14000/60000 (23%)]	Loss: 0.041963
Train Epoch: 17 [16000/60000 (27%)]	Loss: 0.018785
Train Epoch: 17 [18000/60000 (30%)]	Loss: 0.052927
Train Epoch: 17 [20000/60000 (33%)]	Loss: 0.000594
Train Epoch: 17 [22000/60000 (37%)]	Loss: 0.054744
Train Epoch: 17 [24000/60000 (40%)]	Loss: 0.045890
Train Epoch: 17 [26000/60000 (43%)]	Loss: 0.087242
Train Epoch: 17 [28000/60000 (47%)]	Loss: 0.053918
Train Epoch: 17 [30000/60000 (50%)]	Loss: 0.008222
Train Epoch: 17 [32000/60000 (53%)]	Loss: 0.031128
Train Epoch: 17 [34000/60000 (57%)]	Loss: 0.002970
Train Epoch: 17 [36000/60000 (60%)]	Loss: 0.017974
Train Epoch: 17 [38000/60000 (63%)]	Loss: 0.015774
Train Epoch: 17 [40000/60000 (67%)]	Loss: 0.067868
Train Epoch: 17 [42000/60000 (70%)]	Loss: 0.075071
Train Epoch: 17 [44000/60000 (73%)]	Loss: 0.047169
Train Epoch: 17 [46000/60000 (77%)]	Loss: 0.035683
Train Epoch: 17 [48000/60000 (80%)]	Loss: 0.060455
Train Epoch: 17 [50000/60000 (83%)]	Loss: 0.104915
Train Epoch: 17 [52000/60000 (87%)]	Loss: 0.059285
Train Epoch: 17 [54000/60000 (90%)]	Loss: 0.003325
Train Epoch: 17 [56000/60000 (93%)]	Loss: 0.077207
Train Epoch: 17 [58000/60000 (97%)]	Loss: 0.068398
Train Epoch: 17 [60000/60000 (100%)]	Loss: 0.011778

Average Training loss: 0.0021, Training Error Rate: 4.75% (2851/60000)


Average Test loss: 0.0444, Test Error Rate: 5.03% (503/10000)

Train Epoch: 18 [2000/60000 (3%)]	Loss: 0.060456
Train Epoch: 18 [4000/60000 (7%)]	Loss: 0.003591
Train Epoch: 18 [6000/60000 (10%)]	Loss: 0.008955
Train Epoch: 18 [8000/60000 (13%)]	Loss: 0.086839
Train Epoch: 18 [10000/60000 (17%)]	Loss: 0.005813
Train Epoch: 18 [12000/60000 (20%)]	Loss: 0.086953
Train Epoch: 18 [14000/60000 (23%)]	Loss: 0.004740
Train Epoch: 18 [16000/60000 (27%)]	Loss: 0.000102
Train Epoch: 18 [18000/60000 (30%)]	Loss: 0.002495
Train Epoch: 18 [20000/60000 (33%)]	Loss: 0.021060
Train Epoch: 18 [22000/60000 (37%)]	Loss: 0.015902
Train Epoch: 18 [24000/60000 (40%)]	Loss: 0.009352
Train Epoch: 18 [26000/60000 (43%)]	Loss: 0.045981
Train Epoch: 18 [28000/60000 (47%)]	Loss: 0.010528
Train Epoch: 18 [30000/60000 (50%)]	Loss: 0.051410
Train Epoch: 18 [32000/60000 (53%)]	Loss: 0.078624
Train Epoch: 18 [34000/60000 (57%)]	Loss: 0.014530
Train Epoch: 18 [36000/60000 (60%)]	Loss: 0.008193
Train Epoch: 18 [38000/60000 (63%)]	Loss: 0.079013
Train Epoch: 18 [40000/60000 (67%)]	Loss: 0.000803
Train Epoch: 18 [42000/60000 (70%)]	Loss: 0.030633
Train Epoch: 18 [44000/60000 (73%)]	Loss: 0.070070
Train Epoch: 18 [46000/60000 (77%)]	Loss: 0.031601
Train Epoch: 18 [48000/60000 (80%)]	Loss: 0.000106
Train Epoch: 18 [50000/60000 (83%)]	Loss: 0.021454
Train Epoch: 18 [52000/60000 (87%)]	Loss: 0.105399
Train Epoch: 18 [54000/60000 (90%)]	Loss: 0.030646
Train Epoch: 18 [56000/60000 (93%)]	Loss: 0.011639
Train Epoch: 18 [58000/60000 (97%)]	Loss: 0.068436
Train Epoch: 18 [60000/60000 (100%)]	Loss: 0.019226

Average Training loss: 0.0020, Training Error Rate: 4.64% (2782/60000)


Average Test loss: 0.0430, Test Error Rate: 5.04% (504/10000)

Train Epoch: 19 [2000/60000 (3%)]	Loss: 0.039246
Train Epoch: 19 [4000/60000 (7%)]	Loss: 0.052105
Train Epoch: 19 [6000/60000 (10%)]	Loss: 0.012844
Train Epoch: 19 [8000/60000 (13%)]	Loss: 0.017685
Train Epoch: 19 [10000/60000 (17%)]	Loss: 0.015685
Train Epoch: 19 [12000/60000 (20%)]	Loss: 0.009961
Train Epoch: 19 [14000/60000 (23%)]	Loss: 0.151665
Train Epoch: 19 [16000/60000 (27%)]	Loss: 0.129415
Train Epoch: 19 [18000/60000 (30%)]	Loss: 0.050809
Train Epoch: 19 [20000/60000 (33%)]	Loss: 0.057982
Train Epoch: 19 [22000/60000 (37%)]	Loss: 0.045781
Train Epoch: 19 [24000/60000 (40%)]	Loss: 0.092233
Train Epoch: 19 [26000/60000 (43%)]	Loss: 0.014204
Train Epoch: 19 [28000/60000 (47%)]	Loss: 0.007225
Train Epoch: 19 [30000/60000 (50%)]	Loss: 0.007782
Train Epoch: 19 [32000/60000 (53%)]	Loss: 0.000000
Train Epoch: 19 [34000/60000 (57%)]	Loss: 0.033968
Train Epoch: 19 [36000/60000 (60%)]	Loss: 0.041901
Train Epoch: 19 [38000/60000 (63%)]	Loss: 0.004580
Train Epoch: 19 [40000/60000 (67%)]	Loss: 0.025903
Train Epoch: 19 [42000/60000 (70%)]	Loss: 0.101278
Train Epoch: 19 [44000/60000 (73%)]	Loss: 0.000422
Train Epoch: 19 [46000/60000 (77%)]	Loss: 0.005149
Train Epoch: 19 [48000/60000 (80%)]	Loss: 0.018797
Train Epoch: 19 [50000/60000 (83%)]	Loss: 0.097898
Train Epoch: 19 [52000/60000 (87%)]	Loss: 0.086577
Train Epoch: 19 [54000/60000 (90%)]	Loss: 0.175250
Train Epoch: 19 [56000/60000 (93%)]	Loss: 0.006511
Train Epoch: 19 [58000/60000 (97%)]	Loss: 0.029563
Train Epoch: 19 [60000/60000 (100%)]	Loss: 0.045246

Average Training loss: 0.0020, Training Error Rate: 4.51% (2706/60000)


Average Test loss: 0.0437, Test Error Rate: 5.07% (507/10000)

Train Epoch: 20 [2000/60000 (3%)]	Loss: 0.066601
Train Epoch: 20 [4000/60000 (7%)]	Loss: 0.092915
Train Epoch: 20 [6000/60000 (10%)]	Loss: 0.000006
Train Epoch: 20 [8000/60000 (13%)]	Loss: 0.050001
Train Epoch: 20 [10000/60000 (17%)]	Loss: 0.047026
Train Epoch: 20 [12000/60000 (20%)]	Loss: 0.012684
Train Epoch: 20 [14000/60000 (23%)]	Loss: 0.032318
Train Epoch: 20 [16000/60000 (27%)]	Loss: 0.067262
Train Epoch: 20 [18000/60000 (30%)]	Loss: 0.063296
Train Epoch: 20 [20000/60000 (33%)]	Loss: 0.055209
Train Epoch: 20 [22000/60000 (37%)]	Loss: 0.015966
Train Epoch: 20 [24000/60000 (40%)]	Loss: 0.007241
Train Epoch: 20 [26000/60000 (43%)]	Loss: 0.003803
Train Epoch: 20 [28000/60000 (47%)]	Loss: 0.004494
Train Epoch: 20 [30000/60000 (50%)]	Loss: 0.108506
Train Epoch: 20 [32000/60000 (53%)]	Loss: 0.048123
Train Epoch: 20 [34000/60000 (57%)]	Loss: 0.052298
Train Epoch: 20 [36000/60000 (60%)]	Loss: 0.051824
Train Epoch: 20 [38000/60000 (63%)]	Loss: 0.004074
Train Epoch: 20 [40000/60000 (67%)]	Loss: 0.008385
Train Epoch: 20 [42000/60000 (70%)]	Loss: 0.046380
Train Epoch: 20 [44000/60000 (73%)]	Loss: 0.022586
Train Epoch: 20 [46000/60000 (77%)]	Loss: 0.049323
Train Epoch: 20 [48000/60000 (80%)]	Loss: 0.002537
Train Epoch: 20 [50000/60000 (83%)]	Loss: 0.007417
Train Epoch: 20 [52000/60000 (87%)]	Loss: 0.075641
Train Epoch: 20 [54000/60000 (90%)]	Loss: 0.028933
Train Epoch: 20 [56000/60000 (93%)]	Loss: 0.044902
Train Epoch: 20 [58000/60000 (97%)]	Loss: 0.098657
Train Epoch: 20 [60000/60000 (100%)]	Loss: 0.025963

Average Training loss: 0.0020, Training Error Rate: 4.54% (2724/60000)


Average Test loss: 0.0502, Test Error Rate: 5.71% (571/10000)

Train Epoch: 21 [2000/60000 (3%)]	Loss: 0.000849
Train Epoch: 21 [4000/60000 (7%)]	Loss: 0.082398
Train Epoch: 21 [6000/60000 (10%)]	Loss: 0.071927
Train Epoch: 21 [8000/60000 (13%)]	Loss: 0.014512
Train Epoch: 21 [10000/60000 (17%)]	Loss: 0.042470
Train Epoch: 21 [12000/60000 (20%)]	Loss: 0.000001
Train Epoch: 21 [14000/60000 (23%)]	Loss: 0.007502
Train Epoch: 21 [16000/60000 (27%)]	Loss: 0.001462
Train Epoch: 21 [18000/60000 (30%)]	Loss: 0.017366
Train Epoch: 21 [20000/60000 (33%)]	Loss: 0.033762
Train Epoch: 21 [22000/60000 (37%)]	Loss: 0.141981
Train Epoch: 21 [24000/60000 (40%)]	Loss: 0.000959
Train Epoch: 21 [26000/60000 (43%)]	Loss: 0.009971
Train Epoch: 21 [28000/60000 (47%)]	Loss: 0.033825
Train Epoch: 21 [30000/60000 (50%)]	Loss: 0.002812
Train Epoch: 21 [32000/60000 (53%)]	Loss: 0.035306
Train Epoch: 21 [34000/60000 (57%)]	Loss: 0.085635
Train Epoch: 21 [36000/60000 (60%)]	Loss: 0.005011
Train Epoch: 21 [38000/60000 (63%)]	Loss: 0.074809
Train Epoch: 21 [40000/60000 (67%)]	Loss: 0.079987
Train Epoch: 21 [42000/60000 (70%)]	Loss: 0.027493
Train Epoch: 21 [44000/60000 (73%)]	Loss: 0.021855
Train Epoch: 21 [46000/60000 (77%)]	Loss: 0.057239
Train Epoch: 21 [48000/60000 (80%)]	Loss: 0.059877
Train Epoch: 21 [50000/60000 (83%)]	Loss: 0.023088
Train Epoch: 21 [52000/60000 (87%)]	Loss: 0.004488
Train Epoch: 21 [54000/60000 (90%)]	Loss: 0.000000
Train Epoch: 21 [56000/60000 (93%)]	Loss: 0.051519
Train Epoch: 21 [58000/60000 (97%)]	Loss: 0.004615
Train Epoch: 21 [60000/60000 (100%)]	Loss: 0.038436

Average Training loss: 0.0019, Training Error Rate: 4.34% (2604/60000)


Average Test loss: 0.0427, Test Error Rate: 4.96% (496/10000)

Train Epoch: 22 [2000/60000 (3%)]	Loss: 0.173582
Train Epoch: 22 [4000/60000 (7%)]	Loss: 0.054856
Train Epoch: 22 [6000/60000 (10%)]	Loss: 0.032375
Train Epoch: 22 [8000/60000 (13%)]	Loss: 0.073236
Train Epoch: 22 [10000/60000 (17%)]	Loss: 0.004104
Train Epoch: 22 [12000/60000 (20%)]	Loss: 0.068715
Train Epoch: 22 [14000/60000 (23%)]	Loss: 0.057029
Train Epoch: 22 [16000/60000 (27%)]	Loss: 0.017447
Train Epoch: 22 [18000/60000 (30%)]	Loss: 0.001061
Train Epoch: 22 [20000/60000 (33%)]	Loss: 0.002200
Train Epoch: 22 [22000/60000 (37%)]	Loss: 0.000002
Train Epoch: 22 [24000/60000 (40%)]	Loss: 0.057003
Train Epoch: 22 [26000/60000 (43%)]	Loss: 0.002946
Train Epoch: 22 [28000/60000 (47%)]	Loss: 0.000760
Train Epoch: 22 [30000/60000 (50%)]	Loss: 0.011263
Train Epoch: 22 [32000/60000 (53%)]	Loss: 0.013793
Train Epoch: 22 [34000/60000 (57%)]	Loss: 0.044010
Train Epoch: 22 [36000/60000 (60%)]	Loss: 0.059749
Train Epoch: 22 [38000/60000 (63%)]	Loss: 0.070630
Train Epoch: 22 [40000/60000 (67%)]	Loss: 0.044698
Train Epoch: 22 [42000/60000 (70%)]	Loss: 0.055026
Train Epoch: 22 [44000/60000 (73%)]	Loss: 0.041166
Train Epoch: 22 [46000/60000 (77%)]	Loss: 0.138100
Train Epoch: 22 [48000/60000 (80%)]	Loss: 0.018280
Train Epoch: 22 [50000/60000 (83%)]	Loss: 0.016309
Train Epoch: 22 [52000/60000 (87%)]	Loss: 0.020445
Train Epoch: 22 [54000/60000 (90%)]	Loss: 0.006789
Train Epoch: 22 [56000/60000 (93%)]	Loss: 0.005723
Train Epoch: 22 [58000/60000 (97%)]	Loss: 0.061735
Train Epoch: 22 [60000/60000 (100%)]	Loss: 0.053216

Average Training loss: 0.0019, Training Error Rate: 4.31% (2584/60000)


Average Test loss: 0.0503, Test Error Rate: 5.52% (552/10000)

Train Epoch: 23 [2000/60000 (3%)]	Loss: 0.012068
Train Epoch: 23 [4000/60000 (7%)]	Loss: 0.000096
Train Epoch: 23 [6000/60000 (10%)]	Loss: 0.013592
Train Epoch: 23 [8000/60000 (13%)]	Loss: 0.045915
Train Epoch: 23 [10000/60000 (17%)]	Loss: 0.072940
Train Epoch: 23 [12000/60000 (20%)]	Loss: 0.002795
Train Epoch: 23 [14000/60000 (23%)]	Loss: 0.081378
Train Epoch: 23 [16000/60000 (27%)]	Loss: 0.061264
Train Epoch: 23 [18000/60000 (30%)]	Loss: 0.064081
Train Epoch: 23 [20000/60000 (33%)]	Loss: 0.001201
Train Epoch: 23 [22000/60000 (37%)]	Loss: 0.058714
Train Epoch: 23 [24000/60000 (40%)]	Loss: 0.051854
Train Epoch: 23 [26000/60000 (43%)]	Loss: 0.031741
Train Epoch: 23 [28000/60000 (47%)]	Loss: 0.051992
Train Epoch: 23 [30000/60000 (50%)]	Loss: 0.000000
Train Epoch: 23 [32000/60000 (53%)]	Loss: 0.034985
Train Epoch: 23 [34000/60000 (57%)]	Loss: 0.066972
Train Epoch: 23 [36000/60000 (60%)]	Loss: 0.022099
Train Epoch: 23 [38000/60000 (63%)]	Loss: 0.076370
Train Epoch: 23 [40000/60000 (67%)]	Loss: 0.005998
Train Epoch: 23 [42000/60000 (70%)]	Loss: 0.017780
Train Epoch: 23 [44000/60000 (73%)]	Loss: 0.000417
Train Epoch: 23 [46000/60000 (77%)]	Loss: 0.029504
Train Epoch: 23 [48000/60000 (80%)]	Loss: 0.000410
Train Epoch: 23 [50000/60000 (83%)]	Loss: 0.012118
Train Epoch: 23 [52000/60000 (87%)]	Loss: 0.007548
Train Epoch: 23 [54000/60000 (90%)]	Loss: 0.050869
Train Epoch: 23 [56000/60000 (93%)]	Loss: 0.054130
Train Epoch: 23 [58000/60000 (97%)]	Loss: 0.054240
Train Epoch: 23 [60000/60000 (100%)]	Loss: 0.017541

Average Training loss: 0.0019, Training Error Rate: 4.35% (2610/60000)


Average Test loss: 0.0422, Test Error Rate: 4.79% (479/10000)

Train Epoch: 24 [2000/60000 (3%)]	Loss: 0.055869
Train Epoch: 24 [4000/60000 (7%)]	Loss: 0.012226
Train Epoch: 24 [6000/60000 (10%)]	Loss: 0.004807
Train Epoch: 24 [8000/60000 (13%)]	Loss: 0.020860
Train Epoch: 24 [10000/60000 (17%)]	Loss: 0.048556
Train Epoch: 24 [12000/60000 (20%)]	Loss: 0.003622
Train Epoch: 24 [14000/60000 (23%)]	Loss: 0.057296
Train Epoch: 24 [16000/60000 (27%)]	Loss: 0.013229
Train Epoch: 24 [18000/60000 (30%)]	Loss: 0.060589
Train Epoch: 24 [20000/60000 (33%)]	Loss: 0.000000
Train Epoch: 24 [22000/60000 (37%)]	Loss: 0.036127
Train Epoch: 24 [24000/60000 (40%)]	Loss: 0.040753
Train Epoch: 24 [26000/60000 (43%)]	Loss: 0.086999
Train Epoch: 24 [28000/60000 (47%)]	Loss: 0.132299
Train Epoch: 24 [30000/60000 (50%)]	Loss: 0.000887
Train Epoch: 24 [32000/60000 (53%)]	Loss: 0.163011
Train Epoch: 24 [34000/60000 (57%)]	Loss: 0.023443
Train Epoch: 24 [36000/60000 (60%)]	Loss: 0.003512
Train Epoch: 24 [38000/60000 (63%)]	Loss: 0.032405
Train Epoch: 24 [40000/60000 (67%)]	Loss: 0.011659
Train Epoch: 24 [42000/60000 (70%)]	Loss: 0.020448
Train Epoch: 24 [44000/60000 (73%)]	Loss: 0.009571
Train Epoch: 24 [46000/60000 (77%)]	Loss: 0.053672
Train Epoch: 24 [48000/60000 (80%)]	Loss: 0.003879
Train Epoch: 24 [50000/60000 (83%)]	Loss: 0.003235
Train Epoch: 24 [52000/60000 (87%)]	Loss: 0.093290
Train Epoch: 24 [54000/60000 (90%)]	Loss: 0.070738
Train Epoch: 24 [56000/60000 (93%)]	Loss: 0.019820
Train Epoch: 24 [58000/60000 (97%)]	Loss: 0.002098
Train Epoch: 24 [60000/60000 (100%)]	Loss: 0.009627

Average Training loss: 0.0018, Training Error Rate: 4.15% (2491/60000)


Average Test loss: 0.0388, Test Error Rate: 4.49% (449/10000)

Train Epoch: 25 [2000/60000 (3%)]	Loss: 0.061340
Train Epoch: 25 [4000/60000 (7%)]	Loss: 0.073527
Train Epoch: 25 [6000/60000 (10%)]	Loss: 0.068760
Train Epoch: 25 [8000/60000 (13%)]	Loss: 0.070560
Train Epoch: 25 [10000/60000 (17%)]	Loss: 0.020004
Train Epoch: 25 [12000/60000 (20%)]	Loss: 0.039123
Train Epoch: 25 [14000/60000 (23%)]	Loss: 0.033994
Train Epoch: 25 [16000/60000 (27%)]	Loss: 0.000028
Train Epoch: 25 [18000/60000 (30%)]	Loss: 0.016394
Train Epoch: 25 [20000/60000 (33%)]	Loss: 0.089144
Train Epoch: 25 [22000/60000 (37%)]	Loss: 0.009636
Train Epoch: 25 [24000/60000 (40%)]	Loss: 0.009643
Train Epoch: 25 [26000/60000 (43%)]	Loss: 0.092833
Train Epoch: 25 [28000/60000 (47%)]	Loss: 0.061235
Train Epoch: 25 [30000/60000 (50%)]	Loss: 0.017217
Train Epoch: 25 [32000/60000 (53%)]	Loss: 0.030619
Train Epoch: 25 [34000/60000 (57%)]	Loss: 0.007612
Train Epoch: 25 [36000/60000 (60%)]	Loss: 0.002768
Train Epoch: 25 [38000/60000 (63%)]	Loss: 0.000000
Train Epoch: 25 [40000/60000 (67%)]	Loss: 0.001613
Train Epoch: 25 [42000/60000 (70%)]	Loss: 0.024044
Train Epoch: 25 [44000/60000 (73%)]	Loss: 0.022518
Train Epoch: 25 [46000/60000 (77%)]	Loss: 0.002703
Train Epoch: 25 [48000/60000 (80%)]	Loss: 0.056140
Train Epoch: 25 [50000/60000 (83%)]	Loss: 0.027292
Train Epoch: 25 [52000/60000 (87%)]	Loss: 0.002989
Train Epoch: 25 [54000/60000 (90%)]	Loss: 0.082647
Train Epoch: 25 [56000/60000 (93%)]	Loss: 0.008858
Train Epoch: 25 [58000/60000 (97%)]	Loss: 0.051312
Train Epoch: 25 [60000/60000 (100%)]	Loss: 0.121115

Average Training loss: 0.0018, Training Error Rate: 4.16% (2496/60000)


Average Test loss: 0.0526, Test Error Rate: 6.00% (600/10000)

Train Epoch: 26 [2000/60000 (3%)]	Loss: 0.070804
Train Epoch: 26 [4000/60000 (7%)]	Loss: 0.000000
Train Epoch: 26 [6000/60000 (10%)]	Loss: 0.000000
Train Epoch: 26 [8000/60000 (13%)]	Loss: 0.003020
Train Epoch: 26 [10000/60000 (17%)]	Loss: 0.078048
Train Epoch: 26 [12000/60000 (20%)]	Loss: 0.024352
Train Epoch: 26 [14000/60000 (23%)]	Loss: 0.021976
Train Epoch: 26 [16000/60000 (27%)]	Loss: 0.120159
Train Epoch: 26 [18000/60000 (30%)]	Loss: 0.020036
Train Epoch: 26 [20000/60000 (33%)]	Loss: 0.100365
Train Epoch: 26 [22000/60000 (37%)]	Loss: 0.016170
Train Epoch: 26 [24000/60000 (40%)]	Loss: 0.040723
Train Epoch: 26 [26000/60000 (43%)]	Loss: 0.000540
Train Epoch: 26 [28000/60000 (47%)]	Loss: 0.046842
Train Epoch: 26 [30000/60000 (50%)]	Loss: 0.023503
Train Epoch: 26 [32000/60000 (53%)]	Loss: 0.000000
Train Epoch: 26 [34000/60000 (57%)]	Loss: 0.020243
Train Epoch: 26 [36000/60000 (60%)]	Loss: 0.065298
Train Epoch: 26 [38000/60000 (63%)]	Loss: 0.047036
Train Epoch: 26 [40000/60000 (67%)]	Loss: 0.033270
Train Epoch: 26 [42000/60000 (70%)]	Loss: 0.051088
Train Epoch: 26 [44000/60000 (73%)]	Loss: 0.024848
Train Epoch: 26 [46000/60000 (77%)]	Loss: 0.023866
Train Epoch: 26 [48000/60000 (80%)]	Loss: 0.044195
Train Epoch: 26 [50000/60000 (83%)]	Loss: 0.002847
Train Epoch: 26 [52000/60000 (87%)]	Loss: 0.033469
Train Epoch: 26 [54000/60000 (90%)]	Loss: 0.000448
Train Epoch: 26 [56000/60000 (93%)]	Loss: 0.050098
Train Epoch: 26 [58000/60000 (97%)]	Loss: 0.027134
Train Epoch: 26 [60000/60000 (100%)]	Loss: 0.042231

Average Training loss: 0.0018, Training Error Rate: 4.14% (2483/60000)


Average Test loss: 0.0438, Test Error Rate: 4.91% (491/10000)

Train Epoch: 27 [2000/60000 (3%)]	Loss: 0.114618
Train Epoch: 27 [4000/60000 (7%)]	Loss: 0.062830
Train Epoch: 27 [6000/60000 (10%)]	Loss: 0.053564
Train Epoch: 27 [8000/60000 (13%)]	Loss: 0.021870
Train Epoch: 27 [10000/60000 (17%)]	Loss: 0.026706
Train Epoch: 27 [12000/60000 (20%)]	Loss: 0.000087
Train Epoch: 27 [14000/60000 (23%)]	Loss: 0.000010
Train Epoch: 27 [16000/60000 (27%)]	Loss: 0.052691
Train Epoch: 27 [18000/60000 (30%)]	Loss: 0.045950
Train Epoch: 27 [20000/60000 (33%)]	Loss: 0.019002
Train Epoch: 27 [22000/60000 (37%)]	Loss: 0.000900
Train Epoch: 27 [24000/60000 (40%)]	Loss: 0.053761
Train Epoch: 27 [26000/60000 (43%)]	Loss: 0.055220
Train Epoch: 27 [28000/60000 (47%)]	Loss: 0.037697
Train Epoch: 27 [30000/60000 (50%)]	Loss: 0.010445
Train Epoch: 27 [32000/60000 (53%)]	Loss: 0.044691
Train Epoch: 27 [34000/60000 (57%)]	Loss: 0.000265
Train Epoch: 27 [36000/60000 (60%)]	Loss: 0.032821
Train Epoch: 27 [38000/60000 (63%)]	Loss: 0.053317
Train Epoch: 27 [40000/60000 (67%)]	Loss: 0.021575
Train Epoch: 27 [42000/60000 (70%)]	Loss: 0.000692
Train Epoch: 27 [44000/60000 (73%)]	Loss: 0.003258
Train Epoch: 27 [46000/60000 (77%)]	Loss: 0.035930
Train Epoch: 27 [48000/60000 (80%)]	Loss: 0.000938
Train Epoch: 27 [50000/60000 (83%)]	Loss: 0.012421
Train Epoch: 27 [52000/60000 (87%)]	Loss: 0.072924
Train Epoch: 27 [54000/60000 (90%)]	Loss: 0.018932
Train Epoch: 27 [56000/60000 (93%)]	Loss: 0.067074
Train Epoch: 27 [58000/60000 (97%)]	Loss: 0.005383
Train Epoch: 27 [60000/60000 (100%)]	Loss: 0.038467

Average Training loss: 0.0018, Training Error Rate: 3.99% (2395/60000)


Average Test loss: 0.0518, Test Error Rate: 5.81% (581/10000)

Train Epoch: 28 [2000/60000 (3%)]	Loss: 0.005030
Train Epoch: 28 [4000/60000 (7%)]	Loss: 0.029540
Train Epoch: 28 [6000/60000 (10%)]	Loss: 0.014512
Train Epoch: 28 [8000/60000 (13%)]	Loss: 0.071704
Train Epoch: 28 [10000/60000 (17%)]	Loss: 0.035431
Train Epoch: 28 [12000/60000 (20%)]	Loss: 0.000529
Train Epoch: 28 [14000/60000 (23%)]	Loss: 0.042501
Train Epoch: 28 [16000/60000 (27%)]	Loss: 0.019809
Train Epoch: 28 [18000/60000 (30%)]	Loss: 0.000553
Train Epoch: 28 [20000/60000 (33%)]	Loss: 0.032722
Train Epoch: 28 [22000/60000 (37%)]	Loss: 0.038218
Train Epoch: 28 [24000/60000 (40%)]	Loss: 0.068333
Train Epoch: 28 [26000/60000 (43%)]	Loss: 0.000016
Train Epoch: 28 [28000/60000 (47%)]	Loss: 0.083927
Train Epoch: 28 [30000/60000 (50%)]	Loss: 0.100967
Train Epoch: 28 [32000/60000 (53%)]	Loss: 0.019600
Train Epoch: 28 [34000/60000 (57%)]	Loss: 0.000000
Train Epoch: 28 [36000/60000 (60%)]	Loss: 0.001518
Train Epoch: 28 [38000/60000 (63%)]	Loss: 0.011591
Train Epoch: 28 [40000/60000 (67%)]	Loss: 0.001269
Train Epoch: 28 [42000/60000 (70%)]	Loss: 0.073861
Train Epoch: 28 [44000/60000 (73%)]	Loss: 0.074321
Train Epoch: 28 [46000/60000 (77%)]	Loss: 0.030902
Train Epoch: 28 [48000/60000 (80%)]	Loss: 0.101085
Train Epoch: 28 [50000/60000 (83%)]	Loss: 0.053134
Train Epoch: 28 [52000/60000 (87%)]	Loss: 0.047542
Train Epoch: 28 [54000/60000 (90%)]	Loss: 0.006839
Train Epoch: 28 [56000/60000 (93%)]	Loss: 0.058530
Train Epoch: 28 [58000/60000 (97%)]	Loss: 0.000000
Train Epoch: 28 [60000/60000 (100%)]	Loss: 0.029070

Average Training loss: 0.0017, Training Error Rate: 3.99% (2396/60000)


Average Test loss: 0.0398, Test Error Rate: 4.56% (456/10000)

Train Epoch: 29 [2000/60000 (3%)]	Loss: 0.011489
Train Epoch: 29 [4000/60000 (7%)]	Loss: 0.012272
Train Epoch: 29 [6000/60000 (10%)]	Loss: 0.000000
Train Epoch: 29 [8000/60000 (13%)]	Loss: 0.002867
Train Epoch: 29 [10000/60000 (17%)]	Loss: 0.042818
Train Epoch: 29 [12000/60000 (20%)]	Loss: 0.051025
Train Epoch: 29 [14000/60000 (23%)]	Loss: 0.022256
Train Epoch: 29 [16000/60000 (27%)]	Loss: 0.000000
Train Epoch: 29 [18000/60000 (30%)]	Loss: 0.112007
Train Epoch: 29 [20000/60000 (33%)]	Loss: 0.000045
Train Epoch: 29 [22000/60000 (37%)]	Loss: 0.044656
Train Epoch: 29 [24000/60000 (40%)]	Loss: 0.006764
Train Epoch: 29 [26000/60000 (43%)]	Loss: 0.096922
Train Epoch: 29 [28000/60000 (47%)]	Loss: 0.005341
Train Epoch: 29 [30000/60000 (50%)]	Loss: 0.000000
Train Epoch: 29 [32000/60000 (53%)]	Loss: 0.006127
Train Epoch: 29 [34000/60000 (57%)]	Loss: 0.031005
Train Epoch: 29 [36000/60000 (60%)]	Loss: 0.042419
Train Epoch: 29 [38000/60000 (63%)]	Loss: 0.009839
Train Epoch: 29 [40000/60000 (67%)]	Loss: 0.049235
Train Epoch: 29 [42000/60000 (70%)]	Loss: 0.016733
Train Epoch: 29 [44000/60000 (73%)]	Loss: 0.009938
Train Epoch: 29 [46000/60000 (77%)]	Loss: 0.029982
Train Epoch: 29 [48000/60000 (80%)]	Loss: 0.049868
Train Epoch: 29 [50000/60000 (83%)]	Loss: 0.031421
Train Epoch: 29 [52000/60000 (87%)]	Loss: 0.154810
Train Epoch: 29 [54000/60000 (90%)]	Loss: 0.000029
Train Epoch: 29 [56000/60000 (93%)]	Loss: 0.004939
Train Epoch: 29 [58000/60000 (97%)]	Loss: 0.061445
Train Epoch: 29 [60000/60000 (100%)]	Loss: 0.007975

Average Training loss: 0.0017, Training Error Rate: 3.97% (2383/60000)


Average Test loss: 0.0397, Test Error Rate: 4.66% (466/10000)

Train Epoch: 30 [2000/60000 (3%)]	Loss: 0.099837
Train Epoch: 30 [4000/60000 (7%)]	Loss: 0.027748
Train Epoch: 30 [6000/60000 (10%)]	Loss: 0.000000
Train Epoch: 30 [8000/60000 (13%)]	Loss: 0.024176
Train Epoch: 30 [10000/60000 (17%)]	Loss: 0.029529
Train Epoch: 30 [12000/60000 (20%)]	Loss: 0.059364
Train Epoch: 30 [14000/60000 (23%)]	Loss: 0.025390
Train Epoch: 30 [16000/60000 (27%)]	Loss: 0.001202
Train Epoch: 30 [18000/60000 (30%)]	Loss: 0.000000
Train Epoch: 30 [20000/60000 (33%)]	Loss: 0.042975
Train Epoch: 30 [22000/60000 (37%)]	Loss: 0.043331
Train Epoch: 30 [24000/60000 (40%)]	Loss: 0.043752
Train Epoch: 30 [26000/60000 (43%)]	Loss: 0.033651
Train Epoch: 30 [28000/60000 (47%)]	Loss: 0.041773
Train Epoch: 30 [30000/60000 (50%)]	Loss: 0.056130
Train Epoch: 30 [32000/60000 (53%)]	Loss: 0.000091
Train Epoch: 30 [34000/60000 (57%)]	Loss: 0.050255
Train Epoch: 30 [36000/60000 (60%)]	Loss: 0.000012
Train Epoch: 30 [38000/60000 (63%)]	Loss: 0.049928
Train Epoch: 30 [40000/60000 (67%)]	Loss: 0.000337
Train Epoch: 30 [42000/60000 (70%)]	Loss: 0.006460
Train Epoch: 30 [44000/60000 (73%)]	Loss: 0.053202
Train Epoch: 30 [46000/60000 (77%)]	Loss: 0.018115
Train Epoch: 30 [48000/60000 (80%)]	Loss: 0.002340
Train Epoch: 30 [50000/60000 (83%)]	Loss: 0.010483
Train Epoch: 30 [52000/60000 (87%)]	Loss: 0.000517
Train Epoch: 30 [54000/60000 (90%)]	Loss: 0.002697
Train Epoch: 30 [56000/60000 (93%)]	Loss: 0.000000
Train Epoch: 30 [58000/60000 (97%)]	Loss: 0.000784
Train Epoch: 30 [60000/60000 (100%)]	Loss: 0.014046

Average Training loss: 0.0017, Training Error Rate: 3.89% (2332/60000)


Average Test loss: 0.0669, Test Error Rate: 7.57% (757/10000)

