/vast/home/ajherman/miniconda3/envs/pytorch/lib/python3.11/site-packages/torchvision/io/image.py:13: UserWarning: Failed to load image Python extension: '/vast/home/ajherman/miniconda3/envs/pytorch/lib/python3.11/site-packages/torchvision/image.so: undefined symbol: _ZN5torch3jit17parseSchemaOrNameERKNSt7__cxx1112basic_stringIcSt11char_traitsIcESaIcEEE'If you don't plan on using image functionality from `torchvision.io`, you can ignore this warning. Otherwise, there might be something wrong with your environment. Did you have `libjpeg` or `libpng` installed before building `torchvision` from source?
  warn(
Train Epoch: 1 [2000/60000 (3%)]	Loss: 0.407905
Train Epoch: 1 [4000/60000 (7%)]	Loss: 0.370859
Train Epoch: 1 [6000/60000 (10%)]	Loss: 0.310992
Train Epoch: 1 [8000/60000 (13%)]	Loss: 0.271662
Train Epoch: 1 [10000/60000 (17%)]	Loss: 0.234924
Train Epoch: 1 [12000/60000 (20%)]	Loss: 0.233500
Train Epoch: 1 [14000/60000 (23%)]	Loss: 0.227557
Train Epoch: 1 [16000/60000 (27%)]	Loss: 0.259434
Train Epoch: 1 [18000/60000 (30%)]	Loss: 0.159199
Train Epoch: 1 [20000/60000 (33%)]	Loss: 0.213268
Train Epoch: 1 [22000/60000 (37%)]	Loss: 0.198971
Train Epoch: 1 [24000/60000 (40%)]	Loss: 0.147303
Train Epoch: 1 [26000/60000 (43%)]	Loss: 0.229877
Train Epoch: 1 [28000/60000 (47%)]	Loss: 0.178593
Train Epoch: 1 [30000/60000 (50%)]	Loss: 0.121727
Train Epoch: 1 [32000/60000 (53%)]	Loss: 0.216049
Train Epoch: 1 [34000/60000 (57%)]	Loss: 0.121095
Train Epoch: 1 [36000/60000 (60%)]	Loss: 0.186551
Train Epoch: 1 [38000/60000 (63%)]	Loss: 0.123568
Train Epoch: 1 [40000/60000 (67%)]	Loss: 0.099410
Train Epoch: 1 [42000/60000 (70%)]	Loss: 0.157773
Train Epoch: 1 [44000/60000 (73%)]	Loss: 0.169034
Train Epoch: 1 [46000/60000 (77%)]	Loss: 0.138734
Train Epoch: 1 [48000/60000 (80%)]	Loss: 0.205537
Train Epoch: 1 [50000/60000 (83%)]	Loss: 0.116730
Train Epoch: 1 [52000/60000 (87%)]	Loss: 0.156627
Train Epoch: 1 [54000/60000 (90%)]	Loss: 0.152084
Train Epoch: 1 [56000/60000 (93%)]	Loss: 0.196847
Train Epoch: 1 [58000/60000 (97%)]	Loss: 0.080468
Train Epoch: 1 [60000/60000 (100%)]	Loss: 0.091288

Average Training loss: 0.0094, Training Error Rate: 19.06% (11436/60000)


Average Test loss: 0.1111, Test Error Rate: 10.92% (1092/10000)

Train Epoch: 2 [2000/60000 (3%)]	Loss: 0.090899
Train Epoch: 2 [4000/60000 (7%)]	Loss: 0.117294
Train Epoch: 2 [6000/60000 (10%)]	Loss: 0.066784
Train Epoch: 2 [8000/60000 (13%)]	Loss: 0.092530
Train Epoch: 2 [10000/60000 (17%)]	Loss: 0.097057
Train Epoch: 2 [12000/60000 (20%)]	Loss: 0.080086
Train Epoch: 2 [14000/60000 (23%)]	Loss: 0.083743
Train Epoch: 2 [16000/60000 (27%)]	Loss: 0.203585
Train Epoch: 2 [18000/60000 (30%)]	Loss: 0.117809
Train Epoch: 2 [20000/60000 (33%)]	Loss: 0.087040
Train Epoch: 2 [22000/60000 (37%)]	Loss: 0.062391
Train Epoch: 2 [24000/60000 (40%)]	Loss: 0.116214
Train Epoch: 2 [26000/60000 (43%)]	Loss: 0.053221
Train Epoch: 2 [28000/60000 (47%)]	Loss: 0.133710
Train Epoch: 2 [30000/60000 (50%)]	Loss: 0.080120
Train Epoch: 2 [32000/60000 (53%)]	Loss: 0.128161
Train Epoch: 2 [34000/60000 (57%)]	Loss: 0.062861
Train Epoch: 2 [36000/60000 (60%)]	Loss: 0.040885
Train Epoch: 2 [38000/60000 (63%)]	Loss: 0.082395
Train Epoch: 2 [40000/60000 (67%)]	Loss: 0.260416
Train Epoch: 2 [42000/60000 (70%)]	Loss: 0.065362
Train Epoch: 2 [44000/60000 (73%)]	Loss: 0.036303
Train Epoch: 2 [46000/60000 (77%)]	Loss: 0.066679
Train Epoch: 2 [48000/60000 (80%)]	Loss: 0.085948
Train Epoch: 2 [50000/60000 (83%)]	Loss: 0.052405
Train Epoch: 2 [52000/60000 (87%)]	Loss: 0.038167
Train Epoch: 2 [54000/60000 (90%)]	Loss: 0.024123
Train Epoch: 2 [56000/60000 (93%)]	Loss: 0.045789
Train Epoch: 2 [58000/60000 (97%)]	Loss: 0.125190
Train Epoch: 2 [60000/60000 (100%)]	Loss: 0.077230

Average Training loss: 0.0051, Training Error Rate: 10.32% (6190/60000)


Average Test loss: 0.0866, Test Error Rate: 8.85% (885/10000)

Train Epoch: 3 [2000/60000 (3%)]	Loss: 0.033403
Train Epoch: 3 [4000/60000 (7%)]	Loss: 0.179487
Train Epoch: 3 [6000/60000 (10%)]	Loss: 0.144700
Train Epoch: 3 [8000/60000 (13%)]	Loss: 0.137613
Train Epoch: 3 [10000/60000 (17%)]	Loss: 0.063364
Train Epoch: 3 [12000/60000 (20%)]	Loss: 0.036549
Train Epoch: 3 [14000/60000 (23%)]	Loss: 0.046616
Train Epoch: 3 [16000/60000 (27%)]	Loss: 0.100440
Train Epoch: 3 [18000/60000 (30%)]	Loss: 0.122830
Train Epoch: 3 [20000/60000 (33%)]	Loss: 0.060385
Train Epoch: 3 [22000/60000 (37%)]	Loss: 0.038231
Train Epoch: 3 [24000/60000 (40%)]	Loss: 0.071351
Train Epoch: 3 [26000/60000 (43%)]	Loss: 0.088812
Train Epoch: 3 [28000/60000 (47%)]	Loss: 0.138678
Train Epoch: 3 [30000/60000 (50%)]	Loss: 0.057450
Train Epoch: 3 [32000/60000 (53%)]	Loss: 0.063985
Train Epoch: 3 [34000/60000 (57%)]	Loss: 0.024823
Train Epoch: 3 [36000/60000 (60%)]	Loss: 0.057968
Train Epoch: 3 [38000/60000 (63%)]	Loss: 0.094796
Train Epoch: 3 [40000/60000 (67%)]	Loss: 0.114980
Train Epoch: 3 [42000/60000 (70%)]	Loss: 0.067164
Train Epoch: 3 [44000/60000 (73%)]	Loss: 0.042611
Train Epoch: 3 [46000/60000 (77%)]	Loss: 0.071477
Train Epoch: 3 [48000/60000 (80%)]	Loss: 0.046673
Train Epoch: 3 [50000/60000 (83%)]	Loss: 0.055393
Train Epoch: 3 [52000/60000 (87%)]	Loss: 0.087883
Train Epoch: 3 [54000/60000 (90%)]	Loss: 0.073704
Train Epoch: 3 [56000/60000 (93%)]	Loss: 0.112663
Train Epoch: 3 [58000/60000 (97%)]	Loss: 0.058740
Train Epoch: 3 [60000/60000 (100%)]	Loss: 0.037576

Average Training loss: 0.0041, Training Error Rate: 8.78% (5267/60000)


Average Test loss: 0.0738, Test Error Rate: 8.08% (808/10000)

Train Epoch: 4 [2000/60000 (3%)]	Loss: 0.066291
Train Epoch: 4 [4000/60000 (7%)]	Loss: 0.059761
Train Epoch: 4 [6000/60000 (10%)]	Loss: 0.071776
Train Epoch: 4 [8000/60000 (13%)]	Loss: 0.050744
Train Epoch: 4 [10000/60000 (17%)]	Loss: 0.058258
Train Epoch: 4 [12000/60000 (20%)]	Loss: 0.058030
Train Epoch: 4 [14000/60000 (23%)]	Loss: 0.070314
Train Epoch: 4 [16000/60000 (27%)]	Loss: 0.051721
Train Epoch: 4 [18000/60000 (30%)]	Loss: 0.048288
Train Epoch: 4 [20000/60000 (33%)]	Loss: 0.043822
Train Epoch: 4 [22000/60000 (37%)]	Loss: 0.074001
Train Epoch: 4 [24000/60000 (40%)]	Loss: 0.153820
Train Epoch: 4 [26000/60000 (43%)]	Loss: 0.107463
Train Epoch: 4 [28000/60000 (47%)]	Loss: 0.047318
Train Epoch: 4 [30000/60000 (50%)]	Loss: 0.077511
Train Epoch: 4 [32000/60000 (53%)]	Loss: 0.083074
Train Epoch: 4 [34000/60000 (57%)]	Loss: 0.080958
Train Epoch: 4 [36000/60000 (60%)]	Loss: 0.053385
Train Epoch: 4 [38000/60000 (63%)]	Loss: 0.020071
Train Epoch: 4 [40000/60000 (67%)]	Loss: 0.066253
Train Epoch: 4 [42000/60000 (70%)]	Loss: 0.069877
Train Epoch: 4 [44000/60000 (73%)]	Loss: 0.107082
Train Epoch: 4 [46000/60000 (77%)]	Loss: 0.090109
Train Epoch: 4 [48000/60000 (80%)]	Loss: 0.031052
Train Epoch: 4 [50000/60000 (83%)]	Loss: 0.056727
Train Epoch: 4 [52000/60000 (87%)]	Loss: 0.066186
Train Epoch: 4 [54000/60000 (90%)]	Loss: 0.059271
Train Epoch: 4 [56000/60000 (93%)]	Loss: 0.051971
Train Epoch: 4 [58000/60000 (97%)]	Loss: 0.056254
Train Epoch: 4 [60000/60000 (100%)]	Loss: 0.027747

Average Training loss: 0.0036, Training Error Rate: 7.66% (4596/60000)


Average Test loss: 0.0645, Test Error Rate: 7.21% (721/10000)

Train Epoch: 5 [2000/60000 (3%)]	Loss: 0.021100
Train Epoch: 5 [4000/60000 (7%)]	Loss: 0.033464
Train Epoch: 5 [6000/60000 (10%)]	Loss: 0.113381
Train Epoch: 5 [8000/60000 (13%)]	Loss: 0.069773
Train Epoch: 5 [10000/60000 (17%)]	Loss: 0.087644
Train Epoch: 5 [12000/60000 (20%)]	Loss: 0.047874
Train Epoch: 5 [14000/60000 (23%)]	Loss: 0.056422
Train Epoch: 5 [16000/60000 (27%)]	Loss: 0.052352
Train Epoch: 5 [18000/60000 (30%)]	Loss: 0.026164
Train Epoch: 5 [20000/60000 (33%)]	Loss: 0.067900
Train Epoch: 5 [22000/60000 (37%)]	Loss: 0.083099
Train Epoch: 5 [24000/60000 (40%)]	Loss: 0.060827
Train Epoch: 5 [26000/60000 (43%)]	Loss: 0.068299
Train Epoch: 5 [28000/60000 (47%)]	Loss: 0.084648
Train Epoch: 5 [30000/60000 (50%)]	Loss: 0.108893
Train Epoch: 5 [32000/60000 (53%)]	Loss: 0.059812
Train Epoch: 5 [34000/60000 (57%)]	Loss: 0.045103
Train Epoch: 5 [36000/60000 (60%)]	Loss: 0.074873
Train Epoch: 5 [38000/60000 (63%)]	Loss: 0.040219
Train Epoch: 5 [40000/60000 (67%)]	Loss: 0.085116
Train Epoch: 5 [42000/60000 (70%)]	Loss: 0.024927
Train Epoch: 5 [44000/60000 (73%)]	Loss: 0.035221
Train Epoch: 5 [46000/60000 (77%)]	Loss: 0.026412
Train Epoch: 5 [48000/60000 (80%)]	Loss: 0.008500
Train Epoch: 5 [50000/60000 (83%)]	Loss: 0.040118
Train Epoch: 5 [52000/60000 (87%)]	Loss: 0.127654
Train Epoch: 5 [54000/60000 (90%)]	Loss: 0.082321
Train Epoch: 5 [56000/60000 (93%)]	Loss: 0.088009
Train Epoch: 5 [58000/60000 (97%)]	Loss: 0.065386
Train Epoch: 5 [60000/60000 (100%)]	Loss: 0.002698

Average Training loss: 0.0031, Training Error Rate: 6.90% (4141/60000)


Average Test loss: 0.0588, Test Error Rate: 6.74% (674/10000)

Train Epoch: 6 [2000/60000 (3%)]	Loss: 0.147784
Train Epoch: 6 [4000/60000 (7%)]	Loss: 0.052050
Train Epoch: 6 [6000/60000 (10%)]	Loss: 0.175967
Train Epoch: 6 [8000/60000 (13%)]	Loss: 0.045633
Train Epoch: 6 [10000/60000 (17%)]	Loss: 0.125146
Train Epoch: 6 [12000/60000 (20%)]	Loss: 0.039545
Train Epoch: 6 [14000/60000 (23%)]	Loss: 0.038231
Train Epoch: 6 [16000/60000 (27%)]	Loss: 0.072433
Train Epoch: 6 [18000/60000 (30%)]	Loss: 0.046262
Train Epoch: 6 [20000/60000 (33%)]	Loss: 0.051758
Train Epoch: 6 [22000/60000 (37%)]	Loss: 0.077016
Train Epoch: 6 [24000/60000 (40%)]	Loss: 0.041070
Train Epoch: 6 [26000/60000 (43%)]	Loss: 0.146450
Train Epoch: 6 [28000/60000 (47%)]	Loss: 0.007110
Train Epoch: 6 [30000/60000 (50%)]	Loss: 0.025181
Train Epoch: 6 [32000/60000 (53%)]	Loss: 0.050011
Train Epoch: 6 [34000/60000 (57%)]	Loss: 0.153525
Train Epoch: 6 [36000/60000 (60%)]	Loss: 0.113274
Train Epoch: 6 [38000/60000 (63%)]	Loss: 0.064853
Train Epoch: 6 [40000/60000 (67%)]	Loss: 0.059959
Train Epoch: 6 [42000/60000 (70%)]	Loss: 0.025071
Train Epoch: 6 [44000/60000 (73%)]	Loss: 0.025112
Train Epoch: 6 [46000/60000 (77%)]	Loss: 0.035872
Train Epoch: 6 [48000/60000 (80%)]	Loss: 0.060491
Train Epoch: 6 [50000/60000 (83%)]	Loss: 0.004702
Train Epoch: 6 [52000/60000 (87%)]	Loss: 0.035682
Train Epoch: 6 [54000/60000 (90%)]	Loss: 0.034159
Train Epoch: 6 [56000/60000 (93%)]	Loss: 0.046567
Train Epoch: 6 [58000/60000 (97%)]	Loss: 0.046568
Train Epoch: 6 [60000/60000 (100%)]	Loss: 0.067306

Average Training loss: 0.0028, Training Error Rate: 6.28% (3767/60000)


Average Test loss: 0.0555, Test Error Rate: 6.35% (635/10000)

Train Epoch: 7 [2000/60000 (3%)]	Loss: 0.043312
Train Epoch: 7 [4000/60000 (7%)]	Loss: 0.032332
Train Epoch: 7 [6000/60000 (10%)]	Loss: 0.022623
Train Epoch: 7 [8000/60000 (13%)]	Loss: 0.065791
Train Epoch: 7 [10000/60000 (17%)]	Loss: 0.181836
Train Epoch: 7 [12000/60000 (20%)]	Loss: 0.009037
Train Epoch: 7 [14000/60000 (23%)]	Loss: 0.068340
Train Epoch: 7 [16000/60000 (27%)]	Loss: 0.007885
Train Epoch: 7 [18000/60000 (30%)]	Loss: 0.037074
Train Epoch: 7 [20000/60000 (33%)]	Loss: 0.141833
Train Epoch: 7 [22000/60000 (37%)]	Loss: 0.082766
Train Epoch: 7 [24000/60000 (40%)]	Loss: 0.090783
Train Epoch: 7 [26000/60000 (43%)]	Loss: 0.039582
Train Epoch: 7 [28000/60000 (47%)]	Loss: 0.028191
Train Epoch: 7 [30000/60000 (50%)]	Loss: 0.024389
Train Epoch: 7 [32000/60000 (53%)]	Loss: 0.097844
Train Epoch: 7 [34000/60000 (57%)]	Loss: 0.097292
Train Epoch: 7 [36000/60000 (60%)]	Loss: 0.039784
Train Epoch: 7 [38000/60000 (63%)]	Loss: 0.088550
Train Epoch: 7 [40000/60000 (67%)]	Loss: 0.051468
Train Epoch: 7 [42000/60000 (70%)]	Loss: 0.010446
Train Epoch: 7 [44000/60000 (73%)]	Loss: 0.053565
Train Epoch: 7 [46000/60000 (77%)]	Loss: 0.042547
Train Epoch: 7 [48000/60000 (80%)]	Loss: 0.023838
Train Epoch: 7 [50000/60000 (83%)]	Loss: 0.030469
Train Epoch: 7 [52000/60000 (87%)]	Loss: 0.028083
Train Epoch: 7 [54000/60000 (90%)]	Loss: 0.110949
Train Epoch: 7 [56000/60000 (93%)]	Loss: 0.010346
Train Epoch: 7 [58000/60000 (97%)]	Loss: 0.110389
Train Epoch: 7 [60000/60000 (100%)]	Loss: 0.000589

Average Training loss: 0.0026, Training Error Rate: 5.98% (3586/60000)


Average Test loss: 0.0501, Test Error Rate: 5.77% (577/10000)

Train Epoch: 8 [2000/60000 (3%)]	Loss: 0.032578
Train Epoch: 8 [4000/60000 (7%)]	Loss: 0.026502
Train Epoch: 8 [6000/60000 (10%)]	Loss: 0.028357
Train Epoch: 8 [8000/60000 (13%)]	Loss: 0.005836
Train Epoch: 8 [10000/60000 (17%)]	Loss: 0.047936
Train Epoch: 8 [12000/60000 (20%)]	Loss: 0.047029
Train Epoch: 8 [14000/60000 (23%)]	Loss: 0.009046
Train Epoch: 8 [16000/60000 (27%)]	Loss: 0.073008
Train Epoch: 8 [18000/60000 (30%)]	Loss: 0.071038
Train Epoch: 8 [20000/60000 (33%)]	Loss: 0.153595
Train Epoch: 8 [22000/60000 (37%)]	Loss: 0.075445
Train Epoch: 8 [24000/60000 (40%)]	Loss: 0.019509
Train Epoch: 8 [26000/60000 (43%)]	Loss: 0.029123
Train Epoch: 8 [28000/60000 (47%)]	Loss: 0.009498
Train Epoch: 8 [30000/60000 (50%)]	Loss: 0.011966
Train Epoch: 8 [32000/60000 (53%)]	Loss: 0.040558
Train Epoch: 8 [34000/60000 (57%)]	Loss: 0.008860
Train Epoch: 8 [36000/60000 (60%)]	Loss: 0.102212
Train Epoch: 8 [38000/60000 (63%)]	Loss: 0.015619
Train Epoch: 8 [40000/60000 (67%)]	Loss: 0.079271
Train Epoch: 8 [42000/60000 (70%)]	Loss: 0.049880
Train Epoch: 8 [44000/60000 (73%)]	Loss: 0.006019
Train Epoch: 8 [46000/60000 (77%)]	Loss: 0.031562
Train Epoch: 8 [48000/60000 (80%)]	Loss: 0.021443
Train Epoch: 8 [50000/60000 (83%)]	Loss: 0.064406
Train Epoch: 8 [52000/60000 (87%)]	Loss: 0.000694
Train Epoch: 8 [54000/60000 (90%)]	Loss: 0.029490
Train Epoch: 8 [56000/60000 (93%)]	Loss: 0.026533
Train Epoch: 8 [58000/60000 (97%)]	Loss: 0.011310
Train Epoch: 8 [60000/60000 (100%)]	Loss: 0.052968

Average Training loss: 0.0024, Training Error Rate: 5.52% (3313/60000)


Average Test loss: 0.0485, Test Error Rate: 5.61% (561/10000)

Train Epoch: 9 [2000/60000 (3%)]	Loss: 0.033986
Train Epoch: 9 [4000/60000 (7%)]	Loss: 0.001358
Train Epoch: 9 [6000/60000 (10%)]	Loss: 0.050791
Train Epoch: 9 [8000/60000 (13%)]	Loss: 0.054136
Train Epoch: 9 [10000/60000 (17%)]	Loss: 0.003919
Train Epoch: 9 [12000/60000 (20%)]	Loss: 0.046888
Train Epoch: 9 [14000/60000 (23%)]	Loss: 0.045988
Train Epoch: 9 [16000/60000 (27%)]	Loss: 0.005905
Train Epoch: 9 [18000/60000 (30%)]	Loss: 0.043520
Train Epoch: 9 [20000/60000 (33%)]	Loss: 0.045860
Train Epoch: 9 [22000/60000 (37%)]	Loss: 0.035647
Train Epoch: 9 [24000/60000 (40%)]	Loss: 0.018830
Train Epoch: 9 [26000/60000 (43%)]	Loss: 0.039737
Train Epoch: 9 [28000/60000 (47%)]	Loss: 0.023636
Train Epoch: 9 [30000/60000 (50%)]	Loss: 0.079428
Train Epoch: 9 [32000/60000 (53%)]	Loss: 0.041978
Train Epoch: 9 [34000/60000 (57%)]	Loss: 0.026901
Train Epoch: 9 [36000/60000 (60%)]	Loss: 0.146720
Train Epoch: 9 [38000/60000 (63%)]	Loss: 0.061515
Train Epoch: 9 [40000/60000 (67%)]	Loss: 0.000579
Train Epoch: 9 [42000/60000 (70%)]	Loss: 0.016119
Train Epoch: 9 [44000/60000 (73%)]	Loss: 0.059639
Train Epoch: 9 [46000/60000 (77%)]	Loss: 0.047732
Train Epoch: 9 [48000/60000 (80%)]	Loss: 0.037534
Train Epoch: 9 [50000/60000 (83%)]	Loss: 0.007914
Train Epoch: 9 [52000/60000 (87%)]	Loss: 0.092055
Train Epoch: 9 [54000/60000 (90%)]	Loss: 0.055841
Train Epoch: 9 [56000/60000 (93%)]	Loss: 0.019767
Train Epoch: 9 [58000/60000 (97%)]	Loss: 0.025576
Train Epoch: 9 [60000/60000 (100%)]	Loss: 0.048241

Average Training loss: 0.0023, Training Error Rate: 5.33% (3195/60000)


Average Test loss: 0.0476, Test Error Rate: 5.61% (561/10000)

Train Epoch: 10 [2000/60000 (3%)]	Loss: 0.047781
Train Epoch: 10 [4000/60000 (7%)]	Loss: 0.056325
Train Epoch: 10 [6000/60000 (10%)]	Loss: 0.049007
Train Epoch: 10 [8000/60000 (13%)]	Loss: 0.013232
Train Epoch: 10 [10000/60000 (17%)]	Loss: 0.048543
Train Epoch: 10 [12000/60000 (20%)]	Loss: 0.018324
Train Epoch: 10 [14000/60000 (23%)]	Loss: 0.006779
Train Epoch: 10 [16000/60000 (27%)]	Loss: 0.050231
Train Epoch: 10 [18000/60000 (30%)]	Loss: 0.012876
Train Epoch: 10 [20000/60000 (33%)]	Loss: 0.006423
Train Epoch: 10 [22000/60000 (37%)]	Loss: 0.063542
Train Epoch: 10 [24000/60000 (40%)]	Loss: 0.012864
Train Epoch: 10 [26000/60000 (43%)]	Loss: 0.089751
Train Epoch: 10 [28000/60000 (47%)]	Loss: 0.031236
Train Epoch: 10 [30000/60000 (50%)]	Loss: 0.065239
Train Epoch: 10 [32000/60000 (53%)]	Loss: 0.047423
Train Epoch: 10 [34000/60000 (57%)]	Loss: 0.004810
Train Epoch: 10 [36000/60000 (60%)]	Loss: 0.104086
Train Epoch: 10 [38000/60000 (63%)]	Loss: 0.029157
Train Epoch: 10 [40000/60000 (67%)]	Loss: 0.038475
Train Epoch: 10 [42000/60000 (70%)]	Loss: 0.079843
Train Epoch: 10 [44000/60000 (73%)]	Loss: 0.062998
Train Epoch: 10 [46000/60000 (77%)]	Loss: 0.073350
Train Epoch: 10 [48000/60000 (80%)]	Loss: 0.005176
Train Epoch: 10 [50000/60000 (83%)]	Loss: 0.083023
Train Epoch: 10 [52000/60000 (87%)]	Loss: 0.033883
Train Epoch: 10 [54000/60000 (90%)]	Loss: 0.034616
Train Epoch: 10 [56000/60000 (93%)]	Loss: 0.021842
Train Epoch: 10 [58000/60000 (97%)]	Loss: 0.063553
Train Epoch: 10 [60000/60000 (100%)]	Loss: 0.084294

Average Training loss: 0.0022, Training Error Rate: 5.11% (3066/60000)


Average Test loss: 0.0452, Test Error Rate: 5.24% (524/10000)

Train Epoch: 11 [2000/60000 (3%)]	Loss: 0.002413
Train Epoch: 11 [4000/60000 (7%)]	Loss: 0.014672
Train Epoch: 11 [6000/60000 (10%)]	Loss: 0.036190
Train Epoch: 11 [8000/60000 (13%)]	Loss: 0.036338
Train Epoch: 11 [10000/60000 (17%)]	Loss: 0.034719
Train Epoch: 11 [12000/60000 (20%)]	Loss: 0.043103
Train Epoch: 11 [14000/60000 (23%)]	Loss: 0.017202
Train Epoch: 11 [16000/60000 (27%)]	Loss: 0.029823
Train Epoch: 11 [18000/60000 (30%)]	Loss: 0.025632
Train Epoch: 11 [20000/60000 (33%)]	Loss: 0.093206
Train Epoch: 11 [22000/60000 (37%)]	Loss: 0.001834
Train Epoch: 11 [24000/60000 (40%)]	Loss: 0.057116
Train Epoch: 11 [26000/60000 (43%)]	Loss: 0.094221
Train Epoch: 11 [28000/60000 (47%)]	Loss: 0.011144
Train Epoch: 11 [30000/60000 (50%)]	Loss: 0.047507
Train Epoch: 11 [32000/60000 (53%)]	Loss: 0.063989
Train Epoch: 11 [34000/60000 (57%)]	Loss: 0.047028
Train Epoch: 11 [36000/60000 (60%)]	Loss: 0.023783
Train Epoch: 11 [38000/60000 (63%)]	Loss: 0.079393
Train Epoch: 11 [40000/60000 (67%)]	Loss: 0.109676
Train Epoch: 11 [42000/60000 (70%)]	Loss: 0.058557
Train Epoch: 11 [44000/60000 (73%)]	Loss: 0.114582
Train Epoch: 11 [46000/60000 (77%)]	Loss: 0.018035
Train Epoch: 11 [48000/60000 (80%)]	Loss: 0.007819
Train Epoch: 11 [50000/60000 (83%)]	Loss: 0.020342
Train Epoch: 11 [52000/60000 (87%)]	Loss: 0.084688
Train Epoch: 11 [54000/60000 (90%)]	Loss: 0.050365
Train Epoch: 11 [56000/60000 (93%)]	Loss: 0.042798
Train Epoch: 11 [58000/60000 (97%)]	Loss: 0.047801
Train Epoch: 11 [60000/60000 (100%)]	Loss: 0.008788

Average Training loss: 0.0021, Training Error Rate: 4.87% (2919/60000)


Average Test loss: 0.0561, Test Error Rate: 6.68% (668/10000)

Train Epoch: 12 [2000/60000 (3%)]	Loss: 0.001456
Train Epoch: 12 [4000/60000 (7%)]	Loss: 0.001741
Train Epoch: 12 [6000/60000 (10%)]	Loss: 0.028108
Train Epoch: 12 [8000/60000 (13%)]	Loss: 0.066036
Train Epoch: 12 [10000/60000 (17%)]	Loss: 0.074709
Train Epoch: 12 [12000/60000 (20%)]	Loss: 0.009730
Train Epoch: 12 [14000/60000 (23%)]	Loss: 0.032506
Train Epoch: 12 [16000/60000 (27%)]	Loss: 0.001173
Train Epoch: 12 [18000/60000 (30%)]	Loss: 0.001550
Train Epoch: 12 [20000/60000 (33%)]	Loss: 0.023473
Train Epoch: 12 [22000/60000 (37%)]	Loss: 0.058681
Train Epoch: 12 [24000/60000 (40%)]	Loss: 0.071175
Train Epoch: 12 [26000/60000 (43%)]	Loss: 0.063825
Train Epoch: 12 [28000/60000 (47%)]	Loss: 0.044851
Train Epoch: 12 [30000/60000 (50%)]	Loss: 0.009212
Train Epoch: 12 [32000/60000 (53%)]	Loss: 0.002429
Train Epoch: 12 [34000/60000 (57%)]	Loss: 0.051524
Train Epoch: 12 [36000/60000 (60%)]	Loss: 0.047846
Train Epoch: 12 [38000/60000 (63%)]	Loss: 0.005053
Train Epoch: 12 [40000/60000 (67%)]	Loss: 0.007859
Train Epoch: 12 [42000/60000 (70%)]	Loss: 0.080480
Train Epoch: 12 [44000/60000 (73%)]	Loss: 0.074170
Train Epoch: 12 [46000/60000 (77%)]	Loss: 0.033756
Train Epoch: 12 [48000/60000 (80%)]	Loss: 0.007362
Train Epoch: 12 [50000/60000 (83%)]	Loss: 0.077818
Train Epoch: 12 [52000/60000 (87%)]	Loss: 0.017338
Train Epoch: 12 [54000/60000 (90%)]	Loss: 0.079528
Train Epoch: 12 [56000/60000 (93%)]	Loss: 0.001384
Train Epoch: 12 [58000/60000 (97%)]	Loss: 0.018684
Train Epoch: 12 [60000/60000 (100%)]	Loss: 0.092996

Average Training loss: 0.0021, Training Error Rate: 4.77% (2862/60000)


Average Test loss: 0.0435, Test Error Rate: 5.10% (510/10000)

Train Epoch: 13 [2000/60000 (3%)]	Loss: 0.036329
Train Epoch: 13 [4000/60000 (7%)]	Loss: 0.028815
Train Epoch: 13 [6000/60000 (10%)]	Loss: 0.101994
Train Epoch: 13 [8000/60000 (13%)]	Loss: 0.103717
Train Epoch: 13 [10000/60000 (17%)]	Loss: 0.009179
Train Epoch: 13 [12000/60000 (20%)]	Loss: 0.000417
Train Epoch: 13 [14000/60000 (23%)]	Loss: 0.022917
Train Epoch: 13 [16000/60000 (27%)]	Loss: 0.000000
Train Epoch: 13 [18000/60000 (30%)]	Loss: 0.005097
Train Epoch: 13 [20000/60000 (33%)]	Loss: 0.142631
Train Epoch: 13 [22000/60000 (37%)]	Loss: 0.053603
Train Epoch: 13 [24000/60000 (40%)]	Loss: 0.012436
Train Epoch: 13 [26000/60000 (43%)]	Loss: 0.027496
Train Epoch: 13 [28000/60000 (47%)]	Loss: 0.002122
Train Epoch: 13 [30000/60000 (50%)]	Loss: 0.000842
Train Epoch: 13 [32000/60000 (53%)]	Loss: 0.007544
Train Epoch: 13 [34000/60000 (57%)]	Loss: 0.007003
Train Epoch: 13 [36000/60000 (60%)]	Loss: 0.136467
Train Epoch: 13 [38000/60000 (63%)]	Loss: 0.103257
Train Epoch: 13 [40000/60000 (67%)]	Loss: 0.004614
Train Epoch: 13 [42000/60000 (70%)]	Loss: 0.047359
Train Epoch: 13 [44000/60000 (73%)]	Loss: 0.042223
Train Epoch: 13 [46000/60000 (77%)]	Loss: 0.001086
Train Epoch: 13 [48000/60000 (80%)]	Loss: 0.001437
Train Epoch: 13 [50000/60000 (83%)]	Loss: 0.004812
Train Epoch: 13 [52000/60000 (87%)]	Loss: 0.012945
Train Epoch: 13 [54000/60000 (90%)]	Loss: 0.077421
Train Epoch: 13 [56000/60000 (93%)]	Loss: 0.075472
Train Epoch: 13 [58000/60000 (97%)]	Loss: 0.043781
Train Epoch: 13 [60000/60000 (100%)]	Loss: 0.023791

Average Training loss: 0.0020, Training Error Rate: 4.58% (2750/60000)


Average Test loss: 0.0434, Test Error Rate: 5.20% (520/10000)

Train Epoch: 14 [2000/60000 (3%)]	Loss: 0.098216
Train Epoch: 14 [4000/60000 (7%)]	Loss: 0.000072
Train Epoch: 14 [6000/60000 (10%)]	Loss: 0.059672
Train Epoch: 14 [8000/60000 (13%)]	Loss: 0.036811
Train Epoch: 14 [10000/60000 (17%)]	Loss: 0.063969
Train Epoch: 14 [12000/60000 (20%)]	Loss: 0.038359
Train Epoch: 14 [14000/60000 (23%)]	Loss: 0.001440
Train Epoch: 14 [16000/60000 (27%)]	Loss: 0.004575
Train Epoch: 14 [18000/60000 (30%)]	Loss: 0.065791
Train Epoch: 14 [20000/60000 (33%)]	Loss: 0.046000
Train Epoch: 14 [22000/60000 (37%)]	Loss: 0.000794
Train Epoch: 14 [24000/60000 (40%)]	Loss: 0.030129
Train Epoch: 14 [26000/60000 (43%)]	Loss: 0.088176
Train Epoch: 14 [28000/60000 (47%)]	Loss: 0.034293
Train Epoch: 14 [30000/60000 (50%)]	Loss: 0.070197
Train Epoch: 14 [32000/60000 (53%)]	Loss: 0.011976
Train Epoch: 14 [34000/60000 (57%)]	Loss: 0.043455
Train Epoch: 14 [36000/60000 (60%)]	Loss: 0.070013
Train Epoch: 14 [38000/60000 (63%)]	Loss: 0.006270
Train Epoch: 14 [40000/60000 (67%)]	Loss: 0.082916
Train Epoch: 14 [42000/60000 (70%)]	Loss: 0.007386
Train Epoch: 14 [44000/60000 (73%)]	Loss: 0.016168
Train Epoch: 14 [46000/60000 (77%)]	Loss: 0.046489
Train Epoch: 14 [48000/60000 (80%)]	Loss: 0.001637
Train Epoch: 14 [50000/60000 (83%)]	Loss: 0.029188
Train Epoch: 14 [52000/60000 (87%)]	Loss: 0.049224
Train Epoch: 14 [54000/60000 (90%)]	Loss: 0.024366
Train Epoch: 14 [56000/60000 (93%)]	Loss: 0.021493
Train Epoch: 14 [58000/60000 (97%)]	Loss: 0.114534
Train Epoch: 14 [60000/60000 (100%)]	Loss: 0.109444

Average Training loss: 0.0019, Training Error Rate: 4.32% (2594/60000)


Average Test loss: 0.0566, Test Error Rate: 6.34% (634/10000)

Train Epoch: 15 [2000/60000 (3%)]	Loss: 0.051243
Train Epoch: 15 [4000/60000 (7%)]	Loss: 0.003878
Train Epoch: 15 [6000/60000 (10%)]	Loss: 0.093404
Train Epoch: 15 [8000/60000 (13%)]	Loss: 0.049200
Train Epoch: 15 [10000/60000 (17%)]	Loss: 0.027927
Train Epoch: 15 [12000/60000 (20%)]	Loss: 0.006506
Train Epoch: 15 [14000/60000 (23%)]	Loss: 0.104983
Train Epoch: 15 [16000/60000 (27%)]	Loss: 0.014754
Train Epoch: 15 [18000/60000 (30%)]	Loss: 0.065264
Train Epoch: 15 [20000/60000 (33%)]	Loss: 0.000922
Train Epoch: 15 [22000/60000 (37%)]	Loss: 0.046378
Train Epoch: 15 [24000/60000 (40%)]	Loss: 0.131547
Train Epoch: 15 [26000/60000 (43%)]	Loss: 0.041919
Train Epoch: 15 [28000/60000 (47%)]	Loss: 0.051701
Train Epoch: 15 [30000/60000 (50%)]	Loss: 0.004811
Train Epoch: 15 [32000/60000 (53%)]	Loss: 0.076551
Train Epoch: 15 [34000/60000 (57%)]	Loss: 0.046600
Train Epoch: 15 [36000/60000 (60%)]	Loss: 0.014368
Train Epoch: 15 [38000/60000 (63%)]	Loss: 0.024728
Train Epoch: 15 [40000/60000 (67%)]	Loss: 0.000039
Train Epoch: 15 [42000/60000 (70%)]	Loss: 0.038503
Train Epoch: 15 [44000/60000 (73%)]	Loss: 0.083125
Train Epoch: 15 [46000/60000 (77%)]	Loss: 0.012126
Train Epoch: 15 [48000/60000 (80%)]	Loss: 0.011089
Train Epoch: 15 [50000/60000 (83%)]	Loss: 0.000003
Train Epoch: 15 [52000/60000 (87%)]	Loss: 0.179830
Train Epoch: 15 [54000/60000 (90%)]	Loss: 0.105912
Train Epoch: 15 [56000/60000 (93%)]	Loss: 0.010108
Train Epoch: 15 [58000/60000 (97%)]	Loss: 0.050802
Train Epoch: 15 [60000/60000 (100%)]	Loss: 0.006113

Average Training loss: 0.0019, Training Error Rate: 4.23% (2538/60000)


Average Test loss: 0.0424, Test Error Rate: 4.87% (487/10000)

Train Epoch: 16 [2000/60000 (3%)]	Loss: 0.040179
Train Epoch: 16 [4000/60000 (7%)]	Loss: 0.015000
Train Epoch: 16 [6000/60000 (10%)]	Loss: 0.007520
Train Epoch: 16 [8000/60000 (13%)]	Loss: 0.111625
Train Epoch: 16 [10000/60000 (17%)]	Loss: 0.049038
Train Epoch: 16 [12000/60000 (20%)]	Loss: 0.017147
Train Epoch: 16 [14000/60000 (23%)]	Loss: 0.030523
Train Epoch: 16 [16000/60000 (27%)]	Loss: 0.024559
Train Epoch: 16 [18000/60000 (30%)]	Loss: 0.053976
Train Epoch: 16 [20000/60000 (33%)]	Loss: 0.111406
Train Epoch: 16 [22000/60000 (37%)]	Loss: 0.025080
Train Epoch: 16 [24000/60000 (40%)]	Loss: 0.007331
Train Epoch: 16 [26000/60000 (43%)]	Loss: 0.013224
Train Epoch: 16 [28000/60000 (47%)]	Loss: 0.016396
Train Epoch: 16 [30000/60000 (50%)]	Loss: 0.037595
Train Epoch: 16 [32000/60000 (53%)]	Loss: 0.013194
Train Epoch: 16 [34000/60000 (57%)]	Loss: 0.002172
Train Epoch: 16 [36000/60000 (60%)]	Loss: 0.102117
Train Epoch: 16 [38000/60000 (63%)]	Loss: 0.004694
Train Epoch: 16 [40000/60000 (67%)]	Loss: 0.053164
Train Epoch: 16 [42000/60000 (70%)]	Loss: 0.089605
Train Epoch: 16 [44000/60000 (73%)]	Loss: 0.000319
Train Epoch: 16 [46000/60000 (77%)]	Loss: 0.000370
Train Epoch: 16 [48000/60000 (80%)]	Loss: 0.039822
Train Epoch: 16 [50000/60000 (83%)]	Loss: 0.013987
Train Epoch: 16 [52000/60000 (87%)]	Loss: 0.000000
Train Epoch: 16 [54000/60000 (90%)]	Loss: 0.017574
Train Epoch: 16 [56000/60000 (93%)]	Loss: 0.072052
Train Epoch: 16 [58000/60000 (97%)]	Loss: 0.002914
Train Epoch: 16 [60000/60000 (100%)]	Loss: 0.004628

Average Training loss: 0.0018, Training Error Rate: 4.03% (2420/60000)


Average Test loss: 0.0358, Test Error Rate: 4.07% (407/10000)

Train Epoch: 17 [2000/60000 (3%)]	Loss: 0.041114
Train Epoch: 17 [4000/60000 (7%)]	Loss: 0.000989
Train Epoch: 17 [6000/60000 (10%)]	Loss: 0.040764
Train Epoch: 17 [8000/60000 (13%)]	Loss: 0.022094
Train Epoch: 17 [10000/60000 (17%)]	Loss: 0.059645
Train Epoch: 17 [12000/60000 (20%)]	Loss: 0.044725
Train Epoch: 17 [14000/60000 (23%)]	Loss: 0.014022
Train Epoch: 17 [16000/60000 (27%)]	Loss: 0.089810
Train Epoch: 17 [18000/60000 (30%)]	Loss: 0.012463
Train Epoch: 17 [20000/60000 (33%)]	Loss: 0.033915
Train Epoch: 17 [22000/60000 (37%)]	Loss: 0.000345
Train Epoch: 17 [24000/60000 (40%)]	Loss: 0.023175
Train Epoch: 17 [26000/60000 (43%)]	Loss: 0.000029
Train Epoch: 17 [28000/60000 (47%)]	Loss: 0.066006
Train Epoch: 17 [30000/60000 (50%)]	Loss: 0.005270
Train Epoch: 17 [32000/60000 (53%)]	Loss: 0.113050
Train Epoch: 17 [34000/60000 (57%)]	Loss: 0.058844
Train Epoch: 17 [36000/60000 (60%)]	Loss: 0.002820
Train Epoch: 17 [38000/60000 (63%)]	Loss: 0.047781
Train Epoch: 17 [40000/60000 (67%)]	Loss: 0.121654
Train Epoch: 17 [42000/60000 (70%)]	Loss: 0.072395
Train Epoch: 17 [44000/60000 (73%)]	Loss: 0.006032
Train Epoch: 17 [46000/60000 (77%)]	Loss: 0.100023
Train Epoch: 17 [48000/60000 (80%)]	Loss: 0.055414
Train Epoch: 17 [50000/60000 (83%)]	Loss: 0.000610
Train Epoch: 17 [52000/60000 (87%)]	Loss: 0.057438
Train Epoch: 17 [54000/60000 (90%)]	Loss: 0.001342
Train Epoch: 17 [56000/60000 (93%)]	Loss: 0.000000
Train Epoch: 17 [58000/60000 (97%)]	Loss: 0.058467
Train Epoch: 17 [60000/60000 (100%)]	Loss: 0.045400

Average Training loss: 0.0017, Training Error Rate: 3.88% (2326/60000)


Average Test loss: 0.0620, Test Error Rate: 6.89% (689/10000)

Train Epoch: 18 [2000/60000 (3%)]	Loss: 0.068348
Train Epoch: 18 [4000/60000 (7%)]	Loss: 0.073258
Train Epoch: 18 [6000/60000 (10%)]	Loss: 0.005533
Train Epoch: 18 [8000/60000 (13%)]	Loss: 0.005303
Train Epoch: 18 [10000/60000 (17%)]	Loss: 0.001301
Train Epoch: 18 [12000/60000 (20%)]	Loss: 0.066389
Train Epoch: 18 [14000/60000 (23%)]	Loss: 0.052386
Train Epoch: 18 [16000/60000 (27%)]	Loss: 0.051040
Train Epoch: 18 [18000/60000 (30%)]	Loss: 0.039889
Train Epoch: 18 [20000/60000 (33%)]	Loss: 0.001714
Train Epoch: 18 [22000/60000 (37%)]	Loss: 0.025207
Train Epoch: 18 [24000/60000 (40%)]	Loss: 0.013478
Train Epoch: 18 [26000/60000 (43%)]	Loss: 0.001241
Train Epoch: 18 [28000/60000 (47%)]	Loss: 0.031431
Train Epoch: 18 [30000/60000 (50%)]	Loss: 0.038307
Train Epoch: 18 [32000/60000 (53%)]	Loss: 0.063352
Train Epoch: 18 [34000/60000 (57%)]	Loss: 0.040060
Train Epoch: 18 [36000/60000 (60%)]	Loss: 0.005642
Train Epoch: 18 [38000/60000 (63%)]	Loss: 0.002624
Train Epoch: 18 [40000/60000 (67%)]	Loss: 0.037374
Train Epoch: 18 [42000/60000 (70%)]	Loss: 0.091699
Train Epoch: 18 [44000/60000 (73%)]	Loss: 0.044987
Train Epoch: 18 [46000/60000 (77%)]	Loss: 0.012128
Train Epoch: 18 [48000/60000 (80%)]	Loss: 0.055275
Train Epoch: 18 [50000/60000 (83%)]	Loss: 0.024848
Train Epoch: 18 [52000/60000 (87%)]	Loss: 0.006485
Train Epoch: 18 [54000/60000 (90%)]	Loss: 0.074167
Train Epoch: 18 [56000/60000 (93%)]	Loss: 0.040127
Train Epoch: 18 [58000/60000 (97%)]	Loss: 0.072926
Train Epoch: 18 [60000/60000 (100%)]	Loss: 0.002015

Average Training loss: 0.0017, Training Error Rate: 3.75% (2252/60000)


Average Test loss: 0.0459, Test Error Rate: 5.09% (509/10000)

Train Epoch: 19 [2000/60000 (3%)]	Loss: 0.127178
Train Epoch: 19 [4000/60000 (7%)]	Loss: 0.000008
Train Epoch: 19 [6000/60000 (10%)]	Loss: 0.000199
Train Epoch: 19 [8000/60000 (13%)]	Loss: 0.004296
Train Epoch: 19 [10000/60000 (17%)]	Loss: 0.007505
Train Epoch: 19 [12000/60000 (20%)]	Loss: 0.150955
Train Epoch: 19 [14000/60000 (23%)]	Loss: 0.039773
Train Epoch: 19 [16000/60000 (27%)]	Loss: 0.007022
Train Epoch: 19 [18000/60000 (30%)]	Loss: 0.001866
Train Epoch: 19 [20000/60000 (33%)]	Loss: 0.050010
Train Epoch: 19 [22000/60000 (37%)]	Loss: 0.000465
Train Epoch: 19 [24000/60000 (40%)]	Loss: 0.018788
Train Epoch: 19 [26000/60000 (43%)]	Loss: 0.000472
Train Epoch: 19 [28000/60000 (47%)]	Loss: 0.024135
Train Epoch: 19 [30000/60000 (50%)]	Loss: 0.029867
Train Epoch: 19 [32000/60000 (53%)]	Loss: 0.004024
Train Epoch: 19 [34000/60000 (57%)]	Loss: 0.005759
Train Epoch: 19 [36000/60000 (60%)]	Loss: 0.002476
Train Epoch: 19 [38000/60000 (63%)]	Loss: 0.097550
Train Epoch: 19 [40000/60000 (67%)]	Loss: 0.000553
Train Epoch: 19 [42000/60000 (70%)]	Loss: 0.024436
Train Epoch: 19 [44000/60000 (73%)]	Loss: 0.071604
Train Epoch: 19 [46000/60000 (77%)]	Loss: 0.003816
Train Epoch: 19 [48000/60000 (80%)]	Loss: 0.100065
Train Epoch: 19 [50000/60000 (83%)]	Loss: 0.003378
Train Epoch: 19 [52000/60000 (87%)]	Loss: 0.119934
Train Epoch: 19 [54000/60000 (90%)]	Loss: 0.058624
Train Epoch: 19 [56000/60000 (93%)]	Loss: 0.002064
Train Epoch: 19 [58000/60000 (97%)]	Loss: 0.016350
Train Epoch: 19 [60000/60000 (100%)]	Loss: 0.027544

Average Training loss: 0.0016, Training Error Rate: 3.65% (2188/60000)


Average Test loss: 0.0857, Test Error Rate: 9.13% (913/10000)

Train Epoch: 20 [2000/60000 (3%)]	Loss: 0.020910
Train Epoch: 20 [4000/60000 (7%)]	Loss: 0.000961
Train Epoch: 20 [6000/60000 (10%)]	Loss: 0.031792
Train Epoch: 20 [8000/60000 (13%)]	Loss: 0.006786
Train Epoch: 20 [10000/60000 (17%)]	Loss: 0.007632
Train Epoch: 20 [12000/60000 (20%)]	Loss: 0.000000
Train Epoch: 20 [14000/60000 (23%)]	Loss: 0.062767
Train Epoch: 20 [16000/60000 (27%)]	Loss: 0.058045
Train Epoch: 20 [18000/60000 (30%)]	Loss: 0.028790
Train Epoch: 20 [20000/60000 (33%)]	Loss: 0.039899
Train Epoch: 20 [22000/60000 (37%)]	Loss: 0.086908
Train Epoch: 20 [24000/60000 (40%)]	Loss: 0.056139
Train Epoch: 20 [26000/60000 (43%)]	Loss: 0.032815
Train Epoch: 20 [28000/60000 (47%)]	Loss: 0.125049
Train Epoch: 20 [30000/60000 (50%)]	Loss: 0.065187
Train Epoch: 20 [32000/60000 (53%)]	Loss: 0.037989
Train Epoch: 20 [34000/60000 (57%)]	Loss: 0.002876
Train Epoch: 20 [36000/60000 (60%)]	Loss: 0.002445
Train Epoch: 20 [38000/60000 (63%)]	Loss: 0.006405
Train Epoch: 20 [40000/60000 (67%)]	Loss: 0.078182
Train Epoch: 20 [42000/60000 (70%)]	Loss: 0.043421
Train Epoch: 20 [44000/60000 (73%)]	Loss: 0.075316
Train Epoch: 20 [46000/60000 (77%)]	Loss: 0.003005
Train Epoch: 20 [48000/60000 (80%)]	Loss: 0.002115
Train Epoch: 20 [50000/60000 (83%)]	Loss: 0.000077
Train Epoch: 20 [52000/60000 (87%)]	Loss: 0.001499
Train Epoch: 20 [54000/60000 (90%)]	Loss: 0.040453
Train Epoch: 20 [56000/60000 (93%)]	Loss: 0.032027
Train Epoch: 20 [58000/60000 (97%)]	Loss: 0.016490
Train Epoch: 20 [60000/60000 (100%)]	Loss: 0.000216

Average Training loss: 0.0016, Training Error Rate: 3.56% (2137/60000)


Average Test loss: 0.0336, Test Error Rate: 3.86% (386/10000)

Train Epoch: 21 [2000/60000 (3%)]	Loss: 0.009061
Train Epoch: 21 [4000/60000 (7%)]	Loss: 0.000010
Train Epoch: 21 [6000/60000 (10%)]	Loss: 0.045162
Train Epoch: 21 [8000/60000 (13%)]	Loss: 0.000000
Train Epoch: 21 [10000/60000 (17%)]	Loss: 0.046068
Train Epoch: 21 [12000/60000 (20%)]	Loss: 0.043656
Train Epoch: 21 [14000/60000 (23%)]	Loss: 0.000066
Train Epoch: 21 [16000/60000 (27%)]	Loss: 0.003465
Train Epoch: 21 [18000/60000 (30%)]	Loss: 0.051772
Train Epoch: 21 [20000/60000 (33%)]	Loss: 0.050000
Train Epoch: 21 [22000/60000 (37%)]	Loss: 0.000741
Train Epoch: 21 [24000/60000 (40%)]	Loss: 0.008995
Train Epoch: 21 [26000/60000 (43%)]	Loss: 0.146687
Train Epoch: 21 [28000/60000 (47%)]	Loss: 0.017888
Train Epoch: 21 [30000/60000 (50%)]	Loss: 0.000000
Train Epoch: 21 [32000/60000 (53%)]	Loss: 0.000437
Train Epoch: 21 [34000/60000 (57%)]	Loss: 0.000000
Train Epoch: 21 [36000/60000 (60%)]	Loss: 0.033558
Train Epoch: 21 [38000/60000 (63%)]	Loss: 0.108758
Train Epoch: 21 [40000/60000 (67%)]	Loss: 0.034602
Train Epoch: 21 [42000/60000 (70%)]	Loss: 0.050016
Train Epoch: 21 [44000/60000 (73%)]	Loss: 0.050000
Train Epoch: 21 [46000/60000 (77%)]	Loss: 0.078561
Train Epoch: 21 [48000/60000 (80%)]	Loss: 0.101365
Train Epoch: 21 [50000/60000 (83%)]	Loss: 0.032360
Train Epoch: 21 [52000/60000 (87%)]	Loss: 0.000000
Train Epoch: 21 [54000/60000 (90%)]	Loss: 0.050106
Train Epoch: 21 [56000/60000 (93%)]	Loss: 0.000412
Train Epoch: 21 [58000/60000 (97%)]	Loss: 0.016867
Train Epoch: 21 [60000/60000 (100%)]	Loss: 0.000344

Average Training loss: 0.0015, Training Error Rate: 3.28% (1967/60000)


Average Test loss: 0.0374, Test Error Rate: 4.27% (427/10000)

Train Epoch: 22 [2000/60000 (3%)]	Loss: 0.065241
Train Epoch: 22 [4000/60000 (7%)]	Loss: 0.000000
Train Epoch: 22 [6000/60000 (10%)]	Loss: 0.033708
Train Epoch: 22 [8000/60000 (13%)]	Loss: 0.000000
Train Epoch: 22 [10000/60000 (17%)]	Loss: 0.035791
Train Epoch: 22 [12000/60000 (20%)]	Loss: 0.051639
Train Epoch: 22 [14000/60000 (23%)]	Loss: 0.002234
Train Epoch: 22 [16000/60000 (27%)]	Loss: 0.018597
Train Epoch: 22 [18000/60000 (30%)]	Loss: 0.002774
Train Epoch: 22 [20000/60000 (33%)]	Loss: 0.104478
Train Epoch: 22 [22000/60000 (37%)]	Loss: 0.000183
Train Epoch: 22 [24000/60000 (40%)]	Loss: 0.000978
Train Epoch: 22 [26000/60000 (43%)]	Loss: 0.000068
Train Epoch: 22 [28000/60000 (47%)]	Loss: 0.050000
Train Epoch: 22 [30000/60000 (50%)]	Loss: 0.038884
Train Epoch: 22 [32000/60000 (53%)]	Loss: 0.030688
Train Epoch: 22 [34000/60000 (57%)]	Loss: 0.046109
Train Epoch: 22 [36000/60000 (60%)]	Loss: 0.094777
Train Epoch: 22 [38000/60000 (63%)]	Loss: 0.009592
Train Epoch: 22 [40000/60000 (67%)]	Loss: 0.019934
Train Epoch: 22 [42000/60000 (70%)]	Loss: 0.052738
Train Epoch: 22 [44000/60000 (73%)]	Loss: 0.049106
Train Epoch: 22 [46000/60000 (77%)]	Loss: 0.001590
Train Epoch: 22 [48000/60000 (80%)]	Loss: 0.008384
Train Epoch: 22 [50000/60000 (83%)]	Loss: 0.050000
Train Epoch: 22 [52000/60000 (87%)]	Loss: 0.058313
Train Epoch: 22 [54000/60000 (90%)]	Loss: 0.004088
Train Epoch: 22 [56000/60000 (93%)]	Loss: 0.053865
Train Epoch: 22 [58000/60000 (97%)]	Loss: 0.006672
Train Epoch: 22 [60000/60000 (100%)]	Loss: 0.000348

Average Training loss: 0.0015, Training Error Rate: 3.34% (2002/60000)


Average Test loss: 0.0378, Test Error Rate: 4.20% (420/10000)

Train Epoch: 23 [2000/60000 (3%)]	Loss: 0.006980
Train Epoch: 23 [4000/60000 (7%)]	Loss: 0.050106
Train Epoch: 23 [6000/60000 (10%)]	Loss: 0.001605
Train Epoch: 23 [8000/60000 (13%)]	Loss: 0.000000
Train Epoch: 23 [10000/60000 (17%)]	Loss: 0.000000
Train Epoch: 23 [12000/60000 (20%)]	Loss: 0.011210
Train Epoch: 23 [14000/60000 (23%)]	Loss: 0.053538
Train Epoch: 23 [16000/60000 (27%)]	Loss: 0.067670
Train Epoch: 23 [18000/60000 (30%)]	Loss: 0.031248
Train Epoch: 23 [20000/60000 (33%)]	Loss: 0.074649
Train Epoch: 23 [22000/60000 (37%)]	Loss: 0.022762
Train Epoch: 23 [24000/60000 (40%)]	Loss: 0.054394
Train Epoch: 23 [26000/60000 (43%)]	Loss: 0.016558
Train Epoch: 23 [28000/60000 (47%)]	Loss: 0.052233
Train Epoch: 23 [30000/60000 (50%)]	Loss: 0.024256
Train Epoch: 23 [32000/60000 (53%)]	Loss: 0.020890
Train Epoch: 23 [34000/60000 (57%)]	Loss: 0.002831
Train Epoch: 23 [36000/60000 (60%)]	Loss: 0.000833
Train Epoch: 23 [38000/60000 (63%)]	Loss: 0.000000
Train Epoch: 23 [40000/60000 (67%)]	Loss: 0.002358
Train Epoch: 23 [42000/60000 (70%)]	Loss: 0.000000
Train Epoch: 23 [44000/60000 (73%)]	Loss: 0.078712
Train Epoch: 23 [46000/60000 (77%)]	Loss: 0.071197
Train Epoch: 23 [48000/60000 (80%)]	Loss: 0.112573
Train Epoch: 23 [50000/60000 (83%)]	Loss: 0.037692
Train Epoch: 23 [52000/60000 (87%)]	Loss: 0.000000
Train Epoch: 23 [54000/60000 (90%)]	Loss: 0.030337
Train Epoch: 23 [56000/60000 (93%)]	Loss: 0.001497
Train Epoch: 23 [58000/60000 (97%)]	Loss: 0.034901
Train Epoch: 23 [60000/60000 (100%)]	Loss: 0.002398

Average Training loss: 0.0015, Training Error Rate: 3.28% (1966/60000)


Average Test loss: 0.0369, Test Error Rate: 4.11% (411/10000)

Train Epoch: 24 [2000/60000 (3%)]	Loss: 0.002243
Train Epoch: 24 [4000/60000 (7%)]	Loss: 0.024808
Train Epoch: 24 [6000/60000 (10%)]	Loss: 0.004910
Train Epoch: 24 [8000/60000 (13%)]	Loss: 0.065542
Train Epoch: 24 [10000/60000 (17%)]	Loss: 0.065993
Train Epoch: 24 [12000/60000 (20%)]	Loss: 0.015778
Train Epoch: 24 [14000/60000 (23%)]	Loss: 0.000092
Train Epoch: 24 [16000/60000 (27%)]	Loss: 0.035731
Train Epoch: 24 [18000/60000 (30%)]	Loss: 0.000253
Train Epoch: 24 [20000/60000 (33%)]	Loss: 0.000935
Train Epoch: 24 [22000/60000 (37%)]	Loss: 0.061822
Train Epoch: 24 [24000/60000 (40%)]	Loss: 0.000385
Train Epoch: 24 [26000/60000 (43%)]	Loss: 0.000003
Train Epoch: 24 [28000/60000 (47%)]	Loss: 0.000720
Train Epoch: 24 [30000/60000 (50%)]	Loss: 0.083331
Train Epoch: 24 [32000/60000 (53%)]	Loss: 0.032300
Train Epoch: 24 [34000/60000 (57%)]	Loss: 0.003527
Train Epoch: 24 [36000/60000 (60%)]	Loss: 0.026380
Train Epoch: 24 [38000/60000 (63%)]	Loss: 0.002247
Train Epoch: 24 [40000/60000 (67%)]	Loss: 0.000155
Train Epoch: 24 [42000/60000 (70%)]	Loss: 0.004632
Train Epoch: 24 [44000/60000 (73%)]	Loss: 0.014383
Train Epoch: 24 [46000/60000 (77%)]	Loss: 0.035135
Train Epoch: 24 [48000/60000 (80%)]	Loss: 0.073176
Train Epoch: 24 [50000/60000 (83%)]	Loss: 0.003478
Train Epoch: 24 [52000/60000 (87%)]	Loss: 0.000010
Train Epoch: 24 [54000/60000 (90%)]	Loss: 0.050000
Train Epoch: 24 [56000/60000 (93%)]	Loss: 0.000000
Train Epoch: 24 [58000/60000 (97%)]	Loss: 0.061114
Train Epoch: 24 [60000/60000 (100%)]	Loss: 0.031251

Average Training loss: 0.0014, Training Error Rate: 3.05% (1828/60000)


Average Test loss: 0.0342, Test Error Rate: 3.88% (388/10000)

Train Epoch: 25 [2000/60000 (3%)]	Loss: 0.056576
Train Epoch: 25 [4000/60000 (7%)]	Loss: 0.009112
Train Epoch: 25 [6000/60000 (10%)]	Loss: 0.079674
Train Epoch: 25 [8000/60000 (13%)]	Loss: 0.000806
Train Epoch: 25 [10000/60000 (17%)]	Loss: 0.078089
Train Epoch: 25 [12000/60000 (20%)]	Loss: 0.050000
Train Epoch: 25 [14000/60000 (23%)]	Loss: 0.065840
Train Epoch: 25 [16000/60000 (27%)]	Loss: 0.000872
Train Epoch: 25 [18000/60000 (30%)]	Loss: 0.098063
Train Epoch: 25 [20000/60000 (33%)]	Loss: 0.041937
Train Epoch: 25 [22000/60000 (37%)]	Loss: 0.054894
Train Epoch: 25 [24000/60000 (40%)]	Loss: 0.052254
Train Epoch: 25 [26000/60000 (43%)]	Loss: 0.037364
Train Epoch: 25 [28000/60000 (47%)]	Loss: 0.055749
Train Epoch: 25 [30000/60000 (50%)]	Loss: 0.047410
Train Epoch: 25 [32000/60000 (53%)]	Loss: 0.044534
Train Epoch: 25 [34000/60000 (57%)]	Loss: 0.039582
Train Epoch: 25 [36000/60000 (60%)]	Loss: 0.029828
Train Epoch: 25 [38000/60000 (63%)]	Loss: 0.005847
Train Epoch: 25 [40000/60000 (67%)]	Loss: 0.003942
Train Epoch: 25 [42000/60000 (70%)]	Loss: 0.011976
Train Epoch: 25 [44000/60000 (73%)]	Loss: 0.038276
Train Epoch: 25 [46000/60000 (77%)]	Loss: 0.020126
Train Epoch: 25 [48000/60000 (80%)]	Loss: 0.002237
Train Epoch: 25 [50000/60000 (83%)]	Loss: 0.001040
Train Epoch: 25 [52000/60000 (87%)]	Loss: 0.000000
Train Epoch: 25 [54000/60000 (90%)]	Loss: 0.054269
Train Epoch: 25 [56000/60000 (93%)]	Loss: 0.000045
Train Epoch: 25 [58000/60000 (97%)]	Loss: 0.011955
Train Epoch: 25 [60000/60000 (100%)]	Loss: 0.026843

Average Training loss: 0.0013, Training Error Rate: 3.01% (1804/60000)


Average Test loss: 0.0353, Test Error Rate: 4.03% (403/10000)

Train Epoch: 26 [2000/60000 (3%)]	Loss: 0.051194
Train Epoch: 26 [4000/60000 (7%)]	Loss: 0.040383
Train Epoch: 26 [6000/60000 (10%)]	Loss: 0.000000
Train Epoch: 26 [8000/60000 (13%)]	Loss: 0.000000
Train Epoch: 26 [10000/60000 (17%)]	Loss: 0.028961
Train Epoch: 26 [12000/60000 (20%)]	Loss: 0.000116
Train Epoch: 26 [14000/60000 (23%)]	Loss: 0.049461
Train Epoch: 26 [16000/60000 (27%)]	Loss: 0.000000
Train Epoch: 26 [18000/60000 (30%)]	Loss: 0.060443
Train Epoch: 26 [20000/60000 (33%)]	Loss: 0.066345
Train Epoch: 26 [22000/60000 (37%)]	Loss: 0.000082
Train Epoch: 26 [24000/60000 (40%)]	Loss: 0.000676
Train Epoch: 26 [26000/60000 (43%)]	Loss: 0.000000
Train Epoch: 26 [28000/60000 (47%)]	Loss: 0.000117
Train Epoch: 26 [30000/60000 (50%)]	Loss: 0.000000
Train Epoch: 26 [32000/60000 (53%)]	Loss: 0.000000
Train Epoch: 26 [34000/60000 (57%)]	Loss: 0.011133
Train Epoch: 26 [36000/60000 (60%)]	Loss: 0.006005
Train Epoch: 26 [38000/60000 (63%)]	Loss: 0.045727
Train Epoch: 26 [40000/60000 (67%)]	Loss: 0.085416
Train Epoch: 26 [42000/60000 (70%)]	Loss: 0.074814
Train Epoch: 26 [44000/60000 (73%)]	Loss: 0.005400
Train Epoch: 26 [46000/60000 (77%)]	Loss: 0.083127
Train Epoch: 26 [48000/60000 (80%)]	Loss: 0.000000
Train Epoch: 26 [50000/60000 (83%)]	Loss: 0.000000
Train Epoch: 26 [52000/60000 (87%)]	Loss: 0.038542
Train Epoch: 26 [54000/60000 (90%)]	Loss: 0.060417
Train Epoch: 26 [56000/60000 (93%)]	Loss: 0.054927
Train Epoch: 26 [58000/60000 (97%)]	Loss: 0.000000
Train Epoch: 26 [60000/60000 (100%)]	Loss: 0.003873

Average Training loss: 0.0013, Training Error Rate: 2.87% (1723/60000)


Average Test loss: 0.0394, Test Error Rate: 4.38% (438/10000)

Train Epoch: 27 [2000/60000 (3%)]	Loss: 0.005952
Train Epoch: 27 [4000/60000 (7%)]	Loss: 0.000000
Train Epoch: 27 [6000/60000 (10%)]	Loss: 0.000344
Train Epoch: 27 [8000/60000 (13%)]	Loss: 0.009811
Train Epoch: 27 [10000/60000 (17%)]	Loss: 0.006666
Train Epoch: 27 [12000/60000 (20%)]	Loss: 0.000004
Train Epoch: 27 [14000/60000 (23%)]	Loss: 0.050000
Train Epoch: 27 [16000/60000 (27%)]	Loss: 0.008485
Train Epoch: 27 [18000/60000 (30%)]	Loss: 0.024433
Train Epoch: 27 [20000/60000 (33%)]	Loss: 0.112790
Train Epoch: 27 [22000/60000 (37%)]	Loss: 0.127118
Train Epoch: 27 [24000/60000 (40%)]	Loss: 0.026344
Train Epoch: 27 [26000/60000 (43%)]	Loss: 0.003121
Train Epoch: 27 [28000/60000 (47%)]	Loss: 0.092509
Train Epoch: 27 [30000/60000 (50%)]	Loss: 0.002180
Train Epoch: 27 [32000/60000 (53%)]	Loss: 0.000000
Train Epoch: 27 [34000/60000 (57%)]	Loss: 0.000000
Train Epoch: 27 [36000/60000 (60%)]	Loss: 0.000044
Train Epoch: 27 [38000/60000 (63%)]	Loss: 0.000116
Train Epoch: 27 [40000/60000 (67%)]	Loss: 0.036152
Train Epoch: 27 [42000/60000 (70%)]	Loss: 0.001357
Train Epoch: 27 [44000/60000 (73%)]	Loss: 0.004197
Train Epoch: 27 [46000/60000 (77%)]	Loss: 0.000177
Train Epoch: 27 [48000/60000 (80%)]	Loss: 0.004571
Train Epoch: 27 [50000/60000 (83%)]	Loss: 0.000000
Train Epoch: 27 [52000/60000 (87%)]	Loss: 0.007364
Train Epoch: 27 [54000/60000 (90%)]	Loss: 0.005073
Train Epoch: 27 [56000/60000 (93%)]	Loss: 0.038812
Train Epoch: 27 [58000/60000 (97%)]	Loss: 0.000000
Train Epoch: 27 [60000/60000 (100%)]	Loss: 0.051122

Average Training loss: 0.0012, Training Error Rate: 2.75% (1647/60000)


Average Test loss: 0.0359, Test Error Rate: 4.17% (417/10000)

Train Epoch: 28 [2000/60000 (3%)]	Loss: 0.011645
Train Epoch: 28 [4000/60000 (7%)]	Loss: 0.040843
Train Epoch: 28 [6000/60000 (10%)]	Loss: 0.000000
Train Epoch: 28 [8000/60000 (13%)]	Loss: 0.005995
Train Epoch: 28 [10000/60000 (17%)]	Loss: 0.002945
Train Epoch: 28 [12000/60000 (20%)]	Loss: 0.018931
Train Epoch: 28 [14000/60000 (23%)]	Loss: 0.010435
Train Epoch: 28 [16000/60000 (27%)]	Loss: 0.086425
Train Epoch: 28 [18000/60000 (30%)]	Loss: 0.000000
Train Epoch: 28 [20000/60000 (33%)]	Loss: 0.003280
Train Epoch: 28 [22000/60000 (37%)]	Loss: 0.000000
Train Epoch: 28 [24000/60000 (40%)]	Loss: 0.008415
Train Epoch: 28 [26000/60000 (43%)]	Loss: 0.052396
Train Epoch: 28 [28000/60000 (47%)]	Loss: 0.000143
Train Epoch: 28 [30000/60000 (50%)]	Loss: 0.002334
Train Epoch: 28 [32000/60000 (53%)]	Loss: 0.042919
Train Epoch: 28 [34000/60000 (57%)]	Loss: 0.000000
Train Epoch: 28 [36000/60000 (60%)]	Loss: 0.050000
Train Epoch: 28 [38000/60000 (63%)]	Loss: 0.117063
Train Epoch: 28 [40000/60000 (67%)]	Loss: 0.002736
Train Epoch: 28 [42000/60000 (70%)]	Loss: 0.040223
Train Epoch: 28 [44000/60000 (73%)]	Loss: 0.020059
Train Epoch: 28 [46000/60000 (77%)]	Loss: 0.001601
Train Epoch: 28 [48000/60000 (80%)]	Loss: 0.000014
Train Epoch: 28 [50000/60000 (83%)]	Loss: 0.000206
Train Epoch: 28 [52000/60000 (87%)]	Loss: 0.038391
Train Epoch: 28 [54000/60000 (90%)]	Loss: 0.022354
Train Epoch: 28 [56000/60000 (93%)]	Loss: 0.008051
Train Epoch: 28 [58000/60000 (97%)]	Loss: 0.019792
Train Epoch: 28 [60000/60000 (100%)]	Loss: 0.001337

Average Training loss: 0.0012, Training Error Rate: 2.74% (1645/60000)


Average Test loss: 0.0363, Test Error Rate: 4.17% (417/10000)

Train Epoch: 29 [2000/60000 (3%)]	Loss: 0.037666
Train Epoch: 29 [4000/60000 (7%)]	Loss: 0.000116
Train Epoch: 29 [6000/60000 (10%)]	Loss: 0.007914
Train Epoch: 29 [8000/60000 (13%)]	Loss: 0.085737
Train Epoch: 29 [10000/60000 (17%)]	Loss: 0.057165
Train Epoch: 29 [12000/60000 (20%)]	Loss: 0.000643
Train Epoch: 29 [14000/60000 (23%)]	Loss: 0.000000
Train Epoch: 29 [16000/60000 (27%)]	Loss: 0.000000
Train Epoch: 29 [18000/60000 (30%)]	Loss: 0.000043
Train Epoch: 29 [20000/60000 (33%)]	Loss: 0.050060
Train Epoch: 29 [22000/60000 (37%)]	Loss: 0.039813
Train Epoch: 29 [24000/60000 (40%)]	Loss: 0.000215
Train Epoch: 29 [26000/60000 (43%)]	Loss: 0.005388
Train Epoch: 29 [28000/60000 (47%)]	Loss: 0.051755
Train Epoch: 29 [30000/60000 (50%)]	Loss: 0.000023
Train Epoch: 29 [32000/60000 (53%)]	Loss: 0.014947
Train Epoch: 29 [34000/60000 (57%)]	Loss: 0.051470
Train Epoch: 29 [36000/60000 (60%)]	Loss: 0.000000
Train Epoch: 29 [38000/60000 (63%)]	Loss: 0.119144
Train Epoch: 29 [40000/60000 (67%)]	Loss: 0.002127
Train Epoch: 29 [42000/60000 (70%)]	Loss: 0.001211
Train Epoch: 29 [44000/60000 (73%)]	Loss: 0.000921
Train Epoch: 29 [46000/60000 (77%)]	Loss: 0.019877
Train Epoch: 29 [48000/60000 (80%)]	Loss: 0.004708
Train Epoch: 29 [50000/60000 (83%)]	Loss: 0.000185
Train Epoch: 29 [52000/60000 (87%)]	Loss: 0.000000
Train Epoch: 29 [54000/60000 (90%)]	Loss: 0.000001
Train Epoch: 29 [56000/60000 (93%)]	Loss: 0.000136
Train Epoch: 29 [58000/60000 (97%)]	Loss: 0.000078
Train Epoch: 29 [60000/60000 (100%)]	Loss: 0.000054

Average Training loss: 0.0012, Training Error Rate: 2.74% (1645/60000)


Average Test loss: 0.0402, Test Error Rate: 4.60% (460/10000)

Train Epoch: 30 [2000/60000 (3%)]	Loss: 0.010511
Train Epoch: 30 [4000/60000 (7%)]	Loss: 0.050764
Train Epoch: 30 [6000/60000 (10%)]	Loss: 0.000984
Train Epoch: 30 [8000/60000 (13%)]	Loss: 0.000000
Train Epoch: 30 [10000/60000 (17%)]	Loss: 0.011699
Train Epoch: 30 [12000/60000 (20%)]	Loss: 0.050000
Train Epoch: 30 [14000/60000 (23%)]	Loss: 0.000000
Train Epoch: 30 [16000/60000 (27%)]	Loss: 0.000990
Train Epoch: 30 [18000/60000 (30%)]	Loss: 0.025334
Train Epoch: 30 [20000/60000 (33%)]	Loss: 0.050000
Train Epoch: 30 [22000/60000 (37%)]	Loss: 0.000462
Train Epoch: 30 [24000/60000 (40%)]	Loss: 0.054127
Train Epoch: 30 [26000/60000 (43%)]	Loss: 0.025002
Train Epoch: 30 [28000/60000 (47%)]	Loss: 0.045042
Train Epoch: 30 [30000/60000 (50%)]	Loss: 0.022323
Train Epoch: 30 [32000/60000 (53%)]	Loss: 0.082443
Train Epoch: 30 [34000/60000 (57%)]	Loss: 0.000100
Train Epoch: 30 [36000/60000 (60%)]	Loss: 0.004274
Train Epoch: 30 [38000/60000 (63%)]	Loss: 0.001391
Train Epoch: 30 [40000/60000 (67%)]	Loss: 0.000885
Train Epoch: 30 [42000/60000 (70%)]	Loss: 0.000169
Train Epoch: 30 [44000/60000 (73%)]	Loss: 0.050000
Train Epoch: 30 [46000/60000 (77%)]	Loss: 0.000215
Train Epoch: 30 [48000/60000 (80%)]	Loss: 0.000027
Train Epoch: 30 [50000/60000 (83%)]	Loss: 0.004788
Train Epoch: 30 [52000/60000 (87%)]	Loss: 0.040256
Train Epoch: 30 [54000/60000 (90%)]	Loss: 0.018693
Train Epoch: 30 [56000/60000 (93%)]	Loss: 0.001453
Train Epoch: 30 [58000/60000 (97%)]	Loss: 0.004146
Train Epoch: 30 [60000/60000 (100%)]	Loss: 0.017332

Average Training loss: 0.0012, Training Error Rate: 2.68% (1607/60000)


Average Test loss: 0.0328, Test Error Rate: 3.63% (363/10000)

