/vast/home/ajherman/miniconda3/envs/pytorch/lib/python3.11/site-packages/torchvision/io/image.py:13: UserWarning: Failed to load image Python extension: '/vast/home/ajherman/miniconda3/envs/pytorch/lib/python3.11/site-packages/torchvision/image.so: undefined symbol: _ZN5torch3jit17parseSchemaOrNameERKNSt7__cxx1112basic_stringIcSt11char_traitsIcESaIcEEE'If you don't plan on using image functionality from `torchvision.io`, you can ignore this warning. Otherwise, there might be something wrong with your environment. Did you have `libjpeg` or `libpng` installed before building `torchvision` from source?
  warn(
Train Epoch: 1 [2000/60000 (3%)]	Loss: 0.399592
Train Epoch: 1 [4000/60000 (7%)]	Loss: 0.384042
Train Epoch: 1 [6000/60000 (10%)]	Loss: 0.364523
Train Epoch: 1 [8000/60000 (13%)]	Loss: 0.335887
Train Epoch: 1 [10000/60000 (17%)]	Loss: 0.251767
Train Epoch: 1 [12000/60000 (20%)]	Loss: 0.292205
Train Epoch: 1 [14000/60000 (23%)]	Loss: 0.261418
Train Epoch: 1 [16000/60000 (27%)]	Loss: 0.219126
Train Epoch: 1 [18000/60000 (30%)]	Loss: 0.231839
Train Epoch: 1 [20000/60000 (33%)]	Loss: 0.221826
Train Epoch: 1 [22000/60000 (37%)]	Loss: 0.200694
Train Epoch: 1 [24000/60000 (40%)]	Loss: 0.191283
Train Epoch: 1 [26000/60000 (43%)]	Loss: 0.234291
Train Epoch: 1 [28000/60000 (47%)]	Loss: 0.185636
Train Epoch: 1 [30000/60000 (50%)]	Loss: 0.259756
Train Epoch: 1 [32000/60000 (53%)]	Loss: 0.160272
Train Epoch: 1 [34000/60000 (57%)]	Loss: 0.144580
Train Epoch: 1 [36000/60000 (60%)]	Loss: 0.211163
Train Epoch: 1 [38000/60000 (63%)]	Loss: 0.122467
Train Epoch: 1 [40000/60000 (67%)]	Loss: 0.163755
Train Epoch: 1 [42000/60000 (70%)]	Loss: 0.175128
Train Epoch: 1 [44000/60000 (73%)]	Loss: 0.201314
Train Epoch: 1 [46000/60000 (77%)]	Loss: 0.134519
Train Epoch: 1 [48000/60000 (80%)]	Loss: 0.195062
Train Epoch: 1 [50000/60000 (83%)]	Loss: 0.123233
Train Epoch: 1 [52000/60000 (87%)]	Loss: 0.167586
Train Epoch: 1 [54000/60000 (90%)]	Loss: 0.113110
Train Epoch: 1 [56000/60000 (93%)]	Loss: 0.179738
Train Epoch: 1 [58000/60000 (97%)]	Loss: 0.154330
Train Epoch: 1 [60000/60000 (100%)]	Loss: 0.134724

Average Training loss: 0.0109, Training Error Rate: 22.48% (13487/60000)


Average Test loss: 0.1304, Test Error Rate: 12.02% (1202/10000)

Train Epoch: 2 [2000/60000 (3%)]	Loss: 0.137854
Train Epoch: 2 [4000/60000 (7%)]	Loss: 0.161427
Train Epoch: 2 [6000/60000 (10%)]	Loss: 0.186259
Train Epoch: 2 [8000/60000 (13%)]	Loss: 0.141007
Train Epoch: 2 [10000/60000 (17%)]	Loss: 0.111575
Train Epoch: 2 [12000/60000 (20%)]	Loss: 0.126032
Train Epoch: 2 [14000/60000 (23%)]	Loss: 0.134276
Train Epoch: 2 [16000/60000 (27%)]	Loss: 0.169083
Train Epoch: 2 [18000/60000 (30%)]	Loss: 0.125969
Train Epoch: 2 [20000/60000 (33%)]	Loss: 0.094849
Train Epoch: 2 [22000/60000 (37%)]	Loss: 0.124736
Train Epoch: 2 [24000/60000 (40%)]	Loss: 0.116822
Train Epoch: 2 [26000/60000 (43%)]	Loss: 0.088729
Train Epoch: 2 [28000/60000 (47%)]	Loss: 0.071399
Train Epoch: 2 [30000/60000 (50%)]	Loss: 0.181389
Train Epoch: 2 [32000/60000 (53%)]	Loss: 0.102760
Train Epoch: 2 [34000/60000 (57%)]	Loss: 0.122143
Train Epoch: 2 [36000/60000 (60%)]	Loss: 0.111501
Train Epoch: 2 [38000/60000 (63%)]	Loss: 0.019758
Train Epoch: 2 [40000/60000 (67%)]	Loss: 0.071170
Train Epoch: 2 [42000/60000 (70%)]	Loss: 0.086678
Train Epoch: 2 [44000/60000 (73%)]	Loss: 0.115844
Train Epoch: 2 [46000/60000 (77%)]	Loss: 0.101831
Train Epoch: 2 [48000/60000 (80%)]	Loss: 0.142506
Train Epoch: 2 [50000/60000 (83%)]	Loss: 0.103221
Train Epoch: 2 [52000/60000 (87%)]	Loss: 0.080496
Train Epoch: 2 [54000/60000 (90%)]	Loss: 0.074757
Train Epoch: 2 [56000/60000 (93%)]	Loss: 0.085660
Train Epoch: 2 [58000/60000 (97%)]	Loss: 0.073332
Train Epoch: 2 [60000/60000 (100%)]	Loss: 0.097289

Average Training loss: 0.0058, Training Error Rate: 11.64% (6987/60000)


Average Test loss: 0.0987, Test Error Rate: 9.92% (992/10000)

Train Epoch: 3 [2000/60000 (3%)]	Loss: 0.125623
Train Epoch: 3 [4000/60000 (7%)]	Loss: 0.106015
Train Epoch: 3 [6000/60000 (10%)]	Loss: 0.118745
Train Epoch: 3 [8000/60000 (13%)]	Loss: 0.098055
Train Epoch: 3 [10000/60000 (17%)]	Loss: 0.112807
Train Epoch: 3 [12000/60000 (20%)]	Loss: 0.072054
Train Epoch: 3 [14000/60000 (23%)]	Loss: 0.110605
Train Epoch: 3 [16000/60000 (27%)]	Loss: 0.129441
Train Epoch: 3 [18000/60000 (30%)]	Loss: 0.128868
Train Epoch: 3 [20000/60000 (33%)]	Loss: 0.072941
Train Epoch: 3 [22000/60000 (37%)]	Loss: 0.054631
Train Epoch: 3 [24000/60000 (40%)]	Loss: 0.121203
Train Epoch: 3 [26000/60000 (43%)]	Loss: 0.113371
Train Epoch: 3 [28000/60000 (47%)]	Loss: 0.062606
Train Epoch: 3 [30000/60000 (50%)]	Loss: 0.030011
Train Epoch: 3 [32000/60000 (53%)]	Loss: 0.062115
Train Epoch: 3 [34000/60000 (57%)]	Loss: 0.102797
Train Epoch: 3 [36000/60000 (60%)]	Loss: 0.044854
Train Epoch: 3 [38000/60000 (63%)]	Loss: 0.099566
Train Epoch: 3 [40000/60000 (67%)]	Loss: 0.089931
Train Epoch: 3 [42000/60000 (70%)]	Loss: 0.102955
Train Epoch: 3 [44000/60000 (73%)]	Loss: 0.035342
Train Epoch: 3 [46000/60000 (77%)]	Loss: 0.112236
Train Epoch: 3 [48000/60000 (80%)]	Loss: 0.063433
Train Epoch: 3 [50000/60000 (83%)]	Loss: 0.148938
Train Epoch: 3 [52000/60000 (87%)]	Loss: 0.072287
Train Epoch: 3 [54000/60000 (90%)]	Loss: 0.089224
Train Epoch: 3 [56000/60000 (93%)]	Loss: 0.090599
Train Epoch: 3 [58000/60000 (97%)]	Loss: 0.112364
Train Epoch: 3 [60000/60000 (100%)]	Loss: 0.107577

Average Training loss: 0.0048, Training Error Rate: 9.94% (5966/60000)


Average Test loss: 0.0842, Test Error Rate: 8.45% (845/10000)

Train Epoch: 4 [2000/60000 (3%)]	Loss: 0.126615
Train Epoch: 4 [4000/60000 (7%)]	Loss: 0.098799
Train Epoch: 4 [6000/60000 (10%)]	Loss: 0.150674
Train Epoch: 4 [8000/60000 (13%)]	Loss: 0.104830
Train Epoch: 4 [10000/60000 (17%)]	Loss: 0.051749
Train Epoch: 4 [12000/60000 (20%)]	Loss: 0.070239
Train Epoch: 4 [14000/60000 (23%)]	Loss: 0.060541
Train Epoch: 4 [16000/60000 (27%)]	Loss: 0.055395
Train Epoch: 4 [18000/60000 (30%)]	Loss: 0.039611
Train Epoch: 4 [20000/60000 (33%)]	Loss: 0.081640
Train Epoch: 4 [22000/60000 (37%)]	Loss: 0.109847
Train Epoch: 4 [24000/60000 (40%)]	Loss: 0.127477
Train Epoch: 4 [26000/60000 (43%)]	Loss: 0.046085
Train Epoch: 4 [28000/60000 (47%)]	Loss: 0.037334
Train Epoch: 4 [30000/60000 (50%)]	Loss: 0.026982
Train Epoch: 4 [32000/60000 (53%)]	Loss: 0.042315
Train Epoch: 4 [34000/60000 (57%)]	Loss: 0.052951
Train Epoch: 4 [36000/60000 (60%)]	Loss: 0.115211
Train Epoch: 4 [38000/60000 (63%)]	Loss: 0.052581
Train Epoch: 4 [40000/60000 (67%)]	Loss: 0.072642
Train Epoch: 4 [42000/60000 (70%)]	Loss: 0.127047
Train Epoch: 4 [44000/60000 (73%)]	Loss: 0.155400
Train Epoch: 4 [46000/60000 (77%)]	Loss: 0.038907
Train Epoch: 4 [48000/60000 (80%)]	Loss: 0.059320
Train Epoch: 4 [50000/60000 (83%)]	Loss: 0.013672
Train Epoch: 4 [52000/60000 (87%)]	Loss: 0.065245
Train Epoch: 4 [54000/60000 (90%)]	Loss: 0.127938
Train Epoch: 4 [56000/60000 (93%)]	Loss: 0.025230
Train Epoch: 4 [58000/60000 (97%)]	Loss: 0.062218
Train Epoch: 4 [60000/60000 (100%)]	Loss: 0.062785

Average Training loss: 0.0042, Training Error Rate: 8.97% (5380/60000)


Average Test loss: 0.0755, Test Error Rate: 7.93% (793/10000)

Train Epoch: 5 [2000/60000 (3%)]	Loss: 0.086422
Train Epoch: 5 [4000/60000 (7%)]	Loss: 0.112684
Train Epoch: 5 [6000/60000 (10%)]	Loss: 0.100128
Train Epoch: 5 [8000/60000 (13%)]	Loss: 0.058240
Train Epoch: 5 [10000/60000 (17%)]	Loss: 0.156126
Train Epoch: 5 [12000/60000 (20%)]	Loss: 0.057633
Train Epoch: 5 [14000/60000 (23%)]	Loss: 0.052775
Train Epoch: 5 [16000/60000 (27%)]	Loss: 0.014822
Train Epoch: 5 [18000/60000 (30%)]	Loss: 0.102503
Train Epoch: 5 [20000/60000 (33%)]	Loss: 0.127179
Train Epoch: 5 [22000/60000 (37%)]	Loss: 0.111084
Train Epoch: 5 [24000/60000 (40%)]	Loss: 0.047179
Train Epoch: 5 [26000/60000 (43%)]	Loss: 0.118531
Train Epoch: 5 [28000/60000 (47%)]	Loss: 0.040558
Train Epoch: 5 [30000/60000 (50%)]	Loss: 0.060943
Train Epoch: 5 [32000/60000 (53%)]	Loss: 0.058418
Train Epoch: 5 [34000/60000 (57%)]	Loss: 0.111131
Train Epoch: 5 [36000/60000 (60%)]	Loss: 0.055582
Train Epoch: 5 [38000/60000 (63%)]	Loss: 0.070540
Train Epoch: 5 [40000/60000 (67%)]	Loss: 0.178649
Train Epoch: 5 [42000/60000 (70%)]	Loss: 0.053958
Train Epoch: 5 [44000/60000 (73%)]	Loss: 0.149556
Train Epoch: 5 [46000/60000 (77%)]	Loss: 0.221461
Train Epoch: 5 [48000/60000 (80%)]	Loss: 0.049659
Train Epoch: 5 [50000/60000 (83%)]	Loss: 0.016192
Train Epoch: 5 [52000/60000 (87%)]	Loss: 0.037689
Train Epoch: 5 [54000/60000 (90%)]	Loss: 0.070408
Train Epoch: 5 [56000/60000 (93%)]	Loss: 0.041435
Train Epoch: 5 [58000/60000 (97%)]	Loss: 0.051752
Train Epoch: 5 [60000/60000 (100%)]	Loss: 0.099940

Average Training loss: 0.0038, Training Error Rate: 8.24% (4944/60000)


Average Test loss: 0.0694, Test Error Rate: 7.58% (758/10000)

Train Epoch: 6 [2000/60000 (3%)]	Loss: 0.101250
Train Epoch: 6 [4000/60000 (7%)]	Loss: 0.060237
Train Epoch: 6 [6000/60000 (10%)]	Loss: 0.096567
Train Epoch: 6 [8000/60000 (13%)]	Loss: 0.027835
Train Epoch: 6 [10000/60000 (17%)]	Loss: 0.136994
Train Epoch: 6 [12000/60000 (20%)]	Loss: 0.062141
Train Epoch: 6 [14000/60000 (23%)]	Loss: 0.028928
Train Epoch: 6 [16000/60000 (27%)]	Loss: 0.031394
Train Epoch: 6 [18000/60000 (30%)]	Loss: 0.081410
Train Epoch: 6 [20000/60000 (33%)]	Loss: 0.087945
Train Epoch: 6 [22000/60000 (37%)]	Loss: 0.073864
Train Epoch: 6 [24000/60000 (40%)]	Loss: 0.033669
Train Epoch: 6 [26000/60000 (43%)]	Loss: 0.109430
Train Epoch: 6 [28000/60000 (47%)]	Loss: 0.086400
Train Epoch: 6 [30000/60000 (50%)]	Loss: 0.065242
Train Epoch: 6 [32000/60000 (53%)]	Loss: 0.013423
Train Epoch: 6 [34000/60000 (57%)]	Loss: 0.131665
Train Epoch: 6 [36000/60000 (60%)]	Loss: 0.028464
Train Epoch: 6 [38000/60000 (63%)]	Loss: 0.024478
Train Epoch: 6 [40000/60000 (67%)]	Loss: 0.068832
Train Epoch: 6 [42000/60000 (70%)]	Loss: 0.043832
Train Epoch: 6 [44000/60000 (73%)]	Loss: 0.023394
Train Epoch: 6 [46000/60000 (77%)]	Loss: 0.066761
Train Epoch: 6 [48000/60000 (80%)]	Loss: 0.095378
Train Epoch: 6 [50000/60000 (83%)]	Loss: 0.031074
Train Epoch: 6 [52000/60000 (87%)]	Loss: 0.138371
Train Epoch: 6 [54000/60000 (90%)]	Loss: 0.062828
Train Epoch: 6 [56000/60000 (93%)]	Loss: 0.056501
Train Epoch: 6 [58000/60000 (97%)]	Loss: 0.076432
Train Epoch: 6 [60000/60000 (100%)]	Loss: 0.070849

Average Training loss: 0.0035, Training Error Rate: 7.61% (4566/60000)


Average Test loss: 0.0642, Test Error Rate: 7.19% (719/10000)

Train Epoch: 7 [2000/60000 (3%)]	Loss: 0.125751
Train Epoch: 7 [4000/60000 (7%)]	Loss: 0.083338
Train Epoch: 7 [6000/60000 (10%)]	Loss: 0.096399
Train Epoch: 7 [8000/60000 (13%)]	Loss: 0.105208
Train Epoch: 7 [10000/60000 (17%)]	Loss: 0.069490
Train Epoch: 7 [12000/60000 (20%)]	Loss: 0.038383
Train Epoch: 7 [14000/60000 (23%)]	Loss: 0.048884
Train Epoch: 7 [16000/60000 (27%)]	Loss: 0.039958
Train Epoch: 7 [18000/60000 (30%)]	Loss: 0.013396
Train Epoch: 7 [20000/60000 (33%)]	Loss: 0.050317
Train Epoch: 7 [22000/60000 (37%)]	Loss: 0.115458
Train Epoch: 7 [24000/60000 (40%)]	Loss: 0.018667
Train Epoch: 7 [26000/60000 (43%)]	Loss: 0.050056
Train Epoch: 7 [28000/60000 (47%)]	Loss: 0.043858
Train Epoch: 7 [30000/60000 (50%)]	Loss: 0.083458
Train Epoch: 7 [32000/60000 (53%)]	Loss: 0.111683
Train Epoch: 7 [34000/60000 (57%)]	Loss: 0.043873
Train Epoch: 7 [36000/60000 (60%)]	Loss: 0.097926
Train Epoch: 7 [38000/60000 (63%)]	Loss: 0.049419
Train Epoch: 7 [40000/60000 (67%)]	Loss: 0.163400
Train Epoch: 7 [42000/60000 (70%)]	Loss: 0.055918
Train Epoch: 7 [44000/60000 (73%)]	Loss: 0.020932
Train Epoch: 7 [46000/60000 (77%)]	Loss: 0.131547
Train Epoch: 7 [48000/60000 (80%)]	Loss: 0.015733
Train Epoch: 7 [50000/60000 (83%)]	Loss: 0.070579
Train Epoch: 7 [52000/60000 (87%)]	Loss: 0.046706
Train Epoch: 7 [54000/60000 (90%)]	Loss: 0.068140
Train Epoch: 7 [56000/60000 (93%)]	Loss: 0.105754
Train Epoch: 7 [58000/60000 (97%)]	Loss: 0.056247
Train Epoch: 7 [60000/60000 (100%)]	Loss: 0.037550

Average Training loss: 0.0032, Training Error Rate: 7.10% (4260/60000)


Average Test loss: 0.0601, Test Error Rate: 6.84% (684/10000)

Train Epoch: 8 [2000/60000 (3%)]	Loss: 0.058304
Train Epoch: 8 [4000/60000 (7%)]	Loss: 0.076696
Train Epoch: 8 [6000/60000 (10%)]	Loss: 0.049961
Train Epoch: 8 [8000/60000 (13%)]	Loss: 0.027916
Train Epoch: 8 [10000/60000 (17%)]	Loss: 0.031154
Train Epoch: 8 [12000/60000 (20%)]	Loss: 0.067242
Train Epoch: 8 [14000/60000 (23%)]	Loss: 0.041262
Train Epoch: 8 [16000/60000 (27%)]	Loss: 0.066361
Train Epoch: 8 [18000/60000 (30%)]	Loss: 0.011702
Train Epoch: 8 [20000/60000 (33%)]	Loss: 0.049123
Train Epoch: 8 [22000/60000 (37%)]	Loss: 0.034688
Train Epoch: 8 [24000/60000 (40%)]	Loss: 0.039359
Train Epoch: 8 [26000/60000 (43%)]	Loss: 0.064611
Train Epoch: 8 [28000/60000 (47%)]	Loss: 0.110139
Train Epoch: 8 [30000/60000 (50%)]	Loss: 0.091372
Train Epoch: 8 [32000/60000 (53%)]	Loss: 0.039170
Train Epoch: 8 [34000/60000 (57%)]	Loss: 0.069319
Train Epoch: 8 [36000/60000 (60%)]	Loss: 0.047725
Train Epoch: 8 [38000/60000 (63%)]	Loss: 0.062150
Train Epoch: 8 [40000/60000 (67%)]	Loss: 0.113622
Train Epoch: 8 [42000/60000 (70%)]	Loss: 0.074512
Train Epoch: 8 [44000/60000 (73%)]	Loss: 0.037724
Train Epoch: 8 [46000/60000 (77%)]	Loss: 0.060481
Train Epoch: 8 [48000/60000 (80%)]	Loss: 0.015365
Train Epoch: 8 [50000/60000 (83%)]	Loss: 0.036874
Train Epoch: 8 [52000/60000 (87%)]	Loss: 0.043051
Train Epoch: 8 [54000/60000 (90%)]	Loss: 0.037831
Train Epoch: 8 [56000/60000 (93%)]	Loss: 0.159127
Train Epoch: 8 [58000/60000 (97%)]	Loss: 0.010581
Train Epoch: 8 [60000/60000 (100%)]	Loss: 0.043769

Average Training loss: 0.0030, Training Error Rate: 6.68% (4010/60000)


Average Test loss: 0.0567, Test Error Rate: 6.65% (665/10000)

Train Epoch: 9 [2000/60000 (3%)]	Loss: 0.053036
Train Epoch: 9 [4000/60000 (7%)]	Loss: 0.021516
Train Epoch: 9 [6000/60000 (10%)]	Loss: 0.011249
Train Epoch: 9 [8000/60000 (13%)]	Loss: 0.073293
Train Epoch: 9 [10000/60000 (17%)]	Loss: 0.051398
Train Epoch: 9 [12000/60000 (20%)]	Loss: 0.043887
Train Epoch: 9 [14000/60000 (23%)]	Loss: 0.076526
Train Epoch: 9 [16000/60000 (27%)]	Loss: 0.050958
Train Epoch: 9 [18000/60000 (30%)]	Loss: 0.029996
Train Epoch: 9 [20000/60000 (33%)]	Loss: 0.024152
Train Epoch: 9 [22000/60000 (37%)]	Loss: 0.072410
Train Epoch: 9 [24000/60000 (40%)]	Loss: 0.043688
Train Epoch: 9 [26000/60000 (43%)]	Loss: 0.007681
Train Epoch: 9 [28000/60000 (47%)]	Loss: 0.074148
Train Epoch: 9 [30000/60000 (50%)]	Loss: 0.088941
Train Epoch: 9 [32000/60000 (53%)]	Loss: 0.011138
Train Epoch: 9 [34000/60000 (57%)]	Loss: 0.038814
Train Epoch: 9 [36000/60000 (60%)]	Loss: 0.053230
Train Epoch: 9 [38000/60000 (63%)]	Loss: 0.023236
Train Epoch: 9 [40000/60000 (67%)]	Loss: 0.021563
Train Epoch: 9 [42000/60000 (70%)]	Loss: 0.011293
Train Epoch: 9 [44000/60000 (73%)]	Loss: 0.061195
Train Epoch: 9 [46000/60000 (77%)]	Loss: 0.033282
Train Epoch: 9 [48000/60000 (80%)]	Loss: 0.051688
Train Epoch: 9 [50000/60000 (83%)]	Loss: 0.032151
Train Epoch: 9 [52000/60000 (87%)]	Loss: 0.022388
Train Epoch: 9 [54000/60000 (90%)]	Loss: 0.020156
Train Epoch: 9 [56000/60000 (93%)]	Loss: 0.122741
Train Epoch: 9 [58000/60000 (97%)]	Loss: 0.078625
Train Epoch: 9 [60000/60000 (100%)]	Loss: 0.024704

Average Training loss: 0.0028, Training Error Rate: 6.37% (3824/60000)


Average Test loss: 0.0534, Test Error Rate: 6.37% (637/10000)

Train Epoch: 10 [2000/60000 (3%)]	Loss: 0.090141
Train Epoch: 10 [4000/60000 (7%)]	Loss: 0.040753
Train Epoch: 10 [6000/60000 (10%)]	Loss: 0.007224
Train Epoch: 10 [8000/60000 (13%)]	Loss: 0.097475
Train Epoch: 10 [10000/60000 (17%)]	Loss: 0.039060
Train Epoch: 10 [12000/60000 (20%)]	Loss: 0.047729
Train Epoch: 10 [14000/60000 (23%)]	Loss: 0.014553
Train Epoch: 10 [16000/60000 (27%)]	Loss: 0.076927
Train Epoch: 10 [18000/60000 (30%)]	Loss: 0.008772
Train Epoch: 10 [20000/60000 (33%)]	Loss: 0.048714
Train Epoch: 10 [22000/60000 (37%)]	Loss: 0.022690
Train Epoch: 10 [24000/60000 (40%)]	Loss: 0.056502
Train Epoch: 10 [26000/60000 (43%)]	Loss: 0.020351
Train Epoch: 10 [28000/60000 (47%)]	Loss: 0.065154
Train Epoch: 10 [30000/60000 (50%)]	Loss: 0.045016
Train Epoch: 10 [32000/60000 (53%)]	Loss: 0.048649
Train Epoch: 10 [34000/60000 (57%)]	Loss: 0.045481
Train Epoch: 10 [36000/60000 (60%)]	Loss: 0.035124
Train Epoch: 10 [38000/60000 (63%)]	Loss: 0.065518
Train Epoch: 10 [40000/60000 (67%)]	Loss: 0.041447
Train Epoch: 10 [42000/60000 (70%)]	Loss: 0.040588
Train Epoch: 10 [44000/60000 (73%)]	Loss: 0.110647
Train Epoch: 10 [46000/60000 (77%)]	Loss: 0.010250
Train Epoch: 10 [48000/60000 (80%)]	Loss: 0.021892
Train Epoch: 10 [50000/60000 (83%)]	Loss: 0.022142
Train Epoch: 10 [52000/60000 (87%)]	Loss: 0.038041
Train Epoch: 10 [54000/60000 (90%)]	Loss: 0.041917
Train Epoch: 10 [56000/60000 (93%)]	Loss: 0.053578
Train Epoch: 10 [58000/60000 (97%)]	Loss: 0.073356
Train Epoch: 10 [60000/60000 (100%)]	Loss: 0.012063

Average Training loss: 0.0027, Training Error Rate: 6.03% (3615/60000)


Average Test loss: 0.0512, Test Error Rate: 5.97% (597/10000)

Train Epoch: 11 [2000/60000 (3%)]	Loss: 0.106567
Train Epoch: 11 [4000/60000 (7%)]	Loss: 0.082365
Train Epoch: 11 [6000/60000 (10%)]	Loss: 0.055021
Train Epoch: 11 [8000/60000 (13%)]	Loss: 0.030001
Train Epoch: 11 [10000/60000 (17%)]	Loss: 0.005025
Train Epoch: 11 [12000/60000 (20%)]	Loss: 0.029540
Train Epoch: 11 [14000/60000 (23%)]	Loss: 0.018394
Train Epoch: 11 [16000/60000 (27%)]	Loss: 0.051767
Train Epoch: 11 [18000/60000 (30%)]	Loss: 0.053690
Train Epoch: 11 [20000/60000 (33%)]	Loss: 0.056581
Train Epoch: 11 [22000/60000 (37%)]	Loss: 0.020028
Train Epoch: 11 [24000/60000 (40%)]	Loss: 0.048471
Train Epoch: 11 [26000/60000 (43%)]	Loss: 0.053719
Train Epoch: 11 [28000/60000 (47%)]	Loss: 0.032477
Train Epoch: 11 [30000/60000 (50%)]	Loss: 0.032255
Train Epoch: 11 [32000/60000 (53%)]	Loss: 0.085787
Train Epoch: 11 [34000/60000 (57%)]	Loss: 0.046863
Train Epoch: 11 [36000/60000 (60%)]	Loss: 0.040281
Train Epoch: 11 [38000/60000 (63%)]	Loss: 0.043294
Train Epoch: 11 [40000/60000 (67%)]	Loss: 0.033644
Train Epoch: 11 [42000/60000 (70%)]	Loss: 0.021492
Train Epoch: 11 [44000/60000 (73%)]	Loss: 0.023531
Train Epoch: 11 [46000/60000 (77%)]	Loss: 0.079362
Train Epoch: 11 [48000/60000 (80%)]	Loss: 0.019014
Train Epoch: 11 [50000/60000 (83%)]	Loss: 0.044571
Train Epoch: 11 [52000/60000 (87%)]	Loss: 0.071172
Train Epoch: 11 [54000/60000 (90%)]	Loss: 0.018866
Train Epoch: 11 [56000/60000 (93%)]	Loss: 0.058616
Train Epoch: 11 [58000/60000 (97%)]	Loss: 0.100451
Train Epoch: 11 [60000/60000 (100%)]	Loss: 0.050084

Average Training loss: 0.0025, Training Error Rate: 5.81% (3488/60000)


Average Test loss: 0.0500, Test Error Rate: 5.95% (595/10000)

Train Epoch: 12 [2000/60000 (3%)]	Loss: 0.053704
Train Epoch: 12 [4000/60000 (7%)]	Loss: 0.103991
Train Epoch: 12 [6000/60000 (10%)]	Loss: 0.018191
Train Epoch: 12 [8000/60000 (13%)]	Loss: 0.030676
Train Epoch: 12 [10000/60000 (17%)]	Loss: 0.051140
Train Epoch: 12 [12000/60000 (20%)]	Loss: 0.060598
Train Epoch: 12 [14000/60000 (23%)]	Loss: 0.020756
Train Epoch: 12 [16000/60000 (27%)]	Loss: 0.030842
Train Epoch: 12 [18000/60000 (30%)]	Loss: 0.053185
Train Epoch: 12 [20000/60000 (33%)]	Loss: 0.023682
Train Epoch: 12 [22000/60000 (37%)]	Loss: 0.025844
Train Epoch: 12 [24000/60000 (40%)]	Loss: 0.030400
Train Epoch: 12 [26000/60000 (43%)]	Loss: 0.031109
Train Epoch: 12 [28000/60000 (47%)]	Loss: 0.018139
Train Epoch: 12 [30000/60000 (50%)]	Loss: 0.018513
Train Epoch: 12 [32000/60000 (53%)]	Loss: 0.045768
Train Epoch: 12 [34000/60000 (57%)]	Loss: 0.009484
Train Epoch: 12 [36000/60000 (60%)]	Loss: 0.049818
Train Epoch: 12 [38000/60000 (63%)]	Loss: 0.035357
Train Epoch: 12 [40000/60000 (67%)]	Loss: 0.044571
Train Epoch: 12 [42000/60000 (70%)]	Loss: 0.056339
Train Epoch: 12 [44000/60000 (73%)]	Loss: 0.030786
Train Epoch: 12 [46000/60000 (77%)]	Loss: 0.039872
Train Epoch: 12 [48000/60000 (80%)]	Loss: 0.016739
Train Epoch: 12 [50000/60000 (83%)]	Loss: 0.024229
Train Epoch: 12 [52000/60000 (87%)]	Loss: 0.008389
Train Epoch: 12 [54000/60000 (90%)]	Loss: 0.131707
Train Epoch: 12 [56000/60000 (93%)]	Loss: 0.004606
Train Epoch: 12 [58000/60000 (97%)]	Loss: 0.058296
Train Epoch: 12 [60000/60000 (100%)]	Loss: 0.040282

Average Training loss: 0.0024, Training Error Rate: 5.60% (3359/60000)


Average Test loss: 0.0474, Test Error Rate: 5.73% (573/10000)

Train Epoch: 13 [2000/60000 (3%)]	Loss: 0.017471
Train Epoch: 13 [4000/60000 (7%)]	Loss: 0.087878
Train Epoch: 13 [6000/60000 (10%)]	Loss: 0.116060
Train Epoch: 13 [8000/60000 (13%)]	Loss: 0.080352
Train Epoch: 13 [10000/60000 (17%)]	Loss: 0.058077
Train Epoch: 13 [12000/60000 (20%)]	Loss: 0.145070
Train Epoch: 13 [14000/60000 (23%)]	Loss: 0.053801
Train Epoch: 13 [16000/60000 (27%)]	Loss: 0.007664
Train Epoch: 13 [18000/60000 (30%)]	Loss: 0.039462
Train Epoch: 13 [20000/60000 (33%)]	Loss: 0.052852
Train Epoch: 13 [22000/60000 (37%)]	Loss: 0.047747
Train Epoch: 13 [24000/60000 (40%)]	Loss: 0.023238
Train Epoch: 13 [26000/60000 (43%)]	Loss: 0.026874
Train Epoch: 13 [28000/60000 (47%)]	Loss: 0.021455
Train Epoch: 13 [30000/60000 (50%)]	Loss: 0.081967
Train Epoch: 13 [32000/60000 (53%)]	Loss: 0.013201
Train Epoch: 13 [34000/60000 (57%)]	Loss: 0.048651
Train Epoch: 13 [36000/60000 (60%)]	Loss: 0.004438
Train Epoch: 13 [38000/60000 (63%)]	Loss: 0.073480
Train Epoch: 13 [40000/60000 (67%)]	Loss: 0.042751
Train Epoch: 13 [42000/60000 (70%)]	Loss: 0.138573
Train Epoch: 13 [44000/60000 (73%)]	Loss: 0.112448
Train Epoch: 13 [46000/60000 (77%)]	Loss: 0.052186
Train Epoch: 13 [48000/60000 (80%)]	Loss: 0.006308
Train Epoch: 13 [50000/60000 (83%)]	Loss: 0.074266
Train Epoch: 13 [52000/60000 (87%)]	Loss: 0.057076
Train Epoch: 13 [54000/60000 (90%)]	Loss: 0.049149
Train Epoch: 13 [56000/60000 (93%)]	Loss: 0.008797
Train Epoch: 13 [58000/60000 (97%)]	Loss: 0.051871
Train Epoch: 13 [60000/60000 (100%)]	Loss: 0.084637

Average Training loss: 0.0023, Training Error Rate: 5.34% (3206/60000)


Average Test loss: 0.0461, Test Error Rate: 5.55% (555/10000)

Train Epoch: 14 [2000/60000 (3%)]	Loss: 0.053575
Train Epoch: 14 [4000/60000 (7%)]	Loss: 0.031260
Train Epoch: 14 [6000/60000 (10%)]	Loss: 0.088496
Train Epoch: 14 [8000/60000 (13%)]	Loss: 0.077446
Train Epoch: 14 [10000/60000 (17%)]	Loss: 0.041311
Train Epoch: 14 [12000/60000 (20%)]	Loss: 0.073398
Train Epoch: 14 [14000/60000 (23%)]	Loss: 0.034888
Train Epoch: 14 [16000/60000 (27%)]	Loss: 0.001020
Train Epoch: 14 [18000/60000 (30%)]	Loss: 0.029817
Train Epoch: 14 [20000/60000 (33%)]	Loss: 0.054894
Train Epoch: 14 [22000/60000 (37%)]	Loss: 0.053568
Train Epoch: 14 [24000/60000 (40%)]	Loss: 0.099103
Train Epoch: 14 [26000/60000 (43%)]	Loss: 0.077590
Train Epoch: 14 [28000/60000 (47%)]	Loss: 0.045822
Train Epoch: 14 [30000/60000 (50%)]	Loss: 0.086728
Train Epoch: 14 [32000/60000 (53%)]	Loss: 0.106939
Train Epoch: 14 [34000/60000 (57%)]	Loss: 0.122567
Train Epoch: 14 [36000/60000 (60%)]	Loss: 0.013124
Train Epoch: 14 [38000/60000 (63%)]	Loss: 0.084767
Train Epoch: 14 [40000/60000 (67%)]	Loss: 0.112188
Train Epoch: 14 [42000/60000 (70%)]	Loss: 0.047647
Train Epoch: 14 [44000/60000 (73%)]	Loss: 0.000149
Train Epoch: 14 [46000/60000 (77%)]	Loss: 0.104731
Train Epoch: 14 [48000/60000 (80%)]	Loss: 0.010954
Train Epoch: 14 [50000/60000 (83%)]	Loss: 0.005237
Train Epoch: 14 [52000/60000 (87%)]	Loss: 0.051890
Train Epoch: 14 [54000/60000 (90%)]	Loss: 0.004823
Train Epoch: 14 [56000/60000 (93%)]	Loss: 0.075840
Train Epoch: 14 [58000/60000 (97%)]	Loss: 0.032876
Train Epoch: 14 [60000/60000 (100%)]	Loss: 0.025069

Average Training loss: 0.0022, Training Error Rate: 5.13% (3077/60000)


Average Test loss: 0.0456, Test Error Rate: 5.44% (544/10000)

Train Epoch: 15 [2000/60000 (3%)]	Loss: 0.108802
Train Epoch: 15 [4000/60000 (7%)]	Loss: 0.022650
Train Epoch: 15 [6000/60000 (10%)]	Loss: 0.042886
Train Epoch: 15 [8000/60000 (13%)]	Loss: 0.050129
Train Epoch: 15 [10000/60000 (17%)]	Loss: 0.031414
Train Epoch: 15 [12000/60000 (20%)]	Loss: 0.088116
Train Epoch: 15 [14000/60000 (23%)]	Loss: 0.068753
Train Epoch: 15 [16000/60000 (27%)]	Loss: 0.019948
Train Epoch: 15 [18000/60000 (30%)]	Loss: 0.122194
Train Epoch: 15 [20000/60000 (33%)]	Loss: 0.028881
Train Epoch: 15 [22000/60000 (37%)]	Loss: 0.007679
Train Epoch: 15 [24000/60000 (40%)]	Loss: 0.033128
Train Epoch: 15 [26000/60000 (43%)]	Loss: 0.003542
Train Epoch: 15 [28000/60000 (47%)]	Loss: 0.046344
Train Epoch: 15 [30000/60000 (50%)]	Loss: 0.044038
Train Epoch: 15 [32000/60000 (53%)]	Loss: 0.057421
Train Epoch: 15 [34000/60000 (57%)]	Loss: 0.111119
Train Epoch: 15 [36000/60000 (60%)]	Loss: 0.074065
Train Epoch: 15 [38000/60000 (63%)]	Loss: 0.020983
Train Epoch: 15 [40000/60000 (67%)]	Loss: 0.038311
Train Epoch: 15 [42000/60000 (70%)]	Loss: 0.101173
Train Epoch: 15 [44000/60000 (73%)]	Loss: 0.128923
Train Epoch: 15 [46000/60000 (77%)]	Loss: 0.025363
Train Epoch: 15 [48000/60000 (80%)]	Loss: 0.007456
Train Epoch: 15 [50000/60000 (83%)]	Loss: 0.008364
Train Epoch: 15 [52000/60000 (87%)]	Loss: 0.004415
Train Epoch: 15 [54000/60000 (90%)]	Loss: 0.046835
Train Epoch: 15 [56000/60000 (93%)]	Loss: 0.010169
Train Epoch: 15 [58000/60000 (97%)]	Loss: 0.039173
Train Epoch: 15 [60000/60000 (100%)]	Loss: 0.029319

Average Training loss: 0.0022, Training Error Rate: 4.88% (2926/60000)


Average Test loss: 0.0438, Test Error Rate: 5.18% (518/10000)

Train Epoch: 16 [2000/60000 (3%)]	Loss: 0.007025
Train Epoch: 16 [4000/60000 (7%)]	Loss: 0.023832
Train Epoch: 16 [6000/60000 (10%)]	Loss: 0.022205
Train Epoch: 16 [8000/60000 (13%)]	Loss: 0.005269
Train Epoch: 16 [10000/60000 (17%)]	Loss: 0.015422
Train Epoch: 16 [12000/60000 (20%)]	Loss: 0.004543
Train Epoch: 16 [14000/60000 (23%)]	Loss: 0.023493
Train Epoch: 16 [16000/60000 (27%)]	Loss: 0.011491
Train Epoch: 16 [18000/60000 (30%)]	Loss: 0.021107
Train Epoch: 16 [20000/60000 (33%)]	Loss: 0.065734
Train Epoch: 16 [22000/60000 (37%)]	Loss: 0.010085
Train Epoch: 16 [24000/60000 (40%)]	Loss: 0.023012
Train Epoch: 16 [26000/60000 (43%)]	Loss: 0.027452
Train Epoch: 16 [28000/60000 (47%)]	Loss: 0.102080
Train Epoch: 16 [30000/60000 (50%)]	Loss: 0.029068
Train Epoch: 16 [32000/60000 (53%)]	Loss: 0.056477
Train Epoch: 16 [34000/60000 (57%)]	Loss: 0.047129
Train Epoch: 16 [36000/60000 (60%)]	Loss: 0.010583
Train Epoch: 16 [38000/60000 (63%)]	Loss: 0.007963
Train Epoch: 16 [40000/60000 (67%)]	Loss: 0.004907
Train Epoch: 16 [42000/60000 (70%)]	Loss: 0.089917
Train Epoch: 16 [44000/60000 (73%)]	Loss: 0.020746
Train Epoch: 16 [46000/60000 (77%)]	Loss: 0.025698
Train Epoch: 16 [48000/60000 (80%)]	Loss: 0.074286
Train Epoch: 16 [50000/60000 (83%)]	Loss: 0.033286
Train Epoch: 16 [52000/60000 (87%)]	Loss: 0.017194
Train Epoch: 16 [54000/60000 (90%)]	Loss: 0.003533
Train Epoch: 16 [56000/60000 (93%)]	Loss: 0.020976
Train Epoch: 16 [58000/60000 (97%)]	Loss: 0.072568
Train Epoch: 16 [60000/60000 (100%)]	Loss: 0.008707

Average Training loss: 0.0021, Training Error Rate: 4.71% (2823/60000)


Average Test loss: 0.0426, Test Error Rate: 5.04% (504/10000)

Train Epoch: 17 [2000/60000 (3%)]	Loss: 0.060189
Train Epoch: 17 [4000/60000 (7%)]	Loss: 0.002854
Train Epoch: 17 [6000/60000 (10%)]	Loss: 0.097656
Train Epoch: 17 [8000/60000 (13%)]	Loss: 0.062681
Train Epoch: 17 [10000/60000 (17%)]	Loss: 0.011868
Train Epoch: 17 [12000/60000 (20%)]	Loss: 0.056559
Train Epoch: 17 [14000/60000 (23%)]	Loss: 0.083801
Train Epoch: 17 [16000/60000 (27%)]	Loss: 0.028801
Train Epoch: 17 [18000/60000 (30%)]	Loss: 0.017755
Train Epoch: 17 [20000/60000 (33%)]	Loss: 0.121970
Train Epoch: 17 [22000/60000 (37%)]	Loss: 0.014882
Train Epoch: 17 [24000/60000 (40%)]	Loss: 0.032308
Train Epoch: 17 [26000/60000 (43%)]	Loss: 0.071213
Train Epoch: 17 [28000/60000 (47%)]	Loss: 0.007227
Train Epoch: 17 [30000/60000 (50%)]	Loss: 0.092852
Train Epoch: 17 [32000/60000 (53%)]	Loss: 0.032512
Train Epoch: 17 [34000/60000 (57%)]	Loss: 0.006412
Train Epoch: 17 [36000/60000 (60%)]	Loss: 0.101307
Train Epoch: 17 [38000/60000 (63%)]	Loss: 0.054190
Train Epoch: 17 [40000/60000 (67%)]	Loss: 0.054853
Train Epoch: 17 [42000/60000 (70%)]	Loss: 0.068107
Train Epoch: 17 [44000/60000 (73%)]	Loss: 0.051165
Train Epoch: 17 [46000/60000 (77%)]	Loss: 0.019012
Train Epoch: 17 [48000/60000 (80%)]	Loss: 0.003740
Train Epoch: 17 [50000/60000 (83%)]	Loss: 0.002903
Train Epoch: 17 [52000/60000 (87%)]	Loss: 0.104290
Train Epoch: 17 [54000/60000 (90%)]	Loss: 0.049827
Train Epoch: 17 [56000/60000 (93%)]	Loss: 0.074666
Train Epoch: 17 [58000/60000 (97%)]	Loss: 0.016822
Train Epoch: 17 [60000/60000 (100%)]	Loss: 0.015063

Average Training loss: 0.0020, Training Error Rate: 4.60% (2762/60000)


Average Test loss: 0.0405, Test Error Rate: 4.77% (477/10000)

Train Epoch: 18 [2000/60000 (3%)]	Loss: 0.003700
Train Epoch: 18 [4000/60000 (7%)]	Loss: 0.049631
Train Epoch: 18 [6000/60000 (10%)]	Loss: 0.016243
Train Epoch: 18 [8000/60000 (13%)]	Loss: 0.107798
Train Epoch: 18 [10000/60000 (17%)]	Loss: 0.060279
Train Epoch: 18 [12000/60000 (20%)]	Loss: 0.001247
Train Epoch: 18 [14000/60000 (23%)]	Loss: 0.056075
Train Epoch: 18 [16000/60000 (27%)]	Loss: 0.019120
Train Epoch: 18 [18000/60000 (30%)]	Loss: 0.069817
Train Epoch: 18 [20000/60000 (33%)]	Loss: 0.109204
Train Epoch: 18 [22000/60000 (37%)]	Loss: 0.008953
Train Epoch: 18 [24000/60000 (40%)]	Loss: 0.000175
Train Epoch: 18 [26000/60000 (43%)]	Loss: 0.006981
Train Epoch: 18 [28000/60000 (47%)]	Loss: 0.008548
Train Epoch: 18 [30000/60000 (50%)]	Loss: 0.047440
Train Epoch: 18 [32000/60000 (53%)]	Loss: 0.018448
Train Epoch: 18 [34000/60000 (57%)]	Loss: 0.011552
Train Epoch: 18 [36000/60000 (60%)]	Loss: 0.072956
Train Epoch: 18 [38000/60000 (63%)]	Loss: 0.017760
Train Epoch: 18 [40000/60000 (67%)]	Loss: 0.074819
Train Epoch: 18 [42000/60000 (70%)]	Loss: 0.047298
Train Epoch: 18 [44000/60000 (73%)]	Loss: 0.053907
Train Epoch: 18 [46000/60000 (77%)]	Loss: 0.016593
Train Epoch: 18 [48000/60000 (80%)]	Loss: 0.132402
Train Epoch: 18 [50000/60000 (83%)]	Loss: 0.126077
Train Epoch: 18 [52000/60000 (87%)]	Loss: 0.067257
Train Epoch: 18 [54000/60000 (90%)]	Loss: 0.006633
Train Epoch: 18 [56000/60000 (93%)]	Loss: 0.128081
Train Epoch: 18 [58000/60000 (97%)]	Loss: 0.078176
Train Epoch: 18 [60000/60000 (100%)]	Loss: 0.030098

Average Training loss: 0.0020, Training Error Rate: 4.47% (2680/60000)


Average Test loss: 0.0406, Test Error Rate: 4.71% (471/10000)

Train Epoch: 19 [2000/60000 (3%)]	Loss: 0.005439
Train Epoch: 19 [4000/60000 (7%)]	Loss: 0.009965
Train Epoch: 19 [6000/60000 (10%)]	Loss: 0.027678
Train Epoch: 19 [8000/60000 (13%)]	Loss: 0.087605
Train Epoch: 19 [10000/60000 (17%)]	Loss: 0.024249
Train Epoch: 19 [12000/60000 (20%)]	Loss: 0.058092
Train Epoch: 19 [14000/60000 (23%)]	Loss: 0.080131
Train Epoch: 19 [16000/60000 (27%)]	Loss: 0.001359
Train Epoch: 19 [18000/60000 (30%)]	Loss: 0.056653
Train Epoch: 19 [20000/60000 (33%)]	Loss: 0.031258
Train Epoch: 19 [22000/60000 (37%)]	Loss: 0.083705
Train Epoch: 19 [24000/60000 (40%)]	Loss: 0.039878
Train Epoch: 19 [26000/60000 (43%)]	Loss: 0.029917
Train Epoch: 19 [28000/60000 (47%)]	Loss: 0.009738
Train Epoch: 19 [30000/60000 (50%)]	Loss: 0.021505
Train Epoch: 19 [32000/60000 (53%)]	Loss: 0.092712
Train Epoch: 19 [34000/60000 (57%)]	Loss: 0.044208
Train Epoch: 19 [36000/60000 (60%)]	Loss: 0.006786
Train Epoch: 19 [38000/60000 (63%)]	Loss: 0.044154
Train Epoch: 19 [40000/60000 (67%)]	Loss: 0.024420
Train Epoch: 19 [42000/60000 (70%)]	Loss: 0.048709
Train Epoch: 19 [44000/60000 (73%)]	Loss: 0.015861
Train Epoch: 19 [46000/60000 (77%)]	Loss: 0.008780
Train Epoch: 19 [48000/60000 (80%)]	Loss: 0.051355
Train Epoch: 19 [50000/60000 (83%)]	Loss: 0.006857
Train Epoch: 19 [52000/60000 (87%)]	Loss: 0.062239
Train Epoch: 19 [54000/60000 (90%)]	Loss: 0.012625
Train Epoch: 19 [56000/60000 (93%)]	Loss: 0.018516
Train Epoch: 19 [58000/60000 (97%)]	Loss: 0.001141
Train Epoch: 19 [60000/60000 (100%)]	Loss: 0.045004

Average Training loss: 0.0019, Training Error Rate: 4.29% (2574/60000)


Average Test loss: 0.0419, Test Error Rate: 4.91% (491/10000)

Train Epoch: 20 [2000/60000 (3%)]	Loss: 0.058937
Train Epoch: 20 [4000/60000 (7%)]	Loss: 0.079581
Train Epoch: 20 [6000/60000 (10%)]	Loss: 0.031814
Train Epoch: 20 [8000/60000 (13%)]	Loss: 0.048919
Train Epoch: 20 [10000/60000 (17%)]	Loss: 0.109196
Train Epoch: 20 [12000/60000 (20%)]	Loss: 0.003493
Train Epoch: 20 [14000/60000 (23%)]	Loss: 0.000000
Train Epoch: 20 [16000/60000 (27%)]	Loss: 0.026323
Train Epoch: 20 [18000/60000 (30%)]	Loss: 0.018988
Train Epoch: 20 [20000/60000 (33%)]	Loss: 0.057931
Train Epoch: 20 [22000/60000 (37%)]	Loss: 0.009363
Train Epoch: 20 [24000/60000 (40%)]	Loss: 0.037172
Train Epoch: 20 [26000/60000 (43%)]	Loss: 0.015702
Train Epoch: 20 [28000/60000 (47%)]	Loss: 0.002398
Train Epoch: 20 [30000/60000 (50%)]	Loss: 0.001581
Train Epoch: 20 [32000/60000 (53%)]	Loss: 0.049472
Train Epoch: 20 [34000/60000 (57%)]	Loss: 0.009516
Train Epoch: 20 [36000/60000 (60%)]	Loss: 0.042744
Train Epoch: 20 [38000/60000 (63%)]	Loss: 0.001286
Train Epoch: 20 [40000/60000 (67%)]	Loss: 0.040755
Train Epoch: 20 [42000/60000 (70%)]	Loss: 0.020228
Train Epoch: 20 [44000/60000 (73%)]	Loss: 0.058649
Train Epoch: 20 [46000/60000 (77%)]	Loss: 0.116369
Train Epoch: 20 [48000/60000 (80%)]	Loss: 0.077897
Train Epoch: 20 [50000/60000 (83%)]	Loss: 0.055256
Train Epoch: 20 [52000/60000 (87%)]	Loss: 0.000410
Train Epoch: 20 [54000/60000 (90%)]	Loss: 0.010354
Train Epoch: 20 [56000/60000 (93%)]	Loss: 0.000617
Train Epoch: 20 [58000/60000 (97%)]	Loss: 0.044332
Train Epoch: 20 [60000/60000 (100%)]	Loss: 0.077623

Average Training loss: 0.0019, Training Error Rate: 4.21% (2524/60000)


Average Test loss: 0.0403, Test Error Rate: 4.82% (482/10000)

Train Epoch: 21 [2000/60000 (3%)]	Loss: 0.040305
Train Epoch: 21 [4000/60000 (7%)]	Loss: 0.037700
Train Epoch: 21 [6000/60000 (10%)]	Loss: 0.001244
Train Epoch: 21 [8000/60000 (13%)]	Loss: 0.013851
Train Epoch: 21 [10000/60000 (17%)]	Loss: 0.067308
Train Epoch: 21 [12000/60000 (20%)]	Loss: 0.007185
Train Epoch: 21 [14000/60000 (23%)]	Loss: 0.018079
Train Epoch: 21 [16000/60000 (27%)]	Loss: 0.027007
Train Epoch: 21 [18000/60000 (30%)]	Loss: 0.048779
Train Epoch: 21 [20000/60000 (33%)]	Loss: 0.035524
Train Epoch: 21 [22000/60000 (37%)]	Loss: 0.015963
Train Epoch: 21 [24000/60000 (40%)]	Loss: 0.005396
Train Epoch: 21 [26000/60000 (43%)]	Loss: 0.001917
Train Epoch: 21 [28000/60000 (47%)]	Loss: 0.037761
Train Epoch: 21 [30000/60000 (50%)]	Loss: 0.048701
Train Epoch: 21 [32000/60000 (53%)]	Loss: 0.001166
Train Epoch: 21 [34000/60000 (57%)]	Loss: 0.009947
Train Epoch: 21 [36000/60000 (60%)]	Loss: 0.014048
Train Epoch: 21 [38000/60000 (63%)]	Loss: 0.000933
Train Epoch: 21 [40000/60000 (67%)]	Loss: 0.079763
Train Epoch: 21 [42000/60000 (70%)]	Loss: 0.007822
Train Epoch: 21 [44000/60000 (73%)]	Loss: 0.031474
Train Epoch: 21 [46000/60000 (77%)]	Loss: 0.022518
Train Epoch: 21 [48000/60000 (80%)]	Loss: 0.000000
Train Epoch: 21 [50000/60000 (83%)]	Loss: 0.008221
Train Epoch: 21 [52000/60000 (87%)]	Loss: 0.050073
Train Epoch: 21 [54000/60000 (90%)]	Loss: 0.038799
Train Epoch: 21 [56000/60000 (93%)]	Loss: 0.012761
Train Epoch: 21 [58000/60000 (97%)]	Loss: 0.034739
Train Epoch: 21 [60000/60000 (100%)]	Loss: 0.007351

Average Training loss: 0.0018, Training Error Rate: 4.14% (2487/60000)


Average Test loss: 0.0405, Test Error Rate: 4.67% (467/10000)

Train Epoch: 22 [2000/60000 (3%)]	Loss: 0.040310
Train Epoch: 22 [4000/60000 (7%)]	Loss: 0.004064
Train Epoch: 22 [6000/60000 (10%)]	Loss: 0.021807
Train Epoch: 22 [8000/60000 (13%)]	Loss: 0.011403
Train Epoch: 22 [10000/60000 (17%)]	Loss: 0.004919
Train Epoch: 22 [12000/60000 (20%)]	Loss: 0.050660
Train Epoch: 22 [14000/60000 (23%)]	Loss: 0.126269
Train Epoch: 22 [16000/60000 (27%)]	Loss: 0.007315
Train Epoch: 22 [18000/60000 (30%)]	Loss: 0.041106
Train Epoch: 22 [20000/60000 (33%)]	Loss: 0.024234
Train Epoch: 22 [22000/60000 (37%)]	Loss: 0.111537
Train Epoch: 22 [24000/60000 (40%)]	Loss: 0.056772
Train Epoch: 22 [26000/60000 (43%)]	Loss: 0.060493
Train Epoch: 22 [28000/60000 (47%)]	Loss: 0.017088
Train Epoch: 22 [30000/60000 (50%)]	Loss: 0.034064
Train Epoch: 22 [32000/60000 (53%)]	Loss: 0.000000
Train Epoch: 22 [34000/60000 (57%)]	Loss: 0.024210
Train Epoch: 22 [36000/60000 (60%)]	Loss: 0.048879
Train Epoch: 22 [38000/60000 (63%)]	Loss: 0.025982
Train Epoch: 22 [40000/60000 (67%)]	Loss: 0.025658
Train Epoch: 22 [42000/60000 (70%)]	Loss: 0.014517
Train Epoch: 22 [44000/60000 (73%)]	Loss: 0.004527
Train Epoch: 22 [46000/60000 (77%)]	Loss: 0.000000
Train Epoch: 22 [48000/60000 (80%)]	Loss: 0.010392
Train Epoch: 22 [50000/60000 (83%)]	Loss: 0.004630
Train Epoch: 22 [52000/60000 (87%)]	Loss: 0.042652
Train Epoch: 22 [54000/60000 (90%)]	Loss: 0.016878
Train Epoch: 22 [56000/60000 (93%)]	Loss: 0.114466
Train Epoch: 22 [58000/60000 (97%)]	Loss: 0.056010
Train Epoch: 22 [60000/60000 (100%)]	Loss: 0.080778

Average Training loss: 0.0018, Training Error Rate: 4.03% (2418/60000)


Average Test loss: 0.0404, Test Error Rate: 4.66% (466/10000)

Train Epoch: 23 [2000/60000 (3%)]	Loss: 0.045980
Train Epoch: 23 [4000/60000 (7%)]	Loss: 0.033138
Train Epoch: 23 [6000/60000 (10%)]	Loss: 0.050053
Train Epoch: 23 [8000/60000 (13%)]	Loss: 0.005952
Train Epoch: 23 [10000/60000 (17%)]	Loss: 0.056518
Train Epoch: 23 [12000/60000 (20%)]	Loss: 0.003653
Train Epoch: 23 [14000/60000 (23%)]	Loss: 0.039622
Train Epoch: 23 [16000/60000 (27%)]	Loss: 0.040015
Train Epoch: 23 [18000/60000 (30%)]	Loss: 0.003484
Train Epoch: 23 [20000/60000 (33%)]	Loss: 0.006263
Train Epoch: 23 [22000/60000 (37%)]	Loss: 0.011198
Train Epoch: 23 [24000/60000 (40%)]	Loss: 0.002764
Train Epoch: 23 [26000/60000 (43%)]	Loss: 0.018878
Train Epoch: 23 [28000/60000 (47%)]	Loss: 0.000103
Train Epoch: 23 [30000/60000 (50%)]	Loss: 0.031629
Train Epoch: 23 [32000/60000 (53%)]	Loss: 0.014873
Train Epoch: 23 [34000/60000 (57%)]	Loss: 0.064415
Train Epoch: 23 [36000/60000 (60%)]	Loss: 0.067815
Train Epoch: 23 [38000/60000 (63%)]	Loss: 0.000533
Train Epoch: 23 [40000/60000 (67%)]	Loss: 0.021416
Train Epoch: 23 [42000/60000 (70%)]	Loss: 0.011641
Train Epoch: 23 [44000/60000 (73%)]	Loss: 0.023824
Train Epoch: 23 [46000/60000 (77%)]	Loss: 0.083315
Train Epoch: 23 [48000/60000 (80%)]	Loss: 0.024984
Train Epoch: 23 [50000/60000 (83%)]	Loss: 0.064997
Train Epoch: 23 [52000/60000 (87%)]	Loss: 0.025194
Train Epoch: 23 [54000/60000 (90%)]	Loss: 0.001141
Train Epoch: 23 [56000/60000 (93%)]	Loss: 0.081316
Train Epoch: 23 [58000/60000 (97%)]	Loss: 0.040992
Train Epoch: 23 [60000/60000 (100%)]	Loss: 0.063848

Average Training loss: 0.0017, Training Error Rate: 3.96% (2375/60000)


Average Test loss: 0.0391, Test Error Rate: 4.66% (466/10000)

Train Epoch: 24 [2000/60000 (3%)]	Loss: 0.002696
Train Epoch: 24 [4000/60000 (7%)]	Loss: 0.032288
Train Epoch: 24 [6000/60000 (10%)]	Loss: 0.079434
Train Epoch: 24 [8000/60000 (13%)]	Loss: 0.001139
Train Epoch: 24 [10000/60000 (17%)]	Loss: 0.000059
Train Epoch: 24 [12000/60000 (20%)]	Loss: 0.086684
Train Epoch: 24 [14000/60000 (23%)]	Loss: 0.101960
Train Epoch: 24 [16000/60000 (27%)]	Loss: 0.009198
Train Epoch: 24 [18000/60000 (30%)]	Loss: 0.002879
Train Epoch: 24 [20000/60000 (33%)]	Loss: 0.016615
Train Epoch: 24 [22000/60000 (37%)]	Loss: 0.040253
Train Epoch: 24 [24000/60000 (40%)]	Loss: 0.005451
Train Epoch: 24 [26000/60000 (43%)]	Loss: 0.062860
Train Epoch: 24 [28000/60000 (47%)]	Loss: 0.020792
Train Epoch: 24 [30000/60000 (50%)]	Loss: 0.071056
Train Epoch: 24 [32000/60000 (53%)]	Loss: 0.000000
Train Epoch: 24 [34000/60000 (57%)]	Loss: 0.045162
Train Epoch: 24 [36000/60000 (60%)]	Loss: 0.129579
Train Epoch: 24 [38000/60000 (63%)]	Loss: 0.011390
Train Epoch: 24 [40000/60000 (67%)]	Loss: 0.088849
Train Epoch: 24 [42000/60000 (70%)]	Loss: 0.008249
Train Epoch: 24 [44000/60000 (73%)]	Loss: 0.010588
Train Epoch: 24 [46000/60000 (77%)]	Loss: 0.044647
Train Epoch: 24 [48000/60000 (80%)]	Loss: 0.001078
Train Epoch: 24 [50000/60000 (83%)]	Loss: 0.004784
Train Epoch: 24 [52000/60000 (87%)]	Loss: 0.034365
Train Epoch: 24 [54000/60000 (90%)]	Loss: 0.036038
Train Epoch: 24 [56000/60000 (93%)]	Loss: 0.005797
Train Epoch: 24 [58000/60000 (97%)]	Loss: 0.003119
Train Epoch: 24 [60000/60000 (100%)]	Loss: 0.013197

Average Training loss: 0.0017, Training Error Rate: 3.88% (2328/60000)


Average Test loss: 0.0369, Test Error Rate: 4.29% (429/10000)

Train Epoch: 25 [2000/60000 (3%)]	Loss: 0.012767
Train Epoch: 25 [4000/60000 (7%)]	Loss: 0.007960
Train Epoch: 25 [6000/60000 (10%)]	Loss: 0.000421
Train Epoch: 25 [8000/60000 (13%)]	Loss: 0.021831
Train Epoch: 25 [10000/60000 (17%)]	Loss: 0.085885
Train Epoch: 25 [12000/60000 (20%)]	Loss: 0.000000
Train Epoch: 25 [14000/60000 (23%)]	Loss: 0.008468
Train Epoch: 25 [16000/60000 (27%)]	Loss: 0.050819
Train Epoch: 25 [18000/60000 (30%)]	Loss: 0.009859
Train Epoch: 25 [20000/60000 (33%)]	Loss: 0.010086
Train Epoch: 25 [22000/60000 (37%)]	Loss: 0.006959
Train Epoch: 25 [24000/60000 (40%)]	Loss: 0.001506
Train Epoch: 25 [26000/60000 (43%)]	Loss: 0.021223
Train Epoch: 25 [28000/60000 (47%)]	Loss: 0.042638
Train Epoch: 25 [30000/60000 (50%)]	Loss: 0.030285
Train Epoch: 25 [32000/60000 (53%)]	Loss: 0.001351
Train Epoch: 25 [34000/60000 (57%)]	Loss: 0.043540
Train Epoch: 25 [36000/60000 (60%)]	Loss: 0.073647
Train Epoch: 25 [38000/60000 (63%)]	Loss: 0.086580
Train Epoch: 25 [40000/60000 (67%)]	Loss: 0.007387
Train Epoch: 25 [42000/60000 (70%)]	Loss: 0.017823
Train Epoch: 25 [44000/60000 (73%)]	Loss: 0.024153
Train Epoch: 25 [46000/60000 (77%)]	Loss: 0.000133
Train Epoch: 25 [48000/60000 (80%)]	Loss: 0.046876
Train Epoch: 25 [50000/60000 (83%)]	Loss: 0.008785
Train Epoch: 25 [52000/60000 (87%)]	Loss: 0.010512
Train Epoch: 25 [54000/60000 (90%)]	Loss: 0.010274
Train Epoch: 25 [56000/60000 (93%)]	Loss: 0.082595
Train Epoch: 25 [58000/60000 (97%)]	Loss: 0.061404
Train Epoch: 25 [60000/60000 (100%)]	Loss: 0.078053

Average Training loss: 0.0017, Training Error Rate: 3.81% (2284/60000)


Average Test loss: 0.0384, Test Error Rate: 4.37% (437/10000)

Train Epoch: 26 [2000/60000 (3%)]	Loss: 0.042316
Train Epoch: 26 [4000/60000 (7%)]	Loss: 0.013797
Train Epoch: 26 [6000/60000 (10%)]	Loss: 0.005447
Train Epoch: 26 [8000/60000 (13%)]	Loss: 0.032003
Train Epoch: 26 [10000/60000 (17%)]	Loss: 0.013992
Train Epoch: 26 [12000/60000 (20%)]	Loss: 0.000649
Train Epoch: 26 [14000/60000 (23%)]	Loss: 0.023978
Train Epoch: 26 [16000/60000 (27%)]	Loss: 0.011440
Train Epoch: 26 [18000/60000 (30%)]	Loss: 0.046622
Train Epoch: 26 [20000/60000 (33%)]	Loss: 0.000748
Train Epoch: 26 [22000/60000 (37%)]	Loss: 0.000024
Train Epoch: 26 [24000/60000 (40%)]	Loss: 0.000000
Train Epoch: 26 [26000/60000 (43%)]	Loss: 0.051538
Train Epoch: 26 [28000/60000 (47%)]	Loss: 0.034072
Train Epoch: 26 [30000/60000 (50%)]	Loss: 0.000898
Train Epoch: 26 [32000/60000 (53%)]	Loss: 0.001311
Train Epoch: 26 [34000/60000 (57%)]	Loss: 0.051710
Train Epoch: 26 [36000/60000 (60%)]	Loss: 0.006218
Train Epoch: 26 [38000/60000 (63%)]	Loss: 0.000839
Train Epoch: 26 [40000/60000 (67%)]	Loss: 0.017466
Train Epoch: 26 [42000/60000 (70%)]	Loss: 0.004028
Train Epoch: 26 [44000/60000 (73%)]	Loss: 0.050022
Train Epoch: 26 [46000/60000 (77%)]	Loss: 0.022649
Train Epoch: 26 [48000/60000 (80%)]	Loss: 0.002291
Train Epoch: 26 [50000/60000 (83%)]	Loss: 0.004965
Train Epoch: 26 [52000/60000 (87%)]	Loss: 0.000000
Train Epoch: 26 [54000/60000 (90%)]	Loss: 0.115826
Train Epoch: 26 [56000/60000 (93%)]	Loss: 0.000000
Train Epoch: 26 [58000/60000 (97%)]	Loss: 0.038345
Train Epoch: 26 [60000/60000 (100%)]	Loss: 0.071748

Average Training loss: 0.0017, Training Error Rate: 3.79% (2275/60000)


Average Test loss: 0.0384, Test Error Rate: 4.60% (460/10000)

Train Epoch: 27 [2000/60000 (3%)]	Loss: 0.076151
Train Epoch: 27 [4000/60000 (7%)]	Loss: 0.016483
Train Epoch: 27 [6000/60000 (10%)]	Loss: 0.015278
Train Epoch: 27 [8000/60000 (13%)]	Loss: 0.000000
Train Epoch: 27 [10000/60000 (17%)]	Loss: 0.004230
Train Epoch: 27 [12000/60000 (20%)]	Loss: 0.041112
Train Epoch: 27 [14000/60000 (23%)]	Loss: 0.005591
Train Epoch: 27 [16000/60000 (27%)]	Loss: 0.013038
Train Epoch: 27 [18000/60000 (30%)]	Loss: 0.002575
Train Epoch: 27 [20000/60000 (33%)]	Loss: 0.005841
Train Epoch: 27 [22000/60000 (37%)]	Loss: 0.067505
Train Epoch: 27 [24000/60000 (40%)]	Loss: 0.029862
Train Epoch: 27 [26000/60000 (43%)]	Loss: 0.048280
Train Epoch: 27 [28000/60000 (47%)]	Loss: 0.000043
Train Epoch: 27 [30000/60000 (50%)]	Loss: 0.137260
Train Epoch: 27 [32000/60000 (53%)]	Loss: 0.003118
Train Epoch: 27 [34000/60000 (57%)]	Loss: 0.000193
Train Epoch: 27 [36000/60000 (60%)]	Loss: 0.031476
Train Epoch: 27 [38000/60000 (63%)]	Loss: 0.091228
Train Epoch: 27 [40000/60000 (67%)]	Loss: 0.000480
Train Epoch: 27 [42000/60000 (70%)]	Loss: 0.002118
Train Epoch: 27 [44000/60000 (73%)]	Loss: 0.000258
Train Epoch: 27 [46000/60000 (77%)]	Loss: 0.093680
Train Epoch: 27 [48000/60000 (80%)]	Loss: 0.001039
Train Epoch: 27 [50000/60000 (83%)]	Loss: 0.050536
Train Epoch: 27 [52000/60000 (87%)]	Loss: 0.013010
Train Epoch: 27 [54000/60000 (90%)]	Loss: 0.012547
Train Epoch: 27 [56000/60000 (93%)]	Loss: 0.000212
Train Epoch: 27 [58000/60000 (97%)]	Loss: 0.023051
Train Epoch: 27 [60000/60000 (100%)]	Loss: 0.052953

Average Training loss: 0.0016, Training Error Rate: 3.65% (2192/60000)


Average Test loss: 0.0376, Test Error Rate: 4.28% (428/10000)

Train Epoch: 28 [2000/60000 (3%)]	Loss: 0.006794
Train Epoch: 28 [4000/60000 (7%)]	Loss: 0.054055
Train Epoch: 28 [6000/60000 (10%)]	Loss: 0.092933
Train Epoch: 28 [8000/60000 (13%)]	Loss: 0.039281
Train Epoch: 28 [10000/60000 (17%)]	Loss: 0.050298
Train Epoch: 28 [12000/60000 (20%)]	Loss: 0.000000
Train Epoch: 28 [14000/60000 (23%)]	Loss: 0.008367
Train Epoch: 28 [16000/60000 (27%)]	Loss: 0.000789
Train Epoch: 28 [18000/60000 (30%)]	Loss: 0.064726
Train Epoch: 28 [20000/60000 (33%)]	Loss: 0.106554
Train Epoch: 28 [22000/60000 (37%)]	Loss: 0.015284
Train Epoch: 28 [24000/60000 (40%)]	Loss: 0.076504
Train Epoch: 28 [26000/60000 (43%)]	Loss: 0.006757
Train Epoch: 28 [28000/60000 (47%)]	Loss: 0.008048
Train Epoch: 28 [30000/60000 (50%)]	Loss: 0.070252
Train Epoch: 28 [32000/60000 (53%)]	Loss: 0.010842
Train Epoch: 28 [34000/60000 (57%)]	Loss: 0.056115
Train Epoch: 28 [36000/60000 (60%)]	Loss: 0.034218
Train Epoch: 28 [38000/60000 (63%)]	Loss: 0.021273
Train Epoch: 28 [40000/60000 (67%)]	Loss: 0.050428
Train Epoch: 28 [42000/60000 (70%)]	Loss: 0.000648
Train Epoch: 28 [44000/60000 (73%)]	Loss: 0.000046
Train Epoch: 28 [46000/60000 (77%)]	Loss: 0.000180
Train Epoch: 28 [48000/60000 (80%)]	Loss: 0.130534
Train Epoch: 28 [50000/60000 (83%)]	Loss: 0.009070
Train Epoch: 28 [52000/60000 (87%)]	Loss: 0.041070
Train Epoch: 28 [54000/60000 (90%)]	Loss: 0.000838
Train Epoch: 28 [56000/60000 (93%)]	Loss: 0.071484
Train Epoch: 28 [58000/60000 (97%)]	Loss: 0.003425
Train Epoch: 28 [60000/60000 (100%)]	Loss: 0.002311

Average Training loss: 0.0016, Training Error Rate: 3.55% (2130/60000)


Average Test loss: 0.0371, Test Error Rate: 4.35% (435/10000)

Train Epoch: 29 [2000/60000 (3%)]	Loss: 0.000274
Train Epoch: 29 [4000/60000 (7%)]	Loss: 0.044195
Train Epoch: 29 [6000/60000 (10%)]	Loss: 0.047311
Train Epoch: 29 [8000/60000 (13%)]	Loss: 0.025877
Train Epoch: 29 [10000/60000 (17%)]	Loss: 0.000776
Train Epoch: 29 [12000/60000 (20%)]	Loss: 0.033481
Train Epoch: 29 [14000/60000 (23%)]	Loss: 0.060040
Train Epoch: 29 [16000/60000 (27%)]	Loss: 0.006664
Train Epoch: 29 [18000/60000 (30%)]	Loss: 0.088354
Train Epoch: 29 [20000/60000 (33%)]	Loss: 0.034018
Train Epoch: 29 [22000/60000 (37%)]	Loss: 0.087955
Train Epoch: 29 [24000/60000 (40%)]	Loss: 0.067380
Train Epoch: 29 [26000/60000 (43%)]	Loss: 0.048242
Train Epoch: 29 [28000/60000 (47%)]	Loss: 0.049340
Train Epoch: 29 [30000/60000 (50%)]	Loss: 0.005497
Train Epoch: 29 [32000/60000 (53%)]	Loss: 0.025000
Train Epoch: 29 [34000/60000 (57%)]	Loss: 0.058195
Train Epoch: 29 [36000/60000 (60%)]	Loss: 0.031503
Train Epoch: 29 [38000/60000 (63%)]	Loss: 0.029166
Train Epoch: 29 [40000/60000 (67%)]	Loss: 0.038021
Train Epoch: 29 [42000/60000 (70%)]	Loss: 0.001289
Train Epoch: 29 [44000/60000 (73%)]	Loss: 0.000699
Train Epoch: 29 [46000/60000 (77%)]	Loss: 0.028499
Train Epoch: 29 [48000/60000 (80%)]	Loss: 0.007310
Train Epoch: 29 [50000/60000 (83%)]	Loss: 0.104156
Train Epoch: 29 [52000/60000 (87%)]	Loss: 0.074720
Train Epoch: 29 [54000/60000 (90%)]	Loss: 0.001451
Train Epoch: 29 [56000/60000 (93%)]	Loss: 0.008439
Train Epoch: 29 [58000/60000 (97%)]	Loss: 0.042192
Train Epoch: 29 [60000/60000 (100%)]	Loss: 0.054910

Average Training loss: 0.0016, Training Error Rate: 3.59% (2152/60000)


Average Test loss: 0.0378, Test Error Rate: 4.43% (443/10000)

Train Epoch: 30 [2000/60000 (3%)]	Loss: 0.010192
Train Epoch: 30 [4000/60000 (7%)]	Loss: 0.007894
Train Epoch: 30 [6000/60000 (10%)]	Loss: 0.001317
Train Epoch: 30 [8000/60000 (13%)]	Loss: 0.100000
Train Epoch: 30 [10000/60000 (17%)]	Loss: 0.000887
Train Epoch: 30 [12000/60000 (20%)]	Loss: 0.039004
Train Epoch: 30 [14000/60000 (23%)]	Loss: 0.026167
Train Epoch: 30 [16000/60000 (27%)]	Loss: 0.030096
Train Epoch: 30 [18000/60000 (30%)]	Loss: 0.030414
Train Epoch: 30 [20000/60000 (33%)]	Loss: 0.007556
Train Epoch: 30 [22000/60000 (37%)]	Loss: 0.046375
Train Epoch: 30 [24000/60000 (40%)]	Loss: 0.027493
Train Epoch: 30 [26000/60000 (43%)]	Loss: 0.020919
Train Epoch: 30 [28000/60000 (47%)]	Loss: 0.003990
Train Epoch: 30 [30000/60000 (50%)]	Loss: 0.116645
Train Epoch: 30 [32000/60000 (53%)]	Loss: 0.000990
Train Epoch: 30 [34000/60000 (57%)]	Loss: 0.033897
Train Epoch: 30 [36000/60000 (60%)]	Loss: 0.023909
Train Epoch: 30 [38000/60000 (63%)]	Loss: 0.047124
Train Epoch: 30 [40000/60000 (67%)]	Loss: 0.047956
Train Epoch: 30 [42000/60000 (70%)]	Loss: 0.016032
Train Epoch: 30 [44000/60000 (73%)]	Loss: 0.079759
Train Epoch: 30 [46000/60000 (77%)]	Loss: 0.018934
Train Epoch: 30 [48000/60000 (80%)]	Loss: 0.001438
Train Epoch: 30 [50000/60000 (83%)]	Loss: 0.001759
Train Epoch: 30 [52000/60000 (87%)]	Loss: 0.000312
Train Epoch: 30 [54000/60000 (90%)]	Loss: 0.065594
Train Epoch: 30 [56000/60000 (93%)]	Loss: 0.054035
Train Epoch: 30 [58000/60000 (97%)]	Loss: 0.016284
Train Epoch: 30 [60000/60000 (100%)]	Loss: 0.019741

Average Training loss: 0.0015, Training Error Rate: 3.48% (2087/60000)


Average Test loss: 0.0462, Test Error Rate: 5.46% (546/10000)

