/vast/home/ajherman/miniconda3/envs/pytorch/lib/python3.11/site-packages/torchvision/io/image.py:13: UserWarning: Failed to load image Python extension: '/vast/home/ajherman/miniconda3/envs/pytorch/lib/python3.11/site-packages/torchvision/image.so: undefined symbol: _ZN5torch3jit17parseSchemaOrNameERKNSt7__cxx1112basic_stringIcSt11char_traitsIcESaIcEEE'If you don't plan on using image functionality from `torchvision.io`, you can ignore this warning. Otherwise, there might be something wrong with your environment. Did you have `libjpeg` or `libpng` installed before building `torchvision` from source?
  warn(
Random seed set as 42
dt =  0.6321205588285577
trace decay =  0.5737534207374327
Random seed set as 42
Random seed set as 42
dt =  0.6321205588285577
trace decay =  0.5737534207374327
Random seed set as 42
Train Epoch: 0 [20000/60000 (33%)]	Loss: 0.454436
Train Epoch: 0 [40000/60000 (67%)]	Loss: 0.438257
Train Epoch: 0 [60000/60000 (100%)]	Loss: 0.430786

Average Training loss: 0.0023, Training Error Rate: 79.03% (47420/60000)


Average Test loss: 0.0004, Test Error Rate: 68.09% (6809/10000)

Train Epoch: 1 [20000/60000 (33%)]	Loss: 0.434311
Train Epoch: 1 [40000/60000 (67%)]	Loss: 0.415881
Train Epoch: 1 [60000/60000 (100%)]	Loss: 0.406907

Average Training loss: 0.0021, Training Error Rate: 61.99% (37195/60000)


Average Test loss: 0.0004, Test Error Rate: 54.49% (5449/10000)

Train Epoch: 2 [20000/60000 (33%)]	Loss: 0.396671
Train Epoch: 2 [40000/60000 (67%)]	Loss: 0.394060
Train Epoch: 2 [60000/60000 (100%)]	Loss: 0.395805

Average Training loss: 0.0020, Training Error Rate: 51.12% (30671/60000)


Average Test loss: 0.0004, Test Error Rate: 46.08% (4608/10000)

Train Epoch: 3 [20000/60000 (33%)]	Loss: 0.392346
Train Epoch: 3 [40000/60000 (67%)]	Loss: 0.380892
Train Epoch: 3 [60000/60000 (100%)]	Loss: 0.381125

Average Training loss: 0.0019, Training Error Rate: 43.89% (26336/60000)


Average Test loss: 0.0004, Test Error Rate: 40.63% (4063/10000)

Train Epoch: 4 [20000/60000 (33%)]	Loss: 0.382468
Train Epoch: 4 [40000/60000 (67%)]	Loss: 0.387395
Train Epoch: 4 [60000/60000 (100%)]	Loss: 0.379251

Average Training loss: 0.0019, Training Error Rate: 39.34% (23607/60000)


Average Test loss: 0.0004, Test Error Rate: 36.85% (3685/10000)

Train Epoch: 5 [20000/60000 (33%)]	Loss: 0.381202
Train Epoch: 5 [40000/60000 (67%)]	Loss: 0.383800
Train Epoch: 5 [60000/60000 (100%)]	Loss: 0.382492

Average Training loss: 0.0019, Training Error Rate: 36.52% (21910/60000)


Average Test loss: 0.0004, Test Error Rate: 33.89% (3389/10000)

Train Epoch: 6 [20000/60000 (33%)]	Loss: 0.381682
Train Epoch: 6 [40000/60000 (67%)]	Loss: 0.371554
Train Epoch: 6 [60000/60000 (100%)]	Loss: 0.370382

Average Training loss: 0.0019, Training Error Rate: 34.39% (20635/60000)


Average Test loss: 0.0004, Test Error Rate: 32.50% (3250/10000)

Train Epoch: 7 [20000/60000 (33%)]	Loss: 0.373278
Train Epoch: 7 [40000/60000 (67%)]	Loss: 0.378159
Train Epoch: 7 [60000/60000 (100%)]	Loss: 0.374579

Average Training loss: 0.0019, Training Error Rate: 33.02% (19809/60000)


Average Test loss: 0.0004, Test Error Rate: 31.02% (3102/10000)

Train Epoch: 8 [20000/60000 (33%)]	Loss: 0.359501
Train Epoch: 8 [40000/60000 (67%)]	Loss: 0.372676
Train Epoch: 8 [60000/60000 (100%)]	Loss: 0.371760

Average Training loss: 0.0019, Training Error Rate: 31.63% (18980/60000)


Average Test loss: 0.0004, Test Error Rate: 30.07% (3007/10000)

Train Epoch: 9 [20000/60000 (33%)]	Loss: 0.365845
Train Epoch: 9 [40000/60000 (67%)]	Loss: 0.370178
Train Epoch: 9 [60000/60000 (100%)]	Loss: 0.362240

Average Training loss: 0.0018, Training Error Rate: 30.99% (18592/60000)


Average Test loss: 0.0004, Test Error Rate: 29.60% (2960/10000)

Train Epoch: 10 [20000/60000 (33%)]	Loss: 0.365002
Train Epoch: 10 [40000/60000 (67%)]	Loss: 0.361072
Train Epoch: 10 [60000/60000 (100%)]	Loss: 0.360814

Average Training loss: 0.0018, Training Error Rate: 30.29% (18171/60000)


Average Test loss: 0.0004, Test Error Rate: 27.89% (2789/10000)

Train Epoch: 11 [20000/60000 (33%)]	Loss: 0.357060
Train Epoch: 11 [40000/60000 (67%)]	Loss: 0.370775
Train Epoch: 11 [60000/60000 (100%)]	Loss: 0.360469

Average Training loss: 0.0018, Training Error Rate: 29.54% (17723/60000)


Average Test loss: 0.0004, Test Error Rate: 28.29% (2829/10000)

Train Epoch: 12 [20000/60000 (33%)]	Loss: 0.371476
Train Epoch: 12 [40000/60000 (67%)]	Loss: 0.356570
Train Epoch: 12 [60000/60000 (100%)]	Loss: 0.363124

Average Training loss: 0.0018, Training Error Rate: 29.61% (17768/60000)


Average Test loss: 0.0004, Test Error Rate: 28.01% (2801/10000)

Train Epoch: 13 [20000/60000 (33%)]	Loss: 0.360160
Train Epoch: 13 [40000/60000 (67%)]	Loss: 0.361552
Train Epoch: 13 [60000/60000 (100%)]	Loss: 0.365361

Average Training loss: 0.0018, Training Error Rate: 29.23% (17537/60000)


Average Test loss: 0.0004, Test Error Rate: 27.65% (2765/10000)

Train Epoch: 14 [20000/60000 (33%)]	Loss: 0.356135
Train Epoch: 14 [40000/60000 (67%)]	Loss: 0.365643
Train Epoch: 14 [60000/60000 (100%)]	Loss: 0.350633

Average Training loss: 0.0018, Training Error Rate: 29.00% (17397/60000)


Average Test loss: 0.0004, Test Error Rate: 28.19% (2819/10000)

Train Epoch: 15 [20000/60000 (33%)]	Loss: 0.349726
Train Epoch: 15 [40000/60000 (67%)]	Loss: 0.353169
Train Epoch: 15 [60000/60000 (100%)]	Loss: 0.356047

Average Training loss: 0.0018, Training Error Rate: 28.77% (17264/60000)


Average Test loss: 0.0004, Test Error Rate: 27.04% (2704/10000)

Train Epoch: 16 [20000/60000 (33%)]	Loss: 0.347565
slurmstepd: error: *** STEP 15492314.188 ON cn650 CANCELLED AT 2023-10-03T10:57:22 ***
/vast/home/ajherman/miniconda3/envs/pytorch/lib/python3.11/site-packages/torchvision/io/image.py:13: UserWarning: Failed to load image Python extension: '/vast/home/ajherman/miniconda3/envs/pytorch/lib/python3.11/site-packages/torchvision/image.so: undefined symbol: _ZN5torch3jit17parseSchemaOrNameERKNSt7__cxx1112basic_stringIcSt11char_traitsIcESaIcEEE'If you don't plan on using image functionality from `torchvision.io`, you can ignore this warning. Otherwise, there might be something wrong with your environment. Did you have `libjpeg` or `libpng` installed before building `torchvision` from source?
  warn(
Random seed set as 42
dt =  0.6321205588285577
trace decay =  0.5737534207374327
Random seed set as 42
Random seed set as 42
dt =  0.6321205588285577
trace decay =  0.5737534207374327
Random seed set as 42
Train Epoch: 16 [20000/60000 (33%)]	Loss: 0.351316
Train Epoch: 16 [40000/60000 (67%)]	Loss: 0.352885
Train Epoch: 16 [60000/60000 (100%)]	Loss: 0.353788

Average Training loss: 0.0017, Training Error Rate: 28.28% (16966/60000)


Average Test loss: 0.0003, Test Error Rate: 27.40% (2740/10000)

Train Epoch: 17 [20000/60000 (33%)]	Loss: 0.352157
Train Epoch: 17 [40000/60000 (67%)]	Loss: 0.339480
Train Epoch: 17 [60000/60000 (100%)]	Loss: 0.331812

Average Training loss: 0.0017, Training Error Rate: 28.04% (16823/60000)


Average Test loss: 0.0003, Test Error Rate: 26.39% (2639/10000)

Train Epoch: 18 [20000/60000 (33%)]	Loss: 0.343025
Train Epoch: 18 [40000/60000 (67%)]	Loss: 0.340969
Train Epoch: 18 [60000/60000 (100%)]	Loss: 0.343954

Average Training loss: 0.0017, Training Error Rate: 27.97% (16780/60000)


Average Test loss: 0.0003, Test Error Rate: 26.57% (2657/10000)

Train Epoch: 19 [20000/60000 (33%)]	Loss: 0.348038
Train Epoch: 19 [40000/60000 (67%)]	Loss: 0.328649
Train Epoch: 19 [60000/60000 (100%)]	Loss: 0.332480

Average Training loss: 0.0017, Training Error Rate: 27.84% (16707/60000)


Average Test loss: 0.0003, Test Error Rate: 26.61% (2661/10000)

Train Epoch: 20 [20000/60000 (33%)]	Loss: 0.337194
Train Epoch: 20 [40000/60000 (67%)]	Loss: 0.328245
Train Epoch: 20 [60000/60000 (100%)]	Loss: 0.327498

Average Training loss: 0.0017, Training Error Rate: 27.42% (16451/60000)


Average Test loss: 0.0003, Test Error Rate: 25.95% (2595/10000)

Train Epoch: 21 [20000/60000 (33%)]	Loss: 0.344410
Train Epoch: 21 [40000/60000 (67%)]	Loss: 0.330422
Train Epoch: 21 [60000/60000 (100%)]	Loss: 0.333696

Average Training loss: 0.0017, Training Error Rate: 27.00% (16197/60000)


Average Test loss: 0.0003, Test Error Rate: 25.82% (2582/10000)

Train Epoch: 22 [20000/60000 (33%)]	Loss: 0.329974
Train Epoch: 22 [40000/60000 (67%)]	Loss: 0.315440
Train Epoch: 22 [60000/60000 (100%)]	Loss: 0.328776

Average Training loss: 0.0017, Training Error Rate: 27.03% (16219/60000)


Average Test loss: 0.0003, Test Error Rate: 26.61% (2661/10000)

Train Epoch: 23 [20000/60000 (33%)]	Loss: 0.333281
Train Epoch: 23 [40000/60000 (67%)]	Loss: 0.326373
Train Epoch: 23 [60000/60000 (100%)]	Loss: 0.318919

Average Training loss: 0.0016, Training Error Rate: 26.84% (16101/60000)


Average Test loss: 0.0003, Test Error Rate: 25.36% (2536/10000)

Train Epoch: 24 [20000/60000 (33%)]	Loss: 0.330792
Train Epoch: 24 [40000/60000 (67%)]	Loss: 0.321299
Train Epoch: 24 [60000/60000 (100%)]	Loss: 0.327419

Average Training loss: 0.0016, Training Error Rate: 26.41% (15846/60000)


Average Test loss: 0.0003, Test Error Rate: 25.51% (2551/10000)

Train Epoch: 25 [20000/60000 (33%)]	Loss: 0.330180
Train Epoch: 25 [40000/60000 (67%)]	Loss: 0.322902
Train Epoch: 25 [60000/60000 (100%)]	Loss: 0.316205

Average Training loss: 0.0016, Training Error Rate: 26.33% (15799/60000)


Average Test loss: 0.0003, Test Error Rate: 25.42% (2542/10000)

Train Epoch: 26 [20000/60000 (33%)]	Loss: 0.327072
Train Epoch: 26 [40000/60000 (67%)]	Loss: 0.315223
Train Epoch: 26 [60000/60000 (100%)]	Loss: 0.322913

Average Training loss: 0.0016, Training Error Rate: 25.92% (15551/60000)


Average Test loss: 0.0003, Test Error Rate: 24.88% (2488/10000)

Train Epoch: 27 [20000/60000 (33%)]	Loss: 0.322689
Train Epoch: 27 [40000/60000 (67%)]	Loss: 0.317388
Train Epoch: 27 [60000/60000 (100%)]	Loss: 0.309385

Average Training loss: 0.0016, Training Error Rate: 25.82% (15494/60000)


Average Test loss: 0.0003, Test Error Rate: 24.61% (2461/10000)

Train Epoch: 28 [20000/60000 (33%)]	Loss: 0.314181
slurmstepd: error: *** STEP 15492341.203 ON cn650 CANCELLED AT 2023-10-03T11:17:53 ***
/vast/home/ajherman/miniconda3/envs/pytorch/lib/python3.11/site-packages/torchvision/io/image.py:13: UserWarning: Failed to load image Python extension: '/vast/home/ajherman/miniconda3/envs/pytorch/lib/python3.11/site-packages/torchvision/image.so: undefined symbol: _ZN5torch3jit17parseSchemaOrNameERKNSt7__cxx1112basic_stringIcSt11char_traitsIcESaIcEEE'If you don't plan on using image functionality from `torchvision.io`, you can ignore this warning. Otherwise, there might be something wrong with your environment. Did you have `libjpeg` or `libpng` installed before building `torchvision` from source?
  warn(
Random seed set as 42
dt =  0.6321205588285577
trace decay =  0.5737534207374327
Random seed set as 42
Random seed set as 42
dt =  0.6321205588285577
trace decay =  0.5737534207374327
Random seed set as 42
Train Epoch: 28 [20000/60000 (33%)]	Loss: 0.318023
Train Epoch: 28 [40000/60000 (67%)]	Loss: 0.320421
Train Epoch: 28 [60000/60000 (100%)]	Loss: 0.321460

Average Training loss: 0.0016, Training Error Rate: 25.70% (15419/60000)


Average Test loss: 0.0003, Test Error Rate: 24.44% (2444/10000)

Train Epoch: 29 [20000/60000 (33%)]	Loss: 0.319982
Train Epoch: 29 [40000/60000 (67%)]	Loss: 0.306739
Train Epoch: 29 [60000/60000 (100%)]	Loss: 0.298876

Average Training loss: 0.0016, Training Error Rate: 25.39% (15236/60000)


Average Test loss: 0.0003, Test Error Rate: 24.05% (2405/10000)

Train Epoch: 30 [20000/60000 (33%)]	Loss: 0.310663
Train Epoch: 30 [40000/60000 (67%)]	Loss: 0.309039
Train Epoch: 30 [60000/60000 (100%)]	Loss: 0.313777

Average Training loss: 0.0016, Training Error Rate: 25.46% (15275/60000)


Average Test loss: 0.0003, Test Error Rate: 24.23% (2423/10000)

Train Epoch: 31 [20000/60000 (33%)]	Loss: 0.318088
Train Epoch: 31 [40000/60000 (67%)]	Loss: 0.297863
Train Epoch: 31 [60000/60000 (100%)]	Loss: 0.301007

Average Training loss: 0.0016, Training Error Rate: 25.35% (15212/60000)


Average Test loss: 0.0003, Test Error Rate: 23.75% (2375/10000)

Train Epoch: 32 [20000/60000 (33%)]	Loss: 0.307028
Train Epoch: 32 [40000/60000 (67%)]	Loss: 0.296734
Train Epoch: 32 [60000/60000 (100%)]	Loss: 0.296567

Average Training loss: 0.0015, Training Error Rate: 24.97% (14984/60000)


Average Test loss: 0.0003, Test Error Rate: 23.74% (2374/10000)

Train Epoch: 33 [20000/60000 (33%)]	Loss: 0.318031
Train Epoch: 33 [40000/60000 (67%)]	Loss: 0.300024
Train Epoch: 33 [60000/60000 (100%)]	Loss: 0.305134

Average Training loss: 0.0015, Training Error Rate: 24.71% (14826/60000)


Average Test loss: 0.0003, Test Error Rate: 23.72% (2372/10000)

Train Epoch: 34 [20000/60000 (33%)]	Loss: 0.301772
Train Epoch: 34 [40000/60000 (67%)]	Loss: 0.284844
Train Epoch: 34 [60000/60000 (100%)]	Loss: 0.300140

Average Training loss: 0.0015, Training Error Rate: 24.92% (14954/60000)


Average Test loss: 0.0003, Test Error Rate: 23.49% (2349/10000)

Train Epoch: 35 [20000/60000 (33%)]	Loss: 0.307768
Train Epoch: 35 [40000/60000 (67%)]	Loss: 0.300223
Train Epoch: 35 [60000/60000 (100%)]	Loss: 0.290976

Average Training loss: 0.0015, Training Error Rate: 24.54% (14724/60000)


Average Test loss: 0.0003, Test Error Rate: 23.28% (2328/10000)

Train Epoch: 36 [20000/60000 (33%)]	Loss: 0.303794
Train Epoch: 36 [40000/60000 (67%)]	Loss: 0.295456
Train Epoch: 36 [60000/60000 (100%)]	Loss: 0.301349

Average Training loss: 0.0015, Training Error Rate: 24.18% (14507/60000)


Average Test loss: 0.0003, Test Error Rate: 22.99% (2299/10000)

Train Epoch: 37 [20000/60000 (33%)]	Loss: 0.305814
Train Epoch: 37 [40000/60000 (67%)]	Loss: 0.298620
Train Epoch: 37 [60000/60000 (100%)]	Loss: 0.290829

Average Training loss: 0.0015, Training Error Rate: 24.15% (14490/60000)


Average Test loss: 0.0003, Test Error Rate: 23.25% (2325/10000)

Train Epoch: 38 [20000/60000 (33%)]	Loss: 0.303000
Train Epoch: 38 [40000/60000 (67%)]	Loss: 0.288582
Train Epoch: 38 [60000/60000 (100%)]	Loss: 0.298541

Average Training loss: 0.0015, Training Error Rate: 23.89% (14337/60000)


Average Test loss: 0.0003, Test Error Rate: 23.01% (2301/10000)

Train Epoch: 39 [20000/60000 (33%)]	Loss: 0.297746
Train Epoch: 39 [40000/60000 (67%)]	Loss: 0.293371
Train Epoch: 39 [60000/60000 (100%)]	Loss: 0.286053

Average Training loss: 0.0015, Training Error Rate: 23.87% (14321/60000)


Average Test loss: 0.0003, Test Error Rate: 22.64% (2264/10000)

Train Epoch: 40 [20000/60000 (33%)]	Loss: 0.291397
Train Epoch: 40 [40000/60000 (67%)]	Loss: 0.301488
Train Epoch: 40 [60000/60000 (100%)]	Loss: 0.288893

Average Training loss: 0.0015, Training Error Rate: 23.74% (14245/60000)


Average Test loss: 0.0003, Test Error Rate: 22.67% (2267/10000)

Train Epoch: 41 [20000/60000 (33%)]	Loss: 0.292457
Train Epoch: 41 [40000/60000 (67%)]	Loss: 0.292382
Train Epoch: 41 [60000/60000 (100%)]	Loss: 0.292853

Average Training loss: 0.0015, Training Error Rate: 23.43% (14061/60000)


Average Test loss: 0.0003, Test Error Rate: 22.09% (2209/10000)

Train Epoch: 42 [20000/60000 (33%)]	Loss: 0.277085
Train Epoch: 42 [40000/60000 (67%)]	Loss: 0.292798
Train Epoch: 42 [60000/60000 (100%)]	Loss: 0.292075

Average Training loss: 0.0015, Training Error Rate: 23.51% (14108/60000)


Average Test loss: 0.0003, Test Error Rate: 21.94% (2194/10000)

Train Epoch: 43 [20000/60000 (33%)]	Loss: 0.294709
Train Epoch: 43 [40000/60000 (67%)]	Loss: 0.290188
Train Epoch: 43 [60000/60000 (100%)]	Loss: 0.287970

Average Training loss: 0.0014, Training Error Rate: 23.13% (13880/60000)


Average Test loss: 0.0003, Test Error Rate: 22.34% (2234/10000)

Train Epoch: 44 [20000/60000 (33%)]	Loss: 0.279009
Train Epoch: 44 [40000/60000 (67%)]	Loss: 0.287688
Train Epoch: 44 [60000/60000 (100%)]	Loss: 0.282228

Average Training loss: 0.0014, Training Error Rate: 23.12% (13874/60000)


Average Test loss: 0.0003, Test Error Rate: 21.59% (2159/10000)

Train Epoch: 45 [20000/60000 (33%)]	Loss: 0.293725
Train Epoch: 45 [40000/60000 (67%)]	Loss: 0.288963
Train Epoch: 45 [60000/60000 (100%)]	Loss: 0.285090

Average Training loss: 0.0014, Training Error Rate: 23.14% (13883/60000)


Average Test loss: 0.0003, Test Error Rate: 22.33% (2233/10000)

Train Epoch: 46 [20000/60000 (33%)]	Loss: 0.286515
Train Epoch: 46 [40000/60000 (67%)]	Loss: 0.277641
Train Epoch: 46 [60000/60000 (100%)]	Loss: 0.287962

Average Training loss: 0.0014, Training Error Rate: 22.88% (13726/60000)


Average Test loss: 0.0003, Test Error Rate: 22.11% (2211/10000)

Train Epoch: 47 [20000/60000 (33%)]	Loss: 0.286365
Train Epoch: 47 [40000/60000 (67%)]	Loss: 0.290082
Train Epoch: 47 [60000/60000 (100%)]	Loss: 0.289839

Average Training loss: 0.0014, Training Error Rate: 22.78% (13666/60000)


Average Test loss: 0.0003, Test Error Rate: 21.52% (2152/10000)

Train Epoch: 48 [20000/60000 (33%)]	Loss: 0.276850
Train Epoch: 48 [40000/60000 (67%)]	Loss: 0.291767
Train Epoch: 48 [60000/60000 (100%)]	Loss: 0.278137

Average Training loss: 0.0014, Training Error Rate: 22.54% (13526/60000)


Average Test loss: 0.0003, Test Error Rate: 21.65% (2165/10000)

Train Epoch: 49 [20000/60000 (33%)]	Loss: 0.281049
Train Epoch: 49 [40000/60000 (67%)]	Loss: 0.286382
Train Epoch: 49 [60000/60000 (100%)]	Loss: 0.278011

Average Training loss: 0.0014, Training Error Rate: 22.55% (13530/60000)


Average Test loss: 0.0003, Test Error Rate: 21.61% (2161/10000)

Train Epoch: 50 [20000/60000 (33%)]	Loss: 0.287167
Train Epoch: 50 [40000/60000 (67%)]	Loss: 0.288549
Train Epoch: 50 [60000/60000 (100%)]	Loss: 0.275887

Average Training loss: 0.0014, Training Error Rate: 22.48% (13487/60000)


Average Test loss: 0.0003, Test Error Rate: 20.81% (2081/10000)

Train Epoch: 51 [20000/60000 (33%)]	Loss: 0.276151
Train Epoch: 51 [40000/60000 (67%)]	Loss: 0.272372
Train Epoch: 51 [60000/60000 (100%)]	Loss: 0.268352

Average Training loss: 0.0014, Training Error Rate: 22.18% (13311/60000)


Average Test loss: 0.0003, Test Error Rate: 20.96% (2096/10000)

Train Epoch: 52 [20000/60000 (33%)]	Loss: 0.282758
Train Epoch: 52 [40000/60000 (67%)]	Loss: 0.269061
Train Epoch: 52 [60000/60000 (100%)]	Loss: 0.268837

Average Training loss: 0.0014, Training Error Rate: 22.23% (13338/60000)


Average Test loss: 0.0003, Test Error Rate: 21.30% (2130/10000)

Train Epoch: 53 [20000/60000 (33%)]	Loss: 0.280996
Train Epoch: 53 [40000/60000 (67%)]	Loss: 0.279326
Train Epoch: 53 [60000/60000 (100%)]	Loss: 0.263873

Average Training loss: 0.0014, Training Error Rate: 22.09% (13256/60000)


Average Test loss: 0.0003, Test Error Rate: 20.85% (2085/10000)

Train Epoch: 54 [20000/60000 (33%)]	Loss: 0.277281
Train Epoch: 54 [40000/60000 (67%)]	Loss: 0.281284
Train Epoch: 54 [60000/60000 (100%)]	Loss: 0.266048

Average Training loss: 0.0014, Training Error Rate: 21.97% (13182/60000)


Average Test loss: 0.0003, Test Error Rate: 20.90% (2090/10000)

Train Epoch: 55 [20000/60000 (33%)]	Loss: 0.275781
Train Epoch: 55 [40000/60000 (67%)]	Loss: 0.263536
Train Epoch: 55 [60000/60000 (100%)]	Loss: 0.284899

Average Training loss: 0.0014, Training Error Rate: 21.81% (13086/60000)


Average Test loss: 0.0003, Test Error Rate: 20.68% (2068/10000)

Train Epoch: 56 [20000/60000 (33%)]	Loss: 0.279514
Train Epoch: 56 [40000/60000 (67%)]	Loss: 0.282094
Train Epoch: 56 [60000/60000 (100%)]	Loss: 0.278316

Average Training loss: 0.0014, Training Error Rate: 21.71% (13024/60000)


Average Test loss: 0.0003, Test Error Rate: 20.76% (2076/10000)

Train Epoch: 57 [20000/60000 (33%)]	Loss: 0.276557
Train Epoch: 57 [40000/60000 (67%)]	Loss: 0.272189
Train Epoch: 57 [60000/60000 (100%)]	Loss: 0.275184

Average Training loss: 0.0014, Training Error Rate: 21.40% (12841/60000)


Average Test loss: 0.0003, Test Error Rate: 19.72% (1972/10000)

Train Epoch: 58 [20000/60000 (33%)]	Loss: 0.267345
Train Epoch: 58 [40000/60000 (67%)]	Loss: 0.264454
Train Epoch: 58 [60000/60000 (100%)]	Loss: 0.267074

Average Training loss: 0.0013, Training Error Rate: 21.36% (12819/60000)


Average Test loss: 0.0003, Test Error Rate: 20.13% (2013/10000)

Train Epoch: 59 [20000/60000 (33%)]	Loss: 0.266647
Train Epoch: 59 [40000/60000 (67%)]	Loss: 0.297490
Train Epoch: 59 [60000/60000 (100%)]	Loss: 0.268882

Average Training loss: 0.0013, Training Error Rate: 21.13% (12676/60000)


Average Test loss: 0.0003, Test Error Rate: 20.05% (2005/10000)

Train Epoch: 60 [20000/60000 (33%)]	Loss: 0.257190
Train Epoch: 60 [40000/60000 (67%)]	Loss: 0.270984
Train Epoch: 60 [60000/60000 (100%)]	Loss: 0.270874

Average Training loss: 0.0013, Training Error Rate: 21.13% (12678/60000)


Average Test loss: 0.0003, Test Error Rate: 19.98% (1998/10000)

Train Epoch: 61 [20000/60000 (33%)]	Loss: 0.262960
Train Epoch: 61 [40000/60000 (67%)]	Loss: 0.266859
Train Epoch: 61 [60000/60000 (100%)]	Loss: 0.270817

Average Training loss: 0.0013, Training Error Rate: 21.16% (12693/60000)


Average Test loss: 0.0003, Test Error Rate: 20.26% (2026/10000)

slurmstepd: error: *** STEP 15492359.196 ON cn650 CANCELLED AT 2023-10-03T12:06:28 ***
