/vast/home/ajherman/miniconda3/envs/pytorch/lib/python3.11/site-packages/torchvision/io/image.py:13: UserWarning: Failed to load image Python extension: '/vast/home/ajherman/miniconda3/envs/pytorch/lib/python3.11/site-packages/torchvision/image.so: undefined symbol: _ZN5torch3jit17parseSchemaOrNameERKNSt7__cxx1112basic_stringIcSt11char_traitsIcESaIcEEE'If you don't plan on using image functionality from `torchvision.io`, you can ignore this warning. Otherwise, there might be something wrong with your environment. Did you have `libjpeg` or `libpng` installed before building `torchvision` from source?
  warn(
Random seed set as 42
dt =  0.11750309741540454
trace decay =  0.5737534207374327
Random seed set as 42
Random seed set as 42
dt =  0.11750309741540454
trace decay =  0.5737534207374327
Random seed set as 42
Train Epoch: 0 [20000/60000 (33%)]	Loss: 0.417129
Train Epoch: 0 [40000/60000 (67%)]	Loss: 0.374755
Train Epoch: 0 [60000/60000 (100%)]	Loss: 0.346400

Average Training loss: 0.0020, Training Error Rate: 59.40% (35637/60000)


Average Test loss: 0.0003, Test Error Rate: 36.46% (3646/10000)

Train Epoch: 1 [20000/60000 (33%)]	Loss: 0.310646
Train Epoch: 1 [40000/60000 (67%)]	Loss: 0.284733
Train Epoch: 1 [60000/60000 (100%)]	Loss: 0.259855

Average Training loss: 0.0015, Training Error Rate: 30.18% (18110/60000)


Average Test loss: 0.0003, Test Error Rate: 24.19% (2419/10000)

Train Epoch: 2 [20000/60000 (33%)]	Loss: 0.239491
Train Epoch: 2 [40000/60000 (67%)]	Loss: 0.230549
Train Epoch: 2 [60000/60000 (100%)]	Loss: 0.233662

Average Training loss: 0.0012, Training Error Rate: 22.93% (13760/60000)


Average Test loss: 0.0002, Test Error Rate: 19.78% (1978/10000)

Train Epoch: 3 [20000/60000 (33%)]	Loss: 0.213331
Train Epoch: 3 [40000/60000 (67%)]	Loss: 0.197819
Train Epoch: 3 [60000/60000 (100%)]	Loss: 0.194216

Average Training loss: 0.0010, Training Error Rate: 19.30% (11580/60000)


Average Test loss: 0.0002, Test Error Rate: 17.27% (1727/10000)

Train Epoch: 4 [20000/60000 (33%)]	Loss: 0.193039
Train Epoch: 4 [40000/60000 (67%)]	Loss: 0.186211
Train Epoch: 4 [60000/60000 (100%)]	Loss: 0.169946

Average Training loss: 0.0009, Training Error Rate: 17.60% (10558/60000)


Average Test loss: 0.0002, Test Error Rate: 15.54% (1554/10000)

Train Epoch: 5 [20000/60000 (33%)]	Loss: 0.166663
Train Epoch: 5 [40000/60000 (67%)]	Loss: 0.166974
Train Epoch: 5 [60000/60000 (100%)]	Loss: 0.182256

Average Training loss: 0.0008, Training Error Rate: 16.15% (9688/60000)


Average Test loss: 0.0002, Test Error Rate: 14.54% (1454/10000)

Train Epoch: 6 [20000/60000 (33%)]	Loss: 0.168825
Train Epoch: 6 [40000/60000 (67%)]	Loss: 0.151169
Train Epoch: 6 [60000/60000 (100%)]	Loss: 0.141600

Average Training loss: 0.0008, Training Error Rate: 15.14% (9084/60000)


Average Test loss: 0.0001, Test Error Rate: 13.78% (1378/10000)

Train Epoch: 7 [20000/60000 (33%)]	Loss: 0.160099
Train Epoch: 7 [40000/60000 (67%)]	Loss: 0.155996
Train Epoch: 7 [60000/60000 (100%)]	Loss: 0.140542

Average Training loss: 0.0007, Training Error Rate: 14.42% (8652/60000)


Average Test loss: 0.0001, Test Error Rate: 12.99% (1299/10000)

Train Epoch: 8 [20000/60000 (33%)]	Loss: 0.128513
Train Epoch: 8 [40000/60000 (67%)]	Loss: 0.141524
Train Epoch: 8 [60000/60000 (100%)]	Loss: 0.133467

Average Training loss: 0.0007, Training Error Rate: 13.83% (8297/60000)


Average Test loss: 0.0001, Test Error Rate: 13.02% (1302/10000)

Train Epoch: 9 [20000/60000 (33%)]	Loss: 0.127027
Train Epoch: 9 [40000/60000 (67%)]	Loss: 0.121480
Train Epoch: 9 [60000/60000 (100%)]	Loss: 0.123980

Average Training loss: 0.0007, Training Error Rate: 13.44% (8064/60000)


Average Test loss: 0.0001, Test Error Rate: 12.16% (1216/10000)

Train Epoch: 10 [20000/60000 (33%)]	Loss: 0.131258
Train Epoch: 10 [40000/60000 (67%)]	Loss: 0.127160
Train Epoch: 10 [60000/60000 (100%)]	Loss: 0.114197

Average Training loss: 0.0006, Training Error Rate: 13.02% (7814/60000)


Average Test loss: 0.0001, Test Error Rate: 11.78% (1178/10000)

Train Epoch: 11 [20000/60000 (33%)]	Loss: 0.105735
Train Epoch: 11 [40000/60000 (67%)]	Loss: 0.138387
Train Epoch: 11 [60000/60000 (100%)]	Loss: 0.118283

Average Training loss: 0.0006, Training Error Rate: 12.63% (7581/60000)


Average Test loss: 0.0001, Test Error Rate: 11.67% (1167/10000)

Train Epoch: 12 [20000/60000 (33%)]	Loss: 0.143693
Train Epoch: 12 [40000/60000 (67%)]	Loss: 0.105734
Train Epoch: 12 [60000/60000 (100%)]	Loss: 0.108639

Average Training loss: 0.0006, Training Error Rate: 12.24% (7347/60000)


Average Test loss: 0.0001, Test Error Rate: 11.22% (1122/10000)

Train Epoch: 13 [20000/60000 (33%)]	Loss: 0.100865
Train Epoch: 13 [40000/60000 (67%)]	Loss: 0.122810
Train Epoch: 13 [60000/60000 (100%)]	Loss: 0.101594

Average Training loss: 0.0006, Training Error Rate: 12.06% (7238/60000)


Average Test loss: 0.0001, Test Error Rate: 10.96% (1096/10000)

Train Epoch: 14 [20000/60000 (33%)]	Loss: 0.118955
Train Epoch: 14 [40000/60000 (67%)]	Loss: 0.126614
Train Epoch: 14 [60000/60000 (100%)]	Loss: 0.112096

Average Training loss: 0.0006, Training Error Rate: 11.72% (7030/60000)


Average Test loss: 0.0001, Test Error Rate: 10.55% (1055/10000)

Train Epoch: 15 [20000/60000 (33%)]	Loss: 0.117949
Train Epoch: 15 [40000/60000 (67%)]	Loss: 0.124526
Train Epoch: 15 [60000/60000 (100%)]	Loss: 0.115978

Average Training loss: 0.0005, Training Error Rate: 11.52% (6914/60000)


Average Test loss: 0.0001, Test Error Rate: 10.63% (1063/10000)

Train Epoch: 16 [20000/60000 (33%)]	Loss: 0.113518
Train Epoch: 16 [40000/60000 (67%)]	Loss: 0.106567
Train Epoch: 16 [60000/60000 (100%)]	Loss: 0.101545

Average Training loss: 0.0005, Training Error Rate: 11.36% (6815/60000)


Average Test loss: 0.0001, Test Error Rate: 10.31% (1031/10000)

Train Epoch: 17 [20000/60000 (33%)]	Loss: 0.117474
Train Epoch: 17 [40000/60000 (67%)]	Loss: 0.110305
Train Epoch: 17 [60000/60000 (100%)]	Loss: 0.097343

Average Training loss: 0.0005, Training Error Rate: 11.16% (6694/60000)


Average Test loss: 0.0001, Test Error Rate: 10.14% (1014/10000)

Train Epoch: 18 [20000/60000 (33%)]	Loss: 0.084712
Train Epoch: 18 [40000/60000 (67%)]	Loss: 0.113211
Train Epoch: 18 [60000/60000 (100%)]	Loss: 0.098468

Average Training loss: 0.0005, Training Error Rate: 10.93% (6559/60000)


Average Test loss: 0.0001, Test Error Rate: 10.02% (1002/10000)

Train Epoch: 19 [20000/60000 (33%)]	Loss: 0.126403
Train Epoch: 19 [40000/60000 (67%)]	Loss: 0.093451
Train Epoch: 19 [60000/60000 (100%)]	Loss: 0.084555

Average Training loss: 0.0005, Training Error Rate: 10.92% (6550/60000)


Average Test loss: 0.0001, Test Error Rate: 10.08% (1008/10000)

Train Epoch: 20 [20000/60000 (33%)]	Loss: 0.099941
Train Epoch: 20 [40000/60000 (67%)]	Loss: 0.118492
Train Epoch: 20 [60000/60000 (100%)]	Loss: 0.092563

Average Training loss: 0.0005, Training Error Rate: 10.65% (6391/60000)


Average Test loss: 0.0001, Test Error Rate: 9.63% (963/10000)

Train Epoch: 21 [20000/60000 (33%)]	Loss: 0.090496
Train Epoch: 21 [40000/60000 (67%)]	Loss: 0.088727
Train Epoch: 21 [60000/60000 (100%)]	Loss: 0.095709

Average Training loss: 0.0005, Training Error Rate: 10.51% (6308/60000)


Average Test loss: 0.0001, Test Error Rate: 9.65% (965/10000)

Train Epoch: 22 [20000/60000 (33%)]	Loss: 0.097448
Train Epoch: 22 [40000/60000 (67%)]	Loss: 0.108469
Train Epoch: 22 [60000/60000 (100%)]	Loss: 0.110357

Average Training loss: 0.0005, Training Error Rate: 10.24% (6143/60000)


Average Test loss: 0.0001, Test Error Rate: 9.57% (957/10000)

Train Epoch: 23 [20000/60000 (33%)]	Loss: 0.093561
Train Epoch: 23 [40000/60000 (67%)]	Loss: 0.103563
Train Epoch: 23 [60000/60000 (100%)]	Loss: 0.095686

Average Training loss: 0.0005, Training Error Rate: 10.24% (6147/60000)


Average Test loss: 0.0001, Test Error Rate: 9.11% (911/10000)

Train Epoch: 24 [20000/60000 (33%)]	Loss: 0.088668
Train Epoch: 24 [40000/60000 (67%)]	Loss: 0.115480
Train Epoch: 24 [60000/60000 (100%)]	Loss: 0.100510

Average Training loss: 0.0005, Training Error Rate: 10.05% (6030/60000)


Average Test loss: 0.0001, Test Error Rate: 9.11% (911/10000)

Train Epoch: 25 [20000/60000 (33%)]	Loss: 0.111994
Train Epoch: 25 [40000/60000 (67%)]	Loss: 0.079063
Train Epoch: 25 [60000/60000 (100%)]	Loss: 0.080119

Average Training loss: 0.0004, Training Error Rate: 9.84% (5906/60000)


Average Test loss: 0.0001, Test Error Rate: 9.16% (916/10000)

Train Epoch: 26 [20000/60000 (33%)]	Loss: 0.096065
Train Epoch: 26 [40000/60000 (67%)]	Loss: 0.082295
Train Epoch: 26 [60000/60000 (100%)]	Loss: 0.073481

Average Training loss: 0.0004, Training Error Rate: 9.72% (5831/60000)


Average Test loss: 0.0001, Test Error Rate: 9.52% (952/10000)

Train Epoch: 27 [20000/60000 (33%)]	Loss: 0.056676
Train Epoch: 27 [40000/60000 (67%)]	Loss: 0.086743
Train Epoch: 27 [60000/60000 (100%)]	Loss: 0.101372

Average Training loss: 0.0004, Training Error Rate: 9.64% (5786/60000)


Average Test loss: 0.0001, Test Error Rate: 9.00% (900/10000)

Train Epoch: 28 [20000/60000 (33%)]	Loss: 0.075578
Train Epoch: 28 [40000/60000 (67%)]	Loss: 0.067217
Train Epoch: 28 [60000/60000 (100%)]	Loss: 0.091575

Average Training loss: 0.0004, Training Error Rate: 9.57% (5743/60000)


Average Test loss: 0.0001, Test Error Rate: 8.71% (871/10000)

Train Epoch: 29 [20000/60000 (33%)]	Loss: 0.099569
Train Epoch: 29 [40000/60000 (67%)]	Loss: 0.089275
Train Epoch: 29 [60000/60000 (100%)]	Loss: 0.094255

Average Training loss: 0.0004, Training Error Rate: 9.59% (5751/60000)


Average Test loss: 0.0001, Test Error Rate: 8.63% (863/10000)

Train Epoch: 30 [20000/60000 (33%)]	Loss: 0.079308
Train Epoch: 30 [40000/60000 (67%)]	Loss: 0.083141
Train Epoch: 30 [60000/60000 (100%)]	Loss: 0.092766

Average Training loss: 0.0004, Training Error Rate: 9.41% (5649/60000)


Average Test loss: 0.0001, Test Error Rate: 8.87% (887/10000)

Train Epoch: 31 [20000/60000 (33%)]	Loss: 0.089090
Train Epoch: 31 [40000/60000 (67%)]	Loss: 0.070441
Train Epoch: 31 [60000/60000 (100%)]	Loss: 0.083245

Average Training loss: 0.0004, Training Error Rate: 9.34% (5604/60000)


Average Test loss: 0.0001, Test Error Rate: 8.56% (856/10000)

Train Epoch: 32 [20000/60000 (33%)]	Loss: 0.059477
Train Epoch: 32 [40000/60000 (67%)]	Loss: 0.090700
Train Epoch: 32 [60000/60000 (100%)]	Loss: 0.071859

Average Training loss: 0.0004, Training Error Rate: 9.23% (5536/60000)


Average Test loss: 0.0001, Test Error Rate: 8.51% (851/10000)

Train Epoch: 33 [20000/60000 (33%)]	Loss: 0.085704
Train Epoch: 33 [40000/60000 (67%)]	Loss: 0.064654
Train Epoch: 33 [60000/60000 (100%)]	Loss: 0.082799

Average Training loss: 0.0004, Training Error Rate: 9.10% (5461/60000)


Average Test loss: 0.0001, Test Error Rate: 8.68% (868/10000)

Train Epoch: 34 [20000/60000 (33%)]	Loss: 0.055142
Train Epoch: 34 [40000/60000 (67%)]	Loss: 0.085175
Train Epoch: 34 [60000/60000 (100%)]	Loss: 0.074132

Average Training loss: 0.0004, Training Error Rate: 9.03% (5418/60000)


Average Test loss: 0.0001, Test Error Rate: 8.47% (847/10000)

Train Epoch: 35 [20000/60000 (33%)]	Loss: 0.056438
Train Epoch: 35 [40000/60000 (67%)]	Loss: 0.077129
Train Epoch: 35 [60000/60000 (100%)]	Loss: 0.065357

Average Training loss: 0.0004, Training Error Rate: 8.89% (5334/60000)


Average Test loss: 0.0001, Test Error Rate: 8.33% (833/10000)

Train Epoch: 36 [20000/60000 (33%)]	Loss: 0.059966
Train Epoch: 36 [40000/60000 (67%)]	Loss: 0.067515
Train Epoch: 36 [60000/60000 (100%)]	Loss: 0.063366

Average Training loss: 0.0004, Training Error Rate: 8.85% (5312/60000)


Average Test loss: 0.0001, Test Error Rate: 8.36% (836/10000)

Train Epoch: 37 [20000/60000 (33%)]	Loss: 0.079883
Train Epoch: 37 [40000/60000 (67%)]	Loss: 0.066063
Train Epoch: 37 [60000/60000 (100%)]	Loss: 0.081772

Average Training loss: 0.0004, Training Error Rate: 8.82% (5290/60000)


Average Test loss: 0.0001, Test Error Rate: 7.95% (795/10000)

Train Epoch: 38 [20000/60000 (33%)]	Loss: 0.076377
Train Epoch: 38 [40000/60000 (67%)]	Loss: 0.051397
Train Epoch: 38 [60000/60000 (100%)]	Loss: 0.087470

Average Training loss: 0.0004, Training Error Rate: 8.69% (5214/60000)


Average Test loss: 0.0001, Test Error Rate: 8.14% (814/10000)

Train Epoch: 39 [20000/60000 (33%)]	Loss: 0.092094
Train Epoch: 39 [40000/60000 (67%)]	Loss: 0.073180
Train Epoch: 39 [60000/60000 (100%)]	Loss: 0.091208

Average Training loss: 0.0004, Training Error Rate: 8.54% (5121/60000)


Average Test loss: 0.0001, Test Error Rate: 8.09% (809/10000)

Train Epoch: 40 [20000/60000 (33%)]	Loss: 0.082756
Train Epoch: 40 [40000/60000 (67%)]	Loss: 0.074750
Train Epoch: 40 [60000/60000 (100%)]	Loss: 0.086808

Average Training loss: 0.0004, Training Error Rate: 8.56% (5136/60000)


Average Test loss: 0.0001, Test Error Rate: 8.05% (805/10000)

Train Epoch: 41 [20000/60000 (33%)]	Loss: 0.055257
Train Epoch: 41 [40000/60000 (67%)]	Loss: 0.078760
Train Epoch: 41 [60000/60000 (100%)]	Loss: 0.087079

Average Training loss: 0.0004, Training Error Rate: 8.36% (5015/60000)


Average Test loss: 0.0001, Test Error Rate: 7.95% (795/10000)

Train Epoch: 42 [20000/60000 (33%)]	Loss: 0.079016
Train Epoch: 42 [40000/60000 (67%)]	Loss: 0.098425
Train Epoch: 42 [60000/60000 (100%)]	Loss: 0.072343

Average Training loss: 0.0004, Training Error Rate: 8.46% (5077/60000)


Average Test loss: 0.0001, Test Error Rate: 7.98% (798/10000)

Train Epoch: 43 [20000/60000 (33%)]	Loss: 0.077781
Train Epoch: 43 [40000/60000 (67%)]	Loss: 0.085544
Train Epoch: 43 [60000/60000 (100%)]	Loss: 0.063507

Average Training loss: 0.0004, Training Error Rate: 8.31% (4984/60000)


Average Test loss: 0.0001, Test Error Rate: 7.88% (788/10000)

Train Epoch: 44 [20000/60000 (33%)]	Loss: 0.060562
Train Epoch: 44 [40000/60000 (67%)]	Loss: 0.086428
Train Epoch: 44 [60000/60000 (100%)]	Loss: 0.076486

Average Training loss: 0.0004, Training Error Rate: 8.25% (4952/60000)


Average Test loss: 0.0001, Test Error Rate: 7.97% (797/10000)

Train Epoch: 45 [20000/60000 (33%)]	Loss: 0.062167
Train Epoch: 45 [40000/60000 (67%)]	Loss: 0.061801
Train Epoch: 45 [60000/60000 (100%)]	Loss: 0.067305

Average Training loss: 0.0004, Training Error Rate: 8.28% (4965/60000)


Average Test loss: 0.0001, Test Error Rate: 7.91% (791/10000)

Train Epoch: 46 [20000/60000 (33%)]	Loss: 0.082886
Train Epoch: 46 [40000/60000 (67%)]	Loss: 0.097532
Train Epoch: 46 [60000/60000 (100%)]	Loss: 0.046689

Average Training loss: 0.0004, Training Error Rate: 8.08% (4848/60000)


Average Test loss: 0.0001, Test Error Rate: 7.80% (780/10000)

Train Epoch: 47 [20000/60000 (33%)]	Loss: 0.070598
Train Epoch: 47 [40000/60000 (67%)]	Loss: 0.069746
Train Epoch: 47 [60000/60000 (100%)]	Loss: 0.092137

Average Training loss: 0.0004, Training Error Rate: 8.05% (4832/60000)


Average Test loss: 0.0001, Test Error Rate: 7.88% (788/10000)

Train Epoch: 48 [20000/60000 (33%)]	Loss: 0.072958
Train Epoch: 48 [40000/60000 (67%)]	Loss: 0.064389
Train Epoch: 48 [60000/60000 (100%)]	Loss: 0.071394

Average Training loss: 0.0004, Training Error Rate: 8.02% (4809/60000)


Average Test loss: 0.0001, Test Error Rate: 7.90% (790/10000)

Train Epoch: 49 [20000/60000 (33%)]	Loss: 0.079273
Train Epoch: 49 [40000/60000 (67%)]	Loss: 0.053444
Train Epoch: 49 [60000/60000 (100%)]	Loss: 0.061085

Average Training loss: 0.0003, Training Error Rate: 7.98% (4790/60000)


Average Test loss: 0.0001, Test Error Rate: 8.03% (803/10000)

Train Epoch: 50 [20000/60000 (33%)]	Loss: 0.069630
Train Epoch: 50 [40000/60000 (67%)]	Loss: 0.082392
Train Epoch: 50 [60000/60000 (100%)]	Loss: 0.074487

Average Training loss: 0.0003, Training Error Rate: 7.91% (4746/60000)


Average Test loss: 0.0001, Test Error Rate: 7.75% (775/10000)

Train Epoch: 51 [20000/60000 (33%)]	Loss: 0.078708
Train Epoch: 51 [40000/60000 (67%)]	Loss: 0.075502
Train Epoch: 51 [60000/60000 (100%)]	Loss: 0.056777

Average Training loss: 0.0003, Training Error Rate: 7.81% (4687/60000)


Average Test loss: 0.0001, Test Error Rate: 7.53% (753/10000)

Train Epoch: 52 [20000/60000 (33%)]	Loss: 0.065990
Train Epoch: 52 [40000/60000 (67%)]	Loss: 0.080811
Train Epoch: 52 [60000/60000 (100%)]	Loss: 0.084543

Average Training loss: 0.0003, Training Error Rate: 7.85% (4708/60000)


Average Test loss: 0.0001, Test Error Rate: 7.62% (762/10000)

Train Epoch: 53 [20000/60000 (33%)]	Loss: 0.060636
Train Epoch: 53 [40000/60000 (67%)]	Loss: 0.066471
Train Epoch: 53 [60000/60000 (100%)]	Loss: 0.074887

Average Training loss: 0.0003, Training Error Rate: 7.80% (4680/60000)


Average Test loss: 0.0001, Test Error Rate: 7.43% (743/10000)

Train Epoch: 54 [20000/60000 (33%)]	Loss: 0.044935
Train Epoch: 54 [40000/60000 (67%)]	Loss: 0.067626
Train Epoch: 54 [60000/60000 (100%)]	Loss: 0.059216

Average Training loss: 0.0003, Training Error Rate: 7.74% (4644/60000)


Average Test loss: 0.0001, Test Error Rate: 7.40% (740/10000)

Train Epoch: 55 [20000/60000 (33%)]	Loss: 0.058732
Train Epoch: 55 [40000/60000 (67%)]	Loss: 0.060286
Train Epoch: 55 [60000/60000 (100%)]	Loss: 0.066860

Average Training loss: 0.0003, Training Error Rate: 7.76% (4655/60000)


Average Test loss: 0.0001, Test Error Rate: 7.51% (751/10000)

Train Epoch: 56 [20000/60000 (33%)]	Loss: 0.070632
Train Epoch: 56 [40000/60000 (67%)]	Loss: 0.073330
Train Epoch: 56 [60000/60000 (100%)]	Loss: 0.066750

Average Training loss: 0.0003, Training Error Rate: 7.63% (4578/60000)


Average Test loss: 0.0001, Test Error Rate: 7.44% (744/10000)

Train Epoch: 57 [20000/60000 (33%)]	Loss: 0.067612
Train Epoch: 57 [40000/60000 (67%)]	Loss: 0.079079
Train Epoch: 57 [60000/60000 (100%)]	Loss: 0.054241

Average Training loss: 0.0003, Training Error Rate: 7.65% (4588/60000)


Average Test loss: 0.0001, Test Error Rate: 7.55% (755/10000)

Train Epoch: 58 [20000/60000 (33%)]	Loss: 0.073572
Train Epoch: 58 [40000/60000 (67%)]	Loss: 0.049442
Train Epoch: 58 [60000/60000 (100%)]	Loss: 0.062310

Average Training loss: 0.0003, Training Error Rate: 7.41% (4443/60000)


Average Test loss: 0.0001, Test Error Rate: 7.42% (742/10000)

Train Epoch: 59 [20000/60000 (33%)]	Loss: 0.075970
Train Epoch: 59 [40000/60000 (67%)]	Loss: 0.065444
Train Epoch: 59 [60000/60000 (100%)]	Loss: 0.061563

Average Training loss: 0.0003, Training Error Rate: 7.51% (4507/60000)


Average Test loss: 0.0001, Test Error Rate: 7.29% (729/10000)

Train Epoch: 60 [20000/60000 (33%)]	Loss: 0.053815
Train Epoch: 60 [40000/60000 (67%)]	Loss: 0.067403
Train Epoch: 60 [60000/60000 (100%)]	Loss: 0.043048

Average Training loss: 0.0003, Training Error Rate: 7.49% (4494/60000)


Average Test loss: 0.0001, Test Error Rate: 7.27% (727/10000)

Train Epoch: 61 [20000/60000 (33%)]	Loss: 0.051643
Train Epoch: 61 [40000/60000 (67%)]	Loss: 0.067985
Train Epoch: 61 [60000/60000 (100%)]	Loss: 0.039734

Average Training loss: 0.0003, Training Error Rate: 7.37% (4424/60000)


Average Test loss: 0.0001, Test Error Rate: 7.33% (733/10000)

Train Epoch: 62 [20000/60000 (33%)]	Loss: 0.060239
Train Epoch: 62 [40000/60000 (67%)]	Loss: 0.052812
Train Epoch: 62 [60000/60000 (100%)]	Loss: 0.090717

Average Training loss: 0.0003, Training Error Rate: 7.35% (4409/60000)


Average Test loss: 0.0001, Test Error Rate: 7.25% (725/10000)

Train Epoch: 63 [20000/60000 (33%)]	Loss: 0.055689
Train Epoch: 63 [40000/60000 (67%)]	Loss: 0.062803
Train Epoch: 63 [60000/60000 (100%)]	Loss: 0.082059

Average Training loss: 0.0003, Training Error Rate: 7.46% (4479/60000)


Average Test loss: 0.0001, Test Error Rate: 7.15% (715/10000)

Train Epoch: 64 [20000/60000 (33%)]	Loss: 0.056535
Train Epoch: 64 [40000/60000 (67%)]	Loss: 0.062755
Train Epoch: 64 [60000/60000 (100%)]	Loss: 0.069063

Average Training loss: 0.0003, Training Error Rate: 7.42% (4452/60000)


Average Test loss: 0.0001, Test Error Rate: 7.28% (728/10000)

Train Epoch: 65 [20000/60000 (33%)]	Loss: 0.069367
Train Epoch: 65 [40000/60000 (67%)]	Loss: 0.055486
Train Epoch: 65 [60000/60000 (100%)]	Loss: 0.052262

Average Training loss: 0.0003, Training Error Rate: 7.38% (4426/60000)


Average Test loss: 0.0001, Test Error Rate: 7.33% (733/10000)

Train Epoch: 66 [20000/60000 (33%)]	Loss: 0.048847
Train Epoch: 66 [40000/60000 (67%)]	Loss: 0.070316
Train Epoch: 66 [60000/60000 (100%)]	Loss: 0.050191

Average Training loss: 0.0003, Training Error Rate: 7.30% (4383/60000)


Average Test loss: 0.0001, Test Error Rate: 7.40% (740/10000)

Train Epoch: 67 [20000/60000 (33%)]	Loss: 0.061233
Train Epoch: 67 [40000/60000 (67%)]	Loss: 0.063418
Train Epoch: 67 [60000/60000 (100%)]	Loss: 0.061134

Average Training loss: 0.0003, Training Error Rate: 7.20% (4318/60000)


Average Test loss: 0.0001, Test Error Rate: 6.93% (693/10000)

Train Epoch: 68 [20000/60000 (33%)]	Loss: 0.080203
Train Epoch: 68 [40000/60000 (67%)]	Loss: 0.064537
Train Epoch: 68 [60000/60000 (100%)]	Loss: 0.063240

Average Training loss: 0.0003, Training Error Rate: 7.19% (4315/60000)


Average Test loss: 0.0001, Test Error Rate: 7.19% (719/10000)

Train Epoch: 69 [20000/60000 (33%)]	Loss: 0.088945
Train Epoch: 69 [40000/60000 (67%)]	Loss: 0.043322
Train Epoch: 69 [60000/60000 (100%)]	Loss: 0.072744

Average Training loss: 0.0003, Training Error Rate: 7.20% (4321/60000)


Average Test loss: 0.0001, Test Error Rate: 6.94% (694/10000)

Train Epoch: 70 [20000/60000 (33%)]	Loss: 0.060547
Train Epoch: 70 [40000/60000 (67%)]	Loss: 0.057753
Train Epoch: 70 [60000/60000 (100%)]	Loss: 0.069008

Average Training loss: 0.0003, Training Error Rate: 7.09% (4252/60000)


Average Test loss: 0.0001, Test Error Rate: 6.90% (690/10000)

Train Epoch: 71 [20000/60000 (33%)]	Loss: 0.053717
Train Epoch: 71 [40000/60000 (67%)]	Loss: 0.061491
Train Epoch: 71 [60000/60000 (100%)]	Loss: 0.047752

Average Training loss: 0.0003, Training Error Rate: 7.04% (4222/60000)


Average Test loss: 0.0001, Test Error Rate: 7.07% (707/10000)

Train Epoch: 72 [20000/60000 (33%)]	Loss: 0.055524
Train Epoch: 72 [40000/60000 (67%)]	Loss: 0.055188
Train Epoch: 72 [60000/60000 (100%)]	Loss: 0.043410

Average Training loss: 0.0003, Training Error Rate: 7.11% (4264/60000)


Average Test loss: 0.0001, Test Error Rate: 7.06% (706/10000)

Train Epoch: 73 [20000/60000 (33%)]	Loss: 0.069811
Train Epoch: 73 [40000/60000 (67%)]	Loss: 0.082353
Train Epoch: 73 [60000/60000 (100%)]	Loss: 0.054106

Average Training loss: 0.0003, Training Error Rate: 7.10% (4259/60000)


Average Test loss: 0.0001, Test Error Rate: 6.87% (687/10000)

Train Epoch: 74 [20000/60000 (33%)]	Loss: 0.069533
Train Epoch: 74 [40000/60000 (67%)]	Loss: 0.078190
Train Epoch: 74 [60000/60000 (100%)]	Loss: 0.045537

Average Training loss: 0.0003, Training Error Rate: 7.02% (4214/60000)


Average Test loss: 0.0001, Test Error Rate: 7.17% (717/10000)

Train Epoch: 75 [20000/60000 (33%)]	Loss: 0.052934
Train Epoch: 75 [40000/60000 (67%)]	Loss: 0.056205
Train Epoch: 75 [60000/60000 (100%)]	Loss: 0.080718

Average Training loss: 0.0003, Training Error Rate: 6.87% (4121/60000)


Average Test loss: 0.0001, Test Error Rate: 7.06% (706/10000)

Train Epoch: 76 [20000/60000 (33%)]	Loss: 0.068143
Train Epoch: 76 [40000/60000 (67%)]	Loss: 0.055721
Train Epoch: 76 [60000/60000 (100%)]	Loss: 0.065860

Average Training loss: 0.0003, Training Error Rate: 6.99% (4194/60000)


Average Test loss: 0.0001, Test Error Rate: 7.10% (710/10000)

Train Epoch: 77 [20000/60000 (33%)]	Loss: 0.060656
Train Epoch: 77 [40000/60000 (67%)]	Loss: 0.067649
Train Epoch: 77 [60000/60000 (100%)]	Loss: 0.066085

Average Training loss: 0.0003, Training Error Rate: 6.90% (4141/60000)


Average Test loss: 0.0001, Test Error Rate: 6.97% (697/10000)

Train Epoch: 78 [20000/60000 (33%)]	Loss: 0.062022
Train Epoch: 78 [40000/60000 (67%)]	Loss: 0.059108
Train Epoch: 78 [60000/60000 (100%)]	Loss: 0.059789

Average Training loss: 0.0003, Training Error Rate: 6.86% (4117/60000)


Average Test loss: 0.0001, Test Error Rate: 7.14% (714/10000)

Train Epoch: 79 [20000/60000 (33%)]	Loss: 0.055079
Train Epoch: 79 [40000/60000 (67%)]	Loss: 0.059845
Train Epoch: 79 [60000/60000 (100%)]	Loss: 0.059174

Average Training loss: 0.0003, Training Error Rate: 6.77% (4061/60000)


Average Test loss: 0.0001, Test Error Rate: 6.89% (689/10000)

