/vast/home/ajherman/miniconda3/envs/pytorch/lib/python3.11/site-packages/torchvision/io/image.py:13: UserWarning: Failed to load image Python extension: '/vast/home/ajherman/miniconda3/envs/pytorch/lib/python3.11/site-packages/torchvision/image.so: undefined symbol: _ZN5torch3jit17parseSchemaOrNameERKNSt7__cxx1112basic_stringIcSt11char_traitsIcESaIcEEE'If you don't plan on using image functionality from `torchvision.io`, you can ignore this warning. Otherwise, there might be something wrong with your environment. Did you have `libjpeg` or `libpng` installed before building `torchvision` from source?
  warn(
usage: main.py [-h] [--batch-size N] [--test-batch-size N] [--epochs N]
               [--lr_tab LR [LR ...]] [--randbeta RANDBETA]
               [--size_tab ST [ST ...]] [--discrete] [--dt DT] [--T T]
               [--Kmax Kmax] [--beta BETA] [--activation-function ACTFUN]
               [--no-clamp] [--learning-rule LR] [--cep] [--angle ANGLE]
               [--action ACTION] [--device-label DEVICE_LABEL] [--debug-cep]
               [--seed SEED [SEED ...]] [--angle-grad] [--use-bias]
               [--no-rhop] [--update-rule UPDATE_RULE] [--no-reset]
               [--plain-data] [--trace-decay TRACE_DECAY]
               [--directory DIRECTORY] [--load LOAD] [--spiking SPIKING]
               [--spike-height SPIKE_HEIGHT]
main.py: error: argument --directory: expected one argument
/vast/home/ajherman/miniconda3/envs/pytorch/lib/python3.11/site-packages/torchvision/io/image.py:13: UserWarning: Failed to load image Python extension: '/vast/home/ajherman/miniconda3/envs/pytorch/lib/python3.11/site-packages/torchvision/image.so: undefined symbol: _ZN5torch3jit17parseSchemaOrNameERKNSt7__cxx1112basic_stringIcSt11char_traitsIcESaIcEEE'If you don't plan on using image functionality from `torchvision.io`, you can ignore this warning. Otherwise, there might be something wrong with your environment. Did you have `libjpeg` or `libpng` installed before building `torchvision` from source?
  warn(
usage: main.py [-h] [--batch-size N] [--test-batch-size N] [--epochs N]
               [--lr_tab LR [LR ...]] [--randbeta RANDBETA]
               [--size_tab ST [ST ...]] [--discrete] [--dt DT] [--T T]
               [--Kmax Kmax] [--beta BETA] [--activation-function ACTFUN]
               [--no-clamp] [--learning-rule LR] [--cep] [--angle ANGLE]
               [--action ACTION] [--device-label DEVICE_LABEL] [--debug-cep]
               [--seed SEED [SEED ...]] [--angle-grad] [--use-bias]
               [--no-rhop] [--update-rule UPDATE_RULE] [--no-reset]
               [--plain-data] [--trace-decay TRACE_DECAY]
               [--directory DIRECTORY] [--load LOAD] [--spiking SPIKING]
               [--spike-height SPIKE_HEIGHT]
main.py: error: argument --directory: expected one argument
Traceback (most recent call last):
  File "/vast/home/ajherman/continualEP/main.py", line 2, in <module>
    import torchvision.datasets as datasets
ModuleNotFoundError: No module named 'torchvision'
Traceback (most recent call last):
  File "/vast/home/ajherman/continualEP/main.py", line 2, in <module>
    import torchvision.datasets as datasets
ModuleNotFoundError: No module named 'torchvision'
Traceback (most recent call last):
  File "/vast/home/ajherman/continualEP/main.py", line 2, in <module>
    import torchvision.datasets as datasets
ModuleNotFoundError: No module named 'torchvision'
Traceback (most recent call last):
  File "/vast/home/ajherman/continualEP/main.py", line 2, in <module>
    import torchvision.datasets as datasets
ModuleNotFoundError: No module named 'torchvision'
Traceback (most recent call last):
  File "/vast/home/ajherman/continualEP/main.py", line 2, in <module>
    import torchvision.datasets as datasets
ModuleNotFoundError: No module named 'torchvision'
Traceback (most recent call last):
  File "/vast/home/ajherman/continualEP/main.py", line 2, in <module>
    import torchvision.datasets as datasets
ModuleNotFoundError: No module named 'torchvision'
/vast/home/ajherman/miniconda3/envs/pytorch/lib/python3.11/site-packages/torchvision/io/image.py:13: UserWarning: Failed to load image Python extension: '/vast/home/ajherman/miniconda3/envs/pytorch/lib/python3.11/site-packages/torchvision/image.so: undefined symbol: _ZN5torch3jit17parseSchemaOrNameERKNSt7__cxx1112basic_stringIcSt11char_traitsIcESaIcEEE'If you don't plan on using image functionality from `torchvision.io`, you can ignore this warning. Otherwise, there might be something wrong with your environment. Did you have `libjpeg` or `libpng` installed before building `torchvision` from source?
  warn(
dt =  0.2651327538622006
dt =  0.2651327538622006
Traceback (most recent call last):
  File "/vast/home/ajherman/continualEP/main.py", line 364, in <module>
    error_train = train(net, train_loader, epoch, args.learning_rule)
                                           ^^^^^
NameError: name 'epoch' is not defined
/vast/home/ajherman/miniconda3/envs/pytorch/lib/python3.11/site-packages/torchvision/io/image.py:13: UserWarning: Failed to load image Python extension: '/vast/home/ajherman/miniconda3/envs/pytorch/lib/python3.11/site-packages/torchvision/image.so: undefined symbol: _ZN5torch3jit17parseSchemaOrNameERKNSt7__cxx1112basic_stringIcSt11char_traitsIcESaIcEEE'If you don't plan on using image functionality from `torchvision.io`, you can ignore this warning. Otherwise, there might be something wrong with your environment. Did you have `libjpeg` or `libpng` installed before building `torchvision` from source?
  warn(
dt =  0.2651327538622006
dt =  0.2651327538622006
Train Epoch: 0 [2000/60000 (3%)]	Loss: 0.427823
Train Epoch: 0 [4000/60000 (7%)]	Loss: 0.409916
Train Epoch: 0 [6000/60000 (10%)]	Loss: 0.361799
Train Epoch: 0 [8000/60000 (13%)]	Loss: 0.353616
Train Epoch: 0 [10000/60000 (17%)]	Loss: 0.292292
Train Epoch: 0 [12000/60000 (20%)]	Loss: 0.319804
Train Epoch: 0 [14000/60000 (23%)]	Loss: 0.309388
Train Epoch: 0 [16000/60000 (27%)]	Loss: 0.290722
Train Epoch: 0 [18000/60000 (30%)]	Loss: 0.289721
Train Epoch: 0 [20000/60000 (33%)]	Loss: 0.264470
Train Epoch: 0 [22000/60000 (37%)]	Loss: 0.301325
Train Epoch: 0 [24000/60000 (40%)]	Loss: 0.201137
Train Epoch: 0 [26000/60000 (43%)]	Loss: 0.203387
Train Epoch: 0 [28000/60000 (47%)]	Loss: 0.164528
Train Epoch: 0 [30000/60000 (50%)]	Loss: 0.194426
Train Epoch: 0 [32000/60000 (53%)]	Loss: 0.169205
Train Epoch: 0 [34000/60000 (57%)]	Loss: 0.202282
Train Epoch: 0 [36000/60000 (60%)]	Loss: 0.288821
Train Epoch: 0 [38000/60000 (63%)]	Loss: 0.203852
Train Epoch: 0 [40000/60000 (67%)]	Loss: 0.199782
Train Epoch: 0 [42000/60000 (70%)]	Loss: 0.183918
Train Epoch: 0 [44000/60000 (73%)]	Loss: 0.174546
Train Epoch: 0 [46000/60000 (77%)]	Loss: 0.193003
Train Epoch: 0 [48000/60000 (80%)]	Loss: 0.221051
Train Epoch: 0 [50000/60000 (83%)]	Loss: 0.169848
Train Epoch: 0 [52000/60000 (87%)]	Loss: 0.152573
Train Epoch: 0 [54000/60000 (90%)]	Loss: 0.117099
Train Epoch: 0 [56000/60000 (93%)]	Loss: 0.192647
Train Epoch: 0 [58000/60000 (97%)]	Loss: 0.142135
Train Epoch: 0 [60000/60000 (100%)]	Loss: 0.110263

Average Training loss: 0.0122, Training Error Rate: 25.53% (15317/60000)


Average Test loss: 0.0002, Test Error Rate: 14.46% (1446/10000)

Train Epoch: 1 [2000/60000 (3%)]	Loss: 0.230362
Train Epoch: 1 [4000/60000 (7%)]	Loss: 0.171548
Train Epoch: 1 [6000/60000 (10%)]	Loss: 0.138118
Train Epoch: 1 [8000/60000 (13%)]	Loss: 0.234281
Train Epoch: 1 [10000/60000 (17%)]	Loss: 0.193790
Train Epoch: 1 [12000/60000 (20%)]	Loss: 0.184269
Train Epoch: 1 [14000/60000 (23%)]	Loss: 0.156390
Train Epoch: 1 [16000/60000 (27%)]	Loss: 0.122774
Train Epoch: 1 [18000/60000 (30%)]	Loss: 0.151347
Train Epoch: 1 [20000/60000 (33%)]	Loss: 0.173862
Train Epoch: 1 [22000/60000 (37%)]	Loss: 0.229516
Train Epoch: 1 [24000/60000 (40%)]	Loss: 0.169572
Train Epoch: 1 [26000/60000 (43%)]	Loss: 0.149976
Train Epoch: 1 [28000/60000 (47%)]	Loss: 0.184719
Train Epoch: 1 [30000/60000 (50%)]	Loss: 0.142822
Train Epoch: 1 [32000/60000 (53%)]	Loss: 0.183923
Train Epoch: 1 [34000/60000 (57%)]	Loss: 0.167219
Train Epoch: 1 [36000/60000 (60%)]	Loss: 0.133284
Train Epoch: 1 [38000/60000 (63%)]	Loss: 0.135925
Train Epoch: 1 [40000/60000 (67%)]	Loss: 0.157846
Train Epoch: 1 [42000/60000 (70%)]	Loss: 0.158749
Train Epoch: 1 [44000/60000 (73%)]	Loss: 0.115066
Train Epoch: 1 [46000/60000 (77%)]	Loss: 0.168451
Train Epoch: 1 [48000/60000 (80%)]	Loss: 0.120961
Train Epoch: 1 [50000/60000 (83%)]	Loss: 0.197486
Train Epoch: 1 [52000/60000 (87%)]	Loss: 0.121717
Train Epoch: 1 [54000/60000 (90%)]	Loss: 0.175022
Train Epoch: 1 [56000/60000 (93%)]	Loss: 0.175393
Train Epoch: 1 [58000/60000 (97%)]	Loss: 0.152881
Train Epoch: 1 [60000/60000 (100%)]	Loss: 0.100512

Average Training loss: 0.0077, Training Error Rate: 14.04% (8421/60000)


Average Test loss: 0.0001, Test Error Rate: 12.34% (1234/10000)

Train Epoch: 2 [2000/60000 (3%)]	Loss: 0.132754
Train Epoch: 2 [4000/60000 (7%)]	Loss: 0.136212
Train Epoch: 2 [6000/60000 (10%)]	Loss: 0.123788
Train Epoch: 2 [8000/60000 (13%)]	Loss: 0.111535
Train Epoch: 2 [10000/60000 (17%)]	Loss: 0.169527
Train Epoch: 2 [12000/60000 (20%)]	Loss: 0.119530
Train Epoch: 2 [14000/60000 (23%)]	Loss: 0.151910
Train Epoch: 2 [16000/60000 (27%)]	Loss: 0.145880
Train Epoch: 2 [18000/60000 (30%)]	Loss: 0.157403
Train Epoch: 2 [20000/60000 (33%)]	Loss: 0.168784
Train Epoch: 2 [22000/60000 (37%)]	Loss: 0.105693
Train Epoch: 2 [24000/60000 (40%)]	Loss: 0.128160
Train Epoch: 2 [26000/60000 (43%)]	Loss: 0.157704
Train Epoch: 2 [28000/60000 (47%)]	Loss: 0.240414
Train Epoch: 2 [30000/60000 (50%)]	Loss: 0.111339
Train Epoch: 2 [32000/60000 (53%)]	Loss: 0.188839
Train Epoch: 2 [34000/60000 (57%)]	Loss: 0.122038
Train Epoch: 2 [36000/60000 (60%)]	Loss: 0.172425
Train Epoch: 2 [38000/60000 (63%)]	Loss: 0.168783
Train Epoch: 2 [40000/60000 (67%)]	Loss: 0.190532
Train Epoch: 2 [42000/60000 (70%)]	Loss: 0.173651
Train Epoch: 2 [44000/60000 (73%)]	Loss: 0.134395
Train Epoch: 2 [46000/60000 (77%)]	Loss: 0.133833
Train Epoch: 2 [48000/60000 (80%)]	Loss: 0.153975
Train Epoch: 2 [50000/60000 (83%)]	Loss: 0.175317
Train Epoch: 2 [52000/60000 (87%)]	Loss: 0.164737
Train Epoch: 2 [54000/60000 (90%)]	Loss: 0.145324
Train Epoch: 2 [56000/60000 (93%)]	Loss: 0.145493
Train Epoch: 2 [58000/60000 (97%)]	Loss: 0.104907
Train Epoch: 2 [60000/60000 (100%)]	Loss: 0.152843

Average Training loss: 0.0068, Training Error Rate: 12.30% (7381/60000)


Average Test loss: 0.0001, Test Error Rate: 11.09% (1109/10000)

Train Epoch: 3 [2000/60000 (3%)]	Loss: 0.126962
Train Epoch: 3 [4000/60000 (7%)]	Loss: 0.150339
Train Epoch: 3 [6000/60000 (10%)]	Loss: 0.180323
Train Epoch: 3 [8000/60000 (13%)]	Loss: 0.131163
Train Epoch: 3 [10000/60000 (17%)]	Loss: 0.111017
Train Epoch: 3 [12000/60000 (20%)]	Loss: 0.087390
Train Epoch: 3 [14000/60000 (23%)]	Loss: 0.121698
Train Epoch: 3 [16000/60000 (27%)]	Loss: 0.090683
Train Epoch: 3 [18000/60000 (30%)]	Loss: 0.148542
Train Epoch: 3 [20000/60000 (33%)]	Loss: 0.148289
/vast/home/ajherman/continualEP/netFunctions.py:118: RuntimeWarning: More than 20 figures have been opened. Figures created through the pyplot interface (`matplotlib.pyplot.figure`) are retained until explicitly closed and may consume too much memory. (To control this warning, see the rcParam `figure.max_open_warning`). Consider using `matplotlib.pyplot.close()`.
  fig, ax = plt.subplots()
Train Epoch: 3 [22000/60000 (37%)]	Loss: 0.111745
Train Epoch: 3 [24000/60000 (40%)]	Loss: 0.109752
Train Epoch: 3 [26000/60000 (43%)]	Loss: 0.159948
Train Epoch: 3 [28000/60000 (47%)]	Loss: 0.175886
Train Epoch: 3 [30000/60000 (50%)]	Loss: 0.149638
Train Epoch: 3 [32000/60000 (53%)]	Loss: 0.138218
Train Epoch: 3 [34000/60000 (57%)]	Loss: 0.084804
Train Epoch: 3 [36000/60000 (60%)]	Loss: 0.103341
Train Epoch: 3 [38000/60000 (63%)]	Loss: 0.127656
Train Epoch: 3 [40000/60000 (67%)]	Loss: 0.155542
Train Epoch: 3 [42000/60000 (70%)]	Loss: 0.162455
Train Epoch: 3 [44000/60000 (73%)]	Loss: 0.091828
Train Epoch: 3 [46000/60000 (77%)]	Loss: 0.109531
Train Epoch: 3 [48000/60000 (80%)]	Loss: 0.191006
Train Epoch: 3 [50000/60000 (83%)]	Loss: 0.136958
Train Epoch: 3 [52000/60000 (87%)]	Loss: 0.081691
Train Epoch: 3 [54000/60000 (90%)]	Loss: 0.081137
Train Epoch: 3 [56000/60000 (93%)]	Loss: 0.090194
Train Epoch: 3 [58000/60000 (97%)]	Loss: 0.126964
Train Epoch: 3 [60000/60000 (100%)]	Loss: 0.156134

Average Training loss: 0.0062, Training Error Rate: 11.29% (6774/60000)


Average Test loss: 0.0001, Test Error Rate: 10.25% (1025/10000)

Train Epoch: 4 [2000/60000 (3%)]	Loss: 0.103364
Train Epoch: 4 [4000/60000 (7%)]	Loss: 0.067261
Train Epoch: 4 [6000/60000 (10%)]	Loss: 0.121921
Train Epoch: 4 [8000/60000 (13%)]	Loss: 0.130137
Train Epoch: 4 [10000/60000 (17%)]	Loss: 0.144144
Train Epoch: 4 [12000/60000 (20%)]	Loss: 0.199658
Train Epoch: 4 [14000/60000 (23%)]	Loss: 0.098261
Train Epoch: 4 [16000/60000 (27%)]	Loss: 0.095951
Train Epoch: 4 [18000/60000 (30%)]	Loss: 0.113098
Train Epoch: 4 [20000/60000 (33%)]	Loss: 0.147109
Train Epoch: 4 [22000/60000 (37%)]	Loss: 0.117645
Train Epoch: 4 [24000/60000 (40%)]	Loss: 0.108888
Train Epoch: 4 [26000/60000 (43%)]	Loss: 0.185267
Train Epoch: 4 [28000/60000 (47%)]	Loss: 0.083672
Train Epoch: 4 [30000/60000 (50%)]	Loss: 0.100358
Train Epoch: 4 [32000/60000 (53%)]	Loss: 0.123880
Train Epoch: 4 [34000/60000 (57%)]	Loss: 0.102466
Train Epoch: 4 [36000/60000 (60%)]	Loss: 0.117274
Train Epoch: 4 [38000/60000 (63%)]	Loss: 0.123749
Train Epoch: 4 [40000/60000 (67%)]	Loss: 0.204890
Train Epoch: 4 [42000/60000 (70%)]	Loss: 0.183541
Train Epoch: 4 [44000/60000 (73%)]	Loss: 0.095420
Train Epoch: 4 [46000/60000 (77%)]	Loss: 0.046908
Train Epoch: 4 [48000/60000 (80%)]	Loss: 0.064898
Train Epoch: 4 [50000/60000 (83%)]	Loss: 0.171772
Train Epoch: 4 [52000/60000 (87%)]	Loss: 0.122793
Train Epoch: 4 [54000/60000 (90%)]	Loss: 0.101142
Train Epoch: 4 [56000/60000 (93%)]	Loss: 0.259973
Train Epoch: 4 [58000/60000 (97%)]	Loss: 0.103783
Train Epoch: 4 [60000/60000 (100%)]	Loss: 0.148672

Average Training loss: 0.0059, Training Error Rate: 10.72% (6430/60000)


Average Test loss: 0.0001, Test Error Rate: 9.85% (985/10000)

Train Epoch: 5 [2000/60000 (3%)]	Loss: 0.064329
Train Epoch: 5 [4000/60000 (7%)]	Loss: 0.116629
Train Epoch: 5 [6000/60000 (10%)]	Loss: 0.111461
Train Epoch: 5 [8000/60000 (13%)]	Loss: 0.083627
Train Epoch: 5 [10000/60000 (17%)]	Loss: 0.102292
Train Epoch: 5 [12000/60000 (20%)]	Loss: 0.132402
Train Epoch: 5 [14000/60000 (23%)]	Loss: 0.141194
Train Epoch: 5 [16000/60000 (27%)]	Loss: 0.063133
Train Epoch: 5 [18000/60000 (30%)]	Loss: 0.041762
Train Epoch: 5 [20000/60000 (33%)]	Loss: 0.099411
Train Epoch: 5 [22000/60000 (37%)]	Loss: 0.135248
Train Epoch: 5 [24000/60000 (40%)]	Loss: 0.089180
Train Epoch: 5 [26000/60000 (43%)]	Loss: 0.188571
Train Epoch: 5 [28000/60000 (47%)]	Loss: 0.135446
Train Epoch: 5 [30000/60000 (50%)]	Loss: 0.154794
Train Epoch: 5 [32000/60000 (53%)]	Loss: 0.154767
Train Epoch: 5 [34000/60000 (57%)]	Loss: 0.079993
Train Epoch: 5 [36000/60000 (60%)]	Loss: 0.129184
Train Epoch: 5 [38000/60000 (63%)]	Loss: 0.080138
Train Epoch: 5 [40000/60000 (67%)]	Loss: 0.121633
Train Epoch: 5 [42000/60000 (70%)]	Loss: 0.056487
Train Epoch: 5 [44000/60000 (73%)]	Loss: 0.115617
Train Epoch: 5 [46000/60000 (77%)]	Loss: 0.102513
Train Epoch: 5 [48000/60000 (80%)]	Loss: 0.122551
Train Epoch: 5 [50000/60000 (83%)]	Loss: 0.075826
Train Epoch: 5 [52000/60000 (87%)]	Loss: 0.118461
Train Epoch: 5 [54000/60000 (90%)]	Loss: 0.114987
Train Epoch: 5 [56000/60000 (93%)]	Loss: 0.095248
Train Epoch: 5 [58000/60000 (97%)]	Loss: 0.099266
Train Epoch: 5 [60000/60000 (100%)]	Loss: 0.066688

Average Training loss: 0.0056, Training Error Rate: 10.22% (6135/60000)


Average Test loss: 0.0001, Test Error Rate: 9.16% (916/10000)

Train Epoch: 6 [2000/60000 (3%)]	Loss: 0.151837
Train Epoch: 6 [4000/60000 (7%)]	Loss: 0.121144
Train Epoch: 6 [6000/60000 (10%)]	Loss: 0.175725
Train Epoch: 6 [8000/60000 (13%)]	Loss: 0.101343
Train Epoch: 6 [10000/60000 (17%)]	Loss: 0.110688
Train Epoch: 6 [12000/60000 (20%)]	Loss: 0.168717
Train Epoch: 6 [14000/60000 (23%)]	Loss: 0.141536
Train Epoch: 6 [16000/60000 (27%)]	Loss: 0.081169
Train Epoch: 6 [18000/60000 (30%)]	Loss: 0.099542
Train Epoch: 6 [20000/60000 (33%)]	Loss: 0.098861
Train Epoch: 6 [22000/60000 (37%)]	Loss: 0.070502
Train Epoch: 6 [24000/60000 (40%)]	Loss: 0.115963
Train Epoch: 6 [26000/60000 (43%)]	Loss: 0.121580
Train Epoch: 6 [28000/60000 (47%)]	Loss: 0.126344
Train Epoch: 6 [30000/60000 (50%)]	Loss: 0.137978
Train Epoch: 6 [32000/60000 (53%)]	Loss: 0.153253
Train Epoch: 6 [34000/60000 (57%)]	Loss: 0.048371
Train Epoch: 6 [36000/60000 (60%)]	Loss: 0.062711
Train Epoch: 6 [38000/60000 (63%)]	Loss: 0.140658
Train Epoch: 6 [40000/60000 (67%)]	Loss: 0.079219
Train Epoch: 6 [42000/60000 (70%)]	Loss: 0.149968
Train Epoch: 6 [44000/60000 (73%)]	Loss: 0.078889
Train Epoch: 6 [46000/60000 (77%)]	Loss: 0.082802
Train Epoch: 6 [48000/60000 (80%)]	Loss: 0.094388
Train Epoch: 6 [50000/60000 (83%)]	Loss: 0.082123
Train Epoch: 6 [52000/60000 (87%)]	Loss: 0.119651
Train Epoch: 6 [54000/60000 (90%)]	Loss: 0.076157
Train Epoch: 6 [56000/60000 (93%)]	Loss: 0.156863
Train Epoch: 6 [58000/60000 (97%)]	Loss: 0.170802
Train Epoch: 6 [60000/60000 (100%)]	Loss: 0.175730

Average Training loss: 0.0054, Training Error Rate: 9.72% (5834/60000)


Average Test loss: 0.0001, Test Error Rate: 9.08% (908/10000)

Train Epoch: 7 [2000/60000 (3%)]	Loss: 0.093674
Train Epoch: 7 [4000/60000 (7%)]	Loss: 0.138171
Train Epoch: 7 [6000/60000 (10%)]	Loss: 0.109448
Train Epoch: 7 [8000/60000 (13%)]	Loss: 0.100728
Train Epoch: 7 [10000/60000 (17%)]	Loss: 0.131037
Train Epoch: 7 [12000/60000 (20%)]	Loss: 0.106766
Train Epoch: 7 [14000/60000 (23%)]	Loss: 0.117956
Train Epoch: 7 [16000/60000 (27%)]	Loss: 0.140752
Train Epoch: 7 [18000/60000 (30%)]	Loss: 0.054135
Train Epoch: 7 [20000/60000 (33%)]	Loss: 0.067799
Train Epoch: 7 [22000/60000 (37%)]	Loss: 0.080748
Train Epoch: 7 [24000/60000 (40%)]	Loss: 0.084659
Train Epoch: 7 [26000/60000 (43%)]	Loss: 0.146719
Train Epoch: 7 [28000/60000 (47%)]	Loss: 0.039792
Train Epoch: 7 [30000/60000 (50%)]	Loss: 0.086203
Train Epoch: 7 [32000/60000 (53%)]	Loss: 0.065214
Train Epoch: 7 [34000/60000 (57%)]	Loss: 0.116400
Train Epoch: 7 [36000/60000 (60%)]	Loss: 0.127005
Train Epoch: 7 [38000/60000 (63%)]	Loss: 0.096414
Train Epoch: 7 [40000/60000 (67%)]	Loss: 0.061784
Train Epoch: 7 [42000/60000 (70%)]	Loss: 0.119806
Train Epoch: 7 [44000/60000 (73%)]	Loss: 0.109853
Train Epoch: 7 [46000/60000 (77%)]	Loss: 0.073232
Train Epoch: 7 [48000/60000 (80%)]	Loss: 0.074467
Train Epoch: 7 [50000/60000 (83%)]	Loss: 0.087529
Train Epoch: 7 [52000/60000 (87%)]	Loss: 0.044773
Train Epoch: 7 [54000/60000 (90%)]	Loss: 0.092492
Train Epoch: 7 [56000/60000 (93%)]	Loss: 0.120927
Train Epoch: 7 [58000/60000 (97%)]	Loss: 0.076491
Train Epoch: 7 [60000/60000 (100%)]	Loss: 0.055282

Average Training loss: 0.0052, Training Error Rate: 9.33% (5599/60000)


Average Test loss: 0.0001, Test Error Rate: 8.98% (898/10000)

Train Epoch: 8 [2000/60000 (3%)]	Loss: 0.066398
Train Epoch: 8 [4000/60000 (7%)]	Loss: 0.106567
Train Epoch: 8 [6000/60000 (10%)]	Loss: 0.077001
Train Epoch: 8 [8000/60000 (13%)]	Loss: 0.110892
Train Epoch: 8 [10000/60000 (17%)]	Loss: 0.104802
Train Epoch: 8 [12000/60000 (20%)]	Loss: 0.170803
Train Epoch: 8 [14000/60000 (23%)]	Loss: 0.066086
Train Epoch: 8 [16000/60000 (27%)]	Loss: 0.199092
Train Epoch: 8 [18000/60000 (30%)]	Loss: 0.100997
Train Epoch: 8 [20000/60000 (33%)]	Loss: 0.057447
Train Epoch: 8 [22000/60000 (37%)]	Loss: 0.063488
Train Epoch: 8 [24000/60000 (40%)]	Loss: 0.106816
Train Epoch: 8 [26000/60000 (43%)]	Loss: 0.073834
Train Epoch: 8 [28000/60000 (47%)]	Loss: 0.107526
Train Epoch: 8 [30000/60000 (50%)]	Loss: 0.068732
Train Epoch: 8 [32000/60000 (53%)]	Loss: 0.115525
Train Epoch: 8 [34000/60000 (57%)]	Loss: 0.075913
Train Epoch: 8 [36000/60000 (60%)]	Loss: 0.096010
Train Epoch: 8 [38000/60000 (63%)]	Loss: 0.070694
Train Epoch: 8 [40000/60000 (67%)]	Loss: 0.144798
Train Epoch: 8 [42000/60000 (70%)]	Loss: 0.121481
Train Epoch: 8 [44000/60000 (73%)]	Loss: 0.106635
Train Epoch: 8 [46000/60000 (77%)]	Loss: 0.094026
Train Epoch: 8 [48000/60000 (80%)]	Loss: 0.113777
Train Epoch: 8 [50000/60000 (83%)]	Loss: 0.128833
Train Epoch: 8 [52000/60000 (87%)]	Loss: 0.071969
Train Epoch: 8 [54000/60000 (90%)]	Loss: 0.125638
Train Epoch: 8 [56000/60000 (93%)]	Loss: 0.076770
Train Epoch: 8 [58000/60000 (97%)]	Loss: 0.089176
Train Epoch: 8 [60000/60000 (100%)]	Loss: 0.062849

Average Training loss: 0.0050, Training Error Rate: 9.04% (5423/60000)


Average Test loss: 0.0001, Test Error Rate: 8.13% (813/10000)

Train Epoch: 9 [2000/60000 (3%)]	Loss: 0.063552
Train Epoch: 9 [4000/60000 (7%)]	Loss: 0.064616
Train Epoch: 9 [6000/60000 (10%)]	Loss: 0.075033
Train Epoch: 9 [8000/60000 (13%)]	Loss: 0.061684
Train Epoch: 9 [10000/60000 (17%)]	Loss: 0.094844
Train Epoch: 9 [12000/60000 (20%)]	Loss: 0.124263
Train Epoch: 9 [14000/60000 (23%)]	Loss: 0.126633
Train Epoch: 9 [16000/60000 (27%)]	Loss: 0.138120
Train Epoch: 9 [18000/60000 (30%)]	Loss: 0.054329
Train Epoch: 9 [20000/60000 (33%)]	Loss: 0.079155
Train Epoch: 9 [22000/60000 (37%)]	Loss: 0.086834
Train Epoch: 9 [24000/60000 (40%)]	Loss: 0.126579
Train Epoch: 9 [26000/60000 (43%)]	Loss: 0.068567
Train Epoch: 9 [28000/60000 (47%)]	Loss: 0.073410
Train Epoch: 9 [30000/60000 (50%)]	Loss: 0.068033
Train Epoch: 9 [32000/60000 (53%)]	Loss: 0.083202
Train Epoch: 9 [34000/60000 (57%)]	Loss: 0.120524
Train Epoch: 9 [36000/60000 (60%)]	Loss: 0.061433
Train Epoch: 9 [38000/60000 (63%)]	Loss: 0.095852
Train Epoch: 9 [40000/60000 (67%)]	Loss: 0.079419
Train Epoch: 9 [42000/60000 (70%)]	Loss: 0.092866
Train Epoch: 9 [44000/60000 (73%)]	Loss: 0.077242
Train Epoch: 9 [46000/60000 (77%)]	Loss: 0.055739
Train Epoch: 9 [48000/60000 (80%)]	Loss: 0.069750
Train Epoch: 9 [50000/60000 (83%)]	Loss: 0.095258
Train Epoch: 9 [52000/60000 (87%)]	Loss: 0.082462
Train Epoch: 9 [54000/60000 (90%)]	Loss: 0.096683
Train Epoch: 9 [56000/60000 (93%)]	Loss: 0.124811
Train Epoch: 9 [58000/60000 (97%)]	Loss: 0.084009
Train Epoch: 9 [60000/60000 (100%)]	Loss: 0.106242

Average Training loss: 0.0048, Training Error Rate: 8.82% (5290/60000)


Average Test loss: 0.0001, Test Error Rate: 8.35% (835/10000)

Train Epoch: 10 [2000/60000 (3%)]	Loss: 0.073712
Train Epoch: 10 [4000/60000 (7%)]	Loss: 0.124611
Train Epoch: 10 [6000/60000 (10%)]	Loss: 0.110355
Train Epoch: 10 [8000/60000 (13%)]	Loss: 0.077486
Train Epoch: 10 [10000/60000 (17%)]	Loss: 0.122314
Train Epoch: 10 [12000/60000 (20%)]	Loss: 0.119590
Train Epoch: 10 [14000/60000 (23%)]	Loss: 0.154464
Train Epoch: 10 [16000/60000 (27%)]	Loss: 0.098491
Train Epoch: 10 [18000/60000 (30%)]	Loss: 0.088113
Train Epoch: 10 [20000/60000 (33%)]	Loss: 0.145424
Train Epoch: 10 [22000/60000 (37%)]	Loss: 0.066500
Train Epoch: 10 [24000/60000 (40%)]	Loss: 0.079958
Train Epoch: 10 [26000/60000 (43%)]	Loss: 0.086831
Train Epoch: 10 [28000/60000 (47%)]	Loss: 0.115390
Train Epoch: 10 [30000/60000 (50%)]	Loss: 0.108461
Train Epoch: 10 [32000/60000 (53%)]	Loss: 0.085786
Train Epoch: 10 [34000/60000 (57%)]	Loss: 0.129997
Train Epoch: 10 [36000/60000 (60%)]	Loss: 0.092201
Train Epoch: 10 [38000/60000 (63%)]	Loss: 0.054997
Train Epoch: 10 [40000/60000 (67%)]	Loss: 0.074079
Train Epoch: 10 [42000/60000 (70%)]	Loss: 0.153598
Train Epoch: 10 [44000/60000 (73%)]	Loss: 0.099157
Train Epoch: 10 [46000/60000 (77%)]	Loss: 0.133894
Train Epoch: 10 [48000/60000 (80%)]	Loss: 0.051972
Train Epoch: 10 [50000/60000 (83%)]	Loss: 0.115977
Train Epoch: 10 [52000/60000 (87%)]	Loss: 0.091962
Train Epoch: 10 [54000/60000 (90%)]	Loss: 0.043133
Train Epoch: 10 [56000/60000 (93%)]	Loss: 0.058959
Train Epoch: 10 [58000/60000 (97%)]	Loss: 0.089242
Train Epoch: 10 [60000/60000 (100%)]	Loss: 0.118330

Average Training loss: 0.0046, Training Error Rate: 8.53% (5116/60000)


Average Test loss: 0.0001, Test Error Rate: 7.93% (793/10000)

Train Epoch: 11 [2000/60000 (3%)]	Loss: 0.058024
Train Epoch: 11 [4000/60000 (7%)]	Loss: 0.126082
Train Epoch: 11 [6000/60000 (10%)]	Loss: 0.063962
Train Epoch: 11 [8000/60000 (13%)]	Loss: 0.146547
Train Epoch: 11 [10000/60000 (17%)]	Loss: 0.095554
Train Epoch: 11 [12000/60000 (20%)]	Loss: 0.069950
Train Epoch: 11 [14000/60000 (23%)]	Loss: 0.135844
Train Epoch: 11 [16000/60000 (27%)]	Loss: 0.106369
Train Epoch: 11 [18000/60000 (30%)]	Loss: 0.188425
Train Epoch: 11 [20000/60000 (33%)]	Loss: 0.088628
Train Epoch: 11 [22000/60000 (37%)]	Loss: 0.083403
Train Epoch: 11 [24000/60000 (40%)]	Loss: 0.065630
Train Epoch: 11 [26000/60000 (43%)]	Loss: 0.052412
Train Epoch: 11 [28000/60000 (47%)]	Loss: 0.041989
Train Epoch: 11 [30000/60000 (50%)]	Loss: 0.113812
Train Epoch: 11 [32000/60000 (53%)]	Loss: 0.066540
Train Epoch: 11 [34000/60000 (57%)]	Loss: 0.060808
Train Epoch: 11 [36000/60000 (60%)]	Loss: 0.068556
Train Epoch: 11 [38000/60000 (63%)]	Loss: 0.087435
Train Epoch: 11 [40000/60000 (67%)]	Loss: 0.070186
Train Epoch: 11 [42000/60000 (70%)]	Loss: 0.098258
Train Epoch: 11 [44000/60000 (73%)]	Loss: 0.108934
Train Epoch: 11 [46000/60000 (77%)]	Loss: 0.091132
Train Epoch: 11 [48000/60000 (80%)]	Loss: 0.107121
Train Epoch: 11 [50000/60000 (83%)]	Loss: 0.127787
Train Epoch: 11 [52000/60000 (87%)]	Loss: 0.096015
Train Epoch: 11 [54000/60000 (90%)]	Loss: 0.098749
Train Epoch: 11 [56000/60000 (93%)]	Loss: 0.093820
Train Epoch: 11 [58000/60000 (97%)]	Loss: 0.058987
Train Epoch: 11 [60000/60000 (100%)]	Loss: 0.127601

Average Training loss: 0.0045, Training Error Rate: 8.27% (4961/60000)


Average Test loss: 0.0001, Test Error Rate: 7.81% (781/10000)

Train Epoch: 12 [2000/60000 (3%)]	Loss: 0.175456
Train Epoch: 12 [4000/60000 (7%)]	Loss: 0.092361
Train Epoch: 12 [6000/60000 (10%)]	Loss: 0.115065
Train Epoch: 12 [8000/60000 (13%)]	Loss: 0.119782
Train Epoch: 12 [10000/60000 (17%)]	Loss: 0.123436
Train Epoch: 12 [12000/60000 (20%)]	Loss: 0.092653
Train Epoch: 12 [14000/60000 (23%)]	Loss: 0.105994
Train Epoch: 12 [16000/60000 (27%)]	Loss: 0.118645
Train Epoch: 12 [18000/60000 (30%)]	Loss: 0.046790
Train Epoch: 12 [20000/60000 (33%)]	Loss: 0.028878
Train Epoch: 12 [22000/60000 (37%)]	Loss: 0.133741
Train Epoch: 12 [24000/60000 (40%)]	Loss: 0.118675
Train Epoch: 12 [26000/60000 (43%)]	Loss: 0.054876
Train Epoch: 12 [28000/60000 (47%)]	Loss: 0.098179
Train Epoch: 12 [30000/60000 (50%)]	Loss: 0.075112
Train Epoch: 12 [32000/60000 (53%)]	Loss: 0.065589
Train Epoch: 12 [34000/60000 (57%)]	Loss: 0.123194
Train Epoch: 12 [36000/60000 (60%)]	Loss: 0.046816
Train Epoch: 12 [38000/60000 (63%)]	Loss: 0.106495
Train Epoch: 12 [40000/60000 (67%)]	Loss: 0.113490
Train Epoch: 12 [42000/60000 (70%)]	Loss: 0.101905
Train Epoch: 12 [44000/60000 (73%)]	Loss: 0.072511
Train Epoch: 12 [46000/60000 (77%)]	Loss: 0.054743
Train Epoch: 12 [48000/60000 (80%)]	Loss: 0.022285
Train Epoch: 12 [50000/60000 (83%)]	Loss: 0.070561
Train Epoch: 12 [52000/60000 (87%)]	Loss: 0.080932
Train Epoch: 12 [54000/60000 (90%)]	Loss: 0.069575
Train Epoch: 12 [56000/60000 (93%)]	Loss: 0.068251
Train Epoch: 12 [58000/60000 (97%)]	Loss: 0.093213
Train Epoch: 12 [60000/60000 (100%)]	Loss: 0.169067

Average Training loss: 0.0044, Training Error Rate: 8.04% (4823/60000)


Average Test loss: 0.0001, Test Error Rate: 7.53% (753/10000)

Train Epoch: 13 [2000/60000 (3%)]	Loss: 0.031179
Train Epoch: 13 [4000/60000 (7%)]	Loss: 0.076650
Train Epoch: 13 [6000/60000 (10%)]	Loss: 0.056195
Train Epoch: 13 [8000/60000 (13%)]	Loss: 0.037504
Train Epoch: 13 [10000/60000 (17%)]	Loss: 0.068938
Train Epoch: 13 [12000/60000 (20%)]	Loss: 0.114869
Train Epoch: 13 [14000/60000 (23%)]	Loss: 0.105005
Train Epoch: 13 [16000/60000 (27%)]	Loss: 0.084156
Train Epoch: 13 [18000/60000 (30%)]	Loss: 0.074605
Train Epoch: 13 [20000/60000 (33%)]	Loss: 0.046694
Train Epoch: 13 [22000/60000 (37%)]	Loss: 0.123430
Train Epoch: 13 [24000/60000 (40%)]	Loss: 0.081609
Train Epoch: 13 [26000/60000 (43%)]	Loss: 0.067893
Train Epoch: 13 [28000/60000 (47%)]	Loss: 0.088804
Train Epoch: 13 [30000/60000 (50%)]	Loss: 0.092082
Train Epoch: 13 [32000/60000 (53%)]	Loss: 0.064351
Train Epoch: 13 [34000/60000 (57%)]	Loss: 0.086647
Train Epoch: 13 [36000/60000 (60%)]	Loss: 0.089366
Train Epoch: 13 [38000/60000 (63%)]	Loss: 0.068376
Train Epoch: 13 [40000/60000 (67%)]	Loss: 0.072631
Train Epoch: 13 [42000/60000 (70%)]	Loss: 0.083142
Train Epoch: 13 [44000/60000 (73%)]	Loss: 0.135874
Train Epoch: 13 [46000/60000 (77%)]	Loss: 0.053517
Train Epoch: 13 [48000/60000 (80%)]	Loss: 0.048791
Train Epoch: 13 [50000/60000 (83%)]	Loss: 0.105893
Train Epoch: 13 [52000/60000 (87%)]	Loss: 0.061659
Train Epoch: 13 [54000/60000 (90%)]	Loss: 0.094136
Train Epoch: 13 [56000/60000 (93%)]	Loss: 0.190722
Train Epoch: 13 [58000/60000 (97%)]	Loss: 0.069617
Train Epoch: 13 [60000/60000 (100%)]	Loss: 0.114905

Average Training loss: 0.0043, Training Error Rate: 7.97% (4780/60000)


Average Test loss: 0.0001, Test Error Rate: 7.28% (728/10000)

Train Epoch: 14 [2000/60000 (3%)]	Loss: 0.154530
Train Epoch: 14 [4000/60000 (7%)]	Loss: 0.091116
Train Epoch: 14 [6000/60000 (10%)]	Loss: 0.079950
Train Epoch: 14 [8000/60000 (13%)]	Loss: 0.108367
Train Epoch: 14 [10000/60000 (17%)]	Loss: 0.117240
Train Epoch: 14 [12000/60000 (20%)]	Loss: 0.060376
Train Epoch: 14 [14000/60000 (23%)]	Loss: 0.085239
Train Epoch: 14 [16000/60000 (27%)]	Loss: 0.028037
Train Epoch: 14 [18000/60000 (30%)]	Loss: 0.066606
Train Epoch: 14 [20000/60000 (33%)]	Loss: 0.105456
Train Epoch: 14 [22000/60000 (37%)]	Loss: 0.023532
Train Epoch: 14 [24000/60000 (40%)]	Loss: 0.059370
Train Epoch: 14 [26000/60000 (43%)]	Loss: 0.065725
Train Epoch: 14 [28000/60000 (47%)]	Loss: 0.053794
Train Epoch: 14 [30000/60000 (50%)]	Loss: 0.069323
Train Epoch: 14 [32000/60000 (53%)]	Loss: 0.078417
Train Epoch: 14 [34000/60000 (57%)]	Loss: 0.103255
Train Epoch: 14 [36000/60000 (60%)]	Loss: 0.076033
Train Epoch: 14 [38000/60000 (63%)]	Loss: 0.108152
Train Epoch: 14 [40000/60000 (67%)]	Loss: 0.070914
Train Epoch: 14 [42000/60000 (70%)]	Loss: 0.065130
Train Epoch: 14 [44000/60000 (73%)]	Loss: 0.149434
Train Epoch: 14 [46000/60000 (77%)]	Loss: 0.115967
Train Epoch: 14 [48000/60000 (80%)]	Loss: 0.091664
Train Epoch: 14 [50000/60000 (83%)]	Loss: 0.101487
Train Epoch: 14 [52000/60000 (87%)]	Loss: 0.089276
Train Epoch: 14 [54000/60000 (90%)]	Loss: 0.086269
Train Epoch: 14 [56000/60000 (93%)]	Loss: 0.040037
Train Epoch: 14 [58000/60000 (97%)]	Loss: 0.078075
Train Epoch: 14 [60000/60000 (100%)]	Loss: 0.039503

Average Training loss: 0.0042, Training Error Rate: 7.65% (4591/60000)


Average Test loss: 0.0001, Test Error Rate: 7.24% (724/10000)

Train Epoch: 15 [2000/60000 (3%)]	Loss: 0.028731
Train Epoch: 15 [4000/60000 (7%)]	Loss: 0.067645
Train Epoch: 15 [6000/60000 (10%)]	Loss: 0.042176
Train Epoch: 15 [8000/60000 (13%)]	Loss: 0.026280
Train Epoch: 15 [10000/60000 (17%)]	Loss: 0.055108
Train Epoch: 15 [12000/60000 (20%)]	Loss: 0.077239
Train Epoch: 15 [14000/60000 (23%)]	Loss: 0.123016
Train Epoch: 15 [16000/60000 (27%)]	Loss: 0.071691
Train Epoch: 15 [18000/60000 (30%)]	Loss: 0.067218
Train Epoch: 15 [20000/60000 (33%)]	Loss: 0.076665
Train Epoch: 15 [22000/60000 (37%)]	Loss: 0.085367
Train Epoch: 15 [24000/60000 (40%)]	Loss: 0.083781
Train Epoch: 15 [26000/60000 (43%)]	Loss: 0.069116
Train Epoch: 15 [28000/60000 (47%)]	Loss: 0.082185
Train Epoch: 15 [30000/60000 (50%)]	Loss: 0.110848
Train Epoch: 15 [32000/60000 (53%)]	Loss: 0.050429
Train Epoch: 15 [34000/60000 (57%)]	Loss: 0.055113
Train Epoch: 15 [36000/60000 (60%)]	Loss: 0.145482
Train Epoch: 15 [38000/60000 (63%)]	Loss: 0.073154
Train Epoch: 15 [40000/60000 (67%)]	Loss: 0.138281
Train Epoch: 15 [42000/60000 (70%)]	Loss: 0.064999
Train Epoch: 15 [44000/60000 (73%)]	Loss: 0.138937
Train Epoch: 15 [46000/60000 (77%)]	Loss: 0.126376
Train Epoch: 15 [48000/60000 (80%)]	Loss: 0.067065
Train Epoch: 15 [50000/60000 (83%)]	Loss: 0.081197
Train Epoch: 15 [52000/60000 (87%)]	Loss: 0.070197
/vast/home/ajherman/miniconda3/envs/pytorch/lib/python3.11/site-packages/torchvision/io/image.py:13: UserWarning: Failed to load image Python extension: '/vast/home/ajherman/miniconda3/envs/pytorch/lib/python3.11/site-packages/torchvision/image.so: undefined symbol: _ZN5torch3jit17parseSchemaOrNameERKNSt7__cxx1112basic_stringIcSt11char_traitsIcESaIcEEE'If you don't plan on using image functionality from `torchvision.io`, you can ignore this warning. Otherwise, there might be something wrong with your environment. Did you have `libjpeg` or `libpng` installed before building `torchvision` from source?
  warn(
dt =  0.2651327538622006
dt =  0.2651327538622006
Train Epoch: 14 [2000/60000 (3%)]	Loss: 0.073933
Train Epoch: 14 [4000/60000 (7%)]	Loss: 0.052608
Train Epoch: 14 [6000/60000 (10%)]	Loss: 0.089908
Train Epoch: 14 [8000/60000 (13%)]	Loss: 0.097359
Train Epoch: 14 [10000/60000 (17%)]	Loss: 0.066062
Train Epoch: 14 [12000/60000 (20%)]	Loss: 0.115173
Train Epoch: 14 [14000/60000 (23%)]	Loss: 0.033685
Train Epoch: 14 [16000/60000 (27%)]	Loss: 0.067800
Train Epoch: 14 [18000/60000 (30%)]	Loss: 0.096170
Train Epoch: 14 [20000/60000 (33%)]	Loss: 0.046093
Train Epoch: 14 [22000/60000 (37%)]	Loss: 0.097450
Train Epoch: 14 [24000/60000 (40%)]	Loss: 0.070231
Train Epoch: 14 [26000/60000 (43%)]	Loss: 0.102681
Train Epoch: 14 [28000/60000 (47%)]	Loss: 0.126678
Train Epoch: 14 [30000/60000 (50%)]	Loss: 0.074289
Train Epoch: 14 [32000/60000 (53%)]	Loss: 0.044313
Train Epoch: 14 [34000/60000 (57%)]	Loss: 0.034173
Train Epoch: 14 [36000/60000 (60%)]	Loss: 0.132913
Train Epoch: 14 [38000/60000 (63%)]	Loss: 0.054402
Train Epoch: 14 [40000/60000 (67%)]	Loss: 0.050422
Train Epoch: 14 [42000/60000 (70%)]	Loss: 0.072735
Train Epoch: 14 [44000/60000 (73%)]	Loss: 0.063137
Train Epoch: 14 [46000/60000 (77%)]	Loss: 0.064439
Train Epoch: 14 [48000/60000 (80%)]	Loss: 0.077262
Train Epoch: 14 [50000/60000 (83%)]	Loss: 0.083021
Train Epoch: 14 [52000/60000 (87%)]	Loss: 0.043774
Train Epoch: 14 [54000/60000 (90%)]	Loss: 0.066122
Train Epoch: 14 [56000/60000 (93%)]	Loss: 0.074035
Train Epoch: 14 [58000/60000 (97%)]	Loss: 0.109638
Train Epoch: 14 [60000/60000 (100%)]	Loss: 0.112955

Average Training loss: 0.0041, Training Error Rate: 7.50% (4502/60000)


Average Test loss: 0.0001, Test Error Rate: 7.09% (709/10000)

Train Epoch: 15 [2000/60000 (3%)]	Loss: 0.091400
Train Epoch: 15 [4000/60000 (7%)]	Loss: 0.033968
Train Epoch: 15 [6000/60000 (10%)]	Loss: 0.124608
Train Epoch: 15 [8000/60000 (13%)]	Loss: 0.079439
Train Epoch: 15 [10000/60000 (17%)]	Loss: 0.049145
Train Epoch: 15 [12000/60000 (20%)]	Loss: 0.102180
Train Epoch: 15 [14000/60000 (23%)]	Loss: 0.028236
Train Epoch: 15 [16000/60000 (27%)]	Loss: 0.090392
Train Epoch: 15 [18000/60000 (30%)]	Loss: 0.059382
Train Epoch: 15 [20000/60000 (33%)]	Loss: 0.037035
Train Epoch: 15 [22000/60000 (37%)]	Loss: 0.061871
Train Epoch: 15 [24000/60000 (40%)]	Loss: 0.076416
Train Epoch: 15 [26000/60000 (43%)]	Loss: 0.091932
Train Epoch: 15 [28000/60000 (47%)]	Loss: 0.128670
Train Epoch: 15 [30000/60000 (50%)]	Loss: 0.103881
Train Epoch: 15 [32000/60000 (53%)]	Loss: 0.050882
Train Epoch: 15 [34000/60000 (57%)]	Loss: 0.144829
Train Epoch: 15 [36000/60000 (60%)]	Loss: 0.082543
Train Epoch: 15 [38000/60000 (63%)]	Loss: 0.112955
Train Epoch: 15 [40000/60000 (67%)]	Loss: 0.132198
Train Epoch: 15 [42000/60000 (70%)]	Loss: 0.066596
Train Epoch: 15 [44000/60000 (73%)]	Loss: 0.076763
Train Epoch: 15 [46000/60000 (77%)]	Loss: 0.078811
Train Epoch: 15 [48000/60000 (80%)]	Loss: 0.034656
Train Epoch: 15 [50000/60000 (83%)]	Loss: 0.086878
Train Epoch: 15 [52000/60000 (87%)]	Loss: 0.083567
Train Epoch: 15 [54000/60000 (90%)]	Loss: 0.042369
Train Epoch: 15 [56000/60000 (93%)]	Loss: 0.089381
Train Epoch: 15 [58000/60000 (97%)]	Loss: 0.058961
Train Epoch: 15 [60000/60000 (100%)]	Loss: 0.036584

Average Training loss: 0.0040, Training Error Rate: 7.27% (4360/60000)


Average Test loss: 0.0001, Test Error Rate: 7.09% (709/10000)

Train Epoch: 16 [2000/60000 (3%)]	Loss: 0.138309
Train Epoch: 16 [4000/60000 (7%)]	Loss: 0.061225
Train Epoch: 16 [6000/60000 (10%)]	Loss: 0.078699
Train Epoch: 16 [8000/60000 (13%)]	Loss: 0.088912
Train Epoch: 16 [10000/60000 (17%)]	Loss: 0.116648
Train Epoch: 16 [12000/60000 (20%)]	Loss: 0.077785
Train Epoch: 16 [14000/60000 (23%)]	Loss: 0.100558
Train Epoch: 16 [16000/60000 (27%)]	Loss: 0.058687
Train Epoch: 16 [18000/60000 (30%)]	Loss: 0.017638
Train Epoch: 16 [20000/60000 (33%)]	Loss: 0.075479
Train Epoch: 16 [22000/60000 (37%)]	Loss: 0.058549
Train Epoch: 16 [24000/60000 (40%)]	Loss: 0.030362
Train Epoch: 16 [26000/60000 (43%)]	Loss: 0.146341
Train Epoch: 16 [28000/60000 (47%)]	Loss: 0.137154
Train Epoch: 16 [30000/60000 (50%)]	Loss: 0.061219
Train Epoch: 16 [32000/60000 (53%)]	Loss: 0.054589
Train Epoch: 16 [34000/60000 (57%)]	Loss: 0.139501
Train Epoch: 16 [36000/60000 (60%)]	Loss: 0.096182
Train Epoch: 16 [38000/60000 (63%)]	Loss: 0.188105
Train Epoch: 16 [40000/60000 (67%)]	Loss: 0.077623
Train Epoch: 16 [42000/60000 (70%)]	Loss: 0.118117
Train Epoch: 16 [44000/60000 (73%)]	Loss: 0.081362
Train Epoch: 16 [46000/60000 (77%)]	Loss: 0.057302
Train Epoch: 16 [48000/60000 (80%)]	Loss: 0.075155
Train Epoch: 16 [50000/60000 (83%)]	Loss: 0.087540
Train Epoch: 16 [52000/60000 (87%)]	Loss: 0.134421
Train Epoch: 16 [54000/60000 (90%)]	Loss: 0.052675
Train Epoch: 16 [56000/60000 (93%)]	Loss: 0.031504
Train Epoch: 16 [58000/60000 (97%)]	Loss: 0.046717
Train Epoch: 16 [60000/60000 (100%)]	Loss: 0.041544

Average Training loss: 0.0039, Training Error Rate: 7.20% (4319/60000)


Average Test loss: 0.0001, Test Error Rate: 6.99% (699/10000)

Train Epoch: 17 [2000/60000 (3%)]	Loss: 0.092443
Train Epoch: 17 [4000/60000 (7%)]	Loss: 0.167234
Train Epoch: 17 [6000/60000 (10%)]	Loss: 0.078177
Train Epoch: 17 [8000/60000 (13%)]	Loss: 0.080270
Train Epoch: 17 [10000/60000 (17%)]	Loss: 0.067768
Train Epoch: 17 [12000/60000 (20%)]	Loss: 0.025932
Train Epoch: 17 [14000/60000 (23%)]	Loss: 0.049090
Train Epoch: 17 [16000/60000 (27%)]	Loss: 0.073420
Train Epoch: 17 [18000/60000 (30%)]	Loss: 0.081533
Train Epoch: 17 [20000/60000 (33%)]	Loss: 0.050457
/vast/home/ajherman/continualEP/netFunctions.py:118: RuntimeWarning: More than 20 figures have been opened. Figures created through the pyplot interface (`matplotlib.pyplot.figure`) are retained until explicitly closed and may consume too much memory. (To control this warning, see the rcParam `figure.max_open_warning`). Consider using `matplotlib.pyplot.close()`.
  fig, ax = plt.subplots()
Train Epoch: 17 [22000/60000 (37%)]	Loss: 0.101004
Train Epoch: 17 [24000/60000 (40%)]	Loss: 0.081535
Train Epoch: 17 [26000/60000 (43%)]	Loss: 0.042951
Train Epoch: 17 [28000/60000 (47%)]	Loss: 0.054037
Train Epoch: 17 [30000/60000 (50%)]	Loss: 0.104494
Train Epoch: 17 [32000/60000 (53%)]	Loss: 0.064010
Train Epoch: 17 [34000/60000 (57%)]	Loss: 0.068446
Train Epoch: 17 [36000/60000 (60%)]	Loss: 0.172729
Train Epoch: 17 [38000/60000 (63%)]	Loss: 0.082520
Train Epoch: 17 [40000/60000 (67%)]	Loss: 0.066840
Train Epoch: 17 [42000/60000 (70%)]	Loss: 0.069691
Train Epoch: 17 [44000/60000 (73%)]	Loss: 0.044768
Train Epoch: 17 [46000/60000 (77%)]	Loss: 0.089210
Train Epoch: 17 [48000/60000 (80%)]	Loss: 0.093379
Train Epoch: 17 [50000/60000 (83%)]	Loss: 0.097236
Train Epoch: 17 [52000/60000 (87%)]	Loss: 0.055305
Train Epoch: 17 [54000/60000 (90%)]	Loss: 0.048186
Train Epoch: 17 [56000/60000 (93%)]	Loss: 0.030770
Train Epoch: 17 [58000/60000 (97%)]	Loss: 0.085467
Train Epoch: 17 [60000/60000 (100%)]	Loss: 0.082069

Average Training loss: 0.0038, Training Error Rate: 6.95% (4171/60000)


Average Test loss: 0.0001, Test Error Rate: 6.67% (667/10000)

Train Epoch: 18 [2000/60000 (3%)]	Loss: 0.071253
Train Epoch: 18 [4000/60000 (7%)]	Loss: 0.098276
Train Epoch: 18 [6000/60000 (10%)]	Loss: 0.088667
Train Epoch: 18 [8000/60000 (13%)]	Loss: 0.049517
Train Epoch: 18 [10000/60000 (17%)]	Loss: 0.031316
Train Epoch: 18 [12000/60000 (20%)]	Loss: 0.060305
Train Epoch: 18 [14000/60000 (23%)]	Loss: 0.093633
Train Epoch: 18 [16000/60000 (27%)]	Loss: 0.073656
Train Epoch: 18 [18000/60000 (30%)]	Loss: 0.102158
Train Epoch: 18 [20000/60000 (33%)]	Loss: 0.063042
Train Epoch: 18 [22000/60000 (37%)]	Loss: 0.099095
Train Epoch: 18 [24000/60000 (40%)]	Loss: 0.070238
Train Epoch: 18 [26000/60000 (43%)]	Loss: 0.067314
Train Epoch: 18 [28000/60000 (47%)]	Loss: 0.073883
Train Epoch: 18 [30000/60000 (50%)]	Loss: 0.078884
Train Epoch: 18 [32000/60000 (53%)]	Loss: 0.072548
Train Epoch: 18 [34000/60000 (57%)]	Loss: 0.025306
Train Epoch: 18 [36000/60000 (60%)]	Loss: 0.092060
Train Epoch: 18 [38000/60000 (63%)]	Loss: 0.064041
Train Epoch: 18 [40000/60000 (67%)]	Loss: 0.069127
Train Epoch: 18 [42000/60000 (70%)]	Loss: 0.064264
Train Epoch: 18 [44000/60000 (73%)]	Loss: 0.104894
Train Epoch: 18 [46000/60000 (77%)]	Loss: 0.047328
Train Epoch: 18 [48000/60000 (80%)]	Loss: 0.104571
Train Epoch: 18 [50000/60000 (83%)]	Loss: 0.029404
Train Epoch: 18 [52000/60000 (87%)]	Loss: 0.076625
Train Epoch: 18 [54000/60000 (90%)]	Loss: 0.045242
Train Epoch: 18 [56000/60000 (93%)]	Loss: 0.068850
Train Epoch: 18 [58000/60000 (97%)]	Loss: 0.100071
Train Epoch: 18 [60000/60000 (100%)]	Loss: 0.064200

Average Training loss: 0.0037, Training Error Rate: 6.90% (4139/60000)


Average Test loss: 0.0001, Test Error Rate: 6.79% (679/10000)

Train Epoch: 19 [2000/60000 (3%)]	Loss: 0.066476
Train Epoch: 19 [4000/60000 (7%)]	Loss: 0.077424
Train Epoch: 19 [6000/60000 (10%)]	Loss: 0.113139
Train Epoch: 19 [8000/60000 (13%)]	Loss: 0.068910
Train Epoch: 19 [10000/60000 (17%)]	Loss: 0.042204
Train Epoch: 19 [12000/60000 (20%)]	Loss: 0.089121
Train Epoch: 19 [14000/60000 (23%)]	Loss: 0.038948
Train Epoch: 19 [16000/60000 (27%)]	Loss: 0.025988
Train Epoch: 19 [18000/60000 (30%)]	Loss: 0.064031
Train Epoch: 19 [20000/60000 (33%)]	Loss: 0.100163
Train Epoch: 19 [22000/60000 (37%)]	Loss: 0.120576
Train Epoch: 19 [24000/60000 (40%)]	Loss: 0.097059
Train Epoch: 19 [26000/60000 (43%)]	Loss: 0.105035
Train Epoch: 19 [28000/60000 (47%)]	Loss: 0.055690
Train Epoch: 19 [30000/60000 (50%)]	Loss: 0.076690
Train Epoch: 19 [32000/60000 (53%)]	Loss: 0.067187
Train Epoch: 19 [34000/60000 (57%)]	Loss: 0.120969
Train Epoch: 19 [36000/60000 (60%)]	Loss: 0.085522
Train Epoch: 19 [38000/60000 (63%)]	Loss: 0.067438
Train Epoch: 19 [40000/60000 (67%)]	Loss: 0.130020
Train Epoch: 19 [42000/60000 (70%)]	Loss: 0.049116
Train Epoch: 19 [44000/60000 (73%)]	Loss: 0.063839
Train Epoch: 19 [46000/60000 (77%)]	Loss: 0.062405
Train Epoch: 19 [48000/60000 (80%)]	Loss: 0.062830
Train Epoch: 19 [50000/60000 (83%)]	Loss: 0.050738
Train Epoch: 19 [52000/60000 (87%)]	Loss: 0.037639
Train Epoch: 19 [54000/60000 (90%)]	Loss: 0.104711
Train Epoch: 19 [56000/60000 (93%)]	Loss: 0.074774
Train Epoch: 19 [58000/60000 (97%)]	Loss: 0.091467
Train Epoch: 19 [60000/60000 (100%)]	Loss: 0.092138

Average Training loss: 0.0036, Training Error Rate: 6.79% (4073/60000)


Average Test loss: 0.0001, Test Error Rate: 6.41% (641/10000)

