/vast/home/ajherman/miniconda3/envs/pytorch/lib/python3.11/site-packages/torchvision/io/image.py:13: UserWarning: Failed to load image Python extension: '/vast/home/ajherman/miniconda3/envs/pytorch/lib/python3.11/site-packages/torchvision/image.so: undefined symbol: _ZN5torch3jit17parseSchemaOrNameERKNSt7__cxx1112basic_stringIcSt11char_traitsIcESaIcEEE'If you don't plan on using image functionality from `torchvision.io`, you can ignore this warning. Otherwise, there might be something wrong with your environment. Did you have `libjpeg` or `libpng` installed before building `torchvision` from source?
  warn(
Random seed set as 42
dt =  0.06058693718652419
trace decay =  0.5737534207374327
Random seed set as 42
Random seed set as 42
dt =  0.06058693718652419
trace decay =  0.5737534207374327
Random seed set as 42
Train Epoch: 0 [20000/60000 (33%)]	Loss: 4.070000
Train Epoch: 0 [40000/60000 (67%)]	Loss: 4.080000
Train Epoch: 0 [60000/60000 (100%)]	Loss: 4.110000

Average Training loss: 0.0189, Training Error Rate: 88.78% (53267/60000)


Average Test loss: 0.0041, Test Error Rate: 88.65% (8865/10000)

Train Epoch: 1 [20000/60000 (33%)]	Loss: 4.080000
Train Epoch: 1 [40000/60000 (67%)]	Loss: 4.080000
Train Epoch: 1 [60000/60000 (100%)]	Loss: 4.115000

Average Training loss: 0.0205, Training Error Rate: 88.76% (53258/60000)


Average Test loss: 0.0041, Test Error Rate: 88.65% (8865/10000)

Train Epoch: 2 [20000/60000 (33%)]	Loss: 4.090000
Train Epoch: 2 [40000/60000 (67%)]	Loss: 4.145000
Train Epoch: 2 [60000/60000 (100%)]	Loss: 4.100000

Average Training loss: 0.0205, Training Error Rate: 88.76% (53258/60000)


Average Test loss: 0.0041, Test Error Rate: 88.65% (8865/10000)

Train Epoch: 3 [20000/60000 (33%)]	Loss: 4.090000
Train Epoch: 3 [40000/60000 (67%)]	Loss: 4.115000
Train Epoch: 3 [60000/60000 (100%)]	Loss: 4.105000

Average Training loss: 0.0205, Training Error Rate: 88.76% (53258/60000)


Average Test loss: 0.0041, Test Error Rate: 88.65% (8865/10000)

Train Epoch: 4 [20000/60000 (33%)]	Loss: 4.100000
Train Epoch: 4 [40000/60000 (67%)]	Loss: 4.055000
Train Epoch: 4 [60000/60000 (100%)]	Loss: 4.055000

Average Training loss: 0.0205, Training Error Rate: 88.76% (53258/60000)


Average Test loss: 0.0041, Test Error Rate: 88.65% (8865/10000)

Train Epoch: 5 [20000/60000 (33%)]	Loss: 4.115000
Train Epoch: 5 [40000/60000 (67%)]	Loss: 4.090000
Train Epoch: 5 [60000/60000 (100%)]	Loss: 4.085000

Average Training loss: 0.0205, Training Error Rate: 88.76% (53258/60000)


Average Test loss: 0.0041, Test Error Rate: 88.65% (8865/10000)

Train Epoch: 6 [20000/60000 (33%)]	Loss: 4.105000
Train Epoch: 6 [40000/60000 (67%)]	Loss: 4.110000
Train Epoch: 6 [60000/60000 (100%)]	Loss: 4.105000

Average Training loss: 0.0205, Training Error Rate: 88.76% (53258/60000)


Average Test loss: 0.0041, Test Error Rate: 88.65% (8865/10000)

Train Epoch: 7 [20000/60000 (33%)]	Loss: 4.075000
Train Epoch: 7 [40000/60000 (67%)]	Loss: 4.090000
Train Epoch: 7 [60000/60000 (100%)]	Loss: 4.115000

Average Training loss: 0.0205, Training Error Rate: 88.76% (53258/60000)


Average Test loss: 0.0041, Test Error Rate: 88.65% (8865/10000)

Train Epoch: 8 [20000/60000 (33%)]	Loss: 4.110000
Train Epoch: 8 [40000/60000 (67%)]	Loss: 4.090000
Train Epoch: 8 [60000/60000 (100%)]	Loss: 4.100000

Average Training loss: 0.0205, Training Error Rate: 88.76% (53258/60000)


Average Test loss: 0.0041, Test Error Rate: 88.65% (8865/10000)

Train Epoch: 9 [20000/60000 (33%)]	Loss: 4.090000
Train Epoch: 9 [40000/60000 (67%)]	Loss: 4.095000
Train Epoch: 9 [60000/60000 (100%)]	Loss: 4.115000

Average Training loss: 0.0205, Training Error Rate: 88.76% (53258/60000)


Average Test loss: 0.0041, Test Error Rate: 88.65% (8865/10000)

Train Epoch: 10 [20000/60000 (33%)]	Loss: 4.085000
Train Epoch: 10 [40000/60000 (67%)]	Loss: 4.115000
Train Epoch: 10 [60000/60000 (100%)]	Loss: 4.105000

Average Training loss: 0.0205, Training Error Rate: 88.76% (53258/60000)


Average Test loss: 0.0041, Test Error Rate: 88.65% (8865/10000)

Train Epoch: 11 [20000/60000 (33%)]	Loss: 4.085000
Train Epoch: 11 [40000/60000 (67%)]	Loss: 4.095000
Train Epoch: 11 [60000/60000 (100%)]	Loss: 4.070000

Average Training loss: 0.0205, Training Error Rate: 88.76% (53258/60000)


Average Test loss: 0.0041, Test Error Rate: 88.65% (8865/10000)

Train Epoch: 12 [20000/60000 (33%)]	Loss: 4.060000
Train Epoch: 12 [40000/60000 (67%)]	Loss: 4.115000
