/vast/home/ajherman/miniconda3/envs/pytorch/lib/python3.11/site-packages/torchvision/io/image.py:13: UserWarning: Failed to load image Python extension: '/vast/home/ajherman/miniconda3/envs/pytorch/lib/python3.11/site-packages/torchvision/image.so: undefined symbol: _ZN5torch3jit17parseSchemaOrNameERKNSt7__cxx1112basic_stringIcSt11char_traitsIcESaIcEEE'If you don't plan on using image functionality from `torchvision.io`, you can ignore this warning. Otherwise, there might be something wrong with your environment. Did you have `libjpeg` or `libpng` installed before building `torchvision` from source?
  warn(
Random seed set as 42
dt =  0.3934693402873666
trace decay =  0.5737534207374327
Random seed set as 42
Random seed set as 42
dt =  0.3934693402873666
trace decay =  0.5737534207374327
Random seed set as 42
Train Epoch: 0 [20000/60000 (33%)]	Loss: 0.404735
Train Epoch: 0 [40000/60000 (67%)]	Loss: 0.354345
Train Epoch: 0 [60000/60000 (100%)]	Loss: 0.318978

Average Training loss: 0.0020, Training Error Rate: 58.17% (34905/60000)


Average Test loss: 0.0003, Test Error Rate: 36.25% (3625/10000)

Train Epoch: 1 [20000/60000 (33%)]	Loss: 0.289963
Train Epoch: 1 [40000/60000 (67%)]	Loss: 0.272742
Train Epoch: 1 [60000/60000 (100%)]	Loss: 0.250301

Average Training loss: 0.0014, Training Error Rate: 30.49% (18293/60000)


Average Test loss: 0.0002, Test Error Rate: 24.54% (2454/10000)

Train Epoch: 2 [20000/60000 (33%)]	Loss: 0.219380
Train Epoch: 2 [40000/60000 (67%)]	Loss: 0.221401
Train Epoch: 2 [60000/60000 (100%)]	Loss: 0.221318

Average Training loss: 0.0012, Training Error Rate: 23.62% (14174/60000)


Average Test loss: 0.0002, Test Error Rate: 19.90% (1990/10000)

Train Epoch: 3 [20000/60000 (33%)]	Loss: 0.211972
Train Epoch: 3 [40000/60000 (67%)]	Loss: 0.195003
Train Epoch: 3 [60000/60000 (100%)]	Loss: 0.193991

Average Training loss: 0.0010, Training Error Rate: 20.30% (12178/60000)


Average Test loss: 0.0002, Test Error Rate: 18.11% (1811/10000)

Train Epoch: 4 [20000/60000 (33%)]	Loss: 0.193079
Train Epoch: 4 [40000/60000 (67%)]	Loss: 0.207584
Train Epoch: 4 [60000/60000 (100%)]	Loss: 0.173817

Average Training loss: 0.0009, Training Error Rate: 18.50% (11097/60000)


Average Test loss: 0.0002, Test Error Rate: 16.94% (1694/10000)

Train Epoch: 5 [20000/60000 (33%)]	Loss: 0.177557
Train Epoch: 5 [40000/60000 (67%)]	Loss: 0.166953
Train Epoch: 5 [60000/60000 (100%)]	Loss: 0.183940

Average Training loss: 0.0009, Training Error Rate: 17.27% (10360/60000)


Average Test loss: 0.0002, Test Error Rate: 15.69% (1569/10000)

Train Epoch: 6 [20000/60000 (33%)]	Loss: 0.174056
Train Epoch: 6 [40000/60000 (67%)]	Loss: 0.162218
Train Epoch: 6 [60000/60000 (100%)]	Loss: 0.157527

Average Training loss: 0.0008, Training Error Rate: 16.32% (9789/60000)


Average Test loss: 0.0002, Test Error Rate: 15.02% (1502/10000)

Train Epoch: 7 [20000/60000 (33%)]	Loss: 0.177348
Train Epoch: 7 [40000/60000 (67%)]	Loss: 0.172072
Train Epoch: 7 [60000/60000 (100%)]	Loss: 0.158165

Average Training loss: 0.0008, Training Error Rate: 15.53% (9318/60000)


Average Test loss: 0.0002, Test Error Rate: 14.37% (1437/10000)

Train Epoch: 8 [20000/60000 (33%)]	Loss: 0.138347
Train Epoch: 8 [40000/60000 (67%)]	Loss: 0.156361
Train Epoch: 8 [60000/60000 (100%)]	Loss: 0.147690

Average Training loss: 0.0008, Training Error Rate: 14.92% (8952/60000)


Average Test loss: 0.0001, Test Error Rate: 13.58% (1358/10000)

Train Epoch: 9 [20000/60000 (33%)]	Loss: 0.146845
Train Epoch: 9 [40000/60000 (67%)]	Loss: 0.140010
Train Epoch: 9 [60000/60000 (100%)]	Loss: 0.143463

Average Training loss: 0.0008, Training Error Rate: 14.55% (8728/60000)


Average Test loss: 0.0001, Test Error Rate: 13.28% (1328/10000)

Train Epoch: 10 [20000/60000 (33%)]	Loss: 0.149231
Train Epoch: 10 [40000/60000 (67%)]	Loss: 0.153332
Train Epoch: 10 [60000/60000 (100%)]	Loss: 0.137445

Average Training loss: 0.0007, Training Error Rate: 14.24% (8543/60000)


Average Test loss: 0.0001, Test Error Rate: 13.08% (1308/10000)

Train Epoch: 11 [20000/60000 (33%)]	Loss: 0.121821
Train Epoch: 11 [40000/60000 (67%)]	Loss: 0.154813
Train Epoch: 11 [60000/60000 (100%)]	Loss: 0.134754

Average Training loss: 0.0007, Training Error Rate: 13.91% (8349/60000)


Average Test loss: 0.0001, Test Error Rate: 12.58% (1258/10000)

Train Epoch: 12 [20000/60000 (33%)]	Loss: 0.161932
Train Epoch: 12 [40000/60000 (67%)]	Loss: 0.131866
Train Epoch: 12 [60000/60000 (100%)]	Loss: 0.126748

Average Training loss: 0.0007, Training Error Rate: 13.47% (8082/60000)


Average Test loss: 0.0001, Test Error Rate: 12.47% (1247/10000)

Train Epoch: 13 [20000/60000 (33%)]	Loss: 0.125521
Train Epoch: 13 [40000/60000 (67%)]	Loss: 0.139714
Train Epoch: 13 [60000/60000 (100%)]	Loss: 0.123773

Average Training loss: 0.0007, Training Error Rate: 13.31% (7984/60000)


Average Test loss: 0.0001, Test Error Rate: 12.12% (1212/10000)

Train Epoch: 14 [20000/60000 (33%)]	Loss: 0.144230
Train Epoch: 14 [40000/60000 (67%)]	Loss: 0.156733
Train Epoch: 14 [60000/60000 (100%)]	Loss: 0.138577

Average Training loss: 0.0007, Training Error Rate: 12.96% (7777/60000)


Average Test loss: 0.0001, Test Error Rate: 11.82% (1182/10000)

Train Epoch: 15 [20000/60000 (33%)]	Loss: 0.153394
Train Epoch: 15 [40000/60000 (67%)]	Loss: 0.141715
Train Epoch: 15 [60000/60000 (100%)]	Loss: 0.139543

Average Training loss: 0.0007, Training Error Rate: 12.78% (7669/60000)


Average Test loss: 0.0001, Test Error Rate: 12.20% (1220/10000)

Train Epoch: 16 [20000/60000 (33%)]	Loss: 0.137725
Train Epoch: 16 [40000/60000 (67%)]	Loss: 0.136696
Train Epoch: 16 [60000/60000 (100%)]	Loss: 0.131553

Average Training loss: 0.0006, Training Error Rate: 12.54% (7524/60000)


Average Test loss: 0.0001, Test Error Rate: 11.53% (1153/10000)

Train Epoch: 17 [20000/60000 (33%)]	Loss: 0.127943
Train Epoch: 17 [40000/60000 (67%)]	Loss: 0.130068
Train Epoch: 17 [60000/60000 (100%)]	Loss: 0.125008

Average Training loss: 0.0006, Training Error Rate: 12.41% (7446/60000)


Average Test loss: 0.0001, Test Error Rate: 11.55% (1155/10000)

Train Epoch: 18 [20000/60000 (33%)]	Loss: 0.112603
Train Epoch: 18 [40000/60000 (67%)]	Loss: 0.137826
Train Epoch: 18 [60000/60000 (100%)]	Loss: 0.121180

Average Training loss: 0.0006, Training Error Rate: 12.30% (7378/60000)


Average Test loss: 0.0001, Test Error Rate: 11.43% (1143/10000)

Train Epoch: 19 [20000/60000 (33%)]	Loss: 0.142203
Train Epoch: 19 [40000/60000 (67%)]	Loss: 0.117100
Train Epoch: 19 [60000/60000 (100%)]	Loss: 0.109810

Average Training loss: 0.0006, Training Error Rate: 12.09% (7252/60000)


Average Test loss: 0.0001, Test Error Rate: 11.22% (1122/10000)

Train Epoch: 20 [20000/60000 (33%)]	Loss: 0.129761
Train Epoch: 20 [40000/60000 (67%)]	Loss: 0.143660
Train Epoch: 20 [60000/60000 (100%)]	Loss: 0.116220

Average Training loss: 0.0006, Training Error Rate: 11.92% (7154/60000)


Average Test loss: 0.0001, Test Error Rate: 11.13% (1113/10000)

Train Epoch: 21 [20000/60000 (33%)]	Loss: 0.121613
Train Epoch: 21 [40000/60000 (67%)]	Loss: 0.122489
Train Epoch: 21 [60000/60000 (100%)]	Loss: 0.122349

Average Training loss: 0.0006, Training Error Rate: 11.80% (7083/60000)


Average Test loss: 0.0001, Test Error Rate: 10.89% (1089/10000)

Train Epoch: 22 [20000/60000 (33%)]	Loss: 0.122270
Train Epoch: 22 [40000/60000 (67%)]	Loss: 0.133885
Train Epoch: 22 [60000/60000 (100%)]	Loss: 0.135553

Average Training loss: 0.0006, Training Error Rate: 11.73% (7039/60000)


Average Test loss: 0.0001, Test Error Rate: 10.36% (1036/10000)

Train Epoch: 23 [20000/60000 (33%)]	Loss: 0.123565
Train Epoch: 23 [40000/60000 (67%)]	Loss: 0.127052
Train Epoch: 23 [60000/60000 (100%)]	Loss: 0.113291

Average Training loss: 0.0006, Training Error Rate: 11.42% (6850/60000)


Average Test loss: 0.0001, Test Error Rate: 10.84% (1084/10000)

Train Epoch: 24 [20000/60000 (33%)]	Loss: 0.110266
Train Epoch: 24 [40000/60000 (67%)]	Loss: 0.143959
Train Epoch: 24 [60000/60000 (100%)]	Loss: 0.122839

Average Training loss: 0.0006, Training Error Rate: 11.38% (6827/60000)


Average Test loss: 0.0001, Test Error Rate: 10.69% (1069/10000)

Train Epoch: 25 [20000/60000 (33%)]	Loss: 0.135280
Train Epoch: 25 [40000/60000 (67%)]	Loss: 0.112110
Train Epoch: 25 [60000/60000 (100%)]	Loss: 0.107506

Average Training loss: 0.0006, Training Error Rate: 11.24% (6747/60000)


Average Test loss: 0.0001, Test Error Rate: 10.37% (1037/10000)

Train Epoch: 26 [20000/60000 (33%)]	Loss: 0.116941
Train Epoch: 26 [40000/60000 (67%)]	Loss: 0.110805
Train Epoch: 26 [60000/60000 (100%)]	Loss: 0.107507

Average Training loss: 0.0006, Training Error Rate: 11.21% (6726/60000)


Average Test loss: 0.0001, Test Error Rate: 10.47% (1047/10000)

Train Epoch: 27 [20000/60000 (33%)]	Loss: 0.086115
Train Epoch: 27 [40000/60000 (67%)]	Loss: 0.107917
Train Epoch: 27 [60000/60000 (100%)]	Loss: 0.120817

Average Training loss: 0.0006, Training Error Rate: 11.07% (6642/60000)


Average Test loss: 0.0001, Test Error Rate: 10.31% (1031/10000)

Train Epoch: 28 [20000/60000 (33%)]	Loss: 0.105986
Train Epoch: 28 [40000/60000 (67%)]	Loss: 0.094964
Train Epoch: 28 [60000/60000 (100%)]	Loss: 0.117050

Average Training loss: 0.0006, Training Error Rate: 10.95% (6569/60000)


Average Test loss: 0.0001, Test Error Rate: 10.19% (1019/10000)

Train Epoch: 29 [20000/60000 (33%)]	Loss: 0.124145
Train Epoch: 29 [40000/60000 (67%)]	Loss: 0.118169
Train Epoch: 29 [60000/60000 (100%)]	Loss: 0.110471

Average Training loss: 0.0006, Training Error Rate: 10.87% (6519/60000)


Average Test loss: 0.0001, Test Error Rate: 10.14% (1014/10000)

Train Epoch: 30 [20000/60000 (33%)]	Loss: 0.098786
Train Epoch: 30 [40000/60000 (67%)]	Loss: 0.108695
Train Epoch: 30 [60000/60000 (100%)]	Loss: 0.118353

Average Training loss: 0.0005, Training Error Rate: 10.76% (6454/60000)


Average Test loss: 0.0001, Test Error Rate: 10.10% (1010/10000)

Train Epoch: 31 [20000/60000 (33%)]	Loss: 0.117426
Train Epoch: 31 [40000/60000 (67%)]	Loss: 0.102574
Train Epoch: 31 [60000/60000 (100%)]	Loss: 0.100761

Average Training loss: 0.0005, Training Error Rate: 10.58% (6346/60000)


Average Test loss: 0.0001, Test Error Rate: 9.65% (965/10000)

Train Epoch: 32 [20000/60000 (33%)]	Loss: 0.091829
Train Epoch: 32 [40000/60000 (67%)]	Loss: 0.114221
Train Epoch: 32 [60000/60000 (100%)]	Loss: 0.096801

Average Training loss: 0.0005, Training Error Rate: 10.58% (6350/60000)


Average Test loss: 0.0001, Test Error Rate: 9.63% (963/10000)

Train Epoch: 33 [20000/60000 (33%)]	Loss: 0.117072
Train Epoch: 33 [40000/60000 (67%)]	Loss: 0.093819
Train Epoch: 33 [60000/60000 (100%)]	Loss: 0.114249

Average Training loss: 0.0005, Training Error Rate: 10.57% (6345/60000)


Average Test loss: 0.0001, Test Error Rate: 9.81% (981/10000)

Train Epoch: 34 [20000/60000 (33%)]	Loss: 0.080219
Train Epoch: 34 [40000/60000 (67%)]	Loss: 0.118365
Train Epoch: 34 [60000/60000 (100%)]	Loss: 0.094760

Average Training loss: 0.0005, Training Error Rate: 10.40% (6242/60000)


Average Test loss: 0.0001, Test Error Rate: 9.66% (966/10000)

Train Epoch: 35 [20000/60000 (33%)]	Loss: 0.083910
Train Epoch: 35 [40000/60000 (67%)]	Loss: 0.112469
Train Epoch: 35 [60000/60000 (100%)]	Loss: 0.089125

Average Training loss: 0.0005, Training Error Rate: 10.36% (6215/60000)


Average Test loss: 0.0001, Test Error Rate: 9.86% (986/10000)

Train Epoch: 36 [20000/60000 (33%)]	Loss: 0.084221
Train Epoch: 36 [40000/60000 (67%)]	Loss: 0.094037
Train Epoch: 36 [60000/60000 (100%)]	Loss: 0.092967

Average Training loss: 0.0005, Training Error Rate: 10.10% (6061/60000)


Average Test loss: 0.0001, Test Error Rate: 9.40% (940/10000)

Train Epoch: 37 [20000/60000 (33%)]	Loss: 0.104675
Train Epoch: 37 [40000/60000 (67%)]	Loss: 0.081681
Train Epoch: 37 [60000/60000 (100%)]	Loss: 0.117908

Average Training loss: 0.0005, Training Error Rate: 10.29% (6174/60000)


Average Test loss: 0.0001, Test Error Rate: 9.33% (933/10000)

Train Epoch: 38 [20000/60000 (33%)]	Loss: 0.095552
Train Epoch: 38 [40000/60000 (67%)]	Loss: 0.080395
Train Epoch: 38 [60000/60000 (100%)]	Loss: 0.111094

Average Training loss: 0.0005, Training Error Rate: 10.04% (6025/60000)


Average Test loss: 0.0001, Test Error Rate: 9.37% (937/10000)

Train Epoch: 39 [20000/60000 (33%)]	Loss: 0.104555
Train Epoch: 39 [40000/60000 (67%)]	Loss: 0.094091
Train Epoch: 39 [60000/60000 (100%)]	Loss: 0.114039

Average Training loss: 0.0005, Training Error Rate: 10.01% (6003/60000)


Average Test loss: 0.0001, Test Error Rate: 9.42% (942/10000)

Train Epoch: 40 [20000/60000 (33%)]	Loss: 0.100926
Train Epoch: 40 [40000/60000 (67%)]	Loss: 0.100064
Train Epoch: 40 [60000/60000 (100%)]	Loss: 0.109243

Average Training loss: 0.0005, Training Error Rate: 9.92% (5954/60000)


Average Test loss: 0.0001, Test Error Rate: 9.34% (934/10000)

Train Epoch: 41 [20000/60000 (33%)]	Loss: 0.082492
Train Epoch: 41 [40000/60000 (67%)]	Loss: 0.105140
Train Epoch: 41 [60000/60000 (100%)]	Loss: 0.116393

Average Training loss: 0.0005, Training Error Rate: 9.79% (5872/60000)


Average Test loss: 0.0001, Test Error Rate: 9.35% (935/10000)

Train Epoch: 42 [20000/60000 (33%)]	Loss: 0.110168
Train Epoch: 42 [40000/60000 (67%)]	Loss: 0.119790
Train Epoch: 42 [60000/60000 (100%)]	Loss: 0.110885

Average Training loss: 0.0005, Training Error Rate: 9.91% (5948/60000)


Average Test loss: 0.0001, Test Error Rate: 9.12% (912/10000)

Train Epoch: 43 [20000/60000 (33%)]	Loss: 0.103723
Train Epoch: 43 [40000/60000 (67%)]	Loss: 0.104718
Train Epoch: 43 [60000/60000 (100%)]	Loss: 0.089374

Average Training loss: 0.0005, Training Error Rate: 9.72% (5830/60000)


Average Test loss: 0.0001, Test Error Rate: 9.04% (904/10000)

Train Epoch: 44 [20000/60000 (33%)]	Loss: 0.085149
Train Epoch: 44 [40000/60000 (67%)]	Loss: 0.110953
Train Epoch: 44 [60000/60000 (100%)]	Loss: 0.100457

Average Training loss: 0.0005, Training Error Rate: 9.70% (5822/60000)


Average Test loss: 0.0001, Test Error Rate: 8.89% (889/10000)

Train Epoch: 45 [20000/60000 (33%)]	Loss: 0.088422
Train Epoch: 45 [40000/60000 (67%)]	Loss: 0.095793
Train Epoch: 45 [60000/60000 (100%)]	Loss: 0.090747

Average Training loss: 0.0005, Training Error Rate: 9.60% (5757/60000)


Average Test loss: 0.0001, Test Error Rate: 8.91% (891/10000)

Train Epoch: 46 [20000/60000 (33%)]	Loss: 0.110655
Train Epoch: 46 [40000/60000 (67%)]	Loss: 0.116497
Train Epoch: 46 [60000/60000 (100%)]	Loss: 0.079337

Average Training loss: 0.0005, Training Error Rate: 9.59% (5753/60000)


Average Test loss: 0.0001, Test Error Rate: 9.09% (909/10000)

Train Epoch: 47 [20000/60000 (33%)]	Loss: 0.097531
Train Epoch: 47 [40000/60000 (67%)]	Loss: 0.107211
Train Epoch: 47 [60000/60000 (100%)]	Loss: 0.107294

Average Training loss: 0.0005, Training Error Rate: 9.57% (5745/60000)


Average Test loss: 0.0001, Test Error Rate: 8.83% (883/10000)

Train Epoch: 48 [20000/60000 (33%)]	Loss: 0.109339
Train Epoch: 48 [40000/60000 (67%)]	Loss: 0.092048
Train Epoch: 48 [60000/60000 (100%)]	Loss: 0.088997

Average Training loss: 0.0005, Training Error Rate: 9.46% (5677/60000)


Average Test loss: 0.0001, Test Error Rate: 8.80% (880/10000)

Train Epoch: 49 [20000/60000 (33%)]	Loss: 0.108492
Train Epoch: 49 [40000/60000 (67%)]	Loss: 0.081556
Train Epoch: 49 [60000/60000 (100%)]	Loss: 0.086794

Average Training loss: 0.0005, Training Error Rate: 9.47% (5680/60000)


Average Test loss: 0.0001, Test Error Rate: 8.68% (868/10000)

Train Epoch: 50 [20000/60000 (33%)]	Loss: 0.094434
Train Epoch: 50 [40000/60000 (67%)]	Loss: 0.097890
Train Epoch: 50 [60000/60000 (100%)]	Loss: 0.094548

Average Training loss: 0.0005, Training Error Rate: 9.31% (5587/60000)


Average Test loss: 0.0001, Test Error Rate: 8.63% (863/10000)

Train Epoch: 51 [20000/60000 (33%)]	Loss: 0.093964
Train Epoch: 51 [40000/60000 (67%)]	Loss: 0.107981
Train Epoch: 51 [60000/60000 (100%)]	Loss: 0.079466

Average Training loss: 0.0005, Training Error Rate: 9.29% (5572/60000)


Average Test loss: 0.0001, Test Error Rate: 8.39% (839/10000)

Train Epoch: 52 [20000/60000 (33%)]	Loss: 0.086476
Train Epoch: 52 [40000/60000 (67%)]	Loss: 0.102581
Train Epoch: 52 [60000/60000 (100%)]	Loss: 0.100228

Average Training loss: 0.0005, Training Error Rate: 9.26% (5556/60000)


Average Test loss: 0.0001, Test Error Rate: 8.74% (874/10000)

Train Epoch: 53 [20000/60000 (33%)]	Loss: 0.093415
Train Epoch: 53 [40000/60000 (67%)]	Loss: 0.082488
Train Epoch: 53 [60000/60000 (100%)]	Loss: 0.098038

Average Training loss: 0.0005, Training Error Rate: 9.14% (5482/60000)


Average Test loss: 0.0001, Test Error Rate: 8.51% (851/10000)

Train Epoch: 54 [20000/60000 (33%)]	Loss: 0.082490
Train Epoch: 54 [40000/60000 (67%)]	Loss: 0.090200
Train Epoch: 54 [60000/60000 (100%)]	Loss: 0.080291

Average Training loss: 0.0005, Training Error Rate: 9.11% (5468/60000)


Average Test loss: 0.0001, Test Error Rate: 8.72% (872/10000)

Train Epoch: 55 [20000/60000 (33%)]	Loss: 0.087060
Train Epoch: 55 [40000/60000 (67%)]	Loss: 0.079311
Train Epoch: 55 [60000/60000 (100%)]	Loss: 0.094545

Average Training loss: 0.0005, Training Error Rate: 8.97% (5385/60000)


Average Test loss: 0.0001, Test Error Rate: 8.66% (866/10000)

Train Epoch: 56 [20000/60000 (33%)]	Loss: 0.092481
Train Epoch: 56 [40000/60000 (67%)]	Loss: 0.095112
Train Epoch: 56 [60000/60000 (100%)]	Loss: 0.096186

Average Training loss: 0.0005, Training Error Rate: 8.97% (5384/60000)


Average Test loss: 0.0001, Test Error Rate: 8.43% (843/10000)

Train Epoch: 57 [20000/60000 (33%)]	Loss: 0.087281
Train Epoch: 57 [40000/60000 (67%)]	Loss: 0.093952
Train Epoch: 57 [60000/60000 (100%)]	Loss: 0.083920

Average Training loss: 0.0005, Training Error Rate: 9.06% (5435/60000)


Average Test loss: 0.0001, Test Error Rate: 8.40% (840/10000)

Train Epoch: 58 [20000/60000 (33%)]	Loss: 0.099694
Train Epoch: 58 [40000/60000 (67%)]	Loss: 0.068814
Train Epoch: 58 [60000/60000 (100%)]	Loss: 0.082316

Average Training loss: 0.0004, Training Error Rate: 8.89% (5335/60000)


Average Test loss: 0.0001, Test Error Rate: 8.40% (840/10000)

Train Epoch: 59 [20000/60000 (33%)]	Loss: 0.094022
Train Epoch: 59 [40000/60000 (67%)]	Loss: 0.083840
Train Epoch: 59 [60000/60000 (100%)]	Loss: 0.088383

Average Training loss: 0.0004, Training Error Rate: 8.95% (5372/60000)


Average Test loss: 0.0001, Test Error Rate: 8.30% (830/10000)

Train Epoch: 60 [20000/60000 (33%)]	Loss: 0.083560
Train Epoch: 60 [40000/60000 (67%)]	Loss: 0.099889
Train Epoch: 60 [60000/60000 (100%)]	Loss: 0.068263

Average Training loss: 0.0004, Training Error Rate: 8.83% (5297/60000)


Average Test loss: 0.0001, Test Error Rate: 7.99% (799/10000)

Train Epoch: 61 [20000/60000 (33%)]	Loss: 0.080761
Train Epoch: 61 [40000/60000 (67%)]	Loss: 0.100582
Train Epoch: 61 [60000/60000 (100%)]	Loss: 0.074423

Average Training loss: 0.0004, Training Error Rate: 8.76% (5257/60000)


Average Test loss: 0.0001, Test Error Rate: 8.18% (818/10000)

Train Epoch: 62 [20000/60000 (33%)]	Loss: 0.089042
Train Epoch: 62 [40000/60000 (67%)]	Loss: 0.076927
Train Epoch: 62 [60000/60000 (100%)]	Loss: 0.119720

Average Training loss: 0.0004, Training Error Rate: 8.74% (5242/60000)


Average Test loss: 0.0001, Test Error Rate: 8.39% (839/10000)

Train Epoch: 63 [20000/60000 (33%)]	Loss: 0.084123
Train Epoch: 63 [40000/60000 (67%)]	Loss: 0.090067
Train Epoch: 63 [60000/60000 (100%)]	Loss: 0.105595

Average Training loss: 0.0004, Training Error Rate: 8.70% (5218/60000)


Average Test loss: 0.0001, Test Error Rate: 8.25% (825/10000)

Train Epoch: 64 [20000/60000 (33%)]	Loss: 0.086993
Train Epoch: 64 [40000/60000 (67%)]	Loss: 0.077898
Train Epoch: 64 [60000/60000 (100%)]	Loss: 0.089826

Average Training loss: 0.0004, Training Error Rate: 8.64% (5187/60000)


Average Test loss: 0.0001, Test Error Rate: 8.15% (815/10000)

Train Epoch: 65 [20000/60000 (33%)]	Loss: 0.088610
Train Epoch: 65 [40000/60000 (67%)]	Loss: 0.082469
Train Epoch: 65 [60000/60000 (100%)]	Loss: 0.086310

Average Training loss: 0.0004, Training Error Rate: 8.63% (5178/60000)


Average Test loss: 0.0001, Test Error Rate: 7.97% (797/10000)

Train Epoch: 66 [20000/60000 (33%)]	Loss: 0.076837
Train Epoch: 66 [40000/60000 (67%)]	Loss: 0.090591
Train Epoch: 66 [60000/60000 (100%)]	Loss: 0.077518

Average Training loss: 0.0004, Training Error Rate: 8.61% (5167/60000)


Average Test loss: 0.0001, Test Error Rate: 8.28% (828/10000)

Train Epoch: 67 [20000/60000 (33%)]	Loss: 0.089967
Train Epoch: 67 [40000/60000 (67%)]	Loss: 0.083322
Train Epoch: 67 [60000/60000 (100%)]	Loss: 0.083913

Average Training loss: 0.0004, Training Error Rate: 8.48% (5088/60000)


Average Test loss: 0.0001, Test Error Rate: 8.16% (816/10000)

Train Epoch: 68 [20000/60000 (33%)]	Loss: 0.092921
Train Epoch: 68 [40000/60000 (67%)]	Loss: 0.082442
Train Epoch: 68 [60000/60000 (100%)]	Loss: 0.084657

Average Training loss: 0.0004, Training Error Rate: 8.39% (5033/60000)


Average Test loss: 0.0001, Test Error Rate: 8.13% (813/10000)

Train Epoch: 69 [20000/60000 (33%)]	Loss: 0.106833
Train Epoch: 69 [40000/60000 (67%)]	Loss: 0.066786
Train Epoch: 69 [60000/60000 (100%)]	Loss: 0.088528

Average Training loss: 0.0004, Training Error Rate: 8.31% (4985/60000)


Average Test loss: 0.0001, Test Error Rate: 8.10% (810/10000)

Train Epoch: 70 [20000/60000 (33%)]	Loss: 0.094342
Train Epoch: 70 [40000/60000 (67%)]	Loss: 0.081995
Train Epoch: 70 [60000/60000 (100%)]	Loss: 0.088813

Average Training loss: 0.0004, Training Error Rate: 8.41% (5045/60000)


Average Test loss: 0.0001, Test Error Rate: 7.90% (790/10000)

Train Epoch: 71 [20000/60000 (33%)]	Loss: 0.071131
Train Epoch: 71 [40000/60000 (67%)]	Loss: 0.084427
Train Epoch: 71 [60000/60000 (100%)]	Loss: 0.070810

Average Training loss: 0.0004, Training Error Rate: 8.32% (4995/60000)


Average Test loss: 0.0001, Test Error Rate: 8.01% (801/10000)

Train Epoch: 72 [20000/60000 (33%)]	Loss: 0.076795
Train Epoch: 72 [40000/60000 (67%)]	Loss: 0.080894
Train Epoch: 72 [60000/60000 (100%)]	Loss: 0.064380

Average Training loss: 0.0004, Training Error Rate: 8.32% (4994/60000)


Average Test loss: 0.0001, Test Error Rate: 7.85% (785/10000)

Train Epoch: 73 [20000/60000 (33%)]	Loss: 0.096038
Train Epoch: 73 [40000/60000 (67%)]	Loss: 0.094489
Train Epoch: 73 [60000/60000 (100%)]	Loss: 0.076986

Average Training loss: 0.0004, Training Error Rate: 8.18% (4906/60000)


Average Test loss: 0.0001, Test Error Rate: 7.76% (776/10000)

Train Epoch: 74 [20000/60000 (33%)]	Loss: 0.084237
Train Epoch: 74 [40000/60000 (67%)]	Loss: 0.085590
Train Epoch: 74 [60000/60000 (100%)]	Loss: 0.063232

Average Training loss: 0.0004, Training Error Rate: 8.19% (4912/60000)


Average Test loss: 0.0001, Test Error Rate: 8.06% (806/10000)

Train Epoch: 75 [20000/60000 (33%)]	Loss: 0.077586
Train Epoch: 75 [40000/60000 (67%)]	Loss: 0.078975
Train Epoch: 75 [60000/60000 (100%)]	Loss: 0.092278

Average Training loss: 0.0004, Training Error Rate: 8.26% (4953/60000)


Average Test loss: 0.0001, Test Error Rate: 7.80% (780/10000)

Train Epoch: 76 [20000/60000 (33%)]	Loss: 0.084162
Train Epoch: 76 [40000/60000 (67%)]	Loss: 0.085522
Train Epoch: 76 [60000/60000 (100%)]	Loss: 0.081880

Average Training loss: 0.0004, Training Error Rate: 8.09% (4853/60000)


Average Test loss: 0.0001, Test Error Rate: 7.65% (765/10000)

Train Epoch: 77 [20000/60000 (33%)]	Loss: 0.080710
Train Epoch: 77 [40000/60000 (67%)]	Loss: 0.088118
Train Epoch: 77 [60000/60000 (100%)]	Loss: 0.086344

Average Training loss: 0.0004, Training Error Rate: 8.09% (4851/60000)


Average Test loss: 0.0001, Test Error Rate: 7.85% (785/10000)

Train Epoch: 78 [20000/60000 (33%)]	Loss: 0.088870
Train Epoch: 78 [40000/60000 (67%)]	Loss: 0.066543
Train Epoch: 78 [60000/60000 (100%)]	Loss: 0.087471

Average Training loss: 0.0004, Training Error Rate: 8.08% (4849/60000)


Average Test loss: 0.0001, Test Error Rate: 7.78% (778/10000)

Train Epoch: 79 [20000/60000 (33%)]	Loss: 0.077454
Train Epoch: 79 [40000/60000 (67%)]	Loss: 0.083230
Train Epoch: 79 [60000/60000 (100%)]	Loss: 0.084092

Average Training loss: 0.0004, Training Error Rate: 8.13% (4877/60000)


Average Test loss: 0.0001, Test Error Rate: 7.54% (754/10000)

Train Epoch: 80 [20000/60000 (33%)]	Loss: 0.098322
Train Epoch: 80 [40000/60000 (67%)]	Loss: 0.073083
Train Epoch: 80 [60000/60000 (100%)]	Loss: 0.064371

Average Training loss: 0.0004, Training Error Rate: 7.91% (4745/60000)


Average Test loss: 0.0001, Test Error Rate: 7.62% (762/10000)

Train Epoch: 81 [20000/60000 (33%)]	Loss: 0.069407
Train Epoch: 81 [40000/60000 (67%)]	Loss: 0.081455
Train Epoch: 81 [60000/60000 (100%)]	Loss: 0.084983

Average Training loss: 0.0004, Training Error Rate: 8.09% (4851/60000)


Average Test loss: 0.0001, Test Error Rate: 7.33% (733/10000)

Train Epoch: 82 [20000/60000 (33%)]	Loss: 0.073553
Train Epoch: 82 [40000/60000 (67%)]	Loss: 0.087796
Train Epoch: 82 [60000/60000 (100%)]	Loss: 0.078234

Average Training loss: 0.0004, Training Error Rate: 8.07% (4841/60000)


Average Test loss: 0.0001, Test Error Rate: 7.43% (743/10000)

Train Epoch: 83 [20000/60000 (33%)]	Loss: 0.081428
Train Epoch: 83 [40000/60000 (67%)]	Loss: 0.073020
Train Epoch: 83 [60000/60000 (100%)]	Loss: 0.104070

Average Training loss: 0.0004, Training Error Rate: 8.01% (4803/60000)


Average Test loss: 0.0001, Test Error Rate: 7.31% (731/10000)

Train Epoch: 84 [20000/60000 (33%)]	Loss: 0.076357
Train Epoch: 84 [40000/60000 (67%)]	Loss: 0.079426
Train Epoch: 84 [60000/60000 (100%)]	Loss: 0.072062

Average Training loss: 0.0004, Training Error Rate: 7.76% (4657/60000)


Average Test loss: 0.0001, Test Error Rate: 7.58% (758/10000)

Train Epoch: 85 [20000/60000 (33%)]	Loss: 0.096752
Train Epoch: 85 [40000/60000 (67%)]	Loss: 0.075567
Train Epoch: 85 [60000/60000 (100%)]	Loss: 0.071063

Average Training loss: 0.0004, Training Error Rate: 7.89% (4733/60000)


Average Test loss: 0.0001, Test Error Rate: 7.32% (732/10000)

Train Epoch: 86 [20000/60000 (33%)]	Loss: 0.078055
Train Epoch: 86 [40000/60000 (67%)]	Loss: 0.080025
Train Epoch: 86 [60000/60000 (100%)]	Loss: 0.094184

Average Training loss: 0.0004, Training Error Rate: 7.76% (4658/60000)


Average Test loss: 0.0001, Test Error Rate: 7.60% (760/10000)

Train Epoch: 87 [20000/60000 (33%)]	Loss: 0.071284
Train Epoch: 87 [40000/60000 (67%)]	Loss: 0.077025
Train Epoch: 87 [60000/60000 (100%)]	Loss: 0.074899

Average Training loss: 0.0004, Training Error Rate: 7.74% (4641/60000)


Average Test loss: 0.0001, Test Error Rate: 7.62% (762/10000)

Train Epoch: 88 [20000/60000 (33%)]	Loss: 0.080143
Train Epoch: 88 [40000/60000 (67%)]	Loss: 0.056086
Train Epoch: 88 [60000/60000 (100%)]	Loss: 0.083224

Average Training loss: 0.0004, Training Error Rate: 7.75% (4648/60000)


Average Test loss: 0.0001, Test Error Rate: 7.20% (720/10000)

Train Epoch: 89 [20000/60000 (33%)]	Loss: 0.101227
Train Epoch: 89 [40000/60000 (67%)]	Loss: 0.071198
Train Epoch: 89 [60000/60000 (100%)]	Loss: 0.076683

Average Training loss: 0.0004, Training Error Rate: 7.73% (4637/60000)


Average Test loss: 0.0001, Test Error Rate: 7.30% (730/10000)

Train Epoch: 90 [20000/60000 (33%)]	Loss: 0.084136
Train Epoch: 90 [40000/60000 (67%)]	Loss: 0.081671
Train Epoch: 90 [60000/60000 (100%)]	Loss: 0.074410

Average Training loss: 0.0004, Training Error Rate: 7.62% (4571/60000)


Average Test loss: 0.0001, Test Error Rate: 7.30% (730/10000)

Train Epoch: 91 [20000/60000 (33%)]	Loss: 0.065175
Train Epoch: 91 [40000/60000 (67%)]	Loss: 0.071451
Train Epoch: 91 [60000/60000 (100%)]	Loss: 0.078046

Average Training loss: 0.0004, Training Error Rate: 7.60% (4559/60000)


Average Test loss: 0.0001, Test Error Rate: 7.36% (736/10000)

Train Epoch: 92 [20000/60000 (33%)]	Loss: 0.080712
Train Epoch: 92 [40000/60000 (67%)]	Loss: 0.066803
Train Epoch: 92 [60000/60000 (100%)]	Loss: 0.075668

Average Training loss: 0.0004, Training Error Rate: 7.67% (4604/60000)


Average Test loss: 0.0001, Test Error Rate: 7.24% (724/10000)

Train Epoch: 93 [20000/60000 (33%)]	Loss: 0.083087
Train Epoch: 93 [40000/60000 (67%)]	Loss: 0.071506
Train Epoch: 93 [60000/60000 (100%)]	Loss: 0.070728

Average Training loss: 0.0004, Training Error Rate: 7.58% (4547/60000)


Average Test loss: 0.0001, Test Error Rate: 7.24% (724/10000)

Train Epoch: 94 [20000/60000 (33%)]	Loss: 0.073185
Train Epoch: 94 [40000/60000 (67%)]	Loss: 0.072741
Train Epoch: 94 [60000/60000 (100%)]	Loss: 0.078509

Average Training loss: 0.0004, Training Error Rate: 7.50% (4498/60000)


Average Test loss: 0.0001, Test Error Rate: 7.44% (744/10000)

Train Epoch: 95 [20000/60000 (33%)]	Loss: 0.075285
Train Epoch: 95 [40000/60000 (67%)]	Loss: 0.069675
Train Epoch: 95 [60000/60000 (100%)]	Loss: 0.073873

Average Training loss: 0.0004, Training Error Rate: 7.62% (4573/60000)


Average Test loss: 0.0001, Test Error Rate: 7.07% (707/10000)

Train Epoch: 96 [20000/60000 (33%)]	Loss: 0.069587
Train Epoch: 96 [40000/60000 (67%)]	Loss: 0.071088
Train Epoch: 96 [60000/60000 (100%)]	Loss: 0.081163

Average Training loss: 0.0004, Training Error Rate: 7.55% (4531/60000)


Average Test loss: 0.0001, Test Error Rate: 7.24% (724/10000)

Train Epoch: 97 [20000/60000 (33%)]	Loss: 0.086711
Train Epoch: 97 [40000/60000 (67%)]	Loss: 0.063261
Train Epoch: 97 [60000/60000 (100%)]	Loss: 0.078330

Average Training loss: 0.0004, Training Error Rate: 7.45% (4471/60000)


Average Test loss: 0.0001, Test Error Rate: 7.02% (702/10000)

Train Epoch: 98 [20000/60000 (33%)]	Loss: 0.061012
Train Epoch: 98 [40000/60000 (67%)]	Loss: 0.072373
Train Epoch: 98 [60000/60000 (100%)]	Loss: 0.058285

Average Training loss: 0.0004, Training Error Rate: 7.39% (4437/60000)


Average Test loss: 0.0001, Test Error Rate: 7.04% (704/10000)

Train Epoch: 99 [20000/60000 (33%)]	Loss: 0.061233
Train Epoch: 99 [40000/60000 (67%)]	Loss: 0.085276
Train Epoch: 99 [60000/60000 (100%)]	Loss: 0.072876

Average Training loss: 0.0004, Training Error Rate: 7.43% (4456/60000)


Average Test loss: 0.0001, Test Error Rate: 7.11% (711/10000)

/vast/home/ajherman/miniconda3/envs/pytorch/lib/python3.11/site-packages/torchvision/io/image.py:13: UserWarning: Failed to load image Python extension: '/vast/home/ajherman/miniconda3/envs/pytorch/lib/python3.11/site-packages/torchvision/image.so: undefined symbol: _ZN5torch3jit17parseSchemaOrNameERKNSt7__cxx1112basic_stringIcSt11char_traitsIcESaIcEEE'If you don't plan on using image functionality from `torchvision.io`, you can ignore this warning. Otherwise, there might be something wrong with your environment. Did you have `libjpeg` or `libpng` installed before building `torchvision` from source?
  warn(
Random seed set as 42
dt =  0.3934693402873666
trace decay =  0.5737534207374327
Random seed set as 42
Random seed set as 42
dt =  0.3934693402873666
trace decay =  0.5737534207374327
Random seed set as 42
/vast/home/ajherman/miniconda3/envs/pytorch/lib/python3.11/site-packages/torchvision/io/image.py:13: UserWarning: Failed to load image Python extension: '/vast/home/ajherman/miniconda3/envs/pytorch/lib/python3.11/site-packages/torchvision/image.so: undefined symbol: _ZN5torch3jit17parseSchemaOrNameERKNSt7__cxx1112basic_stringIcSt11char_traitsIcESaIcEEE'If you don't plan on using image functionality from `torchvision.io`, you can ignore this warning. Otherwise, there might be something wrong with your environment. Did you have `libjpeg` or `libpng` installed before building `torchvision` from source?
  warn(
Random seed set as 42
dt =  0.3934693402873666
trace decay =  0.5737534207374327
Random seed set as 42
Random seed set as 42
dt =  0.3934693402873666
trace decay =  0.5737534207374327
Random seed set as 42
Train Epoch: 100 [20000/60000 (33%)]	Loss: 0.074090
Train Epoch: 100 [40000/60000 (67%)]	Loss: 0.072173
Train Epoch: 100 [60000/60000 (100%)]	Loss: 0.077977

Average Training loss: 0.0004, Training Error Rate: 7.44% (4465/60000)


Average Test loss: 0.0001, Test Error Rate: 7.38% (738/10000)

Train Epoch: 101 [20000/60000 (33%)]	Loss: 0.078458
Train Epoch: 101 [40000/60000 (67%)]	Loss: 0.071971
Train Epoch: 101 [60000/60000 (100%)]	Loss: 0.061757

Average Training loss: 0.0004, Training Error Rate: 7.33% (4395/60000)


Average Test loss: 0.0001, Test Error Rate: 7.13% (713/10000)

Train Epoch: 102 [20000/60000 (33%)]	Loss: 0.077748
Train Epoch: 102 [40000/60000 (67%)]	Loss: 0.054658
Train Epoch: 102 [60000/60000 (100%)]	Loss: 0.070608

Average Training loss: 0.0004, Training Error Rate: 7.14% (4282/60000)


Average Test loss: 0.0001, Test Error Rate: 7.37% (737/10000)

Train Epoch: 103 [20000/60000 (33%)]	Loss: 0.070379
Train Epoch: 103 [40000/60000 (67%)]	Loss: 0.069358
Train Epoch: 103 [60000/60000 (100%)]	Loss: 0.064123

Average Training loss: 0.0004, Training Error Rate: 7.38% (4431/60000)


Average Test loss: 0.0001, Test Error Rate: 7.14% (714/10000)

Train Epoch: 104 [20000/60000 (33%)]	Loss: 0.072080
Train Epoch: 104 [40000/60000 (67%)]	Loss: 0.074399
Train Epoch: 104 [60000/60000 (100%)]	Loss: 0.057598

Average Training loss: 0.0004, Training Error Rate: 7.23% (4337/60000)


Average Test loss: 0.0001, Test Error Rate: 6.92% (692/10000)

Train Epoch: 105 [20000/60000 (33%)]	Loss: 0.082078
Train Epoch: 105 [40000/60000 (67%)]	Loss: 0.078267
Train Epoch: 105 [60000/60000 (100%)]	Loss: 0.078323

Average Training loss: 0.0004, Training Error Rate: 7.21% (4327/60000)


Average Test loss: 0.0001, Test Error Rate: 7.05% (705/10000)

Train Epoch: 106 [20000/60000 (33%)]	Loss: 0.068215
Train Epoch: 106 [40000/60000 (67%)]	Loss: 0.068376
Train Epoch: 106 [60000/60000 (100%)]	Loss: 0.057584

Average Training loss: 0.0004, Training Error Rate: 7.25% (4350/60000)


Average Test loss: 0.0001, Test Error Rate: 6.93% (693/10000)

Train Epoch: 107 [20000/60000 (33%)]	Loss: 0.080908
Train Epoch: 107 [40000/60000 (67%)]	Loss: 0.063766
Train Epoch: 107 [60000/60000 (100%)]	Loss: 0.074424

Average Training loss: 0.0004, Training Error Rate: 7.12% (4270/60000)


Average Test loss: 0.0001, Test Error Rate: 7.15% (715/10000)

Train Epoch: 108 [20000/60000 (33%)]	Loss: 0.065627
Train Epoch: 108 [40000/60000 (67%)]	Loss: 0.063322
Train Epoch: 108 [60000/60000 (100%)]	Loss: 0.076924

Average Training loss: 0.0004, Training Error Rate: 7.16% (4294/60000)


Average Test loss: 0.0001, Test Error Rate: 6.94% (694/10000)

Train Epoch: 109 [20000/60000 (33%)]	Loss: 0.083252
Train Epoch: 109 [40000/60000 (67%)]	Loss: 0.076434
Train Epoch: 109 [60000/60000 (100%)]	Loss: 0.064051

Average Training loss: 0.0004, Training Error Rate: 7.19% (4315/60000)


Average Test loss: 0.0001, Test Error Rate: 6.79% (679/10000)

Train Epoch: 110 [20000/60000 (33%)]	Loss: 0.074096
Train Epoch: 110 [40000/60000 (67%)]	Loss: 0.066320
Train Epoch: 110 [60000/60000 (100%)]	Loss: 0.085667

Average Training loss: 0.0004, Training Error Rate: 7.16% (4294/60000)


Average Test loss: 0.0001, Test Error Rate: 6.98% (698/10000)

Train Epoch: 111 [20000/60000 (33%)]	Loss: 0.074805
Train Epoch: 111 [40000/60000 (67%)]	Loss: 0.068492
Train Epoch: 111 [60000/60000 (100%)]	Loss: 0.061924

Average Training loss: 0.0004, Training Error Rate: 6.93% (4158/60000)


Average Test loss: 0.0001, Test Error Rate: 7.01% (701/10000)

Train Epoch: 112 [20000/60000 (33%)]	Loss: 0.066889
Train Epoch: 112 [40000/60000 (67%)]	Loss: 0.090202
Train Epoch: 112 [60000/60000 (100%)]	Loss: 0.061214

Average Training loss: 0.0004, Training Error Rate: 7.02% (4213/60000)


Average Test loss: 0.0001, Test Error Rate: 6.91% (691/10000)

Train Epoch: 113 [20000/60000 (33%)]	Loss: 0.064261
Train Epoch: 113 [40000/60000 (67%)]	Loss: 0.071671
Train Epoch: 113 [60000/60000 (100%)]	Loss: 0.075553

Average Training loss: 0.0004, Training Error Rate: 7.07% (4239/60000)


Average Test loss: 0.0001, Test Error Rate: 7.04% (704/10000)

Train Epoch: 114 [20000/60000 (33%)]	Loss: 0.058340
Train Epoch: 114 [40000/60000 (67%)]	Loss: 0.077620
Train Epoch: 114 [60000/60000 (100%)]	Loss: 0.075147

Average Training loss: 0.0004, Training Error Rate: 7.05% (4229/60000)


Average Test loss: 0.0001, Test Error Rate: 7.02% (702/10000)

Train Epoch: 115 [20000/60000 (33%)]	Loss: 0.060733
Train Epoch: 115 [40000/60000 (67%)]	Loss: 0.077534
Train Epoch: 115 [60000/60000 (100%)]	Loss: 0.079481

Average Training loss: 0.0004, Training Error Rate: 7.08% (4245/60000)


Average Test loss: 0.0001, Test Error Rate: 6.57% (657/10000)

Train Epoch: 116 [20000/60000 (33%)]	Loss: 0.067824
Train Epoch: 116 [40000/60000 (67%)]	Loss: 0.073152
Train Epoch: 116 [60000/60000 (100%)]	Loss: 0.067587

Average Training loss: 0.0004, Training Error Rate: 7.02% (4210/60000)


Average Test loss: 0.0001, Test Error Rate: 6.70% (670/10000)

Train Epoch: 117 [20000/60000 (33%)]	Loss: 0.075933
Train Epoch: 117 [40000/60000 (67%)]	Loss: 0.055590
Train Epoch: 117 [60000/60000 (100%)]	Loss: 0.069996

Average Training loss: 0.0003, Training Error Rate: 7.03% (4217/60000)


Average Test loss: 0.0001, Test Error Rate: 6.75% (675/10000)

Train Epoch: 118 [20000/60000 (33%)]	Loss: 0.065093
Train Epoch: 118 [40000/60000 (67%)]	Loss: 0.053384
Train Epoch: 118 [60000/60000 (100%)]	Loss: 0.069527

Average Training loss: 0.0003, Training Error Rate: 6.88% (4130/60000)


Average Test loss: 0.0001, Test Error Rate: 6.68% (668/10000)

Train Epoch: 119 [20000/60000 (33%)]	Loss: 0.077740
Train Epoch: 119 [40000/60000 (67%)]	Loss: 0.071267
Train Epoch: 119 [60000/60000 (100%)]	Loss: 0.079080

Average Training loss: 0.0003, Training Error Rate: 6.95% (4170/60000)


Average Test loss: 0.0001, Test Error Rate: 6.84% (684/10000)

Train Epoch: 120 [20000/60000 (33%)]	Loss: 0.079967
Train Epoch: 120 [40000/60000 (67%)]	Loss: 0.084223
Train Epoch: 120 [60000/60000 (100%)]	Loss: 0.069466

Average Training loss: 0.0003, Training Error Rate: 6.82% (4092/60000)


Average Test loss: 0.0001, Test Error Rate: 6.74% (674/10000)

Train Epoch: 121 [20000/60000 (33%)]	Loss: 0.057047
Train Epoch: 121 [40000/60000 (67%)]	Loss: 0.082048
Train Epoch: 121 [60000/60000 (100%)]	Loss: 0.078772

Average Training loss: 0.0003, Training Error Rate: 6.85% (4111/60000)


Average Test loss: 0.0001, Test Error Rate: 6.74% (674/10000)

Train Epoch: 122 [20000/60000 (33%)]	Loss: 0.077508
Train Epoch: 122 [40000/60000 (67%)]	Loss: 0.077059
Train Epoch: 122 [60000/60000 (100%)]	Loss: 0.068235

Average Training loss: 0.0003, Training Error Rate: 6.84% (4105/60000)


Average Test loss: 0.0001, Test Error Rate: 6.61% (661/10000)

Train Epoch: 123 [20000/60000 (33%)]	Loss: 0.074359
Train Epoch: 123 [40000/60000 (67%)]	Loss: 0.067057
Train Epoch: 123 [60000/60000 (100%)]	Loss: 0.051482

Average Training loss: 0.0003, Training Error Rate: 6.76% (4058/60000)


Average Test loss: 0.0001, Test Error Rate: 6.66% (666/10000)

Train Epoch: 124 [20000/60000 (33%)]	Loss: 0.069308
Train Epoch: 124 [40000/60000 (67%)]	Loss: 0.064627
Train Epoch: 124 [60000/60000 (100%)]	Loss: 0.060693

Average Training loss: 0.0003, Training Error Rate: 6.75% (4047/60000)


Average Test loss: 0.0001, Test Error Rate: 6.45% (645/10000)

Train Epoch: 125 [20000/60000 (33%)]	Loss: 0.084439
Train Epoch: 125 [40000/60000 (67%)]	Loss: 0.075258
Train Epoch: 125 [60000/60000 (100%)]	Loss: 0.063980

Average Training loss: 0.0003, Training Error Rate: 6.71% (4029/60000)


Average Test loss: 0.0001, Test Error Rate: 6.70% (670/10000)

Train Epoch: 126 [20000/60000 (33%)]	Loss: 0.073250
Train Epoch: 126 [40000/60000 (67%)]	Loss: 0.069534
Train Epoch: 126 [60000/60000 (100%)]	Loss: 0.065451

Average Training loss: 0.0003, Training Error Rate: 6.70% (4022/60000)


Average Test loss: 0.0001, Test Error Rate: 6.60% (660/10000)

Train Epoch: 127 [20000/60000 (33%)]	Loss: 0.068142
Train Epoch: 127 [40000/60000 (67%)]	Loss: 0.063576
Train Epoch: 127 [60000/60000 (100%)]	Loss: 0.071588

Average Training loss: 0.0003, Training Error Rate: 6.68% (4009/60000)


Average Test loss: 0.0001, Test Error Rate: 6.57% (657/10000)

Train Epoch: 128 [20000/60000 (33%)]	Loss: 0.068729
Train Epoch: 128 [40000/60000 (67%)]	Loss: 0.071121
Train Epoch: 128 [60000/60000 (100%)]	Loss: 0.083005

Average Training loss: 0.0003, Training Error Rate: 6.70% (4017/60000)


Average Test loss: 0.0001, Test Error Rate: 6.62% (662/10000)

Train Epoch: 129 [20000/60000 (33%)]	Loss: 0.075578
Train Epoch: 129 [40000/60000 (67%)]	Loss: 0.075514
Train Epoch: 129 [60000/60000 (100%)]	Loss: 0.061488

Average Training loss: 0.0003, Training Error Rate: 6.74% (4042/60000)


Average Test loss: 0.0001, Test Error Rate: 6.69% (669/10000)

Train Epoch: 130 [20000/60000 (33%)]	Loss: 0.070077
Train Epoch: 130 [40000/60000 (67%)]	Loss: 0.071263
Train Epoch: 130 [60000/60000 (100%)]	Loss: 0.052625

Average Training loss: 0.0003, Training Error Rate: 6.63% (3978/60000)


Average Test loss: 0.0001, Test Error Rate: 6.67% (667/10000)

Train Epoch: 131 [20000/60000 (33%)]	Loss: 0.059497
Train Epoch: 131 [40000/60000 (67%)]	Loss: 0.074281
Train Epoch: 131 [60000/60000 (100%)]	Loss: 0.063134

Average Training loss: 0.0003, Training Error Rate: 6.64% (3984/60000)


Average Test loss: 0.0001, Test Error Rate: 6.61% (661/10000)

Train Epoch: 132 [20000/60000 (33%)]	Loss: 0.062286
Train Epoch: 132 [40000/60000 (67%)]	Loss: 0.065961
Train Epoch: 132 [60000/60000 (100%)]	Loss: 0.070747

Average Training loss: 0.0003, Training Error Rate: 6.57% (3939/60000)


Average Test loss: 0.0001, Test Error Rate: 6.45% (645/10000)

Train Epoch: 133 [20000/60000 (33%)]	Loss: 0.064740
Train Epoch: 133 [40000/60000 (67%)]	Loss: 0.066926
Train Epoch: 133 [60000/60000 (100%)]	Loss: 0.063292

Average Training loss: 0.0003, Training Error Rate: 6.56% (3936/60000)


Average Test loss: 0.0001, Test Error Rate: 6.47% (647/10000)

Train Epoch: 134 [20000/60000 (33%)]	Loss: 0.069387
Train Epoch: 134 [40000/60000 (67%)]	Loss: 0.062960
Train Epoch: 134 [60000/60000 (100%)]	Loss: 0.058760

Average Training loss: 0.0003, Training Error Rate: 6.54% (3925/60000)


Average Test loss: 0.0001, Test Error Rate: 6.46% (646/10000)

Train Epoch: 135 [20000/60000 (33%)]	Loss: 0.078151
Train Epoch: 135 [40000/60000 (67%)]	Loss: 0.048606
Train Epoch: 135 [60000/60000 (100%)]	Loss: 0.070104

Average Training loss: 0.0003, Training Error Rate: 6.58% (3950/60000)


Average Test loss: 0.0001, Test Error Rate: 6.42% (642/10000)

Train Epoch: 136 [20000/60000 (33%)]	Loss: 0.067203
Train Epoch: 136 [40000/60000 (67%)]	Loss: 0.068511
Train Epoch: 136 [60000/60000 (100%)]	Loss: 0.074613

Average Training loss: 0.0003, Training Error Rate: 6.60% (3958/60000)


Average Test loss: 0.0001, Test Error Rate: 6.51% (651/10000)

Train Epoch: 137 [20000/60000 (33%)]	Loss: 0.057890
Train Epoch: 137 [40000/60000 (67%)]	Loss: 0.073099
Train Epoch: 137 [60000/60000 (100%)]	Loss: 0.068592

Average Training loss: 0.0003, Training Error Rate: 6.47% (3880/60000)


Average Test loss: 0.0001, Test Error Rate: 6.35% (635/10000)

Train Epoch: 138 [20000/60000 (33%)]	Loss: 0.063841
Train Epoch: 138 [40000/60000 (67%)]	Loss: 0.066198
Train Epoch: 138 [60000/60000 (100%)]	Loss: 0.061883

Average Training loss: 0.0003, Training Error Rate: 6.43% (3856/60000)


Average Test loss: 0.0001, Test Error Rate: 6.18% (618/10000)

Train Epoch: 139 [20000/60000 (33%)]	Loss: 0.059189
Train Epoch: 139 [40000/60000 (67%)]	Loss: 0.060624
Train Epoch: 139 [60000/60000 (100%)]	Loss: 0.056633

Average Training loss: 0.0003, Training Error Rate: 6.52% (3910/60000)


Average Test loss: 0.0001, Test Error Rate: 6.21% (621/10000)

Train Epoch: 140 [20000/60000 (33%)]	Loss: 0.074143
Train Epoch: 140 [40000/60000 (67%)]	Loss: 0.066875
Train Epoch: 140 [60000/60000 (100%)]	Loss: 0.068757

Average Training loss: 0.0003, Training Error Rate: 6.51% (3905/60000)


Average Test loss: 0.0001, Test Error Rate: 6.40% (640/10000)

Train Epoch: 141 [20000/60000 (33%)]	Loss: 0.081060
Train Epoch: 141 [40000/60000 (67%)]	Loss: 0.069010
Train Epoch: 141 [60000/60000 (100%)]	Loss: 0.068798

Average Training loss: 0.0003, Training Error Rate: 6.47% (3883/60000)


Average Test loss: 0.0001, Test Error Rate: 6.20% (620/10000)

Train Epoch: 142 [20000/60000 (33%)]	Loss: 0.059863
Train Epoch: 142 [40000/60000 (67%)]	Loss: 0.080026
Train Epoch: 142 [60000/60000 (100%)]	Loss: 0.065219

Average Training loss: 0.0003, Training Error Rate: 6.39% (3837/60000)


Average Test loss: 0.0001, Test Error Rate: 6.37% (637/10000)

Train Epoch: 143 [20000/60000 (33%)]	Loss: 0.070758
Train Epoch: 143 [40000/60000 (67%)]	Loss: 0.077212
Train Epoch: 143 [60000/60000 (100%)]	Loss: 0.053211

Average Training loss: 0.0003, Training Error Rate: 6.41% (3844/60000)


Average Test loss: 0.0001, Test Error Rate: 6.28% (628/10000)

Train Epoch: 144 [20000/60000 (33%)]	Loss: 0.052716
Train Epoch: 144 [40000/60000 (67%)]	Loss: 0.048258
Train Epoch: 144 [60000/60000 (100%)]	Loss: 0.053278

Average Training loss: 0.0003, Training Error Rate: 6.39% (3832/60000)


Average Test loss: 0.0001, Test Error Rate: 6.36% (636/10000)

Train Epoch: 145 [20000/60000 (33%)]	Loss: 0.059076
Train Epoch: 145 [40000/60000 (67%)]	Loss: 0.073362
Train Epoch: 145 [60000/60000 (100%)]	Loss: 0.062827

Average Training loss: 0.0003, Training Error Rate: 6.30% (3783/60000)


Average Test loss: 0.0001, Test Error Rate: 6.12% (612/10000)

Train Epoch: 146 [20000/60000 (33%)]	Loss: 0.042905
Train Epoch: 146 [40000/60000 (67%)]	Loss: 0.077254
Train Epoch: 146 [60000/60000 (100%)]	Loss: 0.075134

Average Training loss: 0.0003, Training Error Rate: 6.38% (3828/60000)


Average Test loss: 0.0001, Test Error Rate: 6.46% (646/10000)

Train Epoch: 147 [20000/60000 (33%)]	Loss: 0.073073
Train Epoch: 147 [40000/60000 (67%)]	Loss: 0.058664
Train Epoch: 147 [60000/60000 (100%)]	Loss: 0.055689

Average Training loss: 0.0003, Training Error Rate: 6.28% (3770/60000)


Average Test loss: 0.0001, Test Error Rate: 6.17% (617/10000)

Train Epoch: 148 [20000/60000 (33%)]	Loss: 0.069622
Train Epoch: 148 [40000/60000 (67%)]	Loss: 0.055948
Train Epoch: 148 [60000/60000 (100%)]	Loss: 0.055571

Average Training loss: 0.0003, Training Error Rate: 6.32% (3793/60000)


Average Test loss: 0.0001, Test Error Rate: 6.19% (619/10000)

Train Epoch: 149 [20000/60000 (33%)]	Loss: 0.056728
Train Epoch: 149 [40000/60000 (67%)]	Loss: 0.064567
Train Epoch: 149 [60000/60000 (100%)]	Loss: 0.065916

Average Training loss: 0.0003, Training Error Rate: 6.32% (3793/60000)


Average Test loss: 0.0001, Test Error Rate: 6.05% (605/10000)

Train Epoch: 150 [20000/60000 (33%)]	Loss: 0.053583
Train Epoch: 150 [40000/60000 (67%)]	Loss: 0.061167
Train Epoch: 150 [60000/60000 (100%)]	Loss: 0.062604

Average Training loss: 0.0003, Training Error Rate: 6.30% (3781/60000)


Average Test loss: 0.0001, Test Error Rate: 6.24% (624/10000)

Train Epoch: 151 [20000/60000 (33%)]	Loss: 0.066925
Train Epoch: 151 [40000/60000 (67%)]	Loss: 0.068153
Train Epoch: 151 [60000/60000 (100%)]	Loss: 0.063654

Average Training loss: 0.0003, Training Error Rate: 6.25% (3752/60000)


Average Test loss: 0.0001, Test Error Rate: 6.24% (624/10000)

Train Epoch: 152 [20000/60000 (33%)]	Loss: 0.068010
Train Epoch: 152 [40000/60000 (67%)]	Loss: 0.066725
Train Epoch: 152 [60000/60000 (100%)]	Loss: 0.060281

Average Training loss: 0.0003, Training Error Rate: 6.23% (3740/60000)


Average Test loss: 0.0001, Test Error Rate: 5.99% (599/10000)

Train Epoch: 153 [20000/60000 (33%)]	Loss: 0.069008
Train Epoch: 153 [40000/60000 (67%)]	Loss: 0.070600
Train Epoch: 153 [60000/60000 (100%)]	Loss: 0.064225

Average Training loss: 0.0003, Training Error Rate: 6.21% (3723/60000)


Average Test loss: 0.0001, Test Error Rate: 6.27% (627/10000)

Train Epoch: 154 [20000/60000 (33%)]	Loss: 0.088391
Train Epoch: 154 [40000/60000 (67%)]	Loss: 0.057088
Train Epoch: 154 [60000/60000 (100%)]	Loss: 0.068229

Average Training loss: 0.0003, Training Error Rate: 6.21% (3727/60000)


Average Test loss: 0.0001, Test Error Rate: 6.24% (624/10000)

Train Epoch: 155 [20000/60000 (33%)]	Loss: 0.067040
Train Epoch: 155 [40000/60000 (67%)]	Loss: 0.057663
Train Epoch: 155 [60000/60000 (100%)]	Loss: 0.068391

Average Training loss: 0.0003, Training Error Rate: 6.10% (3662/60000)


Average Test loss: 0.0001, Test Error Rate: 6.31% (631/10000)

Train Epoch: 156 [20000/60000 (33%)]	Loss: 0.075960
Train Epoch: 156 [40000/60000 (67%)]	Loss: 0.063469
Train Epoch: 156 [60000/60000 (100%)]	Loss: 0.046050

Average Training loss: 0.0003, Training Error Rate: 6.10% (3658/60000)


Average Test loss: 0.0001, Test Error Rate: 5.99% (599/10000)

Train Epoch: 157 [20000/60000 (33%)]	Loss: 0.062535
Train Epoch: 157 [40000/60000 (67%)]	Loss: 0.059070
Train Epoch: 157 [60000/60000 (100%)]	Loss: 0.051769

Average Training loss: 0.0003, Training Error Rate: 6.10% (3658/60000)


Average Test loss: 0.0001, Test Error Rate: 6.36% (636/10000)

Train Epoch: 158 [20000/60000 (33%)]	Loss: 0.071193
Train Epoch: 158 [40000/60000 (67%)]	Loss: 0.054894
Train Epoch: 158 [60000/60000 (100%)]	Loss: 0.060084

Average Training loss: 0.0003, Training Error Rate: 6.12% (3669/60000)


Average Test loss: 0.0001, Test Error Rate: 6.14% (614/10000)

Train Epoch: 159 [20000/60000 (33%)]	Loss: 0.058287
Train Epoch: 159 [40000/60000 (67%)]	Loss: 0.055178
Train Epoch: 159 [60000/60000 (100%)]	Loss: 0.086381

Average Training loss: 0.0003, Training Error Rate: 6.10% (3658/60000)


Average Test loss: 0.0001, Test Error Rate: 6.11% (611/10000)

Train Epoch: 160 [20000/60000 (33%)]	Loss: 0.041204
Train Epoch: 160 [40000/60000 (67%)]	Loss: 0.065681
Train Epoch: 160 [60000/60000 (100%)]	Loss: 0.054577

Average Training loss: 0.0003, Training Error Rate: 5.98% (3588/60000)


Average Test loss: 0.0001, Test Error Rate: 6.05% (605/10000)

Train Epoch: 161 [20000/60000 (33%)]	Loss: 0.054937
Train Epoch: 161 [40000/60000 (67%)]	Loss: 0.056610
Train Epoch: 161 [60000/60000 (100%)]	Loss: 0.050415

Average Training loss: 0.0003, Training Error Rate: 6.09% (3653/60000)


Average Test loss: 0.0001, Test Error Rate: 6.02% (602/10000)

Train Epoch: 162 [20000/60000 (33%)]	Loss: 0.070883
Train Epoch: 162 [40000/60000 (67%)]	Loss: 0.070381
Train Epoch: 162 [60000/60000 (100%)]	Loss: 0.070436

Average Training loss: 0.0003, Training Error Rate: 6.05% (3633/60000)


Average Test loss: 0.0001, Test Error Rate: 5.99% (599/10000)

Train Epoch: 163 [20000/60000 (33%)]	Loss: 0.058527
Train Epoch: 163 [40000/60000 (67%)]	Loss: 0.052331
Train Epoch: 163 [60000/60000 (100%)]	Loss: 0.065743

Average Training loss: 0.0003, Training Error Rate: 6.12% (3669/60000)


Average Test loss: 0.0001, Test Error Rate: 6.00% (600/10000)

Train Epoch: 164 [20000/60000 (33%)]	Loss: 0.078824
Train Epoch: 164 [40000/60000 (67%)]	Loss: 0.054500
Train Epoch: 164 [60000/60000 (100%)]	Loss: 0.044836

Average Training loss: 0.0003, Training Error Rate: 6.05% (3633/60000)


Average Test loss: 0.0001, Test Error Rate: 5.90% (590/10000)

Train Epoch: 165 [20000/60000 (33%)]	Loss: 0.062171
Train Epoch: 165 [40000/60000 (67%)]	Loss: 0.059661
Train Epoch: 165 [60000/60000 (100%)]	Loss: 0.050186

Average Training loss: 0.0003, Training Error Rate: 5.96% (3578/60000)


Average Test loss: 0.0001, Test Error Rate: 5.81% (581/10000)

Train Epoch: 166 [20000/60000 (33%)]	Loss: 0.069602
Train Epoch: 166 [40000/60000 (67%)]	Loss: 0.072940
Train Epoch: 166 [60000/60000 (100%)]	Loss: 0.049570

Average Training loss: 0.0003, Training Error Rate: 5.92% (3549/60000)


Average Test loss: 0.0001, Test Error Rate: 5.85% (585/10000)

Train Epoch: 167 [20000/60000 (33%)]	Loss: 0.058032
Train Epoch: 167 [40000/60000 (67%)]	Loss: 0.056155
Train Epoch: 167 [60000/60000 (100%)]	Loss: 0.049240

Average Training loss: 0.0003, Training Error Rate: 5.95% (3568/60000)


Average Test loss: 0.0001, Test Error Rate: 6.10% (610/10000)

Train Epoch: 168 [20000/60000 (33%)]	Loss: 0.064211
Train Epoch: 168 [40000/60000 (67%)]	Loss: 0.049989
Train Epoch: 168 [60000/60000 (100%)]	Loss: 0.058217

Average Training loss: 0.0003, Training Error Rate: 5.94% (3562/60000)


Average Test loss: 0.0001, Test Error Rate: 5.85% (585/10000)

Train Epoch: 169 [20000/60000 (33%)]	Loss: 0.061584
Train Epoch: 169 [40000/60000 (67%)]	Loss: 0.061685
Train Epoch: 169 [60000/60000 (100%)]	Loss: 0.059282

Average Training loss: 0.0003, Training Error Rate: 5.96% (3577/60000)


Average Test loss: 0.0001, Test Error Rate: 5.97% (597/10000)

Train Epoch: 170 [20000/60000 (33%)]	Loss: 0.061698
Train Epoch: 170 [40000/60000 (67%)]	Loss: 0.063823
Train Epoch: 170 [60000/60000 (100%)]	Loss: 0.055558

Average Training loss: 0.0003, Training Error Rate: 5.97% (3584/60000)


Average Test loss: 0.0001, Test Error Rate: 5.83% (583/10000)

Train Epoch: 171 [20000/60000 (33%)]	Loss: 0.067226
Train Epoch: 171 [40000/60000 (67%)]	Loss: 0.071785
Train Epoch: 171 [60000/60000 (100%)]	Loss: 0.060203

Average Training loss: 0.0003, Training Error Rate: 5.93% (3560/60000)


Average Test loss: 0.0001, Test Error Rate: 5.92% (592/10000)

Train Epoch: 172 [20000/60000 (33%)]	Loss: 0.065717
Train Epoch: 172 [40000/60000 (67%)]	Loss: 0.068490
Train Epoch: 172 [60000/60000 (100%)]	Loss: 0.083141

Average Training loss: 0.0003, Training Error Rate: 5.92% (3552/60000)


Average Test loss: 0.0001, Test Error Rate: 5.87% (587/10000)

Train Epoch: 173 [20000/60000 (33%)]	Loss: 0.059101
Train Epoch: 173 [40000/60000 (67%)]	Loss: 0.061479
Train Epoch: 173 [60000/60000 (100%)]	Loss: 0.046736

Average Training loss: 0.0003, Training Error Rate: 5.90% (3542/60000)


Average Test loss: 0.0001, Test Error Rate: 5.81% (581/10000)

Train Epoch: 174 [20000/60000 (33%)]	Loss: 0.044144
Train Epoch: 174 [40000/60000 (67%)]	Loss: 0.087214
Train Epoch: 174 [60000/60000 (100%)]	Loss: 0.049266

Average Training loss: 0.0003, Training Error Rate: 5.88% (3529/60000)


Average Test loss: 0.0001, Test Error Rate: 5.83% (583/10000)

Train Epoch: 175 [20000/60000 (33%)]	Loss: 0.071024
Train Epoch: 175 [40000/60000 (67%)]	Loss: 0.050589
Train Epoch: 175 [60000/60000 (100%)]	Loss: 0.069609

Average Training loss: 0.0003, Training Error Rate: 5.86% (3518/60000)


Average Test loss: 0.0001, Test Error Rate: 5.89% (589/10000)

Train Epoch: 176 [20000/60000 (33%)]	Loss: 0.058181
Train Epoch: 176 [40000/60000 (67%)]	Loss: 0.039445
Train Epoch: 176 [60000/60000 (100%)]	Loss: 0.076199

Average Training loss: 0.0003, Training Error Rate: 5.91% (3544/60000)


Average Test loss: 0.0001, Test Error Rate: 5.80% (580/10000)

Train Epoch: 177 [20000/60000 (33%)]	Loss: 0.052250
Train Epoch: 177 [40000/60000 (67%)]	Loss: 0.061845
Train Epoch: 177 [60000/60000 (100%)]	Loss: 0.047766

Average Training loss: 0.0003, Training Error Rate: 5.83% (3498/60000)


Average Test loss: 0.0001, Test Error Rate: 5.88% (588/10000)

Train Epoch: 178 [20000/60000 (33%)]	Loss: 0.062760
Train Epoch: 178 [40000/60000 (67%)]	Loss: 0.059240
Train Epoch: 178 [60000/60000 (100%)]	Loss: 0.061114

Average Training loss: 0.0003, Training Error Rate: 5.76% (3456/60000)


Average Test loss: 0.0001, Test Error Rate: 6.12% (612/10000)

Train Epoch: 179 [20000/60000 (33%)]	Loss: 0.063173
Train Epoch: 179 [40000/60000 (67%)]	Loss: 0.051530
Train Epoch: 179 [60000/60000 (100%)]	Loss: 0.077193

Average Training loss: 0.0003, Training Error Rate: 5.74% (3443/60000)


Average Test loss: 0.0001, Test Error Rate: 5.77% (577/10000)

Train Epoch: 180 [20000/60000 (33%)]	Loss: 0.055477
Train Epoch: 180 [40000/60000 (67%)]	Loss: 0.077448
Train Epoch: 180 [60000/60000 (100%)]	Loss: 0.075467

Average Training loss: 0.0003, Training Error Rate: 5.80% (3481/60000)


Average Test loss: 0.0001, Test Error Rate: 5.86% (586/10000)

Train Epoch: 181 [20000/60000 (33%)]	Loss: 0.070328
Train Epoch: 181 [40000/60000 (67%)]	Loss: 0.066297
Train Epoch: 181 [60000/60000 (100%)]	Loss: 0.053774

Average Training loss: 0.0003, Training Error Rate: 5.80% (3478/60000)


Average Test loss: 0.0001, Test Error Rate: 5.73% (573/10000)

Train Epoch: 182 [20000/60000 (33%)]	Loss: 0.050582
Train Epoch: 182 [40000/60000 (67%)]	Loss: 0.059877
Train Epoch: 182 [60000/60000 (100%)]	Loss: 0.053614

Average Training loss: 0.0003, Training Error Rate: 5.74% (3444/60000)


Average Test loss: 0.0001, Test Error Rate: 5.53% (553/10000)

Train Epoch: 183 [20000/60000 (33%)]	Loss: 0.063724
Train Epoch: 183 [40000/60000 (67%)]	Loss: 0.053692
Train Epoch: 183 [60000/60000 (100%)]	Loss: 0.065021

Average Training loss: 0.0003, Training Error Rate: 5.73% (3440/60000)


Average Test loss: 0.0001, Test Error Rate: 5.80% (580/10000)

Train Epoch: 184 [20000/60000 (33%)]	Loss: 0.052202
Train Epoch: 184 [40000/60000 (67%)]	Loss: 0.057428
Train Epoch: 184 [60000/60000 (100%)]	Loss: 0.058013

Average Training loss: 0.0003, Training Error Rate: 5.69% (3412/60000)


Average Test loss: 0.0001, Test Error Rate: 5.77% (577/10000)

Train Epoch: 185 [20000/60000 (33%)]	Loss: 0.065689
Train Epoch: 185 [40000/60000 (67%)]	Loss: 0.053932
Train Epoch: 185 [60000/60000 (100%)]	Loss: 0.059752

Average Training loss: 0.0003, Training Error Rate: 5.70% (3420/60000)


Average Test loss: 0.0001, Test Error Rate: 5.85% (585/10000)

Train Epoch: 186 [20000/60000 (33%)]	Loss: 0.053151
Train Epoch: 186 [40000/60000 (67%)]	Loss: 0.073884
Train Epoch: 186 [60000/60000 (100%)]	Loss: 0.054710

Average Training loss: 0.0003, Training Error Rate: 5.68% (3406/60000)


Average Test loss: 0.0001, Test Error Rate: 5.69% (569/10000)

Train Epoch: 187 [20000/60000 (33%)]	Loss: 0.064886
Train Epoch: 187 [40000/60000 (67%)]	Loss: 0.072828
Train Epoch: 187 [60000/60000 (100%)]	Loss: 0.060675

Average Training loss: 0.0003, Training Error Rate: 5.64% (3387/60000)


Average Test loss: 0.0001, Test Error Rate: 5.60% (560/10000)

Train Epoch: 188 [20000/60000 (33%)]	Loss: 0.052818
Train Epoch: 188 [40000/60000 (67%)]	Loss: 0.080616
Train Epoch: 188 [60000/60000 (100%)]	Loss: 0.038234

Average Training loss: 0.0003, Training Error Rate: 5.66% (3395/60000)


Average Test loss: 0.0001, Test Error Rate: 5.68% (568/10000)

Train Epoch: 189 [20000/60000 (33%)]	Loss: 0.072287
Train Epoch: 189 [40000/60000 (67%)]	Loss: 0.065115
Train Epoch: 189 [60000/60000 (100%)]	Loss: 0.064502

Average Training loss: 0.0003, Training Error Rate: 5.68% (3408/60000)


Average Test loss: 0.0001, Test Error Rate: 5.64% (564/10000)

Train Epoch: 190 [20000/60000 (33%)]	Loss: 0.056027
Train Epoch: 190 [40000/60000 (67%)]	Loss: 0.047738
Train Epoch: 190 [60000/60000 (100%)]	Loss: 0.056048

Average Training loss: 0.0003, Training Error Rate: 5.57% (3344/60000)


Average Test loss: 0.0001, Test Error Rate: 5.69% (569/10000)

Train Epoch: 191 [20000/60000 (33%)]	Loss: 0.054695
Train Epoch: 191 [40000/60000 (67%)]	Loss: 0.052228
Train Epoch: 191 [60000/60000 (100%)]	Loss: 0.041147

Average Training loss: 0.0003, Training Error Rate: 5.61% (3366/60000)


Average Test loss: 0.0001, Test Error Rate: 5.71% (571/10000)

Train Epoch: 192 [20000/60000 (33%)]	Loss: 0.045934
Train Epoch: 192 [40000/60000 (67%)]	Loss: 0.046124
Train Epoch: 192 [60000/60000 (100%)]	Loss: 0.044089

Average Training loss: 0.0003, Training Error Rate: 5.60% (3362/60000)


Average Test loss: 0.0001, Test Error Rate: 5.62% (562/10000)

Train Epoch: 193 [20000/60000 (33%)]	Loss: 0.057152
Train Epoch: 193 [40000/60000 (67%)]	Loss: 0.066379
Train Epoch: 193 [60000/60000 (100%)]	Loss: 0.049450

Average Training loss: 0.0003, Training Error Rate: 5.61% (3364/60000)


Average Test loss: 0.0001, Test Error Rate: 5.41% (541/10000)

Train Epoch: 194 [20000/60000 (33%)]	Loss: 0.058121
Train Epoch: 194 [40000/60000 (67%)]	Loss: 0.041842
Train Epoch: 194 [60000/60000 (100%)]	Loss: 0.062832

Average Training loss: 0.0003, Training Error Rate: 5.57% (3341/60000)


Average Test loss: 0.0001, Test Error Rate: 5.68% (568/10000)

Train Epoch: 195 [20000/60000 (33%)]	Loss: 0.064825
Train Epoch: 195 [40000/60000 (67%)]	Loss: 0.041239
Train Epoch: 195 [60000/60000 (100%)]	Loss: 0.051551

Average Training loss: 0.0003, Training Error Rate: 5.53% (3320/60000)


Average Test loss: 0.0001, Test Error Rate: 5.64% (564/10000)

Train Epoch: 196 [20000/60000 (33%)]	Loss: 0.052192
Train Epoch: 196 [40000/60000 (67%)]	Loss: 0.044163
Train Epoch: 196 [60000/60000 (100%)]	Loss: 0.051645

Average Training loss: 0.0003, Training Error Rate: 5.57% (3339/60000)


Average Test loss: 0.0001, Test Error Rate: 5.36% (536/10000)

Train Epoch: 197 [20000/60000 (33%)]	Loss: 0.075463
Train Epoch: 197 [40000/60000 (67%)]	Loss: 0.047244
Train Epoch: 197 [60000/60000 (100%)]	Loss: 0.053039

Average Training loss: 0.0003, Training Error Rate: 5.53% (3319/60000)


Average Test loss: 0.0001, Test Error Rate: 5.68% (568/10000)

Train Epoch: 198 [20000/60000 (33%)]	Loss: 0.058642
Train Epoch: 198 [40000/60000 (67%)]	Loss: 0.061774
Train Epoch: 198 [60000/60000 (100%)]	Loss: 0.064172

Average Training loss: 0.0003, Training Error Rate: 5.57% (3339/60000)


Average Test loss: 0.0001, Test Error Rate: 5.52% (552/10000)

Train Epoch: 199 [20000/60000 (33%)]	Loss: 0.050972
Train Epoch: 199 [40000/60000 (67%)]	Loss: 0.057529
Train Epoch: 199 [60000/60000 (100%)]	Loss: 0.059754

Average Training loss: 0.0003, Training Error Rate: 5.54% (3325/60000)


Average Test loss: 0.0001, Test Error Rate: 5.63% (563/10000)

/vast/home/ajherman/miniconda3/envs/pytorch/lib/python3.11/site-packages/torchvision/io/image.py:13: UserWarning: Failed to load image Python extension: '/vast/home/ajherman/miniconda3/envs/pytorch/lib/python3.11/site-packages/torchvision/image.so: undefined symbol: _ZN5torch3jit17parseSchemaOrNameERKNSt7__cxx1112basic_stringIcSt11char_traitsIcESaIcEEE'If you don't plan on using image functionality from `torchvision.io`, you can ignore this warning. Otherwise, there might be something wrong with your environment. Did you have `libjpeg` or `libpng` installed before building `torchvision` from source?
  warn(
Random seed set as 42
dt =  0.3934693402873666
trace decay =  0.5737534207374327
Random seed set as 42
Random seed set as 42
dt =  0.3934693402873666
trace decay =  0.5737534207374327
Random seed set as 42
/vast/home/ajherman/miniconda3/envs/pytorch/lib/python3.11/site-packages/torchvision/io/image.py:13: UserWarning: Failed to load image Python extension: '/vast/home/ajherman/miniconda3/envs/pytorch/lib/python3.11/site-packages/torchvision/image.so: undefined symbol: _ZN5torch3jit17parseSchemaOrNameERKNSt7__cxx1112basic_stringIcSt11char_traitsIcESaIcEEE'If you don't plan on using image functionality from `torchvision.io`, you can ignore this warning. Otherwise, there might be something wrong with your environment. Did you have `libjpeg` or `libpng` installed before building `torchvision` from source?
  warn(
Random seed set as 42
dt =  0.3934693402873666
trace decay =  0.5737534207374327
Random seed set as 42
Random seed set as 42
dt =  0.3934693402873666
trace decay =  0.5737534207374327
Random seed set as 42
