/vast/home/ajherman/miniconda3/envs/pytorch/lib/python3.11/site-packages/torchvision/io/image.py:13: UserWarning: Failed to load image Python extension: '/vast/home/ajherman/miniconda3/envs/pytorch/lib/python3.11/site-packages/torchvision/image.so: undefined symbol: _ZN5torch3jit17parseSchemaOrNameERKNSt7__cxx1112basic_stringIcSt11char_traitsIcESaIcEEE'If you don't plan on using image functionality from `torchvision.io`, you can ignore this warning. Otherwise, there might be something wrong with your environment. Did you have `libjpeg` or `libpng` installed before building `torchvision` from source?
  warn(
Random seed set as 42
dt =  0.22119921692859512
trace decay =  0.5737534207374327
Random seed set as 42
Random seed set as 42
dt =  0.22119921692859512
trace decay =  0.5737534207374327
Random seed set as 42
Train Epoch: 0 [2500/60000 (4%)]	Loss: 0.397424
Train Epoch: 0 [5000/60000 (8%)]	Loss: 0.387943
Train Epoch: 0 [7500/60000 (12%)]	Loss: 0.286094
Train Epoch: 0 [10000/60000 (17%)]	Loss: 0.314497
Train Epoch: 0 [12500/60000 (21%)]	Loss: 0.194945
Train Epoch: 0 [15000/60000 (25%)]	Loss: 0.247106
Train Epoch: 0 [17500/60000 (29%)]	Loss: 0.192007
Train Epoch: 0 [20000/60000 (33%)]	Loss: 0.238882
Train Epoch: 0 [22500/60000 (38%)]	Loss: 0.141295
Train Epoch: 0 [25000/60000 (42%)]	Loss: 0.197022
Train Epoch: 0 [27500/60000 (46%)]	Loss: 0.190700
Train Epoch: 0 [30000/60000 (50%)]	Loss: 0.195832
Train Epoch: 0 [32500/60000 (54%)]	Loss: 0.173107
Train Epoch: 0 [35000/60000 (58%)]	Loss: 0.118496
Train Epoch: 0 [37500/60000 (62%)]	Loss: 0.164150
Train Epoch: 0 [40000/60000 (67%)]	Loss: 0.081352
Train Epoch: 0 [42500/60000 (71%)]	Loss: 0.122575
Train Epoch: 0 [45000/60000 (75%)]	Loss: 0.192526
Train Epoch: 0 [47500/60000 (79%)]	Loss: 0.180258
Train Epoch: 0 [50000/60000 (83%)]	Loss: 0.125080
Train Epoch: 0 [52500/60000 (88%)]	Loss: 0.075633
Train Epoch: 0 [55000/60000 (92%)]	Loss: 0.174913
Train Epoch: 0 [57500/60000 (96%)]	Loss: 0.116193
Train Epoch: 0 [60000/60000 (100%)]	Loss: 0.117404

Average Training loss: 0.0084, Training Error Rate: 22.82% (13694/60000)


Average Test loss: 0.0001, Test Error Rate: 12.59% (1259/10000)

Train Epoch: 1 [2500/60000 (4%)]	Loss: 0.073407
Train Epoch: 1 [5000/60000 (8%)]	Loss: 0.095891
Train Epoch: 1 [7500/60000 (12%)]	Loss: 0.106106
Train Epoch: 1 [10000/60000 (17%)]	Loss: 0.145950
Train Epoch: 1 [12500/60000 (21%)]	Loss: 0.115015
Train Epoch: 1 [15000/60000 (25%)]	Loss: 0.091983
Train Epoch: 1 [17500/60000 (29%)]	Loss: 0.143920
Train Epoch: 1 [20000/60000 (33%)]	Loss: 0.111206
Train Epoch: 1 [22500/60000 (38%)]	Loss: 0.171773
Train Epoch: 1 [25000/60000 (42%)]	Loss: 0.077403
Train Epoch: 1 [27500/60000 (46%)]	Loss: 0.144510
Train Epoch: 1 [30000/60000 (50%)]	Loss: 0.077636
Train Epoch: 1 [32500/60000 (54%)]	Loss: 0.141787
Train Epoch: 1 [35000/60000 (58%)]	Loss: 0.093378
Train Epoch: 1 [37500/60000 (62%)]	Loss: 0.102736
Train Epoch: 1 [40000/60000 (67%)]	Loss: 0.143286
Train Epoch: 1 [42500/60000 (71%)]	Loss: 0.085390
Train Epoch: 1 [45000/60000 (75%)]	Loss: 0.123127
Train Epoch: 1 [47500/60000 (79%)]	Loss: 0.148766
Train Epoch: 1 [50000/60000 (83%)]	Loss: 0.160694
Train Epoch: 1 [52500/60000 (88%)]	Loss: 0.091748
Train Epoch: 1 [55000/60000 (92%)]	Loss: 0.080328
Train Epoch: 1 [57500/60000 (96%)]	Loss: 0.117240
Train Epoch: 1 [60000/60000 (100%)]	Loss: 0.039338

Average Training loss: 0.0047, Training Error Rate: 12.19% (7313/60000)


Average Test loss: 0.0001, Test Error Rate: 10.29% (1029/10000)

Train Epoch: 2 [2500/60000 (4%)]	Loss: 0.070543
Train Epoch: 2 [5000/60000 (8%)]	Loss: 0.130015
Train Epoch: 2 [7500/60000 (12%)]	Loss: 0.050517
Train Epoch: 2 [10000/60000 (17%)]	Loss: 0.093359
Train Epoch: 2 [12500/60000 (21%)]	Loss: 0.070830
Train Epoch: 2 [15000/60000 (25%)]	Loss: 0.137482
Train Epoch: 2 [17500/60000 (29%)]	Loss: 0.101842
Train Epoch: 2 [20000/60000 (33%)]	Loss: 0.041044
Train Epoch: 2 [22500/60000 (38%)]	Loss: 0.089389
Train Epoch: 2 [25000/60000 (42%)]	Loss: 0.136233
Train Epoch: 2 [27500/60000 (46%)]	Loss: 0.099168
Train Epoch: 2 [30000/60000 (50%)]	Loss: 0.062804
Train Epoch: 2 [32500/60000 (54%)]	Loss: 0.117927
Train Epoch: 2 [35000/60000 (58%)]	Loss: 0.089684
Train Epoch: 2 [37500/60000 (62%)]	Loss: 0.101322
Train Epoch: 2 [40000/60000 (67%)]	Loss: 0.074002
Train Epoch: 2 [42500/60000 (71%)]	Loss: 0.123982
Train Epoch: 2 [45000/60000 (75%)]	Loss: 0.062013
Train Epoch: 2 [47500/60000 (79%)]	Loss: 0.092749
Train Epoch: 2 [50000/60000 (83%)]	Loss: 0.117731
Train Epoch: 2 [52500/60000 (88%)]	Loss: 0.073233
Train Epoch: 2 [55000/60000 (92%)]	Loss: 0.156753
Train Epoch: 2 [57500/60000 (96%)]	Loss: 0.063645
Train Epoch: 2 [60000/60000 (100%)]	Loss: 0.094707

Average Training loss: 0.0039, Training Error Rate: 10.23% (6141/60000)


Average Test loss: 0.0001, Test Error Rate: 9.13% (913/10000)

Train Epoch: 3 [2500/60000 (4%)]	Loss: 0.136060
Train Epoch: 3 [5000/60000 (8%)]	Loss: 0.118339
Train Epoch: 3 [7500/60000 (12%)]	Loss: 0.081681
Train Epoch: 3 [10000/60000 (17%)]	Loss: 0.117611
Train Epoch: 3 [12500/60000 (21%)]	Loss: 0.050174
Train Epoch: 3 [15000/60000 (25%)]	Loss: 0.073305
Train Epoch: 3 [17500/60000 (29%)]	Loss: 0.120795
Train Epoch: 3 [20000/60000 (33%)]	Loss: 0.032007
Train Epoch: 3 [22500/60000 (38%)]	Loss: 0.096306
Train Epoch: 3 [25000/60000 (42%)]	Loss: 0.131937
Train Epoch: 3 [27500/60000 (46%)]	Loss: 0.054426
Train Epoch: 3 [30000/60000 (50%)]	Loss: 0.111918
Train Epoch: 3 [32500/60000 (54%)]	Loss: 0.054530
Train Epoch: 3 [35000/60000 (58%)]	Loss: 0.097246
Train Epoch: 3 [37500/60000 (62%)]	Loss: 0.128027
Train Epoch: 3 [40000/60000 (67%)]	Loss: 0.146743
Train Epoch: 3 [42500/60000 (71%)]	Loss: 0.073703
Train Epoch: 3 [45000/60000 (75%)]	Loss: 0.108674
Train Epoch: 3 [47500/60000 (79%)]	Loss: 0.081423
Train Epoch: 3 [50000/60000 (83%)]	Loss: 0.101584
Train Epoch: 3 [52500/60000 (88%)]	Loss: 0.122253
Train Epoch: 3 [55000/60000 (92%)]	Loss: 0.115526
Train Epoch: 3 [57500/60000 (96%)]	Loss: 0.070400
Train Epoch: 3 [60000/60000 (100%)]	Loss: 0.066300

Average Training loss: 0.0034, Training Error Rate: 9.36% (5615/60000)


Average Test loss: 0.0001, Test Error Rate: 8.18% (818/10000)

Train Epoch: 4 [2500/60000 (4%)]	Loss: 0.098382
Train Epoch: 4 [5000/60000 (8%)]	Loss: 0.108414
Train Epoch: 4 [7500/60000 (12%)]	Loss: 0.095917
Train Epoch: 4 [10000/60000 (17%)]	Loss: 0.055296
Train Epoch: 4 [12500/60000 (21%)]	Loss: 0.038172
Train Epoch: 4 [15000/60000 (25%)]	Loss: 0.034725
Train Epoch: 4 [17500/60000 (29%)]	Loss: 0.083122
Train Epoch: 4 [20000/60000 (33%)]	Loss: 0.099483
Train Epoch: 4 [22500/60000 (38%)]	Loss: 0.067638
Train Epoch: 4 [25000/60000 (42%)]	Loss: 0.084629
Train Epoch: 4 [27500/60000 (46%)]	Loss: 0.110467
Train Epoch: 4 [30000/60000 (50%)]	Loss: 0.036560
Train Epoch: 4 [32500/60000 (54%)]	Loss: 0.059425
Train Epoch: 4 [35000/60000 (58%)]	Loss: 0.068757
Train Epoch: 4 [37500/60000 (62%)]	Loss: 0.079624
Train Epoch: 4 [40000/60000 (67%)]	Loss: 0.110000
Train Epoch: 4 [42500/60000 (71%)]	Loss: 0.061148
Train Epoch: 4 [45000/60000 (75%)]	Loss: 0.117423
Train Epoch: 4 [47500/60000 (79%)]	Loss: 0.078333
Train Epoch: 4 [50000/60000 (83%)]	Loss: 0.050428
Train Epoch: 4 [52500/60000 (88%)]	Loss: 0.067610
Train Epoch: 4 [55000/60000 (92%)]	Loss: 0.094114
Train Epoch: 4 [57500/60000 (96%)]	Loss: 0.031240
Train Epoch: 4 [60000/60000 (100%)]	Loss: 0.052952

Average Training loss: 0.0032, Training Error Rate: 8.60% (5160/60000)


Average Test loss: 0.0001, Test Error Rate: 7.90% (790/10000)

Train Epoch: 5 [2500/60000 (4%)]	Loss: 0.060480
Train Epoch: 5 [5000/60000 (8%)]	Loss: 0.085806
Train Epoch: 5 [7500/60000 (12%)]	Loss: 0.024661
Train Epoch: 5 [10000/60000 (17%)]	Loss: 0.025816
Train Epoch: 5 [12500/60000 (21%)]	Loss: 0.042988
Train Epoch: 5 [15000/60000 (25%)]	Loss: 0.091263
Train Epoch: 5 [17500/60000 (29%)]	Loss: 0.050307
Train Epoch: 5 [20000/60000 (33%)]	Loss: 0.120883
Train Epoch: 5 [22500/60000 (38%)]	Loss: 0.032054
Train Epoch: 5 [25000/60000 (42%)]	Loss: 0.059419
Train Epoch: 5 [27500/60000 (46%)]	Loss: 0.056683
Train Epoch: 5 [30000/60000 (50%)]	Loss: 0.065602
Train Epoch: 5 [32500/60000 (54%)]	Loss: 0.057235
Train Epoch: 5 [35000/60000 (58%)]	Loss: 0.076687
Train Epoch: 5 [37500/60000 (62%)]	Loss: 0.102111
Train Epoch: 5 [40000/60000 (67%)]	Loss: 0.093299
Train Epoch: 5 [42500/60000 (71%)]	Loss: 0.129452
Train Epoch: 5 [45000/60000 (75%)]	Loss: 0.090128
Train Epoch: 5 [47500/60000 (79%)]	Loss: 0.104787
Train Epoch: 5 [50000/60000 (83%)]	Loss: 0.087159
Train Epoch: 5 [52500/60000 (88%)]	Loss: 0.086957
Train Epoch: 5 [55000/60000 (92%)]	Loss: 0.052459
Train Epoch: 5 [57500/60000 (96%)]	Loss: 0.038761
Train Epoch: 5 [60000/60000 (100%)]	Loss: 0.058247

Average Training loss: 0.0029, Training Error Rate: 8.02% (4812/60000)


Average Test loss: 0.0001, Test Error Rate: 7.44% (744/10000)

Train Epoch: 6 [2500/60000 (4%)]	Loss: 0.063291
Train Epoch: 6 [5000/60000 (8%)]	Loss: 0.136144
Train Epoch: 6 [7500/60000 (12%)]	Loss: 0.128014
Train Epoch: 6 [10000/60000 (17%)]	Loss: 0.060590
Train Epoch: 6 [12500/60000 (21%)]	Loss: 0.073178
slurmstepd: error: *** STEP 15492015.12 ON cn655 CANCELLED AT 2023-10-03T00:39:57 ***
