/vast/home/ajherman/miniconda3/envs/pytorch/lib/python3.11/site-packages/torchvision/io/image.py:13: UserWarning: Failed to load image Python extension: '/vast/home/ajherman/miniconda3/envs/pytorch/lib/python3.11/site-packages/torchvision/image.so: undefined symbol: _ZN5torch3jit17parseSchemaOrNameERKNSt7__cxx1112basic_stringIcSt11char_traitsIcESaIcEEE'If you don't plan on using image functionality from `torchvision.io`, you can ignore this warning. Otherwise, there might be something wrong with your environment. Did you have `libjpeg` or `libpng` installed before building `torchvision` from source?
  warn(
Random seed set as 42
dt =  0.15575468523317704
trace decay =  0.7194860746862861
Random seed set as 42
dt =  0.15575468523317704
trace decay =  0.7194860746862861
Traceback (most recent call last):
  File "/vast/home/ajherman/continualEP/main.py", line 316, in <module>
    with open(pkl_path,'rb') as pkl_file:
         ^^^^^^^^^^^^^^^^^^^
FileNotFoundError: [Errno 2] No such file or directory: 'cepalt_spiking_8/net'
/vast/home/ajherman/miniconda3/envs/pytorch/lib/python3.11/site-packages/torchvision/io/image.py:13: UserWarning: Failed to load image Python extension: '/vast/home/ajherman/miniconda3/envs/pytorch/lib/python3.11/site-packages/torchvision/image.so: undefined symbol: _ZN5torch3jit17parseSchemaOrNameERKNSt7__cxx1112basic_stringIcSt11char_traitsIcESaIcEEE'If you don't plan on using image functionality from `torchvision.io`, you can ignore this warning. Otherwise, there might be something wrong with your environment. Did you have `libjpeg` or `libpng` installed before building `torchvision` from source?
  warn(
Random seed set as 42
dt =  0.15575468523317704
trace decay =  0.7194860746862861
Random seed set as 42
dt =  0.15575468523317704
trace decay =  0.7194860746862861
Train Epoch: 0 [2000/60000 (3%)]	Loss: 0.397218
Train Epoch: 0 [4000/60000 (7%)]	Loss: 0.319129
Train Epoch: 0 [6000/60000 (10%)]	Loss: 0.282061
Train Epoch: 0 [8000/60000 (13%)]	Loss: 0.262054
Train Epoch: 0 [10000/60000 (17%)]	Loss: 0.275609
Train Epoch: 0 [12000/60000 (20%)]	Loss: 0.170004
Train Epoch: 0 [14000/60000 (23%)]	Loss: 0.194481
Train Epoch: 0 [16000/60000 (27%)]	Loss: 0.145809
Train Epoch: 0 [18000/60000 (30%)]	Loss: 0.126873
Train Epoch: 0 [20000/60000 (33%)]	Loss: 0.140066
Train Epoch: 0 [22000/60000 (37%)]	Loss: 0.135360
Train Epoch: 0 [24000/60000 (40%)]	Loss: 0.220000
Train Epoch: 0 [26000/60000 (43%)]	Loss: 0.148068
Train Epoch: 0 [28000/60000 (47%)]	Loss: 0.089161
Train Epoch: 0 [30000/60000 (50%)]	Loss: 0.155132
Train Epoch: 0 [32000/60000 (53%)]	Loss: 0.144883
Train Epoch: 0 [34000/60000 (57%)]	Loss: 0.075406
Train Epoch: 0 [36000/60000 (60%)]	Loss: 0.096028
Train Epoch: 0 [38000/60000 (63%)]	Loss: 0.124468
Train Epoch: 0 [40000/60000 (67%)]	Loss: 0.049121
Train Epoch: 0 [42000/60000 (70%)]	Loss: 0.060195
Train Epoch: 0 [44000/60000 (73%)]	Loss: 0.141852
Train Epoch: 0 [46000/60000 (77%)]	Loss: 0.085573
Train Epoch: 0 [48000/60000 (80%)]	Loss: 0.097986
Train Epoch: 0 [50000/60000 (83%)]	Loss: 0.123603
Train Epoch: 0 [52000/60000 (87%)]	Loss: 0.089985
Train Epoch: 0 [54000/60000 (90%)]	Loss: 0.072900
Train Epoch: 0 [56000/60000 (93%)]	Loss: 0.034665
Train Epoch: 0 [58000/60000 (97%)]	Loss: 0.037765
Train Epoch: 0 [60000/60000 (100%)]	Loss: 0.116879

Average Training loss: 0.0083, Training Error Rate: 18.13% (10880/60000)


Average Test loss: 0.0001, Test Error Rate: 10.70% (1070/10000)

Train Epoch: 1 [2000/60000 (3%)]	Loss: 0.073300
Train Epoch: 1 [4000/60000 (7%)]	Loss: 0.069365
Train Epoch: 1 [6000/60000 (10%)]	Loss: 0.140398
Train Epoch: 1 [8000/60000 (13%)]	Loss: 0.067668
Train Epoch: 1 [10000/60000 (17%)]	Loss: 0.138854
Train Epoch: 1 [12000/60000 (20%)]	Loss: 0.117995
Train Epoch: 1 [14000/60000 (23%)]	Loss: 0.066690
Train Epoch: 1 [16000/60000 (27%)]	Loss: 0.203965
Train Epoch: 1 [18000/60000 (30%)]	Loss: 0.161879
Train Epoch: 1 [20000/60000 (33%)]	Loss: 0.045214
Train Epoch: 1 [22000/60000 (37%)]	Loss: 0.069104
Train Epoch: 1 [24000/60000 (40%)]	Loss: 0.043811
Train Epoch: 1 [26000/60000 (43%)]	Loss: 0.120165
Train Epoch: 1 [28000/60000 (47%)]	Loss: 0.057662
Train Epoch: 1 [30000/60000 (50%)]	Loss: 0.038313
Train Epoch: 1 [32000/60000 (53%)]	Loss: 0.074523
Train Epoch: 1 [34000/60000 (57%)]	Loss: 0.086395
Train Epoch: 1 [36000/60000 (60%)]	Loss: 0.184873
Train Epoch: 1 [38000/60000 (63%)]	Loss: 0.097086
Train Epoch: 1 [40000/60000 (67%)]	Loss: 0.070666
Train Epoch: 1 [42000/60000 (70%)]	Loss: 0.115662
Train Epoch: 1 [44000/60000 (73%)]	Loss: 0.042086
Train Epoch: 1 [46000/60000 (77%)]	Loss: 0.104539
Train Epoch: 1 [48000/60000 (80%)]	Loss: 0.098416
Train Epoch: 1 [50000/60000 (83%)]	Loss: 0.173744
Train Epoch: 1 [52000/60000 (87%)]	Loss: 0.056585
Train Epoch: 1 [54000/60000 (90%)]	Loss: 0.059679
Train Epoch: 1 [56000/60000 (93%)]	Loss: 0.048056
Train Epoch: 1 [58000/60000 (97%)]	Loss: 0.023963
Train Epoch: 1 [60000/60000 (100%)]	Loss: 0.016554

Average Training loss: 0.0047, Training Error Rate: 10.40% (6241/60000)


Average Test loss: 0.0001, Test Error Rate: 8.66% (866/10000)

Train Epoch: 2 [2000/60000 (3%)]	Loss: 0.121088
Train Epoch: 2 [4000/60000 (7%)]	Loss: 0.035116
Train Epoch: 2 [6000/60000 (10%)]	Loss: 0.059618
Train Epoch: 2 [8000/60000 (13%)]	Loss: 0.096529
Train Epoch: 2 [10000/60000 (17%)]	Loss: 0.109424
Train Epoch: 2 [12000/60000 (20%)]	Loss: 0.059724
Train Epoch: 2 [14000/60000 (23%)]	Loss: 0.101070
Train Epoch: 2 [16000/60000 (27%)]	Loss: 0.095847
Train Epoch: 2 [18000/60000 (30%)]	Loss: 0.068677
Train Epoch: 2 [20000/60000 (33%)]	Loss: 0.062266
Train Epoch: 2 [22000/60000 (37%)]	Loss: 0.114905
Train Epoch: 2 [24000/60000 (40%)]	Loss: 0.052129
Train Epoch: 2 [26000/60000 (43%)]	Loss: 0.049620
Train Epoch: 2 [28000/60000 (47%)]	Loss: 0.047905
Train Epoch: 2 [30000/60000 (50%)]	Loss: 0.047145
Train Epoch: 2 [32000/60000 (53%)]	Loss: 0.110151
Train Epoch: 2 [34000/60000 (57%)]	Loss: 0.068943
Train Epoch: 2 [36000/60000 (60%)]	Loss: 0.057337
Train Epoch: 2 [38000/60000 (63%)]	Loss: 0.045716
Train Epoch: 2 [40000/60000 (67%)]	Loss: 0.051663
Train Epoch: 2 [42000/60000 (70%)]	Loss: 0.051823
Train Epoch: 2 [44000/60000 (73%)]	Loss: 0.156261
Train Epoch: 2 [46000/60000 (77%)]	Loss: 0.098193
Train Epoch: 2 [48000/60000 (80%)]	Loss: 0.050947
Train Epoch: 2 [50000/60000 (83%)]	Loss: 0.062720
Train Epoch: 2 [52000/60000 (87%)]	Loss: 0.073759
Train Epoch: 2 [54000/60000 (90%)]	Loss: 0.059182
Train Epoch: 2 [56000/60000 (93%)]	Loss: 0.068791
Train Epoch: 2 [58000/60000 (97%)]	Loss: 0.093098
Train Epoch: 2 [60000/60000 (100%)]	Loss: 0.048277

Average Training loss: 0.0039, Training Error Rate: 8.83% (5300/60000)


Average Test loss: 0.0001, Test Error Rate: 7.88% (788/10000)

Train Epoch: 3 [2000/60000 (3%)]	Loss: 0.142008
Train Epoch: 3 [4000/60000 (7%)]	Loss: 0.042150
Train Epoch: 3 [6000/60000 (10%)]	Loss: 0.034594
Train Epoch: 3 [8000/60000 (13%)]	Loss: 0.059204
Train Epoch: 3 [10000/60000 (17%)]	Loss: 0.081724
Train Epoch: 3 [12000/60000 (20%)]	Loss: 0.077467
Train Epoch: 3 [14000/60000 (23%)]	Loss: 0.155567
Train Epoch: 3 [16000/60000 (27%)]	Loss: 0.098035
Train Epoch: 3 [18000/60000 (30%)]	Loss: 0.065605
Train Epoch: 3 [20000/60000 (33%)]	Loss: 0.027467
Train Epoch: 3 [22000/60000 (37%)]	Loss: 0.036209
Train Epoch: 3 [24000/60000 (40%)]	Loss: 0.065744
Train Epoch: 3 [26000/60000 (43%)]	Loss: 0.028393
Train Epoch: 3 [28000/60000 (47%)]	Loss: 0.027020
Train Epoch: 3 [30000/60000 (50%)]	Loss: 0.030362
Train Epoch: 3 [32000/60000 (53%)]	Loss: 0.094445
Train Epoch: 3 [34000/60000 (57%)]	Loss: 0.111819
Train Epoch: 3 [36000/60000 (60%)]	Loss: 0.083812
Train Epoch: 3 [38000/60000 (63%)]	Loss: 0.051373
Train Epoch: 3 [40000/60000 (67%)]	Loss: 0.126716
Train Epoch: 3 [42000/60000 (70%)]	Loss: 0.045474
Train Epoch: 3 [44000/60000 (73%)]	Loss: 0.070020
Train Epoch: 3 [46000/60000 (77%)]	Loss: 0.004029
Train Epoch: 3 [48000/60000 (80%)]	Loss: 0.028720
Train Epoch: 3 [50000/60000 (83%)]	Loss: 0.076468
Train Epoch: 3 [52000/60000 (87%)]	Loss: 0.045270
Train Epoch: 3 [54000/60000 (90%)]	Loss: 0.083126
Train Epoch: 3 [56000/60000 (93%)]	Loss: 0.008213
Train Epoch: 3 [58000/60000 (97%)]	Loss: 0.012666
Train Epoch: 3 [60000/60000 (100%)]	Loss: 0.038151

Average Training loss: 0.0034, Training Error Rate: 7.83% (4701/60000)


Average Test loss: 0.0001, Test Error Rate: 7.37% (737/10000)

Train Epoch: 4 [2000/60000 (3%)]	Loss: 0.026284
Train Epoch: 4 [4000/60000 (7%)]	Loss: 0.072492
Train Epoch: 4 [6000/60000 (10%)]	Loss: 0.024810
Train Epoch: 4 [8000/60000 (13%)]	Loss: 0.053675
Train Epoch: 4 [10000/60000 (17%)]	Loss: 0.064736
Train Epoch: 4 [12000/60000 (20%)]	Loss: 0.042870
Train Epoch: 4 [14000/60000 (23%)]	Loss: 0.080996
Train Epoch: 4 [16000/60000 (27%)]	Loss: 0.053780
Train Epoch: 4 [18000/60000 (30%)]	Loss: 0.037913
Train Epoch: 4 [20000/60000 (33%)]	Loss: 0.040899
Train Epoch: 4 [22000/60000 (37%)]	Loss: 0.036430
Train Epoch: 4 [24000/60000 (40%)]	Loss: 0.104811
Train Epoch: 4 [26000/60000 (43%)]	Loss: 0.054289
Train Epoch: 4 [28000/60000 (47%)]	Loss: 0.056323
Train Epoch: 4 [30000/60000 (50%)]	Loss: 0.014627
Train Epoch: 4 [32000/60000 (53%)]	Loss: 0.087959
Train Epoch: 4 [34000/60000 (57%)]	Loss: 0.037745
Train Epoch: 4 [36000/60000 (60%)]	Loss: 0.051359
Train Epoch: 4 [38000/60000 (63%)]	Loss: 0.038045
Train Epoch: 4 [40000/60000 (67%)]	Loss: 0.046523
Train Epoch: 4 [42000/60000 (70%)]	Loss: 0.026883
Train Epoch: 4 [44000/60000 (73%)]	Loss: 0.036435
Train Epoch: 4 [46000/60000 (77%)]	Loss: 0.066204
Train Epoch: 4 [48000/60000 (80%)]	Loss: 0.019679
Train Epoch: 4 [50000/60000 (83%)]	Loss: 0.042958
Train Epoch: 4 [52000/60000 (87%)]	Loss: 0.057350
Train Epoch: 4 [54000/60000 (90%)]	Loss: 0.089259
Train Epoch: 4 [56000/60000 (93%)]	Loss: 0.082158
Train Epoch: 4 [58000/60000 (97%)]	Loss: 0.061710
Train Epoch: 4 [60000/60000 (100%)]	Loss: 0.004432

Average Training loss: 0.0030, Training Error Rate: 7.05% (4232/60000)


Average Test loss: 0.0001, Test Error Rate: 6.61% (661/10000)

Train Epoch: 5 [2000/60000 (3%)]	Loss: 0.026417
Train Epoch: 5 [4000/60000 (7%)]	Loss: 0.045589
Train Epoch: 5 [6000/60000 (10%)]	Loss: 0.126652
Train Epoch: 5 [8000/60000 (13%)]	Loss: 0.091534
Train Epoch: 5 [10000/60000 (17%)]	Loss: 0.013904
Train Epoch: 5 [12000/60000 (20%)]	Loss: 0.071007
Train Epoch: 5 [14000/60000 (23%)]	Loss: 0.055812
Train Epoch: 5 [16000/60000 (27%)]	Loss: 0.071097
Train Epoch: 5 [18000/60000 (30%)]	Loss: 0.020451
Train Epoch: 5 [20000/60000 (33%)]	Loss: 0.078276
Train Epoch: 5 [22000/60000 (37%)]	Loss: 0.058671
Train Epoch: 5 [24000/60000 (40%)]	Loss: 0.093022
Train Epoch: 5 [26000/60000 (43%)]	Loss: 0.077733
Train Epoch: 5 [28000/60000 (47%)]	Loss: 0.030766
Train Epoch: 5 [30000/60000 (50%)]	Loss: 0.048879
Train Epoch: 5 [32000/60000 (53%)]	Loss: 0.049180
Train Epoch: 5 [34000/60000 (57%)]	Loss: 0.059343
Train Epoch: 5 [36000/60000 (60%)]	Loss: 0.020829
Train Epoch: 5 [38000/60000 (63%)]	Loss: 0.069028
Train Epoch: 5 [40000/60000 (67%)]	Loss: 0.092864
Train Epoch: 5 [42000/60000 (70%)]	Loss: 0.043054
Train Epoch: 5 [44000/60000 (73%)]	Loss: 0.063962
Train Epoch: 5 [46000/60000 (77%)]	Loss: 0.015472
Train Epoch: 5 [48000/60000 (80%)]	Loss: 0.172586
Train Epoch: 5 [50000/60000 (83%)]	Loss: 0.079959
Train Epoch: 5 [52000/60000 (87%)]	Loss: 0.058426
Train Epoch: 5 [54000/60000 (90%)]	Loss: 0.035501
Train Epoch: 5 [56000/60000 (93%)]	Loss: 0.116508
Train Epoch: 5 [58000/60000 (97%)]	Loss: 0.021969
Train Epoch: 5 [60000/60000 (100%)]	Loss: 0.052063

Average Training loss: 0.0028, Training Error Rate: 6.51% (3909/60000)


Average Test loss: 0.0001, Test Error Rate: 6.11% (611/10000)

Train Epoch: 6 [2000/60000 (3%)]	Loss: 0.025122
Train Epoch: 6 [4000/60000 (7%)]	Loss: 0.046608
Train Epoch: 6 [6000/60000 (10%)]	Loss: 0.032890
Train Epoch: 6 [8000/60000 (13%)]	Loss: 0.049710
Train Epoch: 6 [10000/60000 (17%)]	Loss: 0.005617
Train Epoch: 6 [12000/60000 (20%)]	Loss: 0.034456
Train Epoch: 6 [14000/60000 (23%)]	Loss: 0.004649
Train Epoch: 6 [16000/60000 (27%)]	Loss: 0.008375
Train Epoch: 6 [18000/60000 (30%)]	Loss: 0.007666
Train Epoch: 6 [20000/60000 (33%)]	Loss: 0.086449
Train Epoch: 6 [22000/60000 (37%)]	Loss: 0.006327
Train Epoch: 6 [24000/60000 (40%)]	Loss: 0.015250
Train Epoch: 6 [26000/60000 (43%)]	Loss: 0.080062
Train Epoch: 6 [28000/60000 (47%)]	Loss: 0.035388
Train Epoch: 6 [30000/60000 (50%)]	Loss: 0.012963
Train Epoch: 6 [32000/60000 (53%)]	Loss: 0.089523
Train Epoch: 6 [34000/60000 (57%)]	Loss: 0.079771
Train Epoch: 6 [36000/60000 (60%)]	Loss: 0.036842
Train Epoch: 6 [38000/60000 (63%)]	Loss: 0.056542
Train Epoch: 6 [40000/60000 (67%)]	Loss: 0.012888
Train Epoch: 6 [42000/60000 (70%)]	Loss: 0.132224
Train Epoch: 6 [44000/60000 (73%)]	Loss: 0.081334
Train Epoch: 6 [46000/60000 (77%)]	Loss: 0.017550
Train Epoch: 6 [48000/60000 (80%)]	Loss: 0.061458
Train Epoch: 6 [50000/60000 (83%)]	Loss: 0.050096
Train Epoch: 6 [52000/60000 (87%)]	Loss: 0.048448
Train Epoch: 6 [54000/60000 (90%)]	Loss: 0.013023
Train Epoch: 6 [56000/60000 (93%)]	Loss: 0.100086
Train Epoch: 6 [58000/60000 (97%)]	Loss: 0.046765
Train Epoch: 6 [60000/60000 (100%)]	Loss: 0.019761

Average Training loss: 0.0026, Training Error Rate: 6.06% (3637/60000)


Average Test loss: 0.0001, Test Error Rate: 6.24% (624/10000)

Train Epoch: 7 [2000/60000 (3%)]	Loss: 0.056523
Train Epoch: 7 [4000/60000 (7%)]	Loss: 0.064353
Train Epoch: 7 [6000/60000 (10%)]	Loss: 0.021709
Train Epoch: 7 [8000/60000 (13%)]	Loss: 0.022320
Train Epoch: 7 [10000/60000 (17%)]	Loss: 0.006994
Train Epoch: 7 [12000/60000 (20%)]	Loss: 0.008636
Train Epoch: 7 [14000/60000 (23%)]	Loss: 0.011586
Train Epoch: 7 [16000/60000 (27%)]	Loss: 0.083251
Train Epoch: 7 [18000/60000 (30%)]	Loss: 0.063494
Train Epoch: 7 [20000/60000 (33%)]	Loss: 0.073594
Train Epoch: 7 [22000/60000 (37%)]	Loss: 0.004710
Train Epoch: 7 [24000/60000 (40%)]	Loss: 0.017554
Train Epoch: 7 [26000/60000 (43%)]	Loss: 0.019801
Train Epoch: 7 [28000/60000 (47%)]	Loss: 0.002034
Train Epoch: 7 [30000/60000 (50%)]	Loss: 0.002910
Train Epoch: 7 [32000/60000 (53%)]	Loss: 0.009789
Train Epoch: 7 [34000/60000 (57%)]	Loss: 0.036162
Train Epoch: 7 [36000/60000 (60%)]	Loss: 0.008148
Train Epoch: 7 [38000/60000 (63%)]	Loss: 0.057329
Train Epoch: 7 [40000/60000 (67%)]	Loss: 0.058784
Train Epoch: 7 [42000/60000 (70%)]	Loss: 0.013605
Train Epoch: 7 [44000/60000 (73%)]	Loss: 0.049453
Train Epoch: 7 [46000/60000 (77%)]	Loss: 0.031169
Train Epoch: 7 [48000/60000 (80%)]	Loss: 0.058765
Train Epoch: 7 [50000/60000 (83%)]	Loss: 0.082963
Train Epoch: 7 [52000/60000 (87%)]	Loss: 0.038152
Train Epoch: 7 [54000/60000 (90%)]	Loss: 0.018125
Train Epoch: 7 [56000/60000 (93%)]	Loss: 0.043798
Train Epoch: 7 [58000/60000 (97%)]	Loss: 0.021241
Train Epoch: 7 [60000/60000 (100%)]	Loss: 0.032933

Average Training loss: 0.0024, Training Error Rate: 5.61% (3365/60000)


Average Test loss: 0.0000, Test Error Rate: 5.85% (585/10000)

Train Epoch: 8 [2000/60000 (3%)]	Loss: 0.059282
Train Epoch: 8 [4000/60000 (7%)]	Loss: 0.090847
Train Epoch: 8 [6000/60000 (10%)]	Loss: 0.052317
Train Epoch: 8 [8000/60000 (13%)]	Loss: 0.090794
Train Epoch: 8 [10000/60000 (17%)]	Loss: 0.009927
Train Epoch: 8 [12000/60000 (20%)]	Loss: 0.084523
Train Epoch: 8 [14000/60000 (23%)]	Loss: 0.052740
Train Epoch: 8 [16000/60000 (27%)]	Loss: 0.010099
Train Epoch: 8 [18000/60000 (30%)]	Loss: 0.039143
Train Epoch: 8 [20000/60000 (33%)]	Loss: 0.025361
Train Epoch: 8 [22000/60000 (37%)]	Loss: 0.052144
Train Epoch: 8 [24000/60000 (40%)]	Loss: 0.014427
Train Epoch: 8 [26000/60000 (43%)]	Loss: 0.035162
Train Epoch: 8 [28000/60000 (47%)]	Loss: 0.012756
Train Epoch: 8 [30000/60000 (50%)]	Loss: 0.043838
Train Epoch: 8 [32000/60000 (53%)]	Loss: 0.046352
Train Epoch: 8 [34000/60000 (57%)]	Loss: 0.045501
Train Epoch: 8 [36000/60000 (60%)]	Loss: 0.078970
Train Epoch: 8 [38000/60000 (63%)]	Loss: 0.060443
Train Epoch: 8 [40000/60000 (67%)]	Loss: 0.073206
Train Epoch: 8 [42000/60000 (70%)]	Loss: 0.032316
Train Epoch: 8 [44000/60000 (73%)]	Loss: 0.015350
Train Epoch: 8 [46000/60000 (77%)]	Loss: 0.021517
Train Epoch: 8 [48000/60000 (80%)]	Loss: 0.059633
slurmstepd: error: *** STEP 15483089.497 ON cn431 CANCELLED AT 2023-09-26T18:45:07 ***
/vast/home/ajherman/miniconda3/envs/pytorch/lib/python3.11/site-packages/torchvision/io/image.py:13: UserWarning: Failed to load image Python extension: '/vast/home/ajherman/miniconda3/envs/pytorch/lib/python3.11/site-packages/torchvision/image.so: undefined symbol: _ZN5torch3jit17parseSchemaOrNameERKNSt7__cxx1112basic_stringIcSt11char_traitsIcESaIcEEE'If you don't plan on using image functionality from `torchvision.io`, you can ignore this warning. Otherwise, there might be something wrong with your environment. Did you have `libjpeg` or `libpng` installed before building `torchvision` from source?
  warn(
Random seed set as 42
dt =  0.15575468523317704
trace decay =  0.7194860746862861
Random seed set as 42
dt =  0.15575468523317704
trace decay =  0.7194860746862861
Train Epoch: 8 [2000/60000 (3%)]	Loss: 0.063534
Train Epoch: 8 [4000/60000 (7%)]	Loss: 0.022301
Train Epoch: 8 [6000/60000 (10%)]	Loss: 0.011194
Train Epoch: 8 [8000/60000 (13%)]	Loss: 0.073352
Train Epoch: 8 [10000/60000 (17%)]	Loss: 0.024659
Train Epoch: 8 [12000/60000 (20%)]	Loss: 0.086071
Train Epoch: 8 [14000/60000 (23%)]	Loss: 0.067138
Train Epoch: 8 [16000/60000 (27%)]	Loss: 0.009391
Train Epoch: 8 [18000/60000 (30%)]	Loss: 0.015947
Train Epoch: 8 [20000/60000 (33%)]	Loss: 0.030400
Train Epoch: 8 [22000/60000 (37%)]	Loss: 0.020577
Train Epoch: 8 [24000/60000 (40%)]	Loss: 0.025911
Train Epoch: 8 [26000/60000 (43%)]	Loss: 0.069659
Train Epoch: 8 [28000/60000 (47%)]	Loss: 0.046319
Train Epoch: 8 [30000/60000 (50%)]	Loss: 0.018025
Train Epoch: 8 [32000/60000 (53%)]	Loss: 0.053596
Train Epoch: 8 [34000/60000 (57%)]	Loss: 0.007497
Train Epoch: 8 [36000/60000 (60%)]	Loss: 0.096424
Train Epoch: 8 [38000/60000 (63%)]	Loss: 0.019922
Train Epoch: 8 [40000/60000 (67%)]	Loss: 0.054430
Train Epoch: 8 [42000/60000 (70%)]	Loss: 0.044604
Train Epoch: 8 [44000/60000 (73%)]	Loss: 0.013497
Train Epoch: 8 [46000/60000 (77%)]	Loss: 0.046149
Train Epoch: 8 [48000/60000 (80%)]	Loss: 0.027300
Train Epoch: 8 [50000/60000 (83%)]	Loss: 0.071962
Train Epoch: 8 [52000/60000 (87%)]	Loss: 0.083753
Train Epoch: 8 [54000/60000 (90%)]	Loss: 0.047483
Train Epoch: 8 [56000/60000 (93%)]	Loss: 0.066587
Train Epoch: 8 [58000/60000 (97%)]	Loss: 0.066611
Train Epoch: 8 [60000/60000 (100%)]	Loss: 0.019137

Average Training loss: 0.0023, Training Error Rate: 5.35% (3211/60000)


Average Test loss: 0.0000, Test Error Rate: 5.68% (568/10000)

Train Epoch: 9 [2000/60000 (3%)]	Loss: 0.097615
Train Epoch: 9 [4000/60000 (7%)]	Loss: 0.039728
Train Epoch: 9 [6000/60000 (10%)]	Loss: 0.066601
Train Epoch: 9 [8000/60000 (13%)]	Loss: 0.049715
Train Epoch: 9 [10000/60000 (17%)]	Loss: 0.038328
Train Epoch: 9 [12000/60000 (20%)]	Loss: 0.029016
Train Epoch: 9 [14000/60000 (23%)]	Loss: 0.057237
Train Epoch: 9 [16000/60000 (27%)]	Loss: 0.111964
Train Epoch: 9 [18000/60000 (30%)]	Loss: 0.025820
Train Epoch: 9 [20000/60000 (33%)]	Loss: 0.073941
Train Epoch: 9 [22000/60000 (37%)]	Loss: 0.018207
Train Epoch: 9 [24000/60000 (40%)]	Loss: 0.044434
Train Epoch: 9 [26000/60000 (43%)]	Loss: 0.009705
Train Epoch: 9 [28000/60000 (47%)]	Loss: 0.010712
Train Epoch: 9 [30000/60000 (50%)]	Loss: 0.133592
Train Epoch: 9 [32000/60000 (53%)]	Loss: 0.078162
Train Epoch: 9 [34000/60000 (57%)]	Loss: 0.012083
Train Epoch: 9 [36000/60000 (60%)]	Loss: 0.171449
Train Epoch: 9 [38000/60000 (63%)]	Loss: 0.031234
Train Epoch: 9 [40000/60000 (67%)]	Loss: 0.025816
Train Epoch: 9 [42000/60000 (70%)]	Loss: 0.004995
Train Epoch: 9 [44000/60000 (73%)]	Loss: 0.052630
Train Epoch: 9 [46000/60000 (77%)]	Loss: 0.039978
Train Epoch: 9 [48000/60000 (80%)]	Loss: 0.077386
Train Epoch: 9 [50000/60000 (83%)]	Loss: 0.058643
Train Epoch: 9 [52000/60000 (87%)]	Loss: 0.093991
Train Epoch: 9 [54000/60000 (90%)]	Loss: 0.006973
Train Epoch: 9 [56000/60000 (93%)]	Loss: 0.086711
Train Epoch: 9 [58000/60000 (97%)]	Loss: 0.056595
Train Epoch: 9 [60000/60000 (100%)]	Loss: 0.059755

Average Training loss: 0.0022, Training Error Rate: 5.00% (3002/60000)


Average Test loss: 0.0000, Test Error Rate: 5.11% (511/10000)

Train Epoch: 10 [2000/60000 (3%)]	Loss: 0.017739
Train Epoch: 10 [4000/60000 (7%)]	Loss: 0.035562
Train Epoch: 10 [6000/60000 (10%)]	Loss: 0.046164
Train Epoch: 10 [8000/60000 (13%)]	Loss: 0.046809
Train Epoch: 10 [10000/60000 (17%)]	Loss: 0.047323
Train Epoch: 10 [12000/60000 (20%)]	Loss: 0.048060
Train Epoch: 10 [14000/60000 (23%)]	Loss: 0.001820
Train Epoch: 10 [16000/60000 (27%)]	Loss: 0.021356
Train Epoch: 10 [18000/60000 (30%)]	Loss: 0.036135
Train Epoch: 10 [20000/60000 (33%)]	Loss: 0.059745
Train Epoch: 10 [22000/60000 (37%)]	Loss: 0.010673
Train Epoch: 10 [24000/60000 (40%)]	Loss: 0.023800
Train Epoch: 10 [26000/60000 (43%)]	Loss: 0.058778
Train Epoch: 10 [28000/60000 (47%)]	Loss: 0.042014
Train Epoch: 10 [30000/60000 (50%)]	Loss: 0.081962
Train Epoch: 10 [32000/60000 (53%)]	Loss: 0.061061
Train Epoch: 10 [34000/60000 (57%)]	Loss: 0.005586
Train Epoch: 10 [36000/60000 (60%)]	Loss: 0.041077
Train Epoch: 10 [38000/60000 (63%)]	Loss: 0.009545
Train Epoch: 10 [40000/60000 (67%)]	Loss: 0.001846
Train Epoch: 10 [42000/60000 (70%)]	Loss: 0.110047
Train Epoch: 10 [44000/60000 (73%)]	Loss: 0.062357
Train Epoch: 10 [46000/60000 (77%)]	Loss: 0.074187
Train Epoch: 10 [48000/60000 (80%)]	Loss: 0.072147
Train Epoch: 10 [50000/60000 (83%)]	Loss: 0.003798
Train Epoch: 10 [52000/60000 (87%)]	Loss: 0.023907
Train Epoch: 10 [54000/60000 (90%)]	Loss: 0.042504
Train Epoch: 10 [56000/60000 (93%)]	Loss: 0.014184
Train Epoch: 10 [58000/60000 (97%)]	Loss: 0.046187
Train Epoch: 10 [60000/60000 (100%)]	Loss: 0.018973

Average Training loss: 0.0021, Training Error Rate: 4.79% (2872/60000)


Average Test loss: 0.0000, Test Error Rate: 5.15% (515/10000)

Train Epoch: 11 [2000/60000 (3%)]	Loss: 0.099268
Train Epoch: 11 [4000/60000 (7%)]	Loss: 0.005473
Train Epoch: 11 [6000/60000 (10%)]	Loss: 0.037800
Train Epoch: 11 [8000/60000 (13%)]	Loss: 0.062239
Train Epoch: 11 [10000/60000 (17%)]	Loss: 0.005646
Train Epoch: 11 [12000/60000 (20%)]	Loss: 0.003302
Train Epoch: 11 [14000/60000 (23%)]	Loss: 0.053996
Train Epoch: 11 [16000/60000 (27%)]	Loss: 0.002958
Train Epoch: 11 [18000/60000 (30%)]	Loss: 0.008189
Train Epoch: 11 [20000/60000 (33%)]	Loss: 0.011540
Train Epoch: 11 [22000/60000 (37%)]	Loss: 0.050327
Train Epoch: 11 [24000/60000 (40%)]	Loss: 0.015721
Train Epoch: 11 [26000/60000 (43%)]	Loss: 0.011730
Train Epoch: 11 [28000/60000 (47%)]	Loss: 0.052171
Train Epoch: 11 [30000/60000 (50%)]	Loss: 0.009176
Train Epoch: 11 [32000/60000 (53%)]	Loss: 0.022406
Train Epoch: 11 [34000/60000 (57%)]	Loss: 0.074328
Train Epoch: 11 [36000/60000 (60%)]	Loss: 0.016762
Train Epoch: 11 [38000/60000 (63%)]	Loss: 0.003579
Train Epoch: 11 [40000/60000 (67%)]	Loss: 0.042643
Train Epoch: 11 [42000/60000 (70%)]	Loss: 0.044770
Train Epoch: 11 [44000/60000 (73%)]	Loss: 0.044447
Train Epoch: 11 [46000/60000 (77%)]	Loss: 0.011595
Train Epoch: 11 [48000/60000 (80%)]	Loss: 0.053578
Train Epoch: 11 [50000/60000 (83%)]	Loss: 0.002485
Train Epoch: 11 [52000/60000 (87%)]	Loss: 0.007108
Train Epoch: 11 [54000/60000 (90%)]	Loss: 0.014992
Train Epoch: 11 [56000/60000 (93%)]	Loss: 0.015585
Train Epoch: 11 [58000/60000 (97%)]	Loss: 0.004633
Train Epoch: 11 [60000/60000 (100%)]	Loss: 0.012230

Average Training loss: 0.0020, Training Error Rate: 4.57% (2741/60000)


Average Test loss: 0.0000, Test Error Rate: 5.25% (525/10000)

Train Epoch: 12 [2000/60000 (3%)]	Loss: 0.015334
Train Epoch: 12 [4000/60000 (7%)]	Loss: 0.009591
Train Epoch: 12 [6000/60000 (10%)]	Loss: 0.003285
Train Epoch: 12 [8000/60000 (13%)]	Loss: 0.074323
Train Epoch: 12 [10000/60000 (17%)]	Loss: 0.044552
Train Epoch: 12 [12000/60000 (20%)]	Loss: 0.028602
Train Epoch: 12 [14000/60000 (23%)]	Loss: 0.127767
Train Epoch: 12 [16000/60000 (27%)]	Loss: 0.066334
Train Epoch: 12 [18000/60000 (30%)]	Loss: 0.052519
Train Epoch: 12 [20000/60000 (33%)]	Loss: 0.057556
Train Epoch: 12 [22000/60000 (37%)]	Loss: 0.002604
Train Epoch: 12 [24000/60000 (40%)]	Loss: 0.014599
Train Epoch: 12 [26000/60000 (43%)]	Loss: 0.000736
Train Epoch: 12 [28000/60000 (47%)]	Loss: 0.073788
Train Epoch: 12 [30000/60000 (50%)]	Loss: 0.019146
Train Epoch: 12 [32000/60000 (53%)]	Loss: 0.012572
Train Epoch: 12 [34000/60000 (57%)]	Loss: 0.022468
Train Epoch: 12 [36000/60000 (60%)]	Loss: 0.013373
Train Epoch: 12 [38000/60000 (63%)]	Loss: 0.004139
Train Epoch: 12 [40000/60000 (67%)]	Loss: 0.014448
Train Epoch: 12 [42000/60000 (70%)]	Loss: 0.053752
Train Epoch: 12 [44000/60000 (73%)]	Loss: 0.079250
Train Epoch: 12 [46000/60000 (77%)]	Loss: 0.023402
Train Epoch: 12 [48000/60000 (80%)]	Loss: 0.014532
Train Epoch: 12 [50000/60000 (83%)]	Loss: 0.006826
Train Epoch: 12 [52000/60000 (87%)]	Loss: 0.018142
Train Epoch: 12 [54000/60000 (90%)]	Loss: 0.094231
Train Epoch: 12 [56000/60000 (93%)]	Loss: 0.038299
Train Epoch: 12 [58000/60000 (97%)]	Loss: 0.060799
Train Epoch: 12 [60000/60000 (100%)]	Loss: 0.001067

Average Training loss: 0.0019, Training Error Rate: 4.38% (2627/60000)


Average Test loss: 0.0000, Test Error Rate: 4.74% (474/10000)

Train Epoch: 13 [2000/60000 (3%)]	Loss: 0.015148
Train Epoch: 13 [4000/60000 (7%)]	Loss: 0.005884
Train Epoch: 13 [6000/60000 (10%)]	Loss: 0.006676
Train Epoch: 13 [8000/60000 (13%)]	Loss: 0.033842
Train Epoch: 13 [10000/60000 (17%)]	Loss: 0.007004
Train Epoch: 13 [12000/60000 (20%)]	Loss: 0.069291
Train Epoch: 13 [14000/60000 (23%)]	Loss: 0.082275
Train Epoch: 13 [16000/60000 (27%)]	Loss: 0.007111
Train Epoch: 13 [18000/60000 (30%)]	Loss: 0.006220
Train Epoch: 13 [20000/60000 (33%)]	Loss: 0.069889
Train Epoch: 13 [22000/60000 (37%)]	Loss: 0.005155
Train Epoch: 13 [24000/60000 (40%)]	Loss: 0.002043
Train Epoch: 13 [26000/60000 (43%)]	Loss: 0.039798
Train Epoch: 13 [28000/60000 (47%)]	Loss: 0.072575
Train Epoch: 13 [30000/60000 (50%)]	Loss: 0.007773
Train Epoch: 13 [32000/60000 (53%)]	Loss: 0.025072
Train Epoch: 13 [34000/60000 (57%)]	Loss: 0.006532
Train Epoch: 13 [36000/60000 (60%)]	Loss: 0.048326
Train Epoch: 13 [38000/60000 (63%)]	Loss: 0.049770
Train Epoch: 13 [40000/60000 (67%)]	Loss: 0.045475
Train Epoch: 13 [42000/60000 (70%)]	Loss: 0.045563
Train Epoch: 13 [44000/60000 (73%)]	Loss: 0.001481
Train Epoch: 13 [46000/60000 (77%)]	Loss: 0.014213
Train Epoch: 13 [48000/60000 (80%)]	Loss: 0.080830
Train Epoch: 13 [50000/60000 (83%)]	Loss: 0.037105
Train Epoch: 13 [52000/60000 (87%)]	Loss: 0.058816
Train Epoch: 13 [54000/60000 (90%)]	Loss: 0.045456
Train Epoch: 13 [56000/60000 (93%)]	Loss: 0.045524
Train Epoch: 13 [58000/60000 (97%)]	Loss: 0.055082
Train Epoch: 13 [60000/60000 (100%)]	Loss: 0.055117

Average Training loss: 0.0019, Training Error Rate: 4.26% (2554/60000)


Average Test loss: 0.0000, Test Error Rate: 4.48% (448/10000)

Train Epoch: 14 [2000/60000 (3%)]	Loss: 0.051859
Train Epoch: 14 [4000/60000 (7%)]	Loss: 0.015137
Train Epoch: 14 [6000/60000 (10%)]	Loss: 0.052360
Train Epoch: 14 [8000/60000 (13%)]	Loss: 0.061133
Train Epoch: 14 [10000/60000 (17%)]	Loss: 0.055415
Train Epoch: 14 [12000/60000 (20%)]	Loss: 0.047332
Train Epoch: 14 [14000/60000 (23%)]	Loss: 0.080971
Train Epoch: 14 [16000/60000 (27%)]	Loss: 0.047284
Train Epoch: 14 [18000/60000 (30%)]	Loss: 0.006658
Train Epoch: 14 [20000/60000 (33%)]	Loss: 0.069647
Train Epoch: 14 [22000/60000 (37%)]	Loss: 0.095943
Train Epoch: 14 [24000/60000 (40%)]	Loss: 0.029106
Train Epoch: 14 [26000/60000 (43%)]	Loss: 0.005287
Train Epoch: 14 [28000/60000 (47%)]	Loss: 0.036171
Train Epoch: 14 [30000/60000 (50%)]	Loss: 0.052655
Train Epoch: 14 [32000/60000 (53%)]	Loss: 0.056021
Train Epoch: 14 [34000/60000 (57%)]	Loss: 0.100256
Train Epoch: 14 [36000/60000 (60%)]	Loss: 0.050988
Train Epoch: 14 [38000/60000 (63%)]	Loss: 0.114125
Train Epoch: 14 [40000/60000 (67%)]	Loss: 0.080817
Train Epoch: 14 [42000/60000 (70%)]	Loss: 0.033085
Train Epoch: 14 [44000/60000 (73%)]	Loss: 0.023673
Train Epoch: 14 [46000/60000 (77%)]	Loss: 0.010175
Train Epoch: 14 [48000/60000 (80%)]	Loss: 0.068440
Train Epoch: 14 [50000/60000 (83%)]	Loss: 0.062522
Train Epoch: 14 [52000/60000 (87%)]	Loss: 0.056104
Train Epoch: 14 [54000/60000 (90%)]	Loss: 0.003670
Train Epoch: 14 [56000/60000 (93%)]	Loss: 0.007747
Train Epoch: 14 [58000/60000 (97%)]	Loss: 0.003529
Train Epoch: 14 [60000/60000 (100%)]	Loss: 0.001034

Average Training loss: 0.0018, Training Error Rate: 4.10% (2458/60000)


Average Test loss: 0.0000, Test Error Rate: 4.69% (469/10000)

Train Epoch: 15 [2000/60000 (3%)]	Loss: 0.032108
Train Epoch: 15 [4000/60000 (7%)]	Loss: 0.000439
Train Epoch: 15 [6000/60000 (10%)]	Loss: 0.085210
Train Epoch: 15 [8000/60000 (13%)]	Loss: 0.008013
Train Epoch: 15 [10000/60000 (17%)]	Loss: 0.045142
Train Epoch: 15 [12000/60000 (20%)]	Loss: 0.032136
Train Epoch: 15 [14000/60000 (23%)]	Loss: 0.018197
Train Epoch: 15 [16000/60000 (27%)]	Loss: 0.006537
Train Epoch: 15 [18000/60000 (30%)]	Loss: 0.009142
Train Epoch: 15 [20000/60000 (33%)]	Loss: 0.074738
Train Epoch: 15 [22000/60000 (37%)]	Loss: 0.009230
Train Epoch: 15 [24000/60000 (40%)]	Loss: 0.033348
Train Epoch: 15 [26000/60000 (43%)]	Loss: 0.011051
Train Epoch: 15 [28000/60000 (47%)]	Loss: 0.075021
Train Epoch: 15 [30000/60000 (50%)]	Loss: 0.021222
Train Epoch: 15 [32000/60000 (53%)]	Loss: 0.094315
Train Epoch: 15 [34000/60000 (57%)]	Loss: 0.048529
Train Epoch: 15 [36000/60000 (60%)]	Loss: 0.086678
Train Epoch: 15 [38000/60000 (63%)]	Loss: 0.054353
Train Epoch: 15 [40000/60000 (67%)]	Loss: 0.015350
Train Epoch: 15 [42000/60000 (70%)]	Loss: 0.042825
Train Epoch: 15 [44000/60000 (73%)]	Loss: 0.047260
Train Epoch: 15 [46000/60000 (77%)]	Loss: 0.052691
Train Epoch: 15 [48000/60000 (80%)]	Loss: 0.001804
Train Epoch: 15 [50000/60000 (83%)]	Loss: 0.053555
Train Epoch: 15 [52000/60000 (87%)]	Loss: 0.096887
Train Epoch: 15 [54000/60000 (90%)]	Loss: 0.017014
Train Epoch: 15 [56000/60000 (93%)]	Loss: 0.002387
Train Epoch: 15 [58000/60000 (97%)]	Loss: 0.001886
Train Epoch: 15 [60000/60000 (100%)]	Loss: 0.003288

Average Training loss: 0.0017, Training Error Rate: 3.92% (2352/60000)


Average Test loss: 0.0000, Test Error Rate: 4.68% (468/10000)

Train Epoch: 16 [2000/60000 (3%)]	Loss: 0.033713
Train Epoch: 16 [4000/60000 (7%)]	Loss: 0.106869
Train Epoch: 16 [6000/60000 (10%)]	Loss: 0.080520
Train Epoch: 16 [8000/60000 (13%)]	Loss: 0.039363
Train Epoch: 16 [10000/60000 (17%)]	Loss: 0.111307
Train Epoch: 16 [12000/60000 (20%)]	Loss: 0.043621
Train Epoch: 16 [14000/60000 (23%)]	Loss: 0.040427
Train Epoch: 16 [16000/60000 (27%)]	Loss: 0.031881
Train Epoch: 16 [18000/60000 (30%)]	Loss: 0.052701
Train Epoch: 16 [20000/60000 (33%)]	Loss: 0.017824
Train Epoch: 16 [22000/60000 (37%)]	Loss: 0.062253
Train Epoch: 16 [24000/60000 (40%)]	Loss: 0.011326
Train Epoch: 16 [26000/60000 (43%)]	Loss: 0.009996
Train Epoch: 16 [28000/60000 (47%)]	Loss: 0.058205
Train Epoch: 16 [30000/60000 (50%)]	Loss: 0.047242
Train Epoch: 16 [32000/60000 (53%)]	Loss: 0.040629
Train Epoch: 16 [34000/60000 (57%)]	Loss: 0.003639
Train Epoch: 16 [36000/60000 (60%)]	Loss: 0.087816
Train Epoch: 16 [38000/60000 (63%)]	Loss: 0.067872
Train Epoch: 16 [40000/60000 (67%)]	Loss: 0.000667
Train Epoch: 16 [42000/60000 (70%)]	Loss: 0.008500
Train Epoch: 16 [44000/60000 (73%)]	Loss: 0.073268
Train Epoch: 16 [46000/60000 (77%)]	Loss: 0.060473
Train Epoch: 16 [48000/60000 (80%)]	Loss: 0.071310
Train Epoch: 16 [50000/60000 (83%)]	Loss: 0.116693
Train Epoch: 16 [52000/60000 (87%)]	Loss: 0.029164
Train Epoch: 16 [54000/60000 (90%)]	Loss: 0.003901
Train Epoch: 16 [56000/60000 (93%)]	Loss: 0.063551
Train Epoch: 16 [58000/60000 (97%)]	Loss: 0.012568
Train Epoch: 16 [60000/60000 (100%)]	Loss: 0.014998

Average Training loss: 0.0017, Training Error Rate: 3.81% (2283/60000)


Average Test loss: 0.0000, Test Error Rate: 4.14% (414/10000)

Train Epoch: 17 [2000/60000 (3%)]	Loss: 0.031871
Train Epoch: 17 [4000/60000 (7%)]	Loss: 0.023890
Train Epoch: 17 [6000/60000 (10%)]	Loss: 0.010281
Train Epoch: 17 [8000/60000 (13%)]	Loss: 0.056462
Train Epoch: 17 [10000/60000 (17%)]	Loss: 0.079420
Train Epoch: 17 [12000/60000 (20%)]	Loss: 0.010330
Train Epoch: 17 [14000/60000 (23%)]	Loss: 0.028979
Train Epoch: 17 [16000/60000 (27%)]	Loss: 0.034200
Train Epoch: 17 [18000/60000 (30%)]	Loss: 0.061006
Train Epoch: 17 [20000/60000 (33%)]	Loss: 0.032180
Train Epoch: 17 [22000/60000 (37%)]	Loss: 0.032823
Train Epoch: 17 [24000/60000 (40%)]	Loss: 0.012020
Train Epoch: 17 [26000/60000 (43%)]	Loss: 0.000764
Train Epoch: 17 [28000/60000 (47%)]	Loss: 0.000989
Train Epoch: 17 [30000/60000 (50%)]	Loss: 0.011633
Train Epoch: 17 [32000/60000 (53%)]	Loss: 0.060749
Train Epoch: 17 [34000/60000 (57%)]	Loss: 0.059403
Train Epoch: 17 [36000/60000 (60%)]	Loss: 0.123750
Train Epoch: 17 [38000/60000 (63%)]	Loss: 0.008121
Train Epoch: 17 [40000/60000 (67%)]	Loss: 0.002873
Train Epoch: 17 [42000/60000 (70%)]	Loss: 0.004034
Train Epoch: 17 [44000/60000 (73%)]	Loss: 0.040010
Train Epoch: 17 [46000/60000 (77%)]	Loss: 0.074598
Train Epoch: 17 [48000/60000 (80%)]	Loss: 0.027792
Train Epoch: 17 [50000/60000 (83%)]	Loss: 0.009874
Train Epoch: 17 [52000/60000 (87%)]	Loss: 0.070633
Train Epoch: 17 [54000/60000 (90%)]	Loss: 0.015162
Train Epoch: 17 [56000/60000 (93%)]	Loss: 0.080564
Train Epoch: 17 [58000/60000 (97%)]	Loss: 0.062269
Train Epoch: 17 [60000/60000 (100%)]	Loss: 0.039610

Average Training loss: 0.0016, Training Error Rate: 3.68% (2209/60000)


Average Test loss: 0.0000, Test Error Rate: 4.44% (444/10000)

Train Epoch: 18 [2000/60000 (3%)]	Loss: 0.000442
Train Epoch: 18 [4000/60000 (7%)]	Loss: 0.035275
Train Epoch: 18 [6000/60000 (10%)]	Loss: 0.052066
Train Epoch: 18 [8000/60000 (13%)]	Loss: 0.002405
Train Epoch: 18 [10000/60000 (17%)]	Loss: 0.079578
Train Epoch: 18 [12000/60000 (20%)]	Loss: 0.050538
Train Epoch: 18 [14000/60000 (23%)]	Loss: 0.045264
Train Epoch: 18 [16000/60000 (27%)]	Loss: 0.005837
Train Epoch: 18 [18000/60000 (30%)]	Loss: 0.012978
Train Epoch: 18 [20000/60000 (33%)]	Loss: 0.049771
Train Epoch: 18 [22000/60000 (37%)]	Loss: 0.014158
Train Epoch: 18 [24000/60000 (40%)]	Loss: 0.020155
Train Epoch: 18 [26000/60000 (43%)]	Loss: 0.055653
Train Epoch: 18 [28000/60000 (47%)]	Loss: 0.042425
Train Epoch: 18 [30000/60000 (50%)]	Loss: 0.040012
Train Epoch: 18 [32000/60000 (53%)]	Loss: 0.000364
Train Epoch: 18 [34000/60000 (57%)]	Loss: 0.007074
Train Epoch: 18 [36000/60000 (60%)]	Loss: 0.002739
Train Epoch: 18 [38000/60000 (63%)]	Loss: 0.009061
Train Epoch: 18 [40000/60000 (67%)]	Loss: 0.017528
Train Epoch: 18 [42000/60000 (70%)]	Loss: 0.002803
Train Epoch: 18 [44000/60000 (73%)]	Loss: 0.052777
Train Epoch: 18 [46000/60000 (77%)]	Loss: 0.023389
Train Epoch: 18 [48000/60000 (80%)]	Loss: 0.013251
Train Epoch: 18 [50000/60000 (83%)]	Loss: 0.005446
Train Epoch: 18 [52000/60000 (87%)]	Loss: 0.006523
Train Epoch: 18 [54000/60000 (90%)]	Loss: 0.054293
Train Epoch: 18 [56000/60000 (93%)]	Loss: 0.041553
Train Epoch: 18 [58000/60000 (97%)]	Loss: 0.044149
Train Epoch: 18 [60000/60000 (100%)]	Loss: 0.002491

Average Training loss: 0.0016, Training Error Rate: 3.60% (2163/60000)


Average Test loss: 0.0000, Test Error Rate: 4.23% (423/10000)

Train Epoch: 19 [2000/60000 (3%)]	Loss: 0.004600
Train Epoch: 19 [4000/60000 (7%)]	Loss: 0.106828
Train Epoch: 19 [6000/60000 (10%)]	Loss: 0.052661
Train Epoch: 19 [8000/60000 (13%)]	Loss: 0.044026
Train Epoch: 19 [10000/60000 (17%)]	Loss: 0.025930
Train Epoch: 19 [12000/60000 (20%)]	Loss: 0.060855
Train Epoch: 19 [14000/60000 (23%)]	Loss: 0.010282
Train Epoch: 19 [16000/60000 (27%)]	Loss: 0.056836
Train Epoch: 19 [18000/60000 (30%)]	Loss: 0.003338
Train Epoch: 19 [20000/60000 (33%)]	Loss: 0.000886
Train Epoch: 19 [22000/60000 (37%)]	Loss: 0.004151
Train Epoch: 19 [24000/60000 (40%)]	Loss: 0.042446
Train Epoch: 19 [26000/60000 (43%)]	Loss: 0.050473
Train Epoch: 19 [28000/60000 (47%)]	Loss: 0.056309
Train Epoch: 19 [30000/60000 (50%)]	Loss: 0.007159
Train Epoch: 19 [32000/60000 (53%)]	Loss: 0.040604
Train Epoch: 19 [34000/60000 (57%)]	Loss: 0.005055
Train Epoch: 19 [36000/60000 (60%)]	Loss: 0.050292
Train Epoch: 19 [38000/60000 (63%)]	Loss: 0.069956
Train Epoch: 19 [40000/60000 (67%)]	Loss: 0.004548
Train Epoch: 19 [42000/60000 (70%)]	Loss: 0.032361
Train Epoch: 19 [44000/60000 (73%)]	Loss: 0.008844
Train Epoch: 19 [46000/60000 (77%)]	Loss: 0.028593
Train Epoch: 19 [48000/60000 (80%)]	Loss: 0.018276
Train Epoch: 19 [50000/60000 (83%)]	Loss: 0.097212
Train Epoch: 19 [52000/60000 (87%)]	Loss: 0.021581
Train Epoch: 19 [54000/60000 (90%)]	Loss: 0.003563
Train Epoch: 19 [56000/60000 (93%)]	Loss: 0.000502
Train Epoch: 19 [58000/60000 (97%)]	Loss: 0.037803
Train Epoch: 19 [60000/60000 (100%)]	Loss: 0.004481

Average Training loss: 0.0015, Training Error Rate: 3.41% (2045/60000)


Average Test loss: 0.0000, Test Error Rate: 4.51% (451/10000)

Train Epoch: 20 [2000/60000 (3%)]	Loss: 0.007684
Train Epoch: 20 [4000/60000 (7%)]	Loss: 0.002524
Train Epoch: 20 [6000/60000 (10%)]	Loss: 0.042260
Train Epoch: 20 [8000/60000 (13%)]	Loss: 0.006282
Train Epoch: 20 [10000/60000 (17%)]	Loss: 0.047010
Train Epoch: 20 [12000/60000 (20%)]	Loss: 0.005348
Train Epoch: 20 [14000/60000 (23%)]	Loss: 0.011230
Train Epoch: 20 [16000/60000 (27%)]	Loss: 0.021031
Train Epoch: 20 [18000/60000 (30%)]	Loss: 0.032231
Train Epoch: 20 [20000/60000 (33%)]	Loss: 0.031856
Train Epoch: 20 [22000/60000 (37%)]	Loss: 0.040014
Train Epoch: 20 [24000/60000 (40%)]	Loss: 0.039260
Train Epoch: 20 [26000/60000 (43%)]	Loss: 0.056426
Train Epoch: 20 [28000/60000 (47%)]	Loss: 0.038132
Train Epoch: 20 [30000/60000 (50%)]	Loss: 0.051502
Train Epoch: 20 [32000/60000 (53%)]	Loss: 0.005948
Train Epoch: 20 [34000/60000 (57%)]	Loss: 0.002311
Train Epoch: 20 [36000/60000 (60%)]	Loss: 0.007388
Train Epoch: 20 [38000/60000 (63%)]	Loss: 0.007035
Train Epoch: 20 [40000/60000 (67%)]	Loss: 0.049576
Train Epoch: 20 [42000/60000 (70%)]	Loss: 0.001734
Train Epoch: 20 [44000/60000 (73%)]	Loss: 0.050196
Train Epoch: 20 [46000/60000 (77%)]	Loss: 0.000557
Train Epoch: 20 [48000/60000 (80%)]	Loss: 0.054423
Train Epoch: 20 [50000/60000 (83%)]	Loss: 0.023923
Train Epoch: 20 [52000/60000 (87%)]	Loss: 0.009342
Train Epoch: 20 [54000/60000 (90%)]	Loss: 0.055811
Train Epoch: 20 [56000/60000 (93%)]	Loss: 0.057753
Train Epoch: 20 [58000/60000 (97%)]	Loss: 0.004246
Train Epoch: 20 [60000/60000 (100%)]	Loss: 0.008152

Average Training loss: 0.0015, Training Error Rate: 3.38% (2027/60000)


Average Test loss: 0.0000, Test Error Rate: 4.09% (409/10000)

Train Epoch: 21 [2000/60000 (3%)]	Loss: 0.003403
Train Epoch: 21 [4000/60000 (7%)]	Loss: 0.002235
Train Epoch: 21 [6000/60000 (10%)]	Loss: 0.031465
Train Epoch: 21 [8000/60000 (13%)]	Loss: 0.061568
Train Epoch: 21 [10000/60000 (17%)]	Loss: 0.037980
Train Epoch: 21 [12000/60000 (20%)]	Loss: 0.000913
Train Epoch: 21 [14000/60000 (23%)]	Loss: 0.052494
Train Epoch: 21 [16000/60000 (27%)]	Loss: 0.002611
Train Epoch: 21 [18000/60000 (30%)]	Loss: 0.006664
Train Epoch: 21 [20000/60000 (33%)]	Loss: 0.045296
Train Epoch: 21 [22000/60000 (37%)]	Loss: 0.007139
Train Epoch: 21 [24000/60000 (40%)]	Loss: 0.091197
Train Epoch: 21 [26000/60000 (43%)]	Loss: 0.048353
Train Epoch: 21 [28000/60000 (47%)]	Loss: 0.007924
Train Epoch: 21 [30000/60000 (50%)]	Loss: 0.001771
Train Epoch: 21 [32000/60000 (53%)]	Loss: 0.000956
Train Epoch: 21 [34000/60000 (57%)]	Loss: 0.000589
Train Epoch: 21 [36000/60000 (60%)]	Loss: 0.007057
Train Epoch: 21 [38000/60000 (63%)]	Loss: 0.002761
Train Epoch: 21 [40000/60000 (67%)]	Loss: 0.001332
Train Epoch: 21 [42000/60000 (70%)]	Loss: 0.032439
Train Epoch: 21 [44000/60000 (73%)]	Loss: 0.026279
Train Epoch: 21 [46000/60000 (77%)]	Loss: 0.031753
Train Epoch: 21 [48000/60000 (80%)]	Loss: 0.098210
Train Epoch: 21 [50000/60000 (83%)]	Loss: 0.009261
Train Epoch: 21 [52000/60000 (87%)]	Loss: 0.048891
Train Epoch: 21 [54000/60000 (90%)]	Loss: 0.000473
Train Epoch: 21 [56000/60000 (93%)]	Loss: 0.130470
Train Epoch: 21 [58000/60000 (97%)]	Loss: 0.054939
Train Epoch: 21 [60000/60000 (100%)]	Loss: 0.048988

Average Training loss: 0.0015, Training Error Rate: 3.29% (1975/60000)


Average Test loss: 0.0000, Test Error Rate: 4.56% (456/10000)

Train Epoch: 22 [2000/60000 (3%)]	Loss: 0.001051
Train Epoch: 22 [4000/60000 (7%)]	Loss: 0.004208
Train Epoch: 22 [6000/60000 (10%)]	Loss: 0.000715
Train Epoch: 22 [8000/60000 (13%)]	Loss: 0.015306
Train Epoch: 22 [10000/60000 (17%)]	Loss: 0.024629
Train Epoch: 22 [12000/60000 (20%)]	Loss: 0.018205
Train Epoch: 22 [14000/60000 (23%)]	Loss: 0.070792
Train Epoch: 22 [16000/60000 (27%)]	Loss: 0.015707
Train Epoch: 22 [18000/60000 (30%)]	Loss: 0.027241
Train Epoch: 22 [20000/60000 (33%)]	Loss: 0.000964
Train Epoch: 22 [22000/60000 (37%)]	Loss: 0.004355
Train Epoch: 22 [24000/60000 (40%)]	Loss: 0.015160
Train Epoch: 22 [26000/60000 (43%)]	Loss: 0.001009
Train Epoch: 22 [28000/60000 (47%)]	Loss: 0.001669
Train Epoch: 22 [30000/60000 (50%)]	Loss: 0.045223
Train Epoch: 22 [32000/60000 (53%)]	Loss: 0.005425
Train Epoch: 22 [34000/60000 (57%)]	Loss: 0.049301
Train Epoch: 22 [36000/60000 (60%)]	Loss: 0.002140
Train Epoch: 22 [38000/60000 (63%)]	Loss: 0.089767
Train Epoch: 22 [40000/60000 (67%)]	Loss: 0.054319
Train Epoch: 22 [42000/60000 (70%)]	Loss: 0.001032
Train Epoch: 22 [44000/60000 (73%)]	Loss: 0.055816
Train Epoch: 22 [46000/60000 (77%)]	Loss: 0.040125
Train Epoch: 22 [48000/60000 (80%)]	Loss: 0.002030
Train Epoch: 22 [50000/60000 (83%)]	Loss: 0.027968
Train Epoch: 22 [52000/60000 (87%)]	Loss: 0.050682
Train Epoch: 22 [54000/60000 (90%)]	Loss: 0.028664
Train Epoch: 22 [56000/60000 (93%)]	Loss: 0.001155
Train Epoch: 22 [58000/60000 (97%)]	Loss: 0.018301
Train Epoch: 22 [60000/60000 (100%)]	Loss: 0.015046

Average Training loss: 0.0015, Training Error Rate: 3.20% (1921/60000)


Average Test loss: 0.0000, Test Error Rate: 4.02% (402/10000)

Train Epoch: 23 [2000/60000 (3%)]	Loss: 0.007385
Train Epoch: 23 [4000/60000 (7%)]	Loss: 0.029769
Train Epoch: 23 [6000/60000 (10%)]	Loss: 0.000739
Train Epoch: 23 [8000/60000 (13%)]	Loss: 0.000880
Train Epoch: 23 [10000/60000 (17%)]	Loss: 0.067447
Train Epoch: 23 [12000/60000 (20%)]	Loss: 0.043592
Train Epoch: 23 [14000/60000 (23%)]	Loss: 0.073359
Train Epoch: 23 [16000/60000 (27%)]	Loss: 0.019516
Train Epoch: 23 [18000/60000 (30%)]	Loss: 0.008408
Train Epoch: 23 [20000/60000 (33%)]	Loss: 0.051534
Train Epoch: 23 [22000/60000 (37%)]	Loss: 0.001225
Train Epoch: 23 [24000/60000 (40%)]	Loss: 0.082599
Train Epoch: 23 [26000/60000 (43%)]	Loss: 0.001296
Train Epoch: 23 [28000/60000 (47%)]	Loss: 0.023304
Train Epoch: 23 [30000/60000 (50%)]	Loss: 0.018080
Train Epoch: 23 [32000/60000 (53%)]	Loss: 0.100409
Train Epoch: 23 [34000/60000 (57%)]	Loss: 0.051604
Train Epoch: 23 [36000/60000 (60%)]	Loss: 0.001271
Train Epoch: 23 [38000/60000 (63%)]	Loss: 0.011800
Train Epoch: 23 [40000/60000 (67%)]	Loss: 0.028848
Train Epoch: 23 [42000/60000 (70%)]	Loss: 0.027324
Train Epoch: 23 [44000/60000 (73%)]	Loss: 0.028311
Train Epoch: 23 [46000/60000 (77%)]	Loss: 0.031410
Train Epoch: 23 [48000/60000 (80%)]	Loss: 0.002623
Train Epoch: 23 [50000/60000 (83%)]	Loss: 0.013578
Train Epoch: 23 [52000/60000 (87%)]	Loss: 0.066065
Train Epoch: 23 [54000/60000 (90%)]	Loss: 0.043390
Train Epoch: 23 [56000/60000 (93%)]	Loss: 0.034251
Train Epoch: 23 [58000/60000 (97%)]	Loss: 0.042528
Train Epoch: 23 [60000/60000 (100%)]	Loss: 0.086682

Average Training loss: 0.0014, Training Error Rate: 3.08% (1850/60000)


Average Test loss: 0.0000, Test Error Rate: 4.21% (421/10000)

Train Epoch: 24 [2000/60000 (3%)]	Loss: 0.077215
Train Epoch: 24 [4000/60000 (7%)]	Loss: 0.000562
Train Epoch: 24 [6000/60000 (10%)]	Loss: 0.005062
Train Epoch: 24 [8000/60000 (13%)]	Loss: 0.001442
Train Epoch: 24 [10000/60000 (17%)]	Loss: 0.020578
Train Epoch: 24 [12000/60000 (20%)]	Loss: 0.062694
Train Epoch: 24 [14000/60000 (23%)]	Loss: 0.043846
Train Epoch: 24 [16000/60000 (27%)]	Loss: 0.037272
Train Epoch: 24 [18000/60000 (30%)]	Loss: 0.028495
Train Epoch: 24 [20000/60000 (33%)]	Loss: 0.007133
Train Epoch: 24 [22000/60000 (37%)]	Loss: 0.042120
Train Epoch: 24 [24000/60000 (40%)]	Loss: 0.087748
Train Epoch: 24 [26000/60000 (43%)]	Loss: 0.010287
Train Epoch: 24 [28000/60000 (47%)]	Loss: 0.000427
Train Epoch: 24 [30000/60000 (50%)]	Loss: 0.009973
Train Epoch: 24 [32000/60000 (53%)]	Loss: 0.005481
Train Epoch: 24 [34000/60000 (57%)]	Loss: 0.041291
Train Epoch: 24 [36000/60000 (60%)]	Loss: 0.038702
Train Epoch: 24 [38000/60000 (63%)]	Loss: 0.065785
Train Epoch: 24 [40000/60000 (67%)]	Loss: 0.001623
Train Epoch: 24 [42000/60000 (70%)]	Loss: 0.013708
Train Epoch: 24 [44000/60000 (73%)]	Loss: 0.008310
Train Epoch: 24 [46000/60000 (77%)]	Loss: 0.032791
Train Epoch: 24 [48000/60000 (80%)]	Loss: 0.026948
Train Epoch: 24 [50000/60000 (83%)]	Loss: 0.051056
Train Epoch: 24 [52000/60000 (87%)]	Loss: 0.029103
Train Epoch: 24 [54000/60000 (90%)]	Loss: 0.003524
Train Epoch: 24 [56000/60000 (93%)]	Loss: 0.002786
Train Epoch: 24 [58000/60000 (97%)]	Loss: 0.008021
Train Epoch: 24 [60000/60000 (100%)]	Loss: 0.031985

Average Training loss: 0.0014, Training Error Rate: 3.12% (1874/60000)


Average Test loss: 0.0000, Test Error Rate: 3.89% (389/10000)

Train Epoch: 25 [2000/60000 (3%)]	Loss: 0.022600
Train Epoch: 25 [4000/60000 (7%)]	Loss: 0.081474
Train Epoch: 25 [6000/60000 (10%)]	Loss: 0.008009
Train Epoch: 25 [8000/60000 (13%)]	Loss: 0.001877
Train Epoch: 25 [10000/60000 (17%)]	Loss: 0.000731
Train Epoch: 25 [12000/60000 (20%)]	Loss: 0.001908
Train Epoch: 25 [14000/60000 (23%)]	Loss: 0.014113
Train Epoch: 25 [16000/60000 (27%)]	Loss: 0.018181
Train Epoch: 25 [18000/60000 (30%)]	Loss: 0.085018
Train Epoch: 25 [20000/60000 (33%)]	Loss: 0.059785
Train Epoch: 25 [22000/60000 (37%)]	Loss: 0.000826
Train Epoch: 25 [24000/60000 (40%)]	Loss: 0.007745
Train Epoch: 25 [26000/60000 (43%)]	Loss: 0.016962
Train Epoch: 25 [28000/60000 (47%)]	Loss: 0.029440
Train Epoch: 25 [30000/60000 (50%)]	Loss: 0.059883
Train Epoch: 25 [32000/60000 (53%)]	Loss: 0.003443
Train Epoch: 25 [34000/60000 (57%)]	Loss: 0.023650
Train Epoch: 25 [36000/60000 (60%)]	Loss: 0.042806
Train Epoch: 25 [38000/60000 (63%)]	Loss: 0.002450
Train Epoch: 25 [40000/60000 (67%)]	Loss: 0.010668
Train Epoch: 25 [42000/60000 (70%)]	Loss: 0.052335
Train Epoch: 25 [44000/60000 (73%)]	Loss: 0.072373
Train Epoch: 25 [46000/60000 (77%)]	Loss: 0.014010
Train Epoch: 25 [48000/60000 (80%)]	Loss: 0.007332
Train Epoch: 25 [50000/60000 (83%)]	Loss: 0.015906
Train Epoch: 25 [52000/60000 (87%)]	Loss: 0.042746
Train Epoch: 25 [54000/60000 (90%)]	Loss: 0.001955
Train Epoch: 25 [56000/60000 (93%)]	Loss: 0.002280
Train Epoch: 25 [58000/60000 (97%)]	Loss: 0.002411
Train Epoch: 25 [60000/60000 (100%)]	Loss: 0.003771

Average Training loss: 0.0014, Training Error Rate: 3.01% (1807/60000)


Average Test loss: 0.0000, Test Error Rate: 4.06% (406/10000)

Train Epoch: 26 [2000/60000 (3%)]	Loss: 0.015847
Train Epoch: 26 [4000/60000 (7%)]	Loss: 0.056546
Train Epoch: 26 [6000/60000 (10%)]	Loss: 0.054378
Train Epoch: 26 [8000/60000 (13%)]	Loss: 0.003084
Train Epoch: 26 [10000/60000 (17%)]	Loss: 0.015353
Train Epoch: 26 [12000/60000 (20%)]	Loss: 0.003690
Train Epoch: 26 [14000/60000 (23%)]	Loss: 0.096530
Train Epoch: 26 [16000/60000 (27%)]	Loss: 0.000871
Train Epoch: 26 [18000/60000 (30%)]	Loss: 0.080878
Train Epoch: 26 [20000/60000 (33%)]	Loss: 0.033403
Train Epoch: 26 [22000/60000 (37%)]	Loss: 0.038550
Train Epoch: 26 [24000/60000 (40%)]	Loss: 0.002387
Train Epoch: 26 [26000/60000 (43%)]	Loss: 0.029459
Train Epoch: 26 [28000/60000 (47%)]	Loss: 0.000390
Train Epoch: 26 [30000/60000 (50%)]	Loss: 0.003225
Train Epoch: 26 [32000/60000 (53%)]	Loss: 0.061668
Train Epoch: 26 [34000/60000 (57%)]	Loss: 0.005570
Train Epoch: 26 [36000/60000 (60%)]	Loss: 0.000510
Train Epoch: 26 [38000/60000 (63%)]	Loss: 0.014232
Train Epoch: 26 [40000/60000 (67%)]	Loss: 0.050478
Train Epoch: 26 [42000/60000 (70%)]	Loss: 0.002101
Train Epoch: 26 [44000/60000 (73%)]	Loss: 0.000813
Train Epoch: 26 [46000/60000 (77%)]	Loss: 0.003257
Train Epoch: 26 [48000/60000 (80%)]	Loss: 0.059254
Train Epoch: 26 [50000/60000 (83%)]	Loss: 0.027009
Train Epoch: 26 [52000/60000 (87%)]	Loss: 0.017256
Train Epoch: 26 [54000/60000 (90%)]	Loss: 0.020196
Train Epoch: 26 [56000/60000 (93%)]	Loss: 0.027654
Train Epoch: 26 [58000/60000 (97%)]	Loss: 0.000832
Train Epoch: 26 [60000/60000 (100%)]	Loss: 0.016772

Average Training loss: 0.0013, Training Error Rate: 2.87% (1721/60000)


Average Test loss: 0.0000, Test Error Rate: 3.73% (373/10000)

Train Epoch: 27 [2000/60000 (3%)]	Loss: 0.022072
Train Epoch: 27 [4000/60000 (7%)]	Loss: 0.051692
Train Epoch: 27 [6000/60000 (10%)]	Loss: 0.026556
Train Epoch: 27 [8000/60000 (13%)]	Loss: 0.017649
Train Epoch: 27 [10000/60000 (17%)]	Loss: 0.001800
Train Epoch: 27 [12000/60000 (20%)]	Loss: 0.054250
Train Epoch: 27 [14000/60000 (23%)]	Loss: 0.049895
Train Epoch: 27 [16000/60000 (27%)]	Loss: 0.002259
Train Epoch: 27 [18000/60000 (30%)]	Loss: 0.111214
Train Epoch: 27 [20000/60000 (33%)]	Loss: 0.112574
Train Epoch: 27 [22000/60000 (37%)]	Loss: 0.016281
Train Epoch: 27 [24000/60000 (40%)]	Loss: 0.007161
Train Epoch: 27 [26000/60000 (43%)]	Loss: 0.052859
Train Epoch: 27 [28000/60000 (47%)]	Loss: 0.004386
Train Epoch: 27 [30000/60000 (50%)]	Loss: 0.002938
Train Epoch: 27 [32000/60000 (53%)]	Loss: 0.013320
Train Epoch: 27 [34000/60000 (57%)]	Loss: 0.078462
Train Epoch: 27 [36000/60000 (60%)]	Loss: 0.004577
Train Epoch: 27 [38000/60000 (63%)]	Loss: 0.002633
Train Epoch: 27 [40000/60000 (67%)]	Loss: 0.001267
Train Epoch: 27 [42000/60000 (70%)]	Loss: 0.009865
Train Epoch: 27 [44000/60000 (73%)]	Loss: 0.013439
Train Epoch: 27 [46000/60000 (77%)]	Loss: 0.006401
Train Epoch: 27 [48000/60000 (80%)]	Loss: 0.010294
Train Epoch: 27 [50000/60000 (83%)]	Loss: 0.001105
Train Epoch: 27 [52000/60000 (87%)]	Loss: 0.001992
Train Epoch: 27 [54000/60000 (90%)]	Loss: 0.028660
Train Epoch: 27 [56000/60000 (93%)]	Loss: 0.005063
Train Epoch: 27 [58000/60000 (97%)]	Loss: 0.026407
Train Epoch: 27 [60000/60000 (100%)]	Loss: 0.005850

Average Training loss: 0.0014, Training Error Rate: 3.00% (1798/60000)


Average Test loss: 0.0000, Test Error Rate: 3.93% (393/10000)

Train Epoch: 28 [2000/60000 (3%)]	Loss: 0.000296
Train Epoch: 28 [4000/60000 (7%)]	Loss: 0.022989
Train Epoch: 28 [6000/60000 (10%)]	Loss: 0.051181
Train Epoch: 28 [8000/60000 (13%)]	Loss: 0.000664
Train Epoch: 28 [10000/60000 (17%)]	Loss: 0.002325
Train Epoch: 28 [12000/60000 (20%)]	Loss: 0.001246
Train Epoch: 28 [14000/60000 (23%)]	Loss: 0.006901
Train Epoch: 28 [16000/60000 (27%)]	Loss: 0.019877
Train Epoch: 28 [18000/60000 (30%)]	Loss: 0.073102
Train Epoch: 28 [20000/60000 (33%)]	Loss: 0.126804
Train Epoch: 28 [22000/60000 (37%)]	Loss: 0.050812
Train Epoch: 28 [24000/60000 (40%)]	Loss: 0.000815
Train Epoch: 28 [26000/60000 (43%)]	Loss: 0.058988
Train Epoch: 28 [28000/60000 (47%)]	Loss: 0.070612
Train Epoch: 28 [30000/60000 (50%)]	Loss: 0.003805
Train Epoch: 28 [32000/60000 (53%)]	Loss: 0.002594
Train Epoch: 28 [34000/60000 (57%)]	Loss: 0.010993
Train Epoch: 28 [36000/60000 (60%)]	Loss: 0.001655
Train Epoch: 28 [38000/60000 (63%)]	Loss: 0.042851
Train Epoch: 28 [40000/60000 (67%)]	Loss: 0.008794
Train Epoch: 28 [42000/60000 (70%)]	Loss: 0.055941
Train Epoch: 28 [44000/60000 (73%)]	Loss: 0.013931
Train Epoch: 28 [46000/60000 (77%)]	Loss: 0.000760
Train Epoch: 28 [48000/60000 (80%)]	Loss: 0.050477
Train Epoch: 28 [50000/60000 (83%)]	Loss: 0.025698
Train Epoch: 28 [52000/60000 (87%)]	Loss: 0.010160
Train Epoch: 28 [54000/60000 (90%)]	Loss: 0.002476
Train Epoch: 28 [56000/60000 (93%)]	Loss: 0.006441
Train Epoch: 28 [58000/60000 (97%)]	Loss: 0.064930
Train Epoch: 28 [60000/60000 (100%)]	Loss: 0.103205

Average Training loss: 0.0013, Training Error Rate: 2.87% (1724/60000)


Average Test loss: 0.0000, Test Error Rate: 3.63% (363/10000)

Train Epoch: 29 [2000/60000 (3%)]	Loss: 0.058043
Train Epoch: 29 [4000/60000 (7%)]	Loss: 0.027237
Train Epoch: 29 [6000/60000 (10%)]	Loss: 0.011189
Train Epoch: 29 [8000/60000 (13%)]	Loss: 0.088633
Train Epoch: 29 [10000/60000 (17%)]	Loss: 0.004035
Train Epoch: 29 [12000/60000 (20%)]	Loss: 0.047163
Train Epoch: 29 [14000/60000 (23%)]	Loss: 0.069525
Train Epoch: 29 [16000/60000 (27%)]	Loss: 0.045050
Train Epoch: 29 [18000/60000 (30%)]	Loss: 0.003634
Train Epoch: 29 [20000/60000 (33%)]	Loss: 0.001379
Train Epoch: 29 [22000/60000 (37%)]	Loss: 0.072026
Train Epoch: 29 [24000/60000 (40%)]	Loss: 0.001130
Train Epoch: 29 [26000/60000 (43%)]	Loss: 0.046327
Train Epoch: 29 [28000/60000 (47%)]	Loss: 0.000493
Train Epoch: 29 [30000/60000 (50%)]	Loss: 0.053320
Train Epoch: 29 [32000/60000 (53%)]	Loss: 0.015354
Train Epoch: 29 [34000/60000 (57%)]	Loss: 0.067405
Train Epoch: 29 [36000/60000 (60%)]	Loss: 0.001480
Train Epoch: 29 [38000/60000 (63%)]	Loss: 0.001674
Train Epoch: 29 [40000/60000 (67%)]	Loss: 0.034934
Train Epoch: 29 [42000/60000 (70%)]	Loss: 0.028551
Train Epoch: 29 [44000/60000 (73%)]	Loss: 0.026790
Train Epoch: 29 [46000/60000 (77%)]	Loss: 0.004534
Train Epoch: 29 [48000/60000 (80%)]	Loss: 0.001127
Train Epoch: 29 [50000/60000 (83%)]	Loss: 0.089131
Train Epoch: 29 [52000/60000 (87%)]	Loss: 0.042091
Train Epoch: 29 [54000/60000 (90%)]	Loss: 0.140533
Train Epoch: 29 [56000/60000 (93%)]	Loss: 0.013991
Train Epoch: 29 [58000/60000 (97%)]	Loss: 0.002849
Train Epoch: 29 [60000/60000 (100%)]	Loss: 0.012383

Average Training loss: 0.0013, Training Error Rate: 2.84% (1705/60000)


Average Test loss: 0.0000, Test Error Rate: 3.99% (399/10000)

/vast/home/ajherman/miniconda3/envs/pytorch/lib/python3.11/site-packages/torchvision/io/image.py:13: UserWarning: Failed to load image Python extension: '/vast/home/ajherman/miniconda3/envs/pytorch/lib/python3.11/site-packages/torchvision/image.so: undefined symbol: _ZN5torch3jit17parseSchemaOrNameERKNSt7__cxx1112basic_stringIcSt11char_traitsIcESaIcEEE'If you don't plan on using image functionality from `torchvision.io`, you can ignore this warning. Otherwise, there might be something wrong with your environment. Did you have `libjpeg` or `libpng` installed before building `torchvision` from source?
  warn(
Random seed set as 42
dt =  0.15575468523317704
trace decay =  0.7194860746862861
Random seed set as 42
dt =  0.15575468523317704
trace decay =  0.7194860746862861
Train Epoch: 0 [2000/60000 (3%)]	Loss: 0.438131
Train Epoch: 0 [4000/60000 (7%)]	Loss: 0.378661
Train Epoch: 0 [6000/60000 (10%)]	Loss: 0.340379
Train Epoch: 0 [8000/60000 (13%)]	Loss: 0.341553
Train Epoch: 0 [10000/60000 (17%)]	Loss: 0.329022
Train Epoch: 0 [12000/60000 (20%)]	Loss: 0.252000
Train Epoch: 0 [14000/60000 (23%)]	Loss: 0.226585
Train Epoch: 0 [16000/60000 (27%)]	Loss: 0.242504
Train Epoch: 0 [18000/60000 (30%)]	Loss: 0.190364
Train Epoch: 0 [20000/60000 (33%)]	Loss: 0.224675
Train Epoch: 0 [22000/60000 (37%)]	Loss: 0.214847
Train Epoch: 0 [24000/60000 (40%)]	Loss: 0.257148
Train Epoch: 0 [26000/60000 (43%)]	Loss: 0.220125
Train Epoch: 0 [28000/60000 (47%)]	Loss: 0.160272
Train Epoch: 0 [30000/60000 (50%)]	Loss: 0.240842
Train Epoch: 0 [32000/60000 (53%)]	Loss: 0.196118
Train Epoch: 0 [34000/60000 (57%)]	Loss: 0.181015
Train Epoch: 0 [36000/60000 (60%)]	Loss: 0.196774
Train Epoch: 0 [38000/60000 (63%)]	Loss: 0.232602
Train Epoch: 0 [40000/60000 (67%)]	Loss: 0.139945
Train Epoch: 0 [42000/60000 (70%)]	Loss: 0.122215
Train Epoch: 0 [44000/60000 (73%)]	Loss: 0.225790
Train Epoch: 0 [46000/60000 (77%)]	Loss: 0.148142
Train Epoch: 0 [48000/60000 (80%)]	Loss: 0.154237
Train Epoch: 0 [50000/60000 (83%)]	Loss: 0.181061
Train Epoch: 0 [52000/60000 (87%)]	Loss: 0.136454
Train Epoch: 0 [54000/60000 (90%)]	Loss: 0.148069
Train Epoch: 0 [56000/60000 (93%)]	Loss: 0.125049
Train Epoch: 0 [58000/60000 (97%)]	Loss: 0.095139
Train Epoch: 0 [60000/60000 (100%)]	Loss: 0.187179

Average Training loss: 0.0116, Training Error Rate: 19.66% (11799/60000)


Average Test loss: 0.0002, Test Error Rate: 10.96% (1096/10000)

Train Epoch: 1 [2000/60000 (3%)]	Loss: 0.118422
Train Epoch: 1 [4000/60000 (7%)]	Loss: 0.133613
Train Epoch: 1 [6000/60000 (10%)]	Loss: 0.208472
Train Epoch: 1 [8000/60000 (13%)]	Loss: 0.119491
Train Epoch: 1 [10000/60000 (17%)]	Loss: 0.193815
Train Epoch: 1 [12000/60000 (20%)]	Loss: 0.150745
Train Epoch: 1 [14000/60000 (23%)]	Loss: 0.117897
Train Epoch: 1 [16000/60000 (27%)]	Loss: 0.240463
Train Epoch: 1 [18000/60000 (30%)]	Loss: 0.201244
Train Epoch: 1 [20000/60000 (33%)]	Loss: 0.138710
Train Epoch: 1 [22000/60000 (37%)]	Loss: 0.146627
Train Epoch: 1 [24000/60000 (40%)]	Loss: 0.117249
Train Epoch: 1 [26000/60000 (43%)]	Loss: 0.228733
Train Epoch: 1 [28000/60000 (47%)]	Loss: 0.151853
Train Epoch: 1 [30000/60000 (50%)]	Loss: 0.090162
Train Epoch: 1 [32000/60000 (53%)]	Loss: 0.131013
Train Epoch: 1 [34000/60000 (57%)]	Loss: 0.151947
Train Epoch: 1 [36000/60000 (60%)]	Loss: 0.194219
Train Epoch: 1 [38000/60000 (63%)]	Loss: 0.148142
Train Epoch: 1 [40000/60000 (67%)]	Loss: 0.147514
Train Epoch: 1 [42000/60000 (70%)]	Loss: 0.147363
Train Epoch: 1 [44000/60000 (73%)]	Loss: 0.074836
Train Epoch: 1 [46000/60000 (77%)]	Loss: 0.154204
Train Epoch: 1 [48000/60000 (80%)]	Loss: 0.122213
Train Epoch: 1 [50000/60000 (83%)]	Loss: 0.191294
Train Epoch: 1 [52000/60000 (87%)]	Loss: 0.127370
Train Epoch: 1 [54000/60000 (90%)]	Loss: 0.101681
Train Epoch: 1 [56000/60000 (93%)]	Loss: 0.098339
Train Epoch: 1 [58000/60000 (97%)]	Loss: 0.101931
Train Epoch: 1 [60000/60000 (100%)]	Loss: 0.084880

Average Training loss: 0.0074, Training Error Rate: 10.60% (6361/60000)


Average Test loss: 0.0001, Test Error Rate: 9.32% (932/10000)

Train Epoch: 2 [2000/60000 (3%)]	Loss: 0.142430
Train Epoch: 2 [4000/60000 (7%)]	Loss: 0.112927
Train Epoch: 2 [6000/60000 (10%)]	Loss: 0.112163
Train Epoch: 2 [8000/60000 (13%)]	Loss: 0.137226
Train Epoch: 2 [10000/60000 (17%)]	Loss: 0.174623
Train Epoch: 2 [12000/60000 (20%)]	Loss: 0.111075
Train Epoch: 2 [14000/60000 (23%)]	Loss: 0.148070
Train Epoch: 2 [16000/60000 (27%)]	Loss: 0.140802
Train Epoch: 2 [18000/60000 (30%)]	Loss: 0.114873
Train Epoch: 2 [20000/60000 (33%)]	Loss: 0.086974
Train Epoch: 2 [22000/60000 (37%)]	Loss: 0.125275
Train Epoch: 2 [24000/60000 (40%)]	Loss: 0.155557
Train Epoch: 2 [26000/60000 (43%)]	Loss: 0.112004
Train Epoch: 2 [28000/60000 (47%)]	Loss: 0.080521
Train Epoch: 2 [30000/60000 (50%)]	Loss: 0.087114
Train Epoch: 2 [32000/60000 (53%)]	Loss: 0.165522
Train Epoch: 2 [34000/60000 (57%)]	Loss: 0.145495
Train Epoch: 2 [36000/60000 (60%)]	Loss: 0.137956
Train Epoch: 2 [38000/60000 (63%)]	Loss: 0.075658
Train Epoch: 2 [40000/60000 (67%)]	Loss: 0.076516
Train Epoch: 2 [42000/60000 (70%)]	Loss: 0.120277
Train Epoch: 2 [44000/60000 (73%)]	Loss: 0.153351
Train Epoch: 2 [46000/60000 (77%)]	Loss: 0.130317
Train Epoch: 2 [48000/60000 (80%)]	Loss: 0.093057
Train Epoch: 2 [50000/60000 (83%)]	Loss: 0.113740
Train Epoch: 2 [52000/60000 (87%)]	Loss: 0.103152
Train Epoch: 2 [54000/60000 (90%)]	Loss: 0.098020
Train Epoch: 2 [56000/60000 (93%)]	Loss: 0.123241
Train Epoch: 2 [58000/60000 (97%)]	Loss: 0.101025
Train Epoch: 2 [60000/60000 (100%)]	Loss: 0.143659

Average Training loss: 0.0062, Training Error Rate: 9.02% (5410/60000)


Average Test loss: 0.0001, Test Error Rate: 8.02% (802/10000)

Train Epoch: 3 [2000/60000 (3%)]	Loss: 0.187123
Train Epoch: 3 [4000/60000 (7%)]	Loss: 0.082467
Train Epoch: 3 [6000/60000 (10%)]	Loss: 0.092783
Train Epoch: 3 [8000/60000 (13%)]	Loss: 0.133023
Train Epoch: 3 [10000/60000 (17%)]	Loss: 0.109547
Train Epoch: 3 [12000/60000 (20%)]	Loss: 0.095576
Train Epoch: 3 [14000/60000 (23%)]	Loss: 0.175192
Train Epoch: 3 [16000/60000 (27%)]	Loss: 0.125884
Train Epoch: 3 [18000/60000 (30%)]	Loss: 0.117332
Train Epoch: 3 [20000/60000 (33%)]	Loss: 0.063499
Train Epoch: 3 [22000/60000 (37%)]	Loss: 0.109216
Train Epoch: 3 [24000/60000 (40%)]	Loss: 0.101124
Train Epoch: 3 [26000/60000 (43%)]	Loss: 0.083939
Train Epoch: 3 [28000/60000 (47%)]	Loss: 0.076073
Train Epoch: 3 [30000/60000 (50%)]	Loss: 0.097335
Train Epoch: 3 [32000/60000 (53%)]	Loss: 0.109087
Train Epoch: 3 [34000/60000 (57%)]	Loss: 0.179868
Train Epoch: 3 [36000/60000 (60%)]	Loss: 0.120154
Train Epoch: 3 [38000/60000 (63%)]	Loss: 0.112924
Train Epoch: 3 [40000/60000 (67%)]	Loss: 0.155176
Train Epoch: 3 [42000/60000 (70%)]	Loss: 0.087389
Train Epoch: 3 [44000/60000 (73%)]	Loss: 0.106729
Train Epoch: 3 [46000/60000 (77%)]	Loss: 0.038310
Train Epoch: 3 [48000/60000 (80%)]	Loss: 0.058611
Train Epoch: 3 [50000/60000 (83%)]	Loss: 0.103185
Train Epoch: 3 [52000/60000 (87%)]	Loss: 0.096401
Train Epoch: 3 [54000/60000 (90%)]	Loss: 0.117843
Train Epoch: 3 [56000/60000 (93%)]	Loss: 0.027651
Train Epoch: 3 [58000/60000 (97%)]	Loss: 0.043518
Train Epoch: 3 [60000/60000 (100%)]	Loss: 0.074723

Average Training loss: 0.0053, Training Error Rate: 7.98% (4788/60000)


Average Test loss: 0.0001, Test Error Rate: 7.25% (725/10000)

Train Epoch: 4 [2000/60000 (3%)]	Loss: 0.051020
Train Epoch: 4 [4000/60000 (7%)]	Loss: 0.071652
Train Epoch: 4 [6000/60000 (10%)]	Loss: 0.056014
Train Epoch: 4 [8000/60000 (13%)]	Loss: 0.062183
Train Epoch: 4 [10000/60000 (17%)]	Loss: 0.078767
Train Epoch: 4 [12000/60000 (20%)]	Loss: 0.082279
Train Epoch: 4 [14000/60000 (23%)]	Loss: 0.084036
Train Epoch: 4 [16000/60000 (27%)]	Loss: 0.099172
Train Epoch: 4 [18000/60000 (30%)]	Loss: 0.088041
Train Epoch: 4 [20000/60000 (33%)]	Loss: 0.083081
Train Epoch: 4 [22000/60000 (37%)]	Loss: 0.060239
Train Epoch: 4 [24000/60000 (40%)]	Loss: 0.105414
Train Epoch: 4 [26000/60000 (43%)]	Loss: 0.075602
Train Epoch: 4 [28000/60000 (47%)]	Loss: 0.080186
Train Epoch: 4 [30000/60000 (50%)]	Loss: 0.049383
Train Epoch: 4 [32000/60000 (53%)]	Loss: 0.116379
Train Epoch: 4 [34000/60000 (57%)]	Loss: 0.092399
Train Epoch: 4 [36000/60000 (60%)]	Loss: 0.058095
Train Epoch: 4 [38000/60000 (63%)]	Loss: 0.056420
Train Epoch: 4 [40000/60000 (67%)]	Loss: 0.083243
Train Epoch: 4 [42000/60000 (70%)]	Loss: 0.042984
Train Epoch: 4 [44000/60000 (73%)]	Loss: 0.034243
Train Epoch: 4 [46000/60000 (77%)]	Loss: 0.087174
Train Epoch: 4 [48000/60000 (80%)]	Loss: 0.086271
Train Epoch: 4 [50000/60000 (83%)]	Loss: 0.052795
Train Epoch: 4 [52000/60000 (87%)]	Loss: 0.073590
Train Epoch: 4 [54000/60000 (90%)]	Loss: 0.077839
Train Epoch: 4 [56000/60000 (93%)]	Loss: 0.114662
Train Epoch: 4 [58000/60000 (97%)]	Loss: 0.080369
Train Epoch: 4 [60000/60000 (100%)]	Loss: 0.055043

Average Training loss: 0.0045, Training Error Rate: 7.50% (4503/60000)


Average Test loss: 0.0001, Test Error Rate: 7.09% (709/10000)

Train Epoch: 5 [2000/60000 (3%)]	Loss: 0.046799
Train Epoch: 5 [4000/60000 (7%)]	Loss: 0.057963
Train Epoch: 5 [6000/60000 (10%)]	Loss: 0.151523
Train Epoch: 5 [8000/60000 (13%)]	Loss: 0.130169
Train Epoch: 5 [10000/60000 (17%)]	Loss: 0.049405
Train Epoch: 5 [12000/60000 (20%)]	Loss: 0.101954
Train Epoch: 5 [14000/60000 (23%)]	Loss: 0.058284
Train Epoch: 5 [16000/60000 (27%)]	Loss: 0.102202
Train Epoch: 5 [18000/60000 (30%)]	Loss: 0.080725
Train Epoch: 5 [20000/60000 (33%)]	Loss: 0.123203
Train Epoch: 5 [22000/60000 (37%)]	Loss: 0.066954
Train Epoch: 5 [24000/60000 (40%)]	Loss: 0.131949
Train Epoch: 5 [26000/60000 (43%)]	Loss: 0.081624
Train Epoch: 5 [28000/60000 (47%)]	Loss: 0.037658
Train Epoch: 5 [30000/60000 (50%)]	Loss: 0.068102
Train Epoch: 5 [32000/60000 (53%)]	Loss: 0.067028
Train Epoch: 5 [34000/60000 (57%)]	Loss: 0.073010
Train Epoch: 5 [36000/60000 (60%)]	Loss: 0.043357
Train Epoch: 5 [38000/60000 (63%)]	Loss: 0.072128
Train Epoch: 5 [40000/60000 (67%)]	Loss: 0.120353
Train Epoch: 5 [42000/60000 (70%)]	Loss: 0.068726
Train Epoch: 5 [44000/60000 (73%)]	Loss: 0.072619
Train Epoch: 5 [46000/60000 (77%)]	Loss: 0.056713
Train Epoch: 5 [48000/60000 (80%)]	Loss: 0.154018
Train Epoch: 5 [50000/60000 (83%)]	Loss: 0.130991
Train Epoch: 5 [52000/60000 (87%)]	Loss: 0.072845
Train Epoch: 5 [54000/60000 (90%)]	Loss: 0.082961
Train Epoch: 5 [56000/60000 (93%)]	Loss: 0.123702
Train Epoch: 5 [58000/60000 (97%)]	Loss: 0.066762
Train Epoch: 5 [60000/60000 (100%)]	Loss: 0.067564

Average Training loss: 0.0039, Training Error Rate: 7.04% (4226/60000)


Average Test loss: 0.0001, Test Error Rate: 6.76% (676/10000)

Train Epoch: 6 [2000/60000 (3%)]	Loss: 0.070803
Train Epoch: 6 [4000/60000 (7%)]	Loss: 0.040015
Train Epoch: 6 [6000/60000 (10%)]	Loss: 0.070264
Train Epoch: 6 [8000/60000 (13%)]	Loss: 0.069121
Train Epoch: 6 [10000/60000 (17%)]	Loss: 0.024725
Train Epoch: 6 [12000/60000 (20%)]	Loss: 0.053590
Train Epoch: 6 [14000/60000 (23%)]	Loss: 0.043158
Train Epoch: 6 [16000/60000 (27%)]	Loss: 0.065293
Train Epoch: 6 [18000/60000 (30%)]	Loss: 0.026654
Train Epoch: 6 [20000/60000 (33%)]	Loss: 0.100742
Train Epoch: 6 [22000/60000 (37%)]	Loss: 0.038379
Train Epoch: 6 [24000/60000 (40%)]	Loss: 0.051281
Train Epoch: 6 [26000/60000 (43%)]	Loss: 0.079340
Train Epoch: 6 [28000/60000 (47%)]	Loss: 0.038200
Train Epoch: 6 [30000/60000 (50%)]	Loss: 0.034660
Train Epoch: 6 [32000/60000 (53%)]	Loss: 0.084733
Train Epoch: 6 [34000/60000 (57%)]	Loss: 0.080114
Train Epoch: 6 [36000/60000 (60%)]	Loss: 0.069536
Train Epoch: 6 [38000/60000 (63%)]	Loss: 0.080777
Train Epoch: 6 [40000/60000 (67%)]	Loss: 0.031986
Train Epoch: 6 [42000/60000 (70%)]	Loss: 0.163226
Train Epoch: 6 [44000/60000 (73%)]	Loss: 0.096941
Train Epoch: 6 [46000/60000 (77%)]	Loss: 0.049897
Train Epoch: 6 [48000/60000 (80%)]	Loss: 0.065523
Train Epoch: 6 [50000/60000 (83%)]	Loss: 0.093014
Train Epoch: 6 [52000/60000 (87%)]	Loss: 0.063915
Train Epoch: 6 [54000/60000 (90%)]	Loss: 0.055402
Train Epoch: 6 [56000/60000 (93%)]	Loss: 0.090056
Train Epoch: 6 [58000/60000 (97%)]	Loss: 0.059912
Train Epoch: 6 [60000/60000 (100%)]	Loss: 0.063682

Average Training loss: 0.0035, Training Error Rate: 6.69% (4013/60000)


Average Test loss: 0.0001, Test Error Rate: 6.65% (665/10000)

Train Epoch: 7 [2000/60000 (3%)]	Loss: 0.086358
Train Epoch: 7 [4000/60000 (7%)]	Loss: 0.090522
Train Epoch: 7 [6000/60000 (10%)]	Loss: 0.064738
Train Epoch: 7 [8000/60000 (13%)]	Loss: 0.064591
Train Epoch: 7 [10000/60000 (17%)]	Loss: 0.025394
Train Epoch: 7 [12000/60000 (20%)]	Loss: 0.051187
Train Epoch: 7 [14000/60000 (23%)]	Loss: 0.028265
Train Epoch: 7 [16000/60000 (27%)]	Loss: 0.090026
Train Epoch: 7 [18000/60000 (30%)]	Loss: 0.096861
Train Epoch: 7 [20000/60000 (33%)]	Loss: 0.092098
Train Epoch: 7 [22000/60000 (37%)]	Loss: 0.027712
Train Epoch: 7 [24000/60000 (40%)]	Loss: 0.039958
Train Epoch: 7 [26000/60000 (43%)]	Loss: 0.035329
Train Epoch: 7 [28000/60000 (47%)]	Loss: 0.021116
Train Epoch: 7 [30000/60000 (50%)]	Loss: 0.009529
Train Epoch: 7 [32000/60000 (53%)]	Loss: 0.030708
Train Epoch: 7 [34000/60000 (57%)]	Loss: 0.066599
Train Epoch: 7 [36000/60000 (60%)]	Loss: 0.012593
Train Epoch: 7 [38000/60000 (63%)]	Loss: 0.069460
Train Epoch: 7 [40000/60000 (67%)]	Loss: 0.080137
Train Epoch: 7 [42000/60000 (70%)]	Loss: 0.017119
Train Epoch: 7 [44000/60000 (73%)]	Loss: 0.066577
Train Epoch: 7 [46000/60000 (77%)]	Loss: 0.041457
Train Epoch: 7 [48000/60000 (80%)]	Loss: 0.050172
Train Epoch: 7 [50000/60000 (83%)]	Loss: 0.067534
Train Epoch: 7 [52000/60000 (87%)]	Loss: 0.043592
Train Epoch: 7 [54000/60000 (90%)]	Loss: 0.016437
Train Epoch: 7 [56000/60000 (93%)]	Loss: 0.032814
Train Epoch: 7 [58000/60000 (97%)]	Loss: 0.056551
Train Epoch: 7 [60000/60000 (100%)]	Loss: 0.052759

Average Training loss: 0.0032, Training Error Rate: 6.36% (3817/60000)


Average Test loss: 0.0001, Test Error Rate: 6.16% (616/10000)

Train Epoch: 8 [2000/60000 (3%)]	Loss: 0.060367
Train Epoch: 8 [4000/60000 (7%)]	Loss: 0.090217
Train Epoch: 8 [6000/60000 (10%)]	Loss: 0.052095
Train Epoch: 8 [8000/60000 (13%)]	Loss: 0.074447
Train Epoch: 8 [10000/60000 (17%)]	Loss: 0.017513
Train Epoch: 8 [12000/60000 (20%)]	Loss: 0.101289
Train Epoch: 8 [14000/60000 (23%)]	Loss: 0.052784
Train Epoch: 8 [16000/60000 (27%)]	Loss: 0.052590
Train Epoch: 8 [18000/60000 (30%)]	Loss: 0.036170
Train Epoch: 8 [20000/60000 (33%)]	Loss: 0.028055
Train Epoch: 8 [22000/60000 (37%)]	Loss: 0.089092
Train Epoch: 8 [24000/60000 (40%)]	Loss: 0.038346
Train Epoch: 8 [26000/60000 (43%)]	Loss: 0.037063
Train Epoch: 8 [28000/60000 (47%)]	Loss: 0.006820
Train Epoch: 8 [30000/60000 (50%)]	Loss: 0.051327
Train Epoch: 8 [32000/60000 (53%)]	Loss: 0.071642
Train Epoch: 8 [34000/60000 (57%)]	Loss: 0.084010
Train Epoch: 8 [36000/60000 (60%)]	Loss: 0.087117
Train Epoch: 8 [38000/60000 (63%)]	Loss: 0.088055
Train Epoch: 8 [40000/60000 (67%)]	Loss: 0.082738
Train Epoch: 8 [42000/60000 (70%)]	Loss: 0.068263
Train Epoch: 8 [44000/60000 (73%)]	Loss: 0.017420
Train Epoch: 8 [46000/60000 (77%)]	Loss: 0.042307
Train Epoch: 8 [48000/60000 (80%)]	Loss: 0.099145
Train Epoch: 8 [50000/60000 (83%)]	Loss: 0.068480
Train Epoch: 8 [52000/60000 (87%)]	Loss: 0.021554
Train Epoch: 8 [54000/60000 (90%)]	Loss: 0.110305
Train Epoch: 8 [56000/60000 (93%)]	Loss: 0.054432
Train Epoch: 8 [58000/60000 (97%)]	Loss: 0.110994
Train Epoch: 8 [60000/60000 (100%)]	Loss: 0.025118

Average Training loss: 0.0029, Training Error Rate: 5.89% (3536/60000)


Average Test loss: 0.0001, Test Error Rate: 6.90% (690/10000)

Train Epoch: 9 [2000/60000 (3%)]	Loss: 0.052389
Train Epoch: 9 [4000/60000 (7%)]	Loss: 0.064527
Train Epoch: 9 [6000/60000 (10%)]	Loss: 0.059799
Train Epoch: 9 [8000/60000 (13%)]	Loss: 0.019386
Train Epoch: 9 [10000/60000 (17%)]	Loss: 0.068425
Train Epoch: 9 [12000/60000 (20%)]	Loss: 0.067341
Train Epoch: 9 [14000/60000 (23%)]	Loss: 0.052287
Train Epoch: 9 [16000/60000 (27%)]	Loss: 0.065132
Train Epoch: 9 [18000/60000 (30%)]	Loss: 0.049894
Train Epoch: 9 [20000/60000 (33%)]	Loss: 0.041867
Train Epoch: 9 [22000/60000 (37%)]	Loss: 0.075130
Train Epoch: 9 [24000/60000 (40%)]	Loss: 0.059011
Train Epoch: 9 [26000/60000 (43%)]	Loss: 0.050212
Train Epoch: 9 [28000/60000 (47%)]	Loss: 0.058822
Train Epoch: 9 [30000/60000 (50%)]	Loss: 0.073422
Train Epoch: 9 [32000/60000 (53%)]	Loss: 0.002428
Train Epoch: 9 [34000/60000 (57%)]	Loss: 0.016098
Train Epoch: 9 [36000/60000 (60%)]	Loss: 0.180020
Train Epoch: 9 [38000/60000 (63%)]	Loss: 0.027943
Train Epoch: 9 [40000/60000 (67%)]	Loss: 0.032062
Train Epoch: 9 [42000/60000 (70%)]	Loss: 0.081151
Train Epoch: 9 [44000/60000 (73%)]	Loss: 0.088356
Train Epoch: 9 [46000/60000 (77%)]	Loss: 0.080484
Train Epoch: 9 [48000/60000 (80%)]	Loss: 0.063707
Train Epoch: 9 [50000/60000 (83%)]	Loss: 0.022926
Train Epoch: 9 [52000/60000 (87%)]	Loss: 0.032788
Train Epoch: 9 [54000/60000 (90%)]	Loss: 0.101383
Train Epoch: 9 [56000/60000 (93%)]	Loss: 0.005628
Train Epoch: 9 [58000/60000 (97%)]	Loss: 0.070031
Train Epoch: 9 [60000/60000 (100%)]	Loss: 0.012939

Average Training loss: 0.0027, Training Error Rate: 5.60% (3359/60000)


Average Test loss: 0.0001, Test Error Rate: 5.82% (582/10000)

Train Epoch: 10 [2000/60000 (3%)]	Loss: 0.072895
Train Epoch: 10 [4000/60000 (7%)]	Loss: 0.055698
Train Epoch: 10 [6000/60000 (10%)]	Loss: 0.001740
Train Epoch: 10 [8000/60000 (13%)]	Loss: 0.052247
Train Epoch: 10 [10000/60000 (17%)]	Loss: 0.053027
Train Epoch: 10 [12000/60000 (20%)]	Loss: 0.038094
Train Epoch: 10 [14000/60000 (23%)]	Loss: 0.028525
Train Epoch: 10 [16000/60000 (27%)]	Loss: 0.003078
Train Epoch: 10 [18000/60000 (30%)]	Loss: 0.069312
Train Epoch: 10 [20000/60000 (33%)]	Loss: 0.073004
Train Epoch: 10 [22000/60000 (37%)]	Loss: 0.052219
Train Epoch: 10 [24000/60000 (40%)]	Loss: 0.076811
Train Epoch: 10 [26000/60000 (43%)]	Loss: 0.134145
Train Epoch: 10 [28000/60000 (47%)]	Loss: 0.047429
Train Epoch: 10 [30000/60000 (50%)]	Loss: 0.048848
Train Epoch: 10 [32000/60000 (53%)]	Loss: 0.037489
Train Epoch: 10 [34000/60000 (57%)]	Loss: 0.041791
Train Epoch: 10 [36000/60000 (60%)]	Loss: 0.075188
Train Epoch: 10 [38000/60000 (63%)]	Loss: 0.026726
Train Epoch: 10 [40000/60000 (67%)]	Loss: 0.094688
Train Epoch: 10 [42000/60000 (70%)]	Loss: 0.079264
Train Epoch: 10 [44000/60000 (73%)]	Loss: 0.053969
Train Epoch: 10 [46000/60000 (77%)]	Loss: 0.017639
Train Epoch: 10 [48000/60000 (80%)]	Loss: 0.024612
Train Epoch: 10 [50000/60000 (83%)]	Loss: 0.056133
Train Epoch: 10 [52000/60000 (87%)]	Loss: 0.016011
Train Epoch: 10 [54000/60000 (90%)]	Loss: 0.068401
Train Epoch: 10 [56000/60000 (93%)]	Loss: 0.035601
Train Epoch: 10 [58000/60000 (97%)]	Loss: 0.020563
Train Epoch: 10 [60000/60000 (100%)]	Loss: 0.036683

Average Training loss: 0.0026, Training Error Rate: 5.42% (3255/60000)


Average Test loss: 0.0001, Test Error Rate: 5.38% (538/10000)

Train Epoch: 11 [2000/60000 (3%)]	Loss: 0.053287
Train Epoch: 11 [4000/60000 (7%)]	Loss: 0.053404
Train Epoch: 11 [6000/60000 (10%)]	Loss: 0.061440
Train Epoch: 11 [8000/60000 (13%)]	Loss: 0.006990
Train Epoch: 11 [10000/60000 (17%)]	Loss: 0.065120
Train Epoch: 11 [12000/60000 (20%)]	Loss: 0.030915
Train Epoch: 11 [14000/60000 (23%)]	Loss: 0.096720
Train Epoch: 11 [16000/60000 (27%)]	Loss: 0.087547
Train Epoch: 11 [18000/60000 (30%)]	Loss: 0.002554
Train Epoch: 11 [20000/60000 (33%)]	Loss: 0.054528
Train Epoch: 11 [22000/60000 (37%)]	Loss: 0.029453
Train Epoch: 11 [24000/60000 (40%)]	Loss: 0.037542
Train Epoch: 11 [26000/60000 (43%)]	Loss: 0.087758
Train Epoch: 11 [28000/60000 (47%)]	Loss: 0.067515
Train Epoch: 11 [30000/60000 (50%)]	Loss: 0.010690
Train Epoch: 11 [32000/60000 (53%)]	Loss: 0.016499
Train Epoch: 11 [34000/60000 (57%)]	Loss: 0.076618
Train Epoch: 11 [36000/60000 (60%)]	Loss: 0.040283
Train Epoch: 11 [38000/60000 (63%)]	Loss: 0.022493
Train Epoch: 11 [40000/60000 (67%)]	Loss: 0.041860
Train Epoch: 11 [42000/60000 (70%)]	Loss: 0.001575
Train Epoch: 11 [44000/60000 (73%)]	Loss: 0.088100
Train Epoch: 11 [46000/60000 (77%)]	Loss: 0.042953
Train Epoch: 11 [48000/60000 (80%)]	Loss: 0.067613
Train Epoch: 11 [50000/60000 (83%)]	Loss: 0.036878
Train Epoch: 11 [52000/60000 (87%)]	Loss: 0.051484
Train Epoch: 11 [54000/60000 (90%)]	Loss: 0.103773
Train Epoch: 11 [56000/60000 (93%)]	Loss: 0.045748
Train Epoch: 11 [58000/60000 (97%)]	Loss: 0.042188
Train Epoch: 11 [60000/60000 (100%)]	Loss: 0.092881

Average Training loss: 0.0025, Training Error Rate: 5.18% (3106/60000)


Average Test loss: 0.0001, Test Error Rate: 5.79% (579/10000)

Train Epoch: 12 [2000/60000 (3%)]	Loss: 0.066225
Train Epoch: 12 [4000/60000 (7%)]	Loss: 0.037397
Train Epoch: 12 [6000/60000 (10%)]	Loss: 0.010824
Train Epoch: 12 [8000/60000 (13%)]	Loss: 0.027982
Train Epoch: 12 [10000/60000 (17%)]	Loss: 0.080738
Train Epoch: 12 [12000/60000 (20%)]	Loss: 0.105470
Train Epoch: 12 [14000/60000 (23%)]	Loss: 0.052394
Train Epoch: 12 [16000/60000 (27%)]	Loss: 0.040383
Train Epoch: 12 [18000/60000 (30%)]	Loss: 0.013951
Train Epoch: 12 [20000/60000 (33%)]	Loss: 0.099915
Train Epoch: 12 [22000/60000 (37%)]	Loss: 0.049519
Train Epoch: 12 [24000/60000 (40%)]	Loss: 0.003161
Train Epoch: 12 [26000/60000 (43%)]	Loss: 0.126290
Train Epoch: 12 [28000/60000 (47%)]	Loss: 0.078085
Train Epoch: 12 [30000/60000 (50%)]	Loss: 0.154952
Train Epoch: 12 [32000/60000 (53%)]	Loss: 0.023352
Train Epoch: 12 [34000/60000 (57%)]	Loss: 0.037144
Train Epoch: 12 [36000/60000 (60%)]	Loss: 0.038264
Train Epoch: 12 [38000/60000 (63%)]	Loss: 0.015719
Train Epoch: 12 [40000/60000 (67%)]	Loss: 0.091241
Train Epoch: 12 [42000/60000 (70%)]	Loss: 0.006560
Train Epoch: 12 [44000/60000 (73%)]	Loss: 0.016504
Train Epoch: 12 [46000/60000 (77%)]	Loss: 0.081476
Train Epoch: 12 [48000/60000 (80%)]	Loss: 0.031894
Train Epoch: 12 [50000/60000 (83%)]	Loss: 0.035193
Train Epoch: 12 [52000/60000 (87%)]	Loss: 0.081373
Train Epoch: 12 [54000/60000 (90%)]	Loss: 0.032224
Train Epoch: 12 [56000/60000 (93%)]	Loss: 0.018742
Train Epoch: 12 [58000/60000 (97%)]	Loss: 0.005227
Train Epoch: 12 [60000/60000 (100%)]	Loss: 0.053144

Average Training loss: 0.0023, Training Error Rate: 4.91% (2948/60000)


Average Test loss: 0.0000, Test Error Rate: 5.18% (518/10000)

Train Epoch: 13 [2000/60000 (3%)]	Loss: 0.048687
Train Epoch: 13 [4000/60000 (7%)]	Loss: 0.047982
Train Epoch: 13 [6000/60000 (10%)]	Loss: 0.014820
Train Epoch: 13 [8000/60000 (13%)]	Loss: 0.039925
Train Epoch: 13 [10000/60000 (17%)]	Loss: 0.021091
Train Epoch: 13 [12000/60000 (20%)]	Loss: 0.031815
Train Epoch: 13 [14000/60000 (23%)]	Loss: 0.045419
Train Epoch: 13 [16000/60000 (27%)]	Loss: 0.030484
Train Epoch: 13 [18000/60000 (30%)]	Loss: 0.066019
Train Epoch: 13 [20000/60000 (33%)]	Loss: 0.038003
Train Epoch: 13 [22000/60000 (37%)]	Loss: 0.049994
Train Epoch: 13 [24000/60000 (40%)]	Loss: 0.033762
Train Epoch: 13 [26000/60000 (43%)]	Loss: 0.099278
Train Epoch: 13 [28000/60000 (47%)]	Loss: 0.042917
Train Epoch: 13 [30000/60000 (50%)]	Loss: 0.011681
Train Epoch: 13 [32000/60000 (53%)]	Loss: 0.083158
Train Epoch: 13 [34000/60000 (57%)]	Loss: 0.045374
Train Epoch: 13 [36000/60000 (60%)]	Loss: 0.002494
Train Epoch: 13 [38000/60000 (63%)]	Loss: 0.011364
Train Epoch: 13 [40000/60000 (67%)]	Loss: 0.011766
Train Epoch: 13 [42000/60000 (70%)]	Loss: 0.004728
Train Epoch: 13 [44000/60000 (73%)]	Loss: 0.032888
Train Epoch: 13 [46000/60000 (77%)]	Loss: 0.046756
Train Epoch: 13 [48000/60000 (80%)]	Loss: 0.064824
Train Epoch: 13 [50000/60000 (83%)]	Loss: 0.010217
Train Epoch: 13 [52000/60000 (87%)]	Loss: 0.012047
Train Epoch: 13 [54000/60000 (90%)]	Loss: 0.070717
Train Epoch: 13 [56000/60000 (93%)]	Loss: 0.120584
Train Epoch: 13 [58000/60000 (97%)]	Loss: 0.041778
Train Epoch: 13 [60000/60000 (100%)]	Loss: 0.053926

Average Training loss: 0.0022, Training Error Rate: 4.71% (2824/60000)


Average Test loss: 0.0000, Test Error Rate: 5.15% (515/10000)

Train Epoch: 14 [2000/60000 (3%)]	Loss: 0.016618
Train Epoch: 14 [4000/60000 (7%)]	Loss: 0.002993
Train Epoch: 14 [6000/60000 (10%)]	Loss: 0.035935
Train Epoch: 14 [8000/60000 (13%)]	Loss: 0.015168
Train Epoch: 14 [10000/60000 (17%)]	Loss: 0.018943
Train Epoch: 14 [12000/60000 (20%)]	Loss: 0.027729
Train Epoch: 14 [14000/60000 (23%)]	Loss: 0.060573
Train Epoch: 14 [16000/60000 (27%)]	Loss: 0.037021
Train Epoch: 14 [18000/60000 (30%)]	Loss: 0.058039
Train Epoch: 14 [20000/60000 (33%)]	Loss: 0.016301
Train Epoch: 14 [22000/60000 (37%)]	Loss: 0.028970
Train Epoch: 14 [24000/60000 (40%)]	Loss: 0.005275
Train Epoch: 14 [26000/60000 (43%)]	Loss: 0.021256
Train Epoch: 14 [28000/60000 (47%)]	Loss: 0.036983
Train Epoch: 14 [30000/60000 (50%)]	Loss: 0.054679
Train Epoch: 14 [32000/60000 (53%)]	Loss: 0.070079
Train Epoch: 14 [34000/60000 (57%)]	Loss: 0.040334
Train Epoch: 14 [36000/60000 (60%)]	Loss: 0.007874
Train Epoch: 14 [38000/60000 (63%)]	Loss: 0.059151
Train Epoch: 14 [40000/60000 (67%)]	Loss: 0.051941
Train Epoch: 14 [42000/60000 (70%)]	Loss: 0.083515
Train Epoch: 14 [44000/60000 (73%)]	Loss: 0.021470
Train Epoch: 14 [46000/60000 (77%)]	Loss: 0.061768
Train Epoch: 14 [48000/60000 (80%)]	Loss: 0.028501
Train Epoch: 14 [50000/60000 (83%)]	Loss: 0.000944
Train Epoch: 14 [52000/60000 (87%)]	Loss: 0.009267
Train Epoch: 14 [54000/60000 (90%)]	Loss: 0.003267
Train Epoch: 14 [56000/60000 (93%)]	Loss: 0.082655
Train Epoch: 14 [58000/60000 (97%)]	Loss: 0.048713
Train Epoch: 14 [60000/60000 (100%)]	Loss: 0.052650

Average Training loss: 0.0021, Training Error Rate: 4.50% (2703/60000)


Average Test loss: 0.0000, Test Error Rate: 4.80% (480/10000)

Train Epoch: 15 [2000/60000 (3%)]	Loss: 0.002589
Train Epoch: 15 [4000/60000 (7%)]	Loss: 0.053471
Train Epoch: 15 [6000/60000 (10%)]	Loss: 0.016173
Train Epoch: 15 [8000/60000 (13%)]	Loss: 0.052338
Train Epoch: 15 [10000/60000 (17%)]	Loss: 0.035227
Train Epoch: 15 [12000/60000 (20%)]	Loss: 0.011987
Train Epoch: 15 [14000/60000 (23%)]	Loss: 0.016556
Train Epoch: 15 [16000/60000 (27%)]	Loss: 0.084181
Train Epoch: 15 [18000/60000 (30%)]	Loss: 0.025440
Train Epoch: 15 [20000/60000 (33%)]	Loss: 0.050012
Train Epoch: 15 [22000/60000 (37%)]	Loss: 0.011065
Train Epoch: 15 [24000/60000 (40%)]	Loss: 0.049686
Train Epoch: 15 [26000/60000 (43%)]	Loss: 0.022567
Train Epoch: 15 [28000/60000 (47%)]	Loss: 0.038780
Train Epoch: 15 [30000/60000 (50%)]	Loss: 0.000656
Train Epoch: 15 [32000/60000 (53%)]	Loss: 0.020791
Train Epoch: 15 [34000/60000 (57%)]	Loss: 0.067173
Train Epoch: 15 [36000/60000 (60%)]	Loss: 0.056217
Train Epoch: 15 [38000/60000 (63%)]	Loss: 0.005308
Train Epoch: 15 [40000/60000 (67%)]	Loss: 0.074745
Train Epoch: 15 [42000/60000 (70%)]	Loss: 0.056553
Train Epoch: 15 [44000/60000 (73%)]	Loss: 0.061790
Train Epoch: 15 [46000/60000 (77%)]	Loss: 0.028016
Train Epoch: 15 [48000/60000 (80%)]	Loss: 0.046632
Train Epoch: 15 [50000/60000 (83%)]	Loss: 0.057054
Train Epoch: 15 [52000/60000 (87%)]	Loss: 0.040708
Train Epoch: 15 [54000/60000 (90%)]	Loss: 0.044153
Train Epoch: 15 [56000/60000 (93%)]	Loss: 0.008057
Train Epoch: 15 [58000/60000 (97%)]	Loss: 0.139611
Train Epoch: 15 [60000/60000 (100%)]	Loss: 0.036967

Average Training loss: 0.0020, Training Error Rate: 4.44% (2664/60000)


Average Test loss: 0.0000, Test Error Rate: 4.99% (499/10000)

Train Epoch: 16 [2000/60000 (3%)]	Loss: 0.016823
Train Epoch: 16 [4000/60000 (7%)]	Loss: 0.030024
Train Epoch: 16 [6000/60000 (10%)]	Loss: 0.004625
Train Epoch: 16 [8000/60000 (13%)]	Loss: 0.080490
Train Epoch: 16 [10000/60000 (17%)]	Loss: 0.113125
Train Epoch: 16 [12000/60000 (20%)]	Loss: 0.025026
Train Epoch: 16 [14000/60000 (23%)]	Loss: 0.088033
Train Epoch: 16 [16000/60000 (27%)]	Loss: 0.033427
Train Epoch: 16 [18000/60000 (30%)]	Loss: 0.073357
Train Epoch: 16 [20000/60000 (33%)]	Loss: 0.016733
Train Epoch: 16 [22000/60000 (37%)]	Loss: 0.013070
Train Epoch: 16 [24000/60000 (40%)]	Loss: 0.065750
Train Epoch: 16 [26000/60000 (43%)]	Loss: 0.077078
Train Epoch: 16 [28000/60000 (47%)]	Loss: 0.061856
Train Epoch: 16 [30000/60000 (50%)]	Loss: 0.006445
Train Epoch: 16 [32000/60000 (53%)]	Loss: 0.049525
Train Epoch: 16 [34000/60000 (57%)]	Loss: 0.012348
Train Epoch: 16 [36000/60000 (60%)]	Loss: 0.027925
Train Epoch: 16 [38000/60000 (63%)]	Loss: 0.042013
Train Epoch: 16 [40000/60000 (67%)]	Loss: 0.084272
Train Epoch: 16 [42000/60000 (70%)]	Loss: 0.020018
Train Epoch: 16 [44000/60000 (73%)]	Loss: 0.009723
Train Epoch: 16 [46000/60000 (77%)]	Loss: 0.042790
Train Epoch: 16 [48000/60000 (80%)]	Loss: 0.014530
Train Epoch: 16 [50000/60000 (83%)]	Loss: 0.039002
Train Epoch: 16 [52000/60000 (87%)]	Loss: 0.092372
Train Epoch: 16 [54000/60000 (90%)]	Loss: 0.003893
Train Epoch: 16 [56000/60000 (93%)]	Loss: 0.072827
Train Epoch: 16 [58000/60000 (97%)]	Loss: 0.004102
Train Epoch: 16 [60000/60000 (100%)]	Loss: 0.017437

Average Training loss: 0.0020, Training Error Rate: 4.32% (2589/60000)


Average Test loss: 0.0000, Test Error Rate: 4.91% (491/10000)

Train Epoch: 17 [2000/60000 (3%)]	Loss: 0.002737
Train Epoch: 17 [4000/60000 (7%)]	Loss: 0.001452
Train Epoch: 17 [6000/60000 (10%)]	Loss: 0.077502
Train Epoch: 17 [8000/60000 (13%)]	Loss: 0.049849
Train Epoch: 17 [10000/60000 (17%)]	Loss: 0.020613
Train Epoch: 17 [12000/60000 (20%)]	Loss: 0.061870
Train Epoch: 17 [14000/60000 (23%)]	Loss: 0.042423
Train Epoch: 17 [16000/60000 (27%)]	Loss: 0.030087
Train Epoch: 17 [18000/60000 (30%)]	Loss: 0.067914
Train Epoch: 17 [20000/60000 (33%)]	Loss: 0.092165
Train Epoch: 17 [22000/60000 (37%)]	Loss: 0.029289
Train Epoch: 17 [24000/60000 (40%)]	Loss: 0.023789
Train Epoch: 17 [26000/60000 (43%)]	Loss: 0.068792
Train Epoch: 17 [28000/60000 (47%)]	Loss: 0.076745
Train Epoch: 17 [30000/60000 (50%)]	Loss: 0.007484
Train Epoch: 17 [32000/60000 (53%)]	Loss: 0.001219
Train Epoch: 17 [34000/60000 (57%)]	Loss: 0.022648
Train Epoch: 17 [36000/60000 (60%)]	Loss: 0.018545
Train Epoch: 17 [38000/60000 (63%)]	Loss: 0.062690
Train Epoch: 17 [40000/60000 (67%)]	Loss: 0.058228
Train Epoch: 17 [42000/60000 (70%)]	Loss: 0.057327
Train Epoch: 17 [44000/60000 (73%)]	Loss: 0.041578
Train Epoch: 17 [46000/60000 (77%)]	Loss: 0.145950
Train Epoch: 17 [48000/60000 (80%)]	Loss: 0.087272
Train Epoch: 17 [50000/60000 (83%)]	Loss: 0.016179
Train Epoch: 17 [52000/60000 (87%)]	Loss: 0.052125
Train Epoch: 17 [54000/60000 (90%)]	Loss: 0.028586
Train Epoch: 17 [56000/60000 (93%)]	Loss: 0.042217
Train Epoch: 17 [58000/60000 (97%)]	Loss: 0.051172
Train Epoch: 17 [60000/60000 (100%)]	Loss: 0.033040

Average Training loss: 0.0019, Training Error Rate: 4.15% (2489/60000)


Average Test loss: 0.0000, Test Error Rate: 4.54% (454/10000)

Train Epoch: 18 [2000/60000 (3%)]	Loss: 0.001976
Train Epoch: 18 [4000/60000 (7%)]	Loss: 0.044590
Train Epoch: 18 [6000/60000 (10%)]	Loss: 0.107875
Train Epoch: 18 [8000/60000 (13%)]	Loss: 0.007115
Train Epoch: 18 [10000/60000 (17%)]	Loss: 0.000815
Train Epoch: 18 [12000/60000 (20%)]	Loss: 0.046656
Train Epoch: 18 [14000/60000 (23%)]	Loss: 0.000049
Train Epoch: 18 [16000/60000 (27%)]	Loss: 0.005745
Train Epoch: 18 [18000/60000 (30%)]	Loss: 0.036315
Train Epoch: 18 [20000/60000 (33%)]	Loss: 0.009022
Train Epoch: 18 [22000/60000 (37%)]	Loss: 0.022258
Train Epoch: 18 [24000/60000 (40%)]	Loss: 0.010961
Train Epoch: 18 [26000/60000 (43%)]	Loss: 0.067508
Train Epoch: 18 [28000/60000 (47%)]	Loss: 0.012724
Train Epoch: 18 [30000/60000 (50%)]	Loss: 0.076361
Train Epoch: 18 [32000/60000 (53%)]	Loss: 0.042118
Train Epoch: 18 [34000/60000 (57%)]	Loss: 0.057946
Train Epoch: 18 [36000/60000 (60%)]	Loss: 0.003538
Train Epoch: 18 [38000/60000 (63%)]	Loss: 0.040439
Train Epoch: 18 [40000/60000 (67%)]	Loss: 0.014038
Train Epoch: 18 [42000/60000 (70%)]	Loss: 0.001273
Train Epoch: 18 [44000/60000 (73%)]	Loss: 0.078175
Train Epoch: 18 [46000/60000 (77%)]	Loss: 0.000666
Train Epoch: 18 [48000/60000 (80%)]	Loss: 0.040250
Train Epoch: 18 [50000/60000 (83%)]	Loss: 0.004777
Train Epoch: 18 [52000/60000 (87%)]	Loss: 0.051587
Train Epoch: 18 [54000/60000 (90%)]	Loss: 0.025756
Train Epoch: 18 [56000/60000 (93%)]	Loss: 0.006853
Train Epoch: 18 [58000/60000 (97%)]	Loss: 0.004605
Train Epoch: 18 [60000/60000 (100%)]	Loss: 0.025882

Average Training loss: 0.0018, Training Error Rate: 4.00% (2403/60000)


Average Test loss: 0.0000, Test Error Rate: 4.38% (438/10000)

Train Epoch: 19 [2000/60000 (3%)]	Loss: 0.034283
Train Epoch: 19 [4000/60000 (7%)]	Loss: 0.051804
Train Epoch: 19 [6000/60000 (10%)]	Loss: 0.046539
Train Epoch: 19 [8000/60000 (13%)]	Loss: 0.001985
Train Epoch: 19 [10000/60000 (17%)]	Loss: 0.068931
Train Epoch: 19 [12000/60000 (20%)]	Loss: 0.004150
Train Epoch: 19 [14000/60000 (23%)]	Loss: 0.023848
Train Epoch: 19 [16000/60000 (27%)]	Loss: 0.000030
Train Epoch: 19 [18000/60000 (30%)]	Loss: 0.012842
Train Epoch: 19 [20000/60000 (33%)]	Loss: 0.084429
Train Epoch: 19 [22000/60000 (37%)]	Loss: 0.052116
Train Epoch: 19 [24000/60000 (40%)]	Loss: 0.007302
Train Epoch: 19 [26000/60000 (43%)]	Loss: 0.029510
Train Epoch: 19 [28000/60000 (47%)]	Loss: 0.045016
Train Epoch: 19 [30000/60000 (50%)]	Loss: 0.000042
Train Epoch: 19 [32000/60000 (53%)]	Loss: 0.052717
Train Epoch: 19 [34000/60000 (57%)]	Loss: 0.005212
Train Epoch: 19 [36000/60000 (60%)]	Loss: 0.005764
Train Epoch: 19 [38000/60000 (63%)]	Loss: 0.007562
Train Epoch: 19 [40000/60000 (67%)]	Loss: 0.032698
Train Epoch: 19 [42000/60000 (70%)]	Loss: 0.010298
Train Epoch: 19 [44000/60000 (73%)]	Loss: 0.024359
Train Epoch: 19 [46000/60000 (77%)]	Loss: 0.018687
Train Epoch: 19 [48000/60000 (80%)]	Loss: 0.010753
Train Epoch: 19 [50000/60000 (83%)]	Loss: 0.001198
Train Epoch: 19 [52000/60000 (87%)]	Loss: 0.039755
Train Epoch: 19 [54000/60000 (90%)]	Loss: 0.000019
Train Epoch: 19 [56000/60000 (93%)]	Loss: 0.040836
Train Epoch: 19 [58000/60000 (97%)]	Loss: 0.004443
Train Epoch: 19 [60000/60000 (100%)]	Loss: 0.000495

Average Training loss: 0.0018, Training Error Rate: 3.83% (2300/60000)


Average Test loss: 0.0000, Test Error Rate: 4.54% (454/10000)

Train Epoch: 20 [2000/60000 (3%)]	Loss: 0.011226
Train Epoch: 20 [4000/60000 (7%)]	Loss: 0.002897
Train Epoch: 20 [6000/60000 (10%)]	Loss: 0.000108
Train Epoch: 20 [8000/60000 (13%)]	Loss: 0.006699
Train Epoch: 20 [10000/60000 (17%)]	Loss: 0.000726
Train Epoch: 20 [12000/60000 (20%)]	Loss: 0.028786
Train Epoch: 20 [14000/60000 (23%)]	Loss: 0.023748
Train Epoch: 20 [16000/60000 (27%)]	Loss: 0.023208
Train Epoch: 20 [18000/60000 (30%)]	Loss: 0.017516
Train Epoch: 20 [20000/60000 (33%)]	Loss: 0.042683
Train Epoch: 20 [22000/60000 (37%)]	Loss: 0.066621
Train Epoch: 20 [24000/60000 (40%)]	Loss: 0.019142
Train Epoch: 20 [26000/60000 (43%)]	Loss: 0.031292
Train Epoch: 20 [28000/60000 (47%)]	Loss: 0.031817
Train Epoch: 20 [30000/60000 (50%)]	Loss: 0.048956
Train Epoch: 20 [32000/60000 (53%)]	Loss: 0.024105
Train Epoch: 20 [34000/60000 (57%)]	Loss: 0.030734
Train Epoch: 20 [36000/60000 (60%)]	Loss: 0.006838
Train Epoch: 20 [38000/60000 (63%)]	Loss: 0.004403
Train Epoch: 20 [40000/60000 (67%)]	Loss: 0.049900
Train Epoch: 20 [42000/60000 (70%)]	Loss: 0.019951
Train Epoch: 20 [44000/60000 (73%)]	Loss: 0.026019
Train Epoch: 20 [46000/60000 (77%)]	Loss: 0.001319
Train Epoch: 20 [48000/60000 (80%)]	Loss: 0.006217
Train Epoch: 20 [50000/60000 (83%)]	Loss: 0.020835
Train Epoch: 20 [52000/60000 (87%)]	Loss: 0.050408
Train Epoch: 20 [54000/60000 (90%)]	Loss: 0.001606
Train Epoch: 20 [56000/60000 (93%)]	Loss: 0.023502
Train Epoch: 20 [58000/60000 (97%)]	Loss: 0.007464
Train Epoch: 20 [60000/60000 (100%)]	Loss: 0.058774

Average Training loss: 0.0017, Training Error Rate: 3.81% (2287/60000)


Average Test loss: 0.0000, Test Error Rate: 4.51% (451/10000)

Train Epoch: 21 [2000/60000 (3%)]	Loss: 0.005395
Train Epoch: 21 [4000/60000 (7%)]	Loss: 0.034876
Train Epoch: 21 [6000/60000 (10%)]	Loss: 0.039133
Train Epoch: 21 [8000/60000 (13%)]	Loss: 0.026449
Train Epoch: 21 [10000/60000 (17%)]	Loss: 0.085699
Train Epoch: 21 [12000/60000 (20%)]	Loss: 0.003155
Train Epoch: 21 [14000/60000 (23%)]	Loss: 0.055251
Train Epoch: 21 [16000/60000 (27%)]	Loss: 0.008596
Train Epoch: 21 [18000/60000 (30%)]	Loss: 0.006167
Train Epoch: 21 [20000/60000 (33%)]	Loss: 0.020741
Train Epoch: 21 [22000/60000 (37%)]	Loss: 0.000728
Train Epoch: 21 [24000/60000 (40%)]	Loss: 0.018701
Train Epoch: 21 [26000/60000 (43%)]	Loss: 0.003139
Train Epoch: 21 [28000/60000 (47%)]	Loss: 0.013893
Train Epoch: 21 [30000/60000 (50%)]	Loss: 0.044502
Train Epoch: 21 [32000/60000 (53%)]	Loss: 0.002504
Train Epoch: 21 [34000/60000 (57%)]	Loss: 0.062490
Train Epoch: 21 [36000/60000 (60%)]	Loss: 0.058848
Train Epoch: 21 [38000/60000 (63%)]	Loss: 0.001864
Train Epoch: 21 [40000/60000 (67%)]	Loss: 0.013309
Train Epoch: 21 [42000/60000 (70%)]	Loss: 0.001714
Train Epoch: 21 [44000/60000 (73%)]	Loss: 0.040104
Train Epoch: 21 [46000/60000 (77%)]	Loss: 0.056905
Train Epoch: 21 [48000/60000 (80%)]	Loss: 0.019317
Train Epoch: 21 [50000/60000 (83%)]	Loss: 0.036742
Train Epoch: 21 [52000/60000 (87%)]	Loss: 0.035950
Train Epoch: 21 [54000/60000 (90%)]	Loss: 0.064387
Train Epoch: 21 [56000/60000 (93%)]	Loss: 0.018260
Train Epoch: 21 [58000/60000 (97%)]	Loss: 0.033239
Train Epoch: 21 [60000/60000 (100%)]	Loss: 0.008323

Average Training loss: 0.0017, Training Error Rate: 3.77% (2263/60000)


Average Test loss: 0.0000, Test Error Rate: 4.32% (432/10000)

Train Epoch: 22 [2000/60000 (3%)]	Loss: 0.072163
Train Epoch: 22 [4000/60000 (7%)]	Loss: 0.004697
Train Epoch: 22 [6000/60000 (10%)]	Loss: 0.089937
Train Epoch: 22 [8000/60000 (13%)]	Loss: 0.051947
Train Epoch: 22 [10000/60000 (17%)]	Loss: 0.061590
Train Epoch: 22 [12000/60000 (20%)]	Loss: 0.050427
Train Epoch: 22 [14000/60000 (23%)]	Loss: 0.004375
Train Epoch: 22 [16000/60000 (27%)]	Loss: 0.001306
Train Epoch: 22 [18000/60000 (30%)]	Loss: 0.104286
Train Epoch: 22 [20000/60000 (33%)]	Loss: 0.002435
Train Epoch: 22 [22000/60000 (37%)]	Loss: 0.001555
Train Epoch: 22 [24000/60000 (40%)]	Loss: 0.016682
Train Epoch: 22 [26000/60000 (43%)]	Loss: 0.007668
Train Epoch: 22 [28000/60000 (47%)]	Loss: 0.024051
Train Epoch: 22 [30000/60000 (50%)]	Loss: 0.002502
Train Epoch: 22 [32000/60000 (53%)]	Loss: 0.003664
Train Epoch: 22 [34000/60000 (57%)]	Loss: 0.062012
Train Epoch: 22 [36000/60000 (60%)]	Loss: 0.007137
Train Epoch: 22 [38000/60000 (63%)]	Loss: 0.018103
Train Epoch: 22 [40000/60000 (67%)]	Loss: 0.022829
Train Epoch: 22 [42000/60000 (70%)]	Loss: 0.026274
Train Epoch: 22 [44000/60000 (73%)]	Loss: 0.000023
Train Epoch: 22 [46000/60000 (77%)]	Loss: 0.031954
Train Epoch: 22 [48000/60000 (80%)]	Loss: 0.072033
Train Epoch: 22 [50000/60000 (83%)]	Loss: 0.049408
Train Epoch: 22 [52000/60000 (87%)]	Loss: 0.034985
Train Epoch: 22 [54000/60000 (90%)]	Loss: 0.019418
Train Epoch: 22 [56000/60000 (93%)]	Loss: 0.000546
slurmstepd: error: *** STEP 15484404.16 ON cn651 CANCELLED AT 2023-09-27T15:50:48 DUE TO TIME LIMIT ***
/vast/home/ajherman/miniconda3/envs/pytorch/lib/python3.11/site-packages/torchvision/io/image.py:13: UserWarning: Failed to load image Python extension: '/vast/home/ajherman/miniconda3/envs/pytorch/lib/python3.11/site-packages/torchvision/image.so: undefined symbol: _ZN5torch3jit17parseSchemaOrNameERKNSt7__cxx1112basic_stringIcSt11char_traitsIcESaIcEEE'If you don't plan on using image functionality from `torchvision.io`, you can ignore this warning. Otherwise, there might be something wrong with your environment. Did you have `libjpeg` or `libpng` installed before building `torchvision` from source?
  warn(
Random seed set as 42
dt =  0.15575468523317704
trace decay =  0.7194860746862861
Random seed set as 42
dt =  0.15575468523317704
trace decay =  0.7194860746862861
Train Epoch: 0 [2000/60000 (3%)]	Loss: 0.399955
Train Epoch: 0 [4000/60000 (7%)]	Loss: 0.332719
Train Epoch: 0 [6000/60000 (10%)]	Loss: 0.291039
Train Epoch: 0 [8000/60000 (13%)]	Loss: 0.284208
Train Epoch: 0 [10000/60000 (17%)]	Loss: 0.297140
Train Epoch: 0 [12000/60000 (20%)]	Loss: 0.203954
Train Epoch: 0 [14000/60000 (23%)]	Loss: 0.201939
Train Epoch: 0 [16000/60000 (27%)]	Loss: 0.191201
Train Epoch: 0 [18000/60000 (30%)]	Loss: 0.143720
Train Epoch: 0 [20000/60000 (33%)]	Loss: 0.178196
Train Epoch: 0 [22000/60000 (37%)]	Loss: 0.179422
Train Epoch: 0 [24000/60000 (40%)]	Loss: 0.252935
Train Epoch: 0 [26000/60000 (43%)]	Loss: 0.198193
Train Epoch: 0 [28000/60000 (47%)]	Loss: 0.128565
Train Epoch: 0 [30000/60000 (50%)]	Loss: 0.212431
Train Epoch: 0 [32000/60000 (53%)]	Loss: 0.147008
Train Epoch: 0 [34000/60000 (57%)]	Loss: 0.118485
Train Epoch: 0 [36000/60000 (60%)]	Loss: 0.134875
slurmstepd: error: *** STEP 15485020.17 ON cn651 CANCELLED AT 2023-09-27T16:47:16 ***
