Traceback (most recent call last):
  File "/vast/home/ajherman/continualEP/main.py", line 2, in <module>
    import torchvision.datasets as datasets
ModuleNotFoundError: No module named 'torchvision'
Traceback (most recent call last):
  File "/vast/home/ajherman/continualEP/main.py", line 2, in <module>
    import torchvision.datasets as datasets
ModuleNotFoundError: No module named 'torchvision'

Inactive Modules:
  1) miniconda3


Activating Modules:
  1) miniconda3/py39_4.12.0

Traceback (most recent call last):
  File "/vast/home/ajherman/continualEP/main.py", line 2, in <module>
    import torchvision.datasets as datasets
ModuleNotFoundError: No module named 'torchvision'

Inactive Modules:
  1) miniconda3


Activating Modules:
  1) miniconda3/py39_4.12.0

Traceback (most recent call last):
  File "/vast/home/ajherman/continualEP/main.py", line 2, in <module>
    import torchvision.datasets as datasets
ModuleNotFoundError: No module named 'torchvision'

Inactive Modules:
  1) miniconda3


Activating Modules:
  1) miniconda3/py39_4.12.0

Traceback (most recent call last):
  File "/vast/home/ajherman/continualEP/main.py", line 2, in <module>
    import torchvision.datasets as datasets
ModuleNotFoundError: No module named 'torchvision'
/vast/home/ajherman/miniconda3/envs/pytorch/lib/python3.11/site-packages/torchvision/io/image.py:13: UserWarning: Failed to load image Python extension: '/vast/home/ajherman/miniconda3/envs/pytorch/lib/python3.11/site-packages/torchvision/image.so: undefined symbol: _ZN5torch3jit17parseSchemaOrNameERKNSt7__cxx1112basic_stringIcSt11char_traitsIcESaIcEEE'If you don't plan on using image functionality from `torchvision.io`, you can ignore this warning. Otherwise, there might be something wrong with your environment. Did you have `libjpeg` or `libpng` installed before building `torchvision` from source?
  warn(
Random seed set as 42
usage: main.py [-h] [--batch-size N] [--test-batch-size N] [--epochs N]
               [--lr_tab LR [LR ...]] [--randbeta RANDBETA]
               [--size_tab ST [ST ...]] [--discrete] [--dt DT] [--T T]
               [--Kmax Kmax] [--beta BETA] [--activation-function ACTFUN]
               [--no-clamp] [--learning-rule LR] [--cep] [--angle ANGLE]
               [--action ACTION] [--device-label DEVICE_LABEL] [--debug-cep]
               [--seed SEED [SEED ...]] [--angle-grad] [--use-bias]
               [--no-rhop] [--update-rule UPDATE_RULE] [--no-reset]
               [--plain-data] [--trace-decay TRACE_DECAY]
               [--directory DIRECTORY] [--load] [--spiking]
               [--spike-height SPIKE_HEIGHT] [--step STEP]
               [--tau-dynamic TAU_DYNAMIC] [--tau-trace TAU_TRACE]
               [--max-fr MAX_FR]
main.py: error: unrecognized arguments: True
/vast/home/ajherman/miniconda3/envs/pytorch/lib/python3.11/site-packages/torchvision/io/image.py:13: UserWarning: Failed to load image Python extension: '/vast/home/ajherman/miniconda3/envs/pytorch/lib/python3.11/site-packages/torchvision/image.so: undefined symbol: _ZN5torch3jit17parseSchemaOrNameERKNSt7__cxx1112basic_stringIcSt11char_traitsIcESaIcEEE'If you don't plan on using image functionality from `torchvision.io`, you can ignore this warning. Otherwise, there might be something wrong with your environment. Did you have `libjpeg` or `libpng` installed before building `torchvision` from source?
  warn(
Random seed set as 42
dt =  0.5332235183483187
trace decay =  0.2273006970488313
Random seed set as 42
dt =  0.5332235183483187
trace decay =  0.2273006970488313
Traceback (most recent call last):
  File "/vast/home/ajherman/continualEP/main.py", line 332, in <module>
    net = SNN(args)
          ^^^^^^^^^
  File "/vast/home/ajherman/continualEP/netClasses.py", line 74, in __init__
    self = self.to(device)
           ^^^^^^^^^^^^^^^
  File "/vast/home/ajherman/miniconda3/envs/pytorch/lib/python3.11/site-packages/torch/nn/modules/module.py", line 1145, in to
    return self._apply(convert)
           ^^^^^^^^^^^^^^^^^^^^
  File "/vast/home/ajherman/miniconda3/envs/pytorch/lib/python3.11/site-packages/torch/nn/modules/module.py", line 797, in _apply
    module._apply(fn)
  File "/vast/home/ajherman/miniconda3/envs/pytorch/lib/python3.11/site-packages/torch/nn/modules/module.py", line 797, in _apply
    module._apply(fn)
  File "/vast/home/ajherman/miniconda3/envs/pytorch/lib/python3.11/site-packages/torch/nn/modules/module.py", line 820, in _apply
    param_applied = fn(param)
                    ^^^^^^^^^
  File "/vast/home/ajherman/miniconda3/envs/pytorch/lib/python3.11/site-packages/torch/nn/modules/module.py", line 1143, in convert
    return t.to(device, dtype if t.is_floating_point() or t.is_complex() else None, non_blocking)
           ^^^^^^^^^^^^^^^^^^^^^^^^^^^^^^^^^^^^^^^^^^^^^^^^^^^^^^^^^^^^^^^^^^^^^^^^^^^^^^^^^^^^^^
  File "/vast/home/ajherman/miniconda3/envs/pytorch/lib/python3.11/site-packages/torch/cuda/__init__.py", line 247, in _lazy_init
    torch._C._cuda_init()
RuntimeError: No CUDA GPUs are available
/vast/home/ajherman/miniconda3/envs/pytorch/lib/python3.11/site-packages/torchvision/io/image.py:13: UserWarning: Failed to load image Python extension: '/vast/home/ajherman/miniconda3/envs/pytorch/lib/python3.11/site-packages/torchvision/image.so: undefined symbol: _ZN5torch3jit17parseSchemaOrNameERKNSt7__cxx1112basic_stringIcSt11char_traitsIcESaIcEEE'If you don't plan on using image functionality from `torchvision.io`, you can ignore this warning. Otherwise, there might be something wrong with your environment. Did you have `libjpeg` or `libpng` installed before building `torchvision` from source?
  warn(
Random seed set as 42
dt =  0.5332235183483187
trace decay =  0.2273006970488313
Random seed set as 42
dt =  0.5332235183483187
trace decay =  0.2273006970488313
Train Epoch: 0 [2000/60000 (3%)]	Loss: 0.446127
Train Epoch: 0 [4000/60000 (7%)]	Loss: 0.426382
Train Epoch: 0 [6000/60000 (10%)]	Loss: 0.348345
Train Epoch: 0 [8000/60000 (13%)]	Loss: 0.288112
Train Epoch: 0 [10000/60000 (17%)]	Loss: 0.327304
Train Epoch: 0 [12000/60000 (20%)]	Loss: 0.217765
Train Epoch: 0 [14000/60000 (23%)]	Loss: 0.257573
Train Epoch: 0 [16000/60000 (27%)]	Loss: 0.176109
Train Epoch: 0 [18000/60000 (30%)]	Loss: 0.196069
Train Epoch: 0 [20000/60000 (33%)]	Loss: 0.174850
Train Epoch: 0 [22000/60000 (37%)]	Loss: 0.220794
Train Epoch: 0 [24000/60000 (40%)]	Loss: 0.278692
Train Epoch: 0 [26000/60000 (43%)]	Loss: 0.212419
Train Epoch: 0 [28000/60000 (47%)]	Loss: 0.119955
Train Epoch: 0 [30000/60000 (50%)]	Loss: 0.218673
Train Epoch: 0 [32000/60000 (53%)]	Loss: 0.167423
Train Epoch: 0 [34000/60000 (57%)]	Loss: 0.148206
Train Epoch: 0 [36000/60000 (60%)]	Loss: 0.113039
Train Epoch: 0 [38000/60000 (63%)]	Loss: 0.184125
Train Epoch: 0 [40000/60000 (67%)]	Loss: 0.142189
Train Epoch: 0 [42000/60000 (70%)]	Loss: 0.117588
Train Epoch: 0 [44000/60000 (73%)]	Loss: 0.149866
Train Epoch: 0 [46000/60000 (77%)]	Loss: 0.147010
Train Epoch: 0 [48000/60000 (80%)]	Loss: 0.134450
Train Epoch: 0 [50000/60000 (83%)]	Loss: 0.162072
Train Epoch: 0 [52000/60000 (87%)]	Loss: 0.109816
Train Epoch: 0 [54000/60000 (90%)]	Loss: 0.111719
Train Epoch: 0 [56000/60000 (93%)]	Loss: 0.077724
Train Epoch: 0 [58000/60000 (97%)]	Loss: 0.061342
Train Epoch: 0 [60000/60000 (100%)]	Loss: 0.129714

Average Training loss: 0.0104, Training Error Rate: 24.32% (14595/60000)


Average Test loss: 0.0001, Test Error Rate: 14.14% (1414/10000)

Train Epoch: 1 [2000/60000 (3%)]	Loss: 0.123581
Train Epoch: 1 [4000/60000 (7%)]	Loss: 0.097111
Train Epoch: 1 [6000/60000 (10%)]	Loss: 0.191951
Train Epoch: 1 [8000/60000 (13%)]	Loss: 0.069493
Train Epoch: 1 [10000/60000 (17%)]	Loss: 0.139529
Train Epoch: 1 [12000/60000 (20%)]	Loss: 0.145236
Train Epoch: 1 [14000/60000 (23%)]	Loss: 0.100633
Train Epoch: 1 [16000/60000 (27%)]	Loss: 0.157933
Train Epoch: 1 [18000/60000 (30%)]	Loss: 0.219627
Train Epoch: 1 [20000/60000 (33%)]	Loss: 0.105784
slurmstepd: error: *** STEP 15482395.3 ON cn653 CANCELLED AT 2023-09-26T12:19:37 ***
/vast/home/ajherman/miniconda3/envs/pytorch/lib/python3.11/site-packages/torchvision/io/image.py:13: UserWarning: Failed to load image Python extension: '/vast/home/ajherman/miniconda3/envs/pytorch/lib/python3.11/site-packages/torchvision/image.so: undefined symbol: _ZN5torch3jit17parseSchemaOrNameERKNSt7__cxx1112basic_stringIcSt11char_traitsIcESaIcEEE'If you don't plan on using image functionality from `torchvision.io`, you can ignore this warning. Otherwise, there might be something wrong with your environment. Did you have `libjpeg` or `libpng` installed before building `torchvision` from source?
  warn(
Random seed set as 42
dt =  0.5332235183483187
trace decay =  0.2273006970488313
Random seed set as 42
dt =  0.5332235183483187
trace decay =  0.2273006970488313
Train Epoch: 0 [2000/60000 (3%)]	Loss: 0.446127
Train Epoch: 0 [4000/60000 (7%)]	Loss: 0.426382
Train Epoch: 0 [6000/60000 (10%)]	Loss: 0.348345
Train Epoch: 0 [8000/60000 (13%)]	Loss: 0.288112
Train Epoch: 0 [10000/60000 (17%)]	Loss: 0.327304
Train Epoch: 0 [12000/60000 (20%)]	Loss: 0.217765
Train Epoch: 0 [14000/60000 (23%)]	Loss: 0.257573
Train Epoch: 0 [16000/60000 (27%)]	Loss: 0.176109
Train Epoch: 0 [18000/60000 (30%)]	Loss: 0.196069
Train Epoch: 0 [20000/60000 (33%)]	Loss: 0.174850
Train Epoch: 0 [22000/60000 (37%)]	Loss: 0.220794
Train Epoch: 0 [24000/60000 (40%)]	Loss: 0.278692
Train Epoch: 0 [26000/60000 (43%)]	Loss: 0.212419
Train Epoch: 0 [28000/60000 (47%)]	Loss: 0.119955
Train Epoch: 0 [30000/60000 (50%)]	Loss: 0.218673
Train Epoch: 0 [32000/60000 (53%)]	Loss: 0.167423
Train Epoch: 0 [34000/60000 (57%)]	Loss: 0.148206
Train Epoch: 0 [36000/60000 (60%)]	Loss: 0.113039
Train Epoch: 0 [38000/60000 (63%)]	Loss: 0.184125
Train Epoch: 0 [40000/60000 (67%)]	Loss: 0.142189
Train Epoch: 0 [42000/60000 (70%)]	Loss: 0.117588
Train Epoch: 0 [44000/60000 (73%)]	Loss: 0.149866
Train Epoch: 0 [46000/60000 (77%)]	Loss: 0.147010
Train Epoch: 0 [48000/60000 (80%)]	Loss: 0.134450
Train Epoch: 0 [50000/60000 (83%)]	Loss: 0.162072
Train Epoch: 0 [52000/60000 (87%)]	Loss: 0.109816
Train Epoch: 0 [54000/60000 (90%)]	Loss: 0.111719
Train Epoch: 0 [56000/60000 (93%)]	Loss: 0.077724
Train Epoch: 0 [58000/60000 (97%)]	Loss: 0.061342
Train Epoch: 0 [60000/60000 (100%)]	Loss: 0.129714

Average Training loss: 0.0104, Training Error Rate: 24.32% (14595/60000)


Average Test loss: 0.0001, Test Error Rate: 14.14% (1414/10000)

Train Epoch: 1 [2000/60000 (3%)]	Loss: 0.123581
Train Epoch: 1 [4000/60000 (7%)]	Loss: 0.097111
Train Epoch: 1 [6000/60000 (10%)]	Loss: 0.191951
Train Epoch: 1 [8000/60000 (13%)]	Loss: 0.069493
Train Epoch: 1 [10000/60000 (17%)]	Loss: 0.139529
Train Epoch: 1 [12000/60000 (20%)]	Loss: 0.145236
Train Epoch: 1 [14000/60000 (23%)]	Loss: 0.100633
Train Epoch: 1 [16000/60000 (27%)]	Loss: 0.157933
Train Epoch: 1 [18000/60000 (30%)]	Loss: 0.219627
Train Epoch: 1 [20000/60000 (33%)]	Loss: 0.105784
Train Epoch: 1 [22000/60000 (37%)]	Loss: 0.089416
Train Epoch: 1 [24000/60000 (40%)]	Loss: 0.093269
Train Epoch: 1 [26000/60000 (43%)]	Loss: 0.150730
Train Epoch: 1 [28000/60000 (47%)]	Loss: 0.117982
Train Epoch: 1 [30000/60000 (50%)]	Loss: 0.077608
Train Epoch: 1 [32000/60000 (53%)]	Loss: 0.110670
Train Epoch: 1 [34000/60000 (57%)]	Loss: 0.114103
Train Epoch: 1 [36000/60000 (60%)]	Loss: 0.196951
Train Epoch: 1 [38000/60000 (63%)]	Loss: 0.149729
Train Epoch: 1 [40000/60000 (67%)]	Loss: 0.127669
Train Epoch: 1 [42000/60000 (70%)]	Loss: 0.135676
Train Epoch: 1 [44000/60000 (73%)]	Loss: 0.077962
Train Epoch: 1 [46000/60000 (77%)]	Loss: 0.154502
Train Epoch: 1 [48000/60000 (80%)]	Loss: 0.147628
Train Epoch: 1 [50000/60000 (83%)]	Loss: 0.220159
Train Epoch: 1 [52000/60000 (87%)]	Loss: 0.115462
Train Epoch: 1 [54000/60000 (90%)]	Loss: 0.076474
Train Epoch: 1 [56000/60000 (93%)]	Loss: 0.067692
Train Epoch: 1 [58000/60000 (97%)]	Loss: 0.040845
Train Epoch: 1 [60000/60000 (100%)]	Loss: 0.078138

Average Training loss: 0.0064, Training Error Rate: 13.46% (8078/60000)


Average Test loss: 0.0001, Test Error Rate: 11.34% (1134/10000)

Train Epoch: 2 [2000/60000 (3%)]	Loss: 0.140903
Train Epoch: 2 [4000/60000 (7%)]	Loss: 0.085986
Train Epoch: 2 [6000/60000 (10%)]	Loss: 0.123056
Train Epoch: 2 [8000/60000 (13%)]	Loss: 0.150281
Train Epoch: 2 [10000/60000 (17%)]	Loss: 0.148990
Train Epoch: 2 [12000/60000 (20%)]	Loss: 0.112798
Train Epoch: 2 [14000/60000 (23%)]	Loss: 0.157912
Train Epoch: 2 [16000/60000 (27%)]	Loss: 0.113057
Train Epoch: 2 [18000/60000 (30%)]	Loss: 0.134914
Train Epoch: 2 [20000/60000 (33%)]	Loss: 0.084566
Train Epoch: 2 [22000/60000 (37%)]	Loss: 0.116357
Train Epoch: 2 [24000/60000 (40%)]	Loss: 0.072816
Train Epoch: 2 [26000/60000 (43%)]	Loss: 0.103538
Train Epoch: 2 [28000/60000 (47%)]	Loss: 0.079616
Train Epoch: 2 [30000/60000 (50%)]	Loss: 0.078134
Train Epoch: 2 [32000/60000 (53%)]	Loss: 0.107308
Train Epoch: 2 [34000/60000 (57%)]	Loss: 0.156640
Train Epoch: 2 [36000/60000 (60%)]	Loss: 0.135383
Train Epoch: 2 [38000/60000 (63%)]	Loss: 0.054085
Train Epoch: 2 [40000/60000 (67%)]	Loss: 0.072793
Train Epoch: 2 [42000/60000 (70%)]	Loss: 0.120124
Train Epoch: 2 [44000/60000 (73%)]	Loss: 0.163471
Train Epoch: 2 [46000/60000 (77%)]	Loss: 0.117649
Train Epoch: 2 [48000/60000 (80%)]	Loss: 0.079094
Train Epoch: 2 [50000/60000 (83%)]	Loss: 0.089594
Train Epoch: 2 [52000/60000 (87%)]	Loss: 0.083488
Train Epoch: 2 [54000/60000 (90%)]	Loss: 0.093733
Train Epoch: 2 [56000/60000 (93%)]	Loss: 0.123281
Train Epoch: 2 [58000/60000 (97%)]	Loss: 0.105772
Train Epoch: 2 [60000/60000 (100%)]	Loss: 0.112566

Average Training loss: 0.0055, Training Error Rate: 11.57% (6945/60000)


Average Test loss: 0.0001, Test Error Rate: 10.59% (1059/10000)

Train Epoch: 3 [2000/60000 (3%)]	Loss: 0.186128
Train Epoch: 3 [4000/60000 (7%)]	Loss: 0.073183
Train Epoch: 3 [6000/60000 (10%)]	Loss: 0.053282
Train Epoch: 3 [8000/60000 (13%)]	Loss: 0.085758
Train Epoch: 3 [10000/60000 (17%)]	Loss: 0.128167
Train Epoch: 3 [12000/60000 (20%)]	Loss: 0.057758
Train Epoch: 3 [14000/60000 (23%)]	Loss: 0.174933
Train Epoch: 3 [16000/60000 (27%)]	Loss: 0.151022
Train Epoch: 3 [18000/60000 (30%)]	Loss: 0.096675
Train Epoch: 3 [20000/60000 (33%)]	Loss: 0.043194
Train Epoch: 3 [22000/60000 (37%)]	Loss: 0.061102
Train Epoch: 3 [24000/60000 (40%)]	Loss: 0.092787
Train Epoch: 3 [26000/60000 (43%)]	Loss: 0.065075
Train Epoch: 3 [28000/60000 (47%)]	Loss: 0.042396
Train Epoch: 3 [30000/60000 (50%)]	Loss: 0.066937
Train Epoch: 3 [32000/60000 (53%)]	Loss: 0.086918
Train Epoch: 3 [34000/60000 (57%)]	Loss: 0.133003
Train Epoch: 3 [36000/60000 (60%)]	Loss: 0.126082
Train Epoch: 3 [38000/60000 (63%)]	Loss: 0.070879
Train Epoch: 3 [40000/60000 (67%)]	Loss: 0.111789
Train Epoch: 3 [42000/60000 (70%)]	Loss: 0.063584
Train Epoch: 3 [44000/60000 (73%)]	Loss: 0.119946
Train Epoch: 3 [46000/60000 (77%)]	Loss: 0.036342
Train Epoch: 3 [48000/60000 (80%)]	Loss: 0.041789
Train Epoch: 3 [50000/60000 (83%)]	Loss: 0.097935
Train Epoch: 3 [52000/60000 (87%)]	Loss: 0.096286
Train Epoch: 3 [54000/60000 (90%)]	Loss: 0.068328
Train Epoch: 3 [56000/60000 (93%)]	Loss: 0.029434
Train Epoch: 3 [58000/60000 (97%)]	Loss: 0.019332
Train Epoch: 3 [60000/60000 (100%)]	Loss: 0.073048

Average Training loss: 0.0049, Training Error Rate: 10.63% (6380/60000)


Average Test loss: 0.0001, Test Error Rate: 9.45% (945/10000)

Train Epoch: 4 [2000/60000 (3%)]	Loss: 0.035619
Train Epoch: 4 [4000/60000 (7%)]	Loss: 0.085222
Train Epoch: 4 [6000/60000 (10%)]	Loss: 0.067180
Train Epoch: 4 [8000/60000 (13%)]	Loss: 0.069281
Train Epoch: 4 [10000/60000 (17%)]	Loss: 0.093026
Train Epoch: 4 [12000/60000 (20%)]	Loss: 0.078833
Train Epoch: 4 [14000/60000 (23%)]	Loss: 0.098632
Train Epoch: 4 [16000/60000 (27%)]	Loss: 0.094025
Train Epoch: 4 [18000/60000 (30%)]	Loss: 0.098348
Train Epoch: 4 [20000/60000 (33%)]	Loss: 0.070156
Train Epoch: 4 [22000/60000 (37%)]	Loss: 0.074597
Train Epoch: 4 [24000/60000 (40%)]	Loss: 0.081233
Train Epoch: 4 [26000/60000 (43%)]	Loss: 0.100518
Train Epoch: 4 [28000/60000 (47%)]	Loss: 0.071912
Train Epoch: 4 [30000/60000 (50%)]	Loss: 0.064530
Train Epoch: 4 [32000/60000 (53%)]	Loss: 0.136847
Train Epoch: 4 [34000/60000 (57%)]	Loss: 0.080814
Train Epoch: 4 [36000/60000 (60%)]	Loss: 0.062334
Train Epoch: 4 [38000/60000 (63%)]	Loss: 0.063468
Train Epoch: 4 [40000/60000 (67%)]	Loss: 0.080811
Train Epoch: 4 [42000/60000 (70%)]	Loss: 0.036073
Train Epoch: 4 [44000/60000 (73%)]	Loss: 0.043691
Train Epoch: 4 [46000/60000 (77%)]	Loss: 0.102516
Train Epoch: 4 [48000/60000 (80%)]	Loss: 0.047550
Train Epoch: 4 [50000/60000 (83%)]	Loss: 0.061589
Train Epoch: 4 [52000/60000 (87%)]	Loss: 0.091333
Train Epoch: 4 [54000/60000 (90%)]	Loss: 0.084914
Train Epoch: 4 [56000/60000 (93%)]	Loss: 0.111863
Train Epoch: 4 [58000/60000 (97%)]	Loss: 0.071143
Train Epoch: 4 [60000/60000 (100%)]	Loss: 0.050829

Average Training loss: 0.0046, Training Error Rate: 9.79% (5871/60000)


Average Test loss: 0.0001, Test Error Rate: 8.89% (889/10000)

Train Epoch: 5 [2000/60000 (3%)]	Loss: 0.075498
Train Epoch: 5 [4000/60000 (7%)]	Loss: 0.047927
Train Epoch: 5 [6000/60000 (10%)]	Loss: 0.130381
Train Epoch: 5 [8000/60000 (13%)]	Loss: 0.122591
Train Epoch: 5 [10000/60000 (17%)]	Loss: 0.043400
Train Epoch: 5 [12000/60000 (20%)]	Loss: 0.096302
Train Epoch: 5 [14000/60000 (23%)]	Loss: 0.067056
Train Epoch: 5 [16000/60000 (27%)]	Loss: 0.099869
Train Epoch: 5 [18000/60000 (30%)]	Loss: 0.081201
Train Epoch: 5 [20000/60000 (33%)]	Loss: 0.110145
Train Epoch: 5 [22000/60000 (37%)]	Loss: 0.069001
Train Epoch: 5 [24000/60000 (40%)]	Loss: 0.117509
Train Epoch: 5 [26000/60000 (43%)]	Loss: 0.098926
Train Epoch: 5 [28000/60000 (47%)]	Loss: 0.069467
Train Epoch: 5 [30000/60000 (50%)]	Loss: 0.100584
Train Epoch: 5 [32000/60000 (53%)]	Loss: 0.090650
Train Epoch: 5 [34000/60000 (57%)]	Loss: 0.087414
Train Epoch: 5 [36000/60000 (60%)]	Loss: 0.050958
Train Epoch: 5 [38000/60000 (63%)]	Loss: 0.090487
Train Epoch: 5 [40000/60000 (67%)]	Loss: 0.112728
Train Epoch: 5 [42000/60000 (70%)]	Loss: 0.052890
Train Epoch: 5 [44000/60000 (73%)]	Loss: 0.080165
Train Epoch: 5 [46000/60000 (77%)]	Loss: 0.041957
Train Epoch: 5 [48000/60000 (80%)]	Loss: 0.174632
Train Epoch: 5 [50000/60000 (83%)]	Loss: 0.097536
Train Epoch: 5 [52000/60000 (87%)]	Loss: 0.103141
Train Epoch: 5 [54000/60000 (90%)]	Loss: 0.074925
Train Epoch: 5 [56000/60000 (93%)]	Loss: 0.116126
Train Epoch: 5 [58000/60000 (97%)]	Loss: 0.055349
Train Epoch: 5 [60000/60000 (100%)]	Loss: 0.089213

Average Training loss: 0.0042, Training Error Rate: 9.03% (5416/60000)


Average Test loss: 0.0001, Test Error Rate: 8.21% (821/10000)

Train Epoch: 6 [2000/60000 (3%)]	Loss: 0.075717
Train Epoch: 6 [4000/60000 (7%)]	Loss: 0.044587
Train Epoch: 6 [6000/60000 (10%)]	Loss: 0.073422
Train Epoch: 6 [8000/60000 (13%)]	Loss: 0.071955
Train Epoch: 6 [10000/60000 (17%)]	Loss: 0.029987
Train Epoch: 6 [12000/60000 (20%)]	Loss: 0.104267
Train Epoch: 6 [14000/60000 (23%)]	Loss: 0.055483
Train Epoch: 6 [16000/60000 (27%)]	Loss: 0.038747
Train Epoch: 6 [18000/60000 (30%)]	Loss: 0.036402
Train Epoch: 6 [20000/60000 (33%)]	Loss: 0.120055
Train Epoch: 6 [22000/60000 (37%)]	Loss: 0.056312
Train Epoch: 6 [24000/60000 (40%)]	Loss: 0.035495
Train Epoch: 6 [26000/60000 (43%)]	Loss: 0.093190
Train Epoch: 6 [28000/60000 (47%)]	Loss: 0.067251
Train Epoch: 6 [30000/60000 (50%)]	Loss: 0.047191
Train Epoch: 6 [32000/60000 (53%)]	Loss: 0.106621
Train Epoch: 6 [34000/60000 (57%)]	Loss: 0.089058
Train Epoch: 6 [36000/60000 (60%)]	Loss: 0.081479
Train Epoch: 6 [38000/60000 (63%)]	Loss: 0.093349
Train Epoch: 6 [40000/60000 (67%)]	Loss: 0.059156
Train Epoch: 6 [42000/60000 (70%)]	Loss: 0.143844
Train Epoch: 6 [44000/60000 (73%)]	Loss: 0.125635
Train Epoch: 6 [46000/60000 (77%)]	Loss: 0.054662
Train Epoch: 6 [48000/60000 (80%)]	Loss: 0.080820
Train Epoch: 6 [50000/60000 (83%)]	Loss: 0.086111
Train Epoch: 6 [52000/60000 (87%)]	Loss: 0.064683
Train Epoch: 6 [54000/60000 (90%)]	Loss: 0.034346
Train Epoch: 6 [56000/60000 (93%)]	Loss: 0.110962
Train Epoch: 6 [58000/60000 (97%)]	Loss: 0.047796
Train Epoch: 6 [60000/60000 (100%)]	Loss: 0.041347

Average Training loss: 0.0040, Training Error Rate: 8.61% (5168/60000)


Average Test loss: 0.0001, Test Error Rate: 7.76% (776/10000)

Train Epoch: 7 [2000/60000 (3%)]	Loss: 0.063879
Train Epoch: 7 [4000/60000 (7%)]	Loss: 0.144158
Train Epoch: 7 [6000/60000 (10%)]	Loss: 0.090329
Train Epoch: 7 [8000/60000 (13%)]	Loss: 0.068981
Train Epoch: 7 [10000/60000 (17%)]	Loss: 0.030944
Train Epoch: 7 [12000/60000 (20%)]	Loss: 0.066079
Train Epoch: 7 [14000/60000 (23%)]	Loss: 0.061488
Train Epoch: 7 [16000/60000 (27%)]	Loss: 0.116600
Train Epoch: 7 [18000/60000 (30%)]	Loss: 0.101708
Train Epoch: 7 [20000/60000 (33%)]	Loss: 0.102780
Train Epoch: 7 [22000/60000 (37%)]	Loss: 0.039486
Train Epoch: 7 [24000/60000 (40%)]	Loss: 0.056969
Train Epoch: 7 [26000/60000 (43%)]	Loss: 0.052609
Train Epoch: 7 [28000/60000 (47%)]	Loss: 0.025035
Train Epoch: 7 [30000/60000 (50%)]	Loss: 0.015981
Train Epoch: 7 [32000/60000 (53%)]	Loss: 0.061272
Train Epoch: 7 [34000/60000 (57%)]	Loss: 0.080566
Train Epoch: 7 [36000/60000 (60%)]	Loss: 0.018094
Train Epoch: 7 [38000/60000 (63%)]	Loss: 0.096836
Train Epoch: 7 [40000/60000 (67%)]	Loss: 0.102210
Train Epoch: 7 [42000/60000 (70%)]	Loss: 0.033527
Train Epoch: 7 [44000/60000 (73%)]	Loss: 0.048269
Train Epoch: 7 [46000/60000 (77%)]	Loss: 0.053577
Train Epoch: 7 [48000/60000 (80%)]	Loss: 0.101145
Train Epoch: 7 [50000/60000 (83%)]	Loss: 0.084135
Train Epoch: 7 [52000/60000 (87%)]	Loss: 0.072503
Train Epoch: 7 [54000/60000 (90%)]	Loss: 0.064851
Train Epoch: 7 [56000/60000 (93%)]	Loss: 0.061789
Train Epoch: 7 [58000/60000 (97%)]	Loss: 0.043619
Train Epoch: 7 [60000/60000 (100%)]	Loss: 0.114732

Average Training loss: 0.0038, Training Error Rate: 8.23% (4940/60000)


Average Test loss: 0.0001, Test Error Rate: 7.81% (781/10000)

Train Epoch: 8 [2000/60000 (3%)]	Loss: 0.065198
Train Epoch: 8 [4000/60000 (7%)]	Loss: 0.140378
Train Epoch: 8 [6000/60000 (10%)]	Loss: 0.064853
Train Epoch: 8 [8000/60000 (13%)]	Loss: 0.071947
Train Epoch: 8 [10000/60000 (17%)]	Loss: 0.031975
Train Epoch: 8 [12000/60000 (20%)]	Loss: 0.109872
Train Epoch: 8 [14000/60000 (23%)]	Loss: 0.079731
Train Epoch: 8 [16000/60000 (27%)]	Loss: 0.058610
Train Epoch: 8 [18000/60000 (30%)]	Loss: 0.072015
Train Epoch: 8 [20000/60000 (33%)]	Loss: 0.052429
Train Epoch: 8 [22000/60000 (37%)]	Loss: 0.068901
Train Epoch: 8 [24000/60000 (40%)]	Loss: 0.058325
Train Epoch: 8 [26000/60000 (43%)]	Loss: 0.039761
Train Epoch: 8 [28000/60000 (47%)]	Loss: 0.009916
Train Epoch: 8 [30000/60000 (50%)]	Loss: 0.070379
Train Epoch: 8 [32000/60000 (53%)]	Loss: 0.081788
Train Epoch: 8 [34000/60000 (57%)]	Loss: 0.089153
Train Epoch: 8 [36000/60000 (60%)]	Loss: 0.081779
Train Epoch: 8 [38000/60000 (63%)]	Loss: 0.057750
Train Epoch: 8 [40000/60000 (67%)]	Loss: 0.095602
Train Epoch: 8 [42000/60000 (70%)]	Loss: 0.056377
Train Epoch: 8 [44000/60000 (73%)]	Loss: 0.026208
Train Epoch: 8 [46000/60000 (77%)]	Loss: 0.065383
Train Epoch: 8 [48000/60000 (80%)]	Loss: 0.097988
Train Epoch: 8 [50000/60000 (83%)]	Loss: 0.103844
Train Epoch: 8 [52000/60000 (87%)]	Loss: 0.013723
Train Epoch: 8 [54000/60000 (90%)]	Loss: 0.121804
Train Epoch: 8 [56000/60000 (93%)]	Loss: 0.055989
Train Epoch: 8 [58000/60000 (97%)]	Loss: 0.127108
Train Epoch: 8 [60000/60000 (100%)]	Loss: 0.035955

Average Training loss: 0.0037, Training Error Rate: 7.86% (4716/60000)


Average Test loss: 0.0001, Test Error Rate: 7.07% (707/10000)

Train Epoch: 9 [2000/60000 (3%)]	Loss: 0.066477
Train Epoch: 9 [4000/60000 (7%)]	Loss: 0.101924
Train Epoch: 9 [6000/60000 (10%)]	Loss: 0.080124
Train Epoch: 9 [8000/60000 (13%)]	Loss: 0.029557
Train Epoch: 9 [10000/60000 (17%)]	Loss: 0.120499
Train Epoch: 9 [12000/60000 (20%)]	Loss: 0.062532
Train Epoch: 9 [14000/60000 (23%)]	Loss: 0.052839
Train Epoch: 9 [16000/60000 (27%)]	Loss: 0.089334
Train Epoch: 9 [18000/60000 (30%)]	Loss: 0.074545
Train Epoch: 9 [20000/60000 (33%)]	Loss: 0.065483
Train Epoch: 9 [22000/60000 (37%)]	Loss: 0.119558
Train Epoch: 9 [24000/60000 (40%)]	Loss: 0.086709
Train Epoch: 9 [26000/60000 (43%)]	Loss: 0.057086
Train Epoch: 9 [28000/60000 (47%)]	Loss: 0.075701
Train Epoch: 9 [30000/60000 (50%)]	Loss: 0.091610
Train Epoch: 9 [32000/60000 (53%)]	Loss: 0.055228
Train Epoch: 9 [34000/60000 (57%)]	Loss: 0.036718
Train Epoch: 9 [36000/60000 (60%)]	Loss: 0.121984
Train Epoch: 9 [38000/60000 (63%)]	Loss: 0.045064
Train Epoch: 9 [40000/60000 (67%)]	Loss: 0.031668
Train Epoch: 9 [42000/60000 (70%)]	Loss: 0.122462
Train Epoch: 9 [44000/60000 (73%)]	Loss: 0.067085
Train Epoch: 9 [46000/60000 (77%)]	Loss: 0.116259
Train Epoch: 9 [48000/60000 (80%)]	Loss: 0.065885
Train Epoch: 9 [50000/60000 (83%)]	Loss: 0.031398
Train Epoch: 9 [52000/60000 (87%)]	Loss: 0.047056
Train Epoch: 9 [54000/60000 (90%)]	Loss: 0.065977
Train Epoch: 9 [56000/60000 (93%)]	Loss: 0.020434
Train Epoch: 9 [58000/60000 (97%)]	Loss: 0.070672
Train Epoch: 9 [60000/60000 (100%)]	Loss: 0.041716

Average Training loss: 0.0035, Training Error Rate: 7.52% (4514/60000)


Average Test loss: 0.0001, Test Error Rate: 7.09% (709/10000)

Train Epoch: 10 [2000/60000 (3%)]	Loss: 0.092009
Train Epoch: 10 [4000/60000 (7%)]	Loss: 0.054552
Train Epoch: 10 [6000/60000 (10%)]	Loss: 0.018999
Train Epoch: 10 [8000/60000 (13%)]	Loss: 0.054586
Train Epoch: 10 [10000/60000 (17%)]	Loss: 0.056314
Train Epoch: 10 [12000/60000 (20%)]	Loss: 0.061094
Train Epoch: 10 [14000/60000 (23%)]	Loss: 0.044402
Train Epoch: 10 [16000/60000 (27%)]	Loss: 0.034157
Train Epoch: 10 [18000/60000 (30%)]	Loss: 0.094941
Train Epoch: 10 [20000/60000 (33%)]	Loss: 0.034185
Train Epoch: 10 [22000/60000 (37%)]	Loss: 0.092169
Train Epoch: 10 [24000/60000 (40%)]	Loss: 0.086425
Train Epoch: 10 [26000/60000 (43%)]	Loss: 0.108049
Train Epoch: 10 [28000/60000 (47%)]	Loss: 0.048823
Train Epoch: 10 [30000/60000 (50%)]	Loss: 0.080681
Train Epoch: 10 [32000/60000 (53%)]	Loss: 0.053171
Train Epoch: 10 [34000/60000 (57%)]	Loss: 0.065385
Train Epoch: 10 [36000/60000 (60%)]	Loss: 0.078403
Train Epoch: 10 [38000/60000 (63%)]	Loss: 0.037709
Train Epoch: 10 [40000/60000 (67%)]	Loss: 0.135444
Train Epoch: 10 [42000/60000 (70%)]	Loss: 0.098136
Train Epoch: 10 [44000/60000 (73%)]	Loss: 0.061725
Train Epoch: 10 [46000/60000 (77%)]	Loss: 0.052977
Train Epoch: 10 [48000/60000 (80%)]	Loss: 0.018681
Train Epoch: 10 [50000/60000 (83%)]	Loss: 0.086251
Train Epoch: 10 [52000/60000 (87%)]	Loss: 0.081036
Train Epoch: 10 [54000/60000 (90%)]	Loss: 0.034650
Train Epoch: 10 [56000/60000 (93%)]	Loss: 0.044605
Train Epoch: 10 [58000/60000 (97%)]	Loss: 0.045190
Train Epoch: 10 [60000/60000 (100%)]	Loss: 0.023823

Average Training loss: 0.0034, Training Error Rate: 7.29% (4373/60000)


Average Test loss: 0.0001, Test Error Rate: 6.86% (686/10000)

Train Epoch: 11 [2000/60000 (3%)]	Loss: 0.067524
Train Epoch: 11 [4000/60000 (7%)]	Loss: 0.055118
Train Epoch: 11 [6000/60000 (10%)]	Loss: 0.076068
Train Epoch: 11 [8000/60000 (13%)]	Loss: 0.017780
Train Epoch: 11 [10000/60000 (17%)]	Loss: 0.078603
Train Epoch: 11 [12000/60000 (20%)]	Loss: 0.079535
Train Epoch: 11 [14000/60000 (23%)]	Loss: 0.093443
Train Epoch: 11 [16000/60000 (27%)]	Loss: 0.087763
Train Epoch: 11 [18000/60000 (30%)]	Loss: 0.006682
Train Epoch: 11 [20000/60000 (33%)]	Loss: 0.087317
Train Epoch: 11 [22000/60000 (37%)]	Loss: 0.053390
Train Epoch: 11 [24000/60000 (40%)]	Loss: 0.040668
Train Epoch: 11 [26000/60000 (43%)]	Loss: 0.105695
Train Epoch: 11 [28000/60000 (47%)]	Loss: 0.122733
Train Epoch: 11 [30000/60000 (50%)]	Loss: 0.049006
Train Epoch: 11 [32000/60000 (53%)]	Loss: 0.055673
Train Epoch: 11 [34000/60000 (57%)]	Loss: 0.081715
Train Epoch: 11 [36000/60000 (60%)]	Loss: 0.045876
Train Epoch: 11 [38000/60000 (63%)]	Loss: 0.034228
Train Epoch: 11 [40000/60000 (67%)]	Loss: 0.077690
Train Epoch: 11 [42000/60000 (70%)]	Loss: 0.014239
Train Epoch: 11 [44000/60000 (73%)]	Loss: 0.097771
Train Epoch: 11 [46000/60000 (77%)]	Loss: 0.047972
Train Epoch: 11 [48000/60000 (80%)]	Loss: 0.096344
Train Epoch: 11 [50000/60000 (83%)]	Loss: 0.062972
Train Epoch: 11 [52000/60000 (87%)]	Loss: 0.092584
Train Epoch: 11 [54000/60000 (90%)]	Loss: 0.129715
Train Epoch: 11 [56000/60000 (93%)]	Loss: 0.098107
Train Epoch: 11 [58000/60000 (97%)]	Loss: 0.048854
Train Epoch: 11 [60000/60000 (100%)]	Loss: 0.072519

Average Training loss: 0.0032, Training Error Rate: 6.94% (4162/60000)


Average Test loss: 0.0001, Test Error Rate: 6.80% (680/10000)

Train Epoch: 12 [2000/60000 (3%)]	Loss: 0.093330
Train Epoch: 12 [4000/60000 (7%)]	Loss: 0.047368
Train Epoch: 12 [6000/60000 (10%)]	Loss: 0.063381
Train Epoch: 12 [8000/60000 (13%)]	Loss: 0.060550
Train Epoch: 12 [10000/60000 (17%)]	Loss: 0.136083
Train Epoch: 12 [12000/60000 (20%)]	Loss: 0.149601
Train Epoch: 12 [14000/60000 (23%)]	Loss: 0.048977
Train Epoch: 12 [16000/60000 (27%)]	Loss: 0.072170
Train Epoch: 12 [18000/60000 (30%)]	Loss: 0.044587
Train Epoch: 12 [20000/60000 (33%)]	Loss: 0.062852
Train Epoch: 12 [22000/60000 (37%)]	Loss: 0.073893
Train Epoch: 12 [24000/60000 (40%)]	Loss: 0.019893
Train Epoch: 12 [26000/60000 (43%)]	Loss: 0.117917
Train Epoch: 12 [28000/60000 (47%)]	Loss: 0.097032
Train Epoch: 12 [30000/60000 (50%)]	Loss: 0.103617
Train Epoch: 12 [32000/60000 (53%)]	Loss: 0.041701
Train Epoch: 12 [34000/60000 (57%)]	Loss: 0.047803
Train Epoch: 12 [36000/60000 (60%)]	Loss: 0.022167
Train Epoch: 12 [38000/60000 (63%)]	Loss: 0.055555
Train Epoch: 12 [40000/60000 (67%)]	Loss: 0.069671
Train Epoch: 12 [42000/60000 (70%)]	Loss: 0.016667
Train Epoch: 12 [44000/60000 (73%)]	Loss: 0.035102
Train Epoch: 12 [46000/60000 (77%)]	Loss: 0.089792
Train Epoch: 12 [48000/60000 (80%)]	Loss: 0.038244
Train Epoch: 12 [50000/60000 (83%)]	Loss: 0.035804
Train Epoch: 12 [52000/60000 (87%)]	Loss: 0.061479
Train Epoch: 12 [54000/60000 (90%)]	Loss: 0.028985
Train Epoch: 12 [56000/60000 (93%)]	Loss: 0.060614
Train Epoch: 12 [58000/60000 (97%)]	Loss: 0.048369
Train Epoch: 12 [60000/60000 (100%)]	Loss: 0.094880

Average Training loss: 0.0032, Training Error Rate: 6.71% (4028/60000)


Average Test loss: 0.0001, Test Error Rate: 6.56% (656/10000)

Train Epoch: 13 [2000/60000 (3%)]	Loss: 0.065140
Train Epoch: 13 [4000/60000 (7%)]	Loss: 0.019430
Train Epoch: 13 [6000/60000 (10%)]	Loss: 0.028424
Train Epoch: 13 [8000/60000 (13%)]	Loss: 0.043872
Train Epoch: 13 [10000/60000 (17%)]	Loss: 0.066321
Train Epoch: 13 [12000/60000 (20%)]	Loss: 0.072901
Train Epoch: 13 [14000/60000 (23%)]	Loss: 0.071966
Train Epoch: 13 [16000/60000 (27%)]	Loss: 0.039571
Train Epoch: 13 [18000/60000 (30%)]	Loss: 0.075491
Train Epoch: 13 [20000/60000 (33%)]	Loss: 0.040118
Train Epoch: 13 [22000/60000 (37%)]	Loss: 0.084042
Train Epoch: 13 [24000/60000 (40%)]	Loss: 0.074357
Train Epoch: 13 [26000/60000 (43%)]	Loss: 0.128289
Train Epoch: 13 [28000/60000 (47%)]	Loss: 0.084658
Train Epoch: 13 [30000/60000 (50%)]	Loss: 0.029352
Train Epoch: 13 [32000/60000 (53%)]	Loss: 0.076789
Train Epoch: 13 [34000/60000 (57%)]	Loss: 0.062952
Train Epoch: 13 [36000/60000 (60%)]	Loss: 0.029383
Train Epoch: 13 [38000/60000 (63%)]	Loss: 0.028751
Train Epoch: 13 [40000/60000 (67%)]	Loss: 0.035108
Train Epoch: 13 [42000/60000 (70%)]	Loss: 0.016514
Train Epoch: 13 [44000/60000 (73%)]	Loss: 0.090123
Train Epoch: 13 [46000/60000 (77%)]	Loss: 0.070578
Train Epoch: 13 [48000/60000 (80%)]	Loss: 0.055501
Train Epoch: 13 [50000/60000 (83%)]	Loss: 0.049016
Train Epoch: 13 [52000/60000 (87%)]	Loss: 0.046478
Train Epoch: 13 [54000/60000 (90%)]	Loss: 0.063852
Train Epoch: 13 [56000/60000 (93%)]	Loss: 0.122078
Train Epoch: 13 [58000/60000 (97%)]	Loss: 0.075047
Train Epoch: 13 [60000/60000 (100%)]	Loss: 0.076911

Average Training loss: 0.0031, Training Error Rate: 6.57% (3944/60000)


Average Test loss: 0.0001, Test Error Rate: 6.21% (621/10000)

Train Epoch: 14 [2000/60000 (3%)]	Loss: 0.027581
Train Epoch: 14 [4000/60000 (7%)]	Loss: 0.016906
Train Epoch: 14 [6000/60000 (10%)]	Loss: 0.068902
Train Epoch: 14 [8000/60000 (13%)]	Loss: 0.043525
Train Epoch: 14 [10000/60000 (17%)]	Loss: 0.012614
Train Epoch: 14 [12000/60000 (20%)]	Loss: 0.038418
Train Epoch: 14 [14000/60000 (23%)]	Loss: 0.086065
Train Epoch: 14 [16000/60000 (27%)]	Loss: 0.034537
Train Epoch: 14 [18000/60000 (30%)]	Loss: 0.064518
Train Epoch: 14 [20000/60000 (33%)]	Loss: 0.071960
Train Epoch: 14 [22000/60000 (37%)]	Loss: 0.054348
Train Epoch: 14 [24000/60000 (40%)]	Loss: 0.016498
Train Epoch: 14 [26000/60000 (43%)]	Loss: 0.060336
Train Epoch: 14 [28000/60000 (47%)]	Loss: 0.055790
Train Epoch: 14 [30000/60000 (50%)]	Loss: 0.075257
Train Epoch: 14 [32000/60000 (53%)]	Loss: 0.068913
Train Epoch: 14 [34000/60000 (57%)]	Loss: 0.055304
Train Epoch: 14 [36000/60000 (60%)]	Loss: 0.010205
Train Epoch: 14 [38000/60000 (63%)]	Loss: 0.080990
Train Epoch: 14 [40000/60000 (67%)]	Loss: 0.077660
Train Epoch: 14 [42000/60000 (70%)]	Loss: 0.143282
Train Epoch: 14 [44000/60000 (73%)]	Loss: 0.066420
Train Epoch: 14 [46000/60000 (77%)]	Loss: 0.102781
Train Epoch: 14 [48000/60000 (80%)]	Loss: 0.058886
Train Epoch: 14 [50000/60000 (83%)]	Loss: 0.024453
Train Epoch: 14 [52000/60000 (87%)]	Loss: 0.017492
Train Epoch: 14 [54000/60000 (90%)]	Loss: 0.027520
Train Epoch: 14 [56000/60000 (93%)]	Loss: 0.118386
Train Epoch: 14 [58000/60000 (97%)]	Loss: 0.051623
Train Epoch: 14 [60000/60000 (100%)]	Loss: 0.038210

Average Training loss: 0.0030, Training Error Rate: 6.37% (3824/60000)


Average Test loss: 0.0001, Test Error Rate: 5.87% (587/10000)

Train Epoch: 15 [2000/60000 (3%)]	Loss: 0.013752
Train Epoch: 15 [4000/60000 (7%)]	Loss: 0.087380
Train Epoch: 15 [6000/60000 (10%)]	Loss: 0.032385
Train Epoch: 15 [8000/60000 (13%)]	Loss: 0.113239
Train Epoch: 15 [10000/60000 (17%)]	Loss: 0.078700
Train Epoch: 15 [12000/60000 (20%)]	Loss: 0.048226
Train Epoch: 15 [14000/60000 (23%)]	Loss: 0.038784
Train Epoch: 15 [16000/60000 (27%)]	Loss: 0.102193
Train Epoch: 15 [18000/60000 (30%)]	Loss: 0.036487
Train Epoch: 15 [20000/60000 (33%)]	Loss: 0.123506
Train Epoch: 15 [22000/60000 (37%)]	Loss: 0.037215
Train Epoch: 15 [24000/60000 (40%)]	Loss: 0.035919
Train Epoch: 15 [26000/60000 (43%)]	Loss: 0.033674
Train Epoch: 15 [28000/60000 (47%)]	Loss: 0.048914
Train Epoch: 15 [30000/60000 (50%)]	Loss: 0.014456
Train Epoch: 15 [32000/60000 (53%)]	Loss: 0.029284
Train Epoch: 15 [34000/60000 (57%)]	Loss: 0.044901
Train Epoch: 15 [36000/60000 (60%)]	Loss: 0.112134
Train Epoch: 15 [38000/60000 (63%)]	Loss: 0.013433
Train Epoch: 15 [40000/60000 (67%)]	Loss: 0.119288
Train Epoch: 15 [42000/60000 (70%)]	Loss: 0.044030
Train Epoch: 15 [44000/60000 (73%)]	Loss: 0.047537
Train Epoch: 15 [46000/60000 (77%)]	Loss: 0.051079
Train Epoch: 15 [48000/60000 (80%)]	Loss: 0.063666
Train Epoch: 15 [50000/60000 (83%)]	Loss: 0.048592
Train Epoch: 15 [52000/60000 (87%)]	Loss: 0.081145
Train Epoch: 15 [54000/60000 (90%)]	Loss: 0.082816
Train Epoch: 15 [56000/60000 (93%)]	Loss: 0.032204
Train Epoch: 15 [58000/60000 (97%)]	Loss: 0.141814
Train Epoch: 15 [60000/60000 (100%)]	Loss: 0.034202

Average Training loss: 0.0029, Training Error Rate: 6.17% (3703/60000)


Average Test loss: 0.0001, Test Error Rate: 6.15% (615/10000)

Train Epoch: 16 [2000/60000 (3%)]	Loss: 0.019990
Train Epoch: 16 [4000/60000 (7%)]	Loss: 0.014561
Train Epoch: 16 [6000/60000 (10%)]	Loss: 0.021509
Train Epoch: 16 [8000/60000 (13%)]	Loss: 0.047577
Train Epoch: 16 [10000/60000 (17%)]	Loss: 0.061485
Train Epoch: 16 [12000/60000 (20%)]	Loss: 0.038652
Train Epoch: 16 [14000/60000 (23%)]	Loss: 0.086158
Train Epoch: 16 [16000/60000 (27%)]	Loss: 0.099555
Train Epoch: 16 [18000/60000 (30%)]	Loss: 0.137608
Train Epoch: 16 [20000/60000 (33%)]	Loss: 0.019366
Train Epoch: 16 [22000/60000 (37%)]	Loss: 0.062327
Train Epoch: 16 [24000/60000 (40%)]	Loss: 0.071896
Train Epoch: 16 [26000/60000 (43%)]	Loss: 0.052952
Train Epoch: 16 [28000/60000 (47%)]	Loss: 0.088526
Train Epoch: 16 [30000/60000 (50%)]	Loss: 0.019152
Train Epoch: 16 [32000/60000 (53%)]	Loss: 0.040290
Train Epoch: 16 [34000/60000 (57%)]	Loss: 0.030311
Train Epoch: 16 [36000/60000 (60%)]	Loss: 0.046418
Train Epoch: 16 [38000/60000 (63%)]	Loss: 0.066255
Train Epoch: 16 [40000/60000 (67%)]	Loss: 0.077821
Train Epoch: 16 [42000/60000 (70%)]	Loss: 0.053719
Train Epoch: 16 [44000/60000 (73%)]	Loss: 0.026724
Train Epoch: 16 [46000/60000 (77%)]	Loss: 0.036365
Train Epoch: 16 [48000/60000 (80%)]	Loss: 0.024368
Train Epoch: 16 [50000/60000 (83%)]	Loss: 0.067673
Train Epoch: 16 [52000/60000 (87%)]	Loss: 0.152473
Train Epoch: 16 [54000/60000 (90%)]	Loss: 0.028100
Train Epoch: 16 [56000/60000 (93%)]	Loss: 0.082719
Train Epoch: 16 [58000/60000 (97%)]	Loss: 0.021886
Train Epoch: 16 [60000/60000 (100%)]	Loss: 0.018862

Average Training loss: 0.0029, Training Error Rate: 5.93% (3559/60000)


Average Test loss: 0.0001, Test Error Rate: 5.71% (571/10000)

Train Epoch: 17 [2000/60000 (3%)]	Loss: 0.019599
Train Epoch: 17 [4000/60000 (7%)]	Loss: 0.019955
Train Epoch: 17 [6000/60000 (10%)]	Loss: 0.093135
Train Epoch: 17 [8000/60000 (13%)]	Loss: 0.062637
Train Epoch: 17 [10000/60000 (17%)]	Loss: 0.018927
Train Epoch: 17 [12000/60000 (20%)]	Loss: 0.055993
Train Epoch: 17 [14000/60000 (23%)]	Loss: 0.059316
Train Epoch: 17 [16000/60000 (27%)]	Loss: 0.022405
Train Epoch: 17 [18000/60000 (30%)]	Loss: 0.092565
Train Epoch: 17 [20000/60000 (33%)]	Loss: 0.078652
Train Epoch: 17 [22000/60000 (37%)]	Loss: 0.044006
Train Epoch: 17 [24000/60000 (40%)]	Loss: 0.036367
Train Epoch: 17 [26000/60000 (43%)]	Loss: 0.104680
Train Epoch: 17 [28000/60000 (47%)]	Loss: 0.092135
Train Epoch: 17 [30000/60000 (50%)]	Loss: 0.039628
Train Epoch: 17 [32000/60000 (53%)]	Loss: 0.011848
Train Epoch: 17 [34000/60000 (57%)]	Loss: 0.038935
Train Epoch: 17 [36000/60000 (60%)]	Loss: 0.069668
Train Epoch: 17 [38000/60000 (63%)]	Loss: 0.060922
Train Epoch: 17 [40000/60000 (67%)]	Loss: 0.062414
Train Epoch: 17 [42000/60000 (70%)]	Loss: 0.093739
Train Epoch: 17 [44000/60000 (73%)]	Loss: 0.041185
Train Epoch: 17 [46000/60000 (77%)]	Loss: 0.124147
Train Epoch: 17 [48000/60000 (80%)]	Loss: 0.060690
Train Epoch: 17 [50000/60000 (83%)]	Loss: 0.026008
Train Epoch: 17 [52000/60000 (87%)]	Loss: 0.052928
Train Epoch: 17 [54000/60000 (90%)]	Loss: 0.017053
Train Epoch: 17 [56000/60000 (93%)]	Loss: 0.041573
Train Epoch: 17 [58000/60000 (97%)]	Loss: 0.062174
Train Epoch: 17 [60000/60000 (100%)]	Loss: 0.045211

Average Training loss: 0.0028, Training Error Rate: 5.83% (3496/60000)


Average Test loss: 0.0001, Test Error Rate: 6.02% (602/10000)

Train Epoch: 18 [2000/60000 (3%)]	Loss: 0.011343
Train Epoch: 18 [4000/60000 (7%)]	Loss: 0.089637
Train Epoch: 18 [6000/60000 (10%)]	Loss: 0.072865
Train Epoch: 18 [8000/60000 (13%)]	Loss: 0.023460
Train Epoch: 18 [10000/60000 (17%)]	Loss: 0.017052
Train Epoch: 18 [12000/60000 (20%)]	Loss: 0.073764
Train Epoch: 18 [14000/60000 (23%)]	Loss: 0.010138
Train Epoch: 18 [16000/60000 (27%)]	Loss: 0.058355
Train Epoch: 18 [18000/60000 (30%)]	Loss: 0.074859
Train Epoch: 18 [20000/60000 (33%)]	Loss: 0.043020
Train Epoch: 18 [22000/60000 (37%)]	Loss: 0.019886
Train Epoch: 18 [24000/60000 (40%)]	Loss: 0.022921
Train Epoch: 18 [26000/60000 (43%)]	Loss: 0.074654
Train Epoch: 18 [28000/60000 (47%)]	Loss: 0.008486
Train Epoch: 18 [30000/60000 (50%)]	Loss: 0.099843
Train Epoch: 18 [32000/60000 (53%)]	Loss: 0.090804
Train Epoch: 18 [34000/60000 (57%)]	Loss: 0.108562
Train Epoch: 18 [36000/60000 (60%)]	Loss: 0.032738
Train Epoch: 18 [38000/60000 (63%)]	Loss: 0.070106
Train Epoch: 18 [40000/60000 (67%)]	Loss: 0.028792
Train Epoch: 18 [42000/60000 (70%)]	Loss: 0.023956
Train Epoch: 18 [44000/60000 (73%)]	Loss: 0.088739
Train Epoch: 18 [46000/60000 (77%)]	Loss: 0.019489
Train Epoch: 18 [48000/60000 (80%)]	Loss: 0.077791
Train Epoch: 18 [50000/60000 (83%)]	Loss: 0.043840
Train Epoch: 18 [52000/60000 (87%)]	Loss: 0.073644
Train Epoch: 18 [54000/60000 (90%)]	Loss: 0.068320
Train Epoch: 18 [56000/60000 (93%)]	Loss: 0.023255
Train Epoch: 18 [58000/60000 (97%)]	Loss: 0.029272
Train Epoch: 18 [60000/60000 (100%)]	Loss: 0.030862

Average Training loss: 0.0027, Training Error Rate: 5.59% (3357/60000)


Average Test loss: 0.0001, Test Error Rate: 5.61% (561/10000)

Train Epoch: 19 [2000/60000 (3%)]	Loss: 0.061020
Train Epoch: 19 [4000/60000 (7%)]	Loss: 0.095615
Train Epoch: 19 [6000/60000 (10%)]	Loss: 0.046267
Train Epoch: 19 [8000/60000 (13%)]	Loss: 0.033561
Train Epoch: 19 [10000/60000 (17%)]	Loss: 0.044977
Train Epoch: 19 [12000/60000 (20%)]	Loss: 0.046709
Train Epoch: 19 [14000/60000 (23%)]	Loss: 0.078055
Train Epoch: 19 [16000/60000 (27%)]	Loss: 0.019126
Train Epoch: 19 [18000/60000 (30%)]	Loss: 0.020261
Train Epoch: 19 [20000/60000 (33%)]	Loss: 0.158457
Train Epoch: 19 [22000/60000 (37%)]	Loss: 0.020595
Train Epoch: 19 [24000/60000 (40%)]	Loss: 0.031365
Train Epoch: 19 [26000/60000 (43%)]	Loss: 0.051027
Train Epoch: 19 [28000/60000 (47%)]	Loss: 0.039181
Train Epoch: 19 [30000/60000 (50%)]	Loss: 0.008508
Train Epoch: 19 [32000/60000 (53%)]	Loss: 0.076108
Train Epoch: 19 [34000/60000 (57%)]	Loss: 0.074791
Train Epoch: 19 [36000/60000 (60%)]	Loss: 0.014753
Train Epoch: 19 [38000/60000 (63%)]	Loss: 0.029289
Train Epoch: 19 [40000/60000 (67%)]	Loss: 0.063836
Train Epoch: 19 [42000/60000 (70%)]	Loss: 0.041981
Train Epoch: 19 [44000/60000 (73%)]	Loss: 0.070430
Train Epoch: 19 [46000/60000 (77%)]	Loss: 0.045036
Train Epoch: 19 [48000/60000 (80%)]	Loss: 0.045913
Train Epoch: 19 [50000/60000 (83%)]	Loss: 0.031798
Train Epoch: 19 [52000/60000 (87%)]	Loss: 0.066758
Train Epoch: 19 [54000/60000 (90%)]	Loss: 0.034281
Train Epoch: 19 [56000/60000 (93%)]	Loss: 0.057898
Train Epoch: 19 [58000/60000 (97%)]	Loss: 0.042259
Train Epoch: 19 [60000/60000 (100%)]	Loss: 0.011848

Average Training loss: 0.0027, Training Error Rate: 5.46% (3279/60000)


Average Test loss: 0.0001, Test Error Rate: 5.55% (555/10000)

Train Epoch: 20 [2000/60000 (3%)]	Loss: 0.021397
Train Epoch: 20 [4000/60000 (7%)]	Loss: 0.023167
Train Epoch: 20 [6000/60000 (10%)]	Loss: 0.007029
Train Epoch: 20 [8000/60000 (13%)]	Loss: 0.041914
Train Epoch: 20 [10000/60000 (17%)]	Loss: 0.022292
Train Epoch: 20 [12000/60000 (20%)]	Loss: 0.069422
Train Epoch: 20 [14000/60000 (23%)]	Loss: 0.025197
Train Epoch: 20 [16000/60000 (27%)]	Loss: 0.030458
Train Epoch: 20 [18000/60000 (30%)]	Loss: 0.068816
Train Epoch: 20 [20000/60000 (33%)]	Loss: 0.069617
Train Epoch: 20 [22000/60000 (37%)]	Loss: 0.084322
Train Epoch: 20 [24000/60000 (40%)]	Loss: 0.065164
Train Epoch: 20 [26000/60000 (43%)]	Loss: 0.047565
Train Epoch: 20 [28000/60000 (47%)]	Loss: 0.046351
Train Epoch: 20 [30000/60000 (50%)]	Loss: 0.055069
Train Epoch: 20 [32000/60000 (53%)]	Loss: 0.032588
Train Epoch: 20 [34000/60000 (57%)]	Loss: 0.046215
Train Epoch: 20 [36000/60000 (60%)]	Loss: 0.033728
Train Epoch: 20 [38000/60000 (63%)]	Loss: 0.010054
Train Epoch: 20 [40000/60000 (67%)]	Loss: 0.085402
Train Epoch: 20 [42000/60000 (70%)]	Loss: 0.032622
Train Epoch: 20 [44000/60000 (73%)]	Loss: 0.070211
Train Epoch: 20 [46000/60000 (77%)]	Loss: 0.029148
Train Epoch: 20 [48000/60000 (80%)]	Loss: 0.032056
Train Epoch: 20 [50000/60000 (83%)]	Loss: 0.028706
Train Epoch: 20 [52000/60000 (87%)]	Loss: 0.085927
Train Epoch: 20 [54000/60000 (90%)]	Loss: 0.017636
Train Epoch: 20 [56000/60000 (93%)]	Loss: 0.074860
Train Epoch: 20 [58000/60000 (97%)]	Loss: 0.007231
Train Epoch: 20 [60000/60000 (100%)]	Loss: 0.031948

Average Training loss: 0.0026, Training Error Rate: 5.33% (3196/60000)


Average Test loss: 0.0000, Test Error Rate: 5.27% (527/10000)

Train Epoch: 21 [2000/60000 (3%)]	Loss: 0.021953
Train Epoch: 21 [4000/60000 (7%)]	Loss: 0.044057
Train Epoch: 21 [6000/60000 (10%)]	Loss: 0.072261
Train Epoch: 21 [8000/60000 (13%)]	Loss: 0.044423
Train Epoch: 21 [10000/60000 (17%)]	Loss: 0.121806
Train Epoch: 21 [12000/60000 (20%)]	Loss: 0.009111
Train Epoch: 21 [14000/60000 (23%)]	Loss: 0.053071
Train Epoch: 21 [16000/60000 (27%)]	Loss: 0.052685
Train Epoch: 21 [18000/60000 (30%)]	Loss: 0.045532
Train Epoch: 21 [20000/60000 (33%)]	Loss: 0.060124
Train Epoch: 21 [22000/60000 (37%)]	Loss: 0.057642
Train Epoch: 21 [24000/60000 (40%)]	Loss: 0.060933
Train Epoch: 21 [26000/60000 (43%)]	Loss: 0.019378
Train Epoch: 21 [28000/60000 (47%)]	Loss: 0.022795
Train Epoch: 21 [30000/60000 (50%)]	Loss: 0.041313
Train Epoch: 21 [32000/60000 (53%)]	Loss: 0.019560
Train Epoch: 21 [34000/60000 (57%)]	Loss: 0.088523
Train Epoch: 21 [36000/60000 (60%)]	Loss: 0.060736
Train Epoch: 21 [38000/60000 (63%)]	Loss: 0.020853
Train Epoch: 21 [40000/60000 (67%)]	Loss: 0.031135
Train Epoch: 21 [42000/60000 (70%)]	Loss: 0.039620
Train Epoch: 21 [44000/60000 (73%)]	Loss: 0.041730
Train Epoch: 21 [46000/60000 (77%)]	Loss: 0.051453
Train Epoch: 21 [48000/60000 (80%)]	Loss: 0.092930
Train Epoch: 21 [50000/60000 (83%)]	Loss: 0.046402
Train Epoch: 21 [52000/60000 (87%)]	Loss: 0.078082
Train Epoch: 21 [54000/60000 (90%)]	Loss: 0.050600
Train Epoch: 21 [56000/60000 (93%)]	Loss: 0.047212
Train Epoch: 21 [58000/60000 (97%)]	Loss: 0.077620
Train Epoch: 21 [60000/60000 (100%)]	Loss: 0.027307

Average Training loss: 0.0025, Training Error Rate: 5.21% (3129/60000)


Average Test loss: 0.0001, Test Error Rate: 5.60% (560/10000)

Train Epoch: 22 [2000/60000 (3%)]	Loss: 0.051808
Train Epoch: 22 [4000/60000 (7%)]	Loss: 0.016021
Train Epoch: 22 [6000/60000 (10%)]	Loss: 0.081217
Train Epoch: 22 [8000/60000 (13%)]	Loss: 0.054070
Train Epoch: 22 [10000/60000 (17%)]	Loss: 0.056117
Train Epoch: 22 [12000/60000 (20%)]	Loss: 0.033631
Train Epoch: 22 [14000/60000 (23%)]	Loss: 0.076899
Train Epoch: 22 [16000/60000 (27%)]	Loss: 0.011672
Train Epoch: 22 [18000/60000 (30%)]	Loss: 0.097186
Train Epoch: 22 [20000/60000 (33%)]	Loss: 0.054924
Train Epoch: 22 [22000/60000 (37%)]	Loss: 0.028658
Train Epoch: 22 [24000/60000 (40%)]	Loss: 0.039544
Train Epoch: 22 [26000/60000 (43%)]	Loss: 0.021401
Train Epoch: 22 [28000/60000 (47%)]	Loss: 0.046440
Train Epoch: 22 [30000/60000 (50%)]	Loss: 0.013144
Train Epoch: 22 [32000/60000 (53%)]	Loss: 0.042004
Train Epoch: 22 [34000/60000 (57%)]	Loss: 0.085141
Train Epoch: 22 [36000/60000 (60%)]	Loss: 0.014572
Train Epoch: 22 [38000/60000 (63%)]	Loss: 0.072148
Train Epoch: 22 [40000/60000 (67%)]	Loss: 0.035309
Train Epoch: 22 [42000/60000 (70%)]	Loss: 0.047672
Train Epoch: 22 [44000/60000 (73%)]	Loss: 0.020881
Train Epoch: 22 [46000/60000 (77%)]	Loss: 0.027673
Train Epoch: 22 [48000/60000 (80%)]	Loss: 0.079575
Train Epoch: 22 [50000/60000 (83%)]	Loss: 0.049391
Train Epoch: 22 [52000/60000 (87%)]	Loss: 0.037066
Train Epoch: 22 [54000/60000 (90%)]	Loss: 0.019821
Train Epoch: 22 [56000/60000 (93%)]	Loss: 0.023807
Train Epoch: 22 [58000/60000 (97%)]	Loss: 0.096933
Train Epoch: 22 [60000/60000 (100%)]	Loss: 0.048600

Average Training loss: 0.0025, Training Error Rate: 5.25% (3151/60000)


Average Test loss: 0.0000, Test Error Rate: 5.13% (513/10000)

Train Epoch: 23 [2000/60000 (3%)]	Loss: 0.056073
Train Epoch: 23 [4000/60000 (7%)]	Loss: 0.029749
Train Epoch: 23 [6000/60000 (10%)]	Loss: 0.048208
Train Epoch: 23 [8000/60000 (13%)]	Loss: 0.021927
Train Epoch: 23 [10000/60000 (17%)]	Loss: 0.107277
Train Epoch: 23 [12000/60000 (20%)]	Loss: 0.013526
Train Epoch: 23 [14000/60000 (23%)]	Loss: 0.038720
Train Epoch: 23 [16000/60000 (27%)]	Loss: 0.080717
Train Epoch: 23 [18000/60000 (30%)]	Loss: 0.057319
Train Epoch: 23 [20000/60000 (33%)]	Loss: 0.117406
Train Epoch: 23 [22000/60000 (37%)]	Loss: 0.029345
Train Epoch: 23 [24000/60000 (40%)]	Loss: 0.079923
Train Epoch: 23 [26000/60000 (43%)]	Loss: 0.027604
Train Epoch: 23 [28000/60000 (47%)]	Loss: 0.055983
Train Epoch: 23 [30000/60000 (50%)]	Loss: 0.026234
Train Epoch: 23 [32000/60000 (53%)]	Loss: 0.082903
Train Epoch: 23 [34000/60000 (57%)]	Loss: 0.068278
Train Epoch: 23 [36000/60000 (60%)]	Loss: 0.018289
Train Epoch: 23 [38000/60000 (63%)]	Loss: 0.016369
Train Epoch: 23 [40000/60000 (67%)]	Loss: 0.110209
Train Epoch: 23 [42000/60000 (70%)]	Loss: 0.051541
Train Epoch: 23 [44000/60000 (73%)]	Loss: 0.023832
Train Epoch: 23 [46000/60000 (77%)]	Loss: 0.022780
Train Epoch: 23 [48000/60000 (80%)]	Loss: 0.020389
Train Epoch: 23 [50000/60000 (83%)]	Loss: 0.037659
Train Epoch: 23 [52000/60000 (87%)]	Loss: 0.038434
Train Epoch: 23 [54000/60000 (90%)]	Loss: 0.043259
Train Epoch: 23 [56000/60000 (93%)]	Loss: 0.017417
Train Epoch: 23 [58000/60000 (97%)]	Loss: 0.055059
Train Epoch: 23 [60000/60000 (100%)]	Loss: 0.033066

Average Training loss: 0.0024, Training Error Rate: 5.09% (3055/60000)


Average Test loss: 0.0000, Test Error Rate: 5.12% (512/10000)

Train Epoch: 24 [2000/60000 (3%)]	Loss: 0.076318
Train Epoch: 24 [4000/60000 (7%)]	Loss: 0.079933
Train Epoch: 24 [6000/60000 (10%)]	Loss: 0.053804
Train Epoch: 24 [8000/60000 (13%)]	Loss: 0.005524
Train Epoch: 24 [10000/60000 (17%)]	Loss: 0.073520
Train Epoch: 24 [12000/60000 (20%)]	Loss: 0.045834
Train Epoch: 24 [14000/60000 (23%)]	Loss: 0.135578
Train Epoch: 24 [16000/60000 (27%)]	Loss: 0.035646
Train Epoch: 24 [18000/60000 (30%)]	Loss: 0.094681
Train Epoch: 24 [20000/60000 (33%)]	Loss: 0.031573
Train Epoch: 24 [22000/60000 (37%)]	Loss: 0.017355
Train Epoch: 24 [24000/60000 (40%)]	Loss: 0.031713
Train Epoch: 24 [26000/60000 (43%)]	Loss: 0.019797
Train Epoch: 24 [28000/60000 (47%)]	Loss: 0.082515
Train Epoch: 24 [30000/60000 (50%)]	Loss: 0.084426
Train Epoch: 24 [32000/60000 (53%)]	Loss: 0.045093
Train Epoch: 24 [34000/60000 (57%)]	Loss: 0.079182
Train Epoch: 24 [36000/60000 (60%)]	Loss: 0.023434
Train Epoch: 24 [38000/60000 (63%)]	Loss: 0.042205
Train Epoch: 24 [40000/60000 (67%)]	Loss: 0.063203
Train Epoch: 24 [42000/60000 (70%)]	Loss: 0.048668
Train Epoch: 24 [44000/60000 (73%)]	Loss: 0.069569
Train Epoch: 24 [46000/60000 (77%)]	Loss: 0.038398
Train Epoch: 24 [48000/60000 (80%)]	Loss: 0.027699
Train Epoch: 24 [50000/60000 (83%)]	Loss: 0.057121
Train Epoch: 24 [52000/60000 (87%)]	Loss: 0.022431
Train Epoch: 24 [54000/60000 (90%)]	Loss: 0.057918
Train Epoch: 24 [56000/60000 (93%)]	Loss: 0.036939
Train Epoch: 24 [58000/60000 (97%)]	Loss: 0.072832
Train Epoch: 24 [60000/60000 (100%)]	Loss: 0.030343

Average Training loss: 0.0024, Training Error Rate: 4.91% (2947/60000)


Average Test loss: 0.0000, Test Error Rate: 5.05% (505/10000)

Train Epoch: 25 [2000/60000 (3%)]	Loss: 0.065963
Train Epoch: 25 [4000/60000 (7%)]	Loss: 0.031529
Train Epoch: 25 [6000/60000 (10%)]	Loss: 0.074582
Train Epoch: 25 [8000/60000 (13%)]	Loss: 0.048709
Train Epoch: 25 [10000/60000 (17%)]	Loss: 0.067899
Train Epoch: 25 [12000/60000 (20%)]	Loss: 0.018498
Train Epoch: 25 [14000/60000 (23%)]	Loss: 0.034490
Train Epoch: 25 [16000/60000 (27%)]	Loss: 0.041848
Train Epoch: 25 [18000/60000 (30%)]	Loss: 0.090582
Train Epoch: 25 [20000/60000 (33%)]	Loss: 0.010592
Train Epoch: 25 [22000/60000 (37%)]	Loss: 0.051175
Train Epoch: 25 [24000/60000 (40%)]	Loss: 0.103076
Train Epoch: 25 [26000/60000 (43%)]	Loss: 0.009366
Train Epoch: 25 [28000/60000 (47%)]	Loss: 0.053230
Train Epoch: 25 [30000/60000 (50%)]	Loss: 0.040079
Train Epoch: 25 [32000/60000 (53%)]	Loss: 0.021368
Train Epoch: 25 [34000/60000 (57%)]	Loss: 0.026207
Train Epoch: 25 [36000/60000 (60%)]	Loss: 0.051089
Train Epoch: 25 [38000/60000 (63%)]	Loss: 0.028107
Train Epoch: 25 [40000/60000 (67%)]	Loss: 0.055984
Train Epoch: 25 [42000/60000 (70%)]	Loss: 0.097144
Train Epoch: 25 [44000/60000 (73%)]	Loss: 0.041562
Train Epoch: 25 [46000/60000 (77%)]	Loss: 0.013521
Train Epoch: 25 [48000/60000 (80%)]	Loss: 0.060641
Train Epoch: 25 [50000/60000 (83%)]	Loss: 0.034861
Train Epoch: 25 [52000/60000 (87%)]	Loss: 0.023227
Train Epoch: 25 [54000/60000 (90%)]	Loss: 0.141825
Train Epoch: 25 [56000/60000 (93%)]	Loss: 0.019249
Train Epoch: 25 [58000/60000 (97%)]	Loss: 0.034117
Train Epoch: 25 [60000/60000 (100%)]	Loss: 0.084078

Average Training loss: 0.0024, Training Error Rate: 4.88% (2925/60000)


Average Test loss: 0.0000, Test Error Rate: 4.97% (497/10000)

Train Epoch: 26 [2000/60000 (3%)]	Loss: 0.084914
Train Epoch: 26 [4000/60000 (7%)]	Loss: 0.082935
Train Epoch: 26 [6000/60000 (10%)]	Loss: 0.147211
Train Epoch: 26 [8000/60000 (13%)]	Loss: 0.071137
Train Epoch: 26 [10000/60000 (17%)]	Loss: 0.083645
Train Epoch: 26 [12000/60000 (20%)]	Loss: 0.115340
Train Epoch: 26 [14000/60000 (23%)]	Loss: 0.075274
Train Epoch: 26 [16000/60000 (27%)]	Loss: 0.087066
Train Epoch: 26 [18000/60000 (30%)]	Loss: 0.089803
Train Epoch: 26 [20000/60000 (33%)]	Loss: 0.035127
Train Epoch: 26 [22000/60000 (37%)]	Loss: 0.026493
Train Epoch: 26 [24000/60000 (40%)]	Loss: 0.047084
Train Epoch: 26 [26000/60000 (43%)]	Loss: 0.040566
Train Epoch: 26 [28000/60000 (47%)]	Loss: 0.037532
Train Epoch: 26 [30000/60000 (50%)]	Loss: 0.046593
Train Epoch: 26 [32000/60000 (53%)]	Loss: 0.051701
Train Epoch: 26 [34000/60000 (57%)]	Loss: 0.030657
Train Epoch: 26 [36000/60000 (60%)]	Loss: 0.073279
Train Epoch: 26 [38000/60000 (63%)]	Loss: 0.083487
Train Epoch: 26 [40000/60000 (67%)]	Loss: 0.057335
Train Epoch: 26 [42000/60000 (70%)]	Loss: 0.010925
Train Epoch: 26 [44000/60000 (73%)]	Loss: 0.029720
Train Epoch: 26 [46000/60000 (77%)]	Loss: 0.045641
Train Epoch: 26 [48000/60000 (80%)]	Loss: 0.079724
Train Epoch: 26 [50000/60000 (83%)]	Loss: 0.100697
Train Epoch: 26 [52000/60000 (87%)]	Loss: 0.029306
Train Epoch: 26 [54000/60000 (90%)]	Loss: 0.032843
Train Epoch: 26 [56000/60000 (93%)]	Loss: 0.049949
Train Epoch: 26 [58000/60000 (97%)]	Loss: 0.053920
Train Epoch: 26 [60000/60000 (100%)]	Loss: 0.016286

Average Training loss: 0.0023, Training Error Rate: 4.78% (2870/60000)


Average Test loss: 0.0000, Test Error Rate: 4.78% (478/10000)

Train Epoch: 27 [2000/60000 (3%)]	Loss: 0.059853
Train Epoch: 27 [4000/60000 (7%)]	Loss: 0.092922
Train Epoch: 27 [6000/60000 (10%)]	Loss: 0.040690
Train Epoch: 27 [8000/60000 (13%)]	Loss: 0.043822
Train Epoch: 27 [10000/60000 (17%)]	Loss: 0.103145
Train Epoch: 27 [12000/60000 (20%)]	Loss: 0.016440
Train Epoch: 27 [14000/60000 (23%)]	Loss: 0.128755
Train Epoch: 27 [16000/60000 (27%)]	Loss: 0.027161
Train Epoch: 27 [18000/60000 (30%)]	Loss: 0.013902
Train Epoch: 27 [20000/60000 (33%)]	Loss: 0.034627
Train Epoch: 27 [22000/60000 (37%)]	Loss: 0.080566
Train Epoch: 27 [24000/60000 (40%)]	Loss: 0.048839
Train Epoch: 27 [26000/60000 (43%)]	Loss: 0.054689
Train Epoch: 27 [28000/60000 (47%)]	Loss: 0.100176
Train Epoch: 27 [30000/60000 (50%)]	Loss: 0.069788
Train Epoch: 27 [32000/60000 (53%)]	Loss: 0.026376
Train Epoch: 27 [34000/60000 (57%)]	Loss: 0.039562
Train Epoch: 27 [36000/60000 (60%)]	Loss: 0.025126
Train Epoch: 27 [38000/60000 (63%)]	Loss: 0.053239
Train Epoch: 27 [40000/60000 (67%)]	Loss: 0.028274
Train Epoch: 27 [42000/60000 (70%)]	Loss: 0.064622
Train Epoch: 27 [44000/60000 (73%)]	Loss: 0.097971
Train Epoch: 27 [46000/60000 (77%)]	Loss: 0.066545
Train Epoch: 27 [48000/60000 (80%)]	Loss: 0.011406
Train Epoch: 27 [50000/60000 (83%)]	Loss: 0.061747
Train Epoch: 27 [52000/60000 (87%)]	Loss: 0.011607
Train Epoch: 27 [54000/60000 (90%)]	Loss: 0.084639
Train Epoch: 27 [56000/60000 (93%)]	Loss: 0.060895
Train Epoch: 27 [58000/60000 (97%)]	Loss: 0.024403
Train Epoch: 27 [60000/60000 (100%)]	Loss: 0.055194

Average Training loss: 0.0023, Training Error Rate: 4.74% (2841/60000)


Average Test loss: 0.0000, Test Error Rate: 4.69% (469/10000)

Train Epoch: 28 [2000/60000 (3%)]	Loss: 0.052205
Train Epoch: 28 [4000/60000 (7%)]	Loss: 0.012058
Train Epoch: 28 [6000/60000 (10%)]	Loss: 0.029618
Train Epoch: 28 [8000/60000 (13%)]	Loss: 0.012537
Train Epoch: 28 [10000/60000 (17%)]	Loss: 0.113018
Train Epoch: 28 [12000/60000 (20%)]	Loss: 0.090418
Train Epoch: 28 [14000/60000 (23%)]	Loss: 0.090693
Train Epoch: 28 [16000/60000 (27%)]	Loss: 0.033113
Train Epoch: 28 [18000/60000 (30%)]	Loss: 0.042292
Train Epoch: 28 [20000/60000 (33%)]	Loss: 0.026992
Train Epoch: 28 [22000/60000 (37%)]	Loss: 0.065051
Train Epoch: 28 [24000/60000 (40%)]	Loss: 0.067952
Train Epoch: 28 [26000/60000 (43%)]	Loss: 0.060184
Train Epoch: 28 [28000/60000 (47%)]	Loss: 0.051904
Train Epoch: 28 [30000/60000 (50%)]	Loss: 0.075666
Train Epoch: 28 [32000/60000 (53%)]	Loss: 0.011749
Train Epoch: 28 [34000/60000 (57%)]	Loss: 0.045723
Train Epoch: 28 [36000/60000 (60%)]	Loss: 0.065161
Train Epoch: 28 [38000/60000 (63%)]	Loss: 0.051703
Train Epoch: 28 [40000/60000 (67%)]	Loss: 0.117866
Train Epoch: 28 [42000/60000 (70%)]	Loss: 0.125806
Train Epoch: 28 [44000/60000 (73%)]	Loss: 0.039615
Train Epoch: 28 [46000/60000 (77%)]	Loss: 0.116152
Train Epoch: 28 [48000/60000 (80%)]	Loss: 0.065826
Train Epoch: 28 [50000/60000 (83%)]	Loss: 0.022267
Train Epoch: 28 [52000/60000 (87%)]	Loss: 0.053038
Train Epoch: 28 [54000/60000 (90%)]	Loss: 0.063985
Train Epoch: 28 [56000/60000 (93%)]	Loss: 0.035380
Train Epoch: 28 [58000/60000 (97%)]	Loss: 0.050861
Train Epoch: 28 [60000/60000 (100%)]	Loss: 0.112201

Average Training loss: 0.0023, Training Error Rate: 4.54% (2726/60000)


Average Test loss: 0.0000, Test Error Rate: 4.96% (496/10000)

Train Epoch: 29 [2000/60000 (3%)]	Loss: 0.038049
Train Epoch: 29 [4000/60000 (7%)]	Loss: 0.020060
Train Epoch: 29 [6000/60000 (10%)]	Loss: 0.113826
Train Epoch: 29 [8000/60000 (13%)]	Loss: 0.049568
Train Epoch: 29 [10000/60000 (17%)]	Loss: 0.062591
Train Epoch: 29 [12000/60000 (20%)]	Loss: 0.048462
Train Epoch: 29 [14000/60000 (23%)]	Loss: 0.033292
Train Epoch: 29 [16000/60000 (27%)]	Loss: 0.036168
Train Epoch: 29 [18000/60000 (30%)]	Loss: 0.051285
Train Epoch: 29 [20000/60000 (33%)]	Loss: 0.035468
Train Epoch: 29 [22000/60000 (37%)]	Loss: 0.060110
Train Epoch: 29 [24000/60000 (40%)]	Loss: 0.105121
Train Epoch: 29 [26000/60000 (43%)]	Loss: 0.028572
Train Epoch: 29 [28000/60000 (47%)]	Loss: 0.029614
Train Epoch: 29 [30000/60000 (50%)]	Loss: 0.025926
Train Epoch: 29 [32000/60000 (53%)]	Loss: 0.033743
Train Epoch: 29 [34000/60000 (57%)]	Loss: 0.048706
Train Epoch: 29 [36000/60000 (60%)]	Loss: 0.009755
Train Epoch: 29 [38000/60000 (63%)]	Loss: 0.026933
Train Epoch: 29 [40000/60000 (67%)]	Loss: 0.080638
Train Epoch: 29 [42000/60000 (70%)]	Loss: 0.054278
Train Epoch: 29 [44000/60000 (73%)]	Loss: 0.044713
Train Epoch: 29 [46000/60000 (77%)]	Loss: 0.047472
Train Epoch: 29 [48000/60000 (80%)]	Loss: 0.040754
Train Epoch: 29 [50000/60000 (83%)]	Loss: 0.095941
Train Epoch: 29 [52000/60000 (87%)]	Loss: 0.029726
Train Epoch: 29 [54000/60000 (90%)]	Loss: 0.052523
Train Epoch: 29 [56000/60000 (93%)]	Loss: 0.025636
Train Epoch: 29 [58000/60000 (97%)]	Loss: 0.006907
Train Epoch: 29 [60000/60000 (100%)]	Loss: 0.074177

Average Training loss: 0.0023, Training Error Rate: 4.55% (2730/60000)


Average Test loss: 0.0000, Test Error Rate: 4.55% (455/10000)

