/vast/home/ajherman/miniconda3/envs/pytorch/lib/python3.11/site-packages/torchvision/io/image.py:13: UserWarning: Failed to load image Python extension: '/vast/home/ajherman/miniconda3/envs/pytorch/lib/python3.11/site-packages/torchvision/image.so: undefined symbol: _ZN5torch3jit17parseSchemaOrNameERKNSt7__cxx1112basic_stringIcSt11char_traitsIcESaIcEEE'If you don't plan on using image functionality from `torchvision.io`, you can ignore this warning. Otherwise, there might be something wrong with your environment. Did you have `libjpeg` or `libpng` installed before building `torchvision` from source?
  warn(
Random seed set as 42
dt =  0.22119921692859512
trace decay =  0.5737534207374327
Random seed set as 42
Random seed set as 42
dt =  0.22119921692859512
trace decay =  0.5737534207374327
Random seed set as 42
Train Epoch: 0 [2500/60000 (4%)]	Loss: 0.397638
Train Epoch: 0 [5000/60000 (8%)]	Loss: 0.340518
Train Epoch: 0 [7500/60000 (12%)]	Loss: 0.257220
Train Epoch: 0 [10000/60000 (17%)]	Loss: 0.283832
Train Epoch: 0 [12500/60000 (21%)]	Loss: 0.156031
Train Epoch: 0 [15000/60000 (25%)]	Loss: 0.195454
Train Epoch: 0 [17500/60000 (29%)]	Loss: 0.188757
Train Epoch: 0 [20000/60000 (33%)]	Loss: 0.204296
Train Epoch: 0 [22500/60000 (38%)]	Loss: 0.101960
Train Epoch: 0 [25000/60000 (42%)]	Loss: 0.146365
Train Epoch: 0 [27500/60000 (46%)]	Loss: 0.174903
Train Epoch: 0 [30000/60000 (50%)]	Loss: 0.144641
