/vast/home/ajherman/miniconda3/envs/pytorch/lib/python3.11/site-packages/torchvision/io/image.py:13: UserWarning: Failed to load image Python extension: '/vast/home/ajherman/miniconda3/envs/pytorch/lib/python3.11/site-packages/torchvision/image.so: undefined symbol: _ZN5torch3jit17parseSchemaOrNameERKNSt7__cxx1112basic_stringIcSt11char_traitsIcESaIcEEE'If you don't plan on using image functionality from `torchvision.io`, you can ignore this warning. Otherwise, there might be something wrong with your environment. Did you have `libjpeg` or `libpng` installed before building `torchvision` from source?
  warn(
usage: main.py [-h] [--batch-size N] [--test-batch-size N] [--epochs N]
               [--lr_tab LR [LR ...]] [--randbeta RANDBETA]
               [--size_tab ST [ST ...]] [--discrete] [--dt DT] [--T T]
               [--Kmax Kmax] [--beta BETA] [--activation-function ACTFUN]
               [--no-clamp] [--learning-rule LR] [--cep] [--angle ANGLE]
               [--action ACTION] [--device-label DEVICE_LABEL] [--debug-cep]
               [--seed SEED [SEED ...]] [--angle-grad] [--use-bias]
               [--no-rhop] [--update-rule UPDATE_RULE] [--no-reset]
               [--plain-data] [--trace-decay TRACE_DECAY]
               [--directory DIRECTORY] [--load LOAD] [--spiking SPIKING]
               [--spike-height SPIKE_HEIGHT]
main.py: error: argument --directory: expected one argument
/vast/home/ajherman/miniconda3/envs/pytorch/lib/python3.11/site-packages/torchvision/io/image.py:13: UserWarning: Failed to load image Python extension: '/vast/home/ajherman/miniconda3/envs/pytorch/lib/python3.11/site-packages/torchvision/image.so: undefined symbol: _ZN5torch3jit17parseSchemaOrNameERKNSt7__cxx1112basic_stringIcSt11char_traitsIcESaIcEEE'If you don't plan on using image functionality from `torchvision.io`, you can ignore this warning. Otherwise, there might be something wrong with your environment. Did you have `libjpeg` or `libpng` installed before building `torchvision` from source?
  warn(
usage: main.py [-h] [--batch-size N] [--test-batch-size N] [--epochs N]
               [--lr_tab LR [LR ...]] [--randbeta RANDBETA]
               [--size_tab ST [ST ...]] [--discrete] [--dt DT] [--T T]
               [--Kmax Kmax] [--beta BETA] [--activation-function ACTFUN]
               [--no-clamp] [--learning-rule LR] [--cep] [--angle ANGLE]
               [--action ACTION] [--device-label DEVICE_LABEL] [--debug-cep]
               [--seed SEED [SEED ...]] [--angle-grad] [--use-bias]
               [--no-rhop] [--update-rule UPDATE_RULE] [--no-reset]
               [--plain-data] [--trace-decay TRACE_DECAY]
               [--directory DIRECTORY] [--load LOAD] [--spiking SPIKING]
               [--spike-height SPIKE_HEIGHT]
main.py: error: argument --directory: expected one argument
Traceback (most recent call last):
  File "/vast/home/ajherman/continualEP/main.py", line 2, in <module>
    import torchvision.datasets as datasets
ModuleNotFoundError: No module named 'torchvision'
Traceback (most recent call last):
  File "/vast/home/ajherman/continualEP/main.py", line 2, in <module>
    import torchvision.datasets as datasets
ModuleNotFoundError: No module named 'torchvision'
Traceback (most recent call last):
  File "/vast/home/ajherman/continualEP/main.py", line 2, in <module>
    import torchvision.datasets as datasets
ModuleNotFoundError: No module named 'torchvision'
Traceback (most recent call last):
  File "/vast/home/ajherman/continualEP/main.py", line 2, in <module>
    import torchvision.datasets as datasets
ModuleNotFoundError: No module named 'torchvision'
Traceback (most recent call last):
  File "/vast/home/ajherman/continualEP/main.py", line 2, in <module>
    import torchvision.datasets as datasets
ModuleNotFoundError: No module named 'torchvision'
Traceback (most recent call last):
  File "/vast/home/ajherman/continualEP/main.py", line 2, in <module>
    import torchvision.datasets as datasets
ModuleNotFoundError: No module named 'torchvision'
/vast/home/ajherman/miniconda3/envs/pytorch/lib/python3.11/site-packages/torchvision/io/image.py:13: UserWarning: Failed to load image Python extension: '/vast/home/ajherman/miniconda3/envs/pytorch/lib/python3.11/site-packages/torchvision/image.so: undefined symbol: _ZN5torch3jit17parseSchemaOrNameERKNSt7__cxx1112basic_stringIcSt11char_traitsIcESaIcEEE'If you don't plan on using image functionality from `torchvision.io`, you can ignore this warning. Otherwise, there might be something wrong with your environment. Did you have `libjpeg` or `libpng` installed before building `torchvision` from source?
  warn(
dt =  0.2651327538622006
dt =  0.2651327538622006
Traceback (most recent call last):
  File "/vast/home/ajherman/continualEP/main.py", line 364, in <module>
    error_train = train(net, train_loader, epoch, args.learning_rule)
                                           ^^^^^
NameError: name 'epoch' is not defined
/vast/home/ajherman/miniconda3/envs/pytorch/lib/python3.11/site-packages/torchvision/io/image.py:13: UserWarning: Failed to load image Python extension: '/vast/home/ajherman/miniconda3/envs/pytorch/lib/python3.11/site-packages/torchvision/image.so: undefined symbol: _ZN5torch3jit17parseSchemaOrNameERKNSt7__cxx1112basic_stringIcSt11char_traitsIcESaIcEEE'If you don't plan on using image functionality from `torchvision.io`, you can ignore this warning. Otherwise, there might be something wrong with your environment. Did you have `libjpeg` or `libpng` installed before building `torchvision` from source?
  warn(
dt =  0.2651327538622006
dt =  0.2651327538622006
Train Epoch: 0 [2000/60000 (3%)]	Loss: 0.386150
Train Epoch: 0 [4000/60000 (7%)]	Loss: 0.355106
Train Epoch: 0 [6000/60000 (10%)]	Loss: 0.329818
Train Epoch: 0 [8000/60000 (13%)]	Loss: 0.285504
Train Epoch: 0 [10000/60000 (17%)]	Loss: 0.282921
Train Epoch: 0 [12000/60000 (20%)]	Loss: 0.272602
Train Epoch: 0 [14000/60000 (23%)]	Loss: 0.215444
Train Epoch: 0 [16000/60000 (27%)]	Loss: 0.261733
Train Epoch: 0 [18000/60000 (30%)]	Loss: 0.257032
Train Epoch: 0 [20000/60000 (33%)]	Loss: 0.172749
Train Epoch: 0 [22000/60000 (37%)]	Loss: 0.184291
Train Epoch: 0 [24000/60000 (40%)]	Loss: 0.205427
Train Epoch: 0 [26000/60000 (43%)]	Loss: 0.160064
Train Epoch: 0 [28000/60000 (47%)]	Loss: 0.203401
Train Epoch: 0 [30000/60000 (50%)]	Loss: 0.187907
Train Epoch: 0 [32000/60000 (53%)]	Loss: 0.136823
Train Epoch: 0 [34000/60000 (57%)]	Loss: 0.126548
Train Epoch: 0 [36000/60000 (60%)]	Loss: 0.143511
Train Epoch: 0 [38000/60000 (63%)]	Loss: 0.197850
Train Epoch: 0 [40000/60000 (67%)]	Loss: 0.141262
Train Epoch: 0 [42000/60000 (70%)]	Loss: 0.190432
Train Epoch: 0 [44000/60000 (73%)]	Loss: 0.172446
Train Epoch: 0 [46000/60000 (77%)]	Loss: 0.191099
Train Epoch: 0 [48000/60000 (80%)]	Loss: 0.190487
Train Epoch: 0 [50000/60000 (83%)]	Loss: 0.135872
Train Epoch: 0 [52000/60000 (87%)]	Loss: 0.141866
Train Epoch: 0 [54000/60000 (90%)]	Loss: 0.177738
Train Epoch: 0 [56000/60000 (93%)]	Loss: 0.123607
Train Epoch: 0 [58000/60000 (97%)]	Loss: 0.273321
Train Epoch: 0 [60000/60000 (100%)]	Loss: 0.134146

Average Training loss: 0.0105, Training Error Rate: 22.09% (13252/60000)


Average Test loss: 0.0001, Test Error Rate: 13.15% (1315/10000)

Train Epoch: 1 [2000/60000 (3%)]	Loss: 0.158930
Train Epoch: 1 [4000/60000 (7%)]	Loss: 0.124073
Train Epoch: 1 [6000/60000 (10%)]	Loss: 0.220344
Train Epoch: 1 [8000/60000 (13%)]	Loss: 0.137272
Train Epoch: 1 [10000/60000 (17%)]	Loss: 0.134812
Train Epoch: 1 [12000/60000 (20%)]	Loss: 0.157206
Train Epoch: 1 [14000/60000 (23%)]	Loss: 0.147945
Train Epoch: 1 [16000/60000 (27%)]	Loss: 0.144484
Train Epoch: 1 [18000/60000 (30%)]	Loss: 0.121729
Train Epoch: 1 [20000/60000 (33%)]	Loss: 0.169662
Train Epoch: 1 [22000/60000 (37%)]	Loss: 0.121531
Train Epoch: 1 [24000/60000 (40%)]	Loss: 0.135840
Train Epoch: 1 [26000/60000 (43%)]	Loss: 0.113872
Train Epoch: 1 [28000/60000 (47%)]	Loss: 0.136228
Train Epoch: 1 [30000/60000 (50%)]	Loss: 0.139618
Train Epoch: 1 [32000/60000 (53%)]	Loss: 0.170768
Train Epoch: 1 [34000/60000 (57%)]	Loss: 0.104474
Train Epoch: 1 [36000/60000 (60%)]	Loss: 0.050288
Train Epoch: 1 [38000/60000 (63%)]	Loss: 0.123223
Train Epoch: 1 [40000/60000 (67%)]	Loss: 0.181843
Train Epoch: 1 [42000/60000 (70%)]	Loss: 0.187044
Train Epoch: 1 [44000/60000 (73%)]	Loss: 0.120936
Train Epoch: 1 [46000/60000 (77%)]	Loss: 0.087117
Train Epoch: 1 [48000/60000 (80%)]	Loss: 0.095315
Train Epoch: 1 [50000/60000 (83%)]	Loss: 0.187143
Train Epoch: 1 [52000/60000 (87%)]	Loss: 0.094757
Train Epoch: 1 [54000/60000 (90%)]	Loss: 0.088516
Train Epoch: 1 [56000/60000 (93%)]	Loss: 0.122368
Train Epoch: 1 [58000/60000 (97%)]	Loss: 0.231143
Train Epoch: 1 [60000/60000 (100%)]	Loss: 0.088758

Average Training loss: 0.0067, Training Error Rate: 12.85% (7712/60000)


Average Test loss: 0.0001, Test Error Rate: 10.97% (1097/10000)

Train Epoch: 2 [2000/60000 (3%)]	Loss: 0.126313
Train Epoch: 2 [4000/60000 (7%)]	Loss: 0.081176
Train Epoch: 2 [6000/60000 (10%)]	Loss: 0.153865
Train Epoch: 2 [8000/60000 (13%)]	Loss: 0.142849
Train Epoch: 2 [10000/60000 (17%)]	Loss: 0.067601
Train Epoch: 2 [12000/60000 (20%)]	Loss: 0.111796
Train Epoch: 2 [14000/60000 (23%)]	Loss: 0.176738
Train Epoch: 2 [16000/60000 (27%)]	Loss: 0.145333
Train Epoch: 2 [18000/60000 (30%)]	Loss: 0.201315
Train Epoch: 2 [20000/60000 (33%)]	Loss: 0.116167
Train Epoch: 2 [22000/60000 (37%)]	Loss: 0.152282
Train Epoch: 2 [24000/60000 (40%)]	Loss: 0.163687
Train Epoch: 2 [26000/60000 (43%)]	Loss: 0.089991
Train Epoch: 2 [28000/60000 (47%)]	Loss: 0.078460
Train Epoch: 2 [30000/60000 (50%)]	Loss: 0.109657
Train Epoch: 2 [32000/60000 (53%)]	Loss: 0.094457
Train Epoch: 2 [34000/60000 (57%)]	Loss: 0.121179
Train Epoch: 2 [36000/60000 (60%)]	Loss: 0.098546
Train Epoch: 2 [38000/60000 (63%)]	Loss: 0.091254
Train Epoch: 2 [40000/60000 (67%)]	Loss: 0.121470
Train Epoch: 2 [42000/60000 (70%)]	Loss: 0.102065
Train Epoch: 2 [44000/60000 (73%)]	Loss: 0.100322
Train Epoch: 2 [46000/60000 (77%)]	Loss: 0.109109
Train Epoch: 2 [48000/60000 (80%)]	Loss: 0.085760
Train Epoch: 2 [50000/60000 (83%)]	Loss: 0.113354
Train Epoch: 2 [52000/60000 (87%)]	Loss: 0.153748
Train Epoch: 2 [54000/60000 (90%)]	Loss: 0.123375
Train Epoch: 2 [56000/60000 (93%)]	Loss: 0.114923
Train Epoch: 2 [58000/60000 (97%)]	Loss: 0.094771
Train Epoch: 2 [60000/60000 (100%)]	Loss: 0.083102

Average Training loss: 0.0059, Training Error Rate: 11.23% (6737/60000)


Average Test loss: 0.0001, Test Error Rate: 10.46% (1046/10000)

Train Epoch: 3 [2000/60000 (3%)]	Loss: 0.065503
Train Epoch: 3 [4000/60000 (7%)]	Loss: 0.212054
Train Epoch: 3 [6000/60000 (10%)]	Loss: 0.117298
Train Epoch: 3 [8000/60000 (13%)]	Loss: 0.116375
Train Epoch: 3 [10000/60000 (17%)]	Loss: 0.108270
Train Epoch: 3 [12000/60000 (20%)]	Loss: 0.119583
Train Epoch: 3 [14000/60000 (23%)]	Loss: 0.089240
Train Epoch: 3 [16000/60000 (27%)]	Loss: 0.136288
Train Epoch: 3 [18000/60000 (30%)]	Loss: 0.124897
Train Epoch: 3 [20000/60000 (33%)]	Loss: 0.114797
/vast/home/ajherman/continualEP/netFunctions.py:118: RuntimeWarning: More than 20 figures have been opened. Figures created through the pyplot interface (`matplotlib.pyplot.figure`) are retained until explicitly closed and may consume too much memory. (To control this warning, see the rcParam `figure.max_open_warning`). Consider using `matplotlib.pyplot.close()`.
  fig, ax = plt.subplots()
Train Epoch: 3 [22000/60000 (37%)]	Loss: 0.197369
Train Epoch: 3 [24000/60000 (40%)]	Loss: 0.142849
Train Epoch: 3 [26000/60000 (43%)]	Loss: 0.114082
Train Epoch: 3 [28000/60000 (47%)]	Loss: 0.107947
Train Epoch: 3 [30000/60000 (50%)]	Loss: 0.135609
Train Epoch: 3 [32000/60000 (53%)]	Loss: 0.113907
Train Epoch: 3 [34000/60000 (57%)]	Loss: 0.090127
Train Epoch: 3 [36000/60000 (60%)]	Loss: 0.237180
Train Epoch: 3 [38000/60000 (63%)]	Loss: 0.096720
Train Epoch: 3 [40000/60000 (67%)]	Loss: 0.164478
Train Epoch: 3 [42000/60000 (70%)]	Loss: 0.080793
Train Epoch: 3 [44000/60000 (73%)]	Loss: 0.119573
Train Epoch: 3 [46000/60000 (77%)]	Loss: 0.076429
Train Epoch: 3 [48000/60000 (80%)]	Loss: 0.073615
Train Epoch: 3 [50000/60000 (83%)]	Loss: 0.141147
Train Epoch: 3 [52000/60000 (87%)]	Loss: 0.116545
Train Epoch: 3 [54000/60000 (90%)]	Loss: 0.090233
Train Epoch: 3 [56000/60000 (93%)]	Loss: 0.106421
Train Epoch: 3 [58000/60000 (97%)]	Loss: 0.100074
Train Epoch: 3 [60000/60000 (100%)]	Loss: 0.136478

Average Training loss: 0.0054, Training Error Rate: 10.47% (6280/60000)


Average Test loss: 0.0001, Test Error Rate: 9.40% (940/10000)

Train Epoch: 4 [2000/60000 (3%)]	Loss: 0.102849
Train Epoch: 4 [4000/60000 (7%)]	Loss: 0.082560
Train Epoch: 4 [6000/60000 (10%)]	Loss: 0.076344
Train Epoch: 4 [8000/60000 (13%)]	Loss: 0.123324
Train Epoch: 4 [10000/60000 (17%)]	Loss: 0.081235
Train Epoch: 4 [12000/60000 (20%)]	Loss: 0.086787
Train Epoch: 4 [14000/60000 (23%)]	Loss: 0.137899
Train Epoch: 4 [16000/60000 (27%)]	Loss: 0.141892
Train Epoch: 4 [18000/60000 (30%)]	Loss: 0.087137
Train Epoch: 4 [20000/60000 (33%)]	Loss: 0.113779
Train Epoch: 4 [22000/60000 (37%)]	Loss: 0.071060
Train Epoch: 4 [24000/60000 (40%)]	Loss: 0.081261
Train Epoch: 4 [26000/60000 (43%)]	Loss: 0.079696
Train Epoch: 4 [28000/60000 (47%)]	Loss: 0.148764
Train Epoch: 4 [30000/60000 (50%)]	Loss: 0.099064
Train Epoch: 4 [32000/60000 (53%)]	Loss: 0.066137
Train Epoch: 4 [34000/60000 (57%)]	Loss: 0.108638
Train Epoch: 4 [36000/60000 (60%)]	Loss: 0.122913
Train Epoch: 4 [38000/60000 (63%)]	Loss: 0.061828
Train Epoch: 4 [40000/60000 (67%)]	Loss: 0.140634
Train Epoch: 4 [42000/60000 (70%)]	Loss: 0.088646
Train Epoch: 4 [44000/60000 (73%)]	Loss: 0.092006
Train Epoch: 4 [46000/60000 (77%)]	Loss: 0.114628
Train Epoch: 4 [48000/60000 (80%)]	Loss: 0.114311
Train Epoch: 4 [50000/60000 (83%)]	Loss: 0.066269
Train Epoch: 4 [52000/60000 (87%)]	Loss: 0.088508
Train Epoch: 4 [54000/60000 (90%)]	Loss: 0.118718
Train Epoch: 4 [56000/60000 (93%)]	Loss: 0.175244
Train Epoch: 4 [58000/60000 (97%)]	Loss: 0.123431
Train Epoch: 4 [60000/60000 (100%)]	Loss: 0.093569

Average Training loss: 0.0050, Training Error Rate: 9.78% (5865/60000)


Average Test loss: 0.0001, Test Error Rate: 9.04% (904/10000)

Train Epoch: 5 [2000/60000 (3%)]	Loss: 0.065640
Train Epoch: 5 [4000/60000 (7%)]	Loss: 0.058850
Train Epoch: 5 [6000/60000 (10%)]	Loss: 0.163322
Train Epoch: 5 [8000/60000 (13%)]	Loss: 0.128317
Train Epoch: 5 [10000/60000 (17%)]	Loss: 0.075300
Train Epoch: 5 [12000/60000 (20%)]	Loss: 0.137951
Train Epoch: 5 [14000/60000 (23%)]	Loss: 0.103562
Train Epoch: 5 [16000/60000 (27%)]	Loss: 0.106442
Train Epoch: 5 [18000/60000 (30%)]	Loss: 0.104806
Train Epoch: 5 [20000/60000 (33%)]	Loss: 0.113517
Train Epoch: 5 [22000/60000 (37%)]	Loss: 0.104783
Train Epoch: 5 [24000/60000 (40%)]	Loss: 0.162973
Train Epoch: 5 [26000/60000 (43%)]	Loss: 0.110541
Train Epoch: 5 [28000/60000 (47%)]	Loss: 0.097101
Train Epoch: 5 [30000/60000 (50%)]	Loss: 0.128609
Train Epoch: 5 [32000/60000 (53%)]	Loss: 0.109125
Train Epoch: 5 [34000/60000 (57%)]	Loss: 0.025199
Train Epoch: 5 [36000/60000 (60%)]	Loss: 0.055540
Train Epoch: 5 [38000/60000 (63%)]	Loss: 0.118205
Train Epoch: 5 [40000/60000 (67%)]	Loss: 0.112826
Train Epoch: 5 [42000/60000 (70%)]	Loss: 0.085808
Train Epoch: 5 [44000/60000 (73%)]	Loss: 0.117069
Train Epoch: 5 [46000/60000 (77%)]	Loss: 0.072605
Train Epoch: 5 [48000/60000 (80%)]	Loss: 0.099596
Train Epoch: 5 [50000/60000 (83%)]	Loss: 0.075476
Train Epoch: 5 [52000/60000 (87%)]	Loss: 0.044818
Train Epoch: 5 [54000/60000 (90%)]	Loss: 0.099688
Train Epoch: 5 [56000/60000 (93%)]	Loss: 0.115557
Train Epoch: 5 [58000/60000 (97%)]	Loss: 0.053595
Train Epoch: 5 [60000/60000 (100%)]	Loss: 0.079097

Average Training loss: 0.0047, Training Error Rate: 9.10% (5458/60000)


Average Test loss: 0.0001, Test Error Rate: 8.37% (837/10000)

Train Epoch: 6 [2000/60000 (3%)]	Loss: 0.095591
Train Epoch: 6 [4000/60000 (7%)]	Loss: 0.141529
Train Epoch: 6 [6000/60000 (10%)]	Loss: 0.115022
Train Epoch: 6 [8000/60000 (13%)]	Loss: 0.075072
Train Epoch: 6 [10000/60000 (17%)]	Loss: 0.066145
Train Epoch: 6 [12000/60000 (20%)]	Loss: 0.065533
Train Epoch: 6 [14000/60000 (23%)]	Loss: 0.140051
Train Epoch: 6 [16000/60000 (27%)]	Loss: 0.074890
Train Epoch: 6 [18000/60000 (30%)]	Loss: 0.112257
Train Epoch: 6 [20000/60000 (33%)]	Loss: 0.170432
Train Epoch: 6 [22000/60000 (37%)]	Loss: 0.097454
Train Epoch: 6 [24000/60000 (40%)]	Loss: 0.099683
Train Epoch: 6 [26000/60000 (43%)]	Loss: 0.084937
Train Epoch: 6 [28000/60000 (47%)]	Loss: 0.110814
Train Epoch: 6 [30000/60000 (50%)]	Loss: 0.088511
Train Epoch: 6 [32000/60000 (53%)]	Loss: 0.116254
Train Epoch: 6 [34000/60000 (57%)]	Loss: 0.121518
Train Epoch: 6 [36000/60000 (60%)]	Loss: 0.042618
Train Epoch: 6 [38000/60000 (63%)]	Loss: 0.105163
Train Epoch: 6 [40000/60000 (67%)]	Loss: 0.054018
Train Epoch: 6 [42000/60000 (70%)]	Loss: 0.121609
Train Epoch: 6 [44000/60000 (73%)]	Loss: 0.079046
Train Epoch: 6 [46000/60000 (77%)]	Loss: 0.106630
Train Epoch: 6 [48000/60000 (80%)]	Loss: 0.146490
Train Epoch: 6 [50000/60000 (83%)]	Loss: 0.061202
Train Epoch: 6 [52000/60000 (87%)]	Loss: 0.069897
Train Epoch: 6 [54000/60000 (90%)]	Loss: 0.051751
Train Epoch: 6 [56000/60000 (93%)]	Loss: 0.098211
Train Epoch: 6 [58000/60000 (97%)]	Loss: 0.083693
Train Epoch: 6 [60000/60000 (100%)]	Loss: 0.059713

Average Training loss: 0.0045, Training Error Rate: 8.71% (5229/60000)


Average Test loss: 0.0001, Test Error Rate: 8.18% (818/10000)

Train Epoch: 7 [2000/60000 (3%)]	Loss: 0.088369
Train Epoch: 7 [4000/60000 (7%)]	Loss: 0.095029
Train Epoch: 7 [6000/60000 (10%)]	Loss: 0.116887
Train Epoch: 7 [8000/60000 (13%)]	Loss: 0.166831
Train Epoch: 7 [10000/60000 (17%)]	Loss: 0.083990
Train Epoch: 7 [12000/60000 (20%)]	Loss: 0.047349
Train Epoch: 7 [14000/60000 (23%)]	Loss: 0.120043
Train Epoch: 7 [16000/60000 (27%)]	Loss: 0.141078
Train Epoch: 7 [18000/60000 (30%)]	Loss: 0.060537
Train Epoch: 7 [20000/60000 (33%)]	Loss: 0.071744
Train Epoch: 7 [22000/60000 (37%)]	Loss: 0.078599
Train Epoch: 7 [24000/60000 (40%)]	Loss: 0.080979
Train Epoch: 7 [26000/60000 (43%)]	Loss: 0.100069
Train Epoch: 7 [28000/60000 (47%)]	Loss: 0.105224
Train Epoch: 7 [30000/60000 (50%)]	Loss: 0.098725
Train Epoch: 7 [32000/60000 (53%)]	Loss: 0.066781
Train Epoch: 7 [34000/60000 (57%)]	Loss: 0.056335
Train Epoch: 7 [36000/60000 (60%)]	Loss: 0.123818
Train Epoch: 7 [38000/60000 (63%)]	Loss: 0.047412
Train Epoch: 7 [40000/60000 (67%)]	Loss: 0.140890
Train Epoch: 7 [42000/60000 (70%)]	Loss: 0.133749
Train Epoch: 7 [44000/60000 (73%)]	Loss: 0.081096
Train Epoch: 7 [46000/60000 (77%)]	Loss: 0.175393
Train Epoch: 7 [48000/60000 (80%)]	Loss: 0.069071
Train Epoch: 7 [50000/60000 (83%)]	Loss: 0.115305
Train Epoch: 7 [52000/60000 (87%)]	Loss: 0.085016
Train Epoch: 7 [54000/60000 (90%)]	Loss: 0.117187
Train Epoch: 7 [56000/60000 (93%)]	Loss: 0.146421
Train Epoch: 7 [58000/60000 (97%)]	Loss: 0.050663
Train Epoch: 7 [60000/60000 (100%)]	Loss: 0.097564

Average Training loss: 0.0043, Training Error Rate: 8.44% (5066/60000)


Average Test loss: 0.0001, Test Error Rate: 7.69% (769/10000)

Train Epoch: 8 [2000/60000 (3%)]	Loss: 0.130746
Train Epoch: 8 [4000/60000 (7%)]	Loss: 0.065312
Train Epoch: 8 [6000/60000 (10%)]	Loss: 0.066230
Train Epoch: 8 [8000/60000 (13%)]	Loss: 0.116948
Train Epoch: 8 [10000/60000 (17%)]	Loss: 0.102601
Train Epoch: 8 [12000/60000 (20%)]	Loss: 0.109826
Train Epoch: 8 [14000/60000 (23%)]	Loss: 0.057233
Train Epoch: 8 [16000/60000 (27%)]	Loss: 0.143209
Train Epoch: 8 [18000/60000 (30%)]	Loss: 0.082818
Train Epoch: 8 [20000/60000 (33%)]	Loss: 0.153247
Train Epoch: 8 [22000/60000 (37%)]	Loss: 0.083306
Train Epoch: 8 [24000/60000 (40%)]	Loss: 0.080557
Train Epoch: 8 [26000/60000 (43%)]	Loss: 0.094880
Train Epoch: 8 [28000/60000 (47%)]	Loss: 0.137009
Train Epoch: 8 [30000/60000 (50%)]	Loss: 0.072427
Train Epoch: 8 [32000/60000 (53%)]	Loss: 0.133605
Train Epoch: 8 [34000/60000 (57%)]	Loss: 0.048218
Train Epoch: 8 [36000/60000 (60%)]	Loss: 0.026401
Train Epoch: 8 [38000/60000 (63%)]	Loss: 0.059388
Train Epoch: 8 [40000/60000 (67%)]	Loss: 0.131107
Train Epoch: 8 [42000/60000 (70%)]	Loss: 0.123411
Train Epoch: 8 [44000/60000 (73%)]	Loss: 0.093856
Train Epoch: 8 [46000/60000 (77%)]	Loss: 0.111899
Train Epoch: 8 [48000/60000 (80%)]	Loss: 0.184777
Train Epoch: 8 [50000/60000 (83%)]	Loss: 0.069979
Train Epoch: 8 [52000/60000 (87%)]	Loss: 0.084775
Train Epoch: 8 [54000/60000 (90%)]	Loss: 0.072008
Train Epoch: 8 [56000/60000 (93%)]	Loss: 0.112774
Train Epoch: 8 [58000/60000 (97%)]	Loss: 0.159753
Train Epoch: 8 [60000/60000 (100%)]	Loss: 0.120927

Average Training loss: 0.0041, Training Error Rate: 8.07% (4841/60000)


Average Test loss: 0.0001, Test Error Rate: 7.70% (770/10000)

Train Epoch: 9 [2000/60000 (3%)]	Loss: 0.066920
Train Epoch: 9 [4000/60000 (7%)]	Loss: 0.035906
Train Epoch: 9 [6000/60000 (10%)]	Loss: 0.124003
Train Epoch: 9 [8000/60000 (13%)]	Loss: 0.139865
Train Epoch: 9 [10000/60000 (17%)]	Loss: 0.098302
Train Epoch: 9 [12000/60000 (20%)]	Loss: 0.138822
Train Epoch: 9 [14000/60000 (23%)]	Loss: 0.182485
Train Epoch: 9 [16000/60000 (27%)]	Loss: 0.103328
Train Epoch: 9 [18000/60000 (30%)]	Loss: 0.081126
Train Epoch: 9 [20000/60000 (33%)]	Loss: 0.041737
Train Epoch: 9 [22000/60000 (37%)]	Loss: 0.068830
Train Epoch: 9 [24000/60000 (40%)]	Loss: 0.120484
Train Epoch: 9 [26000/60000 (43%)]	Loss: 0.075178
Train Epoch: 9 [28000/60000 (47%)]	Loss: 0.072412
Train Epoch: 9 [30000/60000 (50%)]	Loss: 0.133636
Train Epoch: 9 [32000/60000 (53%)]	Loss: 0.094197
Train Epoch: 9 [34000/60000 (57%)]	Loss: 0.059934
Train Epoch: 9 [36000/60000 (60%)]	Loss: 0.061190
Train Epoch: 9 [38000/60000 (63%)]	Loss: 0.033144
Train Epoch: 9 [40000/60000 (67%)]	Loss: 0.154056
Train Epoch: 9 [42000/60000 (70%)]	Loss: 0.100543
Train Epoch: 9 [44000/60000 (73%)]	Loss: 0.097193
Train Epoch: 9 [46000/60000 (77%)]	Loss: 0.201721
Train Epoch: 9 [48000/60000 (80%)]	Loss: 0.108571
Train Epoch: 9 [50000/60000 (83%)]	Loss: 0.054673
Train Epoch: 9 [52000/60000 (87%)]	Loss: 0.045963
Train Epoch: 9 [54000/60000 (90%)]	Loss: 0.038557
Train Epoch: 9 [56000/60000 (93%)]	Loss: 0.134106
Train Epoch: 9 [58000/60000 (97%)]	Loss: 0.112319
Train Epoch: 9 [60000/60000 (100%)]	Loss: 0.088025

Average Training loss: 0.0040, Training Error Rate: 7.72% (4635/60000)


Average Test loss: 0.0001, Test Error Rate: 7.30% (730/10000)

Train Epoch: 10 [2000/60000 (3%)]	Loss: 0.140725
Train Epoch: 10 [4000/60000 (7%)]	Loss: 0.047265
Train Epoch: 10 [6000/60000 (10%)]	Loss: 0.061395
Train Epoch: 10 [8000/60000 (13%)]	Loss: 0.063285
Train Epoch: 10 [10000/60000 (17%)]	Loss: 0.105470
Train Epoch: 10 [12000/60000 (20%)]	Loss: 0.090144
Train Epoch: 10 [14000/60000 (23%)]	Loss: 0.065918
Train Epoch: 10 [16000/60000 (27%)]	Loss: 0.015750
Train Epoch: 10 [18000/60000 (30%)]	Loss: 0.046229
Train Epoch: 10 [20000/60000 (33%)]	Loss: 0.056443
Train Epoch: 10 [22000/60000 (37%)]	Loss: 0.077019
Train Epoch: 10 [24000/60000 (40%)]	Loss: 0.084688
Train Epoch: 10 [26000/60000 (43%)]	Loss: 0.059218
Train Epoch: 10 [28000/60000 (47%)]	Loss: 0.071145
Train Epoch: 10 [30000/60000 (50%)]	Loss: 0.133018
Train Epoch: 10 [32000/60000 (53%)]	Loss: 0.104600
Train Epoch: 10 [34000/60000 (57%)]	Loss: 0.109078
Train Epoch: 10 [36000/60000 (60%)]	Loss: 0.082597
Train Epoch: 10 [38000/60000 (63%)]	Loss: 0.052784
Train Epoch: 10 [40000/60000 (67%)]	Loss: 0.087388
Train Epoch: 10 [42000/60000 (70%)]	Loss: 0.026676
Train Epoch: 10 [44000/60000 (73%)]	Loss: 0.107523
Train Epoch: 10 [46000/60000 (77%)]	Loss: 0.057889
Train Epoch: 10 [48000/60000 (80%)]	Loss: 0.071530
Train Epoch: 10 [50000/60000 (83%)]	Loss: 0.075670
Train Epoch: 10 [52000/60000 (87%)]	Loss: 0.013859
Train Epoch: 10 [54000/60000 (90%)]	Loss: 0.072483
Train Epoch: 10 [56000/60000 (93%)]	Loss: 0.129043
Train Epoch: 10 [58000/60000 (97%)]	Loss: 0.070225
Train Epoch: 10 [60000/60000 (100%)]	Loss: 0.158457

Average Training loss: 0.0038, Training Error Rate: 7.50% (4501/60000)


Average Test loss: 0.0001, Test Error Rate: 7.13% (713/10000)

Train Epoch: 11 [2000/60000 (3%)]	Loss: 0.032562
Train Epoch: 11 [4000/60000 (7%)]	Loss: 0.081511
Train Epoch: 11 [6000/60000 (10%)]	Loss: 0.071673
Train Epoch: 11 [8000/60000 (13%)]	Loss: 0.035885
Train Epoch: 11 [10000/60000 (17%)]	Loss: 0.043676
Train Epoch: 11 [12000/60000 (20%)]	Loss: 0.038208
Train Epoch: 11 [14000/60000 (23%)]	Loss: 0.055954
Train Epoch: 11 [16000/60000 (27%)]	Loss: 0.029497
Train Epoch: 11 [18000/60000 (30%)]	Loss: 0.116507
Train Epoch: 11 [20000/60000 (33%)]	Loss: 0.073890
Train Epoch: 11 [22000/60000 (37%)]	Loss: 0.117405
Train Epoch: 11 [24000/60000 (40%)]	Loss: 0.094794
Train Epoch: 11 [26000/60000 (43%)]	Loss: 0.033222
Train Epoch: 11 [28000/60000 (47%)]	Loss: 0.104666
Train Epoch: 11 [30000/60000 (50%)]	Loss: 0.036160
Train Epoch: 11 [32000/60000 (53%)]	Loss: 0.096023
Train Epoch: 11 [34000/60000 (57%)]	Loss: 0.133402
Train Epoch: 11 [36000/60000 (60%)]	Loss: 0.049808
Train Epoch: 11 [38000/60000 (63%)]	Loss: 0.056260
Train Epoch: 11 [40000/60000 (67%)]	Loss: 0.102105
Train Epoch: 11 [42000/60000 (70%)]	Loss: 0.057380
Train Epoch: 11 [44000/60000 (73%)]	Loss: 0.186786
Train Epoch: 11 [46000/60000 (77%)]	Loss: 0.226181
Train Epoch: 11 [48000/60000 (80%)]	Loss: 0.070810
Train Epoch: 11 [50000/60000 (83%)]	Loss: 0.063981
Train Epoch: 11 [52000/60000 (87%)]	Loss: 0.078636
Train Epoch: 11 [54000/60000 (90%)]	Loss: 0.057890
Train Epoch: 11 [56000/60000 (93%)]	Loss: 0.044887
Train Epoch: 11 [58000/60000 (97%)]	Loss: 0.095541
Train Epoch: 11 [60000/60000 (100%)]	Loss: 0.092350

Average Training loss: 0.0037, Training Error Rate: 7.22% (4330/60000)


Average Test loss: 0.0001, Test Error Rate: 6.77% (677/10000)

Train Epoch: 12 [2000/60000 (3%)]	Loss: 0.093708
Train Epoch: 12 [4000/60000 (7%)]	Loss: 0.085106
Train Epoch: 12 [6000/60000 (10%)]	Loss: 0.092553
Train Epoch: 12 [8000/60000 (13%)]	Loss: 0.041981
Train Epoch: 12 [10000/60000 (17%)]	Loss: 0.043436
Train Epoch: 12 [12000/60000 (20%)]	Loss: 0.080888
Train Epoch: 12 [14000/60000 (23%)]	Loss: 0.108797
Train Epoch: 12 [16000/60000 (27%)]	Loss: 0.048411
Train Epoch: 12 [18000/60000 (30%)]	Loss: 0.098456
Train Epoch: 12 [20000/60000 (33%)]	Loss: 0.064917
Train Epoch: 12 [22000/60000 (37%)]	Loss: 0.105510
Train Epoch: 12 [24000/60000 (40%)]	Loss: 0.038238
Train Epoch: 12 [26000/60000 (43%)]	Loss: 0.075276
Train Epoch: 12 [28000/60000 (47%)]	Loss: 0.099976
Train Epoch: 12 [30000/60000 (50%)]	Loss: 0.084527
Train Epoch: 12 [32000/60000 (53%)]	Loss: 0.043432
Train Epoch: 12 [34000/60000 (57%)]	Loss: 0.079881
Train Epoch: 12 [36000/60000 (60%)]	Loss: 0.049115
Train Epoch: 12 [38000/60000 (63%)]	Loss: 0.074126
Train Epoch: 12 [40000/60000 (67%)]	Loss: 0.042109
Train Epoch: 12 [42000/60000 (70%)]	Loss: 0.012216
Train Epoch: 12 [44000/60000 (73%)]	Loss: 0.095285
Train Epoch: 12 [46000/60000 (77%)]	Loss: 0.122158
Train Epoch: 12 [48000/60000 (80%)]	Loss: 0.111503
Train Epoch: 12 [50000/60000 (83%)]	Loss: 0.181800
Train Epoch: 12 [52000/60000 (87%)]	Loss: 0.027879
Train Epoch: 12 [54000/60000 (90%)]	Loss: 0.049319
Train Epoch: 12 [56000/60000 (93%)]	Loss: 0.083050
Train Epoch: 12 [58000/60000 (97%)]	Loss: 0.077304
Train Epoch: 12 [60000/60000 (100%)]	Loss: 0.078072

Average Training loss: 0.0036, Training Error Rate: 6.92% (4152/60000)


Average Test loss: 0.0001, Test Error Rate: 6.66% (666/10000)

Train Epoch: 13 [2000/60000 (3%)]	Loss: 0.088914
Train Epoch: 13 [4000/60000 (7%)]	Loss: 0.086016
Train Epoch: 13 [6000/60000 (10%)]	Loss: 0.060888
Train Epoch: 13 [8000/60000 (13%)]	Loss: 0.067586
Train Epoch: 13 [10000/60000 (17%)]	Loss: 0.074159
Train Epoch: 13 [12000/60000 (20%)]	Loss: 0.059684
Train Epoch: 13 [14000/60000 (23%)]	Loss: 0.072617
Train Epoch: 13 [16000/60000 (27%)]	Loss: 0.064095
Train Epoch: 13 [18000/60000 (30%)]	Loss: 0.101615
Train Epoch: 13 [20000/60000 (33%)]	Loss: 0.035169
Train Epoch: 13 [22000/60000 (37%)]	Loss: 0.115658
Train Epoch: 13 [24000/60000 (40%)]	Loss: 0.037050
Train Epoch: 13 [26000/60000 (43%)]	Loss: 0.029426
Train Epoch: 13 [28000/60000 (47%)]	Loss: 0.068967
Train Epoch: 13 [30000/60000 (50%)]	Loss: 0.068043
Train Epoch: 13 [32000/60000 (53%)]	Loss: 0.094629
Train Epoch: 13 [34000/60000 (57%)]	Loss: 0.069061
Train Epoch: 13 [36000/60000 (60%)]	Loss: 0.089082
Train Epoch: 13 [38000/60000 (63%)]	Loss: 0.105244
Train Epoch: 13 [40000/60000 (67%)]	Loss: 0.099970
Train Epoch: 13 [42000/60000 (70%)]	Loss: 0.086278
Train Epoch: 13 [44000/60000 (73%)]	Loss: 0.109218
Train Epoch: 13 [46000/60000 (77%)]	Loss: 0.095302
Train Epoch: 13 [48000/60000 (80%)]	Loss: 0.045954
Train Epoch: 13 [50000/60000 (83%)]	Loss: 0.068871
Train Epoch: 13 [52000/60000 (87%)]	Loss: 0.046408
Train Epoch: 13 [54000/60000 (90%)]	Loss: 0.036051
Train Epoch: 13 [56000/60000 (93%)]	Loss: 0.116416
Train Epoch: 13 [58000/60000 (97%)]	Loss: 0.096347
Train Epoch: 13 [60000/60000 (100%)]	Loss: 0.071506

Average Training loss: 0.0035, Training Error Rate: 6.81% (4084/60000)


Average Test loss: 0.0001, Test Error Rate: 6.66% (666/10000)

Train Epoch: 14 [2000/60000 (3%)]	Loss: 0.128556
Train Epoch: 14 [4000/60000 (7%)]	Loss: 0.043343
Train Epoch: 14 [6000/60000 (10%)]	Loss: 0.085876
Train Epoch: 14 [8000/60000 (13%)]	Loss: 0.130074
Train Epoch: 14 [10000/60000 (17%)]	Loss: 0.049373
Train Epoch: 14 [12000/60000 (20%)]	Loss: 0.039173
Train Epoch: 14 [14000/60000 (23%)]	Loss: 0.037935
Train Epoch: 14 [16000/60000 (27%)]	Loss: 0.053471
Train Epoch: 14 [18000/60000 (30%)]	Loss: 0.093352
Train Epoch: 14 [20000/60000 (33%)]	Loss: 0.100386
Train Epoch: 14 [22000/60000 (37%)]	Loss: 0.039125
Train Epoch: 14 [24000/60000 (40%)]	Loss: 0.049352
Train Epoch: 14 [26000/60000 (43%)]	Loss: 0.037181
Train Epoch: 14 [28000/60000 (47%)]	Loss: 0.104068
Train Epoch: 14 [30000/60000 (50%)]	Loss: 0.065343
Train Epoch: 14 [32000/60000 (53%)]	Loss: 0.044033
Train Epoch: 14 [34000/60000 (57%)]	Loss: 0.104800
Train Epoch: 14 [36000/60000 (60%)]	Loss: 0.047991
Train Epoch: 14 [38000/60000 (63%)]	Loss: 0.030384
Train Epoch: 14 [40000/60000 (67%)]	Loss: 0.053180
Train Epoch: 14 [42000/60000 (70%)]	Loss: 0.060024
Train Epoch: 14 [44000/60000 (73%)]	Loss: 0.074141
Train Epoch: 14 [46000/60000 (77%)]	Loss: 0.038946
Train Epoch: 14 [48000/60000 (80%)]	Loss: 0.092157
Train Epoch: 14 [50000/60000 (83%)]	Loss: 0.058679
Train Epoch: 14 [52000/60000 (87%)]	Loss: 0.067005
Train Epoch: 14 [54000/60000 (90%)]	Loss: 0.047257
Train Epoch: 14 [56000/60000 (93%)]	Loss: 0.039767
Train Epoch: 14 [58000/60000 (97%)]	Loss: 0.064049
Train Epoch: 14 [60000/60000 (100%)]	Loss: 0.043761

Average Training loss: 0.0034, Training Error Rate: 6.62% (3972/60000)


Average Test loss: 0.0001, Test Error Rate: 6.27% (627/10000)

Train Epoch: 15 [2000/60000 (3%)]	Loss: 0.032391
Train Epoch: 15 [4000/60000 (7%)]	Loss: 0.058040
Train Epoch: 15 [6000/60000 (10%)]	Loss: 0.031162
Train Epoch: 15 [8000/60000 (13%)]	Loss: 0.060066
Train Epoch: 15 [10000/60000 (17%)]	Loss: 0.065508
Train Epoch: 15 [12000/60000 (20%)]	Loss: 0.032183
Train Epoch: 15 [14000/60000 (23%)]	Loss: 0.022177
Train Epoch: 15 [16000/60000 (27%)]	Loss: 0.009986
Train Epoch: 15 [18000/60000 (30%)]	Loss: 0.101888
Train Epoch: 15 [20000/60000 (33%)]	Loss: 0.049787
Train Epoch: 15 [22000/60000 (37%)]	Loss: 0.020164
Train Epoch: 15 [24000/60000 (40%)]	Loss: 0.088383
Train Epoch: 15 [26000/60000 (43%)]	Loss: 0.045140
Train Epoch: 15 [28000/60000 (47%)]	Loss: 0.078186
Train Epoch: 15 [30000/60000 (50%)]	Loss: 0.094523
Train Epoch: 15 [32000/60000 (53%)]	Loss: 0.044735
Train Epoch: 15 [34000/60000 (57%)]	Loss: 0.036686
Train Epoch: 15 [36000/60000 (60%)]	Loss: 0.045608
Train Epoch: 15 [38000/60000 (63%)]	Loss: 0.095658
Train Epoch: 15 [40000/60000 (67%)]	Loss: 0.070173
Train Epoch: 15 [42000/60000 (70%)]	Loss: 0.078590
Train Epoch: 15 [44000/60000 (73%)]	Loss: 0.079662
Train Epoch: 15 [46000/60000 (77%)]	Loss: 0.161792
Train Epoch: 15 [48000/60000 (80%)]	Loss: 0.098041
Train Epoch: 15 [50000/60000 (83%)]	Loss: 0.051896
Train Epoch: 15 [52000/60000 (87%)]	Loss: 0.114279
Train Epoch: 15 [54000/60000 (90%)]	Loss: 0.039567
Train Epoch: 15 [56000/60000 (93%)]	Loss: 0.063167
Train Epoch: 15 [58000/60000 (97%)]	Loss: 0.094113
Train Epoch: 15 [60000/60000 (100%)]	Loss: 0.030418

Average Training loss: 0.0033, Training Error Rate: 6.46% (3873/60000)


Average Test loss: 0.0001, Test Error Rate: 6.24% (624/10000)

/vast/home/ajherman/miniconda3/envs/pytorch/lib/python3.11/site-packages/torchvision/io/image.py:13: UserWarning: Failed to load image Python extension: '/vast/home/ajherman/miniconda3/envs/pytorch/lib/python3.11/site-packages/torchvision/image.so: undefined symbol: _ZN5torch3jit17parseSchemaOrNameERKNSt7__cxx1112basic_stringIcSt11char_traitsIcESaIcEEE'If you don't plan on using image functionality from `torchvision.io`, you can ignore this warning. Otherwise, there might be something wrong with your environment. Did you have `libjpeg` or `libpng` installed before building `torchvision` from source?
  warn(
dt =  0.2651327538622006
dt =  0.2651327538622006
Train Epoch: 15 [2000/60000 (3%)]	Loss: 0.065134
Train Epoch: 15 [4000/60000 (7%)]	Loss: 0.078796
Train Epoch: 15 [6000/60000 (10%)]	Loss: 0.057572
Train Epoch: 15 [8000/60000 (13%)]	Loss: 0.011928
Train Epoch: 15 [10000/60000 (17%)]	Loss: 0.052269
Train Epoch: 15 [12000/60000 (20%)]	Loss: 0.028384
Train Epoch: 15 [14000/60000 (23%)]	Loss: 0.032497
Train Epoch: 15 [16000/60000 (27%)]	Loss: 0.057014
Train Epoch: 15 [18000/60000 (30%)]	Loss: 0.038082
Train Epoch: 15 [20000/60000 (33%)]	Loss: 0.114048
Train Epoch: 15 [22000/60000 (37%)]	Loss: 0.097047
Train Epoch: 15 [24000/60000 (40%)]	Loss: 0.043026
Train Epoch: 15 [26000/60000 (43%)]	Loss: 0.074076
Train Epoch: 15 [28000/60000 (47%)]	Loss: 0.040449
Train Epoch: 15 [30000/60000 (50%)]	Loss: 0.090717
Train Epoch: 15 [32000/60000 (53%)]	Loss: 0.023519
Train Epoch: 15 [34000/60000 (57%)]	Loss: 0.080989
Train Epoch: 15 [36000/60000 (60%)]	Loss: 0.109252
Train Epoch: 15 [38000/60000 (63%)]	Loss: 0.066516
Train Epoch: 15 [40000/60000 (67%)]	Loss: 0.069117
Train Epoch: 15 [42000/60000 (70%)]	Loss: 0.105074
Train Epoch: 15 [44000/60000 (73%)]	Loss: 0.120713
Train Epoch: 15 [46000/60000 (77%)]	Loss: 0.071540
Train Epoch: 15 [48000/60000 (80%)]	Loss: 0.030056
Train Epoch: 15 [50000/60000 (83%)]	Loss: 0.035221
Train Epoch: 15 [52000/60000 (87%)]	Loss: 0.088147
Train Epoch: 15 [54000/60000 (90%)]	Loss: 0.134093
Train Epoch: 15 [56000/60000 (93%)]	Loss: 0.053293
Train Epoch: 15 [58000/60000 (97%)]	Loss: 0.044656
Train Epoch: 15 [60000/60000 (100%)]	Loss: 0.049729

Average Training loss: 0.0032, Training Error Rate: 6.21% (3728/60000)


Average Test loss: 0.0001, Test Error Rate: 5.98% (598/10000)

Train Epoch: 16 [2000/60000 (3%)]	Loss: 0.109634
Train Epoch: 16 [4000/60000 (7%)]	Loss: 0.052078
Train Epoch: 16 [6000/60000 (10%)]	Loss: 0.052114
Train Epoch: 16 [8000/60000 (13%)]	Loss: 0.047960
Train Epoch: 16 [10000/60000 (17%)]	Loss: 0.047521
Train Epoch: 16 [12000/60000 (20%)]	Loss: 0.084014
Train Epoch: 16 [14000/60000 (23%)]	Loss: 0.087482
Train Epoch: 16 [16000/60000 (27%)]	Loss: 0.053203
Train Epoch: 16 [18000/60000 (30%)]	Loss: 0.018907
Train Epoch: 16 [20000/60000 (33%)]	Loss: 0.073442
Train Epoch: 16 [22000/60000 (37%)]	Loss: 0.089850
Train Epoch: 16 [24000/60000 (40%)]	Loss: 0.063164
Train Epoch: 16 [26000/60000 (43%)]	Loss: 0.030132
Train Epoch: 16 [28000/60000 (47%)]	Loss: 0.019129
Train Epoch: 16 [30000/60000 (50%)]	Loss: 0.034422
Train Epoch: 16 [32000/60000 (53%)]	Loss: 0.048704
Train Epoch: 16 [34000/60000 (57%)]	Loss: 0.079168
Train Epoch: 16 [36000/60000 (60%)]	Loss: 0.062278
Train Epoch: 16 [38000/60000 (63%)]	Loss: 0.112419
Train Epoch: 16 [40000/60000 (67%)]	Loss: 0.038536
Train Epoch: 16 [42000/60000 (70%)]	Loss: 0.040280
Train Epoch: 16 [44000/60000 (73%)]	Loss: 0.071006
Train Epoch: 16 [46000/60000 (77%)]	Loss: 0.090232
Train Epoch: 16 [48000/60000 (80%)]	Loss: 0.055365
Train Epoch: 16 [50000/60000 (83%)]	Loss: 0.066985
Train Epoch: 16 [52000/60000 (87%)]	Loss: 0.047640
Train Epoch: 16 [54000/60000 (90%)]	Loss: 0.046789
Train Epoch: 16 [56000/60000 (93%)]	Loss: 0.028429
Train Epoch: 16 [58000/60000 (97%)]	Loss: 0.066422
Train Epoch: 16 [60000/60000 (100%)]	Loss: 0.057968

Average Training loss: 0.0031, Training Error Rate: 6.01% (3607/60000)


Average Test loss: 0.0001, Test Error Rate: 5.97% (597/10000)

Train Epoch: 17 [2000/60000 (3%)]	Loss: 0.120059
Train Epoch: 17 [4000/60000 (7%)]	Loss: 0.092785
Train Epoch: 17 [6000/60000 (10%)]	Loss: 0.025356
Train Epoch: 17 [8000/60000 (13%)]	Loss: 0.065131
Train Epoch: 17 [10000/60000 (17%)]	Loss: 0.062767
Train Epoch: 17 [12000/60000 (20%)]	Loss: 0.035917
Train Epoch: 17 [14000/60000 (23%)]	Loss: 0.030938
Train Epoch: 17 [16000/60000 (27%)]	Loss: 0.042319
Train Epoch: 17 [18000/60000 (30%)]	Loss: 0.040108
Train Epoch: 17 [20000/60000 (33%)]	Loss: 0.034121
Train Epoch: 17 [22000/60000 (37%)]	Loss: 0.029994
Train Epoch: 17 [24000/60000 (40%)]	Loss: 0.086165
Train Epoch: 17 [26000/60000 (43%)]	Loss: 0.029421
Train Epoch: 17 [28000/60000 (47%)]	Loss: 0.030756
Train Epoch: 17 [30000/60000 (50%)]	Loss: 0.045139
Train Epoch: 17 [32000/60000 (53%)]	Loss: 0.020343
Train Epoch: 17 [34000/60000 (57%)]	Loss: 0.111200
Train Epoch: 17 [36000/60000 (60%)]	Loss: 0.034807
Train Epoch: 17 [38000/60000 (63%)]	Loss: 0.090343
Train Epoch: 17 [40000/60000 (67%)]	Loss: 0.075007
Train Epoch: 17 [42000/60000 (70%)]	Loss: 0.136062
Train Epoch: 17 [44000/60000 (73%)]	Loss: 0.059317
Train Epoch: 17 [46000/60000 (77%)]	Loss: 0.043258
Train Epoch: 17 [48000/60000 (80%)]	Loss: 0.026912
Train Epoch: 17 [50000/60000 (83%)]	Loss: 0.110479
Train Epoch: 17 [52000/60000 (87%)]	Loss: 0.058476
Train Epoch: 17 [54000/60000 (90%)]	Loss: 0.074250
Train Epoch: 17 [56000/60000 (93%)]	Loss: 0.029521
Train Epoch: 17 [58000/60000 (97%)]	Loss: 0.062911
Train Epoch: 17 [60000/60000 (100%)]	Loss: 0.131729

Average Training loss: 0.0031, Training Error Rate: 5.96% (3578/60000)


Average Test loss: 0.0001, Test Error Rate: 5.93% (593/10000)

Train Epoch: 18 [2000/60000 (3%)]	Loss: 0.061791
Train Epoch: 18 [4000/60000 (7%)]	Loss: 0.070222
Train Epoch: 18 [6000/60000 (10%)]	Loss: 0.042256
Train Epoch: 18 [8000/60000 (13%)]	Loss: 0.040438
Train Epoch: 18 [10000/60000 (17%)]	Loss: 0.057561
Train Epoch: 18 [12000/60000 (20%)]	Loss: 0.053366
Train Epoch: 18 [14000/60000 (23%)]	Loss: 0.043381
Train Epoch: 18 [16000/60000 (27%)]	Loss: 0.097323
Train Epoch: 18 [18000/60000 (30%)]	Loss: 0.062722
Train Epoch: 18 [20000/60000 (33%)]	Loss: 0.022941
/vast/home/ajherman/continualEP/netFunctions.py:118: RuntimeWarning: More than 20 figures have been opened. Figures created through the pyplot interface (`matplotlib.pyplot.figure`) are retained until explicitly closed and may consume too much memory. (To control this warning, see the rcParam `figure.max_open_warning`). Consider using `matplotlib.pyplot.close()`.
  fig, ax = plt.subplots()
Train Epoch: 18 [22000/60000 (37%)]	Loss: 0.041552
Train Epoch: 18 [24000/60000 (40%)]	Loss: 0.033396
Train Epoch: 18 [26000/60000 (43%)]	Loss: 0.032067
Train Epoch: 18 [28000/60000 (47%)]	Loss: 0.056819
Train Epoch: 18 [30000/60000 (50%)]	Loss: 0.051209
Train Epoch: 18 [32000/60000 (53%)]	Loss: 0.022421
Train Epoch: 18 [34000/60000 (57%)]	Loss: 0.079779
Train Epoch: 18 [36000/60000 (60%)]	Loss: 0.041558
Train Epoch: 18 [38000/60000 (63%)]	Loss: 0.080273
Train Epoch: 18 [40000/60000 (67%)]	Loss: 0.037069
Train Epoch: 18 [42000/60000 (70%)]	Loss: 0.064953
Train Epoch: 18 [44000/60000 (73%)]	Loss: 0.142772
Train Epoch: 18 [46000/60000 (77%)]	Loss: 0.040682
Train Epoch: 18 [48000/60000 (80%)]	Loss: 0.071342
Train Epoch: 18 [50000/60000 (83%)]	Loss: 0.086481
Train Epoch: 18 [52000/60000 (87%)]	Loss: 0.107777
Train Epoch: 18 [54000/60000 (90%)]	Loss: 0.056048
Train Epoch: 18 [56000/60000 (93%)]	Loss: 0.073469
Train Epoch: 18 [58000/60000 (97%)]	Loss: 0.040209
Train Epoch: 18 [60000/60000 (100%)]	Loss: 0.055341

Average Training loss: 0.0030, Training Error Rate: 5.88% (3529/60000)


Average Test loss: 0.0001, Test Error Rate: 5.63% (563/10000)

Train Epoch: 19 [2000/60000 (3%)]	Loss: 0.009616
Train Epoch: 19 [4000/60000 (7%)]	Loss: 0.102887
Train Epoch: 19 [6000/60000 (10%)]	Loss: 0.076197
Train Epoch: 19 [8000/60000 (13%)]	Loss: 0.052747
Train Epoch: 19 [10000/60000 (17%)]	Loss: 0.024253
Train Epoch: 19 [12000/60000 (20%)]	Loss: 0.063753
Train Epoch: 19 [14000/60000 (23%)]	Loss: 0.079022
Train Epoch: 19 [16000/60000 (27%)]	Loss: 0.033482
Train Epoch: 19 [18000/60000 (30%)]	Loss: 0.060562
Train Epoch: 19 [20000/60000 (33%)]	Loss: 0.041129
Train Epoch: 19 [22000/60000 (37%)]	Loss: 0.035144
Train Epoch: 19 [24000/60000 (40%)]	Loss: 0.015306
Train Epoch: 19 [26000/60000 (43%)]	Loss: 0.079480
Train Epoch: 19 [28000/60000 (47%)]	Loss: 0.021294
Train Epoch: 19 [30000/60000 (50%)]	Loss: 0.060001
Train Epoch: 19 [32000/60000 (53%)]	Loss: 0.040662
Train Epoch: 19 [34000/60000 (57%)]	Loss: 0.015214
Train Epoch: 19 [36000/60000 (60%)]	Loss: 0.042253
Train Epoch: 19 [38000/60000 (63%)]	Loss: 0.066941
Train Epoch: 19 [40000/60000 (67%)]	Loss: 0.018966
Train Epoch: 19 [42000/60000 (70%)]	Loss: 0.056090
Train Epoch: 19 [44000/60000 (73%)]	Loss: 0.029979
Train Epoch: 19 [46000/60000 (77%)]	Loss: 0.042008
Train Epoch: 19 [48000/60000 (80%)]	Loss: 0.043592
Train Epoch: 19 [50000/60000 (83%)]	Loss: 0.048257
Train Epoch: 19 [52000/60000 (87%)]	Loss: 0.044622
Train Epoch: 19 [54000/60000 (90%)]	Loss: 0.034314
Train Epoch: 19 [56000/60000 (93%)]	Loss: 0.044720
Train Epoch: 19 [58000/60000 (97%)]	Loss: 0.114459
Train Epoch: 19 [60000/60000 (100%)]	Loss: 0.053325

Average Training loss: 0.0029, Training Error Rate: 5.65% (3390/60000)


Average Test loss: 0.0001, Test Error Rate: 5.63% (563/10000)

