/vast/home/ajherman/miniconda3/envs/pytorch/lib/python3.11/site-packages/torchvision/io/image.py:13: UserWarning: Failed to load image Python extension: '/vast/home/ajherman/miniconda3/envs/pytorch/lib/python3.11/site-packages/torchvision/image.so: undefined symbol: _ZN5torch3jit17parseSchemaOrNameERKNSt7__cxx1112basic_stringIcSt11char_traitsIcESaIcEEE'If you don't plan on using image functionality from `torchvision.io`, you can ignore this warning. Otherwise, there might be something wrong with your environment. Did you have `libjpeg` or `libpng` installed before building `torchvision` from source?
  warn(
Random seed set as 42
dt =  0.11750309741540454
trace decay =  0.5737534207374327
Random seed set as 42
Random seed set as 42
dt =  0.11750309741540454
trace decay =  0.5737534207374327
Random seed set as 42
Train Epoch: 0 [20000/60000 (33%)]	Loss: 0.433446
Train Epoch: 0 [40000/60000 (67%)]	Loss: 0.403693
Train Epoch: 0 [60000/60000 (100%)]	Loss: 0.380570

Average Training loss: 0.0021, Training Error Rate: 66.09% (39655/60000)


Average Test loss: 0.0004, Test Error Rate: 44.02% (4402/10000)

Train Epoch: 1 [20000/60000 (33%)]	Loss: 0.344356
Train Epoch: 1 [40000/60000 (67%)]	Loss: 0.321516
Train Epoch: 1 [60000/60000 (100%)]	Loss: 0.280671

Average Training loss: 0.0017, Training Error Rate: 36.90% (22140/60000)


Average Test loss: 0.0003, Test Error Rate: 29.31% (2931/10000)

Train Epoch: 2 [20000/60000 (33%)]	Loss: 0.261410
Train Epoch: 2 [40000/60000 (67%)]	Loss: 0.249789
Train Epoch: 2 [60000/60000 (100%)]	Loss: 0.254694

Average Training loss: 0.0013, Training Error Rate: 27.40% (16438/60000)


Average Test loss: 0.0002, Test Error Rate: 24.22% (2422/10000)

Train Epoch: 3 [20000/60000 (33%)]	Loss: 0.230023
Train Epoch: 3 [40000/60000 (67%)]	Loss: 0.214489
Train Epoch: 3 [60000/60000 (100%)]	Loss: 0.219223

Average Training loss: 0.0012, Training Error Rate: 23.73% (14241/60000)


Average Test loss: 0.0002, Test Error Rate: 21.97% (2197/10000)

Train Epoch: 4 [20000/60000 (33%)]	Loss: 0.219718
Train Epoch: 4 [40000/60000 (67%)]	Loss: 0.219916
Train Epoch: 4 [60000/60000 (100%)]	Loss: 0.209913

Average Training loss: 0.0011, Training Error Rate: 22.06% (13237/60000)


Average Test loss: 0.0002, Test Error Rate: 20.10% (2010/10000)

Train Epoch: 5 [20000/60000 (33%)]	Loss: 0.207798
Train Epoch: 5 [40000/60000 (67%)]	Loss: 0.215494
Train Epoch: 5 [60000/60000 (100%)]	Loss: 0.223467

Average Training loss: 0.0011, Training Error Rate: 20.67% (12404/60000)


Average Test loss: 0.0002, Test Error Rate: 19.15% (1915/10000)

Train Epoch: 6 [20000/60000 (33%)]	Loss: 0.222047
Train Epoch: 6 [40000/60000 (67%)]	Loss: 0.208859
Train Epoch: 6 [60000/60000 (100%)]	Loss: 0.217440

Average Training loss: 0.0011, Training Error Rate: 19.91% (11946/60000)


Average Test loss: 0.0002, Test Error Rate: 19.24% (1924/10000)

Train Epoch: 7 [20000/60000 (33%)]	Loss: 0.225351
Train Epoch: 7 [40000/60000 (67%)]	Loss: 0.245625
Train Epoch: 7 [60000/60000 (100%)]	Loss: 0.228972

Average Training loss: 0.0011, Training Error Rate: 19.65% (11790/60000)


Average Test loss: 0.0002, Test Error Rate: 19.72% (1972/10000)

Train Epoch: 8 [20000/60000 (33%)]	Loss: 0.218247
Train Epoch: 8 [40000/60000 (67%)]	Loss: 0.236637
Train Epoch: 8 [60000/60000 (100%)]	Loss: 0.234076

Average Training loss: 0.0012, Training Error Rate: 20.21% (12126/60000)


Average Test loss: 0.0002, Test Error Rate: 19.33% (1933/10000)

Train Epoch: 9 [20000/60000 (33%)]	Loss: 0.241917
Train Epoch: 9 [40000/60000 (67%)]	Loss: 0.241937
Train Epoch: 9 [60000/60000 (100%)]	Loss: 0.228554

Average Training loss: 0.0012, Training Error Rate: 21.45% (12868/60000)


Average Test loss: 0.0002, Test Error Rate: 21.02% (2102/10000)

Train Epoch: 10 [20000/60000 (33%)]	Loss: 0.256197
Train Epoch: 10 [40000/60000 (67%)]	Loss: 0.264448
Train Epoch: 10 [60000/60000 (100%)]	Loss: 0.246261

Average Training loss: 0.0013, Training Error Rate: 22.68% (13609/60000)


Average Test loss: 0.0003, Test Error Rate: 22.54% (2254/10000)

Train Epoch: 11 [20000/60000 (33%)]	Loss: 0.250159
Train Epoch: 11 [40000/60000 (67%)]	Loss: 0.278988
Train Epoch: 11 [60000/60000 (100%)]	Loss: 0.270469

Average Training loss: 0.0013, Training Error Rate: 24.23% (14536/60000)


Average Test loss: 0.0003, Test Error Rate: 25.05% (2505/10000)

Train Epoch: 12 [20000/60000 (33%)]	Loss: 0.270178
