/vast/home/ajherman/miniconda3/envs/pytorch/lib/python3.11/site-packages/torchvision/io/image.py:13: UserWarning: Failed to load image Python extension: '/vast/home/ajherman/miniconda3/envs/pytorch/lib/python3.11/site-packages/torchvision/image.so: undefined symbol: _ZN5torch3jit17parseSchemaOrNameERKNSt7__cxx1112basic_stringIcSt11char_traitsIcESaIcEEE'If you don't plan on using image functionality from `torchvision.io`, you can ignore this warning. Otherwise, there might be something wrong with your environment. Did you have `libjpeg` or `libpng` installed before building `torchvision` from source?
  warn(
Random seed set as 42
dt =  0.11750309741540466
trace decay =  0.5737534207374327
Random seed set as 42
Random seed set as 42
dt =  0.11750309741540466
trace decay =  0.5737534207374327
Random seed set as 42
Train Epoch: 0 [20000/60000 (33%)]	Loss: 0.436596
Train Epoch: 0 [40000/60000 (67%)]	Loss: 0.411147
Train Epoch: 0 [60000/60000 (100%)]	Loss: 0.386491

Average Training loss: 0.0021, Training Error Rate: 70.38% (42226/60000)


Average Test loss: 0.0004, Test Error Rate: 50.93% (5093/10000)

Train Epoch: 1 [20000/60000 (33%)]	Loss: 0.364227
Train Epoch: 1 [40000/60000 (67%)]	Loss: 0.348845
Train Epoch: 1 [60000/60000 (100%)]	Loss: 0.320555

Average Training loss: 0.0018, Training Error Rate: 41.95% (25172/60000)


Average Test loss: 0.0003, Test Error Rate: 33.20% (3320/10000)

Train Epoch: 2 [20000/60000 (33%)]	Loss: 0.298067
Train Epoch: 2 [40000/60000 (67%)]	Loss: 0.296912
Train Epoch: 2 [60000/60000 (100%)]	Loss: 0.291094

Average Training loss: 0.0015, Training Error Rate: 30.48% (18290/60000)


Average Test loss: 0.0003, Test Error Rate: 25.89% (2589/10000)

Train Epoch: 3 [20000/60000 (33%)]	Loss: 0.273754
Train Epoch: 3 [40000/60000 (67%)]	Loss: 0.253701
Train Epoch: 3 [60000/60000 (100%)]	Loss: 0.256952

Average Training loss: 0.0013, Training Error Rate: 25.17% (15104/60000)


Average Test loss: 0.0002, Test Error Rate: 22.45% (2245/10000)

Train Epoch: 4 [20000/60000 (33%)]	Loss: 0.250964
Train Epoch: 4 [40000/60000 (67%)]	Loss: 0.243415
Train Epoch: 4 [60000/60000 (100%)]	Loss: 0.222916

Average Training loss: 0.0012, Training Error Rate: 22.14% (13286/60000)


Average Test loss: 0.0002, Test Error Rate: 19.68% (1968/10000)

Train Epoch: 5 [20000/60000 (33%)]	Loss: 0.222815
Train Epoch: 5 [40000/60000 (67%)]	Loss: 0.217709
Train Epoch: 5 [60000/60000 (100%)]	Loss: 0.226008

Average Training loss: 0.0011, Training Error Rate: 20.19% (12116/60000)


Average Test loss: 0.0002, Test Error Rate: 18.05% (1805/10000)

Train Epoch: 6 [20000/60000 (33%)]	Loss: 0.217718
Train Epoch: 6 [40000/60000 (67%)]	Loss: 0.201051
Train Epoch: 6 [60000/60000 (100%)]	Loss: 0.187895

Average Training loss: 0.0010, Training Error Rate: 18.75% (11251/60000)


Average Test loss: 0.0002, Test Error Rate: 17.01% (1701/10000)

Train Epoch: 7 [20000/60000 (33%)]	Loss: 0.199375
Train Epoch: 7 [40000/60000 (67%)]	Loss: 0.198397
Train Epoch: 7 [60000/60000 (100%)]	Loss: 0.186413

Average Training loss: 0.0010, Training Error Rate: 17.67% (10603/60000)


Average Test loss: 0.0002, Test Error Rate: 15.83% (1583/10000)

Train Epoch: 8 [20000/60000 (33%)]	Loss: 0.175420
Train Epoch: 8 [40000/60000 (67%)]	Loss: 0.183764
Train Epoch: 8 [60000/60000 (100%)]	Loss: 0.178733

Average Training loss: 0.0009, Training Error Rate: 16.53% (9920/60000)


Average Test loss: 0.0002, Test Error Rate: 15.47% (1547/10000)

Train Epoch: 9 [20000/60000 (33%)]	Loss: 0.168239
Train Epoch: 9 [40000/60000 (67%)]	Loss: 0.162232
Train Epoch: 9 [60000/60000 (100%)]	Loss: 0.159940

Average Training loss: 0.0009, Training Error Rate: 16.03% (9620/60000)


Average Test loss: 0.0002, Test Error Rate: 14.76% (1476/10000)

Train Epoch: 10 [20000/60000 (33%)]	Loss: 0.164358
Train Epoch: 10 [40000/60000 (67%)]	Loss: 0.164371
Train Epoch: 10 [60000/60000 (100%)]	Loss: 0.146452

Average Training loss: 0.0008, Training Error Rate: 15.53% (9320/60000)


Average Test loss: 0.0002, Test Error Rate: 14.16% (1416/10000)

Train Epoch: 11 [20000/60000 (33%)]	Loss: 0.144918
Train Epoch: 11 [40000/60000 (67%)]	Loss: 0.169540
Train Epoch: 11 [60000/60000 (100%)]	Loss: 0.148620

Average Training loss: 0.0008, Training Error Rate: 14.98% (8991/60000)


Average Test loss: 0.0001, Test Error Rate: 13.76% (1376/10000)

Train Epoch: 12 [20000/60000 (33%)]	Loss: 0.167729
Train Epoch: 12 [40000/60000 (67%)]	Loss: 0.134062
Train Epoch: 12 [60000/60000 (100%)]	Loss: 0.139291

Average Training loss: 0.0007, Training Error Rate: 14.51% (8705/60000)


Average Test loss: 0.0001, Test Error Rate: 13.68% (1368/10000)

Train Epoch: 13 [20000/60000 (33%)]	Loss: 0.131694
Train Epoch: 13 [40000/60000 (67%)]	Loss: 0.151282
Train Epoch: 13 [60000/60000 (100%)]	Loss: 0.138231

Average Training loss: 0.0007, Training Error Rate: 14.09% (8453/60000)


Average Test loss: 0.0001, Test Error Rate: 12.79% (1279/10000)

Train Epoch: 14 [20000/60000 (33%)]	Loss: 0.148163
Train Epoch: 14 [40000/60000 (67%)]	Loss: 0.157545
Train Epoch: 14 [60000/60000 (100%)]	Loss: 0.147162

Average Training loss: 0.0007, Training Error Rate: 13.96% (8373/60000)


Average Test loss: 0.0001, Test Error Rate: 12.79% (1279/10000)

Train Epoch: 15 [20000/60000 (33%)]	Loss: 0.150796
Train Epoch: 15 [40000/60000 (67%)]	Loss: 0.151406
Train Epoch: 15 [60000/60000 (100%)]	Loss: 0.143640

Average Training loss: 0.0007, Training Error Rate: 13.62% (8173/60000)


Average Test loss: 0.0001, Test Error Rate: 12.38% (1238/10000)

Train Epoch: 16 [20000/60000 (33%)]	Loss: 0.139134
Train Epoch: 16 [40000/60000 (67%)]	Loss: 0.139518
Train Epoch: 16 [60000/60000 (100%)]	Loss: 0.131379

Average Training loss: 0.0007, Training Error Rate: 13.35% (8012/60000)


Average Test loss: 0.0001, Test Error Rate: 12.23% (1223/10000)

Train Epoch: 17 [20000/60000 (33%)]	Loss: 0.135411
Train Epoch: 17 [40000/60000 (67%)]	Loss: 0.137387
Train Epoch: 17 [60000/60000 (100%)]	Loss: 0.119720

Average Training loss: 0.0006, Training Error Rate: 12.94% (7766/60000)


Average Test loss: 0.0001, Test Error Rate: 12.01% (1201/10000)

Train Epoch: 18 [20000/60000 (33%)]	Loss: 0.106970
Train Epoch: 18 [40000/60000 (67%)]	Loss: 0.133861
Train Epoch: 18 [60000/60000 (100%)]	Loss: 0.121331

Average Training loss: 0.0006, Training Error Rate: 12.76% (7657/60000)


Average Test loss: 0.0001, Test Error Rate: 11.81% (1181/10000)

Train Epoch: 19 [20000/60000 (33%)]	Loss: 0.140926
Train Epoch: 19 [40000/60000 (67%)]	Loss: 0.119278
Train Epoch: 19 [60000/60000 (100%)]	Loss: 0.114592

Average Training loss: 0.0006, Training Error Rate: 12.51% (7507/60000)


Average Test loss: 0.0001, Test Error Rate: 11.66% (1166/10000)

Train Epoch: 20 [20000/60000 (33%)]	Loss: 0.129034
Train Epoch: 20 [40000/60000 (67%)]	Loss: 0.138847
Train Epoch: 20 [60000/60000 (100%)]	Loss: 0.116920

Average Training loss: 0.0006, Training Error Rate: 12.48% (7490/60000)


Average Test loss: 0.0001, Test Error Rate: 11.50% (1150/10000)

Train Epoch: 21 [20000/60000 (33%)]	Loss: 0.117517
Train Epoch: 21 [40000/60000 (67%)]	Loss: 0.116173
Train Epoch: 21 [60000/60000 (100%)]	Loss: 0.125096

Average Training loss: 0.0006, Training Error Rate: 12.17% (7303/60000)


Average Test loss: 0.0001, Test Error Rate: 11.45% (1145/10000)

Train Epoch: 22 [20000/60000 (33%)]	Loss: 0.125471
Train Epoch: 22 [40000/60000 (67%)]	Loss: 0.130231
Train Epoch: 22 [60000/60000 (100%)]	Loss: 0.130392

Average Training loss: 0.0006, Training Error Rate: 12.15% (7292/60000)


Average Test loss: 0.0001, Test Error Rate: 11.26% (1126/10000)

Train Epoch: 23 [20000/60000 (33%)]	Loss: 0.118910
Train Epoch: 23 [40000/60000 (67%)]	Loss: 0.126619
Train Epoch: 23 [60000/60000 (100%)]	Loss: 0.111053

Average Training loss: 0.0006, Training Error Rate: 11.92% (7154/60000)


Average Test loss: 0.0001, Test Error Rate: 11.05% (1105/10000)

Train Epoch: 24 [20000/60000 (33%)]	Loss: 0.109337
Train Epoch: 24 [40000/60000 (67%)]	Loss: 0.132957
Train Epoch: 24 [60000/60000 (100%)]	Loss: 0.119968

Average Training loss: 0.0006, Training Error Rate: 11.77% (7060/60000)


Average Test loss: 0.0001, Test Error Rate: 10.88% (1088/10000)

Train Epoch: 25 [20000/60000 (33%)]	Loss: 0.131618
Train Epoch: 25 [40000/60000 (67%)]	Loss: 0.103740
Train Epoch: 25 [60000/60000 (100%)]	Loss: 0.107875

Average Training loss: 0.0006, Training Error Rate: 11.57% (6942/60000)


Average Test loss: 0.0001, Test Error Rate: 10.88% (1088/10000)

Train Epoch: 26 [20000/60000 (33%)]	Loss: 0.116367
Train Epoch: 26 [40000/60000 (67%)]	Loss: 0.112398
Train Epoch: 26 [60000/60000 (100%)]	Loss: 0.096856

Average Training loss: 0.0005, Training Error Rate: 11.36% (6813/60000)


Average Test loss: 0.0001, Test Error Rate: 10.50% (1050/10000)

Train Epoch: 27 [20000/60000 (33%)]	Loss: 0.078326
Train Epoch: 27 [40000/60000 (67%)]	Loss: 0.107243
Train Epoch: 27 [60000/60000 (100%)]	Loss: 0.121046

Average Training loss: 0.0005, Training Error Rate: 11.38% (6830/60000)


Average Test loss: 0.0001, Test Error Rate: 10.68% (1068/10000)

Train Epoch: 28 [20000/60000 (33%)]	Loss: 0.097007
Train Epoch: 28 [40000/60000 (67%)]	Loss: 0.090430
Train Epoch: 28 [60000/60000 (100%)]	Loss: 0.116117

Average Training loss: 0.0005, Training Error Rate: 11.31% (6788/60000)


Average Test loss: 0.0001, Test Error Rate: 10.53% (1053/10000)

Train Epoch: 29 [20000/60000 (33%)]	Loss: 0.117696
Train Epoch: 29 [40000/60000 (67%)]	Loss: 0.114539
Train Epoch: 29 [60000/60000 (100%)]	Loss: 0.112722

Average Training loss: 0.0005, Training Error Rate: 11.11% (6663/60000)


Average Test loss: 0.0001, Test Error Rate: 10.38% (1038/10000)

Train Epoch: 30 [20000/60000 (33%)]	Loss: 0.098180
Train Epoch: 30 [40000/60000 (67%)]	Loss: 0.099995
Train Epoch: 30 [60000/60000 (100%)]	Loss: 0.112195

Average Training loss: 0.0005, Training Error Rate: 11.06% (6634/60000)


Average Test loss: 0.0001, Test Error Rate: 10.18% (1018/10000)

Train Epoch: 31 [20000/60000 (33%)]	Loss: 0.114508
Train Epoch: 31 [40000/60000 (67%)]	Loss: 0.095080
Train Epoch: 31 [60000/60000 (100%)]	Loss: 0.091893

Average Training loss: 0.0005, Training Error Rate: 10.84% (6504/60000)


Average Test loss: 0.0001, Test Error Rate: 9.99% (999/10000)

Train Epoch: 32 [20000/60000 (33%)]	Loss: 0.078287
Train Epoch: 32 [40000/60000 (67%)]	Loss: 0.106640
Train Epoch: 32 [60000/60000 (100%)]	Loss: 0.093831

Average Training loss: 0.0005, Training Error Rate: 10.90% (6541/60000)


Average Test loss: 0.0001, Test Error Rate: 10.03% (1003/10000)

Train Epoch: 33 [20000/60000 (33%)]	Loss: 0.106405
Train Epoch: 33 [40000/60000 (67%)]	Loss: 0.088541
Train Epoch: 33 [60000/60000 (100%)]	Loss: 0.106269

Average Training loss: 0.0005, Training Error Rate: 10.70% (6418/60000)


Average Test loss: 0.0001, Test Error Rate: 9.80% (980/10000)

Train Epoch: 34 [20000/60000 (33%)]	Loss: 0.076369
Train Epoch: 34 [40000/60000 (67%)]	Loss: 0.104111
Train Epoch: 34 [60000/60000 (100%)]	Loss: 0.091299

Average Training loss: 0.0005, Training Error Rate: 10.58% (6350/60000)


Average Test loss: 0.0001, Test Error Rate: 9.90% (990/10000)

Train Epoch: 35 [20000/60000 (33%)]	Loss: 0.075423
Train Epoch: 35 [40000/60000 (67%)]	Loss: 0.100272
Train Epoch: 35 [60000/60000 (100%)]	Loss: 0.089708

Average Training loss: 0.0005, Training Error Rate: 10.50% (6302/60000)


Average Test loss: 0.0001, Test Error Rate: 9.55% (955/10000)

Train Epoch: 36 [20000/60000 (33%)]	Loss: 0.076792
Train Epoch: 36 [40000/60000 (67%)]	Loss: 0.093754
Train Epoch: 36 [60000/60000 (100%)]	Loss: 0.082452

Average Training loss: 0.0005, Training Error Rate: 10.40% (6241/60000)


Average Test loss: 0.0001, Test Error Rate: 9.70% (970/10000)

Train Epoch: 37 [20000/60000 (33%)]	Loss: 0.091244
Train Epoch: 37 [40000/60000 (67%)]	Loss: 0.078065
Train Epoch: 37 [60000/60000 (100%)]	Loss: 0.102129

Average Training loss: 0.0005, Training Error Rate: 10.27% (6162/60000)


Average Test loss: 0.0001, Test Error Rate: 9.31% (931/10000)

Train Epoch: 38 [20000/60000 (33%)]	Loss: 0.098175
Train Epoch: 38 [40000/60000 (67%)]	Loss: 0.069627
Train Epoch: 38 [60000/60000 (100%)]	Loss: 0.101924

Average Training loss: 0.0005, Training Error Rate: 10.26% (6154/60000)


Average Test loss: 0.0001, Test Error Rate: 9.47% (947/10000)

Train Epoch: 39 [20000/60000 (33%)]	Loss: 0.102300
Train Epoch: 39 [40000/60000 (67%)]	Loss: 0.083835
Train Epoch: 39 [60000/60000 (100%)]	Loss: 0.103053

Average Training loss: 0.0005, Training Error Rate: 10.14% (6082/60000)


Average Test loss: 0.0001, Test Error Rate: 9.43% (943/10000)

Train Epoch: 40 [20000/60000 (33%)]	Loss: 0.096048
Train Epoch: 40 [40000/60000 (67%)]	Loss: 0.094292
Train Epoch: 40 [60000/60000 (100%)]	Loss: 0.103542

Average Training loss: 0.0005, Training Error Rate: 9.96% (5977/60000)


Average Test loss: 0.0001, Test Error Rate: 9.44% (944/10000)

Train Epoch: 41 [20000/60000 (33%)]	Loss: 0.074596
Train Epoch: 41 [40000/60000 (67%)]	Loss: 0.102138
Train Epoch: 41 [60000/60000 (100%)]	Loss: 0.105074

Average Training loss: 0.0005, Training Error Rate: 10.04% (6021/60000)


Average Test loss: 0.0001, Test Error Rate: 9.28% (928/10000)

Train Epoch: 42 [20000/60000 (33%)]	Loss: 0.102925
Train Epoch: 42 [40000/60000 (67%)]	Loss: 0.123623
Train Epoch: 42 [60000/60000 (100%)]	Loss: 0.092441

Average Training loss: 0.0005, Training Error Rate: 9.96% (5979/60000)


Average Test loss: 0.0001, Test Error Rate: 9.40% (940/10000)

Train Epoch: 43 [20000/60000 (33%)]	Loss: 0.094336
Train Epoch: 43 [40000/60000 (67%)]	Loss: 0.099642
Train Epoch: 43 [60000/60000 (100%)]	Loss: 0.079932

Average Training loss: 0.0005, Training Error Rate: 9.94% (5961/60000)


Average Test loss: 0.0001, Test Error Rate: 9.42% (942/10000)

Train Epoch: 44 [20000/60000 (33%)]	Loss: 0.079464
Train Epoch: 44 [40000/60000 (67%)]	Loss: 0.109632
Train Epoch: 44 [60000/60000 (100%)]	Loss: 0.092003

Average Training loss: 0.0005, Training Error Rate: 9.78% (5869/60000)


Average Test loss: 0.0001, Test Error Rate: 9.10% (910/10000)

Train Epoch: 45 [20000/60000 (33%)]	Loss: 0.083419
slurmstepd: error: *** STEP 15492314.12 ON cn655 CANCELLED AT 2023-10-03T10:57:22 ***
/vast/home/ajherman/miniconda3/envs/pytorch/lib/python3.11/site-packages/torchvision/io/image.py:13: UserWarning: Failed to load image Python extension: '/vast/home/ajherman/miniconda3/envs/pytorch/lib/python3.11/site-packages/torchvision/image.so: undefined symbol: _ZN5torch3jit17parseSchemaOrNameERKNSt7__cxx1112basic_stringIcSt11char_traitsIcESaIcEEE'If you don't plan on using image functionality from `torchvision.io`, you can ignore this warning. Otherwise, there might be something wrong with your environment. Did you have `libjpeg` or `libpng` installed before building `torchvision` from source?
  warn(
Random seed set as 42
dt =  0.11750309741540466
trace decay =  0.5737534207374327
Random seed set as 42
Random seed set as 42
dt =  0.11750309741540466
trace decay =  0.5737534207374327
Random seed set as 42
Train Epoch: 45 [20000/60000 (33%)]	Loss: 0.090435
Train Epoch: 45 [40000/60000 (67%)]	Loss: 0.091239
Train Epoch: 45 [60000/60000 (100%)]	Loss: 0.094218

Average Training loss: 0.0004, Training Error Rate: 9.74% (5847/60000)


Average Test loss: 0.0001, Test Error Rate: 9.12% (912/10000)

Train Epoch: 46 [20000/60000 (33%)]	Loss: 0.099220
Train Epoch: 46 [40000/60000 (67%)]	Loss: 0.084337
Train Epoch: 46 [60000/60000 (100%)]	Loss: 0.077249

Average Training loss: 0.0004, Training Error Rate: 9.59% (5751/60000)


Average Test loss: 0.0001, Test Error Rate: 8.99% (899/10000)

Train Epoch: 47 [20000/60000 (33%)]	Loss: 0.085920
Train Epoch: 47 [40000/60000 (67%)]	Loss: 0.074342
Train Epoch: 47 [60000/60000 (100%)]	Loss: 0.091711

Average Training loss: 0.0004, Training Error Rate: 9.61% (5763/60000)


Average Test loss: 0.0001, Test Error Rate: 9.00% (900/10000)

Train Epoch: 48 [20000/60000 (33%)]	Loss: 0.083977
Train Epoch: 48 [40000/60000 (67%)]	Loss: 0.073673
Train Epoch: 48 [60000/60000 (100%)]	Loss: 0.085359

Average Training loss: 0.0004, Training Error Rate: 9.50% (5702/60000)


Average Test loss: 0.0001, Test Error Rate: 8.73% (873/10000)

Train Epoch: 49 [20000/60000 (33%)]	Loss: 0.094688
Train Epoch: 49 [40000/60000 (67%)]	Loss: 0.089892
Train Epoch: 49 [60000/60000 (100%)]	Loss: 0.066364

Average Training loss: 0.0004, Training Error Rate: 9.52% (5709/60000)


Average Test loss: 0.0001, Test Error Rate: 8.97% (897/10000)

Train Epoch: 50 [20000/60000 (33%)]	Loss: 0.092868
Train Epoch: 50 [40000/60000 (67%)]	Loss: 0.090000
Train Epoch: 50 [60000/60000 (100%)]	Loss: 0.103881

Average Training loss: 0.0004, Training Error Rate: 9.51% (5707/60000)


Average Test loss: 0.0001, Test Error Rate: 8.67% (867/10000)

Train Epoch: 51 [20000/60000 (33%)]	Loss: 0.083628
Train Epoch: 51 [40000/60000 (67%)]	Loss: 0.079008
Train Epoch: 51 [60000/60000 (100%)]	Loss: 0.068895

Average Training loss: 0.0004, Training Error Rate: 9.35% (5608/60000)


Average Test loss: 0.0001, Test Error Rate: 8.84% (884/10000)

Train Epoch: 52 [20000/60000 (33%)]	Loss: 0.096263
Train Epoch: 52 [40000/60000 (67%)]	Loss: 0.072388
Train Epoch: 52 [60000/60000 (100%)]	Loss: 0.080442

Average Training loss: 0.0004, Training Error Rate: 9.32% (5591/60000)


Average Test loss: 0.0001, Test Error Rate: 8.79% (879/10000)

Train Epoch: 53 [20000/60000 (33%)]	Loss: 0.079819
Train Epoch: 53 [40000/60000 (67%)]	Loss: 0.077472
Train Epoch: 53 [60000/60000 (100%)]	Loss: 0.089586

Average Training loss: 0.0004, Training Error Rate: 9.18% (5510/60000)


Average Test loss: 0.0001, Test Error Rate: 8.60% (860/10000)

Train Epoch: 54 [20000/60000 (33%)]	Loss: 0.094858
Train Epoch: 54 [40000/60000 (67%)]	Loss: 0.094645
Train Epoch: 54 [60000/60000 (100%)]	Loss: 0.081613

Average Training loss: 0.0004, Training Error Rate: 9.25% (5551/60000)


Average Test loss: 0.0001, Test Error Rate: 8.55% (855/10000)

Train Epoch: 55 [20000/60000 (33%)]	Loss: 0.087685
Train Epoch: 55 [40000/60000 (67%)]	Loss: 0.077186
Train Epoch: 55 [60000/60000 (100%)]	Loss: 0.103333

Average Training loss: 0.0004, Training Error Rate: 9.10% (5462/60000)


Average Test loss: 0.0001, Test Error Rate: 8.68% (868/10000)

Train Epoch: 56 [20000/60000 (33%)]	Loss: 0.089513
Train Epoch: 56 [40000/60000 (67%)]	Loss: 0.080427
Train Epoch: 56 [60000/60000 (100%)]	Loss: 0.076974

Average Training loss: 0.0004, Training Error Rate: 9.07% (5443/60000)


Average Test loss: 0.0001, Test Error Rate: 8.59% (859/10000)

Train Epoch: 57 [20000/60000 (33%)]	Loss: 0.071400
Train Epoch: 57 [40000/60000 (67%)]	Loss: 0.095728
Train Epoch: 57 [60000/60000 (100%)]	Loss: 0.064982

Average Training loss: 0.0004, Training Error Rate: 9.06% (5439/60000)


Average Test loss: 0.0001, Test Error Rate: 8.48% (848/10000)

Train Epoch: 58 [20000/60000 (33%)]	Loss: 0.081141
Train Epoch: 58 [40000/60000 (67%)]	Loss: 0.077583
Train Epoch: 58 [60000/60000 (100%)]	Loss: 0.081748

Average Training loss: 0.0004, Training Error Rate: 9.02% (5413/60000)


Average Test loss: 0.0001, Test Error Rate: 8.61% (861/10000)

Train Epoch: 59 [20000/60000 (33%)]	Loss: 0.066030
Train Epoch: 59 [40000/60000 (67%)]	Loss: 0.088346
Train Epoch: 59 [60000/60000 (100%)]	Loss: 0.080514

Average Training loss: 0.0004, Training Error Rate: 8.95% (5372/60000)


Average Test loss: 0.0001, Test Error Rate: 8.66% (866/10000)

Train Epoch: 60 [20000/60000 (33%)]	Loss: 0.070803
Train Epoch: 60 [40000/60000 (67%)]	Loss: 0.091990
Train Epoch: 60 [60000/60000 (100%)]	Loss: 0.074570

Average Training loss: 0.0004, Training Error Rate: 8.90% (5338/60000)


Average Test loss: 0.0001, Test Error Rate: 8.43% (843/10000)

Train Epoch: 61 [20000/60000 (33%)]	Loss: 0.081941
Train Epoch: 61 [40000/60000 (67%)]	Loss: 0.082380
Train Epoch: 61 [60000/60000 (100%)]	Loss: 0.078766

Average Training loss: 0.0004, Training Error Rate: 8.77% (5264/60000)


Average Test loss: 0.0001, Test Error Rate: 8.47% (847/10000)

Train Epoch: 62 [20000/60000 (33%)]	Loss: 0.087353
Train Epoch: 62 [40000/60000 (67%)]	Loss: 0.061813
Train Epoch: 62 [60000/60000 (100%)]	Loss: 0.085753

Average Training loss: 0.0004, Training Error Rate: 8.89% (5335/60000)


Average Test loss: 0.0001, Test Error Rate: 8.22% (822/10000)

Train Epoch: 63 [20000/60000 (33%)]	Loss: 0.075650
Train Epoch: 63 [40000/60000 (67%)]	Loss: 0.055032
Train Epoch: 63 [60000/60000 (100%)]	Loss: 0.077362

Average Training loss: 0.0004, Training Error Rate: 8.88% (5331/60000)


Average Test loss: 0.0001, Test Error Rate: 8.47% (847/10000)

Train Epoch: 64 [20000/60000 (33%)]	Loss: 0.097685
Train Epoch: 64 [40000/60000 (67%)]	Loss: 0.087455
Train Epoch: 64 [60000/60000 (100%)]	Loss: 0.087031

Average Training loss: 0.0004, Training Error Rate: 8.76% (5253/60000)


Average Test loss: 0.0001, Test Error Rate: 8.09% (809/10000)

Train Epoch: 65 [20000/60000 (33%)]	Loss: 0.094258
Train Epoch: 65 [40000/60000 (67%)]	Loss: 0.093163
Train Epoch: 65 [60000/60000 (100%)]	Loss: 0.076663

Average Training loss: 0.0004, Training Error Rate: 8.79% (5273/60000)


Average Test loss: 0.0001, Test Error Rate: 8.18% (818/10000)

Train Epoch: 66 [20000/60000 (33%)]	Loss: 0.064830
Train Epoch: 66 [40000/60000 (67%)]	Loss: 0.093021
Train Epoch: 66 [60000/60000 (100%)]	Loss: 0.083019

Average Training loss: 0.0004, Training Error Rate: 8.67% (5203/60000)


Average Test loss: 0.0001, Test Error Rate: 8.17% (817/10000)

Train Epoch: 67 [20000/60000 (33%)]	Loss: 0.085723
Train Epoch: 67 [40000/60000 (67%)]	Loss: 0.094322
Train Epoch: 67 [60000/60000 (100%)]	Loss: 0.073343

Average Training loss: 0.0004, Training Error Rate: 8.61% (5163/60000)


Average Test loss: 0.0001, Test Error Rate: 8.18% (818/10000)

Train Epoch: 68 [20000/60000 (33%)]	Loss: 0.086453
Train Epoch: 68 [40000/60000 (67%)]	Loss: 0.069252
Train Epoch: 68 [60000/60000 (100%)]	Loss: 0.062850

Average Training loss: 0.0004, Training Error Rate: 8.51% (5106/60000)


Average Test loss: 0.0001, Test Error Rate: 7.99% (799/10000)

Train Epoch: 69 [20000/60000 (33%)]	Loss: 0.068334
Train Epoch: 69 [40000/60000 (67%)]	Loss: 0.081279
Train Epoch: 69 [60000/60000 (100%)]	Loss: 0.069379

Average Training loss: 0.0004, Training Error Rate: 8.46% (5073/60000)


Average Test loss: 0.0001, Test Error Rate: 8.26% (826/10000)

Train Epoch: 70 [20000/60000 (33%)]	Loss: 0.085661
Train Epoch: 70 [40000/60000 (67%)]	Loss: 0.085634
Train Epoch: 70 [60000/60000 (100%)]	Loss: 0.070571

Average Training loss: 0.0004, Training Error Rate: 8.51% (5105/60000)


Average Test loss: 0.0001, Test Error Rate: 8.21% (821/10000)

Train Epoch: 71 [20000/60000 (33%)]	Loss: 0.088379
Train Epoch: 71 [40000/60000 (67%)]	Loss: 0.076122
Train Epoch: 71 [60000/60000 (100%)]	Loss: 0.069066

Average Training loss: 0.0004, Training Error Rate: 8.42% (5050/60000)


Average Test loss: 0.0001, Test Error Rate: 8.07% (807/10000)

Train Epoch: 72 [20000/60000 (33%)]	Loss: 0.080251
Train Epoch: 72 [40000/60000 (67%)]	Loss: 0.068802
Train Epoch: 72 [60000/60000 (100%)]	Loss: 0.079671

Average Training loss: 0.0004, Training Error Rate: 8.39% (5034/60000)


Average Test loss: 0.0001, Test Error Rate: 8.34% (834/10000)

Train Epoch: 73 [20000/60000 (33%)]	Loss: 0.091040
Train Epoch: 73 [40000/60000 (67%)]	Loss: 0.081230
Train Epoch: 73 [60000/60000 (100%)]	Loss: 0.087445

Average Training loss: 0.0004, Training Error Rate: 8.36% (5018/60000)


Average Test loss: 0.0001, Test Error Rate: 8.18% (818/10000)

Train Epoch: 74 [20000/60000 (33%)]	Loss: 0.089957
Train Epoch: 74 [40000/60000 (67%)]	Loss: 0.083159
Train Epoch: 74 [60000/60000 (100%)]	Loss: 0.063791

Average Training loss: 0.0004, Training Error Rate: 8.37% (5023/60000)


Average Test loss: 0.0001, Test Error Rate: 8.21% (821/10000)

Train Epoch: 75 [20000/60000 (33%)]	Loss: 0.087583
Train Epoch: 75 [40000/60000 (67%)]	Loss: 0.073611
Train Epoch: 75 [60000/60000 (100%)]	Loss: 0.052123

Average Training loss: 0.0004, Training Error Rate: 8.28% (4966/60000)


Average Test loss: 0.0001, Test Error Rate: 8.06% (806/10000)

Train Epoch: 76 [20000/60000 (33%)]	Loss: 0.060054
Train Epoch: 76 [40000/60000 (67%)]	Loss: 0.077728
Train Epoch: 76 [60000/60000 (100%)]	Loss: 0.068535

Average Training loss: 0.0004, Training Error Rate: 8.19% (4914/60000)


Average Test loss: 0.0001, Test Error Rate: 7.78% (778/10000)

slurmstepd: error: *** STEP 15492341.12 ON cn655 CANCELLED AT 2023-10-03T11:17:53 ***
/vast/home/ajherman/miniconda3/envs/pytorch/lib/python3.11/site-packages/torchvision/io/image.py:13: UserWarning: Failed to load image Python extension: '/vast/home/ajherman/miniconda3/envs/pytorch/lib/python3.11/site-packages/torchvision/image.so: undefined symbol: _ZN5torch3jit17parseSchemaOrNameERKNSt7__cxx1112basic_stringIcSt11char_traitsIcESaIcEEE'If you don't plan on using image functionality from `torchvision.io`, you can ignore this warning. Otherwise, there might be something wrong with your environment. Did you have `libjpeg` or `libpng` installed before building `torchvision` from source?
  warn(
Random seed set as 42
dt =  0.11750309741540454
trace decay =  0.5737534207374327
Random seed set as 42
Random seed set as 42
dt =  0.11750309741540454
trace decay =  0.5737534207374327
Random seed set as 42
/vast/home/ajherman/miniconda3/envs/pytorch/lib/python3.11/site-packages/torchvision/io/image.py:13: UserWarning: Failed to load image Python extension: '/vast/home/ajherman/miniconda3/envs/pytorch/lib/python3.11/site-packages/torchvision/image.so: undefined symbol: _ZN5torch3jit17parseSchemaOrNameERKNSt7__cxx1112basic_stringIcSt11char_traitsIcESaIcEEE'If you don't plan on using image functionality from `torchvision.io`, you can ignore this warning. Otherwise, there might be something wrong with your environment. Did you have `libjpeg` or `libpng` installed before building `torchvision` from source?
  warn(
Random seed set as 42
dt =  0.11750309741540466
trace decay =  0.5737534207374327
Random seed set as 42
Random seed set as 42
dt =  0.11750309741540466
trace decay =  0.5737534207374327
Random seed set as 42
Train Epoch: 77 [20000/60000 (33%)]	Loss: 0.079075
Train Epoch: 77 [40000/60000 (67%)]	Loss: 0.074173
Train Epoch: 77 [60000/60000 (100%)]	Loss: 0.070407

Average Training loss: 0.0004, Training Error Rate: 8.27% (4960/60000)


Average Test loss: 0.0001, Test Error Rate: 7.90% (790/10000)

Train Epoch: 78 [20000/60000 (33%)]	Loss: 0.082519
Train Epoch: 78 [40000/60000 (67%)]	Loss: 0.072835
Train Epoch: 78 [60000/60000 (100%)]	Loss: 0.066824

Average Training loss: 0.0004, Training Error Rate: 8.23% (4936/60000)


Average Test loss: 0.0001, Test Error Rate: 7.86% (786/10000)

Train Epoch: 79 [20000/60000 (33%)]	Loss: 0.074155
Train Epoch: 79 [40000/60000 (67%)]	Loss: 0.059203
Train Epoch: 79 [60000/60000 (100%)]	Loss: 0.082203

Average Training loss: 0.0004, Training Error Rate: 8.17% (4902/60000)


Average Test loss: 0.0001, Test Error Rate: 7.82% (782/10000)

Train Epoch: 80 [20000/60000 (33%)]	Loss: 0.073029
Train Epoch: 80 [40000/60000 (67%)]	Loss: 0.062213
Train Epoch: 80 [60000/60000 (100%)]	Loss: 0.069164

Average Training loss: 0.0004, Training Error Rate: 8.16% (4899/60000)


Average Test loss: 0.0001, Test Error Rate: 7.90% (790/10000)

Train Epoch: 81 [20000/60000 (33%)]	Loss: 0.074631
Train Epoch: 81 [40000/60000 (67%)]	Loss: 0.071957
Train Epoch: 81 [60000/60000 (100%)]	Loss: 0.057541

Average Training loss: 0.0004, Training Error Rate: 8.12% (4874/60000)


Average Test loss: 0.0001, Test Error Rate: 7.92% (792/10000)

Train Epoch: 82 [20000/60000 (33%)]	Loss: 0.081371
Train Epoch: 82 [40000/60000 (67%)]	Loss: 0.086399
Train Epoch: 82 [60000/60000 (100%)]	Loss: 0.088552

Average Training loss: 0.0004, Training Error Rate: 8.14% (4884/60000)


Average Test loss: 0.0001, Test Error Rate: 7.75% (775/10000)

Train Epoch: 83 [20000/60000 (33%)]	Loss: 0.071107
Train Epoch: 83 [40000/60000 (67%)]	Loss: 0.066464
Train Epoch: 83 [60000/60000 (100%)]	Loss: 0.055014

Average Training loss: 0.0004, Training Error Rate: 8.07% (4843/60000)


Average Test loss: 0.0001, Test Error Rate: 7.88% (788/10000)

Train Epoch: 84 [20000/60000 (33%)]	Loss: 0.076354
Train Epoch: 84 [40000/60000 (67%)]	Loss: 0.057598
Train Epoch: 84 [60000/60000 (100%)]	Loss: 0.069822

Average Training loss: 0.0004, Training Error Rate: 8.09% (4856/60000)


Average Test loss: 0.0001, Test Error Rate: 7.87% (787/10000)

Train Epoch: 85 [20000/60000 (33%)]	Loss: 0.063529
Train Epoch: 85 [40000/60000 (67%)]	Loss: 0.059459
Train Epoch: 85 [60000/60000 (100%)]	Loss: 0.082881

Average Training loss: 0.0004, Training Error Rate: 7.88% (4728/60000)


Average Test loss: 0.0001, Test Error Rate: 7.58% (758/10000)

Train Epoch: 86 [20000/60000 (33%)]	Loss: 0.079386
Train Epoch: 86 [40000/60000 (67%)]	Loss: 0.080701
Train Epoch: 86 [60000/60000 (100%)]	Loss: 0.061272

Average Training loss: 0.0004, Training Error Rate: 7.95% (4767/60000)


Average Test loss: 0.0001, Test Error Rate: 7.61% (761/10000)

Train Epoch: 87 [20000/60000 (33%)]	Loss: 0.071794
Train Epoch: 87 [40000/60000 (67%)]	Loss: 0.068492
Train Epoch: 87 [60000/60000 (100%)]	Loss: 0.086560

Average Training loss: 0.0004, Training Error Rate: 7.96% (4775/60000)


Average Test loss: 0.0001, Test Error Rate: 7.60% (760/10000)

Train Epoch: 88 [20000/60000 (33%)]	Loss: 0.081887
Train Epoch: 88 [40000/60000 (67%)]	Loss: 0.066232
Train Epoch: 88 [60000/60000 (100%)]	Loss: 0.066634

Average Training loss: 0.0004, Training Error Rate: 7.96% (4776/60000)


Average Test loss: 0.0001, Test Error Rate: 7.77% (777/10000)

Train Epoch: 89 [20000/60000 (33%)]	Loss: 0.062946
Train Epoch: 89 [40000/60000 (67%)]	Loss: 0.085558
Train Epoch: 89 [60000/60000 (100%)]	Loss: 0.051990

Average Training loss: 0.0004, Training Error Rate: 7.83% (4700/60000)


Average Test loss: 0.0001, Test Error Rate: 7.59% (759/10000)

Train Epoch: 90 [20000/60000 (33%)]	Loss: 0.067936
Train Epoch: 90 [40000/60000 (67%)]	Loss: 0.066784
Train Epoch: 90 [60000/60000 (100%)]	Loss: 0.069990

Average Training loss: 0.0003, Training Error Rate: 7.93% (4757/60000)


Average Test loss: 0.0001, Test Error Rate: 7.68% (768/10000)

Train Epoch: 91 [20000/60000 (33%)]	Loss: 0.055165
Train Epoch: 91 [40000/60000 (67%)]	Loss: 0.082922
Train Epoch: 91 [60000/60000 (100%)]	Loss: 0.068131

Average Training loss: 0.0003, Training Error Rate: 7.79% (4674/60000)


Average Test loss: 0.0001, Test Error Rate: 7.84% (784/10000)

Train Epoch: 92 [20000/60000 (33%)]	Loss: 0.062163
Train Epoch: 92 [40000/60000 (67%)]	Loss: 0.078052
Train Epoch: 92 [60000/60000 (100%)]	Loss: 0.060350

Average Training loss: 0.0003, Training Error Rate: 7.75% (4651/60000)


Average Test loss: 0.0001, Test Error Rate: 7.61% (761/10000)

Train Epoch: 93 [20000/60000 (33%)]	Loss: 0.075889
Train Epoch: 93 [40000/60000 (67%)]	Loss: 0.069859
Train Epoch: 93 [60000/60000 (100%)]	Loss: 0.064690

Average Training loss: 0.0003, Training Error Rate: 7.76% (4654/60000)


Average Test loss: 0.0001, Test Error Rate: 7.53% (753/10000)

Train Epoch: 94 [20000/60000 (33%)]	Loss: 0.075825
Train Epoch: 94 [40000/60000 (67%)]	Loss: 0.051638
Train Epoch: 94 [60000/60000 (100%)]	Loss: 0.074487

Average Training loss: 0.0003, Training Error Rate: 7.78% (4665/60000)


Average Test loss: 0.0001, Test Error Rate: 7.57% (757/10000)

Train Epoch: 95 [20000/60000 (33%)]	Loss: 0.064264
Train Epoch: 95 [40000/60000 (67%)]	Loss: 0.039518
Train Epoch: 95 [60000/60000 (100%)]	Loss: 0.066743

Average Training loss: 0.0003, Training Error Rate: 7.80% (4679/60000)


Average Test loss: 0.0001, Test Error Rate: 7.66% (766/10000)

Train Epoch: 96 [20000/60000 (33%)]	Loss: 0.096184
Train Epoch: 96 [40000/60000 (67%)]	Loss: 0.079394
Train Epoch: 96 [60000/60000 (100%)]	Loss: 0.077379

Average Training loss: 0.0003, Training Error Rate: 7.77% (4664/60000)


Average Test loss: 0.0001, Test Error Rate: 7.36% (736/10000)

Train Epoch: 97 [20000/60000 (33%)]	Loss: 0.078659
Train Epoch: 97 [40000/60000 (67%)]	Loss: 0.084220
Train Epoch: 97 [60000/60000 (100%)]	Loss: 0.066902

Average Training loss: 0.0003, Training Error Rate: 7.70% (4620/60000)


Average Test loss: 0.0001, Test Error Rate: 7.31% (731/10000)

Train Epoch: 98 [20000/60000 (33%)]	Loss: 0.055133
Train Epoch: 98 [40000/60000 (67%)]	Loss: 0.081130
Train Epoch: 98 [60000/60000 (100%)]	Loss: 0.076618

Average Training loss: 0.0003, Training Error Rate: 7.74% (4643/60000)


Average Test loss: 0.0001, Test Error Rate: 7.43% (743/10000)

Train Epoch: 99 [20000/60000 (33%)]	Loss: 0.073880
Train Epoch: 99 [40000/60000 (67%)]	Loss: 0.080606
Train Epoch: 99 [60000/60000 (100%)]	Loss: 0.062498

Average Training loss: 0.0003, Training Error Rate: 7.61% (4567/60000)


Average Test loss: 0.0001, Test Error Rate: 7.36% (736/10000)

Train Epoch: 100 [20000/60000 (33%)]	Loss: 0.078003
Train Epoch: 100 [40000/60000 (67%)]	Loss: 0.056821
Train Epoch: 100 [60000/60000 (100%)]	Loss: 0.052926

Average Training loss: 0.0003, Training Error Rate: 7.58% (4548/60000)


Average Test loss: 0.0001, Test Error Rate: 7.26% (726/10000)

Train Epoch: 101 [20000/60000 (33%)]	Loss: 0.057064
Train Epoch: 101 [40000/60000 (67%)]	Loss: 0.069670
Train Epoch: 101 [60000/60000 (100%)]	Loss: 0.060035

Average Training loss: 0.0003, Training Error Rate: 7.59% (4554/60000)


Average Test loss: 0.0001, Test Error Rate: 7.36% (736/10000)

Train Epoch: 102 [20000/60000 (33%)]	Loss: 0.076417
Train Epoch: 102 [40000/60000 (67%)]	Loss: 0.074236
Train Epoch: 102 [60000/60000 (100%)]	Loss: 0.060342

Average Training loss: 0.0003, Training Error Rate: 7.55% (4530/60000)


Average Test loss: 0.0001, Test Error Rate: 7.60% (760/10000)

Train Epoch: 103 [20000/60000 (33%)]	Loss: 0.078177
Train Epoch: 103 [40000/60000 (67%)]	Loss: 0.070737
Train Epoch: 103 [60000/60000 (100%)]	Loss: 0.062183

Average Training loss: 0.0003, Training Error Rate: 7.61% (4566/60000)


Average Test loss: 0.0001, Test Error Rate: 7.61% (761/10000)

Train Epoch: 104 [20000/60000 (33%)]	Loss: 0.075404
Train Epoch: 104 [40000/60000 (67%)]	Loss: 0.060585
Train Epoch: 104 [60000/60000 (100%)]	Loss: 0.065198

Average Training loss: 0.0003, Training Error Rate: 7.46% (4477/60000)


Average Test loss: 0.0001, Test Error Rate: 7.50% (750/10000)

Train Epoch: 105 [20000/60000 (33%)]	Loss: 0.083466
Train Epoch: 105 [40000/60000 (67%)]	Loss: 0.071029
Train Epoch: 105 [60000/60000 (100%)]	Loss: 0.076933

Average Training loss: 0.0003, Training Error Rate: 7.49% (4493/60000)


Average Test loss: 0.0001, Test Error Rate: 7.50% (750/10000)

Train Epoch: 106 [20000/60000 (33%)]	Loss: 0.079315
Train Epoch: 106 [40000/60000 (67%)]	Loss: 0.075064
Train Epoch: 106 [60000/60000 (100%)]	Loss: 0.055409

Average Training loss: 0.0003, Training Error Rate: 7.52% (4514/60000)


Average Test loss: 0.0001, Test Error Rate: 7.44% (744/10000)

Train Epoch: 107 [20000/60000 (33%)]	Loss: 0.081412
Train Epoch: 107 [40000/60000 (67%)]	Loss: 0.064178
Train Epoch: 107 [60000/60000 (100%)]	Loss: 0.038868

Average Training loss: 0.0003, Training Error Rate: 7.51% (4507/60000)


Average Test loss: 0.0001, Test Error Rate: 7.68% (768/10000)

Train Epoch: 108 [20000/60000 (33%)]	Loss: 0.048287
Train Epoch: 108 [40000/60000 (67%)]	Loss: 0.069889
Train Epoch: 108 [60000/60000 (100%)]	Loss: 0.059482

Average Training loss: 0.0003, Training Error Rate: 7.41% (4447/60000)


Average Test loss: 0.0001, Test Error Rate: 7.21% (721/10000)

Train Epoch: 109 [20000/60000 (33%)]	Loss: 0.058100
Train Epoch: 109 [40000/60000 (67%)]	Loss: 0.073144
Train Epoch: 109 [60000/60000 (100%)]	Loss: 0.073891

Average Training loss: 0.0003, Training Error Rate: 7.42% (4450/60000)


Average Test loss: 0.0001, Test Error Rate: 7.43% (743/10000)

Train Epoch: 110 [20000/60000 (33%)]	Loss: 0.072031
Train Epoch: 110 [40000/60000 (67%)]	Loss: 0.062235
Train Epoch: 110 [60000/60000 (100%)]	Loss: 0.062513

Average Training loss: 0.0003, Training Error Rate: 7.39% (4437/60000)


Average Test loss: 0.0001, Test Error Rate: 7.23% (723/10000)

Train Epoch: 111 [20000/60000 (33%)]	Loss: 0.069338
Train Epoch: 111 [40000/60000 (67%)]	Loss: 0.062426
Train Epoch: 111 [60000/60000 (100%)]	Loss: 0.051427

Average Training loss: 0.0003, Training Error Rate: 7.36% (4415/60000)


Average Test loss: 0.0001, Test Error Rate: 7.54% (754/10000)

Train Epoch: 112 [20000/60000 (33%)]	Loss: 0.075583
Train Epoch: 112 [40000/60000 (67%)]	Loss: 0.048195
Train Epoch: 112 [60000/60000 (100%)]	Loss: 0.067869

Average Training loss: 0.0003, Training Error Rate: 7.30% (4383/60000)


Average Test loss: 0.0001, Test Error Rate: 7.23% (723/10000)

Train Epoch: 113 [20000/60000 (33%)]	Loss: 0.060976
Train Epoch: 113 [40000/60000 (67%)]	Loss: 0.064343
Train Epoch: 113 [60000/60000 (100%)]	Loss: 0.078850

Average Training loss: 0.0003, Training Error Rate: 7.35% (4412/60000)


Average Test loss: 0.0001, Test Error Rate: 7.45% (745/10000)

Train Epoch: 114 [20000/60000 (33%)]	Loss: 0.064255
Train Epoch: 114 [40000/60000 (67%)]	Loss: 0.066627
Train Epoch: 114 [60000/60000 (100%)]	Loss: 0.065623

Average Training loss: 0.0003, Training Error Rate: 7.34% (4403/60000)


Average Test loss: 0.0001, Test Error Rate: 7.22% (722/10000)

Train Epoch: 115 [20000/60000 (33%)]	Loss: 0.076822
Train Epoch: 115 [40000/60000 (67%)]	Loss: 0.069139
Train Epoch: 115 [60000/60000 (100%)]	Loss: 0.060037

Average Training loss: 0.0003, Training Error Rate: 7.30% (4378/60000)


Average Test loss: 0.0001, Test Error Rate: 7.27% (727/10000)

Train Epoch: 116 [20000/60000 (33%)]	Loss: 0.060762
Train Epoch: 116 [40000/60000 (67%)]	Loss: 0.062802
Train Epoch: 116 [60000/60000 (100%)]	Loss: 0.055964

Average Training loss: 0.0003, Training Error Rate: 7.14% (4286/60000)


Average Test loss: 0.0001, Test Error Rate: 7.30% (730/10000)

Train Epoch: 117 [20000/60000 (33%)]	Loss: 0.084316
Train Epoch: 117 [40000/60000 (67%)]	Loss: 0.069172
Train Epoch: 117 [60000/60000 (100%)]	Loss: 0.088003

Average Training loss: 0.0003, Training Error Rate: 7.30% (4380/60000)


Average Test loss: 0.0001, Test Error Rate: 7.27% (727/10000)

Train Epoch: 118 [20000/60000 (33%)]	Loss: 0.076002
Train Epoch: 118 [40000/60000 (67%)]	Loss: 0.059224
Train Epoch: 118 [60000/60000 (100%)]	Loss: 0.065180

Average Training loss: 0.0003, Training Error Rate: 7.26% (4354/60000)


Average Test loss: 0.0001, Test Error Rate: 7.34% (734/10000)

Train Epoch: 119 [20000/60000 (33%)]	Loss: 0.050706
Train Epoch: 119 [40000/60000 (67%)]	Loss: 0.082224
Train Epoch: 119 [60000/60000 (100%)]	Loss: 0.061092

Average Training loss: 0.0003, Training Error Rate: 7.29% (4372/60000)


Average Test loss: 0.0001, Test Error Rate: 7.65% (765/10000)

Train Epoch: 120 [20000/60000 (33%)]	Loss: 0.070938
Train Epoch: 120 [40000/60000 (67%)]	Loss: 0.078901
Train Epoch: 120 [60000/60000 (100%)]	Loss: 0.043617

Average Training loss: 0.0003, Training Error Rate: 7.25% (4349/60000)


Average Test loss: 0.0001, Test Error Rate: 6.95% (695/10000)

Train Epoch: 121 [20000/60000 (33%)]	Loss: 0.049804
Train Epoch: 121 [40000/60000 (67%)]	Loss: 0.046016
Train Epoch: 121 [60000/60000 (100%)]	Loss: 0.050541

Average Training loss: 0.0003, Training Error Rate: 7.25% (4349/60000)


Average Test loss: 0.0001, Test Error Rate: 7.07% (707/10000)

Train Epoch: 122 [20000/60000 (33%)]	Loss: 0.056882
Train Epoch: 122 [40000/60000 (67%)]	Loss: 0.065014
Train Epoch: 122 [60000/60000 (100%)]	Loss: 0.053804

Average Training loss: 0.0003, Training Error Rate: 7.13% (4279/60000)


Average Test loss: 0.0001, Test Error Rate: 7.41% (741/10000)

Train Epoch: 123 [20000/60000 (33%)]	Loss: 0.040457
Train Epoch: 123 [40000/60000 (67%)]	Loss: 0.086744
Train Epoch: 123 [60000/60000 (100%)]	Loss: 0.076795

Average Training loss: 0.0003, Training Error Rate: 7.17% (4300/60000)


Average Test loss: 0.0001, Test Error Rate: 7.19% (719/10000)

Train Epoch: 124 [20000/60000 (33%)]	Loss: 0.075586
Train Epoch: 124 [40000/60000 (67%)]	Loss: 0.056037
Train Epoch: 124 [60000/60000 (100%)]	Loss: 0.054303

Average Training loss: 0.0003, Training Error Rate: 7.21% (4328/60000)


Average Test loss: 0.0001, Test Error Rate: 6.89% (689/10000)

Train Epoch: 125 [20000/60000 (33%)]	Loss: 0.068958
Train Epoch: 125 [40000/60000 (67%)]	Loss: 0.058179
Train Epoch: 125 [60000/60000 (100%)]	Loss: 0.047751

Average Training loss: 0.0003, Training Error Rate: 7.12% (4271/60000)


Average Test loss: 0.0001, Test Error Rate: 7.30% (730/10000)

Train Epoch: 126 [20000/60000 (33%)]	Loss: 0.048776
Train Epoch: 126 [40000/60000 (67%)]	Loss: 0.059275
Train Epoch: 126 [60000/60000 (100%)]	Loss: 0.055544

Average Training loss: 0.0003, Training Error Rate: 7.13% (4277/60000)


Average Test loss: 0.0001, Test Error Rate: 6.87% (687/10000)

Train Epoch: 127 [20000/60000 (33%)]	Loss: 0.052816
Train Epoch: 127 [40000/60000 (67%)]	Loss: 0.072282
Train Epoch: 127 [60000/60000 (100%)]	Loss: 0.055719

Average Training loss: 0.0003, Training Error Rate: 7.11% (4267/60000)


Average Test loss: 0.0001, Test Error Rate: 7.08% (708/10000)

Train Epoch: 128 [20000/60000 (33%)]	Loss: 0.063620
Train Epoch: 128 [40000/60000 (67%)]	Loss: 0.066692
Train Epoch: 128 [60000/60000 (100%)]	Loss: 0.062878

Average Training loss: 0.0003, Training Error Rate: 7.09% (4257/60000)


Average Test loss: 0.0001, Test Error Rate: 7.28% (728/10000)

Train Epoch: 129 [20000/60000 (33%)]	Loss: 0.057709
Train Epoch: 129 [40000/60000 (67%)]	Loss: 0.068999
Train Epoch: 129 [60000/60000 (100%)]	Loss: 0.052648

Average Training loss: 0.0003, Training Error Rate: 7.02% (4212/60000)


Average Test loss: 0.0001, Test Error Rate: 7.27% (727/10000)

Train Epoch: 130 [20000/60000 (33%)]	Loss: 0.063489
Train Epoch: 130 [40000/60000 (67%)]	Loss: 0.079430
Train Epoch: 130 [60000/60000 (100%)]	Loss: 0.063714

Average Training loss: 0.0003, Training Error Rate: 7.07% (4242/60000)


Average Test loss: 0.0001, Test Error Rate: 7.23% (723/10000)

Train Epoch: 131 [20000/60000 (33%)]	Loss: 0.102806
Train Epoch: 131 [40000/60000 (67%)]	Loss: 0.053456
Train Epoch: 131 [60000/60000 (100%)]	Loss: 0.061224

Average Training loss: 0.0003, Training Error Rate: 7.02% (4210/60000)


Average Test loss: 0.0001, Test Error Rate: 7.05% (705/10000)

Train Epoch: 132 [20000/60000 (33%)]	Loss: 0.063328
Train Epoch: 132 [40000/60000 (67%)]	Loss: 0.059675
Train Epoch: 132 [60000/60000 (100%)]	Loss: 0.066051

Average Training loss: 0.0003, Training Error Rate: 7.04% (4227/60000)


Average Test loss: 0.0001, Test Error Rate: 6.91% (691/10000)

