/vast/home/ajherman/miniconda3/envs/pytorch/lib/python3.11/site-packages/torchvision/io/image.py:13: UserWarning: Failed to load image Python extension: '/vast/home/ajherman/miniconda3/envs/pytorch/lib/python3.11/site-packages/torchvision/image.so: undefined symbol: _ZN5torch3jit17parseSchemaOrNameERKNSt7__cxx1112basic_stringIcSt11char_traitsIcESaIcEEE'If you don't plan on using image functionality from `torchvision.io`, you can ignore this warning. Otherwise, there might be something wrong with your environment. Did you have `libjpeg` or `libpng` installed before building `torchvision` from source?
  warn(
Train Epoch: 1 [2000/60000 (3%)]	Loss: 0.429067
Train Epoch: 1 [4000/60000 (7%)]	Loss: 0.423254
Train Epoch: 1 [6000/60000 (10%)]	Loss: 0.396111
Train Epoch: 1 [8000/60000 (13%)]	Loss: 0.355328
Train Epoch: 1 [10000/60000 (17%)]	Loss: 0.355666
Train Epoch: 1 [12000/60000 (20%)]	Loss: 0.316225
Train Epoch: 1 [14000/60000 (23%)]	Loss: 0.309271
Train Epoch: 1 [16000/60000 (27%)]	Loss: 0.288918
Train Epoch: 1 [18000/60000 (30%)]	Loss: 0.264636
Train Epoch: 1 [20000/60000 (33%)]	Loss: 0.242086
Train Epoch: 1 [22000/60000 (37%)]	Loss: 0.264340
Train Epoch: 1 [24000/60000 (40%)]	Loss: 0.332555
Train Epoch: 1 [26000/60000 (43%)]	Loss: 0.234415
Train Epoch: 1 [28000/60000 (47%)]	Loss: 0.185149
Train Epoch: 1 [30000/60000 (50%)]	Loss: 0.245998
Train Epoch: 1 [32000/60000 (53%)]	Loss: 0.254155
Train Epoch: 1 [34000/60000 (57%)]	Loss: 0.189340
Train Epoch: 1 [36000/60000 (60%)]	Loss: 0.202695
Train Epoch: 1 [38000/60000 (63%)]	Loss: 0.203135
Train Epoch: 1 [40000/60000 (67%)]	Loss: 0.244508
Train Epoch: 1 [42000/60000 (70%)]	Loss: 0.213345
Train Epoch: 1 [44000/60000 (73%)]	Loss: 0.212116
Train Epoch: 1 [46000/60000 (77%)]	Loss: 0.225131
Train Epoch: 1 [48000/60000 (80%)]	Loss: 0.227723
Train Epoch: 1 [50000/60000 (83%)]	Loss: 0.202835
Train Epoch: 1 [52000/60000 (87%)]	Loss: 0.202944
Train Epoch: 1 [54000/60000 (90%)]	Loss: 0.333199
Train Epoch: 1 [56000/60000 (93%)]	Loss: 0.237763
Train Epoch: 1 [58000/60000 (97%)]	Loss: 0.234748
Train Epoch: 1 [60000/60000 (100%)]	Loss: 0.238913

Average Training loss: 0.0137, Training Error Rate: 25.75% (15450/60000)


Average Test loss: 0.2220, Test Error Rate: 13.77% (1377/10000)

Train Epoch: 2 [2000/60000 (3%)]	Loss: 0.256789
Train Epoch: 2 [4000/60000 (7%)]	Loss: 0.317621
Train Epoch: 2 [6000/60000 (10%)]	Loss: 0.174587
Train Epoch: 2 [8000/60000 (13%)]	Loss: 0.186493
Train Epoch: 2 [10000/60000 (17%)]	Loss: 0.213238
Train Epoch: 2 [12000/60000 (20%)]	Loss: 0.213293
Train Epoch: 2 [14000/60000 (23%)]	Loss: 0.222827
Train Epoch: 2 [16000/60000 (27%)]	Loss: 0.245046
Train Epoch: 2 [18000/60000 (30%)]	Loss: 0.199659
Train Epoch: 2 [20000/60000 (33%)]	Loss: 0.203946
Train Epoch: 2 [22000/60000 (37%)]	Loss: 0.150023
Train Epoch: 2 [24000/60000 (40%)]	Loss: 0.198874
Train Epoch: 2 [26000/60000 (43%)]	Loss: 0.179900
Train Epoch: 2 [28000/60000 (47%)]	Loss: 0.174927
Train Epoch: 2 [30000/60000 (50%)]	Loss: 0.241677
Train Epoch: 2 [32000/60000 (53%)]	Loss: 0.267055
Train Epoch: 2 [34000/60000 (57%)]	Loss: 0.237489
Train Epoch: 2 [36000/60000 (60%)]	Loss: 0.230937
Train Epoch: 2 [38000/60000 (63%)]	Loss: 0.167402
Train Epoch: 2 [40000/60000 (67%)]	Loss: 0.230373
Train Epoch: 2 [42000/60000 (70%)]	Loss: 0.194973
Train Epoch: 2 [44000/60000 (73%)]	Loss: 0.223272
Train Epoch: 2 [46000/60000 (77%)]	Loss: 0.215207
Train Epoch: 2 [48000/60000 (80%)]	Loss: 0.253444
Train Epoch: 2 [50000/60000 (83%)]	Loss: 0.162166
Train Epoch: 2 [52000/60000 (87%)]	Loss: 0.173662
Train Epoch: 2 [54000/60000 (90%)]	Loss: 0.199461
Train Epoch: 2 [56000/60000 (93%)]	Loss: 0.166929
Train Epoch: 2 [58000/60000 (97%)]	Loss: 0.230413
Train Epoch: 2 [60000/60000 (100%)]	Loss: 0.249450

Average Training loss: 0.0109, Training Error Rate: 13.99% (8395/60000)


Average Test loss: 0.2112, Test Error Rate: 12.72% (1272/10000)

Train Epoch: 3 [2000/60000 (3%)]	Loss: 0.165455
Train Epoch: 3 [4000/60000 (7%)]	Loss: 0.183128
Train Epoch: 3 [6000/60000 (10%)]	Loss: 0.232750
Train Epoch: 3 [8000/60000 (13%)]	Loss: 0.192967
Train Epoch: 3 [10000/60000 (17%)]	Loss: 0.200227
Train Epoch: 3 [12000/60000 (20%)]	Loss: 0.202266
Train Epoch: 3 [14000/60000 (23%)]	Loss: 0.214545
Train Epoch: 3 [16000/60000 (27%)]	Loss: 0.146997
Train Epoch: 3 [18000/60000 (30%)]	Loss: 0.228325
Train Epoch: 3 [20000/60000 (33%)]	Loss: 0.225292
Train Epoch: 3 [22000/60000 (37%)]	Loss: 0.175279
Train Epoch: 3 [24000/60000 (40%)]	Loss: 0.164455
Train Epoch: 3 [26000/60000 (43%)]	Loss: 0.183267
Train Epoch: 3 [28000/60000 (47%)]	Loss: 0.191394
Train Epoch: 3 [30000/60000 (50%)]	Loss: 0.233503
Train Epoch: 3 [32000/60000 (53%)]	Loss: 0.143576
Train Epoch: 3 [34000/60000 (57%)]	Loss: 0.252299
Train Epoch: 3 [36000/60000 (60%)]	Loss: 0.256194
Train Epoch: 3 [38000/60000 (63%)]	Loss: 0.147286
Train Epoch: 3 [40000/60000 (67%)]	Loss: 0.150724
Train Epoch: 3 [42000/60000 (70%)]	Loss: 0.167940
Train Epoch: 3 [44000/60000 (73%)]	Loss: 0.254224
Train Epoch: 3 [46000/60000 (77%)]	Loss: 0.165068
Train Epoch: 3 [48000/60000 (80%)]	Loss: 0.174803
Train Epoch: 3 [50000/60000 (83%)]	Loss: 0.220753
Train Epoch: 3 [52000/60000 (87%)]	Loss: 0.171790
Train Epoch: 3 [54000/60000 (90%)]	Loss: 0.134125
Train Epoch: 3 [56000/60000 (93%)]	Loss: 0.222508
Train Epoch: 3 [58000/60000 (97%)]	Loss: 0.182807
Train Epoch: 3 [60000/60000 (100%)]	Loss: 0.171498

Average Training loss: 0.0099, Training Error Rate: 12.33% (7400/60000)


Average Test loss: 0.1888, Test Error Rate: 11.50% (1150/10000)

Train Epoch: 4 [2000/60000 (3%)]	Loss: 0.173027
Train Epoch: 4 [4000/60000 (7%)]	Loss: 0.251940
Train Epoch: 4 [6000/60000 (10%)]	Loss: 0.140098
Train Epoch: 4 [8000/60000 (13%)]	Loss: 0.135988
Train Epoch: 4 [10000/60000 (17%)]	Loss: 0.226471
Train Epoch: 4 [12000/60000 (20%)]	Loss: 0.140578
Train Epoch: 4 [14000/60000 (23%)]	Loss: 0.165297
Train Epoch: 4 [16000/60000 (27%)]	Loss: 0.182943
Train Epoch: 4 [18000/60000 (30%)]	Loss: 0.188537
Train Epoch: 4 [20000/60000 (33%)]	Loss: 0.167114
Train Epoch: 4 [22000/60000 (37%)]	Loss: 0.151871
Train Epoch: 4 [24000/60000 (40%)]	Loss: 0.234302
Train Epoch: 4 [26000/60000 (43%)]	Loss: 0.303685
Train Epoch: 4 [28000/60000 (47%)]	Loss: 0.180024
Train Epoch: 4 [30000/60000 (50%)]	Loss: 0.223884
Train Epoch: 4 [32000/60000 (53%)]	Loss: 0.211821
Train Epoch: 4 [34000/60000 (57%)]	Loss: 0.168999
Train Epoch: 4 [36000/60000 (60%)]	Loss: 0.213104
Train Epoch: 4 [38000/60000 (63%)]	Loss: 0.168816
Train Epoch: 4 [40000/60000 (67%)]	Loss: 0.114776
Train Epoch: 4 [42000/60000 (70%)]	Loss: 0.164687
Train Epoch: 4 [44000/60000 (73%)]	Loss: 0.124185
Train Epoch: 4 [46000/60000 (77%)]	Loss: 0.150761
Train Epoch: 4 [48000/60000 (80%)]	Loss: 0.200363
Train Epoch: 4 [50000/60000 (83%)]	Loss: 0.167782
Train Epoch: 4 [52000/60000 (87%)]	Loss: 0.152049
Train Epoch: 4 [54000/60000 (90%)]	Loss: 0.161315
Train Epoch: 4 [56000/60000 (93%)]	Loss: 0.194832
Train Epoch: 4 [58000/60000 (97%)]	Loss: 0.157537
Train Epoch: 4 [60000/60000 (100%)]	Loss: 0.215333

Average Training loss: 0.0091, Training Error Rate: 11.40% (6838/60000)


Average Test loss: 0.1674, Test Error Rate: 10.40% (1040/10000)

Train Epoch: 5 [2000/60000 (3%)]	Loss: 0.174255
Train Epoch: 5 [4000/60000 (7%)]	Loss: 0.137914
Train Epoch: 5 [6000/60000 (10%)]	Loss: 0.153071
Train Epoch: 5 [8000/60000 (13%)]	Loss: 0.225044
Train Epoch: 5 [10000/60000 (17%)]	Loss: 0.189922
Train Epoch: 5 [12000/60000 (20%)]	Loss: 0.178822
Train Epoch: 5 [14000/60000 (23%)]	Loss: 0.168529
Train Epoch: 5 [16000/60000 (27%)]	Loss: 0.114130
Train Epoch: 5 [18000/60000 (30%)]	Loss: 0.120338
Train Epoch: 5 [20000/60000 (33%)]	Loss: 0.177268
Train Epoch: 5 [22000/60000 (37%)]	Loss: 0.245597
Train Epoch: 5 [24000/60000 (40%)]	Loss: 0.141253
Train Epoch: 5 [26000/60000 (43%)]	Loss: 0.175774
Train Epoch: 5 [28000/60000 (47%)]	Loss: 0.101252
Train Epoch: 5 [30000/60000 (50%)]	Loss: 0.173429
Train Epoch: 5 [32000/60000 (53%)]	Loss: 0.180588
Train Epoch: 5 [34000/60000 (57%)]	Loss: 0.203404
Train Epoch: 5 [36000/60000 (60%)]	Loss: 0.175459
Train Epoch: 5 [38000/60000 (63%)]	Loss: 0.134163
Train Epoch: 5 [40000/60000 (67%)]	Loss: 0.129532
Train Epoch: 5 [42000/60000 (70%)]	Loss: 0.187320
Train Epoch: 5 [44000/60000 (73%)]	Loss: 0.198306
Train Epoch: 5 [46000/60000 (77%)]	Loss: 0.137563
Train Epoch: 5 [48000/60000 (80%)]	Loss: 0.127312
Train Epoch: 5 [50000/60000 (83%)]	Loss: 0.140711
Train Epoch: 5 [52000/60000 (87%)]	Loss: 0.126942
Train Epoch: 5 [54000/60000 (90%)]	Loss: 0.155506
Train Epoch: 5 [56000/60000 (93%)]	Loss: 0.197620
Train Epoch: 5 [58000/60000 (97%)]	Loss: 0.124255
Train Epoch: 5 [60000/60000 (100%)]	Loss: 0.114694

Average Training loss: 0.0083, Training Error Rate: 10.58% (6346/60000)


Average Test loss: 0.1572, Test Error Rate: 9.53% (953/10000)

Train Epoch: 6 [2000/60000 (3%)]	Loss: 0.154304
Train Epoch: 6 [4000/60000 (7%)]	Loss: 0.152720
Train Epoch: 6 [6000/60000 (10%)]	Loss: 0.128456
Train Epoch: 6 [8000/60000 (13%)]	Loss: 0.136119
Train Epoch: 6 [10000/60000 (17%)]	Loss: 0.158881
Train Epoch: 6 [12000/60000 (20%)]	Loss: 0.153286
Train Epoch: 6 [14000/60000 (23%)]	Loss: 0.201425
Train Epoch: 6 [16000/60000 (27%)]	Loss: 0.144899
Train Epoch: 6 [18000/60000 (30%)]	Loss: 0.178622
Train Epoch: 6 [20000/60000 (33%)]	Loss: 0.191582
Train Epoch: 6 [22000/60000 (37%)]	Loss: 0.215633
Train Epoch: 6 [24000/60000 (40%)]	Loss: 0.093513
Train Epoch: 6 [26000/60000 (43%)]	Loss: 0.107061
Train Epoch: 6 [28000/60000 (47%)]	Loss: 0.151450
Train Epoch: 6 [30000/60000 (50%)]	Loss: 0.123904
Train Epoch: 6 [32000/60000 (53%)]	Loss: 0.168783
Train Epoch: 6 [34000/60000 (57%)]	Loss: 0.154006
Train Epoch: 6 [36000/60000 (60%)]	Loss: 0.142055
Train Epoch: 6 [38000/60000 (63%)]	Loss: 0.140319
Train Epoch: 6 [40000/60000 (67%)]	Loss: 0.128768
Train Epoch: 6 [42000/60000 (70%)]	Loss: 0.183076
Train Epoch: 6 [44000/60000 (73%)]	Loss: 0.153589
Train Epoch: 6 [46000/60000 (77%)]	Loss: 0.181921
Train Epoch: 6 [48000/60000 (80%)]	Loss: 0.147375
Train Epoch: 6 [50000/60000 (83%)]	Loss: 0.115259
Train Epoch: 6 [52000/60000 (87%)]	Loss: 0.145277
Train Epoch: 6 [54000/60000 (90%)]	Loss: 0.131531
Train Epoch: 6 [56000/60000 (93%)]	Loss: 0.183248
Train Epoch: 6 [58000/60000 (97%)]	Loss: 0.164071
Train Epoch: 6 [60000/60000 (100%)]	Loss: 0.179335

Average Training loss: 0.0078, Training Error Rate: 9.83% (5897/60000)


Average Test loss: 0.1531, Test Error Rate: 9.11% (911/10000)

Train Epoch: 7 [2000/60000 (3%)]	Loss: 0.114554
Train Epoch: 7 [4000/60000 (7%)]	Loss: 0.110918
Train Epoch: 7 [6000/60000 (10%)]	Loss: 0.113889
Train Epoch: 7 [8000/60000 (13%)]	Loss: 0.187376
Train Epoch: 7 [10000/60000 (17%)]	Loss: 0.178293
Train Epoch: 7 [12000/60000 (20%)]	Loss: 0.112725
Train Epoch: 7 [14000/60000 (23%)]	Loss: 0.106399
Train Epoch: 7 [16000/60000 (27%)]	Loss: 0.093941
Train Epoch: 7 [18000/60000 (30%)]	Loss: 0.100938
Train Epoch: 7 [20000/60000 (33%)]	Loss: 0.146444
Train Epoch: 7 [22000/60000 (37%)]	Loss: 0.128907
Train Epoch: 7 [24000/60000 (40%)]	Loss: 0.172534
Train Epoch: 7 [26000/60000 (43%)]	Loss: 0.126702
Train Epoch: 7 [28000/60000 (47%)]	Loss: 0.175308
Train Epoch: 7 [30000/60000 (50%)]	Loss: 0.113992
Train Epoch: 7 [32000/60000 (53%)]	Loss: 0.109866
Train Epoch: 7 [34000/60000 (57%)]	Loss: 0.139421
Train Epoch: 7 [36000/60000 (60%)]	Loss: 0.118380
Train Epoch: 7 [38000/60000 (63%)]	Loss: 0.192287
Train Epoch: 7 [40000/60000 (67%)]	Loss: 0.242286
Train Epoch: 7 [42000/60000 (70%)]	Loss: 0.148615
Train Epoch: 7 [44000/60000 (73%)]	Loss: 0.098188
Train Epoch: 7 [46000/60000 (77%)]	Loss: 0.098185
Train Epoch: 7 [48000/60000 (80%)]	Loss: 0.225350
Train Epoch: 7 [50000/60000 (83%)]	Loss: 0.119453
Train Epoch: 7 [52000/60000 (87%)]	Loss: 0.110749
Train Epoch: 7 [54000/60000 (90%)]	Loss: 0.219944
Train Epoch: 7 [56000/60000 (93%)]	Loss: 0.185960
Train Epoch: 7 [58000/60000 (97%)]	Loss: 0.155537
Train Epoch: 7 [60000/60000 (100%)]	Loss: 0.140257

Average Training loss: 0.0074, Training Error Rate: 9.34% (5605/60000)


Average Test loss: 0.1398, Test Error Rate: 8.75% (875/10000)

Train Epoch: 8 [2000/60000 (3%)]	Loss: 0.137495
Train Epoch: 8 [4000/60000 (7%)]	Loss: 0.135294
Train Epoch: 8 [6000/60000 (10%)]	Loss: 0.117069
Train Epoch: 8 [8000/60000 (13%)]	Loss: 0.085787
Train Epoch: 8 [10000/60000 (17%)]	Loss: 0.172203
Train Epoch: 8 [12000/60000 (20%)]	Loss: 0.127987
Train Epoch: 8 [14000/60000 (23%)]	Loss: 0.182357
Train Epoch: 8 [16000/60000 (27%)]	Loss: 0.132313
Train Epoch: 8 [18000/60000 (30%)]	Loss: 0.242113
Train Epoch: 8 [20000/60000 (33%)]	Loss: 0.136104
Train Epoch: 8 [22000/60000 (37%)]	Loss: 0.089343
Train Epoch: 8 [24000/60000 (40%)]	Loss: 0.110509
Train Epoch: 8 [26000/60000 (43%)]	Loss: 0.106867
Train Epoch: 8 [28000/60000 (47%)]	Loss: 0.173785
Train Epoch: 8 [30000/60000 (50%)]	Loss: 0.132246
Train Epoch: 8 [32000/60000 (53%)]	Loss: 0.149847
Train Epoch: 8 [34000/60000 (57%)]	Loss: 0.158716
Train Epoch: 8 [36000/60000 (60%)]	Loss: 0.126339
Train Epoch: 8 [38000/60000 (63%)]	Loss: 0.109914
Train Epoch: 8 [40000/60000 (67%)]	Loss: 0.186705
Train Epoch: 8 [42000/60000 (70%)]	Loss: 0.133298
Train Epoch: 8 [44000/60000 (73%)]	Loss: 0.146670
Train Epoch: 8 [46000/60000 (77%)]	Loss: 0.105257
Train Epoch: 8 [48000/60000 (80%)]	Loss: 0.124383
Train Epoch: 8 [50000/60000 (83%)]	Loss: 0.166294
Train Epoch: 8 [52000/60000 (87%)]	Loss: 0.155995
Train Epoch: 8 [54000/60000 (90%)]	Loss: 0.094047
Train Epoch: 8 [56000/60000 (93%)]	Loss: 0.122529
Train Epoch: 8 [58000/60000 (97%)]	Loss: 0.088773
Train Epoch: 8 [60000/60000 (100%)]	Loss: 0.140843

Average Training loss: 0.0070, Training Error Rate: 8.82% (5290/60000)


Average Test loss: 0.1373, Test Error Rate: 8.73% (873/10000)

Train Epoch: 9 [2000/60000 (3%)]	Loss: 0.150509
Train Epoch: 9 [4000/60000 (7%)]	Loss: 0.135688
Train Epoch: 9 [6000/60000 (10%)]	Loss: 0.099569
Train Epoch: 9 [8000/60000 (13%)]	Loss: 0.137405
Train Epoch: 9 [10000/60000 (17%)]	Loss: 0.097556
Train Epoch: 9 [12000/60000 (20%)]	Loss: 0.167641
Train Epoch: 9 [14000/60000 (23%)]	Loss: 0.089843
Train Epoch: 9 [16000/60000 (27%)]	Loss: 0.149306
Train Epoch: 9 [18000/60000 (30%)]	Loss: 0.123330
Train Epoch: 9 [20000/60000 (33%)]	Loss: 0.142767
Train Epoch: 9 [22000/60000 (37%)]	Loss: 0.127025
Train Epoch: 9 [24000/60000 (40%)]	Loss: 0.128706
Train Epoch: 9 [26000/60000 (43%)]	Loss: 0.120302
Train Epoch: 9 [28000/60000 (47%)]	Loss: 0.186043
Train Epoch: 9 [30000/60000 (50%)]	Loss: 0.125440
Train Epoch: 9 [32000/60000 (53%)]	Loss: 0.161388
Train Epoch: 9 [34000/60000 (57%)]	Loss: 0.121696
Train Epoch: 9 [36000/60000 (60%)]	Loss: 0.140674
Train Epoch: 9 [38000/60000 (63%)]	Loss: 0.142371
Train Epoch: 9 [40000/60000 (67%)]	Loss: 0.127071
Train Epoch: 9 [42000/60000 (70%)]	Loss: 0.159996
Train Epoch: 9 [44000/60000 (73%)]	Loss: 0.105329
Train Epoch: 9 [46000/60000 (77%)]	Loss: 0.168973
Train Epoch: 9 [48000/60000 (80%)]	Loss: 0.160612
Train Epoch: 9 [50000/60000 (83%)]	Loss: 0.105463
