/vast/home/ajherman/miniconda3/envs/pytorch/lib/python3.11/site-packages/torchvision/io/image.py:13: UserWarning: Failed to load image Python extension: '/vast/home/ajherman/miniconda3/envs/pytorch/lib/python3.11/site-packages/torchvision/image.so: undefined symbol: _ZN5torch3jit17parseSchemaOrNameERKNSt7__cxx1112basic_stringIcSt11char_traitsIcESaIcEEE'If you don't plan on using image functionality from `torchvision.io`, you can ignore this warning. Otherwise, there might be something wrong with your environment. Did you have `libjpeg` or `libpng` installed before building `torchvision` from source?
  warn(
Random seed set as 42
dt =  0.2340716616353513
trace decay =  0.6703200460356392
Random seed set as 42
Random seed set as 42
dt =  0.2340716616353513
trace decay =  0.6703200460356392
Random seed set as 42
Train Epoch: 0 [5000/60000 (8%)]	Loss: 0.264981
Train Epoch: 0 [10000/60000 (17%)]	Loss: 0.219604
Train Epoch: 0 [15000/60000 (25%)]	Loss: 0.144410
Train Epoch: 0 [20000/60000 (33%)]	Loss: 0.154947
Train Epoch: 0 [25000/60000 (42%)]	Loss: 0.129244
Train Epoch: 0 [30000/60000 (50%)]	Loss: 0.140826
Train Epoch: 0 [35000/60000 (58%)]	Loss: 0.081717
Train Epoch: 0 [40000/60000 (67%)]	Loss: 0.082186
Train Epoch: 0 [45000/60000 (75%)]	Loss: 0.100550
Train Epoch: 0 [50000/60000 (83%)]	Loss: 0.113640
Train Epoch: 0 [55000/60000 (92%)]	Loss: 0.150492
Train Epoch: 0 [60000/60000 (100%)]	Loss: 0.076724

Average Training loss: 0.0030, Training Error Rate: 15.29% (9174/60000)


Average Test loss: 0.0001, Test Error Rate: 9.48% (948/10000)

Train Epoch: 1 [5000/60000 (8%)]	Loss: 0.101172
Train Epoch: 1 [10000/60000 (17%)]	Loss: 0.085791
Train Epoch: 1 [15000/60000 (25%)]	Loss: 0.074938
Train Epoch: 1 [20000/60000 (33%)]	Loss: 0.072985
Train Epoch: 1 [25000/60000 (42%)]	Loss: 0.073934
Train Epoch: 1 [30000/60000 (50%)]	Loss: 0.075053
Train Epoch: 1 [35000/60000 (58%)]	Loss: 0.075176
Train Epoch: 1 [40000/60000 (67%)]	Loss: 0.092509
Train Epoch: 1 [45000/60000 (75%)]	Loss: 0.078311
Train Epoch: 1 [50000/60000 (83%)]	Loss: 0.105457
Train Epoch: 1 [55000/60000 (92%)]	Loss: 0.081365
Train Epoch: 1 [60000/60000 (100%)]	Loss: 0.054681

Average Training loss: 0.0018, Training Error Rate: 9.45% (5669/60000)


Average Test loss: 0.0001, Test Error Rate: 7.95% (795/10000)

Train Epoch: 2 [5000/60000 (8%)]	Loss: 0.093927
Train Epoch: 2 [10000/60000 (17%)]	Loss: 0.089196
Train Epoch: 2 [15000/60000 (25%)]	Loss: 0.125821
Train Epoch: 2 [20000/60000 (33%)]	Loss: 0.059342
Train Epoch: 2 [25000/60000 (42%)]	Loss: 0.094386
Train Epoch: 2 [30000/60000 (50%)]	Loss: 0.059747
Train Epoch: 2 [35000/60000 (58%)]	Loss: 0.089670
Train Epoch: 2 [40000/60000 (67%)]	Loss: 0.076567
Train Epoch: 2 [45000/60000 (75%)]	Loss: 0.092004
Train Epoch: 2 [50000/60000 (83%)]	Loss: 0.114530
Train Epoch: 2 [55000/60000 (92%)]	Loss: 0.141082
Train Epoch: 2 [60000/60000 (100%)]	Loss: 0.090348

Average Training loss: 0.0016, Training Error Rate: 8.34% (5006/60000)


Average Test loss: 0.0001, Test Error Rate: 7.36% (736/10000)

Train Epoch: 3 [5000/60000 (8%)]	Loss: 0.099040
Train Epoch: 3 [10000/60000 (17%)]	Loss: 0.115817
Train Epoch: 3 [15000/60000 (25%)]	Loss: 0.054844
Train Epoch: 3 [20000/60000 (33%)]	Loss: 0.064205
Train Epoch: 3 [25000/60000 (42%)]	Loss: 0.073888
Train Epoch: 3 [30000/60000 (50%)]	Loss: 0.069114
Train Epoch: 3 [35000/60000 (58%)]	Loss: 0.052224
Train Epoch: 3 [40000/60000 (67%)]	Loss: 0.064931
Train Epoch: 3 [45000/60000 (75%)]	Loss: 0.076068
Train Epoch: 3 [50000/60000 (83%)]	Loss: 0.078330
Train Epoch: 3 [55000/60000 (92%)]	Loss: 0.110487
Train Epoch: 3 [60000/60000 (100%)]	Loss: 0.072549

Average Training loss: 0.0014, Training Error Rate: 7.51% (4508/60000)


Average Test loss: 0.0001, Test Error Rate: 6.71% (671/10000)

Train Epoch: 4 [5000/60000 (8%)]	Loss: 0.071122
Train Epoch: 4 [10000/60000 (17%)]	Loss: 0.073654
Train Epoch: 4 [15000/60000 (25%)]	Loss: 0.039458
Train Epoch: 4 [20000/60000 (33%)]	Loss: 0.057320
Train Epoch: 4 [25000/60000 (42%)]	Loss: 0.060423
Train Epoch: 4 [30000/60000 (50%)]	Loss: 0.025916
Train Epoch: 4 [35000/60000 (58%)]	Loss: 0.058678
Train Epoch: 4 [40000/60000 (67%)]	Loss: 0.066938
Train Epoch: 4 [45000/60000 (75%)]	Loss: 0.071234
Train Epoch: 4 [50000/60000 (83%)]	Loss: 0.061591
Train Epoch: 4 [55000/60000 (92%)]	Loss: 0.048670
Train Epoch: 4 [60000/60000 (100%)]	Loss: 0.027559

Average Training loss: 0.0013, Training Error Rate: 6.92% (4154/60000)


Average Test loss: 0.0001, Test Error Rate: 6.37% (637/10000)

Train Epoch: 5 [5000/60000 (8%)]	Loss: 0.083041
Train Epoch: 5 [10000/60000 (17%)]	Loss: 0.037175
Train Epoch: 5 [15000/60000 (25%)]	Loss: 0.065247
Train Epoch: 5 [20000/60000 (33%)]	Loss: 0.078788
Train Epoch: 5 [25000/60000 (42%)]	Loss: 0.062166
Train Epoch: 5 [30000/60000 (50%)]	Loss: 0.050728
Train Epoch: 5 [35000/60000 (58%)]	Loss: 0.080516
Train Epoch: 5 [40000/60000 (67%)]	Loss: 0.072602
Train Epoch: 5 [45000/60000 (75%)]	Loss: 0.064466
Train Epoch: 5 [50000/60000 (83%)]	Loss: 0.057335
Train Epoch: 5 [55000/60000 (92%)]	Loss: 0.038924
Train Epoch: 5 [60000/60000 (100%)]	Loss: 0.076777

Average Training loss: 0.0012, Training Error Rate: 6.43% (3859/60000)


Average Test loss: 0.0001, Test Error Rate: 5.98% (598/10000)

Train Epoch: 6 [5000/60000 (8%)]	Loss: 0.094476
Train Epoch: 6 [10000/60000 (17%)]	Loss: 0.070088
Train Epoch: 6 [15000/60000 (25%)]	Loss: 0.021352
Train Epoch: 6 [20000/60000 (33%)]	Loss: 0.062127
Train Epoch: 6 [25000/60000 (42%)]	Loss: 0.069326
Train Epoch: 6 [30000/60000 (50%)]	Loss: 0.029068
Train Epoch: 6 [35000/60000 (58%)]	Loss: 0.048483
Train Epoch: 6 [40000/60000 (67%)]	Loss: 0.034667
Train Epoch: 6 [45000/60000 (75%)]	Loss: 0.065373
Train Epoch: 6 [50000/60000 (83%)]	Loss: 0.067147
Train Epoch: 6 [55000/60000 (92%)]	Loss: 0.064995
Train Epoch: 6 [60000/60000 (100%)]	Loss: 0.048579

Average Training loss: 0.0011, Training Error Rate: 6.12% (3671/60000)


Average Test loss: 0.0001, Test Error Rate: 5.89% (589/10000)

Train Epoch: 7 [5000/60000 (8%)]	Loss: 0.046704
Train Epoch: 7 [10000/60000 (17%)]	Loss: 0.039064
Train Epoch: 7 [15000/60000 (25%)]	Loss: 0.051701
Train Epoch: 7 [20000/60000 (33%)]	Loss: 0.065101
Train Epoch: 7 [25000/60000 (42%)]	Loss: 0.054872
Train Epoch: 7 [30000/60000 (50%)]	Loss: 0.038413
Train Epoch: 7 [35000/60000 (58%)]	Loss: 0.015535
Train Epoch: 7 [40000/60000 (67%)]	Loss: 0.055794
Train Epoch: 7 [45000/60000 (75%)]	Loss: 0.036132
Train Epoch: 7 [50000/60000 (83%)]	Loss: 0.088892
Train Epoch: 7 [55000/60000 (92%)]	Loss: 0.045184
Train Epoch: 7 [60000/60000 (100%)]	Loss: 0.070291

Average Training loss: 0.0011, Training Error Rate: 5.84% (3503/60000)


Average Test loss: 0.0001, Test Error Rate: 5.59% (559/10000)

Train Epoch: 8 [5000/60000 (8%)]	Loss: 0.045020
Train Epoch: 8 [10000/60000 (17%)]	Loss: 0.055995
Train Epoch: 8 [15000/60000 (25%)]	Loss: 0.068080
Train Epoch: 8 [20000/60000 (33%)]	Loss: 0.061510
Train Epoch: 8 [25000/60000 (42%)]	Loss: 0.046868
Train Epoch: 8 [30000/60000 (50%)]	Loss: 0.038424
Train Epoch: 8 [35000/60000 (58%)]	Loss: 0.013950
Train Epoch: 8 [40000/60000 (67%)]	Loss: 0.054034
Train Epoch: 8 [45000/60000 (75%)]	Loss: 0.045380
Train Epoch: 8 [50000/60000 (83%)]	Loss: 0.046988
Train Epoch: 8 [55000/60000 (92%)]	Loss: 0.053819
Train Epoch: 8 [60000/60000 (100%)]	Loss: 0.029293

Average Training loss: 0.0010, Training Error Rate: 5.51% (3307/60000)


Average Test loss: 0.0000, Test Error Rate: 5.34% (534/10000)

Train Epoch: 9 [5000/60000 (8%)]	Loss: 0.067767
Train Epoch: 9 [10000/60000 (17%)]	Loss: 0.054317
Train Epoch: 9 [15000/60000 (25%)]	Loss: 0.046658
Train Epoch: 9 [20000/60000 (33%)]	Loss: 0.050040
Train Epoch: 9 [25000/60000 (42%)]	Loss: 0.047958
Train Epoch: 9 [30000/60000 (50%)]	Loss: 0.058339
Train Epoch: 9 [35000/60000 (58%)]	Loss: 0.054354
Train Epoch: 9 [40000/60000 (67%)]	Loss: 0.048092
Train Epoch: 9 [45000/60000 (75%)]	Loss: 0.048528
Train Epoch: 9 [50000/60000 (83%)]	Loss: 0.043120
Train Epoch: 9 [55000/60000 (92%)]	Loss: 0.052442
Train Epoch: 9 [60000/60000 (100%)]	Loss: 0.030544

Average Training loss: 0.0010, Training Error Rate: 5.28% (3168/60000)


Average Test loss: 0.0000, Test Error Rate: 5.04% (504/10000)

Train Epoch: 10 [5000/60000 (8%)]	Loss: 0.039523
Train Epoch: 10 [10000/60000 (17%)]	Loss: 0.029859
Train Epoch: 10 [15000/60000 (25%)]	Loss: 0.024164
Train Epoch: 10 [20000/60000 (33%)]	Loss: 0.038814
Train Epoch: 10 [25000/60000 (42%)]	Loss: 0.027413
Train Epoch: 10 [30000/60000 (50%)]	Loss: 0.038947
Train Epoch: 10 [35000/60000 (58%)]	Loss: 0.047564
Train Epoch: 10 [40000/60000 (67%)]	Loss: 0.066042
Train Epoch: 10 [45000/60000 (75%)]	Loss: 0.036595
Train Epoch: 10 [50000/60000 (83%)]	Loss: 0.055106
Train Epoch: 10 [55000/60000 (92%)]	Loss: 0.039822
Train Epoch: 10 [60000/60000 (100%)]	Loss: 0.021824

Average Training loss: 0.0009, Training Error Rate: 5.03% (3018/60000)


Average Test loss: 0.0000, Test Error Rate: 4.91% (491/10000)

Train Epoch: 11 [5000/60000 (8%)]	Loss: 0.046779
Train Epoch: 11 [10000/60000 (17%)]	Loss: 0.032798
Train Epoch: 11 [15000/60000 (25%)]	Loss: 0.050501
Train Epoch: 11 [20000/60000 (33%)]	Loss: 0.060131
Train Epoch: 11 [25000/60000 (42%)]	Loss: 0.049057
Train Epoch: 11 [30000/60000 (50%)]	Loss: 0.037645
Train Epoch: 11 [35000/60000 (58%)]	Loss: 0.088004
Train Epoch: 11 [40000/60000 (67%)]	Loss: 0.067154
Train Epoch: 11 [45000/60000 (75%)]	Loss: 0.044228
Train Epoch: 11 [50000/60000 (83%)]	Loss: 0.024624
Train Epoch: 11 [55000/60000 (92%)]	Loss: 0.055570
Train Epoch: 11 [60000/60000 (100%)]	Loss: 0.045023

Average Training loss: 0.0009, Training Error Rate: 4.89% (2932/60000)


Average Test loss: 0.0000, Test Error Rate: 4.88% (488/10000)

Train Epoch: 12 [5000/60000 (8%)]	Loss: 0.049920
Train Epoch: 12 [10000/60000 (17%)]	Loss: 0.050901
Train Epoch: 12 [15000/60000 (25%)]	Loss: 0.046444
Train Epoch: 12 [20000/60000 (33%)]	Loss: 0.060116
Train Epoch: 12 [25000/60000 (42%)]	Loss: 0.036553
Train Epoch: 12 [30000/60000 (50%)]	Loss: 0.088631
Train Epoch: 12 [35000/60000 (58%)]	Loss: 0.067828
Train Epoch: 12 [40000/60000 (67%)]	Loss: 0.052949
Train Epoch: 12 [45000/60000 (75%)]	Loss: 0.040147
Train Epoch: 12 [50000/60000 (83%)]	Loss: 0.033746
Train Epoch: 12 [55000/60000 (92%)]	Loss: 0.061197
Train Epoch: 12 [60000/60000 (100%)]	Loss: 0.051741

Average Training loss: 0.0009, Training Error Rate: 4.65% (2790/60000)


Average Test loss: 0.0000, Test Error Rate: 4.68% (468/10000)

Train Epoch: 13 [5000/60000 (8%)]	Loss: 0.041265
Train Epoch: 13 [10000/60000 (17%)]	Loss: 0.038464
Train Epoch: 13 [15000/60000 (25%)]	Loss: 0.020916
Train Epoch: 13 [20000/60000 (33%)]	Loss: 0.024477
Train Epoch: 13 [25000/60000 (42%)]	Loss: 0.045392
Train Epoch: 13 [30000/60000 (50%)]	Loss: 0.020202
Train Epoch: 13 [35000/60000 (58%)]	Loss: 0.043274
Train Epoch: 13 [40000/60000 (67%)]	Loss: 0.031085
Train Epoch: 13 [45000/60000 (75%)]	Loss: 0.038307
Train Epoch: 13 [50000/60000 (83%)]	Loss: 0.031217
Train Epoch: 13 [55000/60000 (92%)]	Loss: 0.065332
Train Epoch: 13 [60000/60000 (100%)]	Loss: 0.034858

Average Training loss: 0.0008, Training Error Rate: 4.56% (2734/60000)


Average Test loss: 0.0000, Test Error Rate: 4.52% (452/10000)

Train Epoch: 14 [5000/60000 (8%)]	Loss: 0.042506
Train Epoch: 14 [10000/60000 (17%)]	Loss: 0.014399
Train Epoch: 14 [15000/60000 (25%)]	Loss: 0.041518
Train Epoch: 14 [20000/60000 (33%)]	Loss: 0.055986
Train Epoch: 14 [25000/60000 (42%)]	Loss: 0.047876
Train Epoch: 14 [30000/60000 (50%)]	Loss: 0.042011
Train Epoch: 14 [35000/60000 (58%)]	Loss: 0.053972
Train Epoch: 14 [40000/60000 (67%)]	Loss: 0.055008
Train Epoch: 14 [45000/60000 (75%)]	Loss: 0.027509
Train Epoch: 14 [50000/60000 (83%)]	Loss: 0.019789
Train Epoch: 14 [55000/60000 (92%)]	Loss: 0.057075
Train Epoch: 14 [60000/60000 (100%)]	Loss: 0.049922

Average Training loss: 0.0008, Training Error Rate: 4.29% (2576/60000)


Average Test loss: 0.0000, Test Error Rate: 4.37% (437/10000)

Train Epoch: 15 [5000/60000 (8%)]	Loss: 0.021199
Train Epoch: 15 [10000/60000 (17%)]	Loss: 0.026521
Train Epoch: 15 [15000/60000 (25%)]	Loss: 0.051382
Train Epoch: 15 [20000/60000 (33%)]	Loss: 0.059537
Train Epoch: 15 [25000/60000 (42%)]	Loss: 0.062843
Train Epoch: 15 [30000/60000 (50%)]	Loss: 0.017531
Train Epoch: 15 [35000/60000 (58%)]	Loss: 0.053450
Train Epoch: 15 [40000/60000 (67%)]	Loss: 0.056061
Train Epoch: 15 [45000/60000 (75%)]	Loss: 0.013260
Train Epoch: 15 [50000/60000 (83%)]	Loss: 0.024733
Train Epoch: 15 [55000/60000 (92%)]	Loss: 0.040883
Train Epoch: 15 [60000/60000 (100%)]	Loss: 0.025252

Average Training loss: 0.0008, Training Error Rate: 4.21% (2527/60000)


Average Test loss: 0.0000, Test Error Rate: 4.28% (428/10000)

Train Epoch: 16 [5000/60000 (8%)]	Loss: 0.030647
Train Epoch: 16 [10000/60000 (17%)]	Loss: 0.042812
Train Epoch: 16 [15000/60000 (25%)]	Loss: 0.046943
Train Epoch: 16 [20000/60000 (33%)]	Loss: 0.035186
Train Epoch: 16 [25000/60000 (42%)]	Loss: 0.018041
Train Epoch: 16 [30000/60000 (50%)]	Loss: 0.030426
Train Epoch: 16 [35000/60000 (58%)]	Loss: 0.065490
Train Epoch: 16 [40000/60000 (67%)]	Loss: 0.053627
Train Epoch: 16 [45000/60000 (75%)]	Loss: 0.028567
Train Epoch: 16 [50000/60000 (83%)]	Loss: 0.041534
Train Epoch: 16 [55000/60000 (92%)]	Loss: 0.042367
Train Epoch: 16 [60000/60000 (100%)]	Loss: 0.067084

Average Training loss: 0.0008, Training Error Rate: 4.11% (2468/60000)


Average Test loss: 0.0000, Test Error Rate: 4.43% (443/10000)

Train Epoch: 17 [5000/60000 (8%)]	Loss: 0.048274
Train Epoch: 17 [10000/60000 (17%)]	Loss: 0.045246
Train Epoch: 17 [15000/60000 (25%)]	Loss: 0.041289
Train Epoch: 17 [20000/60000 (33%)]	Loss: 0.044974
Train Epoch: 17 [25000/60000 (42%)]	Loss: 0.012344
Train Epoch: 17 [30000/60000 (50%)]	Loss: 0.026576
Train Epoch: 17 [35000/60000 (58%)]	Loss: 0.042508
Train Epoch: 17 [40000/60000 (67%)]	Loss: 0.038594
Train Epoch: 17 [45000/60000 (75%)]	Loss: 0.034388
Train Epoch: 17 [50000/60000 (83%)]	Loss: 0.032853
Train Epoch: 17 [55000/60000 (92%)]	Loss: 0.006767
Train Epoch: 17 [60000/60000 (100%)]	Loss: 0.031806

Average Training loss: 0.0008, Training Error Rate: 3.97% (2380/60000)


Average Test loss: 0.0000, Test Error Rate: 4.18% (418/10000)

Train Epoch: 18 [5000/60000 (8%)]	Loss: 0.036070
Train Epoch: 18 [10000/60000 (17%)]	Loss: 0.023924
Train Epoch: 18 [15000/60000 (25%)]	Loss: 0.054195
Train Epoch: 18 [20000/60000 (33%)]	Loss: 0.018568
Train Epoch: 18 [25000/60000 (42%)]	Loss: 0.032798
Train Epoch: 18 [30000/60000 (50%)]	Loss: 0.065291
Train Epoch: 18 [35000/60000 (58%)]	Loss: 0.016392
Train Epoch: 18 [40000/60000 (67%)]	Loss: 0.034847
Train Epoch: 18 [45000/60000 (75%)]	Loss: 0.041092
Train Epoch: 18 [50000/60000 (83%)]	Loss: 0.037718
Train Epoch: 18 [55000/60000 (92%)]	Loss: 0.038304
Train Epoch: 18 [60000/60000 (100%)]	Loss: 0.037371

Average Training loss: 0.0007, Training Error Rate: 3.86% (2316/60000)


Average Test loss: 0.0000, Test Error Rate: 4.12% (412/10000)

Train Epoch: 19 [5000/60000 (8%)]	Loss: 0.050900
Train Epoch: 19 [10000/60000 (17%)]	Loss: 0.057535
Train Epoch: 19 [15000/60000 (25%)]	Loss: 0.018182
Train Epoch: 19 [20000/60000 (33%)]	Loss: 0.058732
Train Epoch: 19 [25000/60000 (42%)]	Loss: 0.035815
Train Epoch: 19 [30000/60000 (50%)]	Loss: 0.022555
Train Epoch: 19 [35000/60000 (58%)]	Loss: 0.067516
Train Epoch: 19 [40000/60000 (67%)]	Loss: 0.033574
Train Epoch: 19 [45000/60000 (75%)]	Loss: 0.053106
Train Epoch: 19 [50000/60000 (83%)]	Loss: 0.017162
Train Epoch: 19 [55000/60000 (92%)]	Loss: 0.044263
Train Epoch: 19 [60000/60000 (100%)]	Loss: 0.013445

Average Training loss: 0.0007, Training Error Rate: 3.72% (2233/60000)


Average Test loss: 0.0000, Test Error Rate: 4.03% (403/10000)

Train Epoch: 20 [5000/60000 (8%)]	Loss: 0.035707
Train Epoch: 20 [10000/60000 (17%)]	Loss: 0.045537
Train Epoch: 20 [15000/60000 (25%)]	Loss: 0.029874
Train Epoch: 20 [20000/60000 (33%)]	Loss: 0.055558
Train Epoch: 20 [25000/60000 (42%)]	Loss: 0.037604
Train Epoch: 20 [30000/60000 (50%)]	Loss: 0.035292
Train Epoch: 20 [35000/60000 (58%)]	Loss: 0.017325
Train Epoch: 20 [40000/60000 (67%)]	Loss: 0.044103
Train Epoch: 20 [45000/60000 (75%)]	Loss: 0.034099
Train Epoch: 20 [50000/60000 (83%)]	Loss: 0.025979
Train Epoch: 20 [55000/60000 (92%)]	Loss: 0.041729
Train Epoch: 20 [60000/60000 (100%)]	Loss: 0.027987

Average Training loss: 0.0007, Training Error Rate: 3.62% (2175/60000)


Average Test loss: 0.0000, Test Error Rate: 3.89% (389/10000)

Train Epoch: 21 [5000/60000 (8%)]	Loss: 0.025713
Train Epoch: 21 [10000/60000 (17%)]	Loss: 0.042188
Train Epoch: 21 [15000/60000 (25%)]	Loss: 0.065385
Train Epoch: 21 [20000/60000 (33%)]	Loss: 0.023932
Train Epoch: 21 [25000/60000 (42%)]	Loss: 0.017434
Train Epoch: 21 [30000/60000 (50%)]	Loss: 0.018005
Train Epoch: 21 [35000/60000 (58%)]	Loss: 0.037680
Train Epoch: 21 [40000/60000 (67%)]	Loss: 0.046956
Train Epoch: 21 [45000/60000 (75%)]	Loss: 0.063891
Train Epoch: 21 [50000/60000 (83%)]	Loss: 0.029323
Train Epoch: 21 [55000/60000 (92%)]	Loss: 0.028092
Train Epoch: 21 [60000/60000 (100%)]	Loss: 0.016684

Average Training loss: 0.0007, Training Error Rate: 3.53% (2116/60000)


Average Test loss: 0.0000, Test Error Rate: 3.69% (369/10000)

Train Epoch: 22 [5000/60000 (8%)]	Loss: 0.037077
Train Epoch: 22 [10000/60000 (17%)]	Loss: 0.024079
Train Epoch: 22 [15000/60000 (25%)]	Loss: 0.043012
Train Epoch: 22 [20000/60000 (33%)]	Loss: 0.032769
Train Epoch: 22 [25000/60000 (42%)]	Loss: 0.026615
Train Epoch: 22 [30000/60000 (50%)]	Loss: 0.025866
Train Epoch: 22 [35000/60000 (58%)]	Loss: 0.058508
Train Epoch: 22 [40000/60000 (67%)]	Loss: 0.041741
Train Epoch: 22 [45000/60000 (75%)]	Loss: 0.042605
Train Epoch: 22 [50000/60000 (83%)]	Loss: 0.039311
Train Epoch: 22 [55000/60000 (92%)]	Loss: 0.020520
Train Epoch: 22 [60000/60000 (100%)]	Loss: 0.033406

Average Training loss: 0.0007, Training Error Rate: 3.43% (2060/60000)


Average Test loss: 0.0000, Test Error Rate: 3.70% (370/10000)

Train Epoch: 23 [5000/60000 (8%)]	Loss: 0.023863
Train Epoch: 23 [10000/60000 (17%)]	Loss: 0.066294
Train Epoch: 23 [15000/60000 (25%)]	Loss: 0.038016
Train Epoch: 23 [20000/60000 (33%)]	Loss: 0.049617
Train Epoch: 23 [25000/60000 (42%)]	Loss: 0.021889
Train Epoch: 23 [30000/60000 (50%)]	Loss: 0.015802
Train Epoch: 23 [35000/60000 (58%)]	Loss: 0.070329
Train Epoch: 23 [40000/60000 (67%)]	Loss: 0.052160
Train Epoch: 23 [45000/60000 (75%)]	Loss: 0.045160
Train Epoch: 23 [50000/60000 (83%)]	Loss: 0.031698
Train Epoch: 23 [55000/60000 (92%)]	Loss: 0.029864
Train Epoch: 23 [60000/60000 (100%)]	Loss: 0.036083

Average Training loss: 0.0007, Training Error Rate: 3.37% (2024/60000)


Average Test loss: 0.0000, Test Error Rate: 3.71% (371/10000)

Train Epoch: 24 [5000/60000 (8%)]	Loss: 0.019004
Train Epoch: 24 [10000/60000 (17%)]	Loss: 0.037495
Train Epoch: 24 [15000/60000 (25%)]	Loss: 0.030605
Train Epoch: 24 [20000/60000 (33%)]	Loss: 0.017478
Train Epoch: 24 [25000/60000 (42%)]	Loss: 0.074128
Train Epoch: 24 [30000/60000 (50%)]	Loss: 0.046241
Train Epoch: 24 [35000/60000 (58%)]	Loss: 0.034523
Train Epoch: 24 [40000/60000 (67%)]	Loss: 0.030501
Train Epoch: 24 [45000/60000 (75%)]	Loss: 0.030361
Train Epoch: 24 [50000/60000 (83%)]	Loss: 0.033466
Train Epoch: 24 [55000/60000 (92%)]	Loss: 0.034043
Train Epoch: 24 [60000/60000 (100%)]	Loss: 0.042569

Average Training loss: 0.0006, Training Error Rate: 3.31% (1988/60000)


Average Test loss: 0.0000, Test Error Rate: 3.57% (357/10000)

Train Epoch: 25 [5000/60000 (8%)]	Loss: 0.029338
Train Epoch: 25 [10000/60000 (17%)]	Loss: 0.041643
Train Epoch: 25 [15000/60000 (25%)]	Loss: 0.003753
Train Epoch: 25 [20000/60000 (33%)]	Loss: 0.015904
Train Epoch: 25 [25000/60000 (42%)]	Loss: 0.059160
Train Epoch: 25 [30000/60000 (50%)]	Loss: 0.020279
Train Epoch: 25 [35000/60000 (58%)]	Loss: 0.020198
Train Epoch: 25 [40000/60000 (67%)]	Loss: 0.017848
Train Epoch: 25 [45000/60000 (75%)]	Loss: 0.009606
Train Epoch: 25 [50000/60000 (83%)]	Loss: 0.011863
Train Epoch: 25 [55000/60000 (92%)]	Loss: 0.031261
Train Epoch: 25 [60000/60000 (100%)]	Loss: 0.028433

Average Training loss: 0.0006, Training Error Rate: 3.18% (1910/60000)


Average Test loss: 0.0000, Test Error Rate: 3.50% (350/10000)

Train Epoch: 26 [5000/60000 (8%)]	Loss: 0.020144
Train Epoch: 26 [10000/60000 (17%)]	Loss: 0.045536
Train Epoch: 26 [15000/60000 (25%)]	Loss: 0.011513
Train Epoch: 26 [20000/60000 (33%)]	Loss: 0.034752
Train Epoch: 26 [25000/60000 (42%)]	Loss: 0.013616
Train Epoch: 26 [30000/60000 (50%)]	Loss: 0.032537
Train Epoch: 26 [35000/60000 (58%)]	Loss: 0.062344
Train Epoch: 26 [40000/60000 (67%)]	Loss: 0.029338
Train Epoch: 26 [45000/60000 (75%)]	Loss: 0.042687
Train Epoch: 26 [50000/60000 (83%)]	Loss: 0.055939
Train Epoch: 26 [55000/60000 (92%)]	Loss: 0.015285
Train Epoch: 26 [60000/60000 (100%)]	Loss: 0.038586

Average Training loss: 0.0006, Training Error Rate: 3.15% (1889/60000)


Average Test loss: 0.0000, Test Error Rate: 3.51% (351/10000)

Train Epoch: 27 [5000/60000 (8%)]	Loss: 0.023210
Train Epoch: 27 [10000/60000 (17%)]	Loss: 0.066532
Train Epoch: 27 [15000/60000 (25%)]	Loss: 0.025192
Train Epoch: 27 [20000/60000 (33%)]	Loss: 0.008558
Train Epoch: 27 [25000/60000 (42%)]	Loss: 0.018375
Train Epoch: 27 [30000/60000 (50%)]	Loss: 0.032366
Train Epoch: 27 [35000/60000 (58%)]	Loss: 0.046171
Train Epoch: 27 [40000/60000 (67%)]	Loss: 0.028366
Train Epoch: 27 [45000/60000 (75%)]	Loss: 0.027309
Train Epoch: 27 [50000/60000 (83%)]	Loss: 0.026457
Train Epoch: 27 [55000/60000 (92%)]	Loss: 0.025730
Train Epoch: 27 [60000/60000 (100%)]	Loss: 0.029633

Average Training loss: 0.0006, Training Error Rate: 3.10% (1860/60000)


Average Test loss: 0.0000, Test Error Rate: 3.45% (345/10000)

Train Epoch: 28 [5000/60000 (8%)]	Loss: 0.024240
Train Epoch: 28 [10000/60000 (17%)]	Loss: 0.058468
Train Epoch: 28 [15000/60000 (25%)]	Loss: 0.045785
Train Epoch: 28 [20000/60000 (33%)]	Loss: 0.009532
Train Epoch: 28 [25000/60000 (42%)]	Loss: 0.036031
Train Epoch: 28 [30000/60000 (50%)]	Loss: 0.025855
Train Epoch: 28 [35000/60000 (58%)]	Loss: 0.043139
Train Epoch: 28 [40000/60000 (67%)]	Loss: 0.054209
Train Epoch: 28 [45000/60000 (75%)]	Loss: 0.018453
Train Epoch: 28 [50000/60000 (83%)]	Loss: 0.017173
Train Epoch: 28 [55000/60000 (92%)]	Loss: 0.045834
Train Epoch: 28 [60000/60000 (100%)]	Loss: 0.039654

Average Training loss: 0.0006, Training Error Rate: 3.01% (1804/60000)


Average Test loss: 0.0000, Test Error Rate: 3.45% (345/10000)

Train Epoch: 29 [5000/60000 (8%)]	Loss: 0.026183
Train Epoch: 29 [10000/60000 (17%)]	Loss: 0.029496
Train Epoch: 29 [15000/60000 (25%)]	Loss: 0.027348
Train Epoch: 29 [20000/60000 (33%)]	Loss: 0.009075
Train Epoch: 29 [25000/60000 (42%)]	Loss: 0.007679
Train Epoch: 29 [30000/60000 (50%)]	Loss: 0.021202
Train Epoch: 29 [35000/60000 (58%)]	Loss: 0.046499
Train Epoch: 29 [40000/60000 (67%)]	Loss: 0.052522
Train Epoch: 29 [45000/60000 (75%)]	Loss: 0.043816
Train Epoch: 29 [50000/60000 (83%)]	Loss: 0.039963
Train Epoch: 29 [55000/60000 (92%)]	Loss: 0.050568
Train Epoch: 29 [60000/60000 (100%)]	Loss: 0.044678

Average Training loss: 0.0006, Training Error Rate: 2.95% (1769/60000)


Average Test loss: 0.0000, Test Error Rate: 3.35% (335/10000)

Train Epoch: 30 [5000/60000 (8%)]	Loss: 0.019917
Train Epoch: 30 [10000/60000 (17%)]	Loss: 0.046002
Train Epoch: 30 [15000/60000 (25%)]	Loss: 0.023165
Train Epoch: 30 [20000/60000 (33%)]	Loss: 0.031067
Train Epoch: 30 [25000/60000 (42%)]	Loss: 0.040283
Train Epoch: 30 [30000/60000 (50%)]	Loss: 0.016942
Train Epoch: 30 [35000/60000 (58%)]	Loss: 0.016454
Train Epoch: 30 [40000/60000 (67%)]	Loss: 0.071537
Train Epoch: 30 [45000/60000 (75%)]	Loss: 0.051362
Train Epoch: 30 [50000/60000 (83%)]	Loss: 0.053716
Train Epoch: 30 [55000/60000 (92%)]	Loss: 0.017050
Train Epoch: 30 [60000/60000 (100%)]	Loss: 0.037264

Average Training loss: 0.0006, Training Error Rate: 2.87% (1719/60000)


Average Test loss: 0.0000, Test Error Rate: 3.34% (334/10000)

Train Epoch: 31 [5000/60000 (8%)]	Loss: 0.060239
Train Epoch: 31 [10000/60000 (17%)]	Loss: 0.033000
Train Epoch: 31 [15000/60000 (25%)]	Loss: 0.051509
Train Epoch: 31 [20000/60000 (33%)]	Loss: 0.031366
Train Epoch: 31 [25000/60000 (42%)]	Loss: 0.011800
Train Epoch: 31 [30000/60000 (50%)]	Loss: 0.019446
Train Epoch: 31 [35000/60000 (58%)]	Loss: 0.046317
Train Epoch: 31 [40000/60000 (67%)]	Loss: 0.019633
Train Epoch: 31 [45000/60000 (75%)]	Loss: 0.036938
Train Epoch: 31 [50000/60000 (83%)]	Loss: 0.035772
Train Epoch: 31 [55000/60000 (92%)]	Loss: 0.008338
Train Epoch: 31 [60000/60000 (100%)]	Loss: 0.010834

Average Training loss: 0.0006, Training Error Rate: 2.85% (1713/60000)


Average Test loss: 0.0000, Test Error Rate: 3.26% (326/10000)

Train Epoch: 32 [5000/60000 (8%)]	Loss: 0.026574
Train Epoch: 32 [10000/60000 (17%)]	Loss: 0.012238
Train Epoch: 32 [15000/60000 (25%)]	Loss: 0.017183
Train Epoch: 32 [20000/60000 (33%)]	Loss: 0.018131
Train Epoch: 32 [25000/60000 (42%)]	Loss: 0.068609
Train Epoch: 32 [30000/60000 (50%)]	Loss: 0.017767
Train Epoch: 32 [35000/60000 (58%)]	Loss: 0.008837
Train Epoch: 32 [40000/60000 (67%)]	Loss: 0.064542
Train Epoch: 32 [45000/60000 (75%)]	Loss: 0.029030
Train Epoch: 32 [50000/60000 (83%)]	Loss: 0.016035
Train Epoch: 32 [55000/60000 (92%)]	Loss: 0.035130
Train Epoch: 32 [60000/60000 (100%)]	Loss: 0.021304

Average Training loss: 0.0006, Training Error Rate: 2.79% (1672/60000)


Average Test loss: 0.0000, Test Error Rate: 3.34% (334/10000)

Train Epoch: 33 [5000/60000 (8%)]	Loss: 0.016188
Train Epoch: 33 [10000/60000 (17%)]	Loss: 0.013282
Train Epoch: 33 [15000/60000 (25%)]	Loss: 0.039704
Train Epoch: 33 [20000/60000 (33%)]	Loss: 0.037326
Train Epoch: 33 [25000/60000 (42%)]	Loss: 0.040261
Train Epoch: 33 [30000/60000 (50%)]	Loss: 0.027799
Train Epoch: 33 [35000/60000 (58%)]	Loss: 0.013761
Train Epoch: 33 [40000/60000 (67%)]	Loss: 0.016239
Train Epoch: 33 [45000/60000 (75%)]	Loss: 0.026376
Train Epoch: 33 [50000/60000 (83%)]	Loss: 0.012000
Train Epoch: 33 [55000/60000 (92%)]	Loss: 0.016262
Train Epoch: 33 [60000/60000 (100%)]	Loss: 0.020655

Average Training loss: 0.0005, Training Error Rate: 2.72% (1633/60000)


Average Test loss: 0.0000, Test Error Rate: 3.12% (312/10000)

Train Epoch: 34 [5000/60000 (8%)]	Loss: 0.021058
Train Epoch: 34 [10000/60000 (17%)]	Loss: 0.011267
Train Epoch: 34 [15000/60000 (25%)]	Loss: 0.008865
Train Epoch: 34 [20000/60000 (33%)]	Loss: 0.014991
Train Epoch: 34 [25000/60000 (42%)]	Loss: 0.017461
Train Epoch: 34 [30000/60000 (50%)]	Loss: 0.041431
Train Epoch: 34 [35000/60000 (58%)]	Loss: 0.024164
Train Epoch: 34 [40000/60000 (67%)]	Loss: 0.017133
Train Epoch: 34 [45000/60000 (75%)]	Loss: 0.018750
Train Epoch: 34 [50000/60000 (83%)]	Loss: 0.029743
Train Epoch: 34 [55000/60000 (92%)]	Loss: 0.018719
Train Epoch: 34 [60000/60000 (100%)]	Loss: 0.010922

Average Training loss: 0.0005, Training Error Rate: 2.64% (1583/60000)


Average Test loss: 0.0000, Test Error Rate: 3.18% (318/10000)

Train Epoch: 35 [5000/60000 (8%)]	Loss: 0.010590
Train Epoch: 35 [10000/60000 (17%)]	Loss: 0.029525
Train Epoch: 35 [15000/60000 (25%)]	Loss: 0.049231
Train Epoch: 35 [20000/60000 (33%)]	Loss: 0.009730
Train Epoch: 35 [25000/60000 (42%)]	Loss: 0.029030
Train Epoch: 35 [30000/60000 (50%)]	Loss: 0.015365
Train Epoch: 35 [35000/60000 (58%)]	Loss: 0.037518
Train Epoch: 35 [40000/60000 (67%)]	Loss: 0.017802
Train Epoch: 35 [45000/60000 (75%)]	Loss: 0.009106
Train Epoch: 35 [50000/60000 (83%)]	Loss: 0.018249
Train Epoch: 35 [55000/60000 (92%)]	Loss: 0.029154
Train Epoch: 35 [60000/60000 (100%)]	Loss: 0.017331

Average Training loss: 0.0005, Training Error Rate: 2.60% (1563/60000)


Average Test loss: 0.0000, Test Error Rate: 3.09% (309/10000)

Train Epoch: 36 [5000/60000 (8%)]	Loss: 0.018264
Train Epoch: 36 [10000/60000 (17%)]	Loss: 0.045671
Train Epoch: 36 [15000/60000 (25%)]	Loss: 0.032380
Train Epoch: 36 [20000/60000 (33%)]	Loss: 0.006270
Train Epoch: 36 [25000/60000 (42%)]	Loss: 0.017650
Train Epoch: 36 [30000/60000 (50%)]	Loss: 0.019165
Train Epoch: 36 [35000/60000 (58%)]	Loss: 0.037520
Train Epoch: 36 [40000/60000 (67%)]	Loss: 0.018036
Train Epoch: 36 [45000/60000 (75%)]	Loss: 0.043656
Train Epoch: 36 [50000/60000 (83%)]	Loss: 0.026726
Train Epoch: 36 [55000/60000 (92%)]	Loss: 0.012084
Train Epoch: 36 [60000/60000 (100%)]	Loss: 0.012409

Average Training loss: 0.0005, Training Error Rate: 2.54% (1527/60000)


Average Test loss: 0.0000, Test Error Rate: 3.08% (308/10000)

Train Epoch: 37 [5000/60000 (8%)]	Loss: 0.023934
Train Epoch: 37 [10000/60000 (17%)]	Loss: 0.009477
Train Epoch: 37 [15000/60000 (25%)]	Loss: 0.041083
Train Epoch: 37 [20000/60000 (33%)]	Loss: 0.064567
Train Epoch: 37 [25000/60000 (42%)]	Loss: 0.020823
Train Epoch: 37 [30000/60000 (50%)]	Loss: 0.049192
Train Epoch: 37 [35000/60000 (58%)]	Loss: 0.033568
Train Epoch: 37 [40000/60000 (67%)]	Loss: 0.030664
Train Epoch: 37 [45000/60000 (75%)]	Loss: 0.011613
Train Epoch: 37 [50000/60000 (83%)]	Loss: 0.034919
Train Epoch: 37 [55000/60000 (92%)]	Loss: 0.009465
Train Epoch: 37 [60000/60000 (100%)]	Loss: 0.027404

Average Training loss: 0.0005, Training Error Rate: 2.52% (1511/60000)


Average Test loss: 0.0000, Test Error Rate: 3.03% (303/10000)

Train Epoch: 38 [5000/60000 (8%)]	Loss: 0.013239
Train Epoch: 38 [10000/60000 (17%)]	Loss: 0.006023
Train Epoch: 38 [15000/60000 (25%)]	Loss: 0.017097
Train Epoch: 38 [20000/60000 (33%)]	Loss: 0.038861
Train Epoch: 38 [25000/60000 (42%)]	Loss: 0.032823
Train Epoch: 38 [30000/60000 (50%)]	Loss: 0.058055
Train Epoch: 38 [35000/60000 (58%)]	Loss: 0.016902
Train Epoch: 38 [40000/60000 (67%)]	Loss: 0.016930
Train Epoch: 38 [45000/60000 (75%)]	Loss: 0.033761
Train Epoch: 38 [50000/60000 (83%)]	Loss: 0.032078
Train Epoch: 38 [55000/60000 (92%)]	Loss: 0.026185
Train Epoch: 38 [60000/60000 (100%)]	Loss: 0.017546

Average Training loss: 0.0005, Training Error Rate: 2.46% (1476/60000)


Average Test loss: 0.0000, Test Error Rate: 2.97% (297/10000)

Train Epoch: 39 [5000/60000 (8%)]	Loss: 0.022225
Train Epoch: 39 [10000/60000 (17%)]	Loss: 0.020480
Train Epoch: 39 [15000/60000 (25%)]	Loss: 0.027595
Train Epoch: 39 [20000/60000 (33%)]	Loss: 0.044933
Train Epoch: 39 [25000/60000 (42%)]	Loss: 0.022455
Train Epoch: 39 [30000/60000 (50%)]	Loss: 0.016506
Train Epoch: 39 [35000/60000 (58%)]	Loss: 0.028025
Train Epoch: 39 [40000/60000 (67%)]	Loss: 0.028131
Train Epoch: 39 [45000/60000 (75%)]	Loss: 0.025035
Train Epoch: 39 [50000/60000 (83%)]	Loss: 0.029207
Train Epoch: 39 [55000/60000 (92%)]	Loss: 0.035580
Train Epoch: 39 [60000/60000 (100%)]	Loss: 0.058023

Average Training loss: 0.0005, Training Error Rate: 2.43% (1456/60000)


Average Test loss: 0.0000, Test Error Rate: 2.96% (296/10000)

Train Epoch: 40 [5000/60000 (8%)]	Loss: 0.027723
Train Epoch: 40 [10000/60000 (17%)]	Loss: 0.005074
Train Epoch: 40 [15000/60000 (25%)]	Loss: 0.027576
Train Epoch: 40 [20000/60000 (33%)]	Loss: 0.024544
Train Epoch: 40 [25000/60000 (42%)]	Loss: 0.023054
Train Epoch: 40 [30000/60000 (50%)]	Loss: 0.009601
Train Epoch: 40 [35000/60000 (58%)]	Loss: 0.018007
Train Epoch: 40 [40000/60000 (67%)]	Loss: 0.016230
Train Epoch: 40 [45000/60000 (75%)]	Loss: 0.021649
Train Epoch: 40 [50000/60000 (83%)]	Loss: 0.032946
Train Epoch: 40 [55000/60000 (92%)]	Loss: 0.017867
Train Epoch: 40 [60000/60000 (100%)]	Loss: 0.037259

Average Training loss: 0.0005, Training Error Rate: 2.39% (1432/60000)


Average Test loss: 0.0000, Test Error Rate: 2.97% (297/10000)

Train Epoch: 41 [5000/60000 (8%)]	Loss: 0.024834
Train Epoch: 41 [10000/60000 (17%)]	Loss: 0.024874
Train Epoch: 41 [15000/60000 (25%)]	Loss: 0.029757
Train Epoch: 41 [20000/60000 (33%)]	Loss: 0.024178
Train Epoch: 41 [25000/60000 (42%)]	Loss: 0.020415
Train Epoch: 41 [30000/60000 (50%)]	Loss: 0.025207
Train Epoch: 41 [35000/60000 (58%)]	Loss: 0.021776
Train Epoch: 41 [40000/60000 (67%)]	Loss: 0.014052
Train Epoch: 41 [45000/60000 (75%)]	Loss: 0.014882
Train Epoch: 41 [50000/60000 (83%)]	Loss: 0.028591
Train Epoch: 41 [55000/60000 (92%)]	Loss: 0.036510
Train Epoch: 41 [60000/60000 (100%)]	Loss: 0.021764

Average Training loss: 0.0005, Training Error Rate: 2.35% (1408/60000)


Average Test loss: 0.0000, Test Error Rate: 3.02% (302/10000)

Train Epoch: 42 [5000/60000 (8%)]	Loss: 0.015257
Train Epoch: 42 [10000/60000 (17%)]	Loss: 0.015029
Train Epoch: 42 [15000/60000 (25%)]	Loss: 0.032966
Train Epoch: 42 [20000/60000 (33%)]	Loss: 0.027333
Train Epoch: 42 [25000/60000 (42%)]	Loss: 0.030742
Train Epoch: 42 [30000/60000 (50%)]	Loss: 0.025693
Train Epoch: 42 [35000/60000 (58%)]	Loss: 0.027637
Train Epoch: 42 [40000/60000 (67%)]	Loss: 0.027471
Train Epoch: 42 [45000/60000 (75%)]	Loss: 0.030010
Train Epoch: 42 [50000/60000 (83%)]	Loss: 0.022806
Train Epoch: 42 [55000/60000 (92%)]	Loss: 0.012654
Train Epoch: 42 [60000/60000 (100%)]	Loss: 0.015434

Average Training loss: 0.0005, Training Error Rate: 2.30% (1378/60000)


Average Test loss: 0.0000, Test Error Rate: 2.92% (292/10000)

Train Epoch: 43 [5000/60000 (8%)]	Loss: 0.011160
Train Epoch: 43 [10000/60000 (17%)]	Loss: 0.017706
Train Epoch: 43 [15000/60000 (25%)]	Loss: 0.032362
Train Epoch: 43 [20000/60000 (33%)]	Loss: 0.023999
Train Epoch: 43 [25000/60000 (42%)]	Loss: 0.016410
Train Epoch: 43 [30000/60000 (50%)]	Loss: 0.021234
Train Epoch: 43 [35000/60000 (58%)]	Loss: 0.023524
Train Epoch: 43 [40000/60000 (67%)]	Loss: 0.022769
Train Epoch: 43 [45000/60000 (75%)]	Loss: 0.014902
Train Epoch: 43 [50000/60000 (83%)]	Loss: 0.026840
Train Epoch: 43 [55000/60000 (92%)]	Loss: 0.021863
Train Epoch: 43 [60000/60000 (100%)]	Loss: 0.014098

Average Training loss: 0.0005, Training Error Rate: 2.26% (1356/60000)


Average Test loss: 0.0000, Test Error Rate: 2.90% (290/10000)

Train Epoch: 44 [5000/60000 (8%)]	Loss: 0.009984
Train Epoch: 44 [10000/60000 (17%)]	Loss: 0.032556
Train Epoch: 44 [15000/60000 (25%)]	Loss: 0.050181
Train Epoch: 44 [20000/60000 (33%)]	Loss: 0.031210
Train Epoch: 44 [25000/60000 (42%)]	Loss: 0.026261
Train Epoch: 44 [30000/60000 (50%)]	Loss: 0.021044
Train Epoch: 44 [35000/60000 (58%)]	Loss: 0.029012
Train Epoch: 44 [40000/60000 (67%)]	Loss: 0.065205
Train Epoch: 44 [45000/60000 (75%)]	Loss: 0.015341
Train Epoch: 44 [50000/60000 (83%)]	Loss: 0.027088
Train Epoch: 44 [55000/60000 (92%)]	Loss: 0.050490
Train Epoch: 44 [60000/60000 (100%)]	Loss: 0.014658

Average Training loss: 0.0005, Training Error Rate: 2.22% (1333/60000)


Average Test loss: 0.0000, Test Error Rate: 2.85% (285/10000)

Train Epoch: 45 [5000/60000 (8%)]	Loss: 0.021989
Train Epoch: 45 [10000/60000 (17%)]	Loss: 0.007049
Train Epoch: 45 [15000/60000 (25%)]	Loss: 0.007005
Train Epoch: 45 [20000/60000 (33%)]	Loss: 0.011857
Train Epoch: 45 [25000/60000 (42%)]	Loss: 0.007368
Train Epoch: 45 [30000/60000 (50%)]	Loss: 0.029581
Train Epoch: 45 [35000/60000 (58%)]	Loss: 0.016046
Train Epoch: 45 [40000/60000 (67%)]	Loss: 0.029081
Train Epoch: 45 [45000/60000 (75%)]	Loss: 0.024296
Train Epoch: 45 [50000/60000 (83%)]	Loss: 0.019434
Train Epoch: 45 [55000/60000 (92%)]	Loss: 0.033591
Train Epoch: 45 [60000/60000 (100%)]	Loss: 0.003533

Average Training loss: 0.0005, Training Error Rate: 2.19% (1312/60000)


Average Test loss: 0.0000, Test Error Rate: 2.78% (278/10000)

Train Epoch: 46 [5000/60000 (8%)]	Loss: 0.015050
Train Epoch: 46 [10000/60000 (17%)]	Loss: 0.010384
Train Epoch: 46 [15000/60000 (25%)]	Loss: 0.017117
Train Epoch: 46 [20000/60000 (33%)]	Loss: 0.015013
Train Epoch: 46 [25000/60000 (42%)]	Loss: 0.045104
Train Epoch: 46 [30000/60000 (50%)]	Loss: 0.007185
Train Epoch: 46 [35000/60000 (58%)]	Loss: 0.026283
Train Epoch: 46 [40000/60000 (67%)]	Loss: 0.037291
Train Epoch: 46 [45000/60000 (75%)]	Loss: 0.019904
Train Epoch: 46 [50000/60000 (83%)]	Loss: 0.044442
Train Epoch: 46 [55000/60000 (92%)]	Loss: 0.029103
Train Epoch: 46 [60000/60000 (100%)]	Loss: 0.009205

Average Training loss: 0.0004, Training Error Rate: 2.14% (1282/60000)


Average Test loss: 0.0000, Test Error Rate: 2.78% (278/10000)

Train Epoch: 47 [5000/60000 (8%)]	Loss: 0.015566
Train Epoch: 47 [10000/60000 (17%)]	Loss: 0.023396
Train Epoch: 47 [15000/60000 (25%)]	Loss: 0.026515
Train Epoch: 47 [20000/60000 (33%)]	Loss: 0.017217
Train Epoch: 47 [25000/60000 (42%)]	Loss: 0.017213
Train Epoch: 47 [30000/60000 (50%)]	Loss: 0.036934
Train Epoch: 47 [35000/60000 (58%)]	Loss: 0.045455
Train Epoch: 47 [40000/60000 (67%)]	Loss: 0.010404
Train Epoch: 47 [45000/60000 (75%)]	Loss: 0.023919
Train Epoch: 47 [50000/60000 (83%)]	Loss: 0.012828
Train Epoch: 47 [55000/60000 (92%)]	Loss: 0.021696
Train Epoch: 47 [60000/60000 (100%)]	Loss: 0.054244

Average Training loss: 0.0004, Training Error Rate: 2.10% (1263/60000)


Average Test loss: 0.0000, Test Error Rate: 2.84% (284/10000)

Train Epoch: 48 [5000/60000 (8%)]	Loss: 0.019452
Train Epoch: 48 [10000/60000 (17%)]	Loss: 0.036603
Train Epoch: 48 [15000/60000 (25%)]	Loss: 0.013976
Train Epoch: 48 [20000/60000 (33%)]	Loss: 0.014816
Train Epoch: 48 [25000/60000 (42%)]	Loss: 0.039270
Train Epoch: 48 [30000/60000 (50%)]	Loss: 0.030906
Train Epoch: 48 [35000/60000 (58%)]	Loss: 0.021714
Train Epoch: 48 [40000/60000 (67%)]	Loss: 0.012578
Train Epoch: 48 [45000/60000 (75%)]	Loss: 0.039152
Train Epoch: 48 [50000/60000 (83%)]	Loss: 0.019817
Train Epoch: 48 [55000/60000 (92%)]	Loss: 0.016256
Train Epoch: 48 [60000/60000 (100%)]	Loss: 0.014979

Average Training loss: 0.0004, Training Error Rate: 2.08% (1248/60000)


Average Test loss: 0.0000, Test Error Rate: 2.81% (281/10000)

Train Epoch: 49 [5000/60000 (8%)]	Loss: 0.031970
Train Epoch: 49 [10000/60000 (17%)]	Loss: 0.022259
Train Epoch: 49 [15000/60000 (25%)]	Loss: 0.007461
Train Epoch: 49 [20000/60000 (33%)]	Loss: 0.017958
Train Epoch: 49 [25000/60000 (42%)]	Loss: 0.039637
Train Epoch: 49 [30000/60000 (50%)]	Loss: 0.018383
Train Epoch: 49 [35000/60000 (58%)]	Loss: 0.002564
Train Epoch: 49 [40000/60000 (67%)]	Loss: 0.033073
Train Epoch: 49 [45000/60000 (75%)]	Loss: 0.018052
Train Epoch: 49 [50000/60000 (83%)]	Loss: 0.005423
Train Epoch: 49 [55000/60000 (92%)]	Loss: 0.011919
Train Epoch: 49 [60000/60000 (100%)]	Loss: 0.019486

Average Training loss: 0.0004, Training Error Rate: 2.07% (1242/60000)


Average Test loss: 0.0000, Test Error Rate: 2.75% (275/10000)

Train Epoch: 50 [5000/60000 (8%)]	Loss: 0.033529
Train Epoch: 50 [10000/60000 (17%)]	Loss: 0.020658
Train Epoch: 50 [15000/60000 (25%)]	Loss: 0.038636
Train Epoch: 50 [20000/60000 (33%)]	Loss: 0.008342
Train Epoch: 50 [25000/60000 (42%)]	Loss: 0.007679
Train Epoch: 50 [30000/60000 (50%)]	Loss: 0.022896
Train Epoch: 50 [35000/60000 (58%)]	Loss: 0.016248
Train Epoch: 50 [40000/60000 (67%)]	Loss: 0.035113
Train Epoch: 50 [45000/60000 (75%)]	Loss: 0.038713
Train Epoch: 50 [50000/60000 (83%)]	Loss: 0.021947
Train Epoch: 50 [55000/60000 (92%)]	Loss: 0.015222
Train Epoch: 50 [60000/60000 (100%)]	Loss: 0.039376

Average Training loss: 0.0004, Training Error Rate: 2.02% (1211/60000)


Average Test loss: 0.0000, Test Error Rate: 2.75% (275/10000)

Train Epoch: 51 [5000/60000 (8%)]	Loss: 0.014358
Train Epoch: 51 [10000/60000 (17%)]	Loss: 0.035638
Train Epoch: 51 [15000/60000 (25%)]	Loss: 0.010133
Train Epoch: 51 [20000/60000 (33%)]	Loss: 0.007470
Train Epoch: 51 [25000/60000 (42%)]	Loss: 0.013705
Train Epoch: 51 [30000/60000 (50%)]	Loss: 0.020461
Train Epoch: 51 [35000/60000 (58%)]	Loss: 0.006457
Train Epoch: 51 [40000/60000 (67%)]	Loss: 0.036784
Train Epoch: 51 [45000/60000 (75%)]	Loss: 0.023460
Train Epoch: 51 [50000/60000 (83%)]	Loss: 0.020528
Train Epoch: 51 [55000/60000 (92%)]	Loss: 0.014081
Train Epoch: 51 [60000/60000 (100%)]	Loss: 0.007148

Average Training loss: 0.0004, Training Error Rate: 2.01% (1206/60000)


Average Test loss: 0.0000, Test Error Rate: 2.72% (272/10000)

Train Epoch: 52 [5000/60000 (8%)]	Loss: 0.054365
Train Epoch: 52 [10000/60000 (17%)]	Loss: 0.037983
Train Epoch: 52 [15000/60000 (25%)]	Loss: 0.008609
Train Epoch: 52 [20000/60000 (33%)]	Loss: 0.013232
Train Epoch: 52 [25000/60000 (42%)]	Loss: 0.009334
Train Epoch: 52 [30000/60000 (50%)]	Loss: 0.022921
Train Epoch: 52 [35000/60000 (58%)]	Loss: 0.001227
Train Epoch: 52 [40000/60000 (67%)]	Loss: 0.011676
Train Epoch: 52 [45000/60000 (75%)]	Loss: 0.031673
Train Epoch: 52 [50000/60000 (83%)]	Loss: 0.017703
Train Epoch: 52 [55000/60000 (92%)]	Loss: 0.010714
Train Epoch: 52 [60000/60000 (100%)]	Loss: 0.008317

Average Training loss: 0.0004, Training Error Rate: 1.98% (1189/60000)


Average Test loss: 0.0000, Test Error Rate: 2.67% (267/10000)

Train Epoch: 53 [5000/60000 (8%)]	Loss: 0.019148
Train Epoch: 53 [10000/60000 (17%)]	Loss: 0.026745
Train Epoch: 53 [15000/60000 (25%)]	Loss: 0.012237
Train Epoch: 53 [20000/60000 (33%)]	Loss: 0.015733
Train Epoch: 53 [25000/60000 (42%)]	Loss: 0.036488
Train Epoch: 53 [30000/60000 (50%)]	Loss: 0.008941
Train Epoch: 53 [35000/60000 (58%)]	Loss: 0.007893
Train Epoch: 53 [40000/60000 (67%)]	Loss: 0.027363
Train Epoch: 53 [45000/60000 (75%)]	Loss: 0.019942
Train Epoch: 53 [50000/60000 (83%)]	Loss: 0.021107
Train Epoch: 53 [55000/60000 (92%)]	Loss: 0.012937
Train Epoch: 53 [60000/60000 (100%)]	Loss: 0.018374

Average Training loss: 0.0004, Training Error Rate: 1.93% (1155/60000)


Average Test loss: 0.0000, Test Error Rate: 2.65% (265/10000)

Train Epoch: 54 [5000/60000 (8%)]	Loss: 0.016703
Train Epoch: 54 [10000/60000 (17%)]	Loss: 0.043546
Train Epoch: 54 [15000/60000 (25%)]	Loss: 0.007501
Train Epoch: 54 [20000/60000 (33%)]	Loss: 0.007663
Train Epoch: 54 [25000/60000 (42%)]	Loss: 0.036900
Train Epoch: 54 [30000/60000 (50%)]	Loss: 0.012154
Train Epoch: 54 [35000/60000 (58%)]	Loss: 0.014825
Train Epoch: 54 [40000/60000 (67%)]	Loss: 0.018460
Train Epoch: 54 [45000/60000 (75%)]	Loss: 0.008713
Train Epoch: 54 [50000/60000 (83%)]	Loss: 0.011611
Train Epoch: 54 [55000/60000 (92%)]	Loss: 0.018578
Train Epoch: 54 [60000/60000 (100%)]	Loss: 0.007806

Average Training loss: 0.0004, Training Error Rate: 1.92% (1149/60000)


Average Test loss: 0.0000, Test Error Rate: 2.68% (268/10000)

Train Epoch: 55 [5000/60000 (8%)]	Loss: 0.032922
Train Epoch: 55 [10000/60000 (17%)]	Loss: 0.024972
Train Epoch: 55 [15000/60000 (25%)]	Loss: 0.031292
Train Epoch: 55 [20000/60000 (33%)]	Loss: 0.013743
Train Epoch: 55 [25000/60000 (42%)]	Loss: 0.015537
Train Epoch: 55 [30000/60000 (50%)]	Loss: 0.019127
Train Epoch: 55 [35000/60000 (58%)]	Loss: 0.025885
Train Epoch: 55 [40000/60000 (67%)]	Loss: 0.005959
Train Epoch: 55 [45000/60000 (75%)]	Loss: 0.025435
Train Epoch: 55 [50000/60000 (83%)]	Loss: 0.017797
Train Epoch: 55 [55000/60000 (92%)]	Loss: 0.021820
Train Epoch: 55 [60000/60000 (100%)]	Loss: 0.029942

Average Training loss: 0.0004, Training Error Rate: 1.91% (1143/60000)


Average Test loss: 0.0000, Test Error Rate: 2.66% (266/10000)

Train Epoch: 56 [5000/60000 (8%)]	Loss: 0.019013
Train Epoch: 56 [10000/60000 (17%)]	Loss: 0.024008
Train Epoch: 56 [15000/60000 (25%)]	Loss: 0.014716
Train Epoch: 56 [20000/60000 (33%)]	Loss: 0.022001
Train Epoch: 56 [25000/60000 (42%)]	Loss: 0.009301
Train Epoch: 56 [30000/60000 (50%)]	Loss: 0.025573
Train Epoch: 56 [35000/60000 (58%)]	Loss: 0.015985
Train Epoch: 56 [40000/60000 (67%)]	Loss: 0.022934
Train Epoch: 56 [45000/60000 (75%)]	Loss: 0.004783
Train Epoch: 56 [50000/60000 (83%)]	Loss: 0.026916
Train Epoch: 56 [55000/60000 (92%)]	Loss: 0.009050
Train Epoch: 56 [60000/60000 (100%)]	Loss: 0.032109

Average Training loss: 0.0004, Training Error Rate: 1.85% (1112/60000)


Average Test loss: 0.0000, Test Error Rate: 2.60% (260/10000)

Train Epoch: 57 [5000/60000 (8%)]	Loss: 0.020646
Train Epoch: 57 [10000/60000 (17%)]	Loss: 0.022249
Train Epoch: 57 [15000/60000 (25%)]	Loss: 0.048530
Train Epoch: 57 [20000/60000 (33%)]	Loss: 0.025592
Train Epoch: 57 [25000/60000 (42%)]	Loss: 0.010496
Train Epoch: 57 [30000/60000 (50%)]	Loss: 0.023020
Train Epoch: 57 [35000/60000 (58%)]	Loss: 0.026332
Train Epoch: 57 [40000/60000 (67%)]	Loss: 0.019691
Train Epoch: 57 [45000/60000 (75%)]	Loss: 0.016972
Train Epoch: 57 [50000/60000 (83%)]	Loss: 0.010832
Train Epoch: 57 [55000/60000 (92%)]	Loss: 0.002694
Train Epoch: 57 [60000/60000 (100%)]	Loss: 0.013509

Average Training loss: 0.0004, Training Error Rate: 1.82% (1093/60000)


Average Test loss: 0.0000, Test Error Rate: 2.65% (265/10000)

Train Epoch: 58 [5000/60000 (8%)]	Loss: 0.015754
Train Epoch: 58 [10000/60000 (17%)]	Loss: 0.018215
Train Epoch: 58 [15000/60000 (25%)]	Loss: 0.013069
Train Epoch: 58 [20000/60000 (33%)]	Loss: 0.016349
Train Epoch: 58 [25000/60000 (42%)]	Loss: 0.026293
Train Epoch: 58 [30000/60000 (50%)]	Loss: 0.006554
Train Epoch: 58 [35000/60000 (58%)]	Loss: 0.018007
Train Epoch: 58 [40000/60000 (67%)]	Loss: 0.031642
Train Epoch: 58 [45000/60000 (75%)]	Loss: 0.036446
Train Epoch: 58 [50000/60000 (83%)]	Loss: 0.026758
Train Epoch: 58 [55000/60000 (92%)]	Loss: 0.005233
Train Epoch: 58 [60000/60000 (100%)]	Loss: 0.026792

Average Training loss: 0.0004, Training Error Rate: 1.82% (1092/60000)


Average Test loss: 0.0000, Test Error Rate: 2.60% (260/10000)

Train Epoch: 59 [5000/60000 (8%)]	Loss: 0.023465
Train Epoch: 59 [10000/60000 (17%)]	Loss: 0.012956
Train Epoch: 59 [15000/60000 (25%)]	Loss: 0.020471
Train Epoch: 59 [20000/60000 (33%)]	Loss: 0.016683
Train Epoch: 59 [25000/60000 (42%)]	Loss: 0.017811
Train Epoch: 59 [30000/60000 (50%)]	Loss: 0.018319
Train Epoch: 59 [35000/60000 (58%)]	Loss: 0.012214
Train Epoch: 59 [40000/60000 (67%)]	Loss: 0.045285
Train Epoch: 59 [45000/60000 (75%)]	Loss: 0.013515
Train Epoch: 59 [50000/60000 (83%)]	Loss: 0.007439
Train Epoch: 59 [55000/60000 (92%)]	Loss: 0.007600
Train Epoch: 59 [60000/60000 (100%)]	Loss: 0.011604

Average Training loss: 0.0004, Training Error Rate: 1.77% (1065/60000)


Average Test loss: 0.0000, Test Error Rate: 2.57% (257/10000)

Train Epoch: 60 [5000/60000 (8%)]	Loss: 0.013185
Train Epoch: 60 [10000/60000 (17%)]	Loss: 0.021076
Train Epoch: 60 [15000/60000 (25%)]	Loss: 0.016271
Train Epoch: 60 [20000/60000 (33%)]	Loss: 0.005448
Train Epoch: 60 [25000/60000 (42%)]	Loss: 0.032726
Train Epoch: 60 [30000/60000 (50%)]	Loss: 0.032193
Train Epoch: 60 [35000/60000 (58%)]	Loss: 0.008684
Train Epoch: 60 [40000/60000 (67%)]	Loss: 0.018007
Train Epoch: 60 [45000/60000 (75%)]	Loss: 0.019892
Train Epoch: 60 [50000/60000 (83%)]	Loss: 0.026599
Train Epoch: 60 [55000/60000 (92%)]	Loss: 0.014628
Train Epoch: 60 [60000/60000 (100%)]	Loss: 0.019880

Average Training loss: 0.0004, Training Error Rate: 1.78% (1070/60000)


Average Test loss: 0.0000, Test Error Rate: 2.52% (252/10000)

Train Epoch: 61 [5000/60000 (8%)]	Loss: 0.015695
Train Epoch: 61 [10000/60000 (17%)]	Loss: 0.007755
Train Epoch: 61 [15000/60000 (25%)]	Loss: 0.003752
Train Epoch: 61 [20000/60000 (33%)]	Loss: 0.004088
Train Epoch: 61 [25000/60000 (42%)]	Loss: 0.025769
Train Epoch: 61 [30000/60000 (50%)]	Loss: 0.007402
Train Epoch: 61 [35000/60000 (58%)]	Loss: 0.007425
Train Epoch: 61 [40000/60000 (67%)]	Loss: 0.017741
Train Epoch: 61 [45000/60000 (75%)]	Loss: 0.009859
Train Epoch: 61 [50000/60000 (83%)]	Loss: 0.015659
Train Epoch: 61 [55000/60000 (92%)]	Loss: 0.019948
Train Epoch: 61 [60000/60000 (100%)]	Loss: 0.011661

Average Training loss: 0.0004, Training Error Rate: 1.76% (1058/60000)


Average Test loss: 0.0000, Test Error Rate: 2.56% (256/10000)

Train Epoch: 62 [5000/60000 (8%)]	Loss: 0.007682
Train Epoch: 62 [10000/60000 (17%)]	Loss: 0.008695
Train Epoch: 62 [15000/60000 (25%)]	Loss: 0.017892
Train Epoch: 62 [20000/60000 (33%)]	Loss: 0.022528
Train Epoch: 62 [25000/60000 (42%)]	Loss: 0.014519
Train Epoch: 62 [30000/60000 (50%)]	Loss: 0.009679
Train Epoch: 62 [35000/60000 (58%)]	Loss: 0.010176
Train Epoch: 62 [40000/60000 (67%)]	Loss: 0.017287
Train Epoch: 62 [45000/60000 (75%)]	Loss: 0.028496
Train Epoch: 62 [50000/60000 (83%)]	Loss: 0.007321
Train Epoch: 62 [55000/60000 (92%)]	Loss: 0.008611
Train Epoch: 62 [60000/60000 (100%)]	Loss: 0.007510

Average Training loss: 0.0004, Training Error Rate: 1.72% (1033/60000)


Average Test loss: 0.0000, Test Error Rate: 2.50% (250/10000)

Train Epoch: 63 [5000/60000 (8%)]	Loss: 0.020749
Train Epoch: 63 [10000/60000 (17%)]	Loss: 0.006166
Train Epoch: 63 [15000/60000 (25%)]	Loss: 0.008596
Train Epoch: 63 [20000/60000 (33%)]	Loss: 0.021474
Train Epoch: 63 [25000/60000 (42%)]	Loss: 0.004709
Train Epoch: 63 [30000/60000 (50%)]	Loss: 0.010485
Train Epoch: 63 [35000/60000 (58%)]	Loss: 0.027193
Train Epoch: 63 [40000/60000 (67%)]	Loss: 0.024346
Train Epoch: 63 [45000/60000 (75%)]	Loss: 0.024018
Train Epoch: 63 [50000/60000 (83%)]	Loss: 0.008350
Train Epoch: 63 [55000/60000 (92%)]	Loss: 0.027802
Train Epoch: 63 [60000/60000 (100%)]	Loss: 0.029653

Average Training loss: 0.0004, Training Error Rate: 1.70% (1019/60000)


Average Test loss: 0.0000, Test Error Rate: 2.51% (251/10000)

Train Epoch: 64 [5000/60000 (8%)]	Loss: 0.019036
Train Epoch: 64 [10000/60000 (17%)]	Loss: 0.028073
Train Epoch: 64 [15000/60000 (25%)]	Loss: 0.037024
Train Epoch: 64 [20000/60000 (33%)]	Loss: 0.019566
Train Epoch: 64 [25000/60000 (42%)]	Loss: 0.026176
Train Epoch: 64 [30000/60000 (50%)]	Loss: 0.026361
Train Epoch: 64 [35000/60000 (58%)]	Loss: 0.013297
Train Epoch: 64 [40000/60000 (67%)]	Loss: 0.016417
Train Epoch: 64 [45000/60000 (75%)]	Loss: 0.014366
Train Epoch: 64 [50000/60000 (83%)]	Loss: 0.030218
Train Epoch: 64 [55000/60000 (92%)]	Loss: 0.006132
Train Epoch: 64 [60000/60000 (100%)]	Loss: 0.006987

Average Training loss: 0.0004, Training Error Rate: 1.68% (1007/60000)


Average Test loss: 0.0000, Test Error Rate: 2.55% (255/10000)

Train Epoch: 65 [5000/60000 (8%)]	Loss: 0.006840
Train Epoch: 65 [10000/60000 (17%)]	Loss: 0.027506
Train Epoch: 65 [15000/60000 (25%)]	Loss: 0.029182
Train Epoch: 65 [20000/60000 (33%)]	Loss: 0.030931
Train Epoch: 65 [25000/60000 (42%)]	Loss: 0.018395
Train Epoch: 65 [30000/60000 (50%)]	Loss: 0.009174
Train Epoch: 65 [35000/60000 (58%)]	Loss: 0.016010
Train Epoch: 65 [40000/60000 (67%)]	Loss: 0.007046
Train Epoch: 65 [45000/60000 (75%)]	Loss: 0.004216
Train Epoch: 65 [50000/60000 (83%)]	Loss: 0.017790
Train Epoch: 65 [55000/60000 (92%)]	Loss: 0.028103
Train Epoch: 65 [60000/60000 (100%)]	Loss: 0.043657

Average Training loss: 0.0004, Training Error Rate: 1.66% (993/60000)


Average Test loss: 0.0000, Test Error Rate: 2.55% (255/10000)

Train Epoch: 66 [5000/60000 (8%)]	Loss: 0.014661
Train Epoch: 66 [10000/60000 (17%)]	Loss: 0.014815
Train Epoch: 66 [15000/60000 (25%)]	Loss: 0.015273
Train Epoch: 66 [20000/60000 (33%)]	Loss: 0.010148
Train Epoch: 66 [25000/60000 (42%)]	Loss: 0.020628
Train Epoch: 66 [30000/60000 (50%)]	Loss: 0.012528
Train Epoch: 66 [35000/60000 (58%)]	Loss: 0.052916
Train Epoch: 66 [40000/60000 (67%)]	Loss: 0.011115
Train Epoch: 66 [45000/60000 (75%)]	Loss: 0.008590
Train Epoch: 66 [50000/60000 (83%)]	Loss: 0.023827
Train Epoch: 66 [55000/60000 (92%)]	Loss: 0.017944
Train Epoch: 66 [60000/60000 (100%)]	Loss: 0.015647

Average Training loss: 0.0004, Training Error Rate: 1.62% (973/60000)


Average Test loss: 0.0000, Test Error Rate: 2.48% (248/10000)

Train Epoch: 67 [5000/60000 (8%)]	Loss: 0.024334
Train Epoch: 67 [10000/60000 (17%)]	Loss: 0.026109
Train Epoch: 67 [15000/60000 (25%)]	Loss: 0.016883
Train Epoch: 67 [20000/60000 (33%)]	Loss: 0.020360
Train Epoch: 67 [25000/60000 (42%)]	Loss: 0.030946
Train Epoch: 67 [30000/60000 (50%)]	Loss: 0.028787
Train Epoch: 67 [35000/60000 (58%)]	Loss: 0.007230
Train Epoch: 67 [40000/60000 (67%)]	Loss: 0.014078
Train Epoch: 67 [45000/60000 (75%)]	Loss: 0.008159
Train Epoch: 67 [50000/60000 (83%)]	Loss: 0.018423
Train Epoch: 67 [55000/60000 (92%)]	Loss: 0.013049
Train Epoch: 67 [60000/60000 (100%)]	Loss: 0.020647

Average Training loss: 0.0003, Training Error Rate: 1.60% (962/60000)


Average Test loss: 0.0000, Test Error Rate: 2.47% (247/10000)

Train Epoch: 68 [5000/60000 (8%)]	Loss: 0.014515
Train Epoch: 68 [10000/60000 (17%)]	Loss: 0.012027
Train Epoch: 68 [15000/60000 (25%)]	Loss: 0.024443
Train Epoch: 68 [20000/60000 (33%)]	Loss: 0.011127
Train Epoch: 68 [25000/60000 (42%)]	Loss: 0.007016
Train Epoch: 68 [30000/60000 (50%)]	Loss: 0.010144
Train Epoch: 68 [35000/60000 (58%)]	Loss: 0.001914
Train Epoch: 68 [40000/60000 (67%)]	Loss: 0.007624
Train Epoch: 68 [45000/60000 (75%)]	Loss: 0.009865
Train Epoch: 68 [50000/60000 (83%)]	Loss: 0.006720
Train Epoch: 68 [55000/60000 (92%)]	Loss: 0.020571
Train Epoch: 68 [60000/60000 (100%)]	Loss: 0.018224

Average Training loss: 0.0003, Training Error Rate: 1.61% (964/60000)


Average Test loss: 0.0000, Test Error Rate: 2.50% (250/10000)

Train Epoch: 69 [5000/60000 (8%)]	Loss: 0.008299
Train Epoch: 69 [10000/60000 (17%)]	Loss: 0.002244
Train Epoch: 69 [15000/60000 (25%)]	Loss: 0.024760
Train Epoch: 69 [20000/60000 (33%)]	Loss: 0.007334
Train Epoch: 69 [25000/60000 (42%)]	Loss: 0.019176
Train Epoch: 69 [30000/60000 (50%)]	Loss: 0.004541
Train Epoch: 69 [35000/60000 (58%)]	Loss: 0.013201
Train Epoch: 69 [40000/60000 (67%)]	Loss: 0.003471
Train Epoch: 69 [45000/60000 (75%)]	Loss: 0.004910
Train Epoch: 69 [50000/60000 (83%)]	Loss: 0.023063
Train Epoch: 69 [55000/60000 (92%)]	Loss: 0.006071
Train Epoch: 69 [60000/60000 (100%)]	Loss: 0.022981

Average Training loss: 0.0003, Training Error Rate: 1.56% (938/60000)


Average Test loss: 0.0000, Test Error Rate: 2.48% (248/10000)

Train Epoch: 70 [5000/60000 (8%)]	Loss: 0.028170
Train Epoch: 70 [10000/60000 (17%)]	Loss: 0.009005
Train Epoch: 70 [15000/60000 (25%)]	Loss: 0.019493
Train Epoch: 70 [20000/60000 (33%)]	Loss: 0.006810
Train Epoch: 70 [25000/60000 (42%)]	Loss: 0.026862
Train Epoch: 70 [30000/60000 (50%)]	Loss: 0.015203
Train Epoch: 70 [35000/60000 (58%)]	Loss: 0.010801
Train Epoch: 70 [40000/60000 (67%)]	Loss: 0.026288
Train Epoch: 70 [45000/60000 (75%)]	Loss: 0.032316
Train Epoch: 70 [50000/60000 (83%)]	Loss: 0.021585
Train Epoch: 70 [55000/60000 (92%)]	Loss: 0.015863
Train Epoch: 70 [60000/60000 (100%)]	Loss: 0.002037

Average Training loss: 0.0003, Training Error Rate: 1.55% (932/60000)


Average Test loss: 0.0000, Test Error Rate: 2.51% (251/10000)

Train Epoch: 71 [5000/60000 (8%)]	Loss: 0.023003
Train Epoch: 71 [10000/60000 (17%)]	Loss: 0.007340
Train Epoch: 71 [15000/60000 (25%)]	Loss: 0.020253
Train Epoch: 71 [20000/60000 (33%)]	Loss: 0.003157
Train Epoch: 71 [25000/60000 (42%)]	Loss: 0.008277
Train Epoch: 71 [30000/60000 (50%)]	Loss: 0.019567
Train Epoch: 71 [35000/60000 (58%)]	Loss: 0.021114
Train Epoch: 71 [40000/60000 (67%)]	Loss: 0.018772
Train Epoch: 71 [45000/60000 (75%)]	Loss: 0.016464
Train Epoch: 71 [50000/60000 (83%)]	Loss: 0.007241
Train Epoch: 71 [55000/60000 (92%)]	Loss: 0.012527
Train Epoch: 71 [60000/60000 (100%)]	Loss: 0.010887

Average Training loss: 0.0003, Training Error Rate: 1.54% (923/60000)


Average Test loss: 0.0000, Test Error Rate: 2.38% (238/10000)

Train Epoch: 72 [5000/60000 (8%)]	Loss: 0.010536
Train Epoch: 72 [10000/60000 (17%)]	Loss: 0.008673
Train Epoch: 72 [15000/60000 (25%)]	Loss: 0.027377
Train Epoch: 72 [20000/60000 (33%)]	Loss: 0.009221
Train Epoch: 72 [25000/60000 (42%)]	Loss: 0.020919
Train Epoch: 72 [30000/60000 (50%)]	Loss: 0.031072
Train Epoch: 72 [35000/60000 (58%)]	Loss: 0.006975
Train Epoch: 72 [40000/60000 (67%)]	Loss: 0.028881
Train Epoch: 72 [45000/60000 (75%)]	Loss: 0.029518
Train Epoch: 72 [50000/60000 (83%)]	Loss: 0.009922
Train Epoch: 72 [55000/60000 (92%)]	Loss: 0.029329
Train Epoch: 72 [60000/60000 (100%)]	Loss: 0.015006

Average Training loss: 0.0003, Training Error Rate: 1.50% (897/60000)


Average Test loss: 0.0000, Test Error Rate: 2.43% (243/10000)

Train Epoch: 73 [5000/60000 (8%)]	Loss: 0.011784
Train Epoch: 73 [10000/60000 (17%)]	Loss: 0.006678
Train Epoch: 73 [15000/60000 (25%)]	Loss: 0.000930
Train Epoch: 73 [20000/60000 (33%)]	Loss: 0.015993
Train Epoch: 73 [25000/60000 (42%)]	Loss: 0.016802
Train Epoch: 73 [30000/60000 (50%)]	Loss: 0.019643
Train Epoch: 73 [35000/60000 (58%)]	Loss: 0.002823
Train Epoch: 73 [40000/60000 (67%)]	Loss: 0.006722
Train Epoch: 73 [45000/60000 (75%)]	Loss: 0.003730
Train Epoch: 73 [50000/60000 (83%)]	Loss: 0.023449
Train Epoch: 73 [55000/60000 (92%)]	Loss: 0.003701
Train Epoch: 73 [60000/60000 (100%)]	Loss: 0.030079

Average Training loss: 0.0003, Training Error Rate: 1.50% (903/60000)


Average Test loss: 0.0000, Test Error Rate: 2.39% (239/10000)

Train Epoch: 74 [5000/60000 (8%)]	Loss: 0.015655
Train Epoch: 74 [10000/60000 (17%)]	Loss: 0.013773
Train Epoch: 74 [15000/60000 (25%)]	Loss: 0.009865
Train Epoch: 74 [20000/60000 (33%)]	Loss: 0.052067
Train Epoch: 74 [25000/60000 (42%)]	Loss: 0.014328
Train Epoch: 74 [30000/60000 (50%)]	Loss: 0.015491
Train Epoch: 74 [35000/60000 (58%)]	Loss: 0.012460
Train Epoch: 74 [40000/60000 (67%)]	Loss: 0.018331
Train Epoch: 74 [45000/60000 (75%)]	Loss: 0.017863
Train Epoch: 74 [50000/60000 (83%)]	Loss: 0.016511
Train Epoch: 74 [55000/60000 (92%)]	Loss: 0.039106
Train Epoch: 74 [60000/60000 (100%)]	Loss: 0.016794

Average Training loss: 0.0003, Training Error Rate: 1.46% (876/60000)


Average Test loss: 0.0000, Test Error Rate: 2.40% (240/10000)

Train Epoch: 75 [5000/60000 (8%)]	Loss: 0.014572
Train Epoch: 75 [10000/60000 (17%)]	Loss: 0.006779
Train Epoch: 75 [15000/60000 (25%)]	Loss: 0.031516
Train Epoch: 75 [20000/60000 (33%)]	Loss: 0.005865
Train Epoch: 75 [25000/60000 (42%)]	Loss: 0.019383
Train Epoch: 75 [30000/60000 (50%)]	Loss: 0.023817
Train Epoch: 75 [35000/60000 (58%)]	Loss: 0.009154
Train Epoch: 75 [40000/60000 (67%)]	Loss: 0.016404
Train Epoch: 75 [45000/60000 (75%)]	Loss: 0.002702
Train Epoch: 75 [50000/60000 (83%)]	Loss: 0.013266
Train Epoch: 75 [55000/60000 (92%)]	Loss: 0.009050
Train Epoch: 75 [60000/60000 (100%)]	Loss: 0.005025

Average Training loss: 0.0003, Training Error Rate: 1.46% (877/60000)


Average Test loss: 0.0000, Test Error Rate: 2.47% (247/10000)

Train Epoch: 76 [5000/60000 (8%)]	Loss: 0.009363
Train Epoch: 76 [10000/60000 (17%)]	Loss: 0.012234
Train Epoch: 76 [15000/60000 (25%)]	Loss: 0.005764
Train Epoch: 76 [20000/60000 (33%)]	Loss: 0.025839
Train Epoch: 76 [25000/60000 (42%)]	Loss: 0.007557
Train Epoch: 76 [30000/60000 (50%)]	Loss: 0.029070
Train Epoch: 76 [35000/60000 (58%)]	Loss: 0.015505
Train Epoch: 76 [40000/60000 (67%)]	Loss: 0.004856
Train Epoch: 76 [45000/60000 (75%)]	Loss: 0.013206
Train Epoch: 76 [50000/60000 (83%)]	Loss: 0.015765
Train Epoch: 76 [55000/60000 (92%)]	Loss: 0.021843
Train Epoch: 76 [60000/60000 (100%)]	Loss: 0.027935

Average Training loss: 0.0003, Training Error Rate: 1.44% (865/60000)


Average Test loss: 0.0000, Test Error Rate: 2.37% (237/10000)

Train Epoch: 77 [5000/60000 (8%)]	Loss: 0.006484
Train Epoch: 77 [10000/60000 (17%)]	Loss: 0.010622
Train Epoch: 77 [15000/60000 (25%)]	Loss: 0.017415
Train Epoch: 77 [20000/60000 (33%)]	Loss: 0.013576
Train Epoch: 77 [25000/60000 (42%)]	Loss: 0.007653
Train Epoch: 77 [30000/60000 (50%)]	Loss: 0.011952
Train Epoch: 77 [35000/60000 (58%)]	Loss: 0.043684
Train Epoch: 77 [40000/60000 (67%)]	Loss: 0.054740
Train Epoch: 77 [45000/60000 (75%)]	Loss: 0.010347
Train Epoch: 77 [50000/60000 (83%)]	Loss: 0.005704
Train Epoch: 77 [55000/60000 (92%)]	Loss: 0.022589
Train Epoch: 77 [60000/60000 (100%)]	Loss: 0.025236

Average Training loss: 0.0003, Training Error Rate: 1.43% (858/60000)


Average Test loss: 0.0000, Test Error Rate: 2.34% (234/10000)

Train Epoch: 78 [5000/60000 (8%)]	Loss: 0.020232
Train Epoch: 78 [10000/60000 (17%)]	Loss: 0.004257
Train Epoch: 78 [15000/60000 (25%)]	Loss: 0.011589
Train Epoch: 78 [20000/60000 (33%)]	Loss: 0.017412
Train Epoch: 78 [25000/60000 (42%)]	Loss: 0.032429
Train Epoch: 78 [30000/60000 (50%)]	Loss: 0.027585
Train Epoch: 78 [35000/60000 (58%)]	Loss: 0.013653
Train Epoch: 78 [40000/60000 (67%)]	Loss: 0.009161
Train Epoch: 78 [45000/60000 (75%)]	Loss: 0.015672
Train Epoch: 78 [50000/60000 (83%)]	Loss: 0.014345
Train Epoch: 78 [55000/60000 (92%)]	Loss: 0.008715
Train Epoch: 78 [60000/60000 (100%)]	Loss: 0.012276

Average Training loss: 0.0003, Training Error Rate: 1.40% (841/60000)


Average Test loss: 0.0000, Test Error Rate: 2.46% (246/10000)

Train Epoch: 79 [5000/60000 (8%)]	Loss: 0.014837
Train Epoch: 79 [10000/60000 (17%)]	Loss: 0.015597
Train Epoch: 79 [15000/60000 (25%)]	Loss: 0.034985
Train Epoch: 79 [20000/60000 (33%)]	Loss: 0.008426
Train Epoch: 79 [25000/60000 (42%)]	Loss: 0.003663
Train Epoch: 79 [30000/60000 (50%)]	Loss: 0.009196
Train Epoch: 79 [35000/60000 (58%)]	Loss: 0.014832
Train Epoch: 79 [40000/60000 (67%)]	Loss: 0.007609
Train Epoch: 79 [45000/60000 (75%)]	Loss: 0.017176
Train Epoch: 79 [50000/60000 (83%)]	Loss: 0.025804
Train Epoch: 79 [55000/60000 (92%)]	Loss: 0.026263
Train Epoch: 79 [60000/60000 (100%)]	Loss: 0.029986

Average Training loss: 0.0003, Training Error Rate: 1.39% (831/60000)


Average Test loss: 0.0000, Test Error Rate: 2.34% (234/10000)

Train Epoch: 80 [5000/60000 (8%)]	Loss: 0.009993
Train Epoch: 80 [10000/60000 (17%)]	Loss: 0.007362
Train Epoch: 80 [15000/60000 (25%)]	Loss: 0.018282
Train Epoch: 80 [20000/60000 (33%)]	Loss: 0.024133
Train Epoch: 80 [25000/60000 (42%)]	Loss: 0.011879
Train Epoch: 80 [30000/60000 (50%)]	Loss: 0.006552
Train Epoch: 80 [35000/60000 (58%)]	Loss: 0.021972
Train Epoch: 80 [40000/60000 (67%)]	Loss: 0.020156
Train Epoch: 80 [45000/60000 (75%)]	Loss: 0.008199
Train Epoch: 80 [50000/60000 (83%)]	Loss: 0.016067
Train Epoch: 80 [55000/60000 (92%)]	Loss: 0.027786
Train Epoch: 80 [60000/60000 (100%)]	Loss: 0.020919

Average Training loss: 0.0003, Training Error Rate: 1.38% (828/60000)


Average Test loss: 0.0000, Test Error Rate: 2.36% (236/10000)

Train Epoch: 81 [5000/60000 (8%)]	Loss: 0.021950
Train Epoch: 81 [10000/60000 (17%)]	Loss: 0.009528
Train Epoch: 81 [15000/60000 (25%)]	Loss: 0.006390
Train Epoch: 81 [20000/60000 (33%)]	Loss: 0.008255
Train Epoch: 81 [25000/60000 (42%)]	Loss: 0.010193
Train Epoch: 81 [30000/60000 (50%)]	Loss: 0.011231
Train Epoch: 81 [35000/60000 (58%)]	Loss: 0.007252
Train Epoch: 81 [40000/60000 (67%)]	Loss: 0.008611
Train Epoch: 81 [45000/60000 (75%)]	Loss: 0.007556
Train Epoch: 81 [50000/60000 (83%)]	Loss: 0.021184
Train Epoch: 81 [55000/60000 (92%)]	Loss: 0.008697
Train Epoch: 81 [60000/60000 (100%)]	Loss: 0.010680

Average Training loss: 0.0003, Training Error Rate: 1.37% (822/60000)


Average Test loss: 0.0000, Test Error Rate: 2.36% (236/10000)

Train Epoch: 82 [5000/60000 (8%)]	Loss: 0.006672
Train Epoch: 82 [10000/60000 (17%)]	Loss: 0.009021
Train Epoch: 82 [15000/60000 (25%)]	Loss: 0.017991
Train Epoch: 82 [20000/60000 (33%)]	Loss: 0.006785
Train Epoch: 82 [25000/60000 (42%)]	Loss: 0.017391
Train Epoch: 82 [30000/60000 (50%)]	Loss: 0.039371
Train Epoch: 82 [35000/60000 (58%)]	Loss: 0.007504
Train Epoch: 82 [40000/60000 (67%)]	Loss: 0.019786
Train Epoch: 82 [45000/60000 (75%)]	Loss: 0.005114
Train Epoch: 82 [50000/60000 (83%)]	Loss: 0.012480
Train Epoch: 82 [55000/60000 (92%)]	Loss: 0.010276
Train Epoch: 82 [60000/60000 (100%)]	Loss: 0.020411

Average Training loss: 0.0003, Training Error Rate: 1.36% (818/60000)


Average Test loss: 0.0000, Test Error Rate: 2.35% (235/10000)

Train Epoch: 83 [5000/60000 (8%)]	Loss: 0.045096
Train Epoch: 83 [10000/60000 (17%)]	Loss: 0.002502
Train Epoch: 83 [15000/60000 (25%)]	Loss: 0.013164
Train Epoch: 83 [20000/60000 (33%)]	Loss: 0.032251
Train Epoch: 83 [25000/60000 (42%)]	Loss: 0.006536
Train Epoch: 83 [30000/60000 (50%)]	Loss: 0.010467
Train Epoch: 83 [35000/60000 (58%)]	Loss: 0.002057
Train Epoch: 83 [40000/60000 (67%)]	Loss: 0.030307
Train Epoch: 83 [45000/60000 (75%)]	Loss: 0.030872
Train Epoch: 83 [50000/60000 (83%)]	Loss: 0.036652
Train Epoch: 83 [55000/60000 (92%)]	Loss: 0.029434
Train Epoch: 83 [60000/60000 (100%)]	Loss: 0.028509

Average Training loss: 0.0003, Training Error Rate: 1.32% (792/60000)


Average Test loss: 0.0000, Test Error Rate: 2.34% (234/10000)

Train Epoch: 84 [5000/60000 (8%)]	Loss: 0.008461
Train Epoch: 84 [10000/60000 (17%)]	Loss: 0.034005
Train Epoch: 84 [15000/60000 (25%)]	Loss: 0.011083
Train Epoch: 84 [20000/60000 (33%)]	Loss: 0.017593
Train Epoch: 84 [25000/60000 (42%)]	Loss: 0.018498
Train Epoch: 84 [30000/60000 (50%)]	Loss: 0.019470
Train Epoch: 84 [35000/60000 (58%)]	Loss: 0.020656
Train Epoch: 84 [40000/60000 (67%)]	Loss: 0.011307
Train Epoch: 84 [45000/60000 (75%)]	Loss: 0.014814
Train Epoch: 84 [50000/60000 (83%)]	Loss: 0.010188
Train Epoch: 84 [55000/60000 (92%)]	Loss: 0.049004
Train Epoch: 84 [60000/60000 (100%)]	Loss: 0.009031

Average Training loss: 0.0003, Training Error Rate: 1.31% (788/60000)


Average Test loss: 0.0000, Test Error Rate: 2.34% (234/10000)

Train Epoch: 85 [5000/60000 (8%)]	Loss: 0.030269
Train Epoch: 85 [10000/60000 (17%)]	Loss: 0.002864
Train Epoch: 85 [15000/60000 (25%)]	Loss: 0.016484
Train Epoch: 85 [20000/60000 (33%)]	Loss: 0.023400
Train Epoch: 85 [25000/60000 (42%)]	Loss: 0.005409
Train Epoch: 85 [30000/60000 (50%)]	Loss: 0.007232
Train Epoch: 85 [35000/60000 (58%)]	Loss: 0.024485
Train Epoch: 85 [40000/60000 (67%)]	Loss: 0.021961
Train Epoch: 85 [45000/60000 (75%)]	Loss: 0.014411
Train Epoch: 85 [50000/60000 (83%)]	Loss: 0.009463
Train Epoch: 85 [55000/60000 (92%)]	Loss: 0.009746
Train Epoch: 85 [60000/60000 (100%)]	Loss: 0.011806

Average Training loss: 0.0003, Training Error Rate: 1.30% (781/60000)


Average Test loss: 0.0000, Test Error Rate: 2.31% (231/10000)

Train Epoch: 86 [5000/60000 (8%)]	Loss: 0.019294
Train Epoch: 86 [10000/60000 (17%)]	Loss: 0.022318
Train Epoch: 86 [15000/60000 (25%)]	Loss: 0.003866
Train Epoch: 86 [20000/60000 (33%)]	Loss: 0.005360
Train Epoch: 86 [25000/60000 (42%)]	Loss: 0.013924
Train Epoch: 86 [30000/60000 (50%)]	Loss: 0.027352
Train Epoch: 86 [35000/60000 (58%)]	Loss: 0.003028
Train Epoch: 86 [40000/60000 (67%)]	Loss: 0.017820
Train Epoch: 86 [45000/60000 (75%)]	Loss: 0.013135
Train Epoch: 86 [50000/60000 (83%)]	Loss: 0.025439
Train Epoch: 86 [55000/60000 (92%)]	Loss: 0.007965
Train Epoch: 86 [60000/60000 (100%)]	Loss: 0.017690

Average Training loss: 0.0003, Training Error Rate: 1.29% (777/60000)


Average Test loss: 0.0000, Test Error Rate: 2.29% (229/10000)

Train Epoch: 87 [5000/60000 (8%)]	Loss: 0.035314
Train Epoch: 87 [10000/60000 (17%)]	Loss: 0.015357
Train Epoch: 87 [15000/60000 (25%)]	Loss: 0.016933
Train Epoch: 87 [20000/60000 (33%)]	Loss: 0.002181
Train Epoch: 87 [25000/60000 (42%)]	Loss: 0.037423
Train Epoch: 87 [30000/60000 (50%)]	Loss: 0.015690
Train Epoch: 87 [35000/60000 (58%)]	Loss: 0.000981
Train Epoch: 87 [40000/60000 (67%)]	Loss: 0.012941
Train Epoch: 87 [45000/60000 (75%)]	Loss: 0.013968
Train Epoch: 87 [50000/60000 (83%)]	Loss: 0.015657
Train Epoch: 87 [55000/60000 (92%)]	Loss: 0.010948
Train Epoch: 87 [60000/60000 (100%)]	Loss: 0.019762

Average Training loss: 0.0003, Training Error Rate: 1.28% (769/60000)


Average Test loss: 0.0000, Test Error Rate: 2.28% (228/10000)

Train Epoch: 88 [5000/60000 (8%)]	Loss: 0.023393
Train Epoch: 88 [10000/60000 (17%)]	Loss: 0.005245
Train Epoch: 88 [15000/60000 (25%)]	Loss: 0.011207
Train Epoch: 88 [20000/60000 (33%)]	Loss: 0.010088
Train Epoch: 88 [25000/60000 (42%)]	Loss: 0.014270
Train Epoch: 88 [30000/60000 (50%)]	Loss: 0.008047
Train Epoch: 88 [35000/60000 (58%)]	Loss: 0.029421
Train Epoch: 88 [40000/60000 (67%)]	Loss: 0.003843
Train Epoch: 88 [45000/60000 (75%)]	Loss: 0.009484
Train Epoch: 88 [50000/60000 (83%)]	Loss: 0.015277
Train Epoch: 88 [55000/60000 (92%)]	Loss: 0.007316
Train Epoch: 88 [60000/60000 (100%)]	Loss: 0.030214

Average Training loss: 0.0003, Training Error Rate: 1.26% (757/60000)


Average Test loss: 0.0000, Test Error Rate: 2.31% (231/10000)

Train Epoch: 89 [5000/60000 (8%)]	Loss: 0.008365
Train Epoch: 89 [10000/60000 (17%)]	Loss: 0.018835
Train Epoch: 89 [15000/60000 (25%)]	Loss: 0.004514
Train Epoch: 89 [20000/60000 (33%)]	Loss: 0.003096
Train Epoch: 89 [25000/60000 (42%)]	Loss: 0.018292
Train Epoch: 89 [30000/60000 (50%)]	Loss: 0.008087
Train Epoch: 89 [35000/60000 (58%)]	Loss: 0.026706
Train Epoch: 89 [40000/60000 (67%)]	Loss: 0.009038
Train Epoch: 89 [45000/60000 (75%)]	Loss: 0.013870
Train Epoch: 89 [50000/60000 (83%)]	Loss: 0.016756
Train Epoch: 89 [55000/60000 (92%)]	Loss: 0.015806
Train Epoch: 89 [60000/60000 (100%)]	Loss: 0.010360

Average Training loss: 0.0003, Training Error Rate: 1.24% (745/60000)


Average Test loss: 0.0000, Test Error Rate: 2.26% (226/10000)

Train Epoch: 90 [5000/60000 (8%)]	Loss: 0.014431
Train Epoch: 90 [10000/60000 (17%)]	Loss: 0.010626
Train Epoch: 90 [15000/60000 (25%)]	Loss: 0.026666
Train Epoch: 90 [20000/60000 (33%)]	Loss: 0.015639
Train Epoch: 90 [25000/60000 (42%)]	Loss: 0.010255
Train Epoch: 90 [30000/60000 (50%)]	Loss: 0.026639
Train Epoch: 90 [35000/60000 (58%)]	Loss: 0.002548
Train Epoch: 90 [40000/60000 (67%)]	Loss: 0.028701
Train Epoch: 90 [45000/60000 (75%)]	Loss: 0.039835
Train Epoch: 90 [50000/60000 (83%)]	Loss: 0.002767
Train Epoch: 90 [55000/60000 (92%)]	Loss: 0.015479
Train Epoch: 90 [60000/60000 (100%)]	Loss: 0.005157

Average Training loss: 0.0003, Training Error Rate: 1.24% (744/60000)


Average Test loss: 0.0000, Test Error Rate: 2.24% (224/10000)

Train Epoch: 91 [5000/60000 (8%)]	Loss: 0.027545
Train Epoch: 91 [10000/60000 (17%)]	Loss: 0.023136
Train Epoch: 91 [15000/60000 (25%)]	Loss: 0.012357
Train Epoch: 91 [20000/60000 (33%)]	Loss: 0.026801
Train Epoch: 91 [25000/60000 (42%)]	Loss: 0.011338
Train Epoch: 91 [30000/60000 (50%)]	Loss: 0.016704
Train Epoch: 91 [35000/60000 (58%)]	Loss: 0.008778
Train Epoch: 91 [40000/60000 (67%)]	Loss: 0.009508
Train Epoch: 91 [45000/60000 (75%)]	Loss: 0.020722
Train Epoch: 91 [50000/60000 (83%)]	Loss: 0.017212
Train Epoch: 91 [55000/60000 (92%)]	Loss: 0.005316
Train Epoch: 91 [60000/60000 (100%)]	Loss: 0.021863

Average Training loss: 0.0003, Training Error Rate: 1.21% (725/60000)


Average Test loss: 0.0000, Test Error Rate: 2.21% (221/10000)

Train Epoch: 92 [5000/60000 (8%)]	Loss: 0.008146
Train Epoch: 92 [10000/60000 (17%)]	Loss: 0.011001
Train Epoch: 92 [15000/60000 (25%)]	Loss: 0.002437
Train Epoch: 92 [20000/60000 (33%)]	Loss: 0.007772
Train Epoch: 92 [25000/60000 (42%)]	Loss: 0.000511
Train Epoch: 92 [30000/60000 (50%)]	Loss: 0.010430
Train Epoch: 92 [35000/60000 (58%)]	Loss: 0.013461
Train Epoch: 92 [40000/60000 (67%)]	Loss: 0.011122
Train Epoch: 92 [45000/60000 (75%)]	Loss: 0.011790
Train Epoch: 92 [50000/60000 (83%)]	Loss: 0.017969
Train Epoch: 92 [55000/60000 (92%)]	Loss: 0.006565
Train Epoch: 92 [60000/60000 (100%)]	Loss: 0.019028

Average Training loss: 0.0003, Training Error Rate: 1.20% (719/60000)


Average Test loss: 0.0000, Test Error Rate: 2.20% (220/10000)

Train Epoch: 93 [5000/60000 (8%)]	Loss: 0.030483
Train Epoch: 93 [10000/60000 (17%)]	Loss: 0.021256
Train Epoch: 93 [15000/60000 (25%)]	Loss: 0.024612
Train Epoch: 93 [20000/60000 (33%)]	Loss: 0.008751
Train Epoch: 93 [25000/60000 (42%)]	Loss: 0.004030
Train Epoch: 93 [30000/60000 (50%)]	Loss: 0.013698
Train Epoch: 93 [35000/60000 (58%)]	Loss: 0.023802
Train Epoch: 93 [40000/60000 (67%)]	Loss: 0.020459
Train Epoch: 93 [45000/60000 (75%)]	Loss: 0.017787
Train Epoch: 93 [50000/60000 (83%)]	Loss: 0.003910
Train Epoch: 93 [55000/60000 (92%)]	Loss: 0.024891
Train Epoch: 93 [60000/60000 (100%)]	Loss: 0.017151

Average Training loss: 0.0003, Training Error Rate: 1.21% (723/60000)


Average Test loss: 0.0000, Test Error Rate: 2.27% (227/10000)

Train Epoch: 94 [5000/60000 (8%)]	Loss: 0.007286
Train Epoch: 94 [10000/60000 (17%)]	Loss: 0.022258
Train Epoch: 94 [15000/60000 (25%)]	Loss: 0.002997
Train Epoch: 94 [20000/60000 (33%)]	Loss: 0.010735
Train Epoch: 94 [25000/60000 (42%)]	Loss: 0.007527
Train Epoch: 94 [30000/60000 (50%)]	Loss: 0.012151
Train Epoch: 94 [35000/60000 (58%)]	Loss: 0.007174
Train Epoch: 94 [40000/60000 (67%)]	Loss: 0.022341
Train Epoch: 94 [45000/60000 (75%)]	Loss: 0.021932
Train Epoch: 94 [50000/60000 (83%)]	Loss: 0.003143
Train Epoch: 94 [55000/60000 (92%)]	Loss: 0.004123
Train Epoch: 94 [60000/60000 (100%)]	Loss: 0.011741

Average Training loss: 0.0003, Training Error Rate: 1.18% (710/60000)


Average Test loss: 0.0000, Test Error Rate: 2.31% (231/10000)

Train Epoch: 95 [5000/60000 (8%)]	Loss: 0.012182
Train Epoch: 95 [10000/60000 (17%)]	Loss: 0.006350
Train Epoch: 95 [15000/60000 (25%)]	Loss: 0.006121
Train Epoch: 95 [20000/60000 (33%)]	Loss: 0.009103
Train Epoch: 95 [25000/60000 (42%)]	Loss: 0.012656
Train Epoch: 95 [30000/60000 (50%)]	Loss: 0.032067
Train Epoch: 95 [35000/60000 (58%)]	Loss: 0.019819
Train Epoch: 95 [40000/60000 (67%)]	Loss: 0.010135
Train Epoch: 95 [45000/60000 (75%)]	Loss: 0.017346
Train Epoch: 95 [50000/60000 (83%)]	Loss: 0.002311
Train Epoch: 95 [55000/60000 (92%)]	Loss: 0.001773
Train Epoch: 95 [60000/60000 (100%)]	Loss: 0.018267

Average Training loss: 0.0003, Training Error Rate: 1.19% (714/60000)


Average Test loss: 0.0000, Test Error Rate: 2.16% (216/10000)

Train Epoch: 96 [5000/60000 (8%)]	Loss: 0.016861
Train Epoch: 96 [10000/60000 (17%)]	Loss: 0.006957
Train Epoch: 96 [15000/60000 (25%)]	Loss: 0.013235
Train Epoch: 96 [20000/60000 (33%)]	Loss: 0.004400
Train Epoch: 96 [25000/60000 (42%)]	Loss: 0.025400
Train Epoch: 96 [30000/60000 (50%)]	Loss: 0.010897
Train Epoch: 96 [35000/60000 (58%)]	Loss: 0.015722
Train Epoch: 96 [40000/60000 (67%)]	Loss: 0.012277
Train Epoch: 96 [45000/60000 (75%)]	Loss: 0.009155
Train Epoch: 96 [50000/60000 (83%)]	Loss: 0.007724
Train Epoch: 96 [55000/60000 (92%)]	Loss: 0.015617
Train Epoch: 96 [60000/60000 (100%)]	Loss: 0.031353

Average Training loss: 0.0003, Training Error Rate: 1.16% (695/60000)


Average Test loss: 0.0000, Test Error Rate: 2.18% (218/10000)

Train Epoch: 97 [5000/60000 (8%)]	Loss: 0.011107
Train Epoch: 97 [10000/60000 (17%)]	Loss: 0.008075
Train Epoch: 97 [15000/60000 (25%)]	Loss: 0.012488
Train Epoch: 97 [20000/60000 (33%)]	Loss: 0.009983
Train Epoch: 97 [25000/60000 (42%)]	Loss: 0.030683
Train Epoch: 97 [30000/60000 (50%)]	Loss: 0.033211
Train Epoch: 97 [35000/60000 (58%)]	Loss: 0.020204
Train Epoch: 97 [40000/60000 (67%)]	Loss: 0.006493
Train Epoch: 97 [45000/60000 (75%)]	Loss: 0.008907
Train Epoch: 97 [50000/60000 (83%)]	Loss: 0.008198
Train Epoch: 97 [55000/60000 (92%)]	Loss: 0.005244
Train Epoch: 97 [60000/60000 (100%)]	Loss: 0.029381

Average Training loss: 0.0003, Training Error Rate: 1.14% (683/60000)


Average Test loss: 0.0000, Test Error Rate: 2.30% (230/10000)

Train Epoch: 98 [5000/60000 (8%)]	Loss: 0.011627
Train Epoch: 98 [10000/60000 (17%)]	Loss: 0.004368
Train Epoch: 98 [15000/60000 (25%)]	Loss: 0.004266
Train Epoch: 98 [20000/60000 (33%)]	Loss: 0.015605
Train Epoch: 98 [25000/60000 (42%)]	Loss: 0.003837
Train Epoch: 98 [30000/60000 (50%)]	Loss: 0.023949
Train Epoch: 98 [35000/60000 (58%)]	Loss: 0.010800
Train Epoch: 98 [40000/60000 (67%)]	Loss: 0.007748
Train Epoch: 98 [45000/60000 (75%)]	Loss: 0.033270
Train Epoch: 98 [50000/60000 (83%)]	Loss: 0.010321
Train Epoch: 98 [55000/60000 (92%)]	Loss: 0.007874
Train Epoch: 98 [60000/60000 (100%)]	Loss: 0.003554

Average Training loss: 0.0003, Training Error Rate: 1.15% (687/60000)


Average Test loss: 0.0000, Test Error Rate: 2.17% (217/10000)

Train Epoch: 99 [5000/60000 (8%)]	Loss: 0.014857
Train Epoch: 99 [10000/60000 (17%)]	Loss: 0.015642
Train Epoch: 99 [15000/60000 (25%)]	Loss: 0.020952
Train Epoch: 99 [20000/60000 (33%)]	Loss: 0.018528
Train Epoch: 99 [25000/60000 (42%)]	Loss: 0.008811
Train Epoch: 99 [30000/60000 (50%)]	Loss: 0.000749
Train Epoch: 99 [35000/60000 (58%)]	Loss: 0.005357
Train Epoch: 99 [40000/60000 (67%)]	Loss: 0.010480
Train Epoch: 99 [45000/60000 (75%)]	Loss: 0.027233
Train Epoch: 99 [50000/60000 (83%)]	Loss: 0.008916
Train Epoch: 99 [55000/60000 (92%)]	Loss: 0.016067
Train Epoch: 99 [60000/60000 (100%)]	Loss: 0.014252

Average Training loss: 0.0003, Training Error Rate: 1.13% (679/60000)


Average Test loss: 0.0000, Test Error Rate: 2.23% (223/10000)

/vast/home/ajherman/miniconda3/envs/pytorch/lib/python3.11/site-packages/torchvision/io/image.py:13: UserWarning: Failed to load image Python extension: '/vast/home/ajherman/miniconda3/envs/pytorch/lib/python3.11/site-packages/torchvision/image.so: undefined symbol: _ZN5torch3jit17parseSchemaOrNameERKNSt7__cxx1112basic_stringIcSt11char_traitsIcESaIcEEE'If you don't plan on using image functionality from `torchvision.io`, you can ignore this warning. Otherwise, there might be something wrong with your environment. Did you have `libjpeg` or `libpng` installed before building `torchvision` from source?
  warn(
Random seed set as 42
dt =  0.2340716616353513
trace decay =  0.6703200460356393
Random seed set as 42
Random seed set as 42
dt =  0.2340716616353513
trace decay =  0.6703200460356393
Random seed set as 42
/vast/home/ajherman/miniconda3/envs/pytorch/lib/python3.11/site-packages/torchvision/io/image.py:13: UserWarning: Failed to load image Python extension: '/vast/home/ajherman/miniconda3/envs/pytorch/lib/python3.11/site-packages/torchvision/image.so: undefined symbol: _ZN5torch3jit17parseSchemaOrNameERKNSt7__cxx1112basic_stringIcSt11char_traitsIcESaIcEEE'If you don't plan on using image functionality from `torchvision.io`, you can ignore this warning. Otherwise, there might be something wrong with your environment. Did you have `libjpeg` or `libpng` installed before building `torchvision` from source?
  warn(
Random seed set as 42
dt =  0.2340716616353513
trace decay =  0.6703200460356392
Random seed set as 42
Random seed set as 42
dt =  0.2340716616353513
trace decay =  0.6703200460356392
Random seed set as 42
