/vast/home/ajherman/miniconda3/envs/pytorch/lib/python3.11/site-packages/torchvision/io/image.py:13: UserWarning: Failed to load image Python extension: '/vast/home/ajherman/miniconda3/envs/pytorch/lib/python3.11/site-packages/torchvision/image.so: undefined symbol: _ZN5torch3jit17parseSchemaOrNameERKNSt7__cxx1112basic_stringIcSt11char_traitsIcESaIcEEE'If you don't plan on using image functionality from `torchvision.io`, you can ignore this warning. Otherwise, there might be something wrong with your environment. Did you have `libjpeg` or `libpng` installed before building `torchvision` from source?
  warn(
Random seed set as 42
dt =  0.14785621103378865
trace decay =  0.6187833918061408
Random seed set as 42
Random seed set as 42
dt =  0.14785621103378865
trace decay =  0.6187833918061408
Random seed set as 42
Train Epoch: 0 [5000/60000 (8%)]	Loss: 0.281055
Train Epoch: 0 [10000/60000 (17%)]	Loss: 0.231082
Train Epoch: 0 [15000/60000 (25%)]	Loss: 0.152120
Train Epoch: 0 [20000/60000 (33%)]	Loss: 0.158632
Train Epoch: 0 [25000/60000 (42%)]	Loss: 0.140466
Train Epoch: 0 [30000/60000 (50%)]	Loss: 0.142081
Train Epoch: 0 [35000/60000 (58%)]	Loss: 0.083477
Train Epoch: 0 [40000/60000 (67%)]	Loss: 0.084274
Train Epoch: 0 [45000/60000 (75%)]	Loss: 0.106191
Train Epoch: 0 [50000/60000 (83%)]	Loss: 0.110682
Train Epoch: 0 [55000/60000 (92%)]	Loss: 0.149865
Train Epoch: 0 [60000/60000 (100%)]	Loss: 0.073919

Average Training loss: 0.0031, Training Error Rate: 16.39% (9834/60000)


Average Test loss: 0.0001, Test Error Rate: 9.74% (974/10000)

Train Epoch: 1 [5000/60000 (8%)]	Loss: 0.104820
Train Epoch: 1 [10000/60000 (17%)]	Loss: 0.089024
Train Epoch: 1 [15000/60000 (25%)]	Loss: 0.074665
Train Epoch: 1 [20000/60000 (33%)]	Loss: 0.074922
Train Epoch: 1 [25000/60000 (42%)]	Loss: 0.077467
Train Epoch: 1 [30000/60000 (50%)]	Loss: 0.074748
Train Epoch: 1 [35000/60000 (58%)]	Loss: 0.072695
Train Epoch: 1 [40000/60000 (67%)]	Loss: 0.091521
Train Epoch: 1 [45000/60000 (75%)]	Loss: 0.078085
Train Epoch: 1 [50000/60000 (83%)]	Loss: 0.110680
Train Epoch: 1 [55000/60000 (92%)]	Loss: 0.083174
Train Epoch: 1 [60000/60000 (100%)]	Loss: 0.055008

Average Training loss: 0.0018, Training Error Rate: 9.51% (5704/60000)


Average Test loss: 0.0001, Test Error Rate: 7.89% (789/10000)

Train Epoch: 2 [5000/60000 (8%)]	Loss: 0.090617
Train Epoch: 2 [10000/60000 (17%)]	Loss: 0.088438
Train Epoch: 2 [15000/60000 (25%)]	Loss: 0.126970
Train Epoch: 2 [20000/60000 (33%)]	Loss: 0.059760
Train Epoch: 2 [25000/60000 (42%)]	Loss: 0.094780
Train Epoch: 2 [30000/60000 (50%)]	Loss: 0.057561
Train Epoch: 2 [35000/60000 (58%)]	Loss: 0.087947
Train Epoch: 2 [40000/60000 (67%)]	Loss: 0.076910
Train Epoch: 2 [45000/60000 (75%)]	Loss: 0.088480
Train Epoch: 2 [50000/60000 (83%)]	Loss: 0.112797
Train Epoch: 2 [55000/60000 (92%)]	Loss: 0.139012
Train Epoch: 2 [60000/60000 (100%)]	Loss: 0.089458

Average Training loss: 0.0015, Training Error Rate: 8.26% (4954/60000)


Average Test loss: 0.0001, Test Error Rate: 7.45% (745/10000)

Train Epoch: 3 [5000/60000 (8%)]	Loss: 0.094706
Train Epoch: 3 [10000/60000 (17%)]	Loss: 0.111655
Train Epoch: 3 [15000/60000 (25%)]	Loss: 0.052984
Train Epoch: 3 [20000/60000 (33%)]	Loss: 0.061493
Train Epoch: 3 [25000/60000 (42%)]	Loss: 0.072609
Train Epoch: 3 [30000/60000 (50%)]	Loss: 0.069761
Train Epoch: 3 [35000/60000 (58%)]	Loss: 0.051088
Train Epoch: 3 [40000/60000 (67%)]	Loss: 0.063191
Train Epoch: 3 [45000/60000 (75%)]	Loss: 0.072792
Train Epoch: 3 [50000/60000 (83%)]	Loss: 0.075803
Train Epoch: 3 [55000/60000 (92%)]	Loss: 0.110929
Train Epoch: 3 [60000/60000 (100%)]	Loss: 0.070758

Average Training loss: 0.0014, Training Error Rate: 7.41% (4447/60000)


Average Test loss: 0.0001, Test Error Rate: 6.69% (669/10000)

Train Epoch: 4 [5000/60000 (8%)]	Loss: 0.069657
Train Epoch: 4 [10000/60000 (17%)]	Loss: 0.071802
Train Epoch: 4 [15000/60000 (25%)]	Loss: 0.038369
Train Epoch: 4 [20000/60000 (33%)]	Loss: 0.057050
Train Epoch: 4 [25000/60000 (42%)]	Loss: 0.060467
Train Epoch: 4 [30000/60000 (50%)]	Loss: 0.025315
Train Epoch: 4 [35000/60000 (58%)]	Loss: 0.059007
Train Epoch: 4 [40000/60000 (67%)]	Loss: 0.068581
Train Epoch: 4 [45000/60000 (75%)]	Loss: 0.069819
Train Epoch: 4 [50000/60000 (83%)]	Loss: 0.062577
Train Epoch: 4 [55000/60000 (92%)]	Loss: 0.048095
Train Epoch: 4 [60000/60000 (100%)]	Loss: 0.027811

Average Training loss: 0.0013, Training Error Rate: 6.80% (4079/60000)


Average Test loss: 0.0001, Test Error Rate: 6.39% (639/10000)

Train Epoch: 5 [5000/60000 (8%)]	Loss: 0.080543
Train Epoch: 5 [10000/60000 (17%)]	Loss: 0.035667
Train Epoch: 5 [15000/60000 (25%)]	Loss: 0.064190
Train Epoch: 5 [20000/60000 (33%)]	Loss: 0.079816
Train Epoch: 5 [25000/60000 (42%)]	Loss: 0.060995
Train Epoch: 5 [30000/60000 (50%)]	Loss: 0.051569
Train Epoch: 5 [35000/60000 (58%)]	Loss: 0.079780
Train Epoch: 5 [40000/60000 (67%)]	Loss: 0.073807
Train Epoch: 5 [45000/60000 (75%)]	Loss: 0.065050
Train Epoch: 5 [50000/60000 (83%)]	Loss: 0.056524
Train Epoch: 5 [55000/60000 (92%)]	Loss: 0.037279
Train Epoch: 5 [60000/60000 (100%)]	Loss: 0.074278

Average Training loss: 0.0012, Training Error Rate: 6.30% (3778/60000)


Average Test loss: 0.0001, Test Error Rate: 6.02% (602/10000)

Train Epoch: 6 [5000/60000 (8%)]	Loss: 0.094438
Train Epoch: 6 [10000/60000 (17%)]	Loss: 0.068384
Train Epoch: 6 [15000/60000 (25%)]	Loss: 0.019848
Train Epoch: 6 [20000/60000 (33%)]	Loss: 0.062176
Train Epoch: 6 [25000/60000 (42%)]	Loss: 0.069777
Train Epoch: 6 [30000/60000 (50%)]	Loss: 0.028071
Train Epoch: 6 [35000/60000 (58%)]	Loss: 0.047538
Train Epoch: 6 [40000/60000 (67%)]	Loss: 0.034660
Train Epoch: 6 [45000/60000 (75%)]	Loss: 0.062220
Train Epoch: 6 [50000/60000 (83%)]	Loss: 0.064732
Train Epoch: 6 [55000/60000 (92%)]	Loss: 0.062870
Train Epoch: 6 [60000/60000 (100%)]	Loss: 0.048719

Average Training loss: 0.0011, Training Error Rate: 5.95% (3569/60000)


Average Test loss: 0.0001, Test Error Rate: 5.74% (574/10000)

Train Epoch: 7 [5000/60000 (8%)]	Loss: 0.044531
Train Epoch: 7 [10000/60000 (17%)]	Loss: 0.037582
Train Epoch: 7 [15000/60000 (25%)]	Loss: 0.049420
Train Epoch: 7 [20000/60000 (33%)]	Loss: 0.062431
Train Epoch: 7 [25000/60000 (42%)]	Loss: 0.052000
Train Epoch: 7 [30000/60000 (50%)]	Loss: 0.037270
Train Epoch: 7 [35000/60000 (58%)]	Loss: 0.014978
Train Epoch: 7 [40000/60000 (67%)]	Loss: 0.053949
Train Epoch: 7 [45000/60000 (75%)]	Loss: 0.033903
Train Epoch: 7 [50000/60000 (83%)]	Loss: 0.087043
Train Epoch: 7 [55000/60000 (92%)]	Loss: 0.044621
Train Epoch: 7 [60000/60000 (100%)]	Loss: 0.067917

Average Training loss: 0.0011, Training Error Rate: 5.70% (3420/60000)


Average Test loss: 0.0001, Test Error Rate: 5.39% (539/10000)

Train Epoch: 8 [5000/60000 (8%)]	Loss: 0.041796
Train Epoch: 8 [10000/60000 (17%)]	Loss: 0.055194
Train Epoch: 8 [15000/60000 (25%)]	Loss: 0.063142
Train Epoch: 8 [20000/60000 (33%)]	Loss: 0.062793
Train Epoch: 8 [25000/60000 (42%)]	Loss: 0.045297
Train Epoch: 8 [30000/60000 (50%)]	Loss: 0.037105
Train Epoch: 8 [35000/60000 (58%)]	Loss: 0.012222
Train Epoch: 8 [40000/60000 (67%)]	Loss: 0.053731
Train Epoch: 8 [45000/60000 (75%)]	Loss: 0.045681
Train Epoch: 8 [50000/60000 (83%)]	Loss: 0.046907
Train Epoch: 8 [55000/60000 (92%)]	Loss: 0.053333
Train Epoch: 8 [60000/60000 (100%)]	Loss: 0.025653

Average Training loss: 0.0010, Training Error Rate: 5.42% (3255/60000)


Average Test loss: 0.0000, Test Error Rate: 5.30% (530/10000)

Train Epoch: 9 [5000/60000 (8%)]	Loss: 0.068246
Train Epoch: 9 [10000/60000 (17%)]	Loss: 0.052453
Train Epoch: 9 [15000/60000 (25%)]	Loss: 0.045528
Train Epoch: 9 [20000/60000 (33%)]	Loss: 0.050633
Train Epoch: 9 [25000/60000 (42%)]	Loss: 0.047274
Train Epoch: 9 [30000/60000 (50%)]	Loss: 0.057822
Train Epoch: 9 [35000/60000 (58%)]	Loss: 0.048765
Train Epoch: 9 [40000/60000 (67%)]	Loss: 0.045007
Train Epoch: 9 [45000/60000 (75%)]	Loss: 0.048024
Train Epoch: 9 [50000/60000 (83%)]	Loss: 0.040875
Train Epoch: 9 [55000/60000 (92%)]	Loss: 0.049909
Train Epoch: 9 [60000/60000 (100%)]	Loss: 0.030640

Average Training loss: 0.0010, Training Error Rate: 5.11% (3068/60000)


Average Test loss: 0.0000, Test Error Rate: 4.94% (494/10000)

Train Epoch: 10 [5000/60000 (8%)]	Loss: 0.039591
Train Epoch: 10 [10000/60000 (17%)]	Loss: 0.029875
Train Epoch: 10 [15000/60000 (25%)]	Loss: 0.025115
Train Epoch: 10 [20000/60000 (33%)]	Loss: 0.037293
Train Epoch: 10 [25000/60000 (42%)]	Loss: 0.026677
Train Epoch: 10 [30000/60000 (50%)]	Loss: 0.038432
Train Epoch: 10 [35000/60000 (58%)]	Loss: 0.045574
Train Epoch: 10 [40000/60000 (67%)]	Loss: 0.065707
Train Epoch: 10 [45000/60000 (75%)]	Loss: 0.036496
Train Epoch: 10 [50000/60000 (83%)]	Loss: 0.051938
Train Epoch: 10 [55000/60000 (92%)]	Loss: 0.038767
Train Epoch: 10 [60000/60000 (100%)]	Loss: 0.022589

Average Training loss: 0.0009, Training Error Rate: 4.87% (2922/60000)


Average Test loss: 0.0000, Test Error Rate: 4.82% (482/10000)

Train Epoch: 11 [5000/60000 (8%)]	Loss: 0.045537
Train Epoch: 11 [10000/60000 (17%)]	Loss: 0.032303
Train Epoch: 11 [15000/60000 (25%)]	Loss: 0.048914
Train Epoch: 11 [20000/60000 (33%)]	Loss: 0.056041
Train Epoch: 11 [25000/60000 (42%)]	Loss: 0.048639
Train Epoch: 11 [30000/60000 (50%)]	Loss: 0.034806
Train Epoch: 11 [35000/60000 (58%)]	Loss: 0.086025
Train Epoch: 11 [40000/60000 (67%)]	Loss: 0.065563
Train Epoch: 11 [45000/60000 (75%)]	Loss: 0.041764
Train Epoch: 11 [50000/60000 (83%)]	Loss: 0.026252
Train Epoch: 11 [55000/60000 (92%)]	Loss: 0.054260
Train Epoch: 11 [60000/60000 (100%)]	Loss: 0.045703

Average Training loss: 0.0009, Training Error Rate: 4.69% (2813/60000)


Average Test loss: 0.0000, Test Error Rate: 4.71% (471/10000)

Train Epoch: 12 [5000/60000 (8%)]	Loss: 0.048913
Train Epoch: 12 [10000/60000 (17%)]	Loss: 0.049686
Train Epoch: 12 [15000/60000 (25%)]	Loss: 0.044438
Train Epoch: 12 [20000/60000 (33%)]	Loss: 0.058073
Train Epoch: 12 [25000/60000 (42%)]	Loss: 0.034555
Train Epoch: 12 [30000/60000 (50%)]	Loss: 0.082870
Train Epoch: 12 [35000/60000 (58%)]	Loss: 0.066113
Train Epoch: 12 [40000/60000 (67%)]	Loss: 0.052122
Train Epoch: 12 [45000/60000 (75%)]	Loss: 0.038380
Train Epoch: 12 [50000/60000 (83%)]	Loss: 0.031641
Train Epoch: 12 [55000/60000 (92%)]	Loss: 0.059136
Train Epoch: 12 [60000/60000 (100%)]	Loss: 0.049397

Average Training loss: 0.0009, Training Error Rate: 4.48% (2687/60000)


Average Test loss: 0.0000, Test Error Rate: 4.60% (460/10000)

Train Epoch: 13 [5000/60000 (8%)]	Loss: 0.040119
Train Epoch: 13 [10000/60000 (17%)]	Loss: 0.036997
Train Epoch: 13 [15000/60000 (25%)]	Loss: 0.017265
Train Epoch: 13 [20000/60000 (33%)]	Loss: 0.024403
Train Epoch: 13 [25000/60000 (42%)]	Loss: 0.046776
Train Epoch: 13 [30000/60000 (50%)]	Loss: 0.020010
Train Epoch: 13 [35000/60000 (58%)]	Loss: 0.040172
Train Epoch: 13 [40000/60000 (67%)]	Loss: 0.029171
Train Epoch: 13 [45000/60000 (75%)]	Loss: 0.038911
Train Epoch: 13 [50000/60000 (83%)]	Loss: 0.028947
Train Epoch: 13 [55000/60000 (92%)]	Loss: 0.065293
Train Epoch: 13 [60000/60000 (100%)]	Loss: 0.034527

Average Training loss: 0.0008, Training Error Rate: 4.40% (2638/60000)


Average Test loss: 0.0000, Test Error Rate: 4.38% (438/10000)

Train Epoch: 14 [5000/60000 (8%)]	Loss: 0.043622
Train Epoch: 14 [10000/60000 (17%)]	Loss: 0.013348
Train Epoch: 14 [15000/60000 (25%)]	Loss: 0.041150
Train Epoch: 14 [20000/60000 (33%)]	Loss: 0.054717
Train Epoch: 14 [25000/60000 (42%)]	Loss: 0.045087
Train Epoch: 14 [30000/60000 (50%)]	Loss: 0.043843
Train Epoch: 14 [35000/60000 (58%)]	Loss: 0.051813
Train Epoch: 14 [40000/60000 (67%)]	Loss: 0.053275
Train Epoch: 14 [45000/60000 (75%)]	Loss: 0.025932
Train Epoch: 14 [50000/60000 (83%)]	Loss: 0.018978
Train Epoch: 14 [55000/60000 (92%)]	Loss: 0.054961
Train Epoch: 14 [60000/60000 (100%)]	Loss: 0.046805

Average Training loss: 0.0008, Training Error Rate: 4.15% (2491/60000)


Average Test loss: 0.0000, Test Error Rate: 4.25% (425/10000)

Train Epoch: 15 [5000/60000 (8%)]	Loss: 0.020565
Train Epoch: 15 [10000/60000 (17%)]	Loss: 0.026199
Train Epoch: 15 [15000/60000 (25%)]	Loss: 0.050172
Train Epoch: 15 [20000/60000 (33%)]	Loss: 0.056314
Train Epoch: 15 [25000/60000 (42%)]	Loss: 0.060339
Train Epoch: 15 [30000/60000 (50%)]	Loss: 0.017246
Train Epoch: 15 [35000/60000 (58%)]	Loss: 0.053180
Train Epoch: 15 [40000/60000 (67%)]	Loss: 0.058778
Train Epoch: 15 [45000/60000 (75%)]	Loss: 0.011364
Train Epoch: 15 [50000/60000 (83%)]	Loss: 0.023263
Train Epoch: 15 [55000/60000 (92%)]	Loss: 0.038149
Train Epoch: 15 [60000/60000 (100%)]	Loss: 0.023287

Average Training loss: 0.0008, Training Error Rate: 4.05% (2431/60000)


Average Test loss: 0.0000, Test Error Rate: 4.08% (408/10000)

Train Epoch: 16 [5000/60000 (8%)]	Loss: 0.028958
Train Epoch: 16 [10000/60000 (17%)]	Loss: 0.039716
Train Epoch: 16 [15000/60000 (25%)]	Loss: 0.041942
Train Epoch: 16 [20000/60000 (33%)]	Loss: 0.033664
Train Epoch: 16 [25000/60000 (42%)]	Loss: 0.017205
Train Epoch: 16 [30000/60000 (50%)]	Loss: 0.028710
Train Epoch: 16 [35000/60000 (58%)]	Loss: 0.064852
Train Epoch: 16 [40000/60000 (67%)]	Loss: 0.050784
Train Epoch: 16 [45000/60000 (75%)]	Loss: 0.027690
Train Epoch: 16 [50000/60000 (83%)]	Loss: 0.041763
Train Epoch: 16 [55000/60000 (92%)]	Loss: 0.041122
Train Epoch: 16 [60000/60000 (100%)]	Loss: 0.062877

Average Training loss: 0.0008, Training Error Rate: 3.95% (2368/60000)


Average Test loss: 0.0000, Test Error Rate: 4.22% (422/10000)

Train Epoch: 17 [5000/60000 (8%)]	Loss: 0.046877
Train Epoch: 17 [10000/60000 (17%)]	Loss: 0.042625
Train Epoch: 17 [15000/60000 (25%)]	Loss: 0.042798
Train Epoch: 17 [20000/60000 (33%)]	Loss: 0.042594
Train Epoch: 17 [25000/60000 (42%)]	Loss: 0.012267
Train Epoch: 17 [30000/60000 (50%)]	Loss: 0.027711
Train Epoch: 17 [35000/60000 (58%)]	Loss: 0.040109
Train Epoch: 17 [40000/60000 (67%)]	Loss: 0.036466
Train Epoch: 17 [45000/60000 (75%)]	Loss: 0.033452
Train Epoch: 17 [50000/60000 (83%)]	Loss: 0.032476
Train Epoch: 17 [55000/60000 (92%)]	Loss: 0.006232
Train Epoch: 17 [60000/60000 (100%)]	Loss: 0.032258

Average Training loss: 0.0007, Training Error Rate: 3.83% (2295/60000)


Average Test loss: 0.0000, Test Error Rate: 3.95% (395/10000)

Train Epoch: 18 [5000/60000 (8%)]	Loss: 0.035930
Train Epoch: 18 [10000/60000 (17%)]	Loss: 0.023751
Train Epoch: 18 [15000/60000 (25%)]	Loss: 0.052145
Train Epoch: 18 [20000/60000 (33%)]	Loss: 0.017133
Train Epoch: 18 [25000/60000 (42%)]	Loss: 0.032530
Train Epoch: 18 [30000/60000 (50%)]	Loss: 0.064358
Train Epoch: 18 [35000/60000 (58%)]	Loss: 0.015970
Train Epoch: 18 [40000/60000 (67%)]	Loss: 0.036210
Train Epoch: 18 [45000/60000 (75%)]	Loss: 0.039034
Train Epoch: 18 [50000/60000 (83%)]	Loss: 0.036146
Train Epoch: 18 [55000/60000 (92%)]	Loss: 0.039599
Train Epoch: 18 [60000/60000 (100%)]	Loss: 0.036486

Average Training loss: 0.0007, Training Error Rate: 3.71% (2223/60000)


Average Test loss: 0.0000, Test Error Rate: 3.99% (399/10000)

Train Epoch: 19 [5000/60000 (8%)]	Loss: 0.048893
Train Epoch: 19 [10000/60000 (17%)]	Loss: 0.054936
Train Epoch: 19 [15000/60000 (25%)]	Loss: 0.016116
Train Epoch: 19 [20000/60000 (33%)]	Loss: 0.059495
Train Epoch: 19 [25000/60000 (42%)]	Loss: 0.035255
Train Epoch: 19 [30000/60000 (50%)]	Loss: 0.023620
Train Epoch: 19 [35000/60000 (58%)]	Loss: 0.067261
Train Epoch: 19 [40000/60000 (67%)]	Loss: 0.033518
Train Epoch: 19 [45000/60000 (75%)]	Loss: 0.052667
Train Epoch: 19 [50000/60000 (83%)]	Loss: 0.014491
Train Epoch: 19 [55000/60000 (92%)]	Loss: 0.041914
Train Epoch: 19 [60000/60000 (100%)]	Loss: 0.013583

Average Training loss: 0.0007, Training Error Rate: 3.57% (2143/60000)


Average Test loss: 0.0000, Test Error Rate: 3.79% (379/10000)

Train Epoch: 20 [5000/60000 (8%)]	Loss: 0.033120
Train Epoch: 20 [10000/60000 (17%)]	Loss: 0.041995
Train Epoch: 20 [15000/60000 (25%)]	Loss: 0.029362
Train Epoch: 20 [20000/60000 (33%)]	Loss: 0.054382
Train Epoch: 20 [25000/60000 (42%)]	Loss: 0.036136
Train Epoch: 20 [30000/60000 (50%)]	Loss: 0.033939
Train Epoch: 20 [35000/60000 (58%)]	Loss: 0.013565
Train Epoch: 20 [40000/60000 (67%)]	Loss: 0.042635
Train Epoch: 20 [45000/60000 (75%)]	Loss: 0.033087
Train Epoch: 20 [50000/60000 (83%)]	Loss: 0.025937
Train Epoch: 20 [55000/60000 (92%)]	Loss: 0.037006
Train Epoch: 20 [60000/60000 (100%)]	Loss: 0.026972

Average Training loss: 0.0007, Training Error Rate: 3.54% (2123/60000)


Average Test loss: 0.0000, Test Error Rate: 3.75% (375/10000)

Train Epoch: 21 [5000/60000 (8%)]	Loss: 0.024065
Train Epoch: 21 [10000/60000 (17%)]	Loss: 0.038552
Train Epoch: 21 [15000/60000 (25%)]	Loss: 0.064803
Train Epoch: 21 [20000/60000 (33%)]	Loss: 0.023235
Train Epoch: 21 [25000/60000 (42%)]	Loss: 0.015718
Train Epoch: 21 [30000/60000 (50%)]	Loss: 0.017354
Train Epoch: 21 [35000/60000 (58%)]	Loss: 0.037995
Train Epoch: 21 [40000/60000 (67%)]	Loss: 0.047668
Train Epoch: 21 [45000/60000 (75%)]	Loss: 0.059322
Train Epoch: 21 [50000/60000 (83%)]	Loss: 0.030943
Train Epoch: 21 [55000/60000 (92%)]	Loss: 0.027564
Train Epoch: 21 [60000/60000 (100%)]	Loss: 0.015946

Average Training loss: 0.0007, Training Error Rate: 3.42% (2055/60000)


Average Test loss: 0.0000, Test Error Rate: 3.62% (362/10000)

Train Epoch: 22 [5000/60000 (8%)]	Loss: 0.034684
Train Epoch: 22 [10000/60000 (17%)]	Loss: 0.024988
Train Epoch: 22 [15000/60000 (25%)]	Loss: 0.038534
Train Epoch: 22 [20000/60000 (33%)]	Loss: 0.030512
Train Epoch: 22 [25000/60000 (42%)]	Loss: 0.025163
Train Epoch: 22 [30000/60000 (50%)]	Loss: 0.024472
Train Epoch: 22 [35000/60000 (58%)]	Loss: 0.056849
Train Epoch: 22 [40000/60000 (67%)]	Loss: 0.039917
Train Epoch: 22 [45000/60000 (75%)]	Loss: 0.042565
Train Epoch: 22 [50000/60000 (83%)]	Loss: 0.039784
Train Epoch: 22 [55000/60000 (92%)]	Loss: 0.021388
Train Epoch: 22 [60000/60000 (100%)]	Loss: 0.031192

Average Training loss: 0.0006, Training Error Rate: 3.28% (1969/60000)


Average Test loss: 0.0000, Test Error Rate: 3.60% (360/10000)

Train Epoch: 23 [5000/60000 (8%)]	Loss: 0.022616
Train Epoch: 23 [10000/60000 (17%)]	Loss: 0.061813
Train Epoch: 23 [15000/60000 (25%)]	Loss: 0.036598
Train Epoch: 23 [20000/60000 (33%)]	Loss: 0.048427
Train Epoch: 23 [25000/60000 (42%)]	Loss: 0.019662
Train Epoch: 23 [30000/60000 (50%)]	Loss: 0.014236
Train Epoch: 23 [35000/60000 (58%)]	Loss: 0.065766
Train Epoch: 23 [40000/60000 (67%)]	Loss: 0.048053
Train Epoch: 23 [45000/60000 (75%)]	Loss: 0.043517
Train Epoch: 23 [50000/60000 (83%)]	Loss: 0.030582
Train Epoch: 23 [55000/60000 (92%)]	Loss: 0.030429
Train Epoch: 23 [60000/60000 (100%)]	Loss: 0.035790

Average Training loss: 0.0006, Training Error Rate: 3.27% (1960/60000)


Average Test loss: 0.0000, Test Error Rate: 3.62% (362/10000)

Train Epoch: 24 [5000/60000 (8%)]	Loss: 0.020303
Train Epoch: 24 [10000/60000 (17%)]	Loss: 0.035320
Train Epoch: 24 [15000/60000 (25%)]	Loss: 0.029934
Train Epoch: 24 [20000/60000 (33%)]	Loss: 0.017165
Train Epoch: 24 [25000/60000 (42%)]	Loss: 0.070457
Train Epoch: 24 [30000/60000 (50%)]	Loss: 0.044545
Train Epoch: 24 [35000/60000 (58%)]	Loss: 0.033455
Train Epoch: 24 [40000/60000 (67%)]	Loss: 0.031092
Train Epoch: 24 [45000/60000 (75%)]	Loss: 0.028705
Train Epoch: 24 [50000/60000 (83%)]	Loss: 0.032306
Train Epoch: 24 [55000/60000 (92%)]	Loss: 0.032624
Train Epoch: 24 [60000/60000 (100%)]	Loss: 0.041690

Average Training loss: 0.0006, Training Error Rate: 3.16% (1897/60000)


Average Test loss: 0.0000, Test Error Rate: 3.46% (346/10000)

Train Epoch: 25 [5000/60000 (8%)]	Loss: 0.029091
Train Epoch: 25 [10000/60000 (17%)]	Loss: 0.039045
Train Epoch: 25 [15000/60000 (25%)]	Loss: 0.002958
Train Epoch: 25 [20000/60000 (33%)]	Loss: 0.016086
Train Epoch: 25 [25000/60000 (42%)]	Loss: 0.060330
Train Epoch: 25 [30000/60000 (50%)]	Loss: 0.018807
Train Epoch: 25 [35000/60000 (58%)]	Loss: 0.021125
Train Epoch: 25 [40000/60000 (67%)]	Loss: 0.016695
Train Epoch: 25 [45000/60000 (75%)]	Loss: 0.008717
Train Epoch: 25 [50000/60000 (83%)]	Loss: 0.011197
Train Epoch: 25 [55000/60000 (92%)]	Loss: 0.030893
Train Epoch: 25 [60000/60000 (100%)]	Loss: 0.027021

Average Training loss: 0.0006, Training Error Rate: 3.08% (1847/60000)


Average Test loss: 0.0000, Test Error Rate: 3.39% (339/10000)

Train Epoch: 26 [5000/60000 (8%)]	Loss: 0.021560
Train Epoch: 26 [10000/60000 (17%)]	Loss: 0.044638
Train Epoch: 26 [15000/60000 (25%)]	Loss: 0.010987
Train Epoch: 26 [20000/60000 (33%)]	Loss: 0.034155
Train Epoch: 26 [25000/60000 (42%)]	Loss: 0.014343
Train Epoch: 26 [30000/60000 (50%)]	Loss: 0.031137
Train Epoch: 26 [35000/60000 (58%)]	Loss: 0.061944
Train Epoch: 26 [40000/60000 (67%)]	Loss: 0.028808
Train Epoch: 26 [45000/60000 (75%)]	Loss: 0.039817
Train Epoch: 26 [50000/60000 (83%)]	Loss: 0.052999
Train Epoch: 26 [55000/60000 (92%)]	Loss: 0.014876
Train Epoch: 26 [60000/60000 (100%)]	Loss: 0.039647

Average Training loss: 0.0006, Training Error Rate: 3.03% (1820/60000)


Average Test loss: 0.0000, Test Error Rate: 3.37% (337/10000)

Train Epoch: 27 [5000/60000 (8%)]	Loss: 0.019156
Train Epoch: 27 [10000/60000 (17%)]	Loss: 0.059789
Train Epoch: 27 [15000/60000 (25%)]	Loss: 0.024361
Train Epoch: 27 [20000/60000 (33%)]	Loss: 0.008315
Train Epoch: 27 [25000/60000 (42%)]	Loss: 0.018532
Train Epoch: 27 [30000/60000 (50%)]	Loss: 0.032344
Train Epoch: 27 [35000/60000 (58%)]	Loss: 0.046424
Train Epoch: 27 [40000/60000 (67%)]	Loss: 0.029857
Train Epoch: 27 [45000/60000 (75%)]	Loss: 0.025092
Train Epoch: 27 [50000/60000 (83%)]	Loss: 0.027734
Train Epoch: 27 [55000/60000 (92%)]	Loss: 0.023588
Train Epoch: 27 [60000/60000 (100%)]	Loss: 0.030060

Average Training loss: 0.0006, Training Error Rate: 2.97% (1780/60000)


Average Test loss: 0.0000, Test Error Rate: 3.35% (335/10000)

Train Epoch: 28 [5000/60000 (8%)]	Loss: 0.023412
Train Epoch: 28 [10000/60000 (17%)]	Loss: 0.059613
Train Epoch: 28 [15000/60000 (25%)]	Loss: 0.043201
Train Epoch: 28 [20000/60000 (33%)]	Loss: 0.007868
Train Epoch: 28 [25000/60000 (42%)]	Loss: 0.037166
Train Epoch: 28 [30000/60000 (50%)]	Loss: 0.023617
Train Epoch: 28 [35000/60000 (58%)]	Loss: 0.043948
Train Epoch: 28 [40000/60000 (67%)]	Loss: 0.053644
Train Epoch: 28 [45000/60000 (75%)]	Loss: 0.017539
Train Epoch: 28 [50000/60000 (83%)]	Loss: 0.015635
Train Epoch: 28 [55000/60000 (92%)]	Loss: 0.044092
Train Epoch: 28 [60000/60000 (100%)]	Loss: 0.038809

Average Training loss: 0.0006, Training Error Rate: 2.90% (1741/60000)


Average Test loss: 0.0000, Test Error Rate: 3.40% (340/10000)

Train Epoch: 29 [5000/60000 (8%)]	Loss: 0.026807
Train Epoch: 29 [10000/60000 (17%)]	Loss: 0.026987
Train Epoch: 29 [15000/60000 (25%)]	Loss: 0.026707
Train Epoch: 29 [20000/60000 (33%)]	Loss: 0.009505
Train Epoch: 29 [25000/60000 (42%)]	Loss: 0.009506
Train Epoch: 29 [30000/60000 (50%)]	Loss: 0.020008
Train Epoch: 29 [35000/60000 (58%)]	Loss: 0.047325
Train Epoch: 29 [40000/60000 (67%)]	Loss: 0.052350
Train Epoch: 29 [45000/60000 (75%)]	Loss: 0.044327
Train Epoch: 29 [50000/60000 (83%)]	Loss: 0.036074
Train Epoch: 29 [55000/60000 (92%)]	Loss: 0.049694
Train Epoch: 29 [60000/60000 (100%)]	Loss: 0.044052

Average Training loss: 0.0006, Training Error Rate: 2.81% (1686/60000)


Average Test loss: 0.0000, Test Error Rate: 3.26% (326/10000)

Train Epoch: 30 [5000/60000 (8%)]	Loss: 0.017606
Train Epoch: 30 [10000/60000 (17%)]	Loss: 0.045957
Train Epoch: 30 [15000/60000 (25%)]	Loss: 0.020445
Train Epoch: 30 [20000/60000 (33%)]	Loss: 0.029821
Train Epoch: 30 [25000/60000 (42%)]	Loss: 0.040118
Train Epoch: 30 [30000/60000 (50%)]	Loss: 0.015816
Train Epoch: 30 [35000/60000 (58%)]	Loss: 0.017989
Train Epoch: 30 [40000/60000 (67%)]	Loss: 0.068451
Train Epoch: 30 [45000/60000 (75%)]	Loss: 0.050410
Train Epoch: 30 [50000/60000 (83%)]	Loss: 0.053003
Train Epoch: 30 [55000/60000 (92%)]	Loss: 0.015460
Train Epoch: 30 [60000/60000 (100%)]	Loss: 0.035578

Average Training loss: 0.0006, Training Error Rate: 2.75% (1651/60000)


Average Test loss: 0.0000, Test Error Rate: 3.23% (323/10000)

Train Epoch: 31 [5000/60000 (8%)]	Loss: 0.060094
Train Epoch: 31 [10000/60000 (17%)]	Loss: 0.028698
Train Epoch: 31 [15000/60000 (25%)]	Loss: 0.050754
Train Epoch: 31 [20000/60000 (33%)]	Loss: 0.027213
Train Epoch: 31 [25000/60000 (42%)]	Loss: 0.010987
Train Epoch: 31 [30000/60000 (50%)]	Loss: 0.019204
Train Epoch: 31 [35000/60000 (58%)]	Loss: 0.044080
Train Epoch: 31 [40000/60000 (67%)]	Loss: 0.018392
Train Epoch: 31 [45000/60000 (75%)]	Loss: 0.035574
Train Epoch: 31 [50000/60000 (83%)]	Loss: 0.034973
Train Epoch: 31 [55000/60000 (92%)]	Loss: 0.008101
Train Epoch: 31 [60000/60000 (100%)]	Loss: 0.009444

Average Training loss: 0.0005, Training Error Rate: 2.69% (1614/60000)


Average Test loss: 0.0000, Test Error Rate: 3.18% (318/10000)

Train Epoch: 32 [5000/60000 (8%)]	Loss: 0.023363
Train Epoch: 32 [10000/60000 (17%)]	Loss: 0.012521
Train Epoch: 32 [15000/60000 (25%)]	Loss: 0.017146
Train Epoch: 32 [20000/60000 (33%)]	Loss: 0.019009
Train Epoch: 32 [25000/60000 (42%)]	Loss: 0.067110
Train Epoch: 32 [30000/60000 (50%)]	Loss: 0.015694
Train Epoch: 32 [35000/60000 (58%)]	Loss: 0.007460
Train Epoch: 32 [40000/60000 (67%)]	Loss: 0.060280
Train Epoch: 32 [45000/60000 (75%)]	Loss: 0.028293
Train Epoch: 32 [50000/60000 (83%)]	Loss: 0.015086
Train Epoch: 32 [55000/60000 (92%)]	Loss: 0.033285
Train Epoch: 32 [60000/60000 (100%)]	Loss: 0.020039

Average Training loss: 0.0005, Training Error Rate: 2.66% (1594/60000)


Average Test loss: 0.0000, Test Error Rate: 3.22% (322/10000)

Train Epoch: 33 [5000/60000 (8%)]	Loss: 0.018472
Train Epoch: 33 [10000/60000 (17%)]	Loss: 0.012478
Train Epoch: 33 [15000/60000 (25%)]	Loss: 0.039971
Train Epoch: 33 [20000/60000 (33%)]	Loss: 0.034816
Train Epoch: 33 [25000/60000 (42%)]	Loss: 0.033218
Train Epoch: 33 [30000/60000 (50%)]	Loss: 0.027051
Train Epoch: 33 [35000/60000 (58%)]	Loss: 0.013602
Train Epoch: 33 [40000/60000 (67%)]	Loss: 0.014040
Train Epoch: 33 [45000/60000 (75%)]	Loss: 0.018798
Train Epoch: 33 [50000/60000 (83%)]	Loss: 0.010622
Train Epoch: 33 [55000/60000 (92%)]	Loss: 0.015915
Train Epoch: 33 [60000/60000 (100%)]	Loss: 0.020517

Average Training loss: 0.0005, Training Error Rate: 2.58% (1550/60000)


Average Test loss: 0.0000, Test Error Rate: 3.08% (308/10000)

Train Epoch: 34 [5000/60000 (8%)]	Loss: 0.017606
Train Epoch: 34 [10000/60000 (17%)]	Loss: 0.010088
Train Epoch: 34 [15000/60000 (25%)]	Loss: 0.007268
Train Epoch: 34 [20000/60000 (33%)]	Loss: 0.015817
Train Epoch: 34 [25000/60000 (42%)]	Loss: 0.015465
Train Epoch: 34 [30000/60000 (50%)]	Loss: 0.040372
Train Epoch: 34 [35000/60000 (58%)]	Loss: 0.023119
Train Epoch: 34 [40000/60000 (67%)]	Loss: 0.016943
Train Epoch: 34 [45000/60000 (75%)]	Loss: 0.016357
Train Epoch: 34 [50000/60000 (83%)]	Loss: 0.028289
Train Epoch: 34 [55000/60000 (92%)]	Loss: 0.018188
Train Epoch: 34 [60000/60000 (100%)]	Loss: 0.008854

Average Training loss: 0.0005, Training Error Rate: 2.54% (1526/60000)


Average Test loss: 0.0000, Test Error Rate: 3.12% (312/10000)

Train Epoch: 35 [5000/60000 (8%)]	Loss: 0.009758
Train Epoch: 35 [10000/60000 (17%)]	Loss: 0.028849
Train Epoch: 35 [15000/60000 (25%)]	Loss: 0.047986
Train Epoch: 35 [20000/60000 (33%)]	Loss: 0.009213
Train Epoch: 35 [25000/60000 (42%)]	Loss: 0.028262
Train Epoch: 35 [30000/60000 (50%)]	Loss: 0.015451
Train Epoch: 35 [35000/60000 (58%)]	Loss: 0.036756
Train Epoch: 35 [40000/60000 (67%)]	Loss: 0.016071
Train Epoch: 35 [45000/60000 (75%)]	Loss: 0.007030
Train Epoch: 35 [50000/60000 (83%)]	Loss: 0.018609
Train Epoch: 35 [55000/60000 (92%)]	Loss: 0.028483
Train Epoch: 35 [60000/60000 (100%)]	Loss: 0.019523

Average Training loss: 0.0005, Training Error Rate: 2.49% (1495/60000)


Average Test loss: 0.0000, Test Error Rate: 3.12% (312/10000)

Train Epoch: 36 [5000/60000 (8%)]	Loss: 0.017172
Train Epoch: 36 [10000/60000 (17%)]	Loss: 0.043241
Train Epoch: 36 [15000/60000 (25%)]	Loss: 0.033209
Train Epoch: 36 [20000/60000 (33%)]	Loss: 0.004705
Train Epoch: 36 [25000/60000 (42%)]	Loss: 0.016722
Train Epoch: 36 [30000/60000 (50%)]	Loss: 0.015247
Train Epoch: 36 [35000/60000 (58%)]	Loss: 0.038953
Train Epoch: 36 [40000/60000 (67%)]	Loss: 0.018615
Train Epoch: 36 [45000/60000 (75%)]	Loss: 0.043737
Train Epoch: 36 [50000/60000 (83%)]	Loss: 0.024774
Train Epoch: 36 [55000/60000 (92%)]	Loss: 0.010097
Train Epoch: 36 [60000/60000 (100%)]	Loss: 0.010625

Average Training loss: 0.0005, Training Error Rate: 2.46% (1479/60000)


Average Test loss: 0.0000, Test Error Rate: 3.11% (311/10000)

Train Epoch: 37 [5000/60000 (8%)]	Loss: 0.022426
Train Epoch: 37 [10000/60000 (17%)]	Loss: 0.009526
Train Epoch: 37 [15000/60000 (25%)]	Loss: 0.040824
Train Epoch: 37 [20000/60000 (33%)]	Loss: 0.062519
Train Epoch: 37 [25000/60000 (42%)]	Loss: 0.018579
Train Epoch: 37 [30000/60000 (50%)]	Loss: 0.048038
Train Epoch: 37 [35000/60000 (58%)]	Loss: 0.036223
Train Epoch: 37 [40000/60000 (67%)]	Loss: 0.032499
Train Epoch: 37 [45000/60000 (75%)]	Loss: 0.010065
Train Epoch: 37 [50000/60000 (83%)]	Loss: 0.031912
Train Epoch: 37 [55000/60000 (92%)]	Loss: 0.009042
Train Epoch: 37 [60000/60000 (100%)]	Loss: 0.025179

Average Training loss: 0.0005, Training Error Rate: 2.44% (1461/60000)


Average Test loss: 0.0000, Test Error Rate: 3.04% (304/10000)

Train Epoch: 38 [5000/60000 (8%)]	Loss: 0.013227
Train Epoch: 38 [10000/60000 (17%)]	Loss: 0.004318
Train Epoch: 38 [15000/60000 (25%)]	Loss: 0.016561
Train Epoch: 38 [20000/60000 (33%)]	Loss: 0.042401
Train Epoch: 38 [25000/60000 (42%)]	Loss: 0.031875
Train Epoch: 38 [30000/60000 (50%)]	Loss: 0.060488
Train Epoch: 38 [35000/60000 (58%)]	Loss: 0.014936
Train Epoch: 38 [40000/60000 (67%)]	Loss: 0.015833
Train Epoch: 38 [45000/60000 (75%)]	Loss: 0.035916
Train Epoch: 38 [50000/60000 (83%)]	Loss: 0.029822
Train Epoch: 38 [55000/60000 (92%)]	Loss: 0.026810
Train Epoch: 38 [60000/60000 (100%)]	Loss: 0.016548

Average Training loss: 0.0005, Training Error Rate: 2.36% (1417/60000)


Average Test loss: 0.0000, Test Error Rate: 2.83% (283/10000)

Train Epoch: 39 [5000/60000 (8%)]	Loss: 0.020469
Train Epoch: 39 [10000/60000 (17%)]	Loss: 0.019307
Train Epoch: 39 [15000/60000 (25%)]	Loss: 0.026309
Train Epoch: 39 [20000/60000 (33%)]	Loss: 0.039620
Train Epoch: 39 [25000/60000 (42%)]	Loss: 0.021425
Train Epoch: 39 [30000/60000 (50%)]	Loss: 0.015233
Train Epoch: 39 [35000/60000 (58%)]	Loss: 0.027154
Train Epoch: 39 [40000/60000 (67%)]	Loss: 0.026146
Train Epoch: 39 [45000/60000 (75%)]	Loss: 0.024440
Train Epoch: 39 [50000/60000 (83%)]	Loss: 0.028777
Train Epoch: 39 [55000/60000 (92%)]	Loss: 0.032911
Train Epoch: 39 [60000/60000 (100%)]	Loss: 0.053571

Average Training loss: 0.0005, Training Error Rate: 2.32% (1393/60000)


Average Test loss: 0.0000, Test Error Rate: 2.97% (297/10000)

Train Epoch: 40 [5000/60000 (8%)]	Loss: 0.025387
Train Epoch: 40 [10000/60000 (17%)]	Loss: 0.004938
Train Epoch: 40 [15000/60000 (25%)]	Loss: 0.026390
Train Epoch: 40 [20000/60000 (33%)]	Loss: 0.023282
Train Epoch: 40 [25000/60000 (42%)]	Loss: 0.023243
Train Epoch: 40 [30000/60000 (50%)]	Loss: 0.008560
Train Epoch: 40 [35000/60000 (58%)]	Loss: 0.018817
Train Epoch: 40 [40000/60000 (67%)]	Loss: 0.016783
Train Epoch: 40 [45000/60000 (75%)]	Loss: 0.023132
Train Epoch: 40 [50000/60000 (83%)]	Loss: 0.032767
Train Epoch: 40 [55000/60000 (92%)]	Loss: 0.014413
Train Epoch: 40 [60000/60000 (100%)]	Loss: 0.038526

Average Training loss: 0.0005, Training Error Rate: 2.30% (1381/60000)


Average Test loss: 0.0000, Test Error Rate: 2.91% (291/10000)

Train Epoch: 41 [5000/60000 (8%)]	Loss: 0.023972
Train Epoch: 41 [10000/60000 (17%)]	Loss: 0.025022
Train Epoch: 41 [15000/60000 (25%)]	Loss: 0.030024
Train Epoch: 41 [20000/60000 (33%)]	Loss: 0.021419
Train Epoch: 41 [25000/60000 (42%)]	Loss: 0.018353
Train Epoch: 41 [30000/60000 (50%)]	Loss: 0.024297
Train Epoch: 41 [35000/60000 (58%)]	Loss: 0.021632
Train Epoch: 41 [40000/60000 (67%)]	Loss: 0.012407
Train Epoch: 41 [45000/60000 (75%)]	Loss: 0.015211
Train Epoch: 41 [50000/60000 (83%)]	Loss: 0.028766
Train Epoch: 41 [55000/60000 (92%)]	Loss: 0.035252
Train Epoch: 41 [60000/60000 (100%)]	Loss: 0.025137

Average Training loss: 0.0005, Training Error Rate: 2.26% (1358/60000)


Average Test loss: 0.0000, Test Error Rate: 2.85% (285/10000)

Train Epoch: 42 [5000/60000 (8%)]	Loss: 0.014804
Train Epoch: 42 [10000/60000 (17%)]	Loss: 0.013895
Train Epoch: 42 [15000/60000 (25%)]	Loss: 0.034072
Train Epoch: 42 [20000/60000 (33%)]	Loss: 0.028020
Train Epoch: 42 [25000/60000 (42%)]	Loss: 0.031484
Train Epoch: 42 [30000/60000 (50%)]	Loss: 0.025890
Train Epoch: 42 [35000/60000 (58%)]	Loss: 0.025078
Train Epoch: 42 [40000/60000 (67%)]	Loss: 0.023708
Train Epoch: 42 [45000/60000 (75%)]	Loss: 0.029417
Train Epoch: 42 [50000/60000 (83%)]	Loss: 0.020831
Train Epoch: 42 [55000/60000 (92%)]	Loss: 0.011833
Train Epoch: 42 [60000/60000 (100%)]	Loss: 0.013829

Average Training loss: 0.0005, Training Error Rate: 2.21% (1329/60000)


Average Test loss: 0.0000, Test Error Rate: 2.84% (284/10000)

Train Epoch: 43 [5000/60000 (8%)]	Loss: 0.009787
Train Epoch: 43 [10000/60000 (17%)]	Loss: 0.016349
Train Epoch: 43 [15000/60000 (25%)]	Loss: 0.032552
Train Epoch: 43 [20000/60000 (33%)]	Loss: 0.022818
Train Epoch: 43 [25000/60000 (42%)]	Loss: 0.017128
Train Epoch: 43 [30000/60000 (50%)]	Loss: 0.019261
Train Epoch: 43 [35000/60000 (58%)]	Loss: 0.023119
Train Epoch: 43 [40000/60000 (67%)]	Loss: 0.021864
Train Epoch: 43 [45000/60000 (75%)]	Loss: 0.014160
Train Epoch: 43 [50000/60000 (83%)]	Loss: 0.027577
Train Epoch: 43 [55000/60000 (92%)]	Loss: 0.023015
Train Epoch: 43 [60000/60000 (100%)]	Loss: 0.012588

Average Training loss: 0.0004, Training Error Rate: 2.19% (1312/60000)


Average Test loss: 0.0000, Test Error Rate: 2.84% (284/10000)

Train Epoch: 44 [5000/60000 (8%)]	Loss: 0.010458
Train Epoch: 44 [10000/60000 (17%)]	Loss: 0.031919
Train Epoch: 44 [15000/60000 (25%)]	Loss: 0.050746
Train Epoch: 44 [20000/60000 (33%)]	Loss: 0.029899
Train Epoch: 44 [25000/60000 (42%)]	Loss: 0.025164
Train Epoch: 44 [30000/60000 (50%)]	Loss: 0.022223
Train Epoch: 44 [35000/60000 (58%)]	Loss: 0.022507
Train Epoch: 44 [40000/60000 (67%)]	Loss: 0.063843
Train Epoch: 44 [45000/60000 (75%)]	Loss: 0.014230
Train Epoch: 44 [50000/60000 (83%)]	Loss: 0.027135
Train Epoch: 44 [55000/60000 (92%)]	Loss: 0.050345
Train Epoch: 44 [60000/60000 (100%)]	Loss: 0.015794

Average Training loss: 0.0004, Training Error Rate: 2.15% (1290/60000)


Average Test loss: 0.0000, Test Error Rate: 2.69% (269/10000)

Train Epoch: 45 [5000/60000 (8%)]	Loss: 0.021835
Train Epoch: 45 [10000/60000 (17%)]	Loss: 0.006011
Train Epoch: 45 [15000/60000 (25%)]	Loss: 0.006601
Train Epoch: 45 [20000/60000 (33%)]	Loss: 0.011913
Train Epoch: 45 [25000/60000 (42%)]	Loss: 0.006597
Train Epoch: 45 [30000/60000 (50%)]	Loss: 0.030740
Train Epoch: 45 [35000/60000 (58%)]	Loss: 0.016080
Train Epoch: 45 [40000/60000 (67%)]	Loss: 0.027897
Train Epoch: 45 [45000/60000 (75%)]	Loss: 0.022819
Train Epoch: 45 [50000/60000 (83%)]	Loss: 0.019957
Train Epoch: 45 [55000/60000 (92%)]	Loss: 0.032585
Train Epoch: 45 [60000/60000 (100%)]	Loss: 0.002912

Average Training loss: 0.0004, Training Error Rate: 2.12% (1273/60000)


Average Test loss: 0.0000, Test Error Rate: 2.77% (277/10000)

Train Epoch: 46 [5000/60000 (8%)]	Loss: 0.014885
Train Epoch: 46 [10000/60000 (17%)]	Loss: 0.009919
Train Epoch: 46 [15000/60000 (25%)]	Loss: 0.016840
Train Epoch: 46 [20000/60000 (33%)]	Loss: 0.013862
Train Epoch: 46 [25000/60000 (42%)]	Loss: 0.044264
Train Epoch: 46 [30000/60000 (50%)]	Loss: 0.006900
Train Epoch: 46 [35000/60000 (58%)]	Loss: 0.028989
Train Epoch: 46 [40000/60000 (67%)]	Loss: 0.037085
Train Epoch: 46 [45000/60000 (75%)]	Loss: 0.019476
Train Epoch: 46 [50000/60000 (83%)]	Loss: 0.043133
Train Epoch: 46 [55000/60000 (92%)]	Loss: 0.028039
Train Epoch: 46 [60000/60000 (100%)]	Loss: 0.009179

Average Training loss: 0.0004, Training Error Rate: 2.08% (1246/60000)


Average Test loss: 0.0000, Test Error Rate: 2.66% (266/10000)

Train Epoch: 47 [5000/60000 (8%)]	Loss: 0.014877
Train Epoch: 47 [10000/60000 (17%)]	Loss: 0.022746
Train Epoch: 47 [15000/60000 (25%)]	Loss: 0.025649
Train Epoch: 47 [20000/60000 (33%)]	Loss: 0.016160
Train Epoch: 47 [25000/60000 (42%)]	Loss: 0.015684
Train Epoch: 47 [30000/60000 (50%)]	Loss: 0.034053
Train Epoch: 47 [35000/60000 (58%)]	Loss: 0.042177
Train Epoch: 47 [40000/60000 (67%)]	Loss: 0.010467
Train Epoch: 47 [45000/60000 (75%)]	Loss: 0.023029
Train Epoch: 47 [50000/60000 (83%)]	Loss: 0.012052
Train Epoch: 47 [55000/60000 (92%)]	Loss: 0.017881
Train Epoch: 47 [60000/60000 (100%)]	Loss: 0.051969

Average Training loss: 0.0004, Training Error Rate: 2.04% (1225/60000)


Average Test loss: 0.0000, Test Error Rate: 2.75% (275/10000)

Train Epoch: 48 [5000/60000 (8%)]	Loss: 0.018281
Train Epoch: 48 [10000/60000 (17%)]	Loss: 0.035196
Train Epoch: 48 [15000/60000 (25%)]	Loss: 0.014962
Train Epoch: 48 [20000/60000 (33%)]	Loss: 0.014501
Train Epoch: 48 [25000/60000 (42%)]	Loss: 0.036259
Train Epoch: 48 [30000/60000 (50%)]	Loss: 0.027866
Train Epoch: 48 [35000/60000 (58%)]	Loss: 0.021625
Train Epoch: 48 [40000/60000 (67%)]	Loss: 0.013037
Train Epoch: 48 [45000/60000 (75%)]	Loss: 0.040876
Train Epoch: 48 [50000/60000 (83%)]	Loss: 0.019239
Train Epoch: 48 [55000/60000 (92%)]	Loss: 0.016434
Train Epoch: 48 [60000/60000 (100%)]	Loss: 0.013808

Average Training loss: 0.0004, Training Error Rate: 2.00% (1199/60000)


Average Test loss: 0.0000, Test Error Rate: 2.67% (267/10000)

Train Epoch: 49 [5000/60000 (8%)]	Loss: 0.032763
Train Epoch: 49 [10000/60000 (17%)]	Loss: 0.026102
Train Epoch: 49 [15000/60000 (25%)]	Loss: 0.007289
Train Epoch: 49 [20000/60000 (33%)]	Loss: 0.019010
Train Epoch: 49 [25000/60000 (42%)]	Loss: 0.035998
Train Epoch: 49 [30000/60000 (50%)]	Loss: 0.017383
Train Epoch: 49 [35000/60000 (58%)]	Loss: 0.002555
Train Epoch: 49 [40000/60000 (67%)]	Loss: 0.031399
Train Epoch: 49 [45000/60000 (75%)]	Loss: 0.019246
Train Epoch: 49 [50000/60000 (83%)]	Loss: 0.004464
Train Epoch: 49 [55000/60000 (92%)]	Loss: 0.010274
Train Epoch: 49 [60000/60000 (100%)]	Loss: 0.019680

Average Training loss: 0.0004, Training Error Rate: 1.99% (1193/60000)


Average Test loss: 0.0000, Test Error Rate: 2.73% (273/10000)

Train Epoch: 50 [5000/60000 (8%)]	Loss: 0.033048
Train Epoch: 50 [10000/60000 (17%)]	Loss: 0.019012
Train Epoch: 50 [15000/60000 (25%)]	Loss: 0.035869
Train Epoch: 50 [20000/60000 (33%)]	Loss: 0.009517
Train Epoch: 50 [25000/60000 (42%)]	Loss: 0.006734
Train Epoch: 50 [30000/60000 (50%)]	Loss: 0.024521
Train Epoch: 50 [35000/60000 (58%)]	Loss: 0.017791
Train Epoch: 50 [40000/60000 (67%)]	Loss: 0.030887
Train Epoch: 50 [45000/60000 (75%)]	Loss: 0.036219
Train Epoch: 50 [50000/60000 (83%)]	Loss: 0.017983
Train Epoch: 50 [55000/60000 (92%)]	Loss: 0.017537
Train Epoch: 50 [60000/60000 (100%)]	Loss: 0.034819

Average Training loss: 0.0004, Training Error Rate: 1.95% (1171/60000)


Average Test loss: 0.0000, Test Error Rate: 2.63% (263/10000)

Train Epoch: 51 [5000/60000 (8%)]	Loss: 0.012862
Train Epoch: 51 [10000/60000 (17%)]	Loss: 0.035496
Train Epoch: 51 [15000/60000 (25%)]	Loss: 0.009002
Train Epoch: 51 [20000/60000 (33%)]	Loss: 0.006472
Train Epoch: 51 [25000/60000 (42%)]	Loss: 0.012772
Train Epoch: 51 [30000/60000 (50%)]	Loss: 0.019775
Train Epoch: 51 [35000/60000 (58%)]	Loss: 0.006092
Train Epoch: 51 [40000/60000 (67%)]	Loss: 0.037587
Train Epoch: 51 [45000/60000 (75%)]	Loss: 0.023640
Train Epoch: 51 [50000/60000 (83%)]	Loss: 0.017625
Train Epoch: 51 [55000/60000 (92%)]	Loss: 0.012809
Train Epoch: 51 [60000/60000 (100%)]	Loss: 0.006287

Average Training loss: 0.0004, Training Error Rate: 1.93% (1158/60000)


Average Test loss: 0.0000, Test Error Rate: 2.67% (267/10000)

Train Epoch: 52 [5000/60000 (8%)]	Loss: 0.052966
Train Epoch: 52 [10000/60000 (17%)]	Loss: 0.036122
Train Epoch: 52 [15000/60000 (25%)]	Loss: 0.008155
Train Epoch: 52 [20000/60000 (33%)]	Loss: 0.012301
Train Epoch: 52 [25000/60000 (42%)]	Loss: 0.009027
Train Epoch: 52 [30000/60000 (50%)]	Loss: 0.024448
Train Epoch: 52 [35000/60000 (58%)]	Loss: 0.000697
Train Epoch: 52 [40000/60000 (67%)]	Loss: 0.010326
Train Epoch: 52 [45000/60000 (75%)]	Loss: 0.027680
Train Epoch: 52 [50000/60000 (83%)]	Loss: 0.015574
Train Epoch: 52 [55000/60000 (92%)]	Loss: 0.011099
Train Epoch: 52 [60000/60000 (100%)]	Loss: 0.007452

Average Training loss: 0.0004, Training Error Rate: 1.91% (1143/60000)


Average Test loss: 0.0000, Test Error Rate: 2.59% (259/10000)

Train Epoch: 53 [5000/60000 (8%)]	Loss: 0.018970
Train Epoch: 53 [10000/60000 (17%)]	Loss: 0.025595
Train Epoch: 53 [15000/60000 (25%)]	Loss: 0.011849
Train Epoch: 53 [20000/60000 (33%)]	Loss: 0.015387
Train Epoch: 53 [25000/60000 (42%)]	Loss: 0.036704
Train Epoch: 53 [30000/60000 (50%)]	Loss: 0.006375
Train Epoch: 53 [35000/60000 (58%)]	Loss: 0.008169
Train Epoch: 53 [40000/60000 (67%)]	Loss: 0.028229
Train Epoch: 53 [45000/60000 (75%)]	Loss: 0.017790
Train Epoch: 53 [50000/60000 (83%)]	Loss: 0.018275
Train Epoch: 53 [55000/60000 (92%)]	Loss: 0.012950
Train Epoch: 53 [60000/60000 (100%)]	Loss: 0.018619

Average Training loss: 0.0004, Training Error Rate: 1.88% (1127/60000)


Average Test loss: 0.0000, Test Error Rate: 2.61% (261/10000)

Train Epoch: 54 [5000/60000 (8%)]	Loss: 0.017084
Train Epoch: 54 [10000/60000 (17%)]	Loss: 0.043794
Train Epoch: 54 [15000/60000 (25%)]	Loss: 0.007127
Train Epoch: 54 [20000/60000 (33%)]	Loss: 0.008162
Train Epoch: 54 [25000/60000 (42%)]	Loss: 0.035288
Train Epoch: 54 [30000/60000 (50%)]	Loss: 0.012006
Train Epoch: 54 [35000/60000 (58%)]	Loss: 0.014308
Train Epoch: 54 [40000/60000 (67%)]	Loss: 0.017928
Train Epoch: 54 [45000/60000 (75%)]	Loss: 0.008518
Train Epoch: 54 [50000/60000 (83%)]	Loss: 0.011972
Train Epoch: 54 [55000/60000 (92%)]	Loss: 0.013562
Train Epoch: 54 [60000/60000 (100%)]	Loss: 0.010090

Average Training loss: 0.0004, Training Error Rate: 1.84% (1104/60000)


Average Test loss: 0.0000, Test Error Rate: 2.65% (265/10000)

Train Epoch: 55 [5000/60000 (8%)]	Loss: 0.030993
Train Epoch: 55 [10000/60000 (17%)]	Loss: 0.023946
Train Epoch: 55 [15000/60000 (25%)]	Loss: 0.027771
Train Epoch: 55 [20000/60000 (33%)]	Loss: 0.014420
Train Epoch: 55 [25000/60000 (42%)]	Loss: 0.014828
Train Epoch: 55 [30000/60000 (50%)]	Loss: 0.017296
Train Epoch: 55 [35000/60000 (58%)]	Loss: 0.025666
Train Epoch: 55 [40000/60000 (67%)]	Loss: 0.004917
Train Epoch: 55 [45000/60000 (75%)]	Loss: 0.024703
Train Epoch: 55 [50000/60000 (83%)]	Loss: 0.019836
Train Epoch: 55 [55000/60000 (92%)]	Loss: 0.019173
Train Epoch: 55 [60000/60000 (100%)]	Loss: 0.028672

Average Training loss: 0.0004, Training Error Rate: 1.82% (1090/60000)


Average Test loss: 0.0000, Test Error Rate: 2.60% (260/10000)

Train Epoch: 56 [5000/60000 (8%)]	Loss: 0.016652
Train Epoch: 56 [10000/60000 (17%)]	Loss: 0.024099
Train Epoch: 56 [15000/60000 (25%)]	Loss: 0.013164
Train Epoch: 56 [20000/60000 (33%)]	Loss: 0.020072
Train Epoch: 56 [25000/60000 (42%)]	Loss: 0.007525
Train Epoch: 56 [30000/60000 (50%)]	Loss: 0.025235
Train Epoch: 56 [35000/60000 (58%)]	Loss: 0.016361
Train Epoch: 56 [40000/60000 (67%)]	Loss: 0.020683
Train Epoch: 56 [45000/60000 (75%)]	Loss: 0.003875
Train Epoch: 56 [50000/60000 (83%)]	Loss: 0.024876
Train Epoch: 56 [55000/60000 (92%)]	Loss: 0.008482
Train Epoch: 56 [60000/60000 (100%)]	Loss: 0.029152

Average Training loss: 0.0004, Training Error Rate: 1.79% (1077/60000)


Average Test loss: 0.0000, Test Error Rate: 2.57% (257/10000)

Train Epoch: 57 [5000/60000 (8%)]	Loss: 0.019114
Train Epoch: 57 [10000/60000 (17%)]	Loss: 0.022245
Train Epoch: 57 [15000/60000 (25%)]	Loss: 0.045370
Train Epoch: 57 [20000/60000 (33%)]	Loss: 0.024732
Train Epoch: 57 [25000/60000 (42%)]	Loss: 0.009730
Train Epoch: 57 [30000/60000 (50%)]	Loss: 0.023001
Train Epoch: 57 [35000/60000 (58%)]	Loss: 0.028737
Train Epoch: 57 [40000/60000 (67%)]	Loss: 0.018779
Train Epoch: 57 [45000/60000 (75%)]	Loss: 0.015830
Train Epoch: 57 [50000/60000 (83%)]	Loss: 0.009928
Train Epoch: 57 [55000/60000 (92%)]	Loss: 0.001739
Train Epoch: 57 [60000/60000 (100%)]	Loss: 0.011526

Average Training loss: 0.0004, Training Error Rate: 1.79% (1072/60000)


Average Test loss: 0.0000, Test Error Rate: 2.54% (254/10000)

Train Epoch: 58 [5000/60000 (8%)]	Loss: 0.015334
Train Epoch: 58 [10000/60000 (17%)]	Loss: 0.017782
Train Epoch: 58 [15000/60000 (25%)]	Loss: 0.011489
Train Epoch: 58 [20000/60000 (33%)]	Loss: 0.015264
Train Epoch: 58 [25000/60000 (42%)]	Loss: 0.025687
Train Epoch: 58 [30000/60000 (50%)]	Loss: 0.005159
Train Epoch: 58 [35000/60000 (58%)]	Loss: 0.017023
Train Epoch: 58 [40000/60000 (67%)]	Loss: 0.029442
Train Epoch: 58 [45000/60000 (75%)]	Loss: 0.036338
Train Epoch: 58 [50000/60000 (83%)]	Loss: 0.027534
Train Epoch: 58 [55000/60000 (92%)]	Loss: 0.004622
Train Epoch: 58 [60000/60000 (100%)]	Loss: 0.026594

Average Training loss: 0.0004, Training Error Rate: 1.74% (1045/60000)


Average Test loss: 0.0000, Test Error Rate: 2.66% (266/10000)

Train Epoch: 59 [5000/60000 (8%)]	Loss: 0.021191
Train Epoch: 59 [10000/60000 (17%)]	Loss: 0.011835
Train Epoch: 59 [15000/60000 (25%)]	Loss: 0.019126
Train Epoch: 59 [20000/60000 (33%)]	Loss: 0.016070
Train Epoch: 59 [25000/60000 (42%)]	Loss: 0.016765
Train Epoch: 59 [30000/60000 (50%)]	Loss: 0.017271
Train Epoch: 59 [35000/60000 (58%)]	Loss: 0.011214
Train Epoch: 59 [40000/60000 (67%)]	Loss: 0.045493
Train Epoch: 59 [45000/60000 (75%)]	Loss: 0.011580
Train Epoch: 59 [50000/60000 (83%)]	Loss: 0.006050
Train Epoch: 59 [55000/60000 (92%)]	Loss: 0.007249
Train Epoch: 59 [60000/60000 (100%)]	Loss: 0.008883

Average Training loss: 0.0004, Training Error Rate: 1.71% (1024/60000)


Average Test loss: 0.0000, Test Error Rate: 2.51% (251/10000)

Train Epoch: 60 [5000/60000 (8%)]	Loss: 0.012303
Train Epoch: 60 [10000/60000 (17%)]	Loss: 0.019485
Train Epoch: 60 [15000/60000 (25%)]	Loss: 0.015362
Train Epoch: 60 [20000/60000 (33%)]	Loss: 0.004063
Train Epoch: 60 [25000/60000 (42%)]	Loss: 0.030264
Train Epoch: 60 [30000/60000 (50%)]	Loss: 0.031575
Train Epoch: 60 [35000/60000 (58%)]	Loss: 0.009840
Train Epoch: 60 [40000/60000 (67%)]	Loss: 0.014197
Train Epoch: 60 [45000/60000 (75%)]	Loss: 0.018190
Train Epoch: 60 [50000/60000 (83%)]	Loss: 0.026592
Train Epoch: 60 [55000/60000 (92%)]	Loss: 0.014276
Train Epoch: 60 [60000/60000 (100%)]	Loss: 0.020400

Average Training loss: 0.0004, Training Error Rate: 1.71% (1024/60000)


Average Test loss: 0.0000, Test Error Rate: 2.48% (248/10000)

Train Epoch: 61 [5000/60000 (8%)]	Loss: 0.013604
Train Epoch: 61 [10000/60000 (17%)]	Loss: 0.006620
Train Epoch: 61 [15000/60000 (25%)]	Loss: 0.002705
Train Epoch: 61 [20000/60000 (33%)]	Loss: 0.003407
Train Epoch: 61 [25000/60000 (42%)]	Loss: 0.024987
Train Epoch: 61 [30000/60000 (50%)]	Loss: 0.006347
Train Epoch: 61 [35000/60000 (58%)]	Loss: 0.008155
Train Epoch: 61 [40000/60000 (67%)]	Loss: 0.017241
Train Epoch: 61 [45000/60000 (75%)]	Loss: 0.007679
Train Epoch: 61 [50000/60000 (83%)]	Loss: 0.015466
Train Epoch: 61 [55000/60000 (92%)]	Loss: 0.017711
Train Epoch: 61 [60000/60000 (100%)]	Loss: 0.010998

Average Training loss: 0.0004, Training Error Rate: 1.66% (998/60000)


Average Test loss: 0.0000, Test Error Rate: 2.55% (255/10000)

Train Epoch: 62 [5000/60000 (8%)]	Loss: 0.006206
Train Epoch: 62 [10000/60000 (17%)]	Loss: 0.008108
Train Epoch: 62 [15000/60000 (25%)]	Loss: 0.016115
Train Epoch: 62 [20000/60000 (33%)]	Loss: 0.018321
Train Epoch: 62 [25000/60000 (42%)]	Loss: 0.014999
Train Epoch: 62 [30000/60000 (50%)]	Loss: 0.008550
Train Epoch: 62 [35000/60000 (58%)]	Loss: 0.010933
Train Epoch: 62 [40000/60000 (67%)]	Loss: 0.014365
Train Epoch: 62 [45000/60000 (75%)]	Loss: 0.025669
Train Epoch: 62 [50000/60000 (83%)]	Loss: 0.007687
Train Epoch: 62 [55000/60000 (92%)]	Loss: 0.008443
Train Epoch: 62 [60000/60000 (100%)]	Loss: 0.006113

Average Training loss: 0.0004, Training Error Rate: 1.65% (988/60000)


Average Test loss: 0.0000, Test Error Rate: 2.51% (251/10000)

Train Epoch: 63 [5000/60000 (8%)]	Loss: 0.023421
Train Epoch: 63 [10000/60000 (17%)]	Loss: 0.004572
Train Epoch: 63 [15000/60000 (25%)]	Loss: 0.011471
slurmstepd: error: *** STEP 15487060.16 ON cn650 CANCELLED AT 2023-09-29T02:52:21 DUE TO TIME LIMIT ***
/vast/home/ajherman/miniconda3/envs/pytorch/lib/python3.11/site-packages/torchvision/io/image.py:13: UserWarning: Failed to load image Python extension: '/vast/home/ajherman/miniconda3/envs/pytorch/lib/python3.11/site-packages/torchvision/image.so: undefined symbol: _ZN5torch3jit17parseSchemaOrNameERKNSt7__cxx1112basic_stringIcSt11char_traitsIcESaIcEEE'If you don't plan on using image functionality from `torchvision.io`, you can ignore this warning. Otherwise, there might be something wrong with your environment. Did you have `libjpeg` or `libpng` installed before building `torchvision` from source?
  warn(
Random seed set as 42
dt =  0.14785621103378865
trace decay =  0.6187833918061408
Random seed set as 42
Random seed set as 42
dt =  0.14785621103378865
trace decay =  0.6187833918061408
Random seed set as 42
Train Epoch: 63 [5000/60000 (8%)]	Loss: 0.005856
Train Epoch: 63 [10000/60000 (17%)]	Loss: 0.022175
Train Epoch: 63 [15000/60000 (25%)]	Loss: 0.008804
Train Epoch: 63 [20000/60000 (33%)]	Loss: 0.020026
Train Epoch: 63 [25000/60000 (42%)]	Loss: 0.027710
Train Epoch: 63 [30000/60000 (50%)]	Loss: 0.014473
Train Epoch: 63 [35000/60000 (58%)]	Loss: 0.016247
Train Epoch: 63 [40000/60000 (67%)]	Loss: 0.034862
Train Epoch: 63 [45000/60000 (75%)]	Loss: 0.018924
Train Epoch: 63 [50000/60000 (83%)]	Loss: 0.008646
Train Epoch: 63 [55000/60000 (92%)]	Loss: 0.036299
Train Epoch: 63 [60000/60000 (100%)]	Loss: 0.013172

Average Training loss: 0.0004, Training Error Rate: 1.65% (990/60000)


Average Test loss: 0.0000, Test Error Rate: 2.51% (251/10000)

Train Epoch: 64 [5000/60000 (8%)]	Loss: 0.014362
Train Epoch: 64 [10000/60000 (17%)]	Loss: 0.025410
Train Epoch: 64 [15000/60000 (25%)]	Loss: 0.009908
Train Epoch: 64 [20000/60000 (33%)]	Loss: 0.048589
Train Epoch: 64 [25000/60000 (42%)]	Loss: 0.017463
Train Epoch: 64 [30000/60000 (50%)]	Loss: 0.015988
Train Epoch: 64 [35000/60000 (58%)]	Loss: 0.012778
Train Epoch: 64 [40000/60000 (67%)]	Loss: 0.017202
Train Epoch: 64 [45000/60000 (75%)]	Loss: 0.011413
Train Epoch: 64 [50000/60000 (83%)]	Loss: 0.031099
Train Epoch: 64 [55000/60000 (92%)]	Loss: 0.010368
Train Epoch: 64 [60000/60000 (100%)]	Loss: 0.017324

Average Training loss: 0.0003, Training Error Rate: 1.61% (965/60000)


Average Test loss: 0.0000, Test Error Rate: 2.46% (246/10000)

Train Epoch: 65 [5000/60000 (8%)]	Loss: 0.017883
Train Epoch: 65 [10000/60000 (17%)]	Loss: 0.015260
Train Epoch: 65 [15000/60000 (25%)]	Loss: 0.017744
Train Epoch: 65 [20000/60000 (33%)]	Loss: 0.016528
Train Epoch: 65 [25000/60000 (42%)]	Loss: 0.006203
Train Epoch: 65 [30000/60000 (50%)]	Loss: 0.027027
Train Epoch: 65 [35000/60000 (58%)]	Loss: 0.022486
Train Epoch: 65 [40000/60000 (67%)]	Loss: 0.003185
Train Epoch: 65 [45000/60000 (75%)]	Loss: 0.036005
Train Epoch: 65 [50000/60000 (83%)]	Loss: 0.025586
Train Epoch: 65 [55000/60000 (92%)]	Loss: 0.016958
Train Epoch: 65 [60000/60000 (100%)]	Loss: 0.012605

Average Training loss: 0.0003, Training Error Rate: 1.56% (937/60000)


Average Test loss: 0.0000, Test Error Rate: 2.54% (254/10000)

Train Epoch: 66 [5000/60000 (8%)]	Loss: 0.023297
Train Epoch: 66 [10000/60000 (17%)]	Loss: 0.012955
Train Epoch: 66 [15000/60000 (25%)]	Loss: 0.045653
Train Epoch: 66 [20000/60000 (33%)]	Loss: 0.013303
Train Epoch: 66 [25000/60000 (42%)]	Loss: 0.019670
Train Epoch: 66 [30000/60000 (50%)]	Loss: 0.008441
Train Epoch: 66 [35000/60000 (58%)]	Loss: 0.003959
Train Epoch: 66 [40000/60000 (67%)]	Loss: 0.006461
Train Epoch: 66 [45000/60000 (75%)]	Loss: 0.019822
Train Epoch: 66 [50000/60000 (83%)]	Loss: 0.003939
Train Epoch: 66 [55000/60000 (92%)]	Loss: 0.022001
Train Epoch: 66 [60000/60000 (100%)]	Loss: 0.007422

Average Training loss: 0.0003, Training Error Rate: 1.54% (927/60000)


Average Test loss: 0.0000, Test Error Rate: 2.45% (245/10000)

Train Epoch: 67 [5000/60000 (8%)]	Loss: 0.019319
Train Epoch: 67 [10000/60000 (17%)]	Loss: 0.040576
Train Epoch: 67 [15000/60000 (25%)]	Loss: 0.034870
Train Epoch: 67 [20000/60000 (33%)]	Loss: 0.010436
Train Epoch: 67 [25000/60000 (42%)]	Loss: 0.022996
Train Epoch: 67 [30000/60000 (50%)]	Loss: 0.010601
Train Epoch: 67 [35000/60000 (58%)]	Loss: 0.012304
Train Epoch: 67 [40000/60000 (67%)]	Loss: 0.010356
Train Epoch: 67 [45000/60000 (75%)]	Loss: 0.014164
Train Epoch: 67 [50000/60000 (83%)]	Loss: 0.015772
Train Epoch: 67 [55000/60000 (92%)]	Loss: 0.013061
Train Epoch: 67 [60000/60000 (100%)]	Loss: 0.002959

Average Training loss: 0.0003, Training Error Rate: 1.52% (914/60000)


Average Test loss: 0.0000, Test Error Rate: 2.49% (249/10000)

Train Epoch: 68 [5000/60000 (8%)]	Loss: 0.005587
Train Epoch: 68 [10000/60000 (17%)]	Loss: 0.014608
Train Epoch: 68 [15000/60000 (25%)]	Loss: 0.014206
Train Epoch: 68 [20000/60000 (33%)]	Loss: 0.021891
Train Epoch: 68 [25000/60000 (42%)]	Loss: 0.014848
Train Epoch: 68 [30000/60000 (50%)]	Loss: 0.022959
Train Epoch: 68 [35000/60000 (58%)]	Loss: 0.024049
Train Epoch: 68 [40000/60000 (67%)]	Loss: 0.014376
Train Epoch: 68 [45000/60000 (75%)]	Loss: 0.004893
Train Epoch: 68 [50000/60000 (83%)]	Loss: 0.032623
Train Epoch: 68 [55000/60000 (92%)]	Loss: 0.008866
Train Epoch: 68 [60000/60000 (100%)]	Loss: 0.013459

Average Training loss: 0.0003, Training Error Rate: 1.50% (901/60000)


Average Test loss: 0.0000, Test Error Rate: 2.44% (244/10000)

Train Epoch: 69 [5000/60000 (8%)]	Loss: 0.003085
Train Epoch: 69 [10000/60000 (17%)]	Loss: 0.020381
Train Epoch: 69 [15000/60000 (25%)]	Loss: 0.011155
Train Epoch: 69 [20000/60000 (33%)]	Loss: 0.028921
Train Epoch: 69 [25000/60000 (42%)]	Loss: 0.003698
Train Epoch: 69 [30000/60000 (50%)]	Loss: 0.018021
Train Epoch: 69 [35000/60000 (58%)]	Loss: 0.021555
Train Epoch: 69 [40000/60000 (67%)]	Loss: 0.033561
Train Epoch: 69 [45000/60000 (75%)]	Loss: 0.014779
Train Epoch: 69 [50000/60000 (83%)]	Loss: 0.028730
Train Epoch: 69 [55000/60000 (92%)]	Loss: 0.026560
Train Epoch: 69 [60000/60000 (100%)]	Loss: 0.009199

Average Training loss: 0.0003, Training Error Rate: 1.52% (914/60000)


Average Test loss: 0.0000, Test Error Rate: 2.45% (245/10000)

Train Epoch: 70 [5000/60000 (8%)]	Loss: 0.008802
Train Epoch: 70 [10000/60000 (17%)]	Loss: 0.028919
Train Epoch: 70 [15000/60000 (25%)]	Loss: 0.006251
Train Epoch: 70 [20000/60000 (33%)]	Loss: 0.010369
Train Epoch: 70 [25000/60000 (42%)]	Loss: 0.023025
Train Epoch: 70 [30000/60000 (50%)]	Loss: 0.048181
Train Epoch: 70 [35000/60000 (58%)]	Loss: 0.010341
Train Epoch: 70 [40000/60000 (67%)]	Loss: 0.009557
Train Epoch: 70 [45000/60000 (75%)]	Loss: 0.029860
Train Epoch: 70 [50000/60000 (83%)]	Loss: 0.022862
Train Epoch: 70 [55000/60000 (92%)]	Loss: 0.026982
Train Epoch: 70 [60000/60000 (100%)]	Loss: 0.027015

Average Training loss: 0.0003, Training Error Rate: 1.47% (882/60000)


Average Test loss: 0.0000, Test Error Rate: 2.40% (240/10000)

Train Epoch: 71 [5000/60000 (8%)]	Loss: 0.023983
Train Epoch: 71 [10000/60000 (17%)]	Loss: 0.048217
Train Epoch: 71 [15000/60000 (25%)]	Loss: 0.008807
Train Epoch: 71 [20000/60000 (33%)]	Loss: 0.003895
Train Epoch: 71 [25000/60000 (42%)]	Loss: 0.009898
Train Epoch: 71 [30000/60000 (50%)]	Loss: 0.033085
Train Epoch: 71 [35000/60000 (58%)]	Loss: 0.007645
Train Epoch: 71 [40000/60000 (67%)]	Loss: 0.013263
Train Epoch: 71 [45000/60000 (75%)]	Loss: 0.014429
Train Epoch: 71 [50000/60000 (83%)]	Loss: 0.023618
Train Epoch: 71 [55000/60000 (92%)]	Loss: 0.011109
Train Epoch: 71 [60000/60000 (100%)]	Loss: 0.008988

Average Training loss: 0.0003, Training Error Rate: 1.49% (891/60000)


Average Test loss: 0.0000, Test Error Rate: 2.45% (245/10000)

Train Epoch: 72 [5000/60000 (8%)]	Loss: 0.006222
Train Epoch: 72 [10000/60000 (17%)]	Loss: 0.011690
Train Epoch: 72 [15000/60000 (25%)]	Loss: 0.005029
Train Epoch: 72 [20000/60000 (33%)]	Loss: 0.017238
Train Epoch: 72 [25000/60000 (42%)]	Loss: 0.026041
Train Epoch: 72 [30000/60000 (50%)]	Loss: 0.005128
Train Epoch: 72 [35000/60000 (58%)]	Loss: 0.009831
Train Epoch: 72 [40000/60000 (67%)]	Loss: 0.003298
Train Epoch: 72 [45000/60000 (75%)]	Loss: 0.001858
Train Epoch: 72 [50000/60000 (83%)]	Loss: 0.002801
Train Epoch: 72 [55000/60000 (92%)]	Loss: 0.008655
Train Epoch: 72 [60000/60000 (100%)]	Loss: 0.021225

Average Training loss: 0.0003, Training Error Rate: 1.45% (867/60000)


Average Test loss: 0.0000, Test Error Rate: 2.40% (240/10000)

Train Epoch: 73 [5000/60000 (8%)]	Loss: 0.044679
Train Epoch: 73 [10000/60000 (17%)]	Loss: 0.025510
Train Epoch: 73 [15000/60000 (25%)]	Loss: 0.006492
Train Epoch: 73 [20000/60000 (33%)]	Loss: 0.007396
Train Epoch: 73 [25000/60000 (42%)]	Loss: 0.002603
Train Epoch: 73 [30000/60000 (50%)]	Loss: 0.013028
Train Epoch: 73 [35000/60000 (58%)]	Loss: 0.017622
Train Epoch: 73 [40000/60000 (67%)]	Loss: 0.011386
Train Epoch: 73 [45000/60000 (75%)]	Loss: 0.021860
Train Epoch: 73 [50000/60000 (83%)]	Loss: 0.002370
Train Epoch: 73 [55000/60000 (92%)]	Loss: 0.011195
Train Epoch: 73 [60000/60000 (100%)]	Loss: 0.025350

Average Training loss: 0.0003, Training Error Rate: 1.45% (868/60000)


Average Test loss: 0.0000, Test Error Rate: 2.42% (242/10000)

Train Epoch: 74 [5000/60000 (8%)]	Loss: 0.013424
Train Epoch: 74 [10000/60000 (17%)]	Loss: 0.011952
Train Epoch: 74 [15000/60000 (25%)]	Loss: 0.015072
Train Epoch: 74 [20000/60000 (33%)]	Loss: 0.005746
Train Epoch: 74 [25000/60000 (42%)]	Loss: 0.016033
Train Epoch: 74 [30000/60000 (50%)]	Loss: 0.017744
Train Epoch: 74 [35000/60000 (58%)]	Loss: 0.019474
Train Epoch: 74 [40000/60000 (67%)]	Loss: 0.004437
Train Epoch: 74 [45000/60000 (75%)]	Loss: 0.008689
Train Epoch: 74 [50000/60000 (83%)]	Loss: 0.013431
Train Epoch: 74 [55000/60000 (92%)]	Loss: 0.004922
Train Epoch: 74 [60000/60000 (100%)]	Loss: 0.019246

Average Training loss: 0.0003, Training Error Rate: 1.40% (841/60000)


Average Test loss: 0.0000, Test Error Rate: 2.36% (236/10000)

Train Epoch: 75 [5000/60000 (8%)]	Loss: 0.016571
Train Epoch: 75 [10000/60000 (17%)]	Loss: 0.011700
Train Epoch: 75 [15000/60000 (25%)]	Loss: 0.007199
Train Epoch: 75 [20000/60000 (33%)]	Loss: 0.021724
Train Epoch: 75 [25000/60000 (42%)]	Loss: 0.011264
Train Epoch: 75 [30000/60000 (50%)]	Loss: 0.013310
Train Epoch: 75 [35000/60000 (58%)]	Loss: 0.025838
Train Epoch: 75 [40000/60000 (67%)]	Loss: 0.022671
Train Epoch: 75 [45000/60000 (75%)]	Loss: 0.010329
Train Epoch: 75 [50000/60000 (83%)]	Loss: 0.013316
Train Epoch: 75 [55000/60000 (92%)]	Loss: 0.018290
Train Epoch: 75 [60000/60000 (100%)]	Loss: 0.004876

Average Training loss: 0.0003, Training Error Rate: 1.39% (832/60000)


Average Test loss: 0.0000, Test Error Rate: 2.43% (243/10000)

Train Epoch: 76 [5000/60000 (8%)]	Loss: 0.055080
Train Epoch: 76 [10000/60000 (17%)]	Loss: 0.026084
Train Epoch: 76 [15000/60000 (25%)]	Loss: 0.011448
Train Epoch: 76 [20000/60000 (33%)]	Loss: 0.021612
Train Epoch: 76 [25000/60000 (42%)]	Loss: 0.033420
Train Epoch: 76 [30000/60000 (50%)]	Loss: 0.002920
Train Epoch: 76 [35000/60000 (58%)]	Loss: 0.003666
Train Epoch: 76 [40000/60000 (67%)]	Loss: 0.012027
Train Epoch: 76 [45000/60000 (75%)]	Loss: 0.015324
Train Epoch: 76 [50000/60000 (83%)]	Loss: 0.010296
Train Epoch: 76 [55000/60000 (92%)]	Loss: 0.009864
Train Epoch: 76 [60000/60000 (100%)]	Loss: 0.020651

Average Training loss: 0.0003, Training Error Rate: 1.38% (827/60000)


Average Test loss: 0.0000, Test Error Rate: 2.38% (238/10000)

Train Epoch: 77 [5000/60000 (8%)]	Loss: 0.008096
Train Epoch: 77 [10000/60000 (17%)]	Loss: 0.006932
Train Epoch: 77 [15000/60000 (25%)]	Loss: 0.007976
Train Epoch: 77 [20000/60000 (33%)]	Loss: 0.011831
Train Epoch: 77 [25000/60000 (42%)]	Loss: 0.039817
Train Epoch: 77 [30000/60000 (50%)]	Loss: 0.011700
Train Epoch: 77 [35000/60000 (58%)]	Loss: 0.020303
Train Epoch: 77 [40000/60000 (67%)]	Loss: 0.026821
Train Epoch: 77 [45000/60000 (75%)]	Loss: 0.019159
Train Epoch: 77 [50000/60000 (83%)]	Loss: 0.020351
Train Epoch: 77 [55000/60000 (92%)]	Loss: 0.007758
Train Epoch: 77 [60000/60000 (100%)]	Loss: 0.004747

Average Training loss: 0.0003, Training Error Rate: 1.39% (832/60000)


Average Test loss: 0.0000, Test Error Rate: 2.35% (235/10000)

Train Epoch: 78 [5000/60000 (8%)]	Loss: 0.005132
Train Epoch: 78 [10000/60000 (17%)]	Loss: 0.009153
Train Epoch: 78 [15000/60000 (25%)]	Loss: 0.020351
Train Epoch: 78 [20000/60000 (33%)]	Loss: 0.007609
Train Epoch: 78 [25000/60000 (42%)]	Loss: 0.009233
Train Epoch: 78 [30000/60000 (50%)]	Loss: 0.022313
Train Epoch: 78 [35000/60000 (58%)]	Loss: 0.014687
Train Epoch: 78 [40000/60000 (67%)]	Loss: 0.016263
Train Epoch: 78 [45000/60000 (75%)]	Loss: 0.004636
Train Epoch: 78 [50000/60000 (83%)]	Loss: 0.003526
Train Epoch: 78 [55000/60000 (92%)]	Loss: 0.036419
Train Epoch: 78 [60000/60000 (100%)]	Loss: 0.027478

Average Training loss: 0.0003, Training Error Rate: 1.37% (820/60000)


Average Test loss: 0.0000, Test Error Rate: 2.39% (239/10000)

Train Epoch: 79 [5000/60000 (8%)]	Loss: 0.011301
Train Epoch: 79 [10000/60000 (17%)]	Loss: 0.017095
Train Epoch: 79 [15000/60000 (25%)]	Loss: 0.000475
Train Epoch: 79 [20000/60000 (33%)]	Loss: 0.012869
Train Epoch: 79 [25000/60000 (42%)]	Loss: 0.023126
Train Epoch: 79 [30000/60000 (50%)]	Loss: 0.012186
Train Epoch: 79 [35000/60000 (58%)]	Loss: 0.013415
Train Epoch: 79 [40000/60000 (67%)]	Loss: 0.003543
Train Epoch: 79 [45000/60000 (75%)]	Loss: 0.012722
Train Epoch: 79 [50000/60000 (83%)]	Loss: 0.023647
Train Epoch: 79 [55000/60000 (92%)]	Loss: 0.005555
Train Epoch: 79 [60000/60000 (100%)]	Loss: 0.020687

Average Training loss: 0.0003, Training Error Rate: 1.34% (804/60000)


Average Test loss: 0.0000, Test Error Rate: 2.34% (234/10000)

Train Epoch: 80 [5000/60000 (8%)]	Loss: 0.035023
Train Epoch: 80 [10000/60000 (17%)]	Loss: 0.002016
Train Epoch: 80 [15000/60000 (25%)]	Loss: 0.014643
Train Epoch: 80 [20000/60000 (33%)]	Loss: 0.016064
Train Epoch: 80 [25000/60000 (42%)]	Loss: 0.010335
Train Epoch: 80 [30000/60000 (50%)]	Loss: 0.049246
Train Epoch: 80 [35000/60000 (58%)]	Loss: 0.003124
Train Epoch: 80 [40000/60000 (67%)]	Loss: 0.006481
Train Epoch: 80 [45000/60000 (75%)]	Loss: 0.040818
Train Epoch: 80 [50000/60000 (83%)]	Loss: 0.009039
Train Epoch: 80 [55000/60000 (92%)]	Loss: 0.015381
Train Epoch: 80 [60000/60000 (100%)]	Loss: 0.006553

Average Training loss: 0.0003, Training Error Rate: 1.30% (778/60000)


Average Test loss: 0.0000, Test Error Rate: 2.27% (227/10000)

Train Epoch: 81 [5000/60000 (8%)]	Loss: 0.004537
Train Epoch: 81 [10000/60000 (17%)]	Loss: 0.023460
Train Epoch: 81 [15000/60000 (25%)]	Loss: 0.014574
Train Epoch: 81 [20000/60000 (33%)]	Loss: 0.010978
Train Epoch: 81 [25000/60000 (42%)]	Loss: 0.033946
Train Epoch: 81 [30000/60000 (50%)]	Loss: 0.008853
Train Epoch: 81 [35000/60000 (58%)]	Loss: 0.036067
Train Epoch: 81 [40000/60000 (67%)]	Loss: 0.011832
Train Epoch: 81 [45000/60000 (75%)]	Loss: 0.006530
Train Epoch: 81 [50000/60000 (83%)]	Loss: 0.017401
Train Epoch: 81 [55000/60000 (92%)]	Loss: 0.030009
Train Epoch: 81 [60000/60000 (100%)]	Loss: 0.006911

Average Training loss: 0.0003, Training Error Rate: 1.29% (776/60000)


Average Test loss: 0.0000, Test Error Rate: 2.30% (230/10000)

Train Epoch: 82 [5000/60000 (8%)]	Loss: 0.003532
Train Epoch: 82 [10000/60000 (17%)]	Loss: 0.011085
Train Epoch: 82 [15000/60000 (25%)]	Loss: 0.006203
Train Epoch: 82 [20000/60000 (33%)]	Loss: 0.017877
Train Epoch: 82 [25000/60000 (42%)]	Loss: 0.003647
Train Epoch: 82 [30000/60000 (50%)]	Loss: 0.003984
Train Epoch: 82 [35000/60000 (58%)]	Loss: 0.010165
Train Epoch: 82 [40000/60000 (67%)]	Loss: 0.008057
Train Epoch: 82 [45000/60000 (75%)]	Loss: 0.008959
Train Epoch: 82 [50000/60000 (83%)]	Loss: 0.004778
Train Epoch: 82 [55000/60000 (92%)]	Loss: 0.018785
Train Epoch: 82 [60000/60000 (100%)]	Loss: 0.015972

Average Training loss: 0.0003, Training Error Rate: 1.27% (760/60000)


Average Test loss: 0.0000, Test Error Rate: 2.37% (237/10000)

Train Epoch: 83 [5000/60000 (8%)]	Loss: 0.030183
Train Epoch: 83 [10000/60000 (17%)]	Loss: 0.013984
Train Epoch: 83 [15000/60000 (25%)]	Loss: 0.019765
Train Epoch: 83 [20000/60000 (33%)]	Loss: 0.040414
Train Epoch: 83 [25000/60000 (42%)]	Loss: 0.013823
Train Epoch: 83 [30000/60000 (50%)]	Loss: 0.006122
Train Epoch: 83 [35000/60000 (58%)]	Loss: 0.004192
Train Epoch: 83 [40000/60000 (67%)]	Loss: 0.020642
Train Epoch: 83 [45000/60000 (75%)]	Loss: 0.001618
Train Epoch: 83 [50000/60000 (83%)]	Loss: 0.002564
Train Epoch: 83 [55000/60000 (92%)]	Loss: 0.013132
Train Epoch: 83 [60000/60000 (100%)]	Loss: 0.031217

Average Training loss: 0.0003, Training Error Rate: 1.28% (768/60000)


Average Test loss: 0.0000, Test Error Rate: 2.37% (237/10000)

Train Epoch: 84 [5000/60000 (8%)]	Loss: 0.011414
Train Epoch: 84 [10000/60000 (17%)]	Loss: 0.009315
Train Epoch: 84 [15000/60000 (25%)]	Loss: 0.008017
Train Epoch: 84 [20000/60000 (33%)]	Loss: 0.011960
Train Epoch: 84 [25000/60000 (42%)]	Loss: 0.001713
Train Epoch: 84 [30000/60000 (50%)]	Loss: 0.037750
Train Epoch: 84 [35000/60000 (58%)]	Loss: 0.020880
Train Epoch: 84 [40000/60000 (67%)]	Loss: 0.014018
Train Epoch: 84 [45000/60000 (75%)]	Loss: 0.011235
Train Epoch: 84 [50000/60000 (83%)]	Loss: 0.007978
Train Epoch: 84 [55000/60000 (92%)]	Loss: 0.005553
Train Epoch: 84 [60000/60000 (100%)]	Loss: 0.019905

Average Training loss: 0.0003, Training Error Rate: 1.26% (754/60000)


Average Test loss: 0.0000, Test Error Rate: 2.29% (229/10000)

Train Epoch: 85 [5000/60000 (8%)]	Loss: 0.008617
Train Epoch: 85 [10000/60000 (17%)]	Loss: 0.005102
Train Epoch: 85 [15000/60000 (25%)]	Loss: 0.008273
Train Epoch: 85 [20000/60000 (33%)]	Loss: 0.005070
Train Epoch: 85 [25000/60000 (42%)]	Loss: 0.029253
Train Epoch: 85 [30000/60000 (50%)]	Loss: 0.026369
Train Epoch: 85 [35000/60000 (58%)]	Loss: 0.006332
Train Epoch: 85 [40000/60000 (67%)]	Loss: 0.013149
Train Epoch: 85 [45000/60000 (75%)]	Loss: 0.013732
Train Epoch: 85 [50000/60000 (83%)]	Loss: 0.032301
Train Epoch: 85 [55000/60000 (92%)]	Loss: 0.019681
Train Epoch: 85 [60000/60000 (100%)]	Loss: 0.017974

Average Training loss: 0.0003, Training Error Rate: 1.25% (750/60000)


Average Test loss: 0.0000, Test Error Rate: 2.30% (230/10000)

Train Epoch: 86 [5000/60000 (8%)]	Loss: 0.017706
Train Epoch: 86 [10000/60000 (17%)]	Loss: 0.005331
Train Epoch: 86 [15000/60000 (25%)]	Loss: 0.004397
Train Epoch: 86 [20000/60000 (33%)]	Loss: 0.012612
Train Epoch: 86 [25000/60000 (42%)]	Loss: 0.003801
Train Epoch: 86 [30000/60000 (50%)]	Loss: 0.003556
Train Epoch: 86 [35000/60000 (58%)]	Loss: 0.004939
Train Epoch: 86 [40000/60000 (67%)]	Loss: 0.006039
Train Epoch: 86 [45000/60000 (75%)]	Loss: 0.006189
Train Epoch: 86 [50000/60000 (83%)]	Loss: 0.001285
Train Epoch: 86 [55000/60000 (92%)]	Loss: 0.003266
Train Epoch: 86 [60000/60000 (100%)]	Loss: 0.021513

Average Training loss: 0.0003, Training Error Rate: 1.22% (733/60000)


Average Test loss: 0.0000, Test Error Rate: 2.28% (228/10000)

Train Epoch: 87 [5000/60000 (8%)]	Loss: 0.022871
Train Epoch: 87 [10000/60000 (17%)]	Loss: 0.019623
Train Epoch: 87 [15000/60000 (25%)]	Loss: 0.035170
Train Epoch: 87 [20000/60000 (33%)]	Loss: 0.006263
Train Epoch: 87 [25000/60000 (42%)]	Loss: 0.009946
Train Epoch: 87 [30000/60000 (50%)]	Loss: 0.013015
Train Epoch: 87 [35000/60000 (58%)]	Loss: 0.006361
Train Epoch: 87 [40000/60000 (67%)]	Loss: 0.005421
Train Epoch: 87 [45000/60000 (75%)]	Loss: 0.002281
Train Epoch: 87 [50000/60000 (83%)]	Loss: 0.014131
Train Epoch: 87 [55000/60000 (92%)]	Loss: 0.021380
Train Epoch: 87 [60000/60000 (100%)]	Loss: 0.020810

Average Training loss: 0.0003, Training Error Rate: 1.19% (716/60000)


Average Test loss: 0.0000, Test Error Rate: 2.29% (229/10000)

Train Epoch: 88 [5000/60000 (8%)]	Loss: 0.013636
Train Epoch: 88 [10000/60000 (17%)]	Loss: 0.014870
Train Epoch: 88 [15000/60000 (25%)]	Loss: 0.007006
Train Epoch: 88 [20000/60000 (33%)]	Loss: 0.009341
Train Epoch: 88 [25000/60000 (42%)]	Loss: 0.031692
Train Epoch: 88 [30000/60000 (50%)]	Loss: 0.008669
Train Epoch: 88 [35000/60000 (58%)]	Loss: 0.004396
Train Epoch: 88 [40000/60000 (67%)]	Loss: 0.005126
Train Epoch: 88 [45000/60000 (75%)]	Loss: 0.005424
Train Epoch: 88 [50000/60000 (83%)]	Loss: 0.016848
Train Epoch: 88 [55000/60000 (92%)]	Loss: 0.004332
Train Epoch: 88 [60000/60000 (100%)]	Loss: 0.011362

Average Training loss: 0.0003, Training Error Rate: 1.22% (730/60000)


Average Test loss: 0.0000, Test Error Rate: 2.26% (226/10000)

Train Epoch: 89 [5000/60000 (8%)]	Loss: 0.012227
Train Epoch: 89 [10000/60000 (17%)]	Loss: 0.012394
Train Epoch: 89 [15000/60000 (25%)]	Loss: 0.003782
Train Epoch: 89 [20000/60000 (33%)]	Loss: 0.012795
Train Epoch: 89 [25000/60000 (42%)]	Loss: 0.008146
Train Epoch: 89 [30000/60000 (50%)]	Loss: 0.015125
Train Epoch: 89 [35000/60000 (58%)]	Loss: 0.018384
Train Epoch: 89 [40000/60000 (67%)]	Loss: 0.025735
Train Epoch: 89 [45000/60000 (75%)]	Loss: 0.008653
Train Epoch: 89 [50000/60000 (83%)]	Loss: 0.007373
Train Epoch: 89 [55000/60000 (92%)]	Loss: 0.056717
Train Epoch: 89 [60000/60000 (100%)]	Loss: 0.005839

Average Training loss: 0.0003, Training Error Rate: 1.20% (722/60000)


Average Test loss: 0.0000, Test Error Rate: 2.28% (228/10000)

Train Epoch: 90 [5000/60000 (8%)]	Loss: 0.013866
Train Epoch: 90 [10000/60000 (17%)]	Loss: 0.010680
Train Epoch: 90 [15000/60000 (25%)]	Loss: 0.004093
Train Epoch: 90 [20000/60000 (33%)]	Loss: 0.019872
Train Epoch: 90 [25000/60000 (42%)]	Loss: 0.012829
Train Epoch: 90 [30000/60000 (50%)]	Loss: 0.014268
Train Epoch: 90 [35000/60000 (58%)]	Loss: 0.035981
Train Epoch: 90 [40000/60000 (67%)]	Loss: 0.026930
Train Epoch: 90 [45000/60000 (75%)]	Loss: 0.009203
Train Epoch: 90 [50000/60000 (83%)]	Loss: 0.029456
Train Epoch: 90 [55000/60000 (92%)]	Loss: 0.005796
Train Epoch: 90 [60000/60000 (100%)]	Loss: 0.043034

Average Training loss: 0.0003, Training Error Rate: 1.16% (697/60000)


Average Test loss: 0.0000, Test Error Rate: 2.27% (227/10000)

Train Epoch: 91 [5000/60000 (8%)]	Loss: 0.024633
Train Epoch: 91 [10000/60000 (17%)]	Loss: 0.009895
Train Epoch: 91 [15000/60000 (25%)]	Loss: 0.007901
Train Epoch: 91 [20000/60000 (33%)]	Loss: 0.016925
Train Epoch: 91 [25000/60000 (42%)]	Loss: 0.005561
Train Epoch: 91 [30000/60000 (50%)]	Loss: 0.004735
Train Epoch: 91 [35000/60000 (58%)]	Loss: 0.014546
Train Epoch: 91 [40000/60000 (67%)]	Loss: 0.004081
Train Epoch: 91 [45000/60000 (75%)]	Loss: 0.007449
Train Epoch: 91 [50000/60000 (83%)]	Loss: 0.019031
Train Epoch: 91 [55000/60000 (92%)]	Loss: 0.012672
Train Epoch: 91 [60000/60000 (100%)]	Loss: 0.032332

Average Training loss: 0.0003, Training Error Rate: 1.16% (694/60000)


Average Test loss: 0.0000, Test Error Rate: 2.21% (221/10000)

Train Epoch: 92 [5000/60000 (8%)]	Loss: 0.005918
Train Epoch: 92 [10000/60000 (17%)]	Loss: 0.015585
Train Epoch: 92 [15000/60000 (25%)]	Loss: 0.009546
Train Epoch: 92 [20000/60000 (33%)]	Loss: 0.006898
Train Epoch: 92 [25000/60000 (42%)]	Loss: 0.013569
Train Epoch: 92 [30000/60000 (50%)]	Loss: 0.017462
Train Epoch: 92 [35000/60000 (58%)]	Loss: 0.032797
Train Epoch: 92 [40000/60000 (67%)]	Loss: 0.010269
Train Epoch: 92 [45000/60000 (75%)]	Loss: 0.019210
Train Epoch: 92 [50000/60000 (83%)]	Loss: 0.017719
Train Epoch: 92 [55000/60000 (92%)]	Loss: 0.026898
Train Epoch: 92 [60000/60000 (100%)]	Loss: 0.017425

Average Training loss: 0.0003, Training Error Rate: 1.15% (690/60000)


Average Test loss: 0.0000, Test Error Rate: 2.26% (226/10000)

Train Epoch: 93 [5000/60000 (8%)]	Loss: 0.037580
Train Epoch: 93 [10000/60000 (17%)]	Loss: 0.013593
Train Epoch: 93 [15000/60000 (25%)]	Loss: 0.006736
Train Epoch: 93 [20000/60000 (33%)]	Loss: 0.003440
Train Epoch: 93 [25000/60000 (42%)]	Loss: 0.005003
Train Epoch: 93 [30000/60000 (50%)]	Loss: 0.006900
Train Epoch: 93 [35000/60000 (58%)]	Loss: 0.023262
Train Epoch: 93 [40000/60000 (67%)]	Loss: 0.020596
Train Epoch: 93 [45000/60000 (75%)]	Loss: 0.016444
Train Epoch: 93 [50000/60000 (83%)]	Loss: 0.015840
Train Epoch: 93 [55000/60000 (92%)]	Loss: 0.003652
Train Epoch: 93 [60000/60000 (100%)]	Loss: 0.006190

Average Training loss: 0.0003, Training Error Rate: 1.12% (673/60000)


Average Test loss: 0.0000, Test Error Rate: 2.17% (217/10000)

Train Epoch: 94 [5000/60000 (8%)]	Loss: 0.004438
Train Epoch: 94 [10000/60000 (17%)]	Loss: 0.015756
Train Epoch: 94 [15000/60000 (25%)]	Loss: 0.004187
Train Epoch: 94 [20000/60000 (33%)]	Loss: 0.004532
Train Epoch: 94 [25000/60000 (42%)]	Loss: 0.011936
Train Epoch: 94 [30000/60000 (50%)]	Loss: 0.013187
Train Epoch: 94 [35000/60000 (58%)]	Loss: 0.007913
Train Epoch: 94 [40000/60000 (67%)]	Loss: 0.018667
Train Epoch: 94 [45000/60000 (75%)]	Loss: 0.030012
Train Epoch: 94 [50000/60000 (83%)]	Loss: 0.010278
Train Epoch: 94 [55000/60000 (92%)]	Loss: 0.008094
Train Epoch: 94 [60000/60000 (100%)]	Loss: 0.031025

Average Training loss: 0.0003, Training Error Rate: 1.15% (690/60000)


Average Test loss: 0.0000, Test Error Rate: 2.21% (221/10000)

Train Epoch: 95 [5000/60000 (8%)]	Loss: 0.000987
Train Epoch: 95 [10000/60000 (17%)]	Loss: 0.002357
Train Epoch: 95 [15000/60000 (25%)]	Loss: 0.018068
Train Epoch: 95 [20000/60000 (33%)]	Loss: 0.015899
Train Epoch: 95 [25000/60000 (42%)]	Loss: 0.006972
Train Epoch: 95 [30000/60000 (50%)]	Loss: 0.006901
Train Epoch: 95 [35000/60000 (58%)]	Loss: 0.020022
Train Epoch: 95 [40000/60000 (67%)]	Loss: 0.007320
Train Epoch: 95 [45000/60000 (75%)]	Loss: 0.010804
Train Epoch: 95 [50000/60000 (83%)]	Loss: 0.027613
Train Epoch: 95 [55000/60000 (92%)]	Loss: 0.009190
Train Epoch: 95 [60000/60000 (100%)]	Loss: 0.009427

Average Training loss: 0.0003, Training Error Rate: 1.12% (671/60000)


Average Test loss: 0.0000, Test Error Rate: 2.15% (215/10000)

Train Epoch: 96 [5000/60000 (8%)]	Loss: 0.010368
Train Epoch: 96 [10000/60000 (17%)]	Loss: 0.012860
Train Epoch: 96 [15000/60000 (25%)]	Loss: 0.007139
Train Epoch: 96 [20000/60000 (33%)]	Loss: 0.012407
Train Epoch: 96 [25000/60000 (42%)]	Loss: 0.003595
Train Epoch: 96 [30000/60000 (50%)]	Loss: 0.007092
Train Epoch: 96 [35000/60000 (58%)]	Loss: 0.010650
Train Epoch: 96 [40000/60000 (67%)]	Loss: 0.011482
Train Epoch: 96 [45000/60000 (75%)]	Loss: 0.016385
Train Epoch: 96 [50000/60000 (83%)]	Loss: 0.022962
Train Epoch: 96 [55000/60000 (92%)]	Loss: 0.003079
Train Epoch: 96 [60000/60000 (100%)]	Loss: 0.011874

Average Training loss: 0.0003, Training Error Rate: 1.09% (652/60000)


Average Test loss: 0.0000, Test Error Rate: 2.23% (223/10000)

Train Epoch: 97 [5000/60000 (8%)]	Loss: 0.029457
Train Epoch: 97 [10000/60000 (17%)]	Loss: 0.022735
Train Epoch: 97 [15000/60000 (25%)]	Loss: 0.008176
Train Epoch: 97 [20000/60000 (33%)]	Loss: 0.039322
Train Epoch: 97 [25000/60000 (42%)]	Loss: 0.011660
Train Epoch: 97 [30000/60000 (50%)]	Loss: 0.018195
Train Epoch: 97 [35000/60000 (58%)]	Loss: 0.012873
Train Epoch: 97 [40000/60000 (67%)]	Loss: 0.027635
Train Epoch: 97 [45000/60000 (75%)]	Loss: 0.007465
Train Epoch: 97 [50000/60000 (83%)]	Loss: 0.002133
Train Epoch: 97 [55000/60000 (92%)]	Loss: 0.003621
Train Epoch: 97 [60000/60000 (100%)]	Loss: 0.003802

Average Training loss: 0.0002, Training Error Rate: 1.08% (650/60000)


Average Test loss: 0.0000, Test Error Rate: 2.21% (221/10000)

Train Epoch: 98 [5000/60000 (8%)]	Loss: 0.008679
Train Epoch: 98 [10000/60000 (17%)]	Loss: 0.019413
Train Epoch: 98 [15000/60000 (25%)]	Loss: 0.012046
Train Epoch: 98 [20000/60000 (33%)]	Loss: 0.009250
Train Epoch: 98 [25000/60000 (42%)]	Loss: 0.015657
Train Epoch: 98 [30000/60000 (50%)]	Loss: 0.009020
Train Epoch: 98 [35000/60000 (58%)]	Loss: 0.005566
Train Epoch: 98 [40000/60000 (67%)]	Loss: 0.000388
Train Epoch: 98 [45000/60000 (75%)]	Loss: 0.012693
Train Epoch: 98 [50000/60000 (83%)]	Loss: 0.020716
Train Epoch: 98 [55000/60000 (92%)]	Loss: 0.021265
Train Epoch: 98 [60000/60000 (100%)]	Loss: 0.013137

Average Training loss: 0.0002, Training Error Rate: 1.09% (652/60000)


Average Test loss: 0.0000, Test Error Rate: 2.17% (217/10000)

Train Epoch: 99 [5000/60000 (8%)]	Loss: 0.010295
Train Epoch: 99 [10000/60000 (17%)]	Loss: 0.013919
Train Epoch: 99 [15000/60000 (25%)]	Loss: 0.005140
Train Epoch: 99 [20000/60000 (33%)]	Loss: 0.021590
Train Epoch: 99 [25000/60000 (42%)]	Loss: 0.017672
Train Epoch: 99 [30000/60000 (50%)]	Loss: 0.012706
Train Epoch: 99 [35000/60000 (58%)]	Loss: 0.014014
Train Epoch: 99 [40000/60000 (67%)]	Loss: 0.024062
Train Epoch: 99 [45000/60000 (75%)]	Loss: 0.010599
Train Epoch: 99 [50000/60000 (83%)]	Loss: 0.005117
Train Epoch: 99 [55000/60000 (92%)]	Loss: 0.052344
Train Epoch: 99 [60000/60000 (100%)]	Loss: 0.024240

Average Training loss: 0.0002, Training Error Rate: 1.05% (632/60000)


Average Test loss: 0.0000, Test Error Rate: 2.21% (221/10000)

