/vast/home/ajherman/miniconda3/envs/pytorch/lib/python3.11/site-packages/torchvision/io/image.py:13: UserWarning: Failed to load image Python extension: '/vast/home/ajherman/miniconda3/envs/pytorch/lib/python3.11/site-packages/torchvision/image.so: undefined symbol: _ZN5torch3jit17parseSchemaOrNameERKNSt7__cxx1112basic_stringIcSt11char_traitsIcESaIcEEE'If you don't plan on using image functionality from `torchvision.io`, you can ignore this warning. Otherwise, there might be something wrong with your environment. Did you have `libjpeg` or `libpng` installed before building `torchvision` from source?
  warn(
Random seed set as 42
dt =  0.2340716616353513
trace decay =  0.44932896411722156
Random seed set as 42
Random seed set as 42
dt =  0.2340716616353513
trace decay =  0.44932896411722156
Random seed set as 42
Train Epoch: 0 [2500/60000 (4%)]	Loss: 0.408001
Train Epoch: 0 [5000/60000 (8%)]	Loss: 0.382753
Train Epoch: 0 [7500/60000 (12%)]	Loss: 0.288921
Train Epoch: 0 [10000/60000 (17%)]	Loss: 0.312105
Train Epoch: 0 [12500/60000 (21%)]	Loss: 0.195401
Train Epoch: 0 [15000/60000 (25%)]	Loss: 0.245162
Train Epoch: 0 [17500/60000 (29%)]	Loss: 0.190369
Train Epoch: 0 [20000/60000 (33%)]	Loss: 0.234046
Train Epoch: 0 [22500/60000 (38%)]	Loss: 0.142447
Train Epoch: 0 [25000/60000 (42%)]	Loss: 0.189061
Train Epoch: 0 [27500/60000 (46%)]	Loss: 0.192031
Train Epoch: 0 [30000/60000 (50%)]	Loss: 0.186272
Train Epoch: 0 [32500/60000 (54%)]	Loss: 0.165576
Train Epoch: 0 [35000/60000 (58%)]	Loss: 0.115786
Train Epoch: 0 [37500/60000 (62%)]	Loss: 0.189078
Train Epoch: 0 [40000/60000 (67%)]	Loss: 0.098796
Train Epoch: 0 [42500/60000 (71%)]	Loss: 0.128239
Train Epoch: 0 [45000/60000 (75%)]	Loss: 0.182652
Train Epoch: 0 [47500/60000 (79%)]	Loss: 0.178525
Train Epoch: 0 [50000/60000 (83%)]	Loss: 0.136701
Train Epoch: 0 [52500/60000 (88%)]	Loss: 0.103693
Train Epoch: 0 [55000/60000 (92%)]	Loss: 0.160388
Train Epoch: 0 [57500/60000 (96%)]	Loss: 0.122695
Train Epoch: 0 [60000/60000 (100%)]	Loss: 0.116648

Average Training loss: 0.0085, Training Error Rate: 20.75% (12451/60000)


Average Test loss: 0.0001, Test Error Rate: 12.24% (1224/10000)

Train Epoch: 1 [2500/60000 (4%)]	Loss: 0.088598
Train Epoch: 1 [5000/60000 (8%)]	Loss: 0.106676
Train Epoch: 1 [7500/60000 (12%)]	Loss: 0.102691
Train Epoch: 1 [10000/60000 (17%)]	Loss: 0.132230
Train Epoch: 1 [12500/60000 (21%)]	Loss: 0.124366
Train Epoch: 1 [15000/60000 (25%)]	Loss: 0.100346
Train Epoch: 1 [17500/60000 (29%)]	Loss: 0.147557
Train Epoch: 1 [20000/60000 (33%)]	Loss: 0.110229
Train Epoch: 1 [22500/60000 (38%)]	Loss: 0.179708
Train Epoch: 1 [25000/60000 (42%)]	Loss: 0.090704
Train Epoch: 1 [27500/60000 (46%)]	Loss: 0.137283
Train Epoch: 1 [30000/60000 (50%)]	Loss: 0.096934
Train Epoch: 1 [32500/60000 (54%)]	Loss: 0.165737
Train Epoch: 1 [35000/60000 (58%)]	Loss: 0.105073
Train Epoch: 1 [37500/60000 (62%)]	Loss: 0.116357
Train Epoch: 1 [40000/60000 (67%)]	Loss: 0.151935
Train Epoch: 1 [42500/60000 (71%)]	Loss: 0.098146
Train Epoch: 1 [45000/60000 (75%)]	Loss: 0.128121
Train Epoch: 1 [47500/60000 (79%)]	Loss: 0.158109
Train Epoch: 1 [50000/60000 (83%)]	Loss: 0.169223
Train Epoch: 1 [52500/60000 (88%)]	Loss: 0.114490
Train Epoch: 1 [55000/60000 (92%)]	Loss: 0.087326
Train Epoch: 1 [57500/60000 (96%)]	Loss: 0.114826
Train Epoch: 1 [60000/60000 (100%)]	Loss: 0.064044

Average Training loss: 0.0050, Training Error Rate: 11.91% (7144/60000)


Average Test loss: 0.0001, Test Error Rate: 10.22% (1022/10000)

Train Epoch: 2 [2500/60000 (4%)]	Loss: 0.077747
Train Epoch: 2 [5000/60000 (8%)]	Loss: 0.149063
Train Epoch: 2 [7500/60000 (12%)]	Loss: 0.069590
Train Epoch: 2 [10000/60000 (17%)]	Loss: 0.104996
Train Epoch: 2 [12500/60000 (21%)]	Loss: 0.093948
Train Epoch: 2 [15000/60000 (25%)]	Loss: 0.146284
Train Epoch: 2 [17500/60000 (29%)]	Loss: 0.104339
Train Epoch: 2 [20000/60000 (33%)]	Loss: 0.060743
Train Epoch: 2 [22500/60000 (38%)]	Loss: 0.105627
Train Epoch: 2 [25000/60000 (42%)]	Loss: 0.124385
Train Epoch: 2 [27500/60000 (46%)]	Loss: 0.135447
Train Epoch: 2 [30000/60000 (50%)]	Loss: 0.087391
Train Epoch: 2 [32500/60000 (54%)]	Loss: 0.127060
Train Epoch: 2 [35000/60000 (58%)]	Loss: 0.101995
Train Epoch: 2 [37500/60000 (62%)]	Loss: 0.113443
Train Epoch: 2 [40000/60000 (67%)]	Loss: 0.075936
Train Epoch: 2 [42500/60000 (71%)]	Loss: 0.129009
Train Epoch: 2 [45000/60000 (75%)]	Loss: 0.087620
Train Epoch: 2 [47500/60000 (79%)]	Loss: 0.096901
Train Epoch: 2 [50000/60000 (83%)]	Loss: 0.139414
Train Epoch: 2 [52500/60000 (88%)]	Loss: 0.092410
Train Epoch: 2 [55000/60000 (92%)]	Loss: 0.161469
Train Epoch: 2 [57500/60000 (96%)]	Loss: 0.082270
Train Epoch: 2 [60000/60000 (100%)]	Loss: 0.115044

Average Training loss: 0.0043, Training Error Rate: 10.49% (6297/60000)


Average Test loss: 0.0001, Test Error Rate: 9.20% (920/10000)

Train Epoch: 3 [2500/60000 (4%)]	Loss: 0.133545
Train Epoch: 3 [5000/60000 (8%)]	Loss: 0.129806
Train Epoch: 3 [7500/60000 (12%)]	Loss: 0.108383
Train Epoch: 3 [10000/60000 (17%)]	Loss: 0.146722
Train Epoch: 3 [12500/60000 (21%)]	Loss: 0.044358
Train Epoch: 3 [15000/60000 (25%)]	Loss: 0.070699
Train Epoch: 3 [17500/60000 (29%)]	Loss: 0.135891
Train Epoch: 3 [20000/60000 (33%)]	Loss: 0.049016
Train Epoch: 3 [22500/60000 (38%)]	Loss: 0.122017
Train Epoch: 3 [25000/60000 (42%)]	Loss: 0.141496
Train Epoch: 3 [27500/60000 (46%)]	Loss: 0.062864
Train Epoch: 3 [30000/60000 (50%)]	Loss: 0.132254
Train Epoch: 3 [32500/60000 (54%)]	Loss: 0.064050
Train Epoch: 3 [35000/60000 (58%)]	Loss: 0.115580
Train Epoch: 3 [37500/60000 (62%)]	Loss: 0.131191
Train Epoch: 3 [40000/60000 (67%)]	Loss: 0.124494
Train Epoch: 3 [42500/60000 (71%)]	Loss: 0.090710
Train Epoch: 3 [45000/60000 (75%)]	Loss: 0.110674
Train Epoch: 3 [47500/60000 (79%)]	Loss: 0.094087
Train Epoch: 3 [50000/60000 (83%)]	Loss: 0.107484
Train Epoch: 3 [52500/60000 (88%)]	Loss: 0.118989
Train Epoch: 3 [55000/60000 (92%)]	Loss: 0.143838
Train Epoch: 3 [57500/60000 (96%)]	Loss: 0.089450
Train Epoch: 3 [60000/60000 (100%)]	Loss: 0.078636

Average Training loss: 0.0040, Training Error Rate: 9.72% (5830/60000)


Average Test loss: 0.0001, Test Error Rate: 8.59% (859/10000)

Train Epoch: 4 [2500/60000 (4%)]	Loss: 0.090041
Train Epoch: 4 [5000/60000 (8%)]	Loss: 0.120605
Train Epoch: 4 [7500/60000 (12%)]	Loss: 0.106742
Train Epoch: 4 [10000/60000 (17%)]	Loss: 0.084269
Train Epoch: 4 [12500/60000 (21%)]	Loss: 0.061490
Train Epoch: 4 [15000/60000 (25%)]	Loss: 0.033847
Train Epoch: 4 [17500/60000 (29%)]	Loss: 0.106894
Train Epoch: 4 [20000/60000 (33%)]	Loss: 0.095468
Train Epoch: 4 [22500/60000 (38%)]	Loss: 0.088703
Train Epoch: 4 [25000/60000 (42%)]	Loss: 0.106694
Train Epoch: 4 [27500/60000 (46%)]	Loss: 0.110327
Train Epoch: 4 [30000/60000 (50%)]	Loss: 0.042343
Train Epoch: 4 [32500/60000 (54%)]	Loss: 0.089948
Train Epoch: 4 [35000/60000 (58%)]	Loss: 0.067514
Train Epoch: 4 [37500/60000 (62%)]	Loss: 0.109189
Train Epoch: 4 [40000/60000 (67%)]	Loss: 0.114745
Train Epoch: 4 [42500/60000 (71%)]	Loss: 0.074310
Train Epoch: 4 [45000/60000 (75%)]	Loss: 0.133263
Train Epoch: 4 [47500/60000 (79%)]	Loss: 0.078837
Train Epoch: 4 [50000/60000 (83%)]	Loss: 0.064440
Train Epoch: 4 [52500/60000 (88%)]	Loss: 0.092911
Train Epoch: 4 [55000/60000 (92%)]	Loss: 0.097398
Train Epoch: 4 [57500/60000 (96%)]	Loss: 0.047010
Train Epoch: 4 [60000/60000 (100%)]	Loss: 0.054733

Average Training loss: 0.0037, Training Error Rate: 9.14% (5487/60000)


Average Test loss: 0.0001, Test Error Rate: 8.19% (819/10000)

Train Epoch: 5 [2500/60000 (4%)]	Loss: 0.076916
Train Epoch: 5 [5000/60000 (8%)]	Loss: 0.098034
Train Epoch: 5 [7500/60000 (12%)]	Loss: 0.034967
Train Epoch: 5 [10000/60000 (17%)]	Loss: 0.042610
Train Epoch: 5 [12500/60000 (21%)]	Loss: 0.069655
Train Epoch: 5 [15000/60000 (25%)]	Loss: 0.113948
Train Epoch: 5 [17500/60000 (29%)]	Loss: 0.084386
Train Epoch: 5 [20000/60000 (33%)]	Loss: 0.133999
Train Epoch: 5 [22500/60000 (38%)]	Loss: 0.044769
Train Epoch: 5 [25000/60000 (42%)]	Loss: 0.087800
Train Epoch: 5 [27500/60000 (46%)]	Loss: 0.072644
Train Epoch: 5 [30000/60000 (50%)]	Loss: 0.092134
Train Epoch: 5 [32500/60000 (54%)]	Loss: 0.069271
Train Epoch: 5 [35000/60000 (58%)]	Loss: 0.089754
Train Epoch: 5 [37500/60000 (62%)]	Loss: 0.121708
Train Epoch: 5 [40000/60000 (67%)]	Loss: 0.110813
Train Epoch: 5 [42500/60000 (71%)]	Loss: 0.151940
Train Epoch: 5 [45000/60000 (75%)]	Loss: 0.101946
Train Epoch: 5 [47500/60000 (79%)]	Loss: 0.108495
Train Epoch: 5 [50000/60000 (83%)]	Loss: 0.098680
Train Epoch: 5 [52500/60000 (88%)]	Loss: 0.112905
Train Epoch: 5 [55000/60000 (92%)]	Loss: 0.077708
Train Epoch: 5 [57500/60000 (96%)]	Loss: 0.062230
Train Epoch: 5 [60000/60000 (100%)]	Loss: 0.071906

Average Training loss: 0.0035, Training Error Rate: 8.64% (5187/60000)


Average Test loss: 0.0001, Test Error Rate: 7.72% (772/10000)

Train Epoch: 6 [2500/60000 (4%)]	Loss: 0.070842
Train Epoch: 6 [5000/60000 (8%)]	Loss: 0.132140
Train Epoch: 6 [7500/60000 (12%)]	Loss: 0.143602
Train Epoch: 6 [10000/60000 (17%)]	Loss: 0.060185
Train Epoch: 6 [12500/60000 (21%)]	Loss: 0.106976
Train Epoch: 6 [15000/60000 (25%)]	Loss: 0.066371
Train Epoch: 6 [17500/60000 (29%)]	Loss: 0.134558
Train Epoch: 6 [20000/60000 (33%)]	Loss: 0.091214
Train Epoch: 6 [22500/60000 (38%)]	Loss: 0.064766
Train Epoch: 6 [25000/60000 (42%)]	Loss: 0.101659
Train Epoch: 6 [27500/60000 (46%)]	Loss: 0.038129
Train Epoch: 6 [30000/60000 (50%)]	Loss: 0.068939
Train Epoch: 6 [32500/60000 (54%)]	Loss: 0.028943
Train Epoch: 6 [35000/60000 (58%)]	Loss: 0.072907
Train Epoch: 6 [37500/60000 (62%)]	Loss: 0.076068
Train Epoch: 6 [40000/60000 (67%)]	Loss: 0.049548
Train Epoch: 6 [42500/60000 (71%)]	Loss: 0.064726
Train Epoch: 6 [45000/60000 (75%)]	Loss: 0.069422
Train Epoch: 6 [47500/60000 (79%)]	Loss: 0.046172
Train Epoch: 6 [50000/60000 (83%)]	Loss: 0.098368
Train Epoch: 6 [52500/60000 (88%)]	Loss: 0.101119
Train Epoch: 6 [55000/60000 (92%)]	Loss: 0.096526
Train Epoch: 6 [57500/60000 (96%)]	Loss: 0.071873
Train Epoch: 6 [60000/60000 (100%)]	Loss: 0.055477

Average Training loss: 0.0033, Training Error Rate: 8.29% (4972/60000)


Average Test loss: 0.0001, Test Error Rate: 7.67% (767/10000)

Train Epoch: 7 [2500/60000 (4%)]	Loss: 0.081610
Train Epoch: 7 [5000/60000 (8%)]	Loss: 0.073547
Train Epoch: 7 [7500/60000 (12%)]	Loss: 0.042199
Train Epoch: 7 [10000/60000 (17%)]	Loss: 0.040179
Train Epoch: 7 [12500/60000 (21%)]	Loss: 0.099849
Train Epoch: 7 [15000/60000 (25%)]	Loss: 0.070699
Train Epoch: 7 [17500/60000 (29%)]	Loss: 0.055353
Train Epoch: 7 [20000/60000 (33%)]	Loss: 0.097287
Train Epoch: 7 [22500/60000 (38%)]	Loss: 0.049252
Train Epoch: 7 [25000/60000 (42%)]	Loss: 0.062076
Train Epoch: 7 [27500/60000 (46%)]	Loss: 0.032695
Train Epoch: 7 [30000/60000 (50%)]	Loss: 0.029878
Train Epoch: 7 [32500/60000 (54%)]	Loss: 0.075758
Train Epoch: 7 [35000/60000 (58%)]	Loss: 0.045923
Train Epoch: 7 [37500/60000 (62%)]	Loss: 0.155034
Train Epoch: 7 [40000/60000 (67%)]	Loss: 0.095774
Train Epoch: 7 [42500/60000 (71%)]	Loss: 0.117371
Train Epoch: 7 [45000/60000 (75%)]	Loss: 0.071603
Train Epoch: 7 [47500/60000 (79%)]	Loss: 0.081597
Train Epoch: 7 [50000/60000 (83%)]	Loss: 0.096857
Train Epoch: 7 [52500/60000 (88%)]	Loss: 0.122590
Train Epoch: 7 [55000/60000 (92%)]	Loss: 0.071357
Train Epoch: 7 [57500/60000 (96%)]	Loss: 0.107586
Train Epoch: 7 [60000/60000 (100%)]	Loss: 0.092482

Average Training loss: 0.0032, Training Error Rate: 7.93% (4757/60000)


Average Test loss: 0.0001, Test Error Rate: 7.39% (739/10000)

Train Epoch: 8 [2500/60000 (4%)]	Loss: 0.080902
Train Epoch: 8 [5000/60000 (8%)]	Loss: 0.087942
Train Epoch: 8 [7500/60000 (12%)]	Loss: 0.073907
Train Epoch: 8 [10000/60000 (17%)]	Loss: 0.030037
Train Epoch: 8 [12500/60000 (21%)]	Loss: 0.100232
Train Epoch: 8 [15000/60000 (25%)]	Loss: 0.064228
Train Epoch: 8 [17500/60000 (29%)]	Loss: 0.062329
Train Epoch: 8 [20000/60000 (33%)]	Loss: 0.063389
Train Epoch: 8 [22500/60000 (38%)]	Loss: 0.086229
Train Epoch: 8 [25000/60000 (42%)]	Loss: 0.047619
Train Epoch: 8 [27500/60000 (46%)]	Loss: 0.071537
Train Epoch: 8 [30000/60000 (50%)]	Loss: 0.084226
Train Epoch: 8 [32500/60000 (54%)]	Loss: 0.084588
Train Epoch: 8 [35000/60000 (58%)]	Loss: 0.037051
Train Epoch: 8 [37500/60000 (62%)]	Loss: 0.092668
Train Epoch: 8 [40000/60000 (67%)]	Loss: 0.084080
Train Epoch: 8 [42500/60000 (71%)]	Loss: 0.136094
Train Epoch: 8 [45000/60000 (75%)]	Loss: 0.089333
Train Epoch: 8 [47500/60000 (79%)]	Loss: 0.024408
Train Epoch: 8 [50000/60000 (83%)]	Loss: 0.066002
Train Epoch: 8 [52500/60000 (88%)]	Loss: 0.058752
Train Epoch: 8 [55000/60000 (92%)]	Loss: 0.104198
Train Epoch: 8 [57500/60000 (96%)]	Loss: 0.131892
Train Epoch: 8 [60000/60000 (100%)]	Loss: 0.042811

Average Training loss: 0.0031, Training Error Rate: 7.63% (4580/60000)


Average Test loss: 0.0001, Test Error Rate: 7.26% (726/10000)

Train Epoch: 9 [2500/60000 (4%)]	Loss: 0.081809
Train Epoch: 9 [5000/60000 (8%)]	Loss: 0.095926
Train Epoch: 9 [7500/60000 (12%)]	Loss: 0.111486
Train Epoch: 9 [10000/60000 (17%)]	Loss: 0.084349
Train Epoch: 9 [12500/60000 (21%)]	Loss: 0.126332
Train Epoch: 9 [15000/60000 (25%)]	Loss: 0.093686
Train Epoch: 9 [17500/60000 (29%)]	Loss: 0.121093
Train Epoch: 9 [20000/60000 (33%)]	Loss: 0.082981
Train Epoch: 9 [22500/60000 (38%)]	Loss: 0.089157
Train Epoch: 9 [25000/60000 (42%)]	Loss: 0.088078
Train Epoch: 9 [27500/60000 (46%)]	Loss: 0.047633
Train Epoch: 9 [30000/60000 (50%)]	Loss: 0.091692
Train Epoch: 9 [32500/60000 (54%)]	Loss: 0.065010
Train Epoch: 9 [35000/60000 (58%)]	Loss: 0.067977
Train Epoch: 9 [37500/60000 (62%)]	Loss: 0.103617
Train Epoch: 9 [40000/60000 (67%)]	Loss: 0.068598
Train Epoch: 9 [42500/60000 (71%)]	Loss: 0.026151
Train Epoch: 9 [45000/60000 (75%)]	Loss: 0.058867
Train Epoch: 9 [47500/60000 (79%)]	Loss: 0.050787
Train Epoch: 9 [50000/60000 (83%)]	Loss: 0.049925
Train Epoch: 9 [52500/60000 (88%)]	Loss: 0.120250
Train Epoch: 9 [55000/60000 (92%)]	Loss: 0.048359
Train Epoch: 9 [57500/60000 (96%)]	Loss: 0.069653
Train Epoch: 9 [60000/60000 (100%)]	Loss: 0.056335

Average Training loss: 0.0029, Training Error Rate: 7.38% (4425/60000)


Average Test loss: 0.0001, Test Error Rate: 6.79% (679/10000)

Train Epoch: 10 [2500/60000 (4%)]	Loss: 0.040305
Train Epoch: 10 [5000/60000 (8%)]	Loss: 0.078008
Train Epoch: 10 [7500/60000 (12%)]	Loss: 0.077348
Train Epoch: 10 [10000/60000 (17%)]	Loss: 0.056930
Train Epoch: 10 [12500/60000 (21%)]	Loss: 0.025199
Train Epoch: 10 [15000/60000 (25%)]	Loss: 0.045222
Train Epoch: 10 [17500/60000 (29%)]	Loss: 0.062203
Train Epoch: 10 [20000/60000 (33%)]	Loss: 0.082734
Train Epoch: 10 [22500/60000 (38%)]	Loss: 0.067597
Train Epoch: 10 [25000/60000 (42%)]	Loss: 0.043535
Train Epoch: 10 [27500/60000 (46%)]	Loss: 0.053185
Train Epoch: 10 [30000/60000 (50%)]	Loss: 0.064259
Train Epoch: 10 [32500/60000 (54%)]	Loss: 0.074604
Train Epoch: 10 [35000/60000 (58%)]	Loss: 0.064354
Train Epoch: 10 [37500/60000 (62%)]	Loss: 0.103319
Train Epoch: 10 [40000/60000 (67%)]	Loss: 0.119840
Train Epoch: 10 [42500/60000 (71%)]	Loss: 0.086949
Train Epoch: 10 [45000/60000 (75%)]	Loss: 0.045510
Train Epoch: 10 [47500/60000 (79%)]	Loss: 0.070123
Train Epoch: 10 [50000/60000 (83%)]	Loss: 0.087675
Train Epoch: 10 [52500/60000 (88%)]	Loss: 0.048710
Train Epoch: 10 [55000/60000 (92%)]	Loss: 0.042097
Train Epoch: 10 [57500/60000 (96%)]	Loss: 0.066559
Train Epoch: 10 [60000/60000 (100%)]	Loss: 0.033906

Average Training loss: 0.0028, Training Error Rate: 7.16% (4293/60000)


Average Test loss: 0.0001, Test Error Rate: 6.71% (671/10000)

Train Epoch: 11 [2500/60000 (4%)]	Loss: 0.082479
Train Epoch: 11 [5000/60000 (8%)]	Loss: 0.088533
Train Epoch: 11 [7500/60000 (12%)]	Loss: 0.065501
Train Epoch: 11 [10000/60000 (17%)]	Loss: 0.084412
Train Epoch: 11 [12500/60000 (21%)]	Loss: 0.049085
Train Epoch: 11 [15000/60000 (25%)]	Loss: 0.091935
Train Epoch: 11 [17500/60000 (29%)]	Loss: 0.066937
Train Epoch: 11 [20000/60000 (33%)]	Loss: 0.087868
Train Epoch: 11 [22500/60000 (38%)]	Loss: 0.021468
Train Epoch: 11 [25000/60000 (42%)]	Loss: 0.062759
Train Epoch: 11 [27500/60000 (46%)]	Loss: 0.044458
Train Epoch: 11 [30000/60000 (50%)]	Loss: 0.066033
Train Epoch: 11 [32500/60000 (54%)]	Loss: 0.039900
Train Epoch: 11 [35000/60000 (58%)]	Loss: 0.119157
Train Epoch: 11 [37500/60000 (62%)]	Loss: 0.070144
Train Epoch: 11 [40000/60000 (67%)]	Loss: 0.107333
Train Epoch: 11 [42500/60000 (71%)]	Loss: 0.056595
Train Epoch: 11 [45000/60000 (75%)]	Loss: 0.050471
Train Epoch: 11 [47500/60000 (79%)]	Loss: 0.180958
Train Epoch: 11 [50000/60000 (83%)]	Loss: 0.071686
Train Epoch: 11 [52500/60000 (88%)]	Loss: 0.070879
Train Epoch: 11 [55000/60000 (92%)]	Loss: 0.068204
Train Epoch: 11 [57500/60000 (96%)]	Loss: 0.059084
Train Epoch: 11 [60000/60000 (100%)]	Loss: 0.080017

Average Training loss: 0.0028, Training Error Rate: 6.90% (4140/60000)


Average Test loss: 0.0001, Test Error Rate: 6.63% (663/10000)

Train Epoch: 12 [2500/60000 (4%)]	Loss: 0.045979
Train Epoch: 12 [5000/60000 (8%)]	Loss: 0.039418
Train Epoch: 12 [7500/60000 (12%)]	Loss: 0.050873
Train Epoch: 12 [10000/60000 (17%)]	Loss: 0.111539
Train Epoch: 12 [12500/60000 (21%)]	Loss: 0.023270
Train Epoch: 12 [15000/60000 (25%)]	Loss: 0.070861
Train Epoch: 12 [17500/60000 (29%)]	Loss: 0.063200
Train Epoch: 12 [20000/60000 (33%)]	Loss: 0.099629
Train Epoch: 12 [22500/60000 (38%)]	Loss: 0.129324
Train Epoch: 12 [25000/60000 (42%)]	Loss: 0.043520
Train Epoch: 12 [27500/60000 (46%)]	Loss: 0.074457
Train Epoch: 12 [30000/60000 (50%)]	Loss: 0.132036
Train Epoch: 12 [32500/60000 (54%)]	Loss: 0.049756
Train Epoch: 12 [35000/60000 (58%)]	Loss: 0.116950
Train Epoch: 12 [37500/60000 (62%)]	Loss: 0.063628
Train Epoch: 12 [40000/60000 (67%)]	Loss: 0.056978
Train Epoch: 12 [42500/60000 (71%)]	Loss: 0.149619
Train Epoch: 12 [45000/60000 (75%)]	Loss: 0.095174
Train Epoch: 12 [47500/60000 (79%)]	Loss: 0.060840
Train Epoch: 12 [50000/60000 (83%)]	Loss: 0.038485
Train Epoch: 12 [52500/60000 (88%)]	Loss: 0.047687
Train Epoch: 12 [55000/60000 (92%)]	Loss: 0.069202
Train Epoch: 12 [57500/60000 (96%)]	Loss: 0.061542
Train Epoch: 12 [60000/60000 (100%)]	Loss: 0.073040

Average Training loss: 0.0027, Training Error Rate: 6.70% (4020/60000)


Average Test loss: 0.0001, Test Error Rate: 6.36% (636/10000)

Train Epoch: 13 [2500/60000 (4%)]	Loss: 0.049021
Train Epoch: 13 [5000/60000 (8%)]	Loss: 0.051142
Train Epoch: 13 [7500/60000 (12%)]	Loss: 0.069977
Train Epoch: 13 [10000/60000 (17%)]	Loss: 0.058472
Train Epoch: 13 [12500/60000 (21%)]	Loss: 0.071404
Train Epoch: 13 [15000/60000 (25%)]	Loss: 0.032386
Train Epoch: 13 [17500/60000 (29%)]	Loss: 0.043237
Train Epoch: 13 [20000/60000 (33%)]	Loss: 0.040642
Train Epoch: 13 [22500/60000 (38%)]	Loss: 0.071065
Train Epoch: 13 [25000/60000 (42%)]	Loss: 0.095897
Train Epoch: 13 [27500/60000 (46%)]	Loss: 0.056702
Train Epoch: 13 [30000/60000 (50%)]	Loss: 0.034625
Train Epoch: 13 [32500/60000 (54%)]	Loss: 0.022171
Train Epoch: 13 [35000/60000 (58%)]	Loss: 0.077349
Train Epoch: 13 [37500/60000 (62%)]	Loss: 0.048850
Train Epoch: 13 [40000/60000 (67%)]	Loss: 0.033072
Train Epoch: 13 [42500/60000 (71%)]	Loss: 0.060134
Train Epoch: 13 [45000/60000 (75%)]	Loss: 0.065795
Train Epoch: 13 [47500/60000 (79%)]	Loss: 0.068794
Train Epoch: 13 [50000/60000 (83%)]	Loss: 0.035696
Train Epoch: 13 [52500/60000 (88%)]	Loss: 0.083234
Train Epoch: 13 [55000/60000 (92%)]	Loss: 0.090031
Train Epoch: 13 [57500/60000 (96%)]	Loss: 0.105358
Train Epoch: 13 [60000/60000 (100%)]	Loss: 0.056992

Average Training loss: 0.0026, Training Error Rate: 6.51% (3909/60000)


Average Test loss: 0.0001, Test Error Rate: 6.23% (623/10000)

Train Epoch: 14 [2500/60000 (4%)]	Loss: 0.081160
Train Epoch: 14 [5000/60000 (8%)]	Loss: 0.046566
Train Epoch: 14 [7500/60000 (12%)]	Loss: 0.089489
Train Epoch: 14 [10000/60000 (17%)]	Loss: 0.016636
Train Epoch: 14 [12500/60000 (21%)]	Loss: 0.061397
Train Epoch: 14 [15000/60000 (25%)]	Loss: 0.069541
Train Epoch: 14 [17500/60000 (29%)]	Loss: 0.042963
Train Epoch: 14 [20000/60000 (33%)]	Loss: 0.094869
Train Epoch: 14 [22500/60000 (38%)]	Loss: 0.061184
Train Epoch: 14 [25000/60000 (42%)]	Loss: 0.110071
Train Epoch: 14 [27500/60000 (46%)]	Loss: 0.070131
Train Epoch: 14 [30000/60000 (50%)]	Loss: 0.073362
Train Epoch: 14 [32500/60000 (54%)]	Loss: 0.063776
Train Epoch: 14 [35000/60000 (58%)]	Loss: 0.043699
Train Epoch: 14 [37500/60000 (62%)]	Loss: 0.053360
Train Epoch: 14 [40000/60000 (67%)]	Loss: 0.072663
Train Epoch: 14 [42500/60000 (71%)]	Loss: 0.081369
Train Epoch: 14 [45000/60000 (75%)]	Loss: 0.037415
Train Epoch: 14 [47500/60000 (79%)]	Loss: 0.083035
Train Epoch: 14 [50000/60000 (83%)]	Loss: 0.058833
Train Epoch: 14 [52500/60000 (88%)]	Loss: 0.111391
Train Epoch: 14 [55000/60000 (92%)]	Loss: 0.042440
Train Epoch: 14 [57500/60000 (96%)]	Loss: 0.076314
Train Epoch: 14 [60000/60000 (100%)]	Loss: 0.070956

Average Training loss: 0.0025, Training Error Rate: 6.37% (3821/60000)


Average Test loss: 0.0001, Test Error Rate: 6.07% (607/10000)

Train Epoch: 15 [2500/60000 (4%)]	Loss: 0.077612
Train Epoch: 15 [5000/60000 (8%)]	Loss: 0.033984
Train Epoch: 15 [7500/60000 (12%)]	Loss: 0.036742
Train Epoch: 15 [10000/60000 (17%)]	Loss: 0.069386
Train Epoch: 15 [12500/60000 (21%)]	Loss: 0.068737
Train Epoch: 15 [15000/60000 (25%)]	Loss: 0.042466
Train Epoch: 15 [17500/60000 (29%)]	Loss: 0.044783
Train Epoch: 15 [20000/60000 (33%)]	Loss: 0.117788
Train Epoch: 15 [22500/60000 (38%)]	Loss: 0.025461
Train Epoch: 15 [25000/60000 (42%)]	Loss: 0.055529
Train Epoch: 15 [27500/60000 (46%)]	Loss: 0.052793
Train Epoch: 15 [30000/60000 (50%)]	Loss: 0.057539
Train Epoch: 15 [32500/60000 (54%)]	Loss: 0.070171
Train Epoch: 15 [35000/60000 (58%)]	Loss: 0.077283
Train Epoch: 15 [37500/60000 (62%)]	Loss: 0.022167
Train Epoch: 15 [40000/60000 (67%)]	Loss: 0.097657
Train Epoch: 15 [42500/60000 (71%)]	Loss: 0.028299
Train Epoch: 15 [45000/60000 (75%)]	Loss: 0.032215
Train Epoch: 15 [47500/60000 (79%)]	Loss: 0.062466
Train Epoch: 15 [50000/60000 (83%)]	Loss: 0.043252
Train Epoch: 15 [52500/60000 (88%)]	Loss: 0.075886
Train Epoch: 15 [55000/60000 (92%)]	Loss: 0.044124
Train Epoch: 15 [57500/60000 (96%)]	Loss: 0.118667
Train Epoch: 15 [60000/60000 (100%)]	Loss: 0.029686

Average Training loss: 0.0025, Training Error Rate: 6.21% (3724/60000)


Average Test loss: 0.0001, Test Error Rate: 5.92% (592/10000)

Train Epoch: 16 [2500/60000 (4%)]	Loss: 0.078847
Train Epoch: 16 [5000/60000 (8%)]	Loss: 0.048044
Train Epoch: 16 [7500/60000 (12%)]	Loss: 0.062242
Train Epoch: 16 [10000/60000 (17%)]	Loss: 0.085894
Train Epoch: 16 [12500/60000 (21%)]	Loss: 0.057019
Train Epoch: 16 [15000/60000 (25%)]	Loss: 0.074223
Train Epoch: 16 [17500/60000 (29%)]	Loss: 0.076828
Train Epoch: 16 [20000/60000 (33%)]	Loss: 0.018305
Train Epoch: 16 [22500/60000 (38%)]	Loss: 0.067812
Train Epoch: 16 [25000/60000 (42%)]	Loss: 0.027291
Train Epoch: 16 [27500/60000 (46%)]	Loss: 0.047349
Train Epoch: 16 [30000/60000 (50%)]	Loss: 0.032773
Train Epoch: 16 [32500/60000 (54%)]	Loss: 0.074270
Train Epoch: 16 [35000/60000 (58%)]	Loss: 0.108648
Train Epoch: 16 [37500/60000 (62%)]	Loss: 0.067482
Train Epoch: 16 [40000/60000 (67%)]	Loss: 0.070443
Train Epoch: 16 [42500/60000 (71%)]	Loss: 0.110860
Train Epoch: 16 [45000/60000 (75%)]	Loss: 0.032861
Train Epoch: 16 [47500/60000 (79%)]	Loss: 0.045536
Train Epoch: 16 [50000/60000 (83%)]	Loss: 0.057456
Train Epoch: 16 [52500/60000 (88%)]	Loss: 0.022064
Train Epoch: 16 [55000/60000 (92%)]	Loss: 0.071056
Train Epoch: 16 [57500/60000 (96%)]	Loss: 0.025537
Train Epoch: 16 [60000/60000 (100%)]	Loss: 0.059192

Average Training loss: 0.0024, Training Error Rate: 6.10% (3661/60000)


Average Test loss: 0.0001, Test Error Rate: 5.95% (595/10000)

Train Epoch: 17 [2500/60000 (4%)]	Loss: 0.074946
Train Epoch: 17 [5000/60000 (8%)]	Loss: 0.103191
Train Epoch: 17 [7500/60000 (12%)]	Loss: 0.011044
Train Epoch: 17 [10000/60000 (17%)]	Loss: 0.036530
Train Epoch: 17 [12500/60000 (21%)]	Loss: 0.028358
Train Epoch: 17 [15000/60000 (25%)]	Loss: 0.053478
Train Epoch: 17 [17500/60000 (29%)]	Loss: 0.031241
Train Epoch: 17 [20000/60000 (33%)]	Loss: 0.069656
Train Epoch: 17 [22500/60000 (38%)]	Loss: 0.054038
Train Epoch: 17 [25000/60000 (42%)]	Loss: 0.028641
Train Epoch: 17 [27500/60000 (46%)]	Loss: 0.027063
Train Epoch: 17 [30000/60000 (50%)]	Loss: 0.051313
Train Epoch: 17 [32500/60000 (54%)]	Loss: 0.067715
Train Epoch: 17 [35000/60000 (58%)]	Loss: 0.054252
Train Epoch: 17 [37500/60000 (62%)]	Loss: 0.050016
Train Epoch: 17 [40000/60000 (67%)]	Loss: 0.070299
Train Epoch: 17 [42500/60000 (71%)]	Loss: 0.045318
Train Epoch: 17 [45000/60000 (75%)]	Loss: 0.075969
Train Epoch: 17 [47500/60000 (79%)]	Loss: 0.098257
Train Epoch: 17 [50000/60000 (83%)]	Loss: 0.036821
Train Epoch: 17 [52500/60000 (88%)]	Loss: 0.137796
Train Epoch: 17 [55000/60000 (92%)]	Loss: 0.023212
Train Epoch: 17 [57500/60000 (96%)]	Loss: 0.105832
Train Epoch: 17 [60000/60000 (100%)]	Loss: 0.048352

Average Training loss: 0.0023, Training Error Rate: 5.97% (3580/60000)


Average Test loss: 0.0001, Test Error Rate: 5.73% (573/10000)

Train Epoch: 18 [2500/60000 (4%)]	Loss: 0.024520
Train Epoch: 18 [5000/60000 (8%)]	Loss: 0.056283
Train Epoch: 18 [7500/60000 (12%)]	Loss: 0.056681
Train Epoch: 18 [10000/60000 (17%)]	Loss: 0.043742
Train Epoch: 18 [12500/60000 (21%)]	Loss: 0.098044
Train Epoch: 18 [15000/60000 (25%)]	Loss: 0.082049
Train Epoch: 18 [17500/60000 (29%)]	Loss: 0.018116
Train Epoch: 18 [20000/60000 (33%)]	Loss: 0.038178
Train Epoch: 18 [22500/60000 (38%)]	Loss: 0.074473
Train Epoch: 18 [25000/60000 (42%)]	Loss: 0.067945
Train Epoch: 18 [27500/60000 (46%)]	Loss: 0.058328
Train Epoch: 18 [30000/60000 (50%)]	Loss: 0.072933
Train Epoch: 18 [32500/60000 (54%)]	Loss: 0.049319
Train Epoch: 18 [35000/60000 (58%)]	Loss: 0.036754
Train Epoch: 18 [37500/60000 (62%)]	Loss: 0.025630
Train Epoch: 18 [40000/60000 (67%)]	Loss: 0.022955
Train Epoch: 18 [42500/60000 (71%)]	Loss: 0.061779
Train Epoch: 18 [45000/60000 (75%)]	Loss: 0.075219
Train Epoch: 18 [47500/60000 (79%)]	Loss: 0.057551
Train Epoch: 18 [50000/60000 (83%)]	Loss: 0.074761
Train Epoch: 18 [52500/60000 (88%)]	Loss: 0.044182
Train Epoch: 18 [55000/60000 (92%)]	Loss: 0.088735
Train Epoch: 18 [57500/60000 (96%)]	Loss: 0.036612
Train Epoch: 18 [60000/60000 (100%)]	Loss: 0.036858

Average Training loss: 0.0023, Training Error Rate: 5.80% (3481/60000)


Average Test loss: 0.0001, Test Error Rate: 5.66% (566/10000)

Train Epoch: 19 [2500/60000 (4%)]	Loss: 0.053124
Train Epoch: 19 [5000/60000 (8%)]	Loss: 0.070831
Train Epoch: 19 [7500/60000 (12%)]	Loss: 0.056202
Train Epoch: 19 [10000/60000 (17%)]	Loss: 0.026771
Train Epoch: 19 [12500/60000 (21%)]	Loss: 0.053556
Train Epoch: 19 [15000/60000 (25%)]	Loss: 0.058340
Train Epoch: 19 [17500/60000 (29%)]	Loss: 0.033578
Train Epoch: 19 [20000/60000 (33%)]	Loss: 0.139284
Train Epoch: 19 [22500/60000 (38%)]	Loss: 0.053073
Train Epoch: 19 [25000/60000 (42%)]	Loss: 0.087528
Train Epoch: 19 [27500/60000 (46%)]	Loss: 0.056903
Train Epoch: 19 [30000/60000 (50%)]	Loss: 0.041395
Train Epoch: 19 [32500/60000 (54%)]	Loss: 0.030900
Train Epoch: 19 [35000/60000 (58%)]	Loss: 0.076651
Train Epoch: 19 [37500/60000 (62%)]	Loss: 0.047556
Train Epoch: 19 [40000/60000 (67%)]	Loss: 0.062313
Train Epoch: 19 [42500/60000 (71%)]	Loss: 0.043666
Train Epoch: 19 [45000/60000 (75%)]	Loss: 0.110209
Train Epoch: 19 [47500/60000 (79%)]	Loss: 0.109249
Train Epoch: 19 [50000/60000 (83%)]	Loss: 0.045096
Train Epoch: 19 [52500/60000 (88%)]	Loss: 0.091567
Train Epoch: 19 [55000/60000 (92%)]	Loss: 0.056229
Train Epoch: 19 [57500/60000 (96%)]	Loss: 0.046621
Train Epoch: 19 [60000/60000 (100%)]	Loss: 0.015905

Average Training loss: 0.0022, Training Error Rate: 5.68% (3408/60000)


Average Test loss: 0.0001, Test Error Rate: 5.59% (559/10000)

Train Epoch: 20 [2500/60000 (4%)]	Loss: 0.021045
Train Epoch: 20 [5000/60000 (8%)]	Loss: 0.053914
Train Epoch: 20 [7500/60000 (12%)]	Loss: 0.058810
Train Epoch: 20 [10000/60000 (17%)]	Loss: 0.041561
Train Epoch: 20 [12500/60000 (21%)]	Loss: 0.033791
Train Epoch: 20 [15000/60000 (25%)]	Loss: 0.053340
Train Epoch: 20 [17500/60000 (29%)]	Loss: 0.073102
Train Epoch: 20 [20000/60000 (33%)]	Loss: 0.066922
Train Epoch: 20 [22500/60000 (38%)]	Loss: 0.044468
Train Epoch: 20 [25000/60000 (42%)]	Loss: 0.056354
Train Epoch: 20 [27500/60000 (46%)]	Loss: 0.060262
Train Epoch: 20 [30000/60000 (50%)]	Loss: 0.086668
Train Epoch: 20 [32500/60000 (54%)]	Loss: 0.107415
Train Epoch: 20 [35000/60000 (58%)]	Loss: 0.032213
Train Epoch: 20 [37500/60000 (62%)]	Loss: 0.079129
Train Epoch: 20 [40000/60000 (67%)]	Loss: 0.069458
Train Epoch: 20 [42500/60000 (71%)]	Loss: 0.050528
Train Epoch: 20 [45000/60000 (75%)]	Loss: 0.079652
Train Epoch: 20 [47500/60000 (79%)]	Loss: 0.051720
Train Epoch: 20 [50000/60000 (83%)]	Loss: 0.071524
Train Epoch: 20 [52500/60000 (88%)]	Loss: 0.067396
Train Epoch: 20 [55000/60000 (92%)]	Loss: 0.068532
Train Epoch: 20 [57500/60000 (96%)]	Loss: 0.045347
Train Epoch: 20 [60000/60000 (100%)]	Loss: 0.038024

Average Training loss: 0.0022, Training Error Rate: 5.55% (3330/60000)


Average Test loss: 0.0001, Test Error Rate: 5.51% (551/10000)

Train Epoch: 21 [2500/60000 (4%)]	Loss: 0.049670
Train Epoch: 21 [5000/60000 (8%)]	Loss: 0.051632
Train Epoch: 21 [7500/60000 (12%)]	Loss: 0.054312
Train Epoch: 21 [10000/60000 (17%)]	Loss: 0.072408
Train Epoch: 21 [12500/60000 (21%)]	Loss: 0.014763
Train Epoch: 21 [15000/60000 (25%)]	Loss: 0.104567
Train Epoch: 21 [17500/60000 (29%)]	Loss: 0.036007
Train Epoch: 21 [20000/60000 (33%)]	Loss: 0.074536
Train Epoch: 21 [22500/60000 (38%)]	Loss: 0.058140
Train Epoch: 21 [25000/60000 (42%)]	Loss: 0.017599
Train Epoch: 21 [27500/60000 (46%)]	Loss: 0.071093
Train Epoch: 21 [30000/60000 (50%)]	Loss: 0.047833
Train Epoch: 21 [32500/60000 (54%)]	Loss: 0.036888
Train Epoch: 21 [35000/60000 (58%)]	Loss: 0.043743
Train Epoch: 21 [37500/60000 (62%)]	Loss: 0.035521
Train Epoch: 21 [40000/60000 (67%)]	Loss: 0.068535
Train Epoch: 21 [42500/60000 (71%)]	Loss: 0.052718
Train Epoch: 21 [45000/60000 (75%)]	Loss: 0.071726
Train Epoch: 21 [47500/60000 (79%)]	Loss: 0.046297
Train Epoch: 21 [50000/60000 (83%)]	Loss: 0.049133
Train Epoch: 21 [52500/60000 (88%)]	Loss: 0.017649
Train Epoch: 21 [55000/60000 (92%)]	Loss: 0.041534
Train Epoch: 21 [57500/60000 (96%)]	Loss: 0.067751
Train Epoch: 21 [60000/60000 (100%)]	Loss: 0.019038

Average Training loss: 0.0021, Training Error Rate: 5.42% (3252/60000)


Average Test loss: 0.0001, Test Error Rate: 5.36% (536/10000)

Train Epoch: 22 [2500/60000 (4%)]	Loss: 0.048614
Train Epoch: 22 [5000/60000 (8%)]	Loss: 0.063754
Train Epoch: 22 [7500/60000 (12%)]	Loss: 0.009642
Train Epoch: 22 [10000/60000 (17%)]	Loss: 0.051839
Train Epoch: 22 [12500/60000 (21%)]	Loss: 0.046779
Train Epoch: 22 [15000/60000 (25%)]	Loss: 0.114163
Train Epoch: 22 [17500/60000 (29%)]	Loss: 0.039377
Train Epoch: 22 [20000/60000 (33%)]	Loss: 0.069094
Train Epoch: 22 [22500/60000 (38%)]	Loss: 0.029634
Train Epoch: 22 [25000/60000 (42%)]	Loss: 0.046311
Train Epoch: 22 [27500/60000 (46%)]	Loss: 0.037881
Train Epoch: 22 [30000/60000 (50%)]	Loss: 0.026688
Train Epoch: 22 [32500/60000 (54%)]	Loss: 0.078878
Train Epoch: 22 [35000/60000 (58%)]	Loss: 0.114774
Train Epoch: 22 [37500/60000 (62%)]	Loss: 0.082718
Train Epoch: 22 [40000/60000 (67%)]	Loss: 0.057398
Train Epoch: 22 [42500/60000 (71%)]	Loss: 0.062618
Train Epoch: 22 [45000/60000 (75%)]	Loss: 0.101950
Train Epoch: 22 [47500/60000 (79%)]	Loss: 0.033560
Train Epoch: 22 [50000/60000 (83%)]	Loss: 0.073141
Train Epoch: 22 [52500/60000 (88%)]	Loss: 0.022287
Train Epoch: 22 [55000/60000 (92%)]	Loss: 0.031811
Train Epoch: 22 [57500/60000 (96%)]	Loss: 0.032142
Train Epoch: 22 [60000/60000 (100%)]	Loss: 0.043375

Average Training loss: 0.0021, Training Error Rate: 5.32% (3194/60000)


Average Test loss: 0.0001, Test Error Rate: 5.30% (530/10000)

Train Epoch: 23 [2500/60000 (4%)]	Loss: 0.061739
Train Epoch: 23 [5000/60000 (8%)]	Loss: 0.014331
Train Epoch: 23 [7500/60000 (12%)]	Loss: 0.071982
Train Epoch: 23 [10000/60000 (17%)]	Loss: 0.101854
Train Epoch: 23 [12500/60000 (21%)]	Loss: 0.037681
Train Epoch: 23 [15000/60000 (25%)]	Loss: 0.057058
Train Epoch: 23 [17500/60000 (29%)]	Loss: 0.057839
Train Epoch: 23 [20000/60000 (33%)]	Loss: 0.101586
Train Epoch: 23 [22500/60000 (38%)]	Loss: 0.071340
Train Epoch: 23 [25000/60000 (42%)]	Loss: 0.062158
Train Epoch: 23 [27500/60000 (46%)]	Loss: 0.051473
Train Epoch: 23 [30000/60000 (50%)]	Loss: 0.017557
Train Epoch: 23 [32500/60000 (54%)]	Loss: 0.029941
Train Epoch: 23 [35000/60000 (58%)]	Loss: 0.093567
Train Epoch: 23 [37500/60000 (62%)]	Loss: 0.067858
Train Epoch: 23 [40000/60000 (67%)]	Loss: 0.084375
Train Epoch: 23 [42500/60000 (71%)]	Loss: 0.067932
Train Epoch: 23 [45000/60000 (75%)]	Loss: 0.110737
Train Epoch: 23 [47500/60000 (79%)]	Loss: 0.057102
Train Epoch: 23 [50000/60000 (83%)]	Loss: 0.061607
Train Epoch: 23 [52500/60000 (88%)]	Loss: 0.043802
Train Epoch: 23 [55000/60000 (92%)]	Loss: 0.067925
Train Epoch: 23 [57500/60000 (96%)]	Loss: 0.096621
Train Epoch: 23 [60000/60000 (100%)]	Loss: 0.053826

Average Training loss: 0.0021, Training Error Rate: 5.24% (3146/60000)


Average Test loss: 0.0001, Test Error Rate: 5.27% (527/10000)

Train Epoch: 24 [2500/60000 (4%)]	Loss: 0.017683
Train Epoch: 24 [5000/60000 (8%)]	Loss: 0.046144
Train Epoch: 24 [7500/60000 (12%)]	Loss: 0.036375
Train Epoch: 24 [10000/60000 (17%)]	Loss: 0.074828
Train Epoch: 24 [12500/60000 (21%)]	Loss: 0.017782
Train Epoch: 24 [15000/60000 (25%)]	Loss: 0.036147
Train Epoch: 24 [17500/60000 (29%)]	Loss: 0.044579
Train Epoch: 24 [20000/60000 (33%)]	Loss: 0.061513
Train Epoch: 24 [22500/60000 (38%)]	Loss: 0.050238
Train Epoch: 24 [25000/60000 (42%)]	Loss: 0.110604
Train Epoch: 24 [27500/60000 (46%)]	Loss: 0.036487
Train Epoch: 24 [30000/60000 (50%)]	Loss: 0.059663
Train Epoch: 24 [32500/60000 (54%)]	Loss: 0.034670
Train Epoch: 24 [35000/60000 (58%)]	Loss: 0.040667
Train Epoch: 24 [37500/60000 (62%)]	Loss: 0.034259
Train Epoch: 24 [40000/60000 (67%)]	Loss: 0.087743
Train Epoch: 24 [42500/60000 (71%)]	Loss: 0.032789
Train Epoch: 24 [45000/60000 (75%)]	Loss: 0.044951
Train Epoch: 24 [47500/60000 (79%)]	Loss: 0.074185
Train Epoch: 24 [50000/60000 (83%)]	Loss: 0.039982
Train Epoch: 24 [52500/60000 (88%)]	Loss: 0.037300
Train Epoch: 24 [55000/60000 (92%)]	Loss: 0.083997
Train Epoch: 24 [57500/60000 (96%)]	Loss: 0.075324
Train Epoch: 24 [60000/60000 (100%)]	Loss: 0.050728

Average Training loss: 0.0020, Training Error Rate: 5.14% (3083/60000)


Average Test loss: 0.0000, Test Error Rate: 5.11% (511/10000)

Train Epoch: 25 [2500/60000 (4%)]	Loss: 0.059551
Train Epoch: 25 [5000/60000 (8%)]	Loss: 0.063492
Train Epoch: 25 [7500/60000 (12%)]	Loss: 0.051186
Train Epoch: 25 [10000/60000 (17%)]	Loss: 0.083700
Train Epoch: 25 [12500/60000 (21%)]	Loss: 0.029068
Train Epoch: 25 [15000/60000 (25%)]	Loss: 0.012455
Train Epoch: 25 [17500/60000 (29%)]	Loss: 0.037488
Train Epoch: 25 [20000/60000 (33%)]	Loss: 0.039575
Train Epoch: 25 [22500/60000 (38%)]	Loss: 0.081829
Train Epoch: 25 [25000/60000 (42%)]	Loss: 0.066442
Train Epoch: 25 [27500/60000 (46%)]	Loss: 0.026296
Train Epoch: 25 [30000/60000 (50%)]	Loss: 0.026869
Train Epoch: 25 [32500/60000 (54%)]	Loss: 0.030249
Train Epoch: 25 [35000/60000 (58%)]	Loss: 0.025271
Train Epoch: 25 [37500/60000 (62%)]	Loss: 0.024435
Train Epoch: 25 [40000/60000 (67%)]	Loss: 0.051841
Train Epoch: 25 [42500/60000 (71%)]	Loss: 0.050540
Train Epoch: 25 [45000/60000 (75%)]	Loss: 0.008446
Train Epoch: 25 [47500/60000 (79%)]	Loss: 0.039891
Train Epoch: 25 [50000/60000 (83%)]	Loss: 0.032417
Train Epoch: 25 [52500/60000 (88%)]	Loss: 0.097447
Train Epoch: 25 [55000/60000 (92%)]	Loss: 0.047769
Train Epoch: 25 [57500/60000 (96%)]	Loss: 0.112262
Train Epoch: 25 [60000/60000 (100%)]	Loss: 0.055462

Average Training loss: 0.0020, Training Error Rate: 5.05% (3031/60000)


Average Test loss: 0.0000, Test Error Rate: 5.00% (500/10000)

Train Epoch: 26 [2500/60000 (4%)]	Loss: 0.081169
Train Epoch: 26 [5000/60000 (8%)]	Loss: 0.032361
Train Epoch: 26 [7500/60000 (12%)]	Loss: 0.052625
Train Epoch: 26 [10000/60000 (17%)]	Loss: 0.090063
Train Epoch: 26 [12500/60000 (21%)]	Loss: 0.081935
Train Epoch: 26 [15000/60000 (25%)]	Loss: 0.006641
Train Epoch: 26 [17500/60000 (29%)]	Loss: 0.049318
Train Epoch: 26 [20000/60000 (33%)]	Loss: 0.044708
Train Epoch: 26 [22500/60000 (38%)]	Loss: 0.047256
Train Epoch: 26 [25000/60000 (42%)]	Loss: 0.025230
Train Epoch: 26 [27500/60000 (46%)]	Loss: 0.041983
Train Epoch: 26 [30000/60000 (50%)]	Loss: 0.061067
Train Epoch: 26 [32500/60000 (54%)]	Loss: 0.068735
Train Epoch: 26 [35000/60000 (58%)]	Loss: 0.104794
Train Epoch: 26 [37500/60000 (62%)]	Loss: 0.060555
Train Epoch: 26 [40000/60000 (67%)]	Loss: 0.057026
Train Epoch: 26 [42500/60000 (71%)]	Loss: 0.038602
Train Epoch: 26 [45000/60000 (75%)]	Loss: 0.052258
Train Epoch: 26 [47500/60000 (79%)]	Loss: 0.068033
Train Epoch: 26 [50000/60000 (83%)]	Loss: 0.085438
Train Epoch: 26 [52500/60000 (88%)]	Loss: 0.044438
Train Epoch: 26 [55000/60000 (92%)]	Loss: 0.028610
Train Epoch: 26 [57500/60000 (96%)]	Loss: 0.037913
Train Epoch: 26 [60000/60000 (100%)]	Loss: 0.060295

Average Training loss: 0.0020, Training Error Rate: 4.97% (2982/60000)


Average Test loss: 0.0000, Test Error Rate: 4.95% (495/10000)

Train Epoch: 27 [2500/60000 (4%)]	Loss: 0.078696
Train Epoch: 27 [5000/60000 (8%)]	Loss: 0.045681
Train Epoch: 27 [7500/60000 (12%)]	Loss: 0.022879
Train Epoch: 27 [10000/60000 (17%)]	Loss: 0.076114
Train Epoch: 27 [12500/60000 (21%)]	Loss: 0.029037
Train Epoch: 27 [15000/60000 (25%)]	Loss: 0.045923
Train Epoch: 27 [17500/60000 (29%)]	Loss: 0.017136
Train Epoch: 27 [20000/60000 (33%)]	Loss: 0.021654
Train Epoch: 27 [22500/60000 (38%)]	Loss: 0.021415
Train Epoch: 27 [25000/60000 (42%)]	Loss: 0.012296
Train Epoch: 27 [27500/60000 (46%)]	Loss: 0.012341
Train Epoch: 27 [30000/60000 (50%)]	Loss: 0.070339
Train Epoch: 27 [32500/60000 (54%)]	Loss: 0.015739
Train Epoch: 27 [35000/60000 (58%)]	Loss: 0.062316
Train Epoch: 27 [37500/60000 (62%)]	Loss: 0.077543
Train Epoch: 27 [40000/60000 (67%)]	Loss: 0.036964
Train Epoch: 27 [42500/60000 (71%)]	Loss: 0.016907
Train Epoch: 27 [45000/60000 (75%)]	Loss: 0.035909
Train Epoch: 27 [47500/60000 (79%)]	Loss: 0.045260
Train Epoch: 27 [50000/60000 (83%)]	Loss: 0.035404
Train Epoch: 27 [52500/60000 (88%)]	Loss: 0.091738
Train Epoch: 27 [55000/60000 (92%)]	Loss: 0.050970
Train Epoch: 27 [57500/60000 (96%)]	Loss: 0.067454
Train Epoch: 27 [60000/60000 (100%)]	Loss: 0.052321

Average Training loss: 0.0019, Training Error Rate: 4.85% (2910/60000)


Average Test loss: 0.0000, Test Error Rate: 4.90% (490/10000)

Train Epoch: 28 [2500/60000 (4%)]	Loss: 0.052765
Train Epoch: 28 [5000/60000 (8%)]	Loss: 0.009788
Train Epoch: 28 [7500/60000 (12%)]	Loss: 0.049005
Train Epoch: 28 [10000/60000 (17%)]	Loss: 0.125602
Train Epoch: 28 [12500/60000 (21%)]	Loss: 0.021320
Train Epoch: 28 [15000/60000 (25%)]	Loss: 0.039887
Train Epoch: 28 [17500/60000 (29%)]	Loss: 0.051837
Train Epoch: 28 [20000/60000 (33%)]	Loss: 0.022264
Train Epoch: 28 [22500/60000 (38%)]	Loss: 0.037147
Train Epoch: 28 [25000/60000 (42%)]	Loss: 0.023822
Train Epoch: 28 [27500/60000 (46%)]	Loss: 0.042213
Train Epoch: 28 [30000/60000 (50%)]	Loss: 0.057501
Train Epoch: 28 [32500/60000 (54%)]	Loss: 0.033902
Train Epoch: 28 [35000/60000 (58%)]	Loss: 0.091014
Train Epoch: 28 [37500/60000 (62%)]	Loss: 0.042771
Train Epoch: 28 [40000/60000 (67%)]	Loss: 0.110014
Train Epoch: 28 [42500/60000 (71%)]	Loss: 0.003714
Train Epoch: 28 [45000/60000 (75%)]	Loss: 0.021858
Train Epoch: 28 [47500/60000 (79%)]	Loss: 0.095800
Train Epoch: 28 [50000/60000 (83%)]	Loss: 0.039720
Train Epoch: 28 [52500/60000 (88%)]	Loss: 0.045014
Train Epoch: 28 [55000/60000 (92%)]	Loss: 0.050662
Train Epoch: 28 [57500/60000 (96%)]	Loss: 0.038313
Train Epoch: 28 [60000/60000 (100%)]	Loss: 0.086985

Average Training loss: 0.0019, Training Error Rate: 4.79% (2872/60000)


Average Test loss: 0.0000, Test Error Rate: 4.78% (478/10000)

Train Epoch: 29 [2500/60000 (4%)]	Loss: 0.128205
Train Epoch: 29 [5000/60000 (8%)]	Loss: 0.039981
Train Epoch: 29 [7500/60000 (12%)]	Loss: 0.039769
Train Epoch: 29 [10000/60000 (17%)]	Loss: 0.053974
Train Epoch: 29 [12500/60000 (21%)]	Loss: 0.021721
Train Epoch: 29 [15000/60000 (25%)]	Loss: 0.042664
Train Epoch: 29 [17500/60000 (29%)]	Loss: 0.018751
Train Epoch: 29 [20000/60000 (33%)]	Loss: 0.024917
Train Epoch: 29 [22500/60000 (38%)]	Loss: 0.010971
Train Epoch: 29 [25000/60000 (42%)]	Loss: 0.019802
Train Epoch: 29 [27500/60000 (46%)]	Loss: 0.032698
Train Epoch: 29 [30000/60000 (50%)]	Loss: 0.025146
Train Epoch: 29 [32500/60000 (54%)]	Loss: 0.036318
Train Epoch: 29 [35000/60000 (58%)]	Loss: 0.037724
Train Epoch: 29 [37500/60000 (62%)]	Loss: 0.030466
Train Epoch: 29 [40000/60000 (67%)]	Loss: 0.090885
Train Epoch: 29 [42500/60000 (71%)]	Loss: 0.045037
Train Epoch: 29 [45000/60000 (75%)]	Loss: 0.036671
Train Epoch: 29 [47500/60000 (79%)]	Loss: 0.076183
Train Epoch: 29 [50000/60000 (83%)]	Loss: 0.074073
Train Epoch: 29 [52500/60000 (88%)]	Loss: 0.035709
Train Epoch: 29 [55000/60000 (92%)]	Loss: 0.080993
Train Epoch: 29 [57500/60000 (96%)]	Loss: 0.034601
Train Epoch: 29 [60000/60000 (100%)]	Loss: 0.088075

Average Training loss: 0.0019, Training Error Rate: 4.68% (2806/60000)


Average Test loss: 0.0000, Test Error Rate: 4.70% (470/10000)

Train Epoch: 30 [2500/60000 (4%)]	Loss: 0.016926
Train Epoch: 30 [5000/60000 (8%)]	Loss: 0.048502
Train Epoch: 30 [7500/60000 (12%)]	Loss: 0.019208
Train Epoch: 30 [10000/60000 (17%)]	Loss: 0.017706
Train Epoch: 30 [12500/60000 (21%)]	Loss: 0.075434
Train Epoch: 30 [15000/60000 (25%)]	Loss: 0.061777
Train Epoch: 30 [17500/60000 (29%)]	Loss: 0.049946
Train Epoch: 30 [20000/60000 (33%)]	Loss: 0.056074
Train Epoch: 30 [22500/60000 (38%)]	Loss: 0.033137
Train Epoch: 30 [25000/60000 (42%)]	Loss: 0.072813
Train Epoch: 30 [27500/60000 (46%)]	Loss: 0.028527
Train Epoch: 30 [30000/60000 (50%)]	Loss: 0.033675
Train Epoch: 30 [32500/60000 (54%)]	Loss: 0.008799
Train Epoch: 30 [35000/60000 (58%)]	Loss: 0.030471
Train Epoch: 30 [37500/60000 (62%)]	Loss: 0.023803
Train Epoch: 30 [40000/60000 (67%)]	Loss: 0.084508
Train Epoch: 30 [42500/60000 (71%)]	Loss: 0.034602
Train Epoch: 30 [45000/60000 (75%)]	Loss: 0.071765
Train Epoch: 30 [47500/60000 (79%)]	Loss: 0.034956
Train Epoch: 30 [50000/60000 (83%)]	Loss: 0.061367
Train Epoch: 30 [52500/60000 (88%)]	Loss: 0.027345
Train Epoch: 30 [55000/60000 (92%)]	Loss: 0.039182
Train Epoch: 30 [57500/60000 (96%)]	Loss: 0.103958
Train Epoch: 30 [60000/60000 (100%)]	Loss: 0.032485

Average Training loss: 0.0018, Training Error Rate: 4.59% (2755/60000)


Average Test loss: 0.0000, Test Error Rate: 4.55% (455/10000)

Train Epoch: 31 [2500/60000 (4%)]	Loss: 0.060649
Train Epoch: 31 [5000/60000 (8%)]	Loss: 0.085403
Train Epoch: 31 [7500/60000 (12%)]	Loss: 0.061205
Train Epoch: 31 [10000/60000 (17%)]	Loss: 0.065438
Train Epoch: 31 [12500/60000 (21%)]	Loss: 0.081388
Train Epoch: 31 [15000/60000 (25%)]	Loss: 0.105271
Train Epoch: 31 [17500/60000 (29%)]	Loss: 0.016893
Train Epoch: 31 [20000/60000 (33%)]	Loss: 0.057689
Train Epoch: 31 [22500/60000 (38%)]	Loss: 0.014608
Train Epoch: 31 [25000/60000 (42%)]	Loss: 0.029685
Train Epoch: 31 [27500/60000 (46%)]	Loss: 0.034843
Train Epoch: 31 [30000/60000 (50%)]	Loss: 0.036591
Train Epoch: 31 [32500/60000 (54%)]	Loss: 0.036728
Train Epoch: 31 [35000/60000 (58%)]	Loss: 0.077440
Train Epoch: 31 [37500/60000 (62%)]	Loss: 0.026273
Train Epoch: 31 [40000/60000 (67%)]	Loss: 0.041813
Train Epoch: 31 [42500/60000 (71%)]	Loss: 0.034894
Train Epoch: 31 [45000/60000 (75%)]	Loss: 0.031615
Train Epoch: 31 [47500/60000 (79%)]	Loss: 0.019835
Train Epoch: 31 [50000/60000 (83%)]	Loss: 0.046762
Train Epoch: 31 [52500/60000 (88%)]	Loss: 0.026755
Train Epoch: 31 [55000/60000 (92%)]	Loss: 0.022928
Train Epoch: 31 [57500/60000 (96%)]	Loss: 0.054378
Train Epoch: 31 [60000/60000 (100%)]	Loss: 0.033925

Average Training loss: 0.0018, Training Error Rate: 4.52% (2710/60000)


Average Test loss: 0.0000, Test Error Rate: 4.47% (447/10000)

Train Epoch: 32 [2500/60000 (4%)]	Loss: 0.035373
Train Epoch: 32 [5000/60000 (8%)]	Loss: 0.062507
Train Epoch: 32 [7500/60000 (12%)]	Loss: 0.050656
Train Epoch: 32 [10000/60000 (17%)]	Loss: 0.030084
Train Epoch: 32 [12500/60000 (21%)]	Loss: 0.080229
Train Epoch: 32 [15000/60000 (25%)]	Loss: 0.010610
Train Epoch: 32 [17500/60000 (29%)]	Loss: 0.072496
Train Epoch: 32 [20000/60000 (33%)]	Loss: 0.027208
Train Epoch: 32 [22500/60000 (38%)]	Loss: 0.016010
Train Epoch: 32 [25000/60000 (42%)]	Loss: 0.067703
Train Epoch: 32 [27500/60000 (46%)]	Loss: 0.034086
Train Epoch: 32 [30000/60000 (50%)]	Loss: 0.031305
Train Epoch: 32 [32500/60000 (54%)]	Loss: 0.020636
Train Epoch: 32 [35000/60000 (58%)]	Loss: 0.009855
Train Epoch: 32 [37500/60000 (62%)]	Loss: 0.032446
Train Epoch: 32 [40000/60000 (67%)]	Loss: 0.074680
Train Epoch: 32 [42500/60000 (71%)]	Loss: 0.013156
Train Epoch: 32 [45000/60000 (75%)]	Loss: 0.041412
Train Epoch: 32 [47500/60000 (79%)]	Loss: 0.017130
Train Epoch: 32 [50000/60000 (83%)]	Loss: 0.056093
Train Epoch: 32 [52500/60000 (88%)]	Loss: 0.030111
Train Epoch: 32 [55000/60000 (92%)]	Loss: 0.037713
Train Epoch: 32 [57500/60000 (96%)]	Loss: 0.072983
Train Epoch: 32 [60000/60000 (100%)]	Loss: 0.034018

Average Training loss: 0.0018, Training Error Rate: 4.44% (2663/60000)


Average Test loss: 0.0000, Test Error Rate: 4.51% (451/10000)

Train Epoch: 33 [2500/60000 (4%)]	Loss: 0.094132
Train Epoch: 33 [5000/60000 (8%)]	Loss: 0.015409
Train Epoch: 33 [7500/60000 (12%)]	Loss: 0.020113
Train Epoch: 33 [10000/60000 (17%)]	Loss: 0.016748
Train Epoch: 33 [12500/60000 (21%)]	Loss: 0.058740
Train Epoch: 33 [15000/60000 (25%)]	Loss: 0.052923
Train Epoch: 33 [17500/60000 (29%)]	Loss: 0.047571
Train Epoch: 33 [20000/60000 (33%)]	Loss: 0.081337
Train Epoch: 33 [22500/60000 (38%)]	Loss: 0.062094
Train Epoch: 33 [25000/60000 (42%)]	Loss: 0.024594
Train Epoch: 33 [27500/60000 (46%)]	Loss: 0.056811
Train Epoch: 33 [30000/60000 (50%)]	Loss: 0.054965
Train Epoch: 33 [32500/60000 (54%)]	Loss: 0.061763
Train Epoch: 33 [35000/60000 (58%)]	Loss: 0.019947
Train Epoch: 33 [37500/60000 (62%)]	Loss: 0.040328
Train Epoch: 33 [40000/60000 (67%)]	Loss: 0.030164
Train Epoch: 33 [42500/60000 (71%)]	Loss: 0.062885
Train Epoch: 33 [45000/60000 (75%)]	Loss: 0.050337
Train Epoch: 33 [47500/60000 (79%)]	Loss: 0.036684
Train Epoch: 33 [50000/60000 (83%)]	Loss: 0.019641
Train Epoch: 33 [52500/60000 (88%)]	Loss: 0.031861
Train Epoch: 33 [55000/60000 (92%)]	Loss: 0.023148
Train Epoch: 33 [57500/60000 (96%)]	Loss: 0.038837
Train Epoch: 33 [60000/60000 (100%)]	Loss: 0.024493

Average Training loss: 0.0017, Training Error Rate: 4.37% (2623/60000)


Average Test loss: 0.0000, Test Error Rate: 4.46% (446/10000)

Train Epoch: 34 [2500/60000 (4%)]	Loss: 0.010130
Train Epoch: 34 [5000/60000 (8%)]	Loss: 0.015963
Train Epoch: 34 [7500/60000 (12%)]	Loss: 0.036001
Train Epoch: 34 [10000/60000 (17%)]	Loss: 0.014803
Train Epoch: 34 [12500/60000 (21%)]	Loss: 0.038660
Train Epoch: 34 [15000/60000 (25%)]	Loss: 0.013222
Train Epoch: 34 [17500/60000 (29%)]	Loss: 0.031747
Train Epoch: 34 [20000/60000 (33%)]	Loss: 0.021210
Train Epoch: 34 [22500/60000 (38%)]	Loss: 0.037309
Train Epoch: 34 [25000/60000 (42%)]	Loss: 0.027848
Train Epoch: 34 [27500/60000 (46%)]	Loss: 0.065284
Train Epoch: 34 [30000/60000 (50%)]	Loss: 0.049796
Train Epoch: 34 [32500/60000 (54%)]	Loss: 0.031032
Train Epoch: 34 [35000/60000 (58%)]	Loss: 0.034785
Train Epoch: 34 [37500/60000 (62%)]	Loss: 0.057863
Train Epoch: 34 [40000/60000 (67%)]	Loss: 0.027150
Train Epoch: 34 [42500/60000 (71%)]	Loss: 0.015711
Train Epoch: 34 [45000/60000 (75%)]	Loss: 0.045869
Train Epoch: 34 [47500/60000 (79%)]	Loss: 0.022783
Train Epoch: 34 [50000/60000 (83%)]	Loss: 0.028772
Train Epoch: 34 [52500/60000 (88%)]	Loss: 0.028225
Train Epoch: 34 [55000/60000 (92%)]	Loss: 0.022613
Train Epoch: 34 [57500/60000 (96%)]	Loss: 0.060617
Train Epoch: 34 [60000/60000 (100%)]	Loss: 0.039212

Average Training loss: 0.0017, Training Error Rate: 4.28% (2566/60000)


Average Test loss: 0.0000, Test Error Rate: 4.29% (429/10000)

Train Epoch: 35 [2500/60000 (4%)]	Loss: 0.074696
Train Epoch: 35 [5000/60000 (8%)]	Loss: 0.024587
Train Epoch: 35 [7500/60000 (12%)]	Loss: 0.053773
Train Epoch: 35 [10000/60000 (17%)]	Loss: 0.051189
Train Epoch: 35 [12500/60000 (21%)]	Loss: 0.027099
Train Epoch: 35 [15000/60000 (25%)]	Loss: 0.061998
Train Epoch: 35 [17500/60000 (29%)]	Loss: 0.035439
Train Epoch: 35 [20000/60000 (33%)]	Loss: 0.021086
Train Epoch: 35 [22500/60000 (38%)]	Loss: 0.026979
Train Epoch: 35 [25000/60000 (42%)]	Loss: 0.042714
Train Epoch: 35 [27500/60000 (46%)]	Loss: 0.079656
Train Epoch: 35 [30000/60000 (50%)]	Loss: 0.037490
Train Epoch: 35 [32500/60000 (54%)]	Loss: 0.031090
Train Epoch: 35 [35000/60000 (58%)]	Loss: 0.080577
Train Epoch: 35 [37500/60000 (62%)]	Loss: 0.038619
Train Epoch: 35 [40000/60000 (67%)]	Loss: 0.037872
Train Epoch: 35 [42500/60000 (71%)]	Loss: 0.055384
Train Epoch: 35 [45000/60000 (75%)]	Loss: 0.028549
Train Epoch: 35 [47500/60000 (79%)]	Loss: 0.060425
Train Epoch: 35 [50000/60000 (83%)]	Loss: 0.012987
Train Epoch: 35 [52500/60000 (88%)]	Loss: 0.094484
Train Epoch: 35 [55000/60000 (92%)]	Loss: 0.038639
Train Epoch: 35 [57500/60000 (96%)]	Loss: 0.020184
Train Epoch: 35 [60000/60000 (100%)]	Loss: 0.030259

Average Training loss: 0.0017, Training Error Rate: 4.21% (2525/60000)


Average Test loss: 0.0000, Test Error Rate: 4.32% (432/10000)

Train Epoch: 36 [2500/60000 (4%)]	Loss: 0.036079
Train Epoch: 36 [5000/60000 (8%)]	Loss: 0.016477
Train Epoch: 36 [7500/60000 (12%)]	Loss: 0.047544
Train Epoch: 36 [10000/60000 (17%)]	Loss: 0.059411
Train Epoch: 36 [12500/60000 (21%)]	Loss: 0.033862
Train Epoch: 36 [15000/60000 (25%)]	Loss: 0.072272
Train Epoch: 36 [17500/60000 (29%)]	Loss: 0.045600
Train Epoch: 36 [20000/60000 (33%)]	Loss: 0.030233
Train Epoch: 36 [22500/60000 (38%)]	Loss: 0.089518
Train Epoch: 36 [25000/60000 (42%)]	Loss: 0.026798
Train Epoch: 36 [27500/60000 (46%)]	Loss: 0.021933
Train Epoch: 36 [30000/60000 (50%)]	Loss: 0.030943
Train Epoch: 36 [32500/60000 (54%)]	Loss: 0.015575
Train Epoch: 36 [35000/60000 (58%)]	Loss: 0.035917
Train Epoch: 36 [37500/60000 (62%)]	Loss: 0.031208
Train Epoch: 36 [40000/60000 (67%)]	Loss: 0.027462
Train Epoch: 36 [42500/60000 (71%)]	Loss: 0.035814
Train Epoch: 36 [45000/60000 (75%)]	Loss: 0.066479
Train Epoch: 36 [47500/60000 (79%)]	Loss: 0.051661
Train Epoch: 36 [50000/60000 (83%)]	Loss: 0.045828
Train Epoch: 36 [52500/60000 (88%)]	Loss: 0.037776
Train Epoch: 36 [55000/60000 (92%)]	Loss: 0.028101
Train Epoch: 36 [57500/60000 (96%)]	Loss: 0.017125
Train Epoch: 36 [60000/60000 (100%)]	Loss: 0.015995

Average Training loss: 0.0017, Training Error Rate: 4.16% (2495/60000)


Average Test loss: 0.0000, Test Error Rate: 4.26% (426/10000)

Train Epoch: 37 [2500/60000 (4%)]	Loss: 0.085497
Train Epoch: 37 [5000/60000 (8%)]	Loss: 0.055208
Train Epoch: 37 [7500/60000 (12%)]	Loss: 0.058063
Train Epoch: 37 [10000/60000 (17%)]	Loss: 0.028603
Train Epoch: 37 [12500/60000 (21%)]	Loss: 0.028321
Train Epoch: 37 [15000/60000 (25%)]	Loss: 0.027685
Train Epoch: 37 [17500/60000 (29%)]	Loss: 0.050423
Train Epoch: 37 [20000/60000 (33%)]	Loss: 0.116530
Train Epoch: 37 [22500/60000 (38%)]	Loss: 0.027972
Train Epoch: 37 [25000/60000 (42%)]	Loss: 0.048464
Train Epoch: 37 [27500/60000 (46%)]	Loss: 0.047546
Train Epoch: 37 [30000/60000 (50%)]	Loss: 0.041909
Train Epoch: 37 [32500/60000 (54%)]	Loss: 0.019588
Train Epoch: 37 [35000/60000 (58%)]	Loss: 0.064828
Train Epoch: 37 [37500/60000 (62%)]	Loss: 0.010413
Train Epoch: 37 [40000/60000 (67%)]	Loss: 0.059998
Train Epoch: 37 [42500/60000 (71%)]	Loss: 0.023120
Train Epoch: 37 [45000/60000 (75%)]	Loss: 0.019091
Train Epoch: 37 [47500/60000 (79%)]	Loss: 0.050254
Train Epoch: 37 [50000/60000 (83%)]	Loss: 0.077742
Train Epoch: 37 [52500/60000 (88%)]	Loss: 0.057430
Train Epoch: 37 [55000/60000 (92%)]	Loss: 0.023318
Train Epoch: 37 [57500/60000 (96%)]	Loss: 0.019680
Train Epoch: 37 [60000/60000 (100%)]	Loss: 0.035869

Average Training loss: 0.0016, Training Error Rate: 4.07% (2442/60000)


Average Test loss: 0.0000, Test Error Rate: 4.23% (423/10000)

Train Epoch: 38 [2500/60000 (4%)]	Loss: 0.011856
Train Epoch: 38 [5000/60000 (8%)]	Loss: 0.025723
Train Epoch: 38 [7500/60000 (12%)]	Loss: 0.025459
Train Epoch: 38 [10000/60000 (17%)]	Loss: 0.013196
Train Epoch: 38 [12500/60000 (21%)]	Loss: 0.016535
Train Epoch: 38 [15000/60000 (25%)]	Loss: 0.031120
Train Epoch: 38 [17500/60000 (29%)]	Loss: 0.025848
Train Epoch: 38 [20000/60000 (33%)]	Loss: 0.074679
Train Epoch: 38 [22500/60000 (38%)]	Loss: 0.044334
Train Epoch: 38 [25000/60000 (42%)]	Loss: 0.039498
Train Epoch: 38 [27500/60000 (46%)]	Loss: 0.028008
Train Epoch: 38 [30000/60000 (50%)]	Loss: 0.058860
Train Epoch: 38 [32500/60000 (54%)]	Loss: 0.016641
Train Epoch: 38 [35000/60000 (58%)]	Loss: 0.039303
Train Epoch: 38 [37500/60000 (62%)]	Loss: 0.039998
Train Epoch: 38 [40000/60000 (67%)]	Loss: 0.039749
Train Epoch: 38 [42500/60000 (71%)]	Loss: 0.047851
Train Epoch: 38 [45000/60000 (75%)]	Loss: 0.059196
Train Epoch: 38 [47500/60000 (79%)]	Loss: 0.025889
Train Epoch: 38 [50000/60000 (83%)]	Loss: 0.026953
Train Epoch: 38 [52500/60000 (88%)]	Loss: 0.021916
Train Epoch: 38 [55000/60000 (92%)]	Loss: 0.013862
Train Epoch: 38 [57500/60000 (96%)]	Loss: 0.048685
Train Epoch: 38 [60000/60000 (100%)]	Loss: 0.018274

Average Training loss: 0.0016, Training Error Rate: 4.01% (2407/60000)


Average Test loss: 0.0000, Test Error Rate: 4.15% (415/10000)

Train Epoch: 39 [2500/60000 (4%)]	Loss: 0.040094
Train Epoch: 39 [5000/60000 (8%)]	Loss: 0.031784
Train Epoch: 39 [7500/60000 (12%)]	Loss: 0.033237
Train Epoch: 39 [10000/60000 (17%)]	Loss: 0.050998
Train Epoch: 39 [12500/60000 (21%)]	Loss: 0.048939
Train Epoch: 39 [15000/60000 (25%)]	Loss: 0.076232
Train Epoch: 39 [17500/60000 (29%)]	Loss: 0.032690
Train Epoch: 39 [20000/60000 (33%)]	Loss: 0.090814
Train Epoch: 39 [22500/60000 (38%)]	Loss: 0.033897
Train Epoch: 39 [25000/60000 (42%)]	Loss: 0.073559
Train Epoch: 39 [27500/60000 (46%)]	Loss: 0.089581
Train Epoch: 39 [30000/60000 (50%)]	Loss: 0.047020
Train Epoch: 39 [32500/60000 (54%)]	Loss: 0.025159
Train Epoch: 39 [35000/60000 (58%)]	Loss: 0.057835
Train Epoch: 39 [37500/60000 (62%)]	Loss: 0.034828
Train Epoch: 39 [40000/60000 (67%)]	Loss: 0.036779
Train Epoch: 39 [42500/60000 (71%)]	Loss: 0.043657
Train Epoch: 39 [45000/60000 (75%)]	Loss: 0.041805
Train Epoch: 39 [47500/60000 (79%)]	Loss: 0.039053
Train Epoch: 39 [50000/60000 (83%)]	Loss: 0.035741
Train Epoch: 39 [52500/60000 (88%)]	Loss: 0.072834
Train Epoch: 39 [55000/60000 (92%)]	Loss: 0.042019
Train Epoch: 39 [57500/60000 (96%)]	Loss: 0.043335
Train Epoch: 39 [60000/60000 (100%)]	Loss: 0.077598

Average Training loss: 0.0016, Training Error Rate: 3.93% (2356/60000)


Average Test loss: 0.0000, Test Error Rate: 4.12% (412/10000)

Train Epoch: 40 [2500/60000 (4%)]	Loss: 0.095915
Train Epoch: 40 [5000/60000 (8%)]	Loss: 0.036398
Train Epoch: 40 [7500/60000 (12%)]	Loss: 0.042684
Train Epoch: 40 [10000/60000 (17%)]	Loss: 0.015343
Train Epoch: 40 [12500/60000 (21%)]	Loss: 0.024423
Train Epoch: 40 [15000/60000 (25%)]	Loss: 0.055715
Train Epoch: 40 [17500/60000 (29%)]	Loss: 0.022485
Train Epoch: 40 [20000/60000 (33%)]	Loss: 0.045091
Train Epoch: 40 [22500/60000 (38%)]	Loss: 0.032591
Train Epoch: 40 [25000/60000 (42%)]	Loss: 0.068253
Train Epoch: 40 [27500/60000 (46%)]	Loss: 0.092567
Train Epoch: 40 [30000/60000 (50%)]	Loss: 0.039863
Train Epoch: 40 [32500/60000 (54%)]	Loss: 0.017753
Train Epoch: 40 [35000/60000 (58%)]	Loss: 0.026394
Train Epoch: 40 [37500/60000 (62%)]	Loss: 0.075585
Train Epoch: 40 [40000/60000 (67%)]	Loss: 0.049361
Train Epoch: 40 [42500/60000 (71%)]	Loss: 0.031340
Train Epoch: 40 [45000/60000 (75%)]	Loss: 0.014506
Train Epoch: 40 [47500/60000 (79%)]	Loss: 0.065610
Train Epoch: 40 [50000/60000 (83%)]	Loss: 0.036267
Train Epoch: 40 [52500/60000 (88%)]	Loss: 0.034509
Train Epoch: 40 [55000/60000 (92%)]	Loss: 0.037171
Train Epoch: 40 [57500/60000 (96%)]	Loss: 0.008538
Train Epoch: 40 [60000/60000 (100%)]	Loss: 0.041279

Average Training loss: 0.0016, Training Error Rate: 3.87% (2324/60000)


Average Test loss: 0.0000, Test Error Rate: 4.04% (404/10000)

Train Epoch: 41 [2500/60000 (4%)]	Loss: 0.023666
Train Epoch: 41 [5000/60000 (8%)]	Loss: 0.058364
Train Epoch: 41 [7500/60000 (12%)]	Loss: 0.028698
Train Epoch: 41 [10000/60000 (17%)]	Loss: 0.057785
Train Epoch: 41 [12500/60000 (21%)]	Loss: 0.037408
Train Epoch: 41 [15000/60000 (25%)]	Loss: 0.048821
Train Epoch: 41 [17500/60000 (29%)]	Loss: 0.026569
Train Epoch: 41 [20000/60000 (33%)]	Loss: 0.025288
Train Epoch: 41 [22500/60000 (38%)]	Loss: 0.049685
Train Epoch: 41 [25000/60000 (42%)]	Loss: 0.047181
Train Epoch: 41 [27500/60000 (46%)]	Loss: 0.047848
Train Epoch: 41 [30000/60000 (50%)]	Loss: 0.041667
Train Epoch: 41 [32500/60000 (54%)]	Loss: 0.026608
Train Epoch: 41 [35000/60000 (58%)]	Loss: 0.054906
Train Epoch: 41 [37500/60000 (62%)]	Loss: 0.018697
Train Epoch: 41 [40000/60000 (67%)]	Loss: 0.038020
Train Epoch: 41 [42500/60000 (71%)]	Loss: 0.021027
Train Epoch: 41 [45000/60000 (75%)]	Loss: 0.023716
Train Epoch: 41 [47500/60000 (79%)]	Loss: 0.052623
Train Epoch: 41 [50000/60000 (83%)]	Loss: 0.057305
Train Epoch: 41 [52500/60000 (88%)]	Loss: 0.060418
Train Epoch: 41 [55000/60000 (92%)]	Loss: 0.056349
Train Epoch: 41 [57500/60000 (96%)]	Loss: 0.010282
Train Epoch: 41 [60000/60000 (100%)]	Loss: 0.055586

Average Training loss: 0.0016, Training Error Rate: 3.81% (2283/60000)


Average Test loss: 0.0000, Test Error Rate: 4.04% (404/10000)

Train Epoch: 42 [2500/60000 (4%)]	Loss: 0.038901
Train Epoch: 42 [5000/60000 (8%)]	Loss: 0.018831
Train Epoch: 42 [7500/60000 (12%)]	Loss: 0.058548
Train Epoch: 42 [10000/60000 (17%)]	Loss: 0.039753
Train Epoch: 42 [12500/60000 (21%)]	Loss: 0.023929
Train Epoch: 42 [15000/60000 (25%)]	Loss: 0.094250
Train Epoch: 42 [17500/60000 (29%)]	Loss: 0.044940
Train Epoch: 42 [20000/60000 (33%)]	Loss: 0.044131
Train Epoch: 42 [22500/60000 (38%)]	Loss: 0.042966
Train Epoch: 42 [25000/60000 (42%)]	Loss: 0.054825
Train Epoch: 42 [27500/60000 (46%)]	Loss: 0.055349
Train Epoch: 42 [30000/60000 (50%)]	Loss: 0.059672
Train Epoch: 42 [32500/60000 (54%)]	Loss: 0.060151
Train Epoch: 42 [35000/60000 (58%)]	Loss: 0.025279
Train Epoch: 42 [37500/60000 (62%)]	Loss: 0.024545
Train Epoch: 42 [40000/60000 (67%)]	Loss: 0.070805
Train Epoch: 42 [42500/60000 (71%)]	Loss: 0.006670
Train Epoch: 42 [45000/60000 (75%)]	Loss: 0.027555
Train Epoch: 42 [47500/60000 (79%)]	Loss: 0.013293
Train Epoch: 42 [50000/60000 (83%)]	Loss: 0.038034
Train Epoch: 42 [52500/60000 (88%)]	Loss: 0.044578
Train Epoch: 42 [55000/60000 (92%)]	Loss: 0.011751
Train Epoch: 42 [57500/60000 (96%)]	Loss: 0.014276
Train Epoch: 42 [60000/60000 (100%)]	Loss: 0.047342

Average Training loss: 0.0015, Training Error Rate: 3.74% (2246/60000)


Average Test loss: 0.0000, Test Error Rate: 3.97% (397/10000)

Train Epoch: 43 [2500/60000 (4%)]	Loss: 0.039637
Train Epoch: 43 [5000/60000 (8%)]	Loss: 0.031780
Train Epoch: 43 [7500/60000 (12%)]	Loss: 0.034359
Train Epoch: 43 [10000/60000 (17%)]	Loss: 0.040141
Train Epoch: 43 [12500/60000 (21%)]	Loss: 0.025050
Train Epoch: 43 [15000/60000 (25%)]	Loss: 0.071736
Train Epoch: 43 [17500/60000 (29%)]	Loss: 0.040407
Train Epoch: 43 [20000/60000 (33%)]	Loss: 0.021581
Train Epoch: 43 [22500/60000 (38%)]	Loss: 0.015108
Train Epoch: 43 [25000/60000 (42%)]	Loss: 0.035806
Train Epoch: 43 [27500/60000 (46%)]	Loss: 0.049989
Train Epoch: 43 [30000/60000 (50%)]	Loss: 0.026778
Train Epoch: 43 [32500/60000 (54%)]	Loss: 0.064548
Train Epoch: 43 [35000/60000 (58%)]	Loss: 0.056404
Train Epoch: 43 [37500/60000 (62%)]	Loss: 0.055685
Train Epoch: 43 [40000/60000 (67%)]	Loss: 0.041001
Train Epoch: 43 [42500/60000 (71%)]	Loss: 0.054558
Train Epoch: 43 [45000/60000 (75%)]	Loss: 0.032893
Train Epoch: 43 [47500/60000 (79%)]	Loss: 0.079008
Train Epoch: 43 [50000/60000 (83%)]	Loss: 0.026149
Train Epoch: 43 [52500/60000 (88%)]	Loss: 0.060713
Train Epoch: 43 [55000/60000 (92%)]	Loss: 0.035001
Train Epoch: 43 [57500/60000 (96%)]	Loss: 0.056211
Train Epoch: 43 [60000/60000 (100%)]	Loss: 0.032980

Average Training loss: 0.0015, Training Error Rate: 3.69% (2212/60000)


Average Test loss: 0.0000, Test Error Rate: 3.92% (392/10000)

Train Epoch: 44 [2500/60000 (4%)]	Loss: 0.007474
Train Epoch: 44 [5000/60000 (8%)]	Loss: 0.006740
Train Epoch: 44 [7500/60000 (12%)]	Loss: 0.048336
Train Epoch: 44 [10000/60000 (17%)]	Loss: 0.078491
Train Epoch: 44 [12500/60000 (21%)]	Loss: 0.008862
Train Epoch: 44 [15000/60000 (25%)]	Loss: 0.035749
Train Epoch: 44 [17500/60000 (29%)]	Loss: 0.040675
Train Epoch: 44 [20000/60000 (33%)]	Loss: 0.053524
Train Epoch: 44 [22500/60000 (38%)]	Loss: 0.026618
Train Epoch: 44 [25000/60000 (42%)]	Loss: 0.028189
Train Epoch: 44 [27500/60000 (46%)]	Loss: 0.067448
Train Epoch: 44 [30000/60000 (50%)]	Loss: 0.046296
Train Epoch: 44 [32500/60000 (54%)]	Loss: 0.015901
Train Epoch: 44 [35000/60000 (58%)]	Loss: 0.053872
Train Epoch: 44 [37500/60000 (62%)]	Loss: 0.026470
Train Epoch: 44 [40000/60000 (67%)]	Loss: 0.109914
Train Epoch: 44 [42500/60000 (71%)]	Loss: 0.028874
Train Epoch: 44 [45000/60000 (75%)]	Loss: 0.035486
Train Epoch: 44 [47500/60000 (79%)]	Loss: 0.037008
Train Epoch: 44 [50000/60000 (83%)]	Loss: 0.038339
Train Epoch: 44 [52500/60000 (88%)]	Loss: 0.056350
Train Epoch: 44 [55000/60000 (92%)]	Loss: 0.090730
Train Epoch: 44 [57500/60000 (96%)]	Loss: 0.052978
Train Epoch: 44 [60000/60000 (100%)]	Loss: 0.013525

Average Training loss: 0.0015, Training Error Rate: 3.64% (2182/60000)


Average Test loss: 0.0000, Test Error Rate: 3.87% (387/10000)

Train Epoch: 45 [2500/60000 (4%)]	Loss: 0.036677
Train Epoch: 45 [5000/60000 (8%)]	Loss: 0.041826
Train Epoch: 45 [7500/60000 (12%)]	Loss: 0.059428
Train Epoch: 45 [10000/60000 (17%)]	Loss: 0.015643
Train Epoch: 45 [12500/60000 (21%)]	Loss: 0.066389
Train Epoch: 45 [15000/60000 (25%)]	Loss: 0.005153
Train Epoch: 45 [17500/60000 (29%)]	Loss: 0.029015
Train Epoch: 45 [20000/60000 (33%)]	Loss: 0.012957
Train Epoch: 45 [22500/60000 (38%)]	Loss: 0.035505
Train Epoch: 45 [25000/60000 (42%)]	Loss: 0.024535
Train Epoch: 45 [27500/60000 (46%)]	Loss: 0.006186
Train Epoch: 45 [30000/60000 (50%)]	Loss: 0.046715
Train Epoch: 45 [32500/60000 (54%)]	Loss: 0.029055
Train Epoch: 45 [35000/60000 (58%)]	Loss: 0.041200
Train Epoch: 45 [37500/60000 (62%)]	Loss: 0.040680
Train Epoch: 45 [40000/60000 (67%)]	Loss: 0.027006
Train Epoch: 45 [42500/60000 (71%)]	Loss: 0.054624
Train Epoch: 45 [45000/60000 (75%)]	Loss: 0.074566
Train Epoch: 45 [47500/60000 (79%)]	Loss: 0.024200
Train Epoch: 45 [50000/60000 (83%)]	Loss: 0.042665
Train Epoch: 45 [52500/60000 (88%)]	Loss: 0.071522
Train Epoch: 45 [55000/60000 (92%)]	Loss: 0.065215
Train Epoch: 45 [57500/60000 (96%)]	Loss: 0.010951
Train Epoch: 45 [60000/60000 (100%)]	Loss: 0.014342

Average Training loss: 0.0015, Training Error Rate: 3.59% (2153/60000)


Average Test loss: 0.0000, Test Error Rate: 3.87% (387/10000)

Train Epoch: 46 [2500/60000 (4%)]	Loss: 0.018048
Train Epoch: 46 [5000/60000 (8%)]	Loss: 0.030147
Train Epoch: 46 [7500/60000 (12%)]	Loss: 0.027700
Train Epoch: 46 [10000/60000 (17%)]	Loss: 0.004916
Train Epoch: 46 [12500/60000 (21%)]	Loss: 0.071847
Train Epoch: 46 [15000/60000 (25%)]	Loss: 0.026909
Train Epoch: 46 [17500/60000 (29%)]	Loss: 0.003530
Train Epoch: 46 [20000/60000 (33%)]	Loss: 0.044031
Train Epoch: 46 [22500/60000 (38%)]	Loss: 0.044784
Train Epoch: 46 [25000/60000 (42%)]	Loss: 0.017606
Train Epoch: 46 [27500/60000 (46%)]	Loss: 0.066754
Train Epoch: 46 [30000/60000 (50%)]	Loss: 0.012514
Train Epoch: 46 [32500/60000 (54%)]	Loss: 0.031076
Train Epoch: 46 [35000/60000 (58%)]	Loss: 0.046442
Train Epoch: 46 [37500/60000 (62%)]	Loss: 0.017836
Train Epoch: 46 [40000/60000 (67%)]	Loss: 0.081423
Train Epoch: 46 [42500/60000 (71%)]	Loss: 0.028024
Train Epoch: 46 [45000/60000 (75%)]	Loss: 0.038242
Train Epoch: 46 [47500/60000 (79%)]	Loss: 0.016835
Train Epoch: 46 [50000/60000 (83%)]	Loss: 0.073160
Train Epoch: 46 [52500/60000 (88%)]	Loss: 0.057678
Train Epoch: 46 [55000/60000 (92%)]	Loss: 0.004347
Train Epoch: 46 [57500/60000 (96%)]	Loss: 0.014086
Train Epoch: 46 [60000/60000 (100%)]	Loss: 0.008581

Average Training loss: 0.0015, Training Error Rate: 3.57% (2140/60000)


Average Test loss: 0.0000, Test Error Rate: 3.81% (381/10000)

Train Epoch: 47 [2500/60000 (4%)]	Loss: 0.022966
Train Epoch: 47 [5000/60000 (8%)]	Loss: 0.005205
Train Epoch: 47 [7500/60000 (12%)]	Loss: 0.066404
Train Epoch: 47 [10000/60000 (17%)]	Loss: 0.067650
Train Epoch: 47 [12500/60000 (21%)]	Loss: 0.052464
Train Epoch: 47 [15000/60000 (25%)]	Loss: 0.016888
Train Epoch: 47 [17500/60000 (29%)]	Loss: 0.093754
Train Epoch: 47 [20000/60000 (33%)]	Loss: 0.013343
Train Epoch: 47 [22500/60000 (38%)]	Loss: 0.036687
Train Epoch: 47 [25000/60000 (42%)]	Loss: 0.025229
Train Epoch: 47 [27500/60000 (46%)]	Loss: 0.014169
Train Epoch: 47 [30000/60000 (50%)]	Loss: 0.095093
Train Epoch: 47 [32500/60000 (54%)]	Loss: 0.025228
Train Epoch: 47 [35000/60000 (58%)]	Loss: 0.092561
Train Epoch: 47 [37500/60000 (62%)]	Loss: 0.048651
Train Epoch: 47 [40000/60000 (67%)]	Loss: 0.040000
Train Epoch: 47 [42500/60000 (71%)]	Loss: 0.071837
Train Epoch: 47 [45000/60000 (75%)]	Loss: 0.044862
Train Epoch: 47 [47500/60000 (79%)]	Loss: 0.021463
Train Epoch: 47 [50000/60000 (83%)]	Loss: 0.022473
Train Epoch: 47 [52500/60000 (88%)]	Loss: 0.089943
Train Epoch: 47 [55000/60000 (92%)]	Loss: 0.024692
Train Epoch: 47 [57500/60000 (96%)]	Loss: 0.041564
Train Epoch: 47 [60000/60000 (100%)]	Loss: 0.025726

Average Training loss: 0.0014, Training Error Rate: 3.51% (2104/60000)


Average Test loss: 0.0000, Test Error Rate: 3.76% (376/10000)

Train Epoch: 48 [2500/60000 (4%)]	Loss: 0.024623
Train Epoch: 48 [5000/60000 (8%)]	Loss: 0.042390
Train Epoch: 48 [7500/60000 (12%)]	Loss: 0.039932
Train Epoch: 48 [10000/60000 (17%)]	Loss: 0.068830
Train Epoch: 48 [12500/60000 (21%)]	Loss: 0.041980
Train Epoch: 48 [15000/60000 (25%)]	Loss: 0.024049
Train Epoch: 48 [17500/60000 (29%)]	Loss: 0.032500
Train Epoch: 48 [20000/60000 (33%)]	Loss: 0.047825
Train Epoch: 48 [22500/60000 (38%)]	Loss: 0.010840
Train Epoch: 48 [25000/60000 (42%)]	Loss: 0.070379
Train Epoch: 48 [27500/60000 (46%)]	Loss: 0.034692
Train Epoch: 48 [30000/60000 (50%)]	Loss: 0.042964
Train Epoch: 48 [32500/60000 (54%)]	Loss: 0.094371
Train Epoch: 48 [35000/60000 (58%)]	Loss: 0.053530
Train Epoch: 48 [37500/60000 (62%)]	Loss: 0.031649
Train Epoch: 48 [40000/60000 (67%)]	Loss: 0.028843
Train Epoch: 48 [42500/60000 (71%)]	Loss: 0.062258
Train Epoch: 48 [45000/60000 (75%)]	Loss: 0.043897
Train Epoch: 48 [47500/60000 (79%)]	Loss: 0.028011
Train Epoch: 48 [50000/60000 (83%)]	Loss: 0.018461
Train Epoch: 48 [52500/60000 (88%)]	Loss: 0.025017
Train Epoch: 48 [55000/60000 (92%)]	Loss: 0.037288
Train Epoch: 48 [57500/60000 (96%)]	Loss: 0.092265
Train Epoch: 48 [60000/60000 (100%)]	Loss: 0.025411

Average Training loss: 0.0014, Training Error Rate: 3.47% (2081/60000)


Average Test loss: 0.0000, Test Error Rate: 3.75% (375/10000)

Train Epoch: 49 [2500/60000 (4%)]	Loss: 0.032879
Train Epoch: 49 [5000/60000 (8%)]	Loss: 0.050163
Train Epoch: 49 [7500/60000 (12%)]	Loss: 0.021860
Train Epoch: 49 [10000/60000 (17%)]	Loss: 0.050923
Train Epoch: 49 [12500/60000 (21%)]	Loss: 0.016181
Train Epoch: 49 [15000/60000 (25%)]	Loss: 0.012584
Train Epoch: 49 [17500/60000 (29%)]	Loss: 0.036994
Train Epoch: 49 [20000/60000 (33%)]	Loss: 0.030114
Train Epoch: 49 [22500/60000 (38%)]	Loss: 0.022990
Train Epoch: 49 [25000/60000 (42%)]	Loss: 0.023990
Train Epoch: 49 [27500/60000 (46%)]	Loss: 0.021089
Train Epoch: 49 [30000/60000 (50%)]	Loss: 0.030730
Train Epoch: 49 [32500/60000 (54%)]	Loss: 0.022899
Train Epoch: 49 [35000/60000 (58%)]	Loss: 0.006047
Train Epoch: 49 [37500/60000 (62%)]	Loss: 0.013295
Train Epoch: 49 [40000/60000 (67%)]	Loss: 0.034828
Train Epoch: 49 [42500/60000 (71%)]	Loss: 0.068413
Train Epoch: 49 [45000/60000 (75%)]	Loss: 0.029545
Train Epoch: 49 [47500/60000 (79%)]	Loss: 0.004316
Train Epoch: 49 [50000/60000 (83%)]	Loss: 0.010611
Train Epoch: 49 [52500/60000 (88%)]	Loss: 0.020929
Train Epoch: 49 [55000/60000 (92%)]	Loss: 0.022399
Train Epoch: 49 [57500/60000 (96%)]	Loss: 0.026395
Train Epoch: 49 [60000/60000 (100%)]	Loss: 0.020305

Average Training loss: 0.0014, Training Error Rate: 3.42% (2053/60000)


Average Test loss: 0.0000, Test Error Rate: 3.69% (369/10000)

Train Epoch: 50 [2500/60000 (4%)]	Loss: 0.010297
Train Epoch: 50 [5000/60000 (8%)]	Loss: 0.069542
Train Epoch: 50 [7500/60000 (12%)]	Loss: 0.021861
Train Epoch: 50 [10000/60000 (17%)]	Loss: 0.049007
Train Epoch: 50 [12500/60000 (21%)]	Loss: 0.015309
Train Epoch: 50 [15000/60000 (25%)]	Loss: 0.075393
Train Epoch: 50 [17500/60000 (29%)]	Loss: 0.020552
Train Epoch: 50 [20000/60000 (33%)]	Loss: 0.008672
Train Epoch: 50 [22500/60000 (38%)]	Loss: 0.059162
Train Epoch: 50 [25000/60000 (42%)]	Loss: 0.012838
Train Epoch: 50 [27500/60000 (46%)]	Loss: 0.042417
Train Epoch: 50 [30000/60000 (50%)]	Loss: 0.022237
Train Epoch: 50 [32500/60000 (54%)]	Loss: 0.043827
Train Epoch: 50 [35000/60000 (58%)]	Loss: 0.012370
Train Epoch: 50 [37500/60000 (62%)]	Loss: 0.052154
Train Epoch: 50 [40000/60000 (67%)]	Loss: 0.036721
Train Epoch: 50 [42500/60000 (71%)]	Loss: 0.031649
Train Epoch: 50 [45000/60000 (75%)]	Loss: 0.056379
Train Epoch: 50 [47500/60000 (79%)]	Loss: 0.022209
Train Epoch: 50 [50000/60000 (83%)]	Loss: 0.043366
Train Epoch: 50 [52500/60000 (88%)]	Loss: 0.035653
Train Epoch: 50 [55000/60000 (92%)]	Loss: 0.017355
Train Epoch: 50 [57500/60000 (96%)]	Loss: 0.025876
Train Epoch: 50 [60000/60000 (100%)]	Loss: 0.063574

Average Training loss: 0.0014, Training Error Rate: 3.39% (2035/60000)


Average Test loss: 0.0000, Test Error Rate: 3.72% (372/10000)

Train Epoch: 51 [2500/60000 (4%)]	Loss: 0.029123
Train Epoch: 51 [5000/60000 (8%)]	Loss: 0.019713
Train Epoch: 51 [7500/60000 (12%)]	Loss: 0.015066
Train Epoch: 51 [10000/60000 (17%)]	Loss: 0.057599
Train Epoch: 51 [12500/60000 (21%)]	Loss: 0.055506
Train Epoch: 51 [15000/60000 (25%)]	Loss: 0.024892
Train Epoch: 51 [17500/60000 (29%)]	Loss: 0.035076
Train Epoch: 51 [20000/60000 (33%)]	Loss: 0.024423
Train Epoch: 51 [22500/60000 (38%)]	Loss: 0.012644
Train Epoch: 51 [25000/60000 (42%)]	Loss: 0.031894
Train Epoch: 51 [27500/60000 (46%)]	Loss: 0.027242
Train Epoch: 51 [30000/60000 (50%)]	Loss: 0.028033
Train Epoch: 51 [32500/60000 (54%)]	Loss: 0.024930
Train Epoch: 51 [35000/60000 (58%)]	Loss: 0.009734
Train Epoch: 51 [37500/60000 (62%)]	Loss: 0.031838
Train Epoch: 51 [40000/60000 (67%)]	Loss: 0.014346
Train Epoch: 51 [42500/60000 (71%)]	Loss: 0.020143
Train Epoch: 51 [45000/60000 (75%)]	Loss: 0.059460
Train Epoch: 51 [47500/60000 (79%)]	Loss: 0.036914
Train Epoch: 51 [50000/60000 (83%)]	Loss: 0.040530
Train Epoch: 51 [52500/60000 (88%)]	Loss: 0.006025
Train Epoch: 51 [55000/60000 (92%)]	Loss: 0.011901
Train Epoch: 51 [57500/60000 (96%)]	Loss: 0.021428
Train Epoch: 51 [60000/60000 (100%)]	Loss: 0.018532

Average Training loss: 0.0014, Training Error Rate: 3.36% (2018/60000)


Average Test loss: 0.0000, Test Error Rate: 3.57% (357/10000)

Train Epoch: 52 [2500/60000 (4%)]	Loss: 0.017127
Train Epoch: 52 [5000/60000 (8%)]	Loss: 0.068329
Train Epoch: 52 [7500/60000 (12%)]	Loss: 0.020412
Train Epoch: 52 [10000/60000 (17%)]	Loss: 0.039756
Train Epoch: 52 [12500/60000 (21%)]	Loss: 0.021365
Train Epoch: 52 [15000/60000 (25%)]	Loss: 0.011221
Train Epoch: 52 [17500/60000 (29%)]	Loss: 0.023255
Train Epoch: 52 [20000/60000 (33%)]	Loss: 0.031727
Train Epoch: 52 [22500/60000 (38%)]	Loss: 0.046423
Train Epoch: 52 [25000/60000 (42%)]	Loss: 0.013187
Train Epoch: 52 [27500/60000 (46%)]	Loss: 0.037384
Train Epoch: 52 [30000/60000 (50%)]	Loss: 0.045266
Train Epoch: 52 [32500/60000 (54%)]	Loss: 0.003928
Train Epoch: 52 [35000/60000 (58%)]	Loss: 0.002239
Train Epoch: 52 [37500/60000 (62%)]	Loss: 0.023161
Train Epoch: 52 [40000/60000 (67%)]	Loss: 0.032563
Train Epoch: 52 [42500/60000 (71%)]	Loss: 0.013093
Train Epoch: 52 [45000/60000 (75%)]	Loss: 0.039036
Train Epoch: 52 [47500/60000 (79%)]	Loss: 0.073671
Train Epoch: 52 [50000/60000 (83%)]	Loss: 0.009891
Train Epoch: 52 [52500/60000 (88%)]	Loss: 0.029682
Train Epoch: 52 [55000/60000 (92%)]	Loss: 0.022206
Train Epoch: 52 [57500/60000 (96%)]	Loss: 0.060089
Train Epoch: 52 [60000/60000 (100%)]	Loss: 0.022497

Average Training loss: 0.0014, Training Error Rate: 3.31% (1983/60000)


Average Test loss: 0.0000, Test Error Rate: 3.68% (368/10000)

Train Epoch: 53 [2500/60000 (4%)]	Loss: 0.026887
Train Epoch: 53 [5000/60000 (8%)]	Loss: 0.012723
Train Epoch: 53 [7500/60000 (12%)]	Loss: 0.051447
Train Epoch: 53 [10000/60000 (17%)]	Loss: 0.033156
Train Epoch: 53 [12500/60000 (21%)]	Loss: 0.030203
Train Epoch: 53 [15000/60000 (25%)]	Loss: 0.023816
Train Epoch: 53 [17500/60000 (29%)]	Loss: 0.031787
Train Epoch: 53 [20000/60000 (33%)]	Loss: 0.024157
Train Epoch: 53 [22500/60000 (38%)]	Loss: 0.057947
Train Epoch: 53 [25000/60000 (42%)]	Loss: 0.062705
Train Epoch: 53 [27500/60000 (46%)]	Loss: 0.004435
Train Epoch: 53 [30000/60000 (50%)]	Loss: 0.012405
Train Epoch: 53 [32500/60000 (54%)]	Loss: 0.012940
Train Epoch: 53 [35000/60000 (58%)]	Loss: 0.025128
Train Epoch: 53 [37500/60000 (62%)]	Loss: 0.023692
Train Epoch: 53 [40000/60000 (67%)]	Loss: 0.058432
Train Epoch: 53 [42500/60000 (71%)]	Loss: 0.005964
Train Epoch: 53 [45000/60000 (75%)]	Loss: 0.033107
Train Epoch: 53 [47500/60000 (79%)]	Loss: 0.022778
Train Epoch: 53 [50000/60000 (83%)]	Loss: 0.045161
Train Epoch: 53 [52500/60000 (88%)]	Loss: 0.102088
Train Epoch: 53 [55000/60000 (92%)]	Loss: 0.039126
Train Epoch: 53 [57500/60000 (96%)]	Loss: 0.053593
Train Epoch: 53 [60000/60000 (100%)]	Loss: 0.026834

Average Training loss: 0.0013, Training Error Rate: 3.31% (1988/60000)


Average Test loss: 0.0000, Test Error Rate: 3.64% (364/10000)

Train Epoch: 54 [2500/60000 (4%)]	Loss: 0.028563
Train Epoch: 54 [5000/60000 (8%)]	Loss: 0.064426
Train Epoch: 54 [7500/60000 (12%)]	Loss: 0.020099
Train Epoch: 54 [10000/60000 (17%)]	Loss: 0.038677
Train Epoch: 54 [12500/60000 (21%)]	Loss: 0.001883
Train Epoch: 54 [15000/60000 (25%)]	Loss: 0.008090
Train Epoch: 54 [17500/60000 (29%)]	Loss: 0.031717
Train Epoch: 54 [20000/60000 (33%)]	Loss: 0.028866
Train Epoch: 54 [22500/60000 (38%)]	Loss: 0.011158
Train Epoch: 54 [25000/60000 (42%)]	Loss: 0.039385
Train Epoch: 54 [27500/60000 (46%)]	Loss: 0.027472
Train Epoch: 54 [30000/60000 (50%)]	Loss: 0.023928
Train Epoch: 54 [32500/60000 (54%)]	Loss: 0.059771
Train Epoch: 54 [35000/60000 (58%)]	Loss: 0.045342
Train Epoch: 54 [37500/60000 (62%)]	Loss: 0.050846
Train Epoch: 54 [40000/60000 (67%)]	Loss: 0.036247
Train Epoch: 54 [42500/60000 (71%)]	Loss: 0.023003
Train Epoch: 54 [45000/60000 (75%)]	Loss: 0.031852
Train Epoch: 54 [47500/60000 (79%)]	Loss: 0.026148
Train Epoch: 54 [50000/60000 (83%)]	Loss: 0.029981
Train Epoch: 54 [52500/60000 (88%)]	Loss: 0.026122
Train Epoch: 54 [55000/60000 (92%)]	Loss: 0.033957
Train Epoch: 54 [57500/60000 (96%)]	Loss: 0.051938
Train Epoch: 54 [60000/60000 (100%)]	Loss: 0.015064

Average Training loss: 0.0013, Training Error Rate: 3.22% (1934/60000)


Average Test loss: 0.0000, Test Error Rate: 3.65% (365/10000)

Train Epoch: 55 [2500/60000 (4%)]	Loss: 0.013366
Train Epoch: 55 [5000/60000 (8%)]	Loss: 0.063438
Train Epoch: 55 [7500/60000 (12%)]	Loss: 0.052203
Train Epoch: 55 [10000/60000 (17%)]	Loss: 0.013035
Train Epoch: 55 [12500/60000 (21%)]	Loss: 0.029478
Train Epoch: 55 [15000/60000 (25%)]	Loss: 0.067161
Train Epoch: 55 [17500/60000 (29%)]	Loss: 0.017296
Train Epoch: 55 [20000/60000 (33%)]	Loss: 0.022549
Train Epoch: 55 [22500/60000 (38%)]	Loss: 0.045932
Train Epoch: 55 [25000/60000 (42%)]	Loss: 0.040007
Train Epoch: 55 [27500/60000 (46%)]	Loss: 0.017036
Train Epoch: 55 [30000/60000 (50%)]	Loss: 0.028837
Train Epoch: 55 [32500/60000 (54%)]	Loss: 0.030267
Train Epoch: 55 [35000/60000 (58%)]	Loss: 0.013752
Train Epoch: 55 [37500/60000 (62%)]	Loss: 0.035612
Train Epoch: 55 [40000/60000 (67%)]	Loss: 0.012249
Train Epoch: 55 [42500/60000 (71%)]	Loss: 0.030160
Train Epoch: 55 [45000/60000 (75%)]	Loss: 0.030638
Train Epoch: 55 [47500/60000 (79%)]	Loss: 0.028935
Train Epoch: 55 [50000/60000 (83%)]	Loss: 0.034367
Train Epoch: 55 [52500/60000 (88%)]	Loss: 0.017572
Train Epoch: 55 [55000/60000 (92%)]	Loss: 0.020139
Train Epoch: 55 [57500/60000 (96%)]	Loss: 0.002043
Train Epoch: 55 [60000/60000 (100%)]	Loss: 0.042557

Average Training loss: 0.0013, Training Error Rate: 3.22% (1930/60000)


Average Test loss: 0.0000, Test Error Rate: 3.51% (351/10000)

Train Epoch: 56 [2500/60000 (4%)]	Loss: 0.039759
Train Epoch: 56 [5000/60000 (8%)]	Loss: 0.027316
Train Epoch: 56 [7500/60000 (12%)]	Loss: 0.058540
Train Epoch: 56 [10000/60000 (17%)]	Loss: 0.018962
Train Epoch: 56 [12500/60000 (21%)]	Loss: 0.031633
Train Epoch: 56 [15000/60000 (25%)]	Loss: 0.020766
Train Epoch: 56 [17500/60000 (29%)]	Loss: 0.011898
Train Epoch: 56 [20000/60000 (33%)]	Loss: 0.025203
Train Epoch: 56 [22500/60000 (38%)]	Loss: 0.021264
Train Epoch: 56 [25000/60000 (42%)]	Loss: 0.024010
Train Epoch: 56 [27500/60000 (46%)]	Loss: 0.015251
Train Epoch: 56 [30000/60000 (50%)]	Loss: 0.057136
Train Epoch: 56 [32500/60000 (54%)]	Loss: 0.029247
Train Epoch: 56 [35000/60000 (58%)]	Loss: 0.015160
Train Epoch: 56 [37500/60000 (62%)]	Loss: 0.021593
Train Epoch: 56 [40000/60000 (67%)]	Loss: 0.056821
Train Epoch: 56 [42500/60000 (71%)]	Loss: 0.045305
Train Epoch: 56 [45000/60000 (75%)]	Loss: 0.006829
Train Epoch: 56 [47500/60000 (79%)]	Loss: 0.073599
Train Epoch: 56 [50000/60000 (83%)]	Loss: 0.042292
Train Epoch: 56 [52500/60000 (88%)]	Loss: 0.046572
Train Epoch: 56 [55000/60000 (92%)]	Loss: 0.023455
Train Epoch: 56 [57500/60000 (96%)]	Loss: 0.038276
Train Epoch: 56 [60000/60000 (100%)]	Loss: 0.073301

Average Training loss: 0.0013, Training Error Rate: 3.16% (1894/60000)


Average Test loss: 0.0000, Test Error Rate: 3.55% (355/10000)

Train Epoch: 57 [2500/60000 (4%)]	Loss: 0.011894
Train Epoch: 57 [5000/60000 (8%)]	Loss: 0.020932
Train Epoch: 57 [7500/60000 (12%)]	Loss: 0.062374
Train Epoch: 57 [10000/60000 (17%)]	Loss: 0.013259
Train Epoch: 57 [12500/60000 (21%)]	Loss: 0.027504
Train Epoch: 57 [15000/60000 (25%)]	Loss: 0.074634
Train Epoch: 57 [17500/60000 (29%)]	Loss: 0.010826
Train Epoch: 57 [20000/60000 (33%)]	Loss: 0.041450
Train Epoch: 57 [22500/60000 (38%)]	Loss: 0.035223
Train Epoch: 57 [25000/60000 (42%)]	Loss: 0.020605
Train Epoch: 57 [27500/60000 (46%)]	Loss: 0.037145
Train Epoch: 57 [30000/60000 (50%)]	Loss: 0.019028
Train Epoch: 57 [32500/60000 (54%)]	Loss: 0.001157
Train Epoch: 57 [35000/60000 (58%)]	Loss: 0.074108
Train Epoch: 57 [37500/60000 (62%)]	Loss: 0.007628
Train Epoch: 57 [40000/60000 (67%)]	Loss: 0.028901
Train Epoch: 57 [42500/60000 (71%)]	Loss: 0.013165
Train Epoch: 57 [45000/60000 (75%)]	Loss: 0.017173
Train Epoch: 57 [47500/60000 (79%)]	Loss: 0.008133
Train Epoch: 57 [50000/60000 (83%)]	Loss: 0.026367
Train Epoch: 57 [52500/60000 (88%)]	Loss: 0.011549
Train Epoch: 57 [55000/60000 (92%)]	Loss: 0.009520
Train Epoch: 57 [57500/60000 (96%)]	Loss: 0.043203
Train Epoch: 57 [60000/60000 (100%)]	Loss: 0.029418

Average Training loss: 0.0013, Training Error Rate: 3.12% (1869/60000)


Average Test loss: 0.0000, Test Error Rate: 3.49% (349/10000)

Train Epoch: 58 [2500/60000 (4%)]	Loss: 0.042609
Train Epoch: 58 [5000/60000 (8%)]	Loss: 0.033161
Train Epoch: 58 [7500/60000 (12%)]	Loss: 0.039095
Train Epoch: 58 [10000/60000 (17%)]	Loss: 0.031723
Train Epoch: 58 [12500/60000 (21%)]	Loss: 0.015391
Train Epoch: 58 [15000/60000 (25%)]	Loss: 0.026316
Train Epoch: 58 [17500/60000 (29%)]	Loss: 0.014174
Train Epoch: 58 [20000/60000 (33%)]	Loss: 0.021125
Train Epoch: 58 [22500/60000 (38%)]	Loss: 0.044848
Train Epoch: 58 [25000/60000 (42%)]	Loss: 0.055428
Train Epoch: 58 [27500/60000 (46%)]	Loss: 0.027984
Train Epoch: 58 [30000/60000 (50%)]	Loss: 0.023066
Train Epoch: 58 [32500/60000 (54%)]	Loss: 0.032396
Train Epoch: 58 [35000/60000 (58%)]	Loss: 0.033384
Train Epoch: 58 [37500/60000 (62%)]	Loss: 0.046369
Train Epoch: 58 [40000/60000 (67%)]	Loss: 0.057836
Train Epoch: 58 [42500/60000 (71%)]	Loss: 0.014725
Train Epoch: 58 [45000/60000 (75%)]	Loss: 0.063964
Train Epoch: 58 [47500/60000 (79%)]	Loss: 0.021973
Train Epoch: 58 [50000/60000 (83%)]	Loss: 0.060650
Train Epoch: 58 [52500/60000 (88%)]	Loss: 0.032968
Train Epoch: 58 [55000/60000 (92%)]	Loss: 0.017574
Train Epoch: 58 [57500/60000 (96%)]	Loss: 0.005529
Train Epoch: 58 [60000/60000 (100%)]	Loss: 0.034694

Average Training loss: 0.0013, Training Error Rate: 3.10% (1857/60000)


Average Test loss: 0.0000, Test Error Rate: 3.44% (344/10000)

Train Epoch: 59 [2500/60000 (4%)]	Loss: 0.013170
Train Epoch: 59 [5000/60000 (8%)]	Loss: 0.047142
Train Epoch: 59 [7500/60000 (12%)]	Loss: 0.021175
Train Epoch: 59 [10000/60000 (17%)]	Loss: 0.031398
Train Epoch: 59 [12500/60000 (21%)]	Loss: 0.012412
Train Epoch: 59 [15000/60000 (25%)]	Loss: 0.045081
Train Epoch: 59 [17500/60000 (29%)]	Loss: 0.029515
Train Epoch: 59 [20000/60000 (33%)]	Loss: 0.047963
Train Epoch: 59 [22500/60000 (38%)]	Loss: 0.015059
Train Epoch: 59 [25000/60000 (42%)]	Loss: 0.029550
Train Epoch: 59 [27500/60000 (46%)]	Loss: 0.016905
Train Epoch: 59 [30000/60000 (50%)]	Loss: 0.056048
Train Epoch: 59 [32500/60000 (54%)]	Loss: 0.019722
Train Epoch: 59 [35000/60000 (58%)]	Loss: 0.027618
Train Epoch: 59 [37500/60000 (62%)]	Loss: 0.035105
Train Epoch: 59 [40000/60000 (67%)]	Loss: 0.045633
Train Epoch: 59 [42500/60000 (71%)]	Loss: 0.062605
Train Epoch: 59 [45000/60000 (75%)]	Loss: 0.023099
Train Epoch: 59 [47500/60000 (79%)]	Loss: 0.009267
Train Epoch: 59 [50000/60000 (83%)]	Loss: 0.006010
Train Epoch: 59 [52500/60000 (88%)]	Loss: 0.027866
Train Epoch: 59 [55000/60000 (92%)]	Loss: 0.013912
Train Epoch: 59 [57500/60000 (96%)]	Loss: 0.067837
Train Epoch: 59 [60000/60000 (100%)]	Loss: 0.018224

Average Training loss: 0.0013, Training Error Rate: 3.04% (1825/60000)


Average Test loss: 0.0000, Test Error Rate: 3.40% (340/10000)

Train Epoch: 60 [2500/60000 (4%)]	Loss: 0.064307
Train Epoch: 60 [5000/60000 (8%)]	Loss: 0.039379
Train Epoch: 60 [7500/60000 (12%)]	Loss: 0.054407
Train Epoch: 60 [10000/60000 (17%)]	Loss: 0.019085
Train Epoch: 60 [12500/60000 (21%)]	Loss: 0.031343
Train Epoch: 60 [15000/60000 (25%)]	Loss: 0.020620
Train Epoch: 60 [17500/60000 (29%)]	Loss: 0.028066
Train Epoch: 60 [20000/60000 (33%)]	Loss: 0.017679
Train Epoch: 60 [22500/60000 (38%)]	Loss: 0.069763
Train Epoch: 60 [25000/60000 (42%)]	Loss: 0.019523
Train Epoch: 60 [27500/60000 (46%)]	Loss: 0.005163
Train Epoch: 60 [30000/60000 (50%)]	Loss: 0.062330
Train Epoch: 60 [32500/60000 (54%)]	Loss: 0.042568
Train Epoch: 60 [35000/60000 (58%)]	Loss: 0.014557
Train Epoch: 60 [37500/60000 (62%)]	Loss: 0.022228
Train Epoch: 60 [40000/60000 (67%)]	Loss: 0.022952
Train Epoch: 60 [42500/60000 (71%)]	Loss: 0.097429
Train Epoch: 60 [45000/60000 (75%)]	Loss: 0.021657
Train Epoch: 60 [47500/60000 (79%)]	Loss: 0.010273
Train Epoch: 60 [50000/60000 (83%)]	Loss: 0.037296
Train Epoch: 60 [52500/60000 (88%)]	Loss: 0.018931
Train Epoch: 60 [55000/60000 (92%)]	Loss: 0.025167
Train Epoch: 60 [57500/60000 (96%)]	Loss: 0.037401
Train Epoch: 60 [60000/60000 (100%)]	Loss: 0.029378

Average Training loss: 0.0013, Training Error Rate: 3.02% (1810/60000)


Average Test loss: 0.0000, Test Error Rate: 3.41% (341/10000)

Train Epoch: 61 [2500/60000 (4%)]	Loss: 0.029527
Train Epoch: 61 [5000/60000 (8%)]	Loss: 0.037640
Train Epoch: 61 [7500/60000 (12%)]	Loss: 0.028753
Train Epoch: 61 [10000/60000 (17%)]	Loss: 0.028310
Train Epoch: 61 [12500/60000 (21%)]	Loss: 0.026172
Train Epoch: 61 [15000/60000 (25%)]	Loss: 0.015910
Train Epoch: 61 [17500/60000 (29%)]	Loss: 0.057517
Train Epoch: 61 [20000/60000 (33%)]	Loss: 0.010199
Train Epoch: 61 [22500/60000 (38%)]	Loss: 0.062052
Train Epoch: 61 [25000/60000 (42%)]	Loss: 0.058013
Train Epoch: 61 [27500/60000 (46%)]	Loss: 0.040985
Train Epoch: 61 [30000/60000 (50%)]	Loss: 0.030124
Train Epoch: 61 [32500/60000 (54%)]	Loss: 0.060713
Train Epoch: 61 [35000/60000 (58%)]	Loss: 0.012659
Train Epoch: 61 [37500/60000 (62%)]	Loss: 0.031900
Train Epoch: 61 [40000/60000 (67%)]	Loss: 0.031034
Train Epoch: 61 [42500/60000 (71%)]	Loss: 0.056683
Train Epoch: 61 [45000/60000 (75%)]	Loss: 0.028667
Train Epoch: 61 [47500/60000 (79%)]	Loss: 0.017871
Train Epoch: 61 [50000/60000 (83%)]	Loss: 0.007996
Train Epoch: 61 [52500/60000 (88%)]	Loss: 0.015029
Train Epoch: 61 [55000/60000 (92%)]	Loss: 0.015041
Train Epoch: 61 [57500/60000 (96%)]	Loss: 0.049356
Train Epoch: 61 [60000/60000 (100%)]	Loss: 0.020552

Average Training loss: 0.0012, Training Error Rate: 2.97% (1783/60000)


Average Test loss: 0.0000, Test Error Rate: 3.29% (329/10000)

Train Epoch: 62 [2500/60000 (4%)]	Loss: 0.042916
Train Epoch: 62 [5000/60000 (8%)]	Loss: 0.019342
Train Epoch: 62 [7500/60000 (12%)]	Loss: 0.040732
Train Epoch: 62 [10000/60000 (17%)]	Loss: 0.030380
Train Epoch: 62 [12500/60000 (21%)]	Loss: 0.022675
Train Epoch: 62 [15000/60000 (25%)]	Loss: 0.007092
Train Epoch: 62 [17500/60000 (29%)]	Loss: 0.034804
Train Epoch: 62 [20000/60000 (33%)]	Loss: 0.062182
Train Epoch: 62 [22500/60000 (38%)]	Loss: 0.011879
Train Epoch: 62 [25000/60000 (42%)]	Loss: 0.025247
Train Epoch: 62 [27500/60000 (46%)]	Loss: 0.010682
Train Epoch: 62 [30000/60000 (50%)]	Loss: 0.017957
Train Epoch: 62 [32500/60000 (54%)]	Loss: 0.025118
Train Epoch: 62 [35000/60000 (58%)]	Loss: 0.019228
Train Epoch: 62 [37500/60000 (62%)]	Loss: 0.015468
Train Epoch: 62 [40000/60000 (67%)]	Loss: 0.019155
Train Epoch: 62 [42500/60000 (71%)]	Loss: 0.006470
Train Epoch: 62 [45000/60000 (75%)]	Loss: 0.059543
Train Epoch: 62 [47500/60000 (79%)]	Loss: 0.025575
Train Epoch: 62 [50000/60000 (83%)]	Loss: 0.022256
Train Epoch: 62 [52500/60000 (88%)]	Loss: 0.007474
Train Epoch: 62 [55000/60000 (92%)]	Loss: 0.018334
Train Epoch: 62 [57500/60000 (96%)]	Loss: 0.047576
Train Epoch: 62 [60000/60000 (100%)]	Loss: 0.029603

Average Training loss: 0.0012, Training Error Rate: 2.94% (1761/60000)


Average Test loss: 0.0000, Test Error Rate: 3.31% (331/10000)

Train Epoch: 63 [2500/60000 (4%)]	Loss: 0.049338
Train Epoch: 63 [5000/60000 (8%)]	Loss: 0.037441
Train Epoch: 63 [7500/60000 (12%)]	Loss: 0.034021
Train Epoch: 63 [10000/60000 (17%)]	Loss: 0.029658
Train Epoch: 63 [12500/60000 (21%)]	Loss: 0.027141
Train Epoch: 63 [15000/60000 (25%)]	Loss: 0.026220
Train Epoch: 63 [17500/60000 (29%)]	Loss: 0.021814
Train Epoch: 63 [20000/60000 (33%)]	Loss: 0.047200
Train Epoch: 63 [22500/60000 (38%)]	Loss: 0.042963
Train Epoch: 63 [25000/60000 (42%)]	Loss: 0.008541
Train Epoch: 63 [27500/60000 (46%)]	Loss: 0.018944
Train Epoch: 63 [30000/60000 (50%)]	Loss: 0.024221
Train Epoch: 63 [32500/60000 (54%)]	Loss: 0.003203
Train Epoch: 63 [35000/60000 (58%)]	Loss: 0.045171
Train Epoch: 63 [37500/60000 (62%)]	Loss: 0.035253
Train Epoch: 63 [40000/60000 (67%)]	Loss: 0.030138
Train Epoch: 63 [42500/60000 (71%)]	Loss: 0.033899
Train Epoch: 63 [45000/60000 (75%)]	Loss: 0.026767
Train Epoch: 63 [47500/60000 (79%)]	Loss: 0.004334
Train Epoch: 63 [50000/60000 (83%)]	Loss: 0.003910
Train Epoch: 63 [52500/60000 (88%)]	Loss: 0.030265
Train Epoch: 63 [55000/60000 (92%)]	Loss: 0.077157
Train Epoch: 63 [57500/60000 (96%)]	Loss: 0.006850
Train Epoch: 63 [60000/60000 (100%)]	Loss: 0.056367

Average Training loss: 0.0012, Training Error Rate: 2.90% (1738/60000)


Average Test loss: 0.0000, Test Error Rate: 3.21% (321/10000)

Train Epoch: 64 [2500/60000 (4%)]	Loss: 0.026792
Train Epoch: 64 [5000/60000 (8%)]	Loss: 0.039600
Train Epoch: 64 [7500/60000 (12%)]	Loss: 0.016689
Train Epoch: 64 [10000/60000 (17%)]	Loss: 0.061791
Train Epoch: 64 [12500/60000 (21%)]	Loss: 0.044911
Train Epoch: 64 [15000/60000 (25%)]	Loss: 0.078746
Train Epoch: 64 [17500/60000 (29%)]	Loss: 0.049724
Train Epoch: 64 [20000/60000 (33%)]	Loss: 0.031007
Train Epoch: 64 [22500/60000 (38%)]	Loss: 0.015279
Train Epoch: 64 [25000/60000 (42%)]	Loss: 0.025426
Train Epoch: 64 [27500/60000 (46%)]	Loss: 0.061704
Train Epoch: 64 [30000/60000 (50%)]	Loss: 0.058310
Train Epoch: 64 [32500/60000 (54%)]	Loss: 0.016129
Train Epoch: 64 [35000/60000 (58%)]	Loss: 0.032430
Train Epoch: 64 [37500/60000 (62%)]	Loss: 0.057350
Train Epoch: 64 [40000/60000 (67%)]	Loss: 0.041118
Train Epoch: 64 [42500/60000 (71%)]	Loss: 0.051639
Train Epoch: 64 [45000/60000 (75%)]	Loss: 0.018370
Train Epoch: 64 [47500/60000 (79%)]	Loss: 0.021441
Train Epoch: 64 [50000/60000 (83%)]	Loss: 0.007279
Train Epoch: 64 [52500/60000 (88%)]	Loss: 0.026765
Train Epoch: 64 [55000/60000 (92%)]	Loss: 0.016079
Train Epoch: 64 [57500/60000 (96%)]	Loss: 0.035097
Train Epoch: 64 [60000/60000 (100%)]	Loss: 0.021824

Average Training loss: 0.0012, Training Error Rate: 2.89% (1736/60000)


Average Test loss: 0.0000, Test Error Rate: 3.31% (331/10000)

Train Epoch: 65 [2500/60000 (4%)]	Loss: 0.014199
Train Epoch: 65 [5000/60000 (8%)]	Loss: 0.017547
Train Epoch: 65 [7500/60000 (12%)]	Loss: 0.004635
Train Epoch: 65 [10000/60000 (17%)]	Loss: 0.034744
Train Epoch: 65 [12500/60000 (21%)]	Loss: 0.019047
Train Epoch: 65 [15000/60000 (25%)]	Loss: 0.078746
Train Epoch: 65 [17500/60000 (29%)]	Loss: 0.031230
Train Epoch: 65 [20000/60000 (33%)]	Loss: 0.048419
Train Epoch: 65 [22500/60000 (38%)]	Loss: 0.080602
Train Epoch: 65 [25000/60000 (42%)]	Loss: 0.026088
Train Epoch: 65 [27500/60000 (46%)]	Loss: 0.063067
Train Epoch: 65 [30000/60000 (50%)]	Loss: 0.019628
Train Epoch: 65 [32500/60000 (54%)]	Loss: 0.015417
Train Epoch: 65 [35000/60000 (58%)]	Loss: 0.042649
Train Epoch: 65 [37500/60000 (62%)]	Loss: 0.018368
Train Epoch: 65 [40000/60000 (67%)]	Loss: 0.014784
Train Epoch: 65 [42500/60000 (71%)]	Loss: 0.020877
Train Epoch: 65 [45000/60000 (75%)]	Loss: 0.007003
Train Epoch: 65 [47500/60000 (79%)]	Loss: 0.033223
Train Epoch: 65 [50000/60000 (83%)]	Loss: 0.047854
Train Epoch: 65 [52500/60000 (88%)]	Loss: 0.049611
Train Epoch: 65 [55000/60000 (92%)]	Loss: 0.042822
Train Epoch: 65 [57500/60000 (96%)]	Loss: 0.050639
Train Epoch: 65 [60000/60000 (100%)]	Loss: 0.046567

Average Training loss: 0.0012, Training Error Rate: 2.84% (1705/60000)


Average Test loss: 0.0000, Test Error Rate: 3.24% (324/10000)

Train Epoch: 66 [2500/60000 (4%)]	Loss: 0.011362
Train Epoch: 66 [5000/60000 (8%)]	Loss: 0.028380
Train Epoch: 66 [7500/60000 (12%)]	Loss: 0.017444
Train Epoch: 66 [10000/60000 (17%)]	Loss: 0.018290
Train Epoch: 66 [12500/60000 (21%)]	Loss: 0.013370
Train Epoch: 66 [15000/60000 (25%)]	Loss: 0.022088
Train Epoch: 66 [17500/60000 (29%)]	Loss: 0.015650
Train Epoch: 66 [20000/60000 (33%)]	Loss: 0.003929
Train Epoch: 66 [22500/60000 (38%)]	Loss: 0.034333
Train Epoch: 66 [25000/60000 (42%)]	Loss: 0.044986
Train Epoch: 66 [27500/60000 (46%)]	Loss: 0.027835
Train Epoch: 66 [30000/60000 (50%)]	Loss: 0.043402
Train Epoch: 66 [32500/60000 (54%)]	Loss: 0.007877
Train Epoch: 66 [35000/60000 (58%)]	Loss: 0.065757
Train Epoch: 66 [37500/60000 (62%)]	Loss: 0.007444
Train Epoch: 66 [40000/60000 (67%)]	Loss: 0.014628
Train Epoch: 66 [42500/60000 (71%)]	Loss: 0.031903
Train Epoch: 66 [45000/60000 (75%)]	Loss: 0.016991
Train Epoch: 66 [47500/60000 (79%)]	Loss: 0.020829
Train Epoch: 66 [50000/60000 (83%)]	Loss: 0.039355
Train Epoch: 66 [52500/60000 (88%)]	Loss: 0.050178
Train Epoch: 66 [55000/60000 (92%)]	Loss: 0.017454
Train Epoch: 66 [57500/60000 (96%)]	Loss: 0.020627
Train Epoch: 66 [60000/60000 (100%)]	Loss: 0.018041

Average Training loss: 0.0012, Training Error Rate: 2.81% (1688/60000)


Average Test loss: 0.0000, Test Error Rate: 3.23% (323/10000)

Train Epoch: 67 [2500/60000 (4%)]	Loss: 0.013784
Train Epoch: 67 [5000/60000 (8%)]	Loss: 0.005489
Train Epoch: 67 [7500/60000 (12%)]	Loss: 0.064863
Train Epoch: 67 [10000/60000 (17%)]	Loss: 0.045820
Train Epoch: 67 [12500/60000 (21%)]	Loss: 0.025624
Train Epoch: 67 [15000/60000 (25%)]	Loss: 0.019619
Train Epoch: 67 [17500/60000 (29%)]	Loss: 0.012966
Train Epoch: 67 [20000/60000 (33%)]	Loss: 0.013561
Train Epoch: 67 [22500/60000 (38%)]	Loss: 0.056272
Train Epoch: 67 [25000/60000 (42%)]	Loss: 0.024349
Train Epoch: 67 [27500/60000 (46%)]	Loss: 0.010627
Train Epoch: 67 [30000/60000 (50%)]	Loss: 0.036772
Train Epoch: 67 [32500/60000 (54%)]	Loss: 0.045537
Train Epoch: 67 [35000/60000 (58%)]	Loss: 0.013957
Train Epoch: 67 [37500/60000 (62%)]	Loss: 0.073771
Train Epoch: 67 [40000/60000 (67%)]	Loss: 0.013383
Train Epoch: 67 [42500/60000 (71%)]	Loss: 0.092789
Train Epoch: 67 [45000/60000 (75%)]	Loss: 0.023489
Train Epoch: 67 [47500/60000 (79%)]	Loss: 0.027701
Train Epoch: 67 [50000/60000 (83%)]	Loss: 0.030058
Train Epoch: 67 [52500/60000 (88%)]	Loss: 0.021395
Train Epoch: 67 [55000/60000 (92%)]	Loss: 0.023675
Train Epoch: 67 [57500/60000 (96%)]	Loss: 0.030418
Train Epoch: 67 [60000/60000 (100%)]	Loss: 0.005775

Average Training loss: 0.0012, Training Error Rate: 2.76% (1658/60000)


Average Test loss: 0.0000, Test Error Rate: 3.18% (318/10000)

Train Epoch: 68 [2500/60000 (4%)]	Loss: 0.019641
Train Epoch: 68 [5000/60000 (8%)]	Loss: 0.002111
Train Epoch: 68 [7500/60000 (12%)]	Loss: 0.017519
Train Epoch: 68 [10000/60000 (17%)]	Loss: 0.022686
Train Epoch: 68 [12500/60000 (21%)]	Loss: 0.028242
Train Epoch: 68 [15000/60000 (25%)]	Loss: 0.046374
Train Epoch: 68 [17500/60000 (29%)]	Loss: 0.015429
Train Epoch: 68 [20000/60000 (33%)]	Loss: 0.011372
Train Epoch: 68 [22500/60000 (38%)]	Loss: 0.050764
Train Epoch: 68 [25000/60000 (42%)]	Loss: 0.016150
Train Epoch: 68 [27500/60000 (46%)]	Loss: 0.039727
Train Epoch: 68 [30000/60000 (50%)]	Loss: 0.011683
Train Epoch: 68 [32500/60000 (54%)]	Loss: 0.006818
Train Epoch: 68 [35000/60000 (58%)]	Loss: 0.014873
Train Epoch: 68 [37500/60000 (62%)]	Loss: 0.018482
Train Epoch: 68 [40000/60000 (67%)]	Loss: 0.016645
Train Epoch: 68 [42500/60000 (71%)]	Loss: 0.032217
Train Epoch: 68 [45000/60000 (75%)]	Loss: 0.019364
Train Epoch: 68 [47500/60000 (79%)]	Loss: 0.026672
Train Epoch: 68 [50000/60000 (83%)]	Loss: 0.011829
Train Epoch: 68 [52500/60000 (88%)]	Loss: 0.020384
Train Epoch: 68 [55000/60000 (92%)]	Loss: 0.032477
Train Epoch: 68 [57500/60000 (96%)]	Loss: 0.034837
Train Epoch: 68 [60000/60000 (100%)]	Loss: 0.045876

Average Training loss: 0.0012, Training Error Rate: 2.76% (1655/60000)


Average Test loss: 0.0000, Test Error Rate: 3.15% (315/10000)

Train Epoch: 69 [2500/60000 (4%)]	Loss: 0.024275
Train Epoch: 69 [5000/60000 (8%)]	Loss: 0.027106
Train Epoch: 69 [7500/60000 (12%)]	Loss: 0.034074
Train Epoch: 69 [10000/60000 (17%)]	Loss: 0.010879
Train Epoch: 69 [12500/60000 (21%)]	Loss: 0.030439
Train Epoch: 69 [15000/60000 (25%)]	Loss: 0.046350
Train Epoch: 69 [17500/60000 (29%)]	Loss: 0.083580
Train Epoch: 69 [20000/60000 (33%)]	Loss: 0.021448
Train Epoch: 69 [22500/60000 (38%)]	Loss: 0.036245
Train Epoch: 69 [25000/60000 (42%)]	Loss: 0.054429
Train Epoch: 69 [27500/60000 (46%)]	Loss: 0.037072
Train Epoch: 69 [30000/60000 (50%)]	Loss: 0.010832
Train Epoch: 69 [32500/60000 (54%)]	Loss: 0.015138
Train Epoch: 69 [35000/60000 (58%)]	Loss: 0.022024
Train Epoch: 69 [37500/60000 (62%)]	Loss: 0.018735
Train Epoch: 69 [40000/60000 (67%)]	Loss: 0.009659
Train Epoch: 69 [42500/60000 (71%)]	Loss: 0.052749
Train Epoch: 69 [45000/60000 (75%)]	Loss: 0.009055
Train Epoch: 69 [47500/60000 (79%)]	Loss: 0.011895
Train Epoch: 69 [50000/60000 (83%)]	Loss: 0.003892
Train Epoch: 69 [52500/60000 (88%)]	Loss: 0.048574
Train Epoch: 69 [55000/60000 (92%)]	Loss: 0.006126
