/vast/home/ajherman/miniconda3/envs/pytorch/lib/python3.11/site-packages/torchvision/io/image.py:13: UserWarning: Failed to load image Python extension: '/vast/home/ajherman/miniconda3/envs/pytorch/lib/python3.11/site-packages/torchvision/image.so: undefined symbol: _ZN5torch3jit17parseSchemaOrNameERKNSt7__cxx1112basic_stringIcSt11char_traitsIcESaIcEEE'If you don't plan on using image functionality from `torchvision.io`, you can ignore this warning. Otherwise, there might be something wrong with your environment. Did you have `libjpeg` or `libpng` installed before building `torchvision` from source?
  warn(
Random seed set as 42
dt =  0.2340716616353513
trace decay =  0.5737534207374327
Random seed set as 42
Random seed set as 42
dt =  0.2340716616353513
trace decay =  0.5737534207374327
Random seed set as 42
Traceback (most recent call last):
  File "/vast/home/ajherman/continualEP/main.py", line 319, in <module>
    if args.load and os.path.exists(pkl_file):
                                    ^^^^^^^^
NameError: name 'pkl_file' is not defined
/vast/home/ajherman/miniconda3/envs/pytorch/lib/python3.11/site-packages/torchvision/io/image.py:13: UserWarning: Failed to load image Python extension: '/vast/home/ajherman/miniconda3/envs/pytorch/lib/python3.11/site-packages/torchvision/image.so: undefined symbol: _ZN5torch3jit17parseSchemaOrNameERKNSt7__cxx1112basic_stringIcSt11char_traitsIcESaIcEEE'If you don't plan on using image functionality from `torchvision.io`, you can ignore this warning. Otherwise, there might be something wrong with your environment. Did you have `libjpeg` or `libpng` installed before building `torchvision` from source?
  warn(
Random seed set as 42
dt =  0.2340716616353513
trace decay =  0.5737534207374327
Random seed set as 42
Random seed set as 42
dt =  0.2340716616353513
trace decay =  0.5737534207374327
Random seed set as 42
Traceback (most recent call last):
  File "/vast/home/ajherman/continualEP/main.py", line 323, in <module>
    assert(0)
AssertionError
/vast/home/ajherman/miniconda3/envs/pytorch/lib/python3.11/site-packages/torchvision/io/image.py:13: UserWarning: Failed to load image Python extension: '/vast/home/ajherman/miniconda3/envs/pytorch/lib/python3.11/site-packages/torchvision/image.so: undefined symbol: _ZN5torch3jit17parseSchemaOrNameERKNSt7__cxx1112basic_stringIcSt11char_traitsIcESaIcEEE'If you don't plan on using image functionality from `torchvision.io`, you can ignore this warning. Otherwise, there might be something wrong with your environment. Did you have `libjpeg` or `libpng` installed before building `torchvision` from source?
  warn(
Random seed set as 42
dt =  0.2340716616353513
trace decay =  0.5737534207374327
Random seed set as 42
Random seed set as 42
dt =  0.2340716616353513
trace decay =  0.5737534207374327
Random seed set as 42
Train Epoch: 0 [20000/60000 (33%)]	Loss: 0.381034
Train Epoch: 0 [40000/60000 (67%)]	Loss: 0.318231
Train Epoch: 0 [60000/60000 (100%)]	Loss: 0.282736

Average Training loss: 0.0018, Training Error Rate: 43.69% (26215/60000)


Average Test loss: 0.0003, Test Error Rate: 23.78% (2378/10000)

Train Epoch: 1 [20000/60000 (33%)]	Loss: 0.242761
Train Epoch: 1 [40000/60000 (67%)]	Loss: 0.223052
Train Epoch: 1 [60000/60000 (100%)]	Loss: 0.193929

Average Training loss: 0.0012, Training Error Rate: 20.88% (12527/60000)


Average Test loss: 0.0002, Test Error Rate: 17.40% (1740/10000)

Train Epoch: 2 [20000/60000 (33%)]	Loss: 0.177714
Train Epoch: 2 [40000/60000 (67%)]	Loss: 0.175417
Train Epoch: 2 [60000/60000 (100%)]	Loss: 0.178615

Average Training loss: 0.0009, Training Error Rate: 17.00% (10197/60000)


Average Test loss: 0.0002, Test Error Rate: 14.66% (1466/10000)

Train Epoch: 3 [20000/60000 (33%)]	Loss: 0.163265
Train Epoch: 3 [40000/60000 (67%)]	Loss: 0.146411
Train Epoch: 3 [60000/60000 (100%)]	Loss: 0.149199

Average Training loss: 0.0008, Training Error Rate: 15.05% (9031/60000)


Average Test loss: 0.0001, Test Error Rate: 13.42% (1342/10000)

Train Epoch: 4 [20000/60000 (33%)]	Loss: 0.144003
Train Epoch: 4 [40000/60000 (67%)]	Loss: 0.145159
Train Epoch: 4 [60000/60000 (100%)]	Loss: 0.128811

Average Training loss: 0.0007, Training Error Rate: 13.78% (8270/60000)


Average Test loss: 0.0001, Test Error Rate: 12.38% (1238/10000)

Train Epoch: 5 [20000/60000 (33%)]	Loss: 0.129519
Train Epoch: 5 [40000/60000 (67%)]	Loss: 0.124774
Train Epoch: 5 [60000/60000 (100%)]	Loss: 0.141676

Average Training loss: 0.0006, Training Error Rate: 12.88% (7728/60000)


Average Test loss: 0.0001, Test Error Rate: 11.73% (1173/10000)

Train Epoch: 6 [20000/60000 (33%)]	Loss: 0.130481
Train Epoch: 6 [40000/60000 (67%)]	Loss: 0.112705
Train Epoch: 6 [60000/60000 (100%)]	Loss: 0.105297

Average Training loss: 0.0006, Training Error Rate: 12.27% (7363/60000)


Average Test loss: 0.0001, Test Error Rate: 11.28% (1128/10000)

Train Epoch: 7 [20000/60000 (33%)]	Loss: 0.129301
Train Epoch: 7 [40000/60000 (67%)]	Loss: 0.127407
Train Epoch: 7 [60000/60000 (100%)]	Loss: 0.110123

Average Training loss: 0.0006, Training Error Rate: 11.76% (7053/60000)


Average Test loss: 0.0001, Test Error Rate: 10.75% (1075/10000)

Train Epoch: 8 [20000/60000 (33%)]	Loss: 0.100839
Train Epoch: 8 [40000/60000 (67%)]	Loss: 0.114975
Train Epoch: 8 [60000/60000 (100%)]	Loss: 0.101582

Average Training loss: 0.0005, Training Error Rate: 11.34% (6806/60000)


Average Test loss: 0.0001, Test Error Rate: 10.33% (1033/10000)

Train Epoch: 9 [20000/60000 (33%)]	Loss: 0.098446
Train Epoch: 9 [40000/60000 (67%)]	Loss: 0.093413
Train Epoch: 9 [60000/60000 (100%)]	Loss: 0.096093

Average Training loss: 0.0005, Training Error Rate: 11.03% (6620/60000)


Average Test loss: 0.0001, Test Error Rate: 10.06% (1006/10000)

Train Epoch: 10 [20000/60000 (33%)]	Loss: 0.107505
Train Epoch: 10 [40000/60000 (67%)]	Loss: 0.101207
Train Epoch: 10 [60000/60000 (100%)]	Loss: 0.084339

Average Training loss: 0.0005, Training Error Rate: 10.69% (6411/60000)


Average Test loss: 0.0001, Test Error Rate: 9.68% (968/10000)

Train Epoch: 11 [20000/60000 (33%)]	Loss: 0.077901
Train Epoch: 11 [40000/60000 (67%)]	Loss: 0.112120
Train Epoch: 11 [60000/60000 (100%)]	Loss: 0.094634

Average Training loss: 0.0005, Training Error Rate: 10.47% (6282/60000)


Average Test loss: 0.0001, Test Error Rate: 9.65% (965/10000)

Train Epoch: 12 [20000/60000 (33%)]	Loss: 0.115582
Train Epoch: 12 [40000/60000 (67%)]	Loss: 0.082554
Train Epoch: 12 [60000/60000 (100%)]	Loss: 0.086159

Average Training loss: 0.0005, Training Error Rate: 10.23% (6136/60000)


Average Test loss: 0.0001, Test Error Rate: 9.53% (953/10000)

Train Epoch: 13 [20000/60000 (33%)]	Loss: 0.078411
Train Epoch: 13 [40000/60000 (67%)]	Loss: 0.095769
Train Epoch: 13 [60000/60000 (100%)]	Loss: 0.074891

Average Training loss: 0.0004, Training Error Rate: 9.94% (5964/60000)


Average Test loss: 0.0001, Test Error Rate: 9.20% (920/10000)

Train Epoch: 14 [20000/60000 (33%)]	Loss: 0.097246
Train Epoch: 14 [40000/60000 (67%)]	Loss: 0.107467
Train Epoch: 14 [60000/60000 (100%)]	Loss: 0.090422

Average Training loss: 0.0004, Training Error Rate: 9.80% (5879/60000)


Average Test loss: 0.0001, Test Error Rate: 8.99% (899/10000)

Train Epoch: 15 [20000/60000 (33%)]	Loss: 0.099537
Train Epoch: 15 [40000/60000 (67%)]	Loss: 0.101106
Train Epoch: 15 [60000/60000 (100%)]	Loss: 0.096610

Average Training loss: 0.0004, Training Error Rate: 9.60% (5757/60000)


Average Test loss: 0.0001, Test Error Rate: 8.81% (881/10000)

Train Epoch: 16 [20000/60000 (33%)]	Loss: 0.094988
Train Epoch: 16 [40000/60000 (67%)]	Loss: 0.085112
Train Epoch: 16 [60000/60000 (100%)]	Loss: 0.081861

Average Training loss: 0.0004, Training Error Rate: 9.46% (5674/60000)


Average Test loss: 0.0001, Test Error Rate: 8.70% (870/10000)

Train Epoch: 17 [20000/60000 (33%)]	Loss: 0.093525
Train Epoch: 17 [40000/60000 (67%)]	Loss: 0.088010
Train Epoch: 17 [60000/60000 (100%)]	Loss: 0.071573

Average Training loss: 0.0004, Training Error Rate: 9.25% (5550/60000)


Average Test loss: 0.0001, Test Error Rate: 8.48% (848/10000)

Train Epoch: 18 [20000/60000 (33%)]	Loss: 0.065844
Train Epoch: 18 [40000/60000 (67%)]	Loss: 0.096874
Train Epoch: 18 [60000/60000 (100%)]	Loss: 0.080156

Average Training loss: 0.0004, Training Error Rate: 9.13% (5477/60000)


Average Test loss: 0.0001, Test Error Rate: 8.40% (840/10000)

Train Epoch: 19 [20000/60000 (33%)]	Loss: 0.103068
Train Epoch: 19 [40000/60000 (67%)]	Loss: 0.074546
Train Epoch: 19 [60000/60000 (100%)]	Loss: 0.055157

Average Training loss: 0.0004, Training Error Rate: 8.93% (5358/60000)


Average Test loss: 0.0001, Test Error Rate: 8.18% (818/10000)

Train Epoch: 20 [20000/60000 (33%)]	Loss: 0.084733
Train Epoch: 20 [40000/60000 (67%)]	Loss: 0.094767
Train Epoch: 20 [60000/60000 (100%)]	Loss: 0.069884

Average Training loss: 0.0004, Training Error Rate: 8.81% (5284/60000)


Average Test loss: 0.0001, Test Error Rate: 8.14% (814/10000)

Train Epoch: 21 [20000/60000 (33%)]	Loss: 0.069412
Train Epoch: 21 [40000/60000 (67%)]	Loss: 0.065313
Train Epoch: 21 [60000/60000 (100%)]	Loss: 0.075476

Average Training loss: 0.0004, Training Error Rate: 8.68% (5205/60000)


Average Test loss: 0.0001, Test Error Rate: 8.01% (801/10000)

Train Epoch: 22 [20000/60000 (33%)]	Loss: 0.074553
Train Epoch: 22 [40000/60000 (67%)]	Loss: 0.087933
Train Epoch: 22 [60000/60000 (100%)]	Loss: 0.084127

Average Training loss: 0.0004, Training Error Rate: 8.56% (5137/60000)


Average Test loss: 0.0001, Test Error Rate: 7.90% (790/10000)

Train Epoch: 23 [20000/60000 (33%)]	Loss: 0.078783
Train Epoch: 23 [40000/60000 (67%)]	Loss: 0.086878
Train Epoch: 23 [60000/60000 (100%)]	Loss: 0.077632

Average Training loss: 0.0004, Training Error Rate: 8.44% (5066/60000)


Average Test loss: 0.0001, Test Error Rate: 7.79% (779/10000)

Train Epoch: 24 [20000/60000 (33%)]	Loss: 0.063763
Train Epoch: 24 [40000/60000 (67%)]	Loss: 0.082947
Train Epoch: 24 [60000/60000 (100%)]	Loss: 0.075569

Average Training loss: 0.0004, Training Error Rate: 8.34% (5002/60000)


Average Test loss: 0.0001, Test Error Rate: 7.65% (765/10000)

Train Epoch: 25 [20000/60000 (33%)]	Loss: 0.084754
Train Epoch: 25 [40000/60000 (67%)]	Loss: 0.055008
Train Epoch: 25 [60000/60000 (100%)]	Loss: 0.059593

Average Training loss: 0.0003, Training Error Rate: 8.21% (4929/60000)


Average Test loss: 0.0001, Test Error Rate: 7.64% (764/10000)

Train Epoch: 26 [20000/60000 (33%)]	Loss: 0.078459
Train Epoch: 26 [40000/60000 (67%)]	Loss: 0.061446
Train Epoch: 26 [60000/60000 (100%)]	Loss: 0.058001

Average Training loss: 0.0003, Training Error Rate: 8.12% (4875/60000)


Average Test loss: 0.0001, Test Error Rate: 7.54% (754/10000)

Train Epoch: 27 [20000/60000 (33%)]	Loss: 0.044122
Train Epoch: 27 [40000/60000 (67%)]	Loss: 0.072769
Train Epoch: 27 [60000/60000 (100%)]	Loss: 0.074636

Average Training loss: 0.0003, Training Error Rate: 8.02% (4814/60000)


Average Test loss: 0.0001, Test Error Rate: 7.40% (740/10000)

Train Epoch: 28 [20000/60000 (33%)]	Loss: 0.059431
Train Epoch: 28 [40000/60000 (67%)]	Loss: 0.055235
Train Epoch: 28 [60000/60000 (100%)]	Loss: 0.074872

Average Training loss: 0.0003, Training Error Rate: 7.90% (4741/60000)


Average Test loss: 0.0001, Test Error Rate: 7.37% (737/10000)

Train Epoch: 29 [20000/60000 (33%)]	Loss: 0.081250
Train Epoch: 29 [40000/60000 (67%)]	Loss: 0.075287
Train Epoch: 29 [60000/60000 (100%)]	Loss: 0.071799

Average Training loss: 0.0003, Training Error Rate: 7.82% (4689/60000)


Average Test loss: 0.0001, Test Error Rate: 7.33% (733/10000)

Train Epoch: 30 [20000/60000 (33%)]	Loss: 0.060233
Train Epoch: 30 [40000/60000 (67%)]	Loss: 0.063736
Train Epoch: 30 [60000/60000 (100%)]	Loss: 0.067798

Average Training loss: 0.0003, Training Error Rate: 7.72% (4632/60000)


Average Test loss: 0.0001, Test Error Rate: 7.31% (731/10000)

Train Epoch: 31 [20000/60000 (33%)]	Loss: 0.066741
Train Epoch: 31 [40000/60000 (67%)]	Loss: 0.047781
Train Epoch: 31 [60000/60000 (100%)]	Loss: 0.064813

Average Training loss: 0.0003, Training Error Rate: 7.64% (4585/60000)


Average Test loss: 0.0001, Test Error Rate: 7.22% (722/10000)

Train Epoch: 32 [20000/60000 (33%)]	Loss: 0.041798
Train Epoch: 32 [40000/60000 (67%)]	Loss: 0.069789
Train Epoch: 32 [60000/60000 (100%)]	Loss: 0.054056

Average Training loss: 0.0003, Training Error Rate: 7.51% (4508/60000)


Average Test loss: 0.0001, Test Error Rate: 7.21% (721/10000)

Train Epoch: 33 [20000/60000 (33%)]	Loss: 0.069766
Train Epoch: 33 [40000/60000 (67%)]	Loss: 0.047558
Train Epoch: 33 [60000/60000 (100%)]	Loss: 0.063715

Average Training loss: 0.0003, Training Error Rate: 7.48% (4486/60000)


Average Test loss: 0.0001, Test Error Rate: 7.16% (716/10000)

Train Epoch: 34 [20000/60000 (33%)]	Loss: 0.039762
Train Epoch: 34 [40000/60000 (67%)]	Loss: 0.060166
Train Epoch: 34 [60000/60000 (100%)]	Loss: 0.051302

Average Training loss: 0.0003, Training Error Rate: 7.37% (4421/60000)


Average Test loss: 0.0001, Test Error Rate: 7.00% (700/10000)

Train Epoch: 35 [20000/60000 (33%)]	Loss: 0.037648
Train Epoch: 35 [40000/60000 (67%)]	Loss: 0.055400
Train Epoch: 35 [60000/60000 (100%)]	Loss: 0.050203

Average Training loss: 0.0003, Training Error Rate: 7.30% (4381/60000)


Average Test loss: 0.0001, Test Error Rate: 7.05% (705/10000)

Train Epoch: 36 [20000/60000 (33%)]	Loss: 0.040015
Train Epoch: 36 [40000/60000 (67%)]	Loss: 0.052921
Train Epoch: 36 [60000/60000 (100%)]	Loss: 0.045394

Average Training loss: 0.0003, Training Error Rate: 7.22% (4335/60000)


Average Test loss: 0.0001, Test Error Rate: 6.93% (693/10000)

Train Epoch: 37 [20000/60000 (33%)]	Loss: 0.059824
Train Epoch: 37 [40000/60000 (67%)]	Loss: 0.049201
Train Epoch: 37 [60000/60000 (100%)]	Loss: 0.065363

Average Training loss: 0.0003, Training Error Rate: 7.20% (4319/60000)


Average Test loss: 0.0001, Test Error Rate: 6.92% (692/10000)

Train Epoch: 38 [20000/60000 (33%)]	Loss: 0.061397
Train Epoch: 38 [40000/60000 (67%)]	Loss: 0.037653
Train Epoch: 38 [60000/60000 (100%)]	Loss: 0.062621

Average Training loss: 0.0003, Training Error Rate: 7.11% (4264/60000)


Average Test loss: 0.0001, Test Error Rate: 6.86% (686/10000)

Train Epoch: 39 [20000/60000 (33%)]	Loss: 0.068959
Train Epoch: 39 [40000/60000 (67%)]	Loss: 0.050851
Train Epoch: 39 [60000/60000 (100%)]	Loss: 0.075024

Average Training loss: 0.0003, Training Error Rate: 7.04% (4223/60000)


Average Test loss: 0.0001, Test Error Rate: 6.85% (685/10000)

Train Epoch: 40 [20000/60000 (33%)]	Loss: 0.063745
Train Epoch: 40 [40000/60000 (67%)]	Loss: 0.046766
Train Epoch: 40 [60000/60000 (100%)]	Loss: 0.071358

Average Training loss: 0.0003, Training Error Rate: 6.96% (4176/60000)


Average Test loss: 0.0001, Test Error Rate: 6.82% (682/10000)

Train Epoch: 41 [20000/60000 (33%)]	Loss: 0.038166
Train Epoch: 41 [40000/60000 (67%)]	Loss: 0.056494
Train Epoch: 41 [60000/60000 (100%)]	Loss: 0.067559

Average Training loss: 0.0003, Training Error Rate: 6.93% (4159/60000)


Average Test loss: 0.0001, Test Error Rate: 6.83% (683/10000)

Train Epoch: 42 [20000/60000 (33%)]	Loss: 0.054073
Train Epoch: 42 [40000/60000 (67%)]	Loss: 0.093269
Train Epoch: 42 [60000/60000 (100%)]	Loss: 0.055663

Average Training loss: 0.0003, Training Error Rate: 6.85% (4109/60000)


Average Test loss: 0.0001, Test Error Rate: 6.58% (658/10000)

Train Epoch: 43 [20000/60000 (33%)]	Loss: 0.059827
Train Epoch: 43 [40000/60000 (67%)]	Loss: 0.076375
Train Epoch: 43 [60000/60000 (100%)]	Loss: 0.050503

Average Training loss: 0.0003, Training Error Rate: 6.78% (4069/60000)


Average Test loss: 0.0001, Test Error Rate: 6.52% (652/10000)

Train Epoch: 44 [20000/60000 (33%)]	Loss: 0.044090
Train Epoch: 44 [40000/60000 (67%)]	Loss: 0.076743
Train Epoch: 44 [60000/60000 (100%)]	Loss: 0.059263

Average Training loss: 0.0003, Training Error Rate: 6.72% (4030/60000)


Average Test loss: 0.0001, Test Error Rate: 6.50% (650/10000)

Train Epoch: 45 [20000/60000 (33%)]	Loss: 0.053589
Train Epoch: 45 [40000/60000 (67%)]	Loss: 0.046507
Train Epoch: 45 [60000/60000 (100%)]	Loss: 0.041615

Average Training loss: 0.0003, Training Error Rate: 6.68% (4008/60000)


Average Test loss: 0.0001, Test Error Rate: 6.62% (662/10000)

Train Epoch: 46 [20000/60000 (33%)]	Loss: 0.064842
Train Epoch: 46 [40000/60000 (67%)]	Loss: 0.087330
Train Epoch: 46 [60000/60000 (100%)]	Loss: 0.034000

Average Training loss: 0.0003, Training Error Rate: 6.62% (3975/60000)


Average Test loss: 0.0001, Test Error Rate: 6.44% (644/10000)

Train Epoch: 47 [20000/60000 (33%)]	Loss: 0.052572
Train Epoch: 47 [40000/60000 (67%)]	Loss: 0.050697
Train Epoch: 47 [60000/60000 (100%)]	Loss: 0.070086

Average Training loss: 0.0003, Training Error Rate: 6.57% (3943/60000)


Average Test loss: 0.0001, Test Error Rate: 6.45% (645/10000)

Train Epoch: 48 [20000/60000 (33%)]	Loss: 0.051107
Train Epoch: 48 [40000/60000 (67%)]	Loss: 0.054072
Train Epoch: 48 [60000/60000 (100%)]	Loss: 0.057935

Average Training loss: 0.0003, Training Error Rate: 6.49% (3896/60000)


Average Test loss: 0.0001, Test Error Rate: 6.41% (641/10000)

Train Epoch: 49 [20000/60000 (33%)]	Loss: 0.066200
Train Epoch: 49 [40000/60000 (67%)]	Loss: 0.045887
Train Epoch: 49 [60000/60000 (100%)]	Loss: 0.039911

Average Training loss: 0.0003, Training Error Rate: 6.48% (3888/60000)


Average Test loss: 0.0001, Test Error Rate: 6.45% (645/10000)

Train Epoch: 50 [20000/60000 (33%)]	Loss: 0.052778
Train Epoch: 50 [40000/60000 (67%)]	Loss: 0.064109
Train Epoch: 50 [60000/60000 (100%)]	Loss: 0.057413

Average Training loss: 0.0003, Training Error Rate: 6.41% (3847/60000)


Average Test loss: 0.0001, Test Error Rate: 6.46% (646/10000)

Train Epoch: 51 [20000/60000 (33%)]	Loss: 0.057376
Train Epoch: 51 [40000/60000 (67%)]	Loss: 0.055605
Train Epoch: 51 [60000/60000 (100%)]	Loss: 0.034526

Average Training loss: 0.0003, Training Error Rate: 6.39% (3836/60000)


Average Test loss: 0.0001, Test Error Rate: 6.37% (637/10000)

Train Epoch: 52 [20000/60000 (33%)]	Loss: 0.062030
Train Epoch: 52 [40000/60000 (67%)]	Loss: 0.058763
Train Epoch: 52 [60000/60000 (100%)]	Loss: 0.058454

Average Training loss: 0.0003, Training Error Rate: 6.32% (3793/60000)


Average Test loss: 0.0001, Test Error Rate: 6.35% (635/10000)

Train Epoch: 53 [20000/60000 (33%)]	Loss: 0.045137
Train Epoch: 53 [40000/60000 (67%)]	Loss: 0.049116
Train Epoch: 53 [60000/60000 (100%)]	Loss: 0.060117

Average Training loss: 0.0003, Training Error Rate: 6.30% (3783/60000)


Average Test loss: 0.0001, Test Error Rate: 6.34% (634/10000)

Train Epoch: 54 [20000/60000 (33%)]	Loss: 0.035991
Train Epoch: 54 [40000/60000 (67%)]	Loss: 0.046920
Train Epoch: 54 [60000/60000 (100%)]	Loss: 0.039826

Average Training loss: 0.0003, Training Error Rate: 6.25% (3749/60000)


Average Test loss: 0.0001, Test Error Rate: 6.36% (636/10000)

Train Epoch: 55 [20000/60000 (33%)]	Loss: 0.044333
Train Epoch: 55 [40000/60000 (67%)]	Loss: 0.048068
Train Epoch: 55 [60000/60000 (100%)]	Loss: 0.057568

Average Training loss: 0.0003, Training Error Rate: 6.20% (3719/60000)


Average Test loss: 0.0001, Test Error Rate: 6.41% (641/10000)

Train Epoch: 56 [20000/60000 (33%)]	Loss: 0.052369
Train Epoch: 56 [40000/60000 (67%)]	Loss: 0.058683
Train Epoch: 56 [60000/60000 (100%)]	Loss: 0.051168

Average Training loss: 0.0003, Training Error Rate: 6.16% (3695/60000)


Average Test loss: 0.0001, Test Error Rate: 6.32% (632/10000)

Train Epoch: 57 [20000/60000 (33%)]	Loss: 0.054076
Train Epoch: 57 [40000/60000 (67%)]	Loss: 0.055832
Train Epoch: 57 [60000/60000 (100%)]	Loss: 0.032225

Average Training loss: 0.0003, Training Error Rate: 6.14% (3684/60000)


Average Test loss: 0.0001, Test Error Rate: 6.29% (629/10000)

Train Epoch: 58 [20000/60000 (33%)]	Loss: 0.052226
Train Epoch: 58 [40000/60000 (67%)]	Loss: 0.038186
Train Epoch: 58 [60000/60000 (100%)]	Loss: 0.049792

Average Training loss: 0.0003, Training Error Rate: 6.12% (3672/60000)


Average Test loss: 0.0001, Test Error Rate: 6.36% (636/10000)

Train Epoch: 59 [20000/60000 (33%)]	Loss: 0.055819
Train Epoch: 59 [40000/60000 (67%)]	Loss: 0.045989
Train Epoch: 59 [60000/60000 (100%)]	Loss: 0.045044

Average Training loss: 0.0003, Training Error Rate: 6.07% (3643/60000)


Average Test loss: 0.0001, Test Error Rate: 6.28% (628/10000)

Train Epoch: 60 [20000/60000 (33%)]	Loss: 0.032743
Train Epoch: 60 [40000/60000 (67%)]	Loss: 0.055768
Train Epoch: 60 [60000/60000 (100%)]	Loss: 0.033065

Average Training loss: 0.0003, Training Error Rate: 6.08% (3647/60000)


Average Test loss: 0.0001, Test Error Rate: 6.28% (628/10000)

Train Epoch: 61 [20000/60000 (33%)]	Loss: 0.045586
Train Epoch: 61 [40000/60000 (67%)]	Loss: 0.053157
Train Epoch: 61 [60000/60000 (100%)]	Loss: 0.032760

Average Training loss: 0.0003, Training Error Rate: 6.02% (3613/60000)


Average Test loss: 0.0001, Test Error Rate: 6.25% (625/10000)

Train Epoch: 62 [20000/60000 (33%)]	Loss: 0.041082
Train Epoch: 62 [40000/60000 (67%)]	Loss: 0.040154
Train Epoch: 62 [60000/60000 (100%)]	Loss: 0.071939

Average Training loss: 0.0003, Training Error Rate: 5.98% (3589/60000)


Average Test loss: 0.0001, Test Error Rate: 6.23% (623/10000)

Train Epoch: 63 [20000/60000 (33%)]	Loss: 0.045103
Train Epoch: 63 [40000/60000 (67%)]	Loss: 0.041391
Train Epoch: 63 [60000/60000 (100%)]	Loss: 0.076460

Average Training loss: 0.0003, Training Error Rate: 5.99% (3592/60000)


Average Test loss: 0.0001, Test Error Rate: 6.26% (626/10000)

Train Epoch: 64 [20000/60000 (33%)]	Loss: 0.046793
Train Epoch: 64 [40000/60000 (67%)]	Loss: 0.042286
Train Epoch: 64 [60000/60000 (100%)]	Loss: 0.066898

Average Training loss: 0.0003, Training Error Rate: 5.96% (3574/60000)


Average Test loss: 0.0001, Test Error Rate: 6.25% (625/10000)

Train Epoch: 65 [20000/60000 (33%)]	Loss: 0.062126
Train Epoch: 65 [40000/60000 (67%)]	Loss: 0.056848
Train Epoch: 65 [60000/60000 (100%)]	Loss: 0.040936

Average Training loss: 0.0003, Training Error Rate: 5.91% (3546/60000)


Average Test loss: 0.0001, Test Error Rate: 6.23% (623/10000)

Train Epoch: 66 [20000/60000 (33%)]	Loss: 0.046221
Train Epoch: 66 [40000/60000 (67%)]	Loss: 0.045763
Train Epoch: 66 [60000/60000 (100%)]	Loss: 0.045954

Average Training loss: 0.0003, Training Error Rate: 5.92% (3554/60000)


Average Test loss: 0.0001, Test Error Rate: 6.30% (630/10000)

Train Epoch: 67 [20000/60000 (33%)]	Loss: 0.054080
Train Epoch: 67 [40000/60000 (67%)]	Loss: 0.048486
Train Epoch: 67 [60000/60000 (100%)]	Loss: 0.057444

Average Training loss: 0.0003, Training Error Rate: 5.91% (3545/60000)


Average Test loss: 0.0001, Test Error Rate: 6.19% (619/10000)

Train Epoch: 68 [20000/60000 (33%)]	Loss: 0.068863
Train Epoch: 68 [40000/60000 (67%)]	Loss: 0.054086
Train Epoch: 68 [60000/60000 (100%)]	Loss: 0.048192

Average Training loss: 0.0003, Training Error Rate: 5.87% (3523/60000)


Average Test loss: 0.0001, Test Error Rate: 6.23% (623/10000)

Train Epoch: 69 [20000/60000 (33%)]	Loss: 0.064861
Train Epoch: 69 [40000/60000 (67%)]	Loss: 0.033168
Train Epoch: 69 [60000/60000 (100%)]	Loss: 0.061242

Average Training loss: 0.0003, Training Error Rate: 5.87% (3524/60000)


Average Test loss: 0.0001, Test Error Rate: 6.24% (624/10000)

Train Epoch: 70 [20000/60000 (33%)]	Loss: 0.055543
Train Epoch: 70 [40000/60000 (67%)]	Loss: 0.052973
Train Epoch: 70 [60000/60000 (100%)]	Loss: 0.057969

Average Training loss: 0.0003, Training Error Rate: 5.85% (3508/60000)


Average Test loss: 0.0001, Test Error Rate: 6.20% (620/10000)

Train Epoch: 71 [20000/60000 (33%)]	Loss: 0.033014
Train Epoch: 71 [40000/60000 (67%)]	Loss: 0.055575
Train Epoch: 71 [60000/60000 (100%)]	Loss: 0.025642

Average Training loss: 0.0003, Training Error Rate: 5.83% (3498/60000)


Average Test loss: 0.0001, Test Error Rate: 6.14% (614/10000)

Train Epoch: 72 [20000/60000 (33%)]	Loss: 0.041557
Train Epoch: 72 [40000/60000 (67%)]	Loss: 0.039526
Train Epoch: 72 [60000/60000 (100%)]	Loss: 0.029419

Average Training loss: 0.0003, Training Error Rate: 5.82% (3489/60000)


Average Test loss: 0.0001, Test Error Rate: 6.35% (635/10000)

Train Epoch: 73 [20000/60000 (33%)]	Loss: 0.059190
Train Epoch: 73 [40000/60000 (67%)]	Loss: 0.066845
Train Epoch: 73 [60000/60000 (100%)]	Loss: 0.047913

Average Training loss: 0.0003, Training Error Rate: 5.82% (3489/60000)


Average Test loss: 0.0001, Test Error Rate: 6.25% (625/10000)

Train Epoch: 74 [20000/60000 (33%)]	Loss: 0.058987
Train Epoch: 74 [40000/60000 (67%)]	Loss: 0.055140
Train Epoch: 74 [60000/60000 (100%)]	Loss: 0.033782

Average Training loss: 0.0003, Training Error Rate: 5.78% (3469/60000)


Average Test loss: 0.0001, Test Error Rate: 6.31% (631/10000)

Train Epoch: 75 [20000/60000 (33%)]	Loss: 0.036400
Train Epoch: 75 [40000/60000 (67%)]	Loss: 0.044119
Train Epoch: 75 [60000/60000 (100%)]	Loss: 0.057501

Average Training loss: 0.0003, Training Error Rate: 5.75% (3448/60000)


Average Test loss: 0.0001, Test Error Rate: 6.32% (632/10000)

Train Epoch: 76 [20000/60000 (33%)]	Loss: 0.057162
Train Epoch: 76 [40000/60000 (67%)]	Loss: 0.047028
Train Epoch: 76 [60000/60000 (100%)]	Loss: 0.070386

Average Training loss: 0.0003, Training Error Rate: 5.76% (3457/60000)


Average Test loss: 0.0001, Test Error Rate: 6.16% (616/10000)

Train Epoch: 77 [20000/60000 (33%)]	Loss: 0.050727
Train Epoch: 77 [40000/60000 (67%)]	Loss: 0.069211
Train Epoch: 77 [60000/60000 (100%)]	Loss: 0.064491

Average Training loss: 0.0003, Training Error Rate: 5.74% (3441/60000)


Average Test loss: 0.0001, Test Error Rate: 6.22% (622/10000)

Train Epoch: 78 [20000/60000 (33%)]	Loss: 0.058789
Train Epoch: 78 [40000/60000 (67%)]	Loss: 0.055331
Train Epoch: 78 [60000/60000 (100%)]	Loss: 0.057885

Average Training loss: 0.0003, Training Error Rate: 5.75% (3449/60000)


Average Test loss: 0.0001, Test Error Rate: 6.23% (623/10000)

Train Epoch: 79 [20000/60000 (33%)]	Loss: 0.049636
Train Epoch: 79 [40000/60000 (67%)]	Loss: 0.049677
Train Epoch: 79 [60000/60000 (100%)]	Loss: 0.058326

Average Training loss: 0.0003, Training Error Rate: 5.76% (3456/60000)


Average Test loss: 0.0001, Test Error Rate: 6.36% (636/10000)

Train Epoch: 80 [20000/60000 (33%)]	Loss: 0.067567
Train Epoch: 80 [40000/60000 (67%)]	Loss: 0.044344
Train Epoch: 80 [60000/60000 (100%)]	Loss: 0.042727

Average Training loss: 0.0003, Training Error Rate: 5.76% (3455/60000)


Average Test loss: 0.0001, Test Error Rate: 6.22% (622/10000)

Train Epoch: 81 [20000/60000 (33%)]	Loss: 0.046850
Train Epoch: 81 [40000/60000 (67%)]	Loss: 0.043864
Train Epoch: 81 [60000/60000 (100%)]	Loss: 0.051257

Average Training loss: 0.0003, Training Error Rate: 5.73% (3436/60000)


Average Test loss: 0.0001, Test Error Rate: 6.35% (635/10000)

Train Epoch: 82 [20000/60000 (33%)]	Loss: 0.062840
Train Epoch: 82 [40000/60000 (67%)]	Loss: 0.061733
Train Epoch: 82 [60000/60000 (100%)]	Loss: 0.072954

Average Training loss: 0.0003, Training Error Rate: 5.75% (3447/60000)


Average Test loss: 0.0001, Test Error Rate: 6.32% (632/10000)

Train Epoch: 83 [20000/60000 (33%)]	Loss: 0.059533
Train Epoch: 83 [40000/60000 (67%)]	Loss: 0.040466
Train Epoch: 83 [60000/60000 (100%)]	Loss: 0.099288

Average Training loss: 0.0003, Training Error Rate: 5.81% (3484/60000)


Average Test loss: 0.0001, Test Error Rate: 6.40% (640/10000)

Train Epoch: 84 [20000/60000 (33%)]	Loss: 0.056623
Train Epoch: 84 [40000/60000 (67%)]	Loss: 0.061781
Train Epoch: 84 [60000/60000 (100%)]	Loss: 0.052683

Average Training loss: 0.0003, Training Error Rate: 5.86% (3517/60000)


Average Test loss: 0.0001, Test Error Rate: 6.47% (647/10000)

Train Epoch: 85 [20000/60000 (33%)]	Loss: 0.093617
Train Epoch: 85 [40000/60000 (67%)]	Loss: 0.059440
Train Epoch: 85 [60000/60000 (100%)]	Loss: 0.055629

Average Training loss: 0.0003, Training Error Rate: 6.07% (3639/60000)


Average Test loss: 0.0001, Test Error Rate: 6.56% (656/10000)

Train Epoch: 86 [20000/60000 (33%)]	Loss: 0.078301
Train Epoch: 86 [40000/60000 (67%)]	Loss: 0.076224
Train Epoch: 86 [60000/60000 (100%)]	Loss: 0.086632

Average Training loss: 0.0003, Training Error Rate: 6.56% (3937/60000)


Average Test loss: 0.0001, Test Error Rate: 7.12% (712/10000)

Train Epoch: 87 [20000/60000 (33%)]	Loss: 0.079962
Train Epoch: 87 [40000/60000 (67%)]	Loss: 0.097775
Train Epoch: 87 [60000/60000 (100%)]	Loss: 0.112875

Average Training loss: 0.0005, Training Error Rate: 7.50% (4502/60000)


Average Test loss: 0.0001, Test Error Rate: 8.22% (822/10000)

Train Epoch: 88 [20000/60000 (33%)]	Loss: 0.104943
Train Epoch: 88 [40000/60000 (67%)]	Loss: 0.089129
Train Epoch: 88 [60000/60000 (100%)]	Loss: 0.137946

Average Training loss: 0.0006, Training Error Rate: 8.35% (5012/60000)


Average Test loss: 0.0001, Test Error Rate: 8.25% (825/10000)

Train Epoch: 89 [20000/60000 (33%)]	Loss: 0.096951
Train Epoch: 89 [40000/60000 (67%)]	Loss: 0.087850
Train Epoch: 89 [60000/60000 (100%)]	Loss: 0.079905

Average Training loss: 0.0005, Training Error Rate: 7.89% (4732/60000)


Average Test loss: 0.0001, Test Error Rate: 7.68% (768/10000)

Train Epoch: 90 [20000/60000 (33%)]	Loss: 0.078605
Train Epoch: 90 [40000/60000 (67%)]	Loss: 0.087606
Train Epoch: 90 [60000/60000 (100%)]	Loss: 0.061526

Average Training loss: 0.0004, Training Error Rate: 7.05% (4230/60000)


Average Test loss: 0.0001, Test Error Rate: 7.18% (718/10000)

Train Epoch: 91 [20000/60000 (33%)]	Loss: 0.050560
Train Epoch: 91 [40000/60000 (67%)]	Loss: 0.067358
Train Epoch: 91 [60000/60000 (100%)]	Loss: 0.064761

Average Training loss: 0.0003, Training Error Rate: 6.75% (4047/60000)


Average Test loss: 0.0001, Test Error Rate: 7.24% (724/10000)

Train Epoch: 92 [20000/60000 (33%)]	Loss: 0.084620
Train Epoch: 92 [40000/60000 (67%)]	Loss: 0.071214
slurmstepd: error: *** STEP 15486865.5 ON cn654 CANCELLED AT 2023-09-28T20:39:27 DUE TO PREEMPTION ***
/vast/home/ajherman/miniconda3/envs/pytorch/lib/python3.11/site-packages/torchvision/io/image.py:13: UserWarning: Failed to load image Python extension: '/vast/home/ajherman/miniconda3/envs/pytorch/lib/python3.11/site-packages/torchvision/image.so: undefined symbol: _ZN5torch3jit17parseSchemaOrNameERKNSt7__cxx1112basic_stringIcSt11char_traitsIcESaIcEEE'If you don't plan on using image functionality from `torchvision.io`, you can ignore this warning. Otherwise, there might be something wrong with your environment. Did you have `libjpeg` or `libpng` installed before building `torchvision` from source?
  warn(
Random seed set as 42
dt =  0.2340716616353513
trace decay =  0.5737534207374327
Random seed set as 42
Random seed set as 42
dt =  0.2340716616353513
trace decay =  0.5737534207374327
Random seed set as 42
Train Epoch: 92 [20000/60000 (33%)]	Loss: 0.072745
Train Epoch: 92 [40000/60000 (67%)]	Loss: 0.071560
Train Epoch: 92 [60000/60000 (100%)]	Loss: 0.073167

Average Training loss: 0.0003, Training Error Rate: 6.69% (4016/60000)


Average Test loss: 0.0001, Test Error Rate: 7.02% (702/10000)

Train Epoch: 93 [20000/60000 (33%)]	Loss: 0.074206
Train Epoch: 93 [40000/60000 (67%)]	Loss: 0.089514
Train Epoch: 93 [60000/60000 (100%)]	Loss: 0.063716

Average Training loss: 0.0003, Training Error Rate: 6.79% (4073/60000)


Average Test loss: 0.0001, Test Error Rate: 7.23% (723/10000)

Train Epoch: 94 [20000/60000 (33%)]	Loss: 0.069274
Train Epoch: 94 [40000/60000 (67%)]	Loss: 0.034638
Train Epoch: 94 [60000/60000 (100%)]	Loss: 0.084777

Average Training loss: 0.0004, Training Error Rate: 7.04% (4222/60000)


Average Test loss: 0.0001, Test Error Rate: 7.35% (735/10000)

Train Epoch: 95 [20000/60000 (33%)]	Loss: 0.075948
Train Epoch: 95 [40000/60000 (67%)]	Loss: 0.070136
Train Epoch: 95 [60000/60000 (100%)]	Loss: 0.117007

Average Training loss: 0.0004, Training Error Rate: 8.16% (4897/60000)


Average Test loss: 0.0001, Test Error Rate: 10.43% (1043/10000)

Train Epoch: 96 [20000/60000 (33%)]	Loss: 0.143232
Train Epoch: 96 [40000/60000 (67%)]	Loss: 0.198141
Train Epoch: 96 [60000/60000 (100%)]	Loss: 0.188840

Average Training loss: 0.0008, Training Error Rate: 14.78% (8866/60000)


Average Test loss: 0.0002, Test Error Rate: 16.52% (1652/10000)

Train Epoch: 97 [20000/60000 (33%)]	Loss: 0.257152
Train Epoch: 97 [40000/60000 (67%)]	Loss: 0.294411
Train Epoch: 97 [60000/60000 (100%)]	Loss: 0.358093

Average Training loss: 0.0014, Training Error Rate: 26.65% (15990/60000)


Average Test loss: 0.0003, Test Error Rate: 26.84% (2684/10000)

Train Epoch: 98 [20000/60000 (33%)]	Loss: 0.227424
Train Epoch: 98 [40000/60000 (67%)]	Loss: 0.202176
Train Epoch: 98 [60000/60000 (100%)]	Loss: 0.161659

Average Training loss: 0.0011, Training Error Rate: 22.11% (13269/60000)


Average Test loss: 0.0002, Test Error Rate: 18.60% (1860/10000)

Train Epoch: 99 [20000/60000 (33%)]	Loss: 0.168451
Train Epoch: 99 [40000/60000 (67%)]	Loss: 0.227317
Train Epoch: 99 [60000/60000 (100%)]	Loss: 0.412196

Average Training loss: 0.0011, Training Error Rate: 19.45% (11668/60000)


Average Test loss: 0.0004, Test Error Rate: 25.87% (2587/10000)

