/vast/home/ajherman/miniconda3/envs/pytorch/lib/python3.11/site-packages/torchvision/io/image.py:13: UserWarning: Failed to load image Python extension: '/vast/home/ajherman/miniconda3/envs/pytorch/lib/python3.11/site-packages/torchvision/image.so: undefined symbol: _ZN5torch3jit17parseSchemaOrNameERKNSt7__cxx1112basic_stringIcSt11char_traitsIcESaIcEEE'If you don't plan on using image functionality from `torchvision.io`, you can ignore this warning. Otherwise, there might be something wrong with your environment. Did you have `libjpeg` or `libpng` installed before building `torchvision` from source?
  warn(
Random seed set as 42
dt =  0.2340716616353513
trace decay =  0.44932896411722156
Random seed set as 42
Random seed set as 42
dt =  0.2340716616353513
trace decay =  0.44932896411722156
Random seed set as 42
Train Epoch: 0 [20000/60000 (33%)]	Loss: 0.398909
Train Epoch: 0 [40000/60000 (67%)]	Loss: 0.346870
Train Epoch: 0 [60000/60000 (100%)]	Loss: 0.315447

Average Training loss: 0.0019, Training Error Rate: 49.16% (29498/60000)


Average Test loss: 0.0003, Test Error Rate: 26.97% (2697/10000)

Train Epoch: 1 [20000/60000 (33%)]	Loss: 0.278758
Train Epoch: 1 [40000/60000 (67%)]	Loss: 0.260859
Train Epoch: 1 [60000/60000 (100%)]	Loss: 0.233818

Average Training loss: 0.0014, Training Error Rate: 23.46% (14077/60000)


Average Test loss: 0.0002, Test Error Rate: 19.54% (1954/10000)

Train Epoch: 2 [20000/60000 (33%)]	Loss: 0.214464
Train Epoch: 2 [40000/60000 (67%)]	Loss: 0.212286
Train Epoch: 2 [60000/60000 (100%)]	Loss: 0.213655

Average Training loss: 0.0011, Training Error Rate: 18.98% (11390/60000)


Average Test loss: 0.0002, Test Error Rate: 16.55% (1655/10000)

Train Epoch: 3 [20000/60000 (33%)]	Loss: 0.198034
Train Epoch: 3 [40000/60000 (67%)]	Loss: 0.179847
Train Epoch: 3 [60000/60000 (100%)]	Loss: 0.183908

Average Training loss: 0.0010, Training Error Rate: 16.75% (10048/60000)


Average Test loss: 0.0002, Test Error Rate: 15.04% (1504/10000)

Train Epoch: 4 [20000/60000 (33%)]	Loss: 0.181986
Train Epoch: 4 [40000/60000 (67%)]	Loss: 0.177729
Train Epoch: 4 [60000/60000 (100%)]	Loss: 0.163343

Average Training loss: 0.0009, Training Error Rate: 15.51% (9307/60000)


Average Test loss: 0.0002, Test Error Rate: 14.03% (1403/10000)

Train Epoch: 5 [20000/60000 (33%)]	Loss: 0.161876
Train Epoch: 5 [40000/60000 (67%)]	Loss: 0.158340
Train Epoch: 5 [60000/60000 (100%)]	Loss: 0.173946

Average Training loss: 0.0008, Training Error Rate: 14.60% (8760/60000)


Average Test loss: 0.0002, Test Error Rate: 13.36% (1336/10000)

Train Epoch: 6 [20000/60000 (33%)]	Loss: 0.162535
Train Epoch: 6 [40000/60000 (67%)]	Loss: 0.147216
Train Epoch: 6 [60000/60000 (100%)]	Loss: 0.137790

Average Training loss: 0.0008, Training Error Rate: 13.90% (8340/60000)


Average Test loss: 0.0001, Test Error Rate: 12.62% (1262/10000)

Train Epoch: 7 [20000/60000 (33%)]	Loss: 0.157817
Train Epoch: 7 [40000/60000 (67%)]	Loss: 0.158722
Train Epoch: 7 [60000/60000 (100%)]	Loss: 0.140134

Average Training loss: 0.0007, Training Error Rate: 13.36% (8013/60000)


Average Test loss: 0.0001, Test Error Rate: 12.17% (1217/10000)

Train Epoch: 8 [20000/60000 (33%)]	Loss: 0.128969
Train Epoch: 8 [40000/60000 (67%)]	Loss: 0.144579
Train Epoch: 8 [60000/60000 (100%)]	Loss: 0.134698

Average Training loss: 0.0007, Training Error Rate: 12.86% (7714/60000)


Average Test loss: 0.0001, Test Error Rate: 11.72% (1172/10000)

Train Epoch: 9 [20000/60000 (33%)]	Loss: 0.131379
Train Epoch: 9 [40000/60000 (67%)]	Loss: 0.124429
Train Epoch: 9 [60000/60000 (100%)]	Loss: 0.125610

Average Training loss: 0.0007, Training Error Rate: 12.54% (7521/60000)


Average Test loss: 0.0001, Test Error Rate: 11.36% (1136/10000)

Train Epoch: 10 [20000/60000 (33%)]	Loss: 0.132046
Train Epoch: 10 [40000/60000 (67%)]	Loss: 0.129223
Train Epoch: 10 [60000/60000 (100%)]	Loss: 0.117672

Average Training loss: 0.0006, Training Error Rate: 12.15% (7293/60000)


Average Test loss: 0.0001, Test Error Rate: 11.14% (1114/10000)

Train Epoch: 11 [20000/60000 (33%)]	Loss: 0.111783
Train Epoch: 11 [40000/60000 (67%)]	Loss: 0.143067
Train Epoch: 11 [60000/60000 (100%)]	Loss: 0.123967

Average Training loss: 0.0006, Training Error Rate: 11.88% (7130/60000)


Average Test loss: 0.0001, Test Error Rate: 10.94% (1094/10000)

Train Epoch: 12 [20000/60000 (33%)]	Loss: 0.140255
Train Epoch: 12 [40000/60000 (67%)]	Loss: 0.114676
Train Epoch: 12 [60000/60000 (100%)]	Loss: 0.116721

Average Training loss: 0.0006, Training Error Rate: 11.69% (7013/60000)


Average Test loss: 0.0001, Test Error Rate: 10.70% (1070/10000)

Train Epoch: 13 [20000/60000 (33%)]	Loss: 0.108587
Train Epoch: 13 [40000/60000 (67%)]	Loss: 0.126932
Train Epoch: 13 [60000/60000 (100%)]	Loss: 0.109733

Average Training loss: 0.0006, Training Error Rate: 11.46% (6875/60000)


Average Test loss: 0.0001, Test Error Rate: 10.45% (1045/10000)

Train Epoch: 14 [20000/60000 (33%)]	Loss: 0.127411
Train Epoch: 14 [40000/60000 (67%)]	Loss: 0.136797
Train Epoch: 14 [60000/60000 (100%)]	Loss: 0.119514

Average Training loss: 0.0006, Training Error Rate: 11.24% (6747/60000)


Average Test loss: 0.0001, Test Error Rate: 10.22% (1022/10000)

Train Epoch: 15 [20000/60000 (33%)]	Loss: 0.127825
Train Epoch: 15 [40000/60000 (67%)]	Loss: 0.131508
Train Epoch: 15 [60000/60000 (100%)]	Loss: 0.121984

Average Training loss: 0.0006, Training Error Rate: 11.09% (6655/60000)


Average Test loss: 0.0001, Test Error Rate: 10.06% (1006/10000)

Train Epoch: 16 [20000/60000 (33%)]	Loss: 0.120833
Train Epoch: 16 [40000/60000 (67%)]	Loss: 0.123108
Train Epoch: 16 [60000/60000 (100%)]	Loss: 0.112626

Average Training loss: 0.0006, Training Error Rate: 10.88% (6526/60000)


Average Test loss: 0.0001, Test Error Rate: 9.86% (986/10000)

Train Epoch: 17 [20000/60000 (33%)]	Loss: 0.119429
Train Epoch: 17 [40000/60000 (67%)]	Loss: 0.120179
Train Epoch: 17 [60000/60000 (100%)]	Loss: 0.103306

Average Training loss: 0.0006, Training Error Rate: 10.78% (6467/60000)


Average Test loss: 0.0001, Test Error Rate: 9.78% (978/10000)

Train Epoch: 18 [20000/60000 (33%)]	Loss: 0.093499
Train Epoch: 18 [40000/60000 (67%)]	Loss: 0.121430
Train Epoch: 18 [60000/60000 (100%)]	Loss: 0.105912

Average Training loss: 0.0006, Training Error Rate: 10.62% (6371/60000)


Average Test loss: 0.0001, Test Error Rate: 9.67% (967/10000)

Train Epoch: 19 [20000/60000 (33%)]	Loss: 0.128632
Train Epoch: 19 [40000/60000 (67%)]	Loss: 0.106518
Train Epoch: 19 [60000/60000 (100%)]	Loss: 0.098286

Average Training loss: 0.0005, Training Error Rate: 10.48% (6286/60000)


Average Test loss: 0.0001, Test Error Rate: 9.49% (949/10000)

Train Epoch: 20 [20000/60000 (33%)]	Loss: 0.112825
Train Epoch: 20 [40000/60000 (67%)]	Loss: 0.122345
Train Epoch: 20 [60000/60000 (100%)]	Loss: 0.101503

Average Training loss: 0.0005, Training Error Rate: 10.36% (6217/60000)


Average Test loss: 0.0001, Test Error Rate: 9.52% (952/10000)

Train Epoch: 21 [20000/60000 (33%)]	Loss: 0.104850
Train Epoch: 21 [40000/60000 (67%)]	Loss: 0.099364
Train Epoch: 21 [60000/60000 (100%)]	Loss: 0.110504

Average Training loss: 0.0005, Training Error Rate: 10.24% (6147/60000)


Average Test loss: 0.0001, Test Error Rate: 9.28% (928/10000)

Train Epoch: 22 [20000/60000 (33%)]	Loss: 0.108240
Train Epoch: 22 [40000/60000 (67%)]	Loss: 0.117525
Train Epoch: 22 [60000/60000 (100%)]	Loss: 0.120570

Average Training loss: 0.0005, Training Error Rate: 10.18% (6107/60000)


Average Test loss: 0.0001, Test Error Rate: 9.22% (922/10000)

Train Epoch: 23 [20000/60000 (33%)]	Loss: 0.105119
Train Epoch: 23 [40000/60000 (67%)]	Loss: 0.113986
Train Epoch: 23 [60000/60000 (100%)]	Loss: 0.103068

Average Training loss: 0.0005, Training Error Rate: 10.06% (6038/60000)


Average Test loss: 0.0001, Test Error Rate: 9.24% (924/10000)

Train Epoch: 24 [20000/60000 (33%)]	Loss: 0.097274
Train Epoch: 24 [40000/60000 (67%)]	Loss: 0.122678
Train Epoch: 24 [60000/60000 (100%)]	Loss: 0.107319

Average Training loss: 0.0005, Training Error Rate: 10.00% (5999/60000)


Average Test loss: 0.0001, Test Error Rate: 9.12% (912/10000)

Train Epoch: 25 [20000/60000 (33%)]	Loss: 0.118469
Train Epoch: 25 [40000/60000 (67%)]	Loss: 0.094213
Train Epoch: 25 [60000/60000 (100%)]	Loss: 0.094792

Average Training loss: 0.0005, Training Error Rate: 9.90% (5940/60000)


Average Test loss: 0.0001, Test Error Rate: 9.12% (912/10000)

Train Epoch: 26 [20000/60000 (33%)]	Loss: 0.106802
Train Epoch: 26 [40000/60000 (67%)]	Loss: 0.096694
Train Epoch: 26 [60000/60000 (100%)]	Loss: 0.088756

Average Training loss: 0.0005, Training Error Rate: 9.85% (5908/60000)


Average Test loss: 0.0001, Test Error Rate: 9.12% (912/10000)

Train Epoch: 27 [20000/60000 (33%)]	Loss: 0.070538
Train Epoch: 27 [40000/60000 (67%)]	Loss: 0.099787
Train Epoch: 27 [60000/60000 (100%)]	Loss: 0.105777

Average Training loss: 0.0005, Training Error Rate: 9.74% (5845/60000)


Average Test loss: 0.0001, Test Error Rate: 9.05% (905/10000)

Train Epoch: 28 [20000/60000 (33%)]	Loss: 0.091076
Train Epoch: 28 [40000/60000 (67%)]	Loss: 0.083743
Train Epoch: 28 [60000/60000 (100%)]	Loss: 0.101578

Average Training loss: 0.0005, Training Error Rate: 9.61% (5766/60000)


Average Test loss: 0.0001, Test Error Rate: 8.97% (897/10000)

Train Epoch: 29 [20000/60000 (33%)]	Loss: 0.110294
Train Epoch: 29 [40000/60000 (67%)]	Loss: 0.104041
Train Epoch: 29 [60000/60000 (100%)]	Loss: 0.098930

Average Training loss: 0.0005, Training Error Rate: 9.59% (5754/60000)


Average Test loss: 0.0001, Test Error Rate: 8.90% (890/10000)

Train Epoch: 30 [20000/60000 (33%)]	Loss: 0.088240
Train Epoch: 30 [40000/60000 (67%)]	Loss: 0.095462
Train Epoch: 30 [60000/60000 (100%)]	Loss: 0.105061

Average Training loss: 0.0005, Training Error Rate: 9.49% (5695/60000)


Average Test loss: 0.0001, Test Error Rate: 8.85% (885/10000)

Train Epoch: 31 [20000/60000 (33%)]	Loss: 0.105411
Train Epoch: 31 [40000/60000 (67%)]	Loss: 0.085716
Train Epoch: 31 [60000/60000 (100%)]	Loss: 0.091660

Average Training loss: 0.0005, Training Error Rate: 9.42% (5650/60000)


Average Test loss: 0.0001, Test Error Rate: 8.73% (873/10000)

Train Epoch: 32 [20000/60000 (33%)]	Loss: 0.074557
Train Epoch: 32 [40000/60000 (67%)]	Loss: 0.100132
Train Epoch: 32 [60000/60000 (100%)]	Loss: 0.085792

Average Training loss: 0.0005, Training Error Rate: 9.35% (5609/60000)


Average Test loss: 0.0001, Test Error Rate: 8.67% (867/10000)

Train Epoch: 33 [20000/60000 (33%)]	Loss: 0.098988
Train Epoch: 33 [40000/60000 (67%)]	Loss: 0.082618
Train Epoch: 33 [60000/60000 (100%)]	Loss: 0.096410

Average Training loss: 0.0005, Training Error Rate: 9.30% (5582/60000)


Average Test loss: 0.0001, Test Error Rate: 8.59% (859/10000)

Train Epoch: 34 [20000/60000 (33%)]	Loss: 0.072169
Train Epoch: 34 [40000/60000 (67%)]	Loss: 0.099593
Train Epoch: 34 [60000/60000 (100%)]	Loss: 0.087168

Average Training loss: 0.0005, Training Error Rate: 9.18% (5510/60000)


Average Test loss: 0.0001, Test Error Rate: 8.58% (858/10000)

Train Epoch: 35 [20000/60000 (33%)]	Loss: 0.075262
Train Epoch: 35 [40000/60000 (67%)]	Loss: 0.095206
Train Epoch: 35 [60000/60000 (100%)]	Loss: 0.080244

Average Training loss: 0.0005, Training Error Rate: 9.16% (5496/60000)


Average Test loss: 0.0001, Test Error Rate: 8.57% (857/10000)

Train Epoch: 36 [20000/60000 (33%)]	Loss: 0.072605
Train Epoch: 36 [40000/60000 (67%)]	Loss: 0.082901
Train Epoch: 36 [60000/60000 (100%)]	Loss: 0.081591

Average Training loss: 0.0005, Training Error Rate: 9.08% (5447/60000)


Average Test loss: 0.0001, Test Error Rate: 8.50% (850/10000)

Train Epoch: 37 [20000/60000 (33%)]	Loss: 0.093333
Train Epoch: 37 [40000/60000 (67%)]	Loss: 0.073829
Train Epoch: 37 [60000/60000 (100%)]	Loss: 0.096536

Average Training loss: 0.0005, Training Error Rate: 9.02% (5414/60000)


Average Test loss: 0.0001, Test Error Rate: 8.48% (848/10000)

Train Epoch: 38 [20000/60000 (33%)]	Loss: 0.087718
Train Epoch: 38 [40000/60000 (67%)]	Loss: 0.069602
Train Epoch: 38 [60000/60000 (100%)]	Loss: 0.096299

Average Training loss: 0.0005, Training Error Rate: 8.92% (5353/60000)


Average Test loss: 0.0001, Test Error Rate: 8.39% (839/10000)

Train Epoch: 39 [20000/60000 (33%)]	Loss: 0.098927
Train Epoch: 39 [40000/60000 (67%)]	Loss: 0.085620
Train Epoch: 39 [60000/60000 (100%)]	Loss: 0.101006

Average Training loss: 0.0004, Training Error Rate: 8.85% (5312/60000)


Average Test loss: 0.0001, Test Error Rate: 8.24% (824/10000)

Train Epoch: 40 [20000/60000 (33%)]	Loss: 0.090336
Train Epoch: 40 [40000/60000 (67%)]	Loss: 0.086079
Train Epoch: 40 [60000/60000 (100%)]	Loss: 0.098446

Average Training loss: 0.0004, Training Error Rate: 8.81% (5287/60000)


Average Test loss: 0.0001, Test Error Rate: 8.16% (816/10000)

Train Epoch: 41 [20000/60000 (33%)]	Loss: 0.069898
Train Epoch: 41 [40000/60000 (67%)]	Loss: 0.090638
Train Epoch: 41 [60000/60000 (100%)]	Loss: 0.102255

Average Training loss: 0.0004, Training Error Rate: 8.78% (5270/60000)


Average Test loss: 0.0001, Test Error Rate: 8.17% (817/10000)

Train Epoch: 42 [20000/60000 (33%)]	Loss: 0.093082
Train Epoch: 42 [40000/60000 (67%)]	Loss: 0.108147
Train Epoch: 42 [60000/60000 (100%)]	Loss: 0.093524

Average Training loss: 0.0004, Training Error Rate: 8.69% (5215/60000)


Average Test loss: 0.0001, Test Error Rate: 8.11% (811/10000)

Train Epoch: 43 [20000/60000 (33%)]	Loss: 0.092843
Train Epoch: 43 [40000/60000 (67%)]	Loss: 0.096242
Train Epoch: 43 [60000/60000 (100%)]	Loss: 0.078803

Average Training loss: 0.0004, Training Error Rate: 8.67% (5201/60000)


Average Test loss: 0.0001, Test Error Rate: 8.00% (800/10000)

Train Epoch: 44 [20000/60000 (33%)]	Loss: 0.076135
Train Epoch: 44 [40000/60000 (67%)]	Loss: 0.103401
Train Epoch: 44 [60000/60000 (100%)]	Loss: 0.089633

Average Training loss: 0.0004, Training Error Rate: 8.59% (5153/60000)


Average Test loss: 0.0001, Test Error Rate: 7.96% (796/10000)

Train Epoch: 45 [20000/60000 (33%)]	Loss: 0.081793
Train Epoch: 45 [40000/60000 (67%)]	Loss: 0.082543
Train Epoch: 45 [60000/60000 (100%)]	Loss: 0.079547

Average Training loss: 0.0004, Training Error Rate: 8.54% (5123/60000)


Average Test loss: 0.0001, Test Error Rate: 7.93% (793/10000)

Train Epoch: 46 [20000/60000 (33%)]	Loss: 0.095636
Train Epoch: 46 [40000/60000 (67%)]	Loss: 0.109157
Train Epoch: 46 [60000/60000 (100%)]	Loss: 0.067291

Average Training loss: 0.0004, Training Error Rate: 8.52% (5113/60000)


Average Test loss: 0.0001, Test Error Rate: 7.84% (784/10000)

Train Epoch: 47 [20000/60000 (33%)]	Loss: 0.081081
Train Epoch: 47 [40000/60000 (67%)]	Loss: 0.089637
Train Epoch: 47 [60000/60000 (100%)]	Loss: 0.097976

Average Training loss: 0.0004, Training Error Rate: 8.45% (5070/60000)


Average Test loss: 0.0001, Test Error Rate: 7.81% (781/10000)

Train Epoch: 48 [20000/60000 (33%)]	Loss: 0.094243
Train Epoch: 48 [40000/60000 (67%)]	Loss: 0.079343
Train Epoch: 48 [60000/60000 (100%)]	Loss: 0.081221

Average Training loss: 0.0004, Training Error Rate: 8.39% (5037/60000)


Average Test loss: 0.0001, Test Error Rate: 7.81% (781/10000)

Train Epoch: 49 [20000/60000 (33%)]	Loss: 0.095766
Train Epoch: 49 [40000/60000 (67%)]	Loss: 0.069188
Train Epoch: 49 [60000/60000 (100%)]	Loss: 0.073893

Average Training loss: 0.0004, Training Error Rate: 8.37% (5022/60000)


Average Test loss: 0.0001, Test Error Rate: 7.70% (770/10000)

Train Epoch: 50 [20000/60000 (33%)]	Loss: 0.082451
Train Epoch: 50 [40000/60000 (67%)]	Loss: 0.092086
Train Epoch: 50 [60000/60000 (100%)]	Loss: 0.086882

Average Training loss: 0.0004, Training Error Rate: 8.30% (4979/60000)


Average Test loss: 0.0001, Test Error Rate: 7.76% (776/10000)

Train Epoch: 51 [20000/60000 (33%)]	Loss: 0.086597
Train Epoch: 51 [40000/60000 (67%)]	Loss: 0.095102
Train Epoch: 51 [60000/60000 (100%)]	Loss: 0.067434

Average Training loss: 0.0004, Training Error Rate: 8.29% (4971/60000)


Average Test loss: 0.0001, Test Error Rate: 7.70% (770/10000)

Train Epoch: 52 [20000/60000 (33%)]	Loss: 0.077384
Train Epoch: 52 [40000/60000 (67%)]	Loss: 0.094557
Train Epoch: 52 [60000/60000 (100%)]	Loss: 0.091765

Average Training loss: 0.0004, Training Error Rate: 8.22% (4932/60000)


Average Test loss: 0.0001, Test Error Rate: 7.67% (767/10000)

Train Epoch: 53 [20000/60000 (33%)]	Loss: 0.079882
Train Epoch: 53 [40000/60000 (67%)]	Loss: 0.075544
Train Epoch: 53 [60000/60000 (100%)]	Loss: 0.087527

Average Training loss: 0.0004, Training Error Rate: 8.20% (4918/60000)


Average Test loss: 0.0001, Test Error Rate: 7.59% (759/10000)

Train Epoch: 54 [20000/60000 (33%)]	Loss: 0.070211
Train Epoch: 54 [40000/60000 (67%)]	Loss: 0.081471
Train Epoch: 54 [60000/60000 (100%)]	Loss: 0.070461

Average Training loss: 0.0004, Training Error Rate: 8.16% (4894/60000)


Average Test loss: 0.0001, Test Error Rate: 7.65% (765/10000)

Train Epoch: 55 [20000/60000 (33%)]	Loss: 0.078048
Train Epoch: 55 [40000/60000 (67%)]	Loss: 0.068776
Train Epoch: 55 [60000/60000 (100%)]	Loss: 0.082664

Average Training loss: 0.0004, Training Error Rate: 8.10% (4861/60000)


Average Test loss: 0.0001, Test Error Rate: 7.64% (764/10000)

Train Epoch: 56 [20000/60000 (33%)]	Loss: 0.083646
Train Epoch: 56 [40000/60000 (67%)]	Loss: 0.081734
Train Epoch: 56 [60000/60000 (100%)]	Loss: 0.079449

Average Training loss: 0.0004, Training Error Rate: 8.07% (4840/60000)


Average Test loss: 0.0001, Test Error Rate: 7.60% (760/10000)

Train Epoch: 57 [20000/60000 (33%)]	Loss: 0.081880
Train Epoch: 57 [40000/60000 (67%)]	Loss: 0.089070
Train Epoch: 57 [60000/60000 (100%)]	Loss: 0.075893

Average Training loss: 0.0004, Training Error Rate: 8.02% (4812/60000)


Average Test loss: 0.0001, Test Error Rate: 7.51% (751/10000)

Train Epoch: 58 [20000/60000 (33%)]	Loss: 0.092565
Train Epoch: 58 [40000/60000 (67%)]	Loss: 0.064313
Train Epoch: 58 [60000/60000 (100%)]	Loss: 0.073655

Average Training loss: 0.0004, Training Error Rate: 7.98% (4787/60000)


Average Test loss: 0.0001, Test Error Rate: 7.50% (750/10000)

Train Epoch: 59 [20000/60000 (33%)]	Loss: 0.086275
Train Epoch: 59 [40000/60000 (67%)]	Loss: 0.076872
Train Epoch: 59 [60000/60000 (100%)]	Loss: 0.075643

Average Training loss: 0.0004, Training Error Rate: 7.95% (4769/60000)


Average Test loss: 0.0001, Test Error Rate: 7.50% (750/10000)

Train Epoch: 60 [20000/60000 (33%)]	Loss: 0.071466
Train Epoch: 60 [40000/60000 (67%)]	Loss: 0.086161
Train Epoch: 60 [60000/60000 (100%)]	Loss: 0.058823

Average Training loss: 0.0004, Training Error Rate: 7.91% (4746/60000)


Average Test loss: 0.0001, Test Error Rate: 7.48% (748/10000)

Train Epoch: 61 [20000/60000 (33%)]	Loss: 0.068197
Train Epoch: 61 [40000/60000 (67%)]	Loss: 0.087935
Train Epoch: 61 [60000/60000 (100%)]	Loss: 0.064127

Average Training loss: 0.0004, Training Error Rate: 7.87% (4720/60000)


Average Test loss: 0.0001, Test Error Rate: 7.39% (739/10000)

Train Epoch: 62 [20000/60000 (33%)]	Loss: 0.079228
Train Epoch: 62 [40000/60000 (67%)]	Loss: 0.066603
Train Epoch: 62 [60000/60000 (100%)]	Loss: 0.105696

Average Training loss: 0.0004, Training Error Rate: 7.83% (4696/60000)


Average Test loss: 0.0001, Test Error Rate: 7.34% (734/10000)

Train Epoch: 63 [20000/60000 (33%)]	Loss: 0.075219
Train Epoch: 63 [40000/60000 (67%)]	Loss: 0.081090
Train Epoch: 63 [60000/60000 (100%)]	Loss: 0.091492

Average Training loss: 0.0004, Training Error Rate: 7.80% (4681/60000)


Average Test loss: 0.0001, Test Error Rate: 7.38% (738/10000)

Train Epoch: 64 [20000/60000 (33%)]	Loss: 0.075702
Train Epoch: 64 [40000/60000 (67%)]	Loss: 0.069525
Train Epoch: 64 [60000/60000 (100%)]	Loss: 0.083713

Average Training loss: 0.0004, Training Error Rate: 7.75% (4648/60000)


Average Test loss: 0.0001, Test Error Rate: 7.35% (735/10000)

Train Epoch: 65 [20000/60000 (33%)]	Loss: 0.079399
Train Epoch: 65 [40000/60000 (67%)]	Loss: 0.071835
Train Epoch: 65 [60000/60000 (100%)]	Loss: 0.074494

Average Training loss: 0.0004, Training Error Rate: 7.73% (4639/60000)


Average Test loss: 0.0001, Test Error Rate: 7.29% (729/10000)

Train Epoch: 66 [20000/60000 (33%)]	Loss: 0.072077
Train Epoch: 66 [40000/60000 (67%)]	Loss: 0.079930
Train Epoch: 66 [60000/60000 (100%)]	Loss: 0.071685

Average Training loss: 0.0004, Training Error Rate: 7.67% (4601/60000)


Average Test loss: 0.0001, Test Error Rate: 7.30% (730/10000)

Train Epoch: 67 [20000/60000 (33%)]	Loss: 0.079199
Train Epoch: 67 [40000/60000 (67%)]	Loss: 0.076098
Train Epoch: 67 [60000/60000 (100%)]	Loss: 0.074250

Average Training loss: 0.0004, Training Error Rate: 7.64% (4582/60000)


Average Test loss: 0.0001, Test Error Rate: 7.24% (724/10000)

Train Epoch: 68 [20000/60000 (33%)]	Loss: 0.083826
Train Epoch: 68 [40000/60000 (67%)]	Loss: 0.071332
Train Epoch: 68 [60000/60000 (100%)]	Loss: 0.078893

Average Training loss: 0.0004, Training Error Rate: 7.62% (4570/60000)


Average Test loss: 0.0001, Test Error Rate: 7.19% (719/10000)

Train Epoch: 69 [20000/60000 (33%)]	Loss: 0.093749
Train Epoch: 69 [40000/60000 (67%)]	Loss: 0.059666
Train Epoch: 69 [60000/60000 (100%)]	Loss: 0.081446

Average Training loss: 0.0004, Training Error Rate: 7.57% (4542/60000)


Average Test loss: 0.0001, Test Error Rate: 7.26% (726/10000)

Train Epoch: 70 [20000/60000 (33%)]	Loss: 0.081245
Train Epoch: 70 [40000/60000 (67%)]	Loss: 0.072893
Train Epoch: 70 [60000/60000 (100%)]	Loss: 0.080875

Average Training loss: 0.0004, Training Error Rate: 7.53% (4516/60000)


Average Test loss: 0.0001, Test Error Rate: 7.23% (723/10000)

Train Epoch: 71 [20000/60000 (33%)]	Loss: 0.065906
Train Epoch: 71 [40000/60000 (67%)]	Loss: 0.073317
Train Epoch: 71 [60000/60000 (100%)]	Loss: 0.062072

Average Training loss: 0.0004, Training Error Rate: 7.48% (4490/60000)


Average Test loss: 0.0001, Test Error Rate: 7.14% (714/10000)

Train Epoch: 72 [20000/60000 (33%)]	Loss: 0.063702
Train Epoch: 72 [40000/60000 (67%)]	Loss: 0.068903
Train Epoch: 72 [60000/60000 (100%)]	Loss: 0.057616

Average Training loss: 0.0004, Training Error Rate: 7.43% (4458/60000)


Average Test loss: 0.0001, Test Error Rate: 7.14% (714/10000)

Train Epoch: 73 [20000/60000 (33%)]	Loss: 0.087626
Train Epoch: 73 [40000/60000 (67%)]	Loss: 0.084168
Train Epoch: 73 [60000/60000 (100%)]	Loss: 0.068936

Average Training loss: 0.0004, Training Error Rate: 7.41% (4448/60000)


Average Test loss: 0.0001, Test Error Rate: 7.05% (705/10000)

Train Epoch: 74 [20000/60000 (33%)]	Loss: 0.081388
Train Epoch: 74 [40000/60000 (67%)]	Loss: 0.077149
Train Epoch: 74 [60000/60000 (100%)]	Loss: 0.057382

Average Training loss: 0.0004, Training Error Rate: 7.41% (4445/60000)


Average Test loss: 0.0001, Test Error Rate: 7.08% (708/10000)

Train Epoch: 75 [20000/60000 (33%)]	Loss: 0.070463
Train Epoch: 75 [40000/60000 (67%)]	Loss: 0.070026
Train Epoch: 75 [60000/60000 (100%)]	Loss: 0.082663

Average Training loss: 0.0004, Training Error Rate: 7.36% (4415/60000)


Average Test loss: 0.0001, Test Error Rate: 7.04% (704/10000)

Train Epoch: 76 [20000/60000 (33%)]	Loss: 0.073629
Train Epoch: 76 [40000/60000 (67%)]	Loss: 0.081815
Train Epoch: 76 [60000/60000 (100%)]	Loss: 0.075396

Average Training loss: 0.0004, Training Error Rate: 7.33% (4396/60000)


Average Test loss: 0.0001, Test Error Rate: 7.00% (700/10000)

Train Epoch: 77 [20000/60000 (33%)]	Loss: 0.071823
Train Epoch: 77 [40000/60000 (67%)]	Loss: 0.082013
Train Epoch: 77 [60000/60000 (100%)]	Loss: 0.081072

Average Training loss: 0.0004, Training Error Rate: 7.31% (4385/60000)


Average Test loss: 0.0001, Test Error Rate: 6.95% (695/10000)

Train Epoch: 78 [20000/60000 (33%)]	Loss: 0.079089
Train Epoch: 78 [40000/60000 (67%)]	Loss: 0.061718
Train Epoch: 78 [60000/60000 (100%)]	Loss: 0.080317

Average Training loss: 0.0004, Training Error Rate: 7.28% (4370/60000)


Average Test loss: 0.0001, Test Error Rate: 6.96% (696/10000)

Train Epoch: 79 [20000/60000 (33%)]	Loss: 0.070985
Train Epoch: 79 [40000/60000 (67%)]	Loss: 0.071733
Train Epoch: 79 [60000/60000 (100%)]	Loss: 0.072672

Average Training loss: 0.0004, Training Error Rate: 7.25% (4349/60000)


Average Test loss: 0.0001, Test Error Rate: 6.96% (696/10000)

Train Epoch: 80 [20000/60000 (33%)]	Loss: 0.091394
Train Epoch: 80 [40000/60000 (67%)]	Loss: 0.066424
Train Epoch: 80 [60000/60000 (100%)]	Loss: 0.057949

Average Training loss: 0.0004, Training Error Rate: 7.20% (4317/60000)


Average Test loss: 0.0001, Test Error Rate: 6.93% (693/10000)

Train Epoch: 81 [20000/60000 (33%)]	Loss: 0.061435
Train Epoch: 81 [40000/60000 (67%)]	Loss: 0.072412
Train Epoch: 81 [60000/60000 (100%)]	Loss: 0.074579

Average Training loss: 0.0004, Training Error Rate: 7.19% (4313/60000)


Average Test loss: 0.0001, Test Error Rate: 6.92% (692/10000)

Train Epoch: 82 [20000/60000 (33%)]	Loss: 0.068392
Train Epoch: 82 [40000/60000 (67%)]	Loss: 0.082922
Train Epoch: 82 [60000/60000 (100%)]	Loss: 0.071605

Average Training loss: 0.0004, Training Error Rate: 7.16% (4297/60000)


Average Test loss: 0.0001, Test Error Rate: 6.85% (685/10000)

Train Epoch: 83 [20000/60000 (33%)]	Loss: 0.071655
Train Epoch: 83 [40000/60000 (67%)]	Loss: 0.063624
Train Epoch: 83 [60000/60000 (100%)]	Loss: 0.093694

Average Training loss: 0.0004, Training Error Rate: 7.12% (4273/60000)


Average Test loss: 0.0001, Test Error Rate: 6.85% (685/10000)

Train Epoch: 84 [20000/60000 (33%)]	Loss: 0.065796
Train Epoch: 84 [40000/60000 (67%)]	Loss: 0.077170
Train Epoch: 84 [60000/60000 (100%)]	Loss: 0.066840

Average Training loss: 0.0004, Training Error Rate: 7.09% (4253/60000)


Average Test loss: 0.0001, Test Error Rate: 6.82% (682/10000)

Train Epoch: 85 [20000/60000 (33%)]	Loss: 0.091380
Train Epoch: 85 [40000/60000 (67%)]	Loss: 0.070223
Train Epoch: 85 [60000/60000 (100%)]	Loss: 0.065795

Average Training loss: 0.0004, Training Error Rate: 7.07% (4239/60000)


Average Test loss: 0.0001, Test Error Rate: 6.81% (681/10000)

Train Epoch: 86 [20000/60000 (33%)]	Loss: 0.074244
Train Epoch: 86 [40000/60000 (67%)]	Loss: 0.070577
Train Epoch: 86 [60000/60000 (100%)]	Loss: 0.084078

Average Training loss: 0.0004, Training Error Rate: 7.04% (4224/60000)


Average Test loss: 0.0001, Test Error Rate: 6.79% (679/10000)

Train Epoch: 87 [20000/60000 (33%)]	Loss: 0.064861
Train Epoch: 87 [40000/60000 (67%)]	Loss: 0.068065
Train Epoch: 87 [60000/60000 (100%)]	Loss: 0.066685

Average Training loss: 0.0004, Training Error Rate: 7.01% (4209/60000)


Average Test loss: 0.0001, Test Error Rate: 6.77% (677/10000)

Train Epoch: 88 [20000/60000 (33%)]	Loss: 0.070303
Train Epoch: 88 [40000/60000 (67%)]	Loss: 0.049404
Train Epoch: 88 [60000/60000 (100%)]	Loss: 0.073755

Average Training loss: 0.0003, Training Error Rate: 6.99% (4192/60000)


Average Test loss: 0.0001, Test Error Rate: 6.70% (670/10000)

Train Epoch: 89 [20000/60000 (33%)]	Loss: 0.092817
Train Epoch: 89 [40000/60000 (67%)]	Loss: 0.063601
Train Epoch: 89 [60000/60000 (100%)]	Loss: 0.068027

Average Training loss: 0.0003, Training Error Rate: 6.97% (4180/60000)


Average Test loss: 0.0001, Test Error Rate: 6.70% (670/10000)

Train Epoch: 90 [20000/60000 (33%)]	Loss: 0.073646
Train Epoch: 90 [40000/60000 (67%)]	Loss: 0.077753
Train Epoch: 90 [60000/60000 (100%)]	Loss: 0.066064

Average Training loss: 0.0003, Training Error Rate: 6.94% (4166/60000)


Average Test loss: 0.0001, Test Error Rate: 6.71% (671/10000)

Train Epoch: 91 [20000/60000 (33%)]	Loss: 0.057618
Train Epoch: 91 [40000/60000 (67%)]	Loss: 0.065722
Train Epoch: 91 [60000/60000 (100%)]	Loss: 0.067813

Average Training loss: 0.0003, Training Error Rate: 6.94% (4162/60000)


Average Test loss: 0.0001, Test Error Rate: 6.66% (666/10000)

Train Epoch: 92 [20000/60000 (33%)]	Loss: 0.076614
Train Epoch: 92 [40000/60000 (67%)]	Loss: 0.059735
Train Epoch: 92 [60000/60000 (100%)]	Loss: 0.067959

Average Training loss: 0.0003, Training Error Rate: 6.89% (4132/60000)


Average Test loss: 0.0001, Test Error Rate: 6.65% (665/10000)

Train Epoch: 93 [20000/60000 (33%)]	Loss: 0.072021
Train Epoch: 93 [40000/60000 (67%)]	Loss: 0.064282
Train Epoch: 93 [60000/60000 (100%)]	Loss: 0.067912

Average Training loss: 0.0003, Training Error Rate: 6.86% (4114/60000)


Average Test loss: 0.0001, Test Error Rate: 6.62% (662/10000)

Train Epoch: 94 [20000/60000 (33%)]	Loss: 0.071441
Train Epoch: 94 [40000/60000 (67%)]	Loss: 0.064152
Train Epoch: 94 [60000/60000 (100%)]	Loss: 0.068574

Average Training loss: 0.0003, Training Error Rate: 6.82% (4092/60000)


Average Test loss: 0.0001, Test Error Rate: 6.57% (657/10000)

Train Epoch: 95 [20000/60000 (33%)]	Loss: 0.068444
Train Epoch: 95 [40000/60000 (67%)]	Loss: 0.064549
Train Epoch: 95 [60000/60000 (100%)]	Loss: 0.063487

Average Training loss: 0.0003, Training Error Rate: 6.82% (4091/60000)


Average Test loss: 0.0001, Test Error Rate: 6.56% (656/10000)

Train Epoch: 96 [20000/60000 (33%)]	Loss: 0.064659
Train Epoch: 96 [40000/60000 (67%)]	Loss: 0.066508
Train Epoch: 96 [60000/60000 (100%)]	Loss: 0.077470

Average Training loss: 0.0003, Training Error Rate: 6.80% (4078/60000)


Average Test loss: 0.0001, Test Error Rate: 6.53% (653/10000)

Train Epoch: 97 [20000/60000 (33%)]	Loss: 0.083563
Train Epoch: 97 [40000/60000 (67%)]	Loss: 0.057020
Train Epoch: 97 [60000/60000 (100%)]	Loss: 0.070933

Average Training loss: 0.0003, Training Error Rate: 6.75% (4053/60000)


Average Test loss: 0.0001, Test Error Rate: 6.50% (650/10000)

Train Epoch: 98 [20000/60000 (33%)]	Loss: 0.058162
Train Epoch: 98 [40000/60000 (67%)]	Loss: 0.065913
Train Epoch: 98 [60000/60000 (100%)]	Loss: 0.050144

Average Training loss: 0.0003, Training Error Rate: 6.75% (4050/60000)


Average Test loss: 0.0001, Test Error Rate: 6.51% (651/10000)

Train Epoch: 99 [20000/60000 (33%)]	Loss: 0.053251
Train Epoch: 99 [40000/60000 (67%)]	Loss: 0.082762
Train Epoch: 99 [60000/60000 (100%)]	Loss: 0.064259

Average Training loss: 0.0003, Training Error Rate: 6.72% (4033/60000)


Average Test loss: 0.0001, Test Error Rate: 6.47% (647/10000)

