/vast/home/ajherman/miniconda3/envs/pytorch/lib/python3.11/site-packages/torchvision/io/image.py:13: UserWarning: Failed to load image Python extension: '/vast/home/ajherman/miniconda3/envs/pytorch/lib/python3.11/site-packages/torchvision/image.so: undefined symbol: _ZN5torch3jit17parseSchemaOrNameERKNSt7__cxx1112basic_stringIcSt11char_traitsIcESaIcEEE'If you don't plan on using image functionality from `torchvision.io`, you can ignore this warning. Otherwise, there might be something wrong with your environment. Did you have `libjpeg` or `libpng` installed before building `torchvision` from source?
  warn(
Random seed set as 42
dt =  0.2340716616353513
trace decay =  0.5866462195100317
Random seed set as 42
Random seed set as 42
dt =  0.2340716616353513
trace decay =  0.5866462195100317
Random seed set as 42
Train Epoch: 0 [5000/60000 (8%)]	Loss: 0.315187
Train Epoch: 0 [10000/60000 (17%)]	Loss: 0.253399
Train Epoch: 0 [15000/60000 (25%)]	Loss: 0.171254
Train Epoch: 0 [20000/60000 (33%)]	Loss: 0.183601
Train Epoch: 0 [25000/60000 (42%)]	Loss: 0.157653
Train Epoch: 0 [30000/60000 (50%)]	Loss: 0.158192
Train Epoch: 0 [35000/60000 (58%)]	Loss: 0.098539
Train Epoch: 0 [40000/60000 (67%)]	Loss: 0.103896
Train Epoch: 0 [45000/60000 (75%)]	Loss: 0.116112
Train Epoch: 0 [50000/60000 (83%)]	Loss: 0.129433
Train Epoch: 0 [55000/60000 (92%)]	Loss: 0.160726
Train Epoch: 0 [60000/60000 (100%)]	Loss: 0.090247

Average Training loss: 0.0034, Training Error Rate: 17.07% (10242/60000)


Average Test loss: 0.0001, Test Error Rate: 10.80% (1080/10000)

Train Epoch: 1 [5000/60000 (8%)]	Loss: 0.115044
Train Epoch: 1 [10000/60000 (17%)]	Loss: 0.098652
Train Epoch: 1 [15000/60000 (25%)]	Loss: 0.089666
Train Epoch: 1 [20000/60000 (33%)]	Loss: 0.087976
Train Epoch: 1 [25000/60000 (42%)]	Loss: 0.086179
Train Epoch: 1 [30000/60000 (50%)]	Loss: 0.084296
Train Epoch: 1 [35000/60000 (58%)]	Loss: 0.092606
Train Epoch: 1 [40000/60000 (67%)]	Loss: 0.104531
Train Epoch: 1 [45000/60000 (75%)]	Loss: 0.088104
Train Epoch: 1 [50000/60000 (83%)]	Loss: 0.113940
Train Epoch: 1 [55000/60000 (92%)]	Loss: 0.092451
Train Epoch: 1 [60000/60000 (100%)]	Loss: 0.071211

Average Training loss: 0.0021, Training Error Rate: 10.62% (6373/60000)


Average Test loss: 0.0001, Test Error Rate: 8.98% (898/10000)

Train Epoch: 2 [5000/60000 (8%)]	Loss: 0.107492
Train Epoch: 2 [10000/60000 (17%)]	Loss: 0.101430
Train Epoch: 2 [15000/60000 (25%)]	Loss: 0.138540
Train Epoch: 2 [20000/60000 (33%)]	Loss: 0.068745
Train Epoch: 2 [25000/60000 (42%)]	Loss: 0.108041
Train Epoch: 2 [30000/60000 (50%)]	Loss: 0.069491
Train Epoch: 2 [35000/60000 (58%)]	Loss: 0.103023
Train Epoch: 2 [40000/60000 (67%)]	Loss: 0.085493
Train Epoch: 2 [45000/60000 (75%)]	Loss: 0.105559
Train Epoch: 2 [50000/60000 (83%)]	Loss: 0.129329
Train Epoch: 2 [55000/60000 (92%)]	Loss: 0.150960
Train Epoch: 2 [60000/60000 (100%)]	Loss: 0.104572

Average Training loss: 0.0018, Training Error Rate: 9.38% (5630/60000)


Average Test loss: 0.0001, Test Error Rate: 8.21% (821/10000)

Train Epoch: 3 [5000/60000 (8%)]	Loss: 0.110912
Train Epoch: 3 [10000/60000 (17%)]	Loss: 0.121202
Train Epoch: 3 [15000/60000 (25%)]	Loss: 0.062030
Train Epoch: 3 [20000/60000 (33%)]	Loss: 0.069084
Train Epoch: 3 [25000/60000 (42%)]	Loss: 0.094494
Train Epoch: 3 [30000/60000 (50%)]	Loss: 0.079643
Train Epoch: 3 [35000/60000 (58%)]	Loss: 0.064032
Train Epoch: 3 [40000/60000 (67%)]	Loss: 0.079804
Train Epoch: 3 [45000/60000 (75%)]	Loss: 0.088777
Train Epoch: 3 [50000/60000 (83%)]	Loss: 0.086845
Train Epoch: 3 [55000/60000 (92%)]	Loss: 0.122420
Train Epoch: 3 [60000/60000 (100%)]	Loss: 0.084857

Average Training loss: 0.0016, Training Error Rate: 8.60% (5159/60000)


Average Test loss: 0.0001, Test Error Rate: 7.52% (752/10000)

Train Epoch: 4 [5000/60000 (8%)]	Loss: 0.082758
Train Epoch: 4 [10000/60000 (17%)]	Loss: 0.085675
Train Epoch: 4 [15000/60000 (25%)]	Loss: 0.046380
Train Epoch: 4 [20000/60000 (33%)]	Loss: 0.073207
Train Epoch: 4 [25000/60000 (42%)]	Loss: 0.066532
Train Epoch: 4 [30000/60000 (50%)]	Loss: 0.032860
Train Epoch: 4 [35000/60000 (58%)]	Loss: 0.072359
Train Epoch: 4 [40000/60000 (67%)]	Loss: 0.078421
Train Epoch: 4 [45000/60000 (75%)]	Loss: 0.082330
Train Epoch: 4 [50000/60000 (83%)]	Loss: 0.068935
Train Epoch: 4 [55000/60000 (92%)]	Loss: 0.060054
Train Epoch: 4 [60000/60000 (100%)]	Loss: 0.034279

Average Training loss: 0.0015, Training Error Rate: 8.05% (4830/60000)


Average Test loss: 0.0001, Test Error Rate: 7.26% (726/10000)

Train Epoch: 5 [5000/60000 (8%)]	Loss: 0.096796
Train Epoch: 5 [10000/60000 (17%)]	Loss: 0.046389
Train Epoch: 5 [15000/60000 (25%)]	Loss: 0.081182
Train Epoch: 5 [20000/60000 (33%)]	Loss: 0.083615
Train Epoch: 5 [25000/60000 (42%)]	Loss: 0.071606
Train Epoch: 5 [30000/60000 (50%)]	Loss: 0.061873
Train Epoch: 5 [35000/60000 (58%)]	Loss: 0.087740
Train Epoch: 5 [40000/60000 (67%)]	Loss: 0.081204
Train Epoch: 5 [45000/60000 (75%)]	Loss: 0.072062
Train Epoch: 5 [50000/60000 (83%)]	Loss: 0.067218
Train Epoch: 5 [55000/60000 (92%)]	Loss: 0.049207
Train Epoch: 5 [60000/60000 (100%)]	Loss: 0.087965

Average Training loss: 0.0014, Training Error Rate: 7.53% (4519/60000)


Average Test loss: 0.0001, Test Error Rate: 6.89% (689/10000)

Train Epoch: 6 [5000/60000 (8%)]	Loss: 0.107489
Train Epoch: 6 [10000/60000 (17%)]	Loss: 0.075745
Train Epoch: 6 [15000/60000 (25%)]	Loss: 0.028102
Train Epoch: 6 [20000/60000 (33%)]	Loss: 0.068433
Train Epoch: 6 [25000/60000 (42%)]	Loss: 0.081666
Train Epoch: 6 [30000/60000 (50%)]	Loss: 0.034390
Train Epoch: 6 [35000/60000 (58%)]	Loss: 0.052460
Train Epoch: 6 [40000/60000 (67%)]	Loss: 0.044946
Train Epoch: 6 [45000/60000 (75%)]	Loss: 0.074049
Train Epoch: 6 [50000/60000 (83%)]	Loss: 0.079465
Train Epoch: 6 [55000/60000 (92%)]	Loss: 0.077515
Train Epoch: 6 [60000/60000 (100%)]	Loss: 0.063377

Average Training loss: 0.0013, Training Error Rate: 7.15% (4291/60000)


Average Test loss: 0.0001, Test Error Rate: 6.88% (688/10000)

Train Epoch: 7 [5000/60000 (8%)]	Loss: 0.055391
Train Epoch: 7 [10000/60000 (17%)]	Loss: 0.047270
Train Epoch: 7 [15000/60000 (25%)]	Loss: 0.062828
Train Epoch: 7 [20000/60000 (33%)]	Loss: 0.077476
Train Epoch: 7 [25000/60000 (42%)]	Loss: 0.063386
Train Epoch: 7 [30000/60000 (50%)]	Loss: 0.043763
Train Epoch: 7 [35000/60000 (58%)]	Loss: 0.021341
Train Epoch: 7 [40000/60000 (67%)]	Loss: 0.071993
Train Epoch: 7 [45000/60000 (75%)]	Loss: 0.045052
Train Epoch: 7 [50000/60000 (83%)]	Loss: 0.094713
Train Epoch: 7 [55000/60000 (92%)]	Loss: 0.051708
Train Epoch: 7 [60000/60000 (100%)]	Loss: 0.081816

Average Training loss: 0.0013, Training Error Rate: 6.80% (4078/60000)


Average Test loss: 0.0001, Test Error Rate: 6.44% (644/10000)

Train Epoch: 8 [5000/60000 (8%)]	Loss: 0.054683
Train Epoch: 8 [10000/60000 (17%)]	Loss: 0.065089
Train Epoch: 8 [15000/60000 (25%)]	Loss: 0.071690
Train Epoch: 8 [20000/60000 (33%)]	Loss: 0.072583
Train Epoch: 8 [25000/60000 (42%)]	Loss: 0.055110
Train Epoch: 8 [30000/60000 (50%)]	Loss: 0.043514
Train Epoch: 8 [35000/60000 (58%)]	Loss: 0.020247
Train Epoch: 8 [40000/60000 (67%)]	Loss: 0.059644
Train Epoch: 8 [45000/60000 (75%)]	Loss: 0.058868
Train Epoch: 8 [50000/60000 (83%)]	Loss: 0.053708
Train Epoch: 8 [55000/60000 (92%)]	Loss: 0.063665
Train Epoch: 8 [60000/60000 (100%)]	Loss: 0.035542

Average Training loss: 0.0012, Training Error Rate: 6.48% (3886/60000)


Average Test loss: 0.0001, Test Error Rate: 6.30% (630/10000)

Train Epoch: 9 [5000/60000 (8%)]	Loss: 0.078593
Train Epoch: 9 [10000/60000 (17%)]	Loss: 0.061989
Train Epoch: 9 [15000/60000 (25%)]	Loss: 0.059442
Train Epoch: 9 [20000/60000 (33%)]	Loss: 0.060467
Train Epoch: 9 [25000/60000 (42%)]	Loss: 0.053732
Train Epoch: 9 [30000/60000 (50%)]	Loss: 0.065595
Train Epoch: 9 [35000/60000 (58%)]	Loss: 0.064771
Train Epoch: 9 [40000/60000 (67%)]	Loss: 0.053487
Train Epoch: 9 [45000/60000 (75%)]	Loss: 0.057750
Train Epoch: 9 [50000/60000 (83%)]	Loss: 0.054122
Train Epoch: 9 [55000/60000 (92%)]	Loss: 0.062646
Train Epoch: 9 [60000/60000 (100%)]	Loss: 0.035110

Average Training loss: 0.0012, Training Error Rate: 6.25% (3753/60000)


Average Test loss: 0.0001, Test Error Rate: 5.83% (583/10000)

Train Epoch: 10 [5000/60000 (8%)]	Loss: 0.046770
Train Epoch: 10 [10000/60000 (17%)]	Loss: 0.035574
Train Epoch: 10 [15000/60000 (25%)]	Loss: 0.032721
Train Epoch: 10 [20000/60000 (33%)]	Loss: 0.044849
Train Epoch: 10 [25000/60000 (42%)]	Loss: 0.031781
Train Epoch: 10 [30000/60000 (50%)]	Loss: 0.049431
Train Epoch: 10 [35000/60000 (58%)]	Loss: 0.054701
Train Epoch: 10 [40000/60000 (67%)]	Loss: 0.076247
Train Epoch: 10 [45000/60000 (75%)]	Loss: 0.042334
Train Epoch: 10 [50000/60000 (83%)]	Loss: 0.069905
Train Epoch: 10 [55000/60000 (92%)]	Loss: 0.048642
Train Epoch: 10 [60000/60000 (100%)]	Loss: 0.027138

Average Training loss: 0.0011, Training Error Rate: 6.01% (3605/60000)


Average Test loss: 0.0001, Test Error Rate: 5.70% (570/10000)

Train Epoch: 11 [5000/60000 (8%)]	Loss: 0.057053
Train Epoch: 11 [10000/60000 (17%)]	Loss: 0.043775
Train Epoch: 11 [15000/60000 (25%)]	Loss: 0.063834
Train Epoch: 11 [20000/60000 (33%)]	Loss: 0.066569
Train Epoch: 11 [25000/60000 (42%)]	Loss: 0.055719
Train Epoch: 11 [30000/60000 (50%)]	Loss: 0.044934
Train Epoch: 11 [35000/60000 (58%)]	Loss: 0.097558
Train Epoch: 11 [40000/60000 (67%)]	Loss: 0.079092
Train Epoch: 11 [45000/60000 (75%)]	Loss: 0.053894
Train Epoch: 11 [50000/60000 (83%)]	Loss: 0.032711
Train Epoch: 11 [55000/60000 (92%)]	Loss: 0.063122
Train Epoch: 11 [60000/60000 (100%)]	Loss: 0.054395

Average Training loss: 0.0011, Training Error Rate: 5.80% (3481/60000)


Average Test loss: 0.0001, Test Error Rate: 5.53% (553/10000)

Train Epoch: 12 [5000/60000 (8%)]	Loss: 0.057113
Train Epoch: 12 [10000/60000 (17%)]	Loss: 0.064225
Train Epoch: 12 [15000/60000 (25%)]	Loss: 0.056002
Train Epoch: 12 [20000/60000 (33%)]	Loss: 0.073314
Train Epoch: 12 [25000/60000 (42%)]	Loss: 0.045921
Train Epoch: 12 [30000/60000 (50%)]	Loss: 0.102685
Train Epoch: 12 [35000/60000 (58%)]	Loss: 0.083082
Train Epoch: 12 [40000/60000 (67%)]	Loss: 0.056731
Train Epoch: 12 [45000/60000 (75%)]	Loss: 0.049647
Train Epoch: 12 [50000/60000 (83%)]	Loss: 0.041175
Train Epoch: 12 [55000/60000 (92%)]	Loss: 0.075307
Train Epoch: 12 [60000/60000 (100%)]	Loss: 0.063740

Average Training loss: 0.0010, Training Error Rate: 5.58% (3347/60000)


Average Test loss: 0.0000, Test Error Rate: 5.42% (542/10000)

Train Epoch: 13 [5000/60000 (8%)]	Loss: 0.048558
Train Epoch: 13 [10000/60000 (17%)]	Loss: 0.045757
Train Epoch: 13 [15000/60000 (25%)]	Loss: 0.024296
Train Epoch: 13 [20000/60000 (33%)]	Loss: 0.027445
Train Epoch: 13 [25000/60000 (42%)]	Loss: 0.053197
Train Epoch: 13 [30000/60000 (50%)]	Loss: 0.023982
Train Epoch: 13 [35000/60000 (58%)]	Loss: 0.048278
Train Epoch: 13 [40000/60000 (67%)]	Loss: 0.039171
Train Epoch: 13 [45000/60000 (75%)]	Loss: 0.044251
Train Epoch: 13 [50000/60000 (83%)]	Loss: 0.036551
Train Epoch: 13 [55000/60000 (92%)]	Loss: 0.072238
Train Epoch: 13 [60000/60000 (100%)]	Loss: 0.038251

Average Training loss: 0.0010, Training Error Rate: 5.41% (3247/60000)


Average Test loss: 0.0000, Test Error Rate: 5.29% (529/10000)

Train Epoch: 14 [5000/60000 (8%)]	Loss: 0.047488
Train Epoch: 14 [10000/60000 (17%)]	Loss: 0.018205
Train Epoch: 14 [15000/60000 (25%)]	Loss: 0.045363
Train Epoch: 14 [20000/60000 (33%)]	Loss: 0.063994
Train Epoch: 14 [25000/60000 (42%)]	Loss: 0.053344
Train Epoch: 14 [30000/60000 (50%)]	Loss: 0.052859
Train Epoch: 14 [35000/60000 (58%)]	Loss: 0.063434
Train Epoch: 14 [40000/60000 (67%)]	Loss: 0.065826
Train Epoch: 14 [45000/60000 (75%)]	Loss: 0.034447
Train Epoch: 14 [50000/60000 (83%)]	Loss: 0.027103
Train Epoch: 14 [55000/60000 (92%)]	Loss: 0.061259
Train Epoch: 14 [60000/60000 (100%)]	Loss: 0.055877

Average Training loss: 0.0010, Training Error Rate: 5.28% (3168/60000)


Average Test loss: 0.0000, Test Error Rate: 5.11% (511/10000)

Train Epoch: 15 [5000/60000 (8%)]	Loss: 0.026264
Train Epoch: 15 [10000/60000 (17%)]	Loss: 0.033662
Train Epoch: 15 [15000/60000 (25%)]	Loss: 0.056200
Train Epoch: 15 [20000/60000 (33%)]	Loss: 0.067222
Train Epoch: 15 [25000/60000 (42%)]	Loss: 0.069353
Train Epoch: 15 [30000/60000 (50%)]	Loss: 0.025677
Train Epoch: 15 [35000/60000 (58%)]	Loss: 0.059170
Train Epoch: 15 [40000/60000 (67%)]	Loss: 0.067024
Train Epoch: 15 [45000/60000 (75%)]	Loss: 0.019010
Train Epoch: 15 [50000/60000 (83%)]	Loss: 0.032714
Train Epoch: 15 [55000/60000 (92%)]	Loss: 0.048815
Train Epoch: 15 [60000/60000 (100%)]	Loss: 0.029092

Average Training loss: 0.0009, Training Error Rate: 5.12% (3075/60000)


Average Test loss: 0.0000, Test Error Rate: 5.08% (508/10000)

Train Epoch: 16 [5000/60000 (8%)]	Loss: 0.034181
Train Epoch: 16 [10000/60000 (17%)]	Loss: 0.052937
Train Epoch: 16 [15000/60000 (25%)]	Loss: 0.054728
Train Epoch: 16 [20000/60000 (33%)]	Loss: 0.039644
Train Epoch: 16 [25000/60000 (42%)]	Loss: 0.023724
Train Epoch: 16 [30000/60000 (50%)]	Loss: 0.035900
Train Epoch: 16 [35000/60000 (58%)]	Loss: 0.070197
Train Epoch: 16 [40000/60000 (67%)]	Loss: 0.061303
Train Epoch: 16 [45000/60000 (75%)]	Loss: 0.031674
Train Epoch: 16 [50000/60000 (83%)]	Loss: 0.044192
Train Epoch: 16 [55000/60000 (92%)]	Loss: 0.045790
Train Epoch: 16 [60000/60000 (100%)]	Loss: 0.081081

Average Training loss: 0.0009, Training Error Rate: 4.97% (2981/60000)


Average Test loss: 0.0000, Test Error Rate: 5.03% (503/10000)

Train Epoch: 17 [5000/60000 (8%)]	Loss: 0.054945
Train Epoch: 17 [10000/60000 (17%)]	Loss: 0.049747
Train Epoch: 17 [15000/60000 (25%)]	Loss: 0.048014
Train Epoch: 17 [20000/60000 (33%)]	Loss: 0.051485
Train Epoch: 17 [25000/60000 (42%)]	Loss: 0.014990
Train Epoch: 17 [30000/60000 (50%)]	Loss: 0.030519
Train Epoch: 17 [35000/60000 (58%)]	Loss: 0.050002
Train Epoch: 17 [40000/60000 (67%)]	Loss: 0.043334
Train Epoch: 17 [45000/60000 (75%)]	Loss: 0.041945
Train Epoch: 17 [50000/60000 (83%)]	Loss: 0.039124
Train Epoch: 17 [55000/60000 (92%)]	Loss: 0.009748
Train Epoch: 17 [60000/60000 (100%)]	Loss: 0.036564

Average Training loss: 0.0009, Training Error Rate: 4.81% (2888/60000)


Average Test loss: 0.0000, Test Error Rate: 4.84% (484/10000)

Train Epoch: 18 [5000/60000 (8%)]	Loss: 0.038628
Train Epoch: 18 [10000/60000 (17%)]	Loss: 0.031700
Train Epoch: 18 [15000/60000 (25%)]	Loss: 0.061475
Train Epoch: 18 [20000/60000 (33%)]	Loss: 0.022704
Train Epoch: 18 [25000/60000 (42%)]	Loss: 0.040307
Train Epoch: 18 [30000/60000 (50%)]	Loss: 0.071055
Train Epoch: 18 [35000/60000 (58%)]	Loss: 0.020148
Train Epoch: 18 [40000/60000 (67%)]	Loss: 0.043441
Train Epoch: 18 [45000/60000 (75%)]	Loss: 0.053821
Train Epoch: 18 [50000/60000 (83%)]	Loss: 0.042437
Train Epoch: 18 [55000/60000 (92%)]	Loss: 0.048711
Train Epoch: 18 [60000/60000 (100%)]	Loss: 0.045254

Average Training loss: 0.0009, Training Error Rate: 4.71% (2825/60000)


Average Test loss: 0.0000, Test Error Rate: 4.72% (472/10000)

Train Epoch: 19 [5000/60000 (8%)]	Loss: 0.057269
Train Epoch: 19 [10000/60000 (17%)]	Loss: 0.061817
Train Epoch: 19 [15000/60000 (25%)]	Loss: 0.024417
Train Epoch: 19 [20000/60000 (33%)]	Loss: 0.071118
Train Epoch: 19 [25000/60000 (42%)]	Loss: 0.041757
Train Epoch: 19 [30000/60000 (50%)]	Loss: 0.029987
Train Epoch: 19 [35000/60000 (58%)]	Loss: 0.072882
Train Epoch: 19 [40000/60000 (67%)]	Loss: 0.039154
Train Epoch: 19 [45000/60000 (75%)]	Loss: 0.061461
Train Epoch: 19 [50000/60000 (83%)]	Loss: 0.021371
Train Epoch: 19 [55000/60000 (92%)]	Loss: 0.048515
Train Epoch: 19 [60000/60000 (100%)]	Loss: 0.015539

Average Training loss: 0.0009, Training Error Rate: 4.56% (2736/60000)


Average Test loss: 0.0000, Test Error Rate: 4.68% (468/10000)

Train Epoch: 20 [5000/60000 (8%)]	Loss: 0.044747
Train Epoch: 20 [10000/60000 (17%)]	Loss: 0.053572
Train Epoch: 20 [15000/60000 (25%)]	Loss: 0.034914
Train Epoch: 20 [20000/60000 (33%)]	Loss: 0.062158
Train Epoch: 20 [25000/60000 (42%)]	Loss: 0.048683
Train Epoch: 20 [30000/60000 (50%)]	Loss: 0.041896
Train Epoch: 20 [35000/60000 (58%)]	Loss: 0.024040
Train Epoch: 20 [40000/60000 (67%)]	Loss: 0.050413
Train Epoch: 20 [45000/60000 (75%)]	Loss: 0.041031
Train Epoch: 20 [50000/60000 (83%)]	Loss: 0.033762
Train Epoch: 20 [55000/60000 (92%)]	Loss: 0.049882
Train Epoch: 20 [60000/60000 (100%)]	Loss: 0.032589

Average Training loss: 0.0008, Training Error Rate: 4.45% (2669/60000)


Average Test loss: 0.0000, Test Error Rate: 4.55% (455/10000)

Train Epoch: 21 [5000/60000 (8%)]	Loss: 0.029823
Train Epoch: 21 [10000/60000 (17%)]	Loss: 0.049311
Train Epoch: 21 [15000/60000 (25%)]	Loss: 0.073177
Train Epoch: 21 [20000/60000 (33%)]	Loss: 0.033342
Train Epoch: 21 [25000/60000 (42%)]	Loss: 0.024726
Train Epoch: 21 [30000/60000 (50%)]	Loss: 0.020285
Train Epoch: 21 [35000/60000 (58%)]	Loss: 0.045012
Train Epoch: 21 [40000/60000 (67%)]	Loss: 0.053894
Train Epoch: 21 [45000/60000 (75%)]	Loss: 0.071588
Train Epoch: 21 [50000/60000 (83%)]	Loss: 0.036436
Train Epoch: 21 [55000/60000 (92%)]	Loss: 0.036367
Train Epoch: 21 [60000/60000 (100%)]	Loss: 0.018943

Average Training loss: 0.0008, Training Error Rate: 4.34% (2607/60000)


Average Test loss: 0.0000, Test Error Rate: 4.44% (444/10000)

Train Epoch: 22 [5000/60000 (8%)]	Loss: 0.040284
Train Epoch: 22 [10000/60000 (17%)]	Loss: 0.029870
Train Epoch: 22 [15000/60000 (25%)]	Loss: 0.050403
Train Epoch: 22 [20000/60000 (33%)]	Loss: 0.041136
Train Epoch: 22 [25000/60000 (42%)]	Loss: 0.029747
Train Epoch: 22 [30000/60000 (50%)]	Loss: 0.035108
Train Epoch: 22 [35000/60000 (58%)]	Loss: 0.066877
Train Epoch: 22 [40000/60000 (67%)]	Loss: 0.045084
Train Epoch: 22 [45000/60000 (75%)]	Loss: 0.047761
Train Epoch: 22 [50000/60000 (83%)]	Loss: 0.044924
Train Epoch: 22 [55000/60000 (92%)]	Loss: 0.025284
Train Epoch: 22 [60000/60000 (100%)]	Loss: 0.038714

Average Training loss: 0.0008, Training Error Rate: 4.25% (2547/60000)


Average Test loss: 0.0000, Test Error Rate: 4.36% (436/10000)

Train Epoch: 23 [5000/60000 (8%)]	Loss: 0.029014
Train Epoch: 23 [10000/60000 (17%)]	Loss: 0.074081
Train Epoch: 23 [15000/60000 (25%)]	Loss: 0.046848
Train Epoch: 23 [20000/60000 (33%)]	Loss: 0.056682
Train Epoch: 23 [25000/60000 (42%)]	Loss: 0.030139
Train Epoch: 23 [30000/60000 (50%)]	Loss: 0.019086
Train Epoch: 23 [35000/60000 (58%)]	Loss: 0.079277
Train Epoch: 23 [40000/60000 (67%)]	Loss: 0.062780
Train Epoch: 23 [45000/60000 (75%)]	Loss: 0.051517
Train Epoch: 23 [50000/60000 (83%)]	Loss: 0.035088
Train Epoch: 23 [55000/60000 (92%)]	Loss: 0.033968
Train Epoch: 23 [60000/60000 (100%)]	Loss: 0.044136

Average Training loss: 0.0008, Training Error Rate: 4.16% (2493/60000)


Average Test loss: 0.0000, Test Error Rate: 4.36% (436/10000)

Train Epoch: 24 [5000/60000 (8%)]	Loss: 0.021706
Train Epoch: 24 [10000/60000 (17%)]	Loss: 0.042213
Train Epoch: 24 [15000/60000 (25%)]	Loss: 0.037009
Train Epoch: 24 [20000/60000 (33%)]	Loss: 0.024001
Train Epoch: 24 [25000/60000 (42%)]	Loss: 0.077862
Train Epoch: 24 [30000/60000 (50%)]	Loss: 0.049936
Train Epoch: 24 [35000/60000 (58%)]	Loss: 0.038735
Train Epoch: 24 [40000/60000 (67%)]	Loss: 0.039678
Train Epoch: 24 [45000/60000 (75%)]	Loss: 0.033137
Train Epoch: 24 [50000/60000 (83%)]	Loss: 0.038827
Train Epoch: 24 [55000/60000 (92%)]	Loss: 0.039469
Train Epoch: 24 [60000/60000 (100%)]	Loss: 0.048883

Average Training loss: 0.0008, Training Error Rate: 4.04% (2424/60000)


Average Test loss: 0.0000, Test Error Rate: 4.23% (423/10000)

Train Epoch: 25 [5000/60000 (8%)]	Loss: 0.030949
Train Epoch: 25 [10000/60000 (17%)]	Loss: 0.046598
Train Epoch: 25 [15000/60000 (25%)]	Loss: 0.004607
Train Epoch: 25 [20000/60000 (33%)]	Loss: 0.020426
Train Epoch: 25 [25000/60000 (42%)]	Loss: 0.067566
Train Epoch: 25 [30000/60000 (50%)]	Loss: 0.023186
Train Epoch: 25 [35000/60000 (58%)]	Loss: 0.024941
Train Epoch: 25 [40000/60000 (67%)]	Loss: 0.024652
Train Epoch: 25 [45000/60000 (75%)]	Loss: 0.010778
Train Epoch: 25 [50000/60000 (83%)]	Loss: 0.017573
Train Epoch: 25 [55000/60000 (92%)]	Loss: 0.035907
Train Epoch: 25 [60000/60000 (100%)]	Loss: 0.029462

Average Training loss: 0.0007, Training Error Rate: 3.94% (2361/60000)


Average Test loss: 0.0000, Test Error Rate: 4.14% (414/10000)

Train Epoch: 26 [5000/60000 (8%)]	Loss: 0.025237
Train Epoch: 26 [10000/60000 (17%)]	Loss: 0.049841
Train Epoch: 26 [15000/60000 (25%)]	Loss: 0.017240
Train Epoch: 26 [20000/60000 (33%)]	Loss: 0.040977
Train Epoch: 26 [25000/60000 (42%)]	Loss: 0.019255
Train Epoch: 26 [30000/60000 (50%)]	Loss: 0.034340
Train Epoch: 26 [35000/60000 (58%)]	Loss: 0.069755
Train Epoch: 26 [40000/60000 (67%)]	Loss: 0.032707
Train Epoch: 26 [45000/60000 (75%)]	Loss: 0.048484
Train Epoch: 26 [50000/60000 (83%)]	Loss: 0.065478
Train Epoch: 26 [55000/60000 (92%)]	Loss: 0.020419
Train Epoch: 26 [60000/60000 (100%)]	Loss: 0.045187

Average Training loss: 0.0007, Training Error Rate: 3.86% (2317/60000)


Average Test loss: 0.0000, Test Error Rate: 4.05% (405/10000)

Train Epoch: 27 [5000/60000 (8%)]	Loss: 0.030534
Train Epoch: 27 [10000/60000 (17%)]	Loss: 0.077273
Train Epoch: 27 [15000/60000 (25%)]	Loss: 0.030636
Train Epoch: 27 [20000/60000 (33%)]	Loss: 0.010901
Train Epoch: 27 [25000/60000 (42%)]	Loss: 0.021565
Train Epoch: 27 [30000/60000 (50%)]	Loss: 0.038099
Train Epoch: 27 [35000/60000 (58%)]	Loss: 0.052020
Train Epoch: 27 [40000/60000 (67%)]	Loss: 0.034129
Train Epoch: 27 [45000/60000 (75%)]	Loss: 0.033723
Train Epoch: 27 [50000/60000 (83%)]	Loss: 0.030833
Train Epoch: 27 [55000/60000 (92%)]	Loss: 0.032524
Train Epoch: 27 [60000/60000 (100%)]	Loss: 0.036502

Average Training loss: 0.0007, Training Error Rate: 3.80% (2280/60000)


Average Test loss: 0.0000, Test Error Rate: 4.06% (406/10000)

Train Epoch: 28 [5000/60000 (8%)]	Loss: 0.027953
Train Epoch: 28 [10000/60000 (17%)]	Loss: 0.063819
Train Epoch: 28 [15000/60000 (25%)]	Loss: 0.049310
Train Epoch: 28 [20000/60000 (33%)]	Loss: 0.013892
Train Epoch: 28 [25000/60000 (42%)]	Loss: 0.040618
Train Epoch: 28 [30000/60000 (50%)]	Loss: 0.030698
Train Epoch: 28 [35000/60000 (58%)]	Loss: 0.051341
Train Epoch: 28 [40000/60000 (67%)]	Loss: 0.064141
Train Epoch: 28 [45000/60000 (75%)]	Loss: 0.021688
Train Epoch: 28 [50000/60000 (83%)]	Loss: 0.022013
Train Epoch: 28 [55000/60000 (92%)]	Loss: 0.056085
Train Epoch: 28 [60000/60000 (100%)]	Loss: 0.051906

Average Training loss: 0.0007, Training Error Rate: 3.69% (2216/60000)


Average Test loss: 0.0000, Test Error Rate: 4.04% (404/10000)

Train Epoch: 29 [5000/60000 (8%)]	Loss: 0.031096
Train Epoch: 29 [10000/60000 (17%)]	Loss: 0.040162
Train Epoch: 29 [15000/60000 (25%)]	Loss: 0.031829
Train Epoch: 29 [20000/60000 (33%)]	Loss: 0.012819
Train Epoch: 29 [25000/60000 (42%)]	Loss: 0.011654
Train Epoch: 29 [30000/60000 (50%)]	Loss: 0.024630
Train Epoch: 29 [35000/60000 (58%)]	Loss: 0.052039
Train Epoch: 29 [40000/60000 (67%)]	Loss: 0.063018
Train Epoch: 29 [45000/60000 (75%)]	Loss: 0.046612
Train Epoch: 29 [50000/60000 (83%)]	Loss: 0.041717
Train Epoch: 29 [55000/60000 (92%)]	Loss: 0.056977
Train Epoch: 29 [60000/60000 (100%)]	Loss: 0.051500

Average Training loss: 0.0007, Training Error Rate: 3.62% (2174/60000)


Average Test loss: 0.0000, Test Error Rate: 3.86% (386/10000)

Train Epoch: 30 [5000/60000 (8%)]	Loss: 0.023500
Train Epoch: 30 [10000/60000 (17%)]	Loss: 0.051248
Train Epoch: 30 [15000/60000 (25%)]	Loss: 0.031730
Train Epoch: 30 [20000/60000 (33%)]	Loss: 0.035001
Train Epoch: 30 [25000/60000 (42%)]	Loss: 0.046416
Train Epoch: 30 [30000/60000 (50%)]	Loss: 0.019603
Train Epoch: 30 [35000/60000 (58%)]	Loss: 0.020700
Train Epoch: 30 [40000/60000 (67%)]	Loss: 0.081191
Train Epoch: 30 [45000/60000 (75%)]	Loss: 0.057786
Train Epoch: 30 [50000/60000 (83%)]	Loss: 0.061793
Train Epoch: 30 [55000/60000 (92%)]	Loss: 0.020716
Train Epoch: 30 [60000/60000 (100%)]	Loss: 0.047390

Average Training loss: 0.0007, Training Error Rate: 3.54% (2124/60000)


Average Test loss: 0.0000, Test Error Rate: 3.80% (380/10000)

Train Epoch: 31 [5000/60000 (8%)]	Loss: 0.065096
Train Epoch: 31 [10000/60000 (17%)]	Loss: 0.039636
Train Epoch: 31 [15000/60000 (25%)]	Loss: 0.055142
Train Epoch: 31 [20000/60000 (33%)]	Loss: 0.039203
Train Epoch: 31 [25000/60000 (42%)]	Loss: 0.015896
Train Epoch: 31 [30000/60000 (50%)]	Loss: 0.025102
Train Epoch: 31 [35000/60000 (58%)]	Loss: 0.057962
Train Epoch: 31 [40000/60000 (67%)]	Loss: 0.024555
Train Epoch: 31 [45000/60000 (75%)]	Loss: 0.042572
Train Epoch: 31 [50000/60000 (83%)]	Loss: 0.040132
Train Epoch: 31 [55000/60000 (92%)]	Loss: 0.012541
Train Epoch: 31 [60000/60000 (100%)]	Loss: 0.013880

Average Training loss: 0.0007, Training Error Rate: 3.48% (2088/60000)


Average Test loss: 0.0000, Test Error Rate: 3.81% (381/10000)

Train Epoch: 32 [5000/60000 (8%)]	Loss: 0.030585
Train Epoch: 32 [10000/60000 (17%)]	Loss: 0.015034
Train Epoch: 32 [15000/60000 (25%)]	Loss: 0.024257
Train Epoch: 32 [20000/60000 (33%)]	Loss: 0.021043
Train Epoch: 32 [25000/60000 (42%)]	Loss: 0.073606
Train Epoch: 32 [30000/60000 (50%)]	Loss: 0.021479
Train Epoch: 32 [35000/60000 (58%)]	Loss: 0.010693
Train Epoch: 32 [40000/60000 (67%)]	Loss: 0.072631
Train Epoch: 32 [45000/60000 (75%)]	Loss: 0.034324
Train Epoch: 32 [50000/60000 (83%)]	Loss: 0.022772
Train Epoch: 32 [55000/60000 (92%)]	Loss: 0.041587
Train Epoch: 32 [60000/60000 (100%)]	Loss: 0.025592

Average Training loss: 0.0007, Training Error Rate: 3.44% (2061/60000)


Average Test loss: 0.0000, Test Error Rate: 3.71% (371/10000)

Train Epoch: 33 [5000/60000 (8%)]	Loss: 0.017690
Train Epoch: 33 [10000/60000 (17%)]	Loss: 0.017021
Train Epoch: 33 [15000/60000 (25%)]	Loss: 0.046785
Train Epoch: 33 [20000/60000 (33%)]	Loss: 0.045273
Train Epoch: 33 [25000/60000 (42%)]	Loss: 0.047744
Train Epoch: 33 [30000/60000 (50%)]	Loss: 0.035803
Train Epoch: 33 [35000/60000 (58%)]	Loss: 0.016088
Train Epoch: 33 [40000/60000 (67%)]	Loss: 0.018281
Train Epoch: 33 [45000/60000 (75%)]	Loss: 0.033690
Train Epoch: 33 [50000/60000 (83%)]	Loss: 0.015563
Train Epoch: 33 [55000/60000 (92%)]	Loss: 0.021035
Train Epoch: 33 [60000/60000 (100%)]	Loss: 0.024368

Average Training loss: 0.0006, Training Error Rate: 3.37% (2024/60000)


Average Test loss: 0.0000, Test Error Rate: 3.65% (365/10000)

Train Epoch: 34 [5000/60000 (8%)]	Loss: 0.025122
Train Epoch: 34 [10000/60000 (17%)]	Loss: 0.011977
Train Epoch: 34 [15000/60000 (25%)]	Loss: 0.011159
Train Epoch: 34 [20000/60000 (33%)]	Loss: 0.020691
Train Epoch: 34 [25000/60000 (42%)]	Loss: 0.020588
Train Epoch: 34 [30000/60000 (50%)]	Loss: 0.048139
Train Epoch: 34 [35000/60000 (58%)]	Loss: 0.030000
Train Epoch: 34 [40000/60000 (67%)]	Loss: 0.018174
Train Epoch: 34 [45000/60000 (75%)]	Loss: 0.024780
Train Epoch: 34 [50000/60000 (83%)]	Loss: 0.038431
Train Epoch: 34 [55000/60000 (92%)]	Loss: 0.017117
Train Epoch: 34 [60000/60000 (100%)]	Loss: 0.013674

Average Training loss: 0.0006, Training Error Rate: 3.31% (1985/60000)


Average Test loss: 0.0000, Test Error Rate: 3.56% (356/10000)

Train Epoch: 35 [5000/60000 (8%)]	Loss: 0.013147
Train Epoch: 35 [10000/60000 (17%)]	Loss: 0.035570
Train Epoch: 35 [15000/60000 (25%)]	Loss: 0.054448
Train Epoch: 35 [20000/60000 (33%)]	Loss: 0.011778
Train Epoch: 35 [25000/60000 (42%)]	Loss: 0.034044
Train Epoch: 35 [30000/60000 (50%)]	Loss: 0.020494
Train Epoch: 35 [35000/60000 (58%)]	Loss: 0.045961
Train Epoch: 35 [40000/60000 (67%)]	Loss: 0.021022
Train Epoch: 35 [45000/60000 (75%)]	Loss: 0.012168
Train Epoch: 35 [50000/60000 (83%)]	Loss: 0.022971
Train Epoch: 35 [55000/60000 (92%)]	Loss: 0.031421
Train Epoch: 35 [60000/60000 (100%)]	Loss: 0.020193

Average Training loss: 0.0006, Training Error Rate: 3.24% (1945/60000)


Average Test loss: 0.0000, Test Error Rate: 3.55% (355/10000)

Train Epoch: 36 [5000/60000 (8%)]	Loss: 0.025148
Train Epoch: 36 [10000/60000 (17%)]	Loss: 0.057222
Train Epoch: 36 [15000/60000 (25%)]	Loss: 0.040798
Train Epoch: 36 [20000/60000 (33%)]	Loss: 0.007693
Train Epoch: 36 [25000/60000 (42%)]	Loss: 0.024398
Train Epoch: 36 [30000/60000 (50%)]	Loss: 0.019163
Train Epoch: 36 [35000/60000 (58%)]	Loss: 0.044211
Train Epoch: 36 [40000/60000 (67%)]	Loss: 0.023691
Train Epoch: 36 [45000/60000 (75%)]	Loss: 0.048487
Train Epoch: 36 [50000/60000 (83%)]	Loss: 0.031310
Train Epoch: 36 [55000/60000 (92%)]	Loss: 0.017616
Train Epoch: 36 [60000/60000 (100%)]	Loss: 0.016615

Average Training loss: 0.0006, Training Error Rate: 3.18% (1909/60000)


Average Test loss: 0.0000, Test Error Rate: 3.57% (357/10000)

Train Epoch: 37 [5000/60000 (8%)]	Loss: 0.027000
Train Epoch: 37 [10000/60000 (17%)]	Loss: 0.011356
Train Epoch: 37 [15000/60000 (25%)]	Loss: 0.047061
Train Epoch: 37 [20000/60000 (33%)]	Loss: 0.069688
Train Epoch: 37 [25000/60000 (42%)]	Loss: 0.025392
Train Epoch: 37 [30000/60000 (50%)]	Loss: 0.053914
Train Epoch: 37 [35000/60000 (58%)]	Loss: 0.038394
Train Epoch: 37 [40000/60000 (67%)]	Loss: 0.035778
Train Epoch: 37 [45000/60000 (75%)]	Loss: 0.014852
Train Epoch: 37 [50000/60000 (83%)]	Loss: 0.045322
Train Epoch: 37 [55000/60000 (92%)]	Loss: 0.012599
Train Epoch: 37 [60000/60000 (100%)]	Loss: 0.035342

Average Training loss: 0.0006, Training Error Rate: 3.14% (1884/60000)


Average Test loss: 0.0000, Test Error Rate: 3.45% (345/10000)

Train Epoch: 38 [5000/60000 (8%)]	Loss: 0.016613
Train Epoch: 38 [10000/60000 (17%)]	Loss: 0.006674
Train Epoch: 38 [15000/60000 (25%)]	Loss: 0.021316
Train Epoch: 38 [20000/60000 (33%)]	Loss: 0.049584
Train Epoch: 38 [25000/60000 (42%)]	Loss: 0.039647
Train Epoch: 38 [30000/60000 (50%)]	Loss: 0.065741
Train Epoch: 38 [35000/60000 (58%)]	Loss: 0.024753
Train Epoch: 38 [40000/60000 (67%)]	Loss: 0.020151
Train Epoch: 38 [45000/60000 (75%)]	Loss: 0.046271
Train Epoch: 38 [50000/60000 (83%)]	Loss: 0.040659
Train Epoch: 38 [55000/60000 (92%)]	Loss: 0.031083
Train Epoch: 38 [60000/60000 (100%)]	Loss: 0.023173

Average Training loss: 0.0006, Training Error Rate: 3.08% (1847/60000)


Average Test loss: 0.0000, Test Error Rate: 3.48% (348/10000)

Train Epoch: 39 [5000/60000 (8%)]	Loss: 0.026265
Train Epoch: 39 [10000/60000 (17%)]	Loss: 0.022632
Train Epoch: 39 [15000/60000 (25%)]	Loss: 0.033310
Train Epoch: 39 [20000/60000 (33%)]	Loss: 0.053560
Train Epoch: 39 [25000/60000 (42%)]	Loss: 0.030963
Train Epoch: 39 [30000/60000 (50%)]	Loss: 0.021610
Train Epoch: 39 [35000/60000 (58%)]	Loss: 0.032700
Train Epoch: 39 [40000/60000 (67%)]	Loss: 0.031556
Train Epoch: 39 [45000/60000 (75%)]	Loss: 0.027810
Train Epoch: 39 [50000/60000 (83%)]	Loss: 0.033697
Train Epoch: 39 [55000/60000 (92%)]	Loss: 0.044871
Train Epoch: 39 [60000/60000 (100%)]	Loss: 0.066051

Average Training loss: 0.0006, Training Error Rate: 3.06% (1835/60000)


Average Test loss: 0.0000, Test Error Rate: 3.38% (338/10000)

Train Epoch: 40 [5000/60000 (8%)]	Loss: 0.032571
Train Epoch: 40 [10000/60000 (17%)]	Loss: 0.008029
Train Epoch: 40 [15000/60000 (25%)]	Loss: 0.032025
Train Epoch: 40 [20000/60000 (33%)]	Loss: 0.031021
Train Epoch: 40 [25000/60000 (42%)]	Loss: 0.028590
Train Epoch: 40 [30000/60000 (50%)]	Loss: 0.012102
Train Epoch: 40 [35000/60000 (58%)]	Loss: 0.024816
Train Epoch: 40 [40000/60000 (67%)]	Loss: 0.020561
Train Epoch: 40 [45000/60000 (75%)]	Loss: 0.026332
Train Epoch: 40 [50000/60000 (83%)]	Loss: 0.037304
Train Epoch: 40 [55000/60000 (92%)]	Loss: 0.022895
Train Epoch: 40 [60000/60000 (100%)]	Loss: 0.045090

Average Training loss: 0.0006, Training Error Rate: 2.95% (1770/60000)


Average Test loss: 0.0000, Test Error Rate: 3.29% (329/10000)

Train Epoch: 41 [5000/60000 (8%)]	Loss: 0.031568
Train Epoch: 41 [10000/60000 (17%)]	Loss: 0.028062
Train Epoch: 41 [15000/60000 (25%)]	Loss: 0.032849
Train Epoch: 41 [20000/60000 (33%)]	Loss: 0.026745
Train Epoch: 41 [25000/60000 (42%)]	Loss: 0.027130
Train Epoch: 41 [30000/60000 (50%)]	Loss: 0.027478
Train Epoch: 41 [35000/60000 (58%)]	Loss: 0.027086
Train Epoch: 41 [40000/60000 (67%)]	Loss: 0.016383
Train Epoch: 41 [45000/60000 (75%)]	Loss: 0.018772
Train Epoch: 41 [50000/60000 (83%)]	Loss: 0.033853
Train Epoch: 41 [55000/60000 (92%)]	Loss: 0.039923
Train Epoch: 41 [60000/60000 (100%)]	Loss: 0.025603

Average Training loss: 0.0006, Training Error Rate: 2.95% (1771/60000)


Average Test loss: 0.0000, Test Error Rate: 3.35% (335/10000)

Train Epoch: 42 [5000/60000 (8%)]	Loss: 0.016707
Train Epoch: 42 [10000/60000 (17%)]	Loss: 0.020051
Train Epoch: 42 [15000/60000 (25%)]	Loss: 0.044094
Train Epoch: 42 [20000/60000 (33%)]	Loss: 0.029768
Train Epoch: 42 [25000/60000 (42%)]	Loss: 0.033620
Train Epoch: 42 [30000/60000 (50%)]	Loss: 0.029986
Train Epoch: 42 [35000/60000 (58%)]	Loss: 0.028563
Train Epoch: 42 [40000/60000 (67%)]	Loss: 0.033866
Train Epoch: 42 [45000/60000 (75%)]	Loss: 0.039690
Train Epoch: 42 [50000/60000 (83%)]	Loss: 0.027125
Train Epoch: 42 [55000/60000 (92%)]	Loss: 0.015564
Train Epoch: 42 [60000/60000 (100%)]	Loss: 0.020113

Average Training loss: 0.0006, Training Error Rate: 2.90% (1739/60000)


Average Test loss: 0.0000, Test Error Rate: 3.26% (326/10000)

Train Epoch: 43 [5000/60000 (8%)]	Loss: 0.016034
Train Epoch: 43 [10000/60000 (17%)]	Loss: 0.023917
Train Epoch: 43 [15000/60000 (25%)]	Loss: 0.037839
Train Epoch: 43 [20000/60000 (33%)]	Loss: 0.026707
Train Epoch: 43 [25000/60000 (42%)]	Loss: 0.023051
Train Epoch: 43 [30000/60000 (50%)]	Loss: 0.025309
Train Epoch: 43 [35000/60000 (58%)]	Loss: 0.027706
Train Epoch: 43 [40000/60000 (67%)]	Loss: 0.027421
Train Epoch: 43 [45000/60000 (75%)]	Loss: 0.017397
Train Epoch: 43 [50000/60000 (83%)]	Loss: 0.030608
Train Epoch: 43 [55000/60000 (92%)]	Loss: 0.025709
Train Epoch: 43 [60000/60000 (100%)]	Loss: 0.015263

Average Training loss: 0.0006, Training Error Rate: 2.84% (1704/60000)


Average Test loss: 0.0000, Test Error Rate: 3.19% (319/10000)

Train Epoch: 44 [5000/60000 (8%)]	Loss: 0.012464
Train Epoch: 44 [10000/60000 (17%)]	Loss: 0.042267
Train Epoch: 44 [15000/60000 (25%)]	Loss: 0.053797
Train Epoch: 44 [20000/60000 (33%)]	Loss: 0.040969
Train Epoch: 44 [25000/60000 (42%)]	Loss: 0.030552
Train Epoch: 44 [30000/60000 (50%)]	Loss: 0.028727
Train Epoch: 44 [35000/60000 (58%)]	Loss: 0.033391
Train Epoch: 44 [40000/60000 (67%)]	Loss: 0.075814
Train Epoch: 44 [45000/60000 (75%)]	Loss: 0.017940
Train Epoch: 44 [50000/60000 (83%)]	Loss: 0.031098
Train Epoch: 44 [55000/60000 (92%)]	Loss: 0.061303
Train Epoch: 44 [60000/60000 (100%)]	Loss: 0.017847

Average Training loss: 0.0005, Training Error Rate: 2.81% (1684/60000)


Average Test loss: 0.0000, Test Error Rate: 3.17% (317/10000)

Train Epoch: 45 [5000/60000 (8%)]	Loss: 0.027935
Train Epoch: 45 [10000/60000 (17%)]	Loss: 0.008250
Train Epoch: 45 [15000/60000 (25%)]	Loss: 0.008280
Train Epoch: 45 [20000/60000 (33%)]	Loss: 0.014751
Train Epoch: 45 [25000/60000 (42%)]	Loss: 0.008509
Train Epoch: 45 [30000/60000 (50%)]	Loss: 0.037523
Train Epoch: 45 [35000/60000 (58%)]	Loss: 0.020244
Train Epoch: 45 [40000/60000 (67%)]	Loss: 0.033693
Train Epoch: 45 [45000/60000 (75%)]	Loss: 0.029975
Train Epoch: 45 [50000/60000 (83%)]	Loss: 0.025196
Train Epoch: 45 [55000/60000 (92%)]	Loss: 0.040019
Train Epoch: 45 [60000/60000 (100%)]	Loss: 0.005175

Average Training loss: 0.0005, Training Error Rate: 2.77% (1663/60000)


Average Test loss: 0.0000, Test Error Rate: 3.10% (310/10000)

Train Epoch: 46 [5000/60000 (8%)]	Loss: 0.020937
Train Epoch: 46 [10000/60000 (17%)]	Loss: 0.013344
Train Epoch: 46 [15000/60000 (25%)]	Loss: 0.018703
Train Epoch: 46 [20000/60000 (33%)]	Loss: 0.018405
Train Epoch: 46 [25000/60000 (42%)]	Loss: 0.048275
Train Epoch: 46 [30000/60000 (50%)]	Loss: 0.009611
Train Epoch: 46 [35000/60000 (58%)]	Loss: 0.032285
Train Epoch: 46 [40000/60000 (67%)]	Loss: 0.039406
Train Epoch: 46 [45000/60000 (75%)]	Loss: 0.022823
Train Epoch: 46 [50000/60000 (83%)]	Loss: 0.056208
Train Epoch: 46 [55000/60000 (92%)]	Loss: 0.033436
Train Epoch: 46 [60000/60000 (100%)]	Loss: 0.010546

Average Training loss: 0.0005, Training Error Rate: 2.70% (1620/60000)


Average Test loss: 0.0000, Test Error Rate: 3.11% (311/10000)

Train Epoch: 47 [5000/60000 (8%)]	Loss: 0.017435
Train Epoch: 47 [10000/60000 (17%)]	Loss: 0.032145
Train Epoch: 47 [15000/60000 (25%)]	Loss: 0.029678
Train Epoch: 47 [20000/60000 (33%)]	Loss: 0.018376
Train Epoch: 47 [25000/60000 (42%)]	Loss: 0.018865
Train Epoch: 47 [30000/60000 (50%)]	Loss: 0.044777
Train Epoch: 47 [35000/60000 (58%)]	Loss: 0.051649
Train Epoch: 47 [40000/60000 (67%)]	Loss: 0.015070
Train Epoch: 47 [45000/60000 (75%)]	Loss: 0.025735
Train Epoch: 47 [50000/60000 (83%)]	Loss: 0.013580
Train Epoch: 47 [55000/60000 (92%)]	Loss: 0.026075
Train Epoch: 47 [60000/60000 (100%)]	Loss: 0.055492

Average Training loss: 0.0005, Training Error Rate: 2.66% (1597/60000)


Average Test loss: 0.0000, Test Error Rate: 3.07% (307/10000)

Train Epoch: 48 [5000/60000 (8%)]	Loss: 0.023977
Train Epoch: 48 [10000/60000 (17%)]	Loss: 0.044664
Train Epoch: 48 [15000/60000 (25%)]	Loss: 0.018847
Train Epoch: 48 [20000/60000 (33%)]	Loss: 0.019327
Train Epoch: 48 [25000/60000 (42%)]	Loss: 0.044006
Train Epoch: 48 [30000/60000 (50%)]	Loss: 0.036710
Train Epoch: 48 [35000/60000 (58%)]	Loss: 0.025881
Train Epoch: 48 [40000/60000 (67%)]	Loss: 0.014507
Train Epoch: 48 [45000/60000 (75%)]	Loss: 0.043096
Train Epoch: 48 [50000/60000 (83%)]	Loss: 0.023358
Train Epoch: 48 [55000/60000 (92%)]	Loss: 0.020039
Train Epoch: 48 [60000/60000 (100%)]	Loss: 0.020616

Average Training loss: 0.0005, Training Error Rate: 2.65% (1593/60000)


Average Test loss: 0.0000, Test Error Rate: 3.07% (307/10000)

Train Epoch: 49 [5000/60000 (8%)]	Loss: 0.040847
Train Epoch: 49 [10000/60000 (17%)]	Loss: 0.026678
Train Epoch: 49 [15000/60000 (25%)]	Loss: 0.008945
Train Epoch: 49 [20000/60000 (33%)]	Loss: 0.022420
Train Epoch: 49 [25000/60000 (42%)]	Loss: 0.038423
Train Epoch: 49 [30000/60000 (50%)]	Loss: 0.020659
Train Epoch: 49 [35000/60000 (58%)]	Loss: 0.004514
Train Epoch: 49 [40000/60000 (67%)]	Loss: 0.033607
Train Epoch: 49 [45000/60000 (75%)]	Loss: 0.020329
Train Epoch: 49 [50000/60000 (83%)]	Loss: 0.007365
Train Epoch: 49 [55000/60000 (92%)]	Loss: 0.013407
Train Epoch: 49 [60000/60000 (100%)]	Loss: 0.025310

Average Training loss: 0.0005, Training Error Rate: 2.62% (1569/60000)


Average Test loss: 0.0000, Test Error Rate: 3.04% (304/10000)

Train Epoch: 50 [5000/60000 (8%)]	Loss: 0.041028
Train Epoch: 50 [10000/60000 (17%)]	Loss: 0.028798
Train Epoch: 50 [15000/60000 (25%)]	Loss: 0.044615
Train Epoch: 50 [20000/60000 (33%)]	Loss: 0.010581
Train Epoch: 50 [25000/60000 (42%)]	Loss: 0.010061
Train Epoch: 50 [30000/60000 (50%)]	Loss: 0.029565
Train Epoch: 50 [35000/60000 (58%)]	Loss: 0.020237
Train Epoch: 50 [40000/60000 (67%)]	Loss: 0.040625
Train Epoch: 50 [45000/60000 (75%)]	Loss: 0.043738
Train Epoch: 50 [50000/60000 (83%)]	Loss: 0.028741
Train Epoch: 50 [55000/60000 (92%)]	Loss: 0.018188
Train Epoch: 50 [60000/60000 (100%)]	Loss: 0.046986

Average Training loss: 0.0005, Training Error Rate: 2.57% (1540/60000)


Average Test loss: 0.0000, Test Error Rate: 3.03% (303/10000)

Train Epoch: 51 [5000/60000 (8%)]	Loss: 0.020278
Train Epoch: 51 [10000/60000 (17%)]	Loss: 0.040956
Train Epoch: 51 [15000/60000 (25%)]	Loss: 0.012012
Train Epoch: 51 [20000/60000 (33%)]	Loss: 0.009057
Train Epoch: 51 [25000/60000 (42%)]	Loss: 0.017017
Train Epoch: 51 [30000/60000 (50%)]	Loss: 0.026735
Train Epoch: 51 [35000/60000 (58%)]	Loss: 0.008101
Train Epoch: 51 [40000/60000 (67%)]	Loss: 0.038544
Train Epoch: 51 [45000/60000 (75%)]	Loss: 0.028804
Train Epoch: 51 [50000/60000 (83%)]	Loss: 0.021977
Train Epoch: 51 [55000/60000 (92%)]	Loss: 0.014869
Train Epoch: 51 [60000/60000 (100%)]	Loss: 0.008712

Average Training loss: 0.0005, Training Error Rate: 2.53% (1519/60000)


Average Test loss: 0.0000, Test Error Rate: 2.97% (297/10000)

Train Epoch: 52 [5000/60000 (8%)]	Loss: 0.063709
Train Epoch: 52 [10000/60000 (17%)]	Loss: 0.041987
Train Epoch: 52 [15000/60000 (25%)]	Loss: 0.010328
Train Epoch: 52 [20000/60000 (33%)]	Loss: 0.014482
Train Epoch: 52 [25000/60000 (42%)]	Loss: 0.012502
Train Epoch: 52 [30000/60000 (50%)]	Loss: 0.026152
Train Epoch: 52 [35000/60000 (58%)]	Loss: 0.001513
Train Epoch: 52 [40000/60000 (67%)]	Loss: 0.016894
Train Epoch: 52 [45000/60000 (75%)]	Loss: 0.035726
Train Epoch: 52 [50000/60000 (83%)]	Loss: 0.022868
Train Epoch: 52 [55000/60000 (92%)]	Loss: 0.013243
Train Epoch: 52 [60000/60000 (100%)]	Loss: 0.010837

Average Training loss: 0.0005, Training Error Rate: 2.53% (1516/60000)


Average Test loss: 0.0000, Test Error Rate: 2.97% (297/10000)

Train Epoch: 53 [5000/60000 (8%)]	Loss: 0.021503
Train Epoch: 53 [10000/60000 (17%)]	Loss: 0.029803
Train Epoch: 53 [15000/60000 (25%)]	Loss: 0.015189
Train Epoch: 53 [20000/60000 (33%)]	Loss: 0.018937
Train Epoch: 53 [25000/60000 (42%)]	Loss: 0.038591
Train Epoch: 53 [30000/60000 (50%)]	Loss: 0.007262
Train Epoch: 53 [35000/60000 (58%)]	Loss: 0.010338
Train Epoch: 53 [40000/60000 (67%)]	Loss: 0.035686
Train Epoch: 53 [45000/60000 (75%)]	Loss: 0.023551
Train Epoch: 53 [50000/60000 (83%)]	Loss: 0.028976
Train Epoch: 53 [55000/60000 (92%)]	Loss: 0.015850
Train Epoch: 53 [60000/60000 (100%)]	Loss: 0.022609

Average Training loss: 0.0005, Training Error Rate: 2.48% (1489/60000)


Average Test loss: 0.0000, Test Error Rate: 2.92% (292/10000)

Train Epoch: 54 [5000/60000 (8%)]	Loss: 0.022270
Train Epoch: 54 [10000/60000 (17%)]	Loss: 0.047596
Train Epoch: 54 [15000/60000 (25%)]	Loss: 0.007246
Train Epoch: 54 [20000/60000 (33%)]	Loss: 0.009866
Train Epoch: 54 [25000/60000 (42%)]	Loss: 0.044448
Train Epoch: 54 [30000/60000 (50%)]	Loss: 0.013154
Train Epoch: 54 [35000/60000 (58%)]	Loss: 0.019621
Train Epoch: 54 [40000/60000 (67%)]	Loss: 0.020310
Train Epoch: 54 [45000/60000 (75%)]	Loss: 0.011480
Train Epoch: 54 [50000/60000 (83%)]	Loss: 0.013971
Train Epoch: 54 [55000/60000 (92%)]	Loss: 0.019427
Train Epoch: 54 [60000/60000 (100%)]	Loss: 0.010358

Average Training loss: 0.0005, Training Error Rate: 2.44% (1467/60000)


Average Test loss: 0.0000, Test Error Rate: 2.92% (292/10000)

Train Epoch: 55 [5000/60000 (8%)]	Loss: 0.036237
Train Epoch: 55 [10000/60000 (17%)]	Loss: 0.026410
Train Epoch: 55 [15000/60000 (25%)]	Loss: 0.035876
Train Epoch: 55 [20000/60000 (33%)]	Loss: 0.016559
Train Epoch: 55 [25000/60000 (42%)]	Loss: 0.018015
Train Epoch: 55 [30000/60000 (50%)]	Loss: 0.021405
Train Epoch: 55 [35000/60000 (58%)]	Loss: 0.032055
Train Epoch: 55 [40000/60000 (67%)]	Loss: 0.006410
Train Epoch: 55 [45000/60000 (75%)]	Loss: 0.031744
Train Epoch: 55 [50000/60000 (83%)]	Loss: 0.022522
Train Epoch: 55 [55000/60000 (92%)]	Loss: 0.023441
Train Epoch: 55 [60000/60000 (100%)]	Loss: 0.032612

Average Training loss: 0.0005, Training Error Rate: 2.43% (1458/60000)


Average Test loss: 0.0000, Test Error Rate: 2.92% (292/10000)

Train Epoch: 56 [5000/60000 (8%)]	Loss: 0.020363
Train Epoch: 56 [10000/60000 (17%)]	Loss: 0.025386
Train Epoch: 56 [15000/60000 (25%)]	Loss: 0.017253
Train Epoch: 56 [20000/60000 (33%)]	Loss: 0.021631
Train Epoch: 56 [25000/60000 (42%)]	Loss: 0.013565
Train Epoch: 56 [30000/60000 (50%)]	Loss: 0.027572
Train Epoch: 56 [35000/60000 (58%)]	Loss: 0.017170
Train Epoch: 56 [40000/60000 (67%)]	Loss: 0.025394
Train Epoch: 56 [45000/60000 (75%)]	Loss: 0.007675
Train Epoch: 56 [50000/60000 (83%)]	Loss: 0.029719
Train Epoch: 56 [55000/60000 (92%)]	Loss: 0.009362
Train Epoch: 56 [60000/60000 (100%)]	Loss: 0.036067

Average Training loss: 0.0005, Training Error Rate: 2.40% (1441/60000)


Average Test loss: 0.0000, Test Error Rate: 2.86% (286/10000)

Train Epoch: 57 [5000/60000 (8%)]	Loss: 0.023059
Train Epoch: 57 [10000/60000 (17%)]	Loss: 0.027822
Train Epoch: 57 [15000/60000 (25%)]	Loss: 0.054822
Train Epoch: 57 [20000/60000 (33%)]	Loss: 0.028781
Train Epoch: 57 [25000/60000 (42%)]	Loss: 0.012655
Train Epoch: 57 [30000/60000 (50%)]	Loss: 0.026082
Train Epoch: 57 [35000/60000 (58%)]	Loss: 0.032584
Train Epoch: 57 [40000/60000 (67%)]	Loss: 0.022913
Train Epoch: 57 [45000/60000 (75%)]	Loss: 0.022297
Train Epoch: 57 [50000/60000 (83%)]	Loss: 0.013365
Train Epoch: 57 [55000/60000 (92%)]	Loss: 0.003804
Train Epoch: 57 [60000/60000 (100%)]	Loss: 0.016606

Average Training loss: 0.0005, Training Error Rate: 2.36% (1417/60000)


Average Test loss: 0.0000, Test Error Rate: 2.85% (285/10000)

Train Epoch: 58 [5000/60000 (8%)]	Loss: 0.017722
Train Epoch: 58 [10000/60000 (17%)]	Loss: 0.023950
Train Epoch: 58 [15000/60000 (25%)]	Loss: 0.017051
Train Epoch: 58 [20000/60000 (33%)]	Loss: 0.022098
Train Epoch: 58 [25000/60000 (42%)]	Loss: 0.028794
Train Epoch: 58 [30000/60000 (50%)]	Loss: 0.008003
Train Epoch: 58 [35000/60000 (58%)]	Loss: 0.018941
Train Epoch: 58 [40000/60000 (67%)]	Loss: 0.037942
Train Epoch: 58 [45000/60000 (75%)]	Loss: 0.041279
Train Epoch: 58 [50000/60000 (83%)]	Loss: 0.030679
Train Epoch: 58 [55000/60000 (92%)]	Loss: 0.008200
Train Epoch: 58 [60000/60000 (100%)]	Loss: 0.031113

Average Training loss: 0.0005, Training Error Rate: 2.33% (1398/60000)


Average Test loss: 0.0000, Test Error Rate: 2.82% (282/10000)

Train Epoch: 59 [5000/60000 (8%)]	Loss: 0.027758
Train Epoch: 59 [10000/60000 (17%)]	Loss: 0.018581
Train Epoch: 59 [15000/60000 (25%)]	Loss: 0.022932
Train Epoch: 59 [20000/60000 (33%)]	Loss: 0.021994
Train Epoch: 59 [25000/60000 (42%)]	Loss: 0.020119
Train Epoch: 59 [30000/60000 (50%)]	Loss: 0.023936
Train Epoch: 59 [35000/60000 (58%)]	Loss: 0.013553
Train Epoch: 59 [40000/60000 (67%)]	Loss: 0.050917
Train Epoch: 59 [45000/60000 (75%)]	Loss: 0.016820
Train Epoch: 59 [50000/60000 (83%)]	Loss: 0.010187
Train Epoch: 59 [55000/60000 (92%)]	Loss: 0.009977
Train Epoch: 59 [60000/60000 (100%)]	Loss: 0.012928

Average Training loss: 0.0005, Training Error Rate: 2.29% (1374/60000)


Average Test loss: 0.0000, Test Error Rate: 2.76% (276/10000)

Train Epoch: 60 [5000/60000 (8%)]	Loss: 0.016786
Train Epoch: 60 [10000/60000 (17%)]	Loss: 0.031161
Train Epoch: 60 [15000/60000 (25%)]	Loss: 0.019326
Train Epoch: 60 [20000/60000 (33%)]	Loss: 0.006912
Train Epoch: 60 [25000/60000 (42%)]	Loss: 0.034940
Train Epoch: 60 [30000/60000 (50%)]	Loss: 0.039174
Train Epoch: 60 [35000/60000 (58%)]	Loss: 0.010173
Train Epoch: 60 [40000/60000 (67%)]	Loss: 0.021364
Train Epoch: 60 [45000/60000 (75%)]	Loss: 0.022576
Train Epoch: 60 [50000/60000 (83%)]	Loss: 0.031875
Train Epoch: 60 [55000/60000 (92%)]	Loss: 0.017451
Train Epoch: 60 [60000/60000 (100%)]	Loss: 0.020680

Average Training loss: 0.0005, Training Error Rate: 2.27% (1361/60000)


Average Test loss: 0.0000, Test Error Rate: 2.76% (276/10000)

Train Epoch: 61 [5000/60000 (8%)]	Loss: 0.018302
Train Epoch: 61 [10000/60000 (17%)]	Loss: 0.010543
Train Epoch: 61 [15000/60000 (25%)]	Loss: 0.004823
Train Epoch: 61 [20000/60000 (33%)]	Loss: 0.005476
Train Epoch: 61 [25000/60000 (42%)]	Loss: 0.027627
Train Epoch: 61 [30000/60000 (50%)]	Loss: 0.010099
Train Epoch: 61 [35000/60000 (58%)]	Loss: 0.009842
Train Epoch: 61 [40000/60000 (67%)]	Loss: 0.021065
Train Epoch: 61 [45000/60000 (75%)]	Loss: 0.013220
Train Epoch: 61 [50000/60000 (83%)]	Loss: 0.018799
Train Epoch: 61 [55000/60000 (92%)]	Loss: 0.020116
Train Epoch: 61 [60000/60000 (100%)]	Loss: 0.015215

Average Training loss: 0.0004, Training Error Rate: 2.24% (1344/60000)


Average Test loss: 0.0000, Test Error Rate: 2.75% (275/10000)

Train Epoch: 62 [5000/60000 (8%)]	Loss: 0.012094
Train Epoch: 62 [10000/60000 (17%)]	Loss: 0.014130
Train Epoch: 62 [15000/60000 (25%)]	Loss: 0.024136
Train Epoch: 62 [20000/60000 (33%)]	Loss: 0.026905
Train Epoch: 62 [25000/60000 (42%)]	Loss: 0.019462
Train Epoch: 62 [30000/60000 (50%)]	Loss: 0.012011
Train Epoch: 62 [35000/60000 (58%)]	Loss: 0.013250
Train Epoch: 62 [40000/60000 (67%)]	Loss: 0.019113
Train Epoch: 62 [45000/60000 (75%)]	Loss: 0.028427
Train Epoch: 62 [50000/60000 (83%)]	Loss: 0.009812
Train Epoch: 62 [55000/60000 (92%)]	Loss: 0.013895
Train Epoch: 62 [60000/60000 (100%)]	Loss: 0.011424

Average Training loss: 0.0004, Training Error Rate: 2.23% (1341/60000)


Average Test loss: 0.0000, Test Error Rate: 2.72% (272/10000)

Train Epoch: 63 [5000/60000 (8%)]	Loss: 0.029630
Train Epoch: 63 [10000/60000 (17%)]	Loss: 0.009610
Train Epoch: 63 [15000/60000 (25%)]	Loss: 0.013257
Train Epoch: 63 [20000/60000 (33%)]	Loss: 0.033435
Train Epoch: 63 [25000/60000 (42%)]	Loss: 0.006698
Train Epoch: 63 [30000/60000 (50%)]	Loss: 0.016781
Train Epoch: 63 [35000/60000 (58%)]	Loss: 0.031441
Train Epoch: 63 [40000/60000 (67%)]	Loss: 0.026540
Train Epoch: 63 [45000/60000 (75%)]	Loss: 0.026528
Train Epoch: 63 [50000/60000 (83%)]	Loss: 0.012915
Train Epoch: 63 [55000/60000 (92%)]	Loss: 0.033787
Train Epoch: 63 [60000/60000 (100%)]	Loss: 0.032241

Average Training loss: 0.0004, Training Error Rate: 2.21% (1327/60000)


Average Test loss: 0.0000, Test Error Rate: 2.70% (270/10000)

Train Epoch: 64 [5000/60000 (8%)]	Loss: 0.020691
Train Epoch: 64 [10000/60000 (17%)]	Loss: 0.034281
Train Epoch: 64 [15000/60000 (25%)]	Loss: 0.046208
Train Epoch: 64 [20000/60000 (33%)]	Loss: 0.021727
Train Epoch: 64 [25000/60000 (42%)]	Loss: 0.031484
Train Epoch: 64 [30000/60000 (50%)]	Loss: 0.030643
Train Epoch: 64 [35000/60000 (58%)]	Loss: 0.017707
Train Epoch: 64 [40000/60000 (67%)]	Loss: 0.017219
Train Epoch: 64 [45000/60000 (75%)]	Loss: 0.017023
Train Epoch: 64 [50000/60000 (83%)]	Loss: 0.031737
Train Epoch: 64 [55000/60000 (92%)]	Loss: 0.007918
Train Epoch: 64 [60000/60000 (100%)]	Loss: 0.010204

Average Training loss: 0.0004, Training Error Rate: 2.17% (1301/60000)


Average Test loss: 0.0000, Test Error Rate: 2.72% (272/10000)

Train Epoch: 65 [5000/60000 (8%)]	Loss: 0.009716
Train Epoch: 65 [10000/60000 (17%)]	Loss: 0.033601
Train Epoch: 65 [15000/60000 (25%)]	Loss: 0.033880
Train Epoch: 65 [20000/60000 (33%)]	Loss: 0.038578
Train Epoch: 65 [25000/60000 (42%)]	Loss: 0.023990
Train Epoch: 65 [30000/60000 (50%)]	Loss: 0.012924
Train Epoch: 65 [35000/60000 (58%)]	Loss: 0.019241
Train Epoch: 65 [40000/60000 (67%)]	Loss: 0.007582
Train Epoch: 65 [45000/60000 (75%)]	Loss: 0.004966
Train Epoch: 65 [50000/60000 (83%)]	Loss: 0.023377
Train Epoch: 65 [55000/60000 (92%)]	Loss: 0.031829
Train Epoch: 65 [60000/60000 (100%)]	Loss: 0.047748

Average Training loss: 0.0004, Training Error Rate: 2.12% (1271/60000)


Average Test loss: 0.0000, Test Error Rate: 2.71% (271/10000)

Train Epoch: 66 [5000/60000 (8%)]	Loss: 0.017528
Train Epoch: 66 [10000/60000 (17%)]	Loss: 0.018768
Train Epoch: 66 [15000/60000 (25%)]	Loss: 0.017532
Train Epoch: 66 [20000/60000 (33%)]	Loss: 0.012413
Train Epoch: 66 [25000/60000 (42%)]	Loss: 0.022518
Train Epoch: 66 [30000/60000 (50%)]	Loss: 0.016410
Train Epoch: 66 [35000/60000 (58%)]	Loss: 0.055807
Train Epoch: 66 [40000/60000 (67%)]	Loss: 0.014467
Train Epoch: 66 [45000/60000 (75%)]	Loss: 0.012020
Train Epoch: 66 [50000/60000 (83%)]	Loss: 0.028276
Train Epoch: 66 [55000/60000 (92%)]	Loss: 0.023344
Train Epoch: 66 [60000/60000 (100%)]	Loss: 0.018583

Average Training loss: 0.0004, Training Error Rate: 2.11% (1267/60000)


Average Test loss: 0.0000, Test Error Rate: 2.66% (266/10000)

Train Epoch: 67 [5000/60000 (8%)]	Loss: 0.025961
Train Epoch: 67 [10000/60000 (17%)]	Loss: 0.026761
Train Epoch: 67 [15000/60000 (25%)]	Loss: 0.020603
Train Epoch: 67 [20000/60000 (33%)]	Loss: 0.027073
Train Epoch: 67 [25000/60000 (42%)]	Loss: 0.033683
Train Epoch: 67 [30000/60000 (50%)]	Loss: 0.029566
Train Epoch: 67 [35000/60000 (58%)]	Loss: 0.009049
Train Epoch: 67 [40000/60000 (67%)]	Loss: 0.016683
Train Epoch: 67 [45000/60000 (75%)]	Loss: 0.011694
Train Epoch: 67 [50000/60000 (83%)]	Loss: 0.024264
Train Epoch: 67 [55000/60000 (92%)]	Loss: 0.017316
Train Epoch: 67 [60000/60000 (100%)]	Loss: 0.025347

Average Training loss: 0.0004, Training Error Rate: 2.08% (1250/60000)


Average Test loss: 0.0000, Test Error Rate: 2.68% (268/10000)

Train Epoch: 68 [5000/60000 (8%)]	Loss: 0.020388
Train Epoch: 68 [10000/60000 (17%)]	Loss: 0.013287
Train Epoch: 68 [15000/60000 (25%)]	Loss: 0.025675
Train Epoch: 68 [20000/60000 (33%)]	Loss: 0.014685
Train Epoch: 68 [25000/60000 (42%)]	Loss: 0.010550
Train Epoch: 68 [30000/60000 (50%)]	Loss: 0.011216
Train Epoch: 68 [35000/60000 (58%)]	Loss: 0.002629
Train Epoch: 68 [40000/60000 (67%)]	Loss: 0.009972
Train Epoch: 68 [45000/60000 (75%)]	Loss: 0.010753
Train Epoch: 68 [50000/60000 (83%)]	Loss: 0.008413
Train Epoch: 68 [55000/60000 (92%)]	Loss: 0.025069
Train Epoch: 68 [60000/60000 (100%)]	Loss: 0.021367

Average Training loss: 0.0004, Training Error Rate: 2.07% (1240/60000)


Average Test loss: 0.0000, Test Error Rate: 2.67% (267/10000)

Train Epoch: 69 [5000/60000 (8%)]	Loss: 0.013805
Train Epoch: 69 [10000/60000 (17%)]	Loss: 0.003565
Train Epoch: 69 [15000/60000 (25%)]	Loss: 0.032239
Train Epoch: 69 [20000/60000 (33%)]	Loss: 0.011191
Train Epoch: 69 [25000/60000 (42%)]	Loss: 0.022190
Train Epoch: 69 [30000/60000 (50%)]	Loss: 0.006634
Train Epoch: 69 [35000/60000 (58%)]	Loss: 0.013081
Train Epoch: 69 [40000/60000 (67%)]	Loss: 0.004422
Train Epoch: 69 [45000/60000 (75%)]	Loss: 0.005587
Train Epoch: 69 [50000/60000 (83%)]	Loss: 0.024962
Train Epoch: 69 [55000/60000 (92%)]	Loss: 0.006032
Train Epoch: 69 [60000/60000 (100%)]	Loss: 0.031643

Average Training loss: 0.0004, Training Error Rate: 2.04% (1222/60000)


Average Test loss: 0.0000, Test Error Rate: 2.64% (264/10000)

Train Epoch: 70 [5000/60000 (8%)]	Loss: 0.033560
Train Epoch: 70 [10000/60000 (17%)]	Loss: 0.011665
Train Epoch: 70 [15000/60000 (25%)]	Loss: 0.021120
Train Epoch: 70 [20000/60000 (33%)]	Loss: 0.009080
Train Epoch: 70 [25000/60000 (42%)]	Loss: 0.032397
Train Epoch: 70 [30000/60000 (50%)]	Loss: 0.019694
Train Epoch: 70 [35000/60000 (58%)]	Loss: 0.014224
Train Epoch: 70 [40000/60000 (67%)]	Loss: 0.027356
Train Epoch: 70 [45000/60000 (75%)]	Loss: 0.035902
Train Epoch: 70 [50000/60000 (83%)]	Loss: 0.026548
Train Epoch: 70 [55000/60000 (92%)]	Loss: 0.019713
Train Epoch: 70 [60000/60000 (100%)]	Loss: 0.002922

Average Training loss: 0.0004, Training Error Rate: 2.01% (1206/60000)


Average Test loss: 0.0000, Test Error Rate: 2.60% (260/10000)

Train Epoch: 71 [5000/60000 (8%)]	Loss: 0.026977
Train Epoch: 71 [10000/60000 (17%)]	Loss: 0.009881
Train Epoch: 71 [15000/60000 (25%)]	Loss: 0.021527
Train Epoch: 71 [20000/60000 (33%)]	Loss: 0.003996
Train Epoch: 71 [25000/60000 (42%)]	Loss: 0.010191
Train Epoch: 71 [30000/60000 (50%)]	Loss: 0.022276
Train Epoch: 71 [35000/60000 (58%)]	Loss: 0.022849
Train Epoch: 71 [40000/60000 (67%)]	Loss: 0.022256
Train Epoch: 71 [45000/60000 (75%)]	Loss: 0.019502
Train Epoch: 71 [50000/60000 (83%)]	Loss: 0.009775
Train Epoch: 71 [55000/60000 (92%)]	Loss: 0.014943
Train Epoch: 71 [60000/60000 (100%)]	Loss: 0.011279

Average Training loss: 0.0004, Training Error Rate: 1.99% (1191/60000)


Average Test loss: 0.0000, Test Error Rate: 2.67% (267/10000)

Train Epoch: 72 [5000/60000 (8%)]	Loss: 0.012631
Train Epoch: 72 [10000/60000 (17%)]	Loss: 0.010320
Train Epoch: 72 [15000/60000 (25%)]	Loss: 0.031289
Train Epoch: 72 [20000/60000 (33%)]	Loss: 0.010160
Train Epoch: 72 [25000/60000 (42%)]	Loss: 0.023149
Train Epoch: 72 [30000/60000 (50%)]	Loss: 0.035826
Train Epoch: 72 [35000/60000 (58%)]	Loss: 0.006829
Train Epoch: 72 [40000/60000 (67%)]	Loss: 0.029930
Train Epoch: 72 [45000/60000 (75%)]	Loss: 0.036919
Train Epoch: 72 [50000/60000 (83%)]	Loss: 0.013335
Train Epoch: 72 [55000/60000 (92%)]	Loss: 0.030578
Train Epoch: 72 [60000/60000 (100%)]	Loss: 0.017876

Average Training loss: 0.0004, Training Error Rate: 1.97% (1180/60000)


Average Test loss: 0.0000, Test Error Rate: 2.63% (263/10000)

Train Epoch: 73 [5000/60000 (8%)]	Loss: 0.015052
Train Epoch: 73 [10000/60000 (17%)]	Loss: 0.008475
Train Epoch: 73 [15000/60000 (25%)]	Loss: 0.001503
Train Epoch: 73 [20000/60000 (33%)]	Loss: 0.017626
Train Epoch: 73 [25000/60000 (42%)]	Loss: 0.021060
Train Epoch: 73 [30000/60000 (50%)]	Loss: 0.026893
Train Epoch: 73 [35000/60000 (58%)]	Loss: 0.003822
Train Epoch: 73 [40000/60000 (67%)]	Loss: 0.009871
Train Epoch: 73 [45000/60000 (75%)]	Loss: 0.004268
Train Epoch: 73 [50000/60000 (83%)]	Loss: 0.027998
Train Epoch: 73 [55000/60000 (92%)]	Loss: 0.006217
Train Epoch: 73 [60000/60000 (100%)]	Loss: 0.038210

Average Training loss: 0.0004, Training Error Rate: 1.92% (1154/60000)


Average Test loss: 0.0000, Test Error Rate: 2.57% (257/10000)

Train Epoch: 74 [5000/60000 (8%)]	Loss: 0.020840
Train Epoch: 74 [10000/60000 (17%)]	Loss: 0.017045
Train Epoch: 74 [15000/60000 (25%)]	Loss: 0.010556
Train Epoch: 74 [20000/60000 (33%)]	Loss: 0.060617
Train Epoch: 74 [25000/60000 (42%)]	Loss: 0.018828
Train Epoch: 74 [30000/60000 (50%)]	Loss: 0.020528
Train Epoch: 74 [35000/60000 (58%)]	Loss: 0.014281
Train Epoch: 74 [40000/60000 (67%)]	Loss: 0.021870
Train Epoch: 74 [45000/60000 (75%)]	Loss: 0.020645
Train Epoch: 74 [50000/60000 (83%)]	Loss: 0.020894
Train Epoch: 74 [55000/60000 (92%)]	Loss: 0.041716
Train Epoch: 74 [60000/60000 (100%)]	Loss: 0.020737

Average Training loss: 0.0004, Training Error Rate: 1.90% (1141/60000)


Average Test loss: 0.0000, Test Error Rate: 2.61% (261/10000)

Train Epoch: 75 [5000/60000 (8%)]	Loss: 0.017836
Train Epoch: 75 [10000/60000 (17%)]	Loss: 0.012281
Train Epoch: 75 [15000/60000 (25%)]	Loss: 0.036655
Train Epoch: 75 [20000/60000 (33%)]	Loss: 0.007408
Train Epoch: 75 [25000/60000 (42%)]	Loss: 0.021738
Train Epoch: 75 [30000/60000 (50%)]	Loss: 0.026498
Train Epoch: 75 [35000/60000 (58%)]	Loss: 0.009057
Train Epoch: 75 [40000/60000 (67%)]	Loss: 0.018197
Train Epoch: 75 [45000/60000 (75%)]	Loss: 0.004399
Train Epoch: 75 [50000/60000 (83%)]	Loss: 0.014590
Train Epoch: 75 [55000/60000 (92%)]	Loss: 0.011095
Train Epoch: 75 [60000/60000 (100%)]	Loss: 0.005085

Average Training loss: 0.0004, Training Error Rate: 1.91% (1146/60000)


Average Test loss: 0.0000, Test Error Rate: 2.62% (262/10000)

Train Epoch: 76 [5000/60000 (8%)]	Loss: 0.011816
Train Epoch: 76 [10000/60000 (17%)]	Loss: 0.016798
Train Epoch: 76 [15000/60000 (25%)]	Loss: 0.007120
Train Epoch: 76 [20000/60000 (33%)]	Loss: 0.027069
Train Epoch: 76 [25000/60000 (42%)]	Loss: 0.009992
Train Epoch: 76 [30000/60000 (50%)]	Loss: 0.039121
Train Epoch: 76 [35000/60000 (58%)]	Loss: 0.015463
Train Epoch: 76 [40000/60000 (67%)]	Loss: 0.006164
Train Epoch: 76 [45000/60000 (75%)]	Loss: 0.017444
Train Epoch: 76 [50000/60000 (83%)]	Loss: 0.016329
Train Epoch: 76 [55000/60000 (92%)]	Loss: 0.027290
Train Epoch: 76 [60000/60000 (100%)]	Loss: 0.032202

Average Training loss: 0.0004, Training Error Rate: 1.86% (1115/60000)


Average Test loss: 0.0000, Test Error Rate: 2.59% (259/10000)

Train Epoch: 77 [5000/60000 (8%)]	Loss: 0.010012
Train Epoch: 77 [10000/60000 (17%)]	Loss: 0.013068
Train Epoch: 77 [15000/60000 (25%)]	Loss: 0.020994
Train Epoch: 77 [20000/60000 (33%)]	Loss: 0.022671
Train Epoch: 77 [25000/60000 (42%)]	Loss: 0.010577
Train Epoch: 77 [30000/60000 (50%)]	Loss: 0.015072
Train Epoch: 77 [35000/60000 (58%)]	Loss: 0.049517
Train Epoch: 77 [40000/60000 (67%)]	Loss: 0.071761
Train Epoch: 77 [45000/60000 (75%)]	Loss: 0.011956
Train Epoch: 77 [50000/60000 (83%)]	Loss: 0.008054
Train Epoch: 77 [55000/60000 (92%)]	Loss: 0.025200
Train Epoch: 77 [60000/60000 (100%)]	Loss: 0.031507

Average Training loss: 0.0004, Training Error Rate: 1.85% (1112/60000)


Average Test loss: 0.0000, Test Error Rate: 2.58% (258/10000)

Train Epoch: 78 [5000/60000 (8%)]	Loss: 0.025662
Train Epoch: 78 [10000/60000 (17%)]	Loss: 0.006643
Train Epoch: 78 [15000/60000 (25%)]	Loss: 0.014060
Train Epoch: 78 [20000/60000 (33%)]	Loss: 0.022361
Train Epoch: 78 [25000/60000 (42%)]	Loss: 0.036189
Train Epoch: 78 [30000/60000 (50%)]	Loss: 0.032206
Train Epoch: 78 [35000/60000 (58%)]	Loss: 0.014210
Train Epoch: 78 [40000/60000 (67%)]	Loss: 0.010813
Train Epoch: 78 [45000/60000 (75%)]	Loss: 0.021045
Train Epoch: 78 [50000/60000 (83%)]	Loss: 0.019854
Train Epoch: 78 [55000/60000 (92%)]	Loss: 0.011439
Train Epoch: 78 [60000/60000 (100%)]	Loss: 0.016690

Average Training loss: 0.0004, Training Error Rate: 1.82% (1093/60000)


Average Test loss: 0.0000, Test Error Rate: 2.60% (260/10000)

Train Epoch: 79 [5000/60000 (8%)]	Loss: 0.019525
Train Epoch: 79 [10000/60000 (17%)]	Loss: 0.018299
Train Epoch: 79 [15000/60000 (25%)]	Loss: 0.042118
Train Epoch: 79 [20000/60000 (33%)]	Loss: 0.011426
Train Epoch: 79 [25000/60000 (42%)]	Loss: 0.003992
Train Epoch: 79 [30000/60000 (50%)]	Loss: 0.013022
Train Epoch: 79 [35000/60000 (58%)]	Loss: 0.020684
Train Epoch: 79 [40000/60000 (67%)]	Loss: 0.010166
Train Epoch: 79 [45000/60000 (75%)]	Loss: 0.020825
Train Epoch: 79 [50000/60000 (83%)]	Loss: 0.033955
Train Epoch: 79 [55000/60000 (92%)]	Loss: 0.032737
Train Epoch: 79 [60000/60000 (100%)]	Loss: 0.034806

Average Training loss: 0.0004, Training Error Rate: 1.82% (1091/60000)


Average Test loss: 0.0000, Test Error Rate: 2.53% (253/10000)

Train Epoch: 80 [5000/60000 (8%)]	Loss: 0.011704
Train Epoch: 80 [10000/60000 (17%)]	Loss: 0.009376
Train Epoch: 80 [15000/60000 (25%)]	Loss: 0.019665
Train Epoch: 80 [20000/60000 (33%)]	Loss: 0.027689
Train Epoch: 80 [25000/60000 (42%)]	Loss: 0.013098
Train Epoch: 80 [30000/60000 (50%)]	Loss: 0.008331
Train Epoch: 80 [35000/60000 (58%)]	Loss: 0.026527
Train Epoch: 80 [40000/60000 (67%)]	Loss: 0.020203
Train Epoch: 80 [45000/60000 (75%)]	Loss: 0.008621
Train Epoch: 80 [50000/60000 (83%)]	Loss: 0.017795
Train Epoch: 80 [55000/60000 (92%)]	Loss: 0.030373
Train Epoch: 80 [60000/60000 (100%)]	Loss: 0.024775

Average Training loss: 0.0004, Training Error Rate: 1.78% (1070/60000)


Average Test loss: 0.0000, Test Error Rate: 2.53% (253/10000)

Train Epoch: 81 [5000/60000 (8%)]	Loss: 0.028264
Train Epoch: 81 [10000/60000 (17%)]	Loss: 0.011108
Train Epoch: 81 [15000/60000 (25%)]	Loss: 0.008674
Train Epoch: 81 [20000/60000 (33%)]	Loss: 0.013106
Train Epoch: 81 [25000/60000 (42%)]	Loss: 0.011364
Train Epoch: 81 [30000/60000 (50%)]	Loss: 0.013067
Train Epoch: 81 [35000/60000 (58%)]	Loss: 0.010224
Train Epoch: 81 [40000/60000 (67%)]	Loss: 0.012699
Train Epoch: 81 [45000/60000 (75%)]	Loss: 0.009650
Train Epoch: 81 [50000/60000 (83%)]	Loss: 0.024332
Train Epoch: 81 [55000/60000 (92%)]	Loss: 0.013885
Train Epoch: 81 [60000/60000 (100%)]	Loss: 0.014315

Average Training loss: 0.0004, Training Error Rate: 1.76% (1054/60000)


Average Test loss: 0.0000, Test Error Rate: 2.54% (254/10000)

Train Epoch: 82 [5000/60000 (8%)]	Loss: 0.008783
Train Epoch: 82 [10000/60000 (17%)]	Loss: 0.012092
Train Epoch: 82 [15000/60000 (25%)]	Loss: 0.020876
Train Epoch: 82 [20000/60000 (33%)]	Loss: 0.006873
Train Epoch: 82 [25000/60000 (42%)]	Loss: 0.020439
Train Epoch: 82 [30000/60000 (50%)]	Loss: 0.047174
Train Epoch: 82 [35000/60000 (58%)]	Loss: 0.008377
Train Epoch: 82 [40000/60000 (67%)]	Loss: 0.021987
Train Epoch: 82 [45000/60000 (75%)]	Loss: 0.005848
Train Epoch: 82 [50000/60000 (83%)]	Loss: 0.014474
Train Epoch: 82 [55000/60000 (92%)]	Loss: 0.013099
Train Epoch: 82 [60000/60000 (100%)]	Loss: 0.021751

Average Training loss: 0.0004, Training Error Rate: 1.75% (1047/60000)


Average Test loss: 0.0000, Test Error Rate: 2.51% (251/10000)

Train Epoch: 83 [5000/60000 (8%)]	Loss: 0.049596
Train Epoch: 83 [10000/60000 (17%)]	Loss: 0.002806
Train Epoch: 83 [15000/60000 (25%)]	Loss: 0.015484
Train Epoch: 83 [20000/60000 (33%)]	Loss: 0.039486
Train Epoch: 83 [25000/60000 (42%)]	Loss: 0.008559
Train Epoch: 83 [30000/60000 (50%)]	Loss: 0.014010
Train Epoch: 83 [35000/60000 (58%)]	Loss: 0.003374
Train Epoch: 83 [40000/60000 (67%)]	Loss: 0.031395
Train Epoch: 83 [45000/60000 (75%)]	Loss: 0.030838
Train Epoch: 83 [50000/60000 (83%)]	Loss: 0.043463
Train Epoch: 83 [55000/60000 (92%)]	Loss: 0.033713
Train Epoch: 83 [60000/60000 (100%)]	Loss: 0.038064

Average Training loss: 0.0004, Training Error Rate: 1.73% (1036/60000)


Average Test loss: 0.0000, Test Error Rate: 2.49% (249/10000)

Train Epoch: 84 [5000/60000 (8%)]	Loss: 0.010519
Train Epoch: 84 [10000/60000 (17%)]	Loss: 0.039002
Train Epoch: 84 [15000/60000 (25%)]	Loss: 0.014599
Train Epoch: 84 [20000/60000 (33%)]	Loss: 0.020988
Train Epoch: 84 [25000/60000 (42%)]	Loss: 0.021996
Train Epoch: 84 [30000/60000 (50%)]	Loss: 0.025569
Train Epoch: 84 [35000/60000 (58%)]	Loss: 0.028426
Train Epoch: 84 [40000/60000 (67%)]	Loss: 0.013157
Train Epoch: 84 [45000/60000 (75%)]	Loss: 0.015228
Train Epoch: 84 [50000/60000 (83%)]	Loss: 0.015379
Train Epoch: 84 [55000/60000 (92%)]	Loss: 0.056931
Train Epoch: 84 [60000/60000 (100%)]	Loss: 0.010707

Average Training loss: 0.0004, Training Error Rate: 1.71% (1027/60000)


Average Test loss: 0.0000, Test Error Rate: 2.48% (248/10000)

Train Epoch: 85 [5000/60000 (8%)]	Loss: 0.041014
Train Epoch: 85 [10000/60000 (17%)]	Loss: 0.005226
Train Epoch: 85 [15000/60000 (25%)]	Loss: 0.020799
Train Epoch: 85 [20000/60000 (33%)]	Loss: 0.031313
Train Epoch: 85 [25000/60000 (42%)]	Loss: 0.008466
Train Epoch: 85 [30000/60000 (50%)]	Loss: 0.011144
Train Epoch: 85 [35000/60000 (58%)]	Loss: 0.029644
Train Epoch: 85 [40000/60000 (67%)]	Loss: 0.025294
Train Epoch: 85 [45000/60000 (75%)]	Loss: 0.020900
Train Epoch: 85 [50000/60000 (83%)]	Loss: 0.013569
Train Epoch: 85 [55000/60000 (92%)]	Loss: 0.010569
Train Epoch: 85 [60000/60000 (100%)]	Loss: 0.014327

Average Training loss: 0.0004, Training Error Rate: 1.68% (1005/60000)


Average Test loss: 0.0000, Test Error Rate: 2.49% (249/10000)

Train Epoch: 86 [5000/60000 (8%)]	Loss: 0.021758
Train Epoch: 86 [10000/60000 (17%)]	Loss: 0.025743
Train Epoch: 86 [15000/60000 (25%)]	Loss: 0.006162
Train Epoch: 86 [20000/60000 (33%)]	Loss: 0.005449
Train Epoch: 86 [25000/60000 (42%)]	Loss: 0.016547
Train Epoch: 86 [30000/60000 (50%)]	Loss: 0.033898
Train Epoch: 86 [35000/60000 (58%)]	Loss: 0.003463
Train Epoch: 86 [40000/60000 (67%)]	Loss: 0.023224
Train Epoch: 86 [45000/60000 (75%)]	Loss: 0.019698
Train Epoch: 86 [50000/60000 (83%)]	Loss: 0.033022
Train Epoch: 86 [55000/60000 (92%)]	Loss: 0.008986
Train Epoch: 86 [60000/60000 (100%)]	Loss: 0.024988

Average Training loss: 0.0004, Training Error Rate: 1.68% (1007/60000)


Average Test loss: 0.0000, Test Error Rate: 2.54% (254/10000)

Train Epoch: 87 [5000/60000 (8%)]	Loss: 0.037726
Train Epoch: 87 [10000/60000 (17%)]	Loss: 0.020280
Train Epoch: 87 [15000/60000 (25%)]	Loss: 0.019899
Train Epoch: 87 [20000/60000 (33%)]	Loss: 0.002820
Train Epoch: 87 [25000/60000 (42%)]	Loss: 0.039305
Train Epoch: 87 [30000/60000 (50%)]	Loss: 0.018629
Train Epoch: 87 [35000/60000 (58%)]	Loss: 0.001308
Train Epoch: 87 [40000/60000 (67%)]	Loss: 0.018078
Train Epoch: 87 [45000/60000 (75%)]	Loss: 0.016609
Train Epoch: 87 [50000/60000 (83%)]	Loss: 0.016471
Train Epoch: 87 [55000/60000 (92%)]	Loss: 0.012291
Train Epoch: 87 [60000/60000 (100%)]	Loss: 0.024170

Average Training loss: 0.0004, Training Error Rate: 1.68% (1005/60000)


Average Test loss: 0.0000, Test Error Rate: 2.43% (243/10000)

Train Epoch: 88 [5000/60000 (8%)]	Loss: 0.031778
Train Epoch: 88 [10000/60000 (17%)]	Loss: 0.006165
Train Epoch: 88 [15000/60000 (25%)]	Loss: 0.016973
Train Epoch: 88 [20000/60000 (33%)]	Loss: 0.009912
Train Epoch: 88 [25000/60000 (42%)]	Loss: 0.021901
Train Epoch: 88 [30000/60000 (50%)]	Loss: 0.009061
Train Epoch: 88 [35000/60000 (58%)]	Loss: 0.035179
Train Epoch: 88 [40000/60000 (67%)]	Loss: 0.004588
Train Epoch: 88 [45000/60000 (75%)]	Loss: 0.011473
Train Epoch: 88 [50000/60000 (83%)]	Loss: 0.019051
Train Epoch: 88 [55000/60000 (92%)]	Loss: 0.007899
Train Epoch: 88 [60000/60000 (100%)]	Loss: 0.035751

Average Training loss: 0.0003, Training Error Rate: 1.66% (998/60000)


Average Test loss: 0.0000, Test Error Rate: 2.49% (249/10000)

Train Epoch: 89 [5000/60000 (8%)]	Loss: 0.010881
Train Epoch: 89 [10000/60000 (17%)]	Loss: 0.024108
Train Epoch: 89 [15000/60000 (25%)]	Loss: 0.005988
Train Epoch: 89 [20000/60000 (33%)]	Loss: 0.003364
Train Epoch: 89 [25000/60000 (42%)]	Loss: 0.020366
Train Epoch: 89 [30000/60000 (50%)]	Loss: 0.010537
Train Epoch: 89 [35000/60000 (58%)]	Loss: 0.030795
Train Epoch: 89 [40000/60000 (67%)]	Loss: 0.014846
Train Epoch: 89 [45000/60000 (75%)]	Loss: 0.014776
Train Epoch: 89 [50000/60000 (83%)]	Loss: 0.019972
Train Epoch: 89 [55000/60000 (92%)]	Loss: 0.017086
Train Epoch: 89 [60000/60000 (100%)]	Loss: 0.017047

Average Training loss: 0.0003, Training Error Rate: 1.64% (984/60000)


Average Test loss: 0.0000, Test Error Rate: 2.48% (248/10000)

Train Epoch: 90 [5000/60000 (8%)]	Loss: 0.015917
Train Epoch: 90 [10000/60000 (17%)]	Loss: 0.012767
Train Epoch: 90 [15000/60000 (25%)]	Loss: 0.027417
Train Epoch: 90 [20000/60000 (33%)]	Loss: 0.017255
Train Epoch: 90 [25000/60000 (42%)]	Loss: 0.016613
Train Epoch: 90 [30000/60000 (50%)]	Loss: 0.027581
Train Epoch: 90 [35000/60000 (58%)]	Loss: 0.002412
Train Epoch: 90 [40000/60000 (67%)]	Loss: 0.033415
Train Epoch: 90 [45000/60000 (75%)]	Loss: 0.043071
Train Epoch: 90 [50000/60000 (83%)]	Loss: 0.005807
Train Epoch: 90 [55000/60000 (92%)]	Loss: 0.016407
Train Epoch: 90 [60000/60000 (100%)]	Loss: 0.007194

Average Training loss: 0.0003, Training Error Rate: 1.62% (974/60000)


Average Test loss: 0.0000, Test Error Rate: 2.44% (244/10000)

Train Epoch: 91 [5000/60000 (8%)]	Loss: 0.031595
Train Epoch: 91 [10000/60000 (17%)]	Loss: 0.030532
Train Epoch: 91 [15000/60000 (25%)]	Loss: 0.015853
Train Epoch: 91 [20000/60000 (33%)]	Loss: 0.031128
Train Epoch: 91 [25000/60000 (42%)]	Loss: 0.012594
Train Epoch: 91 [30000/60000 (50%)]	Loss: 0.019875
Train Epoch: 91 [35000/60000 (58%)]	Loss: 0.011515
Train Epoch: 91 [40000/60000 (67%)]	Loss: 0.013318
Train Epoch: 91 [45000/60000 (75%)]	Loss: 0.022517
Train Epoch: 91 [50000/60000 (83%)]	Loss: 0.020001
Train Epoch: 91 [55000/60000 (92%)]	Loss: 0.007403
Train Epoch: 91 [60000/60000 (100%)]	Loss: 0.028291

Average Training loss: 0.0003, Training Error Rate: 1.61% (964/60000)


Average Test loss: 0.0000, Test Error Rate: 2.40% (240/10000)

Train Epoch: 92 [5000/60000 (8%)]	Loss: 0.012707
Train Epoch: 92 [10000/60000 (17%)]	Loss: 0.015736
Train Epoch: 92 [15000/60000 (25%)]	Loss: 0.005047
Train Epoch: 92 [20000/60000 (33%)]	Loss: 0.011276
Train Epoch: 92 [25000/60000 (42%)]	Loss: 0.001562
Train Epoch: 92 [30000/60000 (50%)]	Loss: 0.013258
Train Epoch: 92 [35000/60000 (58%)]	Loss: 0.012563
Train Epoch: 92 [40000/60000 (67%)]	Loss: 0.014498
Train Epoch: 92 [45000/60000 (75%)]	Loss: 0.013527
Train Epoch: 92 [50000/60000 (83%)]	Loss: 0.026648
Train Epoch: 92 [55000/60000 (92%)]	Loss: 0.009033
Train Epoch: 92 [60000/60000 (100%)]	Loss: 0.020537

Average Training loss: 0.0003, Training Error Rate: 1.59% (956/60000)


Average Test loss: 0.0000, Test Error Rate: 2.42% (242/10000)

Train Epoch: 93 [5000/60000 (8%)]	Loss: 0.032208
Train Epoch: 93 [10000/60000 (17%)]	Loss: 0.025261
Train Epoch: 93 [15000/60000 (25%)]	Loss: 0.026434
Train Epoch: 93 [20000/60000 (33%)]	Loss: 0.011020
Train Epoch: 93 [25000/60000 (42%)]	Loss: 0.006646
Train Epoch: 93 [30000/60000 (50%)]	Loss: 0.016487
Train Epoch: 93 [35000/60000 (58%)]	Loss: 0.027737
Train Epoch: 93 [40000/60000 (67%)]	Loss: 0.025840
Train Epoch: 93 [45000/60000 (75%)]	Loss: 0.019259
Train Epoch: 93 [50000/60000 (83%)]	Loss: 0.003609
Train Epoch: 93 [55000/60000 (92%)]	Loss: 0.028783
Train Epoch: 93 [60000/60000 (100%)]	Loss: 0.018014

Average Training loss: 0.0003, Training Error Rate: 1.59% (954/60000)


Average Test loss: 0.0000, Test Error Rate: 2.48% (248/10000)

Train Epoch: 94 [5000/60000 (8%)]	Loss: 0.007260
Train Epoch: 94 [10000/60000 (17%)]	Loss: 0.029841
Train Epoch: 94 [15000/60000 (25%)]	Loss: 0.004498
Train Epoch: 94 [20000/60000 (33%)]	Loss: 0.015969
Train Epoch: 94 [25000/60000 (42%)]	Loss: 0.010229
Train Epoch: 94 [30000/60000 (50%)]	Loss: 0.015650
Train Epoch: 94 [35000/60000 (58%)]	Loss: 0.010550
Train Epoch: 94 [40000/60000 (67%)]	Loss: 0.029465
Train Epoch: 94 [45000/60000 (75%)]	Loss: 0.031500
Train Epoch: 94 [50000/60000 (83%)]	Loss: 0.004508
Train Epoch: 94 [55000/60000 (92%)]	Loss: 0.007706
Train Epoch: 94 [60000/60000 (100%)]	Loss: 0.015767

Average Training loss: 0.0003, Training Error Rate: 1.57% (945/60000)


Average Test loss: 0.0000, Test Error Rate: 2.42% (242/10000)

Train Epoch: 95 [5000/60000 (8%)]	Loss: 0.013316
Train Epoch: 95 [10000/60000 (17%)]	Loss: 0.008961
Train Epoch: 95 [15000/60000 (25%)]	Loss: 0.007611
Train Epoch: 95 [20000/60000 (33%)]	Loss: 0.010971
Train Epoch: 95 [25000/60000 (42%)]	Loss: 0.015132
Train Epoch: 95 [30000/60000 (50%)]	Loss: 0.038010
Train Epoch: 95 [35000/60000 (58%)]	Loss: 0.022770
Train Epoch: 95 [40000/60000 (67%)]	Loss: 0.009785
Train Epoch: 95 [45000/60000 (75%)]	Loss: 0.020257
Train Epoch: 95 [50000/60000 (83%)]	Loss: 0.002783
Train Epoch: 95 [55000/60000 (92%)]	Loss: 0.002859
Train Epoch: 95 [60000/60000 (100%)]	Loss: 0.019642

Average Training loss: 0.0003, Training Error Rate: 1.54% (924/60000)


Average Test loss: 0.0000, Test Error Rate: 2.35% (235/10000)

Train Epoch: 96 [5000/60000 (8%)]	Loss: 0.021530
Train Epoch: 96 [10000/60000 (17%)]	Loss: 0.012214
Train Epoch: 96 [15000/60000 (25%)]	Loss: 0.017861
Train Epoch: 96 [20000/60000 (33%)]	Loss: 0.007422
Train Epoch: 96 [25000/60000 (42%)]	Loss: 0.029591
Train Epoch: 96 [30000/60000 (50%)]	Loss: 0.010944
Train Epoch: 96 [35000/60000 (58%)]	Loss: 0.019302
Train Epoch: 96 [40000/60000 (67%)]	Loss: 0.014922
Train Epoch: 96 [45000/60000 (75%)]	Loss: 0.016943
Train Epoch: 96 [50000/60000 (83%)]	Loss: 0.009473
Train Epoch: 96 [55000/60000 (92%)]	Loss: 0.019197
Train Epoch: 96 [60000/60000 (100%)]	Loss: 0.036700

Average Training loss: 0.0003, Training Error Rate: 1.54% (925/60000)


Average Test loss: 0.0000, Test Error Rate: 2.36% (236/10000)

Train Epoch: 97 [5000/60000 (8%)]	Loss: 0.014479
Train Epoch: 97 [10000/60000 (17%)]	Loss: 0.010174
Train Epoch: 97 [15000/60000 (25%)]	Loss: 0.012871
Train Epoch: 97 [20000/60000 (33%)]	Loss: 0.015236
Train Epoch: 97 [25000/60000 (42%)]	Loss: 0.038755
Train Epoch: 97 [30000/60000 (50%)]	Loss: 0.043504
Train Epoch: 97 [35000/60000 (58%)]	Loss: 0.024294
Train Epoch: 97 [40000/60000 (67%)]	Loss: 0.010754
Train Epoch: 97 [45000/60000 (75%)]	Loss: 0.009513
Train Epoch: 97 [50000/60000 (83%)]	Loss: 0.010564
Train Epoch: 97 [55000/60000 (92%)]	Loss: 0.005469
Train Epoch: 97 [60000/60000 (100%)]	Loss: 0.036370

Average Training loss: 0.0003, Training Error Rate: 1.52% (910/60000)


Average Test loss: 0.0000, Test Error Rate: 2.41% (241/10000)

Train Epoch: 98 [5000/60000 (8%)]	Loss: 0.017172
Train Epoch: 98 [10000/60000 (17%)]	Loss: 0.005803
Train Epoch: 98 [15000/60000 (25%)]	Loss: 0.006393
Train Epoch: 98 [20000/60000 (33%)]	Loss: 0.020777
Train Epoch: 98 [25000/60000 (42%)]	Loss: 0.004791
Train Epoch: 98 [30000/60000 (50%)]	Loss: 0.025540
Train Epoch: 98 [35000/60000 (58%)]	Loss: 0.015427
Train Epoch: 98 [40000/60000 (67%)]	Loss: 0.012960
Train Epoch: 98 [45000/60000 (75%)]	Loss: 0.040522
Train Epoch: 98 [50000/60000 (83%)]	Loss: 0.015435
Train Epoch: 98 [55000/60000 (92%)]	Loss: 0.010738
Train Epoch: 98 [60000/60000 (100%)]	Loss: 0.005436

Average Training loss: 0.0003, Training Error Rate: 1.52% (911/60000)


Average Test loss: 0.0000, Test Error Rate: 2.36% (236/10000)

Train Epoch: 99 [5000/60000 (8%)]	Loss: 0.022924
Train Epoch: 99 [10000/60000 (17%)]	Loss: 0.018472
Train Epoch: 99 [15000/60000 (25%)]	Loss: 0.027348
Train Epoch: 99 [20000/60000 (33%)]	Loss: 0.020416
Train Epoch: 99 [25000/60000 (42%)]	Loss: 0.012330
Train Epoch: 99 [30000/60000 (50%)]	Loss: 0.001418
Train Epoch: 99 [35000/60000 (58%)]	Loss: 0.007539
Train Epoch: 99 [40000/60000 (67%)]	Loss: 0.011665
Train Epoch: 99 [45000/60000 (75%)]	Loss: 0.036962
Train Epoch: 99 [50000/60000 (83%)]	Loss: 0.012366
Train Epoch: 99 [55000/60000 (92%)]	Loss: 0.017489
Train Epoch: 99 [60000/60000 (100%)]	Loss: 0.017835

Average Training loss: 0.0003, Training Error Rate: 1.52% (910/60000)


Average Test loss: 0.0000, Test Error Rate: 2.41% (241/10000)

/vast/home/ajherman/miniconda3/envs/pytorch/lib/python3.11/site-packages/torchvision/io/image.py:13: UserWarning: Failed to load image Python extension: '/vast/home/ajherman/miniconda3/envs/pytorch/lib/python3.11/site-packages/torchvision/image.so: undefined symbol: _ZN5torch3jit17parseSchemaOrNameERKNSt7__cxx1112basic_stringIcSt11char_traitsIcESaIcEEE'If you don't plan on using image functionality from `torchvision.io`, you can ignore this warning. Otherwise, there might be something wrong with your environment. Did you have `libjpeg` or `libpng` installed before building `torchvision` from source?
  warn(
Random seed set as 42
dt =  0.2340716616353513
trace decay =  0.5866462195100318
Random seed set as 42
Random seed set as 42
dt =  0.2340716616353513
trace decay =  0.5866462195100318
Random seed set as 42
/vast/home/ajherman/miniconda3/envs/pytorch/lib/python3.11/site-packages/torchvision/io/image.py:13: UserWarning: Failed to load image Python extension: '/vast/home/ajherman/miniconda3/envs/pytorch/lib/python3.11/site-packages/torchvision/image.so: undefined symbol: _ZN5torch3jit17parseSchemaOrNameERKNSt7__cxx1112basic_stringIcSt11char_traitsIcESaIcEEE'If you don't plan on using image functionality from `torchvision.io`, you can ignore this warning. Otherwise, there might be something wrong with your environment. Did you have `libjpeg` or `libpng` installed before building `torchvision` from source?
  warn(
Random seed set as 42
dt =  0.2340716616353513
trace decay =  0.5866462195100318
Random seed set as 42
Random seed set as 42
dt =  0.2340716616353513
trace decay =  0.5866462195100318
Random seed set as 42
