/vast/home/ajherman/miniconda3/envs/pytorch/lib/python3.11/site-packages/torchvision/io/image.py:13: UserWarning: Failed to load image Python extension: '/vast/home/ajherman/miniconda3/envs/pytorch/lib/python3.11/site-packages/torchvision/image.so: undefined symbol: _ZN5torch3jit17parseSchemaOrNameERKNSt7__cxx1112basic_stringIcSt11char_traitsIcESaIcEEE'If you don't plan on using image functionality from `torchvision.io`, you can ignore this warning. Otherwise, there might be something wrong with your environment. Did you have `libjpeg` or `libpng` installed before building `torchvision` from source?
  warn(
Random seed set as 42
dt =  0.5506710358827784
trace decay =  0.3011942119122021
Random seed set as 42
Random seed set as 42
dt =  0.5506710358827784
trace decay =  0.3011942119122021
Random seed set as 42
Train Epoch: 0 [5000/60000 (8%)]	Loss: 0.453468
Train Epoch: 0 [10000/60000 (17%)]	Loss: 0.412305
Train Epoch: 0 [15000/60000 (25%)]	Loss: 0.372726
Train Epoch: 0 [20000/60000 (33%)]	Loss: 0.348145
Train Epoch: 0 [25000/60000 (42%)]	Loss: 0.334201
Train Epoch: 0 [30000/60000 (50%)]	Loss: 0.310045
Train Epoch: 0 [35000/60000 (58%)]	Loss: 0.247161
Train Epoch: 0 [40000/60000 (67%)]	Loss: 0.249140
Train Epoch: 0 [45000/60000 (75%)]	Loss: 0.255277
Train Epoch: 0 [50000/60000 (83%)]	Loss: 0.246981
Train Epoch: 0 [55000/60000 (92%)]	Loss: 0.252961
Train Epoch: 0 [60000/60000 (100%)]	Loss: 0.198076

Average Training loss: 0.0064, Training Error Rate: 35.12% (21074/60000)


Average Test loss: 0.0002, Test Error Rate: 18.64% (1864/10000)

Train Epoch: 1 [5000/60000 (8%)]	Loss: 0.220342
Train Epoch: 1 [10000/60000 (17%)]	Loss: 0.190095
Train Epoch: 1 [15000/60000 (25%)]	Loss: 0.183891
Train Epoch: 1 [20000/60000 (33%)]	Loss: 0.176746
Train Epoch: 1 [25000/60000 (42%)]	Loss: 0.186148
Train Epoch: 1 [30000/60000 (50%)]	Loss: 0.161626
Train Epoch: 1 [35000/60000 (58%)]	Loss: 0.174082
Train Epoch: 1 [40000/60000 (67%)]	Loss: 0.185286
Train Epoch: 1 [45000/60000 (75%)]	Loss: 0.160435
Train Epoch: 1 [50000/60000 (83%)]	Loss: 0.179353
Train Epoch: 1 [55000/60000 (92%)]	Loss: 0.165547
Train Epoch: 1 [60000/60000 (100%)]	Loss: 0.152566

Average Training loss: 0.0038, Training Error Rate: 17.23% (10335/60000)


Average Test loss: 0.0002, Test Error Rate: 14.42% (1442/10000)

Train Epoch: 2 [5000/60000 (8%)]	Loss: 0.171288
Train Epoch: 2 [10000/60000 (17%)]	Loss: 0.168133
Train Epoch: 2 [15000/60000 (25%)]	Loss: 0.185293
Train Epoch: 2 [20000/60000 (33%)]	Loss: 0.127667
Train Epoch: 2 [25000/60000 (42%)]	Loss: 0.174292
Train Epoch: 2 [30000/60000 (50%)]	Loss: 0.122380
Train Epoch: 2 [35000/60000 (58%)]	Loss: 0.149324
Train Epoch: 2 [40000/60000 (67%)]	Loss: 0.133101
Train Epoch: 2 [45000/60000 (75%)]	Loss: 0.162461
Train Epoch: 2 [50000/60000 (83%)]	Loss: 0.178381
Train Epoch: 2 [55000/60000 (92%)]	Loss: 0.197322
Train Epoch: 2 [60000/60000 (100%)]	Loss: 0.172696

Average Training loss: 0.0030, Training Error Rate: 14.37% (8622/60000)


Average Test loss: 0.0001, Test Error Rate: 12.49% (1249/10000)

Train Epoch: 3 [5000/60000 (8%)]	Loss: 0.158408
Train Epoch: 3 [10000/60000 (17%)]	Loss: 0.161028
Train Epoch: 3 [15000/60000 (25%)]	Loss: 0.100761
Train Epoch: 3 [20000/60000 (33%)]	Loss: 0.105852
Train Epoch: 3 [25000/60000 (42%)]	Loss: 0.171323
Train Epoch: 3 [30000/60000 (50%)]	Loss: 0.134394
Train Epoch: 3 [35000/60000 (58%)]	Loss: 0.114584
Train Epoch: 3 [40000/60000 (67%)]	Loss: 0.135001
Train Epoch: 3 [45000/60000 (75%)]	Loss: 0.130156
Train Epoch: 3 [50000/60000 (83%)]	Loss: 0.137767
Train Epoch: 3 [55000/60000 (92%)]	Loss: 0.166401
Train Epoch: 3 [60000/60000 (100%)]	Loss: 0.139384

Average Training loss: 0.0026, Training Error Rate: 12.93% (7756/60000)


Average Test loss: 0.0001, Test Error Rate: 11.67% (1167/10000)

Train Epoch: 4 [5000/60000 (8%)]	Loss: 0.132357
Train Epoch: 4 [10000/60000 (17%)]	Loss: 0.123472
Train Epoch: 4 [15000/60000 (25%)]	Loss: 0.085851
Train Epoch: 4 [20000/60000 (33%)]	Loss: 0.124630
Train Epoch: 4 [25000/60000 (42%)]	Loss: 0.102181
Train Epoch: 4 [30000/60000 (50%)]	Loss: 0.077661
Train Epoch: 4 [35000/60000 (58%)]	Loss: 0.111546
Train Epoch: 4 [40000/60000 (67%)]	Loss: 0.132713
Train Epoch: 4 [45000/60000 (75%)]	Loss: 0.128161
Train Epoch: 4 [50000/60000 (83%)]	Loss: 0.103084
Train Epoch: 4 [55000/60000 (92%)]	Loss: 0.101248
Train Epoch: 4 [60000/60000 (100%)]	Loss: 0.070475

Average Training loss: 0.0024, Training Error Rate: 12.01% (7208/60000)


Average Test loss: 0.0001, Test Error Rate: 10.94% (1094/10000)

Train Epoch: 5 [5000/60000 (8%)]	Loss: 0.144157
Train Epoch: 5 [10000/60000 (17%)]	Loss: 0.086165
Train Epoch: 5 [15000/60000 (25%)]	Loss: 0.127775
Train Epoch: 5 [20000/60000 (33%)]	Loss: 0.119711
Train Epoch: 5 [25000/60000 (42%)]	Loss: 0.111322
Train Epoch: 5 [30000/60000 (50%)]	Loss: 0.104474
Train Epoch: 5 [35000/60000 (58%)]	Loss: 0.112966
Train Epoch: 5 [40000/60000 (67%)]	Loss: 0.117822
Train Epoch: 5 [45000/60000 (75%)]	Loss: 0.100759
Train Epoch: 5 [50000/60000 (83%)]	Loss: 0.120341
Train Epoch: 5 [55000/60000 (92%)]	Loss: 0.092369
Train Epoch: 5 [60000/60000 (100%)]	Loss: 0.127509

Average Training loss: 0.0022, Training Error Rate: 11.38% (6826/60000)


Average Test loss: 0.0001, Test Error Rate: 10.34% (1034/10000)

Train Epoch: 6 [5000/60000 (8%)]	Loss: 0.155629
Train Epoch: 6 [10000/60000 (17%)]	Loss: 0.099175
Train Epoch: 6 [15000/60000 (25%)]	Loss: 0.066052
Train Epoch: 6 [20000/60000 (33%)]	Loss: 0.105409
Train Epoch: 6 [25000/60000 (42%)]	Loss: 0.119978
Train Epoch: 6 [30000/60000 (50%)]	Loss: 0.069377
Train Epoch: 6 [35000/60000 (58%)]	Loss: 0.084558
Train Epoch: 6 [40000/60000 (67%)]	Loss: 0.085823
Train Epoch: 6 [45000/60000 (75%)]	Loss: 0.094089
Train Epoch: 6 [50000/60000 (83%)]	Loss: 0.107995
Train Epoch: 6 [55000/60000 (92%)]	Loss: 0.113588
Train Epoch: 6 [60000/60000 (100%)]	Loss: 0.110381

Average Training loss: 0.0021, Training Error Rate: 10.94% (6561/60000)


Average Test loss: 0.0001, Test Error Rate: 10.04% (1004/10000)

Train Epoch: 7 [5000/60000 (8%)]	Loss: 0.086396
Train Epoch: 7 [10000/60000 (17%)]	Loss: 0.091773
Train Epoch: 7 [15000/60000 (25%)]	Loss: 0.107322
Train Epoch: 7 [20000/60000 (33%)]	Loss: 0.113320
Train Epoch: 7 [25000/60000 (42%)]	Loss: 0.090956
Train Epoch: 7 [30000/60000 (50%)]	Loss: 0.070343
Train Epoch: 7 [35000/60000 (58%)]	Loss: 0.052310
Train Epoch: 7 [40000/60000 (67%)]	Loss: 0.114983
Train Epoch: 7 [45000/60000 (75%)]	Loss: 0.082461
Train Epoch: 7 [50000/60000 (83%)]	Loss: 0.114476
Train Epoch: 7 [55000/60000 (92%)]	Loss: 0.083095
Train Epoch: 7 [60000/60000 (100%)]	Loss: 0.120133

Average Training loss: 0.0020, Training Error Rate: 10.55% (6333/60000)


Average Test loss: 0.0001, Test Error Rate: 9.78% (978/10000)

Train Epoch: 8 [5000/60000 (8%)]	Loss: 0.096411
Train Epoch: 8 [10000/60000 (17%)]	Loss: 0.111553
Train Epoch: 8 [15000/60000 (25%)]	Loss: 0.086630
Train Epoch: 8 [20000/60000 (33%)]	Loss: 0.115541
Train Epoch: 8 [25000/60000 (42%)]	Loss: 0.088390
Train Epoch: 8 [30000/60000 (50%)]	Loss: 0.072415
Train Epoch: 8 [35000/60000 (58%)]	Loss: 0.062879
Train Epoch: 8 [40000/60000 (67%)]	Loss: 0.086865
Train Epoch: 8 [45000/60000 (75%)]	Loss: 0.101733
Train Epoch: 8 [50000/60000 (83%)]	Loss: 0.076921
Train Epoch: 8 [55000/60000 (92%)]	Loss: 0.116612
Train Epoch: 8 [60000/60000 (100%)]	Loss: 0.067045

Average Training loss: 0.0019, Training Error Rate: 10.23% (6140/60000)


Average Test loss: 0.0001, Test Error Rate: 9.45% (945/10000)

Train Epoch: 9 [5000/60000 (8%)]	Loss: 0.116864
Train Epoch: 9 [10000/60000 (17%)]	Loss: 0.098304
Train Epoch: 9 [15000/60000 (25%)]	Loss: 0.105332
Train Epoch: 9 [20000/60000 (33%)]	Loss: 0.088937
Train Epoch: 9 [25000/60000 (42%)]	Loss: 0.085996
Train Epoch: 9 [30000/60000 (50%)]	Loss: 0.090289
Train Epoch: 9 [35000/60000 (58%)]	Loss: 0.105968
Train Epoch: 9 [40000/60000 (67%)]	Loss: 0.072457
Train Epoch: 9 [45000/60000 (75%)]	Loss: 0.090586
Train Epoch: 9 [50000/60000 (83%)]	Loss: 0.085922
Train Epoch: 9 [55000/60000 (92%)]	Loss: 0.107766
Train Epoch: 9 [60000/60000 (100%)]	Loss: 0.066327

Average Training loss: 0.0018, Training Error Rate: 9.98% (5988/60000)


Average Test loss: 0.0001, Test Error Rate: 9.15% (915/10000)

Train Epoch: 10 [5000/60000 (8%)]	Loss: 0.089331
Train Epoch: 10 [10000/60000 (17%)]	Loss: 0.071664
Train Epoch: 10 [15000/60000 (25%)]	Loss: 0.077444
Train Epoch: 10 [20000/60000 (33%)]	Loss: 0.075681
Train Epoch: 10 [25000/60000 (42%)]	Loss: 0.053616
Train Epoch: 10 [30000/60000 (50%)]	Loss: 0.078088
Train Epoch: 10 [35000/60000 (58%)]	Loss: 0.086835
Train Epoch: 10 [40000/60000 (67%)]	Loss: 0.103257
Train Epoch: 10 [45000/60000 (75%)]	Loss: 0.079653
Train Epoch: 10 [50000/60000 (83%)]	Loss: 0.121079
Train Epoch: 10 [55000/60000 (92%)]	Loss: 0.097582
Train Epoch: 10 [60000/60000 (100%)]	Loss: 0.055900

Average Training loss: 0.0018, Training Error Rate: 9.73% (5841/60000)


Average Test loss: 0.0001, Test Error Rate: 8.96% (896/10000)

Train Epoch: 11 [5000/60000 (8%)]	Loss: 0.086871
Train Epoch: 11 [10000/60000 (17%)]	Loss: 0.073671
Train Epoch: 11 [15000/60000 (25%)]	Loss: 0.094256
Train Epoch: 11 [20000/60000 (33%)]	Loss: 0.093680
Train Epoch: 11 [25000/60000 (42%)]	Loss: 0.088927
Train Epoch: 11 [30000/60000 (50%)]	Loss: 0.065471
Train Epoch: 11 [35000/60000 (58%)]	Loss: 0.124266
Train Epoch: 11 [40000/60000 (67%)]	Loss: 0.112952
Train Epoch: 11 [45000/60000 (75%)]	Loss: 0.094109
Train Epoch: 11 [50000/60000 (83%)]	Loss: 0.075570
Train Epoch: 11 [55000/60000 (92%)]	Loss: 0.099955
Train Epoch: 11 [60000/60000 (100%)]	Loss: 0.084280

Average Training loss: 0.0017, Training Error Rate: 9.49% (5694/60000)


Average Test loss: 0.0001, Test Error Rate: 8.88% (888/10000)

Train Epoch: 12 [5000/60000 (8%)]	Loss: 0.084767
Train Epoch: 12 [10000/60000 (17%)]	Loss: 0.093327
Train Epoch: 12 [15000/60000 (25%)]	Loss: 0.104814
Train Epoch: 12 [20000/60000 (33%)]	Loss: 0.125648
Train Epoch: 12 [25000/60000 (42%)]	Loss: 0.087897
Train Epoch: 12 [30000/60000 (50%)]	Loss: 0.129014
Train Epoch: 12 [35000/60000 (58%)]	Loss: 0.117316
Train Epoch: 12 [40000/60000 (67%)]	Loss: 0.086508
Train Epoch: 12 [45000/60000 (75%)]	Loss: 0.081511
Train Epoch: 12 [50000/60000 (83%)]	Loss: 0.069200
Train Epoch: 12 [55000/60000 (92%)]	Loss: 0.130003
Train Epoch: 12 [60000/60000 (100%)]	Loss: 0.091627

Average Training loss: 0.0017, Training Error Rate: 9.31% (5588/60000)


Average Test loss: 0.0001, Test Error Rate: 8.68% (868/10000)

Train Epoch: 13 [5000/60000 (8%)]	Loss: 0.066815
Train Epoch: 13 [10000/60000 (17%)]	Loss: 0.082181
Train Epoch: 13 [15000/60000 (25%)]	Loss: 0.053036
Train Epoch: 13 [20000/60000 (33%)]	Loss: 0.041384
Train Epoch: 13 [25000/60000 (42%)]	Loss: 0.086472
Train Epoch: 13 [30000/60000 (50%)]	Loss: 0.047458
Train Epoch: 13 [35000/60000 (58%)]	Loss: 0.073409
Train Epoch: 13 [40000/60000 (67%)]	Loss: 0.069859
Train Epoch: 13 [45000/60000 (75%)]	Loss: 0.085073
Train Epoch: 13 [50000/60000 (83%)]	Loss: 0.074604
Train Epoch: 13 [55000/60000 (92%)]	Loss: 0.095315
Train Epoch: 13 [60000/60000 (100%)]	Loss: 0.055785

Average Training loss: 0.0016, Training Error Rate: 9.10% (5458/60000)


Average Test loss: 0.0001, Test Error Rate: 8.46% (846/10000)

Train Epoch: 14 [5000/60000 (8%)]	Loss: 0.081666
Train Epoch: 14 [10000/60000 (17%)]	Loss: 0.043289
Train Epoch: 14 [15000/60000 (25%)]	Loss: 0.077950
Train Epoch: 14 [20000/60000 (33%)]	Loss: 0.088466
Train Epoch: 14 [25000/60000 (42%)]	Loss: 0.083689
Train Epoch: 14 [30000/60000 (50%)]	Loss: 0.116644
Train Epoch: 14 [35000/60000 (58%)]	Loss: 0.100293
Train Epoch: 14 [40000/60000 (67%)]	Loss: 0.100516
Train Epoch: 14 [45000/60000 (75%)]	Loss: 0.072179
Train Epoch: 14 [50000/60000 (83%)]	Loss: 0.061143
Train Epoch: 14 [55000/60000 (92%)]	Loss: 0.091718
Train Epoch: 14 [60000/60000 (100%)]	Loss: 0.098985

Average Training loss: 0.0016, Training Error Rate: 8.93% (5355/60000)


Average Test loss: 0.0001, Test Error Rate: 8.22% (822/10000)

Train Epoch: 15 [5000/60000 (8%)]	Loss: 0.065777
Train Epoch: 15 [10000/60000 (17%)]	Loss: 0.065889
Train Epoch: 15 [15000/60000 (25%)]	Loss: 0.077809
Train Epoch: 15 [20000/60000 (33%)]	Loss: 0.099212
Train Epoch: 15 [25000/60000 (42%)]	Loss: 0.097128
Train Epoch: 15 [30000/60000 (50%)]	Loss: 0.068284
Train Epoch: 15 [35000/60000 (58%)]	Loss: 0.077932
Train Epoch: 15 [40000/60000 (67%)]	Loss: 0.106810
Train Epoch: 15 [45000/60000 (75%)]	Loss: 0.052089
Train Epoch: 15 [50000/60000 (83%)]	Loss: 0.062427
Train Epoch: 15 [55000/60000 (92%)]	Loss: 0.086467
Train Epoch: 15 [60000/60000 (100%)]	Loss: 0.042445

Average Training loss: 0.0016, Training Error Rate: 8.80% (5280/60000)


Average Test loss: 0.0001, Test Error Rate: 8.18% (818/10000)

Train Epoch: 16 [5000/60000 (8%)]	Loss: 0.061813
Train Epoch: 16 [10000/60000 (17%)]	Loss: 0.077968
Train Epoch: 16 [15000/60000 (25%)]	Loss: 0.090921
Train Epoch: 16 [20000/60000 (33%)]	Loss: 0.058208
Train Epoch: 16 [25000/60000 (42%)]	Loss: 0.048681
Train Epoch: 16 [30000/60000 (50%)]	Loss: 0.062836
Train Epoch: 16 [35000/60000 (58%)]	Loss: 0.093027
Train Epoch: 16 [40000/60000 (67%)]	Loss: 0.083773
Train Epoch: 16 [45000/60000 (75%)]	Loss: 0.053377
Train Epoch: 16 [50000/60000 (83%)]	Loss: 0.072887
Train Epoch: 16 [55000/60000 (92%)]	Loss: 0.074454
Train Epoch: 16 [60000/60000 (100%)]	Loss: 0.115678

Average Training loss: 0.0015, Training Error Rate: 8.62% (5171/60000)


Average Test loss: 0.0001, Test Error Rate: 7.90% (790/10000)

Train Epoch: 17 [5000/60000 (8%)]	Loss: 0.090513
Train Epoch: 17 [10000/60000 (17%)]	Loss: 0.068459
Train Epoch: 17 [15000/60000 (25%)]	Loss: 0.077250
Train Epoch: 17 [20000/60000 (33%)]	Loss: 0.083008
Train Epoch: 17 [25000/60000 (42%)]	Loss: 0.036210
Train Epoch: 17 [30000/60000 (50%)]	Loss: 0.055293
Train Epoch: 17 [35000/60000 (58%)]	Loss: 0.073683
Train Epoch: 17 [40000/60000 (67%)]	Loss: 0.071600
Train Epoch: 17 [45000/60000 (75%)]	Loss: 0.079499
Train Epoch: 17 [50000/60000 (83%)]	Loss: 0.060156
Train Epoch: 17 [55000/60000 (92%)]	Loss: 0.036162
Train Epoch: 17 [60000/60000 (100%)]	Loss: 0.068894

Average Training loss: 0.0015, Training Error Rate: 8.52% (5114/60000)


Average Test loss: 0.0001, Test Error Rate: 7.74% (774/10000)

Train Epoch: 18 [5000/60000 (8%)]	Loss: 0.052196
Train Epoch: 18 [10000/60000 (17%)]	Loss: 0.070899
Train Epoch: 18 [15000/60000 (25%)]	Loss: 0.101708
Train Epoch: 18 [20000/60000 (33%)]	Loss: 0.040432
Train Epoch: 18 [25000/60000 (42%)]	Loss: 0.089211
Train Epoch: 18 [30000/60000 (50%)]	Loss: 0.106289
Train Epoch: 18 [35000/60000 (58%)]	Loss: 0.034745
Train Epoch: 18 [40000/60000 (67%)]	Loss: 0.078838
Train Epoch: 18 [45000/60000 (75%)]	Loss: 0.082202
Train Epoch: 18 [50000/60000 (83%)]	Loss: 0.074384
Train Epoch: 18 [55000/60000 (92%)]	Loss: 0.084664
Train Epoch: 18 [60000/60000 (100%)]	Loss: 0.079469

Average Training loss: 0.0015, Training Error Rate: 8.34% (5004/60000)


Average Test loss: 0.0001, Test Error Rate: 7.76% (776/10000)

Train Epoch: 19 [5000/60000 (8%)]	Loss: 0.092221
Train Epoch: 19 [10000/60000 (17%)]	Loss: 0.085707
Train Epoch: 19 [15000/60000 (25%)]	Loss: 0.053256
Train Epoch: 19 [20000/60000 (33%)]	Loss: 0.117346
Train Epoch: 19 [25000/60000 (42%)]	Loss: 0.067458
Train Epoch: 19 [30000/60000 (50%)]	Loss: 0.067645
Train Epoch: 19 [35000/60000 (58%)]	Loss: 0.086565
Train Epoch: 19 [40000/60000 (67%)]	Loss: 0.068470
Train Epoch: 19 [45000/60000 (75%)]	Loss: 0.082923
Train Epoch: 19 [50000/60000 (83%)]	Loss: 0.061072
Train Epoch: 19 [55000/60000 (92%)]	Loss: 0.066908
Train Epoch: 19 [60000/60000 (100%)]	Loss: 0.037649

Average Training loss: 0.0015, Training Error Rate: 8.21% (4925/60000)


Average Test loss: 0.0001, Test Error Rate: 7.52% (752/10000)

Train Epoch: 20 [5000/60000 (8%)]	Loss: 0.084618
Train Epoch: 20 [10000/60000 (17%)]	Loss: 0.098167
Train Epoch: 20 [15000/60000 (25%)]	Loss: 0.050636
Train Epoch: 20 [20000/60000 (33%)]	Loss: 0.093004
Train Epoch: 20 [25000/60000 (42%)]	Loss: 0.084913
Train Epoch: 20 [30000/60000 (50%)]	Loss: 0.088226
Train Epoch: 20 [35000/60000 (58%)]	Loss: 0.038954
Train Epoch: 20 [40000/60000 (67%)]	Loss: 0.072266
Train Epoch: 20 [45000/60000 (75%)]	Loss: 0.083655
Train Epoch: 20 [50000/60000 (83%)]	Loss: 0.055222
Train Epoch: 20 [55000/60000 (92%)]	Loss: 0.075691
Train Epoch: 20 [60000/60000 (100%)]	Loss: 0.056105

Average Training loss: 0.0014, Training Error Rate: 8.09% (4855/60000)


Average Test loss: 0.0001, Test Error Rate: 7.52% (752/10000)

Train Epoch: 21 [5000/60000 (8%)]	Loss: 0.056733
Train Epoch: 21 [10000/60000 (17%)]	Loss: 0.084181
Train Epoch: 21 [15000/60000 (25%)]	Loss: 0.098826
Train Epoch: 21 [20000/60000 (33%)]	Loss: 0.070564
Train Epoch: 21 [25000/60000 (42%)]	Loss: 0.054184
Train Epoch: 21 [30000/60000 (50%)]	Loss: 0.045518
Train Epoch: 21 [35000/60000 (58%)]	Loss: 0.074898
Train Epoch: 21 [40000/60000 (67%)]	Loss: 0.086263
Train Epoch: 21 [45000/60000 (75%)]	Loss: 0.093151
Train Epoch: 21 [50000/60000 (83%)]	Loss: 0.060121
Train Epoch: 21 [55000/60000 (92%)]	Loss: 0.072049
Train Epoch: 21 [60000/60000 (100%)]	Loss: 0.041800

Average Training loss: 0.0014, Training Error Rate: 7.98% (4788/60000)


Average Test loss: 0.0001, Test Error Rate: 7.38% (738/10000)

Train Epoch: 22 [5000/60000 (8%)]	Loss: 0.051808
Train Epoch: 22 [10000/60000 (17%)]	Loss: 0.054873
Train Epoch: 22 [15000/60000 (25%)]	Loss: 0.085076
Train Epoch: 22 [20000/60000 (33%)]	Loss: 0.082571
Train Epoch: 22 [25000/60000 (42%)]	Loss: 0.049236
Train Epoch: 22 [30000/60000 (50%)]	Loss: 0.076908
Train Epoch: 22 [35000/60000 (58%)]	Loss: 0.106792
Train Epoch: 22 [40000/60000 (67%)]	Loss: 0.077176
Train Epoch: 22 [45000/60000 (75%)]	Loss: 0.084063
Train Epoch: 22 [50000/60000 (83%)]	Loss: 0.078651
Train Epoch: 22 [55000/60000 (92%)]	Loss: 0.042149
Train Epoch: 22 [60000/60000 (100%)]	Loss: 0.079079

Average Training loss: 0.0014, Training Error Rate: 7.85% (4712/60000)


Average Test loss: 0.0001, Test Error Rate: 7.38% (738/10000)

Train Epoch: 23 [5000/60000 (8%)]	Loss: 0.060548
Train Epoch: 23 [10000/60000 (17%)]	Loss: 0.109442
Train Epoch: 23 [15000/60000 (25%)]	Loss: 0.082818
Train Epoch: 23 [20000/60000 (33%)]	Loss: 0.082389
Train Epoch: 23 [25000/60000 (42%)]	Loss: 0.065843
Train Epoch: 23 [30000/60000 (50%)]	Loss: 0.042043
Train Epoch: 23 [35000/60000 (58%)]	Loss: 0.096454
Train Epoch: 23 [40000/60000 (67%)]	Loss: 0.118483
Train Epoch: 23 [45000/60000 (75%)]	Loss: 0.078624
Train Epoch: 23 [50000/60000 (83%)]	Loss: 0.059066
Train Epoch: 23 [55000/60000 (92%)]	Loss: 0.056570
Train Epoch: 23 [60000/60000 (100%)]	Loss: 0.072777

Average Training loss: 0.0014, Training Error Rate: 7.75% (4648/60000)


Average Test loss: 0.0001, Test Error Rate: 7.25% (725/10000)

Train Epoch: 24 [5000/60000 (8%)]	Loss: 0.041212
Train Epoch: 24 [10000/60000 (17%)]	Loss: 0.055190
Train Epoch: 24 [15000/60000 (25%)]	Loss: 0.065453
Train Epoch: 24 [20000/60000 (33%)]	Loss: 0.050749
Train Epoch: 24 [25000/60000 (42%)]	Loss: 0.109438
Train Epoch: 24 [30000/60000 (50%)]	Loss: 0.073378
Train Epoch: 24 [35000/60000 (58%)]	Loss: 0.062941
Train Epoch: 24 [40000/60000 (67%)]	Loss: 0.082006
Train Epoch: 24 [45000/60000 (75%)]	Loss: 0.057315
Train Epoch: 24 [50000/60000 (83%)]	Loss: 0.055284
Train Epoch: 24 [55000/60000 (92%)]	Loss: 0.076515
Train Epoch: 24 [60000/60000 (100%)]	Loss: 0.082858

Average Training loss: 0.0014, Training Error Rate: 7.61% (4565/60000)


Average Test loss: 0.0001, Test Error Rate: 7.18% (718/10000)

Train Epoch: 25 [5000/60000 (8%)]	Loss: 0.053290
Train Epoch: 25 [10000/60000 (17%)]	Loss: 0.075719
Train Epoch: 25 [15000/60000 (25%)]	Loss: 0.026489
Train Epoch: 25 [20000/60000 (33%)]	Loss: 0.042808
Train Epoch: 25 [25000/60000 (42%)]	Loss: 0.107687
Train Epoch: 25 [30000/60000 (50%)]	Loss: 0.049280
Train Epoch: 25 [35000/60000 (58%)]	Loss: 0.053499
Train Epoch: 25 [40000/60000 (67%)]	Loss: 0.059841
Train Epoch: 25 [45000/60000 (75%)]	Loss: 0.022956
Train Epoch: 25 [50000/60000 (83%)]	Loss: 0.058255
Train Epoch: 25 [55000/60000 (92%)]	Loss: 0.062710
Train Epoch: 25 [60000/60000 (100%)]	Loss: 0.049859

Average Training loss: 0.0013, Training Error Rate: 7.51% (4506/60000)


Average Test loss: 0.0001, Test Error Rate: 7.05% (705/10000)

Train Epoch: 26 [5000/60000 (8%)]	Loss: 0.066511
Train Epoch: 26 [10000/60000 (17%)]	Loss: 0.094990
Train Epoch: 26 [15000/60000 (25%)]	Loss: 0.045162
Train Epoch: 26 [20000/60000 (33%)]	Loss: 0.083195
Train Epoch: 26 [25000/60000 (42%)]	Loss: 0.044724
Train Epoch: 26 [30000/60000 (50%)]	Loss: 0.062067
Train Epoch: 26 [35000/60000 (58%)]	Loss: 0.120247
Train Epoch: 26 [40000/60000 (67%)]	Loss: 0.058499
Train Epoch: 26 [45000/60000 (75%)]	Loss: 0.078117
Train Epoch: 26 [50000/60000 (83%)]	Loss: 0.108818
Train Epoch: 26 [55000/60000 (92%)]	Loss: 0.059872
Train Epoch: 26 [60000/60000 (100%)]	Loss: 0.067449

Average Training loss: 0.0013, Training Error Rate: 7.43% (4459/60000)


Average Test loss: 0.0001, Test Error Rate: 7.01% (701/10000)

Train Epoch: 27 [5000/60000 (8%)]	Loss: 0.062046
Train Epoch: 27 [10000/60000 (17%)]	Loss: 0.115731
Train Epoch: 27 [15000/60000 (25%)]	Loss: 0.057309
Train Epoch: 27 [20000/60000 (33%)]	Loss: 0.032193
Train Epoch: 27 [25000/60000 (42%)]	Loss: 0.036330
Train Epoch: 27 [30000/60000 (50%)]	Loss: 0.057364
Train Epoch: 27 [35000/60000 (58%)]	Loss: 0.090253
Train Epoch: 27 [40000/60000 (67%)]	Loss: 0.075491
Train Epoch: 27 [45000/60000 (75%)]	Loss: 0.059137
Train Epoch: 27 [50000/60000 (83%)]	Loss: 0.066491
Train Epoch: 27 [55000/60000 (92%)]	Loss: 0.062702
Train Epoch: 27 [60000/60000 (100%)]	Loss: 0.075444

Average Training loss: 0.0013, Training Error Rate: 7.34% (4404/60000)


Average Test loss: 0.0001, Test Error Rate: 6.95% (695/10000)

Train Epoch: 28 [5000/60000 (8%)]	Loss: 0.043831
Train Epoch: 28 [10000/60000 (17%)]	Loss: 0.081323
Train Epoch: 28 [15000/60000 (25%)]	Loss: 0.082634
Train Epoch: 28 [20000/60000 (33%)]	Loss: 0.045140
Train Epoch: 28 [25000/60000 (42%)]	Loss: 0.055515
Train Epoch: 28 [30000/60000 (50%)]	Loss: 0.049563
Train Epoch: 28 [35000/60000 (58%)]	Loss: 0.087060
Train Epoch: 28 [40000/60000 (67%)]	Loss: 0.104152
Train Epoch: 28 [45000/60000 (75%)]	Loss: 0.043121
Train Epoch: 28 [50000/60000 (83%)]	Loss: 0.039961
Train Epoch: 28 [55000/60000 (92%)]	Loss: 0.097040
Train Epoch: 28 [60000/60000 (100%)]	Loss: 0.101467

Average Training loss: 0.0013, Training Error Rate: 7.24% (4342/60000)


Average Test loss: 0.0001, Test Error Rate: 6.79% (679/10000)

Train Epoch: 29 [5000/60000 (8%)]	Loss: 0.041861
Train Epoch: 29 [10000/60000 (17%)]	Loss: 0.089575
Train Epoch: 29 [15000/60000 (25%)]	Loss: 0.067106
Train Epoch: 29 [20000/60000 (33%)]	Loss: 0.036920
Train Epoch: 29 [25000/60000 (42%)]	Loss: 0.034537
Train Epoch: 29 [30000/60000 (50%)]	Loss: 0.048083
Train Epoch: 29 [35000/60000 (58%)]	Loss: 0.074759
Train Epoch: 29 [40000/60000 (67%)]	Loss: 0.097098
Train Epoch: 29 [45000/60000 (75%)]	Loss: 0.067983
Train Epoch: 29 [50000/60000 (83%)]	Loss: 0.071446
Train Epoch: 29 [55000/60000 (92%)]	Loss: 0.077315
Train Epoch: 29 [60000/60000 (100%)]	Loss: 0.077231

Average Training loss: 0.0013, Training Error Rate: 7.17% (4301/60000)


Average Test loss: 0.0001, Test Error Rate: 6.77% (677/10000)

Train Epoch: 30 [5000/60000 (8%)]	Loss: 0.047675
Train Epoch: 30 [10000/60000 (17%)]	Loss: 0.069277
Train Epoch: 30 [15000/60000 (25%)]	Loss: 0.077297
Train Epoch: 30 [20000/60000 (33%)]	Loss: 0.056464
Train Epoch: 30 [25000/60000 (42%)]	Loss: 0.066283
Train Epoch: 30 [30000/60000 (50%)]	Loss: 0.038051
Train Epoch: 30 [35000/60000 (58%)]	Loss: 0.045303
Train Epoch: 30 [40000/60000 (67%)]	Loss: 0.110353
Train Epoch: 30 [45000/60000 (75%)]	Loss: 0.097670
Train Epoch: 30 [50000/60000 (83%)]	Loss: 0.096641
Train Epoch: 30 [55000/60000 (92%)]	Loss: 0.039796
Train Epoch: 30 [60000/60000 (100%)]	Loss: 0.098609

Average Training loss: 0.0012, Training Error Rate: 7.05% (4228/60000)


Average Test loss: 0.0001, Test Error Rate: 6.63% (663/10000)

Train Epoch: 31 [5000/60000 (8%)]	Loss: 0.093796
Train Epoch: 31 [10000/60000 (17%)]	Loss: 0.073579
Train Epoch: 31 [15000/60000 (25%)]	Loss: 0.087729
Train Epoch: 31 [20000/60000 (33%)]	Loss: 0.079296
Train Epoch: 31 [25000/60000 (42%)]	Loss: 0.031609
Train Epoch: 31 [30000/60000 (50%)]	Loss: 0.055451
Train Epoch: 31 [35000/60000 (58%)]	Loss: 0.098357
Train Epoch: 31 [40000/60000 (67%)]	Loss: 0.055480
Train Epoch: 31 [45000/60000 (75%)]	Loss: 0.079391
Train Epoch: 31 [50000/60000 (83%)]	Loss: 0.065608
Train Epoch: 31 [55000/60000 (92%)]	Loss: 0.035709
Train Epoch: 31 [60000/60000 (100%)]	Loss: 0.032642

Average Training loss: 0.0012, Training Error Rate: 6.97% (4180/60000)


Average Test loss: 0.0001, Test Error Rate: 6.54% (654/10000)

Train Epoch: 32 [5000/60000 (8%)]	Loss: 0.044984
Train Epoch: 32 [10000/60000 (17%)]	Loss: 0.034604
Train Epoch: 32 [15000/60000 (25%)]	Loss: 0.061181
Train Epoch: 32 [20000/60000 (33%)]	Loss: 0.044388
Train Epoch: 32 [25000/60000 (42%)]	Loss: 0.106979
Train Epoch: 32 [30000/60000 (50%)]	Loss: 0.037457
Train Epoch: 32 [35000/60000 (58%)]	Loss: 0.034063
Train Epoch: 32 [40000/60000 (67%)]	Loss: 0.122700
Train Epoch: 32 [45000/60000 (75%)]	Loss: 0.053190
Train Epoch: 32 [50000/60000 (83%)]	Loss: 0.075237
Train Epoch: 32 [55000/60000 (92%)]	Loss: 0.071953
Train Epoch: 32 [60000/60000 (100%)]	Loss: 0.051464

Average Training loss: 0.0012, Training Error Rate: 6.89% (4134/60000)


Average Test loss: 0.0001, Test Error Rate: 6.54% (654/10000)

Train Epoch: 33 [5000/60000 (8%)]	Loss: 0.030421
Train Epoch: 33 [10000/60000 (17%)]	Loss: 0.029377
Train Epoch: 33 [15000/60000 (25%)]	Loss: 0.085021
Train Epoch: 33 [20000/60000 (33%)]	Loss: 0.084301
Train Epoch: 33 [25000/60000 (42%)]	Loss: 0.071263
Train Epoch: 33 [30000/60000 (50%)]	Loss: 0.060777
Train Epoch: 33 [35000/60000 (58%)]	Loss: 0.049829
Train Epoch: 33 [40000/60000 (67%)]	Loss: 0.038170
Train Epoch: 33 [45000/60000 (75%)]	Loss: 0.058998
Train Epoch: 33 [50000/60000 (83%)]	Loss: 0.047381
Train Epoch: 33 [55000/60000 (92%)]	Loss: 0.050296
Train Epoch: 33 [60000/60000 (100%)]	Loss: 0.044759

Average Training loss: 0.0012, Training Error Rate: 6.78% (4066/60000)


Average Test loss: 0.0001, Test Error Rate: 6.48% (648/10000)

Train Epoch: 34 [5000/60000 (8%)]	Loss: 0.059177
Train Epoch: 34 [10000/60000 (17%)]	Loss: 0.030590
Train Epoch: 34 [15000/60000 (25%)]	Loss: 0.032147
Train Epoch: 34 [20000/60000 (33%)]	Loss: 0.043283
Train Epoch: 34 [25000/60000 (42%)]	Loss: 0.039947
Train Epoch: 34 [30000/60000 (50%)]	Loss: 0.069236
Train Epoch: 34 [35000/60000 (58%)]	Loss: 0.053043
Train Epoch: 34 [40000/60000 (67%)]	Loss: 0.040870
Train Epoch: 34 [45000/60000 (75%)]	Loss: 0.049865
Train Epoch: 34 [50000/60000 (83%)]	Loss: 0.086228
Train Epoch: 34 [55000/60000 (92%)]	Loss: 0.032327
Train Epoch: 34 [60000/60000 (100%)]	Loss: 0.036240

Average Training loss: 0.0012, Training Error Rate: 6.74% (4042/60000)


Average Test loss: 0.0001, Test Error Rate: 6.34% (634/10000)

Train Epoch: 35 [5000/60000 (8%)]	Loss: 0.031867
Train Epoch: 35 [10000/60000 (17%)]	Loss: 0.083012
Train Epoch: 35 [15000/60000 (25%)]	Loss: 0.087583
Train Epoch: 35 [20000/60000 (33%)]	Loss: 0.023917
Train Epoch: 35 [25000/60000 (42%)]	Loss: 0.063918
Train Epoch: 35 [30000/60000 (50%)]	Loss: 0.038750
Train Epoch: 35 [35000/60000 (58%)]	Loss: 0.067061
Train Epoch: 35 [40000/60000 (67%)]	Loss: 0.035906
Train Epoch: 35 [45000/60000 (75%)]	Loss: 0.047866
Train Epoch: 35 [50000/60000 (83%)]	Loss: 0.041360
Train Epoch: 35 [55000/60000 (92%)]	Loss: 0.044558
Train Epoch: 35 [60000/60000 (100%)]	Loss: 0.027766

Average Training loss: 0.0012, Training Error Rate: 6.66% (3996/60000)


Average Test loss: 0.0001, Test Error Rate: 6.37% (637/10000)

Train Epoch: 36 [5000/60000 (8%)]	Loss: 0.048876
Train Epoch: 36 [10000/60000 (17%)]	Loss: 0.101437
Train Epoch: 36 [15000/60000 (25%)]	Loss: 0.098737
Train Epoch: 36 [20000/60000 (33%)]	Loss: 0.035930
Train Epoch: 36 [25000/60000 (42%)]	Loss: 0.043525
Train Epoch: 36 [30000/60000 (50%)]	Loss: 0.045484
Train Epoch: 36 [35000/60000 (58%)]	Loss: 0.099248
Train Epoch: 36 [40000/60000 (67%)]	Loss: 0.040432
Train Epoch: 36 [45000/60000 (75%)]	Loss: 0.082911
Train Epoch: 36 [50000/60000 (83%)]	Loss: 0.062964
Train Epoch: 36 [55000/60000 (92%)]	Loss: 0.033409
Train Epoch: 36 [60000/60000 (100%)]	Loss: 0.039167

Average Training loss: 0.0012, Training Error Rate: 6.58% (3948/60000)


Average Test loss: 0.0001, Test Error Rate: 6.28% (628/10000)

Train Epoch: 37 [5000/60000 (8%)]	Loss: 0.046342
Train Epoch: 37 [10000/60000 (17%)]	Loss: 0.034970
Train Epoch: 37 [15000/60000 (25%)]	Loss: 0.079354
Train Epoch: 37 [20000/60000 (33%)]	Loss: 0.088648
Train Epoch: 37 [25000/60000 (42%)]	Loss: 0.045530
Train Epoch: 37 [30000/60000 (50%)]	Loss: 0.086010
Train Epoch: 37 [35000/60000 (58%)]	Loss: 0.077142
Train Epoch: 37 [40000/60000 (67%)]	Loss: 0.066412
Train Epoch: 37 [45000/60000 (75%)]	Loss: 0.037056
Train Epoch: 37 [50000/60000 (83%)]	Loss: 0.081141
Train Epoch: 37 [55000/60000 (92%)]	Loss: 0.032623
Train Epoch: 37 [60000/60000 (100%)]	Loss: 0.080435

Average Training loss: 0.0012, Training Error Rate: 6.54% (3924/60000)


Average Test loss: 0.0001, Test Error Rate: 6.22% (622/10000)

Train Epoch: 38 [5000/60000 (8%)]	Loss: 0.039506
Train Epoch: 38 [10000/60000 (17%)]	Loss: 0.024476
Train Epoch: 38 [15000/60000 (25%)]	Loss: 0.058248
Train Epoch: 38 [20000/60000 (33%)]	Loss: 0.100011
Train Epoch: 38 [25000/60000 (42%)]	Loss: 0.069007
Train Epoch: 38 [30000/60000 (50%)]	Loss: 0.102957
Train Epoch: 38 [35000/60000 (58%)]	Loss: 0.051757
Train Epoch: 38 [40000/60000 (67%)]	Loss: 0.028525
Train Epoch: 38 [45000/60000 (75%)]	Loss: 0.083001
Train Epoch: 38 [50000/60000 (83%)]	Loss: 0.076346
Train Epoch: 38 [55000/60000 (92%)]	Loss: 0.045679
Train Epoch: 38 [60000/60000 (100%)]	Loss: 0.058351

Average Training loss: 0.0011, Training Error Rate: 6.47% (3882/60000)


Average Test loss: 0.0001, Test Error Rate: 6.24% (624/10000)

Train Epoch: 39 [5000/60000 (8%)]	Loss: 0.045281
Train Epoch: 39 [10000/60000 (17%)]	Loss: 0.059016
Train Epoch: 39 [15000/60000 (25%)]	Loss: 0.050899
Train Epoch: 39 [20000/60000 (33%)]	Loss: 0.089345
Train Epoch: 39 [25000/60000 (42%)]	Loss: 0.073028
Train Epoch: 39 [30000/60000 (50%)]	Loss: 0.049993
Train Epoch: 39 [35000/60000 (58%)]	Loss: 0.077988
Train Epoch: 39 [40000/60000 (67%)]	Loss: 0.051979
Train Epoch: 39 [45000/60000 (75%)]	Loss: 0.050715
Train Epoch: 39 [50000/60000 (83%)]	Loss: 0.047092
Train Epoch: 39 [55000/60000 (92%)]	Loss: 0.086608
Train Epoch: 39 [60000/60000 (100%)]	Loss: 0.097287

Average Training loss: 0.0011, Training Error Rate: 6.42% (3849/60000)


Average Test loss: 0.0001, Test Error Rate: 6.18% (618/10000)

Train Epoch: 40 [5000/60000 (8%)]	Loss: 0.067090
Train Epoch: 40 [10000/60000 (17%)]	Loss: 0.049914
Train Epoch: 40 [15000/60000 (25%)]	Loss: 0.047801
Train Epoch: 40 [20000/60000 (33%)]	Loss: 0.061304
Train Epoch: 40 [25000/60000 (42%)]	Loss: 0.055499
Train Epoch: 40 [30000/60000 (50%)]	Loss: 0.027131
Train Epoch: 40 [35000/60000 (58%)]	Loss: 0.051740
Train Epoch: 40 [40000/60000 (67%)]	Loss: 0.056250
Train Epoch: 40 [45000/60000 (75%)]	Loss: 0.058475
Train Epoch: 40 [50000/60000 (83%)]	Loss: 0.055854
Train Epoch: 40 [55000/60000 (92%)]	Loss: 0.050249
Train Epoch: 40 [60000/60000 (100%)]	Loss: 0.095595

Average Training loss: 0.0011, Training Error Rate: 6.36% (3814/60000)


Average Test loss: 0.0001, Test Error Rate: 6.14% (614/10000)

Train Epoch: 41 [5000/60000 (8%)]	Loss: 0.069978
Train Epoch: 41 [10000/60000 (17%)]	Loss: 0.042006
Train Epoch: 41 [15000/60000 (25%)]	Loss: 0.045524
Train Epoch: 41 [20000/60000 (33%)]	Loss: 0.045736
Train Epoch: 41 [25000/60000 (42%)]	Loss: 0.071426
Train Epoch: 41 [30000/60000 (50%)]	Loss: 0.047330
Train Epoch: 41 [35000/60000 (58%)]	Loss: 0.061707
Train Epoch: 41 [40000/60000 (67%)]	Loss: 0.033802
Train Epoch: 41 [45000/60000 (75%)]	Loss: 0.045882
Train Epoch: 41 [50000/60000 (83%)]	Loss: 0.065166
Train Epoch: 41 [55000/60000 (92%)]	Loss: 0.071755
Train Epoch: 41 [60000/60000 (100%)]	Loss: 0.059097

Average Training loss: 0.0011, Training Error Rate: 6.30% (3778/60000)


Average Test loss: 0.0001, Test Error Rate: 6.08% (608/10000)

Train Epoch: 42 [5000/60000 (8%)]	Loss: 0.033178
Train Epoch: 42 [10000/60000 (17%)]	Loss: 0.048488
Train Epoch: 42 [15000/60000 (25%)]	Loss: 0.093690
Train Epoch: 42 [20000/60000 (33%)]	Loss: 0.048727
Train Epoch: 42 [25000/60000 (42%)]	Loss: 0.088229
Train Epoch: 42 [30000/60000 (50%)]	Loss: 0.061101
Train Epoch: 42 [35000/60000 (58%)]	Loss: 0.048907
Train Epoch: 42 [40000/60000 (67%)]	Loss: 0.074866
Train Epoch: 42 [45000/60000 (75%)]	Loss: 0.084572
Train Epoch: 42 [50000/60000 (83%)]	Loss: 0.052032
Train Epoch: 42 [55000/60000 (92%)]	Loss: 0.043666
Train Epoch: 42 [60000/60000 (100%)]	Loss: 0.070593

Average Training loss: 0.0011, Training Error Rate: 6.22% (3730/60000)


Average Test loss: 0.0001, Test Error Rate: 5.99% (599/10000)

Train Epoch: 43 [5000/60000 (8%)]	Loss: 0.040628
Train Epoch: 43 [10000/60000 (17%)]	Loss: 0.053937
Train Epoch: 43 [15000/60000 (25%)]	Loss: 0.070984
Train Epoch: 43 [20000/60000 (33%)]	Loss: 0.056147
Train Epoch: 43 [25000/60000 (42%)]	Loss: 0.053971
Train Epoch: 43 [30000/60000 (50%)]	Loss: 0.054060
Train Epoch: 43 [35000/60000 (58%)]	Loss: 0.055111
Train Epoch: 43 [40000/60000 (67%)]	Loss: 0.045318
Train Epoch: 43 [45000/60000 (75%)]	Loss: 0.048797
Train Epoch: 43 [50000/60000 (83%)]	Loss: 0.066462
Train Epoch: 43 [55000/60000 (92%)]	Loss: 0.038761
Train Epoch: 43 [60000/60000 (100%)]	Loss: 0.031726

Average Training loss: 0.0011, Training Error Rate: 6.14% (3686/60000)


Average Test loss: 0.0001, Test Error Rate: 5.97% (597/10000)

Train Epoch: 44 [5000/60000 (8%)]	Loss: 0.025733
Train Epoch: 44 [10000/60000 (17%)]	Loss: 0.073841
Train Epoch: 44 [15000/60000 (25%)]	Loss: 0.092828
Train Epoch: 44 [20000/60000 (33%)]	Loss: 0.075267
Train Epoch: 44 [25000/60000 (42%)]	Loss: 0.050749
Train Epoch: 44 [30000/60000 (50%)]	Loss: 0.061013
Train Epoch: 44 [35000/60000 (58%)]	Loss: 0.059862
Train Epoch: 44 [40000/60000 (67%)]	Loss: 0.105328
Train Epoch: 44 [45000/60000 (75%)]	Loss: 0.033847
Train Epoch: 44 [50000/60000 (83%)]	Loss: 0.053940
Train Epoch: 44 [55000/60000 (92%)]	Loss: 0.093664
Train Epoch: 44 [60000/60000 (100%)]	Loss: 0.032338

Average Training loss: 0.0011, Training Error Rate: 6.11% (3663/60000)


Average Test loss: 0.0001, Test Error Rate: 5.94% (594/10000)

Train Epoch: 45 [5000/60000 (8%)]	Loss: 0.056333
Train Epoch: 45 [10000/60000 (17%)]	Loss: 0.040688
Train Epoch: 45 [15000/60000 (25%)]	Loss: 0.021952
Train Epoch: 45 [20000/60000 (33%)]	Loss: 0.045142
Train Epoch: 45 [25000/60000 (42%)]	Loss: 0.028285
Train Epoch: 45 [30000/60000 (50%)]	Loss: 0.063276
Train Epoch: 45 [35000/60000 (58%)]	Loss: 0.036344
Train Epoch: 45 [40000/60000 (67%)]	Loss: 0.051132
Train Epoch: 45 [45000/60000 (75%)]	Loss: 0.052280
Train Epoch: 45 [50000/60000 (83%)]	Loss: 0.044944
Train Epoch: 45 [55000/60000 (92%)]	Loss: 0.078294
Train Epoch: 45 [60000/60000 (100%)]	Loss: 0.026059

Average Training loss: 0.0011, Training Error Rate: 6.04% (3627/60000)


Average Test loss: 0.0001, Test Error Rate: 5.94% (594/10000)

Train Epoch: 46 [5000/60000 (8%)]	Loss: 0.056624
Train Epoch: 46 [10000/60000 (17%)]	Loss: 0.027398
Train Epoch: 46 [15000/60000 (25%)]	Loss: 0.039170
Train Epoch: 46 [20000/60000 (33%)]	Loss: 0.057199
Train Epoch: 46 [25000/60000 (42%)]	Loss: 0.055069
Train Epoch: 46 [30000/60000 (50%)]	Loss: 0.025041
Train Epoch: 46 [35000/60000 (58%)]	Loss: 0.041336
Train Epoch: 46 [40000/60000 (67%)]	Loss: 0.058045
Train Epoch: 46 [45000/60000 (75%)]	Loss: 0.049945
Train Epoch: 46 [50000/60000 (83%)]	Loss: 0.080185
Train Epoch: 46 [55000/60000 (92%)]	Loss: 0.055920
Train Epoch: 46 [60000/60000 (100%)]	Loss: 0.024636

Average Training loss: 0.0011, Training Error Rate: 5.99% (3596/60000)


Average Test loss: 0.0001, Test Error Rate: 5.88% (588/10000)

Train Epoch: 47 [5000/60000 (8%)]	Loss: 0.042803
Train Epoch: 47 [10000/60000 (17%)]	Loss: 0.073013
Train Epoch: 47 [15000/60000 (25%)]	Loss: 0.043510
Train Epoch: 47 [20000/60000 (33%)]	Loss: 0.037512
Train Epoch: 47 [25000/60000 (42%)]	Loss: 0.027610
Train Epoch: 47 [30000/60000 (50%)]	Loss: 0.075938
Train Epoch: 47 [35000/60000 (58%)]	Loss: 0.104556
Train Epoch: 47 [40000/60000 (67%)]	Loss: 0.063194
Train Epoch: 47 [45000/60000 (75%)]	Loss: 0.035605
Train Epoch: 47 [50000/60000 (83%)]	Loss: 0.031099
Train Epoch: 47 [55000/60000 (92%)]	Loss: 0.059209
Train Epoch: 47 [60000/60000 (100%)]	Loss: 0.073773

Average Training loss: 0.0010, Training Error Rate: 5.92% (3553/60000)


Average Test loss: 0.0001, Test Error Rate: 5.76% (576/10000)

Train Epoch: 48 [5000/60000 (8%)]	Loss: 0.046786
Train Epoch: 48 [10000/60000 (17%)]	Loss: 0.077733
Train Epoch: 48 [15000/60000 (25%)]	Loss: 0.041595
Train Epoch: 48 [20000/60000 (33%)]	Loss: 0.050637
Train Epoch: 48 [25000/60000 (42%)]	Loss: 0.083837
Train Epoch: 48 [30000/60000 (50%)]	Loss: 0.059458
Train Epoch: 48 [35000/60000 (58%)]	Loss: 0.037249
Train Epoch: 48 [40000/60000 (67%)]	Loss: 0.036277
Train Epoch: 48 [45000/60000 (75%)]	Loss: 0.068174
Train Epoch: 48 [50000/60000 (83%)]	Loss: 0.050046
Train Epoch: 48 [55000/60000 (92%)]	Loss: 0.042448
Train Epoch: 48 [60000/60000 (100%)]	Loss: 0.055296

Average Training loss: 0.0010, Training Error Rate: 5.88% (3525/60000)


Average Test loss: 0.0001, Test Error Rate: 5.78% (578/10000)

Train Epoch: 49 [5000/60000 (8%)]	Loss: 0.071698
Train Epoch: 49 [10000/60000 (17%)]	Loss: 0.051886
Train Epoch: 49 [15000/60000 (25%)]	Loss: 0.021785
Train Epoch: 49 [20000/60000 (33%)]	Loss: 0.054471
Train Epoch: 49 [25000/60000 (42%)]	Loss: 0.062352
Train Epoch: 49 [30000/60000 (50%)]	Loss: 0.039812
Train Epoch: 49 [35000/60000 (58%)]	Loss: 0.021440
Train Epoch: 49 [40000/60000 (67%)]	Loss: 0.035862
Train Epoch: 49 [45000/60000 (75%)]	Loss: 0.040491
Train Epoch: 49 [50000/60000 (83%)]	Loss: 0.024288
Train Epoch: 49 [55000/60000 (92%)]	Loss: 0.033193
Train Epoch: 49 [60000/60000 (100%)]	Loss: 0.043532

Average Training loss: 0.0010, Training Error Rate: 5.84% (3505/60000)


Average Test loss: 0.0000, Test Error Rate: 5.72% (572/10000)

Train Epoch: 50 [5000/60000 (8%)]	Loss: 0.086267
Train Epoch: 50 [10000/60000 (17%)]	Loss: 0.061302
Train Epoch: 50 [15000/60000 (25%)]	Loss: 0.085751
Train Epoch: 50 [20000/60000 (33%)]	Loss: 0.028579
Train Epoch: 50 [25000/60000 (42%)]	Loss: 0.034293
Train Epoch: 50 [30000/60000 (50%)]	Loss: 0.041712
Train Epoch: 50 [35000/60000 (58%)]	Loss: 0.048365
Train Epoch: 50 [40000/60000 (67%)]	Loss: 0.075490
Train Epoch: 50 [45000/60000 (75%)]	Loss: 0.077738
Train Epoch: 50 [50000/60000 (83%)]	Loss: 0.049016
Train Epoch: 50 [55000/60000 (92%)]	Loss: 0.049968
Train Epoch: 50 [60000/60000 (100%)]	Loss: 0.073429

Average Training loss: 0.0010, Training Error Rate: 5.77% (3463/60000)


Average Test loss: 0.0000, Test Error Rate: 5.70% (570/10000)

Train Epoch: 51 [5000/60000 (8%)]	Loss: 0.047122
Train Epoch: 51 [10000/60000 (17%)]	Loss: 0.060589
Train Epoch: 51 [15000/60000 (25%)]	Loss: 0.033623
Train Epoch: 51 [20000/60000 (33%)]	Loss: 0.029688
Train Epoch: 51 [25000/60000 (42%)]	Loss: 0.046701
Train Epoch: 51 [30000/60000 (50%)]	Loss: 0.056134
Train Epoch: 51 [35000/60000 (58%)]	Loss: 0.026970
Train Epoch: 51 [40000/60000 (67%)]	Loss: 0.057754
Train Epoch: 51 [45000/60000 (75%)]	Loss: 0.057133
Train Epoch: 51 [50000/60000 (83%)]	Loss: 0.038260
Train Epoch: 51 [55000/60000 (92%)]	Loss: 0.037921
Train Epoch: 51 [60000/60000 (100%)]	Loss: 0.031904

Average Training loss: 0.0010, Training Error Rate: 5.74% (3443/60000)


Average Test loss: 0.0000, Test Error Rate: 5.63% (563/10000)

Train Epoch: 52 [5000/60000 (8%)]	Loss: 0.104978
Train Epoch: 52 [10000/60000 (17%)]	Loss: 0.064197
Train Epoch: 52 [15000/60000 (25%)]	Loss: 0.031323
Train Epoch: 52 [20000/60000 (33%)]	Loss: 0.030246
Train Epoch: 52 [25000/60000 (42%)]	Loss: 0.023653
Train Epoch: 52 [30000/60000 (50%)]	Loss: 0.063748
Train Epoch: 52 [35000/60000 (58%)]	Loss: 0.009795
Train Epoch: 52 [40000/60000 (67%)]	Loss: 0.044270
Train Epoch: 52 [45000/60000 (75%)]	Loss: 0.080272
Train Epoch: 52 [50000/60000 (83%)]	Loss: 0.047091
Train Epoch: 52 [55000/60000 (92%)]	Loss: 0.036932
Train Epoch: 52 [60000/60000 (100%)]	Loss: 0.026787

Average Training loss: 0.0010, Training Error Rate: 5.67% (3403/60000)


Average Test loss: 0.0000, Test Error Rate: 5.60% (560/10000)

Train Epoch: 53 [5000/60000 (8%)]	Loss: 0.038502
Train Epoch: 53 [10000/60000 (17%)]	Loss: 0.058031
Train Epoch: 53 [15000/60000 (25%)]	Loss: 0.036634
Train Epoch: 53 [20000/60000 (33%)]	Loss: 0.035236
Train Epoch: 53 [25000/60000 (42%)]	Loss: 0.068672
Train Epoch: 53 [30000/60000 (50%)]	Loss: 0.022020
Train Epoch: 53 [35000/60000 (58%)]	Loss: 0.020550
Train Epoch: 53 [40000/60000 (67%)]	Loss: 0.067792
Train Epoch: 53 [45000/60000 (75%)]	Loss: 0.055279
Train Epoch: 53 [50000/60000 (83%)]	Loss: 0.069770
Train Epoch: 53 [55000/60000 (92%)]	Loss: 0.045637
Train Epoch: 53 [60000/60000 (100%)]	Loss: 0.046062

Average Training loss: 0.0010, Training Error Rate: 5.64% (3385/60000)


Average Test loss: 0.0000, Test Error Rate: 5.56% (556/10000)

Train Epoch: 54 [5000/60000 (8%)]	Loss: 0.051599
Train Epoch: 54 [10000/60000 (17%)]	Loss: 0.066436
Train Epoch: 54 [15000/60000 (25%)]	Loss: 0.017788
Train Epoch: 54 [20000/60000 (33%)]	Loss: 0.030861
Train Epoch: 54 [25000/60000 (42%)]	Loss: 0.079041
Train Epoch: 54 [30000/60000 (50%)]	Loss: 0.037487
Train Epoch: 54 [35000/60000 (58%)]	Loss: 0.051096
Train Epoch: 54 [40000/60000 (67%)]	Loss: 0.038271
Train Epoch: 54 [45000/60000 (75%)]	Loss: 0.046030
Train Epoch: 54 [50000/60000 (83%)]	Loss: 0.029973
Train Epoch: 54 [55000/60000 (92%)]	Loss: 0.031205
Train Epoch: 54 [60000/60000 (100%)]	Loss: 0.018787

Average Training loss: 0.0010, Training Error Rate: 5.57% (3342/60000)


Average Test loss: 0.0000, Test Error Rate: 5.53% (553/10000)

Train Epoch: 55 [5000/60000 (8%)]	Loss: 0.057550
Train Epoch: 55 [10000/60000 (17%)]	Loss: 0.043677
Train Epoch: 55 [15000/60000 (25%)]	Loss: 0.068553
Train Epoch: 55 [20000/60000 (33%)]	Loss: 0.044985
Train Epoch: 55 [25000/60000 (42%)]	Loss: 0.038034
Train Epoch: 55 [30000/60000 (50%)]	Loss: 0.044472
Train Epoch: 55 [35000/60000 (58%)]	Loss: 0.059528
Train Epoch: 55 [40000/60000 (67%)]	Loss: 0.021748
Train Epoch: 55 [45000/60000 (75%)]	Loss: 0.061562
Train Epoch: 55 [50000/60000 (83%)]	Loss: 0.048834
Train Epoch: 55 [55000/60000 (92%)]	Loss: 0.058233
Train Epoch: 55 [60000/60000 (100%)]	Loss: 0.048915

Average Training loss: 0.0010, Training Error Rate: 5.53% (3316/60000)


Average Test loss: 0.0000, Test Error Rate: 5.44% (544/10000)

Train Epoch: 56 [5000/60000 (8%)]	Loss: 0.031083
Train Epoch: 56 [10000/60000 (17%)]	Loss: 0.034926
Train Epoch: 56 [15000/60000 (25%)]	Loss: 0.053477
Train Epoch: 56 [20000/60000 (33%)]	Loss: 0.031293
Train Epoch: 56 [25000/60000 (42%)]	Loss: 0.033049
Train Epoch: 56 [30000/60000 (50%)]	Loss: 0.045393
Train Epoch: 56 [35000/60000 (58%)]	Loss: 0.026430
Train Epoch: 56 [40000/60000 (67%)]	Loss: 0.056423
Train Epoch: 56 [45000/60000 (75%)]	Loss: 0.034398
Train Epoch: 56 [50000/60000 (83%)]	Loss: 0.059935
Train Epoch: 56 [55000/60000 (92%)]	Loss: 0.028190
Train Epoch: 56 [60000/60000 (100%)]	Loss: 0.075384

Average Training loss: 0.0010, Training Error Rate: 5.50% (3301/60000)


Average Test loss: 0.0000, Test Error Rate: 5.42% (542/10000)

Train Epoch: 57 [5000/60000 (8%)]	Loss: 0.031913
Train Epoch: 57 [10000/60000 (17%)]	Loss: 0.036034
Train Epoch: 57 [15000/60000 (25%)]	Loss: 0.074348
Train Epoch: 57 [20000/60000 (33%)]	Loss: 0.057865
Train Epoch: 57 [25000/60000 (42%)]	Loss: 0.036185
Train Epoch: 57 [30000/60000 (50%)]	Loss: 0.042572
Train Epoch: 57 [35000/60000 (58%)]	Loss: 0.059098
Train Epoch: 57 [40000/60000 (67%)]	Loss: 0.060720
Train Epoch: 57 [45000/60000 (75%)]	Loss: 0.048961
Train Epoch: 57 [50000/60000 (83%)]	Loss: 0.033457
Train Epoch: 57 [55000/60000 (92%)]	Loss: 0.012342
Train Epoch: 57 [60000/60000 (100%)]	Loss: 0.059704

Average Training loss: 0.0010, Training Error Rate: 5.44% (3266/60000)


Average Test loss: 0.0000, Test Error Rate: 5.30% (530/10000)

Train Epoch: 58 [5000/60000 (8%)]	Loss: 0.032065
Train Epoch: 58 [10000/60000 (17%)]	Loss: 0.051623
Train Epoch: 58 [15000/60000 (25%)]	Loss: 0.042894
Train Epoch: 58 [20000/60000 (33%)]	Loss: 0.063241
Train Epoch: 58 [25000/60000 (42%)]	Loss: 0.048076
Train Epoch: 58 [30000/60000 (50%)]	Loss: 0.031034
Train Epoch: 58 [35000/60000 (58%)]	Loss: 0.036444
Train Epoch: 58 [40000/60000 (67%)]	Loss: 0.062088
Train Epoch: 58 [45000/60000 (75%)]	Loss: 0.061771
Train Epoch: 58 [50000/60000 (83%)]	Loss: 0.062757
Train Epoch: 58 [55000/60000 (92%)]	Loss: 0.030806
Train Epoch: 58 [60000/60000 (100%)]	Loss: 0.051043

Average Training loss: 0.0010, Training Error Rate: 5.39% (3234/60000)


Average Test loss: 0.0000, Test Error Rate: 5.32% (532/10000)

Train Epoch: 59 [5000/60000 (8%)]	Loss: 0.052166
Train Epoch: 59 [10000/60000 (17%)]	Loss: 0.042029
Train Epoch: 59 [15000/60000 (25%)]	Loss: 0.050058
Train Epoch: 59 [20000/60000 (33%)]	Loss: 0.048714
Train Epoch: 59 [25000/60000 (42%)]	Loss: 0.050399
Train Epoch: 59 [30000/60000 (50%)]	Loss: 0.043492
Train Epoch: 59 [35000/60000 (58%)]	Loss: 0.033093
Train Epoch: 59 [40000/60000 (67%)]	Loss: 0.065573
Train Epoch: 59 [45000/60000 (75%)]	Loss: 0.036564
Train Epoch: 59 [50000/60000 (83%)]	Loss: 0.026171
Train Epoch: 59 [55000/60000 (92%)]	Loss: 0.024271
Train Epoch: 59 [60000/60000 (100%)]	Loss: 0.032060

Average Training loss: 0.0009, Training Error Rate: 5.33% (3198/60000)


Average Test loss: 0.0000, Test Error Rate: 5.26% (526/10000)

Train Epoch: 60 [5000/60000 (8%)]	Loss: 0.029978
Train Epoch: 60 [10000/60000 (17%)]	Loss: 0.075178
Train Epoch: 60 [15000/60000 (25%)]	Loss: 0.043779
Train Epoch: 60 [20000/60000 (33%)]	Loss: 0.027237
Train Epoch: 60 [25000/60000 (42%)]	Loss: 0.046637
Train Epoch: 60 [30000/60000 (50%)]	Loss: 0.054827
Train Epoch: 60 [35000/60000 (58%)]	Loss: 0.025381
Train Epoch: 60 [40000/60000 (67%)]	Loss: 0.044517
Train Epoch: 60 [45000/60000 (75%)]	Loss: 0.040001
Train Epoch: 60 [50000/60000 (83%)]	Loss: 0.046422
Train Epoch: 60 [55000/60000 (92%)]	Loss: 0.053196
Train Epoch: 60 [60000/60000 (100%)]	Loss: 0.037201

Average Training loss: 0.0009, Training Error Rate: 5.28% (3166/60000)


Average Test loss: 0.0000, Test Error Rate: 5.24% (524/10000)

Train Epoch: 61 [5000/60000 (8%)]	Loss: 0.042501
Train Epoch: 61 [10000/60000 (17%)]	Loss: 0.036192
Train Epoch: 61 [15000/60000 (25%)]	Loss: 0.016658
Train Epoch: 61 [20000/60000 (33%)]	Loss: 0.015455
Train Epoch: 61 [25000/60000 (42%)]	Loss: 0.053448
Train Epoch: 61 [30000/60000 (50%)]	Loss: 0.035656
Train Epoch: 61 [35000/60000 (58%)]	Loss: 0.021624
Train Epoch: 61 [40000/60000 (67%)]	Loss: 0.042664
Train Epoch: 61 [45000/60000 (75%)]	Loss: 0.041893
Train Epoch: 61 [50000/60000 (83%)]	Loss: 0.034051
Train Epoch: 61 [55000/60000 (92%)]	Loss: 0.041498
Train Epoch: 61 [60000/60000 (100%)]	Loss: 0.051493

Average Training loss: 0.0009, Training Error Rate: 5.24% (3146/60000)


Average Test loss: 0.0000, Test Error Rate: 5.14% (514/10000)

Train Epoch: 62 [5000/60000 (8%)]	Loss: 0.041227
Train Epoch: 62 [10000/60000 (17%)]	Loss: 0.030589
Train Epoch: 62 [15000/60000 (25%)]	Loss: 0.040229
Train Epoch: 62 [20000/60000 (33%)]	Loss: 0.058498
Train Epoch: 62 [25000/60000 (42%)]	Loss: 0.045590
Train Epoch: 62 [30000/60000 (50%)]	Loss: 0.030368
Train Epoch: 62 [35000/60000 (58%)]	Loss: 0.039631
Train Epoch: 62 [40000/60000 (67%)]	Loss: 0.031122
Train Epoch: 62 [45000/60000 (75%)]	Loss: 0.045672
Train Epoch: 62 [50000/60000 (83%)]	Loss: 0.039898
Train Epoch: 62 [55000/60000 (92%)]	Loss: 0.049563
Train Epoch: 62 [60000/60000 (100%)]	Loss: 0.039804

Average Training loss: 0.0009, Training Error Rate: 5.20% (3118/60000)


Average Test loss: 0.0000, Test Error Rate: 5.16% (516/10000)

Train Epoch: 63 [5000/60000 (8%)]	Loss: 0.066039
Train Epoch: 63 [10000/60000 (17%)]	Loss: 0.031290
Train Epoch: 63 [15000/60000 (25%)]	Loss: 0.041534
Train Epoch: 63 [20000/60000 (33%)]	Loss: 0.074205
Train Epoch: 63 [25000/60000 (42%)]	Loss: 0.029723
Train Epoch: 63 [30000/60000 (50%)]	Loss: 0.059180
Train Epoch: 63 [35000/60000 (58%)]	Loss: 0.059213
Train Epoch: 63 [40000/60000 (67%)]	Loss: 0.052992
Train Epoch: 63 [45000/60000 (75%)]	Loss: 0.035436
Train Epoch: 63 [50000/60000 (83%)]	Loss: 0.044593
Train Epoch: 63 [55000/60000 (92%)]	Loss: 0.062448
Train Epoch: 63 [60000/60000 (100%)]	Loss: 0.063045

Average Training loss: 0.0009, Training Error Rate: 5.19% (3113/60000)


Average Test loss: 0.0000, Test Error Rate: 5.15% (515/10000)

Train Epoch: 64 [5000/60000 (8%)]	Loss: 0.028757
Train Epoch: 64 [10000/60000 (17%)]	Loss: 0.069237
Train Epoch: 64 [15000/60000 (25%)]	Loss: 0.077618
Train Epoch: 64 [20000/60000 (33%)]	Loss: 0.035185
Train Epoch: 64 [25000/60000 (42%)]	Loss: 0.050528
Train Epoch: 64 [30000/60000 (50%)]	Loss: 0.050117
Train Epoch: 64 [35000/60000 (58%)]	Loss: 0.046367
Train Epoch: 64 [40000/60000 (67%)]	Loss: 0.032390
Train Epoch: 64 [45000/60000 (75%)]	Loss: 0.035826
Train Epoch: 64 [50000/60000 (83%)]	Loss: 0.053822
Train Epoch: 64 [55000/60000 (92%)]	Loss: 0.029104
Train Epoch: 64 [60000/60000 (100%)]	Loss: 0.036754

Average Training loss: 0.0009, Training Error Rate: 5.14% (3087/60000)


Average Test loss: 0.0000, Test Error Rate: 5.14% (514/10000)

Train Epoch: 65 [5000/60000 (8%)]	Loss: 0.030473
Train Epoch: 65 [10000/60000 (17%)]	Loss: 0.060247
Train Epoch: 65 [15000/60000 (25%)]	Loss: 0.059619
Train Epoch: 65 [20000/60000 (33%)]	Loss: 0.071749
Train Epoch: 65 [25000/60000 (42%)]	Loss: 0.059400
Train Epoch: 65 [30000/60000 (50%)]	Loss: 0.047420
Train Epoch: 65 [35000/60000 (58%)]	Loss: 0.078392
Train Epoch: 65 [40000/60000 (67%)]	Loss: 0.023390
Train Epoch: 65 [45000/60000 (75%)]	Loss: 0.020424
Train Epoch: 65 [50000/60000 (83%)]	Loss: 0.057904
Train Epoch: 65 [55000/60000 (92%)]	Loss: 0.058309
Train Epoch: 65 [60000/60000 (100%)]	Loss: 0.086777

Average Training loss: 0.0009, Training Error Rate: 5.13% (3080/60000)


Average Test loss: 0.0000, Test Error Rate: 5.09% (509/10000)

Train Epoch: 66 [5000/60000 (8%)]	Loss: 0.036066
Train Epoch: 66 [10000/60000 (17%)]	Loss: 0.048117
Train Epoch: 66 [15000/60000 (25%)]	Loss: 0.035106
Train Epoch: 66 [20000/60000 (33%)]	Loss: 0.047618
Train Epoch: 66 [25000/60000 (42%)]	Loss: 0.051794
Train Epoch: 66 [30000/60000 (50%)]	Loss: 0.033588
Train Epoch: 66 [35000/60000 (58%)]	Loss: 0.085057
Train Epoch: 66 [40000/60000 (67%)]	Loss: 0.036525
Train Epoch: 66 [45000/60000 (75%)]	Loss: 0.029585
Train Epoch: 66 [50000/60000 (83%)]	Loss: 0.047713
Train Epoch: 66 [55000/60000 (92%)]	Loss: 0.040293
Train Epoch: 66 [60000/60000 (100%)]	Loss: 0.043932

Average Training loss: 0.0009, Training Error Rate: 5.06% (3034/60000)


Average Test loss: 0.0000, Test Error Rate: 5.00% (500/10000)

Train Epoch: 67 [5000/60000 (8%)]	Loss: 0.041627
Train Epoch: 67 [10000/60000 (17%)]	Loss: 0.032593
Train Epoch: 67 [15000/60000 (25%)]	Loss: 0.049895
Train Epoch: 67 [20000/60000 (33%)]	Loss: 0.051926
Train Epoch: 67 [25000/60000 (42%)]	Loss: 0.069813
Train Epoch: 67 [30000/60000 (50%)]	Loss: 0.047683
Train Epoch: 67 [35000/60000 (58%)]	Loss: 0.028203
Train Epoch: 67 [40000/60000 (67%)]	Loss: 0.034079
Train Epoch: 67 [45000/60000 (75%)]	Loss: 0.035644
Train Epoch: 67 [50000/60000 (83%)]	Loss: 0.048990
Train Epoch: 67 [55000/60000 (92%)]	Loss: 0.032809
Train Epoch: 67 [60000/60000 (100%)]	Loss: 0.053807

Average Training loss: 0.0009, Training Error Rate: 5.02% (3014/60000)


Average Test loss: 0.0000, Test Error Rate: 5.00% (500/10000)

Train Epoch: 68 [5000/60000 (8%)]	Loss: 0.060402
Train Epoch: 68 [10000/60000 (17%)]	Loss: 0.030339
Train Epoch: 68 [15000/60000 (25%)]	Loss: 0.041014
Train Epoch: 68 [20000/60000 (33%)]	Loss: 0.028541
Train Epoch: 68 [25000/60000 (42%)]	Loss: 0.051700
Train Epoch: 68 [30000/60000 (50%)]	Loss: 0.032699
Train Epoch: 68 [35000/60000 (58%)]	Loss: 0.020246
Train Epoch: 68 [40000/60000 (67%)]	Loss: 0.025414
Train Epoch: 68 [45000/60000 (75%)]	Loss: 0.025982
Train Epoch: 68 [50000/60000 (83%)]	Loss: 0.020807
Train Epoch: 68 [55000/60000 (92%)]	Loss: 0.065753
Train Epoch: 68 [60000/60000 (100%)]	Loss: 0.050100

Average Training loss: 0.0009, Training Error Rate: 4.99% (2995/60000)


Average Test loss: 0.0000, Test Error Rate: 4.89% (489/10000)

Train Epoch: 69 [5000/60000 (8%)]	Loss: 0.052190
Train Epoch: 69 [10000/60000 (17%)]	Loss: 0.016246
Train Epoch: 69 [15000/60000 (25%)]	Loss: 0.079450
Train Epoch: 69 [20000/60000 (33%)]	Loss: 0.051527
Train Epoch: 69 [25000/60000 (42%)]	Loss: 0.050680
Train Epoch: 69 [30000/60000 (50%)]	Loss: 0.028901
Train Epoch: 69 [35000/60000 (58%)]	Loss: 0.029498
Train Epoch: 69 [40000/60000 (67%)]	Loss: 0.015347
Train Epoch: 69 [45000/60000 (75%)]	Loss: 0.017168
Train Epoch: 69 [50000/60000 (83%)]	Loss: 0.039072
Train Epoch: 69 [55000/60000 (92%)]	Loss: 0.013670
Train Epoch: 69 [60000/60000 (100%)]	Loss: 0.050027

Average Training loss: 0.0009, Training Error Rate: 4.95% (2972/60000)


Average Test loss: 0.0000, Test Error Rate: 4.91% (491/10000)

Train Epoch: 70 [5000/60000 (8%)]	Loss: 0.094368
Train Epoch: 70 [10000/60000 (17%)]	Loss: 0.038383
Train Epoch: 70 [15000/60000 (25%)]	Loss: 0.041454
Train Epoch: 70 [20000/60000 (33%)]	Loss: 0.029816
Train Epoch: 70 [25000/60000 (42%)]	Loss: 0.060521
Train Epoch: 70 [30000/60000 (50%)]	Loss: 0.060528
Train Epoch: 70 [35000/60000 (58%)]	Loss: 0.038353
Train Epoch: 70 [40000/60000 (67%)]	Loss: 0.030680
Train Epoch: 70 [45000/60000 (75%)]	Loss: 0.066195
Train Epoch: 70 [50000/60000 (83%)]	Loss: 0.055666
Train Epoch: 70 [55000/60000 (92%)]	Loss: 0.030129
Train Epoch: 70 [60000/60000 (100%)]	Loss: 0.014619

Average Training loss: 0.0009, Training Error Rate: 4.92% (2950/60000)


Average Test loss: 0.0000, Test Error Rate: 4.84% (484/10000)

Train Epoch: 71 [5000/60000 (8%)]	Loss: 0.065176
Train Epoch: 71 [10000/60000 (17%)]	Loss: 0.028302
Train Epoch: 71 [15000/60000 (25%)]	Loss: 0.035869
Train Epoch: 71 [20000/60000 (33%)]	Loss: 0.017562
Train Epoch: 71 [25000/60000 (42%)]	Loss: 0.033288
Train Epoch: 71 [30000/60000 (50%)]	Loss: 0.048156
Train Epoch: 71 [35000/60000 (58%)]	Loss: 0.048316
Train Epoch: 71 [40000/60000 (67%)]	Loss: 0.045272
Train Epoch: 71 [45000/60000 (75%)]	Loss: 0.040558
Train Epoch: 71 [50000/60000 (83%)]	Loss: 0.031478
Train Epoch: 71 [55000/60000 (92%)]	Loss: 0.039022
Train Epoch: 71 [60000/60000 (100%)]	Loss: 0.033317

Average Training loss: 0.0009, Training Error Rate: 4.87% (2924/60000)


Average Test loss: 0.0000, Test Error Rate: 4.79% (479/10000)

Train Epoch: 72 [5000/60000 (8%)]	Loss: 0.030179
Train Epoch: 72 [10000/60000 (17%)]	Loss: 0.024135
Train Epoch: 72 [15000/60000 (25%)]	Loss: 0.045537
Train Epoch: 72 [20000/60000 (33%)]	Loss: 0.034628
Train Epoch: 72 [25000/60000 (42%)]	Loss: 0.033377
Train Epoch: 72 [30000/60000 (50%)]	Loss: 0.054668
Train Epoch: 72 [35000/60000 (58%)]	Loss: 0.016189
Train Epoch: 72 [40000/60000 (67%)]	Loss: 0.049880
Train Epoch: 72 [45000/60000 (75%)]	Loss: 0.064922
Train Epoch: 72 [50000/60000 (83%)]	Loss: 0.036202
Train Epoch: 72 [55000/60000 (92%)]	Loss: 0.048166
Train Epoch: 72 [60000/60000 (100%)]	Loss: 0.041251

Average Training loss: 0.0009, Training Error Rate: 4.85% (2910/60000)


Average Test loss: 0.0000, Test Error Rate: 4.84% (484/10000)

Train Epoch: 73 [5000/60000 (8%)]	Loss: 0.042440
Train Epoch: 73 [10000/60000 (17%)]	Loss: 0.027033
Train Epoch: 73 [15000/60000 (25%)]	Loss: 0.005701
Train Epoch: 73 [20000/60000 (33%)]	Loss: 0.054653
Train Epoch: 73 [25000/60000 (42%)]	Loss: 0.054200
Train Epoch: 73 [30000/60000 (50%)]	Loss: 0.049105
Train Epoch: 73 [35000/60000 (58%)]	Loss: 0.011741
Train Epoch: 73 [40000/60000 (67%)]	Loss: 0.027266
Train Epoch: 73 [45000/60000 (75%)]	Loss: 0.017976
Train Epoch: 73 [50000/60000 (83%)]	Loss: 0.060097
Train Epoch: 73 [55000/60000 (92%)]	Loss: 0.036220
Train Epoch: 73 [60000/60000 (100%)]	Loss: 0.070435

Average Training loss: 0.0009, Training Error Rate: 4.82% (2892/60000)


Average Test loss: 0.0000, Test Error Rate: 4.79% (479/10000)

Train Epoch: 74 [5000/60000 (8%)]	Loss: 0.043181
Train Epoch: 74 [10000/60000 (17%)]	Loss: 0.033351
Train Epoch: 74 [15000/60000 (25%)]	Loss: 0.025064
Train Epoch: 74 [20000/60000 (33%)]	Loss: 0.109210
Train Epoch: 74 [25000/60000 (42%)]	Loss: 0.037486
Train Epoch: 74 [30000/60000 (50%)]	Loss: 0.043372
Train Epoch: 74 [35000/60000 (58%)]	Loss: 0.038464
Train Epoch: 74 [40000/60000 (67%)]	Loss: 0.051130
Train Epoch: 74 [45000/60000 (75%)]	Loss: 0.036505
Train Epoch: 74 [50000/60000 (83%)]	Loss: 0.040086
Train Epoch: 74 [55000/60000 (92%)]	Loss: 0.058216
Train Epoch: 74 [60000/60000 (100%)]	Loss: 0.050954

Average Training loss: 0.0009, Training Error Rate: 4.78% (2866/60000)


Average Test loss: 0.0000, Test Error Rate: 4.76% (476/10000)

Train Epoch: 75 [5000/60000 (8%)]	Loss: 0.047463
Train Epoch: 75 [10000/60000 (17%)]	Loss: 0.046607
Train Epoch: 75 [15000/60000 (25%)]	Loss: 0.070648
Train Epoch: 75 [20000/60000 (33%)]	Loss: 0.023987
Train Epoch: 75 [25000/60000 (42%)]	Loss: 0.043746
Train Epoch: 75 [30000/60000 (50%)]	Loss: 0.046955
Train Epoch: 75 [35000/60000 (58%)]	Loss: 0.020588
Train Epoch: 75 [40000/60000 (67%)]	Loss: 0.034763
Train Epoch: 75 [45000/60000 (75%)]	Loss: 0.016249
Train Epoch: 75 [50000/60000 (83%)]	Loss: 0.035844
Train Epoch: 75 [55000/60000 (92%)]	Loss: 0.025060
Train Epoch: 75 [60000/60000 (100%)]	Loss: 0.020512

Average Training loss: 0.0008, Training Error Rate: 4.80% (2878/60000)


Average Test loss: 0.0000, Test Error Rate: 4.70% (470/10000)

Train Epoch: 76 [5000/60000 (8%)]	Loss: 0.034632
Train Epoch: 76 [10000/60000 (17%)]	Loss: 0.047332
Train Epoch: 76 [15000/60000 (25%)]	Loss: 0.021984
Train Epoch: 76 [20000/60000 (33%)]	Loss: 0.040119
Train Epoch: 76 [25000/60000 (42%)]	Loss: 0.028436
Train Epoch: 76 [30000/60000 (50%)]	Loss: 0.066558
Train Epoch: 76 [35000/60000 (58%)]	Loss: 0.021178
Train Epoch: 76 [40000/60000 (67%)]	Loss: 0.022629
Train Epoch: 76 [45000/60000 (75%)]	Loss: 0.052670
Train Epoch: 76 [50000/60000 (83%)]	Loss: 0.032344
Train Epoch: 76 [55000/60000 (92%)]	Loss: 0.049798
Train Epoch: 76 [60000/60000 (100%)]	Loss: 0.055081

Average Training loss: 0.0008, Training Error Rate: 4.74% (2846/60000)


Average Test loss: 0.0000, Test Error Rate: 4.71% (471/10000)

Train Epoch: 77 [5000/60000 (8%)]	Loss: 0.043008
Train Epoch: 77 [10000/60000 (17%)]	Loss: 0.029956
Train Epoch: 77 [15000/60000 (25%)]	Loss: 0.040192
Train Epoch: 77 [20000/60000 (33%)]	Loss: 0.054045
Train Epoch: 77 [25000/60000 (42%)]	Loss: 0.040996
Train Epoch: 77 [30000/60000 (50%)]	Loss: 0.028250
Train Epoch: 77 [35000/60000 (58%)]	Loss: 0.075845
Train Epoch: 77 [40000/60000 (67%)]	Loss: 0.133393
Train Epoch: 77 [45000/60000 (75%)]	Loss: 0.036603
Train Epoch: 77 [50000/60000 (83%)]	Loss: 0.043059
Train Epoch: 77 [55000/60000 (92%)]	Loss: 0.048219
Train Epoch: 77 [60000/60000 (100%)]	Loss: 0.062539

Average Training loss: 0.0008, Training Error Rate: 4.72% (2832/60000)


Average Test loss: 0.0000, Test Error Rate: 4.66% (466/10000)

Train Epoch: 78 [5000/60000 (8%)]	Loss: 0.040421
Train Epoch: 78 [10000/60000 (17%)]	Loss: 0.028932
Train Epoch: 78 [15000/60000 (25%)]	Loss: 0.032575
Train Epoch: 78 [20000/60000 (33%)]	Loss: 0.048156
Train Epoch: 78 [25000/60000 (42%)]	Loss: 0.051998
Train Epoch: 78 [30000/60000 (50%)]	Loss: 0.049994
Train Epoch: 78 [35000/60000 (58%)]	Loss: 0.020027
Train Epoch: 78 [40000/60000 (67%)]	Loss: 0.029343
Train Epoch: 78 [45000/60000 (75%)]	Loss: 0.049524
Train Epoch: 78 [50000/60000 (83%)]	Loss: 0.048825
Train Epoch: 78 [55000/60000 (92%)]	Loss: 0.025263
Train Epoch: 78 [60000/60000 (100%)]	Loss: 0.052374

Average Training loss: 0.0008, Training Error Rate: 4.66% (2796/60000)


Average Test loss: 0.0000, Test Error Rate: 4.64% (464/10000)

Train Epoch: 79 [5000/60000 (8%)]	Loss: 0.047037
Train Epoch: 79 [10000/60000 (17%)]	Loss: 0.046008
Train Epoch: 79 [15000/60000 (25%)]	Loss: 0.062168
Train Epoch: 79 [20000/60000 (33%)]	Loss: 0.033879
Train Epoch: 79 [25000/60000 (42%)]	Loss: 0.017800
Train Epoch: 79 [30000/60000 (50%)]	Loss: 0.046802
Train Epoch: 79 [35000/60000 (58%)]	Loss: 0.053454
Train Epoch: 79 [40000/60000 (67%)]	Loss: 0.020829
Train Epoch: 79 [45000/60000 (75%)]	Loss: 0.038408
Train Epoch: 79 [50000/60000 (83%)]	Loss: 0.064996
Train Epoch: 79 [55000/60000 (92%)]	Loss: 0.056100
Train Epoch: 79 [60000/60000 (100%)]	Loss: 0.059897

Average Training loss: 0.0008, Training Error Rate: 4.67% (2799/60000)


Average Test loss: 0.0000, Test Error Rate: 4.61% (461/10000)

Train Epoch: 80 [5000/60000 (8%)]	Loss: 0.035147
Train Epoch: 80 [10000/60000 (17%)]	Loss: 0.038579
Train Epoch: 80 [15000/60000 (25%)]	Loss: 0.036711
Train Epoch: 80 [20000/60000 (33%)]	Loss: 0.052503
Train Epoch: 80 [25000/60000 (42%)]	Loss: 0.039451
Train Epoch: 80 [30000/60000 (50%)]	Loss: 0.030937
Train Epoch: 80 [35000/60000 (58%)]	Loss: 0.056372
Train Epoch: 80 [40000/60000 (67%)]	Loss: 0.028409
Train Epoch: 80 [45000/60000 (75%)]	Loss: 0.019915
Train Epoch: 80 [50000/60000 (83%)]	Loss: 0.040237
Train Epoch: 80 [55000/60000 (92%)]	Loss: 0.052015
Train Epoch: 80 [60000/60000 (100%)]	Loss: 0.035814

Average Training loss: 0.0008, Training Error Rate: 4.62% (2769/60000)


Average Test loss: 0.0000, Test Error Rate: 4.58% (458/10000)

Train Epoch: 81 [5000/60000 (8%)]	Loss: 0.050305
Train Epoch: 81 [10000/60000 (17%)]	Loss: 0.014715
Train Epoch: 81 [15000/60000 (25%)]	Loss: 0.027849
Train Epoch: 81 [20000/60000 (33%)]	Loss: 0.027741
Train Epoch: 81 [25000/60000 (42%)]	Loss: 0.026916
Train Epoch: 81 [30000/60000 (50%)]	Loss: 0.040035
Train Epoch: 81 [35000/60000 (58%)]	Loss: 0.050460
Train Epoch: 81 [40000/60000 (67%)]	Loss: 0.045111
Train Epoch: 81 [45000/60000 (75%)]	Loss: 0.035110
Train Epoch: 81 [50000/60000 (83%)]	Loss: 0.054167
Train Epoch: 81 [55000/60000 (92%)]	Loss: 0.035640
Train Epoch: 81 [60000/60000 (100%)]	Loss: 0.040560

Average Training loss: 0.0008, Training Error Rate: 4.61% (2765/60000)


Average Test loss: 0.0000, Test Error Rate: 4.51% (451/10000)

Train Epoch: 82 [5000/60000 (8%)]	Loss: 0.027577
Train Epoch: 82 [10000/60000 (17%)]	Loss: 0.031167
Train Epoch: 82 [15000/60000 (25%)]	Loss: 0.046291
Train Epoch: 82 [20000/60000 (33%)]	Loss: 0.022903
Train Epoch: 82 [25000/60000 (42%)]	Loss: 0.052097
Train Epoch: 82 [30000/60000 (50%)]	Loss: 0.054474
Train Epoch: 82 [35000/60000 (58%)]	Loss: 0.014181
Train Epoch: 82 [40000/60000 (67%)]	Loss: 0.054134
Train Epoch: 82 [45000/60000 (75%)]	Loss: 0.022579
Train Epoch: 82 [50000/60000 (83%)]	Loss: 0.029009
Train Epoch: 82 [55000/60000 (92%)]	Loss: 0.024726
Train Epoch: 82 [60000/60000 (100%)]	Loss: 0.037317

Average Training loss: 0.0008, Training Error Rate: 4.56% (2735/60000)


Average Test loss: 0.0000, Test Error Rate: 4.51% (451/10000)

Train Epoch: 83 [5000/60000 (8%)]	Loss: 0.057160
Train Epoch: 83 [10000/60000 (17%)]	Loss: 0.011744
Train Epoch: 83 [15000/60000 (25%)]	Loss: 0.030621
Train Epoch: 83 [20000/60000 (33%)]	Loss: 0.074011
Train Epoch: 83 [25000/60000 (42%)]	Loss: 0.038741
Train Epoch: 83 [30000/60000 (50%)]	Loss: 0.033649
Train Epoch: 83 [35000/60000 (58%)]	Loss: 0.013467
Train Epoch: 83 [40000/60000 (67%)]	Loss: 0.055023
Train Epoch: 83 [45000/60000 (75%)]	Loss: 0.043001
Train Epoch: 83 [50000/60000 (83%)]	Loss: 0.066029
Train Epoch: 83 [55000/60000 (92%)]	Loss: 0.062868
Train Epoch: 83 [60000/60000 (100%)]	Loss: 0.066810

Average Training loss: 0.0008, Training Error Rate: 4.51% (2707/60000)


Average Test loss: 0.0000, Test Error Rate: 4.44% (444/10000)

Train Epoch: 84 [5000/60000 (8%)]	Loss: 0.031224
Train Epoch: 84 [10000/60000 (17%)]	Loss: 0.051167
Train Epoch: 84 [15000/60000 (25%)]	Loss: 0.029732
Train Epoch: 84 [20000/60000 (33%)]	Loss: 0.032961
Train Epoch: 84 [25000/60000 (42%)]	Loss: 0.050927
Train Epoch: 84 [30000/60000 (50%)]	Loss: 0.058301
Train Epoch: 84 [35000/60000 (58%)]	Loss: 0.044593
Train Epoch: 84 [40000/60000 (67%)]	Loss: 0.050323
Train Epoch: 84 [45000/60000 (75%)]	Loss: 0.047870
Train Epoch: 84 [50000/60000 (83%)]	Loss: 0.037991
Train Epoch: 84 [55000/60000 (92%)]	Loss: 0.104328
Train Epoch: 84 [60000/60000 (100%)]	Loss: 0.023125

Average Training loss: 0.0008, Training Error Rate: 4.51% (2704/60000)


Average Test loss: 0.0000, Test Error Rate: 4.44% (444/10000)

Train Epoch: 85 [5000/60000 (8%)]	Loss: 0.066694
Train Epoch: 85 [10000/60000 (17%)]	Loss: 0.018572
Train Epoch: 85 [15000/60000 (25%)]	Loss: 0.033830
Train Epoch: 85 [20000/60000 (33%)]	Loss: 0.053477
Train Epoch: 85 [25000/60000 (42%)]	Loss: 0.030799
Train Epoch: 85 [30000/60000 (50%)]	Loss: 0.033145
Train Epoch: 85 [35000/60000 (58%)]	Loss: 0.058039
Train Epoch: 85 [40000/60000 (67%)]	Loss: 0.047978
Train Epoch: 85 [45000/60000 (75%)]	Loss: 0.049058
Train Epoch: 85 [50000/60000 (83%)]	Loss: 0.025834
Train Epoch: 85 [55000/60000 (92%)]	Loss: 0.024124
Train Epoch: 85 [60000/60000 (100%)]	Loss: 0.021766

Average Training loss: 0.0008, Training Error Rate: 4.48% (2690/60000)


Average Test loss: 0.0000, Test Error Rate: 4.44% (444/10000)

Train Epoch: 86 [5000/60000 (8%)]	Loss: 0.064686
Train Epoch: 86 [10000/60000 (17%)]	Loss: 0.060297
Train Epoch: 86 [15000/60000 (25%)]	Loss: 0.017869
Train Epoch: 86 [20000/60000 (33%)]	Loss: 0.017459
Train Epoch: 86 [25000/60000 (42%)]	Loss: 0.032767
Train Epoch: 86 [30000/60000 (50%)]	Loss: 0.073708
Train Epoch: 86 [35000/60000 (58%)]	Loss: 0.019179
Train Epoch: 86 [40000/60000 (67%)]	Loss: 0.043255
Train Epoch: 86 [45000/60000 (75%)]	Loss: 0.062624
Train Epoch: 86 [50000/60000 (83%)]	Loss: 0.077419
Train Epoch: 86 [55000/60000 (92%)]	Loss: 0.022932
Train Epoch: 86 [60000/60000 (100%)]	Loss: 0.055452

Average Training loss: 0.0008, Training Error Rate: 4.44% (2663/60000)


Average Test loss: 0.0000, Test Error Rate: 4.38% (438/10000)

Train Epoch: 87 [5000/60000 (8%)]	Loss: 0.060844
Train Epoch: 87 [10000/60000 (17%)]	Loss: 0.050547
Train Epoch: 87 [15000/60000 (25%)]	Loss: 0.044757
Train Epoch: 87 [20000/60000 (33%)]	Loss: 0.011892
Train Epoch: 87 [25000/60000 (42%)]	Loss: 0.072119
Train Epoch: 87 [30000/60000 (50%)]	Loss: 0.051925
Train Epoch: 87 [35000/60000 (58%)]	Loss: 0.005742
Train Epoch: 87 [40000/60000 (67%)]	Loss: 0.043205
Train Epoch: 87 [45000/60000 (75%)]	Loss: 0.042869
Train Epoch: 87 [50000/60000 (83%)]	Loss: 0.033152
Train Epoch: 87 [55000/60000 (92%)]	Loss: 0.040131
Train Epoch: 87 [60000/60000 (100%)]	Loss: 0.059212

Average Training loss: 0.0008, Training Error Rate: 4.41% (2645/60000)


Average Test loss: 0.0000, Test Error Rate: 4.37% (437/10000)

Train Epoch: 88 [5000/60000 (8%)]	Loss: 0.073324
Train Epoch: 88 [10000/60000 (17%)]	Loss: 0.019452
Train Epoch: 88 [15000/60000 (25%)]	Loss: 0.031171
Train Epoch: 88 [20000/60000 (33%)]	Loss: 0.030649
Train Epoch: 88 [25000/60000 (42%)]	Loss: 0.051311
Train Epoch: 88 [30000/60000 (50%)]	Loss: 0.035101
Train Epoch: 88 [35000/60000 (58%)]	Loss: 0.051181
Train Epoch: 88 [40000/60000 (67%)]	Loss: 0.023335
Train Epoch: 88 [45000/60000 (75%)]	Loss: 0.036068
Train Epoch: 88 [50000/60000 (83%)]	Loss: 0.031663
Train Epoch: 88 [55000/60000 (92%)]	Loss: 0.017419
Train Epoch: 88 [60000/60000 (100%)]	Loss: 0.062597

Average Training loss: 0.0008, Training Error Rate: 4.39% (2637/60000)


Average Test loss: 0.0000, Test Error Rate: 4.40% (440/10000)

Train Epoch: 89 [5000/60000 (8%)]	Loss: 0.025506
Train Epoch: 89 [10000/60000 (17%)]	Loss: 0.047268
Train Epoch: 89 [15000/60000 (25%)]	Loss: 0.020003
Train Epoch: 89 [20000/60000 (33%)]	Loss: 0.025383
Train Epoch: 89 [25000/60000 (42%)]	Loss: 0.050275
Train Epoch: 89 [30000/60000 (50%)]	Loss: 0.033450
Train Epoch: 89 [35000/60000 (58%)]	Loss: 0.060872
Train Epoch: 89 [40000/60000 (67%)]	Loss: 0.030977
Train Epoch: 89 [45000/60000 (75%)]	Loss: 0.023379
Train Epoch: 89 [50000/60000 (83%)]	Loss: 0.042773
Train Epoch: 89 [55000/60000 (92%)]	Loss: 0.032519
Train Epoch: 89 [60000/60000 (100%)]	Loss: 0.044741

Average Training loss: 0.0008, Training Error Rate: 4.34% (2605/60000)


Average Test loss: 0.0000, Test Error Rate: 4.38% (438/10000)

Train Epoch: 90 [5000/60000 (8%)]	Loss: 0.035329
Train Epoch: 90 [10000/60000 (17%)]	Loss: 0.028096
Train Epoch: 90 [15000/60000 (25%)]	Loss: 0.045811
Train Epoch: 90 [20000/60000 (33%)]	Loss: 0.027066
Train Epoch: 90 [25000/60000 (42%)]	Loss: 0.031807
Train Epoch: 90 [30000/60000 (50%)]	Loss: 0.050655
Train Epoch: 90 [35000/60000 (58%)]	Loss: 0.019272
Train Epoch: 90 [40000/60000 (67%)]	Loss: 0.065360
Train Epoch: 90 [45000/60000 (75%)]	Loss: 0.059527
Train Epoch: 90 [50000/60000 (83%)]	Loss: 0.011407
Train Epoch: 90 [55000/60000 (92%)]	Loss: 0.027721
Train Epoch: 90 [60000/60000 (100%)]	Loss: 0.017113

Average Training loss: 0.0008, Training Error Rate: 4.32% (2594/60000)


Average Test loss: 0.0000, Test Error Rate: 4.30% (430/10000)

Train Epoch: 91 [5000/60000 (8%)]	Loss: 0.052693
Train Epoch: 91 [10000/60000 (17%)]	Loss: 0.061358
Train Epoch: 91 [15000/60000 (25%)]	Loss: 0.035286
Train Epoch: 91 [20000/60000 (33%)]	Loss: 0.042436
Train Epoch: 91 [25000/60000 (42%)]	Loss: 0.031480
Train Epoch: 91 [30000/60000 (50%)]	Loss: 0.042171
Train Epoch: 91 [35000/60000 (58%)]	Loss: 0.031185
Train Epoch: 91 [40000/60000 (67%)]	Loss: 0.027380
Train Epoch: 91 [45000/60000 (75%)]	Loss: 0.046189
Train Epoch: 91 [50000/60000 (83%)]	Loss: 0.041445
Train Epoch: 91 [55000/60000 (92%)]	Loss: 0.029436
Train Epoch: 91 [60000/60000 (100%)]	Loss: 0.063328

Average Training loss: 0.0008, Training Error Rate: 4.29% (2573/60000)


Average Test loss: 0.0000, Test Error Rate: 4.28% (428/10000)

Train Epoch: 92 [5000/60000 (8%)]	Loss: 0.049305
Train Epoch: 92 [10000/60000 (17%)]	Loss: 0.031208
Train Epoch: 92 [15000/60000 (25%)]	Loss: 0.023224
Train Epoch: 92 [20000/60000 (33%)]	Loss: 0.035206
Train Epoch: 92 [25000/60000 (42%)]	Loss: 0.022984
Train Epoch: 92 [30000/60000 (50%)]	Loss: 0.028862
Train Epoch: 92 [35000/60000 (58%)]	Loss: 0.025911
Train Epoch: 92 [40000/60000 (67%)]	Loss: 0.034564
Train Epoch: 92 [45000/60000 (75%)]	Loss: 0.030186
Train Epoch: 92 [50000/60000 (83%)]	Loss: 0.050411
Train Epoch: 92 [55000/60000 (92%)]	Loss: 0.015045
Train Epoch: 92 [60000/60000 (100%)]	Loss: 0.044451

Average Training loss: 0.0008, Training Error Rate: 4.27% (2561/60000)


Average Test loss: 0.0000, Test Error Rate: 4.27% (427/10000)

Train Epoch: 93 [5000/60000 (8%)]	Loss: 0.050675
Train Epoch: 93 [10000/60000 (17%)]	Loss: 0.039875
Train Epoch: 93 [15000/60000 (25%)]	Loss: 0.050911
Train Epoch: 93 [20000/60000 (33%)]	Loss: 0.027699
Train Epoch: 93 [25000/60000 (42%)]	Loss: 0.026735
Train Epoch: 93 [30000/60000 (50%)]	Loss: 0.052549
Train Epoch: 93 [35000/60000 (58%)]	Loss: 0.042719
Train Epoch: 93 [40000/60000 (67%)]	Loss: 0.050794
Train Epoch: 93 [45000/60000 (75%)]	Loss: 0.036631
Train Epoch: 93 [50000/60000 (83%)]	Loss: 0.010767
Train Epoch: 93 [55000/60000 (92%)]	Loss: 0.047430
Train Epoch: 93 [60000/60000 (100%)]	Loss: 0.045989

Average Training loss: 0.0008, Training Error Rate: 4.25% (2551/60000)


Average Test loss: 0.0000, Test Error Rate: 4.29% (429/10000)

Train Epoch: 94 [5000/60000 (8%)]	Loss: 0.025578
Train Epoch: 94 [10000/60000 (17%)]	Loss: 0.049819
Train Epoch: 94 [15000/60000 (25%)]	Loss: 0.023592
Train Epoch: 94 [20000/60000 (33%)]	Loss: 0.032484
Train Epoch: 94 [25000/60000 (42%)]	Loss: 0.040249
Train Epoch: 94 [30000/60000 (50%)]	Loss: 0.047571
Train Epoch: 94 [35000/60000 (58%)]	Loss: 0.040213
Train Epoch: 94 [40000/60000 (67%)]	Loss: 0.072649
Train Epoch: 94 [45000/60000 (75%)]	Loss: 0.057684
Train Epoch: 94 [50000/60000 (83%)]	Loss: 0.014394
Train Epoch: 94 [55000/60000 (92%)]	Loss: 0.035439
Train Epoch: 94 [60000/60000 (100%)]	Loss: 0.052609

Average Training loss: 0.0008, Training Error Rate: 4.22% (2534/60000)


Average Test loss: 0.0000, Test Error Rate: 4.23% (423/10000)

Train Epoch: 95 [5000/60000 (8%)]	Loss: 0.034635
Train Epoch: 95 [10000/60000 (17%)]	Loss: 0.035670
Train Epoch: 95 [15000/60000 (25%)]	Loss: 0.024415
Train Epoch: 95 [20000/60000 (33%)]	Loss: 0.029384
Train Epoch: 95 [25000/60000 (42%)]	Loss: 0.024517
Train Epoch: 95 [30000/60000 (50%)]	Loss: 0.067897
Train Epoch: 95 [35000/60000 (58%)]	Loss: 0.055020
Train Epoch: 95 [40000/60000 (67%)]	Loss: 0.025484
Train Epoch: 95 [45000/60000 (75%)]	Loss: 0.047067
Train Epoch: 95 [50000/60000 (83%)]	Loss: 0.019219
Train Epoch: 95 [55000/60000 (92%)]	Loss: 0.011453
Train Epoch: 95 [60000/60000 (100%)]	Loss: 0.037200

Average Training loss: 0.0008, Training Error Rate: 4.21% (2527/60000)


Average Test loss: 0.0000, Test Error Rate: 4.24% (424/10000)

Train Epoch: 96 [5000/60000 (8%)]	Loss: 0.031635
Train Epoch: 96 [10000/60000 (17%)]	Loss: 0.025699
Train Epoch: 96 [15000/60000 (25%)]	Loss: 0.038347
Train Epoch: 96 [20000/60000 (33%)]	Loss: 0.019648
Train Epoch: 96 [25000/60000 (42%)]	Loss: 0.060909
Train Epoch: 96 [30000/60000 (50%)]	Loss: 0.018762
Train Epoch: 96 [35000/60000 (58%)]	Loss: 0.056564
Train Epoch: 96 [40000/60000 (67%)]	Loss: 0.037257
Train Epoch: 96 [45000/60000 (75%)]	Loss: 0.043513
Train Epoch: 96 [50000/60000 (83%)]	Loss: 0.037192
Train Epoch: 96 [55000/60000 (92%)]	Loss: 0.035235
Train Epoch: 96 [60000/60000 (100%)]	Loss: 0.068997

Average Training loss: 0.0007, Training Error Rate: 4.17% (2502/60000)


Average Test loss: 0.0000, Test Error Rate: 4.19% (419/10000)

Train Epoch: 97 [5000/60000 (8%)]	Loss: 0.036187
Train Epoch: 97 [10000/60000 (17%)]	Loss: 0.036156
Train Epoch: 97 [15000/60000 (25%)]	Loss: 0.034261
Train Epoch: 97 [20000/60000 (33%)]	Loss: 0.047618
Train Epoch: 97 [25000/60000 (42%)]	Loss: 0.072385
Train Epoch: 97 [30000/60000 (50%)]	Loss: 0.107307
Train Epoch: 97 [35000/60000 (58%)]	Loss: 0.047969
Train Epoch: 97 [40000/60000 (67%)]	Loss: 0.018315
Train Epoch: 97 [45000/60000 (75%)]	Loss: 0.019968
Train Epoch: 97 [50000/60000 (83%)]	Loss: 0.021704
Train Epoch: 97 [55000/60000 (92%)]	Loss: 0.018423
Train Epoch: 97 [60000/60000 (100%)]	Loss: 0.073870

Average Training loss: 0.0007, Training Error Rate: 4.14% (2484/60000)


Average Test loss: 0.0000, Test Error Rate: 4.24% (424/10000)

Train Epoch: 98 [5000/60000 (8%)]	Loss: 0.051949
Train Epoch: 98 [10000/60000 (17%)]	Loss: 0.025831
Train Epoch: 98 [15000/60000 (25%)]	Loss: 0.026193
Train Epoch: 98 [20000/60000 (33%)]	Loss: 0.046599
Train Epoch: 98 [25000/60000 (42%)]	Loss: 0.020671
Train Epoch: 98 [30000/60000 (50%)]	Loss: 0.036673
Train Epoch: 98 [35000/60000 (58%)]	Loss: 0.022491
Train Epoch: 98 [40000/60000 (67%)]	Loss: 0.036495
Train Epoch: 98 [45000/60000 (75%)]	Loss: 0.048861
Train Epoch: 98 [50000/60000 (83%)]	Loss: 0.023909
Train Epoch: 98 [55000/60000 (92%)]	Loss: 0.028597
Train Epoch: 98 [60000/60000 (100%)]	Loss: 0.014836

Average Training loss: 0.0007, Training Error Rate: 4.09% (2454/60000)


Average Test loss: 0.0000, Test Error Rate: 4.19% (419/10000)

Train Epoch: 99 [5000/60000 (8%)]	Loss: 0.056413
Train Epoch: 99 [10000/60000 (17%)]	Loss: 0.056929
Train Epoch: 99 [15000/60000 (25%)]	Loss: 0.052351
Train Epoch: 99 [20000/60000 (33%)]	Loss: 0.041186
Train Epoch: 99 [25000/60000 (42%)]	Loss: 0.028714
Train Epoch: 99 [30000/60000 (50%)]	Loss: 0.014554
Train Epoch: 99 [35000/60000 (58%)]	Loss: 0.032787
Train Epoch: 99 [40000/60000 (67%)]	Loss: 0.033726
Train Epoch: 99 [45000/60000 (75%)]	Loss: 0.057239
Train Epoch: 99 [50000/60000 (83%)]	Loss: 0.020606
Train Epoch: 99 [55000/60000 (92%)]	Loss: 0.030867
Train Epoch: 99 [60000/60000 (100%)]	Loss: 0.044057

Average Training loss: 0.0007, Training Error Rate: 4.08% (2451/60000)


Average Test loss: 0.0000, Test Error Rate: 4.14% (414/10000)

/vast/home/ajherman/miniconda3/envs/pytorch/lib/python3.11/site-packages/torchvision/io/image.py:13: UserWarning: Failed to load image Python extension: '/vast/home/ajherman/miniconda3/envs/pytorch/lib/python3.11/site-packages/torchvision/image.so: undefined symbol: _ZN5torch3jit17parseSchemaOrNameERKNSt7__cxx1112basic_stringIcSt11char_traitsIcESaIcEEE'If you don't plan on using image functionality from `torchvision.io`, you can ignore this warning. Otherwise, there might be something wrong with your environment. Did you have `libjpeg` or `libpng` installed before building `torchvision` from source?
  warn(
Random seed set as 42
dt =  0.5506710358827784
trace decay =  0.3011942119122021
Random seed set as 42
Random seed set as 42
dt =  0.5506710358827784
trace decay =  0.3011942119122021
Random seed set as 42
