/vast/home/ajherman/miniconda3/envs/pytorch/lib/python3.11/site-packages/torchvision/io/image.py:13: UserWarning: Failed to load image Python extension: '/vast/home/ajherman/miniconda3/envs/pytorch/lib/python3.11/site-packages/torchvision/image.so: undefined symbol: _ZN5torch3jit17parseSchemaOrNameERKNSt7__cxx1112basic_stringIcSt11char_traitsIcESaIcEEE'If you don't plan on using image functionality from `torchvision.io`, you can ignore this warning. Otherwise, there might be something wrong with your environment. Did you have `libjpeg` or `libpng` installed before building `torchvision` from source?
  warn(
Random seed set as 42
dt =  0.14785621103378865
trace decay =  0.7261490370736909
Random seed set as 42
Random seed set as 42
dt =  0.14785621103378865
trace decay =  0.7261490370736909
Random seed set as 42
Train Epoch: 0 [2500/60000 (4%)]	Loss: 0.290858
Train Epoch: 0 [5000/60000 (8%)]	Loss: 0.188861
Train Epoch: 0 [7500/60000 (12%)]	Loss: 0.124878
Train Epoch: 0 [10000/60000 (17%)]	Loss: 0.177860
Train Epoch: 0 [12500/60000 (21%)]	Loss: 0.063010
Train Epoch: 0 [15000/60000 (25%)]	Loss: 0.120137
Train Epoch: 0 [17500/60000 (29%)]	Loss: 0.074510
Train Epoch: 0 [20000/60000 (33%)]	Loss: 0.126050
Train Epoch: 0 [22500/60000 (38%)]	Loss: 0.058998
Train Epoch: 0 [25000/60000 (42%)]	Loss: 0.073456
Train Epoch: 0 [27500/60000 (46%)]	Loss: 0.105459
Train Epoch: 0 [30000/60000 (50%)]	Loss: 0.133663
Train Epoch: 0 [32500/60000 (54%)]	Loss: 0.102341
Train Epoch: 0 [35000/60000 (58%)]	Loss: 0.045309
Train Epoch: 0 [37500/60000 (62%)]	Loss: 0.118424
Train Epoch: 0 [40000/60000 (67%)]	Loss: 0.035888
Train Epoch: 0 [42500/60000 (71%)]	Loss: 0.070292
Train Epoch: 0 [45000/60000 (75%)]	Loss: 0.114530
Train Epoch: 0 [47500/60000 (79%)]	Loss: 0.120467
Train Epoch: 0 [50000/60000 (83%)]	Loss: 0.083234
Train Epoch: 0 [52500/60000 (88%)]	Loss: 0.051491
Train Epoch: 0 [55000/60000 (92%)]	Loss: 0.090669
Train Epoch: 0 [57500/60000 (96%)]	Loss: 0.066347
Train Epoch: 0 [60000/60000 (100%)]	Loss: 0.075179

Average Training loss: 0.0049, Training Error Rate: 12.35% (7408/60000)


Average Test loss: 0.0001, Test Error Rate: 8.01% (801/10000)

Train Epoch: 1 [2500/60000 (4%)]	Loss: 0.038515
Train Epoch: 1 [5000/60000 (8%)]	Loss: 0.064317
Train Epoch: 1 [7500/60000 (12%)]	Loss: 0.054014
Train Epoch: 1 [10000/60000 (17%)]	Loss: 0.095686
Train Epoch: 1 [12500/60000 (21%)]	Loss: 0.065365
Train Epoch: 1 [15000/60000 (25%)]	Loss: 0.069200
Train Epoch: 1 [17500/60000 (29%)]	Loss: 0.079794
Train Epoch: 1 [20000/60000 (33%)]	Loss: 0.047215
Train Epoch: 1 [22500/60000 (38%)]	Loss: 0.142315
Train Epoch: 1 [25000/60000 (42%)]	Loss: 0.050519
Train Epoch: 1 [27500/60000 (46%)]	Loss: 0.100299
Train Epoch: 1 [30000/60000 (50%)]	Loss: 0.053270
Train Epoch: 1 [32500/60000 (54%)]	Loss: 0.096744
Train Epoch: 1 [35000/60000 (58%)]	Loss: 0.048057
Train Epoch: 1 [37500/60000 (62%)]	Loss: 0.053957
Train Epoch: 1 [40000/60000 (67%)]	Loss: 0.102016
Train Epoch: 1 [42500/60000 (71%)]	Loss: 0.040885
Train Epoch: 1 [45000/60000 (75%)]	Loss: 0.099587
Train Epoch: 1 [47500/60000 (79%)]	Loss: 0.116310
Train Epoch: 1 [50000/60000 (83%)]	Loss: 0.135181
Train Epoch: 1 [52500/60000 (88%)]	Loss: 0.068787
Train Epoch: 1 [55000/60000 (92%)]	Loss: 0.058533
Train Epoch: 1 [57500/60000 (96%)]	Loss: 0.072661
Train Epoch: 1 [60000/60000 (100%)]	Loss: 0.026622

Average Training loss: 0.0032, Training Error Rate: 8.07% (4842/60000)


Average Test loss: 0.0001, Test Error Rate: 6.85% (685/10000)

Train Epoch: 2 [2500/60000 (4%)]	Loss: 0.027035
Train Epoch: 2 [5000/60000 (8%)]	Loss: 0.091835
Train Epoch: 2 [7500/60000 (12%)]	Loss: 0.027362
Train Epoch: 2 [10000/60000 (17%)]	Loss: 0.070669
Train Epoch: 2 [12500/60000 (21%)]	Loss: 0.060948
Train Epoch: 2 [15000/60000 (25%)]	Loss: 0.100117
Train Epoch: 2 [17500/60000 (29%)]	Loss: 0.077417
Train Epoch: 2 [20000/60000 (33%)]	Loss: 0.050027
Train Epoch: 2 [22500/60000 (38%)]	Loss: 0.077875
Train Epoch: 2 [25000/60000 (42%)]	Loss: 0.076224
Train Epoch: 2 [27500/60000 (46%)]	Loss: 0.082978
Train Epoch: 2 [30000/60000 (50%)]	Loss: 0.062762
Train Epoch: 2 [32500/60000 (54%)]	Loss: 0.076532
Train Epoch: 2 [35000/60000 (58%)]	Loss: 0.065589
Train Epoch: 2 [37500/60000 (62%)]	Loss: 0.075796
Train Epoch: 2 [40000/60000 (67%)]	Loss: 0.044453
Train Epoch: 2 [42500/60000 (71%)]	Loss: 0.091489
Train Epoch: 2 [45000/60000 (75%)]	Loss: 0.039808
Train Epoch: 2 [47500/60000 (79%)]	Loss: 0.052360
Train Epoch: 2 [50000/60000 (83%)]	Loss: 0.097608
Train Epoch: 2 [52500/60000 (88%)]	Loss: 0.044155
Train Epoch: 2 [55000/60000 (92%)]	Loss: 0.134565
Train Epoch: 2 [57500/60000 (96%)]	Loss: 0.047742
Train Epoch: 2 [60000/60000 (100%)]	Loss: 0.047673

Average Training loss: 0.0027, Training Error Rate: 6.84% (4104/60000)


Average Test loss: 0.0001, Test Error Rate: 6.15% (615/10000)

Train Epoch: 3 [2500/60000 (4%)]	Loss: 0.084490
Train Epoch: 3 [5000/60000 (8%)]	Loss: 0.073606
Train Epoch: 3 [7500/60000 (12%)]	Loss: 0.056385
Train Epoch: 3 [10000/60000 (17%)]	Loss: 0.114463
Train Epoch: 3 [12500/60000 (21%)]	Loss: 0.020307
Train Epoch: 3 [15000/60000 (25%)]	Loss: 0.035493
Train Epoch: 3 [17500/60000 (29%)]	Loss: 0.089824
Train Epoch: 3 [20000/60000 (33%)]	Loss: 0.026533
Train Epoch: 3 [22500/60000 (38%)]	Loss: 0.068020
Train Epoch: 3 [25000/60000 (42%)]	Loss: 0.074046
Train Epoch: 3 [27500/60000 (46%)]	Loss: 0.028640
Train Epoch: 3 [30000/60000 (50%)]	Loss: 0.083534
Train Epoch: 3 [32500/60000 (54%)]	Loss: 0.030766
Train Epoch: 3 [35000/60000 (58%)]	Loss: 0.070140
Train Epoch: 3 [37500/60000 (62%)]	Loss: 0.106439
Train Epoch: 3 [40000/60000 (67%)]	Loss: 0.068624
Train Epoch: 3 [42500/60000 (71%)]	Loss: 0.036929
Train Epoch: 3 [45000/60000 (75%)]	Loss: 0.068103
Train Epoch: 3 [47500/60000 (79%)]	Loss: 0.049655
Train Epoch: 3 [50000/60000 (83%)]	Loss: 0.075824
Train Epoch: 3 [52500/60000 (88%)]	Loss: 0.105229
Train Epoch: 3 [55000/60000 (92%)]	Loss: 0.094030
Train Epoch: 3 [57500/60000 (96%)]	Loss: 0.052557
Train Epoch: 3 [60000/60000 (100%)]	Loss: 0.036913

Average Training loss: 0.0024, Training Error Rate: 6.14% (3683/60000)


Average Test loss: 0.0001, Test Error Rate: 5.64% (564/10000)

Train Epoch: 4 [2500/60000 (4%)]	Loss: 0.048917
Train Epoch: 4 [5000/60000 (8%)]	Loss: 0.054868
Train Epoch: 4 [7500/60000 (12%)]	Loss: 0.060752
Train Epoch: 4 [10000/60000 (17%)]	Loss: 0.048351
Train Epoch: 4 [12500/60000 (21%)]	Loss: 0.026087
Train Epoch: 4 [15000/60000 (25%)]	Loss: 0.012457
Train Epoch: 4 [17500/60000 (29%)]	Loss: 0.078475
Train Epoch: 4 [20000/60000 (33%)]	Loss: 0.054010
Train Epoch: 4 [22500/60000 (38%)]	Loss: 0.050668
Train Epoch: 4 [25000/60000 (42%)]	Loss: 0.076463
Train Epoch: 4 [27500/60000 (46%)]	Loss: 0.076734
Train Epoch: 4 [30000/60000 (50%)]	Loss: 0.017071
Train Epoch: 4 [32500/60000 (54%)]	Loss: 0.044605
Train Epoch: 4 [35000/60000 (58%)]	Loss: 0.038680
Train Epoch: 4 [37500/60000 (62%)]	Loss: 0.052742
Train Epoch: 4 [40000/60000 (67%)]	Loss: 0.075693
Train Epoch: 4 [42500/60000 (71%)]	Loss: 0.041587
Train Epoch: 4 [45000/60000 (75%)]	Loss: 0.076963
Train Epoch: 4 [47500/60000 (79%)]	Loss: 0.036982
Train Epoch: 4 [50000/60000 (83%)]	Loss: 0.039577
Train Epoch: 4 [52500/60000 (88%)]	Loss: 0.046185
Train Epoch: 4 [55000/60000 (92%)]	Loss: 0.050622
Train Epoch: 4 [57500/60000 (96%)]	Loss: 0.021914
Train Epoch: 4 [60000/60000 (100%)]	Loss: 0.030194

Average Training loss: 0.0022, Training Error Rate: 5.58% (3350/60000)


Average Test loss: 0.0001, Test Error Rate: 5.31% (531/10000)

Train Epoch: 5 [2500/60000 (4%)]	Loss: 0.034197
Train Epoch: 5 [5000/60000 (8%)]	Loss: 0.064811
Train Epoch: 5 [7500/60000 (12%)]	Loss: 0.014015
Train Epoch: 5 [10000/60000 (17%)]	Loss: 0.013866
Train Epoch: 5 [12500/60000 (21%)]	Loss: 0.031959
Train Epoch: 5 [15000/60000 (25%)]	Loss: 0.065789
Train Epoch: 5 [17500/60000 (29%)]	Loss: 0.042342
Train Epoch: 5 [20000/60000 (33%)]	Loss: 0.115534
Train Epoch: 5 [22500/60000 (38%)]	Loss: 0.018726
Train Epoch: 5 [25000/60000 (42%)]	Loss: 0.049851
Train Epoch: 5 [27500/60000 (46%)]	Loss: 0.042277
Train Epoch: 5 [30000/60000 (50%)]	Loss: 0.042256
Train Epoch: 5 [32500/60000 (54%)]	Loss: 0.035503
Train Epoch: 5 [35000/60000 (58%)]	Loss: 0.057715
Train Epoch: 5 [37500/60000 (62%)]	Loss: 0.065978
Train Epoch: 5 [40000/60000 (67%)]	Loss: 0.065140
Train Epoch: 5 [42500/60000 (71%)]	Loss: 0.102690
Train Epoch: 5 [45000/60000 (75%)]	Loss: 0.062742
Train Epoch: 5 [47500/60000 (79%)]	Loss: 0.062473
Train Epoch: 5 [50000/60000 (83%)]	Loss: 0.064737
Train Epoch: 5 [52500/60000 (88%)]	Loss: 0.068754
Train Epoch: 5 [55000/60000 (92%)]	Loss: 0.044240
Train Epoch: 5 [57500/60000 (96%)]	Loss: 0.029170
Train Epoch: 5 [60000/60000 (100%)]	Loss: 0.045428

Average Training loss: 0.0021, Training Error Rate: 5.15% (3090/60000)


Average Test loss: 0.0000, Test Error Rate: 4.93% (493/10000)

Train Epoch: 6 [2500/60000 (4%)]	Loss: 0.040659
Train Epoch: 6 [5000/60000 (8%)]	Loss: 0.097700
Train Epoch: 6 [7500/60000 (12%)]	Loss: 0.095762
Train Epoch: 6 [10000/60000 (17%)]	Loss: 0.038190
Train Epoch: 6 [12500/60000 (21%)]	Loss: 0.042779
Train Epoch: 6 [15000/60000 (25%)]	Loss: 0.024041
Train Epoch: 6 [17500/60000 (29%)]	Loss: 0.084265
Train Epoch: 6 [20000/60000 (33%)]	Loss: 0.066306
Train Epoch: 6 [22500/60000 (38%)]	Loss: 0.039126
Train Epoch: 6 [25000/60000 (42%)]	Loss: 0.081485
Train Epoch: 6 [27500/60000 (46%)]	Loss: 0.014824
Train Epoch: 6 [30000/60000 (50%)]	Loss: 0.042711
Train Epoch: 6 [32500/60000 (54%)]	Loss: 0.013313
Train Epoch: 6 [35000/60000 (58%)]	Loss: 0.045571
Train Epoch: 6 [37500/60000 (62%)]	Loss: 0.058902
Train Epoch: 6 [40000/60000 (67%)]	Loss: 0.016211
Train Epoch: 6 [42500/60000 (71%)]	Loss: 0.034183
Train Epoch: 6 [45000/60000 (75%)]	Loss: 0.055578
Train Epoch: 6 [47500/60000 (79%)]	Loss: 0.023310
Train Epoch: 6 [50000/60000 (83%)]	Loss: 0.055102
Train Epoch: 6 [52500/60000 (88%)]	Loss: 0.045894
Train Epoch: 6 [55000/60000 (92%)]	Loss: 0.065493
Train Epoch: 6 [57500/60000 (96%)]	Loss: 0.051249
Train Epoch: 6 [60000/60000 (100%)]	Loss: 0.030975

Average Training loss: 0.0019, Training Error Rate: 4.86% (2918/60000)


Average Test loss: 0.0000, Test Error Rate: 4.79% (479/10000)

Train Epoch: 7 [2500/60000 (4%)]	Loss: 0.040470
Train Epoch: 7 [5000/60000 (8%)]	Loss: 0.030165
Train Epoch: 7 [7500/60000 (12%)]	Loss: 0.012663
Train Epoch: 7 [10000/60000 (17%)]	Loss: 0.013277
Train Epoch: 7 [12500/60000 (21%)]	Loss: 0.075098
Train Epoch: 7 [15000/60000 (25%)]	Loss: 0.046127
Train Epoch: 7 [17500/60000 (29%)]	Loss: 0.019683
Train Epoch: 7 [20000/60000 (33%)]	Loss: 0.040714
Train Epoch: 7 [22500/60000 (38%)]	Loss: 0.040759
Train Epoch: 7 [25000/60000 (42%)]	Loss: 0.037747
Train Epoch: 7 [27500/60000 (46%)]	Loss: 0.011286
Train Epoch: 7 [30000/60000 (50%)]	Loss: 0.010765
Train Epoch: 7 [32500/60000 (54%)]	Loss: 0.027896
Train Epoch: 7 [35000/60000 (58%)]	Loss: 0.013459
Train Epoch: 7 [37500/60000 (62%)]	Loss: 0.102253
Train Epoch: 7 [40000/60000 (67%)]	Loss: 0.047585
Train Epoch: 7 [42500/60000 (71%)]	Loss: 0.055782
Train Epoch: 7 [45000/60000 (75%)]	Loss: 0.034007
Train Epoch: 7 [47500/60000 (79%)]	Loss: 0.047093
Train Epoch: 7 [50000/60000 (83%)]	Loss: 0.088439
Train Epoch: 7 [52500/60000 (88%)]	Loss: 0.076176
Train Epoch: 7 [55000/60000 (92%)]	Loss: 0.033311
Train Epoch: 7 [57500/60000 (96%)]	Loss: 0.067249
Train Epoch: 7 [60000/60000 (100%)]	Loss: 0.036430

Average Training loss: 0.0018, Training Error Rate: 4.56% (2734/60000)


Average Test loss: 0.0000, Test Error Rate: 4.53% (453/10000)

Train Epoch: 8 [2500/60000 (4%)]	Loss: 0.056649
Train Epoch: 8 [5000/60000 (8%)]	Loss: 0.045644
Train Epoch: 8 [7500/60000 (12%)]	Loss: 0.052664
Train Epoch: 8 [10000/60000 (17%)]	Loss: 0.008405
Train Epoch: 8 [12500/60000 (21%)]	Loss: 0.053949
Train Epoch: 8 [15000/60000 (25%)]	Loss: 0.038211
Train Epoch: 8 [17500/60000 (29%)]	Loss: 0.024704
Train Epoch: 8 [20000/60000 (33%)]	Loss: 0.028229
Train Epoch: 8 [22500/60000 (38%)]	Loss: 0.045030
Train Epoch: 8 [25000/60000 (42%)]	Loss: 0.032418
Train Epoch: 8 [27500/60000 (46%)]	Loss: 0.047449
Train Epoch: 8 [30000/60000 (50%)]	Loss: 0.055547
Train Epoch: 8 [32500/60000 (54%)]	Loss: 0.045501
Train Epoch: 8 [35000/60000 (58%)]	Loss: 0.011266
Train Epoch: 8 [37500/60000 (62%)]	Loss: 0.040109
Train Epoch: 8 [40000/60000 (67%)]	Loss: 0.060342
Train Epoch: 8 [42500/60000 (71%)]	Loss: 0.083886
Train Epoch: 8 [45000/60000 (75%)]	Loss: 0.038084
Train Epoch: 8 [47500/60000 (79%)]	Loss: 0.009439
Train Epoch: 8 [50000/60000 (83%)]	Loss: 0.030813
Train Epoch: 8 [52500/60000 (88%)]	Loss: 0.028546
Train Epoch: 8 [55000/60000 (92%)]	Loss: 0.062640
Train Epoch: 8 [57500/60000 (96%)]	Loss: 0.074809
Train Epoch: 8 [60000/60000 (100%)]	Loss: 0.019726

Average Training loss: 0.0017, Training Error Rate: 4.27% (2564/60000)


Average Test loss: 0.0000, Test Error Rate: 4.26% (426/10000)

Train Epoch: 9 [2500/60000 (4%)]	Loss: 0.048344
Train Epoch: 9 [5000/60000 (8%)]	Loss: 0.055975
Train Epoch: 9 [7500/60000 (12%)]	Loss: 0.071442
Train Epoch: 9 [10000/60000 (17%)]	Loss: 0.052029
Train Epoch: 9 [12500/60000 (21%)]	Loss: 0.094965
Train Epoch: 9 [15000/60000 (25%)]	Loss: 0.050121
Train Epoch: 9 [17500/60000 (29%)]	Loss: 0.073406
Train Epoch: 9 [20000/60000 (33%)]	Loss: 0.049805
Train Epoch: 9 [22500/60000 (38%)]	Loss: 0.030990
Train Epoch: 9 [25000/60000 (42%)]	Loss: 0.065399
Train Epoch: 9 [27500/60000 (46%)]	Loss: 0.015606
Train Epoch: 9 [30000/60000 (50%)]	Loss: 0.062161
Train Epoch: 9 [32500/60000 (54%)]	Loss: 0.036837
Train Epoch: 9 [35000/60000 (58%)]	Loss: 0.026084
Train Epoch: 9 [37500/60000 (62%)]	Loss: 0.050362
Train Epoch: 9 [40000/60000 (67%)]	Loss: 0.052482
Train Epoch: 9 [42500/60000 (71%)]	Loss: 0.012252
Train Epoch: 9 [45000/60000 (75%)]	Loss: 0.029861
Train Epoch: 9 [47500/60000 (79%)]	Loss: 0.023438
Train Epoch: 9 [50000/60000 (83%)]	Loss: 0.021203
Train Epoch: 9 [52500/60000 (88%)]	Loss: 0.079120
Train Epoch: 9 [55000/60000 (92%)]	Loss: 0.021695
Train Epoch: 9 [57500/60000 (96%)]	Loss: 0.045834
Train Epoch: 9 [60000/60000 (100%)]	Loss: 0.029735

Average Training loss: 0.0017, Training Error Rate: 4.05% (2433/60000)


Average Test loss: 0.0000, Test Error Rate: 4.08% (408/10000)

Train Epoch: 10 [2500/60000 (4%)]	Loss: 0.020164
Train Epoch: 10 [5000/60000 (8%)]	Loss: 0.037255
Train Epoch: 10 [7500/60000 (12%)]	Loss: 0.035277
Train Epoch: 10 [10000/60000 (17%)]	Loss: 0.022555
Train Epoch: 10 [12500/60000 (21%)]	Loss: 0.006647
Train Epoch: 10 [15000/60000 (25%)]	Loss: 0.016629
Train Epoch: 10 [17500/60000 (29%)]	Loss: 0.032280
Train Epoch: 10 [20000/60000 (33%)]	Loss: 0.049981
Train Epoch: 10 [22500/60000 (38%)]	Loss: 0.041040
Train Epoch: 10 [25000/60000 (42%)]	Loss: 0.022018
Train Epoch: 10 [27500/60000 (46%)]	Loss: 0.020218
Train Epoch: 10 [30000/60000 (50%)]	Loss: 0.028855
Train Epoch: 10 [32500/60000 (54%)]	Loss: 0.044396
Train Epoch: 10 [35000/60000 (58%)]	Loss: 0.030536
Train Epoch: 10 [37500/60000 (62%)]	Loss: 0.069746
Train Epoch: 10 [40000/60000 (67%)]	Loss: 0.076943
Train Epoch: 10 [42500/60000 (71%)]	Loss: 0.039866
Train Epoch: 10 [45000/60000 (75%)]	Loss: 0.018223
Train Epoch: 10 [47500/60000 (79%)]	Loss: 0.036254
Train Epoch: 10 [50000/60000 (83%)]	Loss: 0.037891
Train Epoch: 10 [52500/60000 (88%)]	Loss: 0.032292
Train Epoch: 10 [55000/60000 (92%)]	Loss: 0.011421
Train Epoch: 10 [57500/60000 (96%)]	Loss: 0.036275
Train Epoch: 10 [60000/60000 (100%)]	Loss: 0.016373

Average Training loss: 0.0016, Training Error Rate: 3.88% (2325/60000)


Average Test loss: 0.0000, Test Error Rate: 3.91% (391/10000)

Train Epoch: 11 [2500/60000 (4%)]	Loss: 0.056639
Train Epoch: 11 [5000/60000 (8%)]	Loss: 0.043832
Train Epoch: 11 [7500/60000 (12%)]	Loss: 0.025650
Train Epoch: 11 [10000/60000 (17%)]	Loss: 0.041134
Train Epoch: 11 [12500/60000 (21%)]	Loss: 0.035310
Train Epoch: 11 [15000/60000 (25%)]	Loss: 0.045294
Train Epoch: 11 [17500/60000 (29%)]	Loss: 0.035627
Train Epoch: 11 [20000/60000 (33%)]	Loss: 0.054073
Train Epoch: 11 [22500/60000 (38%)]	Loss: 0.004687
Train Epoch: 11 [25000/60000 (42%)]	Loss: 0.044764
Train Epoch: 11 [27500/60000 (46%)]	Loss: 0.016323
Train Epoch: 11 [30000/60000 (50%)]	Loss: 0.037272
Train Epoch: 11 [32500/60000 (54%)]	Loss: 0.017500
Train Epoch: 11 [35000/60000 (58%)]	Loss: 0.094947
Train Epoch: 11 [37500/60000 (62%)]	Loss: 0.039837
Train Epoch: 11 [40000/60000 (67%)]	Loss: 0.063530
Train Epoch: 11 [42500/60000 (71%)]	Loss: 0.019585
Train Epoch: 11 [45000/60000 (75%)]	Loss: 0.018264
Train Epoch: 11 [47500/60000 (79%)]	Loss: 0.097463
Train Epoch: 11 [50000/60000 (83%)]	Loss: 0.033686
Train Epoch: 11 [52500/60000 (88%)]	Loss: 0.021338
Train Epoch: 11 [55000/60000 (92%)]	Loss: 0.033403
Train Epoch: 11 [57500/60000 (96%)]	Loss: 0.022375
Train Epoch: 11 [60000/60000 (100%)]	Loss: 0.053600

Average Training loss: 0.0015, Training Error Rate: 3.75% (2248/60000)


Average Test loss: 0.0000, Test Error Rate: 3.98% (398/10000)

Train Epoch: 12 [2500/60000 (4%)]	Loss: 0.018989
Train Epoch: 12 [5000/60000 (8%)]	Loss: 0.014056
Train Epoch: 12 [7500/60000 (12%)]	Loss: 0.024850
Train Epoch: 12 [10000/60000 (17%)]	Loss: 0.057301
Train Epoch: 12 [12500/60000 (21%)]	Loss: 0.009457
Train Epoch: 12 [15000/60000 (25%)]	Loss: 0.034945
Train Epoch: 12 [17500/60000 (29%)]	Loss: 0.032897
Train Epoch: 12 [20000/60000 (33%)]	Loss: 0.051221
Train Epoch: 12 [22500/60000 (38%)]	Loss: 0.082921
Train Epoch: 12 [25000/60000 (42%)]	Loss: 0.024223
Train Epoch: 12 [27500/60000 (46%)]	Loss: 0.038131
Train Epoch: 12 [30000/60000 (50%)]	Loss: 0.085045
Train Epoch: 12 [32500/60000 (54%)]	Loss: 0.033208
Train Epoch: 12 [35000/60000 (58%)]	Loss: 0.056356
Train Epoch: 12 [37500/60000 (62%)]	Loss: 0.046851
Train Epoch: 12 [40000/60000 (67%)]	Loss: 0.046280
Train Epoch: 12 [42500/60000 (71%)]	Loss: 0.086444
Train Epoch: 12 [45000/60000 (75%)]	Loss: 0.047879
Train Epoch: 12 [47500/60000 (79%)]	Loss: 0.014746
Train Epoch: 12 [50000/60000 (83%)]	Loss: 0.020453
Train Epoch: 12 [52500/60000 (88%)]	Loss: 0.031207
Train Epoch: 12 [55000/60000 (92%)]	Loss: 0.031476
Train Epoch: 12 [57500/60000 (96%)]	Loss: 0.042952
Train Epoch: 12 [60000/60000 (100%)]	Loss: 0.034506

Average Training loss: 0.0015, Training Error Rate: 3.56% (2134/60000)


Average Test loss: 0.0000, Test Error Rate: 3.74% (374/10000)

Train Epoch: 13 [2500/60000 (4%)]	Loss: 0.029700
Train Epoch: 13 [5000/60000 (8%)]	Loss: 0.028544
Train Epoch: 13 [7500/60000 (12%)]	Loss: 0.040880
Train Epoch: 13 [10000/60000 (17%)]	Loss: 0.034193
Train Epoch: 13 [12500/60000 (21%)]	Loss: 0.030290
Train Epoch: 13 [15000/60000 (25%)]	Loss: 0.016562
Train Epoch: 13 [17500/60000 (29%)]	Loss: 0.024042
Train Epoch: 13 [20000/60000 (33%)]	Loss: 0.019811
Train Epoch: 13 [22500/60000 (38%)]	Loss: 0.039427
Train Epoch: 13 [25000/60000 (42%)]	Loss: 0.055283
Train Epoch: 13 [27500/60000 (46%)]	Loss: 0.041935
Train Epoch: 13 [30000/60000 (50%)]	Loss: 0.018165
Train Epoch: 13 [32500/60000 (54%)]	Loss: 0.009280
Train Epoch: 13 [35000/60000 (58%)]	Loss: 0.046316
Train Epoch: 13 [37500/60000 (62%)]	Loss: 0.018878
Train Epoch: 13 [40000/60000 (67%)]	Loss: 0.009323
Train Epoch: 13 [42500/60000 (71%)]	Loss: 0.035694
Train Epoch: 13 [45000/60000 (75%)]	Loss: 0.038780
Train Epoch: 13 [47500/60000 (79%)]	Loss: 0.037441
Train Epoch: 13 [50000/60000 (83%)]	Loss: 0.015371
Train Epoch: 13 [52500/60000 (88%)]	Loss: 0.026743
Train Epoch: 13 [55000/60000 (92%)]	Loss: 0.061182
Train Epoch: 13 [57500/60000 (96%)]	Loss: 0.062509
Train Epoch: 13 [60000/60000 (100%)]	Loss: 0.040482

Average Training loss: 0.0014, Training Error Rate: 3.45% (2070/60000)


Average Test loss: 0.0000, Test Error Rate: 3.70% (370/10000)

Train Epoch: 14 [2500/60000 (4%)]	Loss: 0.049432
Train Epoch: 14 [5000/60000 (8%)]	Loss: 0.016059
Train Epoch: 14 [7500/60000 (12%)]	Loss: 0.052909
Train Epoch: 14 [10000/60000 (17%)]	Loss: 0.008984
