/vast/home/ajherman/miniconda3/envs/pytorch/lib/python3.11/site-packages/torchvision/io/image.py:13: UserWarning: Failed to load image Python extension: '/vast/home/ajherman/miniconda3/envs/pytorch/lib/python3.11/site-packages/torchvision/image.so: undefined symbol: _ZN5torch3jit17parseSchemaOrNameERKNSt7__cxx1112basic_stringIcSt11char_traitsIcESaIcEEE'If you don't plan on using image functionality from `torchvision.io`, you can ignore this warning. Otherwise, there might be something wrong with your environment. Did you have `libjpeg` or `libpng` installed before building `torchvision` from source?
  warn(
Random seed set as 42
dt =  0.2340716616353513
trace decay =  0.44932896411722156
Random seed set as 42
Random seed set as 42
dt =  0.2340716616353513
trace decay =  0.44932896411722156
Random seed set as 42
Traceback (most recent call last):
  File "/vast/home/ajherman/continualEP/main.py", line 319, in <module>
    if args.load and os.path.exists(pkl_file):
                                    ^^^^^^^^
NameError: name 'pkl_file' is not defined
/vast/home/ajherman/miniconda3/envs/pytorch/lib/python3.11/site-packages/torchvision/io/image.py:13: UserWarning: Failed to load image Python extension: '/vast/home/ajherman/miniconda3/envs/pytorch/lib/python3.11/site-packages/torchvision/image.so: undefined symbol: _ZN5torch3jit17parseSchemaOrNameERKNSt7__cxx1112basic_stringIcSt11char_traitsIcESaIcEEE'If you don't plan on using image functionality from `torchvision.io`, you can ignore this warning. Otherwise, there might be something wrong with your environment. Did you have `libjpeg` or `libpng` installed before building `torchvision` from source?
  warn(
Random seed set as 42
dt =  0.2340716616353513
trace decay =  0.44932896411722156
Random seed set as 42
Random seed set as 42
dt =  0.2340716616353513
trace decay =  0.44932896411722156
Random seed set as 42
Traceback (most recent call last):
  File "/vast/home/ajherman/continualEP/main.py", line 323, in <module>
    assert(0)
AssertionError
/vast/home/ajherman/miniconda3/envs/pytorch/lib/python3.11/site-packages/torchvision/io/image.py:13: UserWarning: Failed to load image Python extension: '/vast/home/ajherman/miniconda3/envs/pytorch/lib/python3.11/site-packages/torchvision/image.so: undefined symbol: _ZN5torch3jit17parseSchemaOrNameERKNSt7__cxx1112basic_stringIcSt11char_traitsIcESaIcEEE'If you don't plan on using image functionality from `torchvision.io`, you can ignore this warning. Otherwise, there might be something wrong with your environment. Did you have `libjpeg` or `libpng` installed before building `torchvision` from source?
  warn(
Random seed set as 42
dt =  0.2340716616353513
trace decay =  0.44932896411722156
Random seed set as 42
Random seed set as 42
dt =  0.2340716616353513
trace decay =  0.44932896411722156
Random seed set as 42
Train Epoch: 0 [20000/60000 (33%)]	Loss: 0.365341
Train Epoch: 0 [40000/60000 (67%)]	Loss: 0.297375
Train Epoch: 0 [60000/60000 (100%)]	Loss: 0.262523

Average Training loss: 0.0017, Training Error Rate: 39.45% (23673/60000)


Average Test loss: 0.0003, Test Error Rate: 21.63% (2163/10000)

Train Epoch: 1 [20000/60000 (33%)]	Loss: 0.225870
Train Epoch: 1 [40000/60000 (67%)]	Loss: 0.208929
Train Epoch: 1 [60000/60000 (100%)]	Loss: 0.183125

Average Training loss: 0.0011, Training Error Rate: 19.27% (11561/60000)


Average Test loss: 0.0002, Test Error Rate: 16.24% (1624/10000)

Train Epoch: 2 [20000/60000 (33%)]	Loss: 0.170109
Train Epoch: 2 [40000/60000 (67%)]	Loss: 0.169865
Train Epoch: 2 [60000/60000 (100%)]	Loss: 0.174366

Average Training loss: 0.0009, Training Error Rate: 16.06% (9637/60000)


Average Test loss: 0.0002, Test Error Rate: 14.05% (1405/10000)

Train Epoch: 3 [20000/60000 (33%)]	Loss: 0.160912
Train Epoch: 3 [40000/60000 (67%)]	Loss: 0.144541
Train Epoch: 3 [60000/60000 (100%)]	Loss: 0.148012

Average Training loss: 0.0008, Training Error Rate: 14.45% (8671/60000)


Average Test loss: 0.0001, Test Error Rate: 12.98% (1298/10000)

Train Epoch: 4 [20000/60000 (33%)]	Loss: 0.144295
Train Epoch: 4 [40000/60000 (67%)]	Loss: 0.146426
Train Epoch: 4 [60000/60000 (100%)]	Loss: 0.131262

Average Training loss: 0.0007, Training Error Rate: 13.39% (8035/60000)


Average Test loss: 0.0001, Test Error Rate: 11.99% (1199/10000)

Train Epoch: 5 [20000/60000 (33%)]	Loss: 0.132221
Train Epoch: 5 [40000/60000 (67%)]	Loss: 0.127591
Train Epoch: 5 [60000/60000 (100%)]	Loss: 0.145527

Average Training loss: 0.0007, Training Error Rate: 12.64% (7582/60000)


Average Test loss: 0.0001, Test Error Rate: 11.58% (1158/10000)

Train Epoch: 6 [20000/60000 (33%)]	Loss: 0.134319
Train Epoch: 6 [40000/60000 (67%)]	Loss: 0.118106
Train Epoch: 6 [60000/60000 (100%)]	Loss: 0.111581

Average Training loss: 0.0006, Training Error Rate: 12.08% (7248/60000)


Average Test loss: 0.0001, Test Error Rate: 11.07% (1107/10000)

Train Epoch: 7 [20000/60000 (33%)]	Loss: 0.133170
Train Epoch: 7 [40000/60000 (67%)]	Loss: 0.132840
Train Epoch: 7 [60000/60000 (100%)]	Loss: 0.114562

Average Training loss: 0.0006, Training Error Rate: 11.68% (7005/60000)


Average Test loss: 0.0001, Test Error Rate: 10.69% (1069/10000)

Train Epoch: 8 [20000/60000 (33%)]	Loss: 0.105412
Train Epoch: 8 [40000/60000 (67%)]	Loss: 0.121062
Train Epoch: 8 [60000/60000 (100%)]	Loss: 0.108441

Average Training loss: 0.0006, Training Error Rate: 11.31% (6789/60000)


Average Test loss: 0.0001, Test Error Rate: 10.33% (1033/10000)

Train Epoch: 9 [20000/60000 (33%)]	Loss: 0.106931
Train Epoch: 9 [40000/60000 (67%)]	Loss: 0.100393
Train Epoch: 9 [60000/60000 (100%)]	Loss: 0.102956

Average Training loss: 0.0005, Training Error Rate: 11.06% (6639/60000)


Average Test loss: 0.0001, Test Error Rate: 10.01% (1001/10000)

Train Epoch: 10 [20000/60000 (33%)]	Loss: 0.113203
Train Epoch: 10 [40000/60000 (67%)]	Loss: 0.107711
Train Epoch: 10 [60000/60000 (100%)]	Loss: 0.094020

Average Training loss: 0.0005, Training Error Rate: 10.75% (6449/60000)


Average Test loss: 0.0001, Test Error Rate: 9.74% (974/10000)

Train Epoch: 11 [20000/60000 (33%)]	Loss: 0.086953
Train Epoch: 11 [40000/60000 (67%)]	Loss: 0.120844
Train Epoch: 11 [60000/60000 (100%)]	Loss: 0.101489

Average Training loss: 0.0005, Training Error Rate: 10.52% (6313/60000)


Average Test loss: 0.0001, Test Error Rate: 9.64% (964/10000)

Train Epoch: 12 [20000/60000 (33%)]	Loss: 0.121099
Train Epoch: 12 [40000/60000 (67%)]	Loss: 0.091379
Train Epoch: 12 [60000/60000 (100%)]	Loss: 0.095402

Average Training loss: 0.0005, Training Error Rate: 10.33% (6197/60000)


Average Test loss: 0.0001, Test Error Rate: 9.50% (950/10000)

Train Epoch: 13 [20000/60000 (33%)]	Loss: 0.086728
Train Epoch: 13 [40000/60000 (67%)]	Loss: 0.105210
Train Epoch: 13 [60000/60000 (100%)]	Loss: 0.085548

Average Training loss: 0.0005, Training Error Rate: 10.09% (6055/60000)


Average Test loss: 0.0001, Test Error Rate: 9.30% (930/10000)

Train Epoch: 14 [20000/60000 (33%)]	Loss: 0.107346
Train Epoch: 14 [40000/60000 (67%)]	Loss: 0.116339
Train Epoch: 14 [60000/60000 (100%)]	Loss: 0.099509

Average Training loss: 0.0005, Training Error Rate: 9.97% (5982/60000)


Average Test loss: 0.0001, Test Error Rate: 9.05% (905/10000)

Train Epoch: 15 [20000/60000 (33%)]	Loss: 0.108589
Train Epoch: 15 [40000/60000 (67%)]	Loss: 0.109979
Train Epoch: 15 [60000/60000 (100%)]	Loss: 0.103325

Average Training loss: 0.0005, Training Error Rate: 9.81% (5888/60000)


Average Test loss: 0.0001, Test Error Rate: 8.95% (895/10000)

Train Epoch: 16 [20000/60000 (33%)]	Loss: 0.102301
Train Epoch: 16 [40000/60000 (67%)]	Loss: 0.097486
Train Epoch: 16 [60000/60000 (100%)]	Loss: 0.092525

Average Training loss: 0.0005, Training Error Rate: 9.64% (5784/60000)


Average Test loss: 0.0001, Test Error Rate: 8.88% (888/10000)

Train Epoch: 17 [20000/60000 (33%)]	Loss: 0.101276
Train Epoch: 17 [40000/60000 (67%)]	Loss: 0.099487
Train Epoch: 17 [60000/60000 (100%)]	Loss: 0.081937

Average Training loss: 0.0005, Training Error Rate: 9.52% (5714/60000)


Average Test loss: 0.0001, Test Error Rate: 8.73% (873/10000)

Train Epoch: 18 [20000/60000 (33%)]	Loss: 0.075452
Train Epoch: 18 [40000/60000 (67%)]	Loss: 0.105471
Train Epoch: 18 [60000/60000 (100%)]	Loss: 0.088372

Average Training loss: 0.0004, Training Error Rate: 9.38% (5631/60000)


Average Test loss: 0.0001, Test Error Rate: 8.66% (866/10000)

Train Epoch: 19 [20000/60000 (33%)]	Loss: 0.108690
Train Epoch: 19 [40000/60000 (67%)]	Loss: 0.087260
Train Epoch: 19 [60000/60000 (100%)]	Loss: 0.070659

Average Training loss: 0.0004, Training Error Rate: 9.27% (5564/60000)


Average Test loss: 0.0001, Test Error Rate: 8.56% (856/10000)

Train Epoch: 20 [20000/60000 (33%)]	Loss: 0.093610
Train Epoch: 20 [40000/60000 (67%)]	Loss: 0.103605
Train Epoch: 20 [60000/60000 (100%)]	Loss: 0.080657

Average Training loss: 0.0004, Training Error Rate: 9.16% (5495/60000)


Average Test loss: 0.0001, Test Error Rate: 8.50% (850/10000)

Train Epoch: 21 [20000/60000 (33%)]	Loss: 0.082940
Train Epoch: 21 [40000/60000 (67%)]	Loss: 0.078606
Train Epoch: 21 [60000/60000 (100%)]	Loss: 0.087968

Average Training loss: 0.0004, Training Error Rate: 9.04% (5425/60000)


Average Test loss: 0.0001, Test Error Rate: 8.28% (828/10000)

Train Epoch: 22 [20000/60000 (33%)]	Loss: 0.085663
Train Epoch: 22 [40000/60000 (67%)]	Loss: 0.098423
Train Epoch: 22 [60000/60000 (100%)]	Loss: 0.097363

Average Training loss: 0.0004, Training Error Rate: 8.90% (5338/60000)


Average Test loss: 0.0001, Test Error Rate: 8.12% (812/10000)

Train Epoch: 23 [20000/60000 (33%)]	Loss: 0.086732
Train Epoch: 23 [40000/60000 (67%)]	Loss: 0.095371
Train Epoch: 23 [60000/60000 (100%)]	Loss: 0.084443

Average Training loss: 0.0004, Training Error Rate: 8.81% (5287/60000)


Average Test loss: 0.0001, Test Error Rate: 8.16% (816/10000)

Train Epoch: 24 [20000/60000 (33%)]	Loss: 0.075268
Train Epoch: 24 [40000/60000 (67%)]	Loss: 0.099239
Train Epoch: 24 [60000/60000 (100%)]	Loss: 0.085922

Average Training loss: 0.0004, Training Error Rate: 8.71% (5226/60000)


Average Test loss: 0.0001, Test Error Rate: 7.94% (794/10000)

Train Epoch: 25 [20000/60000 (33%)]	Loss: 0.095951
Train Epoch: 25 [40000/60000 (67%)]	Loss: 0.071679
Train Epoch: 25 [60000/60000 (100%)]	Loss: 0.073183

Average Training loss: 0.0004, Training Error Rate: 8.62% (5172/60000)


Average Test loss: 0.0001, Test Error Rate: 7.91% (791/10000)

Train Epoch: 26 [20000/60000 (33%)]	Loss: 0.086736
Train Epoch: 26 [40000/60000 (67%)]	Loss: 0.074296
Train Epoch: 26 [60000/60000 (100%)]	Loss: 0.069314

Average Training loss: 0.0004, Training Error Rate: 8.55% (5130/60000)


Average Test loss: 0.0001, Test Error Rate: 7.85% (785/10000)

Train Epoch: 27 [20000/60000 (33%)]	Loss: 0.052928
Train Epoch: 27 [40000/60000 (67%)]	Loss: 0.080349
Train Epoch: 27 [60000/60000 (100%)]	Loss: 0.086021

Average Training loss: 0.0004, Training Error Rate: 8.47% (5083/60000)


Average Test loss: 0.0001, Test Error Rate: 7.81% (781/10000)

Train Epoch: 28 [20000/60000 (33%)]	Loss: 0.071730
Train Epoch: 28 [40000/60000 (67%)]	Loss: 0.065870
Train Epoch: 28 [60000/60000 (100%)]	Loss: 0.082969

Average Training loss: 0.0004, Training Error Rate: 8.38% (5030/60000)


Average Test loss: 0.0001, Test Error Rate: 7.60% (760/10000)

Train Epoch: 29 [20000/60000 (33%)]	Loss: 0.090105
Train Epoch: 29 [40000/60000 (67%)]	Loss: 0.085481
Train Epoch: 29 [60000/60000 (100%)]	Loss: 0.079280

Average Training loss: 0.0004, Training Error Rate: 8.28% (4968/60000)


Average Test loss: 0.0001, Test Error Rate: 7.67% (767/10000)

Train Epoch: 30 [20000/60000 (33%)]	Loss: 0.068646
Train Epoch: 30 [40000/60000 (67%)]	Loss: 0.078511
Train Epoch: 30 [60000/60000 (100%)]	Loss: 0.082129

Average Training loss: 0.0004, Training Error Rate: 8.21% (4926/60000)


Average Test loss: 0.0001, Test Error Rate: 7.62% (762/10000)

Train Epoch: 31 [20000/60000 (33%)]	Loss: 0.081687
Train Epoch: 31 [40000/60000 (67%)]	Loss: 0.063972
Train Epoch: 31 [60000/60000 (100%)]	Loss: 0.073536

Average Training loss: 0.0004, Training Error Rate: 8.11% (4863/60000)


Average Test loss: 0.0001, Test Error Rate: 7.47% (747/10000)

Train Epoch: 32 [20000/60000 (33%)]	Loss: 0.055134
Train Epoch: 32 [40000/60000 (67%)]	Loss: 0.079716
Train Epoch: 32 [60000/60000 (100%)]	Loss: 0.066546

Average Training loss: 0.0004, Training Error Rate: 8.03% (4819/60000)


Average Test loss: 0.0001, Test Error Rate: 7.45% (745/10000)

Train Epoch: 33 [20000/60000 (33%)]	Loss: 0.078508
Train Epoch: 33 [40000/60000 (67%)]	Loss: 0.062085
Train Epoch: 33 [60000/60000 (100%)]	Loss: 0.075054

Average Training loss: 0.0004, Training Error Rate: 7.96% (4779/60000)


Average Test loss: 0.0001, Test Error Rate: 7.36% (736/10000)

Train Epoch: 34 [20000/60000 (33%)]	Loss: 0.052903
Train Epoch: 34 [40000/60000 (67%)]	Loss: 0.077790
Train Epoch: 34 [60000/60000 (100%)]	Loss: 0.065244

Average Training loss: 0.0004, Training Error Rate: 7.93% (4756/60000)


Average Test loss: 0.0001, Test Error Rate: 7.34% (734/10000)

Train Epoch: 35 [20000/60000 (33%)]	Loss: 0.056076
Train Epoch: 35 [40000/60000 (67%)]	Loss: 0.069812
Train Epoch: 35 [60000/60000 (100%)]	Loss: 0.061536

Average Training loss: 0.0004, Training Error Rate: 7.82% (4689/60000)


Average Test loss: 0.0001, Test Error Rate: 7.31% (731/10000)

Train Epoch: 36 [20000/60000 (33%)]	Loss: 0.051993
Train Epoch: 36 [40000/60000 (67%)]	Loss: 0.062470
Train Epoch: 36 [60000/60000 (100%)]	Loss: 0.060112

Average Training loss: 0.0004, Training Error Rate: 7.73% (4639/60000)


Average Test loss: 0.0001, Test Error Rate: 7.27% (727/10000)

Train Epoch: 37 [20000/60000 (33%)]	Loss: 0.073811
Train Epoch: 37 [40000/60000 (67%)]	Loss: 0.055607
Train Epoch: 37 [60000/60000 (100%)]	Loss: 0.075796

Average Training loss: 0.0004, Training Error Rate: 7.69% (4615/60000)


Average Test loss: 0.0001, Test Error Rate: 7.23% (723/10000)

Train Epoch: 38 [20000/60000 (33%)]	Loss: 0.068325
Train Epoch: 38 [40000/60000 (67%)]	Loss: 0.050686
Train Epoch: 38 [60000/60000 (100%)]	Loss: 0.076789

Average Training loss: 0.0004, Training Error Rate: 7.64% (4587/60000)


Average Test loss: 0.0001, Test Error Rate: 7.14% (714/10000)

Train Epoch: 39 [20000/60000 (33%)]	Loss: 0.077678
Train Epoch: 39 [40000/60000 (67%)]	Loss: 0.065466
Train Epoch: 39 [60000/60000 (100%)]	Loss: 0.081550

Average Training loss: 0.0003, Training Error Rate: 7.54% (4526/60000)


Average Test loss: 0.0001, Test Error Rate: 7.13% (713/10000)

Train Epoch: 40 [20000/60000 (33%)]	Loss: 0.071243
Train Epoch: 40 [40000/60000 (67%)]	Loss: 0.062147
Train Epoch: 40 [60000/60000 (100%)]	Loss: 0.078784

Average Training loss: 0.0003, Training Error Rate: 7.48% (4486/60000)


Average Test loss: 0.0001, Test Error Rate: 7.05% (705/10000)

Train Epoch: 41 [20000/60000 (33%)]	Loss: 0.049984
Train Epoch: 41 [40000/60000 (67%)]	Loss: 0.070968
Train Epoch: 41 [60000/60000 (100%)]	Loss: 0.081672

Average Training loss: 0.0003, Training Error Rate: 7.43% (4456/60000)


Average Test loss: 0.0001, Test Error Rate: 7.04% (704/10000)

Train Epoch: 42 [20000/60000 (33%)]	Loss: 0.070704
Train Epoch: 42 [40000/60000 (67%)]	Loss: 0.090501
Train Epoch: 42 [60000/60000 (100%)]	Loss: 0.071175

Average Training loss: 0.0003, Training Error Rate: 7.38% (4430/60000)


Average Test loss: 0.0001, Test Error Rate: 6.97% (697/10000)

Train Epoch: 43 [20000/60000 (33%)]	Loss: 0.074539
Train Epoch: 43 [40000/60000 (67%)]	Loss: 0.078211
Train Epoch: 43 [60000/60000 (100%)]	Loss: 0.060633

Average Training loss: 0.0003, Training Error Rate: 7.31% (4387/60000)


Average Test loss: 0.0001, Test Error Rate: 6.94% (694/10000)

Train Epoch: 44 [20000/60000 (33%)]	Loss: 0.057800
Train Epoch: 44 [40000/60000 (67%)]	Loss: 0.084060
Train Epoch: 44 [60000/60000 (100%)]	Loss: 0.068414

Average Training loss: 0.0003, Training Error Rate: 7.24% (4344/60000)


Average Test loss: 0.0001, Test Error Rate: 6.92% (692/10000)

Train Epoch: 45 [20000/60000 (33%)]	Loss: 0.063206
Train Epoch: 45 [40000/60000 (67%)]	Loss: 0.062866
Train Epoch: 45 [60000/60000 (100%)]	Loss: 0.056483

Average Training loss: 0.0003, Training Error Rate: 7.22% (4330/60000)


Average Test loss: 0.0001, Test Error Rate: 6.87% (687/10000)

Train Epoch: 46 [20000/60000 (33%)]	Loss: 0.075548
Train Epoch: 46 [40000/60000 (67%)]	Loss: 0.091945
Train Epoch: 46 [60000/60000 (100%)]	Loss: 0.045670

Average Training loss: 0.0003, Training Error Rate: 7.17% (4299/60000)


Average Test loss: 0.0001, Test Error Rate: 6.82% (682/10000)

Train Epoch: 47 [20000/60000 (33%)]	Loss: 0.063218
Train Epoch: 47 [40000/60000 (67%)]	Loss: 0.068044
Train Epoch: 47 [60000/60000 (100%)]	Loss: 0.077996

Average Training loss: 0.0003, Training Error Rate: 7.12% (4272/60000)


Average Test loss: 0.0001, Test Error Rate: 6.72% (672/10000)

Train Epoch: 48 [20000/60000 (33%)]	Loss: 0.070532
Train Epoch: 48 [40000/60000 (67%)]	Loss: 0.060384
Train Epoch: 48 [60000/60000 (100%)]	Loss: 0.063432

Average Training loss: 0.0003, Training Error Rate: 7.08% (4245/60000)


Average Test loss: 0.0001, Test Error Rate: 6.70% (670/10000)

Train Epoch: 49 [20000/60000 (33%)]	Loss: 0.074515
Train Epoch: 49 [40000/60000 (67%)]	Loss: 0.051510
Train Epoch: 49 [60000/60000 (100%)]	Loss: 0.053053

Average Training loss: 0.0003, Training Error Rate: 7.00% (4197/60000)


Average Test loss: 0.0001, Test Error Rate: 6.70% (670/10000)

Train Epoch: 50 [20000/60000 (33%)]	Loss: 0.062226
Train Epoch: 50 [40000/60000 (67%)]	Loss: 0.071260
Train Epoch: 50 [60000/60000 (100%)]	Loss: 0.067381

Average Training loss: 0.0003, Training Error Rate: 6.94% (4162/60000)


Average Test loss: 0.0001, Test Error Rate: 6.63% (663/10000)

Train Epoch: 51 [20000/60000 (33%)]	Loss: 0.067531
Train Epoch: 51 [40000/60000 (67%)]	Loss: 0.071041
Train Epoch: 51 [60000/60000 (100%)]	Loss: 0.049068

Average Training loss: 0.0003, Training Error Rate: 6.88% (4125/60000)


Average Test loss: 0.0001, Test Error Rate: 6.59% (659/10000)

Train Epoch: 52 [20000/60000 (33%)]	Loss: 0.060122
Train Epoch: 52 [40000/60000 (67%)]	Loss: 0.073565
Train Epoch: 52 [60000/60000 (100%)]	Loss: 0.071939

Average Training loss: 0.0003, Training Error Rate: 6.86% (4115/60000)


Average Test loss: 0.0001, Test Error Rate: 6.49% (649/10000)

Train Epoch: 53 [20000/60000 (33%)]	Loss: 0.060020
Train Epoch: 53 [40000/60000 (67%)]	Loss: 0.056824
Train Epoch: 53 [60000/60000 (100%)]	Loss: 0.067112

Average Training loss: 0.0003, Training Error Rate: 6.80% (4080/60000)


Average Test loss: 0.0001, Test Error Rate: 6.40% (640/10000)

Train Epoch: 54 [20000/60000 (33%)]	Loss: 0.049231
Train Epoch: 54 [40000/60000 (67%)]	Loss: 0.057303
Train Epoch: 54 [60000/60000 (100%)]	Loss: 0.049607

Average Training loss: 0.0003, Training Error Rate: 6.75% (4049/60000)


Average Test loss: 0.0001, Test Error Rate: 6.34% (634/10000)

Train Epoch: 55 [20000/60000 (33%)]	Loss: 0.054686
Train Epoch: 55 [40000/60000 (67%)]	Loss: 0.052354
Train Epoch: 55 [60000/60000 (100%)]	Loss: 0.064045

Average Training loss: 0.0003, Training Error Rate: 6.71% (4023/60000)


Average Test loss: 0.0001, Test Error Rate: 6.32% (632/10000)

Train Epoch: 56 [20000/60000 (33%)]	Loss: 0.063608
Train Epoch: 56 [40000/60000 (67%)]	Loss: 0.063227
Train Epoch: 56 [60000/60000 (100%)]	Loss: 0.061177

Average Training loss: 0.0003, Training Error Rate: 6.67% (4000/60000)


Average Test loss: 0.0001, Test Error Rate: 6.26% (626/10000)

Train Epoch: 57 [20000/60000 (33%)]	Loss: 0.061841
Train Epoch: 57 [40000/60000 (67%)]	Loss: 0.066300
Train Epoch: 57 [60000/60000 (100%)]	Loss: 0.052047

Average Training loss: 0.0003, Training Error Rate: 6.61% (3965/60000)


Average Test loss: 0.0001, Test Error Rate: 6.24% (624/10000)

Train Epoch: 58 [20000/60000 (33%)]	Loss: 0.070920
Train Epoch: 58 [40000/60000 (67%)]	Loss: 0.046500
Train Epoch: 58 [60000/60000 (100%)]	Loss: 0.056706

Average Training loss: 0.0003, Training Error Rate: 6.55% (3929/60000)


Average Test loss: 0.0001, Test Error Rate: 6.12% (612/10000)

Train Epoch: 59 [20000/60000 (33%)]	Loss: 0.067925
Train Epoch: 59 [40000/60000 (67%)]	Loss: 0.056237
Train Epoch: 59 [60000/60000 (100%)]	Loss: 0.055251

Average Training loss: 0.0003, Training Error Rate: 6.54% (3923/60000)


Average Test loss: 0.0001, Test Error Rate: 6.14% (614/10000)

Train Epoch: 60 [20000/60000 (33%)]	Loss: 0.048905
Train Epoch: 60 [40000/60000 (67%)]	Loss: 0.064534
Train Epoch: 60 [60000/60000 (100%)]	Loss: 0.042189

Average Training loss: 0.0003, Training Error Rate: 6.52% (3911/60000)


Average Test loss: 0.0001, Test Error Rate: 6.13% (613/10000)

Train Epoch: 61 [20000/60000 (33%)]	Loss: 0.049005
Train Epoch: 61 [40000/60000 (67%)]	Loss: 0.067221
Train Epoch: 61 [60000/60000 (100%)]	Loss: 0.041856

Average Training loss: 0.0003, Training Error Rate: 6.46% (3874/60000)


Average Test loss: 0.0001, Test Error Rate: 6.16% (616/10000)

Train Epoch: 62 [20000/60000 (33%)]	Loss: 0.057046
Train Epoch: 62 [40000/60000 (67%)]	Loss: 0.046053
Train Epoch: 62 [60000/60000 (100%)]	Loss: 0.081872

Average Training loss: 0.0003, Training Error Rate: 6.41% (3848/60000)


Average Test loss: 0.0001, Test Error Rate: 6.09% (609/10000)

Train Epoch: 63 [20000/60000 (33%)]	Loss: 0.055560
Train Epoch: 63 [40000/60000 (67%)]	Loss: 0.058124
Train Epoch: 63 [60000/60000 (100%)]	Loss: 0.071564

Average Training loss: 0.0003, Training Error Rate: 6.38% (3829/60000)


Average Test loss: 0.0001, Test Error Rate: 6.07% (607/10000)

Train Epoch: 64 [20000/60000 (33%)]	Loss: 0.055377
Train Epoch: 64 [40000/60000 (67%)]	Loss: 0.051772
Train Epoch: 64 [60000/60000 (100%)]	Loss: 0.065642

Average Training loss: 0.0003, Training Error Rate: 6.30% (3783/60000)


Average Test loss: 0.0001, Test Error Rate: 6.08% (608/10000)

Train Epoch: 65 [20000/60000 (33%)]	Loss: 0.060044
Train Epoch: 65 [40000/60000 (67%)]	Loss: 0.053783
Train Epoch: 65 [60000/60000 (100%)]	Loss: 0.051956

Average Training loss: 0.0003, Training Error Rate: 6.34% (3802/60000)


Average Test loss: 0.0001, Test Error Rate: 6.14% (614/10000)

Train Epoch: 66 [20000/60000 (33%)]	Loss: 0.050585
Train Epoch: 66 [40000/60000 (67%)]	Loss: 0.058973
Train Epoch: 66 [60000/60000 (100%)]	Loss: 0.054497

Average Training loss: 0.0003, Training Error Rate: 6.26% (3758/60000)


Average Test loss: 0.0001, Test Error Rate: 6.03% (603/10000)

Train Epoch: 67 [20000/60000 (33%)]	Loss: 0.060175
Train Epoch: 67 [40000/60000 (67%)]	Loss: 0.056912
Train Epoch: 67 [60000/60000 (100%)]	Loss: 0.057399

Average Training loss: 0.0003, Training Error Rate: 6.23% (3739/60000)


Average Test loss: 0.0001, Test Error Rate: 5.97% (597/10000)

Train Epoch: 68 [20000/60000 (33%)]	Loss: 0.065873
Train Epoch: 68 [40000/60000 (67%)]	Loss: 0.054194
Train Epoch: 68 [60000/60000 (100%)]	Loss: 0.058017

Average Training loss: 0.0003, Training Error Rate: 6.20% (3719/60000)


Average Test loss: 0.0001, Test Error Rate: 5.97% (597/10000)

Train Epoch: 69 [20000/60000 (33%)]	Loss: 0.072042
Train Epoch: 69 [40000/60000 (67%)]	Loss: 0.040787
Train Epoch: 69 [60000/60000 (100%)]	Loss: 0.062969

Average Training loss: 0.0003, Training Error Rate: 6.16% (3698/60000)


Average Test loss: 0.0001, Test Error Rate: 5.97% (597/10000)

Train Epoch: 70 [20000/60000 (33%)]	Loss: 0.059160
Train Epoch: 70 [40000/60000 (67%)]	Loss: 0.055069
Train Epoch: 70 [60000/60000 (100%)]	Loss: 0.061999

Average Training loss: 0.0003, Training Error Rate: 6.15% (3690/60000)


Average Test loss: 0.0001, Test Error Rate: 5.92% (592/10000)

Train Epoch: 71 [20000/60000 (33%)]	Loss: 0.047375
Train Epoch: 71 [40000/60000 (67%)]	Loss: 0.053315
Train Epoch: 71 [60000/60000 (100%)]	Loss: 0.041455

Average Training loss: 0.0003, Training Error Rate: 6.10% (3659/60000)


Average Test loss: 0.0001, Test Error Rate: 5.91% (591/10000)

Train Epoch: 72 [20000/60000 (33%)]	Loss: 0.045854
Train Epoch: 72 [40000/60000 (67%)]	Loss: 0.047938
Train Epoch: 72 [60000/60000 (100%)]	Loss: 0.040987

Average Training loss: 0.0003, Training Error Rate: 6.05% (3630/60000)


Average Test loss: 0.0001, Test Error Rate: 5.92% (592/10000)

Train Epoch: 73 [20000/60000 (33%)]	Loss: 0.067493
Train Epoch: 73 [40000/60000 (67%)]	Loss: 0.065651
Train Epoch: 73 [60000/60000 (100%)]	Loss: 0.051517

Average Training loss: 0.0003, Training Error Rate: 6.03% (3620/60000)


Average Test loss: 0.0001, Test Error Rate: 5.86% (586/10000)

Train Epoch: 74 [20000/60000 (33%)]	Loss: 0.064024
Train Epoch: 74 [40000/60000 (67%)]	Loss: 0.057274
Train Epoch: 74 [60000/60000 (100%)]	Loss: 0.040768

Average Training loss: 0.0003, Training Error Rate: 6.00% (3603/60000)


Average Test loss: 0.0001, Test Error Rate: 5.84% (584/10000)

Train Epoch: 75 [20000/60000 (33%)]	Loss: 0.049464
Train Epoch: 75 [40000/60000 (67%)]	Loss: 0.049795
Train Epoch: 75 [60000/60000 (100%)]	Loss: 0.061292

Average Training loss: 0.0003, Training Error Rate: 5.97% (3582/60000)


Average Test loss: 0.0001, Test Error Rate: 5.80% (580/10000)

Train Epoch: 76 [20000/60000 (33%)]	Loss: 0.055455
Train Epoch: 76 [40000/60000 (67%)]	Loss: 0.059586
Train Epoch: 76 [60000/60000 (100%)]	Loss: 0.058511

Average Training loss: 0.0003, Training Error Rate: 5.94% (3563/60000)


Average Test loss: 0.0001, Test Error Rate: 5.77% (577/10000)

Train Epoch: 77 [20000/60000 (33%)]	Loss: 0.055252
Train Epoch: 77 [40000/60000 (67%)]	Loss: 0.066368
Train Epoch: 77 [60000/60000 (100%)]	Loss: 0.060117

Average Training loss: 0.0003, Training Error Rate: 5.91% (3544/60000)


Average Test loss: 0.0001, Test Error Rate: 5.75% (575/10000)

Train Epoch: 78 [20000/60000 (33%)]	Loss: 0.057825
Train Epoch: 78 [40000/60000 (67%)]	Loss: 0.045841
Train Epoch: 78 [60000/60000 (100%)]	Loss: 0.060252

Average Training loss: 0.0003, Training Error Rate: 5.84% (3504/60000)


Average Test loss: 0.0001, Test Error Rate: 5.69% (569/10000)

Train Epoch: 79 [20000/60000 (33%)]	Loss: 0.050724
Train Epoch: 79 [40000/60000 (67%)]	Loss: 0.053806
Train Epoch: 79 [60000/60000 (100%)]	Loss: 0.055443

Average Training loss: 0.0003, Training Error Rate: 5.82% (3490/60000)


Average Test loss: 0.0001, Test Error Rate: 5.72% (572/10000)

Train Epoch: 80 [20000/60000 (33%)]	Loss: 0.068542
Train Epoch: 80 [40000/60000 (67%)]	Loss: 0.047926
Train Epoch: 80 [60000/60000 (100%)]	Loss: 0.041801

Average Training loss: 0.0003, Training Error Rate: 5.78% (3468/60000)


Average Test loss: 0.0001, Test Error Rate: 5.65% (565/10000)

Train Epoch: 81 [20000/60000 (33%)]	Loss: 0.044307
Train Epoch: 81 [40000/60000 (67%)]	Loss: 0.052028
Train Epoch: 81 [60000/60000 (100%)]	Loss: 0.054280

Average Training loss: 0.0003, Training Error Rate: 5.79% (3471/60000)


Average Test loss: 0.0001, Test Error Rate: 5.68% (568/10000)

Train Epoch: 82 [20000/60000 (33%)]	Loss: 0.052679
Train Epoch: 82 [40000/60000 (67%)]	Loss: 0.061631
Train Epoch: 82 [60000/60000 (100%)]	Loss: 0.056228

Average Training loss: 0.0003, Training Error Rate: 5.75% (3452/60000)


Average Test loss: 0.0001, Test Error Rate: 5.62% (562/10000)

Train Epoch: 83 [20000/60000 (33%)]	Loss: 0.054523
Train Epoch: 83 [40000/60000 (67%)]	Loss: 0.044526
Train Epoch: 83 [60000/60000 (100%)]	Loss: 0.075738

Average Training loss: 0.0003, Training Error Rate: 5.71% (3426/60000)


Average Test loss: 0.0001, Test Error Rate: 5.71% (571/10000)

Train Epoch: 84 [20000/60000 (33%)]	Loss: 0.047285
Train Epoch: 84 [40000/60000 (67%)]	Loss: 0.056424
Train Epoch: 84 [60000/60000 (100%)]	Loss: 0.049418

Average Training loss: 0.0003, Training Error Rate: 5.67% (3405/60000)


Average Test loss: 0.0001, Test Error Rate: 5.68% (568/10000)

slurmstepd: error: *** STEP 15486865.9 ON cn4073 CANCELLED AT 2023-09-28T20:39:27 DUE TO PREEMPTION ***
/vast/home/ajherman/miniconda3/envs/pytorch/lib/python3.11/site-packages/torchvision/io/image.py:13: UserWarning: Failed to load image Python extension: '/vast/home/ajherman/miniconda3/envs/pytorch/lib/python3.11/site-packages/torchvision/image.so: undefined symbol: _ZN5torch3jit17parseSchemaOrNameERKNSt7__cxx1112basic_stringIcSt11char_traitsIcESaIcEEE'If you don't plan on using image functionality from `torchvision.io`, you can ignore this warning. Otherwise, there might be something wrong with your environment. Did you have `libjpeg` or `libpng` installed before building `torchvision` from source?
  warn(
Random seed set as 42
dt =  0.2340716616353513
trace decay =  0.44932896411722156
Random seed set as 42
Random seed set as 42
dt =  0.2340716616353513
trace decay =  0.44932896411722156
Random seed set as 42
Train Epoch: 85 [20000/60000 (33%)]	Loss: 0.050158
Train Epoch: 85 [40000/60000 (67%)]	Loss: 0.050829
Train Epoch: 85 [60000/60000 (100%)]	Loss: 0.049118

Average Training loss: 0.0003, Training Error Rate: 5.63% (3380/60000)


Average Test loss: 0.0001, Test Error Rate: 5.68% (568/10000)

Train Epoch: 86 [20000/60000 (33%)]	Loss: 0.057453
Train Epoch: 86 [40000/60000 (67%)]	Loss: 0.051857
Train Epoch: 86 [60000/60000 (100%)]	Loss: 0.041689

Average Training loss: 0.0003, Training Error Rate: 5.63% (3378/60000)


Average Test loss: 0.0001, Test Error Rate: 5.57% (557/10000)

Train Epoch: 87 [20000/60000 (33%)]	Loss: 0.052341
Train Epoch: 87 [40000/60000 (67%)]	Loss: 0.033110
Train Epoch: 87 [60000/60000 (100%)]	Loss: 0.052707

Average Training loss: 0.0003, Training Error Rate: 5.59% (3352/60000)


Average Test loss: 0.0001, Test Error Rate: 5.55% (555/10000)

Train Epoch: 88 [20000/60000 (33%)]	Loss: 0.050889
Train Epoch: 88 [40000/60000 (67%)]	Loss: 0.046023
Train Epoch: 88 [60000/60000 (100%)]	Loss: 0.046123

Average Training loss: 0.0003, Training Error Rate: 5.57% (3341/60000)


Average Test loss: 0.0000, Test Error Rate: 5.58% (558/10000)

Train Epoch: 89 [20000/60000 (33%)]	Loss: 0.053197
Train Epoch: 89 [40000/60000 (67%)]	Loss: 0.048959
Train Epoch: 89 [60000/60000 (100%)]	Loss: 0.038185

Average Training loss: 0.0003, Training Error Rate: 5.53% (3319/60000)


Average Test loss: 0.0000, Test Error Rate: 5.55% (555/10000)

Train Epoch: 90 [20000/60000 (33%)]	Loss: 0.061174
Train Epoch: 90 [40000/60000 (67%)]	Loss: 0.062352
Train Epoch: 90 [60000/60000 (100%)]	Loss: 0.059613

Average Training loss: 0.0003, Training Error Rate: 5.50% (3299/60000)


Average Test loss: 0.0000, Test Error Rate: 5.51% (551/10000)

Train Epoch: 91 [20000/60000 (33%)]	Loss: 0.046240
Train Epoch: 91 [40000/60000 (67%)]	Loss: 0.052369
Train Epoch: 91 [60000/60000 (100%)]	Loss: 0.037034

Average Training loss: 0.0003, Training Error Rate: 5.47% (3285/60000)


Average Test loss: 0.0000, Test Error Rate: 5.50% (550/10000)

Train Epoch: 92 [20000/60000 (33%)]	Loss: 0.055191
Train Epoch: 92 [40000/60000 (67%)]	Loss: 0.037860
Train Epoch: 92 [60000/60000 (100%)]	Loss: 0.054455

Average Training loss: 0.0002, Training Error Rate: 5.45% (3271/60000)


Average Test loss: 0.0000, Test Error Rate: 5.53% (553/10000)

Train Epoch: 93 [20000/60000 (33%)]	Loss: 0.040492
Train Epoch: 93 [40000/60000 (67%)]	Loss: 0.043132
Train Epoch: 93 [60000/60000 (100%)]	Loss: 0.059061

Average Training loss: 0.0002, Training Error Rate: 5.43% (3258/60000)


Average Test loss: 0.0000, Test Error Rate: 5.43% (543/10000)

Train Epoch: 94 [20000/60000 (33%)]	Loss: 0.059155
Train Epoch: 94 [40000/60000 (67%)]	Loss: 0.048686
Train Epoch: 94 [60000/60000 (100%)]	Loss: 0.039962

Average Training loss: 0.0002, Training Error Rate: 5.40% (3239/60000)


Average Test loss: 0.0000, Test Error Rate: 5.41% (541/10000)

Train Epoch: 95 [20000/60000 (33%)]	Loss: 0.049282
Train Epoch: 95 [40000/60000 (67%)]	Loss: 0.047960
Train Epoch: 95 [60000/60000 (100%)]	Loss: 0.062146

Average Training loss: 0.0002, Training Error Rate: 5.38% (3230/60000)


Average Test loss: 0.0000, Test Error Rate: 5.42% (542/10000)

Train Epoch: 96 [20000/60000 (33%)]	Loss: 0.054063
Train Epoch: 96 [40000/60000 (67%)]	Loss: 0.045181
Train Epoch: 96 [60000/60000 (100%)]	Loss: 0.040847

Average Training loss: 0.0002, Training Error Rate: 5.34% (3204/60000)


Average Test loss: 0.0000, Test Error Rate: 5.38% (538/10000)

Train Epoch: 97 [20000/60000 (33%)]	Loss: 0.040496
Train Epoch: 97 [40000/60000 (67%)]	Loss: 0.062291
Train Epoch: 97 [60000/60000 (100%)]	Loss: 0.036716

Average Training loss: 0.0002, Training Error Rate: 5.32% (3190/60000)


Average Test loss: 0.0000, Test Error Rate: 5.37% (537/10000)

Train Epoch: 98 [20000/60000 (33%)]	Loss: 0.044688
Train Epoch: 98 [40000/60000 (67%)]	Loss: 0.044666
Train Epoch: 98 [60000/60000 (100%)]	Loss: 0.049877

Average Training loss: 0.0002, Training Error Rate: 5.29% (3174/60000)


Average Test loss: 0.0000, Test Error Rate: 5.36% (536/10000)

Train Epoch: 99 [20000/60000 (33%)]	Loss: 0.042614
Train Epoch: 99 [40000/60000 (67%)]	Loss: 0.058004
Train Epoch: 99 [60000/60000 (100%)]	Loss: 0.050304

Average Training loss: 0.0002, Training Error Rate: 5.25% (3150/60000)


Average Test loss: 0.0000, Test Error Rate: 5.36% (536/10000)

