/vast/home/ajherman/miniconda3/envs/pytorch/lib/python3.11/site-packages/torchvision/io/image.py:13: UserWarning: Failed to load image Python extension: '/vast/home/ajherman/miniconda3/envs/pytorch/lib/python3.11/site-packages/torchvision/image.so: undefined symbol: _ZN5torch3jit17parseSchemaOrNameERKNSt7__cxx1112basic_stringIcSt11char_traitsIcESaIcEEE'If you don't plan on using image functionality from `torchvision.io`, you can ignore this warning. Otherwise, there might be something wrong with your environment. Did you have `libjpeg` or `libpng` installed before building `torchvision` from source?
  warn(
Random seed set as 42
dt =  0.10799693854690562
trace decay =  0.788127627745311
Random seed set as 42
Random seed set as 42
dt =  0.10799693854690562
trace decay =  0.788127627745311
Random seed set as 42
Train Epoch: 0 [10000/60000 (17%)]	Loss: 0.391049
Train Epoch: 0 [20000/60000 (33%)]	Loss: 0.325017
Train Epoch: 0 [30000/60000 (50%)]	Loss: 0.286740
Train Epoch: 0 [40000/60000 (67%)]	Loss: 0.228823
Train Epoch: 0 [50000/60000 (83%)]	Loss: 0.222956
Train Epoch: 0 [60000/60000 (100%)]	Loss: 0.195582

Average Training loss: 0.0029, Training Error Rate: 31.78% (19068/60000)


Average Test loss: 0.0002, Test Error Rate: 17.26% (1726/10000)

Train Epoch: 1 [10000/60000 (17%)]	Loss: 0.162742
Train Epoch: 1 [20000/60000 (33%)]	Loss: 0.155595
Train Epoch: 1 [30000/60000 (50%)]	Loss: 0.142595
Train Epoch: 1 [40000/60000 (67%)]	Loss: 0.141135
Train Epoch: 1 [50000/60000 (83%)]	Loss: 0.152912
Train Epoch: 1 [60000/60000 (100%)]	Loss: 0.135781

Average Training loss: 0.0017, Training Error Rate: 15.77% (9459/60000)


Average Test loss: 0.0001, Test Error Rate: 13.20% (1320/10000)

Train Epoch: 2 [10000/60000 (17%)]	Loss: 0.160070
Train Epoch: 2 [20000/60000 (33%)]	Loss: 0.134331
Train Epoch: 2 [30000/60000 (50%)]	Loss: 0.107615
Train Epoch: 2 [40000/60000 (67%)]	Loss: 0.127469
Train Epoch: 2 [50000/60000 (83%)]	Loss: 0.167714
Train Epoch: 2 [60000/60000 (100%)]	Loss: 0.152276

Average Training loss: 0.0013, Training Error Rate: 13.22% (7931/60000)


Average Test loss: 0.0001, Test Error Rate: 11.57% (1157/10000)

Train Epoch: 3 [10000/60000 (17%)]	Loss: 0.126185
Train Epoch: 3 [20000/60000 (33%)]	Loss: 0.108146
Train Epoch: 3 [30000/60000 (50%)]	Loss: 0.095642
Train Epoch: 3 [40000/60000 (67%)]	Loss: 0.124136
Train Epoch: 3 [50000/60000 (83%)]	Loss: 0.118361
Train Epoch: 3 [60000/60000 (100%)]	Loss: 0.100509

Average Training loss: 0.0012, Training Error Rate: 11.90% (7142/60000)


Average Test loss: 0.0001, Test Error Rate: 10.48% (1048/10000)

Train Epoch: 4 [10000/60000 (17%)]	Loss: 0.106106
Train Epoch: 4 [20000/60000 (33%)]	Loss: 0.111498
Train Epoch: 4 [30000/60000 (50%)]	Loss: 0.119084
Train Epoch: 4 [40000/60000 (67%)]	Loss: 0.108692
Train Epoch: 4 [50000/60000 (83%)]	Loss: 0.107060
Train Epoch: 4 [60000/60000 (100%)]	Loss: 0.086702

Average Training loss: 0.0010, Training Error Rate: 11.03% (6616/60000)


Average Test loss: 0.0001, Test Error Rate: 9.88% (988/10000)

Train Epoch: 5 [10000/60000 (17%)]	Loss: 0.085196
Train Epoch: 5 [20000/60000 (33%)]	Loss: 0.106080
Train Epoch: 5 [30000/60000 (50%)]	Loss: 0.082388
Train Epoch: 5 [40000/60000 (67%)]	Loss: 0.096687
Train Epoch: 5 [50000/60000 (83%)]	Loss: 0.088194
Train Epoch: 5 [60000/60000 (100%)]	Loss: 0.105118

Average Training loss: 0.0010, Training Error Rate: 10.44% (6266/60000)


Average Test loss: 0.0001, Test Error Rate: 9.43% (943/10000)

Train Epoch: 6 [10000/60000 (17%)]	Loss: 0.100858
Train Epoch: 6 [20000/60000 (33%)]	Loss: 0.103477
Train Epoch: 6 [30000/60000 (50%)]	Loss: 0.046027
Train Epoch: 6 [40000/60000 (67%)]	Loss: 0.079256
Train Epoch: 6 [50000/60000 (83%)]	Loss: 0.090352
Train Epoch: 6 [60000/60000 (100%)]	Loss: 0.092417

Average Training loss: 0.0009, Training Error Rate: 10.00% (5999/60000)


Average Test loss: 0.0001, Test Error Rate: 8.94% (894/10000)

Train Epoch: 7 [10000/60000 (17%)]	Loss: 0.065261
Train Epoch: 7 [20000/60000 (33%)]	Loss: 0.102913
Train Epoch: 7 [30000/60000 (50%)]	Loss: 0.055982
Train Epoch: 7 [40000/60000 (67%)]	Loss: 0.106550
Train Epoch: 7 [50000/60000 (83%)]	Loss: 0.072125
Train Epoch: 7 [60000/60000 (100%)]	Loss: 0.079480

Average Training loss: 0.0009, Training Error Rate: 9.57% (5742/60000)


Average Test loss: 0.0001, Test Error Rate: 8.84% (884/10000)

Train Epoch: 8 [10000/60000 (17%)]	Loss: 0.082036
Train Epoch: 8 [20000/60000 (33%)]	Loss: 0.092870
Train Epoch: 8 [30000/60000 (50%)]	Loss: 0.059903
Train Epoch: 8 [40000/60000 (67%)]	Loss: 0.092527
Train Epoch: 8 [50000/60000 (83%)]	Loss: 0.080823
Train Epoch: 8 [60000/60000 (100%)]	Loss: 0.079371

Average Training loss: 0.0008, Training Error Rate: 9.22% (5530/60000)


Average Test loss: 0.0001, Test Error Rate: 8.46% (846/10000)

Train Epoch: 9 [10000/60000 (17%)]	Loss: 0.089384
Train Epoch: 9 [20000/60000 (33%)]	Loss: 0.073300
Train Epoch: 9 [30000/60000 (50%)]	Loss: 0.098205
Train Epoch: 9 [40000/60000 (67%)]	Loss: 0.062737
Train Epoch: 9 [50000/60000 (83%)]	Loss: 0.084305
Train Epoch: 9 [60000/60000 (100%)]	Loss: 0.063881

Average Training loss: 0.0008, Training Error Rate: 8.88% (5329/60000)


Average Test loss: 0.0001, Test Error Rate: 8.17% (817/10000)

Train Epoch: 10 [10000/60000 (17%)]	Loss: 0.041876
Train Epoch: 10 [20000/60000 (33%)]	Loss: 0.082383
Train Epoch: 10 [30000/60000 (50%)]	Loss: 0.062186
Train Epoch: 10 [40000/60000 (67%)]	Loss: 0.083751
Train Epoch: 10 [50000/60000 (83%)]	Loss: 0.086354
Train Epoch: 10 [60000/60000 (100%)]	Loss: 0.056358

Average Training loss: 0.0007, Training Error Rate: 8.63% (5177/60000)


Average Test loss: 0.0001, Test Error Rate: 7.86% (786/10000)

Train Epoch: 11 [10000/60000 (17%)]	Loss: 0.062152
Train Epoch: 11 [20000/60000 (33%)]	Loss: 0.068928
Train Epoch: 11 [30000/60000 (50%)]	Loss: 0.058092
Train Epoch: 11 [40000/60000 (67%)]	Loss: 0.085306
Train Epoch: 11 [50000/60000 (83%)]	Loss: 0.064370
Train Epoch: 11 [60000/60000 (100%)]	Loss: 0.075863

Average Training loss: 0.0007, Training Error Rate: 8.30% (4983/60000)


Average Test loss: 0.0001, Test Error Rate: 7.80% (780/10000)

Train Epoch: 12 [10000/60000 (17%)]	Loss: 0.080286
Train Epoch: 12 [20000/60000 (33%)]	Loss: 0.078468
Train Epoch: 12 [30000/60000 (50%)]	Loss: 0.095682
Train Epoch: 12 [40000/60000 (67%)]	Loss: 0.050820
Train Epoch: 12 [50000/60000 (83%)]	Loss: 0.059626
Train Epoch: 12 [60000/60000 (100%)]	Loss: 0.068274

Average Training loss: 0.0007, Training Error Rate: 8.07% (4843/60000)


Average Test loss: 0.0001, Test Error Rate: 7.67% (767/10000)

Train Epoch: 13 [10000/60000 (17%)]	Loss: 0.057064
Train Epoch: 13 [20000/60000 (33%)]	Loss: 0.049479
Train Epoch: 13 [30000/60000 (50%)]	Loss: 0.049194
Train Epoch: 13 [40000/60000 (67%)]	Loss: 0.063251
Train Epoch: 13 [50000/60000 (83%)]	Loss: 0.067594
Train Epoch: 13 [60000/60000 (100%)]	Loss: 0.044314

Average Training loss: 0.0007, Training Error Rate: 7.89% (4732/60000)


Average Test loss: 0.0001, Test Error Rate: 7.42% (742/10000)

Train Epoch: 14 [10000/60000 (17%)]	Loss: 0.048120
Train Epoch: 14 [20000/60000 (33%)]	Loss: 0.072108
Train Epoch: 14 [30000/60000 (50%)]	Loss: 0.069663
Train Epoch: 14 [40000/60000 (67%)]	Loss: 0.059718
Train Epoch: 14 [50000/60000 (83%)]	Loss: 0.063978
Train Epoch: 14 [60000/60000 (100%)]	Loss: 0.065054

Average Training loss: 0.0007, Training Error Rate: 7.73% (4636/60000)


Average Test loss: 0.0001, Test Error Rate: 7.22% (722/10000)

Train Epoch: 15 [10000/60000 (17%)]	Loss: 0.044046
Train Epoch: 15 [20000/60000 (33%)]	Loss: 0.083970
Train Epoch: 15 [30000/60000 (50%)]	Loss: 0.062411
Train Epoch: 15 [40000/60000 (67%)]	Loss: 0.089549
Train Epoch: 15 [50000/60000 (83%)]	Loss: 0.065320
Train Epoch: 15 [60000/60000 (100%)]	Loss: 0.039021

Average Training loss: 0.0006, Training Error Rate: 7.53% (4517/60000)


Average Test loss: 0.0001, Test Error Rate: 7.05% (705/10000)

Train Epoch: 16 [10000/60000 (17%)]	Loss: 0.070728
Train Epoch: 16 [20000/60000 (33%)]	Loss: 0.060482
Train Epoch: 16 [30000/60000 (50%)]	Loss: 0.054872
Train Epoch: 16 [40000/60000 (67%)]	Loss: 0.079536
Train Epoch: 16 [50000/60000 (83%)]	Loss: 0.048287
Train Epoch: 16 [60000/60000 (100%)]	Loss: 0.084790

Average Training loss: 0.0006, Training Error Rate: 7.33% (4401/60000)


Average Test loss: 0.0001, Test Error Rate: 7.13% (713/10000)

Train Epoch: 17 [10000/60000 (17%)]	Loss: 0.075999
Train Epoch: 17 [20000/60000 (33%)]	Loss: 0.082949
Train Epoch: 17 [30000/60000 (50%)]	Loss: 0.048721
Train Epoch: 17 [40000/60000 (67%)]	Loss: 0.064631
Train Epoch: 17 [50000/60000 (83%)]	Loss: 0.031796
Train Epoch: 17 [60000/60000 (100%)]	Loss: 0.035839

Average Training loss: 0.0006, Training Error Rate: 7.24% (4344/60000)


Average Test loss: 0.0001, Test Error Rate: 6.80% (680/10000)

Train Epoch: 18 [10000/60000 (17%)]	Loss: 0.058231
Train Epoch: 18 [20000/60000 (33%)]	Loss: 0.045640
Train Epoch: 18 [30000/60000 (50%)]	Loss: 0.071281
Train Epoch: 18 [40000/60000 (67%)]	Loss: 0.084298
Train Epoch: 18 [50000/60000 (83%)]	Loss: 0.065149
Train Epoch: 18 [60000/60000 (100%)]	Loss: 0.062316

Average Training loss: 0.0006, Training Error Rate: 7.07% (4241/60000)


Average Test loss: 0.0001, Test Error Rate: 6.87% (687/10000)

Train Epoch: 19 [10000/60000 (17%)]	Loss: 0.085979
Train Epoch: 19 [20000/60000 (33%)]	Loss: 0.084385
Train Epoch: 19 [30000/60000 (50%)]	Loss: 0.053676
Train Epoch: 19 [40000/60000 (67%)]	Loss: 0.060301
Train Epoch: 19 [50000/60000 (83%)]	Loss: 0.047004
Train Epoch: 19 [60000/60000 (100%)]	Loss: 0.030012

Average Training loss: 0.0006, Training Error Rate: 6.89% (4135/60000)


Average Test loss: 0.0001, Test Error Rate: 6.64% (664/10000)

Train Epoch: 20 [10000/60000 (17%)]	Loss: 0.082609
Train Epoch: 20 [20000/60000 (33%)]	Loss: 0.061391
Train Epoch: 20 [30000/60000 (50%)]	Loss: 0.059116
Train Epoch: 20 [40000/60000 (67%)]	Loss: 0.068472
Train Epoch: 20 [50000/60000 (83%)]	Loss: 0.061347
Train Epoch: 20 [60000/60000 (100%)]	Loss: 0.043545

Average Training loss: 0.0006, Training Error Rate: 6.85% (4109/60000)


Average Test loss: 0.0001, Test Error Rate: 6.56% (656/10000)

Train Epoch: 21 [10000/60000 (17%)]	Loss: 0.082769
Train Epoch: 21 [20000/60000 (33%)]	Loss: 0.048460
Train Epoch: 21 [30000/60000 (50%)]	Loss: 0.055843
Train Epoch: 21 [40000/60000 (67%)]	Loss: 0.039060
Train Epoch: 21 [50000/60000 (83%)]	Loss: 0.041618
Train Epoch: 21 [60000/60000 (100%)]	Loss: 0.038598

Average Training loss: 0.0006, Training Error Rate: 6.63% (3980/60000)


Average Test loss: 0.0001, Test Error Rate: 6.52% (652/10000)

Train Epoch: 22 [10000/60000 (17%)]	Loss: 0.047202
Train Epoch: 22 [20000/60000 (33%)]	Loss: 0.060001
Train Epoch: 22 [30000/60000 (50%)]	Loss: 0.043355
Train Epoch: 22 [40000/60000 (67%)]	Loss: 0.076964
Train Epoch: 22 [50000/60000 (83%)]	Loss: 0.051112
Train Epoch: 22 [60000/60000 (100%)]	Loss: 0.051107

Average Training loss: 0.0005, Training Error Rate: 6.57% (3942/60000)


Average Test loss: 0.0001, Test Error Rate: 6.32% (632/10000)

Train Epoch: 23 [10000/60000 (17%)]	Loss: 0.107466
Train Epoch: 23 [20000/60000 (33%)]	Loss: 0.060857
Train Epoch: 23 [30000/60000 (50%)]	Loss: 0.070943
Train Epoch: 23 [40000/60000 (67%)]	Loss: 0.075927
Train Epoch: 23 [50000/60000 (83%)]	Loss: 0.039684
Train Epoch: 23 [60000/60000 (100%)]	Loss: 0.050550

Average Training loss: 0.0005, Training Error Rate: 6.44% (3865/60000)


Average Test loss: 0.0001, Test Error Rate: 6.33% (633/10000)

Train Epoch: 24 [10000/60000 (17%)]	Loss: 0.058915
Train Epoch: 24 [20000/60000 (33%)]	Loss: 0.036061
Train Epoch: 24 [30000/60000 (50%)]	Loss: 0.035872
Train Epoch: 24 [40000/60000 (67%)]	Loss: 0.075649
Train Epoch: 24 [50000/60000 (83%)]	Loss: 0.074679
Train Epoch: 24 [60000/60000 (100%)]	Loss: 0.074543

Average Training loss: 0.0005, Training Error Rate: 6.29% (3772/60000)


Average Test loss: 0.0001, Test Error Rate: 6.34% (634/10000)

Train Epoch: 25 [10000/60000 (17%)]	Loss: 0.054560
Train Epoch: 25 [20000/60000 (33%)]	Loss: 0.037717
Train Epoch: 25 [30000/60000 (50%)]	Loss: 0.026158
Train Epoch: 25 [40000/60000 (67%)]	Loss: 0.025169
Train Epoch: 25 [50000/60000 (83%)]	Loss: 0.040072
Train Epoch: 25 [60000/60000 (100%)]	Loss: 0.045137

Average Training loss: 0.0005, Training Error Rate: 6.22% (3733/60000)


Average Test loss: 0.0001, Test Error Rate: 6.42% (642/10000)

Train Epoch: 26 [10000/60000 (17%)]	Loss: 0.070729
Train Epoch: 26 [20000/60000 (33%)]	Loss: 0.063280
Train Epoch: 26 [30000/60000 (50%)]	Loss: 0.079298
Train Epoch: 26 [40000/60000 (67%)]	Loss: 0.034321
Train Epoch: 26 [50000/60000 (83%)]	Loss: 0.077816
Train Epoch: 26 [60000/60000 (100%)]	Loss: 0.062679

Average Training loss: 0.0005, Training Error Rate: 6.14% (3687/60000)


Average Test loss: 0.0001, Test Error Rate: 6.31% (631/10000)

Train Epoch: 27 [10000/60000 (17%)]	Loss: 0.055763
Train Epoch: 27 [20000/60000 (33%)]	Loss: 0.033183
Train Epoch: 27 [30000/60000 (50%)]	Loss: 0.048792
Train Epoch: 27 [40000/60000 (67%)]	Loss: 0.051690
Train Epoch: 27 [50000/60000 (83%)]	Loss: 0.029589
Train Epoch: 27 [60000/60000 (100%)]	Loss: 0.045508

Average Training loss: 0.0005, Training Error Rate: 6.03% (3616/60000)


Average Test loss: 0.0001, Test Error Rate: 6.30% (630/10000)

Train Epoch: 28 [10000/60000 (17%)]	Loss: 0.064149
Train Epoch: 28 [20000/60000 (33%)]	Loss: 0.046992
Train Epoch: 28 [30000/60000 (50%)]	Loss: 0.051850
Train Epoch: 28 [40000/60000 (67%)]	Loss: 0.072494
Train Epoch: 28 [50000/60000 (83%)]	Loss: 0.027961
Train Epoch: 28 [60000/60000 (100%)]	Loss: 0.082197

Average Training loss: 0.0005, Training Error Rate: 5.96% (3574/60000)


Average Test loss: 0.0001, Test Error Rate: 6.19% (619/10000)

Train Epoch: 29 [10000/60000 (17%)]	Loss: 0.072748
Train Epoch: 29 [20000/60000 (33%)]	Loss: 0.036224
Train Epoch: 29 [30000/60000 (50%)]	Loss: 0.042107
Train Epoch: 29 [40000/60000 (67%)]	Loss: 0.052215
Train Epoch: 29 [50000/60000 (83%)]	Loss: 0.068258
Train Epoch: 29 [60000/60000 (100%)]	Loss: 0.067449

Average Training loss: 0.0005, Training Error Rate: 5.86% (3514/60000)


Average Test loss: 0.0001, Test Error Rate: 6.19% (619/10000)

Train Epoch: 30 [10000/60000 (17%)]	Loss: 0.070255
Train Epoch: 30 [20000/60000 (33%)]	Loss: 0.062022
Train Epoch: 30 [30000/60000 (50%)]	Loss: 0.049856
Train Epoch: 30 [40000/60000 (67%)]	Loss: 0.064073
Train Epoch: 30 [50000/60000 (83%)]	Loss: 0.070094
Train Epoch: 30 [60000/60000 (100%)]	Loss: 0.069180

Average Training loss: 0.0005, Training Error Rate: 5.85% (3509/60000)


Average Test loss: 0.0001, Test Error Rate: 6.13% (613/10000)

Train Epoch: 31 [10000/60000 (17%)]	Loss: 0.033360
Train Epoch: 31 [20000/60000 (33%)]	Loss: 0.057868
Train Epoch: 31 [30000/60000 (50%)]	Loss: 0.040322
Train Epoch: 31 [40000/60000 (67%)]	Loss: 0.036785
Train Epoch: 31 [50000/60000 (83%)]	Loss: 0.054365
Train Epoch: 31 [60000/60000 (100%)]	Loss: 0.051868

Average Training loss: 0.0005, Training Error Rate: 5.76% (3458/60000)


Average Test loss: 0.0000, Test Error Rate: 6.03% (603/10000)

Train Epoch: 32 [10000/60000 (17%)]	Loss: 0.050736
Train Epoch: 32 [20000/60000 (33%)]	Loss: 0.024785
Train Epoch: 32 [30000/60000 (50%)]	Loss: 0.026714
Train Epoch: 32 [40000/60000 (67%)]	Loss: 0.080544
Train Epoch: 32 [50000/60000 (83%)]	Loss: 0.058620
Train Epoch: 32 [60000/60000 (100%)]	Loss: 0.055553

Average Training loss: 0.0005, Training Error Rate: 5.71% (3427/60000)


Average Test loss: 0.0000, Test Error Rate: 6.05% (605/10000)

Train Epoch: 33 [10000/60000 (17%)]	Loss: 0.057318
Train Epoch: 33 [20000/60000 (33%)]	Loss: 0.050141
Train Epoch: 33 [30000/60000 (50%)]	Loss: 0.035469
Train Epoch: 33 [40000/60000 (67%)]	Loss: 0.036309
Train Epoch: 33 [50000/60000 (83%)]	Loss: 0.035456
Train Epoch: 33 [60000/60000 (100%)]	Loss: 0.055174

Average Training loss: 0.0005, Training Error Rate: 5.63% (3378/60000)


Average Test loss: 0.0001, Test Error Rate: 6.11% (611/10000)

Train Epoch: 34 [10000/60000 (17%)]	Loss: 0.009633
Train Epoch: 34 [20000/60000 (33%)]	Loss: 0.029682
Train Epoch: 34 [30000/60000 (50%)]	Loss: 0.034776
Train Epoch: 34 [40000/60000 (67%)]	Loss: 0.040490
Train Epoch: 34 [50000/60000 (83%)]	Loss: 0.052618
Train Epoch: 34 [60000/60000 (100%)]	Loss: 0.034996

Average Training loss: 0.0005, Training Error Rate: 5.58% (3349/60000)


Average Test loss: 0.0000, Test Error Rate: 5.94% (594/10000)

Train Epoch: 35 [10000/60000 (17%)]	Loss: 0.084912
Train Epoch: 35 [20000/60000 (33%)]	Loss: 0.024607
Train Epoch: 35 [30000/60000 (50%)]	Loss: 0.050884
Train Epoch: 35 [40000/60000 (67%)]	Loss: 0.022553
Train Epoch: 35 [50000/60000 (83%)]	Loss: 0.038019
Train Epoch: 35 [60000/60000 (100%)]	Loss: 0.042658

Average Training loss: 0.0005, Training Error Rate: 5.54% (3323/60000)


Average Test loss: 0.0001, Test Error Rate: 5.92% (592/10000)

Train Epoch: 36 [10000/60000 (17%)]	Loss: 0.075891
Train Epoch: 36 [20000/60000 (33%)]	Loss: 0.024815
Train Epoch: 36 [30000/60000 (50%)]	Loss: 0.047404
Train Epoch: 36 [40000/60000 (67%)]	Loss: 0.040029
Train Epoch: 36 [50000/60000 (83%)]	Loss: 0.033199
Train Epoch: 36 [60000/60000 (100%)]	Loss: 0.043482

Average Training loss: 0.0005, Training Error Rate: 5.53% (3319/60000)


Average Test loss: 0.0001, Test Error Rate: 6.05% (605/10000)

Train Epoch: 37 [10000/60000 (17%)]	Loss: 0.035250
Train Epoch: 37 [20000/60000 (33%)]	Loss: 0.060521
Train Epoch: 37 [30000/60000 (50%)]	Loss: 0.060861
Train Epoch: 37 [40000/60000 (67%)]	Loss: 0.027977
Train Epoch: 37 [50000/60000 (83%)]	Loss: 0.035731
Train Epoch: 37 [60000/60000 (100%)]	Loss: 0.060671

Average Training loss: 0.0005, Training Error Rate: 5.44% (3263/60000)


Average Test loss: 0.0001, Test Error Rate: 5.99% (599/10000)

Train Epoch: 38 [10000/60000 (17%)]	Loss: 0.022819
Train Epoch: 38 [20000/60000 (33%)]	Loss: 0.063761
Train Epoch: 38 [30000/60000 (50%)]	Loss: 0.057741
Train Epoch: 38 [40000/60000 (67%)]	Loss: 0.022506
Train Epoch: 38 [50000/60000 (83%)]	Loss: 0.065738
Train Epoch: 38 [60000/60000 (100%)]	Loss: 0.070715

Average Training loss: 0.0005, Training Error Rate: 5.42% (3253/60000)


Average Test loss: 0.0001, Test Error Rate: 5.86% (586/10000)

Train Epoch: 39 [10000/60000 (17%)]	Loss: 0.036948
Train Epoch: 39 [20000/60000 (33%)]	Loss: 0.077188
Train Epoch: 39 [30000/60000 (50%)]	Loss: 0.020604
Train Epoch: 39 [40000/60000 (67%)]	Loss: 0.043452
Train Epoch: 39 [50000/60000 (83%)]	Loss: 0.043370
Train Epoch: 39 [60000/60000 (100%)]	Loss: 0.078625

Average Training loss: 0.0005, Training Error Rate: 5.37% (3220/60000)


Average Test loss: 0.0001, Test Error Rate: 5.91% (591/10000)

Train Epoch: 40 [10000/60000 (17%)]	Loss: 0.032575
Train Epoch: 40 [20000/60000 (33%)]	Loss: 0.050908
Train Epoch: 40 [30000/60000 (50%)]	Loss: 0.010027
Train Epoch: 40 [40000/60000 (67%)]	Loss: 0.031388
Train Epoch: 40 [50000/60000 (83%)]	Loss: 0.040243
Train Epoch: 40 [60000/60000 (100%)]	Loss: 0.071122

Average Training loss: 0.0005, Training Error Rate: 5.38% (3229/60000)


Average Test loss: 0.0001, Test Error Rate: 5.83% (583/10000)

Train Epoch: 41 [10000/60000 (17%)]	Loss: 0.032114
Train Epoch: 41 [20000/60000 (33%)]	Loss: 0.024957
Train Epoch: 41 [30000/60000 (50%)]	Loss: 0.053241
Train Epoch: 41 [40000/60000 (67%)]	Loss: 0.055346
Train Epoch: 41 [50000/60000 (83%)]	Loss: 0.032149
Train Epoch: 41 [60000/60000 (100%)]	Loss: 0.064220

Average Training loss: 0.0005, Training Error Rate: 5.38% (3225/60000)


Average Test loss: 0.0001, Test Error Rate: 6.02% (602/10000)

Train Epoch: 42 [10000/60000 (17%)]	Loss: 0.056901
Train Epoch: 42 [20000/60000 (33%)]	Loss: 0.025591
Train Epoch: 42 [30000/60000 (50%)]	Loss: 0.053406
Train Epoch: 42 [40000/60000 (67%)]	Loss: 0.082550
Train Epoch: 42 [50000/60000 (83%)]	Loss: 0.028405
Train Epoch: 42 [60000/60000 (100%)]	Loss: 0.028822

Average Training loss: 0.0005, Training Error Rate: 5.44% (3263/60000)


Average Test loss: 0.0001, Test Error Rate: 5.98% (598/10000)

Train Epoch: 43 [10000/60000 (17%)]	Loss: 0.050028
Train Epoch: 43 [20000/60000 (33%)]	Loss: 0.045119
Train Epoch: 43 [30000/60000 (50%)]	Loss: 0.072375
Train Epoch: 43 [40000/60000 (67%)]	Loss: 0.092576
Train Epoch: 43 [50000/60000 (83%)]	Loss: 0.073775
Train Epoch: 43 [60000/60000 (100%)]	Loss: 0.067639

Average Training loss: 0.0006, Training Error Rate: 5.65% (3391/60000)


Average Test loss: 0.0001, Test Error Rate: 6.46% (646/10000)

Train Epoch: 44 [10000/60000 (17%)]	Loss: 0.091209
Train Epoch: 44 [20000/60000 (33%)]	Loss: 0.093099
Train Epoch: 44 [30000/60000 (50%)]	Loss: 0.089635
Train Epoch: 44 [40000/60000 (67%)]	Loss: 0.126922
Train Epoch: 44 [50000/60000 (83%)]	Loss: 0.087652
Train Epoch: 44 [60000/60000 (100%)]	Loss: 0.081799

Average Training loss: 0.0008, Training Error Rate: 6.60% (3960/60000)


Average Test loss: 0.0001, Test Error Rate: 6.53% (653/10000)

Train Epoch: 45 [10000/60000 (17%)]	Loss: 0.044848
Train Epoch: 45 [20000/60000 (33%)]	Loss: 0.037325
Train Epoch: 45 [30000/60000 (50%)]	Loss: 0.059234
Train Epoch: 45 [40000/60000 (67%)]	Loss: 0.056045
Train Epoch: 45 [50000/60000 (83%)]	Loss: 0.065273
Train Epoch: 45 [60000/60000 (100%)]	Loss: 0.055704

Average Training loss: 0.0007, Training Error Rate: 6.32% (3793/60000)


Average Test loss: 0.0001, Test Error Rate: 6.19% (619/10000)

Train Epoch: 46 [10000/60000 (17%)]	Loss: 0.052549
Train Epoch: 46 [20000/60000 (33%)]	Loss: 0.049482
Train Epoch: 46 [30000/60000 (50%)]	Loss: 0.048199
Train Epoch: 46 [40000/60000 (67%)]	Loss: 0.085433
Train Epoch: 46 [50000/60000 (83%)]	Loss: 0.083867
Train Epoch: 46 [60000/60000 (100%)]	Loss: 0.037011

Average Training loss: 0.0007, Training Error Rate: 6.19% (3713/60000)


Average Test loss: 0.0001, Test Error Rate: 6.69% (669/10000)

Train Epoch: 47 [10000/60000 (17%)]	Loss: 0.079033
Train Epoch: 47 [20000/60000 (33%)]	Loss: 0.037669
Train Epoch: 47 [30000/60000 (50%)]	Loss: 0.104880
Train Epoch: 47 [40000/60000 (67%)]	Loss: 0.071822
Train Epoch: 47 [50000/60000 (83%)]	Loss: 0.083476
Train Epoch: 47 [60000/60000 (100%)]	Loss: 0.084978

Average Training loss: 0.0007, Training Error Rate: 6.21% (3729/60000)


Average Test loss: 0.0001, Test Error Rate: 6.68% (668/10000)

Train Epoch: 48 [10000/60000 (17%)]	Loss: 0.097322
Train Epoch: 48 [20000/60000 (33%)]	Loss: 0.054322
Train Epoch: 48 [30000/60000 (50%)]	Loss: 0.097715
Train Epoch: 48 [40000/60000 (67%)]	Loss: 0.091772
Train Epoch: 48 [50000/60000 (83%)]	Loss: 0.055211
Train Epoch: 48 [60000/60000 (100%)]	Loss: 0.112078

Average Training loss: 0.0007, Training Error Rate: 6.61% (3963/60000)


Average Test loss: 0.0001, Test Error Rate: 6.93% (693/10000)

Train Epoch: 49 [10000/60000 (17%)]	Loss: 0.092624
Train Epoch: 49 [20000/60000 (33%)]	Loss: 0.102148
Train Epoch: 49 [30000/60000 (50%)]	Loss: 0.093845
Train Epoch: 49 [40000/60000 (67%)]	Loss: 0.089587
Train Epoch: 49 [50000/60000 (83%)]	Loss: 0.084555
Train Epoch: 49 [60000/60000 (100%)]	Loss: 0.153351

Average Training loss: 0.0010, Training Error Rate: 7.65% (4592/60000)


Average Test loss: 0.0002, Test Error Rate: 9.32% (932/10000)

Train Epoch: 50 [10000/60000 (17%)]	Loss: 0.146525
Train Epoch: 50 [20000/60000 (33%)]	Loss: 0.166707
Train Epoch: 50 [30000/60000 (50%)]	Loss: 0.182402
Train Epoch: 50 [40000/60000 (67%)]	Loss: 0.183728
Train Epoch: 50 [50000/60000 (83%)]	Loss: 0.246934
Train Epoch: 50 [60000/60000 (100%)]	Loss: 0.261219

Average Training loss: 0.0019, Training Error Rate: 10.89% (6535/60000)


Average Test loss: 0.0002, Test Error Rate: 12.98% (1298/10000)

Train Epoch: 51 [10000/60000 (17%)]	Loss: 0.276285
Train Epoch: 51 [20000/60000 (33%)]	Loss: 0.447231
Train Epoch: 51 [30000/60000 (50%)]	Loss: 0.344016
Train Epoch: 51 [40000/60000 (67%)]	Loss: 0.481571
Train Epoch: 51 [50000/60000 (83%)]	Loss: 0.362350
Train Epoch: 51 [60000/60000 (100%)]	Loss: 0.321848

Average Training loss: 0.0034, Training Error Rate: 26.20% (15717/60000)


Average Test loss: 0.0004, Test Error Rate: 27.47% (2747/10000)

Train Epoch: 52 [10000/60000 (17%)]	Loss: 0.397694
Train Epoch: 52 [20000/60000 (33%)]	Loss: 0.362099
Train Epoch: 52 [30000/60000 (50%)]	Loss: 0.371481
Train Epoch: 52 [40000/60000 (67%)]	Loss: 0.437364
Train Epoch: 52 [50000/60000 (83%)]	Loss: 0.370291
Train Epoch: 52 [60000/60000 (100%)]	Loss: 0.465357

Average Training loss: 0.0040, Training Error Rate: 30.76% (18455/60000)


Average Test loss: 0.0005, Test Error Rate: 36.40% (3640/10000)

Train Epoch: 53 [10000/60000 (17%)]	Loss: 0.442273
Train Epoch: 53 [20000/60000 (33%)]	Loss: 0.395899
Train Epoch: 53 [30000/60000 (50%)]	Loss: 0.513136
Train Epoch: 53 [40000/60000 (67%)]	Loss: 0.579863
Train Epoch: 53 [50000/60000 (83%)]	Loss: 0.465404
Train Epoch: 53 [60000/60000 (100%)]	Loss: 0.559874

Average Training loss: 0.0048, Training Error Rate: 37.25% (22352/60000)


Average Test loss: 0.0005, Test Error Rate: 37.73% (3773/10000)

Train Epoch: 54 [10000/60000 (17%)]	Loss: 0.543804
Train Epoch: 54 [20000/60000 (33%)]	Loss: 0.559792
Train Epoch: 54 [30000/60000 (50%)]	Loss: 0.523934
Train Epoch: 54 [40000/60000 (67%)]	Loss: 0.590201
Train Epoch: 54 [50000/60000 (83%)]	Loss: 0.611404
Train Epoch: 54 [60000/60000 (100%)]	Loss: 0.498305

Average Training loss: 0.0055, Training Error Rate: 37.74% (22645/60000)


Average Test loss: 0.0006, Test Error Rate: 37.02% (3702/10000)

Train Epoch: 55 [10000/60000 (17%)]	Loss: 0.567441
Train Epoch: 55 [20000/60000 (33%)]	Loss: 0.555121
Train Epoch: 55 [30000/60000 (50%)]	Loss: 0.558322
Train Epoch: 55 [40000/60000 (67%)]	Loss: 0.514562
Train Epoch: 55 [50000/60000 (83%)]	Loss: 0.597075
Train Epoch: 55 [60000/60000 (100%)]	Loss: 0.552464

Average Training loss: 0.0056, Training Error Rate: 37.13% (22278/60000)


Average Test loss: 0.0006, Test Error Rate: 36.21% (3621/10000)

Train Epoch: 56 [10000/60000 (17%)]	Loss: 0.571261
Train Epoch: 56 [20000/60000 (33%)]	Loss: 0.563275
Train Epoch: 56 [30000/60000 (50%)]	Loss: 0.596306
Train Epoch: 56 [40000/60000 (67%)]	Loss: 0.577573
Train Epoch: 56 [50000/60000 (83%)]	Loss: 0.522736
Train Epoch: 56 [60000/60000 (100%)]	Loss: 0.603892

Average Training loss: 0.0056, Training Error Rate: 36.42% (21850/60000)


Average Test loss: 0.0006, Test Error Rate: 35.35% (3535/10000)

Train Epoch: 57 [10000/60000 (17%)]	Loss: 0.539398
Train Epoch: 57 [20000/60000 (33%)]	Loss: 0.578665
Train Epoch: 57 [30000/60000 (50%)]	Loss: 0.605566
Train Epoch: 57 [40000/60000 (67%)]	Loss: 0.564620
Train Epoch: 57 [50000/60000 (83%)]	Loss: 0.667718
Train Epoch: 57 [60000/60000 (100%)]	Loss: 0.562730

Average Training loss: 0.0057, Training Error Rate: 35.31% (21188/60000)


Average Test loss: 0.0006, Test Error Rate: 33.60% (3360/10000)

Train Epoch: 58 [10000/60000 (17%)]	Loss: 0.620798
Train Epoch: 58 [20000/60000 (33%)]	Loss: 0.614908
Train Epoch: 58 [30000/60000 (50%)]	Loss: 0.550698
Train Epoch: 58 [40000/60000 (67%)]	Loss: 0.631782
Train Epoch: 58 [50000/60000 (83%)]	Loss: 0.593763
Train Epoch: 58 [60000/60000 (100%)]	Loss: 0.542267

Average Training loss: 0.0057, Training Error Rate: 32.79% (19673/60000)


Average Test loss: 0.0006, Test Error Rate: 30.89% (3089/10000)

Train Epoch: 59 [10000/60000 (17%)]	Loss: 0.571818
Train Epoch: 59 [20000/60000 (33%)]	Loss: 0.607912
Train Epoch: 59 [30000/60000 (50%)]	Loss: 0.594280
Train Epoch: 59 [40000/60000 (67%)]	Loss: 0.602276
Train Epoch: 59 [50000/60000 (83%)]	Loss: 0.534500
Train Epoch: 59 [60000/60000 (100%)]	Loss: 0.571824

Average Training loss: 0.0058, Training Error Rate: 29.27% (17561/60000)


Average Test loss: 0.0006, Test Error Rate: 27.86% (2786/10000)

Train Epoch: 60 [10000/60000 (17%)]	Loss: 0.588651
Train Epoch: 60 [20000/60000 (33%)]	Loss: 0.578289
Train Epoch: 60 [30000/60000 (50%)]	Loss: 0.584055
Train Epoch: 60 [40000/60000 (67%)]	Loss: 0.568452
Train Epoch: 60 [50000/60000 (83%)]	Loss: 0.592969
Train Epoch: 60 [60000/60000 (100%)]	Loss: 0.522644

Average Training loss: 0.0058, Training Error Rate: 27.59% (16555/60000)


Average Test loss: 0.0006, Test Error Rate: 27.09% (2709/10000)

Train Epoch: 61 [10000/60000 (17%)]	Loss: 0.582228
Train Epoch: 61 [20000/60000 (33%)]	Loss: 0.527167
Train Epoch: 61 [30000/60000 (50%)]	Loss: 0.577886
Train Epoch: 61 [40000/60000 (67%)]	Loss: 0.582654
Train Epoch: 61 [50000/60000 (83%)]	Loss: 0.556060
Train Epoch: 61 [60000/60000 (100%)]	Loss: 0.564001

Average Training loss: 0.0058, Training Error Rate: 27.21% (16327/60000)


Average Test loss: 0.0006, Test Error Rate: 26.71% (2671/10000)

Train Epoch: 62 [10000/60000 (17%)]	Loss: 0.581149
Train Epoch: 62 [20000/60000 (33%)]	Loss: 0.571106
Train Epoch: 62 [30000/60000 (50%)]	Loss: 0.543585
Train Epoch: 62 [40000/60000 (67%)]	Loss: 0.626202
Train Epoch: 62 [50000/60000 (83%)]	Loss: 0.523634
Train Epoch: 62 [60000/60000 (100%)]	Loss: 0.603388

Average Training loss: 0.0058, Training Error Rate: 27.07% (16243/60000)


Average Test loss: 0.0006, Test Error Rate: 26.95% (2695/10000)

Train Epoch: 63 [10000/60000 (17%)]	Loss: 0.536682
Train Epoch: 63 [20000/60000 (33%)]	Loss: 0.562632
Train Epoch: 63 [30000/60000 (50%)]	Loss: 0.622203
Train Epoch: 63 [40000/60000 (67%)]	Loss: 0.570008
Train Epoch: 63 [50000/60000 (83%)]	Loss: 0.573702
Train Epoch: 63 [60000/60000 (100%)]	Loss: 0.609890

Average Training loss: 0.0058, Training Error Rate: 27.01% (16206/60000)


Average Test loss: 0.0006, Test Error Rate: 26.73% (2673/10000)

Train Epoch: 64 [10000/60000 (17%)]	Loss: 0.561926
Train Epoch: 64 [20000/60000 (33%)]	Loss: 0.636264
Train Epoch: 64 [30000/60000 (50%)]	Loss: 0.643376
Train Epoch: 64 [40000/60000 (67%)]	Loss: 0.541642
Train Epoch: 64 [50000/60000 (83%)]	Loss: 0.533418
Train Epoch: 64 [60000/60000 (100%)]	Loss: 0.543665

Average Training loss: 0.0058, Training Error Rate: 26.93% (16157/60000)


Average Test loss: 0.0006, Test Error Rate: 26.62% (2662/10000)

Train Epoch: 65 [10000/60000 (17%)]	Loss: 0.569291
Train Epoch: 65 [20000/60000 (33%)]	Loss: 0.603630
Train Epoch: 65 [30000/60000 (50%)]	Loss: 0.577750
Train Epoch: 65 [40000/60000 (67%)]	Loss: 0.557430
Train Epoch: 65 [50000/60000 (83%)]	Loss: 0.579030
Train Epoch: 65 [60000/60000 (100%)]	Loss: 0.552647

Average Training loss: 0.0057, Training Error Rate: 26.86% (16114/60000)


Average Test loss: 0.0006, Test Error Rate: 26.71% (2671/10000)

Train Epoch: 66 [10000/60000 (17%)]	Loss: 0.556855
Train Epoch: 66 [20000/60000 (33%)]	Loss: 0.547158
Train Epoch: 66 [30000/60000 (50%)]	Loss: 0.578445
Train Epoch: 66 [40000/60000 (67%)]	Loss: 0.519953
Train Epoch: 66 [50000/60000 (83%)]	Loss: 0.593800
Train Epoch: 66 [60000/60000 (100%)]	Loss: 0.572855

Average Training loss: 0.0057, Training Error Rate: 26.82% (16094/60000)


Average Test loss: 0.0006, Test Error Rate: 26.60% (2660/10000)

Train Epoch: 67 [10000/60000 (17%)]	Loss: 0.564248
Train Epoch: 67 [20000/60000 (33%)]	Loss: 0.580645
Train Epoch: 67 [30000/60000 (50%)]	Loss: 0.601414
Train Epoch: 67 [40000/60000 (67%)]	Loss: 0.563178
Train Epoch: 67 [50000/60000 (83%)]	Loss: 0.588767
Train Epoch: 67 [60000/60000 (100%)]	Loss: 0.586689

Average Training loss: 0.0057, Training Error Rate: 26.74% (16045/60000)


Average Test loss: 0.0006, Test Error Rate: 26.57% (2657/10000)

Train Epoch: 68 [10000/60000 (17%)]	Loss: 0.566583
Train Epoch: 68 [20000/60000 (33%)]	Loss: 0.589796
Train Epoch: 68 [30000/60000 (50%)]	Loss: 0.560478
Train Epoch: 68 [40000/60000 (67%)]	Loss: 0.574608
Train Epoch: 68 [50000/60000 (83%)]	Loss: 0.533321
Train Epoch: 68 [60000/60000 (100%)]	Loss: 0.580718

Average Training loss: 0.0057, Training Error Rate: 26.70% (16021/60000)


Average Test loss: 0.0006, Test Error Rate: 26.69% (2669/10000)

Train Epoch: 69 [10000/60000 (17%)]	Loss: 0.547507
Train Epoch: 69 [20000/60000 (33%)]	Loss: 0.539643
Train Epoch: 69 [30000/60000 (50%)]	Loss: 0.599809
Train Epoch: 69 [40000/60000 (67%)]	Loss: 0.561665
Train Epoch: 69 [50000/60000 (83%)]	Loss: 0.502090
Train Epoch: 69 [60000/60000 (100%)]	Loss: 0.594697

Average Training loss: 0.0057, Training Error Rate: 26.68% (16011/60000)


Average Test loss: 0.0006, Test Error Rate: 26.55% (2655/10000)

Train Epoch: 70 [10000/60000 (17%)]	Loss: 0.551126
Train Epoch: 70 [20000/60000 (33%)]	Loss: 0.524999
Train Epoch: 70 [30000/60000 (50%)]	Loss: 0.541534
Train Epoch: 70 [40000/60000 (67%)]	Loss: 0.534914
Train Epoch: 70 [50000/60000 (83%)]	Loss: 0.582653
Train Epoch: 70 [60000/60000 (100%)]	Loss: 0.588059

Average Training loss: 0.0056, Training Error Rate: 26.72% (16032/60000)


Average Test loss: 0.0006, Test Error Rate: 26.69% (2669/10000)

Train Epoch: 71 [10000/60000 (17%)]	Loss: 0.546271
Train Epoch: 71 [20000/60000 (33%)]	Loss: 0.530733
Train Epoch: 71 [30000/60000 (50%)]	Loss: 0.565200
Train Epoch: 71 [40000/60000 (67%)]	Loss: 0.561760
Train Epoch: 71 [50000/60000 (83%)]	Loss: 0.533789
Train Epoch: 71 [60000/60000 (100%)]	Loss: 0.542486

Average Training loss: 0.0055, Training Error Rate: 26.90% (16141/60000)


Average Test loss: 0.0005, Test Error Rate: 27.00% (2700/10000)

Train Epoch: 72 [10000/60000 (17%)]	Loss: 0.497159
Train Epoch: 72 [20000/60000 (33%)]	Loss: 0.563036
Train Epoch: 72 [30000/60000 (50%)]	Loss: 0.519040
Train Epoch: 72 [40000/60000 (67%)]	Loss: 0.558553
Train Epoch: 72 [50000/60000 (83%)]	Loss: 0.547290
Train Epoch: 72 [60000/60000 (100%)]	Loss: 0.531570

Average Training loss: 0.0054, Training Error Rate: 27.16% (16299/60000)


Average Test loss: 0.0005, Test Error Rate: 26.83% (2683/10000)

Train Epoch: 73 [10000/60000 (17%)]	Loss: 0.543013
Train Epoch: 73 [20000/60000 (33%)]	Loss: 0.517886
Train Epoch: 73 [30000/60000 (50%)]	Loss: 0.585671
Train Epoch: 73 [40000/60000 (67%)]	Loss: 0.559489
Train Epoch: 73 [50000/60000 (83%)]	Loss: 0.614002
Train Epoch: 73 [60000/60000 (100%)]	Loss: 0.554501

Average Training loss: 0.0055, Training Error Rate: 27.27% (16362/60000)


Average Test loss: 0.0005, Test Error Rate: 27.22% (2722/10000)

Train Epoch: 74 [10000/60000 (17%)]	Loss: 0.538275
Train Epoch: 74 [20000/60000 (33%)]	Loss: 0.539989
Train Epoch: 74 [30000/60000 (50%)]	Loss: 0.547451
Train Epoch: 74 [40000/60000 (67%)]	Loss: 0.541042
Train Epoch: 74 [50000/60000 (83%)]	Loss: 0.551316
Train Epoch: 74 [60000/60000 (100%)]	Loss: 0.503264

Average Training loss: 0.0054, Training Error Rate: 27.34% (16402/60000)


Average Test loss: 0.0006, Test Error Rate: 27.51% (2751/10000)

Train Epoch: 75 [10000/60000 (17%)]	Loss: 0.553127
Train Epoch: 75 [20000/60000 (33%)]	Loss: 0.565730
Train Epoch: 75 [30000/60000 (50%)]	Loss: 0.508046
Train Epoch: 75 [40000/60000 (67%)]	Loss: 0.596316
Train Epoch: 75 [50000/60000 (83%)]	Loss: 0.590730
Train Epoch: 75 [60000/60000 (100%)]	Loss: 0.499443

Average Training loss: 0.0054, Training Error Rate: 27.30% (16383/60000)


Average Test loss: 0.0005, Test Error Rate: 26.87% (2687/10000)

Train Epoch: 76 [10000/60000 (17%)]	Loss: 0.520361
Train Epoch: 76 [20000/60000 (33%)]	Loss: 0.512200
Train Epoch: 76 [30000/60000 (50%)]	Loss: 0.581975
Train Epoch: 76 [40000/60000 (67%)]	Loss: 0.541611
Train Epoch: 76 [50000/60000 (83%)]	Loss: 0.548104
Train Epoch: 76 [60000/60000 (100%)]	Loss: 0.540201

Average Training loss: 0.0054, Training Error Rate: 27.18% (16309/60000)


Average Test loss: 0.0005, Test Error Rate: 26.98% (2698/10000)

Train Epoch: 77 [10000/60000 (17%)]	Loss: 0.512990
Train Epoch: 77 [20000/60000 (33%)]	Loss: 0.492016
Train Epoch: 77 [30000/60000 (50%)]	Loss: 0.555325
Train Epoch: 77 [40000/60000 (67%)]	Loss: 0.567008
Train Epoch: 77 [50000/60000 (83%)]	Loss: 0.509289
Train Epoch: 77 [60000/60000 (100%)]	Loss: 0.559170

Average Training loss: 0.0054, Training Error Rate: 27.18% (16307/60000)


Average Test loss: 0.0005, Test Error Rate: 27.10% (2710/10000)

Train Epoch: 78 [10000/60000 (17%)]	Loss: 0.582182
Train Epoch: 78 [20000/60000 (33%)]	Loss: 0.513458
Train Epoch: 78 [30000/60000 (50%)]	Loss: 0.537558
Train Epoch: 78 [40000/60000 (67%)]	Loss: 0.558444
Train Epoch: 78 [50000/60000 (83%)]	Loss: 0.557261
Train Epoch: 78 [60000/60000 (100%)]	Loss: 0.551779

Average Training loss: 0.0054, Training Error Rate: 27.05% (16229/60000)


Average Test loss: 0.0005, Test Error Rate: 27.25% (2725/10000)

Train Epoch: 79 [10000/60000 (17%)]	Loss: 0.576940
Train Epoch: 79 [20000/60000 (33%)]	Loss: 0.544459
Train Epoch: 79 [30000/60000 (50%)]	Loss: 0.509765
Train Epoch: 79 [40000/60000 (67%)]	Loss: 0.557882
Train Epoch: 79 [50000/60000 (83%)]	Loss: 0.616568
Train Epoch: 79 [60000/60000 (100%)]	Loss: 0.554450

Average Training loss: 0.0054, Training Error Rate: 26.95% (16169/60000)


Average Test loss: 0.0005, Test Error Rate: 26.75% (2675/10000)

Train Epoch: 80 [10000/60000 (17%)]	Loss: 0.531202
Train Epoch: 80 [20000/60000 (33%)]	Loss: 0.543285
Train Epoch: 80 [30000/60000 (50%)]	Loss: 0.526310
Train Epoch: 80 [40000/60000 (67%)]	Loss: 0.566200
Train Epoch: 80 [50000/60000 (83%)]	Loss: 0.538377
Train Epoch: 80 [60000/60000 (100%)]	Loss: 0.580472

Average Training loss: 0.0054, Training Error Rate: 26.81% (16088/60000)


Average Test loss: 0.0005, Test Error Rate: 26.53% (2653/10000)

Train Epoch: 81 [10000/60000 (17%)]	Loss: 0.520909
Train Epoch: 81 [20000/60000 (33%)]	Loss: 0.544897
Train Epoch: 81 [30000/60000 (50%)]	Loss: 0.520874
Train Epoch: 81 [40000/60000 (67%)]	Loss: 0.558169
Train Epoch: 81 [50000/60000 (83%)]	Loss: 0.527249
Train Epoch: 81 [60000/60000 (100%)]	Loss: 0.594829

Average Training loss: 0.0054, Training Error Rate: 26.91% (16147/60000)


Average Test loss: 0.0006, Test Error Rate: 27.06% (2706/10000)

Train Epoch: 82 [10000/60000 (17%)]	Loss: 0.568312
Train Epoch: 82 [20000/60000 (33%)]	Loss: 0.525173
Train Epoch: 82 [30000/60000 (50%)]	Loss: 0.583599
Train Epoch: 82 [40000/60000 (67%)]	Loss: 0.581792
Train Epoch: 82 [50000/60000 (83%)]	Loss: 0.531110
Train Epoch: 82 [60000/60000 (100%)]	Loss: 0.543914

Average Training loss: 0.0054, Training Error Rate: 26.64% (15983/60000)


Average Test loss: 0.0005, Test Error Rate: 26.77% (2677/10000)

Train Epoch: 83 [10000/60000 (17%)]	Loss: 0.537400
Train Epoch: 83 [20000/60000 (33%)]	Loss: 0.528167
Train Epoch: 83 [30000/60000 (50%)]	Loss: 0.466971
Train Epoch: 83 [40000/60000 (67%)]	Loss: 0.564279
Train Epoch: 83 [50000/60000 (83%)]	Loss: 0.496463
Train Epoch: 83 [60000/60000 (100%)]	Loss: 0.566683

Average Training loss: 0.0054, Training Error Rate: 26.64% (15983/60000)


Average Test loss: 0.0005, Test Error Rate: 26.60% (2660/10000)

Train Epoch: 84 [10000/60000 (17%)]	Loss: 0.502798
Train Epoch: 84 [20000/60000 (33%)]	Loss: 0.526408
Train Epoch: 84 [30000/60000 (50%)]	Loss: 0.596406
Train Epoch: 84 [40000/60000 (67%)]	Loss: 0.547008
Train Epoch: 84 [50000/60000 (83%)]	Loss: 0.571079
Train Epoch: 84 [60000/60000 (100%)]	Loss: 0.520834

Average Training loss: 0.0054, Training Error Rate: 26.59% (15957/60000)


Average Test loss: 0.0005, Test Error Rate: 26.66% (2666/10000)

Train Epoch: 85 [10000/60000 (17%)]	Loss: 0.515107
Train Epoch: 85 [20000/60000 (33%)]	Loss: 0.486007
Train Epoch: 85 [30000/60000 (50%)]	Loss: 0.540110
Train Epoch: 85 [40000/60000 (67%)]	Loss: 0.546577
Train Epoch: 85 [50000/60000 (83%)]	Loss: 0.510558
Train Epoch: 85 [60000/60000 (100%)]	Loss: 0.490510

Average Training loss: 0.0054, Training Error Rate: 26.56% (15935/60000)


Average Test loss: 0.0005, Test Error Rate: 26.94% (2694/10000)

Train Epoch: 86 [10000/60000 (17%)]	Loss: 0.554390
Train Epoch: 86 [20000/60000 (33%)]	Loss: 0.563927
Train Epoch: 86 [30000/60000 (50%)]	Loss: 0.524290
Train Epoch: 86 [40000/60000 (67%)]	Loss: 0.527548
Train Epoch: 86 [50000/60000 (83%)]	Loss: 0.547874
Train Epoch: 86 [60000/60000 (100%)]	Loss: 0.566987

Average Training loss: 0.0054, Training Error Rate: 26.52% (15911/60000)


Average Test loss: 0.0005, Test Error Rate: 26.56% (2656/10000)

Train Epoch: 87 [10000/60000 (17%)]	Loss: 0.529676
Train Epoch: 87 [20000/60000 (33%)]	Loss: 0.538234
Train Epoch: 87 [30000/60000 (50%)]	Loss: 0.525399
Train Epoch: 87 [40000/60000 (67%)]	Loss: 0.561885
Train Epoch: 87 [50000/60000 (83%)]	Loss: 0.540132
Train Epoch: 87 [60000/60000 (100%)]	Loss: 0.493716

Average Training loss: 0.0054, Training Error Rate: 26.26% (15758/60000)


Average Test loss: 0.0005, Test Error Rate: 26.32% (2632/10000)

Train Epoch: 88 [10000/60000 (17%)]	Loss: 0.499857
Train Epoch: 88 [20000/60000 (33%)]	Loss: 0.532566
Train Epoch: 88 [30000/60000 (50%)]	Loss: 0.593724
Train Epoch: 88 [40000/60000 (67%)]	Loss: 0.503887
Train Epoch: 88 [50000/60000 (83%)]	Loss: 0.495703
Train Epoch: 88 [60000/60000 (100%)]	Loss: 0.546891

Average Training loss: 0.0054, Training Error Rate: 26.18% (15710/60000)


Average Test loss: 0.0005, Test Error Rate: 26.77% (2677/10000)

Train Epoch: 89 [10000/60000 (17%)]	Loss: 0.552594
Train Epoch: 89 [20000/60000 (33%)]	Loss: 0.590932
Train Epoch: 89 [30000/60000 (50%)]	Loss: 0.537837
Train Epoch: 89 [40000/60000 (67%)]	Loss: 0.530510
Train Epoch: 89 [50000/60000 (83%)]	Loss: 0.532004
Train Epoch: 89 [60000/60000 (100%)]	Loss: 0.465961

Average Training loss: 0.0054, Training Error Rate: 26.21% (15726/60000)


Average Test loss: 0.0006, Test Error Rate: 26.53% (2653/10000)

Train Epoch: 90 [10000/60000 (17%)]	Loss: 0.565755
Train Epoch: 90 [20000/60000 (33%)]	Loss: 0.545575
Train Epoch: 90 [30000/60000 (50%)]	Loss: 0.550778
Train Epoch: 90 [40000/60000 (67%)]	Loss: 0.539344
Train Epoch: 90 [50000/60000 (83%)]	Loss: 0.533050
Train Epoch: 90 [60000/60000 (100%)]	Loss: 0.536272

Average Training loss: 0.0054, Training Error Rate: 26.07% (15642/60000)


Average Test loss: 0.0005, Test Error Rate: 26.39% (2639/10000)

Train Epoch: 91 [10000/60000 (17%)]	Loss: 0.530816
Train Epoch: 91 [20000/60000 (33%)]	Loss: 0.544043
Train Epoch: 91 [30000/60000 (50%)]	Loss: 0.563693
Train Epoch: 91 [40000/60000 (67%)]	Loss: 0.570553
Train Epoch: 91 [50000/60000 (83%)]	Loss: 0.510152
Train Epoch: 91 [60000/60000 (100%)]	Loss: 0.520283

Average Training loss: 0.0054, Training Error Rate: 26.03% (15619/60000)


Average Test loss: 0.0005, Test Error Rate: 26.14% (2614/10000)

Train Epoch: 92 [10000/60000 (17%)]	Loss: 0.496160
Train Epoch: 92 [20000/60000 (33%)]	Loss: 0.563145
Train Epoch: 92 [30000/60000 (50%)]	Loss: 0.521806
Train Epoch: 92 [40000/60000 (67%)]	Loss: 0.571510
Train Epoch: 92 [50000/60000 (83%)]	Loss: 0.556450
Train Epoch: 92 [60000/60000 (100%)]	Loss: 0.531750

Average Training loss: 0.0054, Training Error Rate: 25.95% (15570/60000)


Average Test loss: 0.0005, Test Error Rate: 25.97% (2597/10000)

Train Epoch: 93 [10000/60000 (17%)]	Loss: 0.550985
Train Epoch: 93 [20000/60000 (33%)]	Loss: 0.577966
Train Epoch: 93 [30000/60000 (50%)]	Loss: 0.566345
Train Epoch: 93 [40000/60000 (67%)]	Loss: 0.588029
Train Epoch: 93 [50000/60000 (83%)]	Loss: 0.549486
Train Epoch: 93 [60000/60000 (100%)]	Loss: 0.541209

Average Training loss: 0.0054, Training Error Rate: 25.86% (15514/60000)


Average Test loss: 0.0005, Test Error Rate: 25.97% (2597/10000)

Train Epoch: 94 [10000/60000 (17%)]	Loss: 0.532909
Train Epoch: 94 [20000/60000 (33%)]	Loss: 0.520538
Train Epoch: 94 [30000/60000 (50%)]	Loss: 0.507519
Train Epoch: 94 [40000/60000 (67%)]	Loss: 0.576945
Train Epoch: 94 [50000/60000 (83%)]	Loss: 0.539222
Train Epoch: 94 [60000/60000 (100%)]	Loss: 0.563076

Average Training loss: 0.0053, Training Error Rate: 25.98% (15587/60000)


Average Test loss: 0.0005, Test Error Rate: 26.23% (2623/10000)

Train Epoch: 95 [10000/60000 (17%)]	Loss: 0.575833
Train Epoch: 95 [20000/60000 (33%)]	Loss: 0.457287
Train Epoch: 95 [30000/60000 (50%)]	Loss: 0.563168
Train Epoch: 95 [40000/60000 (67%)]	Loss: 0.517263
Train Epoch: 95 [50000/60000 (83%)]	Loss: 0.556742
Train Epoch: 95 [60000/60000 (100%)]	Loss: 0.513338

Average Training loss: 0.0054, Training Error Rate: 25.99% (15596/60000)


Average Test loss: 0.0005, Test Error Rate: 26.13% (2613/10000)

Train Epoch: 96 [10000/60000 (17%)]	Loss: 0.500003
Train Epoch: 96 [20000/60000 (33%)]	Loss: 0.545747
Train Epoch: 96 [30000/60000 (50%)]	Loss: 0.535279
Train Epoch: 96 [40000/60000 (67%)]	Loss: 0.512442
Train Epoch: 96 [50000/60000 (83%)]	Loss: 0.554702
Train Epoch: 96 [60000/60000 (100%)]	Loss: 0.552783

Average Training loss: 0.0054, Training Error Rate: 25.87% (15521/60000)


Average Test loss: 0.0005, Test Error Rate: 26.27% (2627/10000)

Train Epoch: 97 [10000/60000 (17%)]	Loss: 0.555422
Train Epoch: 97 [20000/60000 (33%)]	Loss: 0.520488
Train Epoch: 97 [30000/60000 (50%)]	Loss: 0.559649
Train Epoch: 97 [40000/60000 (67%)]	Loss: 0.490324
Train Epoch: 97 [50000/60000 (83%)]	Loss: 0.545274
Train Epoch: 97 [60000/60000 (100%)]	Loss: 0.554684

Average Training loss: 0.0054, Training Error Rate: 25.85% (15510/60000)


Average Test loss: 0.0005, Test Error Rate: 25.79% (2579/10000)

Train Epoch: 98 [10000/60000 (17%)]	Loss: 0.560257
Train Epoch: 98 [20000/60000 (33%)]	Loss: 0.603699
Train Epoch: 98 [30000/60000 (50%)]	Loss: 0.562789
Train Epoch: 98 [40000/60000 (67%)]	Loss: 0.549381
Train Epoch: 98 [50000/60000 (83%)]	Loss: 0.555490
Train Epoch: 98 [60000/60000 (100%)]	Loss: 0.506555

Average Training loss: 0.0055, Training Error Rate: 25.81% (15488/60000)


Average Test loss: 0.0005, Test Error Rate: 26.04% (2604/10000)

Train Epoch: 99 [10000/60000 (17%)]	Loss: 0.574447
Train Epoch: 99 [20000/60000 (33%)]	Loss: 0.523350
Train Epoch: 99 [30000/60000 (50%)]	Loss: 0.515577
Train Epoch: 99 [40000/60000 (67%)]	Loss: 0.580185
Train Epoch: 99 [50000/60000 (83%)]	Loss: 0.578354
Train Epoch: 99 [60000/60000 (100%)]	Loss: 0.518219

Average Training loss: 0.0055, Training Error Rate: 25.66% (15395/60000)


Average Test loss: 0.0005, Test Error Rate: 25.81% (2581/10000)

/vast/home/ajherman/miniconda3/envs/pytorch/lib/python3.11/site-packages/torchvision/io/image.py:13: UserWarning: Failed to load image Python extension: '/vast/home/ajherman/miniconda3/envs/pytorch/lib/python3.11/site-packages/torchvision/image.so: undefined symbol: _ZN5torch3jit17parseSchemaOrNameERKNSt7__cxx1112basic_stringIcSt11char_traitsIcESaIcEEE'If you don't plan on using image functionality from `torchvision.io`, you can ignore this warning. Otherwise, there might be something wrong with your environment. Did you have `libjpeg` or `libpng` installed before building `torchvision` from source?
  warn(
Random seed set as 42
dt =  0.10799693854690562
trace decay =  0.788127627745311
Random seed set as 42
Random seed set as 42
dt =  0.10799693854690562
trace decay =  0.788127627745311
Random seed set as 42
