/vast/home/ajherman/miniconda3/envs/pytorch/lib/python3.11/site-packages/torchvision/io/image.py:13: UserWarning: Failed to load image Python extension: '/vast/home/ajherman/miniconda3/envs/pytorch/lib/python3.11/site-packages/torchvision/image.so: undefined symbol: _ZN5torch3jit17parseSchemaOrNameERKNSt7__cxx1112basic_stringIcSt11char_traitsIcESaIcEEE'If you don't plan on using image functionality from `torchvision.io`, you can ignore this warning. Otherwise, there might be something wrong with your environment. Did you have `libjpeg` or `libpng` installed before building `torchvision` from source?
  warn(
Random seed set as 42
dt =  0.2340716616353513
trace decay =  0.5737534207374327
Random seed set as 42
Random seed set as 42
dt =  0.2340716616353513
trace decay =  0.5737534207374327
Random seed set as 42
Train Epoch: 0 [5000/60000 (8%)]	Loss: 0.410006
Train Epoch: 0 [10000/60000 (17%)]	Loss: 0.345521
Train Epoch: 0 [15000/60000 (25%)]	Loss: 0.271610
Train Epoch: 0 [20000/60000 (33%)]	Loss: 0.256190
Train Epoch: 0 [25000/60000 (42%)]	Loss: 0.235072
Train Epoch: 0 [30000/60000 (50%)]	Loss: 0.208458
Train Epoch: 0 [35000/60000 (58%)]	Loss: 0.146246
Train Epoch: 0 [40000/60000 (67%)]	Loss: 0.146813
Train Epoch: 0 [45000/60000 (75%)]	Loss: 0.161632
Train Epoch: 0 [50000/60000 (83%)]	Loss: 0.158263
Train Epoch: 0 [55000/60000 (92%)]	Loss: 0.180205
Train Epoch: 0 [60000/60000 (100%)]	Loss: 0.113760

Average Training loss: 0.0046, Training Error Rate: 23.82% (14290/60000)


Average Test loss: 0.0001, Test Error Rate: 13.26% (1326/10000)

Train Epoch: 1 [5000/60000 (8%)]	Loss: 0.140375
Train Epoch: 1 [10000/60000 (17%)]	Loss: 0.118125
Train Epoch: 1 [15000/60000 (25%)]	Loss: 0.110619
Train Epoch: 1 [20000/60000 (33%)]	Loss: 0.106212
Train Epoch: 1 [25000/60000 (42%)]	Loss: 0.107931
Train Epoch: 1 [30000/60000 (50%)]	Loss: 0.096634
Train Epoch: 1 [35000/60000 (58%)]	Loss: 0.112050
Train Epoch: 1 [40000/60000 (67%)]	Loss: 0.122267
Train Epoch: 1 [45000/60000 (75%)]	Loss: 0.101846
Train Epoch: 1 [50000/60000 (83%)]	Loss: 0.123506
Train Epoch: 1 [55000/60000 (92%)]	Loss: 0.101197
Train Epoch: 1 [60000/60000 (100%)]	Loss: 0.088226

Average Training loss: 0.0025, Training Error Rate: 12.66% (7594/60000)


Average Test loss: 0.0001, Test Error Rate: 10.77% (1077/10000)

Train Epoch: 2 [5000/60000 (8%)]	Loss: 0.117384
Train Epoch: 2 [10000/60000 (17%)]	Loss: 0.118082
Train Epoch: 2 [15000/60000 (25%)]	Loss: 0.147671
Train Epoch: 2 [20000/60000 (33%)]	Loss: 0.075157
Train Epoch: 2 [25000/60000 (42%)]	Loss: 0.119086
Train Epoch: 2 [30000/60000 (50%)]	Loss: 0.075249
Train Epoch: 2 [35000/60000 (58%)]	Loss: 0.109522
Train Epoch: 2 [40000/60000 (67%)]	Loss: 0.092743
Train Epoch: 2 [45000/60000 (75%)]	Loss: 0.120614
Train Epoch: 2 [50000/60000 (83%)]	Loss: 0.146571
Train Epoch: 2 [55000/60000 (92%)]	Loss: 0.166709
Train Epoch: 2 [60000/60000 (100%)]	Loss: 0.115003

Average Training loss: 0.0020, Training Error Rate: 10.84% (6506/60000)


Average Test loss: 0.0001, Test Error Rate: 9.54% (954/10000)

Train Epoch: 3 [5000/60000 (8%)]	Loss: 0.118571
Train Epoch: 3 [10000/60000 (17%)]	Loss: 0.125901
Train Epoch: 3 [15000/60000 (25%)]	Loss: 0.065674
Train Epoch: 3 [20000/60000 (33%)]	Loss: 0.072327
Train Epoch: 3 [25000/60000 (42%)]	Loss: 0.109560
Train Epoch: 3 [30000/60000 (50%)]	Loss: 0.086878
Train Epoch: 3 [35000/60000 (58%)]	Loss: 0.070989
Train Epoch: 3 [40000/60000 (67%)]	Loss: 0.090461
Train Epoch: 3 [45000/60000 (75%)]	Loss: 0.095066
Train Epoch: 3 [50000/60000 (83%)]	Loss: 0.092861
Train Epoch: 3 [55000/60000 (92%)]	Loss: 0.130364
Train Epoch: 3 [60000/60000 (100%)]	Loss: 0.085759

Average Training loss: 0.0018, Training Error Rate: 9.83% (5897/60000)


Average Test loss: 0.0001, Test Error Rate: 8.68% (868/10000)

Train Epoch: 4 [5000/60000 (8%)]	Loss: 0.087440
Train Epoch: 4 [10000/60000 (17%)]	Loss: 0.092779
Train Epoch: 4 [15000/60000 (25%)]	Loss: 0.046357
Train Epoch: 4 [20000/60000 (33%)]	Loss: 0.077193
Train Epoch: 4 [25000/60000 (42%)]	Loss: 0.069434
Train Epoch: 4 [30000/60000 (50%)]	Loss: 0.035252
Train Epoch: 4 [35000/60000 (58%)]	Loss: 0.082559
Train Epoch: 4 [40000/60000 (67%)]	Loss: 0.085317
Train Epoch: 4 [45000/60000 (75%)]	Loss: 0.084680
Train Epoch: 4 [50000/60000 (83%)]	Loss: 0.064210
Train Epoch: 4 [55000/60000 (92%)]	Loss: 0.061680
Train Epoch: 4 [60000/60000 (100%)]	Loss: 0.033031

Average Training loss: 0.0016, Training Error Rate: 9.14% (5483/60000)


Average Test loss: 0.0001, Test Error Rate: 8.21% (821/10000)

Train Epoch: 5 [5000/60000 (8%)]	Loss: 0.106645
Train Epoch: 5 [10000/60000 (17%)]	Loss: 0.046328
Train Epoch: 5 [15000/60000 (25%)]	Loss: 0.088995
Train Epoch: 5 [20000/60000 (33%)]	Loss: 0.084356
Train Epoch: 5 [25000/60000 (42%)]	Loss: 0.075846
Train Epoch: 5 [30000/60000 (50%)]	Loss: 0.071028
Train Epoch: 5 [35000/60000 (58%)]	Loss: 0.084121
Train Epoch: 5 [40000/60000 (67%)]	Loss: 0.081982
Train Epoch: 5 [45000/60000 (75%)]	Loss: 0.077202
Train Epoch: 5 [50000/60000 (83%)]	Loss: 0.067249
Train Epoch: 5 [55000/60000 (92%)]	Loss: 0.045592
Train Epoch: 5 [60000/60000 (100%)]	Loss: 0.091174

Average Training loss: 0.0015, Training Error Rate: 8.62% (5172/60000)


Average Test loss: 0.0001, Test Error Rate: 7.93% (793/10000)

Train Epoch: 6 [5000/60000 (8%)]	Loss: 0.113000
Train Epoch: 6 [10000/60000 (17%)]	Loss: 0.076814
Train Epoch: 6 [15000/60000 (25%)]	Loss: 0.022129
Train Epoch: 6 [20000/60000 (33%)]	Loss: 0.068673
Train Epoch: 6 [25000/60000 (42%)]	Loss: 0.081803
Train Epoch: 6 [30000/60000 (50%)]	Loss: 0.032499
Train Epoch: 6 [35000/60000 (58%)]	Loss: 0.048473
Train Epoch: 6 [40000/60000 (67%)]	Loss: 0.048483
Train Epoch: 6 [45000/60000 (75%)]	Loss: 0.084918
Train Epoch: 6 [50000/60000 (83%)]	Loss: 0.092526
Train Epoch: 6 [55000/60000 (92%)]	Loss: 0.077773
Train Epoch: 6 [60000/60000 (100%)]	Loss: 0.062981

Average Training loss: 0.0014, Training Error Rate: 8.14% (4884/60000)


Average Test loss: 0.0001, Test Error Rate: 7.57% (757/10000)

Train Epoch: 7 [5000/60000 (8%)]	Loss: 0.051899
Train Epoch: 7 [10000/60000 (17%)]	Loss: 0.042801
Train Epoch: 7 [15000/60000 (25%)]	Loss: 0.076816
Train Epoch: 7 [20000/60000 (33%)]	Loss: 0.087135
Train Epoch: 7 [25000/60000 (42%)]	Loss: 0.061118
Train Epoch: 7 [30000/60000 (50%)]	Loss: 0.035357
Train Epoch: 7 [35000/60000 (58%)]	Loss: 0.013480
Train Epoch: 7 [40000/60000 (67%)]	Loss: 0.071225
Train Epoch: 7 [45000/60000 (75%)]	Loss: 0.033456
Train Epoch: 7 [50000/60000 (83%)]	Loss: 0.096054
Train Epoch: 7 [55000/60000 (92%)]	Loss: 0.044179
Train Epoch: 7 [60000/60000 (100%)]	Loss: 0.113952

Average Training loss: 0.0013, Training Error Rate: 7.78% (4668/60000)


Average Test loss: 0.0001, Test Error Rate: 7.20% (720/10000)

Train Epoch: 8 [5000/60000 (8%)]	Loss: 0.056892
Train Epoch: 8 [10000/60000 (17%)]	Loss: 0.079122
Train Epoch: 8 [15000/60000 (25%)]	Loss: 0.072738
Train Epoch: 8 [20000/60000 (33%)]	Loss: 0.076015
Train Epoch: 8 [25000/60000 (42%)]	Loss: 0.061464
Train Epoch: 8 [30000/60000 (50%)]	Loss: 0.045727
Train Epoch: 8 [35000/60000 (58%)]	Loss: 0.010555
Train Epoch: 8 [40000/60000 (67%)]	Loss: 0.059598
Train Epoch: 8 [45000/60000 (75%)]	Loss: 0.066544
Train Epoch: 8 [50000/60000 (83%)]	Loss: 0.061363
Train Epoch: 8 [55000/60000 (92%)]	Loss: 0.070592
Train Epoch: 8 [60000/60000 (100%)]	Loss: 0.034647

Average Training loss: 0.0012, Training Error Rate: 7.46% (4478/60000)


Average Test loss: 0.0001, Test Error Rate: 7.03% (703/10000)

Train Epoch: 9 [5000/60000 (8%)]	Loss: 0.077033
Train Epoch: 9 [10000/60000 (17%)]	Loss: 0.059433
Train Epoch: 9 [15000/60000 (25%)]	Loss: 0.057871
Train Epoch: 9 [20000/60000 (33%)]	Loss: 0.057360
Train Epoch: 9 [25000/60000 (42%)]	Loss: 0.052419
Train Epoch: 9 [30000/60000 (50%)]	Loss: 0.063279
Train Epoch: 9 [35000/60000 (58%)]	Loss: 0.057083
Train Epoch: 9 [40000/60000 (67%)]	Loss: 0.046884
Train Epoch: 9 [45000/60000 (75%)]	Loss: 0.065992
Train Epoch: 9 [50000/60000 (83%)]	Loss: 0.065060
Train Epoch: 9 [55000/60000 (92%)]	Loss: 0.070033
Train Epoch: 9 [60000/60000 (100%)]	Loss: 0.034845

Average Training loss: 0.0012, Training Error Rate: 7.11% (4264/60000)


Average Test loss: 0.0001, Test Error Rate: 6.72% (672/10000)

Train Epoch: 10 [5000/60000 (8%)]	Loss: 0.052012
Train Epoch: 10 [10000/60000 (17%)]	Loss: 0.041692
Train Epoch: 10 [15000/60000 (25%)]	Loss: 0.028670
Train Epoch: 10 [20000/60000 (33%)]	Loss: 0.045167
Train Epoch: 10 [25000/60000 (42%)]	Loss: 0.030825
Train Epoch: 10 [30000/60000 (50%)]	Loss: 0.049964
Train Epoch: 10 [35000/60000 (58%)]	Loss: 0.041135
Train Epoch: 10 [40000/60000 (67%)]	Loss: 0.076865
Train Epoch: 10 [45000/60000 (75%)]	Loss: 0.026026
Train Epoch: 10 [50000/60000 (83%)]	Loss: 0.088489
Train Epoch: 10 [55000/60000 (92%)]	Loss: 0.047814
Train Epoch: 10 [60000/60000 (100%)]	Loss: 0.019974

Average Training loss: 0.0011, Training Error Rate: 6.83% (4095/60000)


Average Test loss: 0.0001, Test Error Rate: 6.48% (648/10000)

Train Epoch: 11 [5000/60000 (8%)]	Loss: 0.050696
Train Epoch: 11 [10000/60000 (17%)]	Loss: 0.046225
Train Epoch: 11 [15000/60000 (25%)]	Loss: 0.060866
Train Epoch: 11 [20000/60000 (33%)]	Loss: 0.068080
Train Epoch: 11 [25000/60000 (42%)]	Loss: 0.061272
Train Epoch: 11 [30000/60000 (50%)]	Loss: 0.033045
Train Epoch: 11 [35000/60000 (58%)]	Loss: 0.115100
Train Epoch: 11 [40000/60000 (67%)]	Loss: 0.084016
Train Epoch: 11 [45000/60000 (75%)]	Loss: 0.054716
Train Epoch: 11 [50000/60000 (83%)]	Loss: 0.024141
Train Epoch: 11 [55000/60000 (92%)]	Loss: 0.063761
Train Epoch: 11 [60000/60000 (100%)]	Loss: 0.064625

Average Training loss: 0.0011, Training Error Rate: 6.63% (3980/60000)


Average Test loss: 0.0001, Test Error Rate: 6.43% (643/10000)

Train Epoch: 12 [5000/60000 (8%)]	Loss: 0.060349
Train Epoch: 12 [10000/60000 (17%)]	Loss: 0.065499
Train Epoch: 12 [15000/60000 (25%)]	Loss: 0.052634
Train Epoch: 12 [20000/60000 (33%)]	Loss: 0.053677
Train Epoch: 12 [25000/60000 (42%)]	Loss: 0.064746
Train Epoch: 12 [30000/60000 (50%)]	Loss: 0.127034
Train Epoch: 12 [35000/60000 (58%)]	Loss: 0.091548
Train Epoch: 12 [40000/60000 (67%)]	Loss: 0.064634
Train Epoch: 12 [45000/60000 (75%)]	Loss: 0.045324
Train Epoch: 12 [50000/60000 (83%)]	Loss: 0.049479
Train Epoch: 12 [55000/60000 (92%)]	Loss: 0.083581
Train Epoch: 12 [60000/60000 (100%)]	Loss: 0.072919

Average Training loss: 0.0011, Training Error Rate: 6.44% (3864/60000)


Average Test loss: 0.0001, Test Error Rate: 6.38% (638/10000)

Train Epoch: 13 [5000/60000 (8%)]	Loss: 0.046593
Train Epoch: 13 [10000/60000 (17%)]	Loss: 0.050981
Train Epoch: 13 [15000/60000 (25%)]	Loss: 0.016219
Train Epoch: 13 [20000/60000 (33%)]	Loss: 0.016617
Train Epoch: 13 [25000/60000 (42%)]	Loss: 0.049253
Train Epoch: 13 [30000/60000 (50%)]	Loss: 0.016109
Train Epoch: 13 [35000/60000 (58%)]	Loss: 0.052399
Train Epoch: 13 [40000/60000 (67%)]	Loss: 0.043365
Train Epoch: 13 [45000/60000 (75%)]	Loss: 0.061314
Train Epoch: 13 [50000/60000 (83%)]	Loss: 0.029602
Train Epoch: 13 [55000/60000 (92%)]	Loss: 0.078886
Train Epoch: 13 [60000/60000 (100%)]	Loss: 0.045206

Average Training loss: 0.0011, Training Error Rate: 6.30% (3783/60000)


Average Test loss: 0.0001, Test Error Rate: 6.21% (621/10000)

Train Epoch: 14 [5000/60000 (8%)]	Loss: 0.032595
Train Epoch: 14 [10000/60000 (17%)]	Loss: 0.013643
Train Epoch: 14 [15000/60000 (25%)]	Loss: 0.058500
Train Epoch: 14 [20000/60000 (33%)]	Loss: 0.058413
Train Epoch: 14 [25000/60000 (42%)]	Loss: 0.045759
Train Epoch: 14 [30000/60000 (50%)]	Loss: 0.062969
Train Epoch: 14 [35000/60000 (58%)]	Loss: 0.062887
Train Epoch: 14 [40000/60000 (67%)]	Loss: 0.073537
Train Epoch: 14 [45000/60000 (75%)]	Loss: 0.036004
Train Epoch: 14 [50000/60000 (83%)]	Loss: 0.028701
Train Epoch: 14 [55000/60000 (92%)]	Loss: 0.055777
Train Epoch: 14 [60000/60000 (100%)]	Loss: 0.059114

Average Training loss: 0.0010, Training Error Rate: 6.06% (3634/60000)


Average Test loss: 0.0001, Test Error Rate: 6.24% (624/10000)

Train Epoch: 15 [5000/60000 (8%)]	Loss: 0.025606
Train Epoch: 15 [10000/60000 (17%)]	Loss: 0.014244
Train Epoch: 15 [15000/60000 (25%)]	Loss: 0.066948
Train Epoch: 15 [20000/60000 (33%)]	Loss: 0.079351
Train Epoch: 15 [25000/60000 (42%)]	Loss: 0.093077
Train Epoch: 15 [30000/60000 (50%)]	Loss: 0.029363
Train Epoch: 15 [35000/60000 (58%)]	Loss: 0.065975
Train Epoch: 15 [40000/60000 (67%)]	Loss: 0.084637
Train Epoch: 15 [45000/60000 (75%)]	Loss: 0.018413
Train Epoch: 15 [50000/60000 (83%)]	Loss: 0.042461
Train Epoch: 15 [55000/60000 (92%)]	Loss: 0.043088
Train Epoch: 15 [60000/60000 (100%)]	Loss: 0.022242

Average Training loss: 0.0010, Training Error Rate: 6.00% (3602/60000)


Average Test loss: 0.0001, Test Error Rate: 6.31% (631/10000)

Train Epoch: 16 [5000/60000 (8%)]	Loss: 0.031926
Train Epoch: 16 [10000/60000 (17%)]	Loss: 0.060407
Train Epoch: 16 [15000/60000 (25%)]	Loss: 0.061344
Train Epoch: 16 [20000/60000 (33%)]	Loss: 0.036214
Train Epoch: 16 [25000/60000 (42%)]	Loss: 0.029294
Train Epoch: 16 [30000/60000 (50%)]	Loss: 0.041947
Train Epoch: 16 [35000/60000 (58%)]	Loss: 0.080348
Train Epoch: 16 [40000/60000 (67%)]	Loss: 0.066226
Train Epoch: 16 [45000/60000 (75%)]	Loss: 0.027905
Train Epoch: 16 [50000/60000 (83%)]	Loss: 0.060358
Train Epoch: 16 [55000/60000 (92%)]	Loss: 0.029839
Train Epoch: 16 [60000/60000 (100%)]	Loss: 0.090045

Average Training loss: 0.0010, Training Error Rate: 5.90% (3539/60000)


Average Test loss: 0.0001, Test Error Rate: 6.42% (642/10000)

Train Epoch: 17 [5000/60000 (8%)]	Loss: 0.066250
Train Epoch: 17 [10000/60000 (17%)]	Loss: 0.040492
Train Epoch: 17 [15000/60000 (25%)]	Loss: 0.060066
Train Epoch: 17 [20000/60000 (33%)]	Loss: 0.057542
Train Epoch: 17 [25000/60000 (42%)]	Loss: 0.008702
Train Epoch: 17 [30000/60000 (50%)]	Loss: 0.017531
Train Epoch: 17 [35000/60000 (58%)]	Loss: 0.051349
Train Epoch: 17 [40000/60000 (67%)]	Loss: 0.044317
Train Epoch: 17 [45000/60000 (75%)]	Loss: 0.037966
Train Epoch: 17 [50000/60000 (83%)]	Loss: 0.029075
Train Epoch: 17 [55000/60000 (92%)]	Loss: 0.000738
Train Epoch: 17 [60000/60000 (100%)]	Loss: 0.036760

Average Training loss: 0.0010, Training Error Rate: 5.88% (3529/60000)


Average Test loss: 0.0001, Test Error Rate: 6.34% (634/10000)

Train Epoch: 18 [5000/60000 (8%)]	Loss: 0.050159
Train Epoch: 18 [10000/60000 (17%)]	Loss: 0.036593
Train Epoch: 18 [15000/60000 (25%)]	Loss: 0.086084
Train Epoch: 18 [20000/60000 (33%)]	Loss: 0.015567
Train Epoch: 18 [25000/60000 (42%)]	Loss: 0.022901
Train Epoch: 18 [30000/60000 (50%)]	Loss: 0.104653
Train Epoch: 18 [35000/60000 (58%)]	Loss: 0.035459
Train Epoch: 18 [40000/60000 (67%)]	Loss: 0.064440
Train Epoch: 18 [45000/60000 (75%)]	Loss: 0.056933
Train Epoch: 18 [50000/60000 (83%)]	Loss: 0.049398
Train Epoch: 18 [55000/60000 (92%)]	Loss: 0.063883
Train Epoch: 18 [60000/60000 (100%)]	Loss: 0.054038

Average Training loss: 0.0010, Training Error Rate: 5.78% (3466/60000)


Average Test loss: 0.0001, Test Error Rate: 6.19% (619/10000)

Train Epoch: 19 [5000/60000 (8%)]	Loss: 0.064097
Train Epoch: 19 [10000/60000 (17%)]	Loss: 0.087815
Train Epoch: 19 [15000/60000 (25%)]	Loss: 0.035273
Train Epoch: 19 [20000/60000 (33%)]	Loss: 0.096069
Train Epoch: 19 [25000/60000 (42%)]	Loss: 0.058119
Train Epoch: 19 [30000/60000 (50%)]	Loss: 0.054388
Train Epoch: 19 [35000/60000 (58%)]	Loss: 0.067790
Train Epoch: 19 [40000/60000 (67%)]	Loss: 0.056580
Train Epoch: 19 [45000/60000 (75%)]	Loss: 0.098964
Train Epoch: 19 [50000/60000 (83%)]	Loss: 0.034002
Train Epoch: 19 [55000/60000 (92%)]	Loss: 0.062051
Train Epoch: 19 [60000/60000 (100%)]	Loss: 0.018565

Average Training loss: 0.0010, Training Error Rate: 5.85% (3509/60000)


Average Test loss: 0.0001, Test Error Rate: 6.20% (620/10000)

Train Epoch: 20 [5000/60000 (8%)]	Loss: 0.055627
Train Epoch: 20 [10000/60000 (17%)]	Loss: 0.047415
Train Epoch: 20 [15000/60000 (25%)]	Loss: 0.074068
Train Epoch: 20 [20000/60000 (33%)]	Loss: 0.088863
Train Epoch: 20 [25000/60000 (42%)]	Loss: 0.050101
Train Epoch: 20 [30000/60000 (50%)]	Loss: 0.051614
Train Epoch: 20 [35000/60000 (58%)]	Loss: 0.035314
Train Epoch: 20 [40000/60000 (67%)]	Loss: 0.089441
Train Epoch: 20 [45000/60000 (75%)]	Loss: 0.060558
Train Epoch: 20 [50000/60000 (83%)]	Loss: 0.059624
Train Epoch: 20 [55000/60000 (92%)]	Loss: 0.078985
Train Epoch: 20 [60000/60000 (100%)]	Loss: 0.051638

Average Training loss: 0.0011, Training Error Rate: 5.96% (3577/60000)


Average Test loss: 0.0001, Test Error Rate: 6.57% (657/10000)

Train Epoch: 21 [5000/60000 (8%)]	Loss: 0.038755
Train Epoch: 21 [10000/60000 (17%)]	Loss: 0.078289
Train Epoch: 21 [15000/60000 (25%)]	Loss: 0.163086
Train Epoch: 21 [20000/60000 (33%)]	Loss: 0.096756
Train Epoch: 21 [25000/60000 (42%)]	Loss: 0.049565
Train Epoch: 21 [30000/60000 (50%)]	Loss: 0.057220
Train Epoch: 21 [35000/60000 (58%)]	Loss: 0.103509
Train Epoch: 21 [40000/60000 (67%)]	Loss: 0.126477
Train Epoch: 21 [45000/60000 (75%)]	Loss: 0.160223
Train Epoch: 21 [50000/60000 (83%)]	Loss: 0.070937
Train Epoch: 21 [55000/60000 (92%)]	Loss: 0.064491
Train Epoch: 21 [60000/60000 (100%)]	Loss: 0.078279

Average Training loss: 0.0016, Training Error Rate: 7.03% (4215/60000)


Average Test loss: 0.0001, Test Error Rate: 7.34% (734/10000)

Train Epoch: 22 [5000/60000 (8%)]	Loss: 0.080339
Train Epoch: 22 [10000/60000 (17%)]	Loss: 0.040788
Train Epoch: 22 [15000/60000 (25%)]	Loss: 0.074258
Train Epoch: 22 [20000/60000 (33%)]	Loss: 0.044900
Train Epoch: 22 [25000/60000 (42%)]	Loss: 0.050848
Train Epoch: 22 [30000/60000 (50%)]	Loss: 0.051618
Train Epoch: 22 [35000/60000 (58%)]	Loss: 0.102923
Train Epoch: 22 [40000/60000 (67%)]	Loss: 0.103663
Train Epoch: 22 [45000/60000 (75%)]	Loss: 0.050792
Train Epoch: 22 [50000/60000 (83%)]	Loss: 0.077517
Train Epoch: 22 [55000/60000 (92%)]	Loss: 0.029192
Train Epoch: 22 [60000/60000 (100%)]	Loss: 0.067863

Average Training loss: 0.0014, Training Error Rate: 6.76% (4057/60000)


Average Test loss: 0.0001, Test Error Rate: 6.85% (685/10000)

Train Epoch: 23 [5000/60000 (8%)]	Loss: 0.086533
Train Epoch: 23 [10000/60000 (17%)]	Loss: 0.156640
Train Epoch: 23 [15000/60000 (25%)]	Loss: 0.097286
Train Epoch: 23 [20000/60000 (33%)]	Loss: 0.058941
Train Epoch: 23 [25000/60000 (42%)]	Loss: 0.032587
Train Epoch: 23 [30000/60000 (50%)]	Loss: 0.039409
Train Epoch: 23 [35000/60000 (58%)]	Loss: 0.112177
Train Epoch: 23 [40000/60000 (67%)]	Loss: 0.156961
Train Epoch: 23 [45000/60000 (75%)]	Loss: 0.139844
Train Epoch: 23 [50000/60000 (83%)]	Loss: 0.188117
Train Epoch: 23 [55000/60000 (92%)]	Loss: 0.194551
Train Epoch: 23 [60000/60000 (100%)]	Loss: 0.204383

Average Training loss: 0.0021, Training Error Rate: 10.21% (6125/60000)


Average Test loss: 0.0002, Test Error Rate: 14.58% (1458/10000)

Train Epoch: 24 [5000/60000 (8%)]	Loss: 0.115524
Train Epoch: 24 [10000/60000 (17%)]	Loss: 0.114320
Train Epoch: 24 [15000/60000 (25%)]	Loss: 0.107133
Train Epoch: 24 [20000/60000 (33%)]	Loss: 0.086323
Train Epoch: 24 [25000/60000 (42%)]	Loss: 0.134384
Train Epoch: 24 [30000/60000 (50%)]	Loss: 0.154128
Train Epoch: 24 [35000/60000 (58%)]	Loss: 0.166902
Train Epoch: 24 [40000/60000 (67%)]	Loss: 0.182314
Train Epoch: 24 [45000/60000 (75%)]	Loss: 0.311830
Train Epoch: 24 [50000/60000 (83%)]	Loss: 0.188031
Train Epoch: 24 [55000/60000 (92%)]	Loss: 0.169343
Train Epoch: 24 [60000/60000 (100%)]	Loss: 0.387476

Average Training loss: 0.0035, Training Error Rate: 15.12% (9071/60000)


Average Test loss: 0.0004, Test Error Rate: 31.03% (3103/10000)

Train Epoch: 25 [5000/60000 (8%)]	Loss: 0.470229
Train Epoch: 25 [10000/60000 (17%)]	Loss: 0.492370
Train Epoch: 25 [15000/60000 (25%)]	Loss: 0.485336
Train Epoch: 25 [20000/60000 (33%)]	Loss: 0.492870
Train Epoch: 25 [25000/60000 (42%)]	Loss: 0.553609
Train Epoch: 25 [30000/60000 (50%)]	Loss: 0.519327
Train Epoch: 25 [35000/60000 (58%)]	Loss: 0.497189
Train Epoch: 25 [40000/60000 (67%)]	Loss: 0.510058
Train Epoch: 25 [45000/60000 (75%)]	Loss: 0.516847
Train Epoch: 25 [50000/60000 (83%)]	Loss: 0.532541
Train Epoch: 25 [55000/60000 (92%)]	Loss: 0.537872
Train Epoch: 25 [60000/60000 (100%)]	Loss: 0.522306

Average Training loss: 0.0102, Training Error Rate: 35.69% (21411/60000)


Average Test loss: 0.0005, Test Error Rate: 36.57% (3657/10000)

Train Epoch: 26 [5000/60000 (8%)]	Loss: 0.498520
Train Epoch: 26 [10000/60000 (17%)]	Loss: 0.526636
Train Epoch: 26 [15000/60000 (25%)]	Loss: 0.567121
Train Epoch: 26 [20000/60000 (33%)]	Loss: 0.528247
Train Epoch: 26 [25000/60000 (42%)]	Loss: 0.541974
Train Epoch: 26 [30000/60000 (50%)]	Loss: 0.504544
Train Epoch: 26 [35000/60000 (58%)]	Loss: 0.645475
Train Epoch: 26 [40000/60000 (67%)]	Loss: 0.572367
Train Epoch: 26 [45000/60000 (75%)]	Loss: 0.553922
Train Epoch: 26 [50000/60000 (83%)]	Loss: 0.708771
Train Epoch: 26 [55000/60000 (92%)]	Loss: 0.767308
Train Epoch: 26 [60000/60000 (100%)]	Loss: 0.733081

Average Training loss: 0.0116, Training Error Rate: 36.84% (22105/60000)


Average Test loss: 0.0007, Test Error Rate: 35.56% (3556/10000)

Train Epoch: 27 [5000/60000 (8%)]	Loss: 0.751445
Train Epoch: 27 [10000/60000 (17%)]	Loss: 0.841364
Train Epoch: 27 [15000/60000 (25%)]	Loss: 0.739521
Train Epoch: 27 [20000/60000 (33%)]	Loss: 0.704602
Train Epoch: 27 [25000/60000 (42%)]	Loss: 0.764514
Train Epoch: 27 [30000/60000 (50%)]	Loss: 0.753814
Train Epoch: 27 [35000/60000 (58%)]	Loss: 0.792968
Train Epoch: 27 [40000/60000 (67%)]	Loss: 0.796350
Train Epoch: 27 [45000/60000 (75%)]	Loss: 0.726587
Train Epoch: 27 [50000/60000 (83%)]	Loss: 0.670975
Train Epoch: 27 [55000/60000 (92%)]	Loss: 0.623649
Train Epoch: 27 [60000/60000 (100%)]	Loss: 0.669291

Average Training loss: 0.0152, Training Error Rate: 32.77% (19661/60000)


Average Test loss: 0.0007, Test Error Rate: 28.87% (2887/10000)

Train Epoch: 28 [5000/60000 (8%)]	Loss: 0.661645
Train Epoch: 28 [10000/60000 (17%)]	Loss: 0.715074
Train Epoch: 28 [15000/60000 (25%)]	Loss: 0.621857
Train Epoch: 28 [20000/60000 (33%)]	Loss: 0.602250
Train Epoch: 28 [25000/60000 (42%)]	Loss: 0.719202
Train Epoch: 28 [30000/60000 (50%)]	Loss: 0.537982
Train Epoch: 28 [35000/60000 (58%)]	Loss: 0.647412
Train Epoch: 28 [40000/60000 (67%)]	Loss: 0.578074
Train Epoch: 28 [45000/60000 (75%)]	Loss: 0.589106
Train Epoch: 28 [50000/60000 (83%)]	Loss: 0.578620
Train Epoch: 28 [55000/60000 (92%)]	Loss: 0.509551
Train Epoch: 28 [60000/60000 (100%)]	Loss: 0.535673

Average Training loss: 0.0122, Training Error Rate: 28.33% (16996/60000)


Average Test loss: 0.0005, Test Error Rate: 26.02% (2602/10000)

Train Epoch: 29 [5000/60000 (8%)]	Loss: 0.478843
Train Epoch: 29 [10000/60000 (17%)]	Loss: 0.571712
Train Epoch: 29 [15000/60000 (25%)]	Loss: 0.628189
Train Epoch: 29 [20000/60000 (33%)]	Loss: 0.573008
Train Epoch: 29 [25000/60000 (42%)]	Loss: 0.514152
Train Epoch: 29 [30000/60000 (50%)]	Loss: 0.577968
Train Epoch: 29 [35000/60000 (58%)]	Loss: 0.563254
Train Epoch: 29 [40000/60000 (67%)]	Loss: 0.496128
Train Epoch: 29 [45000/60000 (75%)]	Loss: 0.528310
Train Epoch: 29 [50000/60000 (83%)]	Loss: 0.542365
Train Epoch: 29 [55000/60000 (92%)]	Loss: 0.535898
Train Epoch: 29 [60000/60000 (100%)]	Loss: 0.687201

Average Training loss: 0.0111, Training Error Rate: 27.75% (16649/60000)


Average Test loss: 0.0006, Test Error Rate: 28.52% (2852/10000)

Train Epoch: 30 [5000/60000 (8%)]	Loss: 0.485388
Train Epoch: 30 [10000/60000 (17%)]	Loss: 0.536895
Train Epoch: 30 [15000/60000 (25%)]	Loss: 0.503053
Train Epoch: 30 [20000/60000 (33%)]	Loss: 0.615917
Train Epoch: 30 [25000/60000 (42%)]	Loss: 0.582266
Train Epoch: 30 [30000/60000 (50%)]	Loss: 0.577772
Train Epoch: 30 [35000/60000 (58%)]	Loss: 0.613638
Train Epoch: 30 [40000/60000 (67%)]	Loss: 0.605003
Train Epoch: 30 [45000/60000 (75%)]	Loss: 0.583352
Train Epoch: 30 [50000/60000 (83%)]	Loss: 0.560828
Train Epoch: 30 [55000/60000 (92%)]	Loss: 0.568413
Train Epoch: 30 [60000/60000 (100%)]	Loss: 0.551976

Average Training loss: 0.0115, Training Error Rate: 28.44% (17066/60000)


Average Test loss: 0.0006, Test Error Rate: 27.74% (2774/10000)

Train Epoch: 31 [5000/60000 (8%)]	Loss: 0.547083
Train Epoch: 31 [10000/60000 (17%)]	Loss: 0.625507
Train Epoch: 31 [15000/60000 (25%)]	Loss: 0.616944
Train Epoch: 31 [20000/60000 (33%)]	Loss: 0.581787
Train Epoch: 31 [25000/60000 (42%)]	Loss: 0.619209
Train Epoch: 31 [30000/60000 (50%)]	Loss: 0.538083
Train Epoch: 31 [35000/60000 (58%)]	Loss: 0.606937
Train Epoch: 31 [40000/60000 (67%)]	Loss: 0.605567
Train Epoch: 31 [45000/60000 (75%)]	Loss: 0.591495
Train Epoch: 31 [50000/60000 (83%)]	Loss: 0.556422
Train Epoch: 31 [55000/60000 (92%)]	Loss: 0.551110
Train Epoch: 31 [60000/60000 (100%)]	Loss: 0.552378

Average Training loss: 0.0115, Training Error Rate: 27.94% (16764/60000)


Average Test loss: 0.0006, Test Error Rate: 27.84% (2784/10000)

Train Epoch: 32 [5000/60000 (8%)]	Loss: 0.574056
Train Epoch: 32 [10000/60000 (17%)]	Loss: 0.506863
Train Epoch: 32 [15000/60000 (25%)]	Loss: 0.580195
Train Epoch: 32 [20000/60000 (33%)]	Loss: 0.531500
Train Epoch: 32 [25000/60000 (42%)]	Loss: 0.695470
Train Epoch: 32 [30000/60000 (50%)]	Loss: 0.545907
Train Epoch: 32 [35000/60000 (58%)]	Loss: 0.558009
Train Epoch: 32 [40000/60000 (67%)]	Loss: 0.617348
Train Epoch: 32 [45000/60000 (75%)]	Loss: 0.543757
Train Epoch: 32 [50000/60000 (83%)]	Loss: 0.676271
Train Epoch: 32 [55000/60000 (92%)]	Loss: 0.610192
Train Epoch: 32 [60000/60000 (100%)]	Loss: 0.602223

Average Training loss: 0.0115, Training Error Rate: 27.49% (16494/60000)


Average Test loss: 0.0006, Test Error Rate: 27.36% (2736/10000)

Train Epoch: 33 [5000/60000 (8%)]	Loss: 0.602570
Train Epoch: 33 [10000/60000 (17%)]	Loss: 0.543191
Train Epoch: 33 [15000/60000 (25%)]	Loss: 0.597193
Train Epoch: 33 [20000/60000 (33%)]	Loss: 0.601689
Train Epoch: 33 [25000/60000 (42%)]	Loss: 0.642436
Train Epoch: 33 [30000/60000 (50%)]	Loss: 0.578618
Train Epoch: 33 [35000/60000 (58%)]	Loss: 0.516794
Train Epoch: 33 [40000/60000 (67%)]	Loss: 0.518081
Train Epoch: 33 [45000/60000 (75%)]	Loss: 0.547178
Train Epoch: 33 [50000/60000 (83%)]	Loss: 0.591906
Train Epoch: 33 [55000/60000 (92%)]	Loss: 0.597593
Train Epoch: 33 [60000/60000 (100%)]	Loss: 0.578778

Average Training loss: 0.0115, Training Error Rate: 27.09% (16252/60000)


Average Test loss: 0.0006, Test Error Rate: 27.32% (2732/10000)

Train Epoch: 34 [5000/60000 (8%)]	Loss: 0.582264
Train Epoch: 34 [10000/60000 (17%)]	Loss: 0.592027
Train Epoch: 34 [15000/60000 (25%)]	Loss: 0.560302
Train Epoch: 34 [20000/60000 (33%)]	Loss: 0.639763
Train Epoch: 34 [25000/60000 (42%)]	Loss: 0.563574
Train Epoch: 34 [30000/60000 (50%)]	Loss: 0.544138
Train Epoch: 34 [35000/60000 (58%)]	Loss: 0.558507
Train Epoch: 34 [40000/60000 (67%)]	Loss: 0.610062
Train Epoch: 34 [45000/60000 (75%)]	Loss: 0.510698
Train Epoch: 34 [50000/60000 (83%)]	Loss: 0.544127
Train Epoch: 34 [55000/60000 (92%)]	Loss: 0.472294
Train Epoch: 34 [60000/60000 (100%)]	Loss: 0.544385

Average Training loss: 0.0112, Training Error Rate: 26.93% (16160/60000)


Average Test loss: 0.0005, Test Error Rate: 27.04% (2704/10000)

Train Epoch: 35 [5000/60000 (8%)]	Loss: 0.571614
Train Epoch: 35 [10000/60000 (17%)]	Loss: 0.551277
Train Epoch: 35 [15000/60000 (25%)]	Loss: 0.574034
Train Epoch: 35 [20000/60000 (33%)]	Loss: 0.551743
Train Epoch: 35 [25000/60000 (42%)]	Loss: 0.501750
Train Epoch: 35 [30000/60000 (50%)]	Loss: 0.448770
Train Epoch: 35 [35000/60000 (58%)]	Loss: 0.542445
Train Epoch: 35 [40000/60000 (67%)]	Loss: 0.608551
Train Epoch: 35 [45000/60000 (75%)]	Loss: 0.598416
Train Epoch: 35 [50000/60000 (83%)]	Loss: 0.583383
Train Epoch: 35 [55000/60000 (92%)]	Loss: 0.500883
Train Epoch: 35 [60000/60000 (100%)]	Loss: 0.459227

Average Training loss: 0.0109, Training Error Rate: 27.05% (16230/60000)


Average Test loss: 0.0005, Test Error Rate: 27.40% (2740/10000)

Train Epoch: 36 [5000/60000 (8%)]	Loss: 0.485619
Train Epoch: 36 [10000/60000 (17%)]	Loss: 0.616449
Train Epoch: 36 [15000/60000 (25%)]	Loss: 0.623706
Train Epoch: 36 [20000/60000 (33%)]	Loss: 0.565745
Train Epoch: 36 [25000/60000 (42%)]	Loss: 0.529522
Train Epoch: 36 [30000/60000 (50%)]	Loss: 0.458711
Train Epoch: 36 [35000/60000 (58%)]	Loss: 0.533747
Train Epoch: 36 [40000/60000 (67%)]	Loss: 0.489841
Train Epoch: 36 [45000/60000 (75%)]	Loss: 0.471038
Train Epoch: 36 [50000/60000 (83%)]	Loss: 0.496892
Train Epoch: 36 [55000/60000 (92%)]	Loss: 0.527204
Train Epoch: 36 [60000/60000 (100%)]	Loss: 0.571554

Average Training loss: 0.0108, Training Error Rate: 27.15% (16291/60000)


Average Test loss: 0.0005, Test Error Rate: 27.88% (2788/10000)

Train Epoch: 37 [5000/60000 (8%)]	Loss: 0.495698
Train Epoch: 37 [10000/60000 (17%)]	Loss: 0.502241
Train Epoch: 37 [15000/60000 (25%)]	Loss: 0.577286
Train Epoch: 37 [20000/60000 (33%)]	Loss: 0.503526
Train Epoch: 37 [25000/60000 (42%)]	Loss: 0.434835
Train Epoch: 37 [30000/60000 (50%)]	Loss: 0.581588
Train Epoch: 37 [35000/60000 (58%)]	Loss: 0.514161
Train Epoch: 37 [40000/60000 (67%)]	Loss: 0.568112
Train Epoch: 37 [45000/60000 (75%)]	Loss: 0.448557
Train Epoch: 37 [50000/60000 (83%)]	Loss: 0.569167
Train Epoch: 37 [55000/60000 (92%)]	Loss: 0.544331
Train Epoch: 37 [60000/60000 (100%)]	Loss: 0.574801

Average Training loss: 0.0107, Training Error Rate: 27.09% (16252/60000)


Average Test loss: 0.0005, Test Error Rate: 27.83% (2783/10000)

Train Epoch: 38 [5000/60000 (8%)]	Loss: 0.611476
Train Epoch: 38 [10000/60000 (17%)]	Loss: 0.548696
Train Epoch: 38 [15000/60000 (25%)]	Loss: 0.506999
Train Epoch: 38 [20000/60000 (33%)]	Loss: 0.538239
Train Epoch: 38 [25000/60000 (42%)]	Loss: 0.544325
Train Epoch: 38 [30000/60000 (50%)]	Loss: 0.607564
Train Epoch: 38 [35000/60000 (58%)]	Loss: 0.442382
Train Epoch: 38 [40000/60000 (67%)]	Loss: 0.473637
Train Epoch: 38 [45000/60000 (75%)]	Loss: 0.617118
Train Epoch: 38 [50000/60000 (83%)]	Loss: 0.596425
Train Epoch: 38 [55000/60000 (92%)]	Loss: 0.455263
Train Epoch: 38 [60000/60000 (100%)]	Loss: 0.555451

Average Training loss: 0.0108, Training Error Rate: 27.07% (16239/60000)


Average Test loss: 0.0006, Test Error Rate: 27.16% (2716/10000)

Train Epoch: 39 [5000/60000 (8%)]	Loss: 0.541661
Train Epoch: 39 [10000/60000 (17%)]	Loss: 0.577033
Train Epoch: 39 [15000/60000 (25%)]	Loss: 0.476612
Train Epoch: 39 [20000/60000 (33%)]	Loss: 0.605551
Train Epoch: 39 [25000/60000 (42%)]	Loss: 0.488814
Train Epoch: 39 [30000/60000 (50%)]	Loss: 0.521127
Train Epoch: 39 [35000/60000 (58%)]	Loss: 0.482136
Train Epoch: 39 [40000/60000 (67%)]	Loss: 0.534657
Train Epoch: 39 [45000/60000 (75%)]	Loss: 0.457636
Train Epoch: 39 [50000/60000 (83%)]	Loss: 0.472077
Train Epoch: 39 [55000/60000 (92%)]	Loss: 0.628169
Train Epoch: 39 [60000/60000 (100%)]	Loss: 0.548306

Average Training loss: 0.0108, Training Error Rate: 26.76% (16056/60000)


Average Test loss: 0.0006, Test Error Rate: 26.72% (2672/10000)

Train Epoch: 40 [5000/60000 (8%)]	Loss: 0.501799
Train Epoch: 40 [10000/60000 (17%)]	Loss: 0.452543
Train Epoch: 40 [15000/60000 (25%)]	Loss: 0.555954
Train Epoch: 40 [20000/60000 (33%)]	Loss: 0.527235
Train Epoch: 40 [25000/60000 (42%)]	Loss: 0.583335
Train Epoch: 40 [30000/60000 (50%)]	Loss: 0.598899
Train Epoch: 40 [35000/60000 (58%)]	Loss: 0.507786
Train Epoch: 40 [40000/60000 (67%)]	Loss: 0.538804
Train Epoch: 40 [45000/60000 (75%)]	Loss: 0.589701
Train Epoch: 40 [50000/60000 (83%)]	Loss: 0.541880
Train Epoch: 40 [55000/60000 (92%)]	Loss: 0.673238
Train Epoch: 40 [60000/60000 (100%)]	Loss: 0.556483

Average Training loss: 0.0107, Training Error Rate: 26.61% (15965/60000)


Average Test loss: 0.0005, Test Error Rate: 26.57% (2657/10000)

Train Epoch: 41 [5000/60000 (8%)]	Loss: 0.507513
Train Epoch: 41 [10000/60000 (17%)]	Loss: 0.524332
Train Epoch: 41 [15000/60000 (25%)]	Loss: 0.545082
Train Epoch: 41 [20000/60000 (33%)]	Loss: 0.552466
Train Epoch: 41 [25000/60000 (42%)]	Loss: 0.602650
Train Epoch: 41 [30000/60000 (50%)]	Loss: 0.469407
Train Epoch: 41 [35000/60000 (58%)]	Loss: 0.547684
Train Epoch: 41 [40000/60000 (67%)]	Loss: 0.595100
Train Epoch: 41 [45000/60000 (75%)]	Loss: 0.496047
Train Epoch: 41 [50000/60000 (83%)]	Loss: 0.441877
Train Epoch: 41 [55000/60000 (92%)]	Loss: 0.505885
Train Epoch: 41 [60000/60000 (100%)]	Loss: 0.560356

Average Training loss: 0.0108, Training Error Rate: 26.47% (15881/60000)


Average Test loss: 0.0005, Test Error Rate: 26.65% (2665/10000)

Train Epoch: 42 [5000/60000 (8%)]	Loss: 0.455106
Train Epoch: 42 [10000/60000 (17%)]	Loss: 0.491098
Train Epoch: 42 [15000/60000 (25%)]	Loss: 0.507582
Train Epoch: 42 [20000/60000 (33%)]	Loss: 0.471993
Train Epoch: 42 [25000/60000 (42%)]	Loss: 0.636657
Train Epoch: 42 [30000/60000 (50%)]	Loss: 0.564425
Train Epoch: 42 [35000/60000 (58%)]	Loss: 0.557909
Train Epoch: 42 [40000/60000 (67%)]	Loss: 0.517379
Train Epoch: 42 [45000/60000 (75%)]	Loss: 0.540557
Train Epoch: 42 [50000/60000 (83%)]	Loss: 0.526012
Train Epoch: 42 [55000/60000 (92%)]	Loss: 0.591932
Train Epoch: 42 [60000/60000 (100%)]	Loss: 0.548268

Average Training loss: 0.0108, Training Error Rate: 26.28% (15767/60000)


Average Test loss: 0.0005, Test Error Rate: 26.09% (2609/10000)

Train Epoch: 43 [5000/60000 (8%)]	Loss: 0.514317
Train Epoch: 43 [10000/60000 (17%)]	Loss: 0.506737
Train Epoch: 43 [15000/60000 (25%)]	Loss: 0.584186
Train Epoch: 43 [20000/60000 (33%)]	Loss: 0.519547
Train Epoch: 43 [25000/60000 (42%)]	Loss: 0.452697
Train Epoch: 43 [30000/60000 (50%)]	Loss: 0.546012
Train Epoch: 43 [35000/60000 (58%)]	Loss: 0.592260
Train Epoch: 43 [40000/60000 (67%)]	Loss: 0.486678
Train Epoch: 43 [45000/60000 (75%)]	Loss: 0.584262
Train Epoch: 43 [50000/60000 (83%)]	Loss: 0.547417
Train Epoch: 43 [55000/60000 (92%)]	Loss: 0.575015
Train Epoch: 43 [60000/60000 (100%)]	Loss: 0.509605

Average Training loss: 0.0108, Training Error Rate: 26.18% (15710/60000)


Average Test loss: 0.0005, Test Error Rate: 25.88% (2588/10000)

Train Epoch: 44 [5000/60000 (8%)]	Loss: 0.531676
Train Epoch: 44 [10000/60000 (17%)]	Loss: 0.580748
Train Epoch: 44 [15000/60000 (25%)]	Loss: 0.515086
Train Epoch: 44 [20000/60000 (33%)]	Loss: 0.554070
Train Epoch: 44 [25000/60000 (42%)]	Loss: 0.593884
Train Epoch: 44 [30000/60000 (50%)]	Loss: 0.425617
Train Epoch: 44 [35000/60000 (58%)]	Loss: 0.571706
Train Epoch: 44 [40000/60000 (67%)]	Loss: 0.576299
Train Epoch: 44 [45000/60000 (75%)]	Loss: 0.552019
Train Epoch: 44 [50000/60000 (83%)]	Loss: 0.614380
Train Epoch: 44 [55000/60000 (92%)]	Loss: 0.507695
Train Epoch: 44 [60000/60000 (100%)]	Loss: 0.500175

Average Training loss: 0.0109, Training Error Rate: 26.22% (15733/60000)


Average Test loss: 0.0005, Test Error Rate: 25.78% (2578/10000)

Train Epoch: 45 [5000/60000 (8%)]	Loss: 0.583028
Train Epoch: 45 [10000/60000 (17%)]	Loss: 0.489164
Train Epoch: 45 [15000/60000 (25%)]	Loss: 0.474177
Train Epoch: 45 [20000/60000 (33%)]	Loss: 0.568040
Train Epoch: 45 [25000/60000 (42%)]	Loss: 0.445178
Train Epoch: 45 [30000/60000 (50%)]	Loss: 0.533661
Train Epoch: 45 [35000/60000 (58%)]	Loss: 0.539826
Train Epoch: 45 [40000/60000 (67%)]	Loss: 0.548063
Train Epoch: 45 [45000/60000 (75%)]	Loss: 0.613908
Train Epoch: 45 [50000/60000 (83%)]	Loss: 0.521977
Train Epoch: 45 [55000/60000 (92%)]	Loss: 0.592586
Train Epoch: 45 [60000/60000 (100%)]	Loss: 0.497882

Average Training loss: 0.0108, Training Error Rate: 26.10% (15658/60000)


Average Test loss: 0.0006, Test Error Rate: 26.34% (2634/10000)

Train Epoch: 46 [5000/60000 (8%)]	Loss: 0.528990
Train Epoch: 46 [10000/60000 (17%)]	Loss: 0.562397
Train Epoch: 46 [15000/60000 (25%)]	Loss: 0.538207
Train Epoch: 46 [20000/60000 (33%)]	Loss: 0.535250
Train Epoch: 46 [25000/60000 (42%)]	Loss: 0.619463
Train Epoch: 46 [30000/60000 (50%)]	Loss: 0.540473
Train Epoch: 46 [35000/60000 (58%)]	Loss: 0.617676
Train Epoch: 46 [40000/60000 (67%)]	Loss: 0.508979
Train Epoch: 46 [45000/60000 (75%)]	Loss: 0.570230
Train Epoch: 46 [50000/60000 (83%)]	Loss: 0.640065
Train Epoch: 46 [55000/60000 (92%)]	Loss: 0.590088
Train Epoch: 46 [60000/60000 (100%)]	Loss: 0.603220

Average Training loss: 0.0110, Training Error Rate: 26.24% (15742/60000)


Average Test loss: 0.0006, Test Error Rate: 26.49% (2649/10000)

Train Epoch: 47 [5000/60000 (8%)]	Loss: 0.551856
Train Epoch: 47 [10000/60000 (17%)]	Loss: 0.550055
Train Epoch: 47 [15000/60000 (25%)]	Loss: 0.477184
Train Epoch: 47 [20000/60000 (33%)]	Loss: 0.639947
Train Epoch: 47 [25000/60000 (42%)]	Loss: 0.561666
Train Epoch: 47 [30000/60000 (50%)]	Loss: 0.620151
Train Epoch: 47 [35000/60000 (58%)]	Loss: 0.618618
Train Epoch: 47 [40000/60000 (67%)]	Loss: 0.665131
Train Epoch: 47 [45000/60000 (75%)]	Loss: 0.577107
Train Epoch: 47 [50000/60000 (83%)]	Loss: 0.591236
Train Epoch: 47 [55000/60000 (92%)]	Loss: 0.540839
Train Epoch: 47 [60000/60000 (100%)]	Loss: 0.539436

Average Training loss: 0.0110, Training Error Rate: 26.38% (15827/60000)


Average Test loss: 0.0005, Test Error Rate: 26.27% (2627/10000)

Train Epoch: 48 [5000/60000 (8%)]	Loss: 0.593983
Train Epoch: 48 [10000/60000 (17%)]	Loss: 0.556815
Train Epoch: 48 [15000/60000 (25%)]	Loss: 0.542594
Train Epoch: 48 [20000/60000 (33%)]	Loss: 0.510388
Train Epoch: 48 [25000/60000 (42%)]	Loss: 0.516041
Train Epoch: 48 [30000/60000 (50%)]	Loss: 0.625666
Train Epoch: 48 [35000/60000 (58%)]	Loss: 0.551586
Train Epoch: 48 [40000/60000 (67%)]	Loss: 0.544688
Train Epoch: 48 [45000/60000 (75%)]	Loss: 0.589683
Train Epoch: 48 [50000/60000 (83%)]	Loss: 0.576367
Train Epoch: 48 [55000/60000 (92%)]	Loss: 0.464056
Train Epoch: 48 [60000/60000 (100%)]	Loss: 0.555470

Average Training loss: 0.0111, Training Error Rate: 26.55% (15930/60000)


Average Test loss: 0.0006, Test Error Rate: 25.98% (2598/10000)

Train Epoch: 49 [5000/60000 (8%)]	Loss: 0.532107
Train Epoch: 49 [10000/60000 (17%)]	Loss: 0.533810
Train Epoch: 49 [15000/60000 (25%)]	Loss: 0.460554
Train Epoch: 49 [20000/60000 (33%)]	Loss: 0.531870
Train Epoch: 49 [25000/60000 (42%)]	Loss: 0.534169
Train Epoch: 49 [30000/60000 (50%)]	Loss: 0.551938
Train Epoch: 49 [35000/60000 (58%)]	Loss: 0.570663
Train Epoch: 49 [40000/60000 (67%)]	Loss: 0.498590
Train Epoch: 49 [45000/60000 (75%)]	Loss: 0.605819
Train Epoch: 49 [50000/60000 (83%)]	Loss: 0.541712
Train Epoch: 49 [55000/60000 (92%)]	Loss: 0.579170
Train Epoch: 49 [60000/60000 (100%)]	Loss: 0.619738

Average Training loss: 0.0112, Training Error Rate: 26.51% (15906/60000)


Average Test loss: 0.0006, Test Error Rate: 26.39% (2639/10000)

Train Epoch: 50 [5000/60000 (8%)]	Loss: 0.603832
Train Epoch: 50 [10000/60000 (17%)]	Loss: 0.574931
Train Epoch: 50 [15000/60000 (25%)]	Loss: 0.553891
Train Epoch: 50 [20000/60000 (33%)]	Loss: 0.513027
Train Epoch: 50 [25000/60000 (42%)]	Loss: 0.505247
Train Epoch: 50 [30000/60000 (50%)]	Loss: 0.569023
Train Epoch: 50 [35000/60000 (58%)]	Loss: 0.541332
Train Epoch: 50 [40000/60000 (67%)]	Loss: 0.542748
Train Epoch: 50 [45000/60000 (75%)]	Loss: 0.525592
Train Epoch: 50 [50000/60000 (83%)]	Loss: 0.522036
Train Epoch: 50 [55000/60000 (92%)]	Loss: 0.592993
Train Epoch: 50 [60000/60000 (100%)]	Loss: 0.538986

Average Training loss: 0.0112, Training Error Rate: 26.73% (16038/60000)


Average Test loss: 0.0006, Test Error Rate: 27.05% (2705/10000)

Train Epoch: 51 [5000/60000 (8%)]	Loss: 0.568785
Train Epoch: 51 [10000/60000 (17%)]	Loss: 0.569225
Train Epoch: 51 [15000/60000 (25%)]	Loss: 0.577546
Train Epoch: 51 [20000/60000 (33%)]	Loss: 0.581558
Train Epoch: 51 [25000/60000 (42%)]	Loss: 0.615522
Train Epoch: 51 [30000/60000 (50%)]	Loss: 0.602206
Train Epoch: 51 [35000/60000 (58%)]	Loss: 0.572211
Train Epoch: 51 [40000/60000 (67%)]	Loss: 0.577942
Train Epoch: 51 [45000/60000 (75%)]	Loss: 0.584944
Train Epoch: 51 [50000/60000 (83%)]	Loss: 0.609307
Train Epoch: 51 [55000/60000 (92%)]	Loss: 0.583267
Train Epoch: 51 [60000/60000 (100%)]	Loss: 0.501922

Average Training loss: 0.0113, Training Error Rate: 27.61% (16567/60000)


Average Test loss: 0.0006, Test Error Rate: 27.94% (2794/10000)

Train Epoch: 52 [5000/60000 (8%)]	Loss: 0.648344
Train Epoch: 52 [10000/60000 (17%)]	Loss: 0.649560
Train Epoch: 52 [15000/60000 (25%)]	Loss: 0.542951
Train Epoch: 52 [20000/60000 (33%)]	Loss: 0.519118
Train Epoch: 52 [25000/60000 (42%)]	Loss: 0.516991
Train Epoch: 52 [30000/60000 (50%)]	Loss: 0.589312
Train Epoch: 52 [35000/60000 (58%)]	Loss: 0.513644
Train Epoch: 52 [40000/60000 (67%)]	Loss: 0.580228
Train Epoch: 52 [45000/60000 (75%)]	Loss: 0.522694
Train Epoch: 52 [50000/60000 (83%)]	Loss: 0.570687
Train Epoch: 52 [55000/60000 (92%)]	Loss: 0.434949
Train Epoch: 52 [60000/60000 (100%)]	Loss: 0.553447

Average Training loss: 0.0113, Training Error Rate: 28.37% (17022/60000)


Average Test loss: 0.0006, Test Error Rate: 28.82% (2882/10000)

Train Epoch: 53 [5000/60000 (8%)]	Loss: 0.521469
Train Epoch: 53 [10000/60000 (17%)]	Loss: 0.568487
Train Epoch: 53 [15000/60000 (25%)]	Loss: 0.546760
Train Epoch: 53 [20000/60000 (33%)]	Loss: 0.554242
Train Epoch: 53 [25000/60000 (42%)]	Loss: 0.578726
Train Epoch: 53 [30000/60000 (50%)]	Loss: 0.615181
Train Epoch: 53 [35000/60000 (58%)]	Loss: 0.518286
Train Epoch: 53 [40000/60000 (67%)]	Loss: 0.692138
Train Epoch: 53 [45000/60000 (75%)]	Loss: 0.604688
Train Epoch: 53 [50000/60000 (83%)]	Loss: 0.580751
Train Epoch: 53 [55000/60000 (92%)]	Loss: 0.610764
Train Epoch: 53 [60000/60000 (100%)]	Loss: 1.000429

Average Training loss: 0.0120, Training Error Rate: 35.59% (21355/60000)


Average Test loss: 0.0010, Test Error Rate: 71.49% (7149/10000)

Train Epoch: 54 [5000/60000 (8%)]	Loss: 1.195316
Train Epoch: 54 [10000/60000 (17%)]	Loss: 1.087556
Train Epoch: 54 [15000/60000 (25%)]	Loss: 1.103217
Train Epoch: 54 [20000/60000 (33%)]	Loss: 1.115008
Train Epoch: 54 [25000/60000 (42%)]	Loss: 1.166484
Train Epoch: 54 [30000/60000 (50%)]	Loss: 1.195013
Train Epoch: 54 [35000/60000 (58%)]	Loss: 1.085362
Train Epoch: 54 [40000/60000 (67%)]	Loss: 1.160222
Train Epoch: 54 [45000/60000 (75%)]	Loss: 1.145168
Train Epoch: 54 [50000/60000 (83%)]	Loss: 1.152613
Train Epoch: 54 [55000/60000 (92%)]	Loss: 1.190610
Train Epoch: 54 [60000/60000 (100%)]	Loss: 1.150713

Average Training loss: 0.0228, Training Error Rate: 72.79% (43676/60000)


Average Test loss: 0.0011, Test Error Rate: 71.51% (7151/10000)

Train Epoch: 55 [5000/60000 (8%)]	Loss: 1.216082
Train Epoch: 55 [10000/60000 (17%)]	Loss: 1.156015
Train Epoch: 55 [15000/60000 (25%)]	Loss: 1.165423
Train Epoch: 55 [20000/60000 (33%)]	Loss: 1.134924
Train Epoch: 55 [25000/60000 (42%)]	Loss: 1.122098
Train Epoch: 55 [30000/60000 (50%)]	Loss: 1.216401
Train Epoch: 55 [35000/60000 (58%)]	Loss: 1.218289
Train Epoch: 55 [40000/60000 (67%)]	Loss: 1.164312
Train Epoch: 55 [45000/60000 (75%)]	Loss: 1.206523
Train Epoch: 55 [50000/60000 (83%)]	Loss: 1.110234
Train Epoch: 55 [55000/60000 (92%)]	Loss: 1.110777
Train Epoch: 55 [60000/60000 (100%)]	Loss: 1.216526

Average Training loss: 0.0230, Training Error Rate: 71.72% (43032/60000)


Average Test loss: 0.0011, Test Error Rate: 70.44% (7044/10000)

Train Epoch: 56 [5000/60000 (8%)]	Loss: 1.110328
Train Epoch: 56 [10000/60000 (17%)]	Loss: 1.160000
Train Epoch: 56 [15000/60000 (25%)]	Loss: 1.156683
Train Epoch: 56 [20000/60000 (33%)]	Loss: 1.160000
Train Epoch: 56 [25000/60000 (42%)]	Loss: 1.005458
Train Epoch: 56 [30000/60000 (50%)]	Loss: 1.021372
Train Epoch: 56 [35000/60000 (58%)]	Loss: 1.152688
Train Epoch: 56 [40000/60000 (67%)]	Loss: 1.144427
Train Epoch: 56 [45000/60000 (75%)]	Loss: 1.182030
Train Epoch: 56 [50000/60000 (83%)]	Loss: 1.158196
Train Epoch: 56 [55000/60000 (92%)]	Loss: 1.152332
Train Epoch: 56 [60000/60000 (100%)]	Loss: 1.112523

Average Training loss: 0.0231, Training Error Rate: 71.25% (42750/60000)


Average Test loss: 0.0011, Test Error Rate: 70.27% (7027/10000)

Train Epoch: 57 [5000/60000 (8%)]	Loss: 1.124664
Train Epoch: 57 [10000/60000 (17%)]	Loss: 1.123208
Train Epoch: 57 [15000/60000 (25%)]	Loss: 1.162795
Train Epoch: 57 [20000/60000 (33%)]	Loss: 1.157726
Train Epoch: 57 [25000/60000 (42%)]	Loss: 1.220282
Train Epoch: 57 [30000/60000 (50%)]	Loss: 1.162998
Train Epoch: 57 [35000/60000 (58%)]	Loss: 1.071119
Train Epoch: 57 [40000/60000 (67%)]	Loss: 1.150654
Train Epoch: 57 [45000/60000 (75%)]	Loss: 1.085546
Train Epoch: 57 [50000/60000 (83%)]	Loss: 1.100456
Train Epoch: 57 [55000/60000 (92%)]	Loss: 1.161823
Train Epoch: 57 [60000/60000 (100%)]	Loss: 1.186132

Average Training loss: 0.0231, Training Error Rate: 71.05% (42627/60000)


Average Test loss: 0.0011, Test Error Rate: 70.31% (7031/10000)

Train Epoch: 58 [5000/60000 (8%)]	Loss: 1.084883
Train Epoch: 58 [10000/60000 (17%)]	Loss: 1.259404
Train Epoch: 58 [15000/60000 (25%)]	Loss: 1.102182
Train Epoch: 58 [20000/60000 (33%)]	Loss: 1.184998
Train Epoch: 58 [25000/60000 (42%)]	Loss: 1.196628
Train Epoch: 58 [30000/60000 (50%)]	Loss: 1.090000
Train Epoch: 58 [35000/60000 (58%)]	Loss: 1.170152
Train Epoch: 58 [40000/60000 (67%)]	Loss: 1.110108
Train Epoch: 58 [45000/60000 (75%)]	Loss: 1.120000
Train Epoch: 58 [50000/60000 (83%)]	Loss: 1.106372
Train Epoch: 58 [55000/60000 (92%)]	Loss: 1.233009
Train Epoch: 58 [60000/60000 (100%)]	Loss: 1.196632

Average Training loss: 0.0231, Training Error Rate: 70.92% (42551/60000)


Average Test loss: 0.0011, Test Error Rate: 70.03% (7003/10000)

Train Epoch: 59 [5000/60000 (8%)]	Loss: 1.241204
Train Epoch: 59 [10000/60000 (17%)]	Loss: 1.188847
Train Epoch: 59 [15000/60000 (25%)]	Loss: 1.232729
Train Epoch: 59 [20000/60000 (33%)]	Loss: 1.133281
Train Epoch: 59 [25000/60000 (42%)]	Loss: 1.130766
Train Epoch: 59 [30000/60000 (50%)]	Loss: 1.051821
Train Epoch: 59 [35000/60000 (58%)]	Loss: 1.058755
Train Epoch: 59 [40000/60000 (67%)]	Loss: 1.111508
Train Epoch: 59 [45000/60000 (75%)]	Loss: 1.110000
Train Epoch: 59 [50000/60000 (83%)]	Loss: 1.260234
Train Epoch: 59 [55000/60000 (92%)]	Loss: 1.105943
Train Epoch: 59 [60000/60000 (100%)]	Loss: 1.155681

Average Training loss: 0.0231, Training Error Rate: 70.77% (42461/60000)


Average Test loss: 0.0011, Test Error Rate: 69.95% (6995/10000)

Train Epoch: 60 [5000/60000 (8%)]	Loss: 1.130154
Train Epoch: 60 [10000/60000 (17%)]	Loss: 1.165832
Train Epoch: 60 [15000/60000 (25%)]	Loss: 1.163702
Train Epoch: 60 [20000/60000 (33%)]	Loss: 1.091242
Train Epoch: 60 [25000/60000 (42%)]	Loss: 1.130000
Train Epoch: 60 [30000/60000 (50%)]	Loss: 1.192010
Train Epoch: 60 [35000/60000 (58%)]	Loss: 1.174963
Train Epoch: 60 [40000/60000 (67%)]	Loss: 1.172729
Train Epoch: 60 [45000/60000 (75%)]	Loss: 1.177373
Train Epoch: 60 [50000/60000 (83%)]	Loss: 1.098748
Train Epoch: 60 [55000/60000 (92%)]	Loss: 1.111687
Train Epoch: 60 [60000/60000 (100%)]	Loss: 1.121573

Average Training loss: 0.0231, Training Error Rate: 70.73% (42437/60000)


Average Test loss: 0.0011, Test Error Rate: 69.97% (6997/10000)

Train Epoch: 61 [5000/60000 (8%)]	Loss: 1.120000
Train Epoch: 61 [10000/60000 (17%)]	Loss: 1.181401
Train Epoch: 61 [15000/60000 (25%)]	Loss: 1.211907
Train Epoch: 61 [20000/60000 (33%)]	Loss: 1.200000
Train Epoch: 61 [25000/60000 (42%)]	Loss: 1.128042
Train Epoch: 61 [30000/60000 (50%)]	Loss: 1.150502
Train Epoch: 61 [35000/60000 (58%)]	Loss: 1.180000
Train Epoch: 61 [40000/60000 (67%)]	Loss: 1.118796
Train Epoch: 61 [45000/60000 (75%)]	Loss: 1.140022
Train Epoch: 61 [50000/60000 (83%)]	Loss: 1.112567
Train Epoch: 61 [55000/60000 (92%)]	Loss: 1.150149
Train Epoch: 61 [60000/60000 (100%)]	Loss: 1.111450

Average Training loss: 0.0231, Training Error Rate: 70.62% (42374/60000)


Average Test loss: 0.0011, Test Error Rate: 69.99% (6999/10000)

Train Epoch: 62 [5000/60000 (8%)]	Loss: 1.141545
Train Epoch: 62 [10000/60000 (17%)]	Loss: 1.193093
Train Epoch: 62 [15000/60000 (25%)]	Loss: 1.151110
Train Epoch: 62 [20000/60000 (33%)]	Loss: 1.173121
Train Epoch: 62 [25000/60000 (42%)]	Loss: 1.172285
Train Epoch: 62 [30000/60000 (50%)]	Loss: 1.200837
Train Epoch: 62 [35000/60000 (58%)]	Loss: 1.150363
Train Epoch: 62 [40000/60000 (67%)]	Loss: 1.015059
Train Epoch: 62 [45000/60000 (75%)]	Loss: 1.150000
Train Epoch: 62 [50000/60000 (83%)]	Loss: 1.180133
Train Epoch: 62 [55000/60000 (92%)]	Loss: 1.110902
Train Epoch: 62 [60000/60000 (100%)]	Loss: 1.202059

Average Training loss: 0.0230, Training Error Rate: 70.61% (42368/60000)


Average Test loss: 0.0011, Test Error Rate: 69.89% (6989/10000)

Train Epoch: 63 [5000/60000 (8%)]	Loss: 1.110327
Train Epoch: 63 [10000/60000 (17%)]	Loss: 1.210053
Train Epoch: 63 [15000/60000 (25%)]	Loss: 1.211305
Train Epoch: 63 [20000/60000 (33%)]	Loss: 1.080233
Train Epoch: 63 [25000/60000 (42%)]	Loss: 1.151441
Train Epoch: 63 [30000/60000 (50%)]	Loss: 1.044705
Train Epoch: 63 [35000/60000 (58%)]	Loss: 1.170612
Train Epoch: 63 [40000/60000 (67%)]	Loss: 1.214361
Train Epoch: 63 [45000/60000 (75%)]	Loss: 1.051343
Train Epoch: 63 [50000/60000 (83%)]	Loss: 1.132228
Train Epoch: 63 [55000/60000 (92%)]	Loss: 1.200336
Train Epoch: 63 [60000/60000 (100%)]	Loss: 1.062688

Average Training loss: 0.0230, Training Error Rate: 70.54% (42322/60000)


Average Test loss: 0.0011, Test Error Rate: 69.98% (6998/10000)

Train Epoch: 64 [5000/60000 (8%)]	Loss: 1.200580
Train Epoch: 64 [10000/60000 (17%)]	Loss: 1.131106
Train Epoch: 64 [15000/60000 (25%)]	Loss: 1.216505
Train Epoch: 64 [20000/60000 (33%)]	Loss: 1.060000
Train Epoch: 64 [25000/60000 (42%)]	Loss: 1.212015
Train Epoch: 64 [30000/60000 (50%)]	Loss: 1.012442
Train Epoch: 64 [35000/60000 (58%)]	Loss: 1.201281
Train Epoch: 64 [40000/60000 (67%)]	Loss: 1.211032
Train Epoch: 64 [45000/60000 (75%)]	Loss: 1.120810
Train Epoch: 64 [50000/60000 (83%)]	Loss: 1.132107
Train Epoch: 64 [55000/60000 (92%)]	Loss: 1.180871
Train Epoch: 64 [60000/60000 (100%)]	Loss: 1.173656

Average Training loss: 0.0230, Training Error Rate: 70.52% (42314/60000)


Average Test loss: 0.0011, Test Error Rate: 69.76% (6976/10000)

Train Epoch: 65 [5000/60000 (8%)]	Loss: 1.130797
Train Epoch: 65 [10000/60000 (17%)]	Loss: 1.154093
Train Epoch: 65 [15000/60000 (25%)]	Loss: 1.270006
Train Epoch: 65 [20000/60000 (33%)]	Loss: 1.175939
Train Epoch: 65 [25000/60000 (42%)]	Loss: 1.210870
Train Epoch: 65 [30000/60000 (50%)]	Loss: 1.263634
Train Epoch: 65 [35000/60000 (58%)]	Loss: 1.157505
Train Epoch: 65 [40000/60000 (67%)]	Loss: 1.140061
Train Epoch: 65 [45000/60000 (75%)]	Loss: 1.170017
Train Epoch: 65 [50000/60000 (83%)]	Loss: 1.200004
Train Epoch: 65 [55000/60000 (92%)]	Loss: 1.129495
Train Epoch: 65 [60000/60000 (100%)]	Loss: 1.226475

Average Training loss: 0.0230, Training Error Rate: 70.49% (42296/60000)


Average Test loss: 0.0011, Test Error Rate: 69.73% (6973/10000)

Train Epoch: 66 [5000/60000 (8%)]	Loss: 1.132027
Train Epoch: 66 [10000/60000 (17%)]	Loss: 1.243171
Train Epoch: 66 [15000/60000 (25%)]	Loss: 1.210025
Train Epoch: 66 [20000/60000 (33%)]	Loss: 1.081618
Train Epoch: 66 [25000/60000 (42%)]	Loss: 1.204382
Train Epoch: 66 [30000/60000 (50%)]	Loss: 1.192411
Train Epoch: 66 [35000/60000 (58%)]	Loss: 1.215768
Train Epoch: 66 [40000/60000 (67%)]	Loss: 1.137296
Train Epoch: 66 [45000/60000 (75%)]	Loss: 1.161132
Train Epoch: 66 [50000/60000 (83%)]	Loss: 1.206013
Train Epoch: 66 [55000/60000 (92%)]	Loss: 1.103493
Train Epoch: 66 [60000/60000 (100%)]	Loss: 1.187684

Average Training loss: 0.0230, Training Error Rate: 70.43% (42257/60000)


Average Test loss: 0.0011, Test Error Rate: 69.86% (6986/10000)

Train Epoch: 67 [5000/60000 (8%)]	Loss: 1.143296
Train Epoch: 67 [10000/60000 (17%)]	Loss: 1.113248
Train Epoch: 67 [15000/60000 (25%)]	Loss: 1.100021
Train Epoch: 67 [20000/60000 (33%)]	Loss: 1.125771
Train Epoch: 67 [25000/60000 (42%)]	Loss: 1.190222
Train Epoch: 67 [30000/60000 (50%)]	Loss: 1.077853
Train Epoch: 67 [35000/60000 (58%)]	Loss: 1.220002
Train Epoch: 67 [40000/60000 (67%)]	Loss: 1.121637
Train Epoch: 67 [45000/60000 (75%)]	Loss: 1.122013
Train Epoch: 67 [50000/60000 (83%)]	Loss: 1.118032
Train Epoch: 67 [55000/60000 (92%)]	Loss: 1.153057
Train Epoch: 67 [60000/60000 (100%)]	Loss: 1.201717

Average Training loss: 0.0230, Training Error Rate: 70.43% (42256/60000)


Average Test loss: 0.0011, Test Error Rate: 69.76% (6976/10000)

Train Epoch: 68 [5000/60000 (8%)]	Loss: 1.023229
Train Epoch: 68 [10000/60000 (17%)]	Loss: 1.151478
Train Epoch: 68 [15000/60000 (25%)]	Loss: 1.170000
Train Epoch: 68 [20000/60000 (33%)]	Loss: 1.090102
Train Epoch: 68 [25000/60000 (42%)]	Loss: 1.204331
Train Epoch: 68 [30000/60000 (50%)]	Loss: 1.095463
Train Epoch: 68 [35000/60000 (58%)]	Loss: 1.180000
Train Epoch: 68 [40000/60000 (67%)]	Loss: 1.136086
Train Epoch: 68 [45000/60000 (75%)]	Loss: 1.182824
Train Epoch: 68 [50000/60000 (83%)]	Loss: 1.137830
Train Epoch: 68 [55000/60000 (92%)]	Loss: 1.121884
Train Epoch: 68 [60000/60000 (100%)]	Loss: 1.152101

Average Training loss: 0.0230, Training Error Rate: 70.40% (42240/60000)


Average Test loss: 0.0011, Test Error Rate: 69.67% (6967/10000)

Train Epoch: 69 [5000/60000 (8%)]	Loss: 1.225865
Train Epoch: 69 [10000/60000 (17%)]	Loss: 1.120000
Train Epoch: 69 [15000/60000 (25%)]	Loss: 1.148030
Train Epoch: 69 [20000/60000 (33%)]	Loss: 1.130375
Train Epoch: 69 [25000/60000 (42%)]	Loss: 1.140122
Train Epoch: 69 [30000/60000 (50%)]	Loss: 1.145564
Train Epoch: 69 [35000/60000 (58%)]	Loss: 1.197060
Train Epoch: 69 [40000/60000 (67%)]	Loss: 1.192627
Train Epoch: 69 [45000/60000 (75%)]	Loss: 1.170192
Train Epoch: 69 [50000/60000 (83%)]	Loss: 1.236427
Train Epoch: 69 [55000/60000 (92%)]	Loss: 1.220000
Train Epoch: 69 [60000/60000 (100%)]	Loss: 1.241395

Average Training loss: 0.0230, Training Error Rate: 70.39% (42235/60000)


Average Test loss: 0.0011, Test Error Rate: 69.79% (6979/10000)

Train Epoch: 70 [5000/60000 (8%)]	Loss: 1.167007
Train Epoch: 70 [10000/60000 (17%)]	Loss: 1.110616
Train Epoch: 70 [15000/60000 (25%)]	Loss: 1.160051
Train Epoch: 70 [20000/60000 (33%)]	Loss: 1.170948
Train Epoch: 70 [25000/60000 (42%)]	Loss: 1.120955
Train Epoch: 70 [30000/60000 (50%)]	Loss: 1.141445
Train Epoch: 70 [35000/60000 (58%)]	Loss: 1.160015
Train Epoch: 70 [40000/60000 (67%)]	Loss: 1.230634
Train Epoch: 70 [45000/60000 (75%)]	Loss: 1.229282
Train Epoch: 70 [50000/60000 (83%)]	Loss: 1.110000
Train Epoch: 70 [55000/60000 (92%)]	Loss: 1.253130
Train Epoch: 70 [60000/60000 (100%)]	Loss: 1.081296

Average Training loss: 0.0230, Training Error Rate: 70.36% (42218/60000)


Average Test loss: 0.0011, Test Error Rate: 69.69% (6969/10000)

Train Epoch: 71 [5000/60000 (8%)]	Loss: 1.210389
Train Epoch: 71 [10000/60000 (17%)]	Loss: 1.160000
Train Epoch: 71 [15000/60000 (25%)]	Loss: 1.070000
Train Epoch: 71 [20000/60000 (33%)]	Loss: 1.130984
Train Epoch: 71 [25000/60000 (42%)]	Loss: 1.132870
Train Epoch: 71 [30000/60000 (50%)]	Loss: 1.157339
Train Epoch: 71 [35000/60000 (58%)]	Loss: 1.190000
Train Epoch: 71 [40000/60000 (67%)]	Loss: 1.090126
Train Epoch: 71 [45000/60000 (75%)]	Loss: 1.177744
Train Epoch: 71 [50000/60000 (83%)]	Loss: 1.220242
Train Epoch: 71 [55000/60000 (92%)]	Loss: 1.064094
Train Epoch: 71 [60000/60000 (100%)]	Loss: 1.085570

Average Training loss: 0.0230, Training Error Rate: 70.36% (42215/60000)


Average Test loss: 0.0011, Test Error Rate: 69.63% (6963/10000)

Train Epoch: 72 [5000/60000 (8%)]	Loss: 1.154078
Train Epoch: 72 [10000/60000 (17%)]	Loss: 1.080016
Train Epoch: 72 [15000/60000 (25%)]	Loss: 1.150000
Train Epoch: 72 [20000/60000 (33%)]	Loss: 1.160314
Train Epoch: 72 [25000/60000 (42%)]	Loss: 1.213377
Train Epoch: 72 [30000/60000 (50%)]	Loss: 1.191626
Train Epoch: 72 [35000/60000 (58%)]	Loss: 1.190000
Train Epoch: 72 [40000/60000 (67%)]	Loss: 1.110304
Train Epoch: 72 [45000/60000 (75%)]	Loss: 1.090192
Train Epoch: 72 [50000/60000 (83%)]	Loss: 1.200000
Train Epoch: 72 [55000/60000 (92%)]	Loss: 1.121102
Train Epoch: 72 [60000/60000 (100%)]	Loss: 1.166181

Average Training loss: 0.0230, Training Error Rate: 70.33% (42195/60000)


Average Test loss: 0.0011, Test Error Rate: 69.53% (6953/10000)

Train Epoch: 73 [5000/60000 (8%)]	Loss: 1.140394
Train Epoch: 73 [10000/60000 (17%)]	Loss: 1.110526
Train Epoch: 73 [15000/60000 (25%)]	Loss: 1.082025
Train Epoch: 73 [20000/60000 (33%)]	Loss: 1.080000
Train Epoch: 73 [25000/60000 (42%)]	Loss: 1.143642
Train Epoch: 73 [30000/60000 (50%)]	Loss: 1.107835
Train Epoch: 73 [35000/60000 (58%)]	Loss: 1.130811
Train Epoch: 73 [40000/60000 (67%)]	Loss: 1.070006
Train Epoch: 73 [45000/60000 (75%)]	Loss: 1.222985
Train Epoch: 73 [50000/60000 (83%)]	Loss: 1.141213
Train Epoch: 73 [55000/60000 (92%)]	Loss: 1.073873
Train Epoch: 73 [60000/60000 (100%)]	Loss: 1.160000

Average Training loss: 0.0230, Training Error Rate: 70.30% (42180/60000)


Average Test loss: 0.0011, Test Error Rate: 69.53% (6953/10000)

Train Epoch: 74 [5000/60000 (8%)]	Loss: 1.140258
Train Epoch: 74 [10000/60000 (17%)]	Loss: 1.230000
Train Epoch: 74 [15000/60000 (25%)]	Loss: 1.083187
Train Epoch: 74 [20000/60000 (33%)]	Loss: 1.244896
Train Epoch: 74 [25000/60000 (42%)]	Loss: 1.170830
Train Epoch: 74 [30000/60000 (50%)]	Loss: 1.192354
Train Epoch: 74 [35000/60000 (58%)]	Loss: 1.136076
Train Epoch: 74 [40000/60000 (67%)]	Loss: 1.160629
Train Epoch: 74 [45000/60000 (75%)]	Loss: 1.020000
Train Epoch: 74 [50000/60000 (83%)]	Loss: 1.155918
Train Epoch: 74 [55000/60000 (92%)]	Loss: 1.072840
Train Epoch: 74 [60000/60000 (100%)]	Loss: 1.040000

Average Training loss: 0.0229, Training Error Rate: 69.19% (41515/60000)


Average Test loss: 0.0011, Test Error Rate: 64.61% (6461/10000)

Train Epoch: 75 [5000/60000 (8%)]	Loss: 1.068450
Train Epoch: 75 [10000/60000 (17%)]	Loss: 1.070083
Train Epoch: 75 [15000/60000 (25%)]	Loss: 1.151094
Train Epoch: 75 [20000/60000 (33%)]	Loss: 1.149829
Train Epoch: 75 [25000/60000 (42%)]	Loss: 1.221991
Train Epoch: 75 [30000/60000 (50%)]	Loss: 1.068267
Train Epoch: 75 [35000/60000 (58%)]	Loss: 0.984937
Train Epoch: 75 [40000/60000 (67%)]	Loss: 1.067086
Train Epoch: 75 [45000/60000 (75%)]	Loss: 1.250034
Train Epoch: 75 [50000/60000 (83%)]	Loss: 1.060288
Train Epoch: 75 [55000/60000 (92%)]	Loss: 1.013464
Train Epoch: 75 [60000/60000 (100%)]	Loss: 1.190005

Average Training loss: 0.0221, Training Error Rate: 64.83% (38896/60000)


Average Test loss: 0.0011, Test Error Rate: 64.60% (6460/10000)

Train Epoch: 76 [5000/60000 (8%)]	Loss: 1.191077
Train Epoch: 76 [10000/60000 (17%)]	Loss: 1.152803
Train Epoch: 76 [15000/60000 (25%)]	Loss: 1.045512
Train Epoch: 76 [20000/60000 (33%)]	Loss: 1.089355
Train Epoch: 76 [25000/60000 (42%)]	Loss: 1.086651
Train Epoch: 76 [30000/60000 (50%)]	Loss: 1.013477
Train Epoch: 76 [35000/60000 (58%)]	Loss: 0.990000
Train Epoch: 76 [40000/60000 (67%)]	Loss: 0.994459
Train Epoch: 76 [45000/60000 (75%)]	Loss: 1.006256
Train Epoch: 76 [50000/60000 (83%)]	Loss: 0.937626
Train Epoch: 76 [55000/60000 (92%)]	Loss: 0.974169
Train Epoch: 76 [60000/60000 (100%)]	Loss: 1.025696

Average Training loss: 0.0214, Training Error Rate: 64.71% (38827/60000)


Average Test loss: 0.0010, Test Error Rate: 62.64% (6264/10000)

Train Epoch: 77 [5000/60000 (8%)]	Loss: 0.975393
Train Epoch: 77 [10000/60000 (17%)]	Loss: 0.984433
Train Epoch: 77 [15000/60000 (25%)]	Loss: 1.057683
Train Epoch: 77 [20000/60000 (33%)]	Loss: 1.081359
Train Epoch: 77 [25000/60000 (42%)]	Loss: 0.970009
Train Epoch: 77 [30000/60000 (50%)]	Loss: 0.901867
Train Epoch: 77 [35000/60000 (58%)]	Loss: 1.069652
Train Epoch: 77 [40000/60000 (67%)]	Loss: 1.043236
Train Epoch: 77 [45000/60000 (75%)]	Loss: 1.173709
Train Epoch: 77 [50000/60000 (83%)]	Loss: 1.072076
Train Epoch: 77 [55000/60000 (92%)]	Loss: 1.123566
Train Epoch: 77 [60000/60000 (100%)]	Loss: 1.075336

Average Training loss: 0.0210, Training Error Rate: 64.00% (38401/60000)


Average Test loss: 0.0010, Test Error Rate: 63.81% (6381/10000)

Train Epoch: 78 [5000/60000 (8%)]	Loss: 1.033264
Train Epoch: 78 [10000/60000 (17%)]	Loss: 1.001804
Train Epoch: 78 [15000/60000 (25%)]	Loss: 1.036476
Train Epoch: 78 [20000/60000 (33%)]	Loss: 1.031915
Train Epoch: 78 [25000/60000 (42%)]	Loss: 1.107840
Train Epoch: 78 [30000/60000 (50%)]	Loss: 1.057373
Train Epoch: 78 [35000/60000 (58%)]	Loss: 1.096542
Train Epoch: 78 [40000/60000 (67%)]	Loss: 1.065902
Train Epoch: 78 [45000/60000 (75%)]	Loss: 1.080986
Train Epoch: 78 [50000/60000 (83%)]	Loss: 1.054877
Train Epoch: 78 [55000/60000 (92%)]	Loss: 1.111345
Train Epoch: 78 [60000/60000 (100%)]	Loss: 1.044442

Average Training loss: 0.0210, Training Error Rate: 62.99% (37796/60000)


Average Test loss: 0.0011, Test Error Rate: 64.15% (6415/10000)

Train Epoch: 79 [5000/60000 (8%)]	Loss: 1.132654
Train Epoch: 79 [10000/60000 (17%)]	Loss: 1.214520
Train Epoch: 79 [15000/60000 (25%)]	Loss: 1.032419
Train Epoch: 79 [20000/60000 (33%)]	Loss: 1.068391
Train Epoch: 79 [25000/60000 (42%)]	Loss: 1.016827
Train Epoch: 79 [30000/60000 (50%)]	Loss: 1.168104
Train Epoch: 79 [35000/60000 (58%)]	Loss: 1.113743
Train Epoch: 79 [40000/60000 (67%)]	Loss: 1.049078
Train Epoch: 79 [45000/60000 (75%)]	Loss: 0.995490
Train Epoch: 79 [50000/60000 (83%)]	Loss: 1.052372
Train Epoch: 79 [55000/60000 (92%)]	Loss: 1.193591
Train Epoch: 79 [60000/60000 (100%)]	Loss: 1.110786

Average Training loss: 0.0218, Training Error Rate: 66.23% (39740/60000)


Average Test loss: 0.0011, Test Error Rate: 67.28% (6728/10000)

Train Epoch: 80 [5000/60000 (8%)]	Loss: 1.048712
Train Epoch: 80 [10000/60000 (17%)]	Loss: 1.098348
Train Epoch: 80 [15000/60000 (25%)]	Loss: 1.063463
Train Epoch: 80 [20000/60000 (33%)]	Loss: 1.078091
Train Epoch: 80 [25000/60000 (42%)]	Loss: 1.087017
Train Epoch: 80 [30000/60000 (50%)]	Loss: 1.139866
Train Epoch: 80 [35000/60000 (58%)]	Loss: 1.138150
Train Epoch: 80 [40000/60000 (67%)]	Loss: 1.206173
Train Epoch: 80 [45000/60000 (75%)]	Loss: 0.986606
Train Epoch: 80 [50000/60000 (83%)]	Loss: 1.114067
Train Epoch: 80 [55000/60000 (92%)]	Loss: 1.178829
Train Epoch: 80 [60000/60000 (100%)]	Loss: 1.115767

Average Training loss: 0.0220, Training Error Rate: 68.21% (40928/60000)


Average Test loss: 0.0011, Test Error Rate: 67.84% (6784/10000)

Train Epoch: 81 [5000/60000 (8%)]	Loss: 1.076109
Train Epoch: 81 [10000/60000 (17%)]	Loss: 1.029958
Train Epoch: 81 [15000/60000 (25%)]	Loss: 1.129426
Train Epoch: 81 [20000/60000 (33%)]	Loss: 0.927309
Train Epoch: 81 [25000/60000 (42%)]	Loss: 1.047951
Train Epoch: 81 [30000/60000 (50%)]	Loss: 0.968120
Train Epoch: 81 [35000/60000 (58%)]	Loss: 1.034938
Train Epoch: 81 [40000/60000 (67%)]	Loss: 0.866498
Train Epoch: 81 [45000/60000 (75%)]	Loss: 0.980952
Train Epoch: 81 [50000/60000 (83%)]	Loss: 1.095370
Train Epoch: 81 [55000/60000 (92%)]	Loss: 0.979018
Train Epoch: 81 [60000/60000 (100%)]	Loss: 0.967530

Average Training loss: 0.0204, Training Error Rate: 67.92% (40753/60000)


Average Test loss: 0.0010, Test Error Rate: 66.36% (6636/10000)

Train Epoch: 82 [5000/60000 (8%)]	Loss: 0.996459
Train Epoch: 82 [10000/60000 (17%)]	Loss: 1.001254
Train Epoch: 82 [15000/60000 (25%)]	Loss: 0.978271
Train Epoch: 82 [20000/60000 (33%)]	Loss: 1.055687
Train Epoch: 82 [25000/60000 (42%)]	Loss: 1.066319
Train Epoch: 82 [30000/60000 (50%)]	Loss: 1.000868
Train Epoch: 82 [35000/60000 (58%)]	Loss: 0.993759
Train Epoch: 82 [40000/60000 (67%)]	Loss: 1.015224
Train Epoch: 82 [45000/60000 (75%)]	Loss: 0.970201
Train Epoch: 82 [50000/60000 (83%)]	Loss: 0.957272
Train Epoch: 82 [55000/60000 (92%)]	Loss: 1.008626
Train Epoch: 82 [60000/60000 (100%)]	Loss: 1.068533

Average Training loss: 0.0201, Training Error Rate: 67.08% (40246/60000)


Average Test loss: 0.0010, Test Error Rate: 65.88% (6588/10000)

Train Epoch: 83 [5000/60000 (8%)]	Loss: 1.072149
Train Epoch: 83 [10000/60000 (17%)]	Loss: 1.042253
Train Epoch: 83 [15000/60000 (25%)]	Loss: 1.037527
Train Epoch: 83 [20000/60000 (33%)]	Loss: 1.058049
Train Epoch: 83 [25000/60000 (42%)]	Loss: 1.025191
Train Epoch: 83 [30000/60000 (50%)]	Loss: 1.083156
Train Epoch: 83 [35000/60000 (58%)]	Loss: 1.025743
Train Epoch: 83 [40000/60000 (67%)]	Loss: 1.107555
Train Epoch: 83 [45000/60000 (75%)]	Loss: 1.110450
Train Epoch: 83 [50000/60000 (83%)]	Loss: 0.990891
Train Epoch: 83 [55000/60000 (92%)]	Loss: 1.137442
Train Epoch: 83 [60000/60000 (100%)]	Loss: 0.913408

Average Training loss: 0.0208, Training Error Rate: 67.03% (40217/60000)


Average Test loss: 0.0010, Test Error Rate: 65.00% (6500/10000)

Train Epoch: 84 [5000/60000 (8%)]	Loss: 1.111293
Train Epoch: 84 [10000/60000 (17%)]	Loss: 1.118438
Train Epoch: 84 [15000/60000 (25%)]	Loss: 1.148558
Train Epoch: 84 [20000/60000 (33%)]	Loss: 1.041745
Train Epoch: 84 [25000/60000 (42%)]	Loss: 1.007065
Train Epoch: 84 [30000/60000 (50%)]	Loss: 1.043008
Train Epoch: 84 [35000/60000 (58%)]	Loss: 1.107172
Train Epoch: 84 [40000/60000 (67%)]	Loss: 1.278569
Train Epoch: 84 [45000/60000 (75%)]	Loss: 1.079055
Train Epoch: 84 [50000/60000 (83%)]	Loss: 0.922702
Train Epoch: 84 [55000/60000 (92%)]	Loss: 1.074238
Train Epoch: 84 [60000/60000 (100%)]	Loss: 1.123423

Average Training loss: 0.0211, Training Error Rate: 67.18% (40307/60000)


Average Test loss: 0.0010, Test Error Rate: 65.72% (6572/10000)

Train Epoch: 85 [5000/60000 (8%)]	Loss: 0.996528
Train Epoch: 85 [10000/60000 (17%)]	Loss: 0.955668
Train Epoch: 85 [15000/60000 (25%)]	Loss: 1.077422
Train Epoch: 85 [20000/60000 (33%)]	Loss: 1.039008
Train Epoch: 85 [25000/60000 (42%)]	Loss: 0.990005
Train Epoch: 85 [30000/60000 (50%)]	Loss: 0.952236
Train Epoch: 85 [35000/60000 (58%)]	Loss: 0.946580
Train Epoch: 85 [40000/60000 (67%)]	Loss: 1.053386
Train Epoch: 85 [45000/60000 (75%)]	Loss: 1.030605
Train Epoch: 85 [50000/60000 (83%)]	Loss: 1.039004
Train Epoch: 85 [55000/60000 (92%)]	Loss: 1.082175
Train Epoch: 85 [60000/60000 (100%)]	Loss: 1.112735

Average Training loss: 0.0212, Training Error Rate: 66.94% (40162/60000)


Average Test loss: 0.0010, Test Error Rate: 65.88% (6588/10000)

Train Epoch: 86 [5000/60000 (8%)]	Loss: 1.114497
Train Epoch: 86 [10000/60000 (17%)]	Loss: 1.091072
Train Epoch: 86 [15000/60000 (25%)]	Loss: 1.154484
Train Epoch: 86 [20000/60000 (33%)]	Loss: 1.090000
Train Epoch: 86 [25000/60000 (42%)]	Loss: 1.060360
Train Epoch: 86 [30000/60000 (50%)]	Loss: 1.151322
Train Epoch: 86 [35000/60000 (58%)]	Loss: 1.122730
Train Epoch: 86 [40000/60000 (67%)]	Loss: 1.017822
Train Epoch: 86 [45000/60000 (75%)]	Loss: 1.012412
Train Epoch: 86 [50000/60000 (83%)]	Loss: 1.056902
Train Epoch: 86 [55000/60000 (92%)]	Loss: 1.023472
Train Epoch: 86 [60000/60000 (100%)]	Loss: 1.124487

Average Training loss: 0.0214, Training Error Rate: 67.08% (40250/60000)


Average Test loss: 0.0011, Test Error Rate: 66.74% (6674/10000)

Train Epoch: 87 [5000/60000 (8%)]	Loss: 1.218489
Train Epoch: 87 [10000/60000 (17%)]	Loss: 1.127159
Train Epoch: 87 [15000/60000 (25%)]	Loss: 1.181080
Train Epoch: 87 [20000/60000 (33%)]	Loss: 1.005300
Train Epoch: 87 [25000/60000 (42%)]	Loss: 1.170423
Train Epoch: 87 [30000/60000 (50%)]	Loss: 1.202289
Train Epoch: 87 [35000/60000 (58%)]	Loss: 1.050095
Train Epoch: 87 [40000/60000 (67%)]	Loss: 1.131041
Train Epoch: 87 [45000/60000 (75%)]	Loss: 1.094683
Train Epoch: 87 [50000/60000 (83%)]	Loss: 1.022537
Train Epoch: 87 [55000/60000 (92%)]	Loss: 1.099406
Train Epoch: 87 [60000/60000 (100%)]	Loss: 1.076148

Average Training loss: 0.0214, Training Error Rate: 67.37% (40420/60000)


Average Test loss: 0.0010, Test Error Rate: 65.39% (6539/10000)

Train Epoch: 88 [5000/60000 (8%)]	Loss: 1.101598
Train Epoch: 88 [10000/60000 (17%)]	Loss: 1.100778
Train Epoch: 88 [15000/60000 (25%)]	Loss: 1.181250
Train Epoch: 88 [20000/60000 (33%)]	Loss: 1.111181
Train Epoch: 88 [25000/60000 (42%)]	Loss: 1.192165
Train Epoch: 88 [30000/60000 (50%)]	Loss: 1.090698
Train Epoch: 88 [35000/60000 (58%)]	Loss: 0.982944
Train Epoch: 88 [40000/60000 (67%)]	Loss: 1.114233
Train Epoch: 88 [45000/60000 (75%)]	Loss: 1.003561
Train Epoch: 88 [50000/60000 (83%)]	Loss: 1.159694
Train Epoch: 88 [55000/60000 (92%)]	Loss: 1.103843
Train Epoch: 88 [60000/60000 (100%)]	Loss: 0.943087

Average Training loss: 0.0218, Training Error Rate: 67.71% (40625/60000)


Average Test loss: 0.0011, Test Error Rate: 66.96% (6696/10000)

Train Epoch: 89 [5000/60000 (8%)]	Loss: 1.100859
Train Epoch: 89 [10000/60000 (17%)]	Loss: 1.245585
Train Epoch: 89 [15000/60000 (25%)]	Loss: 0.950375
Train Epoch: 89 [20000/60000 (33%)]	Loss: 1.143828
Train Epoch: 89 [25000/60000 (42%)]	Loss: 1.160042
Train Epoch: 89 [30000/60000 (50%)]	Loss: 1.250598
Train Epoch: 89 [35000/60000 (58%)]	Loss: 1.112994
Train Epoch: 89 [40000/60000 (67%)]	Loss: 1.080250
Train Epoch: 89 [45000/60000 (75%)]	Loss: 1.047867
Train Epoch: 89 [50000/60000 (83%)]	Loss: 1.055701
Train Epoch: 89 [55000/60000 (92%)]	Loss: 1.120616
Train Epoch: 89 [60000/60000 (100%)]	Loss: 1.111820

Average Training loss: 0.0221, Training Error Rate: 67.90% (40738/60000)


Average Test loss: 0.0011, Test Error Rate: 66.40% (6640/10000)

Train Epoch: 90 [5000/60000 (8%)]	Loss: 1.120000
Train Epoch: 90 [10000/60000 (17%)]	Loss: 1.057149
Train Epoch: 90 [15000/60000 (25%)]	Loss: 1.014351
Train Epoch: 90 [20000/60000 (33%)]	Loss: 1.031481
Train Epoch: 90 [25000/60000 (42%)]	Loss: 1.043127
Train Epoch: 90 [30000/60000 (50%)]	Loss: 1.044947
Train Epoch: 90 [35000/60000 (58%)]	Loss: 0.990049
Train Epoch: 90 [40000/60000 (67%)]	Loss: 1.157552
Train Epoch: 90 [45000/60000 (75%)]	Loss: 1.096481
Train Epoch: 90 [50000/60000 (83%)]	Loss: 1.051391
Train Epoch: 90 [55000/60000 (92%)]	Loss: 1.052552
Train Epoch: 90 [60000/60000 (100%)]	Loss: 1.060081

Average Training loss: 0.0218, Training Error Rate: 67.59% (40556/60000)


Average Test loss: 0.0011, Test Error Rate: 66.75% (6675/10000)

Train Epoch: 91 [5000/60000 (8%)]	Loss: 1.103520
Train Epoch: 91 [10000/60000 (17%)]	Loss: 1.111487
Train Epoch: 91 [15000/60000 (25%)]	Loss: 1.164585
Train Epoch: 91 [20000/60000 (33%)]	Loss: 1.140287
Train Epoch: 91 [25000/60000 (42%)]	Loss: 1.022291
Train Epoch: 91 [30000/60000 (50%)]	Loss: 1.105109
Train Epoch: 91 [35000/60000 (58%)]	Loss: 1.080002
Train Epoch: 91 [40000/60000 (67%)]	Loss: 1.025288
Train Epoch: 91 [45000/60000 (75%)]	Loss: 1.264068
Train Epoch: 91 [50000/60000 (83%)]	Loss: 1.059557
Train Epoch: 91 [55000/60000 (92%)]	Loss: 1.085413
Train Epoch: 91 [60000/60000 (100%)]	Loss: 1.082535

Average Training loss: 0.0218, Training Error Rate: 67.67% (40599/60000)


Average Test loss: 0.0011, Test Error Rate: 67.09% (6709/10000)

Train Epoch: 92 [5000/60000 (8%)]	Loss: 1.157864
Train Epoch: 92 [10000/60000 (17%)]	Loss: 1.050865
Train Epoch: 92 [15000/60000 (25%)]	Loss: 1.068019
Train Epoch: 92 [20000/60000 (33%)]	Loss: 1.121345
Train Epoch: 92 [25000/60000 (42%)]	Loss: 1.048866
Train Epoch: 92 [30000/60000 (50%)]	Loss: 1.115417
Train Epoch: 92 [35000/60000 (58%)]	Loss: 1.161737
Train Epoch: 92 [40000/60000 (67%)]	Loss: 1.092737
Train Epoch: 92 [45000/60000 (75%)]	Loss: 1.102460
Train Epoch: 92 [50000/60000 (83%)]	Loss: 1.161888
Train Epoch: 92 [55000/60000 (92%)]	Loss: 1.120153
Train Epoch: 92 [60000/60000 (100%)]	Loss: 1.030189

Average Training loss: 0.0221, Training Error Rate: 67.92% (40753/60000)


Average Test loss: 0.0011, Test Error Rate: 66.89% (6689/10000)

Train Epoch: 93 [5000/60000 (8%)]	Loss: 1.061330
Train Epoch: 93 [10000/60000 (17%)]	Loss: 1.004586
Train Epoch: 93 [15000/60000 (25%)]	Loss: 1.221686
Train Epoch: 93 [20000/60000 (33%)]	Loss: 0.986580
Train Epoch: 93 [25000/60000 (42%)]	Loss: 1.078082
Train Epoch: 93 [30000/60000 (50%)]	Loss: 1.081749
Train Epoch: 93 [35000/60000 (58%)]	Loss: 1.197648
Train Epoch: 93 [40000/60000 (67%)]	Loss: 1.067381
Train Epoch: 93 [45000/60000 (75%)]	Loss: 0.990189
Train Epoch: 93 [50000/60000 (83%)]	Loss: 1.095962
Train Epoch: 93 [55000/60000 (92%)]	Loss: 1.100000
Train Epoch: 93 [60000/60000 (100%)]	Loss: 1.000679

Average Training loss: 0.0219, Training Error Rate: 67.45% (40469/60000)


Average Test loss: 0.0011, Test Error Rate: 65.95% (6595/10000)

Train Epoch: 94 [5000/60000 (8%)]	Loss: 1.072303
Train Epoch: 94 [10000/60000 (17%)]	Loss: 1.230000
Train Epoch: 94 [15000/60000 (25%)]	Loss: 1.067535
Train Epoch: 94 [20000/60000 (33%)]	Loss: 1.171057
Train Epoch: 94 [25000/60000 (42%)]	Loss: 1.040788
Train Epoch: 94 [30000/60000 (50%)]	Loss: 1.053868
Train Epoch: 94 [35000/60000 (58%)]	Loss: 1.187234
Train Epoch: 94 [40000/60000 (67%)]	Loss: 1.163538
Train Epoch: 94 [45000/60000 (75%)]	Loss: 0.964717
Train Epoch: 94 [50000/60000 (83%)]	Loss: 1.161523
Train Epoch: 94 [55000/60000 (92%)]	Loss: 1.112361
Train Epoch: 94 [60000/60000 (100%)]	Loss: 1.142731

Average Training loss: 0.0219, Training Error Rate: 67.40% (40439/60000)


Average Test loss: 0.0011, Test Error Rate: 66.08% (6608/10000)

Train Epoch: 95 [5000/60000 (8%)]	Loss: 1.137015
Train Epoch: 95 [10000/60000 (17%)]	Loss: 1.070077
Train Epoch: 95 [15000/60000 (25%)]	Loss: 1.031478
Train Epoch: 95 [20000/60000 (33%)]	Loss: 1.080498
Train Epoch: 95 [25000/60000 (42%)]	Loss: 1.178371
Train Epoch: 95 [30000/60000 (50%)]	Loss: 1.182538
Train Epoch: 95 [35000/60000 (58%)]	Loss: 1.122601
Train Epoch: 95 [40000/60000 (67%)]	Loss: 1.121366
Train Epoch: 95 [45000/60000 (75%)]	Loss: 1.091016
Train Epoch: 95 [50000/60000 (83%)]	Loss: 1.150906
Train Epoch: 95 [55000/60000 (92%)]	Loss: 1.044841
Train Epoch: 95 [60000/60000 (100%)]	Loss: 1.145784

Average Training loss: 0.0220, Training Error Rate: 67.69% (40617/60000)


Average Test loss: 0.0011, Test Error Rate: 67.57% (6757/10000)

Train Epoch: 96 [5000/60000 (8%)]	Loss: 1.032338
Train Epoch: 96 [10000/60000 (17%)]	Loss: 1.164972
Train Epoch: 96 [15000/60000 (25%)]	Loss: 1.150600
Train Epoch: 96 [20000/60000 (33%)]	Loss: 1.160136
Train Epoch: 96 [25000/60000 (42%)]	Loss: 1.161051
Train Epoch: 96 [30000/60000 (50%)]	Loss: 1.130000
Train Epoch: 96 [35000/60000 (58%)]	Loss: 1.070746
Train Epoch: 96 [40000/60000 (67%)]	Loss: 1.084302
Train Epoch: 96 [45000/60000 (75%)]	Loss: 1.054651
Train Epoch: 96 [50000/60000 (83%)]	Loss: 1.130000
Train Epoch: 96 [55000/60000 (92%)]	Loss: 1.070076
Train Epoch: 96 [60000/60000 (100%)]	Loss: 1.104528

Average Training loss: 0.0220, Training Error Rate: 67.37% (40422/60000)


Average Test loss: 0.0011, Test Error Rate: 66.27% (6627/10000)

Train Epoch: 97 [5000/60000 (8%)]	Loss: 1.103956
Train Epoch: 97 [10000/60000 (17%)]	Loss: 1.060340
Train Epoch: 97 [15000/60000 (25%)]	Loss: 1.110356
Train Epoch: 97 [20000/60000 (33%)]	Loss: 1.045547
Train Epoch: 97 [25000/60000 (42%)]	Loss: 0.989700
Train Epoch: 97 [30000/60000 (50%)]	Loss: 1.180603
Train Epoch: 97 [35000/60000 (58%)]	Loss: 1.224540
Train Epoch: 97 [40000/60000 (67%)]	Loss: 1.130627
Train Epoch: 97 [45000/60000 (75%)]	Loss: 1.111433
Train Epoch: 97 [50000/60000 (83%)]	Loss: 1.131712
Train Epoch: 97 [55000/60000 (92%)]	Loss: 1.150351
Train Epoch: 97 [60000/60000 (100%)]	Loss: 1.079223

Average Training loss: 0.0220, Training Error Rate: 67.43% (40459/60000)


Average Test loss: 0.0011, Test Error Rate: 67.30% (6730/10000)

Train Epoch: 98 [5000/60000 (8%)]	Loss: 1.119267
Train Epoch: 98 [10000/60000 (17%)]	Loss: 1.170006
Train Epoch: 98 [15000/60000 (25%)]	Loss: 1.080000
Train Epoch: 98 [20000/60000 (33%)]	Loss: 1.060415
Train Epoch: 98 [25000/60000 (42%)]	Loss: 1.057650
Train Epoch: 98 [30000/60000 (50%)]	Loss: 1.151583
Train Epoch: 98 [35000/60000 (58%)]	Loss: 1.030039
Train Epoch: 98 [40000/60000 (67%)]	Loss: 1.092357
Train Epoch: 98 [45000/60000 (75%)]	Loss: 1.144741
Train Epoch: 98 [50000/60000 (83%)]	Loss: 1.091334
Train Epoch: 98 [55000/60000 (92%)]	Loss: 1.040000
Train Epoch: 98 [60000/60000 (100%)]	Loss: 0.940000

Average Training loss: 0.0221, Training Error Rate: 67.61% (40563/60000)


Average Test loss: 0.0011, Test Error Rate: 66.77% (6677/10000)

Train Epoch: 99 [5000/60000 (8%)]	Loss: 1.110057
Train Epoch: 99 [10000/60000 (17%)]	Loss: 1.031431
Train Epoch: 99 [15000/60000 (25%)]	Loss: 1.098501
Train Epoch: 99 [20000/60000 (33%)]	Loss: 1.120000
Train Epoch: 99 [25000/60000 (42%)]	Loss: 1.101661
Train Epoch: 99 [30000/60000 (50%)]	Loss: 1.040000
Train Epoch: 99 [35000/60000 (58%)]	Loss: 1.032438
Train Epoch: 99 [40000/60000 (67%)]	Loss: 1.074475
Train Epoch: 99 [45000/60000 (75%)]	Loss: 1.134782
Train Epoch: 99 [50000/60000 (83%)]	Loss: 1.140610
Train Epoch: 99 [55000/60000 (92%)]	Loss: 1.120000
Train Epoch: 99 [60000/60000 (100%)]	Loss: 1.150406

Average Training loss: 0.0222, Training Error Rate: 67.88% (40727/60000)


Average Test loss: 0.0011, Test Error Rate: 67.36% (6736/10000)

/vast/home/ajherman/miniconda3/envs/pytorch/lib/python3.11/site-packages/torchvision/io/image.py:13: UserWarning: Failed to load image Python extension: '/vast/home/ajherman/miniconda3/envs/pytorch/lib/python3.11/site-packages/torchvision/image.so: undefined symbol: _ZN5torch3jit17parseSchemaOrNameERKNSt7__cxx1112basic_stringIcSt11char_traitsIcESaIcEEE'If you don't plan on using image functionality from `torchvision.io`, you can ignore this warning. Otherwise, there might be something wrong with your environment. Did you have `libjpeg` or `libpng` installed before building `torchvision` from source?
  warn(
Random seed set as 42
dt =  0.2340716616353513
trace decay =  0.5737534207374327
Random seed set as 42
Random seed set as 42
dt =  0.2340716616353513
trace decay =  0.5737534207374327
Random seed set as 42
/vast/home/ajherman/miniconda3/envs/pytorch/lib/python3.11/site-packages/torchvision/io/image.py:13: UserWarning: Failed to load image Python extension: '/vast/home/ajherman/miniconda3/envs/pytorch/lib/python3.11/site-packages/torchvision/image.so: undefined symbol: _ZN5torch3jit17parseSchemaOrNameERKNSt7__cxx1112basic_stringIcSt11char_traitsIcESaIcEEE'If you don't plan on using image functionality from `torchvision.io`, you can ignore this warning. Otherwise, there might be something wrong with your environment. Did you have `libjpeg` or `libpng` installed before building `torchvision` from source?
  warn(
Random seed set as 42
dt =  0.2340716616353513
trace decay =  0.5737534207374327
Random seed set as 42
Random seed set as 42
dt =  0.2340716616353513
trace decay =  0.5737534207374327
Random seed set as 42
