/vast/home/ajherman/miniconda3/envs/pytorch/lib/python3.11/site-packages/torchvision/io/image.py:13: UserWarning: Failed to load image Python extension: '/vast/home/ajherman/miniconda3/envs/pytorch/lib/python3.11/site-packages/torchvision/image.so: undefined symbol: _ZN5torch3jit17parseSchemaOrNameERKNSt7__cxx1112basic_stringIcSt11char_traitsIcESaIcEEE'If you don't plan on using image functionality from `torchvision.io`, you can ignore this warning. Otherwise, there might be something wrong with your environment. Did you have `libjpeg` or `libpng` installed before building `torchvision` from source?
  warn(
Random seed set as 42
dt =  0.5506710358827784
trace decay =  0.09071795328941253
Random seed set as 42
Random seed set as 42
dt =  0.5506710358827784
trace decay =  0.09071795328941253
Random seed set as 42
Train Epoch: 0 [10000/60000 (17%)]	Loss: 0.464949
Train Epoch: 0 [20000/60000 (33%)]	Loss: 0.437270
Train Epoch: 0 [30000/60000 (50%)]	Loss: 0.429804
Train Epoch: 0 [40000/60000 (67%)]	Loss: 0.401778
Train Epoch: 0 [50000/60000 (83%)]	Loss: 0.390438
Train Epoch: 0 [60000/60000 (100%)]	Loss: 0.382660

Average Training loss: 0.0043, Training Error Rate: 66.67% (40000/60000)


Average Test loss: 0.0004, Test Error Rate: 45.00% (4500/10000)

Train Epoch: 1 [10000/60000 (17%)]	Loss: 0.359476
Train Epoch: 1 [20000/60000 (33%)]	Loss: 0.352178
Train Epoch: 1 [30000/60000 (50%)]	Loss: 0.333995
Train Epoch: 1 [40000/60000 (67%)]	Loss: 0.336769
Train Epoch: 1 [50000/60000 (83%)]	Loss: 0.338313
Train Epoch: 1 [60000/60000 (100%)]	Loss: 0.318563

Average Training loss: 0.0035, Training Error Rate: 37.23% (22340/60000)


Average Test loss: 0.0003, Test Error Rate: 28.94% (2894/10000)

Train Epoch: 2 [10000/60000 (17%)]	Loss: 0.318590
Train Epoch: 2 [20000/60000 (33%)]	Loss: 0.301148
Train Epoch: 2 [30000/60000 (50%)]	Loss: 0.291041
Train Epoch: 2 [40000/60000 (67%)]	Loss: 0.287475
Train Epoch: 2 [50000/60000 (83%)]	Loss: 0.295543
Train Epoch: 2 [60000/60000 (100%)]	Loss: 0.301892

Average Training loss: 0.0030, Training Error Rate: 27.14% (16287/60000)


Average Test loss: 0.0003, Test Error Rate: 23.51% (2351/10000)

Train Epoch: 3 [10000/60000 (17%)]	Loss: 0.277628
Train Epoch: 3 [20000/60000 (33%)]	Loss: 0.262857
Train Epoch: 3 [30000/60000 (50%)]	Loss: 0.249685
Train Epoch: 3 [40000/60000 (67%)]	Loss: 0.264859
Train Epoch: 3 [50000/60000 (83%)]	Loss: 0.249392
Train Epoch: 3 [60000/60000 (100%)]	Loss: 0.253293

Average Training loss: 0.0026, Training Error Rate: 22.96% (13774/60000)


Average Test loss: 0.0002, Test Error Rate: 20.42% (2042/10000)

Train Epoch: 4 [10000/60000 (17%)]	Loss: 0.243590
Train Epoch: 4 [20000/60000 (33%)]	Loss: 0.248767
Train Epoch: 4 [30000/60000 (50%)]	Loss: 0.246458
Train Epoch: 4 [40000/60000 (67%)]	Loss: 0.240594
Train Epoch: 4 [50000/60000 (83%)]	Loss: 0.237449
Train Epoch: 4 [60000/60000 (100%)]	Loss: 0.211671

Average Training loss: 0.0023, Training Error Rate: 20.71% (12429/60000)


Average Test loss: 0.0002, Test Error Rate: 18.26% (1826/10000)

Train Epoch: 5 [10000/60000 (17%)]	Loss: 0.209749
Train Epoch: 5 [20000/60000 (33%)]	Loss: 0.223760
Train Epoch: 5 [30000/60000 (50%)]	Loss: 0.199589
Train Epoch: 5 [40000/60000 (67%)]	Loss: 0.220809
Train Epoch: 5 [50000/60000 (83%)]	Loss: 0.209373
Train Epoch: 5 [60000/60000 (100%)]	Loss: 0.203247

Average Training loss: 0.0021, Training Error Rate: 19.15% (11491/60000)


Average Test loss: 0.0002, Test Error Rate: 17.10% (1710/10000)

Train Epoch: 6 [10000/60000 (17%)]	Loss: 0.196899
Train Epoch: 6 [20000/60000 (33%)]	Loss: 0.215164
Train Epoch: 6 [30000/60000 (50%)]	Loss: 0.166635
Train Epoch: 6 [40000/60000 (67%)]	Loss: 0.181250
Train Epoch: 6 [50000/60000 (83%)]	Loss: 0.184167
Train Epoch: 6 [60000/60000 (100%)]	Loss: 0.186041

Average Training loss: 0.0020, Training Error Rate: 17.99% (10794/60000)


Average Test loss: 0.0002, Test Error Rate: 15.96% (1596/10000)

Train Epoch: 7 [10000/60000 (17%)]	Loss: 0.177786
Train Epoch: 7 [20000/60000 (33%)]	Loss: 0.177780
Train Epoch: 7 [30000/60000 (50%)]	Loss: 0.153478
Train Epoch: 7 [40000/60000 (67%)]	Loss: 0.203784
Train Epoch: 7 [50000/60000 (83%)]	Loss: 0.159674
Train Epoch: 7 [60000/60000 (100%)]	Loss: 0.169069

Average Training loss: 0.0018, Training Error Rate: 16.94% (10162/60000)


Average Test loss: 0.0002, Test Error Rate: 15.28% (1528/10000)

Train Epoch: 8 [10000/60000 (17%)]	Loss: 0.173860
Train Epoch: 8 [20000/60000 (33%)]	Loss: 0.178863
Train Epoch: 8 [30000/60000 (50%)]	Loss: 0.153155
Train Epoch: 8 [40000/60000 (67%)]	Loss: 0.173209
Train Epoch: 8 [50000/60000 (83%)]	Loss: 0.161456
Train Epoch: 8 [60000/60000 (100%)]	Loss: 0.182060

Average Training loss: 0.0017, Training Error Rate: 16.15% (9689/60000)


Average Test loss: 0.0002, Test Error Rate: 14.68% (1468/10000)

Train Epoch: 9 [10000/60000 (17%)]	Loss: 0.183012
Train Epoch: 9 [20000/60000 (33%)]	Loss: 0.154110
Train Epoch: 9 [30000/60000 (50%)]	Loss: 0.181583
Train Epoch: 9 [40000/60000 (67%)]	Loss: 0.140352
Train Epoch: 9 [50000/60000 (83%)]	Loss: 0.153876
Train Epoch: 9 [60000/60000 (100%)]	Loss: 0.130821

Average Training loss: 0.0016, Training Error Rate: 15.56% (9336/60000)


Average Test loss: 0.0002, Test Error Rate: 14.16% (1416/10000)

Train Epoch: 10 [10000/60000 (17%)]	Loss: 0.134764
Train Epoch: 10 [20000/60000 (33%)]	Loss: 0.150332
Train Epoch: 10 [30000/60000 (50%)]	Loss: 0.140471
Train Epoch: 10 [40000/60000 (67%)]	Loss: 0.163114
Train Epoch: 10 [50000/60000 (83%)]	Loss: 0.150595
Train Epoch: 10 [60000/60000 (100%)]	Loss: 0.128061

Average Training loss: 0.0015, Training Error Rate: 15.00% (9002/60000)


Average Test loss: 0.0001, Test Error Rate: 13.50% (1350/10000)

Train Epoch: 11 [10000/60000 (17%)]	Loss: 0.142361
Train Epoch: 11 [20000/60000 (33%)]	Loss: 0.154495
Train Epoch: 11 [30000/60000 (50%)]	Loss: 0.131388
Train Epoch: 11 [40000/60000 (67%)]	Loss: 0.157960
Train Epoch: 11 [50000/60000 (83%)]	Loss: 0.153294
Train Epoch: 11 [60000/60000 (100%)]	Loss: 0.146208

Average Training loss: 0.0015, Training Error Rate: 14.48% (8691/60000)


Average Test loss: 0.0001, Test Error Rate: 13.14% (1314/10000)

Train Epoch: 12 [10000/60000 (17%)]	Loss: 0.149398
Train Epoch: 12 [20000/60000 (33%)]	Loss: 0.152012
Train Epoch: 12 [30000/60000 (50%)]	Loss: 0.141296
Train Epoch: 12 [40000/60000 (67%)]	Loss: 0.116222
Train Epoch: 12 [50000/60000 (83%)]	Loss: 0.114343
Train Epoch: 12 [60000/60000 (100%)]	Loss: 0.139619

Average Training loss: 0.0014, Training Error Rate: 14.07% (8445/60000)


Average Test loss: 0.0001, Test Error Rate: 12.74% (1274/10000)

Train Epoch: 13 [10000/60000 (17%)]	Loss: 0.130894
Train Epoch: 13 [20000/60000 (33%)]	Loss: 0.116556
Train Epoch: 13 [30000/60000 (50%)]	Loss: 0.117266
Train Epoch: 13 [40000/60000 (67%)]	Loss: 0.149579
Train Epoch: 13 [50000/60000 (83%)]	Loss: 0.154451
Train Epoch: 13 [60000/60000 (100%)]	Loss: 0.118682

Average Training loss: 0.0014, Training Error Rate: 13.68% (8207/60000)


Average Test loss: 0.0001, Test Error Rate: 12.50% (1250/10000)

Train Epoch: 14 [10000/60000 (17%)]	Loss: 0.120140
Train Epoch: 14 [20000/60000 (33%)]	Loss: 0.140150
Train Epoch: 14 [30000/60000 (50%)]	Loss: 0.170661
Train Epoch: 14 [40000/60000 (67%)]	Loss: 0.139471
Train Epoch: 14 [50000/60000 (83%)]	Loss: 0.148674
Train Epoch: 14 [60000/60000 (100%)]	Loss: 0.131935

Average Training loss: 0.0013, Training Error Rate: 13.31% (7985/60000)


Average Test loss: 0.0001, Test Error Rate: 12.26% (1226/10000)

Train Epoch: 15 [10000/60000 (17%)]	Loss: 0.111187
Train Epoch: 15 [20000/60000 (33%)]	Loss: 0.120858
Train Epoch: 15 [30000/60000 (50%)]	Loss: 0.149600
Train Epoch: 15 [40000/60000 (67%)]	Loss: 0.143059
Train Epoch: 15 [50000/60000 (83%)]	Loss: 0.124795
Train Epoch: 15 [60000/60000 (100%)]	Loss: 0.100487

Average Training loss: 0.0013, Training Error Rate: 13.07% (7844/60000)


Average Test loss: 0.0001, Test Error Rate: 12.03% (1203/10000)

Train Epoch: 16 [10000/60000 (17%)]	Loss: 0.144295
Train Epoch: 16 [20000/60000 (33%)]	Loss: 0.125499
Train Epoch: 16 [30000/60000 (50%)]	Loss: 0.117006
Train Epoch: 16 [40000/60000 (67%)]	Loss: 0.133143
Train Epoch: 16 [50000/60000 (83%)]	Loss: 0.116123
Train Epoch: 16 [60000/60000 (100%)]	Loss: 0.144508

Average Training loss: 0.0013, Training Error Rate: 12.73% (7637/60000)


Average Test loss: 0.0001, Test Error Rate: 11.73% (1173/10000)

Train Epoch: 17 [10000/60000 (17%)]	Loss: 0.130996
Train Epoch: 17 [20000/60000 (33%)]	Loss: 0.136711
Train Epoch: 17 [30000/60000 (50%)]	Loss: 0.110614
Train Epoch: 17 [40000/60000 (67%)]	Loss: 0.133988
Train Epoch: 17 [50000/60000 (83%)]	Loss: 0.099275
Train Epoch: 17 [60000/60000 (100%)]	Loss: 0.102660

Average Training loss: 0.0012, Training Error Rate: 12.53% (7519/60000)


Average Test loss: 0.0001, Test Error Rate: 11.59% (1159/10000)

Train Epoch: 18 [10000/60000 (17%)]	Loss: 0.145968
Train Epoch: 18 [20000/60000 (33%)]	Loss: 0.101789
Train Epoch: 18 [30000/60000 (50%)]	Loss: 0.136610
Train Epoch: 18 [40000/60000 (67%)]	Loss: 0.132128
Train Epoch: 18 [50000/60000 (83%)]	Loss: 0.113624
Train Epoch: 18 [60000/60000 (100%)]	Loss: 0.124377

Average Training loss: 0.0012, Training Error Rate: 12.27% (7363/60000)


Average Test loss: 0.0001, Test Error Rate: 11.42% (1142/10000)

Train Epoch: 19 [10000/60000 (17%)]	Loss: 0.123303
Train Epoch: 19 [20000/60000 (33%)]	Loss: 0.135489
Train Epoch: 19 [30000/60000 (50%)]	Loss: 0.111214
Train Epoch: 19 [40000/60000 (67%)]	Loss: 0.108526
Train Epoch: 19 [50000/60000 (83%)]	Loss: 0.113184
Train Epoch: 19 [60000/60000 (100%)]	Loss: 0.108328

Average Training loss: 0.0012, Training Error Rate: 12.09% (7254/60000)


Average Test loss: 0.0001, Test Error Rate: 11.18% (1118/10000)

Train Epoch: 20 [10000/60000 (17%)]	Loss: 0.145688
Train Epoch: 20 [20000/60000 (33%)]	Loss: 0.124672
Train Epoch: 20 [30000/60000 (50%)]	Loss: 0.136062
Train Epoch: 20 [40000/60000 (67%)]	Loss: 0.122110
Train Epoch: 20 [50000/60000 (83%)]	Loss: 0.104759
Train Epoch: 20 [60000/60000 (100%)]	Loss: 0.102354

Average Training loss: 0.0012, Training Error Rate: 11.91% (7149/60000)


Average Test loss: 0.0001, Test Error Rate: 11.11% (1111/10000)

Train Epoch: 21 [10000/60000 (17%)]	Loss: 0.132085
Train Epoch: 21 [20000/60000 (33%)]	Loss: 0.119190
Train Epoch: 21 [30000/60000 (50%)]	Loss: 0.106596
Train Epoch: 21 [40000/60000 (67%)]	Loss: 0.112653
Train Epoch: 21 [50000/60000 (83%)]	Loss: 0.109066
Train Epoch: 21 [60000/60000 (100%)]	Loss: 0.102705

Average Training loss: 0.0011, Training Error Rate: 11.77% (7064/60000)


Average Test loss: 0.0001, Test Error Rate: 10.90% (1090/10000)

Train Epoch: 22 [10000/60000 (17%)]	Loss: 0.105588
Train Epoch: 22 [20000/60000 (33%)]	Loss: 0.130616
Train Epoch: 22 [30000/60000 (50%)]	Loss: 0.107915
Train Epoch: 22 [40000/60000 (67%)]	Loss: 0.133841
Train Epoch: 22 [50000/60000 (83%)]	Loss: 0.122626
Train Epoch: 22 [60000/60000 (100%)]	Loss: 0.134538

Average Training loss: 0.0011, Training Error Rate: 11.64% (6987/60000)


Average Test loss: 0.0001, Test Error Rate: 10.81% (1081/10000)

Train Epoch: 23 [10000/60000 (17%)]	Loss: 0.131360
Train Epoch: 23 [20000/60000 (33%)]	Loss: 0.100771
Train Epoch: 23 [30000/60000 (50%)]	Loss: 0.122365
Train Epoch: 23 [40000/60000 (67%)]	Loss: 0.133737
Train Epoch: 23 [50000/60000 (83%)]	Loss: 0.092379
Train Epoch: 23 [60000/60000 (100%)]	Loss: 0.099295

Average Training loss: 0.0011, Training Error Rate: 11.46% (6879/60000)


Average Test loss: 0.0001, Test Error Rate: 10.78% (1078/10000)

Train Epoch: 24 [10000/60000 (17%)]	Loss: 0.097561
Train Epoch: 24 [20000/60000 (33%)]	Loss: 0.099210
Train Epoch: 24 [30000/60000 (50%)]	Loss: 0.085699
Train Epoch: 24 [40000/60000 (67%)]	Loss: 0.147063
Train Epoch: 24 [50000/60000 (83%)]	Loss: 0.133765
Train Epoch: 24 [60000/60000 (100%)]	Loss: 0.116216

Average Training loss: 0.0011, Training Error Rate: 11.36% (6818/60000)


Average Test loss: 0.0001, Test Error Rate: 10.69% (1069/10000)

Train Epoch: 25 [10000/60000 (17%)]	Loss: 0.102619
Train Epoch: 25 [20000/60000 (33%)]	Loss: 0.113285
Train Epoch: 25 [30000/60000 (50%)]	Loss: 0.084976
Train Epoch: 25 [40000/60000 (67%)]	Loss: 0.101433
Train Epoch: 25 [50000/60000 (83%)]	Loss: 0.105791
Train Epoch: 25 [60000/60000 (100%)]	Loss: 0.112496

Average Training loss: 0.0011, Training Error Rate: 11.24% (6743/60000)


Average Test loss: 0.0001, Test Error Rate: 10.58% (1058/10000)

Train Epoch: 26 [10000/60000 (17%)]	Loss: 0.108995
Train Epoch: 26 [20000/60000 (33%)]	Loss: 0.128674
Train Epoch: 26 [30000/60000 (50%)]	Loss: 0.124083
Train Epoch: 26 [40000/60000 (67%)]	Loss: 0.092232
Train Epoch: 26 [50000/60000 (83%)]	Loss: 0.126217
Train Epoch: 26 [60000/60000 (100%)]	Loss: 0.108054

Average Training loss: 0.0011, Training Error Rate: 11.17% (6701/60000)


Average Test loss: 0.0001, Test Error Rate: 10.48% (1048/10000)

Train Epoch: 27 [10000/60000 (17%)]	Loss: 0.128662
Train Epoch: 27 [20000/60000 (33%)]	Loss: 0.082764
Train Epoch: 27 [30000/60000 (50%)]	Loss: 0.098364
Train Epoch: 27 [40000/60000 (67%)]	Loss: 0.111251
Train Epoch: 27 [50000/60000 (83%)]	Loss: 0.087618
Train Epoch: 27 [60000/60000 (100%)]	Loss: 0.107233

Average Training loss: 0.0010, Training Error Rate: 11.07% (6645/60000)


Average Test loss: 0.0001, Test Error Rate: 10.35% (1035/10000)

Train Epoch: 28 [10000/60000 (17%)]	Loss: 0.098001
Train Epoch: 28 [20000/60000 (33%)]	Loss: 0.102665
Train Epoch: 28 [30000/60000 (50%)]	Loss: 0.091490
Train Epoch: 28 [40000/60000 (67%)]	Loss: 0.114728
Train Epoch: 28 [50000/60000 (83%)]	Loss: 0.092258
Train Epoch: 28 [60000/60000 (100%)]	Loss: 0.130436

Average Training loss: 0.0010, Training Error Rate: 10.98% (6591/60000)


Average Test loss: 0.0001, Test Error Rate: 10.32% (1032/10000)

Train Epoch: 29 [10000/60000 (17%)]	Loss: 0.115800
Train Epoch: 29 [20000/60000 (33%)]	Loss: 0.110055
Train Epoch: 29 [30000/60000 (50%)]	Loss: 0.096115
Train Epoch: 29 [40000/60000 (67%)]	Loss: 0.124979
Train Epoch: 29 [50000/60000 (83%)]	Loss: 0.119196
Train Epoch: 29 [60000/60000 (100%)]	Loss: 0.110361

Average Training loss: 0.0010, Training Error Rate: 10.90% (6542/60000)


Average Test loss: 0.0001, Test Error Rate: 10.26% (1026/10000)

Train Epoch: 30 [10000/60000 (17%)]	Loss: 0.108494
Train Epoch: 30 [20000/60000 (33%)]	Loss: 0.105396
Train Epoch: 30 [30000/60000 (50%)]	Loss: 0.099415
Train Epoch: 30 [40000/60000 (67%)]	Loss: 0.116474
Train Epoch: 30 [50000/60000 (83%)]	Loss: 0.127569
Train Epoch: 30 [60000/60000 (100%)]	Loss: 0.141628

Average Training loss: 0.0010, Training Error Rate: 10.80% (6478/60000)


Average Test loss: 0.0001, Test Error Rate: 10.15% (1015/10000)

Train Epoch: 31 [10000/60000 (17%)]	Loss: 0.095133
Train Epoch: 31 [20000/60000 (33%)]	Loss: 0.107371
Train Epoch: 31 [30000/60000 (50%)]	Loss: 0.083705
Train Epoch: 31 [40000/60000 (67%)]	Loss: 0.089263
Train Epoch: 31 [50000/60000 (83%)]	Loss: 0.086086
Train Epoch: 31 [60000/60000 (100%)]	Loss: 0.096964

Average Training loss: 0.0010, Training Error Rate: 10.70% (6422/60000)


Average Test loss: 0.0001, Test Error Rate: 10.11% (1011/10000)

Train Epoch: 32 [10000/60000 (17%)]	Loss: 0.077199
Train Epoch: 32 [20000/60000 (33%)]	Loss: 0.087686
Train Epoch: 32 [30000/60000 (50%)]	Loss: 0.075767
Train Epoch: 32 [40000/60000 (67%)]	Loss: 0.133710
Train Epoch: 32 [50000/60000 (83%)]	Loss: 0.121026
Train Epoch: 32 [60000/60000 (100%)]	Loss: 0.107057

Average Training loss: 0.0010, Training Error Rate: 10.62% (6375/60000)


Average Test loss: 0.0001, Test Error Rate: 10.02% (1002/10000)

Train Epoch: 33 [10000/60000 (17%)]	Loss: 0.102848
Train Epoch: 33 [20000/60000 (33%)]	Loss: 0.110273
Train Epoch: 33 [30000/60000 (50%)]	Loss: 0.103387
Train Epoch: 33 [40000/60000 (67%)]	Loss: 0.087660
Train Epoch: 33 [50000/60000 (83%)]	Loss: 0.093142
Train Epoch: 33 [60000/60000 (100%)]	Loss: 0.117681

Average Training loss: 0.0010, Training Error Rate: 10.55% (6331/60000)


Average Test loss: 0.0001, Test Error Rate: 9.90% (990/10000)

Train Epoch: 34 [10000/60000 (17%)]	Loss: 0.059864
Train Epoch: 34 [20000/60000 (33%)]	Loss: 0.076689
Train Epoch: 34 [30000/60000 (50%)]	Loss: 0.089220
Train Epoch: 34 [40000/60000 (67%)]	Loss: 0.093036
Train Epoch: 34 [50000/60000 (83%)]	Loss: 0.111863
Train Epoch: 34 [60000/60000 (100%)]	Loss: 0.089794

Average Training loss: 0.0010, Training Error Rate: 10.48% (6286/60000)


Average Test loss: 0.0001, Test Error Rate: 9.97% (997/10000)

Train Epoch: 35 [10000/60000 (17%)]	Loss: 0.135531
Train Epoch: 35 [20000/60000 (33%)]	Loss: 0.066589
Train Epoch: 35 [30000/60000 (50%)]	Loss: 0.092143
Train Epoch: 35 [40000/60000 (67%)]	Loss: 0.073903
Train Epoch: 35 [50000/60000 (83%)]	Loss: 0.082375
Train Epoch: 35 [60000/60000 (100%)]	Loss: 0.076114

Average Training loss: 0.0010, Training Error Rate: 10.46% (6278/60000)


Average Test loss: 0.0001, Test Error Rate: 9.82% (982/10000)

Train Epoch: 36 [10000/60000 (17%)]	Loss: 0.116540
Train Epoch: 36 [20000/60000 (33%)]	Loss: 0.069987
Train Epoch: 36 [30000/60000 (50%)]	Loss: 0.098207
Train Epoch: 36 [40000/60000 (67%)]	Loss: 0.091227
Train Epoch: 36 [50000/60000 (83%)]	Loss: 0.082514
Train Epoch: 36 [60000/60000 (100%)]	Loss: 0.097570

Average Training loss: 0.0010, Training Error Rate: 10.38% (6226/60000)


Average Test loss: 0.0001, Test Error Rate: 9.67% (967/10000)

Train Epoch: 37 [10000/60000 (17%)]	Loss: 0.093129
Train Epoch: 37 [20000/60000 (33%)]	Loss: 0.093445
Train Epoch: 37 [30000/60000 (50%)]	Loss: 0.112295
Train Epoch: 37 [40000/60000 (67%)]	Loss: 0.078033
Train Epoch: 37 [50000/60000 (83%)]	Loss: 0.095242
Train Epoch: 37 [60000/60000 (100%)]	Loss: 0.117869

Average Training loss: 0.0010, Training Error Rate: 10.33% (6198/60000)


Average Test loss: 0.0001, Test Error Rate: 9.62% (962/10000)

Train Epoch: 38 [10000/60000 (17%)]	Loss: 0.083067
Train Epoch: 38 [20000/60000 (33%)]	Loss: 0.113238
Train Epoch: 38 [30000/60000 (50%)]	Loss: 0.100099
Train Epoch: 38 [40000/60000 (67%)]	Loss: 0.057214
Train Epoch: 38 [50000/60000 (83%)]	Loss: 0.091893
Train Epoch: 38 [60000/60000 (100%)]	Loss: 0.120173

Average Training loss: 0.0009, Training Error Rate: 10.25% (6152/60000)


Average Test loss: 0.0001, Test Error Rate: 9.60% (960/10000)

Train Epoch: 39 [10000/60000 (17%)]	Loss: 0.098837
Train Epoch: 39 [20000/60000 (33%)]	Loss: 0.111703
Train Epoch: 39 [30000/60000 (50%)]	Loss: 0.080687
Train Epoch: 39 [40000/60000 (67%)]	Loss: 0.082920
Train Epoch: 39 [50000/60000 (83%)]	Loss: 0.088862
Train Epoch: 39 [60000/60000 (100%)]	Loss: 0.107903

Average Training loss: 0.0009, Training Error Rate: 10.21% (6126/60000)


Average Test loss: 0.0001, Test Error Rate: 9.56% (956/10000)

Train Epoch: 40 [10000/60000 (17%)]	Loss: 0.075102
Train Epoch: 40 [20000/60000 (33%)]	Loss: 0.092483
Train Epoch: 40 [30000/60000 (50%)]	Loss: 0.048357
Train Epoch: 40 [40000/60000 (67%)]	Loss: 0.098045
Train Epoch: 40 [50000/60000 (83%)]	Loss: 0.080618
Train Epoch: 40 [60000/60000 (100%)]	Loss: 0.117469

Average Training loss: 0.0009, Training Error Rate: 10.14% (6085/60000)


Average Test loss: 0.0001, Test Error Rate: 9.45% (945/10000)

Train Epoch: 41 [10000/60000 (17%)]	Loss: 0.079818
Train Epoch: 41 [20000/60000 (33%)]	Loss: 0.076959
Train Epoch: 41 [30000/60000 (50%)]	Loss: 0.090739
Train Epoch: 41 [40000/60000 (67%)]	Loss: 0.089355
Train Epoch: 41 [50000/60000 (83%)]	Loss: 0.109985
Train Epoch: 41 [60000/60000 (100%)]	Loss: 0.091769

Average Training loss: 0.0009, Training Error Rate: 10.05% (6031/60000)


Average Test loss: 0.0001, Test Error Rate: 9.44% (944/10000)

Train Epoch: 42 [10000/60000 (17%)]	Loss: 0.090880
Train Epoch: 42 [20000/60000 (33%)]	Loss: 0.092667
Train Epoch: 42 [30000/60000 (50%)]	Loss: 0.116544
Train Epoch: 42 [40000/60000 (67%)]	Loss: 0.129697
Train Epoch: 42 [50000/60000 (83%)]	Loss: 0.099353
Train Epoch: 42 [60000/60000 (100%)]	Loss: 0.091744

Average Training loss: 0.0009, Training Error Rate: 10.06% (6034/60000)


Average Test loss: 0.0001, Test Error Rate: 9.42% (942/10000)

Train Epoch: 43 [10000/60000 (17%)]	Loss: 0.093158
Train Epoch: 43 [20000/60000 (33%)]	Loss: 0.101581
Train Epoch: 43 [30000/60000 (50%)]	Loss: 0.087190
Train Epoch: 43 [40000/60000 (67%)]	Loss: 0.099571
Train Epoch: 43 [50000/60000 (83%)]	Loss: 0.091342
Train Epoch: 43 [60000/60000 (100%)]	Loss: 0.091650

Average Training loss: 0.0009, Training Error Rate: 9.99% (5993/60000)


Average Test loss: 0.0001, Test Error Rate: 9.39% (939/10000)

Train Epoch: 44 [10000/60000 (17%)]	Loss: 0.111188
Train Epoch: 44 [20000/60000 (33%)]	Loss: 0.098933
Train Epoch: 44 [30000/60000 (50%)]	Loss: 0.097568
Train Epoch: 44 [40000/60000 (67%)]	Loss: 0.132735
Train Epoch: 44 [50000/60000 (83%)]	Loss: 0.108876
Train Epoch: 44 [60000/60000 (100%)]	Loss: 0.091609

Average Training loss: 0.0009, Training Error Rate: 9.93% (5959/60000)


Average Test loss: 0.0001, Test Error Rate: 9.33% (933/10000)

Train Epoch: 45 [10000/60000 (17%)]	Loss: 0.073288
Train Epoch: 45 [20000/60000 (33%)]	Loss: 0.077134
Train Epoch: 45 [30000/60000 (50%)]	Loss: 0.094665
Train Epoch: 45 [40000/60000 (67%)]	Loss: 0.080640
Train Epoch: 45 [50000/60000 (83%)]	Loss: 0.081932
Train Epoch: 45 [60000/60000 (100%)]	Loss: 0.088849

Average Training loss: 0.0009, Training Error Rate: 9.89% (5933/60000)


Average Test loss: 0.0001, Test Error Rate: 9.25% (925/10000)

Train Epoch: 46 [10000/60000 (17%)]	Loss: 0.083640
Train Epoch: 46 [20000/60000 (33%)]	Loss: 0.094238
Train Epoch: 46 [30000/60000 (50%)]	Loss: 0.073415
Train Epoch: 46 [40000/60000 (67%)]	Loss: 0.109572
Train Epoch: 46 [50000/60000 (83%)]	Loss: 0.088218
Train Epoch: 46 [60000/60000 (100%)]	Loss: 0.068082

Average Training loss: 0.0009, Training Error Rate: 9.82% (5892/60000)


Average Test loss: 0.0001, Test Error Rate: 9.26% (926/10000)

Train Epoch: 47 [10000/60000 (17%)]	Loss: 0.091533
Train Epoch: 47 [20000/60000 (33%)]	Loss: 0.089234
Train Epoch: 47 [30000/60000 (50%)]	Loss: 0.142205
Train Epoch: 47 [40000/60000 (67%)]	Loss: 0.107568
Train Epoch: 47 [50000/60000 (83%)]	Loss: 0.078984
Train Epoch: 47 [60000/60000 (100%)]	Loss: 0.112528

Average Training loss: 0.0009, Training Error Rate: 9.74% (5842/60000)


Average Test loss: 0.0001, Test Error Rate: 9.22% (922/10000)

Train Epoch: 48 [10000/60000 (17%)]	Loss: 0.089272
Train Epoch: 48 [20000/60000 (33%)]	Loss: 0.109169
Train Epoch: 48 [30000/60000 (50%)]	Loss: 0.080479
Train Epoch: 48 [40000/60000 (67%)]	Loss: 0.106294
Train Epoch: 48 [50000/60000 (83%)]	Loss: 0.085962
Train Epoch: 48 [60000/60000 (100%)]	Loss: 0.085659

Average Training loss: 0.0009, Training Error Rate: 9.71% (5823/60000)


Average Test loss: 0.0001, Test Error Rate: 9.14% (914/10000)

Train Epoch: 49 [10000/60000 (17%)]	Loss: 0.085986
Train Epoch: 49 [20000/60000 (33%)]	Loss: 0.097218
Train Epoch: 49 [30000/60000 (50%)]	Loss: 0.084746
Train Epoch: 49 [40000/60000 (67%)]	Loss: 0.069746
Train Epoch: 49 [50000/60000 (83%)]	Loss: 0.059687
Train Epoch: 49 [60000/60000 (100%)]	Loss: 0.072849

Average Training loss: 0.0009, Training Error Rate: 9.63% (5781/60000)


Average Test loss: 0.0001, Test Error Rate: 9.11% (911/10000)

Train Epoch: 50 [10000/60000 (17%)]	Loss: 0.076331
Train Epoch: 50 [20000/60000 (33%)]	Loss: 0.063107
Train Epoch: 50 [30000/60000 (50%)]	Loss: 0.079738
Train Epoch: 50 [40000/60000 (67%)]	Loss: 0.087755
Train Epoch: 50 [50000/60000 (83%)]	Loss: 0.102559
Train Epoch: 50 [60000/60000 (100%)]	Loss: 0.110078

Average Training loss: 0.0009, Training Error Rate: 9.56% (5737/60000)


Average Test loss: 0.0001, Test Error Rate: 9.08% (908/10000)

Train Epoch: 51 [10000/60000 (17%)]	Loss: 0.110337
Train Epoch: 51 [20000/60000 (33%)]	Loss: 0.081138
Train Epoch: 51 [30000/60000 (50%)]	Loss: 0.078350
Train Epoch: 51 [40000/60000 (67%)]	Loss: 0.102742
Train Epoch: 51 [50000/60000 (83%)]	Loss: 0.076712
Train Epoch: 51 [60000/60000 (100%)]	Loss: 0.065366

Average Training loss: 0.0009, Training Error Rate: 9.57% (5740/60000)


Average Test loss: 0.0001, Test Error Rate: 9.09% (909/10000)

Train Epoch: 52 [10000/60000 (17%)]	Loss: 0.097013
Train Epoch: 52 [20000/60000 (33%)]	Loss: 0.082892
Train Epoch: 52 [30000/60000 (50%)]	Loss: 0.098968
Train Epoch: 52 [40000/60000 (67%)]	Loss: 0.119706
Train Epoch: 52 [50000/60000 (83%)]	Loss: 0.089742
Train Epoch: 52 [60000/60000 (100%)]	Loss: 0.088572

Average Training loss: 0.0009, Training Error Rate: 9.54% (5721/60000)


Average Test loss: 0.0001, Test Error Rate: 9.03% (903/10000)

Train Epoch: 53 [10000/60000 (17%)]	Loss: 0.082039
Train Epoch: 53 [20000/60000 (33%)]	Loss: 0.073829
Train Epoch: 53 [30000/60000 (50%)]	Loss: 0.085607
Train Epoch: 53 [40000/60000 (67%)]	Loss: 0.075789
Train Epoch: 53 [50000/60000 (83%)]	Loss: 0.127076
Train Epoch: 53 [60000/60000 (100%)]	Loss: 0.097624

Average Training loss: 0.0009, Training Error Rate: 9.49% (5694/60000)


Average Test loss: 0.0001, Test Error Rate: 8.96% (896/10000)

Train Epoch: 54 [10000/60000 (17%)]	Loss: 0.092286
Train Epoch: 54 [20000/60000 (33%)]	Loss: 0.085350
Train Epoch: 54 [30000/60000 (50%)]	Loss: 0.087422
Train Epoch: 54 [40000/60000 (67%)]	Loss: 0.080014
Train Epoch: 54 [50000/60000 (83%)]	Loss: 0.069834
Train Epoch: 54 [60000/60000 (100%)]	Loss: 0.053711

Average Training loss: 0.0009, Training Error Rate: 9.43% (5656/60000)


Average Test loss: 0.0001, Test Error Rate: 8.86% (886/10000)

Train Epoch: 55 [10000/60000 (17%)]	Loss: 0.080055
Train Epoch: 55 [20000/60000 (33%)]	Loss: 0.081446
Train Epoch: 55 [30000/60000 (50%)]	Loss: 0.068782
Train Epoch: 55 [40000/60000 (67%)]	Loss: 0.062191
Train Epoch: 55 [50000/60000 (83%)]	Loss: 0.073299
Train Epoch: 55 [60000/60000 (100%)]	Loss: 0.109280

Average Training loss: 0.0008, Training Error Rate: 9.40% (5642/60000)


Average Test loss: 0.0001, Test Error Rate: 8.87% (887/10000)

Train Epoch: 56 [10000/60000 (17%)]	Loss: 0.075348
Train Epoch: 56 [20000/60000 (33%)]	Loss: 0.066455
Train Epoch: 56 [30000/60000 (50%)]	Loss: 0.089449
Train Epoch: 56 [40000/60000 (67%)]	Loss: 0.088168
Train Epoch: 56 [50000/60000 (83%)]	Loss: 0.123731
Train Epoch: 56 [60000/60000 (100%)]	Loss: 0.100350

Average Training loss: 0.0008, Training Error Rate: 9.35% (5607/60000)


Average Test loss: 0.0001, Test Error Rate: 8.76% (876/10000)

Train Epoch: 57 [10000/60000 (17%)]	Loss: 0.061983
Train Epoch: 57 [20000/60000 (33%)]	Loss: 0.089933
Train Epoch: 57 [30000/60000 (50%)]	Loss: 0.082917
Train Epoch: 57 [40000/60000 (67%)]	Loss: 0.098428
Train Epoch: 57 [50000/60000 (83%)]	Loss: 0.081264
Train Epoch: 57 [60000/60000 (100%)]	Loss: 0.076560

Average Training loss: 0.0008, Training Error Rate: 9.31% (5584/60000)


Average Test loss: 0.0001, Test Error Rate: 8.76% (876/10000)

Train Epoch: 58 [10000/60000 (17%)]	Loss: 0.093110
Train Epoch: 58 [20000/60000 (33%)]	Loss: 0.099370
Train Epoch: 58 [30000/60000 (50%)]	Loss: 0.064627
Train Epoch: 58 [40000/60000 (67%)]	Loss: 0.062690
Train Epoch: 58 [50000/60000 (83%)]	Loss: 0.081391
Train Epoch: 58 [60000/60000 (100%)]	Loss: 0.082496

Average Training loss: 0.0008, Training Error Rate: 9.23% (5540/60000)


Average Test loss: 0.0001, Test Error Rate: 8.72% (872/10000)

Train Epoch: 59 [10000/60000 (17%)]	Loss: 0.082213
Train Epoch: 59 [20000/60000 (33%)]	Loss: 0.099338
Train Epoch: 59 [30000/60000 (50%)]	Loss: 0.094969
Train Epoch: 59 [40000/60000 (67%)]	Loss: 0.074223
Train Epoch: 59 [50000/60000 (83%)]	Loss: 0.073911
Train Epoch: 59 [60000/60000 (100%)]	Loss: 0.091035

Average Training loss: 0.0008, Training Error Rate: 9.21% (5524/60000)


Average Test loss: 0.0001, Test Error Rate: 8.67% (867/10000)

Train Epoch: 60 [10000/60000 (17%)]	Loss: 0.119332
Train Epoch: 60 [20000/60000 (33%)]	Loss: 0.072194
Train Epoch: 60 [30000/60000 (50%)]	Loss: 0.087483
Train Epoch: 60 [40000/60000 (67%)]	Loss: 0.065101
Train Epoch: 60 [50000/60000 (83%)]	Loss: 0.071559
Train Epoch: 60 [60000/60000 (100%)]	Loss: 0.048612

Average Training loss: 0.0008, Training Error Rate: 9.15% (5492/60000)


Average Test loss: 0.0001, Test Error Rate: 8.62% (862/10000)

Train Epoch: 61 [10000/60000 (17%)]	Loss: 0.090375
Train Epoch: 61 [20000/60000 (33%)]	Loss: 0.053451
Train Epoch: 61 [30000/60000 (50%)]	Loss: 0.072413
Train Epoch: 61 [40000/60000 (67%)]	Loss: 0.085027
Train Epoch: 61 [50000/60000 (83%)]	Loss: 0.065894
Train Epoch: 61 [60000/60000 (100%)]	Loss: 0.076261

Average Training loss: 0.0008, Training Error Rate: 9.10% (5461/60000)


Average Test loss: 0.0001, Test Error Rate: 8.54% (854/10000)

Train Epoch: 62 [10000/60000 (17%)]	Loss: 0.066349
Train Epoch: 62 [20000/60000 (33%)]	Loss: 0.091028
Train Epoch: 62 [30000/60000 (50%)]	Loss: 0.081677
Train Epoch: 62 [40000/60000 (67%)]	Loss: 0.058726
Train Epoch: 62 [50000/60000 (83%)]	Loss: 0.066515
Train Epoch: 62 [60000/60000 (100%)]	Loss: 0.112515

Average Training loss: 0.0008, Training Error Rate: 9.07% (5440/60000)


Average Test loss: 0.0001, Test Error Rate: 8.45% (845/10000)

Train Epoch: 63 [10000/60000 (17%)]	Loss: 0.073201
Train Epoch: 63 [20000/60000 (33%)]	Loss: 0.067676
Train Epoch: 63 [30000/60000 (50%)]	Loss: 0.109180
Train Epoch: 63 [40000/60000 (67%)]	Loss: 0.102265
Train Epoch: 63 [50000/60000 (83%)]	Loss: 0.087864
Train Epoch: 63 [60000/60000 (100%)]	Loss: 0.092820

Average Training loss: 0.0008, Training Error Rate: 9.03% (5417/60000)


Average Test loss: 0.0001, Test Error Rate: 8.44% (844/10000)

Train Epoch: 64 [10000/60000 (17%)]	Loss: 0.093445
Train Epoch: 64 [20000/60000 (33%)]	Loss: 0.078868
Train Epoch: 64 [30000/60000 (50%)]	Loss: 0.090118
Train Epoch: 64 [40000/60000 (67%)]	Loss: 0.069521
Train Epoch: 64 [50000/60000 (83%)]	Loss: 0.083446
Train Epoch: 64 [60000/60000 (100%)]	Loss: 0.077617

Average Training loss: 0.0008, Training Error Rate: 8.99% (5397/60000)


Average Test loss: 0.0001, Test Error Rate: 8.40% (840/10000)

Train Epoch: 65 [10000/60000 (17%)]	Loss: 0.096825
Train Epoch: 65 [20000/60000 (33%)]	Loss: 0.085623
Train Epoch: 65 [30000/60000 (50%)]	Loss: 0.075999
Train Epoch: 65 [40000/60000 (67%)]	Loss: 0.063771
Train Epoch: 65 [50000/60000 (83%)]	Loss: 0.109003
Train Epoch: 65 [60000/60000 (100%)]	Loss: 0.086344

Average Training loss: 0.0008, Training Error Rate: 8.98% (5391/60000)


Average Test loss: 0.0001, Test Error Rate: 8.35% (835/10000)

Train Epoch: 66 [10000/60000 (17%)]	Loss: 0.081422
Train Epoch: 66 [20000/60000 (33%)]	Loss: 0.091344
Train Epoch: 66 [30000/60000 (50%)]	Loss: 0.064713
Train Epoch: 66 [40000/60000 (67%)]	Loss: 0.070664
Train Epoch: 66 [50000/60000 (83%)]	Loss: 0.100471
Train Epoch: 66 [60000/60000 (100%)]	Loss: 0.076913

Average Training loss: 0.0008, Training Error Rate: 8.93% (5360/60000)


Average Test loss: 0.0001, Test Error Rate: 8.34% (834/10000)

Train Epoch: 67 [10000/60000 (17%)]	Loss: 0.078007
Train Epoch: 67 [20000/60000 (33%)]	Loss: 0.080427
Train Epoch: 67 [30000/60000 (50%)]	Loss: 0.054180
Train Epoch: 67 [40000/60000 (67%)]	Loss: 0.066680
Train Epoch: 67 [50000/60000 (83%)]	Loss: 0.069521
Train Epoch: 67 [60000/60000 (100%)]	Loss: 0.092199

Average Training loss: 0.0008, Training Error Rate: 8.92% (5351/60000)


Average Test loss: 0.0001, Test Error Rate: 8.28% (828/10000)

Train Epoch: 68 [10000/60000 (17%)]	Loss: 0.098224
Train Epoch: 68 [20000/60000 (33%)]	Loss: 0.073608
Train Epoch: 68 [30000/60000 (50%)]	Loss: 0.072345
Train Epoch: 68 [40000/60000 (67%)]	Loss: 0.066129
Train Epoch: 68 [50000/60000 (83%)]	Loss: 0.071966
Train Epoch: 68 [60000/60000 (100%)]	Loss: 0.079911

Average Training loss: 0.0008, Training Error Rate: 8.87% (5323/60000)


Average Test loss: 0.0001, Test Error Rate: 8.13% (813/10000)

Train Epoch: 69 [10000/60000 (17%)]	Loss: 0.047370
Train Epoch: 69 [20000/60000 (33%)]	Loss: 0.077391
Train Epoch: 69 [30000/60000 (50%)]	Loss: 0.088174
Train Epoch: 69 [40000/60000 (67%)]	Loss: 0.061256
Train Epoch: 69 [50000/60000 (83%)]	Loss: 0.074306
Train Epoch: 69 [60000/60000 (100%)]	Loss: 0.083039

Average Training loss: 0.0008, Training Error Rate: 8.82% (5291/60000)


Average Test loss: 0.0001, Test Error Rate: 8.11% (811/10000)

Train Epoch: 70 [10000/60000 (17%)]	Loss: 0.059329
Train Epoch: 70 [20000/60000 (33%)]	Loss: 0.078120
Train Epoch: 70 [30000/60000 (50%)]	Loss: 0.103201
Train Epoch: 70 [40000/60000 (67%)]	Loss: 0.071339
Train Epoch: 70 [50000/60000 (83%)]	Loss: 0.079350
Train Epoch: 70 [60000/60000 (100%)]	Loss: 0.059811

Average Training loss: 0.0008, Training Error Rate: 8.80% (5280/60000)


Average Test loss: 0.0001, Test Error Rate: 8.14% (814/10000)

Train Epoch: 71 [10000/60000 (17%)]	Loss: 0.080388
Train Epoch: 71 [20000/60000 (33%)]	Loss: 0.052941
Train Epoch: 71 [30000/60000 (50%)]	Loss: 0.088208
Train Epoch: 71 [40000/60000 (67%)]	Loss: 0.073604
Train Epoch: 71 [50000/60000 (83%)]	Loss: 0.072345
Train Epoch: 71 [60000/60000 (100%)]	Loss: 0.075690

Average Training loss: 0.0008, Training Error Rate: 8.79% (5276/60000)


Average Test loss: 0.0001, Test Error Rate: 8.08% (808/10000)

Train Epoch: 72 [10000/60000 (17%)]	Loss: 0.047487
Train Epoch: 72 [20000/60000 (33%)]	Loss: 0.066862
Train Epoch: 72 [30000/60000 (50%)]	Loss: 0.095509
Train Epoch: 72 [40000/60000 (67%)]	Loss: 0.071029
Train Epoch: 72 [50000/60000 (83%)]	Loss: 0.084603
Train Epoch: 72 [60000/60000 (100%)]	Loss: 0.072775

Average Training loss: 0.0008, Training Error Rate: 8.74% (5246/60000)


Average Test loss: 0.0001, Test Error Rate: 8.09% (809/10000)

Train Epoch: 73 [10000/60000 (17%)]	Loss: 0.049572
Train Epoch: 73 [20000/60000 (33%)]	Loss: 0.101833
Train Epoch: 73 [30000/60000 (50%)]	Loss: 0.091762
Train Epoch: 73 [40000/60000 (67%)]	Loss: 0.061773
Train Epoch: 73 [50000/60000 (83%)]	Loss: 0.078498
Train Epoch: 73 [60000/60000 (100%)]	Loss: 0.088103

Average Training loss: 0.0008, Training Error Rate: 8.70% (5217/60000)


Average Test loss: 0.0001, Test Error Rate: 8.03% (803/10000)

Train Epoch: 74 [10000/60000 (17%)]	Loss: 0.086372
Train Epoch: 74 [20000/60000 (33%)]	Loss: 0.102979
Train Epoch: 74 [30000/60000 (50%)]	Loss: 0.056804
Train Epoch: 74 [40000/60000 (67%)]	Loss: 0.068448
Train Epoch: 74 [50000/60000 (83%)]	Loss: 0.074367
Train Epoch: 74 [60000/60000 (100%)]	Loss: 0.071103

Average Training loss: 0.0008, Training Error Rate: 8.68% (5208/60000)


Average Test loss: 0.0001, Test Error Rate: 7.99% (799/10000)

Train Epoch: 75 [10000/60000 (17%)]	Loss: 0.102914
Train Epoch: 75 [20000/60000 (33%)]	Loss: 0.072376
Train Epoch: 75 [30000/60000 (50%)]	Loss: 0.088888
Train Epoch: 75 [40000/60000 (67%)]	Loss: 0.074224
Train Epoch: 75 [50000/60000 (83%)]	Loss: 0.087122
Train Epoch: 75 [60000/60000 (100%)]	Loss: 0.069987

Average Training loss: 0.0008, Training Error Rate: 8.60% (5158/60000)


Average Test loss: 0.0001, Test Error Rate: 7.99% (799/10000)

Train Epoch: 76 [10000/60000 (17%)]	Loss: 0.063436
Train Epoch: 76 [20000/60000 (33%)]	Loss: 0.067288
Train Epoch: 76 [30000/60000 (50%)]	Loss: 0.117195
Train Epoch: 76 [40000/60000 (67%)]	Loss: 0.079569
Train Epoch: 76 [50000/60000 (83%)]	Loss: 0.076161
Train Epoch: 76 [60000/60000 (100%)]	Loss: 0.064811

Average Training loss: 0.0008, Training Error Rate: 8.58% (5150/60000)


Average Test loss: 0.0001, Test Error Rate: 7.93% (793/10000)

Train Epoch: 77 [10000/60000 (17%)]	Loss: 0.064071
Train Epoch: 77 [20000/60000 (33%)]	Loss: 0.075096
Train Epoch: 77 [30000/60000 (50%)]	Loss: 0.079208
Train Epoch: 77 [40000/60000 (67%)]	Loss: 0.111007
Train Epoch: 77 [50000/60000 (83%)]	Loss: 0.087530
Train Epoch: 77 [60000/60000 (100%)]	Loss: 0.080012

Average Training loss: 0.0008, Training Error Rate: 8.55% (5131/60000)


Average Test loss: 0.0001, Test Error Rate: 7.90% (790/10000)

Train Epoch: 78 [10000/60000 (17%)]	Loss: 0.085931
Train Epoch: 78 [20000/60000 (33%)]	Loss: 0.064994
Train Epoch: 78 [30000/60000 (50%)]	Loss: 0.094882
Train Epoch: 78 [40000/60000 (67%)]	Loss: 0.065462
Train Epoch: 78 [50000/60000 (83%)]	Loss: 0.069203
Train Epoch: 78 [60000/60000 (100%)]	Loss: 0.089823

Average Training loss: 0.0008, Training Error Rate: 8.50% (5099/60000)


Average Test loss: 0.0001, Test Error Rate: 7.86% (786/10000)

Train Epoch: 79 [10000/60000 (17%)]	Loss: 0.087952
Train Epoch: 79 [20000/60000 (33%)]	Loss: 0.075889
Train Epoch: 79 [30000/60000 (50%)]	Loss: 0.079336
Train Epoch: 79 [40000/60000 (67%)]	Loss: 0.075872
Train Epoch: 79 [50000/60000 (83%)]	Loss: 0.095550
Train Epoch: 79 [60000/60000 (100%)]	Loss: 0.079479

Average Training loss: 0.0008, Training Error Rate: 8.49% (5092/60000)


Average Test loss: 0.0001, Test Error Rate: 7.92% (792/10000)

Train Epoch: 80 [10000/60000 (17%)]	Loss: 0.072266
Train Epoch: 80 [20000/60000 (33%)]	Loss: 0.101547
Train Epoch: 80 [30000/60000 (50%)]	Loss: 0.076272
Train Epoch: 80 [40000/60000 (67%)]	Loss: 0.060853
Train Epoch: 80 [50000/60000 (83%)]	Loss: 0.078206
Train Epoch: 80 [60000/60000 (100%)]	Loss: 0.060273

Average Training loss: 0.0008, Training Error Rate: 8.47% (5082/60000)


Average Test loss: 0.0001, Test Error Rate: 7.87% (787/10000)

Train Epoch: 81 [10000/60000 (17%)]	Loss: 0.053088
Train Epoch: 81 [20000/60000 (33%)]	Loss: 0.051030
Train Epoch: 81 [30000/60000 (50%)]	Loss: 0.086907
Train Epoch: 81 [40000/60000 (67%)]	Loss: 0.093669
Train Epoch: 81 [50000/60000 (83%)]	Loss: 0.087688
Train Epoch: 81 [60000/60000 (100%)]	Loss: 0.090901

Average Training loss: 0.0008, Training Error Rate: 8.41% (5048/60000)


Average Test loss: 0.0001, Test Error Rate: 7.81% (781/10000)

Train Epoch: 82 [10000/60000 (17%)]	Loss: 0.064035
Train Epoch: 82 [20000/60000 (33%)]	Loss: 0.052244
Train Epoch: 82 [30000/60000 (50%)]	Loss: 0.078125
Train Epoch: 82 [40000/60000 (67%)]	Loss: 0.106882
Train Epoch: 82 [50000/60000 (83%)]	Loss: 0.094257
Train Epoch: 82 [60000/60000 (100%)]	Loss: 0.063289

Average Training loss: 0.0008, Training Error Rate: 8.41% (5048/60000)


Average Test loss: 0.0001, Test Error Rate: 7.83% (783/10000)

Train Epoch: 83 [10000/60000 (17%)]	Loss: 0.056109
Train Epoch: 83 [20000/60000 (33%)]	Loss: 0.069303
Train Epoch: 83 [30000/60000 (50%)]	Loss: 0.076733
Train Epoch: 83 [40000/60000 (67%)]	Loss: 0.067118
Train Epoch: 83 [50000/60000 (83%)]	Loss: 0.065246
Train Epoch: 83 [60000/60000 (100%)]	Loss: 0.091178

Average Training loss: 0.0008, Training Error Rate: 8.38% (5027/60000)


Average Test loss: 0.0001, Test Error Rate: 7.80% (780/10000)

Train Epoch: 84 [10000/60000 (17%)]	Loss: 0.062881
Train Epoch: 84 [20000/60000 (33%)]	Loss: 0.068214
Train Epoch: 84 [30000/60000 (50%)]	Loss: 0.083433
Train Epoch: 84 [40000/60000 (67%)]	Loss: 0.105926
Train Epoch: 84 [50000/60000 (83%)]	Loss: 0.075007
Train Epoch: 84 [60000/60000 (100%)]	Loss: 0.065567

Average Training loss: 0.0007, Training Error Rate: 8.34% (5006/60000)


Average Test loss: 0.0001, Test Error Rate: 7.70% (770/10000)

Train Epoch: 85 [10000/60000 (17%)]	Loss: 0.059943
Train Epoch: 85 [20000/60000 (33%)]	Loss: 0.111709
Train Epoch: 85 [30000/60000 (50%)]	Loss: 0.074672
Train Epoch: 85 [40000/60000 (67%)]	Loss: 0.086683
Train Epoch: 85 [50000/60000 (83%)]	Loss: 0.064858
Train Epoch: 85 [60000/60000 (100%)]	Loss: 0.052966

Average Training loss: 0.0007, Training Error Rate: 8.30% (4983/60000)


Average Test loss: 0.0001, Test Error Rate: 7.72% (772/10000)

Train Epoch: 86 [10000/60000 (17%)]	Loss: 0.093996
Train Epoch: 86 [20000/60000 (33%)]	Loss: 0.062075
Train Epoch: 86 [30000/60000 (50%)]	Loss: 0.110620
Train Epoch: 86 [40000/60000 (67%)]	Loss: 0.075469
Train Epoch: 86 [50000/60000 (83%)]	Loss: 0.102942
Train Epoch: 86 [60000/60000 (100%)]	Loss: 0.084054

Average Training loss: 0.0007, Training Error Rate: 8.30% (4979/60000)


Average Test loss: 0.0001, Test Error Rate: 7.70% (770/10000)

Train Epoch: 87 [10000/60000 (17%)]	Loss: 0.082341
Train Epoch: 87 [20000/60000 (33%)]	Loss: 0.073918
Train Epoch: 87 [30000/60000 (50%)]	Loss: 0.079114
Train Epoch: 87 [40000/60000 (67%)]	Loss: 0.092034
Train Epoch: 87 [50000/60000 (83%)]	Loss: 0.072326
Train Epoch: 87 [60000/60000 (100%)]	Loss: 0.083497

Average Training loss: 0.0007, Training Error Rate: 8.24% (4945/60000)


Average Test loss: 0.0001, Test Error Rate: 7.72% (772/10000)

Train Epoch: 88 [10000/60000 (17%)]	Loss: 0.046088
Train Epoch: 88 [20000/60000 (33%)]	Loss: 0.072083
Train Epoch: 88 [30000/60000 (50%)]	Loss: 0.065427
Train Epoch: 88 [40000/60000 (67%)]	Loss: 0.064100
Train Epoch: 88 [50000/60000 (83%)]	Loss: 0.062453
Train Epoch: 88 [60000/60000 (100%)]	Loss: 0.084264

Average Training loss: 0.0007, Training Error Rate: 8.20% (4922/60000)


Average Test loss: 0.0001, Test Error Rate: 7.71% (771/10000)

Train Epoch: 89 [10000/60000 (17%)]	Loss: 0.064047
Train Epoch: 89 [20000/60000 (33%)]	Loss: 0.076796
Train Epoch: 89 [30000/60000 (50%)]	Loss: 0.087055
Train Epoch: 89 [40000/60000 (67%)]	Loss: 0.064491
Train Epoch: 89 [50000/60000 (83%)]	Loss: 0.056743
Train Epoch: 89 [60000/60000 (100%)]	Loss: 0.067861

Average Training loss: 0.0007, Training Error Rate: 8.20% (4921/60000)


Average Test loss: 0.0001, Test Error Rate: 7.62% (762/10000)

Train Epoch: 90 [10000/60000 (17%)]	Loss: 0.079197
Train Epoch: 90 [20000/60000 (33%)]	Loss: 0.077513
Train Epoch: 90 [30000/60000 (50%)]	Loss: 0.094878
Train Epoch: 90 [40000/60000 (67%)]	Loss: 0.093367
Train Epoch: 90 [50000/60000 (83%)]	Loss: 0.038842
Train Epoch: 90 [60000/60000 (100%)]	Loss: 0.054702

Average Training loss: 0.0007, Training Error Rate: 8.21% (4923/60000)


Average Test loss: 0.0001, Test Error Rate: 7.65% (765/10000)

Train Epoch: 91 [10000/60000 (17%)]	Loss: 0.079261
Train Epoch: 91 [20000/60000 (33%)]	Loss: 0.053605
Train Epoch: 91 [30000/60000 (50%)]	Loss: 0.093696
Train Epoch: 91 [40000/60000 (67%)]	Loss: 0.071340
Train Epoch: 91 [50000/60000 (83%)]	Loss: 0.073183
Train Epoch: 91 [60000/60000 (100%)]	Loss: 0.086202

Average Training loss: 0.0007, Training Error Rate: 8.17% (4903/60000)


Average Test loss: 0.0001, Test Error Rate: 7.69% (769/10000)

Train Epoch: 92 [10000/60000 (17%)]	Loss: 0.057948
Train Epoch: 92 [20000/60000 (33%)]	Loss: 0.057898
Train Epoch: 92 [30000/60000 (50%)]	Loss: 0.085646
Train Epoch: 92 [40000/60000 (67%)]	Loss: 0.062847
Train Epoch: 92 [50000/60000 (83%)]	Loss: 0.097230
Train Epoch: 92 [60000/60000 (100%)]	Loss: 0.074247

Average Training loss: 0.0007, Training Error Rate: 8.15% (4891/60000)


Average Test loss: 0.0001, Test Error Rate: 7.58% (758/10000)

Train Epoch: 93 [10000/60000 (17%)]	Loss: 0.066534
Train Epoch: 93 [20000/60000 (33%)]	Loss: 0.086088
Train Epoch: 93 [30000/60000 (50%)]	Loss: 0.063497
Train Epoch: 93 [40000/60000 (67%)]	Loss: 0.075888
Train Epoch: 93 [50000/60000 (83%)]	Loss: 0.076386
Train Epoch: 93 [60000/60000 (100%)]	Loss: 0.070317

Average Training loss: 0.0007, Training Error Rate: 8.12% (4874/60000)


Average Test loss: 0.0001, Test Error Rate: 7.61% (761/10000)

Train Epoch: 94 [10000/60000 (17%)]	Loss: 0.089536
Train Epoch: 94 [20000/60000 (33%)]	Loss: 0.065970
Train Epoch: 94 [30000/60000 (50%)]	Loss: 0.059413
Train Epoch: 94 [40000/60000 (67%)]	Loss: 0.071953
Train Epoch: 94 [50000/60000 (83%)]	Loss: 0.056311
Train Epoch: 94 [60000/60000 (100%)]	Loss: 0.096204

Average Training loss: 0.0007, Training Error Rate: 8.09% (4854/60000)


Average Test loss: 0.0001, Test Error Rate: 7.58% (758/10000)

Train Epoch: 95 [10000/60000 (17%)]	Loss: 0.077264
Train Epoch: 95 [20000/60000 (33%)]	Loss: 0.072993
Train Epoch: 95 [30000/60000 (50%)]	Loss: 0.075470
Train Epoch: 95 [40000/60000 (67%)]	Loss: 0.065049
Train Epoch: 95 [50000/60000 (83%)]	Loss: 0.072706
Train Epoch: 95 [60000/60000 (100%)]	Loss: 0.068088

Average Training loss: 0.0007, Training Error Rate: 8.06% (4838/60000)


Average Test loss: 0.0001, Test Error Rate: 7.57% (757/10000)

Train Epoch: 96 [10000/60000 (17%)]	Loss: 0.081016
Train Epoch: 96 [20000/60000 (33%)]	Loss: 0.058121
Train Epoch: 96 [30000/60000 (50%)]	Loss: 0.067115
Train Epoch: 96 [40000/60000 (67%)]	Loss: 0.063140
Train Epoch: 96 [50000/60000 (83%)]	Loss: 0.074194
Train Epoch: 96 [60000/60000 (100%)]	Loss: 0.106606

Average Training loss: 0.0007, Training Error Rate: 8.06% (4835/60000)


Average Test loss: 0.0001, Test Error Rate: 7.56% (756/10000)

Train Epoch: 97 [10000/60000 (17%)]	Loss: 0.054517
Train Epoch: 97 [20000/60000 (33%)]	Loss: 0.112468
Train Epoch: 97 [30000/60000 (50%)]	Loss: 0.114386
Train Epoch: 97 [40000/60000 (67%)]	Loss: 0.050401
Train Epoch: 97 [50000/60000 (83%)]	Loss: 0.070726
Train Epoch: 97 [60000/60000 (100%)]	Loss: 0.095409

Average Training loss: 0.0007, Training Error Rate: 8.02% (4814/60000)


Average Test loss: 0.0001, Test Error Rate: 7.48% (748/10000)

Train Epoch: 98 [10000/60000 (17%)]	Loss: 0.070802
Train Epoch: 98 [20000/60000 (33%)]	Loss: 0.074083
Train Epoch: 98 [30000/60000 (50%)]	Loss: 0.057002
Train Epoch: 98 [40000/60000 (67%)]	Loss: 0.064745
Train Epoch: 98 [50000/60000 (83%)]	Loss: 0.056088
Train Epoch: 98 [60000/60000 (100%)]	Loss: 0.035221

Average Training loss: 0.0007, Training Error Rate: 8.01% (4804/60000)


Average Test loss: 0.0001, Test Error Rate: 7.52% (752/10000)

Train Epoch: 99 [10000/60000 (17%)]	Loss: 0.095684
Train Epoch: 99 [20000/60000 (33%)]	Loss: 0.040850
Train Epoch: 99 [30000/60000 (50%)]	Loss: 0.030124
Train Epoch: 99 [40000/60000 (67%)]	Loss: 0.079559
Train Epoch: 99 [50000/60000 (83%)]	Loss: 0.085380
Train Epoch: 99 [60000/60000 (100%)]	Loss: 0.058074

Average Training loss: 0.0007, Training Error Rate: 7.98% (4787/60000)


Average Test loss: 0.0001, Test Error Rate: 7.50% (750/10000)

/vast/home/ajherman/miniconda3/envs/pytorch/lib/python3.11/site-packages/torchvision/io/image.py:13: UserWarning: Failed to load image Python extension: '/vast/home/ajherman/miniconda3/envs/pytorch/lib/python3.11/site-packages/torchvision/image.so: undefined symbol: _ZN5torch3jit17parseSchemaOrNameERKNSt7__cxx1112basic_stringIcSt11char_traitsIcESaIcEEE'If you don't plan on using image functionality from `torchvision.io`, you can ignore this warning. Otherwise, there might be something wrong with your environment. Did you have `libjpeg` or `libpng` installed before building `torchvision` from source?
  warn(
Random seed set as 42
dt =  0.5506710358827784
trace decay =  0.09071795328941253
Random seed set as 42
Random seed set as 42
dt =  0.5506710358827784
trace decay =  0.09071795328941253
Random seed set as 42
