/vast/home/ajherman/miniconda3/envs/pytorch/lib/python3.11/site-packages/torchvision/io/image.py:13: UserWarning: Failed to load image Python extension: '/vast/home/ajherman/miniconda3/envs/pytorch/lib/python3.11/site-packages/torchvision/image.so: undefined symbol: _ZN5torch3jit17parseSchemaOrNameERKNSt7__cxx1112basic_stringIcSt11char_traitsIcESaIcEEE'If you don't plan on using image functionality from `torchvision.io`, you can ignore this warning. Otherwise, there might be something wrong with your environment. Did you have `libjpeg` or `libpng` installed before building `torchvision` from source?
  warn(
Random seed set as 42
dt =  0.28346868942621073
trace decay =  0.5737534207374327
Random seed set as 42
Random seed set as 42
dt =  0.28346868942621073
trace decay =  0.5737534207374327
Random seed set as 42
Train Epoch: 0 [20000/60000 (33%)]	Loss: 0.426528
Train Epoch: 0 [40000/60000 (67%)]	Loss: 0.388015
Train Epoch: 0 [60000/60000 (100%)]	Loss: 0.364248

Average Training loss: 0.0021, Training Error Rate: 64.23% (38539/60000)


Average Test loss: 0.0004, Test Error Rate: 42.58% (4258/10000)

Train Epoch: 1 [20000/60000 (33%)]	Loss: 0.336703
Train Epoch: 1 [40000/60000 (67%)]	Loss: 0.316585
Train Epoch: 1 [60000/60000 (100%)]	Loss: 0.283871

Average Training loss: 0.0016, Training Error Rate: 35.41% (21246/60000)


Average Test loss: 0.0003, Test Error Rate: 27.84% (2784/10000)

Train Epoch: 2 [20000/60000 (33%)]	Loss: 0.272648
Train Epoch: 2 [40000/60000 (67%)]	Loss: 0.259163
Train Epoch: 2 [60000/60000 (100%)]	Loss: 0.256905

Average Training loss: 0.0014, Training Error Rate: 26.60% (15959/60000)


Average Test loss: 0.0002, Test Error Rate: 23.20% (2320/10000)

Train Epoch: 3 [20000/60000 (33%)]	Loss: 0.240921
Train Epoch: 3 [40000/60000 (67%)]	Loss: 0.226652
Train Epoch: 3 [60000/60000 (100%)]	Loss: 0.224498

Average Training loss: 0.0012, Training Error Rate: 22.57% (13544/60000)


Average Test loss: 0.0002, Test Error Rate: 19.98% (1998/10000)

Train Epoch: 4 [20000/60000 (33%)]	Loss: 0.223095
Train Epoch: 4 [40000/60000 (67%)]	Loss: 0.220696
Train Epoch: 4 [60000/60000 (100%)]	Loss: 0.218814

Average Training loss: 0.0011, Training Error Rate: 20.57% (12343/60000)


Average Test loss: 0.0002, Test Error Rate: 18.46% (1846/10000)

Train Epoch: 5 [20000/60000 (33%)]	Loss: 0.200613
Train Epoch: 5 [40000/60000 (67%)]	Loss: 0.202999
Train Epoch: 5 [60000/60000 (100%)]	Loss: 0.218077

Average Training loss: 0.0010, Training Error Rate: 18.82% (11291/60000)


Average Test loss: 0.0002, Test Error Rate: 17.07% (1707/10000)

Train Epoch: 6 [20000/60000 (33%)]	Loss: 0.207867
Train Epoch: 6 [40000/60000 (67%)]	Loss: 0.188949
Train Epoch: 6 [60000/60000 (100%)]	Loss: 0.177491

Average Training loss: 0.0010, Training Error Rate: 17.80% (10679/60000)


Average Test loss: 0.0002, Test Error Rate: 16.14% (1614/10000)

Train Epoch: 7 [20000/60000 (33%)]	Loss: 0.196540
Train Epoch: 7 [40000/60000 (67%)]	Loss: 0.203222
Train Epoch: 7 [60000/60000 (100%)]	Loss: 0.179025

Average Training loss: 0.0009, Training Error Rate: 17.04% (10226/60000)


Average Test loss: 0.0002, Test Error Rate: 15.68% (1568/10000)

Train Epoch: 8 [20000/60000 (33%)]	Loss: 0.170060
Train Epoch: 8 [40000/60000 (67%)]	Loss: 0.181110
Train Epoch: 8 [60000/60000 (100%)]	Loss: 0.173736

Average Training loss: 0.0009, Training Error Rate: 16.32% (9791/60000)


Average Test loss: 0.0002, Test Error Rate: 14.84% (1484/10000)

Train Epoch: 9 [20000/60000 (33%)]	Loss: 0.165968
Train Epoch: 9 [40000/60000 (67%)]	Loss: 0.158815
Train Epoch: 9 [60000/60000 (100%)]	Loss: 0.166399

Average Training loss: 0.0009, Training Error Rate: 15.74% (9446/60000)


Average Test loss: 0.0002, Test Error Rate: 14.38% (1438/10000)

Train Epoch: 10 [20000/60000 (33%)]	Loss: 0.168563
Train Epoch: 10 [40000/60000 (67%)]	Loss: 0.165666
Train Epoch: 10 [60000/60000 (100%)]	Loss: 0.161039

Average Training loss: 0.0008, Training Error Rate: 15.36% (9213/60000)


Average Test loss: 0.0002, Test Error Rate: 14.25% (1425/10000)

Train Epoch: 11 [20000/60000 (33%)]	Loss: 0.152303
Train Epoch: 11 [40000/60000 (67%)]	Loss: 0.177285
Train Epoch: 11 [60000/60000 (100%)]	Loss: 0.160212

Average Training loss: 0.0008, Training Error Rate: 14.86% (8918/60000)


Average Test loss: 0.0002, Test Error Rate: 13.89% (1389/10000)

Train Epoch: 12 [20000/60000 (33%)]	Loss: 0.171747
Train Epoch: 12 [40000/60000 (67%)]	Loss: 0.151583
Train Epoch: 12 [60000/60000 (100%)]	Loss: 0.150385

Average Training loss: 0.0008, Training Error Rate: 14.56% (8738/60000)


Average Test loss: 0.0002, Test Error Rate: 13.80% (1380/10000)

Train Epoch: 13 [20000/60000 (33%)]	Loss: 0.147532
Train Epoch: 13 [40000/60000 (67%)]	Loss: 0.167504
Train Epoch: 13 [60000/60000 (100%)]	Loss: 0.144398

Average Training loss: 0.0008, Training Error Rate: 14.23% (8539/60000)


Average Test loss: 0.0001, Test Error Rate: 13.21% (1321/10000)

Train Epoch: 14 [20000/60000 (33%)]	Loss: 0.163949
Train Epoch: 14 [40000/60000 (67%)]	Loss: 0.168654
Train Epoch: 14 [60000/60000 (100%)]	Loss: 0.153351

Average Training loss: 0.0008, Training Error Rate: 13.96% (8373/60000)


Average Test loss: 0.0001, Test Error Rate: 13.09% (1309/10000)

Train Epoch: 15 [20000/60000 (33%)]	Loss: 0.158497
Train Epoch: 15 [40000/60000 (67%)]	Loss: 0.165094
Train Epoch: 15 [60000/60000 (100%)]	Loss: 0.154134

Average Training loss: 0.0008, Training Error Rate: 13.84% (8305/60000)


Average Test loss: 0.0001, Test Error Rate: 12.88% (1288/10000)

Train Epoch: 16 [20000/60000 (33%)]	Loss: 0.154534
Train Epoch: 16 [40000/60000 (67%)]	Loss: 0.163701
Train Epoch: 16 [60000/60000 (100%)]	Loss: 0.151412

Average Training loss: 0.0007, Training Error Rate: 13.56% (8139/60000)


Average Test loss: 0.0001, Test Error Rate: 12.33% (1233/10000)

Train Epoch: 17 [20000/60000 (33%)]	Loss: 0.151826
Train Epoch: 17 [40000/60000 (67%)]	Loss: 0.155791
Train Epoch: 17 [60000/60000 (100%)]	Loss: 0.140528

Average Training loss: 0.0007, Training Error Rate: 13.35% (8012/60000)


Average Test loss: 0.0001, Test Error Rate: 12.68% (1268/10000)

Train Epoch: 18 [20000/60000 (33%)]	Loss: 0.127195
Train Epoch: 18 [40000/60000 (67%)]	Loss: 0.155721
Train Epoch: 18 [60000/60000 (100%)]	Loss: 0.140665

Average Training loss: 0.0007, Training Error Rate: 13.08% (7846/60000)


Average Test loss: 0.0001, Test Error Rate: 12.04% (1204/10000)

Train Epoch: 19 [20000/60000 (33%)]	Loss: 0.161572
Train Epoch: 19 [40000/60000 (67%)]	Loss: 0.140326
Train Epoch: 19 [60000/60000 (100%)]	Loss: 0.134678

Average Training loss: 0.0007, Training Error Rate: 13.06% (7839/60000)


Average Test loss: 0.0001, Test Error Rate: 12.06% (1206/10000)

Train Epoch: 20 [20000/60000 (33%)]	Loss: 0.145871
Train Epoch: 20 [40000/60000 (67%)]	Loss: 0.154199
Train Epoch: 20 [60000/60000 (100%)]	Loss: 0.136221

Average Training loss: 0.0007, Training Error Rate: 12.83% (7700/60000)


Average Test loss: 0.0001, Test Error Rate: 12.11% (1211/10000)

Train Epoch: 21 [20000/60000 (33%)]	Loss: 0.142622
Train Epoch: 21 [40000/60000 (67%)]	Loss: 0.139191
Train Epoch: 21 [60000/60000 (100%)]	Loss: 0.147930

Average Training loss: 0.0007, Training Error Rate: 12.68% (7608/60000)


Average Test loss: 0.0001, Test Error Rate: 11.69% (1169/10000)

Train Epoch: 22 [20000/60000 (33%)]	Loss: 0.139903
Train Epoch: 22 [40000/60000 (67%)]	Loss: 0.146572
Train Epoch: 22 [60000/60000 (100%)]	Loss: 0.158333

Average Training loss: 0.0007, Training Error Rate: 12.52% (7513/60000)


Average Test loss: 0.0001, Test Error Rate: 11.81% (1181/10000)

Train Epoch: 23 [20000/60000 (33%)]	Loss: 0.138682
Train Epoch: 23 [40000/60000 (67%)]	Loss: 0.147895
Train Epoch: 23 [60000/60000 (100%)]	Loss: 0.132428

Average Training loss: 0.0007, Training Error Rate: 12.24% (7343/60000)


Average Test loss: 0.0001, Test Error Rate: 11.67% (1167/10000)

Train Epoch: 24 [20000/60000 (33%)]	Loss: 0.126359
Train Epoch: 24 [40000/60000 (67%)]	Loss: 0.157725
Train Epoch: 24 [60000/60000 (100%)]	Loss: 0.144892

Average Training loss: 0.0007, Training Error Rate: 12.33% (7400/60000)


Average Test loss: 0.0001, Test Error Rate: 11.19% (1119/10000)

Train Epoch: 25 [20000/60000 (33%)]	Loss: 0.149404
Train Epoch: 25 [40000/60000 (67%)]	Loss: 0.126861
Train Epoch: 25 [60000/60000 (100%)]	Loss: 0.132885

Average Training loss: 0.0007, Training Error Rate: 12.08% (7250/60000)


Average Test loss: 0.0001, Test Error Rate: 11.43% (1143/10000)

Train Epoch: 26 [20000/60000 (33%)]	Loss: 0.139765
Train Epoch: 26 [40000/60000 (67%)]	Loss: 0.130261
Train Epoch: 26 [60000/60000 (100%)]	Loss: 0.119066

Average Training loss: 0.0007, Training Error Rate: 12.01% (7203/60000)


Average Test loss: 0.0001, Test Error Rate: 11.25% (1125/10000)

Train Epoch: 27 [20000/60000 (33%)]	Loss: 0.100420
Train Epoch: 27 [40000/60000 (67%)]	Loss: 0.132419
Train Epoch: 27 [60000/60000 (100%)]	Loss: 0.131992

Average Training loss: 0.0007, Training Error Rate: 11.85% (7110/60000)


Average Test loss: 0.0001, Test Error Rate: 11.44% (1144/10000)

Train Epoch: 28 [20000/60000 (33%)]	Loss: 0.121660
Train Epoch: 28 [40000/60000 (67%)]	Loss: 0.117605
Train Epoch: 28 [60000/60000 (100%)]	Loss: 0.133653

Average Training loss: 0.0007, Training Error Rate: 11.91% (7146/60000)


Average Test loss: 0.0001, Test Error Rate: 10.86% (1086/10000)

Train Epoch: 29 [20000/60000 (33%)]	Loss: 0.140567
Train Epoch: 29 [40000/60000 (67%)]	Loss: 0.134014
Train Epoch: 29 [60000/60000 (100%)]	Loss: 0.131282

Average Training loss: 0.0006, Training Error Rate: 11.80% (7082/60000)


Average Test loss: 0.0001, Test Error Rate: 11.08% (1108/10000)

Train Epoch: 30 [20000/60000 (33%)]	Loss: 0.122413
Train Epoch: 30 [40000/60000 (67%)]	Loss: 0.126436
Train Epoch: 30 [60000/60000 (100%)]	Loss: 0.139520

Average Training loss: 0.0006, Training Error Rate: 11.69% (7011/60000)


Average Test loss: 0.0001, Test Error Rate: 10.86% (1086/10000)

Train Epoch: 31 [20000/60000 (33%)]	Loss: 0.141426
Train Epoch: 31 [40000/60000 (67%)]	Loss: 0.122150
Train Epoch: 31 [60000/60000 (100%)]	Loss: 0.124425

Average Training loss: 0.0006, Training Error Rate: 11.66% (6999/60000)


Average Test loss: 0.0001, Test Error Rate: 10.52% (1052/10000)

Train Epoch: 32 [20000/60000 (33%)]	Loss: 0.109302
Train Epoch: 32 [40000/60000 (67%)]	Loss: 0.132166
Train Epoch: 32 [60000/60000 (100%)]	Loss: 0.115322

Average Training loss: 0.0006, Training Error Rate: 11.53% (6915/60000)


Average Test loss: 0.0001, Test Error Rate: 11.05% (1105/10000)

Train Epoch: 33 [20000/60000 (33%)]	Loss: 0.128860
Train Epoch: 33 [40000/60000 (67%)]	Loss: 0.116037
Train Epoch: 33 [60000/60000 (100%)]	Loss: 0.130782

Average Training loss: 0.0006, Training Error Rate: 11.41% (6849/60000)


Average Test loss: 0.0001, Test Error Rate: 10.73% (1073/10000)

Train Epoch: 34 [20000/60000 (33%)]	Loss: 0.098910
Train Epoch: 34 [40000/60000 (67%)]	Loss: 0.139242
Train Epoch: 34 [60000/60000 (100%)]	Loss: 0.119195

Average Training loss: 0.0006, Training Error Rate: 11.38% (6829/60000)


Average Test loss: 0.0001, Test Error Rate: 10.67% (1067/10000)

Train Epoch: 35 [20000/60000 (33%)]	Loss: 0.109364
Train Epoch: 35 [40000/60000 (67%)]	Loss: 0.128574
Train Epoch: 35 [60000/60000 (100%)]	Loss: 0.106924

Average Training loss: 0.0006, Training Error Rate: 11.31% (6788/60000)


Average Test loss: 0.0001, Test Error Rate: 10.35% (1035/10000)

Train Epoch: 36 [20000/60000 (33%)]	Loss: 0.107997
Train Epoch: 36 [40000/60000 (67%)]	Loss: 0.116823
Train Epoch: 36 [60000/60000 (100%)]	Loss: 0.114608

Average Training loss: 0.0006, Training Error Rate: 11.25% (6750/60000)


Average Test loss: 0.0001, Test Error Rate: 10.53% (1053/10000)

Train Epoch: 37 [20000/60000 (33%)]	Loss: 0.124376
Train Epoch: 37 [40000/60000 (67%)]	Loss: 0.101482
Train Epoch: 37 [60000/60000 (100%)]	Loss: 0.132394

Average Training loss: 0.0006, Training Error Rate: 11.21% (6729/60000)


Average Test loss: 0.0001, Test Error Rate: 10.13% (1013/10000)

Train Epoch: 38 [20000/60000 (33%)]	Loss: 0.122459
Train Epoch: 38 [40000/60000 (67%)]	Loss: 0.105679
Train Epoch: 38 [60000/60000 (100%)]	Loss: 0.128815

Average Training loss: 0.0006, Training Error Rate: 11.12% (6673/60000)


Average Test loss: 0.0001, Test Error Rate: 10.34% (1034/10000)

Train Epoch: 39 [20000/60000 (33%)]	Loss: 0.129649
Train Epoch: 39 [40000/60000 (67%)]	Loss: 0.119025
Train Epoch: 39 [60000/60000 (100%)]	Loss: 0.128036

Average Training loss: 0.0006, Training Error Rate: 11.01% (6604/60000)


Average Test loss: 0.0001, Test Error Rate: 10.33% (1033/10000)

Train Epoch: 40 [20000/60000 (33%)]	Loss: 0.119878
Train Epoch: 40 [40000/60000 (67%)]	Loss: 0.119062
Train Epoch: 40 [60000/60000 (100%)]	Loss: 0.126715

Average Training loss: 0.0006, Training Error Rate: 10.97% (6581/60000)


Average Test loss: 0.0001, Test Error Rate: 10.29% (1029/10000)

Train Epoch: 41 [20000/60000 (33%)]	Loss: 0.103855
Train Epoch: 41 [40000/60000 (67%)]	Loss: 0.122556
Train Epoch: 41 [60000/60000 (100%)]	Loss: 0.134858

Average Training loss: 0.0006, Training Error Rate: 10.90% (6539/60000)


Average Test loss: 0.0001, Test Error Rate: 10.15% (1015/10000)

Train Epoch: 42 [20000/60000 (33%)]	Loss: 0.124719
Train Epoch: 42 [40000/60000 (67%)]	Loss: 0.138758
Train Epoch: 42 [60000/60000 (100%)]	Loss: 0.124108

Average Training loss: 0.0006, Training Error Rate: 10.78% (6465/60000)


Average Test loss: 0.0001, Test Error Rate: 10.32% (1032/10000)

Train Epoch: 43 [20000/60000 (33%)]	Loss: 0.118322
Train Epoch: 43 [40000/60000 (67%)]	Loss: 0.126072
Train Epoch: 43 [60000/60000 (100%)]	Loss: 0.107087

Average Training loss: 0.0006, Training Error Rate: 10.77% (6463/60000)


Average Test loss: 0.0001, Test Error Rate: 9.90% (990/10000)

Train Epoch: 44 [20000/60000 (33%)]	Loss: 0.107801
Train Epoch: 44 [40000/60000 (67%)]	Loss: 0.136215
Train Epoch: 44 [60000/60000 (100%)]	Loss: 0.119166

Average Training loss: 0.0006, Training Error Rate: 10.67% (6404/60000)


Average Test loss: 0.0001, Test Error Rate: 10.04% (1004/10000)

Train Epoch: 45 [20000/60000 (33%)]	Loss: 0.116307
Train Epoch: 45 [40000/60000 (67%)]	Loss: 0.114660
Train Epoch: 45 [60000/60000 (100%)]	Loss: 0.110712

Average Training loss: 0.0006, Training Error Rate: 10.72% (6433/60000)


Average Test loss: 0.0001, Test Error Rate: 9.87% (987/10000)

Train Epoch: 46 [20000/60000 (33%)]	Loss: 0.124002
Train Epoch: 46 [40000/60000 (67%)]	Loss: 0.137443
Train Epoch: 46 [60000/60000 (100%)]	Loss: 0.097851

Average Training loss: 0.0006, Training Error Rate: 10.48% (6290/60000)


Average Test loss: 0.0001, Test Error Rate: 9.92% (992/10000)

Train Epoch: 47 [20000/60000 (33%)]	Loss: 0.112235
Train Epoch: 47 [40000/60000 (67%)]	Loss: 0.121955
Train Epoch: 47 [60000/60000 (100%)]	Loss: 0.130220

Average Training loss: 0.0006, Training Error Rate: 10.49% (6294/60000)


Average Test loss: 0.0001, Test Error Rate: 9.64% (964/10000)

Train Epoch: 48 [20000/60000 (33%)]	Loss: 0.129049
Train Epoch: 48 [40000/60000 (67%)]	Loss: 0.109841
Train Epoch: 48 [60000/60000 (100%)]	Loss: 0.109453

Average Training loss: 0.0006, Training Error Rate: 10.53% (6318/60000)


Average Test loss: 0.0001, Test Error Rate: 9.98% (998/10000)

Train Epoch: 49 [20000/60000 (33%)]	Loss: 0.127116
Train Epoch: 49 [40000/60000 (67%)]	Loss: 0.098194
Train Epoch: 49 [60000/60000 (100%)]	Loss: 0.112464

Average Training loss: 0.0006, Training Error Rate: 10.47% (6285/60000)


Average Test loss: 0.0001, Test Error Rate: 10.22% (1022/10000)

Train Epoch: 50 [20000/60000 (33%)]	Loss: 0.116043
Train Epoch: 50 [40000/60000 (67%)]	Loss: 0.121963
Train Epoch: 50 [60000/60000 (100%)]	Loss: 0.113148

Average Training loss: 0.0006, Training Error Rate: 10.35% (6209/60000)


Average Test loss: 0.0001, Test Error Rate: 9.68% (968/10000)

Train Epoch: 51 [20000/60000 (33%)]	Loss: 0.115154
Train Epoch: 51 [40000/60000 (67%)]	Loss: 0.130313
Train Epoch: 51 [60000/60000 (100%)]	Loss: 0.094545

Average Training loss: 0.0006, Training Error Rate: 10.36% (6215/60000)


Average Test loss: 0.0001, Test Error Rate: 9.62% (962/10000)

Train Epoch: 52 [20000/60000 (33%)]	Loss: 0.108384
Train Epoch: 52 [40000/60000 (67%)]	Loss: 0.126223
Train Epoch: 52 [60000/60000 (100%)]	Loss: 0.124482

Average Training loss: 0.0006, Training Error Rate: 10.27% (6161/60000)


Average Test loss: 0.0001, Test Error Rate: 9.88% (988/10000)

Train Epoch: 53 [20000/60000 (33%)]	Loss: 0.114911
Train Epoch: 53 [40000/60000 (67%)]	Loss: 0.106612
Train Epoch: 53 [60000/60000 (100%)]	Loss: 0.117073

Average Training loss: 0.0006, Training Error Rate: 10.39% (6232/60000)


Average Test loss: 0.0001, Test Error Rate: 9.57% (957/10000)

Train Epoch: 54 [20000/60000 (33%)]	Loss: 0.104920
Train Epoch: 54 [40000/60000 (67%)]	Loss: 0.118340
Train Epoch: 54 [60000/60000 (100%)]	Loss: 0.101481

Average Training loss: 0.0006, Training Error Rate: 10.10% (6062/60000)


Average Test loss: 0.0001, Test Error Rate: 9.24% (924/10000)

Train Epoch: 55 [20000/60000 (33%)]	Loss: 0.109761
Train Epoch: 55 [40000/60000 (67%)]	Loss: 0.098406
Train Epoch: 55 [60000/60000 (100%)]	Loss: 0.111611

Average Training loss: 0.0006, Training Error Rate: 10.07% (6045/60000)


Average Test loss: 0.0001, Test Error Rate: 9.17% (917/10000)

Train Epoch: 56 [20000/60000 (33%)]	Loss: 0.109098
Train Epoch: 56 [40000/60000 (67%)]	Loss: 0.112318
Train Epoch: 56 [60000/60000 (100%)]	Loss: 0.110273

Average Training loss: 0.0006, Training Error Rate: 10.07% (6044/60000)


Average Test loss: 0.0001, Test Error Rate: 9.33% (933/10000)

Train Epoch: 57 [20000/60000 (33%)]	Loss: 0.113209
Train Epoch: 57 [40000/60000 (67%)]	Loss: 0.119205
Train Epoch: 57 [60000/60000 (100%)]	Loss: 0.102858

Average Training loss: 0.0006, Training Error Rate: 10.03% (6016/60000)


Average Test loss: 0.0001, Test Error Rate: 9.54% (954/10000)

Train Epoch: 58 [20000/60000 (33%)]	Loss: 0.128200
Train Epoch: 58 [40000/60000 (67%)]	Loss: 0.093239
Train Epoch: 58 [60000/60000 (100%)]	Loss: 0.097632

Average Training loss: 0.0005, Training Error Rate: 10.03% (6020/60000)


Average Test loss: 0.0001, Test Error Rate: 9.45% (945/10000)

Train Epoch: 59 [20000/60000 (33%)]	Loss: 0.117301
Train Epoch: 59 [40000/60000 (67%)]	Loss: 0.108601
Train Epoch: 59 [60000/60000 (100%)]	Loss: 0.108695

Average Training loss: 0.0005, Training Error Rate: 9.90% (5942/60000)


Average Test loss: 0.0001, Test Error Rate: 9.44% (944/10000)

Train Epoch: 60 [20000/60000 (33%)]	Loss: 0.102879
Train Epoch: 60 [40000/60000 (67%)]	Loss: 0.115205
Train Epoch: 60 [60000/60000 (100%)]	Loss: 0.091042

Average Training loss: 0.0005, Training Error Rate: 9.90% (5943/60000)


Average Test loss: 0.0001, Test Error Rate: 9.44% (944/10000)

Train Epoch: 61 [20000/60000 (33%)]	Loss: 0.096443
Train Epoch: 61 [40000/60000 (67%)]	Loss: 0.119196
Train Epoch: 61 [60000/60000 (100%)]	Loss: 0.097591

Average Training loss: 0.0005, Training Error Rate: 9.97% (5983/60000)


Average Test loss: 0.0001, Test Error Rate: 9.43% (943/10000)

Train Epoch: 62 [20000/60000 (33%)]	Loss: 0.107757
Train Epoch: 62 [40000/60000 (67%)]	Loss: 0.097006
Train Epoch: 62 [60000/60000 (100%)]	Loss: 0.137096

Average Training loss: 0.0005, Training Error Rate: 9.89% (5936/60000)


Average Test loss: 0.0001, Test Error Rate: 9.15% (915/10000)

Train Epoch: 63 [20000/60000 (33%)]	Loss: 0.104196
Train Epoch: 63 [40000/60000 (67%)]	Loss: 0.111544
Train Epoch: 63 [60000/60000 (100%)]	Loss: 0.121936

Average Training loss: 0.0005, Training Error Rate: 9.83% (5900/60000)


Average Test loss: 0.0001, Test Error Rate: 9.11% (911/10000)

Train Epoch: 64 [20000/60000 (33%)]	Loss: 0.107951
Train Epoch: 64 [40000/60000 (67%)]	Loss: 0.094507
Train Epoch: 64 [60000/60000 (100%)]	Loss: 0.113862

Average Training loss: 0.0005, Training Error Rate: 9.72% (5832/60000)


Average Test loss: 0.0001, Test Error Rate: 9.03% (903/10000)

Train Epoch: 65 [20000/60000 (33%)]	Loss: 0.108100
Train Epoch: 65 [40000/60000 (67%)]	Loss: 0.100746
Train Epoch: 65 [60000/60000 (100%)]	Loss: 0.104360

Average Training loss: 0.0005, Training Error Rate: 9.73% (5839/60000)


Average Test loss: 0.0001, Test Error Rate: 8.82% (882/10000)

Train Epoch: 66 [20000/60000 (33%)]	Loss: 0.099358
Train Epoch: 66 [40000/60000 (67%)]	Loss: 0.108684
Train Epoch: 66 [60000/60000 (100%)]	Loss: 0.097930

Average Training loss: 0.0005, Training Error Rate: 9.82% (5891/60000)


Average Test loss: 0.0001, Test Error Rate: 9.01% (901/10000)

Train Epoch: 67 [20000/60000 (33%)]	Loss: 0.105623
Train Epoch: 67 [40000/60000 (67%)]	Loss: 0.106871
Train Epoch: 67 [60000/60000 (100%)]	Loss: 0.099300

Average Training loss: 0.0005, Training Error Rate: 9.65% (5790/60000)


Average Test loss: 0.0001, Test Error Rate: 8.96% (896/10000)

Train Epoch: 68 [20000/60000 (33%)]	Loss: 0.110161
Train Epoch: 68 [40000/60000 (67%)]	Loss: 0.100381
Train Epoch: 68 [60000/60000 (100%)]	Loss: 0.102029

Average Training loss: 0.0005, Training Error Rate: 9.58% (5747/60000)


Average Test loss: 0.0001, Test Error Rate: 8.93% (893/10000)

Train Epoch: 69 [20000/60000 (33%)]	Loss: 0.120019
Train Epoch: 69 [40000/60000 (67%)]	Loss: 0.088276
Train Epoch: 69 [60000/60000 (100%)]	Loss: 0.107613

Average Training loss: 0.0005, Training Error Rate: 9.69% (5814/60000)


Average Test loss: 0.0001, Test Error Rate: 8.75% (875/10000)

Train Epoch: 70 [20000/60000 (33%)]	Loss: 0.112722
Train Epoch: 70 [40000/60000 (67%)]	Loss: 0.103470
Train Epoch: 70 [60000/60000 (100%)]	Loss: 0.105607

Average Training loss: 0.0005, Training Error Rate: 9.53% (5717/60000)


Average Test loss: 0.0001, Test Error Rate: 9.02% (902/10000)

Train Epoch: 71 [20000/60000 (33%)]	Loss: 0.096561
Train Epoch: 71 [40000/60000 (67%)]	Loss: 0.099179
Train Epoch: 71 [60000/60000 (100%)]	Loss: 0.094700

Average Training loss: 0.0005, Training Error Rate: 9.52% (5714/60000)


Average Test loss: 0.0001, Test Error Rate: 9.05% (905/10000)

Train Epoch: 72 [20000/60000 (33%)]	Loss: 0.091763
Train Epoch: 72 [40000/60000 (67%)]	Loss: 0.097249
Train Epoch: 72 [60000/60000 (100%)]	Loss: 0.083335

Average Training loss: 0.0005, Training Error Rate: 9.48% (5691/60000)


Average Test loss: 0.0001, Test Error Rate: 8.93% (893/10000)

Train Epoch: 73 [20000/60000 (33%)]	Loss: 0.117906
Train Epoch: 73 [40000/60000 (67%)]	Loss: 0.111293
Train Epoch: 73 [60000/60000 (100%)]	Loss: 0.098109

Average Training loss: 0.0005, Training Error Rate: 9.52% (5714/60000)


Average Test loss: 0.0001, Test Error Rate: 8.91% (891/10000)

Train Epoch: 74 [20000/60000 (33%)]	Loss: 0.106603
Train Epoch: 74 [40000/60000 (67%)]	Loss: 0.102134
Train Epoch: 74 [60000/60000 (100%)]	Loss: 0.086393

Average Training loss: 0.0005, Training Error Rate: 9.46% (5676/60000)


Average Test loss: 0.0001, Test Error Rate: 8.86% (886/10000)

Train Epoch: 75 [20000/60000 (33%)]	Loss: 0.103786
Train Epoch: 75 [40000/60000 (67%)]	Loss: 0.102256
Train Epoch: 75 [60000/60000 (100%)]	Loss: 0.113833

Average Training loss: 0.0005, Training Error Rate: 9.38% (5625/60000)


Average Test loss: 0.0001, Test Error Rate: 8.77% (877/10000)

Train Epoch: 76 [20000/60000 (33%)]	Loss: 0.097682
Train Epoch: 76 [40000/60000 (67%)]	Loss: 0.114341
Train Epoch: 76 [60000/60000 (100%)]	Loss: 0.102374

Average Training loss: 0.0005, Training Error Rate: 9.35% (5607/60000)


Average Test loss: 0.0001, Test Error Rate: 8.54% (854/10000)

Train Epoch: 77 [20000/60000 (33%)]	Loss: 0.104057
Train Epoch: 77 [40000/60000 (67%)]	Loss: 0.112103
Train Epoch: 77 [60000/60000 (100%)]	Loss: 0.109409

Average Training loss: 0.0005, Training Error Rate: 9.35% (5608/60000)


Average Test loss: 0.0001, Test Error Rate: 8.38% (838/10000)

Train Epoch: 78 [20000/60000 (33%)]	Loss: 0.111114
Train Epoch: 78 [40000/60000 (67%)]	Loss: 0.085703
Train Epoch: 78 [60000/60000 (100%)]	Loss: 0.108947

Average Training loss: 0.0005, Training Error Rate: 9.23% (5539/60000)


Average Test loss: 0.0001, Test Error Rate: 8.68% (868/10000)

Train Epoch: 79 [20000/60000 (33%)]	Loss: 0.099046
Train Epoch: 79 [40000/60000 (67%)]	Loss: 0.101864
Train Epoch: 79 [60000/60000 (100%)]	Loss: 0.101366

Average Training loss: 0.0005, Training Error Rate: 9.16% (5494/60000)


Average Test loss: 0.0001, Test Error Rate: 8.51% (851/10000)

