/vast/home/ajherman/miniconda3/envs/pytorch/lib/python3.11/site-packages/torchvision/io/image.py:13: UserWarning: Failed to load image Python extension: '/vast/home/ajherman/miniconda3/envs/pytorch/lib/python3.11/site-packages/torchvision/image.so: undefined symbol: _ZN5torch3jit17parseSchemaOrNameERKNSt7__cxx1112basic_stringIcSt11char_traitsIcESaIcEEE'If you don't plan on using image functionality from `torchvision.io`, you can ignore this warning. Otherwise, there might be something wrong with your environment. Did you have `libjpeg` or `libpng` installed before building `torchvision` from source?
  warn(
usage: main.py [-h] [--batch-size N] [--test-batch-size N] [--epochs N]
               [--lr_tab LR [LR ...]] [--randbeta RANDBETA]
               [--size_tab ST [ST ...]] [--discrete] [--dt DT] [--T T]
               [--Kmax Kmax] [--beta BETA] [--activation-function ACTFUN]
               [--no-clamp] [--learning-rule LR] [--cep] [--angle ANGLE]
               [--action ACTION] [--device-label DEVICE_LABEL] [--debug-cep]
               [--seed SEED [SEED ...]] [--angle-grad] [--use-bias]
               [--no-rhop] [--update-rule UPDATE_RULE] [--no-reset]
               [--plain-data] [--trace-decay TRACE_DECAY]
               [--directory DIRECTORY] [--load LOAD] [--spiking SPIKING]
               [--spike-height SPIKE_HEIGHT]
main.py: error: argument --directory: expected one argument
/vast/home/ajherman/miniconda3/envs/pytorch/lib/python3.11/site-packages/torchvision/io/image.py:13: UserWarning: Failed to load image Python extension: '/vast/home/ajherman/miniconda3/envs/pytorch/lib/python3.11/site-packages/torchvision/image.so: undefined symbol: _ZN5torch3jit17parseSchemaOrNameERKNSt7__cxx1112basic_stringIcSt11char_traitsIcESaIcEEE'If you don't plan on using image functionality from `torchvision.io`, you can ignore this warning. Otherwise, there might be something wrong with your environment. Did you have `libjpeg` or `libpng` installed before building `torchvision` from source?
  warn(
usage: main.py [-h] [--batch-size N] [--test-batch-size N] [--epochs N]
               [--lr_tab LR [LR ...]] [--randbeta RANDBETA]
               [--size_tab ST [ST ...]] [--discrete] [--dt DT] [--T T]
               [--Kmax Kmax] [--beta BETA] [--activation-function ACTFUN]
               [--no-clamp] [--learning-rule LR] [--cep] [--angle ANGLE]
               [--action ACTION] [--device-label DEVICE_LABEL] [--debug-cep]
               [--seed SEED [SEED ...]] [--angle-grad] [--use-bias]
               [--no-rhop] [--update-rule UPDATE_RULE] [--no-reset]
               [--plain-data] [--trace-decay TRACE_DECAY]
               [--directory DIRECTORY] [--load LOAD] [--spiking SPIKING]
               [--spike-height SPIKE_HEIGHT]
main.py: error: argument --directory: expected one argument
Traceback (most recent call last):
  File "/vast/home/ajherman/continualEP/main.py", line 2, in <module>
    import torchvision.datasets as datasets
ModuleNotFoundError: No module named 'torchvision'
Traceback (most recent call last):
  File "/vast/home/ajherman/continualEP/main.py", line 2, in <module>
    import torchvision.datasets as datasets
ModuleNotFoundError: No module named 'torchvision'
Traceback (most recent call last):
  File "/vast/home/ajherman/continualEP/main.py", line 2, in <module>
    import torchvision.datasets as datasets
ModuleNotFoundError: No module named 'torchvision'
Traceback (most recent call last):
  File "/vast/home/ajherman/continualEP/main.py", line 2, in <module>
    import torchvision.datasets as datasets
ModuleNotFoundError: No module named 'torchvision'
Traceback (most recent call last):
  File "/vast/home/ajherman/continualEP/main.py", line 2, in <module>
    import torchvision.datasets as datasets
ModuleNotFoundError: No module named 'torchvision'
Traceback (most recent call last):
  File "/vast/home/ajherman/continualEP/main.py", line 2, in <module>
    import torchvision.datasets as datasets
ModuleNotFoundError: No module named 'torchvision'
/vast/home/ajherman/miniconda3/envs/pytorch/lib/python3.11/site-packages/torchvision/io/image.py:13: UserWarning: Failed to load image Python extension: '/vast/home/ajherman/miniconda3/envs/pytorch/lib/python3.11/site-packages/torchvision/image.so: undefined symbol: _ZN5torch3jit17parseSchemaOrNameERKNSt7__cxx1112basic_stringIcSt11char_traitsIcESaIcEEE'If you don't plan on using image functionality from `torchvision.io`, you can ignore this warning. Otherwise, there might be something wrong with your environment. Did you have `libjpeg` or `libpng` installed before building `torchvision` from source?
  warn(
dt =  0.2651327538622006
dt =  0.2651327538622006
Traceback (most recent call last):
  File "/vast/home/ajherman/continualEP/main.py", line 364, in <module>
    error_train = train(net, train_loader, epoch, args.learning_rule)
                                           ^^^^^
NameError: name 'epoch' is not defined
/vast/home/ajherman/miniconda3/envs/pytorch/lib/python3.11/site-packages/torchvision/io/image.py:13: UserWarning: Failed to load image Python extension: '/vast/home/ajherman/miniconda3/envs/pytorch/lib/python3.11/site-packages/torchvision/image.so: undefined symbol: _ZN5torch3jit17parseSchemaOrNameERKNSt7__cxx1112basic_stringIcSt11char_traitsIcESaIcEEE'If you don't plan on using image functionality from `torchvision.io`, you can ignore this warning. Otherwise, there might be something wrong with your environment. Did you have `libjpeg` or `libpng` installed before building `torchvision` from source?
  warn(
dt =  0.2651327538622006
dt =  0.2651327538622006
Train Epoch: 0 [2000/60000 (3%)]	Loss: 0.432013
Train Epoch: 0 [4000/60000 (7%)]	Loss: 0.338680
Train Epoch: 0 [6000/60000 (10%)]	Loss: 0.348790
Train Epoch: 0 [8000/60000 (13%)]	Loss: 0.330448
Train Epoch: 0 [10000/60000 (17%)]	Loss: 0.271124
Train Epoch: 0 [12000/60000 (20%)]	Loss: 0.329839
Train Epoch: 0 [14000/60000 (23%)]	Loss: 0.263608
Train Epoch: 0 [16000/60000 (27%)]	Loss: 0.243445
Train Epoch: 0 [18000/60000 (30%)]	Loss: 0.222063
Train Epoch: 0 [20000/60000 (33%)]	Loss: 0.203043
Train Epoch: 0 [22000/60000 (37%)]	Loss: 0.221616
Train Epoch: 0 [24000/60000 (40%)]	Loss: 0.218929
Train Epoch: 0 [26000/60000 (43%)]	Loss: 0.203915
Train Epoch: 0 [28000/60000 (47%)]	Loss: 0.268146
Train Epoch: 0 [30000/60000 (50%)]	Loss: 0.243078
Train Epoch: 0 [32000/60000 (53%)]	Loss: 0.202430
Train Epoch: 0 [34000/60000 (57%)]	Loss: 0.195017
Train Epoch: 0 [36000/60000 (60%)]	Loss: 0.197462
Train Epoch: 0 [38000/60000 (63%)]	Loss: 0.155231
Train Epoch: 0 [40000/60000 (67%)]	Loss: 0.244459
Train Epoch: 0 [42000/60000 (70%)]	Loss: 0.195131
Train Epoch: 0 [44000/60000 (73%)]	Loss: 0.169812
Train Epoch: 0 [46000/60000 (77%)]	Loss: 0.208135
Train Epoch: 0 [48000/60000 (80%)]	Loss: 0.186870
Train Epoch: 0 [50000/60000 (83%)]	Loss: 0.177239
Train Epoch: 0 [52000/60000 (87%)]	Loss: 0.161911
Train Epoch: 0 [54000/60000 (90%)]	Loss: 0.147511
Train Epoch: 0 [56000/60000 (93%)]	Loss: 0.143836
Train Epoch: 0 [58000/60000 (97%)]	Loss: 0.205710
Train Epoch: 0 [60000/60000 (100%)]	Loss: 0.194493

Average Training loss: 0.0118, Training Error Rate: 24.71% (14825/60000)


Average Test loss: 0.0002, Test Error Rate: 14.34% (1434/10000)

Train Epoch: 1 [2000/60000 (3%)]	Loss: 0.146110
Train Epoch: 1 [4000/60000 (7%)]	Loss: 0.187520
Train Epoch: 1 [6000/60000 (10%)]	Loss: 0.160564
Train Epoch: 1 [8000/60000 (13%)]	Loss: 0.169176
Train Epoch: 1 [10000/60000 (17%)]	Loss: 0.177038
Train Epoch: 1 [12000/60000 (20%)]	Loss: 0.111364
Train Epoch: 1 [14000/60000 (23%)]	Loss: 0.157849
Train Epoch: 1 [16000/60000 (27%)]	Loss: 0.178249
Train Epoch: 1 [18000/60000 (30%)]	Loss: 0.115176
Train Epoch: 1 [20000/60000 (33%)]	Loss: 0.199424
Train Epoch: 1 [22000/60000 (37%)]	Loss: 0.119460
Train Epoch: 1 [24000/60000 (40%)]	Loss: 0.174320
Train Epoch: 1 [26000/60000 (43%)]	Loss: 0.145897
Train Epoch: 1 [28000/60000 (47%)]	Loss: 0.108012
Train Epoch: 1 [30000/60000 (50%)]	Loss: 0.136453
Train Epoch: 1 [32000/60000 (53%)]	Loss: 0.146573
Train Epoch: 1 [34000/60000 (57%)]	Loss: 0.190894
Train Epoch: 1 [36000/60000 (60%)]	Loss: 0.167526
Train Epoch: 1 [38000/60000 (63%)]	Loss: 0.146626
Train Epoch: 1 [40000/60000 (67%)]	Loss: 0.170386
Train Epoch: 1 [42000/60000 (70%)]	Loss: 0.132973
Train Epoch: 1 [44000/60000 (73%)]	Loss: 0.161017
Train Epoch: 1 [46000/60000 (77%)]	Loss: 0.183735
Train Epoch: 1 [48000/60000 (80%)]	Loss: 0.139867
Train Epoch: 1 [50000/60000 (83%)]	Loss: 0.181837
Train Epoch: 1 [52000/60000 (87%)]	Loss: 0.163819
Train Epoch: 1 [54000/60000 (90%)]	Loss: 0.212493
Train Epoch: 1 [56000/60000 (93%)]	Loss: 0.126748
Train Epoch: 1 [58000/60000 (97%)]	Loss: 0.108966
Train Epoch: 1 [60000/60000 (100%)]	Loss: 0.116498

Average Training loss: 0.0076, Training Error Rate: 13.91% (8348/60000)


Average Test loss: 0.0001, Test Error Rate: 11.86% (1186/10000)

Train Epoch: 2 [2000/60000 (3%)]	Loss: 0.157593
Train Epoch: 2 [4000/60000 (7%)]	Loss: 0.136124
Train Epoch: 2 [6000/60000 (10%)]	Loss: 0.129164
Train Epoch: 2 [8000/60000 (13%)]	Loss: 0.153498
Train Epoch: 2 [10000/60000 (17%)]	Loss: 0.186689
Train Epoch: 2 [12000/60000 (20%)]	Loss: 0.164511
Train Epoch: 2 [14000/60000 (23%)]	Loss: 0.132083
Train Epoch: 2 [16000/60000 (27%)]	Loss: 0.163692
Train Epoch: 2 [18000/60000 (30%)]	Loss: 0.156185
Train Epoch: 2 [20000/60000 (33%)]	Loss: 0.195504
Train Epoch: 2 [22000/60000 (37%)]	Loss: 0.130227
Train Epoch: 2 [24000/60000 (40%)]	Loss: 0.100950
Train Epoch: 2 [26000/60000 (43%)]	Loss: 0.108394
Train Epoch: 2 [28000/60000 (47%)]	Loss: 0.112636
Train Epoch: 2 [30000/60000 (50%)]	Loss: 0.115945
Train Epoch: 2 [32000/60000 (53%)]	Loss: 0.150267
Train Epoch: 2 [34000/60000 (57%)]	Loss: 0.132805
Train Epoch: 2 [36000/60000 (60%)]	Loss: 0.128019
Train Epoch: 2 [38000/60000 (63%)]	Loss: 0.086918
Train Epoch: 2 [40000/60000 (67%)]	Loss: 0.111595
Train Epoch: 2 [42000/60000 (70%)]	Loss: 0.189941
Train Epoch: 2 [44000/60000 (73%)]	Loss: 0.095897
Train Epoch: 2 [46000/60000 (77%)]	Loss: 0.158070
Train Epoch: 2 [48000/60000 (80%)]	Loss: 0.089506
Train Epoch: 2 [50000/60000 (83%)]	Loss: 0.100023
Train Epoch: 2 [52000/60000 (87%)]	Loss: 0.135330
Train Epoch: 2 [54000/60000 (90%)]	Loss: 0.119012
Train Epoch: 2 [56000/60000 (93%)]	Loss: 0.105262
Train Epoch: 2 [58000/60000 (97%)]	Loss: 0.110092
Train Epoch: 2 [60000/60000 (100%)]	Loss: 0.135476

Average Training loss: 0.0067, Training Error Rate: 12.35% (7409/60000)


Average Test loss: 0.0001, Test Error Rate: 10.98% (1098/10000)

Train Epoch: 3 [2000/60000 (3%)]	Loss: 0.111563
Train Epoch: 3 [4000/60000 (7%)]	Loss: 0.123549
Train Epoch: 3 [6000/60000 (10%)]	Loss: 0.084317
Train Epoch: 3 [8000/60000 (13%)]	Loss: 0.141882
Train Epoch: 3 [10000/60000 (17%)]	Loss: 0.124147
Train Epoch: 3 [12000/60000 (20%)]	Loss: 0.121775
Train Epoch: 3 [14000/60000 (23%)]	Loss: 0.080486
Train Epoch: 3 [16000/60000 (27%)]	Loss: 0.089651
Train Epoch: 3 [18000/60000 (30%)]	Loss: 0.115138
Train Epoch: 3 [20000/60000 (33%)]	Loss: 0.140843
/vast/home/ajherman/continualEP/netFunctions.py:118: RuntimeWarning: More than 20 figures have been opened. Figures created through the pyplot interface (`matplotlib.pyplot.figure`) are retained until explicitly closed and may consume too much memory. (To control this warning, see the rcParam `figure.max_open_warning`). Consider using `matplotlib.pyplot.close()`.
  fig, ax = plt.subplots()
Train Epoch: 3 [22000/60000 (37%)]	Loss: 0.135216
Train Epoch: 3 [24000/60000 (40%)]	Loss: 0.162794
Train Epoch: 3 [26000/60000 (43%)]	Loss: 0.091412
Train Epoch: 3 [28000/60000 (47%)]	Loss: 0.088662
Train Epoch: 3 [30000/60000 (50%)]	Loss: 0.151286
Train Epoch: 3 [32000/60000 (53%)]	Loss: 0.040121
Train Epoch: 3 [34000/60000 (57%)]	Loss: 0.076180
Train Epoch: 3 [36000/60000 (60%)]	Loss: 0.156738
Train Epoch: 3 [38000/60000 (63%)]	Loss: 0.244966
Train Epoch: 3 [40000/60000 (67%)]	Loss: 0.120711
Train Epoch: 3 [42000/60000 (70%)]	Loss: 0.190702
Train Epoch: 3 [44000/60000 (73%)]	Loss: 0.091913
Train Epoch: 3 [46000/60000 (77%)]	Loss: 0.184812
Train Epoch: 3 [48000/60000 (80%)]	Loss: 0.128022
Train Epoch: 3 [50000/60000 (83%)]	Loss: 0.132136
Train Epoch: 3 [52000/60000 (87%)]	Loss: 0.128467
Train Epoch: 3 [54000/60000 (90%)]	Loss: 0.102344
Train Epoch: 3 [56000/60000 (93%)]	Loss: 0.061532
Train Epoch: 3 [58000/60000 (97%)]	Loss: 0.099223
Train Epoch: 3 [60000/60000 (100%)]	Loss: 0.143526

Average Training loss: 0.0062, Training Error Rate: 11.55% (6931/60000)


Average Test loss: 0.0001, Test Error Rate: 10.57% (1057/10000)

Train Epoch: 4 [2000/60000 (3%)]	Loss: 0.122726
Train Epoch: 4 [4000/60000 (7%)]	Loss: 0.146997
Train Epoch: 4 [6000/60000 (10%)]	Loss: 0.135047
Train Epoch: 4 [8000/60000 (13%)]	Loss: 0.175957
Train Epoch: 4 [10000/60000 (17%)]	Loss: 0.114377
Train Epoch: 4 [12000/60000 (20%)]	Loss: 0.121615
Train Epoch: 4 [14000/60000 (23%)]	Loss: 0.055440
Train Epoch: 4 [16000/60000 (27%)]	Loss: 0.159166
Train Epoch: 4 [18000/60000 (30%)]	Loss: 0.195055
Train Epoch: 4 [20000/60000 (33%)]	Loss: 0.115278
Train Epoch: 4 [22000/60000 (37%)]	Loss: 0.095064
Train Epoch: 4 [24000/60000 (40%)]	Loss: 0.120736
Train Epoch: 4 [26000/60000 (43%)]	Loss: 0.159615
Train Epoch: 4 [28000/60000 (47%)]	Loss: 0.268986
Train Epoch: 4 [30000/60000 (50%)]	Loss: 0.138786
Train Epoch: 4 [32000/60000 (53%)]	Loss: 0.114081
Train Epoch: 4 [34000/60000 (57%)]	Loss: 0.104510
Train Epoch: 4 [36000/60000 (60%)]	Loss: 0.124075
Train Epoch: 4 [38000/60000 (63%)]	Loss: 0.126038
Train Epoch: 4 [40000/60000 (67%)]	Loss: 0.056988
Train Epoch: 4 [42000/60000 (70%)]	Loss: 0.139969
Train Epoch: 4 [44000/60000 (73%)]	Loss: 0.073974
Train Epoch: 4 [46000/60000 (77%)]	Loss: 0.131363
Train Epoch: 4 [48000/60000 (80%)]	Loss: 0.201955
Train Epoch: 4 [50000/60000 (83%)]	Loss: 0.092786
Train Epoch: 4 [52000/60000 (87%)]	Loss: 0.065476
Train Epoch: 4 [54000/60000 (90%)]	Loss: 0.115171
Train Epoch: 4 [56000/60000 (93%)]	Loss: 0.157092
Train Epoch: 4 [58000/60000 (97%)]	Loss: 0.055739
Train Epoch: 4 [60000/60000 (100%)]	Loss: 0.076781

Average Training loss: 0.0059, Training Error Rate: 10.85% (6512/60000)


Average Test loss: 0.0001, Test Error Rate: 9.72% (972/10000)

Train Epoch: 5 [2000/60000 (3%)]	Loss: 0.094554
Train Epoch: 5 [4000/60000 (7%)]	Loss: 0.142683
Train Epoch: 5 [6000/60000 (10%)]	Loss: 0.102584
Train Epoch: 5 [8000/60000 (13%)]	Loss: 0.154588
Train Epoch: 5 [10000/60000 (17%)]	Loss: 0.147015
Train Epoch: 5 [12000/60000 (20%)]	Loss: 0.107899
Train Epoch: 5 [14000/60000 (23%)]	Loss: 0.061509
Train Epoch: 5 [16000/60000 (27%)]	Loss: 0.100106
Train Epoch: 5 [18000/60000 (30%)]	Loss: 0.138782
Train Epoch: 5 [20000/60000 (33%)]	Loss: 0.129874
Train Epoch: 5 [22000/60000 (37%)]	Loss: 0.102464
Train Epoch: 5 [24000/60000 (40%)]	Loss: 0.110692
Train Epoch: 5 [26000/60000 (43%)]	Loss: 0.118000
Train Epoch: 5 [28000/60000 (47%)]	Loss: 0.085895
Train Epoch: 5 [30000/60000 (50%)]	Loss: 0.118350
Train Epoch: 5 [32000/60000 (53%)]	Loss: 0.068893
Train Epoch: 5 [34000/60000 (57%)]	Loss: 0.095616
Train Epoch: 5 [36000/60000 (60%)]	Loss: 0.153891
Train Epoch: 5 [38000/60000 (63%)]	Loss: 0.151324
Train Epoch: 5 [40000/60000 (67%)]	Loss: 0.103173
Train Epoch: 5 [42000/60000 (70%)]	Loss: 0.048127
Train Epoch: 5 [44000/60000 (73%)]	Loss: 0.129050
Train Epoch: 5 [46000/60000 (77%)]	Loss: 0.081841
Train Epoch: 5 [48000/60000 (80%)]	Loss: 0.092206
Train Epoch: 5 [50000/60000 (83%)]	Loss: 0.082966
Train Epoch: 5 [52000/60000 (87%)]	Loss: 0.077059
Train Epoch: 5 [54000/60000 (90%)]	Loss: 0.086121
Train Epoch: 5 [56000/60000 (93%)]	Loss: 0.106612
Train Epoch: 5 [58000/60000 (97%)]	Loss: 0.101070
Train Epoch: 5 [60000/60000 (100%)]	Loss: 0.134515

Average Training loss: 0.0056, Training Error Rate: 10.30% (6181/60000)


Average Test loss: 0.0001, Test Error Rate: 9.42% (942/10000)

Train Epoch: 6 [2000/60000 (3%)]	Loss: 0.045382
Train Epoch: 6 [4000/60000 (7%)]	Loss: 0.112483
Train Epoch: 6 [6000/60000 (10%)]	Loss: 0.115571
Train Epoch: 6 [8000/60000 (13%)]	Loss: 0.100081
Train Epoch: 6 [10000/60000 (17%)]	Loss: 0.068199
Train Epoch: 6 [12000/60000 (20%)]	Loss: 0.120420
Train Epoch: 6 [14000/60000 (23%)]	Loss: 0.056372
Train Epoch: 6 [16000/60000 (27%)]	Loss: 0.184268
Train Epoch: 6 [18000/60000 (30%)]	Loss: 0.158532
Train Epoch: 6 [20000/60000 (33%)]	Loss: 0.067953
Train Epoch: 6 [22000/60000 (37%)]	Loss: 0.193555
Train Epoch: 6 [24000/60000 (40%)]	Loss: 0.138333
Train Epoch: 6 [26000/60000 (43%)]	Loss: 0.093465
Train Epoch: 6 [28000/60000 (47%)]	Loss: 0.058879
Train Epoch: 6 [30000/60000 (50%)]	Loss: 0.148114
Train Epoch: 6 [32000/60000 (53%)]	Loss: 0.077287
Train Epoch: 6 [34000/60000 (57%)]	Loss: 0.088871
Train Epoch: 6 [36000/60000 (60%)]	Loss: 0.097365
Train Epoch: 6 [38000/60000 (63%)]	Loss: 0.090786
Train Epoch: 6 [40000/60000 (67%)]	Loss: 0.112592
Train Epoch: 6 [42000/60000 (70%)]	Loss: 0.165355
Train Epoch: 6 [44000/60000 (73%)]	Loss: 0.085985
Train Epoch: 6 [46000/60000 (77%)]	Loss: 0.092461
Train Epoch: 6 [48000/60000 (80%)]	Loss: 0.130004
Train Epoch: 6 [50000/60000 (83%)]	Loss: 0.097189
Train Epoch: 6 [52000/60000 (87%)]	Loss: 0.183868
Train Epoch: 6 [54000/60000 (90%)]	Loss: 0.091186
Train Epoch: 6 [56000/60000 (93%)]	Loss: 0.089187
Train Epoch: 6 [58000/60000 (97%)]	Loss: 0.096304
Train Epoch: 6 [60000/60000 (100%)]	Loss: 0.144570

Average Training loss: 0.0054, Training Error Rate: 9.88% (5927/60000)


Average Test loss: 0.0001, Test Error Rate: 8.79% (879/10000)

Train Epoch: 7 [2000/60000 (3%)]	Loss: 0.105847
Train Epoch: 7 [4000/60000 (7%)]	Loss: 0.108190
Train Epoch: 7 [6000/60000 (10%)]	Loss: 0.086100
Train Epoch: 7 [8000/60000 (13%)]	Loss: 0.095889
Train Epoch: 7 [10000/60000 (17%)]	Loss: 0.104911
Train Epoch: 7 [12000/60000 (20%)]	Loss: 0.143373
Train Epoch: 7 [14000/60000 (23%)]	Loss: 0.109078
Train Epoch: 7 [16000/60000 (27%)]	Loss: 0.095329
Train Epoch: 7 [18000/60000 (30%)]	Loss: 0.109277
Train Epoch: 7 [20000/60000 (33%)]	Loss: 0.097886
Train Epoch: 7 [22000/60000 (37%)]	Loss: 0.105435
Train Epoch: 7 [24000/60000 (40%)]	Loss: 0.094699
Train Epoch: 7 [26000/60000 (43%)]	Loss: 0.109225
Train Epoch: 7 [28000/60000 (47%)]	Loss: 0.133844
Train Epoch: 7 [30000/60000 (50%)]	Loss: 0.104563
Train Epoch: 7 [32000/60000 (53%)]	Loss: 0.104048
Train Epoch: 7 [34000/60000 (57%)]	Loss: 0.088596
Train Epoch: 7 [36000/60000 (60%)]	Loss: 0.087262
Train Epoch: 7 [38000/60000 (63%)]	Loss: 0.151025
Train Epoch: 7 [40000/60000 (67%)]	Loss: 0.100571
Train Epoch: 7 [42000/60000 (70%)]	Loss: 0.097631
Train Epoch: 7 [44000/60000 (73%)]	Loss: 0.109212
Train Epoch: 7 [46000/60000 (77%)]	Loss: 0.100426
Train Epoch: 7 [48000/60000 (80%)]	Loss: 0.051785
Train Epoch: 7 [50000/60000 (83%)]	Loss: 0.098985
Train Epoch: 7 [52000/60000 (87%)]	Loss: 0.123995
Train Epoch: 7 [54000/60000 (90%)]	Loss: 0.111444
Train Epoch: 7 [56000/60000 (93%)]	Loss: 0.092234
Train Epoch: 7 [58000/60000 (97%)]	Loss: 0.135410
Train Epoch: 7 [60000/60000 (100%)]	Loss: 0.090741

Average Training loss: 0.0052, Training Error Rate: 9.60% (5762/60000)


Average Test loss: 0.0001, Test Error Rate: 8.70% (870/10000)

Train Epoch: 8 [2000/60000 (3%)]	Loss: 0.147905
Train Epoch: 8 [4000/60000 (7%)]	Loss: 0.111666
Train Epoch: 8 [6000/60000 (10%)]	Loss: 0.087715
Train Epoch: 8 [8000/60000 (13%)]	Loss: 0.092307
Train Epoch: 8 [10000/60000 (17%)]	Loss: 0.108853
Train Epoch: 8 [12000/60000 (20%)]	Loss: 0.118763
Train Epoch: 8 [14000/60000 (23%)]	Loss: 0.139936
Train Epoch: 8 [16000/60000 (27%)]	Loss: 0.137740
Train Epoch: 8 [18000/60000 (30%)]	Loss: 0.079419
Train Epoch: 8 [20000/60000 (33%)]	Loss: 0.061812
Train Epoch: 8 [22000/60000 (37%)]	Loss: 0.085918
Train Epoch: 8 [24000/60000 (40%)]	Loss: 0.168163
Train Epoch: 8 [26000/60000 (43%)]	Loss: 0.088397
Train Epoch: 8 [28000/60000 (47%)]	Loss: 0.041770
Train Epoch: 8 [30000/60000 (50%)]	Loss: 0.071306
Train Epoch: 8 [32000/60000 (53%)]	Loss: 0.102678
Train Epoch: 8 [34000/60000 (57%)]	Loss: 0.096161
Train Epoch: 8 [36000/60000 (60%)]	Loss: 0.128589
Train Epoch: 8 [38000/60000 (63%)]	Loss: 0.112454
Train Epoch: 8 [40000/60000 (67%)]	Loss: 0.075402
Train Epoch: 8 [42000/60000 (70%)]	Loss: 0.053978
Train Epoch: 8 [44000/60000 (73%)]	Loss: 0.090175
Train Epoch: 8 [46000/60000 (77%)]	Loss: 0.080929
Train Epoch: 8 [48000/60000 (80%)]	Loss: 0.112882
Train Epoch: 8 [50000/60000 (83%)]	Loss: 0.115970
Train Epoch: 8 [52000/60000 (87%)]	Loss: 0.104773
Train Epoch: 8 [54000/60000 (90%)]	Loss: 0.105005
Train Epoch: 8 [56000/60000 (93%)]	Loss: 0.074824
Train Epoch: 8 [58000/60000 (97%)]	Loss: 0.069932
Train Epoch: 8 [60000/60000 (100%)]	Loss: 0.116945

Average Training loss: 0.0050, Training Error Rate: 9.19% (5512/60000)


Average Test loss: 0.0001, Test Error Rate: 8.70% (870/10000)

Train Epoch: 9 [2000/60000 (3%)]	Loss: 0.120142
Train Epoch: 9 [4000/60000 (7%)]	Loss: 0.056987
Train Epoch: 9 [6000/60000 (10%)]	Loss: 0.104496
Train Epoch: 9 [8000/60000 (13%)]	Loss: 0.060903
Train Epoch: 9 [10000/60000 (17%)]	Loss: 0.078838
Train Epoch: 9 [12000/60000 (20%)]	Loss: 0.107811
Train Epoch: 9 [14000/60000 (23%)]	Loss: 0.067177
Train Epoch: 9 [16000/60000 (27%)]	Loss: 0.068855
Train Epoch: 9 [18000/60000 (30%)]	Loss: 0.108382
Train Epoch: 9 [20000/60000 (33%)]	Loss: 0.079297
Train Epoch: 9 [22000/60000 (37%)]	Loss: 0.127807
Train Epoch: 9 [24000/60000 (40%)]	Loss: 0.105380
Train Epoch: 9 [26000/60000 (43%)]	Loss: 0.060255
Train Epoch: 9 [28000/60000 (47%)]	Loss: 0.175000
Train Epoch: 9 [30000/60000 (50%)]	Loss: 0.104586
Train Epoch: 9 [32000/60000 (53%)]	Loss: 0.046385
Train Epoch: 9 [34000/60000 (57%)]	Loss: 0.066996
Train Epoch: 9 [36000/60000 (60%)]	Loss: 0.105876
Train Epoch: 9 [38000/60000 (63%)]	Loss: 0.093032
Train Epoch: 9 [40000/60000 (67%)]	Loss: 0.165168
Train Epoch: 9 [42000/60000 (70%)]	Loss: 0.121470
Train Epoch: 9 [44000/60000 (73%)]	Loss: 0.070760
Train Epoch: 9 [46000/60000 (77%)]	Loss: 0.106299
Train Epoch: 9 [48000/60000 (80%)]	Loss: 0.069938
Train Epoch: 9 [50000/60000 (83%)]	Loss: 0.063023
Train Epoch: 9 [52000/60000 (87%)]	Loss: 0.136685
Train Epoch: 9 [54000/60000 (90%)]	Loss: 0.068838
Train Epoch: 9 [56000/60000 (93%)]	Loss: 0.046827
Train Epoch: 9 [58000/60000 (97%)]	Loss: 0.117428
Train Epoch: 9 [60000/60000 (100%)]	Loss: 0.073492

Average Training loss: 0.0049, Training Error Rate: 8.93% (5358/60000)


Average Test loss: 0.0001, Test Error Rate: 8.37% (837/10000)

Train Epoch: 10 [2000/60000 (3%)]	Loss: 0.077808
Train Epoch: 10 [4000/60000 (7%)]	Loss: 0.112390
Train Epoch: 10 [6000/60000 (10%)]	Loss: 0.138052
Train Epoch: 10 [8000/60000 (13%)]	Loss: 0.092908
Train Epoch: 10 [10000/60000 (17%)]	Loss: 0.071890
Train Epoch: 10 [12000/60000 (20%)]	Loss: 0.070441
Train Epoch: 10 [14000/60000 (23%)]	Loss: 0.049771
Train Epoch: 10 [16000/60000 (27%)]	Loss: 0.091409
Train Epoch: 10 [18000/60000 (30%)]	Loss: 0.071264
Train Epoch: 10 [20000/60000 (33%)]	Loss: 0.145833
Train Epoch: 10 [22000/60000 (37%)]	Loss: 0.062722
Train Epoch: 10 [24000/60000 (40%)]	Loss: 0.094675
Train Epoch: 10 [26000/60000 (43%)]	Loss: 0.061693
Train Epoch: 10 [28000/60000 (47%)]	Loss: 0.095949
Train Epoch: 10 [30000/60000 (50%)]	Loss: 0.099501
Train Epoch: 10 [32000/60000 (53%)]	Loss: 0.137334
Train Epoch: 10 [34000/60000 (57%)]	Loss: 0.069478
Train Epoch: 10 [36000/60000 (60%)]	Loss: 0.098439
Train Epoch: 10 [38000/60000 (63%)]	Loss: 0.108136
Train Epoch: 10 [40000/60000 (67%)]	Loss: 0.077870
Train Epoch: 10 [42000/60000 (70%)]	Loss: 0.090733
Train Epoch: 10 [44000/60000 (73%)]	Loss: 0.160506
Train Epoch: 10 [46000/60000 (77%)]	Loss: 0.066154
Train Epoch: 10 [48000/60000 (80%)]	Loss: 0.054689
Train Epoch: 10 [50000/60000 (83%)]	Loss: 0.060888
Train Epoch: 10 [52000/60000 (87%)]	Loss: 0.054266
Train Epoch: 10 [54000/60000 (90%)]	Loss: 0.064206
Train Epoch: 10 [56000/60000 (93%)]	Loss: 0.135938
Train Epoch: 10 [58000/60000 (97%)]	Loss: 0.063531
Train Epoch: 10 [60000/60000 (100%)]	Loss: 0.065800

Average Training loss: 0.0047, Training Error Rate: 8.63% (5176/60000)


Average Test loss: 0.0001, Test Error Rate: 8.22% (822/10000)

Train Epoch: 11 [2000/60000 (3%)]	Loss: 0.093469
Train Epoch: 11 [4000/60000 (7%)]	Loss: 0.060221
Train Epoch: 11 [6000/60000 (10%)]	Loss: 0.101083
Train Epoch: 11 [8000/60000 (13%)]	Loss: 0.080314
Train Epoch: 11 [10000/60000 (17%)]	Loss: 0.112007
Train Epoch: 11 [12000/60000 (20%)]	Loss: 0.156271
Train Epoch: 11 [14000/60000 (23%)]	Loss: 0.088611
Train Epoch: 11 [16000/60000 (27%)]	Loss: 0.098603
Train Epoch: 11 [18000/60000 (30%)]	Loss: 0.189438
Train Epoch: 11 [20000/60000 (33%)]	Loss: 0.135798
Train Epoch: 11 [22000/60000 (37%)]	Loss: 0.127257
Train Epoch: 11 [24000/60000 (40%)]	Loss: 0.086214
Train Epoch: 11 [26000/60000 (43%)]	Loss: 0.088443
Train Epoch: 11 [28000/60000 (47%)]	Loss: 0.089218
Train Epoch: 11 [30000/60000 (50%)]	Loss: 0.123665
Train Epoch: 11 [32000/60000 (53%)]	Loss: 0.065480
Train Epoch: 11 [34000/60000 (57%)]	Loss: 0.058534
Train Epoch: 11 [36000/60000 (60%)]	Loss: 0.088744
Train Epoch: 11 [38000/60000 (63%)]	Loss: 0.055300
Train Epoch: 11 [40000/60000 (67%)]	Loss: 0.090643
Train Epoch: 11 [42000/60000 (70%)]	Loss: 0.125375
Train Epoch: 11 [44000/60000 (73%)]	Loss: 0.107949
Train Epoch: 11 [46000/60000 (77%)]	Loss: 0.086202
Train Epoch: 11 [48000/60000 (80%)]	Loss: 0.046908
Train Epoch: 11 [50000/60000 (83%)]	Loss: 0.054556
Train Epoch: 11 [52000/60000 (87%)]	Loss: 0.138816
Train Epoch: 11 [54000/60000 (90%)]	Loss: 0.126586
Train Epoch: 11 [56000/60000 (93%)]	Loss: 0.098563
Train Epoch: 11 [58000/60000 (97%)]	Loss: 0.054776
Train Epoch: 11 [60000/60000 (100%)]	Loss: 0.074178

Average Training loss: 0.0045, Training Error Rate: 8.39% (5033/60000)


Average Test loss: 0.0001, Test Error Rate: 7.83% (783/10000)

Train Epoch: 12 [2000/60000 (3%)]	Loss: 0.099927
Train Epoch: 12 [4000/60000 (7%)]	Loss: 0.160913
Train Epoch: 12 [6000/60000 (10%)]	Loss: 0.069867
Train Epoch: 12 [8000/60000 (13%)]	Loss: 0.100734
Train Epoch: 12 [10000/60000 (17%)]	Loss: 0.099743
Train Epoch: 12 [12000/60000 (20%)]	Loss: 0.078154
Train Epoch: 12 [14000/60000 (23%)]	Loss: 0.064675
Train Epoch: 12 [16000/60000 (27%)]	Loss: 0.100580
Train Epoch: 12 [18000/60000 (30%)]	Loss: 0.145518
Train Epoch: 12 [20000/60000 (33%)]	Loss: 0.061010
Train Epoch: 12 [22000/60000 (37%)]	Loss: 0.073524
Train Epoch: 12 [24000/60000 (40%)]	Loss: 0.119484
Train Epoch: 12 [26000/60000 (43%)]	Loss: 0.083567
Train Epoch: 12 [28000/60000 (47%)]	Loss: 0.039135
Train Epoch: 12 [30000/60000 (50%)]	Loss: 0.127795
Train Epoch: 12 [32000/60000 (53%)]	Loss: 0.102996
Train Epoch: 12 [34000/60000 (57%)]	Loss: 0.052513
Train Epoch: 12 [36000/60000 (60%)]	Loss: 0.075949
Train Epoch: 12 [38000/60000 (63%)]	Loss: 0.052405
Train Epoch: 12 [40000/60000 (67%)]	Loss: 0.072975
Train Epoch: 12 [42000/60000 (70%)]	Loss: 0.062221
Train Epoch: 12 [44000/60000 (73%)]	Loss: 0.138354
Train Epoch: 12 [46000/60000 (77%)]	Loss: 0.086493
Train Epoch: 12 [48000/60000 (80%)]	Loss: 0.113789
Train Epoch: 12 [50000/60000 (83%)]	Loss: 0.061892
Train Epoch: 12 [52000/60000 (87%)]	Loss: 0.083067
Train Epoch: 12 [54000/60000 (90%)]	Loss: 0.056051
Train Epoch: 12 [56000/60000 (93%)]	Loss: 0.093714
Train Epoch: 12 [58000/60000 (97%)]	Loss: 0.089698
Train Epoch: 12 [60000/60000 (100%)]	Loss: 0.109342

Average Training loss: 0.0044, Training Error Rate: 8.13% (4877/60000)


Average Test loss: 0.0001, Test Error Rate: 7.61% (761/10000)

Train Epoch: 13 [2000/60000 (3%)]	Loss: 0.098922
Train Epoch: 13 [4000/60000 (7%)]	Loss: 0.073215
Train Epoch: 13 [6000/60000 (10%)]	Loss: 0.137511
Train Epoch: 13 [8000/60000 (13%)]	Loss: 0.085358
Train Epoch: 13 [10000/60000 (17%)]	Loss: 0.055676
Train Epoch: 13 [12000/60000 (20%)]	Loss: 0.135612
Train Epoch: 13 [14000/60000 (23%)]	Loss: 0.058052
Train Epoch: 13 [16000/60000 (27%)]	Loss: 0.141170
Train Epoch: 13 [18000/60000 (30%)]	Loss: 0.060917
Train Epoch: 13 [20000/60000 (33%)]	Loss: 0.125825
Train Epoch: 13 [22000/60000 (37%)]	Loss: 0.087659
Train Epoch: 13 [24000/60000 (40%)]	Loss: 0.048626
Train Epoch: 13 [26000/60000 (43%)]	Loss: 0.086122
Train Epoch: 13 [28000/60000 (47%)]	Loss: 0.091167
Train Epoch: 13 [30000/60000 (50%)]	Loss: 0.089737
Train Epoch: 13 [32000/60000 (53%)]	Loss: 0.059994
Train Epoch: 13 [34000/60000 (57%)]	Loss: 0.067541
Train Epoch: 13 [36000/60000 (60%)]	Loss: 0.043443
Train Epoch: 13 [38000/60000 (63%)]	Loss: 0.057920
Train Epoch: 13 [40000/60000 (67%)]	Loss: 0.092589
Train Epoch: 13 [42000/60000 (70%)]	Loss: 0.061279
Train Epoch: 13 [44000/60000 (73%)]	Loss: 0.128126
Train Epoch: 13 [46000/60000 (77%)]	Loss: 0.053142
Train Epoch: 13 [48000/60000 (80%)]	Loss: 0.081905
Train Epoch: 13 [50000/60000 (83%)]	Loss: 0.088283
Train Epoch: 13 [52000/60000 (87%)]	Loss: 0.073629
Train Epoch: 13 [54000/60000 (90%)]	Loss: 0.096928
Train Epoch: 13 [56000/60000 (93%)]	Loss: 0.057202
Train Epoch: 13 [58000/60000 (97%)]	Loss: 0.067305
Train Epoch: 13 [60000/60000 (100%)]	Loss: 0.080278

Average Training loss: 0.0043, Training Error Rate: 7.92% (4749/60000)


Average Test loss: 0.0001, Test Error Rate: 7.55% (755/10000)

Train Epoch: 14 [2000/60000 (3%)]	Loss: 0.128499
Train Epoch: 14 [4000/60000 (7%)]	Loss: 0.080023
Train Epoch: 14 [6000/60000 (10%)]	Loss: 0.142180
Train Epoch: 14 [8000/60000 (13%)]	Loss: 0.062258
Train Epoch: 14 [10000/60000 (17%)]	Loss: 0.112802
Train Epoch: 14 [12000/60000 (20%)]	Loss: 0.132874
Train Epoch: 14 [14000/60000 (23%)]	Loss: 0.073361
Train Epoch: 14 [16000/60000 (27%)]	Loss: 0.119825
Train Epoch: 14 [18000/60000 (30%)]	Loss: 0.109820
Train Epoch: 14 [20000/60000 (33%)]	Loss: 0.030333
Train Epoch: 14 [22000/60000 (37%)]	Loss: 0.091981
Train Epoch: 14 [24000/60000 (40%)]	Loss: 0.088928
Train Epoch: 14 [26000/60000 (43%)]	Loss: 0.074980
Train Epoch: 14 [28000/60000 (47%)]	Loss: 0.081129
Train Epoch: 14 [30000/60000 (50%)]	Loss: 0.074774
Train Epoch: 14 [32000/60000 (53%)]	Loss: 0.056209
Train Epoch: 14 [34000/60000 (57%)]	Loss: 0.090495
Train Epoch: 14 [36000/60000 (60%)]	Loss: 0.070840
Train Epoch: 14 [38000/60000 (63%)]	Loss: 0.090009
Train Epoch: 14 [40000/60000 (67%)]	Loss: 0.112216
Train Epoch: 14 [42000/60000 (70%)]	Loss: 0.061872
Train Epoch: 14 [44000/60000 (73%)]	Loss: 0.045278
Train Epoch: 14 [46000/60000 (77%)]	Loss: 0.077317
Train Epoch: 14 [48000/60000 (80%)]	Loss: 0.113774
Train Epoch: 14 [50000/60000 (83%)]	Loss: 0.101260
Train Epoch: 14 [52000/60000 (87%)]	Loss: 0.099656
Train Epoch: 14 [54000/60000 (90%)]	Loss: 0.124060
Train Epoch: 14 [56000/60000 (93%)]	Loss: 0.081590
Train Epoch: 14 [58000/60000 (97%)]	Loss: 0.053153
Train Epoch: 14 [60000/60000 (100%)]	Loss: 0.081950

Average Training loss: 0.0042, Training Error Rate: 7.80% (4682/60000)


Average Test loss: 0.0001, Test Error Rate: 6.97% (697/10000)

Train Epoch: 15 [2000/60000 (3%)]	Loss: 0.144459
Train Epoch: 15 [4000/60000 (7%)]	Loss: 0.115314
Train Epoch: 15 [6000/60000 (10%)]	Loss: 0.058936
Train Epoch: 15 [8000/60000 (13%)]	Loss: 0.037747
Train Epoch: 15 [10000/60000 (17%)]	Loss: 0.065460
Train Epoch: 15 [12000/60000 (20%)]	Loss: 0.126154
Train Epoch: 15 [14000/60000 (23%)]	Loss: 0.053036
Train Epoch: 15 [16000/60000 (27%)]	Loss: 0.071062
Train Epoch: 15 [18000/60000 (30%)]	Loss: 0.168906
Train Epoch: 15 [20000/60000 (33%)]	Loss: 0.065843
Train Epoch: 15 [22000/60000 (37%)]	Loss: 0.080199
Train Epoch: 15 [24000/60000 (40%)]	Loss: 0.078447
Train Epoch: 15 [26000/60000 (43%)]	Loss: 0.066992
Train Epoch: 15 [28000/60000 (47%)]	Loss: 0.082254
Train Epoch: 15 [30000/60000 (50%)]	Loss: 0.057096
Train Epoch: 15 [32000/60000 (53%)]	Loss: 0.038770
Train Epoch: 15 [34000/60000 (57%)]	Loss: 0.062058
Train Epoch: 15 [36000/60000 (60%)]	Loss: 0.068149
Train Epoch: 15 [38000/60000 (63%)]	Loss: 0.149028
Train Epoch: 15 [40000/60000 (67%)]	Loss: 0.052010
Train Epoch: 15 [42000/60000 (70%)]	Loss: 0.098393
Train Epoch: 15 [44000/60000 (73%)]	Loss: 0.177100
Train Epoch: 15 [46000/60000 (77%)]	Loss: 0.061490
Train Epoch: 15 [48000/60000 (80%)]	Loss: 0.064651
Train Epoch: 15 [50000/60000 (83%)]	Loss: 0.053391
Train Epoch: 15 [52000/60000 (87%)]	Loss: 0.055123
Train Epoch: 15 [54000/60000 (90%)]	Loss: 0.029032
Train Epoch: 15 [56000/60000 (93%)]	Loss: 0.058456
Train Epoch: 15 [58000/60000 (97%)]	Loss: 0.144676
Train Epoch: 15 [60000/60000 (100%)]	Loss: 0.093087

Average Training loss: 0.0041, Training Error Rate: 7.59% (4552/60000)

/vast/home/ajherman/miniconda3/envs/pytorch/lib/python3.11/site-packages/torchvision/io/image.py:13: UserWarning: Failed to load image Python extension: '/vast/home/ajherman/miniconda3/envs/pytorch/lib/python3.11/site-packages/torchvision/image.so: undefined symbol: _ZN5torch3jit17parseSchemaOrNameERKNSt7__cxx1112basic_stringIcSt11char_traitsIcESaIcEEE'If you don't plan on using image functionality from `torchvision.io`, you can ignore this warning. Otherwise, there might be something wrong with your environment. Did you have `libjpeg` or `libpng` installed before building `torchvision` from source?
  warn(
dt =  0.2651327538622006
dt =  0.2651327538622006
Train Epoch: 15 [2000/60000 (3%)]	Loss: 0.039025
Train Epoch: 15 [4000/60000 (7%)]	Loss: 0.105325
Train Epoch: 15 [6000/60000 (10%)]	Loss: 0.046258
Train Epoch: 15 [8000/60000 (13%)]	Loss: 0.058330
Train Epoch: 15 [10000/60000 (17%)]	Loss: 0.102964
Train Epoch: 15 [12000/60000 (20%)]	Loss: 0.153325
Train Epoch: 15 [14000/60000 (23%)]	Loss: 0.098564
Train Epoch: 15 [16000/60000 (27%)]	Loss: 0.081956
Train Epoch: 15 [18000/60000 (30%)]	Loss: 0.131092
Train Epoch: 15 [20000/60000 (33%)]	Loss: 0.068964
Train Epoch: 15 [22000/60000 (37%)]	Loss: 0.057285
Train Epoch: 15 [24000/60000 (40%)]	Loss: 0.039246
Train Epoch: 15 [26000/60000 (43%)]	Loss: 0.060853
Train Epoch: 15 [28000/60000 (47%)]	Loss: 0.092835
Train Epoch: 15 [30000/60000 (50%)]	Loss: 0.099347
Train Epoch: 15 [32000/60000 (53%)]	Loss: 0.111046
Train Epoch: 15 [34000/60000 (57%)]	Loss: 0.083627
Train Epoch: 15 [36000/60000 (60%)]	Loss: 0.054251
Train Epoch: 15 [38000/60000 (63%)]	Loss: 0.055779
Train Epoch: 15 [40000/60000 (67%)]	Loss: 0.071716
Train Epoch: 15 [42000/60000 (70%)]	Loss: 0.150060
Train Epoch: 15 [44000/60000 (73%)]	Loss: 0.071074
Train Epoch: 15 [46000/60000 (77%)]	Loss: 0.093717
Train Epoch: 15 [48000/60000 (80%)]	Loss: 0.078018
Train Epoch: 15 [50000/60000 (83%)]	Loss: 0.136344
Train Epoch: 15 [52000/60000 (87%)]	Loss: 0.104674
Train Epoch: 15 [54000/60000 (90%)]	Loss: 0.066120
Train Epoch: 15 [56000/60000 (93%)]	Loss: 0.085792
Train Epoch: 15 [58000/60000 (97%)]	Loss: 0.058325
Train Epoch: 15 [60000/60000 (100%)]	Loss: 0.028453

Average Training loss: 0.0040, Training Error Rate: 7.45% (4470/60000)


Average Test loss: 0.0001, Test Error Rate: 7.09% (709/10000)

Train Epoch: 16 [2000/60000 (3%)]	Loss: 0.156197
Train Epoch: 16 [4000/60000 (7%)]	Loss: 0.079000
Train Epoch: 16 [6000/60000 (10%)]	Loss: 0.057171
Train Epoch: 16 [8000/60000 (13%)]	Loss: 0.086562
Train Epoch: 16 [10000/60000 (17%)]	Loss: 0.069332
Train Epoch: 16 [12000/60000 (20%)]	Loss: 0.089961
Train Epoch: 16 [14000/60000 (23%)]	Loss: 0.135490
Train Epoch: 16 [16000/60000 (27%)]	Loss: 0.102207
Train Epoch: 16 [18000/60000 (30%)]	Loss: 0.069374
Train Epoch: 16 [20000/60000 (33%)]	Loss: 0.042954
Train Epoch: 16 [22000/60000 (37%)]	Loss: 0.089837
Train Epoch: 16 [24000/60000 (40%)]	Loss: 0.049789
Train Epoch: 16 [26000/60000 (43%)]	Loss: 0.114645
Train Epoch: 16 [28000/60000 (47%)]	Loss: 0.081001
Train Epoch: 16 [30000/60000 (50%)]	Loss: 0.093510
Train Epoch: 16 [32000/60000 (53%)]	Loss: 0.031848
Train Epoch: 16 [34000/60000 (57%)]	Loss: 0.106134
Train Epoch: 16 [36000/60000 (60%)]	Loss: 0.049293
Train Epoch: 16 [38000/60000 (63%)]	Loss: 0.045762
Train Epoch: 16 [40000/60000 (67%)]	Loss: 0.085657
Train Epoch: 16 [42000/60000 (70%)]	Loss: 0.056098
Train Epoch: 16 [44000/60000 (73%)]	Loss: 0.086327
Train Epoch: 16 [46000/60000 (77%)]	Loss: 0.063769
Train Epoch: 16 [48000/60000 (80%)]	Loss: 0.063037
Train Epoch: 16 [50000/60000 (83%)]	Loss: 0.065087
Train Epoch: 16 [52000/60000 (87%)]	Loss: 0.112134
Train Epoch: 16 [54000/60000 (90%)]	Loss: 0.096921
Train Epoch: 16 [56000/60000 (93%)]	Loss: 0.086944
Train Epoch: 16 [58000/60000 (97%)]	Loss: 0.085633
Train Epoch: 16 [60000/60000 (100%)]	Loss: 0.116887

Average Training loss: 0.0039, Training Error Rate: 7.24% (4345/60000)


Average Test loss: 0.0001, Test Error Rate: 6.92% (692/10000)

Train Epoch: 17 [2000/60000 (3%)]	Loss: 0.053828
Train Epoch: 17 [4000/60000 (7%)]	Loss: 0.060961
Train Epoch: 17 [6000/60000 (10%)]	Loss: 0.076380
Train Epoch: 17 [8000/60000 (13%)]	Loss: 0.136511
Train Epoch: 17 [10000/60000 (17%)]	Loss: 0.028329
Train Epoch: 17 [12000/60000 (20%)]	Loss: 0.097770
Train Epoch: 17 [14000/60000 (23%)]	Loss: 0.109779
Train Epoch: 17 [16000/60000 (27%)]	Loss: 0.088908
Train Epoch: 17 [18000/60000 (30%)]	Loss: 0.070055
Train Epoch: 17 [20000/60000 (33%)]	Loss: 0.073027
Train Epoch: 17 [22000/60000 (37%)]	Loss: 0.044540
Train Epoch: 17 [24000/60000 (40%)]	Loss: 0.085375
Train Epoch: 17 [26000/60000 (43%)]	Loss: 0.056842
Train Epoch: 17 [28000/60000 (47%)]	Loss: 0.042620
Train Epoch: 17 [30000/60000 (50%)]	Loss: 0.038604
Train Epoch: 17 [32000/60000 (53%)]	Loss: 0.039061
Train Epoch: 17 [34000/60000 (57%)]	Loss: 0.036281
Train Epoch: 17 [36000/60000 (60%)]	Loss: 0.063547
Train Epoch: 17 [38000/60000 (63%)]	Loss: 0.097869
Train Epoch: 17 [40000/60000 (67%)]	Loss: 0.089396
Train Epoch: 17 [42000/60000 (70%)]	Loss: 0.122564
Train Epoch: 17 [44000/60000 (73%)]	Loss: 0.065947
Train Epoch: 17 [46000/60000 (77%)]	Loss: 0.028664
Train Epoch: 17 [48000/60000 (80%)]	Loss: 0.060679
Train Epoch: 17 [50000/60000 (83%)]	Loss: 0.078676
Train Epoch: 17 [52000/60000 (87%)]	Loss: 0.098669
Train Epoch: 17 [54000/60000 (90%)]	Loss: 0.091566
Train Epoch: 17 [56000/60000 (93%)]	Loss: 0.077834
Train Epoch: 17 [58000/60000 (97%)]	Loss: 0.067501
Train Epoch: 17 [60000/60000 (100%)]	Loss: 0.117313

Average Training loss: 0.0039, Training Error Rate: 7.12% (4270/60000)


Average Test loss: 0.0001, Test Error Rate: 6.89% (689/10000)

Train Epoch: 18 [2000/60000 (3%)]	Loss: 0.030240
Train Epoch: 18 [4000/60000 (7%)]	Loss: 0.076113
Train Epoch: 18 [6000/60000 (10%)]	Loss: 0.090698
Train Epoch: 18 [8000/60000 (13%)]	Loss: 0.068702
Train Epoch: 18 [10000/60000 (17%)]	Loss: 0.053270
Train Epoch: 18 [12000/60000 (20%)]	Loss: 0.044584
Train Epoch: 18 [14000/60000 (23%)]	Loss: 0.068230
Train Epoch: 18 [16000/60000 (27%)]	Loss: 0.070201
Train Epoch: 18 [18000/60000 (30%)]	Loss: 0.077560
Train Epoch: 18 [20000/60000 (33%)]	Loss: 0.065493
/vast/home/ajherman/continualEP/netFunctions.py:118: RuntimeWarning: More than 20 figures have been opened. Figures created through the pyplot interface (`matplotlib.pyplot.figure`) are retained until explicitly closed and may consume too much memory. (To control this warning, see the rcParam `figure.max_open_warning`). Consider using `matplotlib.pyplot.close()`.
  fig, ax = plt.subplots()
Train Epoch: 18 [22000/60000 (37%)]	Loss: 0.133630
Train Epoch: 18 [24000/60000 (40%)]	Loss: 0.056858
Train Epoch: 18 [26000/60000 (43%)]	Loss: 0.049440
Train Epoch: 18 [28000/60000 (47%)]	Loss: 0.051642
Train Epoch: 18 [30000/60000 (50%)]	Loss: 0.125410
Train Epoch: 18 [32000/60000 (53%)]	Loss: 0.065001
Train Epoch: 18 [34000/60000 (57%)]	Loss: 0.069940
Train Epoch: 18 [36000/60000 (60%)]	Loss: 0.063005
Train Epoch: 18 [38000/60000 (63%)]	Loss: 0.076430
Train Epoch: 18 [40000/60000 (67%)]	Loss: 0.141140
Train Epoch: 18 [42000/60000 (70%)]	Loss: 0.113129
Train Epoch: 18 [44000/60000 (73%)]	Loss: 0.108672
Train Epoch: 18 [46000/60000 (77%)]	Loss: 0.069489
Train Epoch: 18 [48000/60000 (80%)]	Loss: 0.058542
Train Epoch: 18 [50000/60000 (83%)]	Loss: 0.042747
Train Epoch: 18 [52000/60000 (87%)]	Loss: 0.088210
Train Epoch: 18 [54000/60000 (90%)]	Loss: 0.100863
Train Epoch: 18 [56000/60000 (93%)]	Loss: 0.052155
Train Epoch: 18 [58000/60000 (97%)]	Loss: 0.089752
Train Epoch: 18 [60000/60000 (100%)]	Loss: 0.060805

Average Training loss: 0.0038, Training Error Rate: 6.96% (4174/60000)


Average Test loss: 0.0001, Test Error Rate: 6.48% (648/10000)

Train Epoch: 19 [2000/60000 (3%)]	Loss: 0.041594
Train Epoch: 19 [4000/60000 (7%)]	Loss: 0.080009
Train Epoch: 19 [6000/60000 (10%)]	Loss: 0.107350
Train Epoch: 19 [8000/60000 (13%)]	Loss: 0.117184
Train Epoch: 19 [10000/60000 (17%)]	Loss: 0.055978
Train Epoch: 19 [12000/60000 (20%)]	Loss: 0.038944
Train Epoch: 19 [14000/60000 (23%)]	Loss: 0.054118
Train Epoch: 19 [16000/60000 (27%)]	Loss: 0.077259
Train Epoch: 19 [18000/60000 (30%)]	Loss: 0.060252
Train Epoch: 19 [20000/60000 (33%)]	Loss: 0.101743
Train Epoch: 19 [22000/60000 (37%)]	Loss: 0.070174
Train Epoch: 19 [24000/60000 (40%)]	Loss: 0.056534
Train Epoch: 19 [26000/60000 (43%)]	Loss: 0.067943
Train Epoch: 19 [28000/60000 (47%)]	Loss: 0.077864
Train Epoch: 19 [30000/60000 (50%)]	Loss: 0.052494
Train Epoch: 19 [32000/60000 (53%)]	Loss: 0.047387
Train Epoch: 19 [34000/60000 (57%)]	Loss: 0.029548
Train Epoch: 19 [36000/60000 (60%)]	Loss: 0.033518
Train Epoch: 19 [38000/60000 (63%)]	Loss: 0.064119
Train Epoch: 19 [40000/60000 (67%)]	Loss: 0.077272
Train Epoch: 19 [42000/60000 (70%)]	Loss: 0.090429
Train Epoch: 19 [44000/60000 (73%)]	Loss: 0.103680
Train Epoch: 19 [46000/60000 (77%)]	Loss: 0.081432
Train Epoch: 19 [48000/60000 (80%)]	Loss: 0.076937
Train Epoch: 19 [50000/60000 (83%)]	Loss: 0.117458
Train Epoch: 19 [52000/60000 (87%)]	Loss: 0.071192
Train Epoch: 19 [54000/60000 (90%)]	Loss: 0.069598
Train Epoch: 19 [56000/60000 (93%)]	Loss: 0.100689
Train Epoch: 19 [58000/60000 (97%)]	Loss: 0.038276
Train Epoch: 19 [60000/60000 (100%)]	Loss: 0.039051

Average Training loss: 0.0037, Training Error Rate: 6.76% (4059/60000)


Average Test loss: 0.0001, Test Error Rate: 6.66% (666/10000)

