/vast/home/ajherman/miniconda3/envs/pytorch/lib/python3.11/site-packages/torchvision/io/image.py:13: UserWarning: Failed to load image Python extension: '/vast/home/ajherman/miniconda3/envs/pytorch/lib/python3.11/site-packages/torchvision/image.so: undefined symbol: _ZN5torch3jit17parseSchemaOrNameERKNSt7__cxx1112basic_stringIcSt11char_traitsIcESaIcEEE'If you don't plan on using image functionality from `torchvision.io`, you can ignore this warning. Otherwise, there might be something wrong with your environment. Did you have `libjpeg` or `libpng` installed before building `torchvision` from source?
  warn(
Random seed set as 42
dt =  0.11750309741540454
trace decay =  0.5737534207374327
Random seed set as 42
Random seed set as 42
dt =  0.11750309741540454
trace decay =  0.5737534207374327
Random seed set as 42
Train Epoch: 0 [20000/60000 (33%)]	Loss: 0.430579
Train Epoch: 0 [40000/60000 (67%)]	Loss: 0.391857
Train Epoch: 0 [60000/60000 (100%)]	Loss: 0.372742

Average Training loss: 0.0021, Training Error Rate: 64.80% (38880/60000)


Average Test loss: 0.0004, Test Error Rate: 43.00% (4300/10000)

Train Epoch: 1 [20000/60000 (33%)]	Loss: 0.338699
Train Epoch: 1 [40000/60000 (67%)]	Loss: 0.324189
Train Epoch: 1 [60000/60000 (100%)]	Loss: 0.303307

Average Training loss: 0.0017, Training Error Rate: 35.44% (21266/60000)


Average Test loss: 0.0003, Test Error Rate: 28.44% (2844/10000)

Train Epoch: 2 [20000/60000 (33%)]	Loss: 0.280917
Train Epoch: 2 [40000/60000 (67%)]	Loss: 0.276888
Train Epoch: 2 [60000/60000 (100%)]	Loss: 0.276952

Average Training loss: 0.0014, Training Error Rate: 26.62% (15974/60000)


Average Test loss: 0.0003, Test Error Rate: 22.71% (2271/10000)

Train Epoch: 3 [20000/60000 (33%)]	Loss: 0.255728
Train Epoch: 3 [40000/60000 (67%)]	Loss: 0.236713
Train Epoch: 3 [60000/60000 (100%)]	Loss: 0.240659

Average Training loss: 0.0013, Training Error Rate: 22.47% (13483/60000)


Average Test loss: 0.0002, Test Error Rate: 20.13% (2013/10000)

Train Epoch: 4 [20000/60000 (33%)]	Loss: 0.235036
Train Epoch: 4 [40000/60000 (67%)]	Loss: 0.227736
Train Epoch: 4 [60000/60000 (100%)]	Loss: 0.217311

Average Training loss: 0.0011, Training Error Rate: 20.18% (12105/60000)


Average Test loss: 0.0002, Test Error Rate: 17.91% (1791/10000)

Train Epoch: 5 [20000/60000 (33%)]	Loss: 0.214858
Train Epoch: 5 [40000/60000 (67%)]	Loss: 0.213396
Train Epoch: 5 [60000/60000 (100%)]	Loss: 0.222588

Average Training loss: 0.0011, Training Error Rate: 18.74% (11242/60000)


Average Test loss: 0.0002, Test Error Rate: 16.93% (1693/10000)

Train Epoch: 6 [20000/60000 (33%)]	Loss: 0.210891
Train Epoch: 6 [40000/60000 (67%)]	Loss: 0.197161
Train Epoch: 6 [60000/60000 (100%)]	Loss: 0.189816

Average Training loss: 0.0010, Training Error Rate: 17.61% (10566/60000)


Average Test loss: 0.0002, Test Error Rate: 15.84% (1584/10000)

Train Epoch: 7 [20000/60000 (33%)]	Loss: 0.202231
Train Epoch: 7 [40000/60000 (67%)]	Loss: 0.205148
Train Epoch: 7 [60000/60000 (100%)]	Loss: 0.181080

Average Training loss: 0.0010, Training Error Rate: 16.77% (10064/60000)


Average Test loss: 0.0002, Test Error Rate: 15.10% (1510/10000)

Train Epoch: 8 [20000/60000 (33%)]	Loss: 0.169272
Train Epoch: 8 [40000/60000 (67%)]	Loss: 0.182929
Train Epoch: 8 [60000/60000 (100%)]	Loss: 0.182636

Average Training loss: 0.0009, Training Error Rate: 16.10% (9660/60000)


Average Test loss: 0.0002, Test Error Rate: 14.74% (1474/10000)

Train Epoch: 9 [20000/60000 (33%)]	Loss: 0.171156
Train Epoch: 9 [40000/60000 (67%)]	Loss: 0.165029
Train Epoch: 9 [60000/60000 (100%)]	Loss: 0.162022

Average Training loss: 0.0009, Training Error Rate: 15.63% (9377/60000)


Average Test loss: 0.0002, Test Error Rate: 14.32% (1432/10000)

Train Epoch: 10 [20000/60000 (33%)]	Loss: 0.171131
Train Epoch: 10 [40000/60000 (67%)]	Loss: 0.170383
Train Epoch: 10 [60000/60000 (100%)]	Loss: 0.160716

Average Training loss: 0.0009, Training Error Rate: 15.17% (9104/60000)


Average Test loss: 0.0002, Test Error Rate: 14.22% (1422/10000)

Train Epoch: 11 [20000/60000 (33%)]	Loss: 0.151914
Train Epoch: 11 [40000/60000 (67%)]	Loss: 0.181751
Train Epoch: 11 [60000/60000 (100%)]	Loss: 0.163912

Average Training loss: 0.0008, Training Error Rate: 14.66% (8799/60000)


Average Test loss: 0.0002, Test Error Rate: 13.49% (1349/10000)

Train Epoch: 12 [20000/60000 (33%)]	Loss: 0.174106
Train Epoch: 12 [40000/60000 (67%)]	Loss: 0.153625
Train Epoch: 12 [60000/60000 (100%)]	Loss: 0.157596

Average Training loss: 0.0008, Training Error Rate: 14.44% (8665/60000)


Average Test loss: 0.0002, Test Error Rate: 13.38% (1338/10000)

Train Epoch: 13 [20000/60000 (33%)]	Loss: 0.149382
Train Epoch: 13 [40000/60000 (67%)]	Loss: 0.167202
Train Epoch: 13 [60000/60000 (100%)]	Loss: 0.154172

Average Training loss: 0.0008, Training Error Rate: 14.08% (8447/60000)


Average Test loss: 0.0002, Test Error Rate: 13.42% (1342/10000)

slurmstepd: error: *** STEP 15492314.259 ON cn431 CANCELLED AT 2023-10-03T10:57:22 ***
/vast/home/ajherman/miniconda3/envs/pytorch/lib/python3.11/site-packages/torchvision/io/image.py:13: UserWarning: Failed to load image Python extension: '/vast/home/ajherman/miniconda3/envs/pytorch/lib/python3.11/site-packages/torchvision/image.so: undefined symbol: _ZN5torch3jit17parseSchemaOrNameERKNSt7__cxx1112basic_stringIcSt11char_traitsIcESaIcEEE'If you don't plan on using image functionality from `torchvision.io`, you can ignore this warning. Otherwise, there might be something wrong with your environment. Did you have `libjpeg` or `libpng` installed before building `torchvision` from source?
  warn(
Random seed set as 42
dt =  0.11750309741540466
trace decay =  0.5737534207374327
Random seed set as 42
Random seed set as 42
dt =  0.11750309741540466
trace decay =  0.5737534207374327
Random seed set as 42
Train Epoch: 14 [20000/60000 (33%)]	Loss: 0.153776
Train Epoch: 14 [40000/60000 (67%)]	Loss: 0.159270
Train Epoch: 14 [60000/60000 (100%)]	Loss: 0.165042

Average Training loss: 0.0008, Training Error Rate: 13.87% (8322/60000)


Average Test loss: 0.0001, Test Error Rate: 12.74% (1274/10000)

Train Epoch: 15 [20000/60000 (33%)]	Loss: 0.159864
Train Epoch: 15 [40000/60000 (67%)]	Loss: 0.154997
Train Epoch: 15 [60000/60000 (100%)]	Loss: 0.138335

Average Training loss: 0.0008, Training Error Rate: 13.60% (8160/60000)


Average Test loss: 0.0001, Test Error Rate: 12.69% (1269/10000)

Train Epoch: 16 [20000/60000 (33%)]	Loss: 0.148846
Train Epoch: 16 [40000/60000 (67%)]	Loss: 0.133543
Train Epoch: 16 [60000/60000 (100%)]	Loss: 0.148988

Average Training loss: 0.0007, Training Error Rate: 13.27% (7959/60000)


Average Test loss: 0.0001, Test Error Rate: 12.19% (1219/10000)

Train Epoch: 17 [20000/60000 (33%)]	Loss: 0.152595
Train Epoch: 17 [40000/60000 (67%)]	Loss: 0.126003
Train Epoch: 17 [60000/60000 (100%)]	Loss: 0.143211

Average Training loss: 0.0007, Training Error Rate: 13.20% (7920/60000)


Average Test loss: 0.0001, Test Error Rate: 12.03% (1203/10000)

Train Epoch: 18 [20000/60000 (33%)]	Loss: 0.150187
Train Epoch: 18 [40000/60000 (67%)]	Loss: 0.142664
Train Epoch: 18 [60000/60000 (100%)]	Loss: 0.123124

Average Training loss: 0.0007, Training Error Rate: 13.01% (7808/60000)


Average Test loss: 0.0001, Test Error Rate: 12.17% (1217/10000)

Train Epoch: 19 [20000/60000 (33%)]	Loss: 0.148842
Train Epoch: 19 [40000/60000 (67%)]	Loss: 0.137015
Train Epoch: 19 [60000/60000 (100%)]	Loss: 0.147775

Average Training loss: 0.0007, Training Error Rate: 12.82% (7690/60000)


Average Test loss: 0.0001, Test Error Rate: 12.06% (1206/10000)

Train Epoch: 20 [20000/60000 (33%)]	Loss: 0.141540
Train Epoch: 20 [40000/60000 (67%)]	Loss: 0.123711
Train Epoch: 20 [60000/60000 (100%)]	Loss: 0.131282

Average Training loss: 0.0007, Training Error Rate: 12.71% (7625/60000)


Average Test loss: 0.0001, Test Error Rate: 11.84% (1184/10000)

Train Epoch: 21 [20000/60000 (33%)]	Loss: 0.148483
Train Epoch: 21 [40000/60000 (67%)]	Loss: 0.136158
Train Epoch: 21 [60000/60000 (100%)]	Loss: 0.131384

Average Training loss: 0.0007, Training Error Rate: 12.56% (7539/60000)


Average Test loss: 0.0001, Test Error Rate: 11.46% (1146/10000)

Train Epoch: 22 [20000/60000 (33%)]	Loss: 0.137592
Train Epoch: 22 [40000/60000 (67%)]	Loss: 0.125046
Train Epoch: 22 [60000/60000 (100%)]	Loss: 0.139094

Average Training loss: 0.0007, Training Error Rate: 12.38% (7430/60000)


Average Test loss: 0.0001, Test Error Rate: 11.33% (1133/10000)

Train Epoch: 23 [20000/60000 (33%)]	Loss: 0.150263
slurmstepd: error: *** STEP 15492341.207 ON cn651 CANCELLED AT 2023-10-03T11:17:53 ***
/vast/home/ajherman/miniconda3/envs/pytorch/lib/python3.11/site-packages/torchvision/io/image.py:13: UserWarning: Failed to load image Python extension: '/vast/home/ajherman/miniconda3/envs/pytorch/lib/python3.11/site-packages/torchvision/image.so: undefined symbol: _ZN5torch3jit17parseSchemaOrNameERKNSt7__cxx1112basic_stringIcSt11char_traitsIcESaIcEEE'If you don't plan on using image functionality from `torchvision.io`, you can ignore this warning. Otherwise, there might be something wrong with your environment. Did you have `libjpeg` or `libpng` installed before building `torchvision` from source?
  warn(
Random seed set as 42
dt =  0.11750309741540466
trace decay =  0.5737534207374327
Random seed set as 42
Random seed set as 42
dt =  0.11750309741540466
trace decay =  0.5737534207374327
Random seed set as 42
Train Epoch: 23 [20000/60000 (33%)]	Loss: 0.134503
Train Epoch: 23 [40000/60000 (67%)]	Loss: 0.141782
Train Epoch: 23 [60000/60000 (100%)]	Loss: 0.146103

Average Training loss: 0.0007, Training Error Rate: 12.28% (7366/60000)


Average Test loss: 0.0001, Test Error Rate: 11.44% (1144/10000)

Train Epoch: 24 [20000/60000 (33%)]	Loss: 0.143047
Train Epoch: 24 [40000/60000 (67%)]	Loss: 0.138344
Train Epoch: 24 [60000/60000 (100%)]	Loss: 0.121502

Average Training loss: 0.0007, Training Error Rate: 12.17% (7301/60000)


Average Test loss: 0.0001, Test Error Rate: 11.49% (1149/10000)

Train Epoch: 25 [20000/60000 (33%)]	Loss: 0.131756
Train Epoch: 25 [40000/60000 (67%)]	Loss: 0.114485
Train Epoch: 25 [60000/60000 (100%)]	Loss: 0.132737

Average Training loss: 0.0007, Training Error Rate: 12.04% (7221/60000)


Average Test loss: 0.0001, Test Error Rate: 11.02% (1102/10000)

Train Epoch: 26 [20000/60000 (33%)]	Loss: 0.135675
Train Epoch: 26 [40000/60000 (67%)]	Loss: 0.113741
Train Epoch: 26 [60000/60000 (100%)]	Loss: 0.131011

Average Training loss: 0.0007, Training Error Rate: 12.06% (7234/60000)


Average Test loss: 0.0001, Test Error Rate: 10.98% (1098/10000)

Train Epoch: 27 [20000/60000 (33%)]	Loss: 0.135979
Train Epoch: 27 [40000/60000 (67%)]	Loss: 0.128616
Train Epoch: 27 [60000/60000 (100%)]	Loss: 0.109715

Average Training loss: 0.0007, Training Error Rate: 11.84% (7104/60000)


Average Test loss: 0.0001, Test Error Rate: 11.06% (1106/10000)

Train Epoch: 28 [20000/60000 (33%)]	Loss: 0.136416
Train Epoch: 28 [40000/60000 (67%)]	Loss: 0.124995
Train Epoch: 28 [60000/60000 (100%)]	Loss: 0.137643

Average Training loss: 0.0007, Training Error Rate: 11.78% (7069/60000)


Average Test loss: 0.0001, Test Error Rate: 10.86% (1086/10000)

Train Epoch: 29 [20000/60000 (33%)]	Loss: 0.128740
Train Epoch: 29 [40000/60000 (67%)]	Loss: 0.115195
Train Epoch: 29 [60000/60000 (100%)]	Loss: 0.120358

Average Training loss: 0.0006, Training Error Rate: 11.70% (7017/60000)


Average Test loss: 0.0001, Test Error Rate: 10.76% (1076/10000)

Train Epoch: 30 [20000/60000 (33%)]	Loss: 0.137514
Train Epoch: 30 [40000/60000 (67%)]	Loss: 0.125090
Train Epoch: 30 [60000/60000 (100%)]	Loss: 0.121734

Average Training loss: 0.0006, Training Error Rate: 11.58% (6948/60000)


Average Test loss: 0.0001, Test Error Rate: 10.47% (1047/10000)

Train Epoch: 31 [20000/60000 (33%)]	Loss: 0.126725
Train Epoch: 31 [40000/60000 (67%)]	Loss: 0.115678
Train Epoch: 31 [60000/60000 (100%)]	Loss: 0.129345

Average Training loss: 0.0006, Training Error Rate: 11.49% (6892/60000)


Average Test loss: 0.0001, Test Error Rate: 10.65% (1065/10000)

Train Epoch: 32 [20000/60000 (33%)]	Loss: 0.140249
Train Epoch: 32 [40000/60000 (67%)]	Loss: 0.133415
Train Epoch: 32 [60000/60000 (100%)]	Loss: 0.119809

Average Training loss: 0.0006, Training Error Rate: 11.52% (6910/60000)


Average Test loss: 0.0001, Test Error Rate: 10.68% (1068/10000)

Train Epoch: 33 [20000/60000 (33%)]	Loss: 0.128605
Train Epoch: 33 [40000/60000 (67%)]	Loss: 0.110753
Train Epoch: 33 [60000/60000 (100%)]	Loss: 0.135686

Average Training loss: 0.0006, Training Error Rate: 11.34% (6803/60000)


Average Test loss: 0.0001, Test Error Rate: 10.53% (1053/10000)

Train Epoch: 34 [20000/60000 (33%)]	Loss: 0.124789
Train Epoch: 34 [40000/60000 (67%)]	Loss: 0.122892
Train Epoch: 34 [60000/60000 (100%)]	Loss: 0.114542

Average Training loss: 0.0006, Training Error Rate: 11.37% (6822/60000)


Average Test loss: 0.0001, Test Error Rate: 10.29% (1029/10000)

Train Epoch: 35 [20000/60000 (33%)]	Loss: 0.121486
Train Epoch: 35 [40000/60000 (67%)]	Loss: 0.142833
Train Epoch: 35 [60000/60000 (100%)]	Loss: 0.107048

Average Training loss: 0.0006, Training Error Rate: 11.28% (6770/60000)


Average Test loss: 0.0001, Test Error Rate: 10.36% (1036/10000)

Train Epoch: 36 [20000/60000 (33%)]	Loss: 0.124102
Train Epoch: 36 [40000/60000 (67%)]	Loss: 0.127948
Train Epoch: 36 [60000/60000 (100%)]	Loss: 0.126661

Average Training loss: 0.0006, Training Error Rate: 11.18% (6705/60000)


Average Test loss: 0.0001, Test Error Rate: 10.41% (1041/10000)

Train Epoch: 37 [20000/60000 (33%)]	Loss: 0.105948
Train Epoch: 37 [40000/60000 (67%)]	Loss: 0.125259
Train Epoch: 37 [60000/60000 (100%)]	Loss: 0.131424

Average Training loss: 0.0006, Training Error Rate: 11.11% (6665/60000)


Average Test loss: 0.0001, Test Error Rate: 10.41% (1041/10000)

Train Epoch: 38 [20000/60000 (33%)]	Loss: 0.117039
Train Epoch: 38 [40000/60000 (67%)]	Loss: 0.131981
Train Epoch: 38 [60000/60000 (100%)]	Loss: 0.128295

Average Training loss: 0.0006, Training Error Rate: 11.06% (6635/60000)


Average Test loss: 0.0001, Test Error Rate: 10.39% (1039/10000)

Train Epoch: 39 [20000/60000 (33%)]	Loss: 0.116338
Train Epoch: 39 [40000/60000 (67%)]	Loss: 0.125674
Train Epoch: 39 [60000/60000 (100%)]	Loss: 0.121736

Average Training loss: 0.0006, Training Error Rate: 10.98% (6591/60000)


Average Test loss: 0.0001, Test Error Rate: 10.12% (1012/10000)

Train Epoch: 40 [20000/60000 (33%)]	Loss: 0.126943
Train Epoch: 40 [40000/60000 (67%)]	Loss: 0.111919
Train Epoch: 40 [60000/60000 (100%)]	Loss: 0.110908

Average Training loss: 0.0006, Training Error Rate: 10.95% (6568/60000)


Average Test loss: 0.0001, Test Error Rate: 10.15% (1015/10000)

Train Epoch: 41 [20000/60000 (33%)]	Loss: 0.121659
Train Epoch: 41 [40000/60000 (67%)]	Loss: 0.100534
Train Epoch: 41 [60000/60000 (100%)]	Loss: 0.120343

Average Training loss: 0.0006, Training Error Rate: 10.92% (6551/60000)


Average Test loss: 0.0001, Test Error Rate: 10.31% (1031/10000)

Train Epoch: 42 [20000/60000 (33%)]	Loss: 0.127487
Train Epoch: 42 [40000/60000 (67%)]	Loss: 0.121782
Train Epoch: 42 [60000/60000 (100%)]	Loss: 0.128664

Average Training loss: 0.0006, Training Error Rate: 10.85% (6508/60000)


Average Test loss: 0.0001, Test Error Rate: 10.01% (1001/10000)

Train Epoch: 43 [20000/60000 (33%)]	Loss: 0.131753
Train Epoch: 43 [40000/60000 (67%)]	Loss: 0.132486
Train Epoch: 43 [60000/60000 (100%)]	Loss: 0.123755

Average Training loss: 0.0006, Training Error Rate: 10.76% (6457/60000)


Average Test loss: 0.0001, Test Error Rate: 9.82% (982/10000)

Train Epoch: 44 [20000/60000 (33%)]	Loss: 0.106599
Train Epoch: 44 [40000/60000 (67%)]	Loss: 0.130490
Train Epoch: 44 [60000/60000 (100%)]	Loss: 0.121436

Average Training loss: 0.0006, Training Error Rate: 10.73% (6438/60000)


Average Test loss: 0.0001, Test Error Rate: 10.08% (1008/10000)

Train Epoch: 45 [20000/60000 (33%)]	Loss: 0.132856
Train Epoch: 45 [40000/60000 (67%)]	Loss: 0.139999
Train Epoch: 45 [60000/60000 (100%)]	Loss: 0.114912

Average Training loss: 0.0006, Training Error Rate: 10.70% (6419/60000)


Average Test loss: 0.0001, Test Error Rate: 9.94% (994/10000)

Train Epoch: 46 [20000/60000 (33%)]	Loss: 0.118168
Train Epoch: 46 [40000/60000 (67%)]	Loss: 0.116053
Train Epoch: 46 [60000/60000 (100%)]	Loss: 0.106228

Average Training loss: 0.0006, Training Error Rate: 10.57% (6343/60000)


Average Test loss: 0.0001, Test Error Rate: 9.73% (973/10000)

Train Epoch: 47 [20000/60000 (33%)]	Loss: 0.119916
Train Epoch: 47 [40000/60000 (67%)]	Loss: 0.110345
Train Epoch: 47 [60000/60000 (100%)]	Loss: 0.113420

Average Training loss: 0.0006, Training Error Rate: 10.60% (6357/60000)


Average Test loss: 0.0001, Test Error Rate: 9.79% (979/10000)

Train Epoch: 48 [20000/60000 (33%)]	Loss: 0.127235
Train Epoch: 48 [40000/60000 (67%)]	Loss: 0.128042
Train Epoch: 48 [60000/60000 (100%)]	Loss: 0.106688

Average Training loss: 0.0006, Training Error Rate: 10.61% (6364/60000)


Average Test loss: 0.0001, Test Error Rate: 9.71% (971/10000)

Train Epoch: 49 [20000/60000 (33%)]	Loss: 0.123237
Train Epoch: 49 [40000/60000 (67%)]	Loss: 0.121509
Train Epoch: 49 [60000/60000 (100%)]	Loss: 0.103378

Average Training loss: 0.0006, Training Error Rate: 10.61% (6366/60000)


Average Test loss: 0.0001, Test Error Rate: 9.85% (985/10000)

Train Epoch: 50 [20000/60000 (33%)]	Loss: 0.111707
Train Epoch: 50 [40000/60000 (67%)]	Loss: 0.103642
Train Epoch: 50 [60000/60000 (100%)]	Loss: 0.120119

Average Training loss: 0.0006, Training Error Rate: 10.41% (6247/60000)


Average Test loss: 0.0001, Test Error Rate: 9.71% (971/10000)

Train Epoch: 51 [20000/60000 (33%)]	Loss: 0.123816
Train Epoch: 51 [40000/60000 (67%)]	Loss: 0.117209
Train Epoch: 51 [60000/60000 (100%)]	Loss: 0.126069

Average Training loss: 0.0006, Training Error Rate: 10.43% (6256/60000)


Average Test loss: 0.0001, Test Error Rate: 9.45% (945/10000)

Train Epoch: 52 [20000/60000 (33%)]	Loss: 0.127499
Train Epoch: 52 [40000/60000 (67%)]	Loss: 0.121551
Train Epoch: 52 [60000/60000 (100%)]	Loss: 0.107820

Average Training loss: 0.0006, Training Error Rate: 10.28% (6166/60000)


Average Test loss: 0.0001, Test Error Rate: 9.70% (970/10000)

Train Epoch: 53 [20000/60000 (33%)]	Loss: 0.117013
Train Epoch: 53 [40000/60000 (67%)]	Loss: 0.108247
Train Epoch: 53 [60000/60000 (100%)]	Loss: 0.098717

Average Training loss: 0.0006, Training Error Rate: 10.35% (6209/60000)


Average Test loss: 0.0001, Test Error Rate: 9.71% (971/10000)

Train Epoch: 54 [20000/60000 (33%)]	Loss: 0.107591
Train Epoch: 54 [40000/60000 (67%)]	Loss: 0.133726
Train Epoch: 54 [60000/60000 (100%)]	Loss: 0.106827

Average Training loss: 0.0006, Training Error Rate: 10.34% (6202/60000)


Average Test loss: 0.0001, Test Error Rate: 9.36% (936/10000)

Train Epoch: 55 [20000/60000 (33%)]	Loss: 0.099372
Train Epoch: 55 [40000/60000 (67%)]	Loss: 0.111214
Train Epoch: 55 [60000/60000 (100%)]	Loss: 0.118920

Average Training loss: 0.0006, Training Error Rate: 10.26% (6155/60000)


Average Test loss: 0.0001, Test Error Rate: 9.52% (952/10000)

Train Epoch: 56 [20000/60000 (33%)]	Loss: 0.111301
Train Epoch: 56 [40000/60000 (67%)]	Loss: 0.107825
Train Epoch: 56 [60000/60000 (100%)]	Loss: 0.118689

Average Training loss: 0.0006, Training Error Rate: 10.26% (6155/60000)


Average Test loss: 0.0001, Test Error Rate: 9.70% (970/10000)

Train Epoch: 57 [20000/60000 (33%)]	Loss: 0.125723
Train Epoch: 57 [40000/60000 (67%)]	Loss: 0.113624
Train Epoch: 57 [60000/60000 (100%)]	Loss: 0.109574

Average Training loss: 0.0006, Training Error Rate: 10.20% (6118/60000)


Average Test loss: 0.0001, Test Error Rate: 9.42% (942/10000)

Train Epoch: 58 [20000/60000 (33%)]	Loss: 0.133407
Train Epoch: 58 [40000/60000 (67%)]	Loss: 0.092792
Train Epoch: 58 [60000/60000 (100%)]	Loss: 0.117491

Average Training loss: 0.0006, Training Error Rate: 10.13% (6078/60000)


Average Test loss: 0.0001, Test Error Rate: 9.58% (958/10000)

Train Epoch: 59 [20000/60000 (33%)]	Loss: 0.108004
Train Epoch: 59 [40000/60000 (67%)]	Loss: 0.113571
Train Epoch: 59 [60000/60000 (100%)]	Loss: 0.122488

Average Training loss: 0.0006, Training Error Rate: 10.01% (6007/60000)


Average Test loss: 0.0001, Test Error Rate: 9.43% (943/10000)

Train Epoch: 60 [20000/60000 (33%)]	Loss: 0.096763
Train Epoch: 60 [40000/60000 (67%)]	Loss: 0.115222
slurmstepd: error: *** STEP 15492359.198 ON cn651 CANCELLED AT 2023-10-03T12:06:28 ***
/vast/home/ajherman/miniconda3/envs/pytorch/lib/python3.11/site-packages/torchvision/io/image.py:13: UserWarning: Failed to load image Python extension: '/vast/home/ajherman/miniconda3/envs/pytorch/lib/python3.11/site-packages/torchvision/image.so: undefined symbol: _ZN5torch3jit17parseSchemaOrNameERKNSt7__cxx1112basic_stringIcSt11char_traitsIcESaIcEEE'If you don't plan on using image functionality from `torchvision.io`, you can ignore this warning. Otherwise, there might be something wrong with your environment. Did you have `libjpeg` or `libpng` installed before building `torchvision` from source?
  warn(
Random seed set as 42
dt =  0.11750309741540454
trace decay =  0.5737534207374327
Random seed set as 42
Random seed set as 42
dt =  0.11750309741540454
trace decay =  0.5737534207374327
Random seed set as 42
Train Epoch: 60 [20000/60000 (33%)]	Loss: 0.108421
Train Epoch: 60 [40000/60000 (67%)]	Loss: 0.113842
Train Epoch: 60 [60000/60000 (100%)]	Loss: 0.118436

Average Training loss: 0.0006, Training Error Rate: 10.03% (6018/60000)


Average Test loss: 0.0001, Test Error Rate: 9.34% (934/10000)

Train Epoch: 61 [20000/60000 (33%)]	Loss: 0.119737
Train Epoch: 61 [40000/60000 (67%)]	Loss: 0.108840
Train Epoch: 61 [60000/60000 (100%)]	Loss: 0.096460

Average Training loss: 0.0005, Training Error Rate: 10.00% (6000/60000)


Average Test loss: 0.0001, Test Error Rate: 9.36% (936/10000)

Train Epoch: 62 [20000/60000 (33%)]	Loss: 0.110680
Train Epoch: 62 [40000/60000 (67%)]	Loss: 0.089424
Train Epoch: 62 [60000/60000 (100%)]	Loss: 0.109469

Average Training loss: 0.0005, Training Error Rate: 9.96% (5973/60000)


Average Test loss: 0.0001, Test Error Rate: 9.23% (923/10000)

Train Epoch: 63 [20000/60000 (33%)]	Loss: 0.107550
Train Epoch: 63 [40000/60000 (67%)]	Loss: 0.099451
Train Epoch: 63 [60000/60000 (100%)]	Loss: 0.107918

Average Training loss: 0.0005, Training Error Rate: 9.95% (5968/60000)


Average Test loss: 0.0001, Test Error Rate: 9.23% (923/10000)

Train Epoch: 64 [20000/60000 (33%)]	Loss: 0.109339
Train Epoch: 64 [40000/60000 (67%)]	Loss: 0.109934
Train Epoch: 64 [60000/60000 (100%)]	Loss: 0.088526

Average Training loss: 0.0005, Training Error Rate: 9.99% (5993/60000)


Average Test loss: 0.0001, Test Error Rate: 9.22% (922/10000)

Train Epoch: 65 [20000/60000 (33%)]	Loss: 0.111202
Train Epoch: 65 [40000/60000 (67%)]	Loss: 0.107971
Train Epoch: 65 [60000/60000 (100%)]	Loss: 0.123477

Average Training loss: 0.0005, Training Error Rate: 9.93% (5955/60000)


Average Test loss: 0.0001, Test Error Rate: 9.21% (921/10000)

Train Epoch: 66 [20000/60000 (33%)]	Loss: 0.105991
Train Epoch: 66 [40000/60000 (67%)]	Loss: 0.098906
Train Epoch: 66 [60000/60000 (100%)]	Loss: 0.099422

Average Training loss: 0.0005, Training Error Rate: 9.92% (5950/60000)


Average Test loss: 0.0001, Test Error Rate: 9.01% (901/10000)

Train Epoch: 67 [20000/60000 (33%)]	Loss: 0.120095
Train Epoch: 67 [40000/60000 (67%)]	Loss: 0.101945
Train Epoch: 67 [60000/60000 (100%)]	Loss: 0.106438

Average Training loss: 0.0005, Training Error Rate: 9.89% (5936/60000)


Average Test loss: 0.0001, Test Error Rate: 9.20% (920/10000)

Train Epoch: 68 [20000/60000 (33%)]	Loss: 0.105888
Train Epoch: 68 [40000/60000 (67%)]	Loss: 0.096331
Train Epoch: 68 [60000/60000 (100%)]	Loss: 0.105229

Average Training loss: 0.0005, Training Error Rate: 9.74% (5844/60000)


Average Test loss: 0.0001, Test Error Rate: 8.88% (888/10000)

Train Epoch: 69 [20000/60000 (33%)]	Loss: 0.120147
Train Epoch: 69 [40000/60000 (67%)]	Loss: 0.109630
Train Epoch: 69 [60000/60000 (100%)]	Loss: 0.101768

Average Training loss: 0.0005, Training Error Rate: 9.82% (5893/60000)


Average Test loss: 0.0001, Test Error Rate: 8.99% (899/10000)

Train Epoch: 70 [20000/60000 (33%)]	Loss: 0.107424
Train Epoch: 70 [40000/60000 (67%)]	Loss: 0.096901
Train Epoch: 70 [60000/60000 (100%)]	Loss: 0.119455

Average Training loss: 0.0005, Training Error Rate: 9.72% (5834/60000)


Average Test loss: 0.0001, Test Error Rate: 9.20% (920/10000)

Train Epoch: 71 [20000/60000 (33%)]	Loss: 0.106409
Train Epoch: 71 [40000/60000 (67%)]	Loss: 0.102011
Train Epoch: 71 [60000/60000 (100%)]	Loss: 0.097877

Average Training loss: 0.0005, Training Error Rate: 9.68% (5805/60000)


Average Test loss: 0.0001, Test Error Rate: 9.01% (901/10000)

Train Epoch: 72 [20000/60000 (33%)]	Loss: 0.099662
Train Epoch: 72 [40000/60000 (67%)]	Loss: 0.120491
Train Epoch: 72 [60000/60000 (100%)]	Loss: 0.089675

Average Training loss: 0.0005, Training Error Rate: 9.67% (5803/60000)


Average Test loss: 0.0001, Test Error Rate: 8.98% (898/10000)

Train Epoch: 73 [20000/60000 (33%)]	Loss: 0.097925
Train Epoch: 73 [40000/60000 (67%)]	Loss: 0.107678
Train Epoch: 73 [60000/60000 (100%)]	Loss: 0.106538

Average Training loss: 0.0005, Training Error Rate: 9.65% (5789/60000)


Average Test loss: 0.0001, Test Error Rate: 8.94% (894/10000)

Train Epoch: 74 [20000/60000 (33%)]	Loss: 0.087392
Train Epoch: 74 [40000/60000 (67%)]	Loss: 0.108727
Train Epoch: 74 [60000/60000 (100%)]	Loss: 0.109212

Average Training loss: 0.0005, Training Error Rate: 9.62% (5769/60000)


Average Test loss: 0.0001, Test Error Rate: 8.79% (879/10000)

Train Epoch: 75 [20000/60000 (33%)]	Loss: 0.095391
Train Epoch: 75 [40000/60000 (67%)]	Loss: 0.113261
Train Epoch: 75 [60000/60000 (100%)]	Loss: 0.108882

Average Training loss: 0.0005, Training Error Rate: 9.59% (5751/60000)


Average Test loss: 0.0001, Test Error Rate: 8.95% (895/10000)

Train Epoch: 76 [20000/60000 (33%)]	Loss: 0.100172
Train Epoch: 76 [40000/60000 (67%)]	Loss: 0.105691
Train Epoch: 76 [60000/60000 (100%)]	Loss: 0.103833

Average Training loss: 0.0005, Training Error Rate: 9.48% (5688/60000)


Average Test loss: 0.0001, Test Error Rate: 8.83% (883/10000)

Train Epoch: 77 [20000/60000 (33%)]	Loss: 0.115546
Train Epoch: 77 [40000/60000 (67%)]	Loss: 0.093105
Train Epoch: 77 [60000/60000 (100%)]	Loss: 0.100408

Average Training loss: 0.0005, Training Error Rate: 9.55% (5729/60000)


Average Test loss: 0.0001, Test Error Rate: 8.78% (878/10000)

Train Epoch: 78 [20000/60000 (33%)]	Loss: 0.103447
Train Epoch: 78 [40000/60000 (67%)]	Loss: 0.085819
Train Epoch: 78 [60000/60000 (100%)]	Loss: 0.105037

Average Training loss: 0.0005, Training Error Rate: 9.58% (5747/60000)


Average Test loss: 0.0001, Test Error Rate: 8.94% (894/10000)

Train Epoch: 79 [20000/60000 (33%)]	Loss: 0.113912
Train Epoch: 79 [40000/60000 (67%)]	Loss: 0.105624
Train Epoch: 79 [60000/60000 (100%)]	Loss: 0.114988

Average Training loss: 0.0005, Training Error Rate: 9.46% (5673/60000)


Average Test loss: 0.0001, Test Error Rate: 8.83% (883/10000)

Train Epoch: 80 [20000/60000 (33%)]	Loss: 0.109900
Train Epoch: 80 [40000/60000 (67%)]	Loss: 0.115050
Train Epoch: 80 [60000/60000 (100%)]	Loss: 0.103984

Average Training loss: 0.0005, Training Error Rate: 9.44% (5663/60000)


Average Test loss: 0.0001, Test Error Rate: 8.65% (865/10000)

Train Epoch: 81 [20000/60000 (33%)]	Loss: 0.090427
Train Epoch: 81 [40000/60000 (67%)]	Loss: 0.112200
Train Epoch: 81 [60000/60000 (100%)]	Loss: 0.107302

Average Training loss: 0.0005, Training Error Rate: 9.43% (5656/60000)


Average Test loss: 0.0001, Test Error Rate: 8.70% (870/10000)

Train Epoch: 82 [20000/60000 (33%)]	Loss: 0.112925
Train Epoch: 82 [40000/60000 (67%)]	Loss: 0.122074
Train Epoch: 82 [60000/60000 (100%)]	Loss: 0.100717

Average Training loss: 0.0005, Training Error Rate: 9.40% (5642/60000)


Average Test loss: 0.0001, Test Error Rate: 8.50% (850/10000)

Train Epoch: 83 [20000/60000 (33%)]	Loss: 0.104118
Train Epoch: 83 [40000/60000 (67%)]	Loss: 0.097744
Train Epoch: 83 [60000/60000 (100%)]	Loss: 0.092901

Average Training loss: 0.0005, Training Error Rate: 9.29% (5571/60000)


Average Test loss: 0.0001, Test Error Rate: 8.61% (861/10000)

Train Epoch: 84 [20000/60000 (33%)]	Loss: 0.103889
Train Epoch: 84 [40000/60000 (67%)]	Loss: 0.093518
Train Epoch: 84 [60000/60000 (100%)]	Loss: 0.095119

Average Training loss: 0.0005, Training Error Rate: 9.30% (5582/60000)


Average Test loss: 0.0001, Test Error Rate: 8.65% (865/10000)

Train Epoch: 85 [20000/60000 (33%)]	Loss: 0.114088
Train Epoch: 85 [40000/60000 (67%)]	Loss: 0.107629
Train Epoch: 85 [60000/60000 (100%)]	Loss: 0.096450

Average Training loss: 0.0005, Training Error Rate: 9.24% (5543/60000)


Average Test loss: 0.0001, Test Error Rate: 8.79% (879/10000)

Train Epoch: 86 [20000/60000 (33%)]	Loss: 0.106648
Train Epoch: 86 [40000/60000 (67%)]	Loss: 0.105250
Train Epoch: 86 [60000/60000 (100%)]	Loss: 0.094614

Average Training loss: 0.0005, Training Error Rate: 9.20% (5522/60000)


Average Test loss: 0.0001, Test Error Rate: 8.63% (863/10000)

Train Epoch: 87 [20000/60000 (33%)]	Loss: 0.098998
Train Epoch: 87 [40000/60000 (67%)]	Loss: 0.090779
Train Epoch: 87 [60000/60000 (100%)]	Loss: 0.103228

Average Training loss: 0.0005, Training Error Rate: 9.24% (5543/60000)


Average Test loss: 0.0001, Test Error Rate: 8.59% (859/10000)

Train Epoch: 88 [20000/60000 (33%)]	Loss: 0.109754
Train Epoch: 88 [40000/60000 (67%)]	Loss: 0.100512
Train Epoch: 88 [60000/60000 (100%)]	Loss: 0.112970

Average Training loss: 0.0005, Training Error Rate: 9.28% (5565/60000)


Average Test loss: 0.0001, Test Error Rate: 8.58% (858/10000)

Train Epoch: 89 [20000/60000 (33%)]	Loss: 0.110840
Train Epoch: 89 [40000/60000 (67%)]	Loss: 0.102714
Train Epoch: 89 [60000/60000 (100%)]	Loss: 0.091894

Average Training loss: 0.0005, Training Error Rate: 9.18% (5506/60000)


Average Test loss: 0.0001, Test Error Rate: 8.37% (837/10000)

Train Epoch: 90 [20000/60000 (33%)]	Loss: 0.103840
Train Epoch: 90 [40000/60000 (67%)]	Loss: 0.092237
Train Epoch: 90 [60000/60000 (100%)]	Loss: 0.085304

Average Training loss: 0.0005, Training Error Rate: 9.16% (5495/60000)


Average Test loss: 0.0001, Test Error Rate: 8.43% (843/10000)

Train Epoch: 91 [20000/60000 (33%)]	Loss: 0.091737
Train Epoch: 91 [40000/60000 (67%)]	Loss: 0.114240
Train Epoch: 91 [60000/60000 (100%)]	Loss: 0.091354

Average Training loss: 0.0005, Training Error Rate: 9.12% (5474/60000)


Average Test loss: 0.0001, Test Error Rate: 8.54% (854/10000)

Train Epoch: 92 [20000/60000 (33%)]	Loss: 0.087388
Train Epoch: 92 [40000/60000 (67%)]	Loss: 0.097711
Train Epoch: 92 [60000/60000 (100%)]	Loss: 0.106752

Average Training loss: 0.0005, Training Error Rate: 9.08% (5449/60000)


Average Test loss: 0.0001, Test Error Rate: 8.44% (844/10000)

Train Epoch: 93 [20000/60000 (33%)]	Loss: 0.100343
Train Epoch: 93 [40000/60000 (67%)]	Loss: 0.091939
Train Epoch: 93 [60000/60000 (100%)]	Loss: 0.101729

Average Training loss: 0.0005, Training Error Rate: 9.08% (5448/60000)


Average Test loss: 0.0001, Test Error Rate: 8.32% (832/10000)

Train Epoch: 94 [20000/60000 (33%)]	Loss: 0.110145
Train Epoch: 94 [40000/60000 (67%)]	Loss: 0.100751
Train Epoch: 94 [60000/60000 (100%)]	Loss: 0.092429

Average Training loss: 0.0005, Training Error Rate: 8.96% (5378/60000)


Average Test loss: 0.0001, Test Error Rate: 8.40% (840/10000)

Train Epoch: 95 [20000/60000 (33%)]	Loss: 0.114108
