/vast/home/ajherman/miniconda3/envs/pytorch/lib/python3.11/site-packages/torchvision/io/image.py:13: UserWarning: Failed to load image Python extension: '/vast/home/ajherman/miniconda3/envs/pytorch/lib/python3.11/site-packages/torchvision/image.so: undefined symbol: _ZN5torch3jit17parseSchemaOrNameERKNSt7__cxx1112basic_stringIcSt11char_traitsIcESaIcEEE'If you don't plan on using image functionality from `torchvision.io`, you can ignore this warning. Otherwise, there might be something wrong with your environment. Did you have `libjpeg` or `libpng` installed before building `torchvision` from source?
  warn(
Random seed set as 42
dt =  0.6321205588285577
trace decay =  0.5737534207374327
Random seed set as 42
Random seed set as 42
dt =  0.6321205588285577
trace decay =  0.5737534207374327
Random seed set as 42
Train Epoch: 0 [20000/60000 (33%)]	Loss: 0.442677
Train Epoch: 0 [40000/60000 (67%)]	Loss: 0.424485
Train Epoch: 0 [60000/60000 (100%)]	Loss: 0.401198

Average Training loss: 0.0022, Training Error Rate: 72.27% (43360/60000)


Average Test loss: 0.0004, Test Error Rate: 56.03% (5603/10000)

Train Epoch: 1 [20000/60000 (33%)]	Loss: 0.386281
Train Epoch: 1 [40000/60000 (67%)]	Loss: 0.374089
Train Epoch: 1 [60000/60000 (100%)]	Loss: 0.355230

Average Training loss: 0.0019, Training Error Rate: 48.56% (29135/60000)


Average Test loss: 0.0004, Test Error Rate: 40.34% (4034/10000)

Train Epoch: 2 [20000/60000 (33%)]	Loss: 0.328398
Train Epoch: 2 [40000/60000 (67%)]	Loss: 0.323484
Train Epoch: 2 [60000/60000 (100%)]	Loss: 0.338653

Average Training loss: 0.0017, Training Error Rate: 37.93% (22759/60000)


Average Test loss: 0.0003, Test Error Rate: 33.46% (3346/10000)

Train Epoch: 3 [20000/60000 (33%)]	Loss: 0.320203
Train Epoch: 3 [40000/60000 (67%)]	Loss: 0.309873
Train Epoch: 3 [60000/60000 (100%)]	Loss: 0.313639

Average Training loss: 0.0016, Training Error Rate: 32.64% (19585/60000)


Average Test loss: 0.0003, Test Error Rate: 28.96% (2896/10000)

Train Epoch: 4 [20000/60000 (33%)]	Loss: 0.312286
Train Epoch: 4 [40000/60000 (67%)]	Loss: 0.310142
Train Epoch: 4 [60000/60000 (100%)]	Loss: 0.304259

Average Training loss: 0.0015, Training Error Rate: 29.73% (17841/60000)


Average Test loss: 0.0003, Test Error Rate: 27.94% (2794/10000)

Train Epoch: 5 [20000/60000 (33%)]	Loss: 0.304545
Train Epoch: 5 [40000/60000 (67%)]	Loss: 0.300935
Train Epoch: 5 [60000/60000 (100%)]	Loss: 0.308408

Average Training loss: 0.0015, Training Error Rate: 27.58% (16548/60000)


Average Test loss: 0.0003, Test Error Rate: 25.45% (2545/10000)

Train Epoch: 6 [20000/60000 (33%)]	Loss: 0.301138
Train Epoch: 6 [40000/60000 (67%)]	Loss: 0.289836
Train Epoch: 6 [60000/60000 (100%)]	Loss: 0.284593

Average Training loss: 0.0015, Training Error Rate: 26.12% (15673/60000)


Average Test loss: 0.0003, Test Error Rate: 24.45% (2445/10000)

Train Epoch: 7 [20000/60000 (33%)]	Loss: 0.291793
Train Epoch: 7 [40000/60000 (67%)]	Loss: 0.295450
Train Epoch: 7 [60000/60000 (100%)]	Loss: 0.283467

Average Training loss: 0.0014, Training Error Rate: 25.16% (15093/60000)


Average Test loss: 0.0003, Test Error Rate: 23.74% (2374/10000)

Train Epoch: 8 [20000/60000 (33%)]	Loss: 0.274099
Train Epoch: 8 [40000/60000 (67%)]	Loss: 0.290269
Train Epoch: 8 [60000/60000 (100%)]	Loss: 0.282778

Average Training loss: 0.0014, Training Error Rate: 24.05% (14432/60000)


Average Test loss: 0.0003, Test Error Rate: 22.90% (2290/10000)

Train Epoch: 9 [20000/60000 (33%)]	Loss: 0.278594
Train Epoch: 9 [40000/60000 (67%)]	Loss: 0.277976
Train Epoch: 9 [60000/60000 (100%)]	Loss: 0.268290

Average Training loss: 0.0014, Training Error Rate: 23.36% (14016/60000)


Average Test loss: 0.0003, Test Error Rate: 22.05% (2205/10000)

Train Epoch: 10 [20000/60000 (33%)]	Loss: 0.275994
Train Epoch: 10 [40000/60000 (67%)]	Loss: 0.272234
Train Epoch: 10 [60000/60000 (100%)]	Loss: 0.264481

Average Training loss: 0.0014, Training Error Rate: 22.97% (13784/60000)


Average Test loss: 0.0003, Test Error Rate: 21.21% (2121/10000)

Train Epoch: 11 [20000/60000 (33%)]	Loss: 0.264254
Train Epoch: 11 [40000/60000 (67%)]	Loss: 0.280694
Train Epoch: 11 [60000/60000 (100%)]	Loss: 0.264181

Average Training loss: 0.0014, Training Error Rate: 22.03% (13217/60000)


Average Test loss: 0.0003, Test Error Rate: 20.84% (2084/10000)

Train Epoch: 12 [20000/60000 (33%)]	Loss: 0.285674
Train Epoch: 12 [40000/60000 (67%)]	Loss: 0.265681
Train Epoch: 12 [60000/60000 (100%)]	Loss: 0.264806

Average Training loss: 0.0013, Training Error Rate: 21.87% (13120/60000)


Average Test loss: 0.0003, Test Error Rate: 20.23% (2023/10000)

Train Epoch: 13 [20000/60000 (33%)]	Loss: 0.261656
Train Epoch: 13 [40000/60000 (67%)]	Loss: 0.267091
Train Epoch: 13 [60000/60000 (100%)]	Loss: 0.273741

Average Training loss: 0.0013, Training Error Rate: 21.42% (12854/60000)


Average Test loss: 0.0003, Test Error Rate: 20.45% (2045/10000)

Train Epoch: 14 [20000/60000 (33%)]	Loss: 0.265070
Train Epoch: 14 [40000/60000 (67%)]	Loss: 0.274890
Train Epoch: 14 [60000/60000 (100%)]	Loss: 0.256049

Average Training loss: 0.0013, Training Error Rate: 20.93% (12561/60000)


Average Test loss: 0.0003, Test Error Rate: 20.28% (2028/10000)

Train Epoch: 15 [20000/60000 (33%)]	Loss: 0.258348
Train Epoch: 15 [40000/60000 (67%)]	Loss: 0.265889
Train Epoch: 15 [60000/60000 (100%)]	Loss: 0.253415

Average Training loss: 0.0013, Training Error Rate: 20.77% (12464/60000)


Average Test loss: 0.0003, Test Error Rate: 19.78% (1978/10000)

Train Epoch: 16 [20000/60000 (33%)]	Loss: 0.256257
Train Epoch: 16 [40000/60000 (67%)]	Loss: 0.275580
Train Epoch: 16 [60000/60000 (100%)]	Loss: 0.252014

Average Training loss: 0.0013, Training Error Rate: 20.49% (12295/60000)


Average Test loss: 0.0003, Test Error Rate: 19.00% (1900/10000)

Train Epoch: 17 [20000/60000 (33%)]	Loss: 0.260845
Train Epoch: 17 [40000/60000 (67%)]	Loss: 0.256545
Train Epoch: 17 [60000/60000 (100%)]	Loss: 0.243456

Average Training loss: 0.0013, Training Error Rate: 20.05% (12033/60000)


Average Test loss: 0.0002, Test Error Rate: 18.86% (1886/10000)

Train Epoch: 18 [20000/60000 (33%)]	Loss: 0.233176
Train Epoch: 18 [40000/60000 (67%)]	Loss: 0.252965
Train Epoch: 18 [60000/60000 (100%)]	Loss: 0.244369

Average Training loss: 0.0013, Training Error Rate: 19.64% (11782/60000)


Average Test loss: 0.0002, Test Error Rate: 18.39% (1839/10000)

Train Epoch: 19 [20000/60000 (33%)]	Loss: 0.256255
Train Epoch: 19 [40000/60000 (67%)]	Loss: 0.245922
Train Epoch: 19 [60000/60000 (100%)]	Loss: 0.254687

Average Training loss: 0.0012, Training Error Rate: 19.58% (11749/60000)


Average Test loss: 0.0002, Test Error Rate: 18.12% (1812/10000)

Train Epoch: 20 [20000/60000 (33%)]	Loss: 0.243503
Train Epoch: 20 [40000/60000 (67%)]	Loss: 0.248094
Train Epoch: 20 [60000/60000 (100%)]	Loss: 0.242361

Average Training loss: 0.0012, Training Error Rate: 19.18% (11506/60000)


Average Test loss: 0.0002, Test Error Rate: 17.79% (1779/10000)

Train Epoch: 21 [20000/60000 (33%)]	Loss: 0.253503
Train Epoch: 21 [40000/60000 (67%)]	Loss: 0.242022
Train Epoch: 21 [60000/60000 (100%)]	Loss: 0.245815

Average Training loss: 0.0012, Training Error Rate: 18.97% (11382/60000)


Average Test loss: 0.0002, Test Error Rate: 17.86% (1786/10000)

Train Epoch: 22 [20000/60000 (33%)]	Loss: 0.240482
Train Epoch: 22 [40000/60000 (67%)]	Loss: 0.247402
Train Epoch: 22 [60000/60000 (100%)]	Loss: 0.262523

Average Training loss: 0.0012, Training Error Rate: 18.92% (11352/60000)


Average Test loss: 0.0002, Test Error Rate: 17.25% (1725/10000)

Train Epoch: 23 [20000/60000 (33%)]	Loss: 0.239376
Train Epoch: 23 [40000/60000 (67%)]	Loss: 0.245222
Train Epoch: 23 [60000/60000 (100%)]	Loss: 0.230865

Average Training loss: 0.0012, Training Error Rate: 18.55% (11130/60000)


Average Test loss: 0.0002, Test Error Rate: 17.37% (1737/10000)

Train Epoch: 24 [20000/60000 (33%)]	Loss: 0.232852
Train Epoch: 24 [40000/60000 (67%)]	Loss: 0.250366
Train Epoch: 24 [60000/60000 (100%)]	Loss: 0.239944

Average Training loss: 0.0012, Training Error Rate: 18.46% (11076/60000)


Average Test loss: 0.0002, Test Error Rate: 17.24% (1724/10000)

Train Epoch: 25 [20000/60000 (33%)]	Loss: 0.248001
Train Epoch: 25 [40000/60000 (67%)]	Loss: 0.228128
Train Epoch: 25 [60000/60000 (100%)]	Loss: 0.223355

Average Training loss: 0.0012, Training Error Rate: 18.16% (10893/60000)


Average Test loss: 0.0002, Test Error Rate: 17.11% (1711/10000)

Train Epoch: 26 [20000/60000 (33%)]	Loss: 0.234405
Train Epoch: 26 [40000/60000 (67%)]	Loss: 0.218418
Train Epoch: 26 [60000/60000 (100%)]	Loss: 0.220688

Average Training loss: 0.0012, Training Error Rate: 18.10% (10861/60000)


Average Test loss: 0.0002, Test Error Rate: 16.92% (1692/10000)

Train Epoch: 27 [20000/60000 (33%)]	Loss: 0.210779
Train Epoch: 27 [40000/60000 (67%)]	Loss: 0.232624
Train Epoch: 27 [60000/60000 (100%)]	Loss: 0.233275

Average Training loss: 0.0011, Training Error Rate: 17.81% (10684/60000)


Average Test loss: 0.0002, Test Error Rate: 17.36% (1736/10000)

Train Epoch: 28 [20000/60000 (33%)]	Loss: 0.225540
Train Epoch: 28 [40000/60000 (67%)]	Loss: 0.218525
Train Epoch: 28 [60000/60000 (100%)]	Loss: 0.227918

Average Training loss: 0.0011, Training Error Rate: 17.86% (10719/60000)


Average Test loss: 0.0002, Test Error Rate: 16.57% (1657/10000)

Train Epoch: 29 [20000/60000 (33%)]	Loss: 0.235565
Train Epoch: 29 [40000/60000 (67%)]	Loss: 0.230528
Train Epoch: 29 [60000/60000 (100%)]	Loss: 0.217874

Average Training loss: 0.0011, Training Error Rate: 17.49% (10496/60000)


Average Test loss: 0.0002, Test Error Rate: 16.43% (1643/10000)

Train Epoch: 30 [20000/60000 (33%)]	Loss: 0.219497
Train Epoch: 30 [40000/60000 (67%)]	Loss: 0.217790
Train Epoch: 30 [60000/60000 (100%)]	Loss: 0.244862

Average Training loss: 0.0011, Training Error Rate: 17.39% (10434/60000)


Average Test loss: 0.0002, Test Error Rate: 16.05% (1605/10000)

Train Epoch: 31 [20000/60000 (33%)]	Loss: 0.233362
Train Epoch: 31 [40000/60000 (67%)]	Loss: 0.222776
Train Epoch: 31 [60000/60000 (100%)]	Loss: 0.212237

Average Training loss: 0.0011, Training Error Rate: 17.16% (10299/60000)


Average Test loss: 0.0002, Test Error Rate: 15.64% (1564/10000)

Train Epoch: 32 [20000/60000 (33%)]	Loss: 0.211282
Train Epoch: 32 [40000/60000 (67%)]	Loss: 0.226551
Train Epoch: 32 [60000/60000 (100%)]	Loss: 0.218308

Average Training loss: 0.0011, Training Error Rate: 16.95% (10172/60000)


Average Test loss: 0.0002, Test Error Rate: 16.00% (1600/10000)

Train Epoch: 33 [20000/60000 (33%)]	Loss: 0.227778
Train Epoch: 33 [40000/60000 (67%)]	Loss: 0.206497
Train Epoch: 33 [60000/60000 (100%)]	Loss: 0.209879

Average Training loss: 0.0011, Training Error Rate: 16.76% (10054/60000)


Average Test loss: 0.0002, Test Error Rate: 15.82% (1582/10000)

Train Epoch: 34 [20000/60000 (33%)]	Loss: 0.202441
Train Epoch: 34 [40000/60000 (67%)]	Loss: 0.227376
Train Epoch: 34 [60000/60000 (100%)]	Loss: 0.211919

Average Training loss: 0.0011, Training Error Rate: 16.79% (10071/60000)


Average Test loss: 0.0002, Test Error Rate: 15.95% (1595/10000)

Train Epoch: 35 [20000/60000 (33%)]	Loss: 0.208601
Train Epoch: 35 [40000/60000 (67%)]	Loss: 0.222391
Train Epoch: 35 [60000/60000 (100%)]	Loss: 0.203698

Average Training loss: 0.0011, Training Error Rate: 16.70% (10023/60000)


Average Test loss: 0.0002, Test Error Rate: 15.62% (1562/10000)

Train Epoch: 36 [20000/60000 (33%)]	Loss: 0.207433
Train Epoch: 36 [40000/60000 (67%)]	Loss: 0.210403
Train Epoch: 36 [60000/60000 (100%)]	Loss: 0.208094

Average Training loss: 0.0011, Training Error Rate: 16.50% (9897/60000)


Average Test loss: 0.0002, Test Error Rate: 15.26% (1526/10000)

Train Epoch: 37 [20000/60000 (33%)]	Loss: 0.212756
Train Epoch: 37 [40000/60000 (67%)]	Loss: 0.193746
Train Epoch: 37 [60000/60000 (100%)]	Loss: 0.222012

Average Training loss: 0.0011, Training Error Rate: 16.17% (9701/60000)


Average Test loss: 0.0002, Test Error Rate: 15.17% (1517/10000)

Train Epoch: 38 [20000/60000 (33%)]	Loss: 0.213726
Train Epoch: 38 [40000/60000 (67%)]	Loss: 0.200961
Train Epoch: 38 [60000/60000 (100%)]	Loss: 0.223036

Average Training loss: 0.0011, Training Error Rate: 16.29% (9771/60000)


Average Test loss: 0.0002, Test Error Rate: 15.57% (1557/10000)

Train Epoch: 39 [20000/60000 (33%)]	Loss: 0.214011
Train Epoch: 39 [40000/60000 (67%)]	Loss: 0.215395
Train Epoch: 39 [60000/60000 (100%)]	Loss: 0.215734

Average Training loss: 0.0011, Training Error Rate: 16.24% (9742/60000)


Average Test loss: 0.0002, Test Error Rate: 15.01% (1501/10000)

Train Epoch: 40 [20000/60000 (33%)]	Loss: 0.206572
Train Epoch: 40 [40000/60000 (67%)]	Loss: 0.208430
Train Epoch: 40 [60000/60000 (100%)]	Loss: 0.212031

Average Training loss: 0.0010, Training Error Rate: 16.09% (9655/60000)


Average Test loss: 0.0002, Test Error Rate: 14.84% (1484/10000)

Train Epoch: 41 [20000/60000 (33%)]	Loss: 0.194159
Train Epoch: 41 [40000/60000 (67%)]	Loss: 0.210870
Train Epoch: 41 [60000/60000 (100%)]	Loss: 0.217909

Average Training loss: 0.0010, Training Error Rate: 15.92% (9552/60000)


Average Test loss: 0.0002, Test Error Rate: 14.64% (1464/10000)

Train Epoch: 42 [20000/60000 (33%)]	Loss: 0.217715
Train Epoch: 42 [40000/60000 (67%)]	Loss: 0.218238
Train Epoch: 42 [60000/60000 (100%)]	Loss: 0.212043

Average Training loss: 0.0010, Training Error Rate: 15.75% (9450/60000)


Average Test loss: 0.0002, Test Error Rate: 14.56% (1456/10000)

Train Epoch: 43 [20000/60000 (33%)]	Loss: 0.204773
Train Epoch: 43 [40000/60000 (67%)]	Loss: 0.212511
Train Epoch: 43 [60000/60000 (100%)]	Loss: 0.191494

Average Training loss: 0.0010, Training Error Rate: 15.88% (9527/60000)


Average Test loss: 0.0002, Test Error Rate: 14.66% (1466/10000)

Train Epoch: 44 [20000/60000 (33%)]	Loss: 0.196762
Train Epoch: 44 [40000/60000 (67%)]	Loss: 0.212796
Train Epoch: 44 [60000/60000 (100%)]	Loss: 0.211232

Average Training loss: 0.0010, Training Error Rate: 15.78% (9465/60000)


Average Test loss: 0.0002, Test Error Rate: 14.41% (1441/10000)

Train Epoch: 45 [20000/60000 (33%)]	Loss: 0.202702
Train Epoch: 45 [40000/60000 (67%)]	Loss: 0.203680
Train Epoch: 45 [60000/60000 (100%)]	Loss: 0.201415

Average Training loss: 0.0010, Training Error Rate: 15.56% (9337/60000)


Average Test loss: 0.0002, Test Error Rate: 14.57% (1457/10000)

Train Epoch: 46 [20000/60000 (33%)]	Loss: 0.206178
Train Epoch: 46 [40000/60000 (67%)]	Loss: 0.215089
Train Epoch: 46 [60000/60000 (100%)]	Loss: 0.184850

Average Training loss: 0.0010, Training Error Rate: 15.43% (9255/60000)


Average Test loss: 0.0002, Test Error Rate: 14.56% (1456/10000)

Train Epoch: 47 [20000/60000 (33%)]	Loss: 0.201465
Train Epoch: 47 [40000/60000 (67%)]	Loss: 0.208532
Train Epoch: 47 [60000/60000 (100%)]	Loss: 0.206789

Average Training loss: 0.0010, Training Error Rate: 15.45% (9267/60000)


Average Test loss: 0.0002, Test Error Rate: 14.59% (1459/10000)

Train Epoch: 48 [20000/60000 (33%)]	Loss: 0.210450
Train Epoch: 48 [40000/60000 (67%)]	Loss: 0.197455
Train Epoch: 48 [60000/60000 (100%)]	Loss: 0.190314

Average Training loss: 0.0010, Training Error Rate: 15.24% (9145/60000)


Average Test loss: 0.0002, Test Error Rate: 14.59% (1459/10000)

Train Epoch: 49 [20000/60000 (33%)]	Loss: 0.206034
Train Epoch: 49 [40000/60000 (67%)]	Loss: 0.193890
Train Epoch: 49 [60000/60000 (100%)]	Loss: 0.198610

Average Training loss: 0.0010, Training Error Rate: 15.19% (9113/60000)


Average Test loss: 0.0002, Test Error Rate: 14.26% (1426/10000)

Train Epoch: 50 [20000/60000 (33%)]	Loss: 0.199803
Train Epoch: 50 [40000/60000 (67%)]	Loss: 0.208086
Train Epoch: 50 [60000/60000 (100%)]	Loss: 0.192309

Average Training loss: 0.0010, Training Error Rate: 14.98% (8987/60000)


Average Test loss: 0.0002, Test Error Rate: 14.11% (1411/10000)

Train Epoch: 51 [20000/60000 (33%)]	Loss: 0.205059
Train Epoch: 51 [40000/60000 (67%)]	Loss: 0.208293
Train Epoch: 51 [60000/60000 (100%)]	Loss: 0.184853

Average Training loss: 0.0010, Training Error Rate: 14.96% (8978/60000)


Average Test loss: 0.0002, Test Error Rate: 14.25% (1425/10000)

Train Epoch: 52 [20000/60000 (33%)]	Loss: 0.190517
Train Epoch: 52 [40000/60000 (67%)]	Loss: 0.208845
Train Epoch: 52 [60000/60000 (100%)]	Loss: 0.204593

Average Training loss: 0.0010, Training Error Rate: 15.03% (9015/60000)


Average Test loss: 0.0002, Test Error Rate: 13.88% (1388/10000)

Train Epoch: 53 [20000/60000 (33%)]	Loss: 0.192597
Train Epoch: 53 [40000/60000 (67%)]	Loss: 0.192820
Train Epoch: 53 [60000/60000 (100%)]	Loss: 0.196814

Average Training loss: 0.0010, Training Error Rate: 14.87% (8920/60000)


Average Test loss: 0.0002, Test Error Rate: 14.00% (1400/10000)

Train Epoch: 54 [20000/60000 (33%)]	Loss: 0.195089
Train Epoch: 54 [40000/60000 (67%)]	Loss: 0.194266
Train Epoch: 54 [60000/60000 (100%)]	Loss: 0.187706

Average Training loss: 0.0010, Training Error Rate: 14.65% (8788/60000)


Average Test loss: 0.0002, Test Error Rate: 13.71% (1371/10000)

Train Epoch: 55 [20000/60000 (33%)]	Loss: 0.195733
Train Epoch: 55 [40000/60000 (67%)]	Loss: 0.181749
Train Epoch: 55 [60000/60000 (100%)]	Loss: 0.192661

Average Training loss: 0.0010, Training Error Rate: 14.67% (8803/60000)


Average Test loss: 0.0002, Test Error Rate: 13.93% (1393/10000)

Train Epoch: 56 [20000/60000 (33%)]	Loss: 0.195948
Train Epoch: 56 [40000/60000 (67%)]	Loss: 0.190729
Train Epoch: 56 [60000/60000 (100%)]	Loss: 0.194212

Average Training loss: 0.0010, Training Error Rate: 14.65% (8793/60000)


Average Test loss: 0.0002, Test Error Rate: 13.60% (1360/10000)

Train Epoch: 57 [20000/60000 (33%)]	Loss: 0.187388
Train Epoch: 57 [40000/60000 (67%)]	Loss: 0.197080
Train Epoch: 57 [60000/60000 (100%)]	Loss: 0.188183

Average Training loss: 0.0010, Training Error Rate: 14.38% (8630/60000)


Average Test loss: 0.0002, Test Error Rate: 13.69% (1369/10000)

Train Epoch: 58 [20000/60000 (33%)]	Loss: 0.208121
Train Epoch: 58 [40000/60000 (67%)]	Loss: 0.178546
Train Epoch: 58 [60000/60000 (100%)]	Loss: 0.176303

Average Training loss: 0.0009, Training Error Rate: 14.47% (8682/60000)


Average Test loss: 0.0002, Test Error Rate: 13.54% (1354/10000)

Train Epoch: 59 [20000/60000 (33%)]	Loss: 0.195632
Train Epoch: 59 [40000/60000 (67%)]	Loss: 0.180505
Train Epoch: 59 [60000/60000 (100%)]	Loss: 0.195565

Average Training loss: 0.0009, Training Error Rate: 14.45% (8668/60000)


Average Test loss: 0.0002, Test Error Rate: 13.77% (1377/10000)

Train Epoch: 60 [20000/60000 (33%)]	Loss: 0.176843
Train Epoch: 60 [40000/60000 (67%)]	Loss: 0.193800
Train Epoch: 60 [60000/60000 (100%)]	Loss: 0.165351

Average Training loss: 0.0009, Training Error Rate: 14.38% (8628/60000)


Average Test loss: 0.0002, Test Error Rate: 13.72% (1372/10000)

Train Epoch: 61 [20000/60000 (33%)]	Loss: 0.181013
Train Epoch: 61 [40000/60000 (67%)]	Loss: 0.208549
Train Epoch: 61 [60000/60000 (100%)]	Loss: 0.179591

Average Training loss: 0.0009, Training Error Rate: 14.30% (8578/60000)


Average Test loss: 0.0002, Test Error Rate: 13.45% (1345/10000)

Train Epoch: 62 [20000/60000 (33%)]	Loss: 0.185067
Train Epoch: 62 [40000/60000 (67%)]	Loss: 0.177188
Train Epoch: 62 [60000/60000 (100%)]	Loss: 0.215552

Average Training loss: 0.0009, Training Error Rate: 14.24% (8543/60000)


Average Test loss: 0.0002, Test Error Rate: 13.29% (1329/10000)

Train Epoch: 63 [20000/60000 (33%)]	Loss: 0.185904
Train Epoch: 63 [40000/60000 (67%)]	Loss: 0.194352
Train Epoch: 63 [60000/60000 (100%)]	Loss: 0.190096

Average Training loss: 0.0009, Training Error Rate: 14.12% (8470/60000)


Average Test loss: 0.0002, Test Error Rate: 13.29% (1329/10000)

Train Epoch: 64 [20000/60000 (33%)]	Loss: 0.192258
Train Epoch: 64 [40000/60000 (67%)]	Loss: 0.165447
Train Epoch: 64 [60000/60000 (100%)]	Loss: 0.187464

Average Training loss: 0.0009, Training Error Rate: 14.17% (8502/60000)


Average Test loss: 0.0002, Test Error Rate: 13.28% (1328/10000)

Train Epoch: 65 [20000/60000 (33%)]	Loss: 0.181584
Train Epoch: 65 [40000/60000 (67%)]	Loss: 0.185943
Train Epoch: 65 [60000/60000 (100%)]	Loss: 0.180888

Average Training loss: 0.0009, Training Error Rate: 14.19% (8511/60000)


Average Test loss: 0.0002, Test Error Rate: 12.95% (1295/10000)

Train Epoch: 66 [20000/60000 (33%)]	Loss: 0.182039
Train Epoch: 66 [40000/60000 (67%)]	Loss: 0.181092
Train Epoch: 66 [60000/60000 (100%)]	Loss: 0.176187

Average Training loss: 0.0009, Training Error Rate: 14.17% (8501/60000)


Average Test loss: 0.0002, Test Error Rate: 13.04% (1304/10000)

Train Epoch: 67 [20000/60000 (33%)]	Loss: 0.182417
Train Epoch: 67 [40000/60000 (67%)]	Loss: 0.184855
Train Epoch: 67 [60000/60000 (100%)]	Loss: 0.175697

Average Training loss: 0.0009, Training Error Rate: 14.11% (8468/60000)


Average Test loss: 0.0002, Test Error Rate: 13.11% (1311/10000)

Train Epoch: 68 [20000/60000 (33%)]	Loss: 0.190056
Train Epoch: 68 [40000/60000 (67%)]	Loss: 0.177563
Train Epoch: 68 [60000/60000 (100%)]	Loss: 0.175917

Average Training loss: 0.0009, Training Error Rate: 14.05% (8432/60000)


Average Test loss: 0.0002, Test Error Rate: 13.09% (1309/10000)

Train Epoch: 69 [20000/60000 (33%)]	Loss: 0.189530
Train Epoch: 69 [40000/60000 (67%)]	Loss: 0.170275
Train Epoch: 69 [60000/60000 (100%)]	Loss: 0.181790

Average Training loss: 0.0009, Training Error Rate: 13.78% (8267/60000)


Average Test loss: 0.0002, Test Error Rate: 12.80% (1280/10000)

Train Epoch: 70 [20000/60000 (33%)]	Loss: 0.188948
Train Epoch: 70 [40000/60000 (67%)]	Loss: 0.174218
Train Epoch: 70 [60000/60000 (100%)]	Loss: 0.180980

Average Training loss: 0.0009, Training Error Rate: 13.65% (8192/60000)


Average Test loss: 0.0002, Test Error Rate: 13.47% (1347/10000)

Train Epoch: 71 [20000/60000 (33%)]	Loss: 0.176629
Train Epoch: 71 [40000/60000 (67%)]	Loss: 0.169553
Train Epoch: 71 [60000/60000 (100%)]	Loss: 0.174700

Average Training loss: 0.0009, Training Error Rate: 13.69% (8211/60000)


Average Test loss: 0.0002, Test Error Rate: 13.15% (1315/10000)

Train Epoch: 72 [20000/60000 (33%)]	Loss: 0.167670
Train Epoch: 72 [40000/60000 (67%)]	Loss: 0.187732
Train Epoch: 72 [60000/60000 (100%)]	Loss: 0.156368

Average Training loss: 0.0009, Training Error Rate: 13.70% (8220/60000)


Average Test loss: 0.0002, Test Error Rate: 12.81% (1281/10000)

Train Epoch: 73 [20000/60000 (33%)]	Loss: 0.190710
