/vast/home/ajherman/miniconda3/envs/pytorch/lib/python3.11/site-packages/torchvision/io/image.py:13: UserWarning: Failed to load image Python extension: '/vast/home/ajherman/miniconda3/envs/pytorch/lib/python3.11/site-packages/torchvision/image.so: undefined symbol: _ZN5torch3jit17parseSchemaOrNameERKNSt7__cxx1112basic_stringIcSt11char_traitsIcESaIcEEE'If you don't plan on using image functionality from `torchvision.io`, you can ignore this warning. Otherwise, there might be something wrong with your environment. Did you have `libjpeg` or `libpng` installed before building `torchvision` from source?
  warn(
usage: main.py [-h] [--batch-size N] [--test-batch-size N] [--epochs N]
               [--lr_tab LR [LR ...]] [--randbeta RANDBETA]
               [--size_tab ST [ST ...]] [--discrete] [--dt DT] [--T T]
               [--Kmax Kmax] [--beta BETA] [--activation-function ACTFUN]
               [--no-clamp] [--learning-rule LR] [--cep] [--angle ANGLE]
               [--action ACTION] [--device-label DEVICE_LABEL] [--debug-cep]
               [--seed SEED [SEED ...]] [--angle-grad] [--use-bias]
               [--no-rhop] [--update-rule UPDATE_RULE] [--no-reset]
               [--plain-data] [--trace-decay TRACE_DECAY]
               [--directory DIRECTORY] [--load LOAD] [--spiking SPIKING]
               [--spike-height SPIKE_HEIGHT]
main.py: error: argument --directory: expected one argument
/vast/home/ajherman/miniconda3/envs/pytorch/lib/python3.11/site-packages/torchvision/io/image.py:13: UserWarning: Failed to load image Python extension: '/vast/home/ajherman/miniconda3/envs/pytorch/lib/python3.11/site-packages/torchvision/image.so: undefined symbol: _ZN5torch3jit17parseSchemaOrNameERKNSt7__cxx1112basic_stringIcSt11char_traitsIcESaIcEEE'If you don't plan on using image functionality from `torchvision.io`, you can ignore this warning. Otherwise, there might be something wrong with your environment. Did you have `libjpeg` or `libpng` installed before building `torchvision` from source?
  warn(
usage: main.py [-h] [--batch-size N] [--test-batch-size N] [--epochs N]
               [--lr_tab LR [LR ...]] [--randbeta RANDBETA]
               [--size_tab ST [ST ...]] [--discrete] [--dt DT] [--T T]
               [--Kmax Kmax] [--beta BETA] [--activation-function ACTFUN]
               [--no-clamp] [--learning-rule LR] [--cep] [--angle ANGLE]
               [--action ACTION] [--device-label DEVICE_LABEL] [--debug-cep]
               [--seed SEED [SEED ...]] [--angle-grad] [--use-bias]
               [--no-rhop] [--update-rule UPDATE_RULE] [--no-reset]
               [--plain-data] [--trace-decay TRACE_DECAY]
               [--directory DIRECTORY] [--load LOAD] [--spiking SPIKING]
               [--spike-height SPIKE_HEIGHT]
main.py: error: argument --directory: expected one argument
Traceback (most recent call last):
  File "/vast/home/ajherman/continualEP/main.py", line 2, in <module>
    import torchvision.datasets as datasets
ModuleNotFoundError: No module named 'torchvision'
Traceback (most recent call last):
  File "/vast/home/ajherman/continualEP/main.py", line 2, in <module>
    import torchvision.datasets as datasets
ModuleNotFoundError: No module named 'torchvision'
Traceback (most recent call last):
  File "/vast/home/ajherman/continualEP/main.py", line 2, in <module>
    import torchvision.datasets as datasets
ModuleNotFoundError: No module named 'torchvision'
Traceback (most recent call last):
  File "/vast/home/ajherman/continualEP/main.py", line 2, in <module>
    import torchvision.datasets as datasets
ModuleNotFoundError: No module named 'torchvision'
Traceback (most recent call last):
  File "/vast/home/ajherman/continualEP/main.py", line 2, in <module>
    import torchvision.datasets as datasets
ModuleNotFoundError: No module named 'torchvision'
Traceback (most recent call last):
  File "/vast/home/ajherman/continualEP/main.py", line 2, in <module>
    import torchvision.datasets as datasets
ModuleNotFoundError: No module named 'torchvision'
/vast/home/ajherman/miniconda3/envs/pytorch/lib/python3.11/site-packages/torchvision/io/image.py:13: UserWarning: Failed to load image Python extension: '/vast/home/ajherman/miniconda3/envs/pytorch/lib/python3.11/site-packages/torchvision/image.so: undefined symbol: _ZN5torch3jit17parseSchemaOrNameERKNSt7__cxx1112basic_stringIcSt11char_traitsIcESaIcEEE'If you don't plan on using image functionality from `torchvision.io`, you can ignore this warning. Otherwise, there might be something wrong with your environment. Did you have `libjpeg` or `libpng` installed before building `torchvision` from source?
  warn(
dt =  0.3700394750525634
dt =  0.3700394750525634
Traceback (most recent call last):
  File "/vast/home/ajherman/continualEP/main.py", line 364, in <module>
    error_train = train(net, train_loader, epoch, args.learning_rule)
                                           ^^^^^
NameError: name 'epoch' is not defined
/vast/home/ajherman/miniconda3/envs/pytorch/lib/python3.11/site-packages/torchvision/io/image.py:13: UserWarning: Failed to load image Python extension: '/vast/home/ajherman/miniconda3/envs/pytorch/lib/python3.11/site-packages/torchvision/image.so: undefined symbol: _ZN5torch3jit17parseSchemaOrNameERKNSt7__cxx1112basic_stringIcSt11char_traitsIcESaIcEEE'If you don't plan on using image functionality from `torchvision.io`, you can ignore this warning. Otherwise, there might be something wrong with your environment. Did you have `libjpeg` or `libpng` installed before building `torchvision` from source?
  warn(
dt =  0.3700394750525634
dt =  0.3700394750525634
Train Epoch: 0 [2000/60000 (3%)]	Loss: 0.429966
Train Epoch: 0 [4000/60000 (7%)]	Loss: 0.420971
Train Epoch: 0 [6000/60000 (10%)]	Loss: 0.371477
Train Epoch: 0 [8000/60000 (13%)]	Loss: 0.307392
Train Epoch: 0 [10000/60000 (17%)]	Loss: 0.269485
Train Epoch: 0 [12000/60000 (20%)]	Loss: 0.336647
Train Epoch: 0 [14000/60000 (23%)]	Loss: 0.278279
Train Epoch: 0 [16000/60000 (27%)]	Loss: 0.342679
Train Epoch: 0 [18000/60000 (30%)]	Loss: 0.218925
Train Epoch: 0 [20000/60000 (33%)]	Loss: 0.244488
Train Epoch: 0 [22000/60000 (37%)]	Loss: 0.252984
Train Epoch: 0 [24000/60000 (40%)]	Loss: 0.281863
Train Epoch: 0 [26000/60000 (43%)]	Loss: 0.259283
Train Epoch: 0 [28000/60000 (47%)]	Loss: 0.297751
Train Epoch: 0 [30000/60000 (50%)]	Loss: 0.234734
Train Epoch: 0 [32000/60000 (53%)]	Loss: 0.176916
Train Epoch: 0 [34000/60000 (57%)]	Loss: 0.185394
Train Epoch: 0 [36000/60000 (60%)]	Loss: 0.217671
Train Epoch: 0 [38000/60000 (63%)]	Loss: 0.187314
Train Epoch: 0 [40000/60000 (67%)]	Loss: 0.187134
Train Epoch: 0 [42000/60000 (70%)]	Loss: 0.180018
Train Epoch: 0 [44000/60000 (73%)]	Loss: 0.219070
Train Epoch: 0 [46000/60000 (77%)]	Loss: 0.194539
Train Epoch: 0 [48000/60000 (80%)]	Loss: 0.226112
Train Epoch: 0 [50000/60000 (83%)]	Loss: 0.197971
Train Epoch: 0 [52000/60000 (87%)]	Loss: 0.167714
Train Epoch: 0 [54000/60000 (90%)]	Loss: 0.147136
Train Epoch: 0 [56000/60000 (93%)]	Loss: 0.116938
Train Epoch: 0 [58000/60000 (97%)]	Loss: 0.157994
Train Epoch: 0 [60000/60000 (100%)]	Loss: 0.154339

Average Training loss: 0.0130, Training Error Rate: 28.90% (17338/60000)


Average Test loss: 0.0002, Test Error Rate: 16.13% (1613/10000)

Train Epoch: 1 [2000/60000 (3%)]	Loss: 0.123234
Train Epoch: 1 [4000/60000 (7%)]	Loss: 0.178751
Train Epoch: 1 [6000/60000 (10%)]	Loss: 0.153505
Train Epoch: 1 [8000/60000 (13%)]	Loss: 0.163448
Train Epoch: 1 [10000/60000 (17%)]	Loss: 0.191447
Train Epoch: 1 [12000/60000 (20%)]	Loss: 0.112086
Train Epoch: 1 [14000/60000 (23%)]	Loss: 0.127864
Train Epoch: 1 [16000/60000 (27%)]	Loss: 0.157062
Train Epoch: 1 [18000/60000 (30%)]	Loss: 0.165993
Train Epoch: 1 [20000/60000 (33%)]	Loss: 0.155093
Train Epoch: 1 [22000/60000 (37%)]	Loss: 0.129799
Train Epoch: 1 [24000/60000 (40%)]	Loss: 0.187449
Train Epoch: 1 [26000/60000 (43%)]	Loss: 0.177610
Train Epoch: 1 [28000/60000 (47%)]	Loss: 0.103211
Train Epoch: 1 [30000/60000 (50%)]	Loss: 0.187368
Train Epoch: 1 [32000/60000 (53%)]	Loss: 0.178587
Train Epoch: 1 [34000/60000 (57%)]	Loss: 0.201824
Train Epoch: 1 [36000/60000 (60%)]	Loss: 0.159358
Train Epoch: 1 [38000/60000 (63%)]	Loss: 0.175693
Train Epoch: 1 [40000/60000 (67%)]	Loss: 0.160572
Train Epoch: 1 [42000/60000 (70%)]	Loss: 0.146483
Train Epoch: 1 [44000/60000 (73%)]	Loss: 0.085225
Train Epoch: 1 [46000/60000 (77%)]	Loss: 0.112012
Train Epoch: 1 [48000/60000 (80%)]	Loss: 0.159519
Train Epoch: 1 [50000/60000 (83%)]	Loss: 0.195377
Train Epoch: 1 [52000/60000 (87%)]	Loss: 0.184337
Train Epoch: 1 [54000/60000 (90%)]	Loss: 0.147300
Train Epoch: 1 [56000/60000 (93%)]	Loss: 0.148543
Train Epoch: 1 [58000/60000 (97%)]	Loss: 0.217480
Train Epoch: 1 [60000/60000 (100%)]	Loss: 0.144887

Average Training loss: 0.0084, Training Error Rate: 15.43% (9257/60000)


Average Test loss: 0.0002, Test Error Rate: 13.36% (1336/10000)

Train Epoch: 2 [2000/60000 (3%)]	Loss: 0.121301
Train Epoch: 2 [4000/60000 (7%)]	Loss: 0.114709
Train Epoch: 2 [6000/60000 (10%)]	Loss: 0.143752
Train Epoch: 2 [8000/60000 (13%)]	Loss: 0.140576
Train Epoch: 2 [10000/60000 (17%)]	Loss: 0.132036
Train Epoch: 2 [12000/60000 (20%)]	Loss: 0.136488
Train Epoch: 2 [14000/60000 (23%)]	Loss: 0.179897
Train Epoch: 2 [16000/60000 (27%)]	Loss: 0.124982
Train Epoch: 2 [18000/60000 (30%)]	Loss: 0.126333
Train Epoch: 2 [20000/60000 (33%)]	Loss: 0.110872
Train Epoch: 2 [22000/60000 (37%)]	Loss: 0.112978
Train Epoch: 2 [24000/60000 (40%)]	Loss: 0.134283
Train Epoch: 2 [26000/60000 (43%)]	Loss: 0.144958
Train Epoch: 2 [28000/60000 (47%)]	Loss: 0.156691
Train Epoch: 2 [30000/60000 (50%)]	Loss: 0.203453
Train Epoch: 2 [32000/60000 (53%)]	Loss: 0.189048
Train Epoch: 2 [34000/60000 (57%)]	Loss: 0.150395
Train Epoch: 2 [36000/60000 (60%)]	Loss: 0.124402
Train Epoch: 2 [38000/60000 (63%)]	Loss: 0.193300
Train Epoch: 2 [40000/60000 (67%)]	Loss: 0.138505
Train Epoch: 2 [42000/60000 (70%)]	Loss: 0.134658
Train Epoch: 2 [44000/60000 (73%)]	Loss: 0.193025
Train Epoch: 2 [46000/60000 (77%)]	Loss: 0.158786
Train Epoch: 2 [48000/60000 (80%)]	Loss: 0.193214
Train Epoch: 2 [50000/60000 (83%)]	Loss: 0.100619
Train Epoch: 2 [52000/60000 (87%)]	Loss: 0.139906
Train Epoch: 2 [54000/60000 (90%)]	Loss: 0.173003
Train Epoch: 2 [56000/60000 (93%)]	Loss: 0.133230
Train Epoch: 2 [58000/60000 (97%)]	Loss: 0.138500
Train Epoch: 2 [60000/60000 (100%)]	Loss: 0.121670

Average Training loss: 0.0074, Training Error Rate: 13.46% (8079/60000)


Average Test loss: 0.0001, Test Error Rate: 11.72% (1172/10000)

Train Epoch: 3 [2000/60000 (3%)]	Loss: 0.090513
Train Epoch: 3 [4000/60000 (7%)]	Loss: 0.131073
Train Epoch: 3 [6000/60000 (10%)]	Loss: 0.147870
Train Epoch: 3 [8000/60000 (13%)]	Loss: 0.131177
Train Epoch: 3 [10000/60000 (17%)]	Loss: 0.156257
Train Epoch: 3 [12000/60000 (20%)]	Loss: 0.120924
Train Epoch: 3 [14000/60000 (23%)]	Loss: 0.124391
Train Epoch: 3 [16000/60000 (27%)]	Loss: 0.168878
Train Epoch: 3 [18000/60000 (30%)]	Loss: 0.197122
Train Epoch: 3 [20000/60000 (33%)]	Loss: 0.167550
/vast/home/ajherman/continualEP/netFunctions.py:118: RuntimeWarning: More than 20 figures have been opened. Figures created through the pyplot interface (`matplotlib.pyplot.figure`) are retained until explicitly closed and may consume too much memory. (To control this warning, see the rcParam `figure.max_open_warning`). Consider using `matplotlib.pyplot.close()`.
  fig, ax = plt.subplots()
Train Epoch: 3 [22000/60000 (37%)]	Loss: 0.170265
Train Epoch: 3 [24000/60000 (40%)]	Loss: 0.160981
Train Epoch: 3 [26000/60000 (43%)]	Loss: 0.110404
Train Epoch: 3 [28000/60000 (47%)]	Loss: 0.164888
Train Epoch: 3 [30000/60000 (50%)]	Loss: 0.168453
Train Epoch: 3 [32000/60000 (53%)]	Loss: 0.116598
Train Epoch: 3 [34000/60000 (57%)]	Loss: 0.148171
Train Epoch: 3 [36000/60000 (60%)]	Loss: 0.181433
Train Epoch: 3 [38000/60000 (63%)]	Loss: 0.139026
Train Epoch: 3 [40000/60000 (67%)]	Loss: 0.125047
Train Epoch: 3 [42000/60000 (70%)]	Loss: 0.140159
Train Epoch: 3 [44000/60000 (73%)]	Loss: 0.078976
Train Epoch: 3 [46000/60000 (77%)]	Loss: 0.161870
Train Epoch: 3 [48000/60000 (80%)]	Loss: 0.098243
Train Epoch: 3 [50000/60000 (83%)]	Loss: 0.095437
Train Epoch: 3 [52000/60000 (87%)]	Loss: 0.137307
Train Epoch: 3 [54000/60000 (90%)]	Loss: 0.099490
Train Epoch: 3 [56000/60000 (93%)]	Loss: 0.101063
Train Epoch: 3 [58000/60000 (97%)]	Loss: 0.106627
Train Epoch: 3 [60000/60000 (100%)]	Loss: 0.139639

Average Training loss: 0.0069, Training Error Rate: 12.20% (7322/60000)


Average Test loss: 0.0001, Test Error Rate: 11.33% (1133/10000)

Train Epoch: 4 [2000/60000 (3%)]	Loss: 0.164021
Train Epoch: 4 [4000/60000 (7%)]	Loss: 0.148299
Train Epoch: 4 [6000/60000 (10%)]	Loss: 0.081740
Train Epoch: 4 [8000/60000 (13%)]	Loss: 0.118152
Train Epoch: 4 [10000/60000 (17%)]	Loss: 0.180163
Train Epoch: 4 [12000/60000 (20%)]	Loss: 0.177035
Train Epoch: 4 [14000/60000 (23%)]	Loss: 0.125208
Train Epoch: 4 [16000/60000 (27%)]	Loss: 0.117833
Train Epoch: 4 [18000/60000 (30%)]	Loss: 0.059612
Train Epoch: 4 [20000/60000 (33%)]	Loss: 0.163589
Train Epoch: 4 [22000/60000 (37%)]	Loss: 0.089512
Train Epoch: 4 [24000/60000 (40%)]	Loss: 0.080991
Train Epoch: 4 [26000/60000 (43%)]	Loss: 0.130269
Train Epoch: 4 [28000/60000 (47%)]	Loss: 0.106124
Train Epoch: 4 [30000/60000 (50%)]	Loss: 0.118206
Train Epoch: 4 [32000/60000 (53%)]	Loss: 0.142651
Train Epoch: 4 [34000/60000 (57%)]	Loss: 0.168271
Train Epoch: 4 [36000/60000 (60%)]	Loss: 0.173878
Train Epoch: 4 [38000/60000 (63%)]	Loss: 0.088560
Train Epoch: 4 [40000/60000 (67%)]	Loss: 0.128687
Train Epoch: 4 [42000/60000 (70%)]	Loss: 0.102138
Train Epoch: 4 [44000/60000 (73%)]	Loss: 0.127800
Train Epoch: 4 [46000/60000 (77%)]	Loss: 0.110471
Train Epoch: 4 [48000/60000 (80%)]	Loss: 0.122326
Train Epoch: 4 [50000/60000 (83%)]	Loss: 0.106864
Train Epoch: 4 [52000/60000 (87%)]	Loss: 0.204963
Train Epoch: 4 [54000/60000 (90%)]	Loss: 0.119613
Train Epoch: 4 [56000/60000 (93%)]	Loss: 0.134149
Train Epoch: 4 [58000/60000 (97%)]	Loss: 0.105751
Train Epoch: 4 [60000/60000 (100%)]	Loss: 0.184246

Average Training loss: 0.0065, Training Error Rate: 11.58% (6949/60000)


Average Test loss: 0.0001, Test Error Rate: 10.46% (1046/10000)

Train Epoch: 5 [2000/60000 (3%)]	Loss: 0.091676
Train Epoch: 5 [4000/60000 (7%)]	Loss: 0.114126
Train Epoch: 5 [6000/60000 (10%)]	Loss: 0.180555
Train Epoch: 5 [8000/60000 (13%)]	Loss: 0.130517
Train Epoch: 5 [10000/60000 (17%)]	Loss: 0.165423
Train Epoch: 5 [12000/60000 (20%)]	Loss: 0.165122
Train Epoch: 5 [14000/60000 (23%)]	Loss: 0.168258
Train Epoch: 5 [16000/60000 (27%)]	Loss: 0.075494
Train Epoch: 5 [18000/60000 (30%)]	Loss: 0.099927
Train Epoch: 5 [20000/60000 (33%)]	Loss: 0.130965
Train Epoch: 5 [22000/60000 (37%)]	Loss: 0.182933
Train Epoch: 5 [24000/60000 (40%)]	Loss: 0.171272
Train Epoch: 5 [26000/60000 (43%)]	Loss: 0.087195
Train Epoch: 5 [28000/60000 (47%)]	Loss: 0.098164
Train Epoch: 5 [30000/60000 (50%)]	Loss: 0.123929
Train Epoch: 5 [32000/60000 (53%)]	Loss: 0.132990
Train Epoch: 5 [34000/60000 (57%)]	Loss: 0.149291
Train Epoch: 5 [36000/60000 (60%)]	Loss: 0.121786
Train Epoch: 5 [38000/60000 (63%)]	Loss: 0.092215
Train Epoch: 5 [40000/60000 (67%)]	Loss: 0.087532
Train Epoch: 5 [42000/60000 (70%)]	Loss: 0.063946
Train Epoch: 5 [44000/60000 (73%)]	Loss: 0.106439
Train Epoch: 5 [46000/60000 (77%)]	Loss: 0.104919
Train Epoch: 5 [48000/60000 (80%)]	Loss: 0.116920
Train Epoch: 5 [50000/60000 (83%)]	Loss: 0.101809
Train Epoch: 5 [52000/60000 (87%)]	Loss: 0.127877
Train Epoch: 5 [54000/60000 (90%)]	Loss: 0.108561
Train Epoch: 5 [56000/60000 (93%)]	Loss: 0.076983
Train Epoch: 5 [58000/60000 (97%)]	Loss: 0.070424
Train Epoch: 5 [60000/60000 (100%)]	Loss: 0.125813

Average Training loss: 0.0062, Training Error Rate: 11.03% (6615/60000)


Average Test loss: 0.0001, Test Error Rate: 10.14% (1014/10000)

Train Epoch: 6 [2000/60000 (3%)]	Loss: 0.085285
Train Epoch: 6 [4000/60000 (7%)]	Loss: 0.130107
Train Epoch: 6 [6000/60000 (10%)]	Loss: 0.176424
Train Epoch: 6 [8000/60000 (13%)]	Loss: 0.084532
Train Epoch: 6 [10000/60000 (17%)]	Loss: 0.100499
Train Epoch: 6 [12000/60000 (20%)]	Loss: 0.077448
Train Epoch: 6 [14000/60000 (23%)]	Loss: 0.147372
Train Epoch: 6 [16000/60000 (27%)]	Loss: 0.077097
Train Epoch: 6 [18000/60000 (30%)]	Loss: 0.111992
Train Epoch: 6 [20000/60000 (33%)]	Loss: 0.155086
Train Epoch: 6 [22000/60000 (37%)]	Loss: 0.121345
Train Epoch: 6 [24000/60000 (40%)]	Loss: 0.102129
Train Epoch: 6 [26000/60000 (43%)]	Loss: 0.116030
Train Epoch: 6 [28000/60000 (47%)]	Loss: 0.141176
Train Epoch: 6 [30000/60000 (50%)]	Loss: 0.132214
Train Epoch: 6 [32000/60000 (53%)]	Loss: 0.142801
Train Epoch: 6 [34000/60000 (57%)]	Loss: 0.124651
Train Epoch: 6 [36000/60000 (60%)]	Loss: 0.111965
Train Epoch: 6 [38000/60000 (63%)]	Loss: 0.132920
Train Epoch: 6 [40000/60000 (67%)]	Loss: 0.105844
Train Epoch: 6 [42000/60000 (70%)]	Loss: 0.154817
Train Epoch: 6 [44000/60000 (73%)]	Loss: 0.046291
Train Epoch: 6 [46000/60000 (77%)]	Loss: 0.122507
Train Epoch: 6 [48000/60000 (80%)]	Loss: 0.074861
Train Epoch: 6 [50000/60000 (83%)]	Loss: 0.068533
Train Epoch: 6 [52000/60000 (87%)]	Loss: 0.143010
Train Epoch: 6 [54000/60000 (90%)]	Loss: 0.095684
Train Epoch: 6 [56000/60000 (93%)]	Loss: 0.127398
Train Epoch: 6 [58000/60000 (97%)]	Loss: 0.080593
Train Epoch: 6 [60000/60000 (100%)]	Loss: 0.101883

Average Training loss: 0.0059, Training Error Rate: 10.58% (6349/60000)


Average Test loss: 0.0001, Test Error Rate: 9.66% (966/10000)

Train Epoch: 7 [2000/60000 (3%)]	Loss: 0.075535
Train Epoch: 7 [4000/60000 (7%)]	Loss: 0.131038
Train Epoch: 7 [6000/60000 (10%)]	Loss: 0.114714
Train Epoch: 7 [8000/60000 (13%)]	Loss: 0.129616
Train Epoch: 7 [10000/60000 (17%)]	Loss: 0.106430
Train Epoch: 7 [12000/60000 (20%)]	Loss: 0.070631
Train Epoch: 7 [14000/60000 (23%)]	Loss: 0.069848
Train Epoch: 7 [16000/60000 (27%)]	Loss: 0.102780
Train Epoch: 7 [18000/60000 (30%)]	Loss: 0.060932
Train Epoch: 7 [20000/60000 (33%)]	Loss: 0.065419
Train Epoch: 7 [22000/60000 (37%)]	Loss: 0.112760
Train Epoch: 7 [24000/60000 (40%)]	Loss: 0.064176
Train Epoch: 7 [26000/60000 (43%)]	Loss: 0.075494
Train Epoch: 7 [28000/60000 (47%)]	Loss: 0.063348
Train Epoch: 7 [30000/60000 (50%)]	Loss: 0.077285
Train Epoch: 7 [32000/60000 (53%)]	Loss: 0.123126
Train Epoch: 7 [34000/60000 (57%)]	Loss: 0.135044
Train Epoch: 7 [36000/60000 (60%)]	Loss: 0.169285
Train Epoch: 7 [38000/60000 (63%)]	Loss: 0.106392
Train Epoch: 7 [40000/60000 (67%)]	Loss: 0.112907
Train Epoch: 7 [42000/60000 (70%)]	Loss: 0.053005
Train Epoch: 7 [44000/60000 (73%)]	Loss: 0.065519
Train Epoch: 7 [46000/60000 (77%)]	Loss: 0.104245
Train Epoch: 7 [48000/60000 (80%)]	Loss: 0.124660
Train Epoch: 7 [50000/60000 (83%)]	Loss: 0.077979
Train Epoch: 7 [52000/60000 (87%)]	Loss: 0.130668
Train Epoch: 7 [54000/60000 (90%)]	Loss: 0.162728
Train Epoch: 7 [56000/60000 (93%)]	Loss: 0.115651
Train Epoch: 7 [58000/60000 (97%)]	Loss: 0.151414
Train Epoch: 7 [60000/60000 (100%)]	Loss: 0.072519

Average Training loss: 0.0057, Training Error Rate: 10.24% (6145/60000)


Average Test loss: 0.0001, Test Error Rate: 9.43% (943/10000)

Train Epoch: 8 [2000/60000 (3%)]	Loss: 0.153430
Train Epoch: 8 [4000/60000 (7%)]	Loss: 0.147738
Train Epoch: 8 [6000/60000 (10%)]	Loss: 0.117193
Train Epoch: 8 [8000/60000 (13%)]	Loss: 0.099801
Train Epoch: 8 [10000/60000 (17%)]	Loss: 0.192472
Train Epoch: 8 [12000/60000 (20%)]	Loss: 0.062221
Train Epoch: 8 [14000/60000 (23%)]	Loss: 0.137026
Train Epoch: 8 [16000/60000 (27%)]	Loss: 0.087099
Train Epoch: 8 [18000/60000 (30%)]	Loss: 0.110576
Train Epoch: 8 [20000/60000 (33%)]	Loss: 0.093118
Train Epoch: 8 [22000/60000 (37%)]	Loss: 0.151850
Train Epoch: 8 [24000/60000 (40%)]	Loss: 0.115575
Train Epoch: 8 [26000/60000 (43%)]	Loss: 0.117550
Train Epoch: 8 [28000/60000 (47%)]	Loss: 0.079861
Train Epoch: 8 [30000/60000 (50%)]	Loss: 0.083033
Train Epoch: 8 [32000/60000 (53%)]	Loss: 0.077386
Train Epoch: 8 [34000/60000 (57%)]	Loss: 0.107224
Train Epoch: 8 [36000/60000 (60%)]	Loss: 0.099156
Train Epoch: 8 [38000/60000 (63%)]	Loss: 0.077990
Train Epoch: 8 [40000/60000 (67%)]	Loss: 0.100436
Train Epoch: 8 [42000/60000 (70%)]	Loss: 0.113269
Train Epoch: 8 [44000/60000 (73%)]	Loss: 0.129016
Train Epoch: 8 [46000/60000 (77%)]	Loss: 0.078244
Train Epoch: 8 [48000/60000 (80%)]	Loss: 0.125190
Train Epoch: 8 [50000/60000 (83%)]	Loss: 0.061740
Train Epoch: 8 [52000/60000 (87%)]	Loss: 0.110626
Train Epoch: 8 [54000/60000 (90%)]	Loss: 0.114172
Train Epoch: 8 [56000/60000 (93%)]	Loss: 0.076403
Train Epoch: 8 [58000/60000 (97%)]	Loss: 0.059440
Train Epoch: 8 [60000/60000 (100%)]	Loss: 0.099132

Average Training loss: 0.0055, Training Error Rate: 9.78% (5867/60000)


Average Test loss: 0.0001, Test Error Rate: 8.95% (895/10000)

Train Epoch: 9 [2000/60000 (3%)]	Loss: 0.102292
Train Epoch: 9 [4000/60000 (7%)]	Loss: 0.110898
Train Epoch: 9 [6000/60000 (10%)]	Loss: 0.071636
Train Epoch: 9 [8000/60000 (13%)]	Loss: 0.111573
Train Epoch: 9 [10000/60000 (17%)]	Loss: 0.059716
Train Epoch: 9 [12000/60000 (20%)]	Loss: 0.102895
Train Epoch: 9 [14000/60000 (23%)]	Loss: 0.121691
Train Epoch: 9 [16000/60000 (27%)]	Loss: 0.182769
Train Epoch: 9 [18000/60000 (30%)]	Loss: 0.121765
Train Epoch: 9 [20000/60000 (33%)]	Loss: 0.151394
Train Epoch: 9 [22000/60000 (37%)]	Loss: 0.090187
Train Epoch: 9 [24000/60000 (40%)]	Loss: 0.148932
Train Epoch: 9 [26000/60000 (43%)]	Loss: 0.092806
Train Epoch: 9 [28000/60000 (47%)]	Loss: 0.083631
Train Epoch: 9 [30000/60000 (50%)]	Loss: 0.128218
Train Epoch: 9 [32000/60000 (53%)]	Loss: 0.070936
Train Epoch: 9 [34000/60000 (57%)]	Loss: 0.086959
Train Epoch: 9 [36000/60000 (60%)]	Loss: 0.128403
Train Epoch: 9 [38000/60000 (63%)]	Loss: 0.139311
Train Epoch: 9 [40000/60000 (67%)]	Loss: 0.176365
Train Epoch: 9 [42000/60000 (70%)]	Loss: 0.093948
Train Epoch: 9 [44000/60000 (73%)]	Loss: 0.098917
Train Epoch: 9 [46000/60000 (77%)]	Loss: 0.107364
Train Epoch: 9 [48000/60000 (80%)]	Loss: 0.116787
Train Epoch: 9 [50000/60000 (83%)]	Loss: 0.150666
Train Epoch: 9 [52000/60000 (87%)]	Loss: 0.103354
Train Epoch: 9 [54000/60000 (90%)]	Loss: 0.081594
Train Epoch: 9 [56000/60000 (93%)]	Loss: 0.101271
Train Epoch: 9 [58000/60000 (97%)]	Loss: 0.052122
Train Epoch: 9 [60000/60000 (100%)]	Loss: 0.136864

Average Training loss: 0.0053, Training Error Rate: 9.46% (5675/60000)


Average Test loss: 0.0001, Test Error Rate: 8.74% (874/10000)

Train Epoch: 10 [2000/60000 (3%)]	Loss: 0.144001
Train Epoch: 10 [4000/60000 (7%)]	Loss: 0.069306
Train Epoch: 10 [6000/60000 (10%)]	Loss: 0.103020
Train Epoch: 10 [8000/60000 (13%)]	Loss: 0.098731
Train Epoch: 10 [10000/60000 (17%)]	Loss: 0.105698
Train Epoch: 10 [12000/60000 (20%)]	Loss: 0.081809
Train Epoch: 10 [14000/60000 (23%)]	Loss: 0.091972
Train Epoch: 10 [16000/60000 (27%)]	Loss: 0.084074
Train Epoch: 10 [18000/60000 (30%)]	Loss: 0.112296
Train Epoch: 10 [20000/60000 (33%)]	Loss: 0.092094
Train Epoch: 10 [22000/60000 (37%)]	Loss: 0.092233
Train Epoch: 10 [24000/60000 (40%)]	Loss: 0.172698
Train Epoch: 10 [26000/60000 (43%)]	Loss: 0.048008
Train Epoch: 10 [28000/60000 (47%)]	Loss: 0.104858
Train Epoch: 10 [30000/60000 (50%)]	Loss: 0.071702
Train Epoch: 10 [32000/60000 (53%)]	Loss: 0.102519
Train Epoch: 10 [34000/60000 (57%)]	Loss: 0.082919
Train Epoch: 10 [36000/60000 (60%)]	Loss: 0.068868
Train Epoch: 10 [38000/60000 (63%)]	Loss: 0.089160
Train Epoch: 10 [40000/60000 (67%)]	Loss: 0.074606
Train Epoch: 10 [42000/60000 (70%)]	Loss: 0.146293
Train Epoch: 10 [44000/60000 (73%)]	Loss: 0.100974
Train Epoch: 10 [46000/60000 (77%)]	Loss: 0.062088
Train Epoch: 10 [48000/60000 (80%)]	Loss: 0.167142
Train Epoch: 10 [50000/60000 (83%)]	Loss: 0.069477
Train Epoch: 10 [52000/60000 (87%)]	Loss: 0.127152
Train Epoch: 10 [54000/60000 (90%)]	Loss: 0.066439
Train Epoch: 10 [56000/60000 (93%)]	Loss: 0.033267
Train Epoch: 10 [58000/60000 (97%)]	Loss: 0.151582
Train Epoch: 10 [60000/60000 (100%)]	Loss: 0.160134

Average Training loss: 0.0051, Training Error Rate: 9.29% (5575/60000)


Average Test loss: 0.0001, Test Error Rate: 8.39% (839/10000)

Train Epoch: 11 [2000/60000 (3%)]	Loss: 0.162237
Train Epoch: 11 [4000/60000 (7%)]	Loss: 0.104881
Train Epoch: 11 [6000/60000 (10%)]	Loss: 0.179469
Train Epoch: 11 [8000/60000 (13%)]	Loss: 0.109857
Train Epoch: 11 [10000/60000 (17%)]	Loss: 0.097820
Train Epoch: 11 [12000/60000 (20%)]	Loss: 0.108204
Train Epoch: 11 [14000/60000 (23%)]	Loss: 0.082994
Train Epoch: 11 [16000/60000 (27%)]	Loss: 0.090226
Train Epoch: 11 [18000/60000 (30%)]	Loss: 0.078331
Train Epoch: 11 [20000/60000 (33%)]	Loss: 0.144519
Train Epoch: 11 [22000/60000 (37%)]	Loss: 0.117107
Train Epoch: 11 [24000/60000 (40%)]	Loss: 0.106013
Train Epoch: 11 [26000/60000 (43%)]	Loss: 0.172425
Train Epoch: 11 [28000/60000 (47%)]	Loss: 0.077370
Train Epoch: 11 [30000/60000 (50%)]	Loss: 0.049373
Train Epoch: 11 [32000/60000 (53%)]	Loss: 0.121543
Train Epoch: 11 [34000/60000 (57%)]	Loss: 0.120614
Train Epoch: 11 [36000/60000 (60%)]	Loss: 0.044515
Train Epoch: 11 [38000/60000 (63%)]	Loss: 0.117159
Train Epoch: 11 [40000/60000 (67%)]	Loss: 0.125881
Train Epoch: 11 [42000/60000 (70%)]	Loss: 0.139761
Train Epoch: 11 [44000/60000 (73%)]	Loss: 0.140673
Train Epoch: 11 [46000/60000 (77%)]	Loss: 0.046200
Train Epoch: 11 [48000/60000 (80%)]	Loss: 0.108947
Train Epoch: 11 [50000/60000 (83%)]	Loss: 0.054645
Train Epoch: 11 [52000/60000 (87%)]	Loss: 0.082241
Train Epoch: 11 [54000/60000 (90%)]	Loss: 0.155654
Train Epoch: 11 [56000/60000 (93%)]	Loss: 0.080678
Train Epoch: 11 [58000/60000 (97%)]	Loss: 0.081864
Train Epoch: 11 [60000/60000 (100%)]	Loss: 0.149719

Average Training loss: 0.0050, Training Error Rate: 9.00% (5399/60000)


Average Test loss: 0.0001, Test Error Rate: 8.21% (821/10000)

Train Epoch: 12 [2000/60000 (3%)]	Loss: 0.059763
Train Epoch: 12 [4000/60000 (7%)]	Loss: 0.162350
Train Epoch: 12 [6000/60000 (10%)]	Loss: 0.141915
Train Epoch: 12 [8000/60000 (13%)]	Loss: 0.114971
Train Epoch: 12 [10000/60000 (17%)]	Loss: 0.114251
Train Epoch: 12 [12000/60000 (20%)]	Loss: 0.109594
Train Epoch: 12 [14000/60000 (23%)]	Loss: 0.101370
Train Epoch: 12 [16000/60000 (27%)]	Loss: 0.124839
Train Epoch: 12 [18000/60000 (30%)]	Loss: 0.133229
Train Epoch: 12 [20000/60000 (33%)]	Loss: 0.107930
Train Epoch: 12 [22000/60000 (37%)]	Loss: 0.148738
Train Epoch: 12 [24000/60000 (40%)]	Loss: 0.071260
Train Epoch: 12 [26000/60000 (43%)]	Loss: 0.080677
Train Epoch: 12 [28000/60000 (47%)]	Loss: 0.157101
Train Epoch: 12 [30000/60000 (50%)]	Loss: 0.051328
Train Epoch: 12 [32000/60000 (53%)]	Loss: 0.046034
Train Epoch: 12 [34000/60000 (57%)]	Loss: 0.050741
Train Epoch: 12 [36000/60000 (60%)]	Loss: 0.142554
Train Epoch: 12 [38000/60000 (63%)]	Loss: 0.109322
Train Epoch: 12 [40000/60000 (67%)]	Loss: 0.095458
Train Epoch: 12 [42000/60000 (70%)]	Loss: 0.106535
Train Epoch: 12 [44000/60000 (73%)]	Loss: 0.127148
Train Epoch: 12 [46000/60000 (77%)]	Loss: 0.166457
Train Epoch: 12 [48000/60000 (80%)]	Loss: 0.103972
Train Epoch: 12 [50000/60000 (83%)]	Loss: 0.236639
Train Epoch: 12 [52000/60000 (87%)]	Loss: 0.105082
Train Epoch: 12 [54000/60000 (90%)]	Loss: 0.048575
Train Epoch: 12 [56000/60000 (93%)]	Loss: 0.085458
Train Epoch: 12 [58000/60000 (97%)]	Loss: 0.113057
Train Epoch: 12 [60000/60000 (100%)]	Loss: 0.169854

Average Training loss: 0.0049, Training Error Rate: 8.64% (5185/60000)


Average Test loss: 0.0001, Test Error Rate: 8.04% (804/10000)

Train Epoch: 13 [2000/60000 (3%)]	Loss: 0.080547
Train Epoch: 13 [4000/60000 (7%)]	Loss: 0.168076
Train Epoch: 13 [6000/60000 (10%)]	Loss: 0.167518
Train Epoch: 13 [8000/60000 (13%)]	Loss: 0.083060
Train Epoch: 13 [10000/60000 (17%)]	Loss: 0.148524
Train Epoch: 13 [12000/60000 (20%)]	Loss: 0.106377
Train Epoch: 13 [14000/60000 (23%)]	Loss: 0.092121
Train Epoch: 13 [16000/60000 (27%)]	Loss: 0.120913
Train Epoch: 13 [18000/60000 (30%)]	Loss: 0.091390
Train Epoch: 13 [20000/60000 (33%)]	Loss: 0.063707
Train Epoch: 13 [22000/60000 (37%)]	Loss: 0.087489
Train Epoch: 13 [24000/60000 (40%)]	Loss: 0.079903
Train Epoch: 13 [26000/60000 (43%)]	Loss: 0.081802
Train Epoch: 13 [28000/60000 (47%)]	Loss: 0.091549
Train Epoch: 13 [30000/60000 (50%)]	Loss: 0.035771
Train Epoch: 13 [32000/60000 (53%)]	Loss: 0.073930
Train Epoch: 13 [34000/60000 (57%)]	Loss: 0.082524
Train Epoch: 13 [36000/60000 (60%)]	Loss: 0.068648
Train Epoch: 13 [38000/60000 (63%)]	Loss: 0.076842
Train Epoch: 13 [40000/60000 (67%)]	Loss: 0.143318
Train Epoch: 13 [42000/60000 (70%)]	Loss: 0.155258
Train Epoch: 13 [44000/60000 (73%)]	Loss: 0.103242
Train Epoch: 13 [46000/60000 (77%)]	Loss: 0.078379
Train Epoch: 13 [48000/60000 (80%)]	Loss: 0.111201
Train Epoch: 13 [50000/60000 (83%)]	Loss: 0.045437
Train Epoch: 13 [52000/60000 (87%)]	Loss: 0.119127
Train Epoch: 13 [54000/60000 (90%)]	Loss: 0.123147
Train Epoch: 13 [56000/60000 (93%)]	Loss: 0.048391
Train Epoch: 13 [58000/60000 (97%)]	Loss: 0.073948
Train Epoch: 13 [60000/60000 (100%)]	Loss: 0.086908

Average Training loss: 0.0047, Training Error Rate: 8.53% (5115/60000)


Average Test loss: 0.0001, Test Error Rate: 7.95% (795/10000)

Train Epoch: 14 [2000/60000 (3%)]	Loss: 0.104866
Train Epoch: 14 [4000/60000 (7%)]	Loss: 0.085869
Train Epoch: 14 [6000/60000 (10%)]	Loss: 0.057691
Train Epoch: 14 [8000/60000 (13%)]	Loss: 0.077021
Train Epoch: 14 [10000/60000 (17%)]	Loss: 0.099113
Train Epoch: 14 [12000/60000 (20%)]	Loss: 0.093030
Train Epoch: 14 [14000/60000 (23%)]	Loss: 0.059745
Train Epoch: 14 [16000/60000 (27%)]	Loss: 0.141735
Train Epoch: 14 [18000/60000 (30%)]	Loss: 0.116945
Train Epoch: 14 [20000/60000 (33%)]	Loss: 0.097295
Train Epoch: 14 [22000/60000 (37%)]	Loss: 0.107503
Train Epoch: 14 [24000/60000 (40%)]	Loss: 0.127059
Train Epoch: 14 [26000/60000 (43%)]	Loss: 0.119712
Train Epoch: 14 [28000/60000 (47%)]	Loss: 0.063872
Train Epoch: 14 [30000/60000 (50%)]	Loss: 0.084227
Train Epoch: 14 [32000/60000 (53%)]	Loss: 0.076314
Train Epoch: 14 [34000/60000 (57%)]	Loss: 0.090201
Train Epoch: 14 [36000/60000 (60%)]	Loss: 0.066356
Train Epoch: 14 [38000/60000 (63%)]	Loss: 0.214394
Train Epoch: 14 [40000/60000 (67%)]	Loss: 0.182312
Train Epoch: 14 [42000/60000 (70%)]	Loss: 0.180497
Train Epoch: 14 [44000/60000 (73%)]	Loss: 0.054524
Train Epoch: 14 [46000/60000 (77%)]	Loss: 0.072079
Train Epoch: 14 [48000/60000 (80%)]	Loss: 0.111922
Train Epoch: 14 [50000/60000 (83%)]	Loss: 0.060868
Train Epoch: 14 [52000/60000 (87%)]	Loss: 0.162996
Train Epoch: 14 [54000/60000 (90%)]	Loss: 0.091432
Train Epoch: 14 [56000/60000 (93%)]	Loss: 0.059725
Train Epoch: 14 [58000/60000 (97%)]	Loss: 0.105741
Train Epoch: 14 [60000/60000 (100%)]	Loss: 0.036916

Average Training loss: 0.0046, Training Error Rate: 8.29% (4973/60000)


Average Test loss: 0.0001, Test Error Rate: 8.08% (808/10000)

Train Epoch: 15 [2000/60000 (3%)]	Loss: 0.114378
Train Epoch: 15 [4000/60000 (7%)]	Loss: 0.027534
Train Epoch: 15 [6000/60000 (10%)]	Loss: 0.078410
Train Epoch: 15 [8000/60000 (13%)]	Loss: 0.034896
Train Epoch: 15 [10000/60000 (17%)]	Loss: 0.126200
Train Epoch: 15 [12000/60000 (20%)]	Loss: 0.047863
Train Epoch: 15 [14000/60000 (23%)]	Loss: 0.085949
Train Epoch: 15 [16000/60000 (27%)]	Loss: 0.057482
Train Epoch: 15 [18000/60000 (30%)]	Loss: 0.089714
Train Epoch: 15 [20000/60000 (33%)]	Loss: 0.106065
Train Epoch: 15 [22000/60000 (37%)]	Loss: 0.117684
Train Epoch: 15 [24000/60000 (40%)]	Loss: 0.088050
Train Epoch: 15 [26000/60000 (43%)]	Loss: 0.133748
Train Epoch: 15 [28000/60000 (47%)]	Loss: 0.054907
Train Epoch: 15 [30000/60000 (50%)]	Loss: 0.074960
Train Epoch: 15 [32000/60000 (53%)]	Loss: 0.042025
Train Epoch: 15 [34000/60000 (57%)]	Loss: 0.086447
Train Epoch: 15 [36000/60000 (60%)]	Loss: 0.097454
Train Epoch: 15 [38000/60000 (63%)]	Loss: 0.133773
Train Epoch: 15 [40000/60000 (67%)]	Loss: 0.051066
Train Epoch: 15 [42000/60000 (70%)]	Loss: 0.040462
Train Epoch: 15 [44000/60000 (73%)]	Loss: 0.107824
Train Epoch: 15 [46000/60000 (77%)]	Loss: 0.064486
Train Epoch: 15 [48000/60000 (80%)]	Loss: 0.089793
Train Epoch: 15 [50000/60000 (83%)]	Loss: 0.086839
Train Epoch: 15 [52000/60000 (87%)]	Loss: 0.126218
Train Epoch: 15 [54000/60000 (90%)]	Loss: 0.051409
Train Epoch: 15 [56000/60000 (93%)]	Loss: 0.100352
Train Epoch: 15 [58000/60000 (97%)]	Loss: 0.079246
Train Epoch: 15 [60000/60000 (100%)]	Loss: 0.134323

Average Training loss: 0.0045, Training Error Rate: 8.17% (4903/60000)


Average Test loss: 0.0001, Test Error Rate: 7.64% (764/10000)

Train Epoch: 16 [2000/60000 (3%)]	Loss: 0.069342
Train Epoch: 16 [4000/60000 (7%)]	Loss: 0.088478
Train Epoch: 16 [6000/60000 (10%)]	Loss: 0.060041
Train Epoch: 16 [8000/60000 (13%)]	Loss: 0.072150
Train Epoch: 16 [10000/60000 (17%)]	Loss: 0.062902
Train Epoch: 16 [12000/60000 (20%)]	Loss: 0.132818
Train Epoch: 16 [14000/60000 (23%)]	Loss: 0.112744
Train Epoch: 16 [16000/60000 (27%)]	Loss: 0.138680
Train Epoch: 16 [18000/60000 (30%)]	Loss: 0.099937
Train Epoch: 16 [20000/60000 (33%)]	Loss: 0.081010
Train Epoch: 16 [22000/60000 (37%)]	Loss: 0.057962
Train Epoch: 16 [24000/60000 (40%)]	Loss: 0.089540
Train Epoch: 16 [26000/60000 (43%)]	Loss: 0.048839
Train Epoch: 16 [28000/60000 (47%)]	Loss: 0.092255
Train Epoch: 16 [30000/60000 (50%)]	Loss: 0.064112
Train Epoch: 16 [32000/60000 (53%)]	Loss: 0.062895
Train Epoch: 16 [34000/60000 (57%)]	Loss: 0.149017
Train Epoch: 16 [36000/60000 (60%)]	Loss: 0.093579
Train Epoch: 16 [38000/60000 (63%)]	Loss: 0.121071
Train Epoch: 16 [40000/60000 (67%)]	Loss: 0.026526
Train Epoch: 16 [42000/60000 (70%)]	Loss: 0.060109
Train Epoch: 16 [44000/60000 (73%)]	Loss: 0.142855
Train Epoch: 16 [46000/60000 (77%)]	Loss: 0.069170
Train Epoch: 16 [48000/60000 (80%)]	Loss: 0.067206
Train Epoch: 16 [50000/60000 (83%)]	Loss: 0.090605
Train Epoch: 16 [52000/60000 (87%)]	Loss: 0.086697
Train Epoch: 16 [54000/60000 (90%)]	Loss: 0.121419
Train Epoch: 16 [56000/60000 (93%)]	Loss: 0.075408
Train Epoch: 16 [58000/60000 (97%)]	Loss: 0.085413
Train Epoch: 16 [60000/60000 (100%)]	Loss: 0.086628

Average Training loss: 0.0044, Training Error Rate: 7.90% (4739/60000)


Average Test loss: 0.0001, Test Error Rate: 7.56% (756/10000)

Train Epoch: 17 [2000/60000 (3%)]	Loss: 0.139534
Train Epoch: 17 [4000/60000 (7%)]	Loss: 0.070462
Train Epoch: 17 [6000/60000 (10%)]	Loss: 0.082623
Train Epoch: 17 [8000/60000 (13%)]	Loss: 0.123019
Train Epoch: 17 [10000/60000 (17%)]	Loss: 0.070249
Train Epoch: 17 [12000/60000 (20%)]	Loss: 0.119695
Train Epoch: 17 [14000/60000 (23%)]	Loss: 0.065257
Train Epoch: 17 [16000/60000 (27%)]	Loss: 0.119930
Train Epoch: 17 [18000/60000 (30%)]	Loss: 0.149453
Train Epoch: 17 [20000/60000 (33%)]	Loss: 0.053824
Train Epoch: 17 [22000/60000 (37%)]	Loss: 0.124924
Train Epoch: 17 [24000/60000 (40%)]	Loss: 0.096660
Train Epoch: 17 [26000/60000 (43%)]	Loss: 0.075995
Train Epoch: 17 [28000/60000 (47%)]	Loss: 0.048128
Train Epoch: 17 [30000/60000 (50%)]	Loss: 0.046097
Train Epoch: 17 [32000/60000 (53%)]	Loss: 0.060025
Train Epoch: 17 [34000/60000 (57%)]	Loss: 0.073704
Train Epoch: 17 [36000/60000 (60%)]	Loss: 0.064233
Train Epoch: 17 [38000/60000 (63%)]	Loss: 0.093274
Train Epoch: 17 [40000/60000 (67%)]	Loss: 0.058450
Train Epoch: 17 [42000/60000 (70%)]	Loss: 0.074356
Train Epoch: 17 [44000/60000 (73%)]	Loss: 0.081256
Train Epoch: 17 [46000/60000 (77%)]	Loss: 0.130039
Train Epoch: 17 [48000/60000 (80%)]	Loss: 0.105302
Train Epoch: 17 [50000/60000 (83%)]	Loss: 0.062668
Train Epoch: 17 [52000/60000 (87%)]	Loss: 0.118637
Train Epoch: 17 [54000/60000 (90%)]	Loss: 0.052562
Train Epoch: 17 [56000/60000 (93%)]	Loss: 0.087984
Train Epoch: 17 [58000/60000 (97%)]	Loss: 0.055428
Train Epoch: 17 [60000/60000 (100%)]	Loss: 0.075138

Average Training loss: 0.0043, Training Error Rate: 7.83% (4697/60000)


Average Test loss: 0.0001, Test Error Rate: 7.17% (717/10000)

Train Epoch: 18 [2000/60000 (3%)]	Loss: 0.093322
Train Epoch: 18 [4000/60000 (7%)]	Loss: 0.065203
Train Epoch: 18 [6000/60000 (10%)]	Loss: 0.109742
Train Epoch: 18 [8000/60000 (13%)]	Loss: 0.083281
Train Epoch: 18 [10000/60000 (17%)]	Loss: 0.062896
Train Epoch: 18 [12000/60000 (20%)]	Loss: 0.083555
Train Epoch: 18 [14000/60000 (23%)]	Loss: 0.027475
Train Epoch: 18 [16000/60000 (27%)]	Loss: 0.087367
Train Epoch: 18 [18000/60000 (30%)]	Loss: 0.097501
Train Epoch: 18 [20000/60000 (33%)]	Loss: 0.067222
Train Epoch: 18 [22000/60000 (37%)]	Loss: 0.126499
Train Epoch: 18 [24000/60000 (40%)]	Loss: 0.148041
Train Epoch: 18 [26000/60000 (43%)]	Loss: 0.061094
Train Epoch: 18 [28000/60000 (47%)]	Loss: 0.100365
Train Epoch: 18 [30000/60000 (50%)]	Loss: 0.127225
Train Epoch: 18 [32000/60000 (53%)]	Loss: 0.119027
Train Epoch: 18 [34000/60000 (57%)]	Loss: 0.127996
Train Epoch: 18 [36000/60000 (60%)]	Loss: 0.054518
Train Epoch: 18 [38000/60000 (63%)]	Loss: 0.113295
Train Epoch: 18 [40000/60000 (67%)]	Loss: 0.112402
Train Epoch: 18 [42000/60000 (70%)]	Loss: 0.153955
Train Epoch: 18 [44000/60000 (73%)]	Loss: 0.052106
Train Epoch: 18 [46000/60000 (77%)]	Loss: 0.097754
Train Epoch: 18 [48000/60000 (80%)]	Loss: 0.094631
Train Epoch: 18 [50000/60000 (83%)]	Loss: 0.112450
Train Epoch: 18 [52000/60000 (87%)]	Loss: 0.045988
Train Epoch: 18 [54000/60000 (90%)]	Loss: 0.053754
Train Epoch: 18 [56000/60000 (93%)]	Loss: 0.076947
Train Epoch: 18 [58000/60000 (97%)]	Loss: 0.079289
Train Epoch: 18 [60000/60000 (100%)]	Loss: 0.104561

Average Training loss: 0.0042, Training Error Rate: 7.71% (4624/60000)


Average Test loss: 0.0001, Test Error Rate: 7.13% (713/10000)

Train Epoch: 19 [2000/60000 (3%)]	Loss: 0.121887
Train Epoch: 19 [4000/60000 (7%)]	Loss: 0.022301
Train Epoch: 19 [6000/60000 (10%)]	Loss: 0.068778
Train Epoch: 19 [8000/60000 (13%)]	Loss: 0.073565
Train Epoch: 19 [10000/60000 (17%)]	Loss: 0.090109
Train Epoch: 19 [12000/60000 (20%)]	Loss: 0.093623
Train Epoch: 19 [14000/60000 (23%)]	Loss: 0.097745
Train Epoch: 19 [16000/60000 (27%)]	Loss: 0.094155
Train Epoch: 19 [18000/60000 (30%)]	Loss: 0.085293
Train Epoch: 19 [20000/60000 (33%)]	Loss: 0.111201
Train Epoch: 19 [22000/60000 (37%)]	Loss: 0.139832
Train Epoch: 19 [24000/60000 (40%)]	Loss: 0.076061
Train Epoch: 19 [26000/60000 (43%)]	Loss: 0.095728
Train Epoch: 19 [28000/60000 (47%)]	Loss: 0.072405
Train Epoch: 19 [30000/60000 (50%)]	Loss: 0.088931
Train Epoch: 19 [32000/60000 (53%)]	Loss: 0.086638
Train Epoch: 19 [34000/60000 (57%)]	Loss: 0.083699
Train Epoch: 19 [36000/60000 (60%)]	Loss: 0.112119
Train Epoch: 19 [38000/60000 (63%)]	Loss: 0.046611
Train Epoch: 19 [40000/60000 (67%)]	Loss: 0.074209
Train Epoch: 19 [42000/60000 (70%)]	Loss: 0.053926
Train Epoch: 19 [44000/60000 (73%)]	Loss: 0.051142
Train Epoch: 19 [46000/60000 (77%)]	Loss: 0.097846
Train Epoch: 19 [48000/60000 (80%)]	Loss: 0.064984
Train Epoch: 19 [50000/60000 (83%)]	Loss: 0.060822
Train Epoch: 19 [52000/60000 (87%)]	Loss: 0.051465
Train Epoch: 19 [54000/60000 (90%)]	Loss: 0.079942
Train Epoch: 19 [56000/60000 (93%)]	Loss: 0.048433
Train Epoch: 19 [58000/60000 (97%)]	Loss: 0.089436
Train Epoch: 19 [60000/60000 (100%)]	Loss: 0.123497

Average Training loss: 0.0041, Training Error Rate: 7.50% (4499/60000)


Average Test loss: 0.0001, Test Error Rate: 6.96% (696/10000)

/vast/home/ajherman/miniconda3/envs/pytorch/lib/python3.11/site-packages/torchvision/io/image.py:13: UserWarning: Failed to load image Python extension: '/vast/home/ajherman/miniconda3/envs/pytorch/lib/python3.11/site-packages/torchvision/image.so: undefined symbol: _ZN5torch3jit17parseSchemaOrNameERKNSt7__cxx1112basic_stringIcSt11char_traitsIcESaIcEEE'If you don't plan on using image functionality from `torchvision.io`, you can ignore this warning. Otherwise, there might be something wrong with your environment. Did you have `libjpeg` or `libpng` installed before building `torchvision` from source?
  warn(
dt =  0.3700394750525634
dt =  0.3700394750525634
Train Epoch: 19 [2000/60000 (3%)]	Loss: 0.102997
Train Epoch: 19 [4000/60000 (7%)]	Loss: 0.114632
Train Epoch: 19 [6000/60000 (10%)]	Loss: 0.073520
Train Epoch: 19 [8000/60000 (13%)]	Loss: 0.141255
Train Epoch: 19 [10000/60000 (17%)]	Loss: 0.101777
Train Epoch: 19 [12000/60000 (20%)]	Loss: 0.084156
Train Epoch: 19 [14000/60000 (23%)]	Loss: 0.052806
Train Epoch: 19 [16000/60000 (27%)]	Loss: 0.051380
Train Epoch: 19 [18000/60000 (30%)]	Loss: 0.113084
Train Epoch: 19 [20000/60000 (33%)]	Loss: 0.059567
Train Epoch: 19 [22000/60000 (37%)]	Loss: 0.077903
Train Epoch: 19 [24000/60000 (40%)]	Loss: 0.051948
Train Epoch: 19 [26000/60000 (43%)]	Loss: 0.029150
Train Epoch: 19 [28000/60000 (47%)]	Loss: 0.124442
Train Epoch: 19 [30000/60000 (50%)]	Loss: 0.076630
Train Epoch: 19 [32000/60000 (53%)]	Loss: 0.097716
Train Epoch: 19 [34000/60000 (57%)]	Loss: 0.094238
Train Epoch: 19 [36000/60000 (60%)]	Loss: 0.055752
Train Epoch: 19 [38000/60000 (63%)]	Loss: 0.077268
Train Epoch: 19 [40000/60000 (67%)]	Loss: 0.064709
Train Epoch: 19 [42000/60000 (70%)]	Loss: 0.060821
Train Epoch: 19 [44000/60000 (73%)]	Loss: 0.066125
Train Epoch: 19 [46000/60000 (77%)]	Loss: 0.048115
Train Epoch: 19 [48000/60000 (80%)]	Loss: 0.069981
Train Epoch: 19 [50000/60000 (83%)]	Loss: 0.039719
Train Epoch: 19 [52000/60000 (87%)]	Loss: 0.038712
Train Epoch: 19 [54000/60000 (90%)]	Loss: 0.057027
Train Epoch: 19 [56000/60000 (93%)]	Loss: 0.029135
Train Epoch: 19 [58000/60000 (97%)]	Loss: 0.122748
Train Epoch: 19 [60000/60000 (100%)]	Loss: 0.035461

Average Training loss: 0.0041, Training Error Rate: 7.40% (4439/60000)


Average Test loss: 0.0001, Test Error Rate: 6.78% (678/10000)

