/vast/home/ajherman/miniconda3/envs/pytorch/lib/python3.11/site-packages/torchvision/io/image.py:13: UserWarning: Failed to load image Python extension: '/vast/home/ajherman/miniconda3/envs/pytorch/lib/python3.11/site-packages/torchvision/image.so: undefined symbol: _ZN5torch3jit17parseSchemaOrNameERKNSt7__cxx1112basic_stringIcSt11char_traitsIcESaIcEEE'If you don't plan on using image functionality from `torchvision.io`, you can ignore this warning. Otherwise, there might be something wrong with your environment. Did you have `libjpeg` or `libpng` installed before building `torchvision` from source?
  warn(
Random seed set as 42
dt =  0.22119921692859512
trace decay =  0.5737534207374327
Random seed set as 42
Random seed set as 42
dt =  0.22119921692859512
trace decay =  0.5737534207374327
Random seed set as 42
Train Epoch: 0 [20000/60000 (33%)]	Loss: 0.434673
Train Epoch: 0 [40000/60000 (67%)]	Loss: 0.400935
Train Epoch: 0 [60000/60000 (100%)]	Loss: 0.386828

Average Training loss: 0.0021, Training Error Rate: 68.27% (40959/60000)


Average Test loss: 0.0004, Test Error Rate: 48.35% (4835/10000)

Train Epoch: 1 [20000/60000 (33%)]	Loss: 0.352985
Train Epoch: 1 [40000/60000 (67%)]	Loss: 0.340384
Train Epoch: 1 [60000/60000 (100%)]	Loss: 0.322349

Average Training loss: 0.0018, Training Error Rate: 40.05% (24033/60000)


Average Test loss: 0.0003, Test Error Rate: 32.62% (3262/10000)

Train Epoch: 2 [20000/60000 (33%)]	Loss: 0.301352
Train Epoch: 2 [40000/60000 (67%)]	Loss: 0.298930
Train Epoch: 2 [60000/60000 (100%)]	Loss: 0.300119

Average Training loss: 0.0015, Training Error Rate: 30.07% (18039/60000)


Average Test loss: 0.0003, Test Error Rate: 25.82% (2582/10000)

Train Epoch: 3 [20000/60000 (33%)]	Loss: 0.277070
Train Epoch: 3 [40000/60000 (67%)]	Loss: 0.260812
Train Epoch: 3 [60000/60000 (100%)]	Loss: 0.263939

Average Training loss: 0.0014, Training Error Rate: 25.35% (15210/60000)


Average Test loss: 0.0003, Test Error Rate: 22.61% (2261/10000)

Train Epoch: 4 [20000/60000 (33%)]	Loss: 0.258942
Train Epoch: 4 [40000/60000 (67%)]	Loss: 0.252285
Train Epoch: 4 [60000/60000 (100%)]	Loss: 0.242191

Average Training loss: 0.0013, Training Error Rate: 22.73% (13641/60000)


Average Test loss: 0.0002, Test Error Rate: 20.33% (2033/10000)

Train Epoch: 5 [20000/60000 (33%)]	Loss: 0.239760
Train Epoch: 5 [40000/60000 (67%)]	Loss: 0.242639
Train Epoch: 5 [60000/60000 (100%)]	Loss: 0.246047

Average Training loss: 0.0012, Training Error Rate: 20.98% (12587/60000)


Average Test loss: 0.0002, Test Error Rate: 19.04% (1904/10000)

Train Epoch: 6 [20000/60000 (33%)]	Loss: 0.236785
Train Epoch: 6 [40000/60000 (67%)]	Loss: 0.223167
Train Epoch: 6 [60000/60000 (100%)]	Loss: 0.220144

Average Training loss: 0.0011, Training Error Rate: 19.74% (11843/60000)


Average Test loss: 0.0002, Test Error Rate: 17.87% (1787/10000)

Train Epoch: 7 [20000/60000 (33%)]	Loss: 0.231253
Train Epoch: 7 [40000/60000 (67%)]	Loss: 0.230319
Train Epoch: 7 [60000/60000 (100%)]	Loss: 0.209606

Average Training loss: 0.0011, Training Error Rate: 18.84% (11303/60000)


Average Test loss: 0.0002, Test Error Rate: 16.96% (1696/10000)

Train Epoch: 8 [20000/60000 (33%)]	Loss: 0.195449
Train Epoch: 8 [40000/60000 (67%)]	Loss: 0.211199
Train Epoch: 8 [60000/60000 (100%)]	Loss: 0.211643

Average Training loss: 0.0011, Training Error Rate: 18.15% (10891/60000)


Average Test loss: 0.0002, Test Error Rate: 16.85% (1685/10000)

Train Epoch: 9 [20000/60000 (33%)]	Loss: 0.199544
Train Epoch: 9 [40000/60000 (67%)]	Loss: 0.196179
Train Epoch: 9 [60000/60000 (100%)]	Loss: 0.190402

Average Training loss: 0.0010, Training Error Rate: 17.54% (10522/60000)


Average Test loss: 0.0002, Test Error Rate: 16.25% (1625/10000)

Train Epoch: 10 [20000/60000 (33%)]	Loss: 0.200759
Train Epoch: 10 [40000/60000 (67%)]	Loss: 0.201628
Train Epoch: 10 [60000/60000 (100%)]	Loss: 0.192340

Average Training loss: 0.0010, Training Error Rate: 17.07% (10240/60000)


Average Test loss: 0.0002, Test Error Rate: 15.91% (1591/10000)

Train Epoch: 11 [20000/60000 (33%)]	Loss: 0.181118
Train Epoch: 11 [40000/60000 (67%)]	Loss: 0.211407
Train Epoch: 11 [60000/60000 (100%)]	Loss: 0.193997

Average Training loss: 0.0010, Training Error Rate: 16.47% (9884/60000)


Average Test loss: 0.0002, Test Error Rate: 15.44% (1544/10000)

Train Epoch: 12 [20000/60000 (33%)]	Loss: 0.201688
Train Epoch: 12 [40000/60000 (67%)]	Loss: 0.184628
Train Epoch: 12 [60000/60000 (100%)]	Loss: 0.189761

Average Training loss: 0.0010, Training Error Rate: 16.25% (9753/60000)


Average Test loss: 0.0002, Test Error Rate: 15.17% (1517/10000)

Train Epoch: 13 [20000/60000 (33%)]	Loss: 0.182972
Train Epoch: 13 [40000/60000 (67%)]	Loss: 0.197718
Train Epoch: 13 [60000/60000 (100%)]	Loss: 0.190549

Average Training loss: 0.0009, Training Error Rate: 15.96% (9576/60000)


Average Test loss: 0.0002, Test Error Rate: 14.97% (1497/10000)

Train Epoch: 14 [20000/60000 (33%)]	Loss: 0.190818
Train Epoch: 14 [40000/60000 (67%)]	Loss: 0.202636
Train Epoch: 14 [60000/60000 (100%)]	Loss: 0.180192

Average Training loss: 0.0009, Training Error Rate: 15.64% (9382/60000)


Average Test loss: 0.0002, Test Error Rate: 14.46% (1446/10000)

slurmstepd: error: *** STEP 15492314.160 ON cn432 CANCELLED AT 2023-10-03T10:57:22 ***
/vast/home/ajherman/miniconda3/envs/pytorch/lib/python3.11/site-packages/torchvision/io/image.py:13: UserWarning: Failed to load image Python extension: '/vast/home/ajherman/miniconda3/envs/pytorch/lib/python3.11/site-packages/torchvision/image.so: undefined symbol: _ZN5torch3jit17parseSchemaOrNameERKNSt7__cxx1112basic_stringIcSt11char_traitsIcESaIcEEE'If you don't plan on using image functionality from `torchvision.io`, you can ignore this warning. Otherwise, there might be something wrong with your environment. Did you have `libjpeg` or `libpng` installed before building `torchvision` from source?
  warn(
Random seed set as 42
dt =  0.22119921692859512
trace decay =  0.5737534207374327
Random seed set as 42
Random seed set as 42
dt =  0.22119921692859512
trace decay =  0.5737534207374327
Random seed set as 42
Train Epoch: 15 [20000/60000 (33%)]	Loss: 0.184125
Train Epoch: 15 [40000/60000 (67%)]	Loss: 0.186931
Train Epoch: 15 [60000/60000 (100%)]	Loss: 0.191787

Average Training loss: 0.0009, Training Error Rate: 15.42% (9252/60000)


Average Test loss: 0.0002, Test Error Rate: 14.20% (1420/10000)

Train Epoch: 16 [20000/60000 (33%)]	Loss: 0.189352
Train Epoch: 16 [40000/60000 (67%)]	Loss: 0.180275
Train Epoch: 16 [60000/60000 (100%)]	Loss: 0.166520

Average Training loss: 0.0009, Training Error Rate: 15.14% (9085/60000)


Average Test loss: 0.0002, Test Error Rate: 14.21% (1421/10000)

Train Epoch: 17 [20000/60000 (33%)]	Loss: 0.177056
Train Epoch: 17 [40000/60000 (67%)]	Loss: 0.163722
Train Epoch: 17 [60000/60000 (100%)]	Loss: 0.178433

Average Training loss: 0.0009, Training Error Rate: 14.85% (8908/60000)


Average Test loss: 0.0002, Test Error Rate: 13.44% (1344/10000)

Train Epoch: 18 [20000/60000 (33%)]	Loss: 0.183890
Train Epoch: 18 [40000/60000 (67%)]	Loss: 0.153540
Train Epoch: 18 [60000/60000 (100%)]	Loss: 0.171499

Average Training loss: 0.0009, Training Error Rate: 14.81% (8889/60000)


Average Test loss: 0.0002, Test Error Rate: 13.65% (1365/10000)

Train Epoch: 19 [20000/60000 (33%)]	Loss: 0.178773
Train Epoch: 19 [40000/60000 (67%)]	Loss: 0.167806
Train Epoch: 19 [60000/60000 (100%)]	Loss: 0.154206

Average Training loss: 0.0009, Training Error Rate: 14.54% (8723/60000)


Average Test loss: 0.0002, Test Error Rate: 13.53% (1353/10000)

Train Epoch: 20 [20000/60000 (33%)]	Loss: 0.181598
Train Epoch: 20 [40000/60000 (67%)]	Loss: 0.167833
Train Epoch: 20 [60000/60000 (100%)]	Loss: 0.175680

Average Training loss: 0.0009, Training Error Rate: 14.41% (8649/60000)


Average Test loss: 0.0002, Test Error Rate: 13.62% (1362/10000)

Train Epoch: 21 [20000/60000 (33%)]	Loss: 0.172601
Train Epoch: 21 [40000/60000 (67%)]	Loss: 0.152124
Train Epoch: 21 [60000/60000 (100%)]	Loss: 0.164555

Average Training loss: 0.0009, Training Error Rate: 14.19% (8514/60000)


Average Test loss: 0.0002, Test Error Rate: 13.05% (1305/10000)

Train Epoch: 22 [20000/60000 (33%)]	Loss: 0.178050
Train Epoch: 22 [40000/60000 (67%)]	Loss: 0.166477
Train Epoch: 22 [60000/60000 (100%)]	Loss: 0.160824

Average Training loss: 0.0008, Training Error Rate: 14.00% (8398/60000)


Average Test loss: 0.0002, Test Error Rate: 12.82% (1282/10000)

Train Epoch: 23 [20000/60000 (33%)]	Loss: 0.170484
Train Epoch: 23 [40000/60000 (67%)]	Loss: 0.157155
Train Epoch: 23 [60000/60000 (100%)]	Loss: 0.168863

Average Training loss: 0.0008, Training Error Rate: 13.93% (8358/60000)


Average Test loss: 0.0002, Test Error Rate: 13.08% (1308/10000)

Train Epoch: 24 [20000/60000 (33%)]	Loss: 0.178368
slurmstepd: error: *** STEP 15492341.218 ON cn651 CANCELLED AT 2023-10-03T11:17:53 ***
/vast/home/ajherman/miniconda3/envs/pytorch/lib/python3.11/site-packages/torchvision/io/image.py:13: UserWarning: Failed to load image Python extension: '/vast/home/ajherman/miniconda3/envs/pytorch/lib/python3.11/site-packages/torchvision/image.so: undefined symbol: _ZN5torch3jit17parseSchemaOrNameERKNSt7__cxx1112basic_stringIcSt11char_traitsIcESaIcEEE'If you don't plan on using image functionality from `torchvision.io`, you can ignore this warning. Otherwise, there might be something wrong with your environment. Did you have `libjpeg` or `libpng` installed before building `torchvision` from source?
  warn(
Random seed set as 42
dt =  0.22119921692859512
trace decay =  0.5737534207374327
Random seed set as 42
Random seed set as 42
dt =  0.22119921692859512
trace decay =  0.5737534207374327
Random seed set as 42
Train Epoch: 24 [20000/60000 (33%)]	Loss: 0.168264
Train Epoch: 24 [40000/60000 (67%)]	Loss: 0.171709
Train Epoch: 24 [60000/60000 (100%)]	Loss: 0.175241

Average Training loss: 0.0008, Training Error Rate: 13.88% (8328/60000)


Average Test loss: 0.0002, Test Error Rate: 12.86% (1286/10000)

Train Epoch: 25 [20000/60000 (33%)]	Loss: 0.173435
Train Epoch: 25 [40000/60000 (67%)]	Loss: 0.166948
Train Epoch: 25 [60000/60000 (100%)]	Loss: 0.151158

Average Training loss: 0.0008, Training Error Rate: 13.63% (8179/60000)


Average Test loss: 0.0002, Test Error Rate: 12.90% (1290/10000)

Train Epoch: 26 [20000/60000 (33%)]	Loss: 0.161825
Train Epoch: 26 [40000/60000 (67%)]	Loss: 0.147011
Train Epoch: 26 [60000/60000 (100%)]	Loss: 0.164532

Average Training loss: 0.0008, Training Error Rate: 13.51% (8103/60000)


Average Test loss: 0.0002, Test Error Rate: 12.65% (1265/10000)

Train Epoch: 27 [20000/60000 (33%)]	Loss: 0.168386
Train Epoch: 27 [40000/60000 (67%)]	Loss: 0.142830
Train Epoch: 27 [60000/60000 (100%)]	Loss: 0.158007

Average Training loss: 0.0008, Training Error Rate: 13.58% (8150/60000)


Average Test loss: 0.0002, Test Error Rate: 12.53% (1253/10000)

Train Epoch: 28 [20000/60000 (33%)]	Loss: 0.165550
Train Epoch: 28 [40000/60000 (67%)]	Loss: 0.155712
Train Epoch: 28 [60000/60000 (100%)]	Loss: 0.142144

Average Training loss: 0.0008, Training Error Rate: 13.32% (7991/60000)


Average Test loss: 0.0002, Test Error Rate: 12.60% (1260/10000)

Train Epoch: 29 [20000/60000 (33%)]	Loss: 0.169970
Train Epoch: 29 [40000/60000 (67%)]	Loss: 0.155520
Train Epoch: 29 [60000/60000 (100%)]	Loss: 0.166493

Average Training loss: 0.0008, Training Error Rate: 13.24% (7947/60000)


Average Test loss: 0.0002, Test Error Rate: 12.59% (1259/10000)

Train Epoch: 30 [20000/60000 (33%)]	Loss: 0.160220
Train Epoch: 30 [40000/60000 (67%)]	Loss: 0.142941
Train Epoch: 30 [60000/60000 (100%)]	Loss: 0.154556

Average Training loss: 0.0008, Training Error Rate: 13.19% (7912/60000)


Average Test loss: 0.0002, Test Error Rate: 12.24% (1224/10000)

Train Epoch: 31 [20000/60000 (33%)]	Loss: 0.167158
Train Epoch: 31 [40000/60000 (67%)]	Loss: 0.155609
Train Epoch: 31 [60000/60000 (100%)]	Loss: 0.151371

Average Training loss: 0.0008, Training Error Rate: 13.11% (7863/60000)


Average Test loss: 0.0002, Test Error Rate: 11.99% (1199/10000)

Train Epoch: 32 [20000/60000 (33%)]	Loss: 0.160234
Train Epoch: 32 [40000/60000 (67%)]	Loss: 0.147210
Train Epoch: 32 [60000/60000 (100%)]	Loss: 0.158885

Average Training loss: 0.0008, Training Error Rate: 12.96% (7777/60000)


Average Test loss: 0.0002, Test Error Rate: 12.06% (1206/10000)

Train Epoch: 33 [20000/60000 (33%)]	Loss: 0.167901
Train Epoch: 33 [40000/60000 (67%)]	Loss: 0.162510
Train Epoch: 33 [60000/60000 (100%)]	Loss: 0.149478

Average Training loss: 0.0008, Training Error Rate: 13.02% (7814/60000)


Average Test loss: 0.0002, Test Error Rate: 11.95% (1195/10000)

Train Epoch: 34 [20000/60000 (33%)]	Loss: 0.159960
Train Epoch: 34 [40000/60000 (67%)]	Loss: 0.141087
Train Epoch: 34 [60000/60000 (100%)]	Loss: 0.166873

Average Training loss: 0.0008, Training Error Rate: 12.79% (7675/60000)


Average Test loss: 0.0002, Test Error Rate: 12.03% (1203/10000)

Train Epoch: 35 [20000/60000 (33%)]	Loss: 0.154737
Train Epoch: 35 [40000/60000 (67%)]	Loss: 0.154379
Train Epoch: 35 [60000/60000 (100%)]	Loss: 0.145093

Average Training loss: 0.0008, Training Error Rate: 12.79% (7677/60000)


Average Test loss: 0.0002, Test Error Rate: 11.68% (1168/10000)

Train Epoch: 36 [20000/60000 (33%)]	Loss: 0.155195
Train Epoch: 36 [40000/60000 (67%)]	Loss: 0.169687
Train Epoch: 36 [60000/60000 (100%)]	Loss: 0.140068

Average Training loss: 0.0008, Training Error Rate: 12.75% (7652/60000)


Average Test loss: 0.0001, Test Error Rate: 11.84% (1184/10000)

Train Epoch: 37 [20000/60000 (33%)]	Loss: 0.154377
Train Epoch: 37 [40000/60000 (67%)]	Loss: 0.158991
Train Epoch: 37 [60000/60000 (100%)]	Loss: 0.156140

Average Training loss: 0.0008, Training Error Rate: 12.69% (7612/60000)


Average Test loss: 0.0001, Test Error Rate: 11.93% (1193/10000)

Train Epoch: 38 [20000/60000 (33%)]	Loss: 0.135481
Train Epoch: 38 [40000/60000 (67%)]	Loss: 0.154733
Train Epoch: 38 [60000/60000 (100%)]	Loss: 0.161912

Average Training loss: 0.0008, Training Error Rate: 12.62% (7572/60000)


Average Test loss: 0.0001, Test Error Rate: 11.85% (1185/10000)

Train Epoch: 39 [20000/60000 (33%)]	Loss: 0.151779
Train Epoch: 39 [40000/60000 (67%)]	Loss: 0.156853
Train Epoch: 39 [60000/60000 (100%)]	Loss: 0.160513

Average Training loss: 0.0008, Training Error Rate: 12.56% (7539/60000)


Average Test loss: 0.0001, Test Error Rate: 11.91% (1191/10000)

Train Epoch: 40 [20000/60000 (33%)]	Loss: 0.145507
Train Epoch: 40 [40000/60000 (67%)]	Loss: 0.155999
Train Epoch: 40 [60000/60000 (100%)]	Loss: 0.152504

Average Training loss: 0.0008, Training Error Rate: 12.56% (7538/60000)


Average Test loss: 0.0001, Test Error Rate: 11.57% (1157/10000)

Train Epoch: 41 [20000/60000 (33%)]	Loss: 0.159163
Train Epoch: 41 [40000/60000 (67%)]	Loss: 0.144358
Train Epoch: 41 [60000/60000 (100%)]	Loss: 0.141348

Average Training loss: 0.0008, Training Error Rate: 12.43% (7455/60000)


Average Test loss: 0.0001, Test Error Rate: 11.59% (1159/10000)

Train Epoch: 42 [20000/60000 (33%)]	Loss: 0.152335
Train Epoch: 42 [40000/60000 (67%)]	Loss: 0.132726
Train Epoch: 42 [60000/60000 (100%)]	Loss: 0.151592

Average Training loss: 0.0008, Training Error Rate: 12.42% (7454/60000)


Average Test loss: 0.0001, Test Error Rate: 11.60% (1160/10000)

Train Epoch: 43 [20000/60000 (33%)]	Loss: 0.157463
Train Epoch: 43 [40000/60000 (67%)]	Loss: 0.152017
Train Epoch: 43 [60000/60000 (100%)]	Loss: 0.157743

Average Training loss: 0.0007, Training Error Rate: 12.38% (7427/60000)


Average Test loss: 0.0001, Test Error Rate: 11.33% (1133/10000)

Train Epoch: 44 [20000/60000 (33%)]	Loss: 0.158409
Train Epoch: 44 [40000/60000 (67%)]	Loss: 0.162098
Train Epoch: 44 [60000/60000 (100%)]	Loss: 0.153212

Average Training loss: 0.0007, Training Error Rate: 12.31% (7387/60000)


Average Test loss: 0.0001, Test Error Rate: 11.54% (1154/10000)

Train Epoch: 45 [20000/60000 (33%)]	Loss: 0.139182
Train Epoch: 45 [40000/60000 (67%)]	Loss: 0.159503
Train Epoch: 45 [60000/60000 (100%)]	Loss: 0.148789

Average Training loss: 0.0007, Training Error Rate: 12.21% (7326/60000)


Average Test loss: 0.0001, Test Error Rate: 11.63% (1163/10000)

Train Epoch: 46 [20000/60000 (33%)]	Loss: 0.162110
Train Epoch: 46 [40000/60000 (67%)]	Loss: 0.167441
Train Epoch: 46 [60000/60000 (100%)]	Loss: 0.142816

Average Training loss: 0.0007, Training Error Rate: 12.17% (7300/60000)


Average Test loss: 0.0001, Test Error Rate: 11.33% (1133/10000)

Train Epoch: 47 [20000/60000 (33%)]	Loss: 0.146883
Train Epoch: 47 [40000/60000 (67%)]	Loss: 0.145102
Train Epoch: 47 [60000/60000 (100%)]	Loss: 0.134817

Average Training loss: 0.0007, Training Error Rate: 12.11% (7266/60000)


Average Test loss: 0.0001, Test Error Rate: 11.05% (1105/10000)

Train Epoch: 48 [20000/60000 (33%)]	Loss: 0.150768
Train Epoch: 48 [40000/60000 (67%)]	Loss: 0.138414
Train Epoch: 48 [60000/60000 (100%)]	Loss: 0.142612

Average Training loss: 0.0007, Training Error Rate: 12.13% (7280/60000)


Average Test loss: 0.0001, Test Error Rate: 11.19% (1119/10000)

Train Epoch: 49 [20000/60000 (33%)]	Loss: 0.156342
Train Epoch: 49 [40000/60000 (67%)]	Loss: 0.155700
Train Epoch: 49 [60000/60000 (100%)]	Loss: 0.133846

Average Training loss: 0.0007, Training Error Rate: 12.01% (7203/60000)


Average Test loss: 0.0001, Test Error Rate: 10.93% (1093/10000)

Train Epoch: 50 [20000/60000 (33%)]	Loss: 0.151533
Train Epoch: 50 [40000/60000 (67%)]	Loss: 0.151492
Train Epoch: 50 [60000/60000 (100%)]	Loss: 0.131761

Average Training loss: 0.0007, Training Error Rate: 12.11% (7265/60000)


Average Test loss: 0.0001, Test Error Rate: 11.28% (1128/10000)

Train Epoch: 51 [20000/60000 (33%)]	Loss: 0.138685
Train Epoch: 51 [40000/60000 (67%)]	Loss: 0.130110
Train Epoch: 51 [60000/60000 (100%)]	Loss: 0.150149

Average Training loss: 0.0007, Training Error Rate: 11.93% (7160/60000)


Average Test loss: 0.0001, Test Error Rate: 11.01% (1101/10000)

Train Epoch: 52 [20000/60000 (33%)]	Loss: 0.152246
Train Epoch: 52 [40000/60000 (67%)]	Loss: 0.149190
Train Epoch: 52 [60000/60000 (100%)]	Loss: 0.155782

Average Training loss: 0.0007, Training Error Rate: 11.91% (7145/60000)


Average Test loss: 0.0001, Test Error Rate: 10.87% (1087/10000)

Train Epoch: 53 [20000/60000 (33%)]	Loss: 0.156216
Train Epoch: 53 [40000/60000 (67%)]	Loss: 0.148448
Train Epoch: 53 [60000/60000 (100%)]	Loss: 0.136759

Average Training loss: 0.0007, Training Error Rate: 11.86% (7113/60000)


Average Test loss: 0.0001, Test Error Rate: 10.89% (1089/10000)

Train Epoch: 54 [20000/60000 (33%)]	Loss: 0.144944
Train Epoch: 54 [40000/60000 (67%)]	Loss: 0.137826
Train Epoch: 54 [60000/60000 (100%)]	Loss: 0.131320

Average Training loss: 0.0007, Training Error Rate: 11.83% (7096/60000)


Average Test loss: 0.0001, Test Error Rate: 11.04% (1104/10000)

Train Epoch: 55 [20000/60000 (33%)]	Loss: 0.140540
Train Epoch: 55 [40000/60000 (67%)]	Loss: 0.166340
Train Epoch: 55 [60000/60000 (100%)]	Loss: 0.136505

Average Training loss: 0.0007, Training Error Rate: 11.70% (7017/60000)


Average Test loss: 0.0001, Test Error Rate: 10.89% (1089/10000)

Train Epoch: 56 [20000/60000 (33%)]	Loss: 0.127430
Train Epoch: 56 [40000/60000 (67%)]	Loss: 0.139417
Train Epoch: 56 [60000/60000 (100%)]	Loss: 0.146834

Average Training loss: 0.0007, Training Error Rate: 11.73% (7040/60000)


Average Test loss: 0.0001, Test Error Rate: 10.87% (1087/10000)

Train Epoch: 57 [20000/60000 (33%)]	Loss: 0.137496
Train Epoch: 57 [40000/60000 (67%)]	Loss: 0.137051
Train Epoch: 57 [60000/60000 (100%)]	Loss: 0.149577

Average Training loss: 0.0007, Training Error Rate: 11.71% (7023/60000)


Average Test loss: 0.0001, Test Error Rate: 11.06% (1106/10000)

slurmstepd: error: *** STEP 15492359.208 ON cn652 CANCELLED AT 2023-10-03T12:06:28 ***
/vast/home/ajherman/miniconda3/envs/pytorch/lib/python3.11/site-packages/torchvision/io/image.py:13: UserWarning: Failed to load image Python extension: '/vast/home/ajherman/miniconda3/envs/pytorch/lib/python3.11/site-packages/torchvision/image.so: undefined symbol: _ZN5torch3jit17parseSchemaOrNameERKNSt7__cxx1112basic_stringIcSt11char_traitsIcESaIcEEE'If you don't plan on using image functionality from `torchvision.io`, you can ignore this warning. Otherwise, there might be something wrong with your environment. Did you have `libjpeg` or `libpng` installed before building `torchvision` from source?
  warn(
Random seed set as 42
dt =  0.22119921692859512
trace decay =  0.5737534207374327
Random seed set as 42
Random seed set as 42
dt =  0.22119921692859512
trace decay =  0.5737534207374327
Random seed set as 42
Train Epoch: 58 [20000/60000 (33%)]	Loss: 0.139284
Train Epoch: 58 [40000/60000 (67%)]	Loss: 0.145960
Train Epoch: 58 [60000/60000 (100%)]	Loss: 0.147675

Average Training loss: 0.0007, Training Error Rate: 11.60% (6960/60000)


Average Test loss: 0.0001, Test Error Rate: 10.88% (1088/10000)

Train Epoch: 59 [20000/60000 (33%)]	Loss: 0.151104
Train Epoch: 59 [40000/60000 (67%)]	Loss: 0.138302
Train Epoch: 59 [60000/60000 (100%)]	Loss: 0.126567

Average Training loss: 0.0007, Training Error Rate: 11.51% (6908/60000)


Average Test loss: 0.0001, Test Error Rate: 10.93% (1093/10000)

Train Epoch: 60 [20000/60000 (33%)]	Loss: 0.142098
Train Epoch: 60 [40000/60000 (67%)]	Loss: 0.122374
Train Epoch: 60 [60000/60000 (100%)]	Loss: 0.141071

Average Training loss: 0.0007, Training Error Rate: 11.60% (6957/60000)


Average Test loss: 0.0001, Test Error Rate: 10.92% (1092/10000)

Train Epoch: 61 [20000/60000 (33%)]	Loss: 0.140909
Train Epoch: 61 [40000/60000 (67%)]	Loss: 0.124855
Train Epoch: 61 [60000/60000 (100%)]	Loss: 0.136330

Average Training loss: 0.0007, Training Error Rate: 11.51% (6906/60000)


Average Test loss: 0.0001, Test Error Rate: 10.63% (1063/10000)

Train Epoch: 62 [20000/60000 (33%)]	Loss: 0.136948
Train Epoch: 62 [40000/60000 (67%)]	Loss: 0.135768
Train Epoch: 62 [60000/60000 (100%)]	Loss: 0.116609

Average Training loss: 0.0007, Training Error Rate: 11.45% (6869/60000)


Average Test loss: 0.0001, Test Error Rate: 10.78% (1078/10000)

Train Epoch: 63 [20000/60000 (33%)]	Loss: 0.142467
Train Epoch: 63 [40000/60000 (67%)]	Loss: 0.137906
Train Epoch: 63 [60000/60000 (100%)]	Loss: 0.152881

Average Training loss: 0.0007, Training Error Rate: 11.48% (6890/60000)


Average Test loss: 0.0001, Test Error Rate: 10.61% (1061/10000)

Train Epoch: 64 [20000/60000 (33%)]	Loss: 0.136489
Train Epoch: 64 [40000/60000 (67%)]	Loss: 0.125486
Train Epoch: 64 [60000/60000 (100%)]	Loss: 0.129968

Average Training loss: 0.0007, Training Error Rate: 11.47% (6881/60000)


Average Test loss: 0.0001, Test Error Rate: 10.61% (1061/10000)

Train Epoch: 65 [20000/60000 (33%)]	Loss: 0.147649
Train Epoch: 65 [40000/60000 (67%)]	Loss: 0.131799
Train Epoch: 65 [60000/60000 (100%)]	Loss: 0.133620

Average Training loss: 0.0007, Training Error Rate: 11.42% (6853/60000)


Average Test loss: 0.0001, Test Error Rate: 10.68% (1068/10000)

Train Epoch: 66 [20000/60000 (33%)]	Loss: 0.136936
Train Epoch: 66 [40000/60000 (67%)]	Loss: 0.124927
Train Epoch: 66 [60000/60000 (100%)]	Loss: 0.132900

Average Training loss: 0.0007, Training Error Rate: 11.27% (6762/60000)


Average Test loss: 0.0001, Test Error Rate: 10.29% (1029/10000)

Train Epoch: 67 [20000/60000 (33%)]	Loss: 0.146642
Train Epoch: 67 [40000/60000 (67%)]	Loss: 0.138304
Train Epoch: 67 [60000/60000 (100%)]	Loss: 0.131369

Average Training loss: 0.0007, Training Error Rate: 11.31% (6789/60000)


Average Test loss: 0.0001, Test Error Rate: 10.51% (1051/10000)

Train Epoch: 68 [20000/60000 (33%)]	Loss: 0.137918
Train Epoch: 68 [40000/60000 (67%)]	Loss: 0.124242
Train Epoch: 68 [60000/60000 (100%)]	Loss: 0.146521

Average Training loss: 0.0007, Training Error Rate: 11.26% (6755/60000)


Average Test loss: 0.0001, Test Error Rate: 10.58% (1058/10000)

Train Epoch: 69 [20000/60000 (33%)]	Loss: 0.134275
Train Epoch: 69 [40000/60000 (67%)]	Loss: 0.130957
Train Epoch: 69 [60000/60000 (100%)]	Loss: 0.126652

Average Training loss: 0.0007, Training Error Rate: 11.23% (6740/60000)


Average Test loss: 0.0001, Test Error Rate: 10.47% (1047/10000)

Train Epoch: 70 [20000/60000 (33%)]	Loss: 0.128788
Train Epoch: 70 [40000/60000 (67%)]	Loss: 0.147331
Train Epoch: 70 [60000/60000 (100%)]	Loss: 0.118757

Average Training loss: 0.0007, Training Error Rate: 11.17% (6701/60000)


Average Test loss: 0.0001, Test Error Rate: 10.55% (1055/10000)

Train Epoch: 71 [20000/60000 (33%)]	Loss: 0.125611
Train Epoch: 71 [40000/60000 (67%)]	Loss: 0.137020
Train Epoch: 71 [60000/60000 (100%)]	Loss: 0.135132

Average Training loss: 0.0007, Training Error Rate: 11.19% (6714/60000)


Average Test loss: 0.0001, Test Error Rate: 10.33% (1033/10000)

Train Epoch: 72 [20000/60000 (33%)]	Loss: 0.114139
Train Epoch: 72 [40000/60000 (67%)]	Loss: 0.135747
Train Epoch: 72 [60000/60000 (100%)]	Loss: 0.138118

Average Training loss: 0.0007, Training Error Rate: 11.20% (6721/60000)


Average Test loss: 0.0001, Test Error Rate: 10.39% (1039/10000)

Train Epoch: 73 [20000/60000 (33%)]	Loss: 0.127542
Train Epoch: 73 [40000/60000 (67%)]	Loss: 0.138407
Train Epoch: 73 [60000/60000 (100%)]	Loss: 0.138303

Average Training loss: 0.0007, Training Error Rate: 11.11% (6668/60000)


Average Test loss: 0.0001, Test Error Rate: 10.20% (1020/10000)

Train Epoch: 74 [20000/60000 (33%)]	Loss: 0.129430
Train Epoch: 74 [40000/60000 (67%)]	Loss: 0.134883
Train Epoch: 74 [60000/60000 (100%)]	Loss: 0.131999

Average Training loss: 0.0007, Training Error Rate: 10.96% (6577/60000)


Average Test loss: 0.0001, Test Error Rate: 10.23% (1023/10000)

Train Epoch: 75 [20000/60000 (33%)]	Loss: 0.143385
Train Epoch: 75 [40000/60000 (67%)]	Loss: 0.122514
Train Epoch: 75 [60000/60000 (100%)]	Loss: 0.125897

Average Training loss: 0.0007, Training Error Rate: 10.99% (6594/60000)


Average Test loss: 0.0001, Test Error Rate: 10.21% (1021/10000)

Train Epoch: 76 [20000/60000 (33%)]	Loss: 0.134686
Train Epoch: 76 [40000/60000 (67%)]	Loss: 0.115607
Train Epoch: 76 [60000/60000 (100%)]	Loss: 0.135235

Average Training loss: 0.0007, Training Error Rate: 11.06% (6635/60000)


Average Test loss: 0.0001, Test Error Rate: 10.25% (1025/10000)

Train Epoch: 77 [20000/60000 (33%)]	Loss: 0.139343
Train Epoch: 77 [40000/60000 (67%)]	Loss: 0.135327
Train Epoch: 77 [60000/60000 (100%)]	Loss: 0.146013

Average Training loss: 0.0007, Training Error Rate: 10.93% (6560/60000)


Average Test loss: 0.0001, Test Error Rate: 10.17% (1017/10000)

Train Epoch: 78 [20000/60000 (33%)]	Loss: 0.136538
Train Epoch: 78 [40000/60000 (67%)]	Loss: 0.143698
Train Epoch: 78 [60000/60000 (100%)]	Loss: 0.129986

Average Training loss: 0.0007, Training Error Rate: 10.96% (6577/60000)


Average Test loss: 0.0001, Test Error Rate: 9.94% (994/10000)

Train Epoch: 79 [20000/60000 (33%)]	Loss: 0.118843
Train Epoch: 79 [40000/60000 (67%)]	Loss: 0.138595
Train Epoch: 79 [60000/60000 (100%)]	Loss: 0.132325

Average Training loss: 0.0006, Training Error Rate: 10.95% (6570/60000)


Average Test loss: 0.0001, Test Error Rate: 10.17% (1017/10000)

Train Epoch: 80 [20000/60000 (33%)]	Loss: 0.142040
Train Epoch: 80 [40000/60000 (67%)]	Loss: 0.151010
Train Epoch: 80 [60000/60000 (100%)]	Loss: 0.128598

Average Training loss: 0.0006, Training Error Rate: 10.93% (6556/60000)


Average Test loss: 0.0001, Test Error Rate: 9.96% (996/10000)

Train Epoch: 81 [20000/60000 (33%)]	Loss: 0.130133
Train Epoch: 81 [40000/60000 (67%)]	Loss: 0.125204
Train Epoch: 81 [60000/60000 (100%)]	Loss: 0.121124

Average Training loss: 0.0006, Training Error Rate: 10.90% (6539/60000)


Average Test loss: 0.0001, Test Error Rate: 10.23% (1023/10000)

Train Epoch: 82 [20000/60000 (33%)]	Loss: 0.133315
Train Epoch: 82 [40000/60000 (67%)]	Loss: 0.118795
Train Epoch: 82 [60000/60000 (100%)]	Loss: 0.122993

Average Training loss: 0.0006, Training Error Rate: 10.78% (6470/60000)


Average Test loss: 0.0001, Test Error Rate: 10.06% (1006/10000)

Train Epoch: 83 [20000/60000 (33%)]	Loss: 0.141621
Train Epoch: 83 [40000/60000 (67%)]	Loss: 0.138144
Train Epoch: 83 [60000/60000 (100%)]	Loss: 0.122293

Average Training loss: 0.0006, Training Error Rate: 10.77% (6461/60000)


Average Test loss: 0.0001, Test Error Rate: 10.24% (1024/10000)

Train Epoch: 84 [20000/60000 (33%)]	Loss: 0.133672
Train Epoch: 84 [40000/60000 (67%)]	Loss: 0.134880
Train Epoch: 84 [60000/60000 (100%)]	Loss: 0.120995

Average Training loss: 0.0006, Training Error Rate: 10.71% (6424/60000)


Average Test loss: 0.0001, Test Error Rate: 9.87% (987/10000)

Train Epoch: 85 [20000/60000 (33%)]	Loss: 0.124857
Train Epoch: 85 [40000/60000 (67%)]	Loss: 0.114702
Train Epoch: 85 [60000/60000 (100%)]	Loss: 0.130434

Average Training loss: 0.0006, Training Error Rate: 10.65% (6390/60000)


Average Test loss: 0.0001, Test Error Rate: 9.88% (988/10000)

Train Epoch: 86 [20000/60000 (33%)]	Loss: 0.135203
Train Epoch: 86 [40000/60000 (67%)]	Loss: 0.130134
Train Epoch: 86 [60000/60000 (100%)]	Loss: 0.138452

Average Training loss: 0.0006, Training Error Rate: 10.66% (6395/60000)


Average Test loss: 0.0001, Test Error Rate: 9.93% (993/10000)

Train Epoch: 87 [20000/60000 (33%)]	Loss: 0.136092
Train Epoch: 87 [40000/60000 (67%)]	Loss: 0.129422
Train Epoch: 87 [60000/60000 (100%)]	Loss: 0.120200

Average Training loss: 0.0006, Training Error Rate: 10.68% (6405/60000)


Average Test loss: 0.0001, Test Error Rate: 9.91% (991/10000)

Train Epoch: 88 [20000/60000 (33%)]	Loss: 0.128847
Train Epoch: 88 [40000/60000 (67%)]	Loss: 0.119480
Train Epoch: 88 [60000/60000 (100%)]	Loss: 0.115215

Average Training loss: 0.0006, Training Error Rate: 10.63% (6378/60000)


Average Test loss: 0.0001, Test Error Rate: 9.72% (972/10000)

Train Epoch: 89 [20000/60000 (33%)]	Loss: 0.121384
Train Epoch: 89 [40000/60000 (67%)]	Loss: 0.143922
Train Epoch: 89 [60000/60000 (100%)]	Loss: 0.119181

Average Training loss: 0.0006, Training Error Rate: 10.53% (6318/60000)


Average Test loss: 0.0001, Test Error Rate: 10.12% (1012/10000)

Train Epoch: 90 [20000/60000 (33%)]	Loss: 0.112648
Train Epoch: 90 [40000/60000 (67%)]	Loss: 0.126101
Train Epoch: 90 [60000/60000 (100%)]	Loss: 0.131407

Average Training loss: 0.0006, Training Error Rate: 10.60% (6357/60000)


Average Test loss: 0.0001, Test Error Rate: 9.93% (993/10000)

Train Epoch: 91 [20000/60000 (33%)]	Loss: 0.126497
Train Epoch: 91 [40000/60000 (67%)]	Loss: 0.117636
Train Epoch: 91 [60000/60000 (100%)]	Loss: 0.132626

Average Training loss: 0.0006, Training Error Rate: 10.59% (6355/60000)


Average Test loss: 0.0001, Test Error Rate: 9.85% (985/10000)

Train Epoch: 92 [20000/60000 (33%)]	Loss: 0.138181
Train Epoch: 92 [40000/60000 (67%)]	Loss: 0.128481
Train Epoch: 92 [60000/60000 (100%)]	Loss: 0.123528

Average Training loss: 0.0006, Training Error Rate: 10.45% (6271/60000)


Average Test loss: 0.0001, Test Error Rate: 9.89% (989/10000)

Train Epoch: 93 [20000/60000 (33%)]	Loss: 0.143603
Train Epoch: 93 [40000/60000 (67%)]	Loss: 0.104737
Train Epoch: 93 [60000/60000 (100%)]	Loss: 0.130618

Average Training loss: 0.0006, Training Error Rate: 10.44% (6264/60000)


Average Test loss: 0.0001, Test Error Rate: 9.84% (984/10000)

Train Epoch: 94 [20000/60000 (33%)]	Loss: 0.120763
Train Epoch: 94 [40000/60000 (67%)]	Loss: 0.124176
Train Epoch: 94 [60000/60000 (100%)]	Loss: 0.137128

Average Training loss: 0.0006, Training Error Rate: 10.46% (6278/60000)


Average Test loss: 0.0001, Test Error Rate: 9.68% (968/10000)

Train Epoch: 95 [20000/60000 (33%)]	Loss: 0.111813
Train Epoch: 95 [40000/60000 (67%)]	Loss: 0.130265
Train Epoch: 95 [60000/60000 (100%)]	Loss: 0.130822

Average Training loss: 0.0006, Training Error Rate: 10.46% (6276/60000)


Average Test loss: 0.0001, Test Error Rate: 9.91% (991/10000)

Train Epoch: 96 [20000/60000 (33%)]	Loss: 0.126852
Train Epoch: 96 [40000/60000 (67%)]	Loss: 0.120944
Train Epoch: 96 [60000/60000 (100%)]	Loss: 0.111434

Average Training loss: 0.0006, Training Error Rate: 10.39% (6237/60000)


Average Test loss: 0.0001, Test Error Rate: 9.59% (959/10000)

Train Epoch: 97 [20000/60000 (33%)]	Loss: 0.120032
Train Epoch: 97 [40000/60000 (67%)]	Loss: 0.117447
Train Epoch: 97 [60000/60000 (100%)]	Loss: 0.113952

Average Training loss: 0.0006, Training Error Rate: 10.35% (6212/60000)


Average Test loss: 0.0001, Test Error Rate: 9.62% (962/10000)

Train Epoch: 98 [20000/60000 (33%)]	Loss: 0.134580
Train Epoch: 98 [40000/60000 (67%)]	Loss: 0.125616
Train Epoch: 98 [60000/60000 (100%)]	Loss: 0.124525

Average Training loss: 0.0006, Training Error Rate: 10.39% (6235/60000)


Average Test loss: 0.0001, Test Error Rate: 9.62% (962/10000)

Train Epoch: 99 [20000/60000 (33%)]	Loss: 0.132512
Train Epoch: 99 [40000/60000 (67%)]	Loss: 0.123163
Train Epoch: 99 [60000/60000 (100%)]	Loss: 0.132251

Average Training loss: 0.0006, Training Error Rate: 10.32% (6191/60000)


Average Test loss: 0.0001, Test Error Rate: 9.65% (965/10000)

Train Epoch: 100 [20000/60000 (33%)]	Loss: 0.114799
Train Epoch: 100 [40000/60000 (67%)]	Loss: 0.130038
Train Epoch: 100 [60000/60000 (100%)]	Loss: 0.138219

Average Training loss: 0.0006, Training Error Rate: 10.32% (6194/60000)


Average Test loss: 0.0001, Test Error Rate: 9.71% (971/10000)

Train Epoch: 101 [20000/60000 (33%)]	Loss: 0.134895
Train Epoch: 101 [40000/60000 (67%)]	Loss: 0.129484
Train Epoch: 101 [60000/60000 (100%)]	Loss: 0.106778

Average Training loss: 0.0006, Training Error Rate: 10.30% (6181/60000)


Average Test loss: 0.0001, Test Error Rate: 9.50% (950/10000)

Train Epoch: 102 [20000/60000 (33%)]	Loss: 0.107893
Train Epoch: 102 [40000/60000 (67%)]	Loss: 0.098620
Train Epoch: 102 [60000/60000 (100%)]	Loss: 0.105624

Average Training loss: 0.0006, Training Error Rate: 10.26% (6153/60000)


Average Test loss: 0.0001, Test Error Rate: 9.71% (971/10000)

Train Epoch: 103 [20000/60000 (33%)]	Loss: 0.117780
Train Epoch: 103 [40000/60000 (67%)]	Loss: 0.126241
Train Epoch: 103 [60000/60000 (100%)]	Loss: 0.117743

Average Training loss: 0.0006, Training Error Rate: 10.26% (6155/60000)


Average Test loss: 0.0001, Test Error Rate: 9.70% (970/10000)

Train Epoch: 104 [20000/60000 (33%)]	Loss: 0.094558
Train Epoch: 104 [40000/60000 (67%)]	Loss: 0.138436
Train Epoch: 104 [60000/60000 (100%)]	Loss: 0.135035

Average Training loss: 0.0006, Training Error Rate: 10.28% (6167/60000)


Average Test loss: 0.0001, Test Error Rate: 9.50% (950/10000)

Train Epoch: 105 [20000/60000 (33%)]	Loss: 0.128943
Train Epoch: 105 [40000/60000 (67%)]	Loss: 0.117475
Train Epoch: 105 [60000/60000 (100%)]	Loss: 0.114816

Average Training loss: 0.0006, Training Error Rate: 10.14% (6086/60000)


Average Test loss: 0.0001, Test Error Rate: 9.41% (941/10000)

Train Epoch: 106 [20000/60000 (33%)]	Loss: 0.117210
Train Epoch: 106 [40000/60000 (67%)]	Loss: 0.107760
Train Epoch: 106 [60000/60000 (100%)]	Loss: 0.110292

Average Training loss: 0.0006, Training Error Rate: 10.18% (6108/60000)


Average Test loss: 0.0001, Test Error Rate: 9.50% (950/10000)

Train Epoch: 107 [20000/60000 (33%)]	Loss: 0.117251
Train Epoch: 107 [40000/60000 (67%)]	Loss: 0.125827
Train Epoch: 107 [60000/60000 (100%)]	Loss: 0.123118

Average Training loss: 0.0006, Training Error Rate: 10.15% (6088/60000)


Average Test loss: 0.0001, Test Error Rate: 9.60% (960/10000)

Train Epoch: 108 [20000/60000 (33%)]	Loss: 0.110795
Train Epoch: 108 [40000/60000 (67%)]	Loss: 0.107900
Train Epoch: 108 [60000/60000 (100%)]	Loss: 0.121677

Average Training loss: 0.0006, Training Error Rate: 10.16% (6095/60000)


Average Test loss: 0.0001, Test Error Rate: 9.44% (944/10000)

Train Epoch: 109 [20000/60000 (33%)]	Loss: 0.122264
Train Epoch: 109 [40000/60000 (67%)]	Loss: 0.130333
Train Epoch: 109 [60000/60000 (100%)]	Loss: 0.126348

Average Training loss: 0.0006, Training Error Rate: 10.15% (6089/60000)


Average Test loss: 0.0001, Test Error Rate: 9.38% (938/10000)

Train Epoch: 110 [20000/60000 (33%)]	Loss: 0.127128
Train Epoch: 110 [40000/60000 (67%)]	Loss: 0.119005
Train Epoch: 110 [60000/60000 (100%)]	Loss: 0.122777

Average Training loss: 0.0006, Training Error Rate: 10.12% (6071/60000)


Average Test loss: 0.0001, Test Error Rate: 9.32% (932/10000)

Train Epoch: 111 [20000/60000 (33%)]	Loss: 0.119865
slurmstepd: error: *** STEP 15492439.176 ON cn441 CANCELLED AT 2023-10-03T13:46:28 ***
/vast/home/ajherman/miniconda3/envs/pytorch/lib/python3.11/site-packages/torchvision/io/image.py:13: UserWarning: Failed to load image Python extension: '/vast/home/ajherman/miniconda3/envs/pytorch/lib/python3.11/site-packages/torchvision/image.so: undefined symbol: _ZN5torch3jit17parseSchemaOrNameERKNSt7__cxx1112basic_stringIcSt11char_traitsIcESaIcEEE'If you don't plan on using image functionality from `torchvision.io`, you can ignore this warning. Otherwise, there might be something wrong with your environment. Did you have `libjpeg` or `libpng` installed before building `torchvision` from source?
  warn(
Random seed set as 42
dt =  0.22119921692859512
trace decay =  0.5737534207374327
Random seed set as 42
Random seed set as 42
dt =  0.22119921692859512
trace decay =  0.5737534207374327
Random seed set as 42
Train Epoch: 111 [20000/60000 (33%)]	Loss: 0.116142
Train Epoch: 111 [40000/60000 (67%)]	Loss: 0.121934
Train Epoch: 111 [60000/60000 (100%)]	Loss: 0.122827

Average Training loss: 0.0006, Training Error Rate: 10.04% (6024/60000)


Average Test loss: 0.0001, Test Error Rate: 9.48% (948/10000)

Train Epoch: 112 [20000/60000 (33%)]	Loss: 0.127475
Train Epoch: 112 [40000/60000 (67%)]	Loss: 0.117827
Train Epoch: 112 [60000/60000 (100%)]	Loss: 0.104513

Average Training loss: 0.0006, Training Error Rate: 10.05% (6030/60000)


Average Test loss: 0.0001, Test Error Rate: 9.43% (943/10000)

Train Epoch: 113 [20000/60000 (33%)]	Loss: 0.118007
Train Epoch: 113 [40000/60000 (67%)]	Loss: 0.098352
Train Epoch: 113 [60000/60000 (100%)]	Loss: 0.117632

Average Training loss: 0.0006, Training Error Rate: 10.00% (6001/60000)


Average Test loss: 0.0001, Test Error Rate: 9.27% (927/10000)

Train Epoch: 114 [20000/60000 (33%)]	Loss: 0.116866
Train Epoch: 114 [40000/60000 (67%)]	Loss: 0.105316
Train Epoch: 114 [60000/60000 (100%)]	Loss: 0.115377

Average Training loss: 0.0006, Training Error Rate: 9.94% (5964/60000)


Average Test loss: 0.0001, Test Error Rate: 9.31% (931/10000)

Train Epoch: 115 [20000/60000 (33%)]	Loss: 0.115306
Train Epoch: 115 [40000/60000 (67%)]	Loss: 0.116740
Train Epoch: 115 [60000/60000 (100%)]	Loss: 0.096340

Average Training loss: 0.0006, Training Error Rate: 10.00% (5998/60000)


Average Test loss: 0.0001, Test Error Rate: 9.40% (940/10000)

Train Epoch: 116 [20000/60000 (33%)]	Loss: 0.119004
Train Epoch: 116 [40000/60000 (67%)]	Loss: 0.116649
Train Epoch: 116 [60000/60000 (100%)]	Loss: 0.132546

Average Training loss: 0.0006, Training Error Rate: 9.91% (5948/60000)


Average Test loss: 0.0001, Test Error Rate: 9.19% (919/10000)

Train Epoch: 117 [20000/60000 (33%)]	Loss: 0.115237
Train Epoch: 117 [40000/60000 (67%)]	Loss: 0.106437
Train Epoch: 117 [60000/60000 (100%)]	Loss: 0.107697

Average Training loss: 0.0006, Training Error Rate: 10.00% (6002/60000)


Average Test loss: 0.0001, Test Error Rate: 9.02% (902/10000)

Train Epoch: 118 [20000/60000 (33%)]	Loss: 0.127317
Train Epoch: 118 [40000/60000 (67%)]	Loss: 0.108367
Train Epoch: 118 [60000/60000 (100%)]	Loss: 0.114364

Average Training loss: 0.0006, Training Error Rate: 9.95% (5967/60000)


Average Test loss: 0.0001, Test Error Rate: 9.34% (934/10000)

Train Epoch: 119 [20000/60000 (33%)]	Loss: 0.113761
Train Epoch: 119 [40000/60000 (67%)]	Loss: 0.105949
Train Epoch: 119 [60000/60000 (100%)]	Loss: 0.111913

Average Training loss: 0.0006, Training Error Rate: 9.90% (5940/60000)


Average Test loss: 0.0001, Test Error Rate: 8.98% (898/10000)

Train Epoch: 120 [20000/60000 (33%)]	Loss: 0.126277
Train Epoch: 120 [40000/60000 (67%)]	Loss: 0.118401
Train Epoch: 120 [60000/60000 (100%)]	Loss: 0.110895

Average Training loss: 0.0006, Training Error Rate: 9.83% (5897/60000)


Average Test loss: 0.0001, Test Error Rate: 9.13% (913/10000)

Train Epoch: 121 [20000/60000 (33%)]	Loss: 0.116794
Train Epoch: 121 [40000/60000 (67%)]	Loss: 0.106464
Train Epoch: 121 [60000/60000 (100%)]	Loss: 0.127215

Average Training loss: 0.0006, Training Error Rate: 9.89% (5933/60000)


Average Test loss: 0.0001, Test Error Rate: 9.23% (923/10000)

Train Epoch: 122 [20000/60000 (33%)]	Loss: 0.115373
Train Epoch: 122 [40000/60000 (67%)]	Loss: 0.110932
Train Epoch: 122 [60000/60000 (100%)]	Loss: 0.106420

Average Training loss: 0.0006, Training Error Rate: 9.80% (5880/60000)


Average Test loss: 0.0001, Test Error Rate: 9.23% (923/10000)

Train Epoch: 123 [20000/60000 (33%)]	Loss: 0.108794
Train Epoch: 123 [40000/60000 (67%)]	Loss: 0.128729
Train Epoch: 123 [60000/60000 (100%)]	Loss: 0.099178

Average Training loss: 0.0006, Training Error Rate: 9.85% (5911/60000)


Average Test loss: 0.0001, Test Error Rate: 9.19% (919/10000)

Train Epoch: 124 [20000/60000 (33%)]	Loss: 0.106677
Train Epoch: 124 [40000/60000 (67%)]	Loss: 0.116375
Train Epoch: 124 [60000/60000 (100%)]	Loss: 0.115317

Average Training loss: 0.0006, Training Error Rate: 9.77% (5862/60000)


Average Test loss: 0.0001, Test Error Rate: 9.26% (926/10000)

Train Epoch: 125 [20000/60000 (33%)]	Loss: 0.096712
Train Epoch: 125 [40000/60000 (67%)]	Loss: 0.117292
Train Epoch: 125 [60000/60000 (100%)]	Loss: 0.117057

Average Training loss: 0.0006, Training Error Rate: 9.80% (5878/60000)


Average Test loss: 0.0001, Test Error Rate: 9.09% (909/10000)

Train Epoch: 126 [20000/60000 (33%)]	Loss: 0.105470
Train Epoch: 126 [40000/60000 (67%)]	Loss: 0.119016
Train Epoch: 126 [60000/60000 (100%)]	Loss: 0.119644

Average Training loss: 0.0006, Training Error Rate: 9.71% (5824/60000)


Average Test loss: 0.0001, Test Error Rate: 9.01% (901/10000)

Train Epoch: 127 [20000/60000 (33%)]	Loss: 0.109249
Train Epoch: 127 [40000/60000 (67%)]	Loss: 0.115278
Train Epoch: 127 [60000/60000 (100%)]	Loss: 0.112318

Average Training loss: 0.0006, Training Error Rate: 9.65% (5790/60000)


Average Test loss: 0.0001, Test Error Rate: 9.04% (904/10000)

Train Epoch: 128 [20000/60000 (33%)]	Loss: 0.123195
slurmstepd: error: *** STEP 15492551.168 ON cn433 CANCELLED AT 2023-10-03T14:17:52 ***
