/vast/home/ajherman/miniconda3/envs/pytorch/lib/python3.11/site-packages/torchvision/io/image.py:13: UserWarning: Failed to load image Python extension: '/vast/home/ajherman/miniconda3/envs/pytorch/lib/python3.11/site-packages/torchvision/image.so: undefined symbol: _ZN5torch3jit17parseSchemaOrNameERKNSt7__cxx1112basic_stringIcSt11char_traitsIcESaIcEEE'If you don't plan on using image functionality from `torchvision.io`, you can ignore this warning. Otherwise, there might be something wrong with your environment. Did you have `libjpeg` or `libpng` installed before building `torchvision` from source?
  warn(
Random seed set as 42
dt =  0.3934693402873666
trace decay =  0.5737534207374327
Random seed set as 42
Random seed set as 42
dt =  0.3934693402873666
trace decay =  0.5737534207374327
Random seed set as 42
Train Epoch: 0 [20000/60000 (33%)]	Loss: 0.429093
Train Epoch: 0 [40000/60000 (67%)]	Loss: 0.406152
Train Epoch: 0 [60000/60000 (100%)]	Loss: 0.366227

Average Training loss: 0.0021, Training Error Rate: 66.50% (39899/60000)


Average Test loss: 0.0004, Test Error Rate: 45.95% (4595/10000)

Train Epoch: 1 [20000/60000 (33%)]	Loss: 0.344430
Train Epoch: 1 [40000/60000 (67%)]	Loss: 0.317286
Train Epoch: 1 [60000/60000 (100%)]	Loss: 0.295291

Average Training loss: 0.0017, Training Error Rate: 38.48% (23085/60000)


Average Test loss: 0.0003, Test Error Rate: 31.58% (3158/10000)

Train Epoch: 2 [20000/60000 (33%)]	Loss: 0.275404
Train Epoch: 2 [40000/60000 (67%)]	Loss: 0.279736
Train Epoch: 2 [60000/60000 (100%)]	Loss: 0.275029

Average Training loss: 0.0014, Training Error Rate: 29.21% (17529/60000)


Average Test loss: 0.0003, Test Error Rate: 25.14% (2514/10000)

Train Epoch: 3 [20000/60000 (33%)]	Loss: 0.261130
Train Epoch: 3 [40000/60000 (67%)]	Loss: 0.240920
Train Epoch: 3 [60000/60000 (100%)]	Loss: 0.245708

Average Training loss: 0.0013, Training Error Rate: 24.67% (14802/60000)


Average Test loss: 0.0002, Test Error Rate: 21.84% (2184/10000)

Train Epoch: 4 [20000/60000 (33%)]	Loss: 0.240215
Train Epoch: 4 [40000/60000 (67%)]	Loss: 0.242885
Train Epoch: 4 [60000/60000 (100%)]	Loss: 0.229957

Average Training loss: 0.0012, Training Error Rate: 22.29% (13375/60000)


Average Test loss: 0.0002, Test Error Rate: 20.21% (2021/10000)

Train Epoch: 5 [20000/60000 (33%)]	Loss: 0.219080
Train Epoch: 5 [40000/60000 (67%)]	Loss: 0.218790
Train Epoch: 5 [60000/60000 (100%)]	Loss: 0.233760

Average Training loss: 0.0011, Training Error Rate: 20.51% (12306/60000)


Average Test loss: 0.0002, Test Error Rate: 19.07% (1907/10000)

Train Epoch: 6 [20000/60000 (33%)]	Loss: 0.220410
Train Epoch: 6 [40000/60000 (67%)]	Loss: 0.208554
Train Epoch: 6 [60000/60000 (100%)]	Loss: 0.195620

Average Training loss: 0.0011, Training Error Rate: 19.39% (11631/60000)


Average Test loss: 0.0002, Test Error Rate: 17.82% (1782/10000)

Train Epoch: 7 [20000/60000 (33%)]	Loss: 0.213129
Train Epoch: 7 [40000/60000 (67%)]	Loss: 0.226308
Train Epoch: 7 [60000/60000 (100%)]	Loss: 0.198595

Average Training loss: 0.0010, Training Error Rate: 18.51% (11106/60000)


Average Test loss: 0.0002, Test Error Rate: 17.19% (1719/10000)

Train Epoch: 8 [20000/60000 (33%)]	Loss: 0.181879
Train Epoch: 8 [40000/60000 (67%)]	Loss: 0.195852
Train Epoch: 8 [60000/60000 (100%)]	Loss: 0.194686

Average Training loss: 0.0010, Training Error Rate: 17.62% (10573/60000)


Average Test loss: 0.0002, Test Error Rate: 16.34% (1634/10000)

Train Epoch: 9 [20000/60000 (33%)]	Loss: 0.192825
Train Epoch: 9 [40000/60000 (67%)]	Loss: 0.186931
Train Epoch: 9 [60000/60000 (100%)]	Loss: 0.177506

Average Training loss: 0.0010, Training Error Rate: 17.29% (10372/60000)


Average Test loss: 0.0002, Test Error Rate: 15.70% (1570/10000)

Train Epoch: 10 [20000/60000 (33%)]	Loss: 0.185929
Train Epoch: 10 [40000/60000 (67%)]	Loss: 0.181932
Train Epoch: 10 [60000/60000 (100%)]	Loss: 0.178445

Average Training loss: 0.0009, Training Error Rate: 16.79% (10071/60000)


Average Test loss: 0.0002, Test Error Rate: 15.72% (1572/10000)

Train Epoch: 11 [20000/60000 (33%)]	Loss: 0.164106
Train Epoch: 11 [40000/60000 (67%)]	Loss: 0.196310
Train Epoch: 11 [60000/60000 (100%)]	Loss: 0.176244

Average Training loss: 0.0009, Training Error Rate: 16.26% (9758/60000)


Average Test loss: 0.0002, Test Error Rate: 14.92% (1492/10000)

Train Epoch: 12 [20000/60000 (33%)]	Loss: 0.195673
Train Epoch: 12 [40000/60000 (67%)]	Loss: 0.170411
Train Epoch: 12 [60000/60000 (100%)]	Loss: 0.168818

Average Training loss: 0.0009, Training Error Rate: 15.92% (9551/60000)


Average Test loss: 0.0002, Test Error Rate: 14.62% (1462/10000)

Train Epoch: 13 [20000/60000 (33%)]	Loss: 0.167738
Train Epoch: 13 [40000/60000 (67%)]	Loss: 0.180479
Train Epoch: 13 [60000/60000 (100%)]	Loss: 0.174759

Average Training loss: 0.0009, Training Error Rate: 15.66% (9399/60000)


Average Test loss: 0.0002, Test Error Rate: 14.55% (1455/10000)

Train Epoch: 14 [20000/60000 (33%)]	Loss: 0.181383
Train Epoch: 14 [40000/60000 (67%)]	Loss: 0.191412
Train Epoch: 14 [60000/60000 (100%)]	Loss: 0.171236

Average Training loss: 0.0009, Training Error Rate: 15.21% (9124/60000)


Average Test loss: 0.0002, Test Error Rate: 14.20% (1420/10000)

Train Epoch: 15 [20000/60000 (33%)]	Loss: 0.179550
Train Epoch: 15 [40000/60000 (67%)]	Loss: 0.178936
Train Epoch: 15 [60000/60000 (100%)]	Loss: 0.170108

Average Training loss: 0.0008, Training Error Rate: 14.95% (8970/60000)


Average Test loss: 0.0002, Test Error Rate: 14.02% (1402/10000)

Train Epoch: 16 [20000/60000 (33%)]	Loss: 0.166415
Train Epoch: 16 [40000/60000 (67%)]	Loss: 0.182204
Train Epoch: 16 [60000/60000 (100%)]	Loss: 0.160376

Average Training loss: 0.0008, Training Error Rate: 14.59% (8756/60000)


Average Test loss: 0.0002, Test Error Rate: 13.58% (1358/10000)

Train Epoch: 17 [20000/60000 (33%)]	Loss: 0.169114
Train Epoch: 17 [40000/60000 (67%)]	Loss: 0.169864
Train Epoch: 17 [60000/60000 (100%)]	Loss: 0.157819

Average Training loss: 0.0008, Training Error Rate: 14.37% (8619/60000)


Average Test loss: 0.0002, Test Error Rate: 13.81% (1381/10000)

Train Epoch: 18 [20000/60000 (33%)]	Loss: 0.145085
Train Epoch: 18 [40000/60000 (67%)]	Loss: 0.172247
Train Epoch: 18 [60000/60000 (100%)]	Loss: 0.156598

Average Training loss: 0.0008, Training Error Rate: 14.39% (8632/60000)


Average Test loss: 0.0002, Test Error Rate: 13.44% (1344/10000)

Train Epoch: 19 [20000/60000 (33%)]	Loss: 0.175585
Train Epoch: 19 [40000/60000 (67%)]	Loss: 0.160306
Train Epoch: 19 [60000/60000 (100%)]	Loss: 0.158826

Average Training loss: 0.0008, Training Error Rate: 14.02% (8410/60000)


Average Test loss: 0.0002, Test Error Rate: 13.06% (1306/10000)

Train Epoch: 20 [20000/60000 (33%)]	Loss: 0.159132
Train Epoch: 20 [40000/60000 (67%)]	Loss: 0.172452
Train Epoch: 20 [60000/60000 (100%)]	Loss: 0.154496

Average Training loss: 0.0008, Training Error Rate: 13.91% (8345/60000)


Average Test loss: 0.0002, Test Error Rate: 12.95% (1295/10000)

Train Epoch: 21 [20000/60000 (33%)]	Loss: 0.157068
Train Epoch: 21 [40000/60000 (67%)]	Loss: 0.157195
Train Epoch: 21 [60000/60000 (100%)]	Loss: 0.164725

Average Training loss: 0.0008, Training Error Rate: 13.88% (8328/60000)


Average Test loss: 0.0002, Test Error Rate: 12.41% (1241/10000)

Train Epoch: 22 [20000/60000 (33%)]	Loss: 0.155898
Train Epoch: 22 [40000/60000 (67%)]	Loss: 0.172444
Train Epoch: 22 [60000/60000 (100%)]	Loss: 0.176552

Average Training loss: 0.0008, Training Error Rate: 13.53% (8119/60000)


Average Test loss: 0.0002, Test Error Rate: 12.44% (1244/10000)

Train Epoch: 23 [20000/60000 (33%)]	Loss: 0.157515
Train Epoch: 23 [40000/60000 (67%)]	Loss: 0.162474
Train Epoch: 23 [60000/60000 (100%)]	Loss: 0.148080

Average Training loss: 0.0008, Training Error Rate: 13.51% (8104/60000)


Average Test loss: 0.0002, Test Error Rate: 12.65% (1265/10000)

Train Epoch: 24 [20000/60000 (33%)]	Loss: 0.151013
Train Epoch: 24 [40000/60000 (67%)]	Loss: 0.173538
Train Epoch: 24 [60000/60000 (100%)]	Loss: 0.153438

Average Training loss: 0.0008, Training Error Rate: 13.37% (8021/60000)


Average Test loss: 0.0001, Test Error Rate: 12.38% (1238/10000)

Train Epoch: 25 [20000/60000 (33%)]	Loss: 0.165061
Train Epoch: 25 [40000/60000 (67%)]	Loss: 0.148848
Train Epoch: 25 [60000/60000 (100%)]	Loss: 0.147806

Average Training loss: 0.0008, Training Error Rate: 13.28% (7965/60000)


Average Test loss: 0.0001, Test Error Rate: 12.32% (1232/10000)

Train Epoch: 26 [20000/60000 (33%)]	Loss: 0.159834
Train Epoch: 26 [40000/60000 (67%)]	Loss: 0.149185
Train Epoch: 26 [60000/60000 (100%)]	Loss: 0.134310

Average Training loss: 0.0008, Training Error Rate: 13.09% (7856/60000)


Average Test loss: 0.0001, Test Error Rate: 12.24% (1224/10000)

Train Epoch: 27 [20000/60000 (33%)]	Loss: 0.121956
Train Epoch: 27 [40000/60000 (67%)]	Loss: 0.153894
Train Epoch: 27 [60000/60000 (100%)]	Loss: 0.157485

Average Training loss: 0.0008, Training Error Rate: 13.06% (7838/60000)


Average Test loss: 0.0001, Test Error Rate: 11.95% (1195/10000)

Train Epoch: 28 [20000/60000 (33%)]	Loss: 0.145767
Train Epoch: 28 [40000/60000 (67%)]	Loss: 0.134118
Train Epoch: 28 [60000/60000 (100%)]	Loss: 0.150028

Average Training loss: 0.0007, Training Error Rate: 12.94% (7761/60000)


Average Test loss: 0.0001, Test Error Rate: 12.00% (1200/10000)

Train Epoch: 29 [20000/60000 (33%)]	Loss: 0.160645
Train Epoch: 29 [40000/60000 (67%)]	Loss: 0.155886
Train Epoch: 29 [60000/60000 (100%)]	Loss: 0.148558

Average Training loss: 0.0007, Training Error Rate: 12.85% (7707/60000)


Average Test loss: 0.0001, Test Error Rate: 11.90% (1190/10000)

Train Epoch: 30 [20000/60000 (33%)]	Loss: 0.136105
Train Epoch: 30 [40000/60000 (67%)]	Loss: 0.146098
Train Epoch: 30 [60000/60000 (100%)]	Loss: 0.160924

Average Training loss: 0.0007, Training Error Rate: 12.54% (7527/60000)


Average Test loss: 0.0001, Test Error Rate: 11.91% (1191/10000)

Train Epoch: 31 [20000/60000 (33%)]	Loss: 0.158325
Train Epoch: 31 [40000/60000 (67%)]	Loss: 0.140467
Train Epoch: 31 [60000/60000 (100%)]	Loss: 0.142678

Average Training loss: 0.0007, Training Error Rate: 12.67% (7600/60000)


Average Test loss: 0.0001, Test Error Rate: 11.45% (1145/10000)

Train Epoch: 32 [20000/60000 (33%)]	Loss: 0.127554
Train Epoch: 32 [40000/60000 (67%)]	Loss: 0.147861
Train Epoch: 32 [60000/60000 (100%)]	Loss: 0.136126

Average Training loss: 0.0007, Training Error Rate: 12.61% (7564/60000)


Average Test loss: 0.0001, Test Error Rate: 11.45% (1145/10000)

Train Epoch: 33 [20000/60000 (33%)]	Loss: 0.156406
Train Epoch: 33 [40000/60000 (67%)]	Loss: 0.133069
Train Epoch: 33 [60000/60000 (100%)]	Loss: 0.144673

Average Training loss: 0.0007, Training Error Rate: 12.63% (7581/60000)


Average Test loss: 0.0001, Test Error Rate: 11.71% (1171/10000)

Train Epoch: 34 [20000/60000 (33%)]	Loss: 0.121014
Train Epoch: 34 [40000/60000 (67%)]	Loss: 0.151351
Train Epoch: 34 [60000/60000 (100%)]	Loss: 0.137290

Average Training loss: 0.0007, Training Error Rate: 12.43% (7458/60000)


Average Test loss: 0.0001, Test Error Rate: 11.96% (1196/10000)

Train Epoch: 35 [20000/60000 (33%)]	Loss: 0.124440
Train Epoch: 35 [40000/60000 (67%)]	Loss: 0.148558
Train Epoch: 35 [60000/60000 (100%)]	Loss: 0.129402

Average Training loss: 0.0007, Training Error Rate: 12.33% (7399/60000)


Average Test loss: 0.0001, Test Error Rate: 11.57% (1157/10000)

Train Epoch: 36 [20000/60000 (33%)]	Loss: 0.125954
Train Epoch: 36 [40000/60000 (67%)]	Loss: 0.133927
Train Epoch: 36 [60000/60000 (100%)]	Loss: 0.134904

Average Training loss: 0.0007, Training Error Rate: 12.31% (7389/60000)


Average Test loss: 0.0001, Test Error Rate: 11.35% (1135/10000)

Train Epoch: 37 [20000/60000 (33%)]	Loss: 0.144684
Train Epoch: 37 [40000/60000 (67%)]	Loss: 0.117995
Train Epoch: 37 [60000/60000 (100%)]	Loss: 0.155065

Average Training loss: 0.0007, Training Error Rate: 12.28% (7369/60000)


Average Test loss: 0.0001, Test Error Rate: 11.21% (1121/10000)

Train Epoch: 38 [20000/60000 (33%)]	Loss: 0.142895
Train Epoch: 38 [40000/60000 (67%)]	Loss: 0.119542
Train Epoch: 38 [60000/60000 (100%)]	Loss: 0.147691

Average Training loss: 0.0007, Training Error Rate: 12.05% (7232/60000)


Average Test loss: 0.0001, Test Error Rate: 11.25% (1125/10000)

Train Epoch: 39 [20000/60000 (33%)]	Loss: 0.141387
Train Epoch: 39 [40000/60000 (67%)]	Loss: 0.141097
Train Epoch: 39 [60000/60000 (100%)]	Loss: 0.153666

Average Training loss: 0.0007, Training Error Rate: 12.11% (7263/60000)


Average Test loss: 0.0001, Test Error Rate: 11.01% (1101/10000)

Train Epoch: 40 [20000/60000 (33%)]	Loss: 0.134266
Train Epoch: 40 [40000/60000 (67%)]	Loss: 0.141113
Train Epoch: 40 [60000/60000 (100%)]	Loss: 0.143945

Average Training loss: 0.0007, Training Error Rate: 11.86% (7114/60000)


Average Test loss: 0.0001, Test Error Rate: 10.90% (1090/10000)

Train Epoch: 41 [20000/60000 (33%)]	Loss: 0.121029
Train Epoch: 41 [40000/60000 (67%)]	Loss: 0.137617
Train Epoch: 41 [60000/60000 (100%)]	Loss: 0.153277

Average Training loss: 0.0007, Training Error Rate: 11.86% (7114/60000)


Average Test loss: 0.0001, Test Error Rate: 10.84% (1084/10000)

Train Epoch: 42 [20000/60000 (33%)]	Loss: 0.139854
Train Epoch: 42 [40000/60000 (67%)]	Loss: 0.151629
Train Epoch: 42 [60000/60000 (100%)]	Loss: 0.142921

Average Training loss: 0.0007, Training Error Rate: 11.81% (7086/60000)


Average Test loss: 0.0001, Test Error Rate: 10.93% (1093/10000)

Train Epoch: 43 [20000/60000 (33%)]	Loss: 0.140248
Train Epoch: 43 [40000/60000 (67%)]	Loss: 0.138216
Train Epoch: 43 [60000/60000 (100%)]	Loss: 0.124184

Average Training loss: 0.0007, Training Error Rate: 11.78% (7067/60000)


Average Test loss: 0.0001, Test Error Rate: 10.81% (1081/10000)

Train Epoch: 44 [20000/60000 (33%)]	Loss: 0.126275
Train Epoch: 44 [40000/60000 (67%)]	Loss: 0.147598
Train Epoch: 44 [60000/60000 (100%)]	Loss: 0.134673

Average Training loss: 0.0007, Training Error Rate: 11.68% (7008/60000)


Average Test loss: 0.0001, Test Error Rate: 10.53% (1053/10000)

Train Epoch: 45 [20000/60000 (33%)]	Loss: 0.132901
Train Epoch: 45 [40000/60000 (67%)]	Loss: 0.131329
Train Epoch: 45 [60000/60000 (100%)]	Loss: 0.130347

Average Training loss: 0.0007, Training Error Rate: 11.73% (7038/60000)


Average Test loss: 0.0001, Test Error Rate: 10.82% (1082/10000)

Train Epoch: 46 [20000/60000 (33%)]	Loss: 0.143252
Train Epoch: 46 [40000/60000 (67%)]	Loss: 0.150135
Train Epoch: 46 [60000/60000 (100%)]	Loss: 0.119719

Average Training loss: 0.0007, Training Error Rate: 11.52% (6912/60000)


Average Test loss: 0.0001, Test Error Rate: 10.87% (1087/10000)

Train Epoch: 47 [20000/60000 (33%)]	Loss: 0.124184
Train Epoch: 47 [40000/60000 (67%)]	Loss: 0.140947
Train Epoch: 47 [60000/60000 (100%)]	Loss: 0.142736

Average Training loss: 0.0007, Training Error Rate: 11.58% (6946/60000)


Average Test loss: 0.0001, Test Error Rate: 10.77% (1077/10000)

Train Epoch: 48 [20000/60000 (33%)]	Loss: 0.138515
Train Epoch: 48 [40000/60000 (67%)]	Loss: 0.124978
Train Epoch: 48 [60000/60000 (100%)]	Loss: 0.123415

Average Training loss: 0.0007, Training Error Rate: 11.45% (6868/60000)


Average Test loss: 0.0001, Test Error Rate: 10.74% (1074/10000)

Train Epoch: 49 [20000/60000 (33%)]	Loss: 0.146046
Train Epoch: 49 [40000/60000 (67%)]	Loss: 0.121034
Train Epoch: 49 [60000/60000 (100%)]	Loss: 0.127246

Average Training loss: 0.0007, Training Error Rate: 11.32% (6790/60000)


Average Test loss: 0.0001, Test Error Rate: 10.75% (1075/10000)

Train Epoch: 50 [20000/60000 (33%)]	Loss: 0.128130
Train Epoch: 50 [40000/60000 (67%)]	Loss: 0.138577
Train Epoch: 50 [60000/60000 (100%)]	Loss: 0.128131

Average Training loss: 0.0007, Training Error Rate: 11.27% (6764/60000)


Average Test loss: 0.0001, Test Error Rate: 10.61% (1061/10000)

Train Epoch: 51 [20000/60000 (33%)]	Loss: 0.131787
Train Epoch: 51 [40000/60000 (67%)]	Loss: 0.141946
Train Epoch: 51 [60000/60000 (100%)]	Loss: 0.113966

Average Training loss: 0.0007, Training Error Rate: 11.40% (6843/60000)


Average Test loss: 0.0001, Test Error Rate: 10.26% (1026/10000)

Train Epoch: 52 [20000/60000 (33%)]	Loss: 0.123211
Train Epoch: 52 [40000/60000 (67%)]	Loss: 0.142735
Train Epoch: 52 [60000/60000 (100%)]	Loss: 0.135371

Average Training loss: 0.0006, Training Error Rate: 11.07% (6640/60000)


Average Test loss: 0.0001, Test Error Rate: 10.53% (1053/10000)

Train Epoch: 53 [20000/60000 (33%)]	Loss: 0.127280
Train Epoch: 53 [40000/60000 (67%)]	Loss: 0.126904
Train Epoch: 53 [60000/60000 (100%)]	Loss: 0.138621

Average Training loss: 0.0006, Training Error Rate: 11.13% (6679/60000)


Average Test loss: 0.0001, Test Error Rate: 10.41% (1041/10000)

Train Epoch: 54 [20000/60000 (33%)]	Loss: 0.119346
Train Epoch: 54 [40000/60000 (67%)]	Loss: 0.128723
Train Epoch: 54 [60000/60000 (100%)]	Loss: 0.117508

Average Training loss: 0.0006, Training Error Rate: 10.98% (6588/60000)


Average Test loss: 0.0001, Test Error Rate: 10.41% (1041/10000)

Train Epoch: 55 [20000/60000 (33%)]	Loss: 0.124377
Train Epoch: 55 [40000/60000 (67%)]	Loss: 0.116232
Train Epoch: 55 [60000/60000 (100%)]	Loss: 0.128458

Average Training loss: 0.0006, Training Error Rate: 11.08% (6650/60000)


Average Test loss: 0.0001, Test Error Rate: 10.08% (1008/10000)

Train Epoch: 56 [20000/60000 (33%)]	Loss: 0.131126
Train Epoch: 56 [40000/60000 (67%)]	Loss: 0.128059
Train Epoch: 56 [60000/60000 (100%)]	Loss: 0.131436

Average Training loss: 0.0006, Training Error Rate: 11.01% (6608/60000)


Average Test loss: 0.0001, Test Error Rate: 10.10% (1010/10000)

Train Epoch: 57 [20000/60000 (33%)]	Loss: 0.122229
Train Epoch: 57 [40000/60000 (67%)]	Loss: 0.135330
Train Epoch: 57 [60000/60000 (100%)]	Loss: 0.124078

Average Training loss: 0.0006, Training Error Rate: 10.96% (6575/60000)


Average Test loss: 0.0001, Test Error Rate: 10.28% (1028/10000)

Train Epoch: 58 [20000/60000 (33%)]	Loss: 0.145512
Train Epoch: 58 [40000/60000 (67%)]	Loss: 0.107572
Train Epoch: 58 [60000/60000 (100%)]	Loss: 0.117059

Average Training loss: 0.0006, Training Error Rate: 10.96% (6574/60000)


Average Test loss: 0.0001, Test Error Rate: 9.96% (996/10000)

Train Epoch: 59 [20000/60000 (33%)]	Loss: 0.129243
Train Epoch: 59 [40000/60000 (67%)]	Loss: 0.122054
Train Epoch: 59 [60000/60000 (100%)]	Loss: 0.127353

Average Training loss: 0.0006, Training Error Rate: 10.92% (6554/60000)


Average Test loss: 0.0001, Test Error Rate: 10.17% (1017/10000)

Train Epoch: 60 [20000/60000 (33%)]	Loss: 0.115003
Train Epoch: 60 [40000/60000 (67%)]	Loss: 0.133446
Train Epoch: 60 [60000/60000 (100%)]	Loss: 0.105336

Average Training loss: 0.0006, Training Error Rate: 10.91% (6547/60000)


Average Test loss: 0.0001, Test Error Rate: 10.18% (1018/10000)

Train Epoch: 61 [20000/60000 (33%)]	Loss: 0.112461
Train Epoch: 61 [40000/60000 (67%)]	Loss: 0.139678
Train Epoch: 61 [60000/60000 (100%)]	Loss: 0.110088

Average Training loss: 0.0006, Training Error Rate: 10.80% (6478/60000)


Average Test loss: 0.0001, Test Error Rate: 9.95% (995/10000)

Train Epoch: 62 [20000/60000 (33%)]	Loss: 0.128142
Train Epoch: 62 [40000/60000 (67%)]	Loss: 0.110006
Train Epoch: 62 [60000/60000 (100%)]	Loss: 0.150591

Average Training loss: 0.0006, Training Error Rate: 10.73% (6441/60000)


Average Test loss: 0.0001, Test Error Rate: 10.04% (1004/10000)

Train Epoch: 63 [20000/60000 (33%)]	Loss: 0.122812
Train Epoch: 63 [40000/60000 (67%)]	Loss: 0.128224
Train Epoch: 63 [60000/60000 (100%)]	Loss: 0.132799

Average Training loss: 0.0006, Training Error Rate: 10.66% (6397/60000)


Average Test loss: 0.0001, Test Error Rate: 10.10% (1010/10000)

Train Epoch: 64 [20000/60000 (33%)]	Loss: 0.123457
Train Epoch: 64 [40000/60000 (67%)]	Loss: 0.104808
Train Epoch: 64 [60000/60000 (100%)]	Loss: 0.125995

Average Training loss: 0.0006, Training Error Rate: 10.74% (6446/60000)


Average Test loss: 0.0001, Test Error Rate: 9.85% (985/10000)

Train Epoch: 65 [20000/60000 (33%)]	Loss: 0.120998
Train Epoch: 65 [40000/60000 (67%)]	Loss: 0.120386
Train Epoch: 65 [60000/60000 (100%)]	Loss: 0.123369

Average Training loss: 0.0006, Training Error Rate: 10.69% (6413/60000)


Average Test loss: 0.0001, Test Error Rate: 9.90% (990/10000)

Train Epoch: 66 [20000/60000 (33%)]	Loss: 0.119158
Train Epoch: 66 [40000/60000 (67%)]	Loss: 0.120558
Train Epoch: 66 [60000/60000 (100%)]	Loss: 0.112470

Average Training loss: 0.0006, Training Error Rate: 10.56% (6336/60000)


Average Test loss: 0.0001, Test Error Rate: 9.61% (961/10000)

Train Epoch: 67 [20000/60000 (33%)]	Loss: 0.120937
Train Epoch: 67 [40000/60000 (67%)]	Loss: 0.123436
Train Epoch: 67 [60000/60000 (100%)]	Loss: 0.110539

Average Training loss: 0.0006, Training Error Rate: 10.58% (6347/60000)


Average Test loss: 0.0001, Test Error Rate: 9.95% (995/10000)

Train Epoch: 68 [20000/60000 (33%)]	Loss: 0.121859
Train Epoch: 68 [40000/60000 (67%)]	Loss: 0.113825
Train Epoch: 68 [60000/60000 (100%)]	Loss: 0.120404

Average Training loss: 0.0006, Training Error Rate: 10.54% (6321/60000)


Average Test loss: 0.0001, Test Error Rate: 9.45% (945/10000)

Train Epoch: 69 [20000/60000 (33%)]	Loss: 0.138214
Train Epoch: 69 [40000/60000 (67%)]	Loss: 0.106559
Train Epoch: 69 [60000/60000 (100%)]	Loss: 0.121541

Average Training loss: 0.0006, Training Error Rate: 10.44% (6262/60000)


Average Test loss: 0.0001, Test Error Rate: 9.69% (969/10000)

Train Epoch: 70 [20000/60000 (33%)]	Loss: 0.127080
Train Epoch: 70 [40000/60000 (67%)]	Loss: 0.119130
Train Epoch: 70 [60000/60000 (100%)]	Loss: 0.119142

Average Training loss: 0.0006, Training Error Rate: 10.34% (6204/60000)


Average Test loss: 0.0001, Test Error Rate: 9.93% (993/10000)

Train Epoch: 71 [20000/60000 (33%)]	Loss: 0.115397
slurmstepd: error: *** STEP 15491790.167 ON cn430 CANCELLED AT 2023-10-02T20:55:05 ***
