/vast/home/ajherman/miniconda3/envs/pytorch/lib/python3.11/site-packages/torchvision/io/image.py:13: UserWarning: Failed to load image Python extension: '/vast/home/ajherman/miniconda3/envs/pytorch/lib/python3.11/site-packages/torchvision/image.so: undefined symbol: _ZN5torch3jit17parseSchemaOrNameERKNSt7__cxx1112basic_stringIcSt11char_traitsIcESaIcEEE'If you don't plan on using image functionality from `torchvision.io`, you can ignore this warning. Otherwise, there might be something wrong with your environment. Did you have `libjpeg` or `libpng` installed before building `torchvision` from source?
  warn(
Random seed set as 42
dt =  0.22119921692859512
trace decay =  0.5737534207374327
Random seed set as 42
Random seed set as 42
dt =  0.22119921692859512
trace decay =  0.5737534207374327
Random seed set as 42
Train Epoch: 0 [20000/60000 (33%)]	Loss: 0.379276
Train Epoch: 0 [40000/60000 (67%)]	Loss: 0.318268
Train Epoch: 0 [60000/60000 (100%)]	Loss: 0.284212

Average Training loss: 0.0018, Training Error Rate: 48.03% (28820/60000)


Average Test loss: 0.0003, Test Error Rate: 27.27% (2727/10000)

Train Epoch: 1 [20000/60000 (33%)]	Loss: 0.253624
Train Epoch: 1 [40000/60000 (67%)]	Loss: 0.235470
Train Epoch: 1 [60000/60000 (100%)]	Loss: 0.210032

Average Training loss: 0.0012, Training Error Rate: 24.20% (14519/60000)


Average Test loss: 0.0002, Test Error Rate: 20.72% (2072/10000)

Train Epoch: 2 [20000/60000 (33%)]	Loss: 0.204987
Train Epoch: 2 [40000/60000 (67%)]	Loss: 0.194496
Train Epoch: 2 [60000/60000 (100%)]	Loss: 0.203867

Average Training loss: 0.0010, Training Error Rate: 19.55% (11728/60000)


Average Test loss: 0.0002, Test Error Rate: 16.91% (1691/10000)

Train Epoch: 3 [20000/60000 (33%)]	Loss: 0.187208
Train Epoch: 3 [40000/60000 (67%)]	Loss: 0.174133
Train Epoch: 3 [60000/60000 (100%)]	Loss: 0.173982

Average Training loss: 0.0009, Training Error Rate: 17.41% (10447/60000)


Average Test loss: 0.0002, Test Error Rate: 15.39% (1539/10000)

Train Epoch: 4 [20000/60000 (33%)]	Loss: 0.175089
Train Epoch: 4 [40000/60000 (67%)]	Loss: 0.177638
Train Epoch: 4 [60000/60000 (100%)]	Loss: 0.166478

Average Training loss: 0.0009, Training Error Rate: 16.16% (9696/60000)


Average Test loss: 0.0002, Test Error Rate: 14.29% (1429/10000)

Train Epoch: 5 [20000/60000 (33%)]	Loss: 0.162373
Train Epoch: 5 [40000/60000 (67%)]	Loss: 0.159891
Train Epoch: 5 [60000/60000 (100%)]	Loss: 0.175532

Average Training loss: 0.0008, Training Error Rate: 15.12% (9074/60000)


Average Test loss: 0.0002, Test Error Rate: 14.75% (1475/10000)

Train Epoch: 6 [20000/60000 (33%)]	Loss: 0.165720
Train Epoch: 6 [40000/60000 (67%)]	Loss: 0.156180
Train Epoch: 6 [60000/60000 (100%)]	Loss: 0.141199

Average Training loss: 0.0008, Training Error Rate: 14.69% (8811/60000)


Average Test loss: 0.0001, Test Error Rate: 13.35% (1335/10000)

Train Epoch: 7 [20000/60000 (33%)]	Loss: 0.164947
Train Epoch: 7 [40000/60000 (67%)]	Loss: 0.164528
Train Epoch: 7 [60000/60000 (100%)]	Loss: 0.148007

Average Training loss: 0.0008, Training Error Rate: 13.96% (8379/60000)


Average Test loss: 0.0001, Test Error Rate: 13.10% (1310/10000)

Train Epoch: 8 [20000/60000 (33%)]	Loss: 0.134947
Train Epoch: 8 [40000/60000 (67%)]	Loss: 0.157028
Train Epoch: 8 [60000/60000 (100%)]	Loss: 0.139498

Average Training loss: 0.0007, Training Error Rate: 13.59% (8154/60000)


Average Test loss: 0.0001, Test Error Rate: 12.37% (1237/10000)

Train Epoch: 9 [20000/60000 (33%)]	Loss: 0.136623
Train Epoch: 9 [40000/60000 (67%)]	Loss: 0.131864
Train Epoch: 9 [60000/60000 (100%)]	Loss: 0.134375

Average Training loss: 0.0007, Training Error Rate: 13.26% (7957/60000)


Average Test loss: 0.0001, Test Error Rate: 12.28% (1228/10000)

Train Epoch: 10 [20000/60000 (33%)]	Loss: 0.146066
Train Epoch: 10 [40000/60000 (67%)]	Loss: 0.136925
Train Epoch: 10 [60000/60000 (100%)]	Loss: 0.126415

Average Training loss: 0.0007, Training Error Rate: 12.88% (7730/60000)


Average Test loss: 0.0001, Test Error Rate: 11.95% (1195/10000)

Train Epoch: 11 [20000/60000 (33%)]	Loss: 0.120331
Train Epoch: 11 [40000/60000 (67%)]	Loss: 0.149179
Train Epoch: 11 [60000/60000 (100%)]	Loss: 0.132247

Average Training loss: 0.0007, Training Error Rate: 12.71% (7623/60000)


Average Test loss: 0.0001, Test Error Rate: 11.67% (1167/10000)

Train Epoch: 12 [20000/60000 (33%)]	Loss: 0.149571
Train Epoch: 12 [40000/60000 (67%)]	Loss: 0.125042
Train Epoch: 12 [60000/60000 (100%)]	Loss: 0.126006

Average Training loss: 0.0007, Training Error Rate: 12.49% (7492/60000)


Average Test loss: 0.0001, Test Error Rate: 11.79% (1179/10000)

Train Epoch: 13 [20000/60000 (33%)]	Loss: 0.116441
Train Epoch: 13 [40000/60000 (67%)]	Loss: 0.134022
Train Epoch: 13 [60000/60000 (100%)]	Loss: 0.121251

Average Training loss: 0.0007, Training Error Rate: 12.22% (7335/60000)


Average Test loss: 0.0001, Test Error Rate: 11.28% (1128/10000)

Train Epoch: 14 [20000/60000 (33%)]	Loss: 0.137213
Train Epoch: 14 [40000/60000 (67%)]	Loss: 0.147739
Train Epoch: 14 [60000/60000 (100%)]	Loss: 0.129069

Average Training loss: 0.0006, Training Error Rate: 12.01% (7203/60000)


Average Test loss: 0.0001, Test Error Rate: 10.97% (1097/10000)

Train Epoch: 15 [20000/60000 (33%)]	Loss: 0.137043
Train Epoch: 15 [40000/60000 (67%)]	Loss: 0.140809
Train Epoch: 15 [60000/60000 (100%)]	Loss: 0.131833

Average Training loss: 0.0006, Training Error Rate: 11.95% (7170/60000)


Average Test loss: 0.0001, Test Error Rate: 11.05% (1105/10000)

Train Epoch: 16 [20000/60000 (33%)]	Loss: 0.129347
Train Epoch: 16 [40000/60000 (67%)]	Loss: 0.133390
Train Epoch: 16 [60000/60000 (100%)]	Loss: 0.120865

Average Training loss: 0.0006, Training Error Rate: 11.75% (7050/60000)


Average Test loss: 0.0001, Test Error Rate: 10.74% (1074/10000)

Train Epoch: 17 [20000/60000 (33%)]	Loss: 0.133730
