/vast/home/ajherman/miniconda3/envs/pytorch/lib/python3.11/site-packages/torchvision/io/image.py:13: UserWarning: Failed to load image Python extension: '/vast/home/ajherman/miniconda3/envs/pytorch/lib/python3.11/site-packages/torchvision/image.so: undefined symbol: _ZN5torch3jit17parseSchemaOrNameERKNSt7__cxx1112basic_stringIcSt11char_traitsIcESaIcEEE'If you don't plan on using image functionality from `torchvision.io`, you can ignore this warning. Otherwise, there might be something wrong with your environment. Did you have `libjpeg` or `libpng` installed before building `torchvision` from source?
  warn(
Random seed set as 42
dt =  0.22119921692859512
trace decay =  0.5737534207374327
Random seed set as 42
Random seed set as 42
dt =  0.22119921692859512
trace decay =  0.5737534207374327
Random seed set as 42
Train Epoch: 0 [20000/60000 (33%)]	Loss: 0.415408
Train Epoch: 0 [40000/60000 (67%)]	Loss: 0.375895
Train Epoch: 0 [60000/60000 (100%)]	Loss: 0.349891

Average Training loss: 0.0020, Training Error Rate: 61.39% (36833/60000)


Average Test loss: 0.0003, Test Error Rate: 39.32% (3932/10000)

Train Epoch: 1 [20000/60000 (33%)]	Loss: 0.319284
Train Epoch: 1 [40000/60000 (67%)]	Loss: 0.302932
Train Epoch: 1 [60000/60000 (100%)]	Loss: 0.279166

Average Training loss: 0.0016, Training Error Rate: 33.09% (19851/60000)


Average Test loss: 0.0003, Test Error Rate: 26.24% (2624/10000)

Train Epoch: 2 [20000/60000 (33%)]	Loss: 0.251169
Train Epoch: 2 [40000/60000 (67%)]	Loss: 0.247605
Train Epoch: 2 [60000/60000 (100%)]	Loss: 0.253018

Average Training loss: 0.0013, Training Error Rate: 25.00% (14997/60000)


Average Test loss: 0.0002, Test Error Rate: 21.49% (2149/10000)

Train Epoch: 3 [20000/60000 (33%)]	Loss: 0.234800
Train Epoch: 3 [40000/60000 (67%)]	Loss: 0.217010
Train Epoch: 3 [60000/60000 (100%)]	Loss: 0.222580

Average Training loss: 0.0012, Training Error Rate: 21.42% (12854/60000)


Average Test loss: 0.0002, Test Error Rate: 19.11% (1911/10000)

Train Epoch: 4 [20000/60000 (33%)]	Loss: 0.219835
Train Epoch: 4 [40000/60000 (67%)]	Loss: 0.213473
Train Epoch: 4 [60000/60000 (100%)]	Loss: 0.205753

Average Training loss: 0.0011, Training Error Rate: 19.49% (11695/60000)


Average Test loss: 0.0002, Test Error Rate: 17.48% (1748/10000)

Train Epoch: 5 [20000/60000 (33%)]	Loss: 0.202968
Train Epoch: 5 [40000/60000 (67%)]	Loss: 0.200737
Train Epoch: 5 [60000/60000 (100%)]	Loss: 0.214257

Average Training loss: 0.0010, Training Error Rate: 18.10% (10858/60000)


Average Test loss: 0.0002, Test Error Rate: 16.49% (1649/10000)

Train Epoch: 6 [20000/60000 (33%)]	Loss: 0.199396
Train Epoch: 6 [40000/60000 (67%)]	Loss: 0.186940
Train Epoch: 6 [60000/60000 (100%)]	Loss: 0.175389

Average Training loss: 0.0009, Training Error Rate: 17.02% (10212/60000)


Average Test loss: 0.0002, Test Error Rate: 15.71% (1571/10000)

Train Epoch: 7 [20000/60000 (33%)]	Loss: 0.190948
Train Epoch: 7 [40000/60000 (67%)]	Loss: 0.193056
Train Epoch: 7 [60000/60000 (100%)]	Loss: 0.173950

Average Training loss: 0.0009, Training Error Rate: 16.25% (9753/60000)


Average Test loss: 0.0002, Test Error Rate: 15.08% (1508/10000)

Train Epoch: 8 [20000/60000 (33%)]	Loss: 0.168126
Train Epoch: 8 [40000/60000 (67%)]	Loss: 0.180341
Train Epoch: 8 [60000/60000 (100%)]	Loss: 0.173916

Average Training loss: 0.0009, Training Error Rate: 15.70% (9422/60000)


Average Test loss: 0.0002, Test Error Rate: 14.72% (1472/10000)

Train Epoch: 9 [20000/60000 (33%)]	Loss: 0.168081
Train Epoch: 9 [40000/60000 (67%)]	Loss: 0.160976
Train Epoch: 9 [60000/60000 (100%)]	Loss: 0.159589

Average Training loss: 0.0008, Training Error Rate: 15.22% (9135/60000)


Average Test loss: 0.0002, Test Error Rate: 13.77% (1377/10000)

Train Epoch: 10 [20000/60000 (33%)]	Loss: 0.163793
Train Epoch: 10 [40000/60000 (67%)]	Loss: 0.165502
Train Epoch: 10 [60000/60000 (100%)]	Loss: 0.153794

Average Training loss: 0.0008, Training Error Rate: 14.89% (8936/60000)


Average Test loss: 0.0002, Test Error Rate: 13.58% (1358/10000)

Train Epoch: 11 [20000/60000 (33%)]	Loss: 0.144679
Train Epoch: 11 [40000/60000 (67%)]	Loss: 0.175158
Train Epoch: 11 [60000/60000 (100%)]	Loss: 0.155830

Average Training loss: 0.0008, Training Error Rate: 14.27% (8560/60000)


Average Test loss: 0.0002, Test Error Rate: 13.08% (1308/10000)

Train Epoch: 12 [20000/60000 (33%)]	Loss: 0.174764
Train Epoch: 12 [40000/60000 (67%)]	Loss: 0.154442
Train Epoch: 12 [60000/60000 (100%)]	Loss: 0.150820

Average Training loss: 0.0008, Training Error Rate: 14.18% (8509/60000)


Average Test loss: 0.0001, Test Error Rate: 12.91% (1291/10000)

Train Epoch: 13 [20000/60000 (33%)]	Loss: 0.146910
Train Epoch: 13 [40000/60000 (67%)]	Loss: 0.157493
Train Epoch: 13 [60000/60000 (100%)]	Loss: 0.148608

Average Training loss: 0.0008, Training Error Rate: 13.80% (8283/60000)


Average Test loss: 0.0001, Test Error Rate: 12.83% (1283/10000)

Train Epoch: 14 [20000/60000 (33%)]	Loss: 0.154298
Train Epoch: 14 [40000/60000 (67%)]	Loss: 0.165352
Train Epoch: 14 [60000/60000 (100%)]	Loss: 0.151250

Average Training loss: 0.0008, Training Error Rate: 13.40% (8043/60000)


Average Test loss: 0.0001, Test Error Rate: 13.13% (1313/10000)

Train Epoch: 15 [20000/60000 (33%)]	Loss: 0.154913
Train Epoch: 15 [40000/60000 (67%)]	Loss: 0.164128
Train Epoch: 15 [60000/60000 (100%)]	Loss: 0.151095

Average Training loss: 0.0007, Training Error Rate: 13.53% (8119/60000)


Average Test loss: 0.0001, Test Error Rate: 12.38% (1238/10000)

Train Epoch: 16 [20000/60000 (33%)]	Loss: 0.149507
Train Epoch: 16 [40000/60000 (67%)]	Loss: 0.158412
Train Epoch: 16 [60000/60000 (100%)]	Loss: 0.138058

Average Training loss: 0.0007, Training Error Rate: 13.16% (7897/60000)


Average Test loss: 0.0001, Test Error Rate: 11.73% (1173/10000)

Train Epoch: 17 [20000/60000 (33%)]	Loss: 0.150596
Train Epoch: 17 [40000/60000 (67%)]	Loss: 0.152534
Train Epoch: 17 [60000/60000 (100%)]	Loss: 0.134804

Average Training loss: 0.0007, Training Error Rate: 12.95% (7767/60000)


Average Test loss: 0.0001, Test Error Rate: 11.87% (1187/10000)

Train Epoch: 18 [20000/60000 (33%)]	Loss: 0.121080
Train Epoch: 18 [40000/60000 (67%)]	Loss: 0.147995
Train Epoch: 18 [60000/60000 (100%)]	Loss: 0.136509

Average Training loss: 0.0007, Training Error Rate: 12.83% (7698/60000)


Average Test loss: 0.0001, Test Error Rate: 11.75% (1175/10000)

Train Epoch: 19 [20000/60000 (33%)]	Loss: 0.157629
Train Epoch: 19 [40000/60000 (67%)]	Loss: 0.144103
Train Epoch: 19 [60000/60000 (100%)]	Loss: 0.140178

Average Training loss: 0.0007, Training Error Rate: 12.57% (7540/60000)


Average Test loss: 0.0001, Test Error Rate: 11.66% (1166/10000)

Train Epoch: 20 [20000/60000 (33%)]	Loss: 0.142205
Train Epoch: 20 [40000/60000 (67%)]	Loss: 0.150596
Train Epoch: 20 [60000/60000 (100%)]	Loss: 0.134343

Average Training loss: 0.0007, Training Error Rate: 12.52% (7514/60000)


Average Test loss: 0.0001, Test Error Rate: 11.82% (1182/10000)

Train Epoch: 21 [20000/60000 (33%)]	Loss: 0.137746
Train Epoch: 21 [40000/60000 (67%)]	Loss: 0.132925
Train Epoch: 21 [60000/60000 (100%)]	Loss: 0.140395

Average Training loss: 0.0007, Training Error Rate: 12.33% (7396/60000)


Average Test loss: 0.0001, Test Error Rate: 11.29% (1129/10000)

Train Epoch: 22 [20000/60000 (33%)]	Loss: 0.138033
Train Epoch: 22 [40000/60000 (67%)]	Loss: 0.148492
Train Epoch: 22 [60000/60000 (100%)]	Loss: 0.159624

Average Training loss: 0.0007, Training Error Rate: 12.19% (7313/60000)


Average Test loss: 0.0001, Test Error Rate: 11.21% (1121/10000)

Train Epoch: 23 [20000/60000 (33%)]	Loss: 0.134544
Train Epoch: 23 [40000/60000 (67%)]	Loss: 0.142339
Train Epoch: 23 [60000/60000 (100%)]	Loss: 0.130031

Average Training loss: 0.0007, Training Error Rate: 12.13% (7281/60000)


Average Test loss: 0.0001, Test Error Rate: 11.38% (1138/10000)

Train Epoch: 24 [20000/60000 (33%)]	Loss: 0.127055
Train Epoch: 24 [40000/60000 (67%)]	Loss: 0.152130
Train Epoch: 24 [60000/60000 (100%)]	Loss: 0.143313

Average Training loss: 0.0007, Training Error Rate: 12.02% (7214/60000)


Average Test loss: 0.0001, Test Error Rate: 11.12% (1112/10000)

Train Epoch: 25 [20000/60000 (33%)]	Loss: 0.145696
Train Epoch: 25 [40000/60000 (67%)]	Loss: 0.123515
Train Epoch: 25 [60000/60000 (100%)]	Loss: 0.122709

Average Training loss: 0.0007, Training Error Rate: 11.93% (7159/60000)


Average Test loss: 0.0001, Test Error Rate: 10.96% (1096/10000)

Train Epoch: 26 [20000/60000 (33%)]	Loss: 0.135679
Train Epoch: 26 [40000/60000 (67%)]	Loss: 0.126623
Train Epoch: 26 [60000/60000 (100%)]	Loss: 0.119052

Average Training loss: 0.0007, Training Error Rate: 11.76% (7053/60000)


Average Test loss: 0.0001, Test Error Rate: 10.79% (1079/10000)

Train Epoch: 27 [20000/60000 (33%)]	Loss: 0.101181
Train Epoch: 27 [40000/60000 (67%)]	Loss: 0.130807
Train Epoch: 27 [60000/60000 (100%)]	Loss: 0.136229

Average Training loss: 0.0006, Training Error Rate: 11.83% (7099/60000)


Average Test loss: 0.0001, Test Error Rate: 11.00% (1100/10000)

Train Epoch: 28 [20000/60000 (33%)]	Loss: 0.123751
Train Epoch: 28 [40000/60000 (67%)]	Loss: 0.113734
Train Epoch: 28 [60000/60000 (100%)]	Loss: 0.129863

Average Training loss: 0.0006, Training Error Rate: 11.57% (6943/60000)


Average Test loss: 0.0001, Test Error Rate: 10.95% (1095/10000)

Train Epoch: 29 [20000/60000 (33%)]	Loss: 0.136387
Train Epoch: 29 [40000/60000 (67%)]	Loss: 0.132557
Train Epoch: 29 [60000/60000 (100%)]	Loss: 0.124977

Average Training loss: 0.0006, Training Error Rate: 11.57% (6940/60000)


Average Test loss: 0.0001, Test Error Rate: 10.79% (1079/10000)

Train Epoch: 30 [20000/60000 (33%)]	Loss: 0.119247
Train Epoch: 30 [40000/60000 (67%)]	Loss: 0.123925
Train Epoch: 30 [60000/60000 (100%)]	Loss: 0.144890

Average Training loss: 0.0006, Training Error Rate: 11.41% (6848/60000)


Average Test loss: 0.0001, Test Error Rate: 10.49% (1049/10000)

Train Epoch: 31 [20000/60000 (33%)]	Loss: 0.136811
Train Epoch: 31 [40000/60000 (67%)]	Loss: 0.119490
Train Epoch: 31 [60000/60000 (100%)]	Loss: 0.120690

Average Training loss: 0.0006, Training Error Rate: 11.39% (6833/60000)


Average Test loss: 0.0001, Test Error Rate: 10.48% (1048/10000)

Train Epoch: 32 [20000/60000 (33%)]	Loss: 0.108284
Train Epoch: 32 [40000/60000 (67%)]	Loss: 0.132296
Train Epoch: 32 [60000/60000 (100%)]	Loss: 0.117743

Average Training loss: 0.0006, Training Error Rate: 11.31% (6787/60000)


Average Test loss: 0.0001, Test Error Rate: 10.62% (1062/10000)

Train Epoch: 33 [20000/60000 (33%)]	Loss: 0.126811
Train Epoch: 33 [40000/60000 (67%)]	Loss: 0.113126
Train Epoch: 33 [60000/60000 (100%)]	Loss: 0.120476

Average Training loss: 0.0006, Training Error Rate: 11.19% (6713/60000)


Average Test loss: 0.0001, Test Error Rate: 10.53% (1053/10000)

Train Epoch: 34 [20000/60000 (33%)]	Loss: 0.104177
Train Epoch: 34 [40000/60000 (67%)]	Loss: 0.133121
Train Epoch: 34 [60000/60000 (100%)]	Loss: 0.117585

Average Training loss: 0.0006, Training Error Rate: 11.09% (6652/60000)


Average Test loss: 0.0001, Test Error Rate: 10.50% (1050/10000)

Train Epoch: 35 [20000/60000 (33%)]	Loss: 0.109422
Train Epoch: 35 [40000/60000 (67%)]	Loss: 0.130866
Train Epoch: 35 [60000/60000 (100%)]	Loss: 0.107204

Average Training loss: 0.0006, Training Error Rate: 11.03% (6615/60000)


Average Test loss: 0.0001, Test Error Rate: 10.28% (1028/10000)

Train Epoch: 36 [20000/60000 (33%)]	Loss: 0.105483
Train Epoch: 36 [40000/60000 (67%)]	Loss: 0.113925
Train Epoch: 36 [60000/60000 (100%)]	Loss: 0.112902

Average Training loss: 0.0006, Training Error Rate: 11.09% (6651/60000)


Average Test loss: 0.0001, Test Error Rate: 10.19% (1019/10000)

Train Epoch: 37 [20000/60000 (33%)]	Loss: 0.125014
Train Epoch: 37 [40000/60000 (67%)]	Loss: 0.100283
Train Epoch: 37 [60000/60000 (100%)]	Loss: 0.127354

Average Training loss: 0.0006, Training Error Rate: 10.95% (6570/60000)


Average Test loss: 0.0001, Test Error Rate: 10.23% (1023/10000)

Train Epoch: 38 [20000/60000 (33%)]	Loss: 0.121614
Train Epoch: 38 [40000/60000 (67%)]	Loss: 0.099422
Train Epoch: 38 [60000/60000 (100%)]	Loss: 0.129522

Average Training loss: 0.0006, Training Error Rate: 11.00% (6602/60000)


Average Test loss: 0.0001, Test Error Rate: 10.28% (1028/10000)

Train Epoch: 39 [20000/60000 (33%)]	Loss: 0.128340
Train Epoch: 39 [40000/60000 (67%)]	Loss: 0.119853
Train Epoch: 39 [60000/60000 (100%)]	Loss: 0.129947

Average Training loss: 0.0006, Training Error Rate: 10.86% (6514/60000)


Average Test loss: 0.0001, Test Error Rate: 10.18% (1018/10000)

Train Epoch: 40 [20000/60000 (33%)]	Loss: 0.120894
Train Epoch: 40 [40000/60000 (67%)]	Loss: 0.115137
Train Epoch: 40 [60000/60000 (100%)]	Loss: 0.126533

Average Training loss: 0.0006, Training Error Rate: 10.63% (6381/60000)


Average Test loss: 0.0001, Test Error Rate: 9.86% (986/10000)

Train Epoch: 41 [20000/60000 (33%)]	Loss: 0.099144
Train Epoch: 41 [40000/60000 (67%)]	Loss: 0.123198
Train Epoch: 41 [60000/60000 (100%)]	Loss: 0.131237

Average Training loss: 0.0006, Training Error Rate: 10.64% (6384/60000)


Average Test loss: 0.0001, Test Error Rate: 9.96% (996/10000)

Train Epoch: 42 [20000/60000 (33%)]	Loss: 0.122169
Train Epoch: 42 [40000/60000 (67%)]	Loss: 0.137597
Train Epoch: 42 [60000/60000 (100%)]	Loss: 0.123747

Average Training loss: 0.0006, Training Error Rate: 10.65% (6392/60000)


Average Test loss: 0.0001, Test Error Rate: 9.83% (983/10000)

Train Epoch: 43 [20000/60000 (33%)]	Loss: 0.123245
Train Epoch: 43 [40000/60000 (67%)]	Loss: 0.124045
Train Epoch: 43 [60000/60000 (100%)]	Loss: 0.104511

Average Training loss: 0.0006, Training Error Rate: 10.60% (6359/60000)


Average Test loss: 0.0001, Test Error Rate: 9.77% (977/10000)

Train Epoch: 44 [20000/60000 (33%)]	Loss: 0.104557
Train Epoch: 44 [40000/60000 (67%)]	Loss: 0.129817
Train Epoch: 44 [60000/60000 (100%)]	Loss: 0.121487

Average Training loss: 0.0006, Training Error Rate: 10.60% (6361/60000)


Average Test loss: 0.0001, Test Error Rate: 9.86% (986/10000)

Train Epoch: 45 [20000/60000 (33%)]	Loss: 0.110625
Train Epoch: 45 [40000/60000 (67%)]	Loss: 0.115316
Train Epoch: 45 [60000/60000 (100%)]	Loss: 0.110876

Average Training loss: 0.0006, Training Error Rate: 10.47% (6284/60000)


Average Test loss: 0.0001, Test Error Rate: 9.58% (958/10000)

Train Epoch: 46 [20000/60000 (33%)]	Loss: 0.123459
Train Epoch: 46 [40000/60000 (67%)]	Loss: 0.138927
Train Epoch: 46 [60000/60000 (100%)]	Loss: 0.098974

Average Training loss: 0.0006, Training Error Rate: 10.42% (6251/60000)


Average Test loss: 0.0001, Test Error Rate: 9.68% (968/10000)

