/vast/home/ajherman/miniconda3/envs/pytorch/lib/python3.11/site-packages/torchvision/io/image.py:13: UserWarning: Failed to load image Python extension: '/vast/home/ajherman/miniconda3/envs/pytorch/lib/python3.11/site-packages/torchvision/image.so: undefined symbol: _ZN5torch3jit17parseSchemaOrNameERKNSt7__cxx1112basic_stringIcSt11char_traitsIcESaIcEEE'If you don't plan on using image functionality from `torchvision.io`, you can ignore this warning. Otherwise, there might be something wrong with your environment. Did you have `libjpeg` or `libpng` installed before building `torchvision` from source?
  warn(
Random seed set as 42
dt =  0.6321205588285577
trace decay =  0.5737534207374327
Random seed set as 42
Random seed set as 42
dt =  0.6321205588285577
trace decay =  0.5737534207374327
Random seed set as 42
Train Epoch: 0 [20000/60000 (33%)]	Loss: 0.448634
Train Epoch: 0 [40000/60000 (67%)]	Loss: 0.441325
Train Epoch: 0 [60000/60000 (100%)]	Loss: 0.428275

Average Training loss: 0.0023, Training Error Rate: 78.01% (46804/60000)


Average Test loss: 0.0004, Test Error Rate: 65.57% (6557/10000)

Train Epoch: 1 [20000/60000 (33%)]	Loss: 0.429921
Train Epoch: 1 [40000/60000 (67%)]	Loss: 0.409507
Train Epoch: 1 [60000/60000 (100%)]	Loss: 0.398185

Average Training loss: 0.0021, Training Error Rate: 58.42% (35054/60000)


Average Test loss: 0.0004, Test Error Rate: 49.88% (4988/10000)

Train Epoch: 2 [20000/60000 (33%)]	Loss: 0.365685
Train Epoch: 2 [40000/60000 (67%)]	Loss: 0.365915
Train Epoch: 2 [60000/60000 (100%)]	Loss: 0.369936

Average Training loss: 0.0019, Training Error Rate: 46.74% (28043/60000)


Average Test loss: 0.0004, Test Error Rate: 42.10% (4210/10000)

Train Epoch: 3 [20000/60000 (33%)]	Loss: 0.354458
Train Epoch: 3 [40000/60000 (67%)]	Loss: 0.347768
Train Epoch: 3 [60000/60000 (100%)]	Loss: 0.345623

Average Training loss: 0.0018, Training Error Rate: 40.13% (24079/60000)


Average Test loss: 0.0003, Test Error Rate: 35.95% (3595/10000)

Train Epoch: 4 [20000/60000 (33%)]	Loss: 0.347934
Train Epoch: 4 [40000/60000 (67%)]	Loss: 0.350794
Train Epoch: 4 [60000/60000 (100%)]	Loss: 0.325952

Average Training loss: 0.0017, Training Error Rate: 35.76% (21458/60000)


Average Test loss: 0.0003, Test Error Rate: 32.86% (3286/10000)

Train Epoch: 5 [20000/60000 (33%)]	Loss: 0.328482
Train Epoch: 5 [40000/60000 (67%)]	Loss: 0.327157
Train Epoch: 5 [60000/60000 (100%)]	Loss: 0.326533

Average Training loss: 0.0016, Training Error Rate: 32.80% (19682/60000)


Average Test loss: 0.0003, Test Error Rate: 29.92% (2992/10000)

Train Epoch: 6 [20000/60000 (33%)]	Loss: 0.326079
Train Epoch: 6 [40000/60000 (67%)]	Loss: 0.311893
Train Epoch: 6 [60000/60000 (100%)]	Loss: 0.313424

Average Training loss: 0.0016, Training Error Rate: 31.01% (18606/60000)


Average Test loss: 0.0003, Test Error Rate: 29.07% (2907/10000)

Train Epoch: 7 [20000/60000 (33%)]	Loss: 0.313736
Train Epoch: 7 [40000/60000 (67%)]	Loss: 0.321146
Train Epoch: 7 [60000/60000 (100%)]	Loss: 0.312262

Average Training loss: 0.0016, Training Error Rate: 29.00% (17400/60000)


Average Test loss: 0.0003, Test Error Rate: 27.48% (2748/10000)

slurmstepd: error: *** STEP 15492314.290 ON cn430 CANCELLED AT 2023-10-03T10:57:22 ***
/vast/home/ajherman/miniconda3/envs/pytorch/lib/python3.11/site-packages/torchvision/io/image.py:13: UserWarning: Failed to load image Python extension: '/vast/home/ajherman/miniconda3/envs/pytorch/lib/python3.11/site-packages/torchvision/image.so: undefined symbol: _ZN5torch3jit17parseSchemaOrNameERKNSt7__cxx1112basic_stringIcSt11char_traitsIcESaIcEEE'If you don't plan on using image functionality from `torchvision.io`, you can ignore this warning. Otherwise, there might be something wrong with your environment. Did you have `libjpeg` or `libpng` installed before building `torchvision` from source?
  warn(
Random seed set as 42
dt =  0.6321205588285577
trace decay =  0.5737534207374327
Random seed set as 42
Random seed set as 42
dt =  0.6321205588285577
trace decay =  0.5737534207374327
Random seed set as 42
Train Epoch: 8 [20000/60000 (33%)]	Loss: 0.313031
Train Epoch: 8 [40000/60000 (67%)]	Loss: 0.302792
Train Epoch: 8 [60000/60000 (100%)]	Loss: 0.305566

Average Training loss: 0.0015, Training Error Rate: 27.85% (16709/60000)


Average Test loss: 0.0003, Test Error Rate: 26.01% (2601/10000)

Train Epoch: 9 [20000/60000 (33%)]	Loss: 0.302873
Train Epoch: 9 [40000/60000 (67%)]	Loss: 0.295633
Train Epoch: 9 [60000/60000 (100%)]	Loss: 0.282656

Average Training loss: 0.0015, Training Error Rate: 26.76% (16055/60000)


Average Test loss: 0.0003, Test Error Rate: 25.17% (2517/10000)

Train Epoch: 10 [20000/60000 (33%)]	Loss: 0.301141
Train Epoch: 10 [40000/60000 (67%)]	Loss: 0.294132
Train Epoch: 10 [60000/60000 (100%)]	Loss: 0.293481

Average Training loss: 0.0015, Training Error Rate: 26.01% (15607/60000)


Average Test loss: 0.0003, Test Error Rate: 24.29% (2429/10000)

Train Epoch: 11 [20000/60000 (33%)]	Loss: 0.299808
Train Epoch: 11 [40000/60000 (67%)]	Loss: 0.275741
Train Epoch: 11 [60000/60000 (100%)]	Loss: 0.284895

Average Training loss: 0.0015, Training Error Rate: 25.27% (15165/60000)


Average Test loss: 0.0003, Test Error Rate: 24.29% (2429/10000)

Train Epoch: 12 [20000/60000 (33%)]	Loss: 0.295762
Train Epoch: 12 [40000/60000 (67%)]	Loss: 0.281359
Train Epoch: 12 [60000/60000 (100%)]	Loss: 0.274519

Average Training loss: 0.0015, Training Error Rate: 24.68% (14806/60000)


Average Test loss: 0.0003, Test Error Rate: 23.57% (2357/10000)

Train Epoch: 13 [20000/60000 (33%)]	Loss: 0.300108
Train Epoch: 13 [40000/60000 (67%)]	Loss: 0.284652
Train Epoch: 13 [60000/60000 (100%)]	Loss: 0.290450

Average Training loss: 0.0014, Training Error Rate: 24.35% (14608/60000)


Average Test loss: 0.0003, Test Error Rate: 22.98% (2298/10000)

Train Epoch: 14 [20000/60000 (33%)]	Loss: 0.285535
Train Epoch: 14 [40000/60000 (67%)]	Loss: 0.265191
Train Epoch: 14 [60000/60000 (100%)]	Loss: 0.279706

Average Training loss: 0.0014, Training Error Rate: 23.71% (14229/60000)


Average Test loss: 0.0003, Test Error Rate: 22.25% (2225/10000)

Train Epoch: 15 [20000/60000 (33%)]	Loss: 0.284883
Train Epoch: 15 [40000/60000 (67%)]	Loss: 0.284016
Train Epoch: 15 [60000/60000 (100%)]	Loss: 0.276506

Average Training loss: 0.0014, Training Error Rate: 23.48% (14089/60000)


Average Test loss: 0.0003, Test Error Rate: 22.11% (2211/10000)

Train Epoch: 16 [20000/60000 (33%)]	Loss: 0.286262
Train Epoch: 16 [40000/60000 (67%)]	Loss: 0.274851
Train Epoch: 16 [60000/60000 (100%)]	Loss: 0.280177

Average Training loss: 0.0014, Training Error Rate: 22.99% (13795/60000)


Average Test loss: 0.0003, Test Error Rate: 21.59% (2159/10000)

Train Epoch: 17 [20000/60000 (33%)]	Loss: 0.284676
Train Epoch: 17 [40000/60000 (67%)]	Loss: 0.282238
Train Epoch: 17 [60000/60000 (100%)]	Loss: 0.272422

Average Training loss: 0.0014, Training Error Rate: 22.61% (13564/60000)


Average Test loss: 0.0003, Test Error Rate: 20.92% (2092/10000)

Train Epoch: 18 [20000/60000 (33%)]	Loss: 0.284238
Train Epoch: 18 [40000/60000 (67%)]	Loss: 0.269439
Train Epoch: 18 [60000/60000 (100%)]	Loss: 0.284081

Average Training loss: 0.0014, Training Error Rate: 22.25% (13351/60000)


Average Test loss: 0.0003, Test Error Rate: 21.10% (2110/10000)

Train Epoch: 19 [20000/60000 (33%)]	Loss: 0.275980
Train Epoch: 19 [40000/60000 (67%)]	Loss: 0.270503
Train Epoch: 19 [60000/60000 (100%)]	Loss: 0.262870

Average Training loss: 0.0014, Training Error Rate: 21.92% (13154/60000)


Average Test loss: 0.0003, Test Error Rate: 20.79% (2079/10000)

Train Epoch: 20 [20000/60000 (33%)]	Loss: 0.271052
Train Epoch: 20 [40000/60000 (67%)]	Loss: 0.281640
Train Epoch: 20 [60000/60000 (100%)]	Loss: 0.264242

Average Training loss: 0.0014, Training Error Rate: 21.85% (13112/60000)


Average Test loss: 0.0003, Test Error Rate: 20.08% (2008/10000)

Train Epoch: 21 [20000/60000 (33%)]	Loss: 0.267526
Train Epoch: 21 [40000/60000 (67%)]	Loss: 0.269215
Train Epoch: 21 [60000/60000 (100%)]	Loss: 0.273466

Average Training loss: 0.0014, Training Error Rate: 21.43% (12858/60000)


Average Test loss: 0.0003, Test Error Rate: 20.35% (2035/10000)

Train Epoch: 22 [20000/60000 (33%)]	Loss: 0.250909
Train Epoch: 22 [40000/60000 (67%)]	Loss: 0.271045
Train Epoch: 22 [60000/60000 (100%)]	Loss: 0.271003

Average Training loss: 0.0013, Training Error Rate: 21.34% (12806/60000)


Average Test loss: 0.0003, Test Error Rate: 19.74% (1974/10000)

Train Epoch: 23 [20000/60000 (33%)]	Loss: 0.274021
Train Epoch: 23 [40000/60000 (67%)]	Loss: 0.272266
Train Epoch: 23 [60000/60000 (100%)]	Loss: 0.263264

Average Training loss: 0.0013, Training Error Rate: 21.14% (12687/60000)


Average Test loss: 0.0003, Test Error Rate: 20.09% (2009/10000)

Train Epoch: 24 [20000/60000 (33%)]	Loss: 0.258022
Train Epoch: 24 [40000/60000 (67%)]	Loss: 0.267173
Train Epoch: 24 [60000/60000 (100%)]	Loss: 0.266186

Average Training loss: 0.0013, Training Error Rate: 20.91% (12548/60000)


Average Test loss: 0.0003, Test Error Rate: 19.79% (1979/10000)

Train Epoch: 25 [20000/60000 (33%)]	Loss: 0.270362
Train Epoch: 25 [40000/60000 (67%)]	Loss: 0.258297
Train Epoch: 25 [60000/60000 (100%)]	Loss: 0.260086

Average Training loss: 0.0013, Training Error Rate: 20.75% (12447/60000)


Average Test loss: 0.0003, Test Error Rate: 19.21% (1921/10000)

Train Epoch: 26 [20000/60000 (33%)]	Loss: 0.263876
Train Epoch: 26 [40000/60000 (67%)]	Loss: 0.257915
Train Epoch: 26 [60000/60000 (100%)]	Loss: 0.267341

Average Training loss: 0.0013, Training Error Rate: 20.49% (12295/60000)


Average Test loss: 0.0003, Test Error Rate: 18.82% (1882/10000)

Train Epoch: 27 [20000/60000 (33%)]	Loss: 0.268413
Train Epoch: 27 [40000/60000 (67%)]	Loss: 0.268828
Train Epoch: 27 [60000/60000 (100%)]	Loss: 0.268205

Average Training loss: 0.0013, Training Error Rate: 20.14% (12083/60000)


Average Test loss: 0.0003, Test Error Rate: 18.95% (1895/10000)

Train Epoch: 28 [20000/60000 (33%)]	Loss: 0.258080
Train Epoch: 28 [40000/60000 (67%)]	Loss: 0.270663
Train Epoch: 28 [60000/60000 (100%)]	Loss: 0.259093

Average Training loss: 0.0013, Training Error Rate: 19.98% (11986/60000)


Average Test loss: 0.0003, Test Error Rate: 18.67% (1867/10000)

Train Epoch: 29 [20000/60000 (33%)]	Loss: 0.253443
Train Epoch: 29 [40000/60000 (67%)]	Loss: 0.261318
Train Epoch: 29 [60000/60000 (100%)]	Loss: 0.255906

Average Training loss: 0.0013, Training Error Rate: 19.71% (11824/60000)


Average Test loss: 0.0003, Test Error Rate: 18.33% (1833/10000)

Train Epoch: 30 [20000/60000 (33%)]	Loss: 0.260540
Train Epoch: 30 [40000/60000 (67%)]	Loss: 0.264904
Train Epoch: 30 [60000/60000 (100%)]	Loss: 0.250915

Average Training loss: 0.0013, Training Error Rate: 19.74% (11843/60000)


Average Test loss: 0.0003, Test Error Rate: 18.21% (1821/10000)

Train Epoch: 31 [20000/60000 (33%)]	Loss: 0.250789
Train Epoch: 31 [40000/60000 (67%)]	Loss: 0.244065
Train Epoch: 31 [60000/60000 (100%)]	Loss: 0.242622

Average Training loss: 0.0013, Training Error Rate: 19.58% (11747/60000)


Average Test loss: 0.0002, Test Error Rate: 18.24% (1824/10000)

Train Epoch: 32 [20000/60000 (33%)]	Loss: 0.256584
Train Epoch: 32 [40000/60000 (67%)]	Loss: 0.242823
Train Epoch: 32 [60000/60000 (100%)]	Loss: 0.240597

Average Training loss: 0.0013, Training Error Rate: 19.49% (11692/60000)


Average Test loss: 0.0002, Test Error Rate: 18.22% (1822/10000)

Train Epoch: 33 [20000/60000 (33%)]	Loss: 0.257819
Train Epoch: 33 [40000/60000 (67%)]	Loss: 0.254606
Train Epoch: 33 [60000/60000 (100%)]	Loss: 0.238103

Average Training loss: 0.0012, Training Error Rate: 19.35% (11612/60000)


Average Test loss: 0.0002, Test Error Rate: 18.23% (1823/10000)

Train Epoch: 34 [20000/60000 (33%)]	Loss: 0.252634
Train Epoch: 34 [40000/60000 (67%)]	Loss: 0.252546
Train Epoch: 34 [60000/60000 (100%)]	Loss: 0.241047

Average Training loss: 0.0012, Training Error Rate: 19.20% (11521/60000)


Average Test loss: 0.0002, Test Error Rate: 18.24% (1824/10000)

Train Epoch: 35 [20000/60000 (33%)]	Loss: 0.243498
Train Epoch: 35 [40000/60000 (67%)]	Loss: 0.235244
Train Epoch: 35 [60000/60000 (100%)]	Loss: 0.260683

Average Training loss: 0.0012, Training Error Rate: 19.02% (11411/60000)


Average Test loss: 0.0002, Test Error Rate: 17.55% (1755/10000)

Train Epoch: 36 [20000/60000 (33%)]	Loss: 0.253223
Train Epoch: 36 [40000/60000 (67%)]	Loss: 0.251867
Train Epoch: 36 [60000/60000 (100%)]	Loss: 0.252163

Average Training loss: 0.0012, Training Error Rate: 18.75% (11249/60000)


Average Test loss: 0.0002, Test Error Rate: 18.06% (1806/10000)

Train Epoch: 37 [20000/60000 (33%)]	Loss: 0.246857
Train Epoch: 37 [40000/60000 (67%)]	Loss: 0.242618
Train Epoch: 37 [60000/60000 (100%)]	Loss: 0.241541

Average Training loss: 0.0012, Training Error Rate: 18.80% (11278/60000)


Average Test loss: 0.0002, Test Error Rate: 17.48% (1748/10000)

Train Epoch: 38 [20000/60000 (33%)]	Loss: 0.243977
Train Epoch: 38 [40000/60000 (67%)]	Loss: 0.234719
Train Epoch: 38 [60000/60000 (100%)]	Loss: 0.235856

Average Training loss: 0.0012, Training Error Rate: 18.70% (11223/60000)


Average Test loss: 0.0002, Test Error Rate: 17.76% (1776/10000)

Train Epoch: 39 [20000/60000 (33%)]	Loss: 0.237422
Train Epoch: 39 [40000/60000 (67%)]	Loss: 0.266954
Train Epoch: 39 [60000/60000 (100%)]	Loss: 0.242903

Average Training loss: 0.0012, Training Error Rate: 18.48% (11091/60000)


Average Test loss: 0.0002, Test Error Rate: 17.60% (1760/10000)

Train Epoch: 40 [20000/60000 (33%)]	Loss: 0.227076
Train Epoch: 40 [40000/60000 (67%)]	Loss: 0.241187
Train Epoch: 40 [60000/60000 (100%)]	Loss: 0.242721

Average Training loss: 0.0012, Training Error Rate: 18.22% (10933/60000)


Average Test loss: 0.0002, Test Error Rate: 16.94% (1694/10000)

Train Epoch: 41 [20000/60000 (33%)]	Loss: 0.235851
Train Epoch: 41 [40000/60000 (67%)]	Loss: 0.239450
Train Epoch: 41 [60000/60000 (100%)]	Loss: 0.246196

Average Training loss: 0.0012, Training Error Rate: 18.35% (11011/60000)


Average Test loss: 0.0002, Test Error Rate: 17.27% (1727/10000)

Train Epoch: 42 [20000/60000 (33%)]	Loss: 0.248788
Train Epoch: 42 [40000/60000 (67%)]	Loss: 0.235617
Train Epoch: 42 [60000/60000 (100%)]	Loss: 0.241413

Average Training loss: 0.0012, Training Error Rate: 18.01% (10805/60000)


Average Test loss: 0.0002, Test Error Rate: 16.87% (1687/10000)

Train Epoch: 43 [20000/60000 (33%)]	Loss: 0.259777
Train Epoch: 43 [40000/60000 (67%)]	Loss: 0.227897
Train Epoch: 43 [60000/60000 (100%)]	Loss: 0.241161

Average Training loss: 0.0012, Training Error Rate: 18.00% (10799/60000)


Average Test loss: 0.0002, Test Error Rate: 16.58% (1658/10000)

Train Epoch: 44 [20000/60000 (33%)]	Loss: 0.233216
Train Epoch: 44 [40000/60000 (67%)]	Loss: 0.240745
Train Epoch: 44 [60000/60000 (100%)]	Loss: 0.251487

Average Training loss: 0.0012, Training Error Rate: 17.84% (10704/60000)


Average Test loss: 0.0002, Test Error Rate: 16.94% (1694/10000)

Train Epoch: 45 [20000/60000 (33%)]	Loss: 0.226547
Train Epoch: 45 [40000/60000 (67%)]	Loss: 0.235038
Train Epoch: 45 [60000/60000 (100%)]	Loss: 0.239554

Average Training loss: 0.0012, Training Error Rate: 17.90% (10741/60000)


Average Test loss: 0.0002, Test Error Rate: 16.81% (1681/10000)

Train Epoch: 46 [20000/60000 (33%)]	Loss: 0.229215
Train Epoch: 46 [40000/60000 (67%)]	Loss: 0.229250
Train Epoch: 46 [60000/60000 (100%)]	Loss: 0.212277

Average Training loss: 0.0012, Training Error Rate: 17.63% (10576/60000)


Average Test loss: 0.0002, Test Error Rate: 16.22% (1622/10000)

Train Epoch: 47 [20000/60000 (33%)]	Loss: 0.238760
Train Epoch: 47 [40000/60000 (67%)]	Loss: 0.229526
Train Epoch: 47 [60000/60000 (100%)]	Loss: 0.229121

Average Training loss: 0.0012, Training Error Rate: 17.53% (10519/60000)


Average Test loss: 0.0002, Test Error Rate: 16.71% (1671/10000)

Train Epoch: 48 [20000/60000 (33%)]	Loss: 0.242729
Train Epoch: 48 [40000/60000 (67%)]	Loss: 0.230518
Train Epoch: 48 [60000/60000 (100%)]	Loss: 0.222408

Average Training loss: 0.0012, Training Error Rate: 17.52% (10514/60000)


Average Test loss: 0.0002, Test Error Rate: 16.52% (1652/10000)

slurmstepd: error: *** STEP 15492359.235 ON cn655 CANCELLED AT 2023-10-03T12:06:28 ***
