/vast/home/ajherman/miniconda3/envs/pytorch/lib/python3.11/site-packages/torchvision/io/image.py:13: UserWarning: Failed to load image Python extension: '/vast/home/ajherman/miniconda3/envs/pytorch/lib/python3.11/site-packages/torchvision/image.so: undefined symbol: _ZN5torch3jit17parseSchemaOrNameERKNSt7__cxx1112basic_stringIcSt11char_traitsIcESaIcEEE'If you don't plan on using image functionality from `torchvision.io`, you can ignore this warning. Otherwise, there might be something wrong with your environment. Did you have `libjpeg` or `libpng` installed before building `torchvision` from source?
  warn(
Random seed set as 42
dt =  0.3934693402873666
trace decay =  0.5737534207374327
Random seed set as 42
Random seed set as 42
dt =  0.3934693402873666
trace decay =  0.5737534207374327
Random seed set as 42
Train Epoch: 0 [20000/60000 (33%)]	Loss: 0.433809
Train Epoch: 0 [40000/60000 (67%)]	Loss: 0.400107
Train Epoch: 0 [60000/60000 (100%)]	Loss: 0.376931

Average Training loss: 0.0021, Training Error Rate: 66.79% (40073/60000)


Average Test loss: 0.0004, Test Error Rate: 46.21% (4621/10000)

Train Epoch: 1 [20000/60000 (33%)]	Loss: 0.346598
Train Epoch: 1 [40000/60000 (67%)]	Loss: 0.324933
Train Epoch: 1 [60000/60000 (100%)]	Loss: 0.298109

Average Training loss: 0.0017, Training Error Rate: 38.44% (23062/60000)


Average Test loss: 0.0003, Test Error Rate: 31.07% (3107/10000)

slurmstepd: error: *** STEP 15491035.7 ON cn656 CANCELLED AT 2023-10-02T10:17:52 ***
/vast/home/ajherman/miniconda3/envs/pytorch/lib/python3.11/site-packages/torchvision/io/image.py:13: UserWarning: Failed to load image Python extension: '/vast/home/ajherman/miniconda3/envs/pytorch/lib/python3.11/site-packages/torchvision/image.so: undefined symbol: _ZN5torch3jit17parseSchemaOrNameERKNSt7__cxx1112basic_stringIcSt11char_traitsIcESaIcEEE'If you don't plan on using image functionality from `torchvision.io`, you can ignore this warning. Otherwise, there might be something wrong with your environment. Did you have `libjpeg` or `libpng` installed before building `torchvision` from source?
  warn(
Random seed set as 42
dt =  0.3934693402873666
trace decay =  0.5737534207374327
Random seed set as 42
Random seed set as 42
dt =  0.3934693402873666
trace decay =  0.5737534207374327
Random seed set as 42
Train Epoch: 2 [20000/60000 (33%)]	Loss: 0.291917
Train Epoch: 2 [40000/60000 (67%)]	Loss: 0.285519
Train Epoch: 2 [60000/60000 (100%)]	Loss: 0.269561

Average Training loss: 0.0014, Training Error Rate: 29.07% (17442/60000)


Average Test loss: 0.0003, Test Error Rate: 25.83% (2583/10000)

Train Epoch: 3 [20000/60000 (33%)]	Loss: 0.266858
Train Epoch: 3 [40000/60000 (67%)]	Loss: 0.246233
Train Epoch: 3 [60000/60000 (100%)]	Loss: 0.231453

Average Training loss: 0.0013, Training Error Rate: 24.80% (14881/60000)


Average Test loss: 0.0002, Test Error Rate: 21.95% (2195/10000)

Train Epoch: 4 [20000/60000 (33%)]	Loss: 0.239020
Train Epoch: 4 [40000/60000 (67%)]	Loss: 0.226830
Train Epoch: 4 [60000/60000 (100%)]	Loss: 0.220733

Average Training loss: 0.0012, Training Error Rate: 22.21% (13328/60000)


Average Test loss: 0.0002, Test Error Rate: 19.83% (1983/10000)

Train Epoch: 5 [20000/60000 (33%)]	Loss: 0.227255
Train Epoch: 5 [40000/60000 (67%)]	Loss: 0.200324
Train Epoch: 5 [60000/60000 (100%)]	Loss: 0.212185

Average Training loss: 0.0011, Training Error Rate: 20.78% (12467/60000)


Average Test loss: 0.0002, Test Error Rate: 18.22% (1822/10000)

Train Epoch: 6 [20000/60000 (33%)]	Loss: 0.213198
Train Epoch: 6 [40000/60000 (67%)]	Loss: 0.209146
Train Epoch: 6 [60000/60000 (100%)]	Loss: 0.188934

Average Training loss: 0.0011, Training Error Rate: 19.41% (11644/60000)


Average Test loss: 0.0002, Test Error Rate: 17.94% (1794/10000)

Train Epoch: 7 [20000/60000 (33%)]	Loss: 0.206521
Train Epoch: 7 [40000/60000 (67%)]	Loss: 0.197851
Train Epoch: 7 [60000/60000 (100%)]	Loss: 0.207529

Average Training loss: 0.0010, Training Error Rate: 18.61% (11163/60000)


Average Test loss: 0.0002, Test Error Rate: 16.81% (1681/10000)

Train Epoch: 8 [20000/60000 (33%)]	Loss: 0.192895
Train Epoch: 8 [40000/60000 (67%)]	Loss: 0.181132
Train Epoch: 8 [60000/60000 (100%)]	Loss: 0.190494

Average Training loss: 0.0010, Training Error Rate: 17.84% (10707/60000)


Average Test loss: 0.0002, Test Error Rate: 16.53% (1653/10000)

Train Epoch: 9 [20000/60000 (33%)]	Loss: 0.196309
Train Epoch: 9 [40000/60000 (67%)]	Loss: 0.192664
Train Epoch: 9 [60000/60000 (100%)]	Loss: 0.180876

Average Training loss: 0.0010, Training Error Rate: 17.25% (10348/60000)


Average Test loss: 0.0002, Test Error Rate: 15.90% (1590/10000)

Train Epoch: 10 [20000/60000 (33%)]	Loss: 0.187776
Train Epoch: 10 [40000/60000 (67%)]	Loss: 0.174747
Train Epoch: 10 [60000/60000 (100%)]	Loss: 0.189321

Average Training loss: 0.0009, Training Error Rate: 16.70% (10019/60000)


Average Test loss: 0.0002, Test Error Rate: 14.85% (1485/10000)

Train Epoch: 11 [20000/60000 (33%)]	Loss: 0.188793
Train Epoch: 11 [40000/60000 (67%)]	Loss: 0.182651
Train Epoch: 11 [60000/60000 (100%)]	Loss: 0.175038

Average Training loss: 0.0009, Training Error Rate: 16.25% (9751/60000)


Average Test loss: 0.0002, Test Error Rate: 15.39% (1539/10000)

Train Epoch: 12 [20000/60000 (33%)]	Loss: 0.185358
Train Epoch: 12 [40000/60000 (67%)]	Loss: 0.158947
Train Epoch: 12 [60000/60000 (100%)]	Loss: 0.193005

Average Training loss: 0.0009, Training Error Rate: 15.77% (9461/60000)


Average Test loss: 0.0002, Test Error Rate: 14.51% (1451/10000)

Train Epoch: 13 [20000/60000 (33%)]	Loss: 0.173123
Train Epoch: 13 [40000/60000 (67%)]	Loss: 0.171375
Train Epoch: 13 [60000/60000 (100%)]	Loss: 0.160033

Average Training loss: 0.0009, Training Error Rate: 15.56% (9338/60000)


Average Test loss: 0.0002, Test Error Rate: 14.21% (1421/10000)

Train Epoch: 14 [20000/60000 (33%)]	Loss: 0.168095
Train Epoch: 14 [40000/60000 (67%)]	Loss: 0.179838
Train Epoch: 14 [60000/60000 (100%)]	Loss: 0.156388

Average Training loss: 0.0009, Training Error Rate: 15.27% (9159/60000)


Average Test loss: 0.0002, Test Error Rate: 14.32% (1432/10000)

Train Epoch: 15 [20000/60000 (33%)]	Loss: 0.167766
Train Epoch: 15 [40000/60000 (67%)]	Loss: 0.170567
Train Epoch: 15 [60000/60000 (100%)]	Loss: 0.178187

Average Training loss: 0.0008, Training Error Rate: 14.98% (8986/60000)


Average Test loss: 0.0002, Test Error Rate: 13.74% (1374/10000)

Train Epoch: 16 [20000/60000 (33%)]	Loss: 0.144645
Train Epoch: 16 [40000/60000 (67%)]	Loss: 0.166393
Train Epoch: 16 [60000/60000 (100%)]	Loss: 0.174196

Average Training loss: 0.0008, Training Error Rate: 14.76% (8853/60000)


Average Test loss: 0.0002, Test Error Rate: 13.41% (1341/10000)

Train Epoch: 17 [20000/60000 (33%)]	Loss: 0.159349
Train Epoch: 17 [40000/60000 (67%)]	Loss: 0.166999
Train Epoch: 17 [60000/60000 (100%)]	Loss: 0.172401

Average Training loss: 0.0008, Training Error Rate: 14.44% (8663/60000)


Average Test loss: 0.0002, Test Error Rate: 13.45% (1345/10000)

Train Epoch: 18 [20000/60000 (33%)]	Loss: 0.156850
Train Epoch: 18 [40000/60000 (67%)]	Loss: 0.176303
Train Epoch: 18 [60000/60000 (100%)]	Loss: 0.165286

Average Training loss: 0.0008, Training Error Rate: 14.16% (8496/60000)


Average Test loss: 0.0002, Test Error Rate: 13.10% (1310/10000)

Train Epoch: 19 [20000/60000 (33%)]	Loss: 0.169660
Train Epoch: 19 [40000/60000 (67%)]	Loss: 0.161656
Train Epoch: 19 [60000/60000 (100%)]	Loss: 0.155183

Average Training loss: 0.0008, Training Error Rate: 14.07% (8444/60000)


Average Test loss: 0.0002, Test Error Rate: 13.06% (1306/10000)

Train Epoch: 20 [20000/60000 (33%)]	Loss: 0.151812
Train Epoch: 20 [40000/60000 (67%)]	Loss: 0.146399
Train Epoch: 20 [60000/60000 (100%)]	Loss: 0.167396

Average Training loss: 0.0008, Training Error Rate: 14.03% (8419/60000)


Average Test loss: 0.0002, Test Error Rate: 12.91% (1291/10000)

Train Epoch: 21 [20000/60000 (33%)]	Loss: 0.174230
Train Epoch: 21 [40000/60000 (67%)]	Loss: 0.157495
Train Epoch: 21 [60000/60000 (100%)]	Loss: 0.173700

Average Training loss: 0.0008, Training Error Rate: 13.84% (8301/60000)


Average Test loss: 0.0002, Test Error Rate: 12.70% (1270/10000)

Train Epoch: 22 [20000/60000 (33%)]	Loss: 0.165329
Train Epoch: 22 [40000/60000 (67%)]	Loss: 0.174411
Train Epoch: 22 [60000/60000 (100%)]	Loss: 0.158390

Average Training loss: 0.0008, Training Error Rate: 13.71% (8226/60000)


Average Test loss: 0.0002, Test Error Rate: 12.99% (1299/10000)

Train Epoch: 23 [20000/60000 (33%)]	Loss: 0.147625
Train Epoch: 23 [40000/60000 (67%)]	Loss: 0.162676
Train Epoch: 23 [60000/60000 (100%)]	Loss: 0.155364

Average Training loss: 0.0008, Training Error Rate: 13.53% (8120/60000)


Average Test loss: 0.0002, Test Error Rate: 12.79% (1279/10000)

Train Epoch: 24 [20000/60000 (33%)]	Loss: 0.166767
Train Epoch: 24 [40000/60000 (67%)]	Loss: 0.171109
Train Epoch: 24 [60000/60000 (100%)]	Loss: 0.149229

Average Training loss: 0.0008, Training Error Rate: 13.40% (8041/60000)


Average Test loss: 0.0001, Test Error Rate: 12.55% (1255/10000)

Train Epoch: 25 [20000/60000 (33%)]	Loss: 0.154361
Train Epoch: 25 [40000/60000 (67%)]	Loss: 0.146811
Train Epoch: 25 [60000/60000 (100%)]	Loss: 0.143504

Average Training loss: 0.0008, Training Error Rate: 13.21% (7925/60000)


Average Test loss: 0.0001, Test Error Rate: 12.21% (1221/10000)

Train Epoch: 26 [20000/60000 (33%)]	Loss: 0.159579
Train Epoch: 26 [40000/60000 (67%)]	Loss: 0.144124
Train Epoch: 26 [60000/60000 (100%)]	Loss: 0.148413

Average Training loss: 0.0008, Training Error Rate: 13.18% (7905/60000)


Average Test loss: 0.0001, Test Error Rate: 12.33% (1233/10000)

Train Epoch: 27 [20000/60000 (33%)]	Loss: 0.160883
Train Epoch: 27 [40000/60000 (67%)]	Loss: 0.160268
Train Epoch: 27 [60000/60000 (100%)]	Loss: 0.145846

Average Training loss: 0.0008, Training Error Rate: 12.98% (7788/60000)


Average Test loss: 0.0001, Test Error Rate: 12.00% (1200/10000)

Train Epoch: 28 [20000/60000 (33%)]	Loss: 0.157392
Train Epoch: 28 [40000/60000 (67%)]	Loss: 0.156854
Train Epoch: 28 [60000/60000 (100%)]	Loss: 0.139805

Average Training loss: 0.0007, Training Error Rate: 12.87% (7721/60000)


Average Test loss: 0.0001, Test Error Rate: 12.18% (1218/10000)

Train Epoch: 29 [20000/60000 (33%)]	Loss: 0.143561
Train Epoch: 29 [40000/60000 (67%)]	Loss: 0.139540
Train Epoch: 29 [60000/60000 (100%)]	Loss: 0.152751

Average Training loss: 0.0007, Training Error Rate: 12.90% (7738/60000)


Average Test loss: 0.0001, Test Error Rate: 11.92% (1192/10000)

Train Epoch: 30 [20000/60000 (33%)]	Loss: 0.153450
Train Epoch: 30 [40000/60000 (67%)]	Loss: 0.148377
Train Epoch: 30 [60000/60000 (100%)]	Loss: 0.158764

Average Training loss: 0.0007, Training Error Rate: 12.75% (7652/60000)


Average Test loss: 0.0001, Test Error Rate: 11.72% (1172/10000)

Train Epoch: 31 [20000/60000 (33%)]	Loss: 0.157016
Train Epoch: 31 [40000/60000 (67%)]	Loss: 0.155251
Train Epoch: 31 [60000/60000 (100%)]	Loss: 0.142463

Average Training loss: 0.0007, Training Error Rate: 12.51% (7507/60000)


Average Test loss: 0.0001, Test Error Rate: 11.91% (1191/10000)

Train Epoch: 32 [20000/60000 (33%)]	Loss: 0.144227
Train Epoch: 32 [40000/60000 (67%)]	Loss: 0.135611
Train Epoch: 32 [60000/60000 (100%)]	Loss: 0.137017

Average Training loss: 0.0007, Training Error Rate: 12.55% (7530/60000)


Average Test loss: 0.0001, Test Error Rate: 11.53% (1153/10000)

Train Epoch: 33 [20000/60000 (33%)]	Loss: 0.134992
Train Epoch: 33 [40000/60000 (67%)]	Loss: 0.168917
Train Epoch: 33 [60000/60000 (100%)]	Loss: 0.134242

Average Training loss: 0.0007, Training Error Rate: 12.53% (7520/60000)


Average Test loss: 0.0001, Test Error Rate: 11.45% (1145/10000)

Train Epoch: 34 [20000/60000 (33%)]	Loss: 0.127885
Train Epoch: 34 [40000/60000 (67%)]	Loss: 0.143494
Train Epoch: 34 [60000/60000 (100%)]	Loss: 0.144906

Average Training loss: 0.0007, Training Error Rate: 12.44% (7461/60000)


Average Test loss: 0.0001, Test Error Rate: 11.61% (1161/10000)

Train Epoch: 35 [20000/60000 (33%)]	Loss: 0.139546
Train Epoch: 35 [40000/60000 (67%)]	Loss: 0.138396
Train Epoch: 35 [60000/60000 (100%)]	Loss: 0.153317

Average Training loss: 0.0007, Training Error Rate: 12.33% (7398/60000)


Average Test loss: 0.0001, Test Error Rate: 11.65% (1165/10000)

Train Epoch: 36 [20000/60000 (33%)]	Loss: 0.154493
Train Epoch: 36 [40000/60000 (67%)]	Loss: 0.144244
Train Epoch: 36 [60000/60000 (100%)]	Loss: 0.145870

Average Training loss: 0.0007, Training Error Rate: 12.35% (7407/60000)


Average Test loss: 0.0001, Test Error Rate: 11.63% (1163/10000)

Train Epoch: 37 [20000/60000 (33%)]	Loss: 0.164604
Train Epoch: 37 [40000/60000 (67%)]	Loss: 0.118558
Train Epoch: 37 [60000/60000 (100%)]	Loss: 0.149843

Average Training loss: 0.0007, Training Error Rate: 12.16% (7294/60000)


Average Test loss: 0.0001, Test Error Rate: 11.41% (1141/10000)

Train Epoch: 38 [20000/60000 (33%)]	Loss: 0.140545
Train Epoch: 38 [40000/60000 (67%)]	Loss: 0.142669
Train Epoch: 38 [60000/60000 (100%)]	Loss: 0.153040

Average Training loss: 0.0007, Training Error Rate: 11.90% (7142/60000)


Average Test loss: 0.0001, Test Error Rate: 11.18% (1118/10000)

Train Epoch: 39 [20000/60000 (33%)]	Loss: 0.126227
Train Epoch: 39 [40000/60000 (67%)]	Loss: 0.140848
Train Epoch: 39 [60000/60000 (100%)]	Loss: 0.146863

Average Training loss: 0.0007, Training Error Rate: 12.11% (7263/60000)


Average Test loss: 0.0001, Test Error Rate: 11.33% (1133/10000)

Train Epoch: 40 [20000/60000 (33%)]	Loss: 0.135423
Train Epoch: 40 [40000/60000 (67%)]	Loss: 0.137069
Train Epoch: 40 [60000/60000 (100%)]	Loss: 0.125824

Average Training loss: 0.0007, Training Error Rate: 11.88% (7130/60000)


Average Test loss: 0.0001, Test Error Rate: 11.07% (1107/10000)

Train Epoch: 41 [20000/60000 (33%)]	Loss: 0.134806
Train Epoch: 41 [40000/60000 (67%)]	Loss: 0.130908
Train Epoch: 41 [60000/60000 (100%)]	Loss: 0.130917

Average Training loss: 0.0007, Training Error Rate: 11.66% (6996/60000)


Average Test loss: 0.0001, Test Error Rate: 10.96% (1096/10000)

Train Epoch: 42 [20000/60000 (33%)]	Loss: 0.149929
Train Epoch: 42 [40000/60000 (67%)]	Loss: 0.141819
Train Epoch: 42 [60000/60000 (100%)]	Loss: 0.136348

Average Training loss: 0.0007, Training Error Rate: 11.75% (7052/60000)


Average Test loss: 0.0001, Test Error Rate: 10.92% (1092/10000)

Train Epoch: 43 [20000/60000 (33%)]	Loss: 0.146226
Train Epoch: 43 [40000/60000 (67%)]	Loss: 0.139611
Train Epoch: 43 [60000/60000 (100%)]	Loss: 0.148506

Average Training loss: 0.0007, Training Error Rate: 11.79% (7075/60000)


Average Test loss: 0.0001, Test Error Rate: 10.92% (1092/10000)

Train Epoch: 44 [20000/60000 (33%)]	Loss: 0.127328
Train Epoch: 44 [40000/60000 (67%)]	Loss: 0.136440
Train Epoch: 44 [60000/60000 (100%)]	Loss: 0.154307

Average Training loss: 0.0007, Training Error Rate: 11.60% (6959/60000)


Average Test loss: 0.0001, Test Error Rate: 10.82% (1082/10000)

Train Epoch: 45 [20000/60000 (33%)]	Loss: 0.145431
Train Epoch: 45 [40000/60000 (67%)]	Loss: 0.141100
Train Epoch: 45 [60000/60000 (100%)]	Loss: 0.121426

Average Training loss: 0.0007, Training Error Rate: 11.68% (7006/60000)


Average Test loss: 0.0001, Test Error Rate: 10.74% (1074/10000)

Train Epoch: 46 [20000/60000 (33%)]	Loss: 0.123630
Train Epoch: 46 [40000/60000 (67%)]	Loss: 0.113921
Train Epoch: 46 [60000/60000 (100%)]	Loss: 0.116545

Average Training loss: 0.0007, Training Error Rate: 11.55% (6929/60000)


Average Test loss: 0.0001, Test Error Rate: 10.83% (1083/10000)

Train Epoch: 47 [20000/60000 (33%)]	Loss: 0.128115
Train Epoch: 47 [40000/60000 (67%)]	Loss: 0.142890
Train Epoch: 47 [60000/60000 (100%)]	Loss: 0.125269

Average Training loss: 0.0007, Training Error Rate: 11.43% (6857/60000)


Average Test loss: 0.0001, Test Error Rate: 10.43% (1043/10000)

Train Epoch: 48 [20000/60000 (33%)]	Loss: 0.105258
Train Epoch: 48 [40000/60000 (67%)]	Loss: 0.144956
Train Epoch: 48 [60000/60000 (100%)]	Loss: 0.149468

Average Training loss: 0.0007, Training Error Rate: 11.35% (6808/60000)


Average Test loss: 0.0001, Test Error Rate: 10.58% (1058/10000)

Train Epoch: 49 [20000/60000 (33%)]	Loss: 0.137789
Train Epoch: 49 [40000/60000 (67%)]	Loss: 0.128068
Train Epoch: 49 [60000/60000 (100%)]	Loss: 0.127982

Average Training loss: 0.0007, Training Error Rate: 11.42% (6854/60000)


Average Test loss: 0.0001, Test Error Rate: 10.54% (1054/10000)

Train Epoch: 50 [20000/60000 (33%)]	Loss: 0.126318
Train Epoch: 50 [40000/60000 (67%)]	Loss: 0.123488
Train Epoch: 50 [60000/60000 (100%)]	Loss: 0.123016

Average Training loss: 0.0007, Training Error Rate: 11.36% (6813/60000)


Average Test loss: 0.0001, Test Error Rate: 10.52% (1052/10000)

Train Epoch: 51 [20000/60000 (33%)]	Loss: 0.134673
Train Epoch: 51 [40000/60000 (67%)]	Loss: 0.138017
Train Epoch: 51 [60000/60000 (100%)]	Loss: 0.129541

Average Training loss: 0.0007, Training Error Rate: 11.21% (6723/60000)


Average Test loss: 0.0001, Test Error Rate: 10.37% (1037/10000)

Train Epoch: 52 [20000/60000 (33%)]	Loss: 0.122286
Train Epoch: 52 [40000/60000 (67%)]	Loss: 0.114257
Train Epoch: 52 [60000/60000 (100%)]	Loss: 0.137234

Average Training loss: 0.0006, Training Error Rate: 11.23% (6740/60000)


Average Test loss: 0.0001, Test Error Rate: 10.24% (1024/10000)

Train Epoch: 53 [20000/60000 (33%)]	Loss: 0.131698
Train Epoch: 53 [40000/60000 (67%)]	Loss: 0.143170
Train Epoch: 53 [60000/60000 (100%)]	Loss: 0.138863

Average Training loss: 0.0006, Training Error Rate: 11.11% (6664/60000)


Average Test loss: 0.0001, Test Error Rate: 10.41% (1041/10000)

Train Epoch: 54 [20000/60000 (33%)]	Loss: 0.136523
Train Epoch: 54 [40000/60000 (67%)]	Loss: 0.130048
Train Epoch: 54 [60000/60000 (100%)]	Loss: 0.134206

Average Training loss: 0.0006, Training Error Rate: 11.09% (6651/60000)


Average Test loss: 0.0001, Test Error Rate: 10.00% (1000/10000)

Train Epoch: 55 [20000/60000 (33%)]	Loss: 0.132250
Train Epoch: 55 [40000/60000 (67%)]	Loss: 0.145651
Train Epoch: 55 [60000/60000 (100%)]	Loss: 0.135153

Average Training loss: 0.0006, Training Error Rate: 10.98% (6588/60000)


Average Test loss: 0.0001, Test Error Rate: 10.28% (1028/10000)

Train Epoch: 56 [20000/60000 (33%)]	Loss: 0.147180
Train Epoch: 56 [40000/60000 (67%)]	Loss: 0.119294
Train Epoch: 56 [60000/60000 (100%)]	Loss: 0.129682

Average Training loss: 0.0006, Training Error Rate: 10.98% (6590/60000)


Average Test loss: 0.0001, Test Error Rate: 10.07% (1007/10000)

Train Epoch: 57 [20000/60000 (33%)]	Loss: 0.125852
Train Epoch: 57 [40000/60000 (67%)]	Loss: 0.119844
Train Epoch: 57 [60000/60000 (100%)]	Loss: 0.125566

Average Training loss: 0.0006, Training Error Rate: 10.91% (6548/60000)


Average Test loss: 0.0001, Test Error Rate: 10.03% (1003/10000)

Train Epoch: 58 [20000/60000 (33%)]	Loss: 0.129827
Train Epoch: 58 [40000/60000 (67%)]	Loss: 0.119674
Train Epoch: 58 [60000/60000 (100%)]	Loss: 0.104650

Average Training loss: 0.0006, Training Error Rate: 10.93% (6557/60000)


Average Test loss: 0.0001, Test Error Rate: 10.18% (1018/10000)

Train Epoch: 59 [20000/60000 (33%)]	Loss: 0.129089
Train Epoch: 59 [40000/60000 (67%)]	Loss: 0.117386
Train Epoch: 59 [60000/60000 (100%)]	Loss: 0.117257

Average Training loss: 0.0006, Training Error Rate: 10.88% (6525/60000)


Average Test loss: 0.0001, Test Error Rate: 9.94% (994/10000)

Train Epoch: 60 [20000/60000 (33%)]	Loss: 0.135376
Train Epoch: 60 [40000/60000 (67%)]	Loss: 0.118614
Train Epoch: 60 [60000/60000 (100%)]	Loss: 0.123579

Average Training loss: 0.0006, Training Error Rate: 10.80% (6482/60000)


Average Test loss: 0.0001, Test Error Rate: 10.08% (1008/10000)

Train Epoch: 61 [20000/60000 (33%)]	Loss: 0.124543
Train Epoch: 61 [40000/60000 (67%)]	Loss: 0.115907
Train Epoch: 61 [60000/60000 (100%)]	Loss: 0.142560

Average Training loss: 0.0006, Training Error Rate: 10.79% (6471/60000)


Average Test loss: 0.0001, Test Error Rate: 9.94% (994/10000)

Train Epoch: 62 [20000/60000 (33%)]	Loss: 0.104598
Train Epoch: 62 [40000/60000 (67%)]	Loss: 0.121535
Train Epoch: 62 [60000/60000 (100%)]	Loss: 0.118248

Average Training loss: 0.0006, Training Error Rate: 10.74% (6444/60000)


Average Test loss: 0.0001, Test Error Rate: 9.97% (997/10000)

Train Epoch: 63 [20000/60000 (33%)]	Loss: 0.116962
Train Epoch: 63 [40000/60000 (67%)]	Loss: 0.125467
Train Epoch: 63 [60000/60000 (100%)]	Loss: 0.119946

Average Training loss: 0.0006, Training Error Rate: 10.79% (6473/60000)


Average Test loss: 0.0001, Test Error Rate: 9.87% (987/10000)

Train Epoch: 64 [20000/60000 (33%)]	Loss: 0.137431
Train Epoch: 64 [40000/60000 (67%)]	Loss: 0.133979
Train Epoch: 64 [60000/60000 (100%)]	Loss: 0.130873

Average Training loss: 0.0006, Training Error Rate: 10.75% (6452/60000)


Average Test loss: 0.0001, Test Error Rate: 9.92% (992/10000)

Train Epoch: 65 [20000/60000 (33%)]	Loss: 0.120581
Train Epoch: 65 [40000/60000 (67%)]	Loss: 0.111536
Train Epoch: 65 [60000/60000 (100%)]	Loss: 0.120260

Average Training loss: 0.0006, Training Error Rate: 10.47% (6284/60000)


Average Test loss: 0.0001, Test Error Rate: 9.94% (994/10000)

Train Epoch: 66 [20000/60000 (33%)]	Loss: 0.145565
Train Epoch: 66 [40000/60000 (67%)]	Loss: 0.109036
Train Epoch: 66 [60000/60000 (100%)]	Loss: 0.112133

Average Training loss: 0.0006, Training Error Rate: 10.57% (6340/60000)


Average Test loss: 0.0001, Test Error Rate: 9.87% (987/10000)

Train Epoch: 67 [20000/60000 (33%)]	Loss: 0.121396
Train Epoch: 67 [40000/60000 (67%)]	Loss: 0.119335
Train Epoch: 67 [60000/60000 (100%)]	Loss: 0.105818

Average Training loss: 0.0006, Training Error Rate: 10.51% (6305/60000)


Average Test loss: 0.0001, Test Error Rate: 9.94% (994/10000)

Train Epoch: 68 [20000/60000 (33%)]	Loss: 0.127589
Train Epoch: 68 [40000/60000 (67%)]	Loss: 0.127885
Train Epoch: 68 [60000/60000 (100%)]	Loss: 0.115737

Average Training loss: 0.0006, Training Error Rate: 10.53% (6319/60000)


Average Test loss: 0.0001, Test Error Rate: 9.67% (967/10000)

Train Epoch: 69 [20000/60000 (33%)]	Loss: 0.117863
Train Epoch: 69 [40000/60000 (67%)]	Loss: 0.129770
Train Epoch: 69 [60000/60000 (100%)]	Loss: 0.109906

Average Training loss: 0.0006, Training Error Rate: 10.48% (6289/60000)


Average Test loss: 0.0001, Test Error Rate: 9.67% (967/10000)

Train Epoch: 70 [20000/60000 (33%)]	Loss: 0.118790
Train Epoch: 70 [40000/60000 (67%)]	Loss: 0.105907
Train Epoch: 70 [60000/60000 (100%)]	Loss: 0.124449

Average Training loss: 0.0006, Training Error Rate: 10.45% (6270/60000)


Average Test loss: 0.0001, Test Error Rate: 9.93% (993/10000)

Train Epoch: 71 [20000/60000 (33%)]	Loss: 0.126810
Train Epoch: 71 [40000/60000 (67%)]	Loss: 0.118661
Train Epoch: 71 [60000/60000 (100%)]	Loss: 0.116989

Average Training loss: 0.0006, Training Error Rate: 10.44% (6265/60000)


Average Test loss: 0.0001, Test Error Rate: 9.51% (951/10000)

Train Epoch: 72 [20000/60000 (33%)]	Loss: 0.123407
Train Epoch: 72 [40000/60000 (67%)]	Loss: 0.117166
Train Epoch: 72 [60000/60000 (100%)]	Loss: 0.113087

Average Training loss: 0.0006, Training Error Rate: 10.38% (6227/60000)


Average Test loss: 0.0001, Test Error Rate: 9.74% (974/10000)

Train Epoch: 73 [20000/60000 (33%)]	Loss: 0.123850
Train Epoch: 73 [40000/60000 (67%)]	Loss: 0.125162
Train Epoch: 73 [60000/60000 (100%)]	Loss: 0.116517

Average Training loss: 0.0006, Training Error Rate: 10.20% (6120/60000)


Average Test loss: 0.0001, Test Error Rate: 9.54% (954/10000)

Train Epoch: 74 [20000/60000 (33%)]	Loss: 0.123250
Train Epoch: 74 [40000/60000 (67%)]	Loss: 0.124312
Train Epoch: 74 [60000/60000 (100%)]	Loss: 0.145280

Average Training loss: 0.0006, Training Error Rate: 10.27% (6163/60000)


Average Test loss: 0.0001, Test Error Rate: 9.59% (959/10000)

Train Epoch: 75 [20000/60000 (33%)]	Loss: 0.116175
Train Epoch: 75 [40000/60000 (67%)]	Loss: 0.119224
Train Epoch: 75 [60000/60000 (100%)]	Loss: 0.097049

Average Training loss: 0.0006, Training Error Rate: 10.30% (6180/60000)


Average Test loss: 0.0001, Test Error Rate: 9.55% (955/10000)

Train Epoch: 76 [20000/60000 (33%)]	Loss: 0.097228
Train Epoch: 76 [40000/60000 (67%)]	Loss: 0.145092
Train Epoch: 76 [60000/60000 (100%)]	Loss: 0.110129

Average Training loss: 0.0006, Training Error Rate: 10.25% (6149/60000)


Average Test loss: 0.0001, Test Error Rate: 9.42% (942/10000)

Train Epoch: 77 [20000/60000 (33%)]	Loss: 0.124814
Train Epoch: 77 [40000/60000 (67%)]	Loss: 0.113809
Train Epoch: 77 [60000/60000 (100%)]	Loss: 0.135641

Average Training loss: 0.0006, Training Error Rate: 10.23% (6137/60000)


Average Test loss: 0.0001, Test Error Rate: 9.45% (945/10000)

Train Epoch: 78 [20000/60000 (33%)]	Loss: 0.099998
Train Epoch: 78 [40000/60000 (67%)]	Loss: 0.085081
Train Epoch: 78 [60000/60000 (100%)]	Loss: 0.128792

Average Training loss: 0.0006, Training Error Rate: 10.22% (6131/60000)


Average Test loss: 0.0001, Test Error Rate: 9.37% (937/10000)

Train Epoch: 79 [20000/60000 (33%)]	Loss: 0.105933
Train Epoch: 79 [40000/60000 (67%)]	Loss: 0.117821
Train Epoch: 79 [60000/60000 (100%)]	Loss: 0.104925

Average Training loss: 0.0006, Training Error Rate: 10.13% (6079/60000)


Average Test loss: 0.0001, Test Error Rate: 9.48% (948/10000)

