/vast/home/ajherman/miniconda3/envs/pytorch/lib/python3.11/site-packages/torchvision/io/image.py:13: UserWarning: Failed to load image Python extension: '/vast/home/ajherman/miniconda3/envs/pytorch/lib/python3.11/site-packages/torchvision/image.so: undefined symbol: _ZN5torch3jit17parseSchemaOrNameERKNSt7__cxx1112basic_stringIcSt11char_traitsIcESaIcEEE'If you don't plan on using image functionality from `torchvision.io`, you can ignore this warning. Otherwise, there might be something wrong with your environment. Did you have `libjpeg` or `libpng` installed before building `torchvision` from source?
  warn(
Random seed set as 42
dt =  0.6321205588285577
trace decay =  0.5737534207374327
Random seed set as 42
Random seed set as 42
dt =  0.6321205588285577
trace decay =  0.5737534207374327
Random seed set as 42
Train Epoch: 0 [20000/60000 (33%)]	Loss: 0.446355
Train Epoch: 0 [40000/60000 (67%)]	Loss: 0.437593
Train Epoch: 0 [60000/60000 (100%)]	Loss: 0.394656

Average Training loss: 0.0022, Training Error Rate: 72.03% (43218/60000)


Average Test loss: 0.0004, Test Error Rate: 55.09% (5509/10000)

Train Epoch: 1 [20000/60000 (33%)]	Loss: 0.382267
Train Epoch: 1 [40000/60000 (67%)]	Loss: 0.350440
Train Epoch: 1 [60000/60000 (100%)]	Loss: 0.332476

Average Training loss: 0.0019, Training Error Rate: 47.11% (28268/60000)


Average Test loss: 0.0003, Test Error Rate: 40.11% (4011/10000)

Train Epoch: 2 [20000/60000 (33%)]	Loss: 0.314715
Train Epoch: 2 [40000/60000 (67%)]	Loss: 0.321033
Train Epoch: 2 [60000/60000 (100%)]	Loss: 0.321988

Average Training loss: 0.0016, Training Error Rate: 36.62% (21970/60000)


Average Test loss: 0.0003, Test Error Rate: 31.95% (3195/10000)

Train Epoch: 3 [20000/60000 (33%)]	Loss: 0.305578
Train Epoch: 3 [40000/60000 (67%)]	Loss: 0.285867
Train Epoch: 3 [60000/60000 (100%)]	Loss: 0.291544

Average Training loss: 0.0015, Training Error Rate: 31.13% (18678/60000)


Average Test loss: 0.0003, Test Error Rate: 28.16% (2816/10000)

Train Epoch: 4 [20000/60000 (33%)]	Loss: 0.284643
Train Epoch: 4 [40000/60000 (67%)]	Loss: 0.289688
Train Epoch: 4 [60000/60000 (100%)]	Loss: 0.278958

Average Training loss: 0.0014, Training Error Rate: 28.25% (16948/60000)


Average Test loss: 0.0003, Test Error Rate: 26.24% (2624/10000)

Train Epoch: 5 [20000/60000 (33%)]	Loss: 0.267931
Train Epoch: 5 [40000/60000 (67%)]	Loss: 0.266742
Train Epoch: 5 [60000/60000 (100%)]	Loss: 0.278203

Average Training loss: 0.0014, Training Error Rate: 26.06% (15637/60000)


Average Test loss: 0.0003, Test Error Rate: 24.54% (2454/10000)

Train Epoch: 6 [20000/60000 (33%)]	Loss: 0.269742
Train Epoch: 6 [40000/60000 (67%)]	Loss: 0.258041
Train Epoch: 6 [60000/60000 (100%)]	Loss: 0.241233

Average Training loss: 0.0013, Training Error Rate: 24.51% (14706/60000)


Average Test loss: 0.0003, Test Error Rate: 22.49% (2249/10000)

Train Epoch: 7 [20000/60000 (33%)]	Loss: 0.258898
Train Epoch: 7 [40000/60000 (67%)]	Loss: 0.274870
Train Epoch: 7 [60000/60000 (100%)]	Loss: 0.250051

Average Training loss: 0.0013, Training Error Rate: 23.32% (13989/60000)


Average Test loss: 0.0002, Test Error Rate: 21.92% (2192/10000)

Train Epoch: 8 [20000/60000 (33%)]	Loss: 0.234525
Train Epoch: 8 [40000/60000 (67%)]	Loss: 0.247731
Train Epoch: 8 [60000/60000 (100%)]	Loss: 0.249683

Average Training loss: 0.0012, Training Error Rate: 22.41% (13445/60000)


Average Test loss: 0.0002, Test Error Rate: 20.59% (2059/10000)

Train Epoch: 9 [20000/60000 (33%)]	Loss: 0.241426
Train Epoch: 9 [40000/60000 (67%)]	Loss: 0.239618
Train Epoch: 9 [60000/60000 (100%)]	Loss: 0.229318

Average Training loss: 0.0012, Training Error Rate: 21.54% (12926/60000)


Average Test loss: 0.0002, Test Error Rate: 19.74% (1974/10000)

Train Epoch: 10 [20000/60000 (33%)]	Loss: 0.237526
Train Epoch: 10 [40000/60000 (67%)]	Loss: 0.232973
Train Epoch: 10 [60000/60000 (100%)]	Loss: 0.229977

Average Training loss: 0.0012, Training Error Rate: 20.93% (12555/60000)


Average Test loss: 0.0002, Test Error Rate: 19.48% (1948/10000)

Train Epoch: 11 [20000/60000 (33%)]	Loss: 0.216198
Train Epoch: 11 [40000/60000 (67%)]	Loss: 0.245209
Train Epoch: 11 [60000/60000 (100%)]	Loss: 0.226264

Average Training loss: 0.0012, Training Error Rate: 20.37% (12223/60000)


Average Test loss: 0.0002, Test Error Rate: 19.09% (1909/10000)

Train Epoch: 12 [20000/60000 (33%)]	Loss: 0.248889
Train Epoch: 12 [40000/60000 (67%)]	Loss: 0.222198
Train Epoch: 12 [60000/60000 (100%)]	Loss: 0.227215

Average Training loss: 0.0012, Training Error Rate: 19.81% (11884/60000)


Average Test loss: 0.0002, Test Error Rate: 18.53% (1853/10000)

Train Epoch: 13 [20000/60000 (33%)]	Loss: 0.220051
Train Epoch: 13 [40000/60000 (67%)]	Loss: 0.233612
Train Epoch: 13 [60000/60000 (100%)]	Loss: 0.229242

Average Training loss: 0.0011, Training Error Rate: 19.41% (11649/60000)


Average Test loss: 0.0002, Test Error Rate: 17.99% (1799/10000)

Train Epoch: 14 [20000/60000 (33%)]	Loss: 0.233000
Train Epoch: 14 [40000/60000 (67%)]	Loss: 0.241555
Train Epoch: 14 [60000/60000 (100%)]	Loss: 0.224596

Average Training loss: 0.0011, Training Error Rate: 18.86% (11313/60000)


Average Test loss: 0.0002, Test Error Rate: 17.72% (1772/10000)

Train Epoch: 15 [20000/60000 (33%)]	Loss: 0.226289
Train Epoch: 15 [40000/60000 (67%)]	Loss: 0.229503
Train Epoch: 15 [60000/60000 (100%)]	Loss: 0.218497

Average Training loss: 0.0011, Training Error Rate: 18.68% (11208/60000)


Average Test loss: 0.0002, Test Error Rate: 17.46% (1746/10000)

Train Epoch: 16 [20000/60000 (33%)]	Loss: 0.218446
Train Epoch: 16 [40000/60000 (67%)]	Loss: 0.230728
Train Epoch: 16 [60000/60000 (100%)]	Loss: 0.210792

Average Training loss: 0.0011, Training Error Rate: 18.30% (10983/60000)


Average Test loss: 0.0002, Test Error Rate: 17.22% (1722/10000)

Train Epoch: 17 [20000/60000 (33%)]	Loss: 0.222969
Train Epoch: 17 [40000/60000 (67%)]	Loss: 0.216059
Train Epoch: 17 [60000/60000 (100%)]	Loss: 0.208161

Average Training loss: 0.0011, Training Error Rate: 18.04% (10822/60000)


Average Test loss: 0.0002, Test Error Rate: 17.10% (1710/10000)

Train Epoch: 18 [20000/60000 (33%)]	Loss: 0.195344
Train Epoch: 18 [40000/60000 (67%)]	Loss: 0.218029
Train Epoch: 18 [60000/60000 (100%)]	Loss: 0.209302

Average Training loss: 0.0011, Training Error Rate: 17.98% (10785/60000)


Average Test loss: 0.0002, Test Error Rate: 16.82% (1682/10000)

Train Epoch: 19 [20000/60000 (33%)]	Loss: 0.221668
Train Epoch: 19 [40000/60000 (67%)]	Loss: 0.207040
Train Epoch: 19 [60000/60000 (100%)]	Loss: 0.213761

Average Training loss: 0.0011, Training Error Rate: 17.38% (10428/60000)


Average Test loss: 0.0002, Test Error Rate: 16.24% (1624/10000)

Train Epoch: 20 [20000/60000 (33%)]	Loss: 0.207643
Train Epoch: 20 [40000/60000 (67%)]	Loss: 0.218350
Train Epoch: 20 [60000/60000 (100%)]	Loss: 0.205398

Average Training loss: 0.0010, Training Error Rate: 17.10% (10262/60000)


Average Test loss: 0.0002, Test Error Rate: 16.18% (1618/10000)

Train Epoch: 21 [20000/60000 (33%)]	Loss: 0.212050
Train Epoch: 21 [40000/60000 (67%)]	Loss: 0.210191
Train Epoch: 21 [60000/60000 (100%)]	Loss: 0.212557

Average Training loss: 0.0010, Training Error Rate: 17.17% (10304/60000)


Average Test loss: 0.0002, Test Error Rate: 15.51% (1551/10000)

Train Epoch: 22 [20000/60000 (33%)]	Loss: 0.204033
Train Epoch: 22 [40000/60000 (67%)]	Loss: 0.220923
Train Epoch: 22 [60000/60000 (100%)]	Loss: 0.223067

Average Training loss: 0.0010, Training Error Rate: 16.82% (10090/60000)


Average Test loss: 0.0002, Test Error Rate: 15.40% (1540/10000)

Train Epoch: 23 [20000/60000 (33%)]	Loss: 0.208785
Train Epoch: 23 [40000/60000 (67%)]	Loss: 0.210990
Train Epoch: 23 [60000/60000 (100%)]	Loss: 0.198449

Average Training loss: 0.0010, Training Error Rate: 16.75% (10053/60000)


Average Test loss: 0.0002, Test Error Rate: 15.67% (1567/10000)

Train Epoch: 24 [20000/60000 (33%)]	Loss: 0.198987
Train Epoch: 24 [40000/60000 (67%)]	Loss: 0.219618
Train Epoch: 24 [60000/60000 (100%)]	Loss: 0.200565

Average Training loss: 0.0010, Training Error Rate: 16.50% (9897/60000)


Average Test loss: 0.0002, Test Error Rate: 14.95% (1495/10000)

Train Epoch: 25 [20000/60000 (33%)]	Loss: 0.214476
Train Epoch: 25 [40000/60000 (67%)]	Loss: 0.198492
Train Epoch: 25 [60000/60000 (100%)]	Loss: 0.194703

Average Training loss: 0.0010, Training Error Rate: 16.26% (9758/60000)


Average Test loss: 0.0002, Test Error Rate: 15.10% (1510/10000)

Train Epoch: 26 [20000/60000 (33%)]	Loss: 0.203632
Train Epoch: 26 [40000/60000 (67%)]	Loss: 0.195834
Train Epoch: 26 [60000/60000 (100%)]	Loss: 0.183839

Average Training loss: 0.0010, Training Error Rate: 15.98% (9586/60000)


Average Test loss: 0.0002, Test Error Rate: 14.99% (1499/10000)

Train Epoch: 27 [20000/60000 (33%)]	Loss: 0.173342
Train Epoch: 27 [40000/60000 (67%)]	Loss: 0.202105
Train Epoch: 27 [60000/60000 (100%)]	Loss: 0.201136

Average Training loss: 0.0010, Training Error Rate: 15.95% (9572/60000)


Average Test loss: 0.0002, Test Error Rate: 14.87% (1487/10000)

Train Epoch: 28 [20000/60000 (33%)]	Loss: 0.191601
Train Epoch: 28 [40000/60000 (67%)]	Loss: 0.184695
Train Epoch: 28 [60000/60000 (100%)]	Loss: 0.196085

Average Training loss: 0.0010, Training Error Rate: 15.85% (9509/60000)


Average Test loss: 0.0002, Test Error Rate: 14.73% (1473/10000)

Train Epoch: 29 [20000/60000 (33%)]	Loss: 0.205588
Train Epoch: 29 [40000/60000 (67%)]	Loss: 0.202908
Train Epoch: 29 [60000/60000 (100%)]	Loss: 0.193632

Average Training loss: 0.0010, Training Error Rate: 15.68% (9408/60000)


Average Test loss: 0.0002, Test Error Rate: 14.57% (1457/10000)

Train Epoch: 30 [20000/60000 (33%)]	Loss: 0.180069
Train Epoch: 30 [40000/60000 (67%)]	Loss: 0.191301
Train Epoch: 30 [60000/60000 (100%)]	Loss: 0.208558

Average Training loss: 0.0010, Training Error Rate: 15.38% (9226/60000)


Average Test loss: 0.0002, Test Error Rate: 14.91% (1491/10000)

Train Epoch: 31 [20000/60000 (33%)]	Loss: 0.200762
Train Epoch: 31 [40000/60000 (67%)]	Loss: 0.191809
Train Epoch: 31 [60000/60000 (100%)]	Loss: 0.183608

Average Training loss: 0.0010, Training Error Rate: 15.45% (9267/60000)


Average Test loss: 0.0002, Test Error Rate: 14.25% (1425/10000)

Train Epoch: 32 [20000/60000 (33%)]	Loss: 0.176044
Train Epoch: 32 [40000/60000 (67%)]	Loss: 0.195112
Train Epoch: 32 [60000/60000 (100%)]	Loss: 0.184158

Average Training loss: 0.0010, Training Error Rate: 15.31% (9188/60000)


Average Test loss: 0.0002, Test Error Rate: 14.10% (1410/10000)

Train Epoch: 33 [20000/60000 (33%)]	Loss: 0.206278
Train Epoch: 33 [40000/60000 (67%)]	Loss: 0.175273
Train Epoch: 33 [60000/60000 (100%)]	Loss: 0.183774

Average Training loss: 0.0009, Training Error Rate: 15.25% (9149/60000)


Average Test loss: 0.0002, Test Error Rate: 14.30% (1430/10000)

Train Epoch: 34 [20000/60000 (33%)]	Loss: 0.168959
Train Epoch: 34 [40000/60000 (67%)]	Loss: 0.197138
Train Epoch: 34 [60000/60000 (100%)]	Loss: 0.182319

Average Training loss: 0.0009, Training Error Rate: 15.05% (9033/60000)


Average Test loss: 0.0002, Test Error Rate: 14.44% (1444/10000)

Train Epoch: 35 [20000/60000 (33%)]	Loss: 0.172565
Train Epoch: 35 [40000/60000 (67%)]	Loss: 0.193121
Train Epoch: 35 [60000/60000 (100%)]	Loss: 0.172939

Average Training loss: 0.0009, Training Error Rate: 14.92% (8952/60000)


Average Test loss: 0.0002, Test Error Rate: 13.98% (1398/10000)

Train Epoch: 36 [20000/60000 (33%)]	Loss: 0.176880
Train Epoch: 36 [40000/60000 (67%)]	Loss: 0.179430
Train Epoch: 36 [60000/60000 (100%)]	Loss: 0.181153

Average Training loss: 0.0009, Training Error Rate: 14.98% (8989/60000)


Average Test loss: 0.0002, Test Error Rate: 14.12% (1412/10000)

Train Epoch: 37 [20000/60000 (33%)]	Loss: 0.186099
Train Epoch: 37 [40000/60000 (67%)]	Loss: 0.164361
Train Epoch: 37 [60000/60000 (100%)]	Loss: 0.202567

Average Training loss: 0.0009, Training Error Rate: 14.93% (8959/60000)


Average Test loss: 0.0002, Test Error Rate: 13.78% (1378/10000)

Train Epoch: 38 [20000/60000 (33%)]	Loss: 0.189346
Train Epoch: 38 [40000/60000 (67%)]	Loss: 0.165813
Train Epoch: 38 [60000/60000 (100%)]	Loss: 0.197010

Average Training loss: 0.0009, Training Error Rate: 14.87% (8923/60000)


Average Test loss: 0.0002, Test Error Rate: 13.48% (1348/10000)

Train Epoch: 39 [20000/60000 (33%)]	Loss: 0.178862
Train Epoch: 39 [40000/60000 (67%)]	Loss: 0.183468
Train Epoch: 39 [60000/60000 (100%)]	Loss: 0.192547

Average Training loss: 0.0009, Training Error Rate: 14.58% (8747/60000)


Average Test loss: 0.0002, Test Error Rate: 13.59% (1359/10000)

Train Epoch: 40 [20000/60000 (33%)]	Loss: 0.178615
Train Epoch: 40 [40000/60000 (67%)]	Loss: 0.184261
Train Epoch: 40 [60000/60000 (100%)]	Loss: 0.185309

Average Training loss: 0.0009, Training Error Rate: 14.38% (8627/60000)


Average Test loss: 0.0002, Test Error Rate: 13.72% (1372/10000)

Train Epoch: 41 [20000/60000 (33%)]	Loss: 0.166312
Train Epoch: 41 [40000/60000 (67%)]	Loss: 0.181120
Train Epoch: 41 [60000/60000 (100%)]	Loss: 0.190917

Average Training loss: 0.0009, Training Error Rate: 14.56% (8735/60000)


Average Test loss: 0.0002, Test Error Rate: 13.42% (1342/10000)

Train Epoch: 42 [20000/60000 (33%)]	Loss: 0.182691
Train Epoch: 42 [40000/60000 (67%)]	Loss: 0.190452
Train Epoch: 42 [60000/60000 (100%)]	Loss: 0.186096

Average Training loss: 0.0009, Training Error Rate: 14.37% (8623/60000)


Average Test loss: 0.0002, Test Error Rate: 13.14% (1314/10000)

Train Epoch: 43 [20000/60000 (33%)]	Loss: 0.178656
Train Epoch: 43 [40000/60000 (67%)]	Loss: 0.180080
Train Epoch: 43 [60000/60000 (100%)]	Loss: 0.164978

Average Training loss: 0.0009, Training Error Rate: 14.23% (8538/60000)


Average Test loss: 0.0002, Test Error Rate: 13.04% (1304/10000)

Train Epoch: 44 [20000/60000 (33%)]	Loss: 0.168744
Train Epoch: 44 [40000/60000 (67%)]	Loss: 0.187009
Train Epoch: 44 [60000/60000 (100%)]	Loss: 0.175436

Average Training loss: 0.0009, Training Error Rate: 14.25% (8550/60000)


Average Test loss: 0.0002, Test Error Rate: 12.91% (1291/10000)

Train Epoch: 45 [20000/60000 (33%)]	Loss: 0.175928
Train Epoch: 45 [40000/60000 (67%)]	Loss: 0.172954
Train Epoch: 45 [60000/60000 (100%)]	Loss: 0.174595

Average Training loss: 0.0009, Training Error Rate: 14.07% (8442/60000)


Average Test loss: 0.0002, Test Error Rate: 13.20% (1320/10000)

Train Epoch: 46 [20000/60000 (33%)]	Loss: 0.182352
Train Epoch: 46 [40000/60000 (67%)]	Loss: 0.190086
Train Epoch: 46 [60000/60000 (100%)]	Loss: 0.159936

Average Training loss: 0.0009, Training Error Rate: 14.01% (8406/60000)


Average Test loss: 0.0002, Test Error Rate: 13.18% (1318/10000)

Train Epoch: 47 [20000/60000 (33%)]	Loss: 0.169263
Train Epoch: 47 [40000/60000 (67%)]	Loss: 0.182464
Train Epoch: 47 [60000/60000 (100%)]	Loss: 0.182058

Average Training loss: 0.0009, Training Error Rate: 13.95% (8367/60000)


Average Test loss: 0.0002, Test Error Rate: 13.30% (1330/10000)

Train Epoch: 48 [20000/60000 (33%)]	Loss: 0.178145
Train Epoch: 48 [40000/60000 (67%)]	Loss: 0.164117
Train Epoch: 48 [60000/60000 (100%)]	Loss: 0.165914

Average Training loss: 0.0009, Training Error Rate: 13.74% (8246/60000)


Average Test loss: 0.0002, Test Error Rate: 12.69% (1269/10000)

Train Epoch: 49 [20000/60000 (33%)]	Loss: 0.182425
Train Epoch: 49 [40000/60000 (67%)]	Loss: 0.164211
Train Epoch: 49 [60000/60000 (100%)]	Loss: 0.168485

Average Training loss: 0.0009, Training Error Rate: 13.79% (8276/60000)


Average Test loss: 0.0002, Test Error Rate: 12.94% (1294/10000)

Train Epoch: 50 [20000/60000 (33%)]	Loss: 0.170047
Train Epoch: 50 [40000/60000 (67%)]	Loss: 0.178612
Train Epoch: 50 [60000/60000 (100%)]	Loss: 0.166191

Average Training loss: 0.0009, Training Error Rate: 13.66% (8199/60000)


Average Test loss: 0.0002, Test Error Rate: 12.79% (1279/10000)

Train Epoch: 51 [20000/60000 (33%)]	Loss: 0.172842
Train Epoch: 51 [40000/60000 (67%)]	Loss: 0.182786
Train Epoch: 51 [60000/60000 (100%)]	Loss: 0.153095

Average Training loss: 0.0009, Training Error Rate: 13.72% (8233/60000)


Average Test loss: 0.0002, Test Error Rate: 12.70% (1270/10000)

Train Epoch: 52 [20000/60000 (33%)]	Loss: 0.165022
Train Epoch: 52 [40000/60000 (67%)]	Loss: 0.186814
Train Epoch: 52 [60000/60000 (100%)]	Loss: 0.175551

Average Training loss: 0.0008, Training Error Rate: 13.47% (8084/60000)


Average Test loss: 0.0002, Test Error Rate: 12.56% (1256/10000)

Train Epoch: 53 [20000/60000 (33%)]	Loss: 0.166437
Train Epoch: 53 [40000/60000 (67%)]	Loss: 0.166599
Train Epoch: 53 [60000/60000 (100%)]	Loss: 0.179131

Average Training loss: 0.0008, Training Error Rate: 13.39% (8036/60000)


Average Test loss: 0.0002, Test Error Rate: 12.44% (1244/10000)

Train Epoch: 54 [20000/60000 (33%)]	Loss: 0.164115
Train Epoch: 54 [40000/60000 (67%)]	Loss: 0.170663
Train Epoch: 54 [60000/60000 (100%)]	Loss: 0.157701

Average Training loss: 0.0008, Training Error Rate: 13.40% (8042/60000)


Average Test loss: 0.0002, Test Error Rate: 12.44% (1244/10000)

Train Epoch: 55 [20000/60000 (33%)]	Loss: 0.164317
Train Epoch: 55 [40000/60000 (67%)]	Loss: 0.158326
Train Epoch: 55 [60000/60000 (100%)]	Loss: 0.167986

Average Training loss: 0.0008, Training Error Rate: 13.43% (8058/60000)


Average Test loss: 0.0002, Test Error Rate: 12.20% (1220/10000)

slurmstepd: error: *** STEP 15491636.25 ON cn430 CANCELLED AT 2023-10-02T18:23:32 ***
/vast/home/ajherman/miniconda3/envs/pytorch/lib/python3.11/site-packages/torchvision/io/image.py:13: UserWarning: Failed to load image Python extension: '/vast/home/ajherman/miniconda3/envs/pytorch/lib/python3.11/site-packages/torchvision/image.so: undefined symbol: _ZN5torch3jit17parseSchemaOrNameERKNSt7__cxx1112basic_stringIcSt11char_traitsIcESaIcEEE'If you don't plan on using image functionality from `torchvision.io`, you can ignore this warning. Otherwise, there might be something wrong with your environment. Did you have `libjpeg` or `libpng` installed before building `torchvision` from source?
  warn(
Random seed set as 42
dt =  0.6321205588285577
trace decay =  0.5737534207374327
Random seed set as 42
Random seed set as 42
dt =  0.6321205588285577
trace decay =  0.5737534207374327
Random seed set as 42
Train Epoch: 56 [20000/60000 (33%)]	Loss: 0.167868
Train Epoch: 56 [40000/60000 (67%)]	Loss: 0.167701
Train Epoch: 56 [60000/60000 (100%)]	Loss: 0.172750

Average Training loss: 0.0008, Training Error Rate: 13.31% (7988/60000)


Average Test loss: 0.0002, Test Error Rate: 12.56% (1256/10000)

Train Epoch: 57 [20000/60000 (33%)]	Loss: 0.175251
Train Epoch: 57 [40000/60000 (67%)]	Loss: 0.165508
Train Epoch: 57 [60000/60000 (100%)]	Loss: 0.150298

Average Training loss: 0.0008, Training Error Rate: 13.22% (7930/60000)


Average Test loss: 0.0002, Test Error Rate: 12.35% (1235/10000)

Train Epoch: 58 [20000/60000 (33%)]	Loss: 0.165303
Train Epoch: 58 [40000/60000 (67%)]	Loss: 0.149302
Train Epoch: 58 [60000/60000 (100%)]	Loss: 0.165384

Average Training loss: 0.0008, Training Error Rate: 13.16% (7894/60000)


Average Test loss: 0.0002, Test Error Rate: 12.09% (1209/10000)

Train Epoch: 59 [20000/60000 (33%)]	Loss: 0.166225
Train Epoch: 59 [40000/60000 (67%)]	Loss: 0.147460
Train Epoch: 59 [60000/60000 (100%)]	Loss: 0.160072

Average Training loss: 0.0008, Training Error Rate: 13.16% (7894/60000)


Average Test loss: 0.0002, Test Error Rate: 12.29% (1229/10000)

Train Epoch: 60 [20000/60000 (33%)]	Loss: 0.160589
Train Epoch: 60 [40000/60000 (67%)]	Loss: 0.159037
Train Epoch: 60 [60000/60000 (100%)]	Loss: 0.140175

Average Training loss: 0.0008, Training Error Rate: 13.01% (7803/60000)


Average Test loss: 0.0002, Test Error Rate: 11.93% (1193/10000)

Train Epoch: 61 [20000/60000 (33%)]	Loss: 0.165130
Train Epoch: 61 [40000/60000 (67%)]	Loss: 0.156852
Train Epoch: 61 [60000/60000 (100%)]	Loss: 0.172647

Average Training loss: 0.0008, Training Error Rate: 13.21% (7929/60000)


Average Test loss: 0.0002, Test Error Rate: 12.04% (1204/10000)

Train Epoch: 62 [20000/60000 (33%)]	Loss: 0.160003
Train Epoch: 62 [40000/60000 (67%)]	Loss: 0.143694
Train Epoch: 62 [60000/60000 (100%)]	Loss: 0.151813

Average Training loss: 0.0008, Training Error Rate: 12.85% (7709/60000)


Average Test loss: 0.0002, Test Error Rate: 12.26% (1226/10000)

Train Epoch: 63 [20000/60000 (33%)]	Loss: 0.176045
Train Epoch: 63 [40000/60000 (67%)]	Loss: 0.152694
Train Epoch: 63 [60000/60000 (100%)]	Loss: 0.156487

Average Training loss: 0.0008, Training Error Rate: 12.83% (7699/60000)


Average Test loss: 0.0002, Test Error Rate: 12.08% (1208/10000)

Train Epoch: 64 [20000/60000 (33%)]	Loss: 0.161251
Train Epoch: 64 [40000/60000 (67%)]	Loss: 0.152411
Train Epoch: 64 [60000/60000 (100%)]	Loss: 0.156478

Average Training loss: 0.0008, Training Error Rate: 12.89% (7735/60000)


Average Test loss: 0.0002, Test Error Rate: 12.22% (1222/10000)

Train Epoch: 65 [20000/60000 (33%)]	Loss: 0.164335
Train Epoch: 65 [40000/60000 (67%)]	Loss: 0.167535
Train Epoch: 65 [60000/60000 (100%)]	Loss: 0.151706

Average Training loss: 0.0008, Training Error Rate: 12.87% (7720/60000)


Average Test loss: 0.0002, Test Error Rate: 11.79% (1179/10000)

Train Epoch: 66 [20000/60000 (33%)]	Loss: 0.161604
Train Epoch: 66 [40000/60000 (67%)]	Loss: 0.150312
Train Epoch: 66 [60000/60000 (100%)]	Loss: 0.172775

Average Training loss: 0.0008, Training Error Rate: 12.79% (7673/60000)


Average Test loss: 0.0002, Test Error Rate: 11.79% (1179/10000)

Train Epoch: 67 [20000/60000 (33%)]	Loss: 0.159627
Train Epoch: 67 [40000/60000 (67%)]	Loss: 0.157973
Train Epoch: 67 [60000/60000 (100%)]	Loss: 0.146530

Average Training loss: 0.0008, Training Error Rate: 12.81% (7685/60000)


Average Test loss: 0.0002, Test Error Rate: 12.22% (1222/10000)

Train Epoch: 68 [20000/60000 (33%)]	Loss: 0.157968
Train Epoch: 68 [40000/60000 (67%)]	Loss: 0.165682
Train Epoch: 68 [60000/60000 (100%)]	Loss: 0.140699

Average Training loss: 0.0008, Training Error Rate: 12.60% (7558/60000)


Average Test loss: 0.0002, Test Error Rate: 11.36% (1136/10000)

Train Epoch: 69 [20000/60000 (33%)]	Loss: 0.148629
Train Epoch: 69 [40000/60000 (67%)]	Loss: 0.160214
Train Epoch: 69 [60000/60000 (100%)]	Loss: 0.156759

Average Training loss: 0.0008, Training Error Rate: 12.73% (7640/60000)


Average Test loss: 0.0002, Test Error Rate: 11.96% (1196/10000)

Train Epoch: 70 [20000/60000 (33%)]	Loss: 0.140236
Train Epoch: 70 [40000/60000 (67%)]	Loss: 0.165081
Train Epoch: 70 [60000/60000 (100%)]	Loss: 0.158053

Average Training loss: 0.0008, Training Error Rate: 12.50% (7500/60000)


Average Test loss: 0.0002, Test Error Rate: 11.90% (1190/10000)

Train Epoch: 71 [20000/60000 (33%)]	Loss: 0.151179
Train Epoch: 71 [40000/60000 (67%)]	Loss: 0.160355
Train Epoch: 71 [60000/60000 (100%)]	Loss: 0.164846

Average Training loss: 0.0008, Training Error Rate: 12.62% (7571/60000)


Average Test loss: 0.0002, Test Error Rate: 11.43% (1143/10000)

Train Epoch: 72 [20000/60000 (33%)]	Loss: 0.153618
Train Epoch: 72 [40000/60000 (67%)]	Loss: 0.160272
Train Epoch: 72 [60000/60000 (100%)]	Loss: 0.154530

Average Training loss: 0.0008, Training Error Rate: 12.66% (7599/60000)


Average Test loss: 0.0002, Test Error Rate: 11.70% (1170/10000)

Train Epoch: 73 [20000/60000 (33%)]	Loss: 0.162907
Train Epoch: 73 [40000/60000 (67%)]	Loss: 0.146146
Train Epoch: 73 [60000/60000 (100%)]	Loss: 0.148356

Average Training loss: 0.0008, Training Error Rate: 12.43% (7455/60000)


Average Test loss: 0.0001, Test Error Rate: 11.38% (1138/10000)

Train Epoch: 74 [20000/60000 (33%)]	Loss: 0.155204
Train Epoch: 74 [40000/60000 (67%)]	Loss: 0.134281
Train Epoch: 74 [60000/60000 (100%)]	Loss: 0.158235

Average Training loss: 0.0008, Training Error Rate: 12.39% (7433/60000)


Average Test loss: 0.0001, Test Error Rate: 11.63% (1163/10000)

Train Epoch: 75 [20000/60000 (33%)]	Loss: 0.161114
Train Epoch: 75 [40000/60000 (67%)]	Loss: 0.153581
Train Epoch: 75 [60000/60000 (100%)]	Loss: 0.170066

Average Training loss: 0.0008, Training Error Rate: 12.39% (7432/60000)


Average Test loss: 0.0001, Test Error Rate: 11.57% (1157/10000)

Train Epoch: 76 [20000/60000 (33%)]	Loss: 0.162485
Train Epoch: 76 [40000/60000 (67%)]	Loss: 0.165925
Train Epoch: 76 [60000/60000 (100%)]	Loss: 0.152021

Average Training loss: 0.0008, Training Error Rate: 12.49% (7492/60000)


Average Test loss: 0.0001, Test Error Rate: 11.79% (1179/10000)

Train Epoch: 77 [20000/60000 (33%)]	Loss: 0.138634
Train Epoch: 77 [40000/60000 (67%)]	Loss: 0.158268
Train Epoch: 77 [60000/60000 (100%)]	Loss: 0.154160

Average Training loss: 0.0008, Training Error Rate: 12.35% (7407/60000)


Average Test loss: 0.0001, Test Error Rate: 11.50% (1150/10000)

Train Epoch: 78 [20000/60000 (33%)]	Loss: 0.161464
Train Epoch: 78 [40000/60000 (67%)]	Loss: 0.169790
Train Epoch: 78 [60000/60000 (100%)]	Loss: 0.149891

Average Training loss: 0.0008, Training Error Rate: 12.26% (7355/60000)


Average Test loss: 0.0001, Test Error Rate: 11.48% (1148/10000)

Train Epoch: 79 [20000/60000 (33%)]	Loss: 0.151203
Train Epoch: 79 [40000/60000 (67%)]	Loss: 0.147482
Train Epoch: 79 [60000/60000 (100%)]	Loss: 0.133748

Average Training loss: 0.0008, Training Error Rate: 12.20% (7322/60000)


Average Test loss: 0.0001, Test Error Rate: 11.52% (1152/10000)

Train Epoch: 80 [20000/60000 (33%)]	Loss: 0.159497
Train Epoch: 80 [40000/60000 (67%)]	Loss: 0.143533
Train Epoch: 80 [60000/60000 (100%)]	Loss: 0.145110

Average Training loss: 0.0008, Training Error Rate: 12.26% (7358/60000)


Average Test loss: 0.0001, Test Error Rate: 11.29% (1129/10000)

Train Epoch: 81 [20000/60000 (33%)]	Loss: 0.160305
Train Epoch: 81 [40000/60000 (67%)]	Loss: 0.160578
Train Epoch: 81 [60000/60000 (100%)]	Loss: 0.139764

Average Training loss: 0.0007, Training Error Rate: 12.09% (7256/60000)


Average Test loss: 0.0001, Test Error Rate: 11.29% (1129/10000)

Train Epoch: 82 [20000/60000 (33%)]	Loss: 0.155957
Train Epoch: 82 [40000/60000 (67%)]	Loss: 0.161525
Train Epoch: 82 [60000/60000 (100%)]	Loss: 0.140748

Average Training loss: 0.0007, Training Error Rate: 12.13% (7279/60000)


Average Test loss: 0.0001, Test Error Rate: 11.29% (1129/10000)

Train Epoch: 83 [20000/60000 (33%)]	Loss: 0.142638
Train Epoch: 83 [40000/60000 (67%)]	Loss: 0.137401
Train Epoch: 83 [60000/60000 (100%)]	Loss: 0.157377

Average Training loss: 0.0007, Training Error Rate: 12.05% (7228/60000)


Average Test loss: 0.0001, Test Error Rate: 11.14% (1114/10000)

Train Epoch: 84 [20000/60000 (33%)]	Loss: 0.156258
Train Epoch: 84 [40000/60000 (67%)]	Loss: 0.152586
Train Epoch: 84 [60000/60000 (100%)]	Loss: 0.157081

Average Training loss: 0.0007, Training Error Rate: 12.03% (7217/60000)


Average Test loss: 0.0001, Test Error Rate: 11.29% (1129/10000)

Train Epoch: 85 [20000/60000 (33%)]	Loss: 0.157829
Train Epoch: 85 [40000/60000 (67%)]	Loss: 0.153668
Train Epoch: 85 [60000/60000 (100%)]	Loss: 0.143861

Average Training loss: 0.0007, Training Error Rate: 11.99% (7197/60000)


Average Test loss: 0.0001, Test Error Rate: 11.25% (1125/10000)

Train Epoch: 86 [20000/60000 (33%)]	Loss: 0.151127
Train Epoch: 86 [40000/60000 (67%)]	Loss: 0.140475
Train Epoch: 86 [60000/60000 (100%)]	Loss: 0.136249

Average Training loss: 0.0007, Training Error Rate: 12.03% (7217/60000)


Average Test loss: 0.0001, Test Error Rate: 11.26% (1126/10000)

Train Epoch: 87 [20000/60000 (33%)]	Loss: 0.140114
Train Epoch: 87 [40000/60000 (67%)]	Loss: 0.165712
Train Epoch: 87 [60000/60000 (100%)]	Loss: 0.143135

Average Training loss: 0.0007, Training Error Rate: 11.80% (7081/60000)


Average Test loss: 0.0001, Test Error Rate: 11.15% (1115/10000)

Train Epoch: 88 [20000/60000 (33%)]	Loss: 0.132167
Train Epoch: 88 [40000/60000 (67%)]	Loss: 0.142720
Train Epoch: 88 [60000/60000 (100%)]	Loss: 0.145071

Average Training loss: 0.0007, Training Error Rate: 11.82% (7093/60000)


Average Test loss: 0.0001, Test Error Rate: 11.32% (1132/10000)

Train Epoch: 89 [20000/60000 (33%)]	Loss: 0.148594
Train Epoch: 89 [40000/60000 (67%)]	Loss: 0.146787
Train Epoch: 89 [60000/60000 (100%)]	Loss: 0.153221

Average Training loss: 0.0007, Training Error Rate: 11.82% (7091/60000)


Average Test loss: 0.0001, Test Error Rate: 10.62% (1062/10000)

Train Epoch: 90 [20000/60000 (33%)]	Loss: 0.161907
Train Epoch: 90 [40000/60000 (67%)]	Loss: 0.150082
Train Epoch: 90 [60000/60000 (100%)]	Loss: 0.145786

Average Training loss: 0.0007, Training Error Rate: 11.71% (7023/60000)


Average Test loss: 0.0001, Test Error Rate: 11.12% (1112/10000)

Train Epoch: 91 [20000/60000 (33%)]	Loss: 0.167012
Train Epoch: 91 [40000/60000 (67%)]	Loss: 0.128676
Train Epoch: 91 [60000/60000 (100%)]	Loss: 0.157447

Average Training loss: 0.0007, Training Error Rate: 11.70% (7022/60000)


Average Test loss: 0.0001, Test Error Rate: 11.07% (1107/10000)

Train Epoch: 92 [20000/60000 (33%)]	Loss: 0.138680
Train Epoch: 92 [40000/60000 (67%)]	Loss: 0.146685
Train Epoch: 92 [60000/60000 (100%)]	Loss: 0.158476

Average Training loss: 0.0007, Training Error Rate: 11.58% (6950/60000)


Average Test loss: 0.0001, Test Error Rate: 10.81% (1081/10000)

Train Epoch: 93 [20000/60000 (33%)]	Loss: 0.129418
Train Epoch: 93 [40000/60000 (67%)]	Loss: 0.146706
Train Epoch: 93 [60000/60000 (100%)]	Loss: 0.149442

Average Training loss: 0.0007, Training Error Rate: 11.63% (6980/60000)


Average Test loss: 0.0001, Test Error Rate: 10.80% (1080/10000)

Train Epoch: 94 [20000/60000 (33%)]	Loss: 0.147865
Train Epoch: 94 [40000/60000 (67%)]	Loss: 0.143688
Train Epoch: 94 [60000/60000 (100%)]	Loss: 0.126581

Average Training loss: 0.0007, Training Error Rate: 11.79% (7073/60000)


Average Test loss: 0.0001, Test Error Rate: 10.74% (1074/10000)

Train Epoch: 95 [20000/60000 (33%)]	Loss: 0.143596
Train Epoch: 95 [40000/60000 (67%)]	Loss: 0.136899
Train Epoch: 95 [60000/60000 (100%)]	Loss: 0.136673

Average Training loss: 0.0007, Training Error Rate: 11.62% (6974/60000)


Average Test loss: 0.0001, Test Error Rate: 10.98% (1098/10000)

Train Epoch: 96 [20000/60000 (33%)]	Loss: 0.157835
Train Epoch: 96 [40000/60000 (67%)]	Loss: 0.142181
Train Epoch: 96 [60000/60000 (100%)]	Loss: 0.146951

Average Training loss: 0.0007, Training Error Rate: 11.57% (6945/60000)


Average Test loss: 0.0001, Test Error Rate: 11.14% (1114/10000)

Train Epoch: 97 [20000/60000 (33%)]	Loss: 0.149933
Train Epoch: 97 [40000/60000 (67%)]	Loss: 0.146250
Train Epoch: 97 [60000/60000 (100%)]	Loss: 0.148098

Average Training loss: 0.0007, Training Error Rate: 11.67% (7003/60000)


Average Test loss: 0.0001, Test Error Rate: 11.20% (1120/10000)

Train Epoch: 98 [20000/60000 (33%)]	Loss: 0.137365
Train Epoch: 98 [40000/60000 (67%)]	Loss: 0.149536
Train Epoch: 98 [60000/60000 (100%)]	Loss: 0.163101

Average Training loss: 0.0007, Training Error Rate: 11.48% (6887/60000)


Average Test loss: 0.0001, Test Error Rate: 10.82% (1082/10000)

Train Epoch: 99 [20000/60000 (33%)]	Loss: 0.155730
Train Epoch: 99 [40000/60000 (67%)]	Loss: 0.145793
Train Epoch: 99 [60000/60000 (100%)]	Loss: 0.126895

Average Training loss: 0.0007, Training Error Rate: 11.42% (6853/60000)


Average Test loss: 0.0001, Test Error Rate: 10.63% (1063/10000)

/vast/home/ajherman/miniconda3/envs/pytorch/lib/python3.11/site-packages/torchvision/io/image.py:13: UserWarning: Failed to load image Python extension: '/vast/home/ajherman/miniconda3/envs/pytorch/lib/python3.11/site-packages/torchvision/image.so: undefined symbol: _ZN5torch3jit17parseSchemaOrNameERKNSt7__cxx1112basic_stringIcSt11char_traitsIcESaIcEEE'If you don't plan on using image functionality from `torchvision.io`, you can ignore this warning. Otherwise, there might be something wrong with your environment. Did you have `libjpeg` or `libpng` installed before building `torchvision` from source?
  warn(
Random seed set as 42
dt =  0.6321205588285577
trace decay =  0.5737534207374327
Random seed set as 42
Random seed set as 42
dt =  0.6321205588285577
trace decay =  0.5737534207374327
Random seed set as 42
