/vast/home/ajherman/miniconda3/envs/pytorch/lib/python3.11/site-packages/torchvision/io/image.py:13: UserWarning: Failed to load image Python extension: '/vast/home/ajherman/miniconda3/envs/pytorch/lib/python3.11/site-packages/torchvision/image.so: undefined symbol: _ZN5torch3jit17parseSchemaOrNameERKNSt7__cxx1112basic_stringIcSt11char_traitsIcESaIcEEE'If you don't plan on using image functionality from `torchvision.io`, you can ignore this warning. Otherwise, there might be something wrong with your environment. Did you have `libjpeg` or `libpng` installed before building `torchvision` from source?
  warn(
Random seed set as 42
dt =  0.11750309741540454
trace decay =  0.5737534207374327
Random seed set as 42
Random seed set as 42
dt =  0.11750309741540454
trace decay =  0.5737534207374327
Random seed set as 42
Train Epoch: 0 [20000/60000 (33%)]	Loss: 0.433583
Train Epoch: 0 [40000/60000 (67%)]	Loss: 0.403400
Train Epoch: 0 [60000/60000 (100%)]	Loss: 0.380653

Average Training loss: 0.0021, Training Error Rate: 66.23% (39739/60000)


Average Test loss: 0.0004, Test Error Rate: 44.38% (4438/10000)

Train Epoch: 1 [20000/60000 (33%)]	Loss: 0.346457
Train Epoch: 1 [40000/60000 (67%)]	Loss: 0.324638
Train Epoch: 1 [60000/60000 (100%)]	Loss: 0.287730

Average Training loss: 0.0017, Training Error Rate: 37.19% (22315/60000)


Average Test loss: 0.0003, Test Error Rate: 29.60% (2960/10000)

Train Epoch: 2 [20000/60000 (33%)]	Loss: 0.269095
Train Epoch: 2 [40000/60000 (67%)]	Loss: 0.258101
Train Epoch: 2 [60000/60000 (100%)]	Loss: 0.263661

Average Training loss: 0.0014, Training Error Rate: 27.93% (16760/60000)


Average Test loss: 0.0002, Test Error Rate: 24.72% (2472/10000)

Train Epoch: 3 [20000/60000 (33%)]	Loss: 0.241248
Train Epoch: 3 [40000/60000 (67%)]	Loss: 0.223944
Train Epoch: 3 [60000/60000 (100%)]	Loss: 0.230487

Average Training loss: 0.0012, Training Error Rate: 24.31% (14584/60000)


Average Test loss: 0.0002, Test Error Rate: 22.60% (2260/10000)

Train Epoch: 4 [20000/60000 (33%)]	Loss: 0.231775
Train Epoch: 4 [40000/60000 (67%)]	Loss: 0.230374
Train Epoch: 4 [60000/60000 (100%)]	Loss: 0.223866

Average Training loss: 0.0011, Training Error Rate: 22.75% (13649/60000)


Average Test loss: 0.0002, Test Error Rate: 20.85% (2085/10000)

Train Epoch: 5 [20000/60000 (33%)]	Loss: 0.222039
Train Epoch: 5 [40000/60000 (67%)]	Loss: 0.227148
Train Epoch: 5 [60000/60000 (100%)]	Loss: 0.235290

Average Training loss: 0.0011, Training Error Rate: 21.54% (12923/60000)


Average Test loss: 0.0002, Test Error Rate: 20.10% (2010/10000)

Train Epoch: 6 [20000/60000 (33%)]	Loss: 0.234238
Train Epoch: 6 [40000/60000 (67%)]	Loss: 0.223107
Train Epoch: 6 [60000/60000 (100%)]	Loss: 0.227601

Average Training loss: 0.0011, Training Error Rate: 20.78% (12467/60000)


Average Test loss: 0.0002, Test Error Rate: 20.27% (2027/10000)

Train Epoch: 7 [20000/60000 (33%)]	Loss: 0.236172
Train Epoch: 7 [40000/60000 (67%)]	Loss: 0.255781
Train Epoch: 7 [60000/60000 (100%)]	Loss: 0.242823

Average Training loss: 0.0012, Training Error Rate: 20.34% (12207/60000)


Average Test loss: 0.0002, Test Error Rate: 20.46% (2046/10000)

Train Epoch: 8 [20000/60000 (33%)]	Loss: 0.228910
Train Epoch: 8 [40000/60000 (67%)]	Loss: 0.249067
Train Epoch: 8 [60000/60000 (100%)]	Loss: 0.246802

Average Training loss: 0.0012, Training Error Rate: 20.93% (12557/60000)


Average Test loss: 0.0003, Test Error Rate: 19.67% (1967/10000)

Train Epoch: 9 [20000/60000 (33%)]	Loss: 0.252320
Train Epoch: 9 [40000/60000 (67%)]	Loss: 0.254563
Train Epoch: 9 [60000/60000 (100%)]	Loss: 0.241782

Average Training loss: 0.0013, Training Error Rate: 22.06% (13235/60000)


Average Test loss: 0.0003, Test Error Rate: 21.00% (2100/10000)

Train Epoch: 10 [20000/60000 (33%)]	Loss: 0.267238
Train Epoch: 10 [40000/60000 (67%)]	Loss: 0.275489
Train Epoch: 10 [60000/60000 (100%)]	Loss: 0.259702

Average Training loss: 0.0013, Training Error Rate: 23.27% (13962/60000)


Average Test loss: 0.0003, Test Error Rate: 23.18% (2318/10000)

Train Epoch: 11 [20000/60000 (33%)]	Loss: 0.263054
Train Epoch: 11 [40000/60000 (67%)]	Loss: 0.289602
Train Epoch: 11 [60000/60000 (100%)]	Loss: 0.281185

Average Training loss: 0.0014, Training Error Rate: 24.67% (14800/60000)


Average Test loss: 0.0003, Test Error Rate: 25.71% (2571/10000)

Train Epoch: 12 [20000/60000 (33%)]	Loss: 0.283784
Train Epoch: 12 [40000/60000 (67%)]	Loss: 0.266120
Train Epoch: 12 [60000/60000 (100%)]	Loss: 0.293874

Average Training loss: 0.0014, Training Error Rate: 26.19% (15715/60000)


Average Test loss: 0.0003, Test Error Rate: 27.83% (2783/10000)

Train Epoch: 13 [20000/60000 (33%)]	Loss: 0.300369
Train Epoch: 13 [40000/60000 (67%)]	Loss: 0.290168
Train Epoch: 13 [60000/60000 (100%)]	Loss: 0.287335

Average Training loss: 0.0015, Training Error Rate: 28.09% (16855/60000)


Average Test loss: 0.0003, Test Error Rate: 28.09% (2809/10000)

Train Epoch: 14 [20000/60000 (33%)]	Loss: 0.305848
Train Epoch: 14 [40000/60000 (67%)]	Loss: 0.304418
Train Epoch: 14 [60000/60000 (100%)]	Loss: 0.306436

Average Training loss: 0.0015, Training Error Rate: 29.15% (17488/60000)


Average Test loss: 0.0003, Test Error Rate: 29.17% (2917/10000)

Train Epoch: 15 [20000/60000 (33%)]	Loss: 0.298729
Train Epoch: 15 [40000/60000 (67%)]	Loss: 0.300955
Train Epoch: 15 [60000/60000 (100%)]	Loss: 0.299751

Average Training loss: 0.0015, Training Error Rate: 30.01% (18008/60000)


Average Test loss: 0.0003, Test Error Rate: 29.26% (2926/10000)

Train Epoch: 16 [20000/60000 (33%)]	Loss: 0.290050
Train Epoch: 16 [40000/60000 (67%)]	Loss: 0.310142
Train Epoch: 16 [60000/60000 (100%)]	Loss: 0.309327

Average Training loss: 0.0015, Training Error Rate: 30.17% (18100/60000)


Average Test loss: 0.0003, Test Error Rate: 28.50% (2850/10000)

Train Epoch: 17 [20000/60000 (33%)]	Loss: 0.313519
Train Epoch: 17 [40000/60000 (67%)]	Loss: 0.298789
Train Epoch: 17 [60000/60000 (100%)]	Loss: 0.281176

Average Training loss: 0.0015, Training Error Rate: 30.07% (18040/60000)


Average Test loss: 0.0003, Test Error Rate: 30.94% (3094/10000)

Train Epoch: 18 [20000/60000 (33%)]	Loss: 0.294450
Train Epoch: 18 [40000/60000 (67%)]	Loss: 0.305061
Train Epoch: 18 [60000/60000 (100%)]	Loss: 0.301530

Average Training loss: 0.0015, Training Error Rate: 29.58% (17746/60000)


Average Test loss: 0.0003, Test Error Rate: 28.01% (2801/10000)

Train Epoch: 19 [20000/60000 (33%)]	Loss: 0.311849
Train Epoch: 19 [40000/60000 (67%)]	Loss: 0.292575
Train Epoch: 19 [60000/60000 (100%)]	Loss: 0.298522

Average Training loss: 0.0015, Training Error Rate: 29.02% (17415/60000)


Average Test loss: 0.0003, Test Error Rate: 27.33% (2733/10000)

Train Epoch: 20 [20000/60000 (33%)]	Loss: 0.290933
Train Epoch: 20 [40000/60000 (67%)]	Loss: 0.288090
Train Epoch: 20 [60000/60000 (100%)]	Loss: 0.302123

Average Training loss: 0.0015, Training Error Rate: 29.22% (17532/60000)


Average Test loss: 0.0003, Test Error Rate: 30.30% (3030/10000)

Train Epoch: 21 [20000/60000 (33%)]	Loss: 0.305554
Train Epoch: 21 [40000/60000 (67%)]	Loss: 0.295263
Train Epoch: 21 [60000/60000 (100%)]	Loss: 0.304453

Average Training loss: 0.0015, Training Error Rate: 29.58% (17747/60000)


Average Test loss: 0.0003, Test Error Rate: 29.04% (2904/10000)

Train Epoch: 22 [20000/60000 (33%)]	Loss: 0.311718
Train Epoch: 22 [40000/60000 (67%)]	Loss: 0.308691
Train Epoch: 22 [60000/60000 (100%)]	Loss: 0.317181

Average Training loss: 0.0015, Training Error Rate: 29.84% (17905/60000)


Average Test loss: 0.0003, Test Error Rate: 30.87% (3087/10000)

Train Epoch: 23 [20000/60000 (33%)]	Loss: 0.313026
Train Epoch: 23 [40000/60000 (67%)]	Loss: 0.300501
Train Epoch: 23 [60000/60000 (100%)]	Loss: 0.287144

Average Training loss: 0.0015, Training Error Rate: 29.47% (17682/60000)


Average Test loss: 0.0003, Test Error Rate: 30.64% (3064/10000)

Train Epoch: 24 [20000/60000 (33%)]	Loss: 0.292509
Train Epoch: 24 [40000/60000 (67%)]	Loss: 0.296726
Train Epoch: 24 [60000/60000 (100%)]	Loss: 0.302833

Average Training loss: 0.0015, Training Error Rate: 29.34% (17603/60000)


Average Test loss: 0.0003, Test Error Rate: 28.81% (2881/10000)

Train Epoch: 25 [20000/60000 (33%)]	Loss: 0.308548
Train Epoch: 25 [40000/60000 (67%)]	Loss: 0.287172
Train Epoch: 25 [60000/60000 (100%)]	Loss: 0.286330

Average Training loss: 0.0015, Training Error Rate: 29.16% (17498/60000)


Average Test loss: 0.0003, Test Error Rate: 27.93% (2793/10000)

Train Epoch: 26 [20000/60000 (33%)]	Loss: 0.299920
Train Epoch: 26 [40000/60000 (67%)]	Loss: 0.268418
Train Epoch: 26 [60000/60000 (100%)]	Loss: 0.279501

Average Training loss: 0.0014, Training Error Rate: 28.48% (17089/60000)


Average Test loss: 0.0003, Test Error Rate: 26.59% (2659/10000)

Train Epoch: 27 [20000/60000 (33%)]	Loss: 0.276311
Train Epoch: 27 [40000/60000 (67%)]	Loss: 0.274289
Train Epoch: 27 [60000/60000 (100%)]	Loss: 0.279021

Average Training loss: 0.0014, Training Error Rate: 27.79% (16676/60000)


Average Test loss: 0.0003, Test Error Rate: 28.20% (2820/10000)

Train Epoch: 28 [20000/60000 (33%)]	Loss: 0.263339
Train Epoch: 28 [40000/60000 (67%)]	Loss: 0.259172
Train Epoch: 28 [60000/60000 (100%)]	Loss: 0.271768

Average Training loss: 0.0014, Training Error Rate: 27.29% (16372/60000)


Average Test loss: 0.0003, Test Error Rate: 27.45% (2745/10000)

Train Epoch: 29 [20000/60000 (33%)]	Loss: 0.277802
Train Epoch: 29 [40000/60000 (67%)]	Loss: 0.272053
Train Epoch: 29 [60000/60000 (100%)]	Loss: 0.252412

Average Training loss: 0.0014, Training Error Rate: 26.68% (16008/60000)


Average Test loss: 0.0003, Test Error Rate: 26.89% (2689/10000)

Train Epoch: 30 [20000/60000 (33%)]	Loss: 0.263833
Train Epoch: 30 [40000/60000 (67%)]	Loss: 0.262322
Train Epoch: 30 [60000/60000 (100%)]	Loss: 0.288868

Average Training loss: 0.0013, Training Error Rate: 26.36% (15817/60000)


Average Test loss: 0.0003, Test Error Rate: 25.15% (2515/10000)

Train Epoch: 31 [20000/60000 (33%)]	Loss: 0.274993
Train Epoch: 31 [40000/60000 (67%)]	Loss: 0.261154
Train Epoch: 31 [60000/60000 (100%)]	Loss: 0.244612

Average Training loss: 0.0013, Training Error Rate: 25.79% (15473/60000)


Average Test loss: 0.0003, Test Error Rate: 24.54% (2454/10000)

Train Epoch: 32 [20000/60000 (33%)]	Loss: 0.251974
Train Epoch: 32 [40000/60000 (67%)]	Loss: 0.255490
Train Epoch: 32 [60000/60000 (100%)]	Loss: 0.235085

Average Training loss: 0.0013, Training Error Rate: 25.61% (15367/60000)


Average Test loss: 0.0003, Test Error Rate: 24.84% (2484/10000)

Train Epoch: 33 [20000/60000 (33%)]	Loss: 0.261150
Train Epoch: 33 [40000/60000 (67%)]	Loss: 0.227781
Train Epoch: 33 [60000/60000 (100%)]	Loss: 0.238059

Average Training loss: 0.0012, Training Error Rate: 24.93% (14956/60000)


Average Test loss: 0.0002, Test Error Rate: 23.68% (2368/10000)

Train Epoch: 34 [20000/60000 (33%)]	Loss: 0.231981
Train Epoch: 34 [40000/60000 (67%)]	Loss: 0.261925
Train Epoch: 34 [60000/60000 (100%)]	Loss: 0.231089

Average Training loss: 0.0012, Training Error Rate: 24.59% (14756/60000)


Average Test loss: 0.0002, Test Error Rate: 23.32% (2332/10000)

Train Epoch: 35 [20000/60000 (33%)]	Loss: 0.236027
Train Epoch: 35 [40000/60000 (67%)]	Loss: 0.247027
Train Epoch: 35 [60000/60000 (100%)]	Loss: 0.231501

Average Training loss: 0.0012, Training Error Rate: 24.07% (14443/60000)


Average Test loss: 0.0002, Test Error Rate: 23.56% (2356/10000)

Train Epoch: 36 [20000/60000 (33%)]	Loss: 0.231298
Train Epoch: 36 [40000/60000 (67%)]	Loss: 0.223685
Train Epoch: 36 [60000/60000 (100%)]	Loss: 0.224119

Average Training loss: 0.0012, Training Error Rate: 23.52% (14114/60000)


Average Test loss: 0.0002, Test Error Rate: 22.26% (2226/10000)

Train Epoch: 37 [20000/60000 (33%)]	Loss: 0.224217
Train Epoch: 37 [40000/60000 (67%)]	Loss: 0.211497
Train Epoch: 37 [60000/60000 (100%)]	Loss: 0.233824

Average Training loss: 0.0011, Training Error Rate: 23.04% (13823/60000)


Average Test loss: 0.0002, Test Error Rate: 21.93% (2193/10000)

Train Epoch: 38 [20000/60000 (33%)]	Loss: 0.233590
Train Epoch: 38 [40000/60000 (67%)]	Loss: 0.208055
Train Epoch: 38 [60000/60000 (100%)]	Loss: 0.228618

Average Training loss: 0.0011, Training Error Rate: 22.53% (13517/60000)


Average Test loss: 0.0002, Test Error Rate: 22.28% (2228/10000)

Train Epoch: 39 [20000/60000 (33%)]	Loss: 0.218828
Train Epoch: 39 [40000/60000 (67%)]	Loss: 0.231159
Train Epoch: 39 [60000/60000 (100%)]	Loss: 0.220772

Average Training loss: 0.0011, Training Error Rate: 22.00% (13199/60000)


Average Test loss: 0.0002, Test Error Rate: 20.85% (2085/10000)

Train Epoch: 40 [20000/60000 (33%)]	Loss: 0.198291
Train Epoch: 40 [40000/60000 (67%)]	Loss: 0.227440
Train Epoch: 40 [60000/60000 (100%)]	Loss: 0.226343

Average Training loss: 0.0011, Training Error Rate: 21.62% (12975/60000)


Average Test loss: 0.0002, Test Error Rate: 20.88% (2088/10000)

Train Epoch: 41 [20000/60000 (33%)]	Loss: 0.204330
Train Epoch: 41 [40000/60000 (67%)]	Loss: 0.208358
Train Epoch: 41 [60000/60000 (100%)]	Loss: 0.232079

Average Training loss: 0.0011, Training Error Rate: 21.08% (12650/60000)


Average Test loss: 0.0002, Test Error Rate: 20.39% (2039/10000)

Train Epoch: 42 [20000/60000 (33%)]	Loss: 0.218389
Train Epoch: 42 [40000/60000 (67%)]	Loss: 0.220735
Train Epoch: 42 [60000/60000 (100%)]	Loss: 0.209431

Average Training loss: 0.0010, Training Error Rate: 20.55% (12330/60000)


Average Test loss: 0.0002, Test Error Rate: 19.62% (1962/10000)

Train Epoch: 43 [20000/60000 (33%)]	Loss: 0.199561
Train Epoch: 43 [40000/60000 (67%)]	Loss: 0.194366
slurmstepd: error: *** STEP 15491330.4 ON cn440 CANCELLED AT 2023-10-02T13:20:54 ***
