/vast/home/ajherman/miniconda3/envs/pytorch/lib/python3.11/site-packages/torchvision/io/image.py:13: UserWarning: Failed to load image Python extension: '/vast/home/ajherman/miniconda3/envs/pytorch/lib/python3.11/site-packages/torchvision/image.so: undefined symbol: _ZN5torch3jit17parseSchemaOrNameERKNSt7__cxx1112basic_stringIcSt11char_traitsIcESaIcEEE'If you don't plan on using image functionality from `torchvision.io`, you can ignore this warning. Otherwise, there might be something wrong with your environment. Did you have `libjpeg` or `libpng` installed before building `torchvision` from source?
  warn(
Random seed set as 42
dt =  0.3934693402873666
trace decay =  0.5737534207374327
Random seed set as 42
Random seed set as 42
dt =  0.3934693402873666
trace decay =  0.5737534207374327
Random seed set as 42
Train Epoch: 0 [20000/60000 (33%)]	Loss: 0.409235
Train Epoch: 0 [40000/60000 (67%)]	Loss: 0.367804
Train Epoch: 0 [60000/60000 (100%)]	Loss: 0.322858

Average Training loss: 0.0020, Training Error Rate: 58.71% (35224/60000)


Average Test loss: 0.0003, Test Error Rate: 37.58% (3758/10000)

Train Epoch: 1 [20000/60000 (33%)]	Loss: 0.296002
Train Epoch: 1 [40000/60000 (67%)]	Loss: 0.275837
Train Epoch: 1 [60000/60000 (100%)]	Loss: 0.250033

Average Training loss: 0.0015, Training Error Rate: 31.27% (18761/60000)


Average Test loss: 0.0003, Test Error Rate: 25.11% (2511/10000)

Train Epoch: 2 [20000/60000 (33%)]	Loss: 0.236298
Train Epoch: 2 [40000/60000 (67%)]	Loss: 0.226300
Train Epoch: 2 [60000/60000 (100%)]	Loss: 0.229923

Average Training loss: 0.0012, Training Error Rate: 24.32% (14593/60000)


Average Test loss: 0.0002, Test Error Rate: 20.87% (2087/10000)

Train Epoch: 3 [20000/60000 (33%)]	Loss: 0.224862
Train Epoch: 3 [40000/60000 (67%)]	Loss: 0.202271
Train Epoch: 3 [60000/60000 (100%)]	Loss: 0.203202

Average Training loss: 0.0011, Training Error Rate: 21.20% (12722/60000)


Average Test loss: 0.0002, Test Error Rate: 18.96% (1896/10000)

Train Epoch: 4 [20000/60000 (33%)]	Loss: 0.202619
Train Epoch: 4 [40000/60000 (67%)]	Loss: 0.208014
Train Epoch: 4 [60000/60000 (100%)]	Loss: 0.190189

Average Training loss: 0.0010, Training Error Rate: 19.34% (11604/60000)


Average Test loss: 0.0002, Test Error Rate: 17.16% (1716/10000)

Train Epoch: 5 [20000/60000 (33%)]	Loss: 0.190266
Train Epoch: 5 [40000/60000 (67%)]	Loss: 0.182435
Train Epoch: 5 [60000/60000 (100%)]	Loss: 0.200059

Average Training loss: 0.0010, Training Error Rate: 18.03% (10816/60000)


Average Test loss: 0.0002, Test Error Rate: 16.36% (1636/10000)

Train Epoch: 6 [20000/60000 (33%)]	Loss: 0.189539
Train Epoch: 6 [40000/60000 (67%)]	Loss: 0.180124
Train Epoch: 6 [60000/60000 (100%)]	Loss: 0.171687

Average Training loss: 0.0009, Training Error Rate: 16.97% (10180/60000)


Average Test loss: 0.0002, Test Error Rate: 15.88% (1588/10000)

Train Epoch: 7 [20000/60000 (33%)]	Loss: 0.187391
Train Epoch: 7 [40000/60000 (67%)]	Loss: 0.192673
Train Epoch: 7 [60000/60000 (100%)]	Loss: 0.173153

Average Training loss: 0.0009, Training Error Rate: 16.30% (9781/60000)


Average Test loss: 0.0002, Test Error Rate: 14.87% (1487/10000)

Train Epoch: 8 [20000/60000 (33%)]	Loss: 0.156563
Train Epoch: 8 [40000/60000 (67%)]	Loss: 0.180436
Train Epoch: 8 [60000/60000 (100%)]	Loss: 0.167111

Average Training loss: 0.0008, Training Error Rate: 15.85% (9509/60000)


Average Test loss: 0.0002, Test Error Rate: 14.68% (1468/10000)

Train Epoch: 9 [20000/60000 (33%)]	Loss: 0.164671
Train Epoch: 9 [40000/60000 (67%)]	Loss: 0.156824
Train Epoch: 9 [60000/60000 (100%)]	Loss: 0.157977

Average Training loss: 0.0008, Training Error Rate: 15.22% (9131/60000)


Average Test loss: 0.0002, Test Error Rate: 14.45% (1445/10000)

Train Epoch: 10 [20000/60000 (33%)]	Loss: 0.164098
Train Epoch: 10 [40000/60000 (67%)]	Loss: 0.160721
Train Epoch: 10 [60000/60000 (100%)]	Loss: 0.152130

Average Training loss: 0.0008, Training Error Rate: 14.88% (8931/60000)


Average Test loss: 0.0002, Test Error Rate: 13.96% (1396/10000)

Train Epoch: 11 [20000/60000 (33%)]	Loss: 0.152480
Train Epoch: 11 [40000/60000 (67%)]	Loss: 0.173499
Train Epoch: 11 [60000/60000 (100%)]	Loss: 0.150739

Average Training loss: 0.0008, Training Error Rate: 14.57% (8742/60000)


Average Test loss: 0.0002, Test Error Rate: 13.49% (1349/10000)

Train Epoch: 12 [20000/60000 (33%)]	Loss: 0.172220
Train Epoch: 12 [40000/60000 (67%)]	Loss: 0.145478
Train Epoch: 12 [60000/60000 (100%)]	Loss: 0.145064

Average Training loss: 0.0008, Training Error Rate: 14.23% (8540/60000)


Average Test loss: 0.0001, Test Error Rate: 13.44% (1344/10000)

Train Epoch: 13 [20000/60000 (33%)]	Loss: 0.137400
Train Epoch: 13 [40000/60000 (67%)]	Loss: 0.162682
Train Epoch: 13 [60000/60000 (100%)]	Loss: 0.148350

Average Training loss: 0.0008, Training Error Rate: 14.03% (8419/60000)


Average Test loss: 0.0001, Test Error Rate: 12.73% (1273/10000)

Train Epoch: 14 [20000/60000 (33%)]	Loss: 0.158132
Train Epoch: 14 [40000/60000 (67%)]	Loss: 0.168429
Train Epoch: 14 [60000/60000 (100%)]	Loss: 0.152723

Average Training loss: 0.0007, Training Error Rate: 13.78% (8267/60000)


Average Test loss: 0.0001, Test Error Rate: 12.65% (1265/10000)

Train Epoch: 15 [20000/60000 (33%)]	Loss: 0.160971
Train Epoch: 15 [40000/60000 (67%)]	Loss: 0.156574
Train Epoch: 15 [60000/60000 (100%)]	Loss: 0.148490

Average Training loss: 0.0007, Training Error Rate: 13.57% (8142/60000)


Average Test loss: 0.0001, Test Error Rate: 12.68% (1268/10000)

Train Epoch: 16 [20000/60000 (33%)]	Loss: 0.150853
Train Epoch: 16 [40000/60000 (67%)]	Loss: 0.156512
Train Epoch: 16 [60000/60000 (100%)]	Loss: 0.143592

Average Training loss: 0.0007, Training Error Rate: 13.30% (7979/60000)


Average Test loss: 0.0001, Test Error Rate: 12.14% (1214/10000)

Train Epoch: 17 [20000/60000 (33%)]	Loss: 0.150239
Train Epoch: 17 [40000/60000 (67%)]	Loss: 0.145022
Train Epoch: 17 [60000/60000 (100%)]	Loss: 0.133711

Average Training loss: 0.0007, Training Error Rate: 13.11% (7863/60000)


Average Test loss: 0.0001, Test Error Rate: 12.06% (1206/10000)

Train Epoch: 18 [20000/60000 (33%)]	Loss: 0.123412
Train Epoch: 18 [40000/60000 (67%)]	Loss: 0.147694
Train Epoch: 18 [60000/60000 (100%)]	Loss: 0.134275

Average Training loss: 0.0007, Training Error Rate: 12.91% (7748/60000)


Average Test loss: 0.0001, Test Error Rate: 12.14% (1214/10000)

Train Epoch: 19 [20000/60000 (33%)]	Loss: 0.156263
Train Epoch: 19 [40000/60000 (67%)]	Loss: 0.136828
Train Epoch: 19 [60000/60000 (100%)]	Loss: 0.129663

Average Training loss: 0.0007, Training Error Rate: 12.85% (7707/60000)


Average Test loss: 0.0001, Test Error Rate: 11.67% (1167/10000)

Train Epoch: 20 [20000/60000 (33%)]	Loss: 0.137132
Train Epoch: 20 [40000/60000 (67%)]	Loss: 0.148900
Train Epoch: 20 [60000/60000 (100%)]	Loss: 0.127604

Average Training loss: 0.0007, Training Error Rate: 12.58% (7546/60000)


Average Test loss: 0.0001, Test Error Rate: 11.68% (1168/10000)

Train Epoch: 21 [20000/60000 (33%)]	Loss: 0.136395
Train Epoch: 21 [40000/60000 (67%)]	Loss: 0.134730
Train Epoch: 21 [60000/60000 (100%)]	Loss: 0.140012

Average Training loss: 0.0007, Training Error Rate: 12.47% (7482/60000)


Average Test loss: 0.0001, Test Error Rate: 11.67% (1167/10000)

Train Epoch: 22 [20000/60000 (33%)]	Loss: 0.137587
Train Epoch: 22 [40000/60000 (67%)]	Loss: 0.146770
Train Epoch: 22 [60000/60000 (100%)]	Loss: 0.149672

Average Training loss: 0.0007, Training Error Rate: 12.40% (7441/60000)


Average Test loss: 0.0001, Test Error Rate: 11.26% (1126/10000)

Train Epoch: 23 [20000/60000 (33%)]	Loss: 0.137042
Train Epoch: 23 [40000/60000 (67%)]	Loss: 0.141384
Train Epoch: 23 [60000/60000 (100%)]	Loss: 0.126919

Average Training loss: 0.0007, Training Error Rate: 12.32% (7391/60000)


Average Test loss: 0.0001, Test Error Rate: 11.75% (1175/10000)

Train Epoch: 24 [20000/60000 (33%)]	Loss: 0.120993
Train Epoch: 24 [40000/60000 (67%)]	Loss: 0.147290
Train Epoch: 24 [60000/60000 (100%)]	Loss: 0.135416

Average Training loss: 0.0007, Training Error Rate: 12.11% (7268/60000)


Average Test loss: 0.0001, Test Error Rate: 11.18% (1118/10000)

Train Epoch: 25 [20000/60000 (33%)]	Loss: 0.143001
Train Epoch: 25 [40000/60000 (67%)]	Loss: 0.125581
Train Epoch: 25 [60000/60000 (100%)]	Loss: 0.128119

Average Training loss: 0.0006, Training Error Rate: 12.02% (7212/60000)


Average Test loss: 0.0001, Test Error Rate: 11.17% (1117/10000)

Train Epoch: 26 [20000/60000 (33%)]	Loss: 0.134734
Train Epoch: 26 [40000/60000 (67%)]	Loss: 0.123236
Train Epoch: 26 [60000/60000 (100%)]	Loss: 0.121440

Average Training loss: 0.0006, Training Error Rate: 11.94% (7162/60000)


Average Test loss: 0.0001, Test Error Rate: 10.79% (1079/10000)

Train Epoch: 27 [20000/60000 (33%)]	Loss: 0.103424
Train Epoch: 27 [40000/60000 (67%)]	Loss: 0.120892
Train Epoch: 27 [60000/60000 (100%)]	Loss: 0.139932

Average Training loss: 0.0006, Training Error Rate: 11.81% (7088/60000)


Average Test loss: 0.0001, Test Error Rate: 10.97% (1097/10000)

Train Epoch: 28 [20000/60000 (33%)]	Loss: 0.117192
Train Epoch: 28 [40000/60000 (67%)]	Loss: 0.113645
Train Epoch: 28 [60000/60000 (100%)]	Loss: 0.127167

Average Training loss: 0.0006, Training Error Rate: 11.63% (6979/60000)


Average Test loss: 0.0001, Test Error Rate: 10.99% (1099/10000)

Train Epoch: 29 [20000/60000 (33%)]	Loss: 0.139877
Train Epoch: 29 [40000/60000 (67%)]	Loss: 0.128873
Train Epoch: 29 [60000/60000 (100%)]	Loss: 0.125992

Average Training loss: 0.0006, Training Error Rate: 11.62% (6969/60000)


Average Test loss: 0.0001, Test Error Rate: 10.92% (1092/10000)

Train Epoch: 30 [20000/60000 (33%)]	Loss: 0.117563
Train Epoch: 30 [40000/60000 (67%)]	Loss: 0.117966
Train Epoch: 30 [60000/60000 (100%)]	Loss: 0.134696

Average Training loss: 0.0006, Training Error Rate: 11.45% (6868/60000)


Average Test loss: 0.0001, Test Error Rate: 10.79% (1079/10000)

Train Epoch: 31 [20000/60000 (33%)]	Loss: 0.130489
Train Epoch: 31 [40000/60000 (67%)]	Loss: 0.115903
Train Epoch: 31 [60000/60000 (100%)]	Loss: 0.115555

Average Training loss: 0.0006, Training Error Rate: 11.32% (6794/60000)


Average Test loss: 0.0001, Test Error Rate: 10.74% (1074/10000)

Train Epoch: 32 [20000/60000 (33%)]	Loss: 0.102383
Train Epoch: 32 [40000/60000 (67%)]	Loss: 0.127365
Train Epoch: 32 [60000/60000 (100%)]	Loss: 0.112680

Average Training loss: 0.0006, Training Error Rate: 11.31% (6788/60000)


Average Test loss: 0.0001, Test Error Rate: 10.47% (1047/10000)

Train Epoch: 33 [20000/60000 (33%)]	Loss: 0.131643
Train Epoch: 33 [40000/60000 (67%)]	Loss: 0.114364
Train Epoch: 33 [60000/60000 (100%)]	Loss: 0.121466

Average Training loss: 0.0006, Training Error Rate: 11.25% (6752/60000)


Average Test loss: 0.0001, Test Error Rate: 10.28% (1028/10000)

Train Epoch: 34 [20000/60000 (33%)]	Loss: 0.098001
Train Epoch: 34 [40000/60000 (67%)]	Loss: 0.129736
Train Epoch: 34 [60000/60000 (100%)]	Loss: 0.105810

Average Training loss: 0.0006, Training Error Rate: 11.12% (6670/60000)


Average Test loss: 0.0001, Test Error Rate: 10.25% (1025/10000)

Train Epoch: 35 [20000/60000 (33%)]	Loss: 0.103799
Train Epoch: 35 [40000/60000 (67%)]	Loss: 0.122637
Train Epoch: 35 [60000/60000 (100%)]	Loss: 0.103319

Average Training loss: 0.0006, Training Error Rate: 11.05% (6630/60000)


Average Test loss: 0.0001, Test Error Rate: 10.00% (1000/10000)

Train Epoch: 36 [20000/60000 (33%)]	Loss: 0.102188
Train Epoch: 36 [40000/60000 (67%)]	Loss: 0.108218
Train Epoch: 36 [60000/60000 (100%)]	Loss: 0.109616

Average Training loss: 0.0006, Training Error Rate: 11.02% (6613/60000)


Average Test loss: 0.0001, Test Error Rate: 10.22% (1022/10000)

Train Epoch: 37 [20000/60000 (33%)]	Loss: 0.114124
Train Epoch: 37 [40000/60000 (67%)]	Loss: 0.094905
Train Epoch: 37 [60000/60000 (100%)]	Loss: 0.124870

Average Training loss: 0.0006, Training Error Rate: 10.85% (6508/60000)


Average Test loss: 0.0001, Test Error Rate: 10.46% (1046/10000)

Train Epoch: 38 [20000/60000 (33%)]	Loss: 0.121372
Train Epoch: 38 [40000/60000 (67%)]	Loss: 0.097628
Train Epoch: 38 [60000/60000 (100%)]	Loss: 0.121562

Average Training loss: 0.0006, Training Error Rate: 10.89% (6537/60000)


Average Test loss: 0.0001, Test Error Rate: 10.07% (1007/10000)

Train Epoch: 39 [20000/60000 (33%)]	Loss: 0.128280
Train Epoch: 39 [40000/60000 (67%)]	Loss: 0.110216
Train Epoch: 39 [60000/60000 (100%)]	Loss: 0.121324

Average Training loss: 0.0006, Training Error Rate: 10.81% (6487/60000)


Average Test loss: 0.0001, Test Error Rate: 10.01% (1001/10000)

Train Epoch: 40 [20000/60000 (33%)]	Loss: 0.117057
Train Epoch: 40 [40000/60000 (67%)]	Loss: 0.110647
Train Epoch: 40 [60000/60000 (100%)]	Loss: 0.120937

Average Training loss: 0.0006, Training Error Rate: 10.70% (6421/60000)


Average Test loss: 0.0001, Test Error Rate: 10.08% (1008/10000)

Train Epoch: 41 [20000/60000 (33%)]	Loss: 0.098004
Train Epoch: 41 [40000/60000 (67%)]	Loss: 0.112907
Train Epoch: 41 [60000/60000 (100%)]	Loss: 0.130960

Average Training loss: 0.0006, Training Error Rate: 10.69% (6415/60000)


Average Test loss: 0.0001, Test Error Rate: 9.76% (976/10000)

Train Epoch: 42 [20000/60000 (33%)]	Loss: 0.120054
Train Epoch: 42 [40000/60000 (67%)]	Loss: 0.129664
Train Epoch: 42 [60000/60000 (100%)]	Loss: 0.119203

Average Training loss: 0.0006, Training Error Rate: 10.63% (6378/60000)


Average Test loss: 0.0001, Test Error Rate: 9.60% (960/10000)

Train Epoch: 43 [20000/60000 (33%)]	Loss: 0.116373
Train Epoch: 43 [40000/60000 (67%)]	Loss: 0.121855
Train Epoch: 43 [60000/60000 (100%)]	Loss: 0.100000

Average Training loss: 0.0006, Training Error Rate: 10.54% (6326/60000)


Average Test loss: 0.0001, Test Error Rate: 9.66% (966/10000)

Train Epoch: 44 [20000/60000 (33%)]	Loss: 0.101218
Train Epoch: 44 [40000/60000 (67%)]	Loss: 0.129794
Train Epoch: 44 [60000/60000 (100%)]	Loss: 0.112935

Average Training loss: 0.0006, Training Error Rate: 10.32% (6195/60000)


Average Test loss: 0.0001, Test Error Rate: 9.78% (978/10000)

Train Epoch: 45 [20000/60000 (33%)]	Loss: 0.106488
Train Epoch: 45 [40000/60000 (67%)]	Loss: 0.106308
Train Epoch: 45 [60000/60000 (100%)]	Loss: 0.105973

Average Training loss: 0.0006, Training Error Rate: 10.28% (6167/60000)


Average Test loss: 0.0001, Test Error Rate: 9.66% (966/10000)

Train Epoch: 46 [20000/60000 (33%)]	Loss: 0.115318
Train Epoch: 46 [40000/60000 (67%)]	Loss: 0.133574
Train Epoch: 46 [60000/60000 (100%)]	Loss: 0.093170

Average Training loss: 0.0005, Training Error Rate: 10.30% (6178/60000)


Average Test loss: 0.0001, Test Error Rate: 9.48% (948/10000)

Train Epoch: 47 [20000/60000 (33%)]	Loss: 0.110313
Train Epoch: 47 [40000/60000 (67%)]	Loss: 0.113262
Train Epoch: 47 [60000/60000 (100%)]	Loss: 0.123553

Average Training loss: 0.0005, Training Error Rate: 10.31% (6186/60000)


Average Test loss: 0.0001, Test Error Rate: 9.53% (953/10000)

Train Epoch: 48 [20000/60000 (33%)]	Loss: 0.119589
Train Epoch: 48 [40000/60000 (67%)]	Loss: 0.105370
Train Epoch: 48 [60000/60000 (100%)]	Loss: 0.102185

Average Training loss: 0.0005, Training Error Rate: 10.22% (6131/60000)


Average Test loss: 0.0001, Test Error Rate: 9.75% (975/10000)

Train Epoch: 49 [20000/60000 (33%)]	Loss: 0.115697
Train Epoch: 49 [40000/60000 (67%)]	Loss: 0.091163
Train Epoch: 49 [60000/60000 (100%)]	Loss: 0.101890

Average Training loss: 0.0005, Training Error Rate: 10.14% (6083/60000)


Average Test loss: 0.0001, Test Error Rate: 9.32% (932/10000)

Train Epoch: 50 [20000/60000 (33%)]	Loss: 0.104727
Train Epoch: 50 [40000/60000 (67%)]	Loss: 0.116332
Train Epoch: 50 [60000/60000 (100%)]	Loss: 0.112301

Average Training loss: 0.0005, Training Error Rate: 10.05% (6029/60000)


Average Test loss: 0.0001, Test Error Rate: 9.41% (941/10000)

Train Epoch: 51 [20000/60000 (33%)]	Loss: 0.108951
Train Epoch: 51 [40000/60000 (67%)]	Loss: 0.115607
Train Epoch: 51 [60000/60000 (100%)]	Loss: 0.089747

Average Training loss: 0.0005, Training Error Rate: 10.08% (6046/60000)


Average Test loss: 0.0001, Test Error Rate: 9.49% (949/10000)

Train Epoch: 52 [20000/60000 (33%)]	Loss: 0.102524
Train Epoch: 52 [40000/60000 (67%)]	Loss: 0.119594
Train Epoch: 52 [60000/60000 (100%)]	Loss: 0.108407

Average Training loss: 0.0005, Training Error Rate: 10.05% (6029/60000)


Average Test loss: 0.0001, Test Error Rate: 9.47% (947/10000)

Train Epoch: 53 [20000/60000 (33%)]	Loss: 0.101228
Train Epoch: 53 [40000/60000 (67%)]	Loss: 0.098301
Train Epoch: 53 [60000/60000 (100%)]	Loss: 0.116928

Average Training loss: 0.0005, Training Error Rate: 9.89% (5937/60000)


Average Test loss: 0.0001, Test Error Rate: 9.24% (924/10000)

Train Epoch: 54 [20000/60000 (33%)]	Loss: 0.092413
Train Epoch: 54 [40000/60000 (67%)]	Loss: 0.104114
Train Epoch: 54 [60000/60000 (100%)]	Loss: 0.093995

Average Training loss: 0.0005, Training Error Rate: 9.87% (5924/60000)


Average Test loss: 0.0001, Test Error Rate: 8.91% (891/10000)

Train Epoch: 55 [20000/60000 (33%)]	Loss: 0.099698
Train Epoch: 55 [40000/60000 (67%)]	Loss: 0.091066
Train Epoch: 55 [60000/60000 (100%)]	Loss: 0.105459

Average Training loss: 0.0005, Training Error Rate: 9.77% (5864/60000)


Average Test loss: 0.0001, Test Error Rate: 9.38% (938/10000)

Train Epoch: 56 [20000/60000 (33%)]	Loss: 0.107993
Train Epoch: 56 [40000/60000 (67%)]	Loss: 0.106005
Train Epoch: 56 [60000/60000 (100%)]	Loss: 0.099530

Average Training loss: 0.0005, Training Error Rate: 9.69% (5814/60000)


Average Test loss: 0.0001, Test Error Rate: 9.35% (935/10000)

Train Epoch: 57 [20000/60000 (33%)]	Loss: 0.103251
Train Epoch: 57 [40000/60000 (67%)]	Loss: 0.112961
Train Epoch: 57 [60000/60000 (100%)]	Loss: 0.099286

Average Training loss: 0.0005, Training Error Rate: 9.63% (5780/60000)


Average Test loss: 0.0001, Test Error Rate: 8.92% (892/10000)

Train Epoch: 58 [20000/60000 (33%)]	Loss: 0.118875
Train Epoch: 58 [40000/60000 (67%)]	Loss: 0.085014
Train Epoch: 58 [60000/60000 (100%)]	Loss: 0.093649

Average Training loss: 0.0005, Training Error Rate: 9.79% (5876/60000)


Average Test loss: 0.0001, Test Error Rate: 9.01% (901/10000)

Train Epoch: 59 [20000/60000 (33%)]	Loss: 0.106963
Train Epoch: 59 [40000/60000 (67%)]	Loss: 0.099866
Train Epoch: 59 [60000/60000 (100%)]	Loss: 0.099801

Average Training loss: 0.0005, Training Error Rate: 9.71% (5829/60000)


Average Test loss: 0.0001, Test Error Rate: 9.04% (904/10000)

Train Epoch: 60 [20000/60000 (33%)]	Loss: 0.089702
Train Epoch: 60 [40000/60000 (67%)]	Loss: 0.110566
Train Epoch: 60 [60000/60000 (100%)]	Loss: 0.081107

Average Training loss: 0.0005, Training Error Rate: 9.66% (5796/60000)


Average Test loss: 0.0001, Test Error Rate: 9.02% (902/10000)

Train Epoch: 61 [20000/60000 (33%)]	Loss: 0.088014
Train Epoch: 61 [40000/60000 (67%)]	Loss: 0.113092
Train Epoch: 61 [60000/60000 (100%)]	Loss: 0.088207

Average Training loss: 0.0005, Training Error Rate: 9.44% (5661/60000)


Average Test loss: 0.0001, Test Error Rate: 8.78% (878/10000)

Train Epoch: 62 [20000/60000 (33%)]	Loss: 0.099263
Train Epoch: 62 [40000/60000 (67%)]	Loss: 0.085021
Train Epoch: 62 [60000/60000 (100%)]	Loss: 0.127865

Average Training loss: 0.0005, Training Error Rate: 9.44% (5665/60000)


Average Test loss: 0.0001, Test Error Rate: 8.82% (882/10000)

Train Epoch: 63 [20000/60000 (33%)]	Loss: 0.097380
Train Epoch: 63 [40000/60000 (67%)]	Loss: 0.109821
Train Epoch: 63 [60000/60000 (100%)]	Loss: 0.106343

Average Training loss: 0.0005, Training Error Rate: 9.51% (5707/60000)


Average Test loss: 0.0001, Test Error Rate: 8.78% (878/10000)

Train Epoch: 64 [20000/60000 (33%)]	Loss: 0.097152
Train Epoch: 64 [40000/60000 (67%)]	Loss: 0.085224
Train Epoch: 64 [60000/60000 (100%)]	Loss: 0.108445

Average Training loss: 0.0005, Training Error Rate: 9.40% (5639/60000)


Average Test loss: 0.0001, Test Error Rate: 8.79% (879/10000)

Train Epoch: 65 [20000/60000 (33%)]	Loss: 0.102702
Train Epoch: 65 [40000/60000 (67%)]	Loss: 0.092074
Train Epoch: 65 [60000/60000 (100%)]	Loss: 0.091456

Average Training loss: 0.0005, Training Error Rate: 9.32% (5591/60000)


Average Test loss: 0.0001, Test Error Rate: 8.80% (880/10000)

Train Epoch: 66 [20000/60000 (33%)]	Loss: 0.097801
Train Epoch: 66 [40000/60000 (67%)]	Loss: 0.100614
Train Epoch: 66 [60000/60000 (100%)]	Loss: 0.088761

Average Training loss: 0.0005, Training Error Rate: 9.31% (5587/60000)


Average Test loss: 0.0001, Test Error Rate: 8.69% (869/10000)

Train Epoch: 67 [20000/60000 (33%)]	Loss: 0.100039
Train Epoch: 67 [40000/60000 (67%)]	Loss: 0.097997
Train Epoch: 67 [60000/60000 (100%)]	Loss: 0.092929

Average Training loss: 0.0005, Training Error Rate: 9.29% (5577/60000)


Average Test loss: 0.0001, Test Error Rate: 8.49% (849/10000)

Train Epoch: 68 [20000/60000 (33%)]	Loss: 0.103517
Train Epoch: 68 [40000/60000 (67%)]	Loss: 0.086365
Train Epoch: 68 [60000/60000 (100%)]	Loss: 0.100231

Average Training loss: 0.0005, Training Error Rate: 9.32% (5593/60000)


Average Test loss: 0.0001, Test Error Rate: 8.63% (863/10000)

Train Epoch: 69 [20000/60000 (33%)]	Loss: 0.113307
Train Epoch: 69 [40000/60000 (67%)]	Loss: 0.080623
Train Epoch: 69 [60000/60000 (100%)]	Loss: 0.100020

Average Training loss: 0.0005, Training Error Rate: 9.25% (5548/60000)


Average Test loss: 0.0001, Test Error Rate: 8.53% (853/10000)

Train Epoch: 70 [20000/60000 (33%)]	Loss: 0.101289
Train Epoch: 70 [40000/60000 (67%)]	Loss: 0.091032
Train Epoch: 70 [60000/60000 (100%)]	Loss: 0.100306

Average Training loss: 0.0005, Training Error Rate: 9.22% (5533/60000)


Average Test loss: 0.0001, Test Error Rate: 8.55% (855/10000)

Train Epoch: 71 [20000/60000 (33%)]	Loss: 0.088278
Train Epoch: 71 [40000/60000 (67%)]	Loss: 0.090387
Train Epoch: 71 [60000/60000 (100%)]	Loss: 0.087968

Average Training loss: 0.0005, Training Error Rate: 9.14% (5483/60000)


Average Test loss: 0.0001, Test Error Rate: 8.47% (847/10000)

Train Epoch: 72 [20000/60000 (33%)]	Loss: 0.085602
Train Epoch: 72 [40000/60000 (67%)]	Loss: 0.091161
Train Epoch: 72 [60000/60000 (100%)]	Loss: 0.075788

Average Training loss: 0.0005, Training Error Rate: 9.11% (5467/60000)


Average Test loss: 0.0001, Test Error Rate: 8.47% (847/10000)

Train Epoch: 73 [20000/60000 (33%)]	Loss: 0.102671
Train Epoch: 73 [40000/60000 (67%)]	Loss: 0.102568
Train Epoch: 73 [60000/60000 (100%)]	Loss: 0.088713

Average Training loss: 0.0005, Training Error Rate: 8.95% (5368/60000)


Average Test loss: 0.0001, Test Error Rate: 8.50% (850/10000)

Train Epoch: 74 [20000/60000 (33%)]	Loss: 0.102118
Train Epoch: 74 [40000/60000 (67%)]	Loss: 0.099090
Train Epoch: 74 [60000/60000 (100%)]	Loss: 0.074928

Average Training loss: 0.0005, Training Error Rate: 9.01% (5403/60000)


Average Test loss: 0.0001, Test Error Rate: 8.40% (840/10000)

Train Epoch: 75 [20000/60000 (33%)]	Loss: 0.091555
Train Epoch: 75 [40000/60000 (67%)]	Loss: 0.092508
Train Epoch: 75 [60000/60000 (100%)]	Loss: 0.103094

Average Training loss: 0.0005, Training Error Rate: 8.88% (5330/60000)


Average Test loss: 0.0001, Test Error Rate: 8.36% (836/10000)

Train Epoch: 76 [20000/60000 (33%)]	Loss: 0.088717
Train Epoch: 76 [40000/60000 (67%)]	Loss: 0.100514
Train Epoch: 76 [60000/60000 (100%)]	Loss: 0.094575

Average Training loss: 0.0005, Training Error Rate: 8.89% (5337/60000)


Average Test loss: 0.0001, Test Error Rate: 8.23% (823/10000)

Train Epoch: 77 [20000/60000 (33%)]	Loss: 0.090672
Train Epoch: 77 [40000/60000 (67%)]	Loss: 0.096408
Train Epoch: 77 [60000/60000 (100%)]	Loss: 0.103668

Average Training loss: 0.0005, Training Error Rate: 8.94% (5362/60000)


Average Test loss: 0.0001, Test Error Rate: 8.45% (845/10000)

Train Epoch: 78 [20000/60000 (33%)]	Loss: 0.102566
Train Epoch: 78 [40000/60000 (67%)]	Loss: 0.078369
Train Epoch: 78 [60000/60000 (100%)]	Loss: 0.099153

Average Training loss: 0.0005, Training Error Rate: 8.88% (5329/60000)


Average Test loss: 0.0001, Test Error Rate: 8.43% (843/10000)

Train Epoch: 79 [20000/60000 (33%)]	Loss: 0.090821
Train Epoch: 79 [40000/60000 (67%)]	Loss: 0.090962
Train Epoch: 79 [60000/60000 (100%)]	Loss: 0.098682

Average Training loss: 0.0005, Training Error Rate: 8.76% (5255/60000)


Average Test loss: 0.0001, Test Error Rate: 8.07% (807/10000)

Train Epoch: 80 [20000/60000 (33%)]	Loss: 0.110288
Train Epoch: 80 [40000/60000 (67%)]	Loss: 0.088751
Train Epoch: 80 [60000/60000 (100%)]	Loss: 0.079292

Average Training loss: 0.0005, Training Error Rate: 8.72% (5233/60000)


Average Test loss: 0.0001, Test Error Rate: 8.53% (853/10000)

Train Epoch: 81 [20000/60000 (33%)]	Loss: 0.077937
Train Epoch: 81 [40000/60000 (67%)]	Loss: 0.090412
Train Epoch: 81 [60000/60000 (100%)]	Loss: 0.095054

Average Training loss: 0.0005, Training Error Rate: 8.75% (5251/60000)


Average Test loss: 0.0001, Test Error Rate: 8.24% (824/10000)

Train Epoch: 82 [20000/60000 (33%)]	Loss: 0.087156
Train Epoch: 82 [40000/60000 (67%)]	Loss: 0.104333
Train Epoch: 82 [60000/60000 (100%)]	Loss: 0.089603

Average Training loss: 0.0005, Training Error Rate: 8.66% (5199/60000)


Average Test loss: 0.0001, Test Error Rate: 8.49% (849/10000)

Train Epoch: 83 [20000/60000 (33%)]	Loss: 0.094396
Train Epoch: 83 [40000/60000 (67%)]	Loss: 0.087682
Train Epoch: 83 [60000/60000 (100%)]	Loss: 0.112471

Average Training loss: 0.0005, Training Error Rate: 8.74% (5247/60000)


Average Test loss: 0.0001, Test Error Rate: 8.27% (827/10000)

Train Epoch: 84 [20000/60000 (33%)]	Loss: 0.084364
Train Epoch: 84 [40000/60000 (67%)]	Loss: 0.095121
Train Epoch: 84 [60000/60000 (100%)]	Loss: 0.083738

Average Training loss: 0.0005, Training Error Rate: 8.61% (5165/60000)


Average Test loss: 0.0001, Test Error Rate: 8.20% (820/10000)

Train Epoch: 85 [20000/60000 (33%)]	Loss: 0.110000
Train Epoch: 85 [40000/60000 (67%)]	Loss: 0.091373
Train Epoch: 85 [60000/60000 (100%)]	Loss: 0.087746

Average Training loss: 0.0004, Training Error Rate: 8.59% (5156/60000)


Average Test loss: 0.0001, Test Error Rate: 8.14% (814/10000)

Train Epoch: 86 [20000/60000 (33%)]	Loss: 0.092597
Train Epoch: 86 [40000/60000 (67%)]	Loss: 0.089177
Train Epoch: 86 [60000/60000 (100%)]	Loss: 0.101316

Average Training loss: 0.0004, Training Error Rate: 8.50% (5101/60000)


Average Test loss: 0.0001, Test Error Rate: 8.02% (802/10000)

Train Epoch: 87 [20000/60000 (33%)]	Loss: 0.084809
Train Epoch: 87 [40000/60000 (67%)]	Loss: 0.086113
Train Epoch: 87 [60000/60000 (100%)]	Loss: 0.085051

Average Training loss: 0.0004, Training Error Rate: 8.68% (5208/60000)


Average Test loss: 0.0001, Test Error Rate: 8.20% (820/10000)

Train Epoch: 88 [20000/60000 (33%)]	Loss: 0.091346
Train Epoch: 88 [40000/60000 (67%)]	Loss: 0.066179
Train Epoch: 88 [60000/60000 (100%)]	Loss: 0.090709

Average Training loss: 0.0004, Training Error Rate: 8.58% (5149/60000)


Average Test loss: 0.0001, Test Error Rate: 7.82% (782/10000)

Train Epoch: 89 [20000/60000 (33%)]	Loss: 0.112813
Train Epoch: 89 [40000/60000 (67%)]	Loss: 0.080858
Train Epoch: 89 [60000/60000 (100%)]	Loss: 0.085676

Average Training loss: 0.0004, Training Error Rate: 8.39% (5036/60000)


Average Test loss: 0.0001, Test Error Rate: 8.13% (813/10000)

Train Epoch: 90 [20000/60000 (33%)]	Loss: 0.095258
Train Epoch: 90 [40000/60000 (67%)]	Loss: 0.093462
Train Epoch: 90 [60000/60000 (100%)]	Loss: 0.087568

Average Training loss: 0.0004, Training Error Rate: 8.44% (5061/60000)


Average Test loss: 0.0001, Test Error Rate: 8.23% (823/10000)

Train Epoch: 91 [20000/60000 (33%)]	Loss: 0.073639
Train Epoch: 91 [40000/60000 (67%)]	Loss: 0.082053
Train Epoch: 91 [60000/60000 (100%)]	Loss: 0.089701

Average Training loss: 0.0004, Training Error Rate: 8.42% (5053/60000)


Average Test loss: 0.0001, Test Error Rate: 7.99% (799/10000)

Train Epoch: 92 [20000/60000 (33%)]	Loss: 0.095546
Train Epoch: 92 [40000/60000 (67%)]	Loss: 0.077153
Train Epoch: 92 [60000/60000 (100%)]	Loss: 0.081679

Average Training loss: 0.0004, Training Error Rate: 8.43% (5055/60000)


Average Test loss: 0.0001, Test Error Rate: 8.00% (800/10000)

Train Epoch: 93 [20000/60000 (33%)]	Loss: 0.089730
Train Epoch: 93 [40000/60000 (67%)]	Loss: 0.083859
Train Epoch: 93 [60000/60000 (100%)]	Loss: 0.082763

Average Training loss: 0.0004, Training Error Rate: 8.36% (5017/60000)


Average Test loss: 0.0001, Test Error Rate: 7.89% (789/10000)

Train Epoch: 94 [20000/60000 (33%)]	Loss: 0.089284
Train Epoch: 94 [40000/60000 (67%)]	Loss: 0.085930
Train Epoch: 94 [60000/60000 (100%)]	Loss: 0.091799

Average Training loss: 0.0004, Training Error Rate: 8.34% (5001/60000)


Average Test loss: 0.0001, Test Error Rate: 7.94% (794/10000)

Train Epoch: 95 [20000/60000 (33%)]	Loss: 0.088185
Train Epoch: 95 [40000/60000 (67%)]	Loss: 0.079951
Train Epoch: 95 [60000/60000 (100%)]	Loss: 0.083566

Average Training loss: 0.0004, Training Error Rate: 8.34% (5006/60000)


Average Test loss: 0.0001, Test Error Rate: 7.81% (781/10000)

Train Epoch: 96 [20000/60000 (33%)]	Loss: 0.084122
Train Epoch: 96 [40000/60000 (67%)]	Loss: 0.087122
Train Epoch: 96 [60000/60000 (100%)]	Loss: 0.096165

Average Training loss: 0.0004, Training Error Rate: 8.22% (4934/60000)


Average Test loss: 0.0001, Test Error Rate: 7.86% (786/10000)

Train Epoch: 97 [20000/60000 (33%)]	Loss: 0.100626
Train Epoch: 97 [40000/60000 (67%)]	Loss: 0.074618
Train Epoch: 97 [60000/60000 (100%)]	Loss: 0.084195

Average Training loss: 0.0004, Training Error Rate: 8.22% (4930/60000)


Average Test loss: 0.0001, Test Error Rate: 7.71% (771/10000)

Train Epoch: 98 [20000/60000 (33%)]	Loss: 0.076939
Train Epoch: 98 [40000/60000 (67%)]	Loss: 0.085552
Train Epoch: 98 [60000/60000 (100%)]	Loss: 0.068032

Average Training loss: 0.0004, Training Error Rate: 8.22% (4935/60000)


Average Test loss: 0.0001, Test Error Rate: 7.95% (795/10000)

Train Epoch: 99 [20000/60000 (33%)]	Loss: 0.070435
Train Epoch: 99 [40000/60000 (67%)]	Loss: 0.098996
Train Epoch: 99 [60000/60000 (100%)]	Loss: 0.083670

Average Training loss: 0.0004, Training Error Rate: 8.22% (4933/60000)


Average Test loss: 0.0001, Test Error Rate: 7.75% (775/10000)

/vast/home/ajherman/miniconda3/envs/pytorch/lib/python3.11/site-packages/torchvision/io/image.py:13: UserWarning: Failed to load image Python extension: '/vast/home/ajherman/miniconda3/envs/pytorch/lib/python3.11/site-packages/torchvision/image.so: undefined symbol: _ZN5torch3jit17parseSchemaOrNameERKNSt7__cxx1112basic_stringIcSt11char_traitsIcESaIcEEE'If you don't plan on using image functionality from `torchvision.io`, you can ignore this warning. Otherwise, there might be something wrong with your environment. Did you have `libjpeg` or `libpng` installed before building `torchvision` from source?
  warn(
Random seed set as 42
dt =  0.3934693402873666
trace decay =  0.5737534207374327
Random seed set as 42
Random seed set as 42
dt =  0.3934693402873666
trace decay =  0.5737534207374327
Random seed set as 42
/vast/home/ajherman/miniconda3/envs/pytorch/lib/python3.11/site-packages/torchvision/io/image.py:13: UserWarning: Failed to load image Python extension: '/vast/home/ajherman/miniconda3/envs/pytorch/lib/python3.11/site-packages/torchvision/image.so: undefined symbol: _ZN5torch3jit17parseSchemaOrNameERKNSt7__cxx1112basic_stringIcSt11char_traitsIcESaIcEEE'If you don't plan on using image functionality from `torchvision.io`, you can ignore this warning. Otherwise, there might be something wrong with your environment. Did you have `libjpeg` or `libpng` installed before building `torchvision` from source?
  warn(
Random seed set as 42
dt =  0.3934693402873666
trace decay =  0.5737534207374327
Random seed set as 42
Random seed set as 42
dt =  0.3934693402873666
trace decay =  0.5737534207374327
Random seed set as 42
/vast/home/ajherman/miniconda3/envs/pytorch/lib/python3.11/site-packages/torchvision/io/image.py:13: UserWarning: Failed to load image Python extension: '/vast/home/ajherman/miniconda3/envs/pytorch/lib/python3.11/site-packages/torchvision/image.so: undefined symbol: _ZN5torch3jit17parseSchemaOrNameERKNSt7__cxx1112basic_stringIcSt11char_traitsIcESaIcEEE'If you don't plan on using image functionality from `torchvision.io`, you can ignore this warning. Otherwise, there might be something wrong with your environment. Did you have `libjpeg` or `libpng` installed before building `torchvision` from source?
  warn(
Random seed set as 42
dt =  0.3934693402873666
trace decay =  0.5737534207374327
Random seed set as 42
Random seed set as 42
dt =  0.3934693402873666
trace decay =  0.5737534207374327
Random seed set as 42
Train Epoch: 100 [20000/60000 (33%)]	Loss: 0.080469
Train Epoch: 100 [40000/60000 (67%)]	Loss: 0.085786
Train Epoch: 100 [60000/60000 (100%)]	Loss: 0.087863

Average Training loss: 0.0004, Training Error Rate: 8.16% (4897/60000)


Average Test loss: 0.0001, Test Error Rate: 7.65% (765/10000)

Train Epoch: 101 [20000/60000 (33%)]	Loss: 0.094385
Train Epoch: 101 [40000/60000 (67%)]	Loss: 0.084825
Train Epoch: 101 [60000/60000 (100%)]	Loss: 0.070333

Average Training loss: 0.0004, Training Error Rate: 8.20% (4920/60000)


Average Test loss: 0.0001, Test Error Rate: 7.73% (773/10000)

Train Epoch: 102 [20000/60000 (33%)]	Loss: 0.087339
Train Epoch: 102 [40000/60000 (67%)]	Loss: 0.065284
Train Epoch: 102 [60000/60000 (100%)]	Loss: 0.085615

Average Training loss: 0.0004, Training Error Rate: 8.08% (4846/60000)


Average Test loss: 0.0001, Test Error Rate: 7.86% (786/10000)

Train Epoch: 103 [20000/60000 (33%)]	Loss: 0.080405
Train Epoch: 103 [40000/60000 (67%)]	Loss: 0.073157
Train Epoch: 103 [60000/60000 (100%)]	Loss: 0.079643

Average Training loss: 0.0004, Training Error Rate: 8.03% (4817/60000)


Average Test loss: 0.0001, Test Error Rate: 7.62% (762/10000)

Train Epoch: 104 [20000/60000 (33%)]	Loss: 0.084445
Train Epoch: 104 [40000/60000 (67%)]	Loss: 0.084055
Train Epoch: 104 [60000/60000 (100%)]	Loss: 0.064445

Average Training loss: 0.0004, Training Error Rate: 8.07% (4845/60000)


Average Test loss: 0.0001, Test Error Rate: 7.58% (758/10000)

Train Epoch: 105 [20000/60000 (33%)]	Loss: 0.088838
Train Epoch: 105 [40000/60000 (67%)]	Loss: 0.091431
Train Epoch: 105 [60000/60000 (100%)]	Loss: 0.095087

Average Training loss: 0.0004, Training Error Rate: 8.01% (4806/60000)


Average Test loss: 0.0001, Test Error Rate: 7.57% (757/10000)

Train Epoch: 106 [20000/60000 (33%)]	Loss: 0.082885
Train Epoch: 106 [40000/60000 (67%)]	Loss: 0.077850
Train Epoch: 106 [60000/60000 (100%)]	Loss: 0.067491

Average Training loss: 0.0004, Training Error Rate: 7.97% (4781/60000)


Average Test loss: 0.0001, Test Error Rate: 7.63% (763/10000)

Train Epoch: 107 [20000/60000 (33%)]	Loss: 0.093995
Train Epoch: 107 [40000/60000 (67%)]	Loss: 0.074002
Train Epoch: 107 [60000/60000 (100%)]	Loss: 0.082125

Average Training loss: 0.0004, Training Error Rate: 7.88% (4728/60000)


Average Test loss: 0.0001, Test Error Rate: 7.47% (747/10000)

Train Epoch: 108 [20000/60000 (33%)]	Loss: 0.076867
Train Epoch: 108 [40000/60000 (67%)]	Loss: 0.078213
Train Epoch: 108 [60000/60000 (100%)]	Loss: 0.080260

Average Training loss: 0.0004, Training Error Rate: 7.95% (4770/60000)


Average Test loss: 0.0001, Test Error Rate: 7.61% (761/10000)

Train Epoch: 109 [20000/60000 (33%)]	Loss: 0.093237
Train Epoch: 109 [40000/60000 (67%)]	Loss: 0.086947
Train Epoch: 109 [60000/60000 (100%)]	Loss: 0.074511

Average Training loss: 0.0004, Training Error Rate: 7.91% (4744/60000)


Average Test loss: 0.0001, Test Error Rate: 7.69% (769/10000)

Train Epoch: 110 [20000/60000 (33%)]	Loss: 0.084909
Train Epoch: 110 [40000/60000 (67%)]	Loss: 0.076987
Train Epoch: 110 [60000/60000 (100%)]	Loss: 0.095877

Average Training loss: 0.0004, Training Error Rate: 7.91% (4743/60000)


Average Test loss: 0.0001, Test Error Rate: 7.79% (779/10000)

Train Epoch: 111 [20000/60000 (33%)]	Loss: 0.091869
Train Epoch: 111 [40000/60000 (67%)]	Loss: 0.082644
Train Epoch: 111 [60000/60000 (100%)]	Loss: 0.073324

Average Training loss: 0.0004, Training Error Rate: 7.83% (4699/60000)


Average Test loss: 0.0001, Test Error Rate: 7.43% (743/10000)

Train Epoch: 112 [20000/60000 (33%)]	Loss: 0.069584
Train Epoch: 112 [40000/60000 (67%)]	Loss: 0.096155
Train Epoch: 112 [60000/60000 (100%)]	Loss: 0.069853

Average Training loss: 0.0004, Training Error Rate: 7.83% (4697/60000)


Average Test loss: 0.0001, Test Error Rate: 7.63% (763/10000)

Train Epoch: 113 [20000/60000 (33%)]	Loss: 0.077285
Train Epoch: 113 [40000/60000 (67%)]	Loss: 0.079242
Train Epoch: 113 [60000/60000 (100%)]	Loss: 0.088349

Average Training loss: 0.0004, Training Error Rate: 7.93% (4761/60000)


Average Test loss: 0.0001, Test Error Rate: 7.44% (744/10000)

Train Epoch: 114 [20000/60000 (33%)]	Loss: 0.069380
Train Epoch: 114 [40000/60000 (67%)]	Loss: 0.086920
Train Epoch: 114 [60000/60000 (100%)]	Loss: 0.080604

Average Training loss: 0.0004, Training Error Rate: 7.80% (4681/60000)


Average Test loss: 0.0001, Test Error Rate: 7.36% (736/10000)

Train Epoch: 115 [20000/60000 (33%)]	Loss: 0.074325
Train Epoch: 115 [40000/60000 (67%)]	Loss: 0.086816
Train Epoch: 115 [60000/60000 (100%)]	Loss: 0.083670

Average Training loss: 0.0004, Training Error Rate: 7.83% (4699/60000)


Average Test loss: 0.0001, Test Error Rate: 7.52% (752/10000)

Train Epoch: 116 [20000/60000 (33%)]	Loss: 0.077011
Train Epoch: 116 [40000/60000 (67%)]	Loss: 0.083018
Train Epoch: 116 [60000/60000 (100%)]	Loss: 0.076468

Average Training loss: 0.0004, Training Error Rate: 7.73% (4637/60000)


Average Test loss: 0.0001, Test Error Rate: 7.29% (729/10000)

Train Epoch: 117 [20000/60000 (33%)]	Loss: 0.086038
Train Epoch: 117 [40000/60000 (67%)]	Loss: 0.068220
Train Epoch: 117 [60000/60000 (100%)]	Loss: 0.082703

Average Training loss: 0.0004, Training Error Rate: 7.72% (4633/60000)


Average Test loss: 0.0001, Test Error Rate: 7.51% (751/10000)

Train Epoch: 118 [20000/60000 (33%)]	Loss: 0.082409
Train Epoch: 118 [40000/60000 (67%)]	Loss: 0.065757
Train Epoch: 118 [60000/60000 (100%)]	Loss: 0.080281

Average Training loss: 0.0004, Training Error Rate: 7.70% (4618/60000)


Average Test loss: 0.0001, Test Error Rate: 7.45% (745/10000)

Train Epoch: 119 [20000/60000 (33%)]	Loss: 0.087046
Train Epoch: 119 [40000/60000 (67%)]	Loss: 0.084976
Train Epoch: 119 [60000/60000 (100%)]	Loss: 0.093488

Average Training loss: 0.0004, Training Error Rate: 7.67% (4603/60000)


Average Test loss: 0.0001, Test Error Rate: 7.23% (723/10000)

Train Epoch: 120 [20000/60000 (33%)]	Loss: 0.091696
Train Epoch: 120 [40000/60000 (67%)]	Loss: 0.092960
Train Epoch: 120 [60000/60000 (100%)]	Loss: 0.078743

Average Training loss: 0.0004, Training Error Rate: 7.64% (4582/60000)


Average Test loss: 0.0001, Test Error Rate: 7.31% (731/10000)

Train Epoch: 121 [20000/60000 (33%)]	Loss: 0.066645
Train Epoch: 121 [40000/60000 (67%)]	Loss: 0.093192
Train Epoch: 121 [60000/60000 (100%)]	Loss: 0.082889

Average Training loss: 0.0004, Training Error Rate: 7.66% (4597/60000)


Average Test loss: 0.0001, Test Error Rate: 7.40% (740/10000)

Train Epoch: 122 [20000/60000 (33%)]	Loss: 0.088915
Train Epoch: 122 [40000/60000 (67%)]	Loss: 0.092828
Train Epoch: 122 [60000/60000 (100%)]	Loss: 0.077162

Average Training loss: 0.0004, Training Error Rate: 7.70% (4619/60000)


Average Test loss: 0.0001, Test Error Rate: 7.21% (721/10000)

Train Epoch: 123 [20000/60000 (33%)]	Loss: 0.083638
Train Epoch: 123 [40000/60000 (67%)]	Loss: 0.076747
Train Epoch: 123 [60000/60000 (100%)]	Loss: 0.064809

Average Training loss: 0.0004, Training Error Rate: 7.63% (4578/60000)


Average Test loss: 0.0001, Test Error Rate: 7.32% (732/10000)

Train Epoch: 124 [20000/60000 (33%)]	Loss: 0.083755
Train Epoch: 124 [40000/60000 (67%)]	Loss: 0.072282
Train Epoch: 124 [60000/60000 (100%)]	Loss: 0.072520

Average Training loss: 0.0004, Training Error Rate: 7.52% (4514/60000)


Average Test loss: 0.0001, Test Error Rate: 7.27% (727/10000)

Train Epoch: 125 [20000/60000 (33%)]	Loss: 0.088082
Train Epoch: 125 [40000/60000 (67%)]	Loss: 0.086286
Train Epoch: 125 [60000/60000 (100%)]	Loss: 0.071429

Average Training loss: 0.0004, Training Error Rate: 7.51% (4505/60000)


Average Test loss: 0.0001, Test Error Rate: 7.30% (730/10000)

Train Epoch: 126 [20000/60000 (33%)]	Loss: 0.085381
Train Epoch: 126 [40000/60000 (67%)]	Loss: 0.083849
Train Epoch: 126 [60000/60000 (100%)]	Loss: 0.073884

Average Training loss: 0.0004, Training Error Rate: 7.49% (4491/60000)


Average Test loss: 0.0001, Test Error Rate: 7.16% (716/10000)

Train Epoch: 127 [20000/60000 (33%)]	Loss: 0.079987
Train Epoch: 127 [40000/60000 (67%)]	Loss: 0.071462
Train Epoch: 127 [60000/60000 (100%)]	Loss: 0.079731

Average Training loss: 0.0004, Training Error Rate: 7.58% (4545/60000)


Average Test loss: 0.0001, Test Error Rate: 7.04% (704/10000)

Train Epoch: 128 [20000/60000 (33%)]	Loss: 0.082180
Train Epoch: 128 [40000/60000 (67%)]	Loss: 0.079052
Train Epoch: 128 [60000/60000 (100%)]	Loss: 0.090514

Average Training loss: 0.0004, Training Error Rate: 7.54% (4526/60000)


Average Test loss: 0.0001, Test Error Rate: 7.30% (730/10000)

Train Epoch: 129 [20000/60000 (33%)]	Loss: 0.087148
Train Epoch: 129 [40000/60000 (67%)]	Loss: 0.081004
Train Epoch: 129 [60000/60000 (100%)]	Loss: 0.069697

Average Training loss: 0.0004, Training Error Rate: 7.50% (4497/60000)


Average Test loss: 0.0001, Test Error Rate: 7.21% (721/10000)

Train Epoch: 130 [20000/60000 (33%)]	Loss: 0.082650
Train Epoch: 130 [40000/60000 (67%)]	Loss: 0.075799
Train Epoch: 130 [60000/60000 (100%)]	Loss: 0.060267

Average Training loss: 0.0004, Training Error Rate: 7.49% (4492/60000)


Average Test loss: 0.0001, Test Error Rate: 7.16% (716/10000)

Train Epoch: 131 [20000/60000 (33%)]	Loss: 0.070515
Train Epoch: 131 [40000/60000 (67%)]	Loss: 0.083445
Train Epoch: 131 [60000/60000 (100%)]	Loss: 0.077884

Average Training loss: 0.0004, Training Error Rate: 7.47% (4481/60000)


Average Test loss: 0.0001, Test Error Rate: 6.87% (687/10000)

Train Epoch: 132 [20000/60000 (33%)]	Loss: 0.069135
Train Epoch: 132 [40000/60000 (67%)]	Loss: 0.077319
Train Epoch: 132 [60000/60000 (100%)]	Loss: 0.081807

Average Training loss: 0.0004, Training Error Rate: 7.42% (4454/60000)


Average Test loss: 0.0001, Test Error Rate: 7.15% (715/10000)

Train Epoch: 133 [20000/60000 (33%)]	Loss: 0.072644
Train Epoch: 133 [40000/60000 (67%)]	Loss: 0.069144
Train Epoch: 133 [60000/60000 (100%)]	Loss: 0.078556

Average Training loss: 0.0004, Training Error Rate: 7.44% (4464/60000)


Average Test loss: 0.0001, Test Error Rate: 7.19% (719/10000)

Train Epoch: 134 [20000/60000 (33%)]	Loss: 0.083492
Train Epoch: 134 [40000/60000 (67%)]	Loss: 0.069541
Train Epoch: 134 [60000/60000 (100%)]	Loss: 0.064324

Average Training loss: 0.0004, Training Error Rate: 7.36% (4415/60000)


Average Test loss: 0.0001, Test Error Rate: 7.04% (704/10000)

Train Epoch: 135 [20000/60000 (33%)]	Loss: 0.090008
Train Epoch: 135 [40000/60000 (67%)]	Loss: 0.058011
Train Epoch: 135 [60000/60000 (100%)]	Loss: 0.080837

Average Training loss: 0.0004, Training Error Rate: 7.41% (4448/60000)


Average Test loss: 0.0001, Test Error Rate: 7.18% (718/10000)

Train Epoch: 136 [20000/60000 (33%)]	Loss: 0.077448
Train Epoch: 136 [40000/60000 (67%)]	Loss: 0.075499
Train Epoch: 136 [60000/60000 (100%)]	Loss: 0.086046

Average Training loss: 0.0004, Training Error Rate: 7.35% (4411/60000)


Average Test loss: 0.0001, Test Error Rate: 7.10% (710/10000)

Train Epoch: 137 [20000/60000 (33%)]	Loss: 0.063497
Train Epoch: 137 [40000/60000 (67%)]	Loss: 0.080829
Train Epoch: 137 [60000/60000 (100%)]	Loss: 0.082347

Average Training loss: 0.0004, Training Error Rate: 7.28% (4370/60000)


Average Test loss: 0.0001, Test Error Rate: 7.06% (706/10000)

Train Epoch: 138 [20000/60000 (33%)]	Loss: 0.077785
Train Epoch: 138 [40000/60000 (67%)]	Loss: 0.072194
Train Epoch: 138 [60000/60000 (100%)]	Loss: 0.064380

Average Training loss: 0.0004, Training Error Rate: 7.21% (4325/60000)


Average Test loss: 0.0001, Test Error Rate: 6.90% (690/10000)

Train Epoch: 139 [20000/60000 (33%)]	Loss: 0.070653
Train Epoch: 139 [40000/60000 (67%)]	Loss: 0.065291
Train Epoch: 139 [60000/60000 (100%)]	Loss: 0.062945

Average Training loss: 0.0004, Training Error Rate: 7.30% (4382/60000)


Average Test loss: 0.0001, Test Error Rate: 7.06% (706/10000)

Train Epoch: 140 [20000/60000 (33%)]	Loss: 0.085343
Train Epoch: 140 [40000/60000 (67%)]	Loss: 0.076681
Train Epoch: 140 [60000/60000 (100%)]	Loss: 0.079391

Average Training loss: 0.0004, Training Error Rate: 7.29% (4373/60000)


Average Test loss: 0.0001, Test Error Rate: 7.01% (701/10000)

Train Epoch: 141 [20000/60000 (33%)]	Loss: 0.088392
Train Epoch: 141 [40000/60000 (67%)]	Loss: 0.077802
Train Epoch: 141 [60000/60000 (100%)]	Loss: 0.078759

Average Training loss: 0.0004, Training Error Rate: 7.16% (4297/60000)


Average Test loss: 0.0001, Test Error Rate: 6.98% (698/10000)

Train Epoch: 142 [20000/60000 (33%)]	Loss: 0.070061
Train Epoch: 142 [40000/60000 (67%)]	Loss: 0.089724
Train Epoch: 142 [60000/60000 (100%)]	Loss: 0.081148

Average Training loss: 0.0004, Training Error Rate: 7.22% (4335/60000)


Average Test loss: 0.0001, Test Error Rate: 7.11% (711/10000)

Train Epoch: 143 [20000/60000 (33%)]	Loss: 0.080183
Train Epoch: 143 [40000/60000 (67%)]	Loss: 0.081082
Train Epoch: 143 [60000/60000 (100%)]	Loss: 0.059451

Average Training loss: 0.0004, Training Error Rate: 7.20% (4318/60000)


Average Test loss: 0.0001, Test Error Rate: 7.03% (703/10000)

Train Epoch: 144 [20000/60000 (33%)]	Loss: 0.063282
Train Epoch: 144 [40000/60000 (67%)]	Loss: 0.053879
Train Epoch: 144 [60000/60000 (100%)]	Loss: 0.062756

Average Training loss: 0.0004, Training Error Rate: 7.08% (4246/60000)


Average Test loss: 0.0001, Test Error Rate: 6.74% (674/10000)

Train Epoch: 145 [20000/60000 (33%)]	Loss: 0.072775
Train Epoch: 145 [40000/60000 (67%)]	Loss: 0.078110
Train Epoch: 145 [60000/60000 (100%)]	Loss: 0.069043

Average Training loss: 0.0004, Training Error Rate: 7.15% (4290/60000)


Average Test loss: 0.0001, Test Error Rate: 6.97% (697/10000)

Train Epoch: 146 [20000/60000 (33%)]	Loss: 0.054603
Train Epoch: 146 [40000/60000 (67%)]	Loss: 0.088420
Train Epoch: 146 [60000/60000 (100%)]	Loss: 0.092073

Average Training loss: 0.0004, Training Error Rate: 7.17% (4300/60000)


Average Test loss: 0.0001, Test Error Rate: 7.02% (702/10000)

Train Epoch: 147 [20000/60000 (33%)]	Loss: 0.087075
Train Epoch: 147 [40000/60000 (67%)]	Loss: 0.065949
Train Epoch: 147 [60000/60000 (100%)]	Loss: 0.067550

Average Training loss: 0.0004, Training Error Rate: 7.08% (4251/60000)


Average Test loss: 0.0001, Test Error Rate: 6.75% (675/10000)

Train Epoch: 148 [20000/60000 (33%)]	Loss: 0.081203
Train Epoch: 148 [40000/60000 (67%)]	Loss: 0.065387
Train Epoch: 148 [60000/60000 (100%)]	Loss: 0.066551

Average Training loss: 0.0004, Training Error Rate: 7.06% (4238/60000)


Average Test loss: 0.0001, Test Error Rate: 6.95% (695/10000)

Train Epoch: 149 [20000/60000 (33%)]	Loss: 0.067887
Train Epoch: 149 [40000/60000 (67%)]	Loss: 0.074756
Train Epoch: 149 [60000/60000 (100%)]	Loss: 0.076351

Average Training loss: 0.0004, Training Error Rate: 7.14% (4285/60000)


Average Test loss: 0.0001, Test Error Rate: 6.89% (689/10000)

Train Epoch: 150 [20000/60000 (33%)]	Loss: 0.064590
Train Epoch: 150 [40000/60000 (67%)]	Loss: 0.068677
Train Epoch: 150 [60000/60000 (100%)]	Loss: 0.074896

Average Training loss: 0.0004, Training Error Rate: 7.05% (4229/60000)


Average Test loss: 0.0001, Test Error Rate: 6.74% (674/10000)

Train Epoch: 151 [20000/60000 (33%)]	Loss: 0.075200
Train Epoch: 151 [40000/60000 (67%)]	Loss: 0.080689
Train Epoch: 151 [60000/60000 (100%)]	Loss: 0.075698

Average Training loss: 0.0004, Training Error Rate: 7.00% (4197/60000)


Average Test loss: 0.0001, Test Error Rate: 6.82% (682/10000)

Train Epoch: 152 [20000/60000 (33%)]	Loss: 0.078072
Train Epoch: 152 [40000/60000 (67%)]	Loss: 0.075568
Train Epoch: 152 [60000/60000 (100%)]	Loss: 0.074456

Average Training loss: 0.0004, Training Error Rate: 7.03% (4219/60000)


Average Test loss: 0.0001, Test Error Rate: 6.65% (665/10000)

Train Epoch: 153 [20000/60000 (33%)]	Loss: 0.080154
Train Epoch: 153 [40000/60000 (67%)]	Loss: 0.085949
Train Epoch: 153 [60000/60000 (100%)]	Loss: 0.076663

Average Training loss: 0.0004, Training Error Rate: 7.13% (4281/60000)


Average Test loss: 0.0001, Test Error Rate: 6.83% (683/10000)

Train Epoch: 154 [20000/60000 (33%)]	Loss: 0.102111
Train Epoch: 154 [40000/60000 (67%)]	Loss: 0.065816
Train Epoch: 154 [60000/60000 (100%)]	Loss: 0.081238

Average Training loss: 0.0004, Training Error Rate: 7.06% (4236/60000)


Average Test loss: 0.0001, Test Error Rate: 6.67% (667/10000)

Train Epoch: 155 [20000/60000 (33%)]	Loss: 0.076370
Train Epoch: 155 [40000/60000 (67%)]	Loss: 0.069564
Train Epoch: 155 [60000/60000 (100%)]	Loss: 0.076980

Average Training loss: 0.0004, Training Error Rate: 7.01% (4206/60000)


Average Test loss: 0.0001, Test Error Rate: 6.56% (656/10000)

Train Epoch: 156 [20000/60000 (33%)]	Loss: 0.081030
Train Epoch: 156 [40000/60000 (67%)]	Loss: 0.070251
Train Epoch: 156 [60000/60000 (100%)]	Loss: 0.054815

Average Training loss: 0.0004, Training Error Rate: 7.01% (4204/60000)


Average Test loss: 0.0001, Test Error Rate: 6.62% (662/10000)

Train Epoch: 157 [20000/60000 (33%)]	Loss: 0.067042
Train Epoch: 157 [40000/60000 (67%)]	Loss: 0.070250
Train Epoch: 157 [60000/60000 (100%)]	Loss: 0.064260

Average Training loss: 0.0004, Training Error Rate: 6.96% (4174/60000)


Average Test loss: 0.0001, Test Error Rate: 6.70% (670/10000)

Train Epoch: 158 [20000/60000 (33%)]	Loss: 0.082200
Train Epoch: 158 [40000/60000 (67%)]	Loss: 0.063314
Train Epoch: 158 [60000/60000 (100%)]	Loss: 0.069765

Average Training loss: 0.0004, Training Error Rate: 6.83% (4096/60000)


Average Test loss: 0.0001, Test Error Rate: 6.52% (652/10000)

Train Epoch: 159 [20000/60000 (33%)]	Loss: 0.069435
Train Epoch: 159 [40000/60000 (67%)]	Loss: 0.066694
Train Epoch: 159 [60000/60000 (100%)]	Loss: 0.094098

Average Training loss: 0.0004, Training Error Rate: 6.91% (4146/60000)


Average Test loss: 0.0001, Test Error Rate: 6.81% (681/10000)

Train Epoch: 160 [20000/60000 (33%)]	Loss: 0.054066
Train Epoch: 160 [40000/60000 (67%)]	Loss: 0.074590
Train Epoch: 160 [60000/60000 (100%)]	Loss: 0.064949

Average Training loss: 0.0004, Training Error Rate: 6.84% (4103/60000)


Average Test loss: 0.0001, Test Error Rate: 6.78% (678/10000)

Train Epoch: 161 [20000/60000 (33%)]	Loss: 0.068921
Train Epoch: 161 [40000/60000 (67%)]	Loss: 0.065187
Train Epoch: 161 [60000/60000 (100%)]	Loss: 0.062365

Average Training loss: 0.0004, Training Error Rate: 6.86% (4116/60000)


Average Test loss: 0.0001, Test Error Rate: 6.59% (659/10000)

Train Epoch: 162 [20000/60000 (33%)]	Loss: 0.081317
Train Epoch: 162 [40000/60000 (67%)]	Loss: 0.082010
Train Epoch: 162 [60000/60000 (100%)]	Loss: 0.085914

Average Training loss: 0.0004, Training Error Rate: 6.91% (4147/60000)


Average Test loss: 0.0001, Test Error Rate: 6.50% (650/10000)

Train Epoch: 163 [20000/60000 (33%)]	Loss: 0.065287
Train Epoch: 163 [40000/60000 (67%)]	Loss: 0.059545
Train Epoch: 163 [60000/60000 (100%)]	Loss: 0.070895

Average Training loss: 0.0004, Training Error Rate: 6.90% (4140/60000)


Average Test loss: 0.0001, Test Error Rate: 6.70% (670/10000)

Train Epoch: 164 [20000/60000 (33%)]	Loss: 0.094527
Train Epoch: 164 [40000/60000 (67%)]	Loss: 0.061905
Train Epoch: 164 [60000/60000 (100%)]	Loss: 0.051722

Average Training loss: 0.0004, Training Error Rate: 6.77% (4063/60000)


Average Test loss: 0.0001, Test Error Rate: 6.68% (668/10000)

Train Epoch: 165 [20000/60000 (33%)]	Loss: 0.070219
Train Epoch: 165 [40000/60000 (67%)]	Loss: 0.069560
Train Epoch: 165 [60000/60000 (100%)]	Loss: 0.057685

Average Training loss: 0.0004, Training Error Rate: 6.83% (4100/60000)


Average Test loss: 0.0001, Test Error Rate: 6.56% (656/10000)

Train Epoch: 166 [20000/60000 (33%)]	Loss: 0.081216
Train Epoch: 166 [40000/60000 (67%)]	Loss: 0.080287
Train Epoch: 166 [60000/60000 (100%)]	Loss: 0.063457

Average Training loss: 0.0004, Training Error Rate: 6.76% (4055/60000)


Average Test loss: 0.0001, Test Error Rate: 6.63% (663/10000)

Train Epoch: 167 [20000/60000 (33%)]	Loss: 0.067500
Train Epoch: 167 [40000/60000 (67%)]	Loss: 0.066333
Train Epoch: 167 [60000/60000 (100%)]	Loss: 0.057396

Average Training loss: 0.0004, Training Error Rate: 6.78% (4065/60000)


Average Test loss: 0.0001, Test Error Rate: 6.60% (660/10000)

Train Epoch: 168 [20000/60000 (33%)]	Loss: 0.072324
Train Epoch: 168 [40000/60000 (67%)]	Loss: 0.058579
Train Epoch: 168 [60000/60000 (100%)]	Loss: 0.067423

Average Training loss: 0.0004, Training Error Rate: 6.81% (4087/60000)


Average Test loss: 0.0001, Test Error Rate: 6.65% (665/10000)

Train Epoch: 169 [20000/60000 (33%)]	Loss: 0.076032
Train Epoch: 169 [40000/60000 (67%)]	Loss: 0.072010
Train Epoch: 169 [60000/60000 (100%)]	Loss: 0.075027

Average Training loss: 0.0003, Training Error Rate: 6.70% (4021/60000)


Average Test loss: 0.0001, Test Error Rate: 6.62% (662/10000)

Train Epoch: 170 [20000/60000 (33%)]	Loss: 0.071856
Train Epoch: 170 [40000/60000 (67%)]	Loss: 0.076102
Train Epoch: 170 [60000/60000 (100%)]	Loss: 0.065071

Average Training loss: 0.0003, Training Error Rate: 6.78% (4068/60000)


Average Test loss: 0.0001, Test Error Rate: 6.58% (658/10000)

Train Epoch: 171 [20000/60000 (33%)]	Loss: 0.075729
Train Epoch: 171 [40000/60000 (67%)]	Loss: 0.079823
Train Epoch: 171 [60000/60000 (100%)]	Loss: 0.066855

Average Training loss: 0.0003, Training Error Rate: 6.73% (4039/60000)


Average Test loss: 0.0001, Test Error Rate: 6.47% (647/10000)

Train Epoch: 172 [20000/60000 (33%)]	Loss: 0.076652
Train Epoch: 172 [40000/60000 (67%)]	Loss: 0.071470
Train Epoch: 172 [60000/60000 (100%)]	Loss: 0.096027

Average Training loss: 0.0003, Training Error Rate: 6.67% (4001/60000)


Average Test loss: 0.0001, Test Error Rate: 6.60% (660/10000)

Train Epoch: 173 [20000/60000 (33%)]	Loss: 0.066992
Train Epoch: 173 [40000/60000 (67%)]	Loss: 0.073713
Train Epoch: 173 [60000/60000 (100%)]	Loss: 0.057278

Average Training loss: 0.0003, Training Error Rate: 6.64% (3984/60000)


Average Test loss: 0.0001, Test Error Rate: 6.52% (652/10000)

Train Epoch: 174 [20000/60000 (33%)]	Loss: 0.051435
Train Epoch: 174 [40000/60000 (67%)]	Loss: 0.101539
Train Epoch: 174 [60000/60000 (100%)]	Loss: 0.060702

Average Training loss: 0.0003, Training Error Rate: 6.60% (3958/60000)


Average Test loss: 0.0001, Test Error Rate: 6.60% (660/10000)

Train Epoch: 175 [20000/60000 (33%)]	Loss: 0.072801
Train Epoch: 175 [40000/60000 (67%)]	Loss: 0.064095
Train Epoch: 175 [60000/60000 (100%)]	Loss: 0.089029

Average Training loss: 0.0003, Training Error Rate: 6.67% (4003/60000)


Average Test loss: 0.0001, Test Error Rate: 6.36% (636/10000)

Train Epoch: 176 [20000/60000 (33%)]	Loss: 0.063970
Train Epoch: 176 [40000/60000 (67%)]	Loss: 0.043586
Train Epoch: 176 [60000/60000 (100%)]	Loss: 0.087879

Average Training loss: 0.0003, Training Error Rate: 6.62% (3975/60000)


Average Test loss: 0.0001, Test Error Rate: 6.43% (643/10000)

Train Epoch: 177 [20000/60000 (33%)]	Loss: 0.064074
Train Epoch: 177 [40000/60000 (67%)]	Loss: 0.070808
Train Epoch: 177 [60000/60000 (100%)]	Loss: 0.053982

Average Training loss: 0.0003, Training Error Rate: 6.55% (3928/60000)


Average Test loss: 0.0001, Test Error Rate: 6.56% (656/10000)

Train Epoch: 178 [20000/60000 (33%)]	Loss: 0.074273
Train Epoch: 178 [40000/60000 (67%)]	Loss: 0.067845
Train Epoch: 178 [60000/60000 (100%)]	Loss: 0.068416

Average Training loss: 0.0003, Training Error Rate: 6.62% (3972/60000)


Average Test loss: 0.0001, Test Error Rate: 6.34% (634/10000)

Train Epoch: 179 [20000/60000 (33%)]	Loss: 0.075368
Train Epoch: 179 [40000/60000 (67%)]	Loss: 0.063021
Train Epoch: 179 [60000/60000 (100%)]	Loss: 0.085822

Average Training loss: 0.0003, Training Error Rate: 6.61% (3963/60000)


Average Test loss: 0.0001, Test Error Rate: 6.34% (634/10000)

Train Epoch: 180 [20000/60000 (33%)]	Loss: 0.065936
Train Epoch: 180 [40000/60000 (67%)]	Loss: 0.085275
Train Epoch: 180 [60000/60000 (100%)]	Loss: 0.085781

Average Training loss: 0.0003, Training Error Rate: 6.65% (3989/60000)


Average Test loss: 0.0001, Test Error Rate: 6.34% (634/10000)

Train Epoch: 181 [20000/60000 (33%)]	Loss: 0.081113
Train Epoch: 181 [40000/60000 (67%)]	Loss: 0.079622
Train Epoch: 181 [60000/60000 (100%)]	Loss: 0.065501

Average Training loss: 0.0003, Training Error Rate: 6.56% (3938/60000)


Average Test loss: 0.0001, Test Error Rate: 6.41% (641/10000)

Train Epoch: 182 [20000/60000 (33%)]	Loss: 0.063997
Train Epoch: 182 [40000/60000 (67%)]	Loss: 0.069891
Train Epoch: 182 [60000/60000 (100%)]	Loss: 0.063765

Average Training loss: 0.0003, Training Error Rate: 6.56% (3935/60000)


Average Test loss: 0.0001, Test Error Rate: 6.19% (619/10000)

Train Epoch: 183 [20000/60000 (33%)]	Loss: 0.072285
Train Epoch: 183 [40000/60000 (67%)]	Loss: 0.064481
Train Epoch: 183 [60000/60000 (100%)]	Loss: 0.073877

Average Training loss: 0.0003, Training Error Rate: 6.52% (3911/60000)


Average Test loss: 0.0001, Test Error Rate: 6.42% (642/10000)

Train Epoch: 184 [20000/60000 (33%)]	Loss: 0.063305
Train Epoch: 184 [40000/60000 (67%)]	Loss: 0.063826
Train Epoch: 184 [60000/60000 (100%)]	Loss: 0.065437

Average Training loss: 0.0003, Training Error Rate: 6.50% (3899/60000)


Average Test loss: 0.0001, Test Error Rate: 6.68% (668/10000)

Train Epoch: 185 [20000/60000 (33%)]	Loss: 0.076779
Train Epoch: 185 [40000/60000 (67%)]	Loss: 0.057806
Train Epoch: 185 [60000/60000 (100%)]	Loss: 0.070049

Average Training loss: 0.0003, Training Error Rate: 6.43% (3860/60000)


Average Test loss: 0.0001, Test Error Rate: 6.26% (626/10000)

Train Epoch: 186 [20000/60000 (33%)]	Loss: 0.060834
Train Epoch: 186 [40000/60000 (67%)]	Loss: 0.089813
Train Epoch: 186 [60000/60000 (100%)]	Loss: 0.063628

Average Training loss: 0.0003, Training Error Rate: 6.44% (3864/60000)


Average Test loss: 0.0001, Test Error Rate: 6.33% (633/10000)

Train Epoch: 187 [20000/60000 (33%)]	Loss: 0.075158
Train Epoch: 187 [40000/60000 (67%)]	Loss: 0.085251
Train Epoch: 187 [60000/60000 (100%)]	Loss: 0.068089

Average Training loss: 0.0003, Training Error Rate: 6.50% (3900/60000)


Average Test loss: 0.0001, Test Error Rate: 6.40% (640/10000)

Train Epoch: 188 [20000/60000 (33%)]	Loss: 0.056913
Train Epoch: 188 [40000/60000 (67%)]	Loss: 0.090635
Train Epoch: 188 [60000/60000 (100%)]	Loss: 0.047116

Average Training loss: 0.0003, Training Error Rate: 6.50% (3899/60000)


Average Test loss: 0.0001, Test Error Rate: 6.25% (625/10000)

Train Epoch: 189 [20000/60000 (33%)]	Loss: 0.077615
Train Epoch: 189 [40000/60000 (67%)]	Loss: 0.070062
Train Epoch: 189 [60000/60000 (100%)]	Loss: 0.071091

Average Training loss: 0.0003, Training Error Rate: 6.45% (3867/60000)


Average Test loss: 0.0001, Test Error Rate: 6.21% (621/10000)

Train Epoch: 190 [20000/60000 (33%)]	Loss: 0.067557
Train Epoch: 190 [40000/60000 (67%)]	Loss: 0.053512
Train Epoch: 190 [60000/60000 (100%)]	Loss: 0.068397

Average Training loss: 0.0003, Training Error Rate: 6.38% (3826/60000)


Average Test loss: 0.0001, Test Error Rate: 6.01% (601/10000)

Train Epoch: 191 [20000/60000 (33%)]	Loss: 0.060434
Train Epoch: 191 [40000/60000 (67%)]	Loss: 0.063242
Train Epoch: 191 [60000/60000 (100%)]	Loss: 0.053006

Average Training loss: 0.0003, Training Error Rate: 6.40% (3842/60000)


Average Test loss: 0.0001, Test Error Rate: 6.40% (640/10000)

Train Epoch: 192 [20000/60000 (33%)]	Loss: 0.052842
Train Epoch: 192 [40000/60000 (67%)]	Loss: 0.053688
Train Epoch: 192 [60000/60000 (100%)]	Loss: 0.054533

Average Training loss: 0.0003, Training Error Rate: 6.43% (3859/60000)


Average Test loss: 0.0001, Test Error Rate: 6.21% (621/10000)

Train Epoch: 193 [20000/60000 (33%)]	Loss: 0.068209
Train Epoch: 193 [40000/60000 (67%)]	Loss: 0.073487
Train Epoch: 193 [60000/60000 (100%)]	Loss: 0.061737

Average Training loss: 0.0003, Training Error Rate: 6.46% (3874/60000)


Average Test loss: 0.0001, Test Error Rate: 6.25% (625/10000)

Train Epoch: 194 [20000/60000 (33%)]	Loss: 0.070204
Train Epoch: 194 [40000/60000 (67%)]	Loss: 0.048738
Train Epoch: 194 [60000/60000 (100%)]	Loss: 0.073066

Average Training loss: 0.0003, Training Error Rate: 6.40% (3842/60000)


Average Test loss: 0.0001, Test Error Rate: 6.11% (611/10000)

Train Epoch: 195 [20000/60000 (33%)]	Loss: 0.069450
Train Epoch: 195 [40000/60000 (67%)]	Loss: 0.046288
Train Epoch: 195 [60000/60000 (100%)]	Loss: 0.057195

Average Training loss: 0.0003, Training Error Rate: 6.45% (3869/60000)


Average Test loss: 0.0001, Test Error Rate: 6.31% (631/10000)

Train Epoch: 196 [20000/60000 (33%)]	Loss: 0.066900
Train Epoch: 196 [40000/60000 (67%)]	Loss: 0.056659
Train Epoch: 196 [60000/60000 (100%)]	Loss: 0.060389

Average Training loss: 0.0003, Training Error Rate: 6.35% (3812/60000)


Average Test loss: 0.0001, Test Error Rate: 6.21% (621/10000)

Train Epoch: 197 [20000/60000 (33%)]	Loss: 0.085179
Train Epoch: 197 [40000/60000 (67%)]	Loss: 0.056115
Train Epoch: 197 [60000/60000 (100%)]	Loss: 0.064277

Average Training loss: 0.0003, Training Error Rate: 6.32% (3790/60000)


Average Test loss: 0.0001, Test Error Rate: 6.21% (621/10000)

Train Epoch: 198 [20000/60000 (33%)]	Loss: 0.067045
Train Epoch: 198 [40000/60000 (67%)]	Loss: 0.076163
Train Epoch: 198 [60000/60000 (100%)]	Loss: 0.068539

Average Training loss: 0.0003, Training Error Rate: 6.31% (3787/60000)


Average Test loss: 0.0001, Test Error Rate: 6.32% (632/10000)

Train Epoch: 199 [20000/60000 (33%)]	Loss: 0.057727
Train Epoch: 199 [40000/60000 (67%)]	Loss: 0.061609
Train Epoch: 199 [60000/60000 (100%)]	Loss: 0.067705

Average Training loss: 0.0003, Training Error Rate: 6.32% (3792/60000)


Average Test loss: 0.0001, Test Error Rate: 6.13% (613/10000)

/vast/home/ajherman/miniconda3/envs/pytorch/lib/python3.11/site-packages/torchvision/io/image.py:13: UserWarning: Failed to load image Python extension: '/vast/home/ajherman/miniconda3/envs/pytorch/lib/python3.11/site-packages/torchvision/image.so: undefined symbol: _ZN5torch3jit17parseSchemaOrNameERKNSt7__cxx1112basic_stringIcSt11char_traitsIcESaIcEEE'If you don't plan on using image functionality from `torchvision.io`, you can ignore this warning. Otherwise, there might be something wrong with your environment. Did you have `libjpeg` or `libpng` installed before building `torchvision` from source?
  warn(
Random seed set as 42
dt =  0.3934693402873666
trace decay =  0.5737534207374327
Random seed set as 42
Random seed set as 42
dt =  0.3934693402873666
trace decay =  0.5737534207374327
Random seed set as 42
/vast/home/ajherman/miniconda3/envs/pytorch/lib/python3.11/site-packages/torchvision/io/image.py:13: UserWarning: Failed to load image Python extension: '/vast/home/ajherman/miniconda3/envs/pytorch/lib/python3.11/site-packages/torchvision/image.so: undefined symbol: _ZN5torch3jit17parseSchemaOrNameERKNSt7__cxx1112basic_stringIcSt11char_traitsIcESaIcEEE'If you don't plan on using image functionality from `torchvision.io`, you can ignore this warning. Otherwise, there might be something wrong with your environment. Did you have `libjpeg` or `libpng` installed before building `torchvision` from source?
  warn(
Random seed set as 42
dt =  0.3934693402873666
trace decay =  0.5737534207374327
Random seed set as 42
Random seed set as 42
dt =  0.3934693402873666
trace decay =  0.5737534207374327
Random seed set as 42
/vast/home/ajherman/miniconda3/envs/pytorch/lib/python3.11/site-packages/torchvision/io/image.py:13: UserWarning: Failed to load image Python extension: '/vast/home/ajherman/miniconda3/envs/pytorch/lib/python3.11/site-packages/torchvision/image.so: undefined symbol: _ZN5torch3jit17parseSchemaOrNameERKNSt7__cxx1112basic_stringIcSt11char_traitsIcESaIcEEE'If you don't plan on using image functionality from `torchvision.io`, you can ignore this warning. Otherwise, there might be something wrong with your environment. Did you have `libjpeg` or `libpng` installed before building `torchvision` from source?
  warn(
Random seed set as 42
dt =  0.3934693402873666
trace decay =  0.5737534207374327
Random seed set as 42
Random seed set as 42
dt =  0.3934693402873666
trace decay =  0.5737534207374327
Random seed set as 42
/vast/home/ajherman/miniconda3/envs/pytorch/lib/python3.11/site-packages/torchvision/io/image.py:13: UserWarning: Failed to load image Python extension: '/vast/home/ajherman/miniconda3/envs/pytorch/lib/python3.11/site-packages/torchvision/image.so: undefined symbol: _ZN5torch3jit17parseSchemaOrNameERKNSt7__cxx1112basic_stringIcSt11char_traitsIcESaIcEEE'If you don't plan on using image functionality from `torchvision.io`, you can ignore this warning. Otherwise, there might be something wrong with your environment. Did you have `libjpeg` or `libpng` installed before building `torchvision` from source?
  warn(
Random seed set as 42
dt =  0.3934693402873666
trace decay =  0.5737534207374327
Random seed set as 42
Random seed set as 42
dt =  0.3934693402873666
trace decay =  0.5737534207374327
Random seed set as 42
