/vast/home/ajherman/miniconda3/envs/pytorch/lib/python3.11/site-packages/torchvision/io/image.py:13: UserWarning: Failed to load image Python extension: '/vast/home/ajherman/miniconda3/envs/pytorch/lib/python3.11/site-packages/torchvision/image.so: undefined symbol: _ZN5torch3jit17parseSchemaOrNameERKNSt7__cxx1112basic_stringIcSt11char_traitsIcESaIcEEE'If you don't plan on using image functionality from `torchvision.io`, you can ignore this warning. Otherwise, there might be something wrong with your environment. Did you have `libjpeg` or `libpng` installed before building `torchvision` from source?
  warn(
Random seed set as 42
dt =  0.10799693854690562
trace decay =  0.7956694616416928
Random seed set as 42
Random seed set as 42
dt =  0.10799693854690562
trace decay =  0.7956694616416928
Random seed set as 42
Train Epoch: 0 [5000/60000 (8%)]	Loss: 0.499979
Train Epoch: 0 [10000/60000 (17%)]	Loss: 0.500000
Train Epoch: 0 [15000/60000 (25%)]	Loss: 0.500000
Train Epoch: 0 [20000/60000 (33%)]	Loss: 0.500000
Train Epoch: 0 [25000/60000 (42%)]	Loss: 0.500000
Train Epoch: 0 [30000/60000 (50%)]	Loss: 0.500000
Train Epoch: 0 [35000/60000 (58%)]	Loss: 0.500000
Train Epoch: 0 [40000/60000 (67%)]	Loss: 0.500000
Train Epoch: 0 [45000/60000 (75%)]	Loss: 0.500000
Train Epoch: 0 [50000/60000 (83%)]	Loss: 0.500000
Train Epoch: 0 [55000/60000 (92%)]	Loss: 0.500000
Train Epoch: 0 [60000/60000 (100%)]	Loss: 0.500000

Average Training loss: 0.0100, Training Error Rate: 90.16% (54093/60000)


Average Test loss: 0.0005, Test Error Rate: 90.20% (9020/10000)

Train Epoch: 1 [5000/60000 (8%)]	Loss: 0.500000
Train Epoch: 1 [10000/60000 (17%)]	Loss: 0.500000
Train Epoch: 1 [15000/60000 (25%)]	Loss: 0.500000
Train Epoch: 1 [20000/60000 (33%)]	Loss: 0.500000
Train Epoch: 1 [25000/60000 (42%)]	Loss: 0.500000
Train Epoch: 1 [30000/60000 (50%)]	Loss: 0.500000
Train Epoch: 1 [35000/60000 (58%)]	Loss: 0.500000
Train Epoch: 1 [40000/60000 (67%)]	Loss: 0.500000
Train Epoch: 1 [45000/60000 (75%)]	Loss: 0.500000
Train Epoch: 1 [50000/60000 (83%)]	Loss: 0.500000
Train Epoch: 1 [55000/60000 (92%)]	Loss: 0.500000
Train Epoch: 1 [60000/60000 (100%)]	Loss: 0.500000

Average Training loss: 0.0100, Training Error Rate: 90.15% (54090/60000)


Average Test loss: 0.0005, Test Error Rate: 90.20% (9020/10000)

Train Epoch: 2 [5000/60000 (8%)]	Loss: 0.500000
Train Epoch: 2 [10000/60000 (17%)]	Loss: 0.500000
Train Epoch: 2 [15000/60000 (25%)]	Loss: 0.500000
Train Epoch: 2 [20000/60000 (33%)]	Loss: 0.500000
Train Epoch: 2 [25000/60000 (42%)]	Loss: 0.500000
Train Epoch: 2 [30000/60000 (50%)]	Loss: 0.500000
Train Epoch: 2 [35000/60000 (58%)]	Loss: 0.500000
Train Epoch: 2 [40000/60000 (67%)]	Loss: 0.500000
Train Epoch: 2 [45000/60000 (75%)]	Loss: 0.500000
Train Epoch: 2 [50000/60000 (83%)]	Loss: 0.500000
Train Epoch: 2 [55000/60000 (92%)]	Loss: 0.500000
Train Epoch: 2 [60000/60000 (100%)]	Loss: 0.500000

Average Training loss: 0.0100, Training Error Rate: 90.13% (54077/60000)


Average Test loss: 0.0005, Test Error Rate: 90.20% (9020/10000)

Train Epoch: 3 [5000/60000 (8%)]	Loss: 0.500000
Train Epoch: 3 [10000/60000 (17%)]	Loss: 0.500000
Train Epoch: 3 [15000/60000 (25%)]	Loss: 0.500000
Train Epoch: 3 [20000/60000 (33%)]	Loss: 0.500000
Train Epoch: 3 [25000/60000 (42%)]	Loss: 0.500000
Train Epoch: 3 [30000/60000 (50%)]	Loss: 0.500000
Train Epoch: 3 [35000/60000 (58%)]	Loss: 0.500000
Train Epoch: 3 [40000/60000 (67%)]	Loss: 0.500000
Train Epoch: 3 [45000/60000 (75%)]	Loss: 0.500006
Train Epoch: 3 [50000/60000 (83%)]	Loss: 0.498808
Train Epoch: 3 [55000/60000 (92%)]	Loss: 0.500000
Train Epoch: 3 [60000/60000 (100%)]	Loss: 0.500000

Average Training loss: 0.0100, Training Error Rate: 90.14% (54084/60000)


Average Test loss: 0.0005, Test Error Rate: 90.20% (9020/10000)

Train Epoch: 4 [5000/60000 (8%)]	Loss: 0.500000
Train Epoch: 4 [10000/60000 (17%)]	Loss: 0.500000
Train Epoch: 4 [15000/60000 (25%)]	Loss: 0.500000
Train Epoch: 4 [20000/60000 (33%)]	Loss: 0.500000
Train Epoch: 4 [25000/60000 (42%)]	Loss: 0.500000
Train Epoch: 4 [30000/60000 (50%)]	Loss: 0.500000
Train Epoch: 4 [35000/60000 (58%)]	Loss: 0.500000
Train Epoch: 4 [40000/60000 (67%)]	Loss: 0.500000
Train Epoch: 4 [45000/60000 (75%)]	Loss: 0.500000
Train Epoch: 4 [50000/60000 (83%)]	Loss: 0.500000
Train Epoch: 4 [55000/60000 (92%)]	Loss: 0.500000
Train Epoch: 4 [60000/60000 (100%)]	Loss: 0.500000

Average Training loss: 0.0100, Training Error Rate: 90.12% (54075/60000)


Average Test loss: 0.0005, Test Error Rate: 90.19% (9019/10000)

Train Epoch: 5 [5000/60000 (8%)]	Loss: 0.500000
Train Epoch: 5 [10000/60000 (17%)]	Loss: 0.500000
Train Epoch: 5 [15000/60000 (25%)]	Loss: 0.500000
Train Epoch: 5 [20000/60000 (33%)]	Loss: 0.500000
Train Epoch: 5 [25000/60000 (42%)]	Loss: 0.500000
Train Epoch: 5 [30000/60000 (50%)]	Loss: 0.500000
Train Epoch: 5 [35000/60000 (58%)]	Loss: 0.500000
Train Epoch: 5 [40000/60000 (67%)]	Loss: 0.500000
Train Epoch: 5 [45000/60000 (75%)]	Loss: 0.500000
Train Epoch: 5 [50000/60000 (83%)]	Loss: 0.500000
Train Epoch: 5 [55000/60000 (92%)]	Loss: 0.500000
Train Epoch: 5 [60000/60000 (100%)]	Loss: 0.500000

Average Training loss: 0.0100, Training Error Rate: 90.14% (54084/60000)


Average Test loss: 0.0005, Test Error Rate: 90.20% (9020/10000)

Train Epoch: 6 [5000/60000 (8%)]	Loss: 0.500000
Train Epoch: 6 [10000/60000 (17%)]	Loss: 0.500000
Train Epoch: 6 [15000/60000 (25%)]	Loss: 0.500000
Train Epoch: 6 [20000/60000 (33%)]	Loss: 0.500000
Train Epoch: 6 [25000/60000 (42%)]	Loss: 0.500000
Train Epoch: 6 [30000/60000 (50%)]	Loss: 0.500000
Train Epoch: 6 [35000/60000 (58%)]	Loss: 0.500000
Train Epoch: 6 [40000/60000 (67%)]	Loss: 0.500000
Train Epoch: 6 [45000/60000 (75%)]	Loss: 0.500000
Train Epoch: 6 [50000/60000 (83%)]	Loss: 0.500000
Train Epoch: 6 [55000/60000 (92%)]	Loss: 0.500000
Train Epoch: 6 [60000/60000 (100%)]	Loss: 0.500000

Average Training loss: 0.0100, Training Error Rate: 90.14% (54084/60000)


Average Test loss: 0.0005, Test Error Rate: 90.25% (9025/10000)

Train Epoch: 7 [5000/60000 (8%)]	Loss: 0.500000
Train Epoch: 7 [10000/60000 (17%)]	Loss: 0.500000
Train Epoch: 7 [15000/60000 (25%)]	Loss: 0.500000
Train Epoch: 7 [20000/60000 (33%)]	Loss: 0.500000
Train Epoch: 7 [25000/60000 (42%)]	Loss: 0.500000
Train Epoch: 7 [30000/60000 (50%)]	Loss: 0.500000
Train Epoch: 7 [35000/60000 (58%)]	Loss: 0.500000
Train Epoch: 7 [40000/60000 (67%)]	Loss: 0.500000
Train Epoch: 7 [45000/60000 (75%)]	Loss: 0.500000
Train Epoch: 7 [50000/60000 (83%)]	Loss: 0.500000
Train Epoch: 7 [55000/60000 (92%)]	Loss: 0.500000
Train Epoch: 7 [60000/60000 (100%)]	Loss: 0.500000

Average Training loss: 0.0100, Training Error Rate: 90.12% (54070/60000)


Average Test loss: 0.0005, Test Error Rate: 90.20% (9020/10000)

Train Epoch: 8 [5000/60000 (8%)]	Loss: 0.500000
Train Epoch: 8 [10000/60000 (17%)]	Loss: 0.500000
Train Epoch: 8 [15000/60000 (25%)]	Loss: 0.500000
Train Epoch: 8 [20000/60000 (33%)]	Loss: 0.500000
Train Epoch: 8 [25000/60000 (42%)]	Loss: 0.500000
Train Epoch: 8 [30000/60000 (50%)]	Loss: 0.500000
Train Epoch: 8 [35000/60000 (58%)]	Loss: 0.500000
Train Epoch: 8 [40000/60000 (67%)]	Loss: 0.500000
Train Epoch: 8 [45000/60000 (75%)]	Loss: 0.500000
Train Epoch: 8 [50000/60000 (83%)]	Loss: 0.500000
Train Epoch: 8 [55000/60000 (92%)]	Loss: 0.500000
Train Epoch: 8 [60000/60000 (100%)]	Loss: 0.500000

Average Training loss: 0.0100, Training Error Rate: 90.12% (54072/60000)


Average Test loss: 0.0005, Test Error Rate: 90.23% (9023/10000)

Train Epoch: 9 [5000/60000 (8%)]	Loss: 0.500000
Train Epoch: 9 [10000/60000 (17%)]	Loss: 0.500041
Train Epoch: 9 [15000/60000 (25%)]	Loss: 0.500000
Train Epoch: 9 [20000/60000 (33%)]	Loss: 0.500000
Train Epoch: 9 [25000/60000 (42%)]	Loss: 0.500000
Train Epoch: 9 [30000/60000 (50%)]	Loss: 0.500000
Train Epoch: 9 [35000/60000 (58%)]	Loss: 0.500000
Train Epoch: 9 [40000/60000 (67%)]	Loss: 0.500000
Train Epoch: 9 [45000/60000 (75%)]	Loss: 0.500000
Train Epoch: 9 [50000/60000 (83%)]	Loss: 0.500000
Train Epoch: 9 [55000/60000 (92%)]	Loss: 0.500017
Train Epoch: 9 [60000/60000 (100%)]	Loss: 0.500640

Average Training loss: 0.0100, Training Error Rate: 90.15% (54088/60000)


Average Test loss: 0.0005, Test Error Rate: 90.08% (9008/10000)

Train Epoch: 10 [5000/60000 (8%)]	Loss: 0.500000
Train Epoch: 10 [10000/60000 (17%)]	Loss: 0.500000
Train Epoch: 10 [15000/60000 (25%)]	Loss: 0.500000
Train Epoch: 10 [20000/60000 (33%)]	Loss: 0.500000
Train Epoch: 10 [25000/60000 (42%)]	Loss: 0.500000
Train Epoch: 10 [30000/60000 (50%)]	Loss: 0.499151
Train Epoch: 10 [35000/60000 (58%)]	Loss: 0.500000
Train Epoch: 10 [40000/60000 (67%)]	Loss: 0.500000
Train Epoch: 10 [45000/60000 (75%)]	Loss: 0.500000
Train Epoch: 10 [50000/60000 (83%)]	Loss: 0.500000
Train Epoch: 10 [55000/60000 (92%)]	Loss: 0.500000
Train Epoch: 10 [60000/60000 (100%)]	Loss: 0.500000

Average Training loss: 0.0100, Training Error Rate: 90.16% (54095/60000)


Average Test loss: 0.0005, Test Error Rate: 90.18% (9018/10000)

Train Epoch: 11 [5000/60000 (8%)]	Loss: 0.500000
Train Epoch: 11 [10000/60000 (17%)]	Loss: 0.499912
Train Epoch: 11 [15000/60000 (25%)]	Loss: 0.500000
Train Epoch: 11 [20000/60000 (33%)]	Loss: 0.500000
Train Epoch: 11 [25000/60000 (42%)]	Loss: 0.500000
Train Epoch: 11 [30000/60000 (50%)]	Loss: 0.500000
Train Epoch: 11 [35000/60000 (58%)]	Loss: 0.500000
Train Epoch: 11 [40000/60000 (67%)]	Loss: 0.500000
Train Epoch: 11 [45000/60000 (75%)]	Loss: 0.500000
Train Epoch: 11 [50000/60000 (83%)]	Loss: 0.500000
Train Epoch: 11 [55000/60000 (92%)]	Loss: 0.497459
Train Epoch: 11 [60000/60000 (100%)]	Loss: 0.500000

Average Training loss: 0.0100, Training Error Rate: 90.16% (54094/60000)


Average Test loss: 0.0005, Test Error Rate: 90.19% (9019/10000)

Train Epoch: 12 [5000/60000 (8%)]	Loss: 0.500000
Train Epoch: 12 [10000/60000 (17%)]	Loss: 0.500000
Train Epoch: 12 [15000/60000 (25%)]	Loss: 0.500000
Train Epoch: 12 [20000/60000 (33%)]	Loss: 0.500000
Train Epoch: 12 [25000/60000 (42%)]	Loss: 0.500000
Train Epoch: 12 [30000/60000 (50%)]	Loss: 0.500000
Train Epoch: 12 [35000/60000 (58%)]	Loss: 0.500000
Train Epoch: 12 [40000/60000 (67%)]	Loss: 0.500000
Train Epoch: 12 [45000/60000 (75%)]	Loss: 0.500000
Train Epoch: 12 [50000/60000 (83%)]	Loss: 0.500000
Train Epoch: 12 [55000/60000 (92%)]	Loss: 0.500000
Train Epoch: 12 [60000/60000 (100%)]	Loss: 0.500000

Average Training loss: 0.0100, Training Error Rate: 90.13% (54076/60000)


Average Test loss: 0.0005, Test Error Rate: 90.20% (9020/10000)

Train Epoch: 13 [5000/60000 (8%)]	Loss: 0.500000
Train Epoch: 13 [10000/60000 (17%)]	Loss: 0.500000
Train Epoch: 13 [15000/60000 (25%)]	Loss: 0.500000
Train Epoch: 13 [20000/60000 (33%)]	Loss: 0.500000
Train Epoch: 13 [25000/60000 (42%)]	Loss: 0.500000
Train Epoch: 13 [30000/60000 (50%)]	Loss: 0.500000
Train Epoch: 13 [35000/60000 (58%)]	Loss: 0.500000
Train Epoch: 13 [40000/60000 (67%)]	Loss: 0.500000
Train Epoch: 13 [45000/60000 (75%)]	Loss: 0.500000
Train Epoch: 13 [50000/60000 (83%)]	Loss: 0.500000
Train Epoch: 13 [55000/60000 (92%)]	Loss: 0.500000
slurmstepd: error: *** STEP 15489894.13 ON cn146 CANCELLED AT 2023-10-01T13:12:05 ***
/vast/home/ajherman/miniconda3/envs/pytorch/lib/python3.11/site-packages/torchvision/io/image.py:13: UserWarning: Failed to load image Python extension: '/vast/home/ajherman/miniconda3/envs/pytorch/lib/python3.11/site-packages/torchvision/image.so: undefined symbol: _ZN5torch3jit17parseSchemaOrNameERKNSt7__cxx1112basic_stringIcSt11char_traitsIcESaIcEEE'If you don't plan on using image functionality from `torchvision.io`, you can ignore this warning. Otherwise, there might be something wrong with your environment. Did you have `libjpeg` or `libpng` installed before building `torchvision` from source?
  warn(
Random seed set as 42
dt =  0.10799693854690562
trace decay =  0.7956694616416928
Random seed set as 42
Random seed set as 42
dt =  0.10799693854690562
trace decay =  0.7956694616416928
Random seed set as 42
Train Epoch: 13 [5000/60000 (8%)]	Loss: 0.500000
Train Epoch: 13 [10000/60000 (17%)]	Loss: 0.500000
Train Epoch: 13 [15000/60000 (25%)]	Loss: 0.500000
Train Epoch: 13 [20000/60000 (33%)]	Loss: 0.500000
Train Epoch: 13 [25000/60000 (42%)]	Loss: 0.500000
Train Epoch: 13 [30000/60000 (50%)]	Loss: 0.500000
Train Epoch: 13 [35000/60000 (58%)]	Loss: 0.500000
Train Epoch: 13 [40000/60000 (67%)]	Loss: 0.500000
Train Epoch: 13 [45000/60000 (75%)]	Loss: 0.500000
Train Epoch: 13 [50000/60000 (83%)]	Loss: 0.500000
Train Epoch: 13 [55000/60000 (92%)]	Loss: 0.500000
Train Epoch: 13 [60000/60000 (100%)]	Loss: 0.500000

Average Training loss: 0.0100, Training Error Rate: 90.12% (54073/60000)


Average Test loss: 0.0005, Test Error Rate: 90.19% (9019/10000)

Train Epoch: 14 [5000/60000 (8%)]	Loss: 0.500000
Train Epoch: 14 [10000/60000 (17%)]	Loss: 0.500000
Train Epoch: 14 [15000/60000 (25%)]	Loss: 0.500000
Train Epoch: 14 [20000/60000 (33%)]	Loss: 0.500000
Train Epoch: 14 [25000/60000 (42%)]	Loss: 0.500000
Train Epoch: 14 [30000/60000 (50%)]	Loss: 0.500000
Train Epoch: 14 [35000/60000 (58%)]	Loss: 0.500000
Train Epoch: 14 [40000/60000 (67%)]	Loss: 0.500000
Train Epoch: 14 [45000/60000 (75%)]	Loss: 0.500000
Train Epoch: 14 [50000/60000 (83%)]	Loss: 0.500000
Train Epoch: 14 [55000/60000 (92%)]	Loss: 0.500000
Train Epoch: 14 [60000/60000 (100%)]	Loss: 0.500000

Average Training loss: 0.0100, Training Error Rate: 90.12% (54075/60000)


Average Test loss: 0.0005, Test Error Rate: 90.21% (9021/10000)

Train Epoch: 15 [5000/60000 (8%)]	Loss: 0.500000
Train Epoch: 15 [10000/60000 (17%)]	Loss: 0.499734
Train Epoch: 15 [15000/60000 (25%)]	Loss: 0.500000
Train Epoch: 15 [20000/60000 (33%)]	Loss: 0.500000
Train Epoch: 15 [25000/60000 (42%)]	Loss: 0.500000
Train Epoch: 15 [30000/60000 (50%)]	Loss: 0.500000
Train Epoch: 15 [35000/60000 (58%)]	Loss: 0.500000
Train Epoch: 15 [40000/60000 (67%)]	Loss: 0.500000
Train Epoch: 15 [45000/60000 (75%)]	Loss: 0.500000
Train Epoch: 15 [50000/60000 (83%)]	Loss: 0.500000
Train Epoch: 15 [55000/60000 (92%)]	Loss: 0.500000
Train Epoch: 15 [60000/60000 (100%)]	Loss: 0.500000

Average Training loss: 0.0100, Training Error Rate: 90.12% (54072/60000)


Average Test loss: 0.0005, Test Error Rate: 90.20% (9020/10000)

Train Epoch: 16 [5000/60000 (8%)]	Loss: 0.500000
Train Epoch: 16 [10000/60000 (17%)]	Loss: 0.500000
Train Epoch: 16 [15000/60000 (25%)]	Loss: 0.500000
Train Epoch: 16 [20000/60000 (33%)]	Loss: 0.500000
Train Epoch: 16 [25000/60000 (42%)]	Loss: 0.500000
Train Epoch: 16 [30000/60000 (50%)]	Loss: 0.500000
Train Epoch: 16 [35000/60000 (58%)]	Loss: 0.500000
Train Epoch: 16 [40000/60000 (67%)]	Loss: 0.500000
Train Epoch: 16 [45000/60000 (75%)]	Loss: 0.500000
Train Epoch: 16 [50000/60000 (83%)]	Loss: 0.500000
Train Epoch: 16 [55000/60000 (92%)]	Loss: 0.500000
Train Epoch: 16 [60000/60000 (100%)]	Loss: 0.500000

Average Training loss: 0.0100, Training Error Rate: 90.12% (54075/60000)


Average Test loss: 0.0005, Test Error Rate: 90.17% (9017/10000)

Train Epoch: 17 [5000/60000 (8%)]	Loss: 0.500000
Train Epoch: 17 [10000/60000 (17%)]	Loss: 0.500000
Train Epoch: 17 [15000/60000 (25%)]	Loss: 0.500000
Train Epoch: 17 [20000/60000 (33%)]	Loss: 0.500000
Train Epoch: 17 [25000/60000 (42%)]	Loss: 0.500000
Train Epoch: 17 [30000/60000 (50%)]	Loss: 0.500000
Train Epoch: 17 [35000/60000 (58%)]	Loss: 0.500000
Train Epoch: 17 [40000/60000 (67%)]	Loss: 0.500000
Train Epoch: 17 [45000/60000 (75%)]	Loss: 0.500000
Train Epoch: 17 [50000/60000 (83%)]	Loss: 0.500000
Train Epoch: 17 [55000/60000 (92%)]	Loss: 0.500000
Train Epoch: 17 [60000/60000 (100%)]	Loss: 0.500000

Average Training loss: 0.0100, Training Error Rate: 90.11% (54067/60000)


Average Test loss: 0.0005, Test Error Rate: 90.19% (9019/10000)

Train Epoch: 18 [5000/60000 (8%)]	Loss: 0.500000
Train Epoch: 18 [10000/60000 (17%)]	Loss: 0.500000
Train Epoch: 18 [15000/60000 (25%)]	Loss: 0.500000
Train Epoch: 18 [20000/60000 (33%)]	Loss: 0.500000
Train Epoch: 18 [25000/60000 (42%)]	Loss: 0.500000
Train Epoch: 18 [30000/60000 (50%)]	Loss: 0.500000
Train Epoch: 18 [35000/60000 (58%)]	Loss: 0.500000
Train Epoch: 18 [40000/60000 (67%)]	Loss: 0.500000
Train Epoch: 18 [45000/60000 (75%)]	Loss: 0.500000
Train Epoch: 18 [50000/60000 (83%)]	Loss: 0.496755
Train Epoch: 18 [55000/60000 (92%)]	Loss: 0.498842
Train Epoch: 18 [60000/60000 (100%)]	Loss: 0.500000

Average Training loss: 0.0100, Training Error Rate: 90.17% (54100/60000)


Average Test loss: 0.0005, Test Error Rate: 90.14% (9014/10000)

Train Epoch: 19 [5000/60000 (8%)]	Loss: 0.500000
Train Epoch: 19 [10000/60000 (17%)]	Loss: 0.500000
Train Epoch: 19 [15000/60000 (25%)]	Loss: 0.500000
Train Epoch: 19 [20000/60000 (33%)]	Loss: 0.500000
Train Epoch: 19 [25000/60000 (42%)]	Loss: 0.500000
Train Epoch: 19 [30000/60000 (50%)]	Loss: 0.500000
Train Epoch: 19 [35000/60000 (58%)]	Loss: 0.500000
Train Epoch: 19 [40000/60000 (67%)]	Loss: 0.500000
Train Epoch: 19 [45000/60000 (75%)]	Loss: 0.500000
Train Epoch: 19 [50000/60000 (83%)]	Loss: 0.500000
Train Epoch: 19 [55000/60000 (92%)]	Loss: 0.500000
Train Epoch: 19 [60000/60000 (100%)]	Loss: 0.500000

Average Training loss: 0.0100, Training Error Rate: 90.14% (54081/60000)


Average Test loss: 0.0005, Test Error Rate: 90.18% (9018/10000)

Train Epoch: 20 [5000/60000 (8%)]	Loss: 0.500000
Train Epoch: 20 [10000/60000 (17%)]	Loss: 0.500000
Train Epoch: 20 [15000/60000 (25%)]	Loss: 0.500000
Train Epoch: 20 [20000/60000 (33%)]	Loss: 0.500000
Train Epoch: 20 [25000/60000 (42%)]	Loss: 0.500000
Train Epoch: 20 [30000/60000 (50%)]	Loss: 0.500000
Train Epoch: 20 [35000/60000 (58%)]	Loss: 0.500005
Train Epoch: 20 [40000/60000 (67%)]	Loss: 0.500000
Train Epoch: 20 [45000/60000 (75%)]	Loss: 0.490826
Train Epoch: 20 [50000/60000 (83%)]	Loss: 0.500138
Train Epoch: 20 [55000/60000 (92%)]	Loss: 0.500000
Train Epoch: 20 [60000/60000 (100%)]	Loss: 0.500000

Average Training loss: 0.0100, Training Error Rate: 89.89% (53933/60000)


Average Test loss: 0.0005, Test Error Rate: 90.11% (9011/10000)

Train Epoch: 21 [5000/60000 (8%)]	Loss: 0.500000
Train Epoch: 21 [10000/60000 (17%)]	Loss: 0.500000
Train Epoch: 21 [15000/60000 (25%)]	Loss: 0.500000
Train Epoch: 21 [20000/60000 (33%)]	Loss: 0.500000
Train Epoch: 21 [25000/60000 (42%)]	Loss: 0.500000
Train Epoch: 21 [30000/60000 (50%)]	Loss: 0.500000
Train Epoch: 21 [35000/60000 (58%)]	Loss: 0.500000
Train Epoch: 21 [40000/60000 (67%)]	Loss: 0.500000
Train Epoch: 21 [45000/60000 (75%)]	Loss: 0.499841
Train Epoch: 21 [50000/60000 (83%)]	Loss: 0.500000
Train Epoch: 21 [55000/60000 (92%)]	Loss: 0.500016
Train Epoch: 21 [60000/60000 (100%)]	Loss: 0.500000

Average Training loss: 0.0100, Training Error Rate: 90.08% (54046/60000)


Average Test loss: 0.0005, Test Error Rate: 90.17% (9017/10000)

Train Epoch: 22 [5000/60000 (8%)]	Loss: 0.500000
Train Epoch: 22 [10000/60000 (17%)]	Loss: 0.500015
Train Epoch: 22 [15000/60000 (25%)]	Loss: 0.500000
Train Epoch: 22 [20000/60000 (33%)]	Loss: 0.500000
Train Epoch: 22 [25000/60000 (42%)]	Loss: 0.500000
Train Epoch: 22 [30000/60000 (50%)]	Loss: 0.500000
Train Epoch: 22 [35000/60000 (58%)]	Loss: 0.500000
Train Epoch: 22 [40000/60000 (67%)]	Loss: 0.500000
Train Epoch: 22 [45000/60000 (75%)]	Loss: 0.500800
Train Epoch: 22 [50000/60000 (83%)]	Loss: 0.500000
Train Epoch: 22 [55000/60000 (92%)]	Loss: 0.500000
Train Epoch: 22 [60000/60000 (100%)]	Loss: 0.500000

Average Training loss: 0.0100, Training Error Rate: 90.10% (54062/60000)


Average Test loss: 0.0005, Test Error Rate: 90.19% (9019/10000)

Train Epoch: 23 [5000/60000 (8%)]	Loss: 0.500000
Train Epoch: 23 [10000/60000 (17%)]	Loss: 0.500000
Train Epoch: 23 [15000/60000 (25%)]	Loss: 0.500000
Train Epoch: 23 [20000/60000 (33%)]	Loss: 0.500000
Train Epoch: 23 [25000/60000 (42%)]	Loss: 0.500000
Train Epoch: 23 [30000/60000 (50%)]	Loss: 0.500000
Train Epoch: 23 [35000/60000 (58%)]	Loss: 0.500000
Train Epoch: 23 [40000/60000 (67%)]	Loss: 0.500000
Train Epoch: 23 [45000/60000 (75%)]	Loss: 0.500000
Train Epoch: 23 [50000/60000 (83%)]	Loss: 0.500000
Train Epoch: 23 [55000/60000 (92%)]	Loss: 0.500000
Train Epoch: 23 [60000/60000 (100%)]	Loss: 0.500000

Average Training loss: 0.0100, Training Error Rate: 90.11% (54069/60000)


Average Test loss: 0.0005, Test Error Rate: 90.20% (9020/10000)

Train Epoch: 24 [5000/60000 (8%)]	Loss: 0.500000
Train Epoch: 24 [10000/60000 (17%)]	Loss: 0.500000
Train Epoch: 24 [15000/60000 (25%)]	Loss: 0.500000
Train Epoch: 24 [20000/60000 (33%)]	Loss: 0.500082
Train Epoch: 24 [25000/60000 (42%)]	Loss: 0.500000
Train Epoch: 24 [30000/60000 (50%)]	Loss: 0.500000
Train Epoch: 24 [35000/60000 (58%)]	Loss: 0.500000
Train Epoch: 24 [40000/60000 (67%)]	Loss: 0.500000
Train Epoch: 24 [45000/60000 (75%)]	Loss: 0.500000
Train Epoch: 24 [50000/60000 (83%)]	Loss: 0.500000
Train Epoch: 24 [55000/60000 (92%)]	Loss: 0.500000
Train Epoch: 24 [60000/60000 (100%)]	Loss: 0.500000

Average Training loss: 0.0100, Training Error Rate: 90.12% (54071/60000)


Average Test loss: 0.0005, Test Error Rate: 90.19% (9019/10000)

Train Epoch: 25 [5000/60000 (8%)]	Loss: 0.500000
Train Epoch: 25 [10000/60000 (17%)]	Loss: 0.500000
Train Epoch: 25 [15000/60000 (25%)]	Loss: 0.500000
Train Epoch: 25 [20000/60000 (33%)]	Loss: 0.500000
Train Epoch: 25 [25000/60000 (42%)]	Loss: 0.500000
Train Epoch: 25 [30000/60000 (50%)]	Loss: 0.500000
Train Epoch: 25 [35000/60000 (58%)]	Loss: 0.500000
Train Epoch: 25 [40000/60000 (67%)]	Loss: 0.500000
Train Epoch: 25 [45000/60000 (75%)]	Loss: 0.500000
Train Epoch: 25 [50000/60000 (83%)]	Loss: 0.500134
Train Epoch: 25 [55000/60000 (92%)]	Loss: 0.500000
Train Epoch: 25 [60000/60000 (100%)]	Loss: 0.500000

Average Training loss: 0.0100, Training Error Rate: 90.12% (54073/60000)


Average Test loss: 0.0005, Test Error Rate: 90.20% (9020/10000)

Train Epoch: 26 [5000/60000 (8%)]	Loss: 0.500000
Train Epoch: 26 [10000/60000 (17%)]	Loss: 0.500000
Train Epoch: 26 [15000/60000 (25%)]	Loss: 0.500000
Train Epoch: 26 [20000/60000 (33%)]	Loss: 0.500000
Train Epoch: 26 [25000/60000 (42%)]	Loss: 0.500000
Train Epoch: 26 [30000/60000 (50%)]	Loss: 0.500000
Train Epoch: 26 [35000/60000 (58%)]	Loss: 0.500000
Train Epoch: 26 [40000/60000 (67%)]	Loss: 0.500000
Train Epoch: 26 [45000/60000 (75%)]	Loss: 0.500000
Train Epoch: 26 [50000/60000 (83%)]	Loss: 0.500000
Train Epoch: 26 [55000/60000 (92%)]	Loss: 0.500000
Train Epoch: 26 [60000/60000 (100%)]	Loss: 0.500000

Average Training loss: 0.0100, Training Error Rate: 90.13% (54076/60000)


Average Test loss: 0.0005, Test Error Rate: 90.20% (9020/10000)

Train Epoch: 27 [5000/60000 (8%)]	Loss: 0.500000
Train Epoch: 27 [10000/60000 (17%)]	Loss: 0.500000
Train Epoch: 27 [15000/60000 (25%)]	Loss: 0.500000
Train Epoch: 27 [20000/60000 (33%)]	Loss: 0.498500
Train Epoch: 27 [25000/60000 (42%)]	Loss: 0.500000
Train Epoch: 27 [30000/60000 (50%)]	Loss: 0.500000
Train Epoch: 27 [35000/60000 (58%)]	Loss: 0.500000
Train Epoch: 27 [40000/60000 (67%)]	Loss: 0.500000
Train Epoch: 27 [45000/60000 (75%)]	Loss: 0.500000
Train Epoch: 27 [50000/60000 (83%)]	Loss: 0.500000
Train Epoch: 27 [55000/60000 (92%)]	Loss: 0.500000
Train Epoch: 27 [60000/60000 (100%)]	Loss: 0.500000

Average Training loss: 0.0100, Training Error Rate: 90.12% (54072/60000)


Average Test loss: 0.0005, Test Error Rate: 90.17% (9017/10000)

Train Epoch: 28 [5000/60000 (8%)]	Loss: 0.500000
Train Epoch: 28 [10000/60000 (17%)]	Loss: 0.500485
Train Epoch: 28 [15000/60000 (25%)]	Loss: 0.500000
Train Epoch: 28 [20000/60000 (33%)]	Loss: 0.500000
Train Epoch: 28 [25000/60000 (42%)]	Loss: 0.500000
Train Epoch: 28 [30000/60000 (50%)]	Loss: 0.500000
Train Epoch: 28 [35000/60000 (58%)]	Loss: 0.500000
Train Epoch: 28 [40000/60000 (67%)]	Loss: 0.500000
Train Epoch: 28 [45000/60000 (75%)]	Loss: 0.500000
Train Epoch: 28 [50000/60000 (83%)]	Loss: 0.495847
Train Epoch: 28 [55000/60000 (92%)]	Loss: 0.500000
Train Epoch: 28 [60000/60000 (100%)]	Loss: 0.500000

Average Training loss: 0.0100, Training Error Rate: 90.10% (54060/60000)


Average Test loss: 0.0005, Test Error Rate: 90.18% (9018/10000)

Train Epoch: 29 [5000/60000 (8%)]	Loss: 0.500144
Train Epoch: 29 [10000/60000 (17%)]	Loss: 0.500000
Train Epoch: 29 [15000/60000 (25%)]	Loss: 0.500000
Train Epoch: 29 [20000/60000 (33%)]	Loss: 0.500000
Train Epoch: 29 [25000/60000 (42%)]	Loss: 0.500000
Train Epoch: 29 [30000/60000 (50%)]	Loss: 0.500000
Train Epoch: 29 [35000/60000 (58%)]	Loss: 0.500000
Train Epoch: 29 [40000/60000 (67%)]	Loss: 0.500000
Train Epoch: 29 [45000/60000 (75%)]	Loss: 0.500000
Train Epoch: 29 [50000/60000 (83%)]	Loss: 0.500281
Train Epoch: 29 [55000/60000 (92%)]	Loss: 0.500000
Train Epoch: 29 [60000/60000 (100%)]	Loss: 0.500000

Average Training loss: 0.0100, Training Error Rate: 90.11% (54069/60000)


Average Test loss: 0.0005, Test Error Rate: 90.15% (9015/10000)

Train Epoch: 30 [5000/60000 (8%)]	Loss: 0.500000
Train Epoch: 30 [10000/60000 (17%)]	Loss: 0.500000
Train Epoch: 30 [15000/60000 (25%)]	Loss: 0.500000
Train Epoch: 30 [20000/60000 (33%)]	Loss: 0.500000
Train Epoch: 30 [25000/60000 (42%)]	Loss: 0.500192
Train Epoch: 30 [30000/60000 (50%)]	Loss: 0.500000
Train Epoch: 30 [35000/60000 (58%)]	Loss: 0.500000
Train Epoch: 30 [40000/60000 (67%)]	Loss: 0.500000
Train Epoch: 30 [45000/60000 (75%)]	Loss: 0.500000
Train Epoch: 30 [50000/60000 (83%)]	Loss: 0.500000
Train Epoch: 30 [55000/60000 (92%)]	Loss: 0.495323
Train Epoch: 30 [60000/60000 (100%)]	Loss: 0.500000

Average Training loss: 0.0100, Training Error Rate: 89.96% (53975/60000)


Average Test loss: 0.0005, Test Error Rate: 89.91% (8991/10000)

Train Epoch: 31 [5000/60000 (8%)]	Loss: 0.500000
Train Epoch: 31 [10000/60000 (17%)]	Loss: 0.500000
Train Epoch: 31 [15000/60000 (25%)]	Loss: 0.500000
Train Epoch: 31 [20000/60000 (33%)]	Loss: 0.500000
Train Epoch: 31 [25000/60000 (42%)]	Loss: 0.500000
Train Epoch: 31 [30000/60000 (50%)]	Loss: 0.500000
Train Epoch: 31 [35000/60000 (58%)]	Loss: 0.500000
Train Epoch: 31 [40000/60000 (67%)]	Loss: 0.500001
slurmstepd: error: *** STEP 15489901.14 ON cn146 CANCELLED AT 2023-10-01T14:34:20 ***
