/vast/home/ajherman/miniconda3/envs/pytorch/lib/python3.11/site-packages/torchvision/io/image.py:13: UserWarning: Failed to load image Python extension: '/vast/home/ajherman/miniconda3/envs/pytorch/lib/python3.11/site-packages/torchvision/image.so: undefined symbol: _ZN5torch3jit17parseSchemaOrNameERKNSt7__cxx1112basic_stringIcSt11char_traitsIcESaIcEEE'If you don't plan on using image functionality from `torchvision.io`, you can ignore this warning. Otherwise, there might be something wrong with your environment. Did you have `libjpeg` or `libpng` installed before building `torchvision` from source?
  warn(
Random seed set as 42
dt =  0.2340716616353513
trace decay =  0.5866462195100317
Random seed set as 42
Random seed set as 42
dt =  0.2340716616353513
trace decay =  0.5866462195100317
Random seed set as 42
Train Epoch: 0 [5000/60000 (8%)]	Loss: 0.416640
Train Epoch: 0 [10000/60000 (17%)]	Loss: 0.372069
Train Epoch: 0 [15000/60000 (25%)]	Loss: 0.316204
Train Epoch: 0 [20000/60000 (33%)]	Loss: 0.293745
Train Epoch: 0 [25000/60000 (42%)]	Loss: 0.307338
Train Epoch: 0 [30000/60000 (50%)]	Loss: 0.258909
Train Epoch: 0 [35000/60000 (58%)]	Loss: 0.221397
Train Epoch: 0 [40000/60000 (67%)]	Loss: 0.221935
Train Epoch: 0 [45000/60000 (75%)]	Loss: 0.222590
Train Epoch: 0 [50000/60000 (83%)]	Loss: 0.237941
Train Epoch: 0 [55000/60000 (92%)]	Loss: 0.223877
Train Epoch: 0 [60000/60000 (100%)]	Loss: 0.202833

Average Training loss: 0.0056, Training Error Rate: 32.68% (19609/60000)


Average Test loss: 0.0002, Test Error Rate: 20.19% (2019/10000)

Train Epoch: 1 [5000/60000 (8%)]	Loss: 0.207576
Train Epoch: 1 [10000/60000 (17%)]	Loss: 0.185105
Train Epoch: 1 [15000/60000 (25%)]	Loss: 0.165153
Train Epoch: 1 [20000/60000 (33%)]	Loss: 0.193382
Train Epoch: 1 [25000/60000 (42%)]	Loss: 0.163867
Train Epoch: 1 [30000/60000 (50%)]	Loss: 0.161470
Train Epoch: 1 [35000/60000 (58%)]	Loss: 0.168754
Train Epoch: 1 [40000/60000 (67%)]	Loss: 0.189104
Train Epoch: 1 [45000/60000 (75%)]	Loss: 0.175378
Train Epoch: 1 [50000/60000 (83%)]	Loss: 0.171879
Train Epoch: 1 [55000/60000 (92%)]	Loss: 0.194081
Train Epoch: 1 [60000/60000 (100%)]	Loss: 0.166725

Average Training loss: 0.0038, Training Error Rate: 18.76% (11257/60000)


Average Test loss: 0.0002, Test Error Rate: 15.47% (1547/10000)

Train Epoch: 2 [5000/60000 (8%)]	Loss: 0.168677
Train Epoch: 2 [10000/60000 (17%)]	Loss: 0.169858
Train Epoch: 2 [15000/60000 (25%)]	Loss: 0.211688
Train Epoch: 2 [20000/60000 (33%)]	Loss: 0.149305
Train Epoch: 2 [25000/60000 (42%)]	Loss: 0.168611
Train Epoch: 2 [30000/60000 (50%)]	Loss: 0.142803
Train Epoch: 2 [35000/60000 (58%)]	Loss: 0.177657
Train Epoch: 2 [40000/60000 (67%)]	Loss: 0.143498
Train Epoch: 2 [45000/60000 (75%)]	Loss: 0.180080
Train Epoch: 2 [50000/60000 (83%)]	Loss: 0.221969
Train Epoch: 2 [55000/60000 (92%)]	Loss: 0.203469
Train Epoch: 2 [60000/60000 (100%)]	Loss: 0.212490

Average Training loss: 0.0033, Training Error Rate: 16.34% (9801/60000)


Average Test loss: 0.0002, Test Error Rate: 16.72% (1672/10000)

Train Epoch: 3 [5000/60000 (8%)]	Loss: 0.186129
Train Epoch: 3 [10000/60000 (17%)]	Loss: 0.195007
Train Epoch: 3 [15000/60000 (25%)]	Loss: 0.108811
Train Epoch: 3 [20000/60000 (33%)]	Loss: 0.115789
Train Epoch: 3 [25000/60000 (42%)]	Loss: 0.195822
Train Epoch: 3 [30000/60000 (50%)]	Loss: 0.139997
Train Epoch: 3 [35000/60000 (58%)]	Loss: 0.143034
Train Epoch: 3 [40000/60000 (67%)]	Loss: 0.148754
Train Epoch: 3 [45000/60000 (75%)]	Loss: 0.151452
Train Epoch: 3 [50000/60000 (83%)]	Loss: 0.139326
Train Epoch: 3 [55000/60000 (92%)]	Loss: 0.169062
Train Epoch: 3 [60000/60000 (100%)]	Loss: 0.167724

Average Training loss: 0.0030, Training Error Rate: 14.72% (8834/60000)


Average Test loss: 0.0001, Test Error Rate: 14.11% (1411/10000)

Train Epoch: 4 [5000/60000 (8%)]	Loss: 0.151441
Train Epoch: 4 [10000/60000 (17%)]	Loss: 0.129320
Train Epoch: 4 [15000/60000 (25%)]	Loss: 0.089146
Train Epoch: 4 [20000/60000 (33%)]	Loss: 0.147742
Train Epoch: 4 [25000/60000 (42%)]	Loss: 0.124837
Train Epoch: 4 [30000/60000 (50%)]	Loss: 0.107345
Train Epoch: 4 [35000/60000 (58%)]	Loss: 0.139262
Train Epoch: 4 [40000/60000 (67%)]	Loss: 0.156229
Train Epoch: 4 [45000/60000 (75%)]	Loss: 0.147217
Train Epoch: 4 [50000/60000 (83%)]	Loss: 0.121811
Train Epoch: 4 [55000/60000 (92%)]	Loss: 0.129447
Train Epoch: 4 [60000/60000 (100%)]	Loss: 0.108283

Average Training loss: 0.0027, Training Error Rate: 14.04% (8421/60000)


Average Test loss: 0.0001, Test Error Rate: 14.52% (1452/10000)

Train Epoch: 5 [5000/60000 (8%)]	Loss: 0.150370
Train Epoch: 5 [10000/60000 (17%)]	Loss: 0.077219
Train Epoch: 5 [15000/60000 (25%)]	Loss: 0.146432
Train Epoch: 5 [20000/60000 (33%)]	Loss: 0.131470
Train Epoch: 5 [25000/60000 (42%)]	Loss: 0.129668
Train Epoch: 5 [30000/60000 (50%)]	Loss: 0.116267
Train Epoch: 5 [35000/60000 (58%)]	Loss: 0.127968
Train Epoch: 5 [40000/60000 (67%)]	Loss: 0.131056
Train Epoch: 5 [45000/60000 (75%)]	Loss: 0.107017
Train Epoch: 5 [50000/60000 (83%)]	Loss: 0.156024
Train Epoch: 5 [55000/60000 (92%)]	Loss: 0.106275
Train Epoch: 5 [60000/60000 (100%)]	Loss: 0.170534

Average Training loss: 0.0025, Training Error Rate: 13.36% (8014/60000)


Average Test loss: 0.0001, Test Error Rate: 11.91% (1191/10000)

Train Epoch: 6 [5000/60000 (8%)]	Loss: 0.175420
Train Epoch: 6 [10000/60000 (17%)]	Loss: 0.121584
Train Epoch: 6 [15000/60000 (25%)]	Loss: 0.054803
Train Epoch: 6 [20000/60000 (33%)]	Loss: 0.127695
Train Epoch: 6 [25000/60000 (42%)]	Loss: 0.141520
Train Epoch: 6 [30000/60000 (50%)]	Loss: 0.070145
Train Epoch: 6 [35000/60000 (58%)]	Loss: 0.097796
Train Epoch: 6 [40000/60000 (67%)]	Loss: 0.110978
Train Epoch: 6 [45000/60000 (75%)]	Loss: 0.118830
Train Epoch: 6 [50000/60000 (83%)]	Loss: 0.124781
Train Epoch: 6 [55000/60000 (92%)]	Loss: 0.128178
Train Epoch: 6 [60000/60000 (100%)]	Loss: 0.133926

Average Training loss: 0.0023, Training Error Rate: 12.12% (7273/60000)


Average Test loss: 0.0001, Test Error Rate: 11.53% (1153/10000)

Train Epoch: 7 [5000/60000 (8%)]	Loss: 0.098565
Train Epoch: 7 [10000/60000 (17%)]	Loss: 0.099440
Train Epoch: 7 [15000/60000 (25%)]	Loss: 0.112668
Train Epoch: 7 [20000/60000 (33%)]	Loss: 0.130565
Train Epoch: 7 [25000/60000 (42%)]	Loss: 0.112397
Train Epoch: 7 [30000/60000 (50%)]	Loss: 0.076015
Train Epoch: 7 [35000/60000 (58%)]	Loss: 0.068048
Train Epoch: 7 [40000/60000 (67%)]	Loss: 0.134897
Train Epoch: 7 [45000/60000 (75%)]	Loss: 0.078408
Train Epoch: 7 [50000/60000 (83%)]	Loss: 0.126728
Train Epoch: 7 [55000/60000 (92%)]	Loss: 0.113801
Train Epoch: 7 [60000/60000 (100%)]	Loss: 0.122771

Average Training loss: 0.0023, Training Error Rate: 11.70% (7022/60000)


Average Test loss: 0.0001, Test Error Rate: 10.88% (1088/10000)

Train Epoch: 8 [5000/60000 (8%)]	Loss: 0.112154
Train Epoch: 8 [10000/60000 (17%)]	Loss: 0.114186
Train Epoch: 8 [15000/60000 (25%)]	Loss: 0.110075
Train Epoch: 8 [20000/60000 (33%)]	Loss: 0.150026
Train Epoch: 8 [25000/60000 (42%)]	Loss: 0.102092
Train Epoch: 8 [30000/60000 (50%)]	Loss: 0.088744
Train Epoch: 8 [35000/60000 (58%)]	Loss: 0.078368
Train Epoch: 8 [40000/60000 (67%)]	Loss: 0.095982
Train Epoch: 8 [45000/60000 (75%)]	Loss: 0.138641
Train Epoch: 8 [50000/60000 (83%)]	Loss: 0.097494
Train Epoch: 8 [55000/60000 (92%)]	Loss: 0.126710
Train Epoch: 8 [60000/60000 (100%)]	Loss: 0.098343

Average Training loss: 0.0023, Training Error Rate: 11.79% (7072/60000)


Average Test loss: 0.0001, Test Error Rate: 10.58% (1058/10000)

Train Epoch: 9 [5000/60000 (8%)]	Loss: 0.125421
Train Epoch: 9 [10000/60000 (17%)]	Loss: 0.118039
Train Epoch: 9 [15000/60000 (25%)]	Loss: 0.136925
Train Epoch: 9 [20000/60000 (33%)]	Loss: 0.107700
Train Epoch: 9 [25000/60000 (42%)]	Loss: 0.099638
Train Epoch: 9 [30000/60000 (50%)]	Loss: 0.105044
Train Epoch: 9 [35000/60000 (58%)]	Loss: 0.137315
Train Epoch: 9 [40000/60000 (67%)]	Loss: 0.096643
Train Epoch: 9 [45000/60000 (75%)]	Loss: 0.111916
Train Epoch: 9 [50000/60000 (83%)]	Loss: 0.095718
Train Epoch: 9 [55000/60000 (92%)]	Loss: 0.117290
Train Epoch: 9 [60000/60000 (100%)]	Loss: 0.080254

Average Training loss: 0.0022, Training Error Rate: 11.56% (6938/60000)


Average Test loss: 0.0001, Test Error Rate: 10.74% (1074/10000)

Train Epoch: 10 [5000/60000 (8%)]	Loss: 0.095569
Train Epoch: 10 [10000/60000 (17%)]	Loss: 0.073188
Train Epoch: 10 [15000/60000 (25%)]	Loss: 0.087362
Train Epoch: 10 [20000/60000 (33%)]	Loss: 0.089323
Train Epoch: 10 [25000/60000 (42%)]	Loss: 0.066479
Train Epoch: 10 [30000/60000 (50%)]	Loss: 0.089846
Train Epoch: 10 [35000/60000 (58%)]	Loss: 0.095755
Train Epoch: 10 [40000/60000 (67%)]	Loss: 0.126373
Train Epoch: 10 [45000/60000 (75%)]	Loss: 0.084048
Train Epoch: 10 [50000/60000 (83%)]	Loss: 0.135287
Train Epoch: 10 [55000/60000 (92%)]	Loss: 0.088153
Train Epoch: 10 [60000/60000 (100%)]	Loss: 0.062632

Average Training loss: 0.0021, Training Error Rate: 11.23% (6736/60000)


Average Test loss: 0.0001, Test Error Rate: 10.28% (1028/10000)

Train Epoch: 11 [5000/60000 (8%)]	Loss: 0.083278
Train Epoch: 11 [10000/60000 (17%)]	Loss: 0.083888
Train Epoch: 11 [15000/60000 (25%)]	Loss: 0.091143
Train Epoch: 11 [20000/60000 (33%)]	Loss: 0.118341
Train Epoch: 11 [25000/60000 (42%)]	Loss: 0.100512
Train Epoch: 11 [30000/60000 (50%)]	Loss: 0.076720
Train Epoch: 11 [35000/60000 (58%)]	Loss: 0.130014
Train Epoch: 11 [40000/60000 (67%)]	Loss: 0.152040
Train Epoch: 11 [45000/60000 (75%)]	Loss: 0.082946
Train Epoch: 11 [50000/60000 (83%)]	Loss: 0.093013
Train Epoch: 11 [55000/60000 (92%)]	Loss: 0.111362
Train Epoch: 11 [60000/60000 (100%)]	Loss: 0.117033

Average Training loss: 0.0019, Training Error Rate: 10.47% (6284/60000)


Average Test loss: 0.0001, Test Error Rate: 10.16% (1016/10000)

Train Epoch: 12 [5000/60000 (8%)]	Loss: 0.107559
Train Epoch: 12 [10000/60000 (17%)]	Loss: 0.107971
Train Epoch: 12 [15000/60000 (25%)]	Loss: 0.113878
Train Epoch: 12 [20000/60000 (33%)]	Loss: 0.142071
Train Epoch: 12 [25000/60000 (42%)]	Loss: 0.090927
Train Epoch: 12 [30000/60000 (50%)]	Loss: 0.122532
Train Epoch: 12 [35000/60000 (58%)]	Loss: 0.150622
Train Epoch: 12 [40000/60000 (67%)]	Loss: 0.083513
Train Epoch: 12 [45000/60000 (75%)]	Loss: 0.088513
Train Epoch: 12 [50000/60000 (83%)]	Loss: 0.099749
Train Epoch: 12 [55000/60000 (92%)]	Loss: 0.127412
Train Epoch: 12 [60000/60000 (100%)]	Loss: 0.136996

Average Training loss: 0.0021, Training Error Rate: 10.96% (6575/60000)


Average Test loss: 0.0001, Test Error Rate: 11.84% (1184/10000)

Train Epoch: 13 [5000/60000 (8%)]	Loss: 0.078374
Train Epoch: 13 [10000/60000 (17%)]	Loss: 0.098608
Train Epoch: 13 [15000/60000 (25%)]	Loss: 0.092654
Train Epoch: 13 [20000/60000 (33%)]	Loss: 0.063332
Train Epoch: 13 [25000/60000 (42%)]	Loss: 0.118053
Train Epoch: 13 [30000/60000 (50%)]	Loss: 0.057643
Train Epoch: 13 [35000/60000 (58%)]	Loss: 0.100179
Train Epoch: 13 [40000/60000 (67%)]	Loss: 0.066318
Train Epoch: 13 [45000/60000 (75%)]	Loss: 0.094640
Train Epoch: 13 [50000/60000 (83%)]	Loss: 0.094509
Train Epoch: 13 [55000/60000 (92%)]	Loss: 0.102786
Train Epoch: 13 [60000/60000 (100%)]	Loss: 0.082242

Average Training loss: 0.0020, Training Error Rate: 10.96% (6574/60000)


Average Test loss: 0.0001, Test Error Rate: 10.67% (1067/10000)

Train Epoch: 14 [5000/60000 (8%)]	Loss: 0.110027
Train Epoch: 14 [10000/60000 (17%)]	Loss: 0.062109
Train Epoch: 14 [15000/60000 (25%)]	Loss: 0.089757
Train Epoch: 14 [20000/60000 (33%)]	Loss: 0.146638
Train Epoch: 14 [25000/60000 (42%)]	Loss: 0.106394
Train Epoch: 14 [30000/60000 (50%)]	Loss: 0.146871
Train Epoch: 14 [35000/60000 (58%)]	Loss: 0.104135
Train Epoch: 14 [40000/60000 (67%)]	Loss: 0.128618
Train Epoch: 14 [45000/60000 (75%)]	Loss: 0.090248
Train Epoch: 14 [50000/60000 (83%)]	Loss: 0.080762
Train Epoch: 14 [55000/60000 (92%)]	Loss: 0.091961
Train Epoch: 14 [60000/60000 (100%)]	Loss: 0.114372

Average Training loss: 0.0020, Training Error Rate: 10.35% (6207/60000)


Average Test loss: 0.0001, Test Error Rate: 9.82% (982/10000)

Train Epoch: 15 [5000/60000 (8%)]	Loss: 0.102238
Train Epoch: 15 [10000/60000 (17%)]	Loss: 0.097012
Train Epoch: 15 [15000/60000 (25%)]	Loss: 0.100192
Train Epoch: 15 [20000/60000 (33%)]	Loss: 0.097570
Train Epoch: 15 [25000/60000 (42%)]	Loss: 0.152040
Train Epoch: 15 [30000/60000 (50%)]	Loss: 0.056599
Train Epoch: 15 [35000/60000 (58%)]	Loss: 0.086686
Train Epoch: 15 [40000/60000 (67%)]	Loss: 0.119686
Train Epoch: 15 [45000/60000 (75%)]	Loss: 0.047757
Train Epoch: 15 [50000/60000 (83%)]	Loss: 0.087601
Train Epoch: 15 [55000/60000 (92%)]	Loss: 0.100072
Train Epoch: 15 [60000/60000 (100%)]	Loss: 0.071607

Average Training loss: 0.0018, Training Error Rate: 9.97% (5982/60000)


Average Test loss: 0.0001, Test Error Rate: 9.86% (986/10000)

Train Epoch: 16 [5000/60000 (8%)]	Loss: 0.055676
Train Epoch: 16 [10000/60000 (17%)]	Loss: 0.102862
Train Epoch: 16 [15000/60000 (25%)]	Loss: 0.090369
Train Epoch: 16 [20000/60000 (33%)]	Loss: 0.091799
Train Epoch: 16 [25000/60000 (42%)]	Loss: 0.071914
Train Epoch: 16 [30000/60000 (50%)]	Loss: 0.085421
Train Epoch: 16 [35000/60000 (58%)]	Loss: 0.099801
Train Epoch: 16 [40000/60000 (67%)]	Loss: 0.091516
Train Epoch: 16 [45000/60000 (75%)]	Loss: 0.083886
Train Epoch: 16 [50000/60000 (83%)]	Loss: 0.092659
Train Epoch: 16 [55000/60000 (92%)]	Loss: 0.086707
Train Epoch: 16 [60000/60000 (100%)]	Loss: 0.146806

Average Training loss: 0.0019, Training Error Rate: 10.03% (6015/60000)


Average Test loss: 0.0001, Test Error Rate: 9.13% (913/10000)

Train Epoch: 17 [5000/60000 (8%)]	Loss: 0.109432
Train Epoch: 17 [10000/60000 (17%)]	Loss: 0.064332
Train Epoch: 17 [15000/60000 (25%)]	Loss: 0.091102
Train Epoch: 17 [20000/60000 (33%)]	Loss: 0.084356
Train Epoch: 17 [25000/60000 (42%)]	Loss: 0.054514
Train Epoch: 17 [30000/60000 (50%)]	Loss: 0.072278
Train Epoch: 17 [35000/60000 (58%)]	Loss: 0.114919
Train Epoch: 17 [40000/60000 (67%)]	Loss: 0.106453
Train Epoch: 17 [45000/60000 (75%)]	Loss: 0.112332
Train Epoch: 17 [50000/60000 (83%)]	Loss: 0.087331
Train Epoch: 17 [55000/60000 (92%)]	Loss: 0.039111
Train Epoch: 17 [60000/60000 (100%)]	Loss: 0.088945

Average Training loss: 0.0018, Training Error Rate: 9.76% (5855/60000)


Average Test loss: 0.0001, Test Error Rate: 9.70% (970/10000)

Train Epoch: 18 [5000/60000 (8%)]	Loss: 0.074636
Train Epoch: 18 [10000/60000 (17%)]	Loss: 0.092092
Train Epoch: 18 [15000/60000 (25%)]	Loss: 0.109398
Train Epoch: 18 [20000/60000 (33%)]	Loss: 0.050476
Train Epoch: 18 [25000/60000 (42%)]	Loss: 0.115293
Train Epoch: 18 [30000/60000 (50%)]	Loss: 0.121920
Train Epoch: 18 [35000/60000 (58%)]	Loss: 0.047478
Train Epoch: 18 [40000/60000 (67%)]	Loss: 0.083856
Train Epoch: 18 [45000/60000 (75%)]	Loss: 0.091251
Train Epoch: 18 [50000/60000 (83%)]	Loss: 0.078625
Train Epoch: 18 [55000/60000 (92%)]	Loss: 0.101780
Train Epoch: 18 [60000/60000 (100%)]	Loss: 0.107608

Average Training loss: 0.0018, Training Error Rate: 9.77% (5860/60000)


Average Test loss: 0.0001, Test Error Rate: 9.39% (939/10000)

Train Epoch: 19 [5000/60000 (8%)]	Loss: 0.083249
Train Epoch: 19 [10000/60000 (17%)]	Loss: 0.100493
Train Epoch: 19 [15000/60000 (25%)]	Loss: 0.043818
Train Epoch: 19 [20000/60000 (33%)]	Loss: 0.133561
Train Epoch: 19 [25000/60000 (42%)]	Loss: 0.083821
Train Epoch: 19 [30000/60000 (50%)]	Loss: 0.054325
Train Epoch: 19 [35000/60000 (58%)]	Loss: 0.098057
Train Epoch: 19 [40000/60000 (67%)]	Loss: 0.081365
Train Epoch: 19 [45000/60000 (75%)]	Loss: 0.090163
Train Epoch: 19 [50000/60000 (83%)]	Loss: 0.066319
Train Epoch: 19 [55000/60000 (92%)]	Loss: 0.074145
Train Epoch: 19 [60000/60000 (100%)]	Loss: 0.050050

Average Training loss: 0.0017, Training Error Rate: 9.47% (5680/60000)


Average Test loss: 0.0001, Test Error Rate: 9.33% (933/10000)

Train Epoch: 20 [5000/60000 (8%)]	Loss: 0.095211
Train Epoch: 20 [10000/60000 (17%)]	Loss: 0.098988
Train Epoch: 20 [15000/60000 (25%)]	Loss: 0.080684
Train Epoch: 20 [20000/60000 (33%)]	Loss: 0.082305
Train Epoch: 20 [25000/60000 (42%)]	Loss: 0.076775
Train Epoch: 20 [30000/60000 (50%)]	Loss: 0.087979
Train Epoch: 20 [35000/60000 (58%)]	Loss: 0.055338
Train Epoch: 20 [40000/60000 (67%)]	Loss: 0.091661
Train Epoch: 20 [45000/60000 (75%)]	Loss: 0.097267
Train Epoch: 20 [50000/60000 (83%)]	Loss: 0.066738
Train Epoch: 20 [55000/60000 (92%)]	Loss: 0.103986
Train Epoch: 20 [60000/60000 (100%)]	Loss: 0.088289

Average Training loss: 0.0017, Training Error Rate: 9.29% (5576/60000)


Average Test loss: 0.0001, Test Error Rate: 9.50% (950/10000)

Train Epoch: 21 [5000/60000 (8%)]	Loss: 0.062893
Train Epoch: 21 [10000/60000 (17%)]	Loss: 0.100349
Train Epoch: 21 [15000/60000 (25%)]	Loss: 0.138683
Train Epoch: 21 [20000/60000 (33%)]	Loss: 0.094220
Train Epoch: 21 [25000/60000 (42%)]	Loss: 0.059489
Train Epoch: 21 [30000/60000 (50%)]	Loss: 0.051374
Train Epoch: 21 [35000/60000 (58%)]	Loss: 0.094533
Train Epoch: 21 [40000/60000 (67%)]	Loss: 0.085147
Train Epoch: 21 [45000/60000 (75%)]	Loss: 0.106707
Train Epoch: 21 [50000/60000 (83%)]	Loss: 0.085982
Train Epoch: 21 [55000/60000 (92%)]	Loss: 0.091991
Train Epoch: 21 [60000/60000 (100%)]	Loss: 0.078264

Average Training loss: 0.0017, Training Error Rate: 9.46% (5676/60000)


Average Test loss: 0.0001, Test Error Rate: 8.77% (877/10000)

Train Epoch: 22 [5000/60000 (8%)]	Loss: 0.084385
Train Epoch: 22 [10000/60000 (17%)]	Loss: 0.060358
Train Epoch: 22 [15000/60000 (25%)]	Loss: 0.101904
Train Epoch: 22 [20000/60000 (33%)]	Loss: 0.093891
Train Epoch: 22 [25000/60000 (42%)]	Loss: 0.049026
Train Epoch: 22 [30000/60000 (50%)]	Loss: 0.104869
Train Epoch: 22 [35000/60000 (58%)]	Loss: 0.126141
Train Epoch: 22 [40000/60000 (67%)]	Loss: 0.053489
Train Epoch: 22 [45000/60000 (75%)]	Loss: 0.112475
Train Epoch: 22 [50000/60000 (83%)]	Loss: 0.066523
Train Epoch: 22 [55000/60000 (92%)]	Loss: 0.054368
Train Epoch: 22 [60000/60000 (100%)]	Loss: 0.103174

Average Training loss: 0.0016, Training Error Rate: 9.11% (5467/60000)


Average Test loss: 0.0001, Test Error Rate: 8.55% (855/10000)

Train Epoch: 23 [5000/60000 (8%)]	Loss: 0.090336
Train Epoch: 23 [10000/60000 (17%)]	Loss: 0.125590
Train Epoch: 23 [15000/60000 (25%)]	Loss: 0.095124
Train Epoch: 23 [20000/60000 (33%)]	Loss: 0.115302
Train Epoch: 23 [25000/60000 (42%)]	Loss: 0.045440
Train Epoch: 23 [30000/60000 (50%)]	Loss: 0.050200
Train Epoch: 23 [35000/60000 (58%)]	Loss: 0.087495
Train Epoch: 23 [40000/60000 (67%)]	Loss: 0.104154
Train Epoch: 23 [45000/60000 (75%)]	Loss: 0.073850
Train Epoch: 23 [50000/60000 (83%)]	Loss: 0.071954
Train Epoch: 23 [55000/60000 (92%)]	Loss: 0.074853
Train Epoch: 23 [60000/60000 (100%)]	Loss: 0.086723

Average Training loss: 0.0016, Training Error Rate: 8.87% (5319/60000)


Average Test loss: 0.0001, Test Error Rate: 8.85% (885/10000)

Train Epoch: 24 [5000/60000 (8%)]	Loss: 0.048745
Train Epoch: 24 [10000/60000 (17%)]	Loss: 0.056118
Train Epoch: 24 [15000/60000 (25%)]	Loss: 0.088748
Train Epoch: 24 [20000/60000 (33%)]	Loss: 0.054334
Train Epoch: 24 [25000/60000 (42%)]	Loss: 0.118664
Train Epoch: 24 [30000/60000 (50%)]	Loss: 0.085004
Train Epoch: 24 [35000/60000 (58%)]	Loss: 0.101616
Train Epoch: 24 [40000/60000 (67%)]	Loss: 0.079806
Train Epoch: 24 [45000/60000 (75%)]	Loss: 0.082105
Train Epoch: 24 [50000/60000 (83%)]	Loss: 0.072721
Train Epoch: 24 [55000/60000 (92%)]	Loss: 0.054359
Train Epoch: 24 [60000/60000 (100%)]	Loss: 0.087185

Average Training loss: 0.0016, Training Error Rate: 8.89% (5332/60000)


Average Test loss: 0.0001, Test Error Rate: 8.66% (866/10000)

Train Epoch: 25 [5000/60000 (8%)]	Loss: 0.063027
Train Epoch: 25 [10000/60000 (17%)]	Loss: 0.090428
Train Epoch: 25 [15000/60000 (25%)]	Loss: 0.014102
Train Epoch: 25 [20000/60000 (33%)]	Loss: 0.058508
Train Epoch: 25 [25000/60000 (42%)]	Loss: 0.135447
Train Epoch: 25 [30000/60000 (50%)]	Loss: 0.047938
Train Epoch: 25 [35000/60000 (58%)]	Loss: 0.077419
Train Epoch: 25 [40000/60000 (67%)]	Loss: 0.063757
Train Epoch: 25 [45000/60000 (75%)]	Loss: 0.048813
Train Epoch: 25 [50000/60000 (83%)]	Loss: 0.053778
Train Epoch: 25 [55000/60000 (92%)]	Loss: 0.084794
Train Epoch: 25 [60000/60000 (100%)]	Loss: 0.048801

Average Training loss: 0.0016, Training Error Rate: 8.94% (5361/60000)


Average Test loss: 0.0001, Test Error Rate: 8.49% (849/10000)

Train Epoch: 26 [5000/60000 (8%)]	Loss: 0.080912
Train Epoch: 26 [10000/60000 (17%)]	Loss: 0.094083
Train Epoch: 26 [15000/60000 (25%)]	Loss: 0.057058
Train Epoch: 26 [20000/60000 (33%)]	Loss: 0.123635
Train Epoch: 26 [25000/60000 (42%)]	Loss: 0.042659
Train Epoch: 26 [30000/60000 (50%)]	Loss: 0.087111
Train Epoch: 26 [35000/60000 (58%)]	Loss: 0.134651
Train Epoch: 26 [40000/60000 (67%)]	Loss: 0.040467
Train Epoch: 26 [45000/60000 (75%)]	Loss: 0.088488
Train Epoch: 26 [50000/60000 (83%)]	Loss: 0.140463
Train Epoch: 26 [55000/60000 (92%)]	Loss: 0.054801
Train Epoch: 26 [60000/60000 (100%)]	Loss: 0.101913

Average Training loss: 0.0016, Training Error Rate: 8.88% (5330/60000)


Average Test loss: 0.0001, Test Error Rate: 8.53% (853/10000)

Train Epoch: 27 [5000/60000 (8%)]	Loss: 0.083154
Train Epoch: 27 [10000/60000 (17%)]	Loss: 0.114256
Train Epoch: 27 [15000/60000 (25%)]	Loss: 0.074774
Train Epoch: 27 [20000/60000 (33%)]	Loss: 0.051955
Train Epoch: 27 [25000/60000 (42%)]	Loss: 0.029821
Train Epoch: 27 [30000/60000 (50%)]	Loss: 0.070278
Train Epoch: 27 [35000/60000 (58%)]	Loss: 0.115177
Train Epoch: 27 [40000/60000 (67%)]	Loss: 0.104673
Train Epoch: 27 [45000/60000 (75%)]	Loss: 0.059016
Train Epoch: 27 [50000/60000 (83%)]	Loss: 0.073738
Train Epoch: 27 [55000/60000 (92%)]	Loss: 0.099652
Train Epoch: 27 [60000/60000 (100%)]	Loss: 0.083787

Average Training loss: 0.0016, Training Error Rate: 8.57% (5145/60000)


Average Test loss: 0.0001, Test Error Rate: 8.31% (831/10000)

Train Epoch: 28 [5000/60000 (8%)]	Loss: 0.053503
Train Epoch: 28 [10000/60000 (17%)]	Loss: 0.115769
Train Epoch: 28 [15000/60000 (25%)]	Loss: 0.070213
Train Epoch: 28 [20000/60000 (33%)]	Loss: 0.069679
Train Epoch: 28 [25000/60000 (42%)]	Loss: 0.060480
Train Epoch: 28 [30000/60000 (50%)]	Loss: 0.040533
Train Epoch: 28 [35000/60000 (58%)]	Loss: 0.105593
Train Epoch: 28 [40000/60000 (67%)]	Loss: 0.103943
Train Epoch: 28 [45000/60000 (75%)]	Loss: 0.076843
Train Epoch: 28 [50000/60000 (83%)]	Loss: 0.037904
Train Epoch: 28 [55000/60000 (92%)]	Loss: 0.142351
Train Epoch: 28 [60000/60000 (100%)]	Loss: 0.095635

Average Training loss: 0.0015, Training Error Rate: 8.46% (5075/60000)


Average Test loss: 0.0001, Test Error Rate: 8.73% (873/10000)

Train Epoch: 29 [5000/60000 (8%)]	Loss: 0.065688
Train Epoch: 29 [10000/60000 (17%)]	Loss: 0.077091
Train Epoch: 29 [15000/60000 (25%)]	Loss: 0.072608
Train Epoch: 29 [20000/60000 (33%)]	Loss: 0.082493
Train Epoch: 29 [25000/60000 (42%)]	Loss: 0.054834
Train Epoch: 29 [30000/60000 (50%)]	Loss: 0.067424
Train Epoch: 29 [35000/60000 (58%)]	Loss: 0.061458
Train Epoch: 29 [40000/60000 (67%)]	Loss: 0.107539
Train Epoch: 29 [45000/60000 (75%)]	Loss: 0.045879
Train Epoch: 29 [50000/60000 (83%)]	Loss: 0.073092
Train Epoch: 29 [55000/60000 (92%)]	Loss: 0.123666
Train Epoch: 29 [60000/60000 (100%)]	Loss: 0.089277

Average Training loss: 0.0016, Training Error Rate: 8.81% (5287/60000)


Average Test loss: 0.0001, Test Error Rate: 8.39% (839/10000)

Train Epoch: 30 [5000/60000 (8%)]	Loss: 0.094386
Train Epoch: 30 [10000/60000 (17%)]	Loss: 0.071166
Train Epoch: 30 [15000/60000 (25%)]	Loss: 0.098558
Train Epoch: 30 [20000/60000 (33%)]	Loss: 0.092567
Train Epoch: 30 [25000/60000 (42%)]	Loss: 0.064998
Train Epoch: 30 [30000/60000 (50%)]	Loss: 0.059536
Train Epoch: 30 [35000/60000 (58%)]	Loss: 0.073881
Train Epoch: 30 [40000/60000 (67%)]	Loss: 0.144758
Train Epoch: 30 [45000/60000 (75%)]	Loss: 0.129951
Train Epoch: 30 [50000/60000 (83%)]	Loss: 0.133992
Train Epoch: 30 [55000/60000 (92%)]	Loss: 0.042208
Train Epoch: 30 [60000/60000 (100%)]	Loss: 0.107115

Average Training loss: 0.0016, Training Error Rate: 8.82% (5291/60000)


Average Test loss: 0.0001, Test Error Rate: 8.67% (867/10000)

Train Epoch: 31 [5000/60000 (8%)]	Loss: 0.125707
Train Epoch: 31 [10000/60000 (17%)]	Loss: 0.095909
Train Epoch: 31 [15000/60000 (25%)]	Loss: 0.090338
Train Epoch: 31 [20000/60000 (33%)]	Loss: 0.094901
Train Epoch: 31 [25000/60000 (42%)]	Loss: 0.051369
Train Epoch: 31 [30000/60000 (50%)]	Loss: 0.060045
Train Epoch: 31 [35000/60000 (58%)]	Loss: 0.103479
Train Epoch: 31 [40000/60000 (67%)]	Loss: 0.078045
Train Epoch: 31 [45000/60000 (75%)]	Loss: 0.084603
Train Epoch: 31 [50000/60000 (83%)]	Loss: 0.079335
Train Epoch: 31 [55000/60000 (92%)]	Loss: 0.053564
Train Epoch: 31 [60000/60000 (100%)]	Loss: 0.070439

Average Training loss: 0.0016, Training Error Rate: 8.78% (5269/60000)


Average Test loss: 0.0001, Test Error Rate: 8.76% (876/10000)

Train Epoch: 32 [5000/60000 (8%)]	Loss: 0.063564
Train Epoch: 32 [10000/60000 (17%)]	Loss: 0.043580
Train Epoch: 32 [15000/60000 (25%)]	Loss: 0.054794
Train Epoch: 32 [20000/60000 (33%)]	Loss: 0.076734
Train Epoch: 32 [25000/60000 (42%)]	Loss: 0.155403
Train Epoch: 32 [30000/60000 (50%)]	Loss: 0.046203
Train Epoch: 32 [35000/60000 (58%)]	Loss: 0.047423
Train Epoch: 32 [40000/60000 (67%)]	Loss: 0.118445
Train Epoch: 32 [45000/60000 (75%)]	Loss: 0.075305
Train Epoch: 32 [50000/60000 (83%)]	Loss: 0.085059
Train Epoch: 32 [55000/60000 (92%)]	Loss: 0.082913
Train Epoch: 32 [60000/60000 (100%)]	Loss: 0.083343

Average Training loss: 0.0016, Training Error Rate: 8.67% (5200/60000)


Average Test loss: 0.0001, Test Error Rate: 8.63% (863/10000)

Train Epoch: 33 [5000/60000 (8%)]	Loss: 0.033053
Train Epoch: 33 [10000/60000 (17%)]	Loss: 0.030092
Train Epoch: 33 [15000/60000 (25%)]	Loss: 0.102545
Train Epoch: 33 [20000/60000 (33%)]	Loss: 0.096597
Train Epoch: 33 [25000/60000 (42%)]	Loss: 0.074170
Train Epoch: 33 [30000/60000 (50%)]	Loss: 0.070264
Train Epoch: 33 [35000/60000 (58%)]	Loss: 0.037789
Train Epoch: 33 [40000/60000 (67%)]	Loss: 0.044739
Train Epoch: 33 [45000/60000 (75%)]	Loss: 0.063453
Train Epoch: 33 [50000/60000 (83%)]	Loss: 0.067119
Train Epoch: 33 [55000/60000 (92%)]	Loss: 0.056498
Train Epoch: 33 [60000/60000 (100%)]	Loss: 0.064855

Average Training loss: 0.0015, Training Error Rate: 8.37% (5021/60000)


Average Test loss: 0.0001, Test Error Rate: 8.24% (824/10000)

Train Epoch: 34 [5000/60000 (8%)]	Loss: 0.103512
Train Epoch: 34 [10000/60000 (17%)]	Loss: 0.044671
Train Epoch: 34 [15000/60000 (25%)]	Loss: 0.041168
Train Epoch: 34 [20000/60000 (33%)]	Loss: 0.065688
Train Epoch: 34 [25000/60000 (42%)]	Loss: 0.041755
Train Epoch: 34 [30000/60000 (50%)]	Loss: 0.076685
Train Epoch: 34 [35000/60000 (58%)]	Loss: 0.060728
Train Epoch: 34 [40000/60000 (67%)]	Loss: 0.070645
Train Epoch: 34 [45000/60000 (75%)]	Loss: 0.077762
Train Epoch: 34 [50000/60000 (83%)]	Loss: 0.066799
Train Epoch: 34 [55000/60000 (92%)]	Loss: 0.053662
Train Epoch: 34 [60000/60000 (100%)]	Loss: 0.042931

Average Training loss: 0.0016, Training Error Rate: 8.49% (5095/60000)


Average Test loss: 0.0001, Test Error Rate: 8.26% (826/10000)

Train Epoch: 35 [5000/60000 (8%)]	Loss: 0.088644
Train Epoch: 35 [10000/60000 (17%)]	Loss: 0.090526
Train Epoch: 35 [15000/60000 (25%)]	Loss: 0.105410
Train Epoch: 35 [20000/60000 (33%)]	Loss: 0.047236
Train Epoch: 35 [25000/60000 (42%)]	Loss: 0.055927
Train Epoch: 35 [30000/60000 (50%)]	Loss: 0.057065
Train Epoch: 35 [35000/60000 (58%)]	Loss: 0.109996
Train Epoch: 35 [40000/60000 (67%)]	Loss: 0.044662
Train Epoch: 35 [45000/60000 (75%)]	Loss: 0.089674
Train Epoch: 35 [50000/60000 (83%)]	Loss: 0.075065
Train Epoch: 35 [55000/60000 (92%)]	Loss: 0.075027
Train Epoch: 35 [60000/60000 (100%)]	Loss: 0.054823

Average Training loss: 0.0016, Training Error Rate: 8.55% (5132/60000)


Average Test loss: 0.0001, Test Error Rate: 8.88% (888/10000)

Train Epoch: 36 [5000/60000 (8%)]	Loss: 0.060074
Train Epoch: 36 [10000/60000 (17%)]	Loss: 0.110892
Train Epoch: 36 [15000/60000 (25%)]	Loss: 0.106694
Train Epoch: 36 [20000/60000 (33%)]	Loss: 0.075561
Train Epoch: 36 [25000/60000 (42%)]	Loss: 0.067871
Train Epoch: 36 [30000/60000 (50%)]	Loss: 0.099424
Train Epoch: 36 [35000/60000 (58%)]	Loss: 0.126777
Train Epoch: 36 [40000/60000 (67%)]	Loss: 0.054100
Train Epoch: 36 [45000/60000 (75%)]	Loss: 0.119545
Train Epoch: 36 [50000/60000 (83%)]	Loss: 0.102969
Train Epoch: 36 [55000/60000 (92%)]	Loss: 0.025858
Train Epoch: 36 [60000/60000 (100%)]	Loss: 0.046421

Average Training loss: 0.0016, Training Error Rate: 8.65% (5193/60000)


Average Test loss: 0.0001, Test Error Rate: 8.70% (870/10000)

Train Epoch: 37 [5000/60000 (8%)]	Loss: 0.057528
Train Epoch: 37 [10000/60000 (17%)]	Loss: 0.073868
Train Epoch: 37 [15000/60000 (25%)]	Loss: 0.125698
Train Epoch: 37 [20000/60000 (33%)]	Loss: 0.108193
Train Epoch: 37 [25000/60000 (42%)]	Loss: 0.072583
Train Epoch: 37 [30000/60000 (50%)]	Loss: 0.122487
Train Epoch: 37 [35000/60000 (58%)]	Loss: 0.089144
Train Epoch: 37 [40000/60000 (67%)]	Loss: 0.081498
Train Epoch: 37 [45000/60000 (75%)]	Loss: 0.038248
Train Epoch: 37 [50000/60000 (83%)]	Loss: 0.107279
Train Epoch: 37 [55000/60000 (92%)]	Loss: 0.044187
Train Epoch: 37 [60000/60000 (100%)]	Loss: 0.066198

Average Training loss: 0.0015, Training Error Rate: 8.48% (5089/60000)


Average Test loss: 0.0001, Test Error Rate: 8.12% (812/10000)

Train Epoch: 38 [5000/60000 (8%)]	Loss: 0.071531
Train Epoch: 38 [10000/60000 (17%)]	Loss: 0.013570
Train Epoch: 38 [15000/60000 (25%)]	Loss: 0.090028
Train Epoch: 38 [20000/60000 (33%)]	Loss: 0.138747
Train Epoch: 38 [25000/60000 (42%)]	Loss: 0.078493
Train Epoch: 38 [30000/60000 (50%)]	Loss: 0.148373
Train Epoch: 38 [35000/60000 (58%)]	Loss: 0.076253
Train Epoch: 38 [40000/60000 (67%)]	Loss: 0.051754
Train Epoch: 38 [45000/60000 (75%)]	Loss: 0.107782
Train Epoch: 38 [50000/60000 (83%)]	Loss: 0.080194
Train Epoch: 38 [55000/60000 (92%)]	Loss: 0.082569
Train Epoch: 38 [60000/60000 (100%)]	Loss: 0.052561

Average Training loss: 0.0015, Training Error Rate: 8.25% (4951/60000)


Average Test loss: 0.0001, Test Error Rate: 8.29% (829/10000)

Train Epoch: 39 [5000/60000 (8%)]	Loss: 0.047120
Train Epoch: 39 [10000/60000 (17%)]	Loss: 0.072368
Train Epoch: 39 [15000/60000 (25%)]	Loss: 0.087191
Train Epoch: 39 [20000/60000 (33%)]	Loss: 0.112470
Train Epoch: 39 [25000/60000 (42%)]	Loss: 0.085452
Train Epoch: 39 [30000/60000 (50%)]	Loss: 0.092211
Train Epoch: 39 [35000/60000 (58%)]	Loss: 0.093979
Train Epoch: 39 [40000/60000 (67%)]	Loss: 0.059583
Train Epoch: 39 [45000/60000 (75%)]	Loss: 0.070304
Train Epoch: 39 [50000/60000 (83%)]	Loss: 0.057495
Train Epoch: 39 [55000/60000 (92%)]	Loss: 0.119799
Train Epoch: 39 [60000/60000 (100%)]	Loss: 0.140232

Average Training loss: 0.0015, Training Error Rate: 8.27% (4961/60000)


Average Test loss: 0.0001, Test Error Rate: 8.43% (843/10000)

Train Epoch: 40 [5000/60000 (8%)]	Loss: 0.064927
Train Epoch: 40 [10000/60000 (17%)]	Loss: 0.071245
Train Epoch: 40 [15000/60000 (25%)]	Loss: 0.082904
Train Epoch: 40 [20000/60000 (33%)]	Loss: 0.088635
Train Epoch: 40 [25000/60000 (42%)]	Loss: 0.089879
Train Epoch: 40 [30000/60000 (50%)]	Loss: 0.060797
Train Epoch: 40 [35000/60000 (58%)]	Loss: 0.081211
Train Epoch: 40 [40000/60000 (67%)]	Loss: 0.079162
Train Epoch: 40 [45000/60000 (75%)]	Loss: 0.080586
Train Epoch: 40 [50000/60000 (83%)]	Loss: 0.085900
Train Epoch: 40 [55000/60000 (92%)]	Loss: 0.090355
Train Epoch: 40 [60000/60000 (100%)]	Loss: 0.115189

Average Training loss: 0.0015, Training Error Rate: 8.16% (4898/60000)


Average Test loss: 0.0001, Test Error Rate: 8.21% (821/10000)

Train Epoch: 41 [5000/60000 (8%)]	Loss: 0.062669
Train Epoch: 41 [10000/60000 (17%)]	Loss: 0.072496
Train Epoch: 41 [15000/60000 (25%)]	Loss: 0.060064
Train Epoch: 41 [20000/60000 (33%)]	Loss: 0.066095
Train Epoch: 41 [25000/60000 (42%)]	Loss: 0.106618
Train Epoch: 41 [30000/60000 (50%)]	Loss: 0.042687
Train Epoch: 41 [35000/60000 (58%)]	Loss: 0.107016
Train Epoch: 41 [40000/60000 (67%)]	Loss: 0.036573
Train Epoch: 41 [45000/60000 (75%)]	Loss: 0.068338
Train Epoch: 41 [50000/60000 (83%)]	Loss: 0.077402
Train Epoch: 41 [55000/60000 (92%)]	Loss: 0.081058
Train Epoch: 41 [60000/60000 (100%)]	Loss: 0.060485

Average Training loss: 0.0014, Training Error Rate: 8.06% (4837/60000)


Average Test loss: 0.0001, Test Error Rate: 8.08% (808/10000)

Train Epoch: 42 [5000/60000 (8%)]	Loss: 0.050108
Train Epoch: 42 [10000/60000 (17%)]	Loss: 0.060358
Train Epoch: 42 [15000/60000 (25%)]	Loss: 0.080786
Train Epoch: 42 [20000/60000 (33%)]	Loss: 0.087768
Train Epoch: 42 [25000/60000 (42%)]	Loss: 0.075787
Train Epoch: 42 [30000/60000 (50%)]	Loss: 0.109894
Train Epoch: 42 [35000/60000 (58%)]	Loss: 0.068298
Train Epoch: 42 [40000/60000 (67%)]	Loss: 0.120004
Train Epoch: 42 [45000/60000 (75%)]	Loss: 0.107518
Train Epoch: 42 [50000/60000 (83%)]	Loss: 0.048078
Train Epoch: 42 [55000/60000 (92%)]	Loss: 0.058147
Train Epoch: 42 [60000/60000 (100%)]	Loss: 0.053857

Average Training loss: 0.0014, Training Error Rate: 7.85% (4711/60000)


Average Test loss: 0.0001, Test Error Rate: 8.21% (821/10000)

Train Epoch: 43 [5000/60000 (8%)]	Loss: 0.055196
Train Epoch: 43 [10000/60000 (17%)]	Loss: 0.073539
Train Epoch: 43 [15000/60000 (25%)]	Loss: 0.103425
Train Epoch: 43 [20000/60000 (33%)]	Loss: 0.092746
Train Epoch: 43 [25000/60000 (42%)]	Loss: 0.085878
Train Epoch: 43 [30000/60000 (50%)]	Loss: 0.088877
Train Epoch: 43 [35000/60000 (58%)]	Loss: 0.066756
Train Epoch: 43 [40000/60000 (67%)]	Loss: 0.072083
Train Epoch: 43 [45000/60000 (75%)]	Loss: 0.065114
Train Epoch: 43 [50000/60000 (83%)]	Loss: 0.084755
Train Epoch: 43 [55000/60000 (92%)]	Loss: 0.072706
Train Epoch: 43 [60000/60000 (100%)]	Loss: 0.042254

Average Training loss: 0.0014, Training Error Rate: 7.80% (4682/60000)


Average Test loss: 0.0001, Test Error Rate: 7.91% (791/10000)

Train Epoch: 44 [5000/60000 (8%)]	Loss: 0.046871
Train Epoch: 44 [10000/60000 (17%)]	Loss: 0.102107
Train Epoch: 44 [15000/60000 (25%)]	Loss: 0.096626
Train Epoch: 44 [20000/60000 (33%)]	Loss: 0.078358
Train Epoch: 44 [25000/60000 (42%)]	Loss: 0.079488
Train Epoch: 44 [30000/60000 (50%)]	Loss: 0.066861
Train Epoch: 44 [35000/60000 (58%)]	Loss: 0.060894
Train Epoch: 44 [40000/60000 (67%)]	Loss: 0.121770
Train Epoch: 44 [45000/60000 (75%)]	Loss: 0.054701
Train Epoch: 44 [50000/60000 (83%)]	Loss: 0.073520
Train Epoch: 44 [55000/60000 (92%)]	Loss: 0.128246
Train Epoch: 44 [60000/60000 (100%)]	Loss: 0.048118

Average Training loss: 0.0014, Training Error Rate: 7.90% (4739/60000)


Average Test loss: 0.0001, Test Error Rate: 7.82% (782/10000)

Train Epoch: 45 [5000/60000 (8%)]	Loss: 0.074414
Train Epoch: 45 [10000/60000 (17%)]	Loss: 0.074344
Train Epoch: 45 [15000/60000 (25%)]	Loss: 0.029755
Train Epoch: 45 [20000/60000 (33%)]	Loss: 0.081948
Train Epoch: 45 [25000/60000 (42%)]	Loss: 0.056795
Train Epoch: 45 [30000/60000 (50%)]	Loss: 0.107030
Train Epoch: 45 [35000/60000 (58%)]	Loss: 0.034291
Train Epoch: 45 [40000/60000 (67%)]	Loss: 0.074181
Train Epoch: 45 [45000/60000 (75%)]	Loss: 0.088019
Train Epoch: 45 [50000/60000 (83%)]	Loss: 0.052313
Train Epoch: 45 [55000/60000 (92%)]	Loss: 0.090804
Train Epoch: 45 [60000/60000 (100%)]	Loss: 0.032843

Average Training loss: 0.0014, Training Error Rate: 7.88% (4725/60000)


Average Test loss: 0.0001, Test Error Rate: 8.09% (809/10000)

Train Epoch: 46 [5000/60000 (8%)]	Loss: 0.066249
Train Epoch: 46 [10000/60000 (17%)]	Loss: 0.025322
Train Epoch: 46 [15000/60000 (25%)]	Loss: 0.061898
Train Epoch: 46 [20000/60000 (33%)]	Loss: 0.053853
Train Epoch: 46 [25000/60000 (42%)]	Loss: 0.081307
Train Epoch: 46 [30000/60000 (50%)]	Loss: 0.042936
Train Epoch: 46 [35000/60000 (58%)]	Loss: 0.030406
Train Epoch: 46 [40000/60000 (67%)]	Loss: 0.062558
Train Epoch: 46 [45000/60000 (75%)]	Loss: 0.073177
Train Epoch: 46 [50000/60000 (83%)]	Loss: 0.064183
Train Epoch: 46 [55000/60000 (92%)]	Loss: 0.078396
Train Epoch: 46 [60000/60000 (100%)]	Loss: 0.052587

Average Training loss: 0.0014, Training Error Rate: 7.82% (4694/60000)


Average Test loss: 0.0001, Test Error Rate: 7.70% (770/10000)

Train Epoch: 47 [5000/60000 (8%)]	Loss: 0.051510
Train Epoch: 47 [10000/60000 (17%)]	Loss: 0.079792
Train Epoch: 47 [15000/60000 (25%)]	Loss: 0.076387
Train Epoch: 47 [20000/60000 (33%)]	Loss: 0.049749
Train Epoch: 47 [25000/60000 (42%)]	Loss: 0.070657
Train Epoch: 47 [30000/60000 (50%)]	Loss: 0.085523
Train Epoch: 47 [35000/60000 (58%)]	Loss: 0.112550
Train Epoch: 47 [40000/60000 (67%)]	Loss: 0.083886
Train Epoch: 47 [45000/60000 (75%)]	Loss: 0.032128
Train Epoch: 47 [50000/60000 (83%)]	Loss: 0.070185
Train Epoch: 47 [55000/60000 (92%)]	Loss: 0.113587
Train Epoch: 47 [60000/60000 (100%)]	Loss: 0.071833

Average Training loss: 0.0014, Training Error Rate: 8.03% (4819/60000)


Average Test loss: 0.0001, Test Error Rate: 8.31% (831/10000)

Train Epoch: 48 [5000/60000 (8%)]	Loss: 0.043870
Train Epoch: 48 [10000/60000 (17%)]	Loss: 0.082463
Train Epoch: 48 [15000/60000 (25%)]	Loss: 0.053778
Train Epoch: 48 [20000/60000 (33%)]	Loss: 0.055123
Train Epoch: 48 [25000/60000 (42%)]	Loss: 0.110873
Train Epoch: 48 [30000/60000 (50%)]	Loss: 0.122443
Train Epoch: 48 [35000/60000 (58%)]	Loss: 0.036054
Train Epoch: 48 [40000/60000 (67%)]	Loss: 0.066129
Train Epoch: 48 [45000/60000 (75%)]	Loss: 0.099436
Train Epoch: 48 [50000/60000 (83%)]	Loss: 0.079847
Train Epoch: 48 [55000/60000 (92%)]	Loss: 0.043774
Train Epoch: 48 [60000/60000 (100%)]	Loss: 0.102899

Average Training loss: 0.0014, Training Error Rate: 7.91% (4743/60000)


Average Test loss: 0.0001, Test Error Rate: 8.20% (820/10000)

Train Epoch: 49 [5000/60000 (8%)]	Loss: 0.095030
Train Epoch: 49 [10000/60000 (17%)]	Loss: 0.088487
Train Epoch: 49 [15000/60000 (25%)]	Loss: 0.037734
Train Epoch: 49 [20000/60000 (33%)]	Loss: 0.068169
Train Epoch: 49 [25000/60000 (42%)]	Loss: 0.088869
Train Epoch: 49 [30000/60000 (50%)]	Loss: 0.079242
Train Epoch: 49 [35000/60000 (58%)]	Loss: 0.030739
Train Epoch: 49 [40000/60000 (67%)]	Loss: 0.040716
Train Epoch: 49 [45000/60000 (75%)]	Loss: 0.042627
Train Epoch: 49 [50000/60000 (83%)]	Loss: 0.033070
Train Epoch: 49 [55000/60000 (92%)]	Loss: 0.073014
Train Epoch: 49 [60000/60000 (100%)]	Loss: 0.058612

Average Training loss: 0.0014, Training Error Rate: 7.73% (4638/60000)


Average Test loss: 0.0001, Test Error Rate: 7.93% (793/10000)

Train Epoch: 50 [5000/60000 (8%)]	Loss: 0.090014
Train Epoch: 50 [10000/60000 (17%)]	Loss: 0.079029
Train Epoch: 50 [15000/60000 (25%)]	Loss: 0.151309
Train Epoch: 50 [20000/60000 (33%)]	Loss: 0.051613
Train Epoch: 50 [25000/60000 (42%)]	Loss: 0.026124
Train Epoch: 50 [30000/60000 (50%)]	Loss: 0.043359
Train Epoch: 50 [35000/60000 (58%)]	Loss: 0.056400
Train Epoch: 50 [40000/60000 (67%)]	Loss: 0.104569
Train Epoch: 50 [45000/60000 (75%)]	Loss: 0.107008
Train Epoch: 50 [50000/60000 (83%)]	Loss: 0.056187
Train Epoch: 50 [55000/60000 (92%)]	Loss: 0.073817
Train Epoch: 50 [60000/60000 (100%)]	Loss: 0.129795

Average Training loss: 0.0013, Training Error Rate: 7.45% (4468/60000)


Average Test loss: 0.0001, Test Error Rate: 7.51% (751/10000)

Train Epoch: 51 [5000/60000 (8%)]	Loss: 0.084741
Train Epoch: 51 [10000/60000 (17%)]	Loss: 0.089456
Train Epoch: 51 [15000/60000 (25%)]	Loss: 0.076529
Train Epoch: 51 [20000/60000 (33%)]	Loss: 0.051278
Train Epoch: 51 [25000/60000 (42%)]	Loss: 0.071946
Train Epoch: 51 [30000/60000 (50%)]	Loss: 0.052914
Train Epoch: 51 [35000/60000 (58%)]	Loss: 0.057982
Train Epoch: 51 [40000/60000 (67%)]	Loss: 0.085831
Train Epoch: 51 [45000/60000 (75%)]	Loss: 0.095589
Train Epoch: 51 [50000/60000 (83%)]	Loss: 0.058433
Train Epoch: 51 [55000/60000 (92%)]	Loss: 0.070577
Train Epoch: 51 [60000/60000 (100%)]	Loss: 0.024843

Average Training loss: 0.0014, Training Error Rate: 7.51% (4507/60000)


Average Test loss: 0.0001, Test Error Rate: 7.40% (740/10000)

Train Epoch: 52 [5000/60000 (8%)]	Loss: 0.115387
Train Epoch: 52 [10000/60000 (17%)]	Loss: 0.100542
Train Epoch: 52 [15000/60000 (25%)]	Loss: 0.055823
Train Epoch: 52 [20000/60000 (33%)]	Loss: 0.068306
Train Epoch: 52 [25000/60000 (42%)]	Loss: 0.055185
Train Epoch: 52 [30000/60000 (50%)]	Loss: 0.114316
Train Epoch: 52 [35000/60000 (58%)]	Loss: 0.030104
Train Epoch: 52 [40000/60000 (67%)]	Loss: 0.088463
Train Epoch: 52 [45000/60000 (75%)]	Loss: 0.073291
Train Epoch: 52 [50000/60000 (83%)]	Loss: 0.063061
Train Epoch: 52 [55000/60000 (92%)]	Loss: 0.080047
Train Epoch: 52 [60000/60000 (100%)]	Loss: 0.043260

Average Training loss: 0.0014, Training Error Rate: 7.95% (4769/60000)


Average Test loss: 0.0001, Test Error Rate: 8.04% (804/10000)

Train Epoch: 53 [5000/60000 (8%)]	Loss: 0.047832
Train Epoch: 53 [10000/60000 (17%)]	Loss: 0.066433
Train Epoch: 53 [15000/60000 (25%)]	Loss: 0.070124
Train Epoch: 53 [20000/60000 (33%)]	Loss: 0.047422
Train Epoch: 53 [25000/60000 (42%)]	Loss: 0.068846
Train Epoch: 53 [30000/60000 (50%)]	Loss: 0.016490
Train Epoch: 53 [35000/60000 (58%)]	Loss: 0.032784
Train Epoch: 53 [40000/60000 (67%)]	Loss: 0.037683
Train Epoch: 53 [45000/60000 (75%)]	Loss: 0.088008
Train Epoch: 53 [50000/60000 (83%)]	Loss: 0.102170
Train Epoch: 53 [55000/60000 (92%)]	Loss: 0.053992
Train Epoch: 53 [60000/60000 (100%)]	Loss: 0.080307

Average Training loss: 0.0014, Training Error Rate: 7.58% (4548/60000)


Average Test loss: 0.0001, Test Error Rate: 7.51% (751/10000)

Train Epoch: 54 [5000/60000 (8%)]	Loss: 0.050174
Train Epoch: 54 [10000/60000 (17%)]	Loss: 0.107705
Train Epoch: 54 [15000/60000 (25%)]	Loss: 0.007950
Train Epoch: 54 [20000/60000 (33%)]	Loss: 0.038074
Train Epoch: 54 [25000/60000 (42%)]	Loss: 0.088170
Train Epoch: 54 [30000/60000 (50%)]	Loss: 0.054557
Train Epoch: 54 [35000/60000 (58%)]	Loss: 0.049110
Train Epoch: 54 [40000/60000 (67%)]	Loss: 0.071313
Train Epoch: 54 [45000/60000 (75%)]	Loss: 0.064192
Train Epoch: 54 [50000/60000 (83%)]	Loss: 0.029681
Train Epoch: 54 [55000/60000 (92%)]	Loss: 0.050975
Train Epoch: 54 [60000/60000 (100%)]	Loss: 0.035106

Average Training loss: 0.0013, Training Error Rate: 7.20% (4318/60000)


Average Test loss: 0.0001, Test Error Rate: 7.77% (777/10000)

Train Epoch: 55 [5000/60000 (8%)]	Loss: 0.096371
Train Epoch: 55 [10000/60000 (17%)]	Loss: 0.029419
Train Epoch: 55 [15000/60000 (25%)]	Loss: 0.071764
Train Epoch: 55 [20000/60000 (33%)]	Loss: 0.038613
Train Epoch: 55 [25000/60000 (42%)]	Loss: 0.035030
Train Epoch: 55 [30000/60000 (50%)]	Loss: 0.081274
Train Epoch: 55 [35000/60000 (58%)]	Loss: 0.085608
Train Epoch: 55 [40000/60000 (67%)]	Loss: 0.056940
Train Epoch: 55 [45000/60000 (75%)]	Loss: 0.068319
Train Epoch: 55 [50000/60000 (83%)]	Loss: 0.067246
Train Epoch: 55 [55000/60000 (92%)]	Loss: 0.053251
Train Epoch: 55 [60000/60000 (100%)]	Loss: 0.094892

Average Training loss: 0.0013, Training Error Rate: 7.36% (4414/60000)


Average Test loss: 0.0001, Test Error Rate: 7.62% (762/10000)

Train Epoch: 56 [5000/60000 (8%)]	Loss: 0.019856
Train Epoch: 56 [10000/60000 (17%)]	Loss: 0.056235
Train Epoch: 56 [15000/60000 (25%)]	Loss: 0.061255
Train Epoch: 56 [20000/60000 (33%)]	Loss: 0.056095
Train Epoch: 56 [25000/60000 (42%)]	Loss: 0.026224
Train Epoch: 56 [30000/60000 (50%)]	Loss: 0.061593
Train Epoch: 56 [35000/60000 (58%)]	Loss: 0.059491
Train Epoch: 56 [40000/60000 (67%)]	Loss: 0.086874
Train Epoch: 56 [45000/60000 (75%)]	Loss: 0.053137
Train Epoch: 56 [50000/60000 (83%)]	Loss: 0.088089
Train Epoch: 56 [55000/60000 (92%)]	Loss: 0.037498
Train Epoch: 56 [60000/60000 (100%)]	Loss: 0.076274

Average Training loss: 0.0013, Training Error Rate: 7.22% (4330/60000)


Average Test loss: 0.0001, Test Error Rate: 7.52% (752/10000)

Train Epoch: 57 [5000/60000 (8%)]	Loss: 0.063125
Train Epoch: 57 [10000/60000 (17%)]	Loss: 0.060958
Train Epoch: 57 [15000/60000 (25%)]	Loss: 0.078683
Train Epoch: 57 [20000/60000 (33%)]	Loss: 0.051920
Train Epoch: 57 [25000/60000 (42%)]	Loss: 0.053810
Train Epoch: 57 [30000/60000 (50%)]	Loss: 0.075143
Train Epoch: 57 [35000/60000 (58%)]	Loss: 0.114462
Train Epoch: 57 [40000/60000 (67%)]	Loss: 0.081498
Train Epoch: 57 [45000/60000 (75%)]	Loss: 0.089221
Train Epoch: 57 [50000/60000 (83%)]	Loss: 0.045307
Train Epoch: 57 [55000/60000 (92%)]	Loss: 0.030235
Train Epoch: 57 [60000/60000 (100%)]	Loss: 0.110267

Average Training loss: 0.0013, Training Error Rate: 7.40% (4441/60000)


Average Test loss: 0.0001, Test Error Rate: 7.56% (756/10000)

Train Epoch: 58 [5000/60000 (8%)]	Loss: 0.050869
Train Epoch: 58 [10000/60000 (17%)]	Loss: 0.062720
Train Epoch: 58 [15000/60000 (25%)]	Loss: 0.041347
Train Epoch: 58 [20000/60000 (33%)]	Loss: 0.083521
Train Epoch: 58 [25000/60000 (42%)]	Loss: 0.064959
Train Epoch: 58 [30000/60000 (50%)]	Loss: 0.059797
Train Epoch: 58 [35000/60000 (58%)]	Loss: 0.053721
Train Epoch: 58 [40000/60000 (67%)]	Loss: 0.071051
Train Epoch: 58 [45000/60000 (75%)]	Loss: 0.079415
Train Epoch: 58 [50000/60000 (83%)]	Loss: 0.080532
Train Epoch: 58 [55000/60000 (92%)]	Loss: 0.051660
Train Epoch: 58 [60000/60000 (100%)]	Loss: 0.077028

Average Training loss: 0.0013, Training Error Rate: 7.19% (4313/60000)


Average Test loss: 0.0001, Test Error Rate: 7.34% (734/10000)

Train Epoch: 59 [5000/60000 (8%)]	Loss: 0.073705
Train Epoch: 59 [10000/60000 (17%)]	Loss: 0.071780
Train Epoch: 59 [15000/60000 (25%)]	Loss: 0.097791
Train Epoch: 59 [20000/60000 (33%)]	Loss: 0.058816
Train Epoch: 59 [25000/60000 (42%)]	Loss: 0.063809
Train Epoch: 59 [30000/60000 (50%)]	Loss: 0.074511
Train Epoch: 59 [35000/60000 (58%)]	Loss: 0.033090
Train Epoch: 59 [40000/60000 (67%)]	Loss: 0.091395
Train Epoch: 59 [45000/60000 (75%)]	Loss: 0.051095
Train Epoch: 59 [50000/60000 (83%)]	Loss: 0.036486
Train Epoch: 59 [55000/60000 (92%)]	Loss: 0.026050
Train Epoch: 59 [60000/60000 (100%)]	Loss: 0.033703

Average Training loss: 0.0013, Training Error Rate: 6.98% (4189/60000)


Average Test loss: 0.0001, Test Error Rate: 7.10% (710/10000)

Train Epoch: 60 [5000/60000 (8%)]	Loss: 0.048161
Train Epoch: 60 [10000/60000 (17%)]	Loss: 0.053817
Train Epoch: 60 [15000/60000 (25%)]	Loss: 0.048314
Train Epoch: 60 [20000/60000 (33%)]	Loss: 0.063523
Train Epoch: 60 [25000/60000 (42%)]	Loss: 0.043615
Train Epoch: 60 [30000/60000 (50%)]	Loss: 0.058966
Train Epoch: 60 [35000/60000 (58%)]	Loss: 0.042277
Train Epoch: 60 [40000/60000 (67%)]	Loss: 0.040159
Train Epoch: 60 [45000/60000 (75%)]	Loss: 0.074567
Train Epoch: 60 [50000/60000 (83%)]	Loss: 0.052426
Train Epoch: 60 [55000/60000 (92%)]	Loss: 0.039941
Train Epoch: 60 [60000/60000 (100%)]	Loss: 0.067859

Average Training loss: 0.0013, Training Error Rate: 7.01% (4208/60000)


Average Test loss: 0.0001, Test Error Rate: 7.25% (725/10000)

Train Epoch: 61 [5000/60000 (8%)]	Loss: 0.071336
Train Epoch: 61 [10000/60000 (17%)]	Loss: 0.050314
Train Epoch: 61 [15000/60000 (25%)]	Loss: 0.032585
Train Epoch: 61 [20000/60000 (33%)]	Loss: 0.023217
Train Epoch: 61 [25000/60000 (42%)]	Loss: 0.064938
Train Epoch: 61 [30000/60000 (50%)]	Loss: 0.028259
Train Epoch: 61 [35000/60000 (58%)]	Loss: 0.031263
Train Epoch: 61 [40000/60000 (67%)]	Loss: 0.046360
Train Epoch: 61 [45000/60000 (75%)]	Loss: 0.103930
Train Epoch: 61 [50000/60000 (83%)]	Loss: 0.047468
Train Epoch: 61 [55000/60000 (92%)]	Loss: 0.070288
Train Epoch: 61 [60000/60000 (100%)]	Loss: 0.065747

Average Training loss: 0.0013, Training Error Rate: 7.11% (4266/60000)


Average Test loss: 0.0001, Test Error Rate: 7.65% (765/10000)

Train Epoch: 62 [5000/60000 (8%)]	Loss: 0.061947
Train Epoch: 62 [10000/60000 (17%)]	Loss: 0.047802
Train Epoch: 62 [15000/60000 (25%)]	Loss: 0.059912
Train Epoch: 62 [20000/60000 (33%)]	Loss: 0.098078
Train Epoch: 62 [25000/60000 (42%)]	Loss: 0.071780
Train Epoch: 62 [30000/60000 (50%)]	Loss: 0.043575
Train Epoch: 62 [35000/60000 (58%)]	Loss: 0.036917
Train Epoch: 62 [40000/60000 (67%)]	Loss: 0.037562
Train Epoch: 62 [45000/60000 (75%)]	Loss: 0.083027
Train Epoch: 62 [50000/60000 (83%)]	Loss: 0.058891
Train Epoch: 62 [55000/60000 (92%)]	Loss: 0.082884
Train Epoch: 62 [60000/60000 (100%)]	Loss: 0.084147

Average Training loss: 0.0013, Training Error Rate: 7.22% (4334/60000)


Average Test loss: 0.0001, Test Error Rate: 7.97% (797/10000)

Train Epoch: 63 [5000/60000 (8%)]	Loss: 0.081542
Train Epoch: 63 [10000/60000 (17%)]	Loss: 0.036104
Train Epoch: 63 [15000/60000 (25%)]	Loss: 0.034763
Train Epoch: 63 [20000/60000 (33%)]	Loss: 0.102880
Train Epoch: 63 [25000/60000 (42%)]	Loss: 0.040300
Train Epoch: 63 [30000/60000 (50%)]	Loss: 0.062801
Train Epoch: 63 [35000/60000 (58%)]	Loss: 0.075383
Train Epoch: 63 [40000/60000 (67%)]	Loss: 0.093826
Train Epoch: 63 [45000/60000 (75%)]	Loss: 0.048841
Train Epoch: 63 [50000/60000 (83%)]	Loss: 0.042642
Train Epoch: 63 [55000/60000 (92%)]	Loss: 0.075276
Train Epoch: 63 [60000/60000 (100%)]	Loss: 0.043859

Average Training loss: 0.0013, Training Error Rate: 7.19% (4316/60000)


Average Test loss: 0.0001, Test Error Rate: 7.46% (746/10000)

Train Epoch: 64 [5000/60000 (8%)]	Loss: 0.027940
Train Epoch: 64 [10000/60000 (17%)]	Loss: 0.102549
Train Epoch: 64 [15000/60000 (25%)]	Loss: 0.087509
Train Epoch: 64 [20000/60000 (33%)]	Loss: 0.034239
Train Epoch: 64 [25000/60000 (42%)]	Loss: 0.070279
Train Epoch: 64 [30000/60000 (50%)]	Loss: 0.077352
Train Epoch: 64 [35000/60000 (58%)]	Loss: 0.071514
Train Epoch: 64 [40000/60000 (67%)]	Loss: 0.062553
Train Epoch: 64 [45000/60000 (75%)]	Loss: 0.019677
Train Epoch: 64 [50000/60000 (83%)]	Loss: 0.075166
Train Epoch: 64 [55000/60000 (92%)]	Loss: 0.068161
Train Epoch: 64 [60000/60000 (100%)]	Loss: 0.038676

Average Training loss: 0.0013, Training Error Rate: 7.05% (4230/60000)


Average Test loss: 0.0001, Test Error Rate: 7.27% (727/10000)

Train Epoch: 65 [5000/60000 (8%)]	Loss: 0.077848
Train Epoch: 65 [10000/60000 (17%)]	Loss: 0.092442
Train Epoch: 65 [15000/60000 (25%)]	Loss: 0.078333
Train Epoch: 65 [20000/60000 (33%)]	Loss: 0.089527
Train Epoch: 65 [25000/60000 (42%)]	Loss: 0.116019
Train Epoch: 65 [30000/60000 (50%)]	Loss: 0.054643
Train Epoch: 65 [35000/60000 (58%)]	Loss: 0.088105
Train Epoch: 65 [40000/60000 (67%)]	Loss: 0.019027
Train Epoch: 65 [45000/60000 (75%)]	Loss: 0.041039
Train Epoch: 65 [50000/60000 (83%)]	Loss: 0.119333
Train Epoch: 65 [55000/60000 (92%)]	Loss: 0.073404
Train Epoch: 65 [60000/60000 (100%)]	Loss: 0.106905

Average Training loss: 0.0013, Training Error Rate: 7.17% (4304/60000)


Average Test loss: 0.0001, Test Error Rate: 7.68% (768/10000)

Train Epoch: 66 [5000/60000 (8%)]	Loss: 0.029862
Train Epoch: 66 [10000/60000 (17%)]	Loss: 0.096273
Train Epoch: 66 [15000/60000 (25%)]	Loss: 0.063726
Train Epoch: 66 [20000/60000 (33%)]	Loss: 0.049549
Train Epoch: 66 [25000/60000 (42%)]	Loss: 0.052500
Train Epoch: 66 [30000/60000 (50%)]	Loss: 0.054035
Train Epoch: 66 [35000/60000 (58%)]	Loss: 0.101287
Train Epoch: 66 [40000/60000 (67%)]	Loss: 0.047428
Train Epoch: 66 [45000/60000 (75%)]	Loss: 0.025716
Train Epoch: 66 [50000/60000 (83%)]	Loss: 0.059142
Train Epoch: 66 [55000/60000 (92%)]	Loss: 0.064312
Train Epoch: 66 [60000/60000 (100%)]	Loss: 0.081636

Average Training loss: 0.0013, Training Error Rate: 7.29% (4372/60000)


Average Test loss: 0.0001, Test Error Rate: 7.68% (768/10000)

Train Epoch: 67 [5000/60000 (8%)]	Loss: 0.047607
Train Epoch: 67 [10000/60000 (17%)]	Loss: 0.061348
Train Epoch: 67 [15000/60000 (25%)]	Loss: 0.061633
Train Epoch: 67 [20000/60000 (33%)]	Loss: 0.085793
Train Epoch: 67 [25000/60000 (42%)]	Loss: 0.119329
Train Epoch: 67 [30000/60000 (50%)]	Loss: 0.088976
Train Epoch: 67 [35000/60000 (58%)]	Loss: 0.048518
Train Epoch: 67 [40000/60000 (67%)]	Loss: 0.048892
Train Epoch: 67 [45000/60000 (75%)]	Loss: 0.056638
Train Epoch: 67 [50000/60000 (83%)]	Loss: 0.093299
Train Epoch: 67 [55000/60000 (92%)]	Loss: 0.038764
Train Epoch: 67 [60000/60000 (100%)]	Loss: 0.079903

Average Training loss: 0.0013, Training Error Rate: 7.30% (4378/60000)


Average Test loss: 0.0001, Test Error Rate: 7.73% (773/10000)

Train Epoch: 68 [5000/60000 (8%)]	Loss: 0.120067
Train Epoch: 68 [10000/60000 (17%)]	Loss: 0.052657
Train Epoch: 68 [15000/60000 (25%)]	Loss: 0.071657
Train Epoch: 68 [20000/60000 (33%)]	Loss: 0.063766
Train Epoch: 68 [25000/60000 (42%)]	Loss: 0.027858
Train Epoch: 68 [30000/60000 (50%)]	Loss: 0.049684
Train Epoch: 68 [35000/60000 (58%)]	Loss: 0.037790
Train Epoch: 68 [40000/60000 (67%)]	Loss: 0.049371
Train Epoch: 68 [45000/60000 (75%)]	Loss: 0.051458
Train Epoch: 68 [50000/60000 (83%)]	Loss: 0.051282
Train Epoch: 68 [55000/60000 (92%)]	Loss: 0.067180
Train Epoch: 68 [60000/60000 (100%)]	Loss: 0.113991

Average Training loss: 0.0013, Training Error Rate: 7.14% (4282/60000)


Average Test loss: 0.0001, Test Error Rate: 7.10% (710/10000)

Train Epoch: 69 [5000/60000 (8%)]	Loss: 0.062562
Train Epoch: 69 [10000/60000 (17%)]	Loss: 0.049250
Train Epoch: 69 [15000/60000 (25%)]	Loss: 0.098138
Train Epoch: 69 [20000/60000 (33%)]	Loss: 0.060410
Train Epoch: 69 [25000/60000 (42%)]	Loss: 0.089166
Train Epoch: 69 [30000/60000 (50%)]	Loss: 0.062470
Train Epoch: 69 [35000/60000 (58%)]	Loss: 0.058048
Train Epoch: 69 [40000/60000 (67%)]	Loss: 0.010304
Train Epoch: 69 [45000/60000 (75%)]	Loss: 0.004966
Train Epoch: 69 [50000/60000 (83%)]	Loss: 0.073498
Train Epoch: 69 [55000/60000 (92%)]	Loss: 0.042490
Train Epoch: 69 [60000/60000 (100%)]	Loss: 0.037435

Average Training loss: 0.0013, Training Error Rate: 6.94% (4164/60000)


Average Test loss: 0.0001, Test Error Rate: 7.20% (720/10000)

Train Epoch: 70 [5000/60000 (8%)]	Loss: 0.140303
Train Epoch: 70 [10000/60000 (17%)]	Loss: 0.037204
Train Epoch: 70 [15000/60000 (25%)]	Loss: 0.090842
Train Epoch: 70 [20000/60000 (33%)]	Loss: 0.058497
Train Epoch: 70 [25000/60000 (42%)]	Loss: 0.081199
Train Epoch: 70 [30000/60000 (50%)]	Loss: 0.078835
Train Epoch: 70 [35000/60000 (58%)]	Loss: 0.063132
Train Epoch: 70 [40000/60000 (67%)]	Loss: 0.070537
Train Epoch: 70 [45000/60000 (75%)]	Loss: 0.078545
Train Epoch: 70 [50000/60000 (83%)]	Loss: 0.077854
Train Epoch: 70 [55000/60000 (92%)]	Loss: 0.031688
Train Epoch: 70 [60000/60000 (100%)]	Loss: 0.039291

Average Training loss: 0.0013, Training Error Rate: 7.01% (4208/60000)


Average Test loss: 0.0001, Test Error Rate: 7.27% (727/10000)

Train Epoch: 71 [5000/60000 (8%)]	Loss: 0.083567
Train Epoch: 71 [10000/60000 (17%)]	Loss: 0.046860
Train Epoch: 71 [15000/60000 (25%)]	Loss: 0.030099
Train Epoch: 71 [20000/60000 (33%)]	Loss: 0.021702
Train Epoch: 71 [25000/60000 (42%)]	Loss: 0.052773
Train Epoch: 71 [30000/60000 (50%)]	Loss: 0.057850
Train Epoch: 71 [35000/60000 (58%)]	Loss: 0.056728
Train Epoch: 71 [40000/60000 (67%)]	Loss: 0.070621
Train Epoch: 71 [45000/60000 (75%)]	Loss: 0.055641
Train Epoch: 71 [50000/60000 (83%)]	Loss: 0.030652
Train Epoch: 71 [55000/60000 (92%)]	Loss: 0.043718
Train Epoch: 71 [60000/60000 (100%)]	Loss: 0.035145

Average Training loss: 0.0013, Training Error Rate: 7.06% (4238/60000)


Average Test loss: 0.0001, Test Error Rate: 7.45% (745/10000)

Train Epoch: 72 [5000/60000 (8%)]	Loss: 0.010574
Train Epoch: 72 [10000/60000 (17%)]	Loss: 0.032508
Train Epoch: 72 [15000/60000 (25%)]	Loss: 0.090654
Train Epoch: 72 [20000/60000 (33%)]	Loss: 0.041114
Train Epoch: 72 [25000/60000 (42%)]	Loss: 0.085655
Train Epoch: 72 [30000/60000 (50%)]	Loss: 0.084138
Train Epoch: 72 [35000/60000 (58%)]	Loss: 0.042123
Train Epoch: 72 [40000/60000 (67%)]	Loss: 0.048559
Train Epoch: 72 [45000/60000 (75%)]	Loss: 0.105400
Train Epoch: 72 [50000/60000 (83%)]	Loss: 0.107921
Train Epoch: 72 [55000/60000 (92%)]	Loss: 0.055156
Train Epoch: 72 [60000/60000 (100%)]	Loss: 0.050755

Average Training loss: 0.0013, Training Error Rate: 7.28% (4365/60000)


Average Test loss: 0.0001, Test Error Rate: 7.57% (757/10000)

Train Epoch: 73 [5000/60000 (8%)]	Loss: 0.099819
Train Epoch: 73 [10000/60000 (17%)]	Loss: 0.046931
Train Epoch: 73 [15000/60000 (25%)]	Loss: 0.023406
Train Epoch: 73 [20000/60000 (33%)]	Loss: 0.069692
Train Epoch: 73 [25000/60000 (42%)]	Loss: 0.083099
Train Epoch: 73 [30000/60000 (50%)]	Loss: 0.104374
Train Epoch: 73 [35000/60000 (58%)]	Loss: 0.020476
Train Epoch: 73 [40000/60000 (67%)]	Loss: 0.047540
Train Epoch: 73 [45000/60000 (75%)]	Loss: 0.040942
Train Epoch: 73 [50000/60000 (83%)]	Loss: 0.083024
Train Epoch: 73 [55000/60000 (92%)]	Loss: 0.054360
Train Epoch: 73 [60000/60000 (100%)]	Loss: 0.078160

Average Training loss: 0.0013, Training Error Rate: 7.06% (4234/60000)


Average Test loss: 0.0001, Test Error Rate: 7.42% (742/10000)

Train Epoch: 74 [5000/60000 (8%)]	Loss: 0.092453
Train Epoch: 74 [10000/60000 (17%)]	Loss: 0.037328
Train Epoch: 74 [15000/60000 (25%)]	Loss: 0.053892
Train Epoch: 74 [20000/60000 (33%)]	Loss: 0.145918
Train Epoch: 74 [25000/60000 (42%)]	Loss: 0.069433
Train Epoch: 74 [30000/60000 (50%)]	Loss: 0.064773
Train Epoch: 74 [35000/60000 (58%)]	Loss: 0.081907
Train Epoch: 74 [40000/60000 (67%)]	Loss: 0.074746
Train Epoch: 74 [45000/60000 (75%)]	Loss: 0.035387
Train Epoch: 74 [50000/60000 (83%)]	Loss: 0.023421
Train Epoch: 74 [55000/60000 (92%)]	Loss: 0.087530
Train Epoch: 74 [60000/60000 (100%)]	Loss: 0.055156

Average Training loss: 0.0013, Training Error Rate: 7.04% (4221/60000)


Average Test loss: 0.0001, Test Error Rate: 7.03% (703/10000)

Train Epoch: 75 [5000/60000 (8%)]	Loss: 0.057620
Train Epoch: 75 [10000/60000 (17%)]	Loss: 0.094424
Train Epoch: 75 [15000/60000 (25%)]	Loss: 0.137084
Train Epoch: 75 [20000/60000 (33%)]	Loss: 0.041105
Train Epoch: 75 [25000/60000 (42%)]	Loss: 0.055649
Train Epoch: 75 [30000/60000 (50%)]	Loss: 0.068926
Train Epoch: 75 [35000/60000 (58%)]	Loss: 0.057944
Train Epoch: 75 [40000/60000 (67%)]	Loss: 0.057276
Train Epoch: 75 [45000/60000 (75%)]	Loss: 0.030372
Train Epoch: 75 [50000/60000 (83%)]	Loss: 0.059171
Train Epoch: 75 [55000/60000 (92%)]	Loss: 0.050631
Train Epoch: 75 [60000/60000 (100%)]	Loss: 0.039225

Average Training loss: 0.0013, Training Error Rate: 7.25% (4347/60000)


Average Test loss: 0.0001, Test Error Rate: 7.67% (767/10000)

Train Epoch: 76 [5000/60000 (8%)]	Loss: 0.070742
Train Epoch: 76 [10000/60000 (17%)]	Loss: 0.046849
Train Epoch: 76 [15000/60000 (25%)]	Loss: 0.061721
Train Epoch: 76 [20000/60000 (33%)]	Loss: 0.043160
Train Epoch: 76 [25000/60000 (42%)]	Loss: 0.040054
Train Epoch: 76 [30000/60000 (50%)]	Loss: 0.099739
Train Epoch: 76 [35000/60000 (58%)]	Loss: 0.044659
Train Epoch: 76 [40000/60000 (67%)]	Loss: 0.054019
Train Epoch: 76 [45000/60000 (75%)]	Loss: 0.054502
Train Epoch: 76 [50000/60000 (83%)]	Loss: 0.048334
Train Epoch: 76 [55000/60000 (92%)]	Loss: 0.065960
Train Epoch: 76 [60000/60000 (100%)]	Loss: 0.068768

Average Training loss: 0.0014, Training Error Rate: 7.41% (4446/60000)


Average Test loss: 0.0001, Test Error Rate: 7.22% (722/10000)

Train Epoch: 77 [5000/60000 (8%)]	Loss: 0.037168
Train Epoch: 77 [10000/60000 (17%)]	Loss: 0.044365
Train Epoch: 77 [15000/60000 (25%)]	Loss: 0.040046
Train Epoch: 77 [20000/60000 (33%)]	Loss: 0.054956
Train Epoch: 77 [25000/60000 (42%)]	Loss: 0.046716
Train Epoch: 77 [30000/60000 (50%)]	Loss: 0.035599
Train Epoch: 77 [35000/60000 (58%)]	Loss: 0.094324
Train Epoch: 77 [40000/60000 (67%)]	Loss: 0.150521
Train Epoch: 77 [45000/60000 (75%)]	Loss: 0.031877
Train Epoch: 77 [50000/60000 (83%)]	Loss: 0.048911
Train Epoch: 77 [55000/60000 (92%)]	Loss: 0.092949
Train Epoch: 77 [60000/60000 (100%)]	Loss: 0.083371

Average Training loss: 0.0012, Training Error Rate: 6.81% (4087/60000)


Average Test loss: 0.0001, Test Error Rate: 6.81% (681/10000)

Train Epoch: 78 [5000/60000 (8%)]	Loss: 0.054993
Train Epoch: 78 [10000/60000 (17%)]	Loss: 0.054416
Train Epoch: 78 [15000/60000 (25%)]	Loss: 0.052094
Train Epoch: 78 [20000/60000 (33%)]	Loss: 0.073311
Train Epoch: 78 [25000/60000 (42%)]	Loss: 0.086783
Train Epoch: 78 [30000/60000 (50%)]	Loss: 0.075285
Train Epoch: 78 [35000/60000 (58%)]	Loss: 0.025933
Train Epoch: 78 [40000/60000 (67%)]	Loss: 0.060610
Train Epoch: 78 [45000/60000 (75%)]	Loss: 0.068437
Train Epoch: 78 [50000/60000 (83%)]	Loss: 0.054830
Train Epoch: 78 [55000/60000 (92%)]	Loss: 0.055369
Train Epoch: 78 [60000/60000 (100%)]	Loss: 0.059945

Average Training loss: 0.0013, Training Error Rate: 6.91% (4147/60000)


Average Test loss: 0.0001, Test Error Rate: 7.50% (750/10000)

Train Epoch: 79 [5000/60000 (8%)]	Loss: 0.074302
Train Epoch: 79 [10000/60000 (17%)]	Loss: 0.062248
Train Epoch: 79 [15000/60000 (25%)]	Loss: 0.095371
Train Epoch: 79 [20000/60000 (33%)]	Loss: 0.051263
Train Epoch: 79 [25000/60000 (42%)]	Loss: 0.036825
Train Epoch: 79 [30000/60000 (50%)]	Loss: 0.076864
Train Epoch: 79 [35000/60000 (58%)]	Loss: 0.091172
Train Epoch: 79 [40000/60000 (67%)]	Loss: 0.037601
Train Epoch: 79 [45000/60000 (75%)]	Loss: 0.063928
Train Epoch: 79 [50000/60000 (83%)]	Loss: 0.085852
Train Epoch: 79 [55000/60000 (92%)]	Loss: 0.078564
Train Epoch: 79 [60000/60000 (100%)]	Loss: 0.076678

Average Training loss: 0.0013, Training Error Rate: 6.95% (4170/60000)


Average Test loss: 0.0001, Test Error Rate: 7.15% (715/10000)

Train Epoch: 80 [5000/60000 (8%)]	Loss: 0.055855
Train Epoch: 80 [10000/60000 (17%)]	Loss: 0.034978
Train Epoch: 80 [15000/60000 (25%)]	Loss: 0.037301
Train Epoch: 80 [20000/60000 (33%)]	Loss: 0.080759
Train Epoch: 80 [25000/60000 (42%)]	Loss: 0.064421
Train Epoch: 80 [30000/60000 (50%)]	Loss: 0.024238
Train Epoch: 80 [35000/60000 (58%)]	Loss: 0.060862
Train Epoch: 80 [40000/60000 (67%)]	Loss: 0.047958
Train Epoch: 80 [45000/60000 (75%)]	Loss: 0.039802
Train Epoch: 80 [50000/60000 (83%)]	Loss: 0.039439
Train Epoch: 80 [55000/60000 (92%)]	Loss: 0.073314
Train Epoch: 80 [60000/60000 (100%)]	Loss: 0.051579

Average Training loss: 0.0013, Training Error Rate: 6.99% (4193/60000)


Average Test loss: 0.0001, Test Error Rate: 7.28% (728/10000)

Train Epoch: 81 [5000/60000 (8%)]	Loss: 0.073956
Train Epoch: 81 [10000/60000 (17%)]	Loss: 0.027166
Train Epoch: 81 [15000/60000 (25%)]	Loss: 0.066670
Train Epoch: 81 [20000/60000 (33%)]	Loss: 0.027712
Train Epoch: 81 [25000/60000 (42%)]	Loss: 0.057795
Train Epoch: 81 [30000/60000 (50%)]	Loss: 0.046172
Train Epoch: 81 [35000/60000 (58%)]	Loss: 0.072218
Train Epoch: 81 [40000/60000 (67%)]	Loss: 0.070702
Train Epoch: 81 [45000/60000 (75%)]	Loss: 0.067643
Train Epoch: 81 [50000/60000 (83%)]	Loss: 0.094031
Train Epoch: 81 [55000/60000 (92%)]	Loss: 0.043702
Train Epoch: 81 [60000/60000 (100%)]	Loss: 0.058970

Average Training loss: 0.0013, Training Error Rate: 6.81% (4088/60000)


Average Test loss: 0.0001, Test Error Rate: 7.11% (711/10000)

Train Epoch: 82 [5000/60000 (8%)]	Loss: 0.047410
Train Epoch: 82 [10000/60000 (17%)]	Loss: 0.054252
Train Epoch: 82 [15000/60000 (25%)]	Loss: 0.094411
Train Epoch: 82 [20000/60000 (33%)]	Loss: 0.048116
Train Epoch: 82 [25000/60000 (42%)]	Loss: 0.069543
Train Epoch: 82 [30000/60000 (50%)]	Loss: 0.067500
Train Epoch: 82 [35000/60000 (58%)]	Loss: 0.040824
Train Epoch: 82 [40000/60000 (67%)]	Loss: 0.074308
Train Epoch: 82 [45000/60000 (75%)]	Loss: 0.040249
Train Epoch: 82 [50000/60000 (83%)]	Loss: 0.033979
Train Epoch: 82 [55000/60000 (92%)]	Loss: 0.037512
Train Epoch: 82 [60000/60000 (100%)]	Loss: 0.051148

Average Training loss: 0.0012, Training Error Rate: 6.82% (4089/60000)


Average Test loss: 0.0001, Test Error Rate: 7.01% (701/10000)

Train Epoch: 83 [5000/60000 (8%)]	Loss: 0.083079
Train Epoch: 83 [10000/60000 (17%)]	Loss: 0.009020
Train Epoch: 83 [15000/60000 (25%)]	Loss: 0.073839
Train Epoch: 83 [20000/60000 (33%)]	Loss: 0.078843
Train Epoch: 83 [25000/60000 (42%)]	Loss: 0.076520
Train Epoch: 83 [30000/60000 (50%)]	Loss: 0.042102
Train Epoch: 83 [35000/60000 (58%)]	Loss: 0.023705
Train Epoch: 83 [40000/60000 (67%)]	Loss: 0.076336
Train Epoch: 83 [45000/60000 (75%)]	Loss: 0.063914
Train Epoch: 83 [50000/60000 (83%)]	Loss: 0.082321
Train Epoch: 83 [55000/60000 (92%)]	Loss: 0.106360
Train Epoch: 83 [60000/60000 (100%)]	Loss: 0.075458

Average Training loss: 0.0012, Training Error Rate: 6.77% (4064/60000)


Average Test loss: 0.0001, Test Error Rate: 6.91% (691/10000)

Train Epoch: 84 [5000/60000 (8%)]	Loss: 0.072081
Train Epoch: 84 [10000/60000 (17%)]	Loss: 0.065374
Train Epoch: 84 [15000/60000 (25%)]	Loss: 0.043151
Train Epoch: 84 [20000/60000 (33%)]	Loss: 0.060559
Train Epoch: 84 [25000/60000 (42%)]	Loss: 0.097741
Train Epoch: 84 [30000/60000 (50%)]	Loss: 0.093717
Train Epoch: 84 [35000/60000 (58%)]	Loss: 0.087140
Train Epoch: 84 [40000/60000 (67%)]	Loss: 0.068542
Train Epoch: 84 [45000/60000 (75%)]	Loss: 0.091217
Train Epoch: 84 [50000/60000 (83%)]	Loss: 0.084838
Train Epoch: 84 [55000/60000 (92%)]	Loss: 0.147191
Train Epoch: 84 [60000/60000 (100%)]	Loss: 0.049776

Average Training loss: 0.0012, Training Error Rate: 6.82% (4094/60000)


Average Test loss: 0.0001, Test Error Rate: 7.11% (711/10000)

Train Epoch: 85 [5000/60000 (8%)]	Loss: 0.074740
Train Epoch: 85 [10000/60000 (17%)]	Loss: 0.068595
Train Epoch: 85 [15000/60000 (25%)]	Loss: 0.048918
Train Epoch: 85 [20000/60000 (33%)]	Loss: 0.081148
Train Epoch: 85 [25000/60000 (42%)]	Loss: 0.057820
Train Epoch: 85 [30000/60000 (50%)]	Loss: 0.060605
Train Epoch: 85 [35000/60000 (58%)]	Loss: 0.074296
Train Epoch: 85 [40000/60000 (67%)]	Loss: 0.091011
Train Epoch: 85 [45000/60000 (75%)]	Loss: 0.076469
Train Epoch: 85 [50000/60000 (83%)]	Loss: 0.046920
Train Epoch: 85 [55000/60000 (92%)]	Loss: 0.049867
Train Epoch: 85 [60000/60000 (100%)]	Loss: 0.029341

Average Training loss: 0.0013, Training Error Rate: 7.00% (4197/60000)


Average Test loss: 0.0001, Test Error Rate: 7.21% (721/10000)

Train Epoch: 86 [5000/60000 (8%)]	Loss: 0.076060
Train Epoch: 86 [10000/60000 (17%)]	Loss: 0.080116
Train Epoch: 86 [15000/60000 (25%)]	Loss: 0.030748
Train Epoch: 86 [20000/60000 (33%)]	Loss: 0.051441
Train Epoch: 86 [25000/60000 (42%)]	Loss: 0.051974
Train Epoch: 86 [30000/60000 (50%)]	Loss: 0.058941
Train Epoch: 86 [35000/60000 (58%)]	Loss: 0.054184
Train Epoch: 86 [40000/60000 (67%)]	Loss: 0.071817
Train Epoch: 86 [45000/60000 (75%)]	Loss: 0.083289
Train Epoch: 86 [50000/60000 (83%)]	Loss: 0.080157
Train Epoch: 86 [55000/60000 (92%)]	Loss: 0.030683
Train Epoch: 86 [60000/60000 (100%)]	Loss: 0.124802

Average Training loss: 0.0012, Training Error Rate: 6.75% (4049/60000)


Average Test loss: 0.0001, Test Error Rate: 7.10% (710/10000)

Train Epoch: 87 [5000/60000 (8%)]	Loss: 0.059710
Train Epoch: 87 [10000/60000 (17%)]	Loss: 0.039390
Train Epoch: 87 [15000/60000 (25%)]	Loss: 0.076547
Train Epoch: 87 [20000/60000 (33%)]	Loss: 0.012284
Train Epoch: 87 [25000/60000 (42%)]	Loss: 0.053965
Train Epoch: 87 [30000/60000 (50%)]	Loss: 0.098176
Train Epoch: 87 [35000/60000 (58%)]	Loss: 0.021394
Train Epoch: 87 [40000/60000 (67%)]	Loss: 0.062970
Train Epoch: 87 [45000/60000 (75%)]	Loss: 0.063573
Train Epoch: 87 [50000/60000 (83%)]	Loss: 0.094678
Train Epoch: 87 [55000/60000 (92%)]	Loss: 0.069646
Train Epoch: 87 [60000/60000 (100%)]	Loss: 0.054755

Average Training loss: 0.0012, Training Error Rate: 6.62% (3974/60000)


Average Test loss: 0.0001, Test Error Rate: 6.90% (690/10000)

Train Epoch: 88 [5000/60000 (8%)]	Loss: 0.103728
Train Epoch: 88 [10000/60000 (17%)]	Loss: 0.046752
Train Epoch: 88 [15000/60000 (25%)]	Loss: 0.061982
Train Epoch: 88 [20000/60000 (33%)]	Loss: 0.069200
Train Epoch: 88 [25000/60000 (42%)]	Loss: 0.035934
Train Epoch: 88 [30000/60000 (50%)]	Loss: 0.061066
Train Epoch: 88 [35000/60000 (58%)]	Loss: 0.039631
Train Epoch: 88 [40000/60000 (67%)]	Loss: 0.038679
Train Epoch: 88 [45000/60000 (75%)]	Loss: 0.031782
Train Epoch: 88 [50000/60000 (83%)]	Loss: 0.045096
Train Epoch: 88 [55000/60000 (92%)]	Loss: 0.046429
Train Epoch: 88 [60000/60000 (100%)]	Loss: 0.097251

Average Training loss: 0.0012, Training Error Rate: 6.66% (3997/60000)


Average Test loss: 0.0001, Test Error Rate: 6.93% (693/10000)

Train Epoch: 89 [5000/60000 (8%)]	Loss: 0.081731
Train Epoch: 89 [10000/60000 (17%)]	Loss: 0.038127
Train Epoch: 89 [15000/60000 (25%)]	Loss: 0.033961
Train Epoch: 89 [20000/60000 (33%)]	Loss: 0.059678
Train Epoch: 89 [25000/60000 (42%)]	Loss: 0.059965
Train Epoch: 89 [30000/60000 (50%)]	Loss: 0.075174
Train Epoch: 89 [35000/60000 (58%)]	Loss: 0.137185
Train Epoch: 89 [40000/60000 (67%)]	Loss: 0.069513
Train Epoch: 89 [45000/60000 (75%)]	Loss: 0.039417
Train Epoch: 89 [50000/60000 (83%)]	Loss: 0.064108
Train Epoch: 89 [55000/60000 (92%)]	Loss: 0.084420
Train Epoch: 89 [60000/60000 (100%)]	Loss: 0.074379

Average Training loss: 0.0012, Training Error Rate: 6.74% (4043/60000)


Average Test loss: 0.0001, Test Error Rate: 7.89% (789/10000)

Train Epoch: 90 [5000/60000 (8%)]	Loss: 0.058778
Train Epoch: 90 [10000/60000 (17%)]	Loss: 0.100998
Train Epoch: 90 [15000/60000 (25%)]	Loss: 0.062759
Train Epoch: 90 [20000/60000 (33%)]	Loss: 0.029680
Train Epoch: 90 [25000/60000 (42%)]	Loss: 0.090648
Train Epoch: 90 [30000/60000 (50%)]	Loss: 0.076993
Train Epoch: 90 [35000/60000 (58%)]	Loss: 0.032387
Train Epoch: 90 [40000/60000 (67%)]	Loss: 0.080874
Train Epoch: 90 [45000/60000 (75%)]	Loss: 0.076546
Train Epoch: 90 [50000/60000 (83%)]	Loss: 0.030916
Train Epoch: 90 [55000/60000 (92%)]	Loss: 0.035651
Train Epoch: 90 [60000/60000 (100%)]	Loss: 0.037504

Average Training loss: 0.0013, Training Error Rate: 6.89% (4136/60000)


Average Test loss: 0.0001, Test Error Rate: 7.79% (779/10000)

Train Epoch: 91 [5000/60000 (8%)]	Loss: 0.066476
Train Epoch: 91 [10000/60000 (17%)]	Loss: 0.059184
Train Epoch: 91 [15000/60000 (25%)]	Loss: 0.067615
Train Epoch: 91 [20000/60000 (33%)]	Loss: 0.071601
Train Epoch: 91 [25000/60000 (42%)]	Loss: 0.046190
Train Epoch: 91 [30000/60000 (50%)]	Loss: 0.063255
Train Epoch: 91 [35000/60000 (58%)]	Loss: 0.034431
Train Epoch: 91 [40000/60000 (67%)]	Loss: 0.034782
Train Epoch: 91 [45000/60000 (75%)]	Loss: 0.057835
Train Epoch: 91 [50000/60000 (83%)]	Loss: 0.095467
Train Epoch: 91 [55000/60000 (92%)]	Loss: 0.029965
Train Epoch: 91 [60000/60000 (100%)]	Loss: 0.100761

Average Training loss: 0.0013, Training Error Rate: 6.80% (4083/60000)


Average Test loss: 0.0001, Test Error Rate: 6.98% (698/10000)

Train Epoch: 92 [5000/60000 (8%)]	Loss: 0.056821
Train Epoch: 92 [10000/60000 (17%)]	Loss: 0.056046
Train Epoch: 92 [15000/60000 (25%)]	Loss: 0.022776
Train Epoch: 92 [20000/60000 (33%)]	Loss: 0.026459
Train Epoch: 92 [25000/60000 (42%)]	Loss: 0.039485
Train Epoch: 92 [30000/60000 (50%)]	Loss: 0.064174
Train Epoch: 92 [35000/60000 (58%)]	Loss: 0.041279
Train Epoch: 92 [40000/60000 (67%)]	Loss: 0.047415
Train Epoch: 92 [45000/60000 (75%)]	Loss: 0.044078
Train Epoch: 92 [50000/60000 (83%)]	Loss: 0.097343
Train Epoch: 92 [55000/60000 (92%)]	Loss: 0.026464
Train Epoch: 92 [60000/60000 (100%)]	Loss: 0.077034

Average Training loss: 0.0012, Training Error Rate: 6.36% (3817/60000)


Average Test loss: 0.0001, Test Error Rate: 6.70% (670/10000)

Train Epoch: 93 [5000/60000 (8%)]	Loss: 0.089373
Train Epoch: 93 [10000/60000 (17%)]	Loss: 0.062213
Train Epoch: 93 [15000/60000 (25%)]	Loss: 0.069185
Train Epoch: 93 [20000/60000 (33%)]	Loss: 0.032497
Train Epoch: 93 [25000/60000 (42%)]	Loss: 0.048677
Train Epoch: 93 [30000/60000 (50%)]	Loss: 0.074650
Train Epoch: 93 [35000/60000 (58%)]	Loss: 0.065232
Train Epoch: 93 [40000/60000 (67%)]	Loss: 0.073498
Train Epoch: 93 [45000/60000 (75%)]	Loss: 0.045248
Train Epoch: 93 [50000/60000 (83%)]	Loss: 0.024671
Train Epoch: 93 [55000/60000 (92%)]	Loss: 0.070307
Train Epoch: 93 [60000/60000 (100%)]	Loss: 0.109949

Average Training loss: 0.0012, Training Error Rate: 6.47% (3882/60000)


Average Test loss: 0.0001, Test Error Rate: 7.18% (718/10000)

Train Epoch: 94 [5000/60000 (8%)]	Loss: 0.032136
Train Epoch: 94 [10000/60000 (17%)]	Loss: 0.083353
Train Epoch: 94 [15000/60000 (25%)]	Loss: 0.020743
Train Epoch: 94 [20000/60000 (33%)]	Loss: 0.052397
Train Epoch: 94 [25000/60000 (42%)]	Loss: 0.041036
Train Epoch: 94 [30000/60000 (50%)]	Loss: 0.060648
Train Epoch: 94 [35000/60000 (58%)]	Loss: 0.054822
Train Epoch: 94 [40000/60000 (67%)]	Loss: 0.110134
Train Epoch: 94 [45000/60000 (75%)]	Loss: 0.087853
Train Epoch: 94 [50000/60000 (83%)]	Loss: 0.052284
Train Epoch: 94 [55000/60000 (92%)]	Loss: 0.108066
Train Epoch: 94 [60000/60000 (100%)]	Loss: 0.100079

Average Training loss: 0.0012, Training Error Rate: 6.65% (3990/60000)


Average Test loss: 0.0001, Test Error Rate: 7.08% (708/10000)

Train Epoch: 95 [5000/60000 (8%)]	Loss: 0.049191
Train Epoch: 95 [10000/60000 (17%)]	Loss: 0.065324
Train Epoch: 95 [15000/60000 (25%)]	Loss: 0.039381
Train Epoch: 95 [20000/60000 (33%)]	Loss: 0.074745
Train Epoch: 95 [25000/60000 (42%)]	Loss: 0.069521
Train Epoch: 95 [30000/60000 (50%)]	Loss: 0.091157
Train Epoch: 95 [35000/60000 (58%)]	Loss: 0.070345
Train Epoch: 95 [40000/60000 (67%)]	Loss: 0.055980
Train Epoch: 95 [45000/60000 (75%)]	Loss: 0.049859
Train Epoch: 95 [50000/60000 (83%)]	Loss: 0.019192
Train Epoch: 95 [55000/60000 (92%)]	Loss: 0.015410
Train Epoch: 95 [60000/60000 (100%)]	Loss: 0.063115

Average Training loss: 0.0012, Training Error Rate: 6.72% (4035/60000)


Average Test loss: 0.0001, Test Error Rate: 7.12% (712/10000)

Train Epoch: 96 [5000/60000 (8%)]	Loss: 0.055484
Train Epoch: 96 [10000/60000 (17%)]	Loss: 0.104594
Train Epoch: 96 [15000/60000 (25%)]	Loss: 0.065013
Train Epoch: 96 [20000/60000 (33%)]	Loss: 0.072037
Train Epoch: 96 [25000/60000 (42%)]	Loss: 0.107626
Train Epoch: 96 [30000/60000 (50%)]	Loss: 0.035567
Train Epoch: 96 [35000/60000 (58%)]	Loss: 0.100406
Train Epoch: 96 [40000/60000 (67%)]	Loss: 0.079739
Train Epoch: 96 [45000/60000 (75%)]	Loss: 0.069777
Train Epoch: 96 [50000/60000 (83%)]	Loss: 0.046235
Train Epoch: 96 [55000/60000 (92%)]	Loss: 0.057322
Train Epoch: 96 [60000/60000 (100%)]	Loss: 0.094452

Average Training loss: 0.0012, Training Error Rate: 6.80% (4078/60000)


Average Test loss: 0.0001, Test Error Rate: 7.21% (721/10000)

Train Epoch: 97 [5000/60000 (8%)]	Loss: 0.073004
Train Epoch: 97 [10000/60000 (17%)]	Loss: 0.079705
Train Epoch: 97 [15000/60000 (25%)]	Loss: 0.087286
Train Epoch: 97 [20000/60000 (33%)]	Loss: 0.066519
Train Epoch: 97 [25000/60000 (42%)]	Loss: 0.123788
Train Epoch: 97 [30000/60000 (50%)]	Loss: 0.140580
Train Epoch: 97 [35000/60000 (58%)]	Loss: 0.059327
Train Epoch: 97 [40000/60000 (67%)]	Loss: 0.063832
Train Epoch: 97 [45000/60000 (75%)]	Loss: 0.048341
Train Epoch: 97 [50000/60000 (83%)]	Loss: 0.012812
Train Epoch: 97 [55000/60000 (92%)]	Loss: 0.044141
Train Epoch: 97 [60000/60000 (100%)]	Loss: 0.102536

Average Training loss: 0.0012, Training Error Rate: 6.55% (3928/60000)


Average Test loss: 0.0001, Test Error Rate: 7.12% (712/10000)

Train Epoch: 98 [5000/60000 (8%)]	Loss: 0.061660
Train Epoch: 98 [10000/60000 (17%)]	Loss: 0.039854
Train Epoch: 98 [15000/60000 (25%)]	Loss: 0.075516
Train Epoch: 98 [20000/60000 (33%)]	Loss: 0.089346
Train Epoch: 98 [25000/60000 (42%)]	Loss: 0.069668
Train Epoch: 98 [30000/60000 (50%)]	Loss: 0.076551
Train Epoch: 98 [35000/60000 (58%)]	Loss: 0.042026
Train Epoch: 98 [40000/60000 (67%)]	Loss: 0.044733
Train Epoch: 98 [45000/60000 (75%)]	Loss: 0.069780
Train Epoch: 98 [50000/60000 (83%)]	Loss: 0.033567
Train Epoch: 98 [55000/60000 (92%)]	Loss: 0.045387
Train Epoch: 98 [60000/60000 (100%)]	Loss: 0.032185

Average Training loss: 0.0012, Training Error Rate: 6.51% (3909/60000)


Average Test loss: 0.0001, Test Error Rate: 7.09% (709/10000)

Train Epoch: 99 [5000/60000 (8%)]	Loss: 0.093667
Train Epoch: 99 [10000/60000 (17%)]	Loss: 0.078532
Train Epoch: 99 [15000/60000 (25%)]	Loss: 0.103356
Train Epoch: 99 [20000/60000 (33%)]	Loss: 0.066624
Train Epoch: 99 [25000/60000 (42%)]	Loss: 0.042729
Train Epoch: 99 [30000/60000 (50%)]	Loss: 0.028753
Train Epoch: 99 [35000/60000 (58%)]	Loss: 0.052725
Train Epoch: 99 [40000/60000 (67%)]	Loss: 0.054799
Train Epoch: 99 [45000/60000 (75%)]	Loss: 0.076914
Train Epoch: 99 [50000/60000 (83%)]	Loss: 0.022150
Train Epoch: 99 [55000/60000 (92%)]	Loss: 0.085061
Train Epoch: 99 [60000/60000 (100%)]	Loss: 0.028522

Average Training loss: 0.0012, Training Error Rate: 6.60% (3962/60000)


Average Test loss: 0.0001, Test Error Rate: 7.03% (703/10000)

/vast/home/ajherman/miniconda3/envs/pytorch/lib/python3.11/site-packages/torchvision/io/image.py:13: UserWarning: Failed to load image Python extension: '/vast/home/ajherman/miniconda3/envs/pytorch/lib/python3.11/site-packages/torchvision/image.so: undefined symbol: _ZN5torch3jit17parseSchemaOrNameERKNSt7__cxx1112basic_stringIcSt11char_traitsIcESaIcEEE'If you don't plan on using image functionality from `torchvision.io`, you can ignore this warning. Otherwise, there might be something wrong with your environment. Did you have `libjpeg` or `libpng` installed before building `torchvision` from source?
  warn(
Random seed set as 42
dt =  0.2340716616353513
trace decay =  0.5866462195100317
Random seed set as 42
Random seed set as 42
dt =  0.2340716616353513
trace decay =  0.5866462195100317
Random seed set as 42
