/vast/home/ajherman/miniconda3/envs/pytorch/lib/python3.11/site-packages/torchvision/io/image.py:13: UserWarning: Failed to load image Python extension: '/vast/home/ajherman/miniconda3/envs/pytorch/lib/python3.11/site-packages/torchvision/image.so: undefined symbol: _ZN5torch3jit17parseSchemaOrNameERKNSt7__cxx1112basic_stringIcSt11char_traitsIcESaIcEEE'If you don't plan on using image functionality from `torchvision.io`, you can ignore this warning. Otherwise, there might be something wrong with your environment. Did you have `libjpeg` or `libpng` installed before building `torchvision` from source?
  warn(
Random seed set as 42
dt =  0.14785621103378865
trace decay =  0.7866278610665534
Random seed set as 42
Random seed set as 42
dt =  0.14785621103378865
trace decay =  0.7866278610665534
Random seed set as 42
Train Epoch: 0 [20000/60000 (33%)]	Loss: 0.380326
Train Epoch: 0 [40000/60000 (67%)]	Loss: 0.355821
Train Epoch: 0 [60000/60000 (100%)]	Loss: 0.317251

Average Training loss: 0.0019, Training Error Rate: 57.79% (34676/60000)


Average Test loss: 0.0003, Test Error Rate: 40.06% (4006/10000)

Train Epoch: 1 [20000/60000 (33%)]	Loss: 0.301079
Train Epoch: 1 [40000/60000 (67%)]	Loss: 0.276375
Train Epoch: 1 [60000/60000 (100%)]	Loss: 0.266394

Average Training loss: 0.0015, Training Error Rate: 33.59% (20155/60000)


Average Test loss: 0.0003, Test Error Rate: 28.36% (2836/10000)

Train Epoch: 2 [20000/60000 (33%)]	Loss: 0.237642
Train Epoch: 2 [40000/60000 (67%)]	Loss: 0.235672
Train Epoch: 2 [60000/60000 (100%)]	Loss: 0.241183

Average Training loss: 0.0012, Training Error Rate: 25.05% (15032/60000)


Average Test loss: 0.0002, Test Error Rate: 21.65% (2165/10000)

Train Epoch: 3 [20000/60000 (33%)]	Loss: 0.213916
Train Epoch: 3 [40000/60000 (67%)]	Loss: 0.209093
Train Epoch: 3 [60000/60000 (100%)]	Loss: 0.221012

Average Training loss: 0.0011, Training Error Rate: 20.98% (12588/60000)


Average Test loss: 0.0002, Test Error Rate: 17.99% (1799/10000)

Train Epoch: 4 [20000/60000 (33%)]	Loss: 0.199427
Train Epoch: 4 [40000/60000 (67%)]	Loss: 0.194607
Train Epoch: 4 [60000/60000 (100%)]	Loss: 0.179988

Average Training loss: 0.0010, Training Error Rate: 18.71% (11224/60000)


Average Test loss: 0.0002, Test Error Rate: 15.94% (1594/10000)

Train Epoch: 5 [20000/60000 (33%)]	Loss: 0.185429
Train Epoch: 5 [40000/60000 (67%)]	Loss: 0.184163
Train Epoch: 5 [60000/60000 (100%)]	Loss: 0.193079

Average Training loss: 0.0009, Training Error Rate: 17.24% (10344/60000)


Average Test loss: 0.0002, Test Error Rate: 14.98% (1498/10000)

Train Epoch: 6 [20000/60000 (33%)]	Loss: 0.187759
Train Epoch: 6 [40000/60000 (67%)]	Loss: 0.168037
Train Epoch: 6 [60000/60000 (100%)]	Loss: 0.162029

Average Training loss: 0.0009, Training Error Rate: 16.54% (9921/60000)


Average Test loss: 0.0002, Test Error Rate: 17.43% (1743/10000)

Train Epoch: 7 [20000/60000 (33%)]	Loss: 0.178206
Train Epoch: 7 [40000/60000 (67%)]	Loss: 0.192934
Train Epoch: 7 [60000/60000 (100%)]	Loss: 0.163965

Average Training loss: 0.0009, Training Error Rate: 15.82% (9494/60000)


Average Test loss: 0.0002, Test Error Rate: 14.69% (1469/10000)

Train Epoch: 8 [20000/60000 (33%)]	Loss: 0.149907
Train Epoch: 8 [40000/60000 (67%)]	Loss: 0.172947
Train Epoch: 8 [60000/60000 (100%)]	Loss: 0.155401

Average Training loss: 0.0008, Training Error Rate: 14.96% (8973/60000)


Average Test loss: 0.0002, Test Error Rate: 13.35% (1335/10000)

Train Epoch: 9 [20000/60000 (33%)]	Loss: 0.151423
Train Epoch: 9 [40000/60000 (67%)]	Loss: 0.143034
Train Epoch: 9 [60000/60000 (100%)]	Loss: 0.142175

Average Training loss: 0.0008, Training Error Rate: 14.06% (8437/60000)


Average Test loss: 0.0001, Test Error Rate: 13.05% (1305/10000)

Train Epoch: 10 [20000/60000 (33%)]	Loss: 0.150026
Train Epoch: 10 [40000/60000 (67%)]	Loss: 0.148008
Train Epoch: 10 [60000/60000 (100%)]	Loss: 0.134786

Average Training loss: 0.0007, Training Error Rate: 13.64% (8182/60000)


Average Test loss: 0.0001, Test Error Rate: 12.76% (1276/10000)

Train Epoch: 11 [20000/60000 (33%)]	Loss: 0.123933
Train Epoch: 11 [40000/60000 (67%)]	Loss: 0.156553
Train Epoch: 11 [60000/60000 (100%)]	Loss: 0.135044

Average Training loss: 0.0007, Training Error Rate: 13.24% (7943/60000)


Average Test loss: 0.0001, Test Error Rate: 12.00% (1200/10000)

Train Epoch: 12 [20000/60000 (33%)]	Loss: 0.142780
Train Epoch: 12 [40000/60000 (67%)]	Loss: 0.125215
Train Epoch: 12 [60000/60000 (100%)]	Loss: 0.139779

Average Training loss: 0.0007, Training Error Rate: 12.70% (7617/60000)


Average Test loss: 0.0001, Test Error Rate: 12.28% (1228/10000)

Train Epoch: 13 [20000/60000 (33%)]	Loss: 0.132789
Train Epoch: 13 [40000/60000 (67%)]	Loss: 0.133124
Train Epoch: 13 [60000/60000 (100%)]	Loss: 0.120091

Average Training loss: 0.0007, Training Error Rate: 12.38% (7428/60000)


Average Test loss: 0.0001, Test Error Rate: 11.94% (1194/10000)

Train Epoch: 14 [20000/60000 (33%)]	Loss: 0.140046
Train Epoch: 14 [40000/60000 (67%)]	Loss: 0.135801
Train Epoch: 14 [60000/60000 (100%)]	Loss: 0.121463

Average Training loss: 0.0006, Training Error Rate: 11.97% (7185/60000)


Average Test loss: 0.0001, Test Error Rate: 11.28% (1128/10000)

Train Epoch: 15 [20000/60000 (33%)]	Loss: 0.133639
Train Epoch: 15 [40000/60000 (67%)]	Loss: 0.131050
Train Epoch: 15 [60000/60000 (100%)]	Loss: 0.117392

Average Training loss: 0.0006, Training Error Rate: 12.12% (7272/60000)


Average Test loss: 0.0001, Test Error Rate: 10.63% (1063/10000)

Train Epoch: 16 [20000/60000 (33%)]	Loss: 0.131273
Train Epoch: 16 [40000/60000 (67%)]	Loss: 0.128609
Train Epoch: 16 [60000/60000 (100%)]	Loss: 0.128117

Average Training loss: 0.0006, Training Error Rate: 11.95% (7170/60000)


Average Test loss: 0.0001, Test Error Rate: 11.31% (1131/10000)

Train Epoch: 17 [20000/60000 (33%)]	Loss: 0.127659
Train Epoch: 17 [40000/60000 (67%)]	Loss: 0.134196
Train Epoch: 17 [60000/60000 (100%)]	Loss: 0.108732

Average Training loss: 0.0006, Training Error Rate: 11.84% (7102/60000)


Average Test loss: 0.0001, Test Error Rate: 11.13% (1113/10000)

Train Epoch: 18 [20000/60000 (33%)]	Loss: 0.105976
Train Epoch: 18 [40000/60000 (67%)]	Loss: 0.133807
Train Epoch: 18 [60000/60000 (100%)]	Loss: 0.115539

Average Training loss: 0.0006, Training Error Rate: 11.23% (6740/60000)


Average Test loss: 0.0001, Test Error Rate: 10.89% (1089/10000)

Train Epoch: 19 [20000/60000 (33%)]	Loss: 0.137172
Train Epoch: 19 [40000/60000 (67%)]	Loss: 0.120848
Train Epoch: 19 [60000/60000 (100%)]	Loss: 0.119148

Average Training loss: 0.0006, Training Error Rate: 11.06% (6638/60000)


Average Test loss: 0.0001, Test Error Rate: 10.72% (1072/10000)

Train Epoch: 20 [20000/60000 (33%)]	Loss: 0.111349
Train Epoch: 20 [40000/60000 (67%)]	Loss: 0.123650
Train Epoch: 20 [60000/60000 (100%)]	Loss: 0.106315

Average Training loss: 0.0006, Training Error Rate: 10.86% (6518/60000)


Average Test loss: 0.0001, Test Error Rate: 10.22% (1022/10000)

Train Epoch: 21 [20000/60000 (33%)]	Loss: 0.110611
Train Epoch: 21 [40000/60000 (67%)]	Loss: 0.099288
Train Epoch: 21 [60000/60000 (100%)]	Loss: 0.120970

Average Training loss: 0.0006, Training Error Rate: 10.93% (6557/60000)


Average Test loss: 0.0001, Test Error Rate: 10.24% (1024/10000)

Train Epoch: 22 [20000/60000 (33%)]	Loss: 0.109283
Train Epoch: 22 [40000/60000 (67%)]	Loss: 0.119524
Train Epoch: 22 [60000/60000 (100%)]	Loss: 0.127314

Average Training loss: 0.0006, Training Error Rate: 10.66% (6398/60000)


Average Test loss: 0.0001, Test Error Rate: 10.61% (1061/10000)

Train Epoch: 23 [20000/60000 (33%)]	Loss: 0.119063
Train Epoch: 23 [40000/60000 (67%)]	Loss: 0.122216
Train Epoch: 23 [60000/60000 (100%)]	Loss: 0.109363

Average Training loss: 0.0005, Training Error Rate: 10.84% (6502/60000)


Average Test loss: 0.0001, Test Error Rate: 10.49% (1049/10000)

Train Epoch: 24 [20000/60000 (33%)]	Loss: 0.100964
Train Epoch: 24 [40000/60000 (67%)]	Loss: 0.122484
Train Epoch: 24 [60000/60000 (100%)]	Loss: 0.102100

Average Training loss: 0.0005, Training Error Rate: 10.93% (6559/60000)


Average Test loss: 0.0001, Test Error Rate: 10.10% (1010/10000)

Train Epoch: 25 [20000/60000 (33%)]	Loss: 0.119776
Train Epoch: 25 [40000/60000 (67%)]	Loss: 0.091075
Train Epoch: 25 [60000/60000 (100%)]	Loss: 0.098542

Average Training loss: 0.0005, Training Error Rate: 10.44% (6266/60000)


Average Test loss: 0.0001, Test Error Rate: 10.30% (1030/10000)

Train Epoch: 26 [20000/60000 (33%)]	Loss: 0.127145
Train Epoch: 26 [40000/60000 (67%)]	Loss: 0.094230
Train Epoch: 26 [60000/60000 (100%)]	Loss: 0.096796

Average Training loss: 0.0005, Training Error Rate: 10.65% (6388/60000)


Average Test loss: 0.0001, Test Error Rate: 10.58% (1058/10000)

Train Epoch: 27 [20000/60000 (33%)]	Loss: 0.080261
Train Epoch: 27 [40000/60000 (67%)]	Loss: 0.105573
Train Epoch: 27 [60000/60000 (100%)]	Loss: 0.108034

Average Training loss: 0.0005, Training Error Rate: 10.39% (6233/60000)


Average Test loss: 0.0001, Test Error Rate: 9.48% (948/10000)

Train Epoch: 28 [20000/60000 (33%)]	Loss: 0.094911
Train Epoch: 28 [40000/60000 (67%)]	Loss: 0.094989
Train Epoch: 28 [60000/60000 (100%)]	Loss: 0.103360

Average Training loss: 0.0005, Training Error Rate: 10.17% (6101/60000)


Average Test loss: 0.0001, Test Error Rate: 9.49% (949/10000)

Train Epoch: 29 [20000/60000 (33%)]	Loss: 0.109557
Train Epoch: 29 [40000/60000 (67%)]	Loss: 0.095419
Train Epoch: 29 [60000/60000 (100%)]	Loss: 0.102282

Average Training loss: 0.0005, Training Error Rate: 9.88% (5928/60000)


Average Test loss: 0.0001, Test Error Rate: 10.01% (1001/10000)

Train Epoch: 30 [20000/60000 (33%)]	Loss: 0.091031
Train Epoch: 30 [40000/60000 (67%)]	Loss: 0.098710
Train Epoch: 30 [60000/60000 (100%)]	Loss: 0.111874

Average Training loss: 0.0005, Training Error Rate: 9.83% (5898/60000)


Average Test loss: 0.0001, Test Error Rate: 8.96% (896/10000)

Train Epoch: 31 [20000/60000 (33%)]	Loss: 0.108360
Train Epoch: 31 [40000/60000 (67%)]	Loss: 0.097449
Train Epoch: 31 [60000/60000 (100%)]	Loss: 0.092725

Average Training loss: 0.0005, Training Error Rate: 9.71% (5826/60000)


Average Test loss: 0.0001, Test Error Rate: 9.10% (910/10000)

Train Epoch: 32 [20000/60000 (33%)]	Loss: 0.088371
Train Epoch: 32 [40000/60000 (67%)]	Loss: 0.099780
Train Epoch: 32 [60000/60000 (100%)]	Loss: 0.083478

Average Training loss: 0.0005, Training Error Rate: 9.49% (5694/60000)


Average Test loss: 0.0001, Test Error Rate: 8.97% (897/10000)

Train Epoch: 33 [20000/60000 (33%)]	Loss: 0.102927
Train Epoch: 33 [40000/60000 (67%)]	Loss: 0.081524
Train Epoch: 33 [60000/60000 (100%)]	Loss: 0.097847

Average Training loss: 0.0005, Training Error Rate: 9.54% (5725/60000)


Average Test loss: 0.0001, Test Error Rate: 9.05% (905/10000)

Train Epoch: 34 [20000/60000 (33%)]	Loss: 0.069723
Train Epoch: 34 [40000/60000 (67%)]	Loss: 0.108082
Train Epoch: 34 [60000/60000 (100%)]	Loss: 0.083585

Average Training loss: 0.0005, Training Error Rate: 9.47% (5682/60000)


Average Test loss: 0.0001, Test Error Rate: 9.14% (914/10000)

Train Epoch: 35 [20000/60000 (33%)]	Loss: 0.081399
Train Epoch: 35 [40000/60000 (67%)]	Loss: 0.095540
Train Epoch: 35 [60000/60000 (100%)]	Loss: 0.080969

Average Training loss: 0.0005, Training Error Rate: 9.59% (5754/60000)


Average Test loss: 0.0001, Test Error Rate: 9.05% (905/10000)

Train Epoch: 36 [20000/60000 (33%)]	Loss: 0.069715
Train Epoch: 36 [40000/60000 (67%)]	Loss: 0.087972
Train Epoch: 36 [60000/60000 (100%)]	Loss: 0.081060

Average Training loss: 0.0005, Training Error Rate: 9.43% (5660/60000)


Average Test loss: 0.0001, Test Error Rate: 8.94% (894/10000)

Train Epoch: 37 [20000/60000 (33%)]	Loss: 0.097280
Train Epoch: 37 [40000/60000 (67%)]	Loss: 0.077572
Train Epoch: 37 [60000/60000 (100%)]	Loss: 0.091802

Average Training loss: 0.0005, Training Error Rate: 9.31% (5588/60000)


Average Test loss: 0.0001, Test Error Rate: 8.76% (876/10000)

Train Epoch: 38 [20000/60000 (33%)]	Loss: 0.104904
Train Epoch: 38 [40000/60000 (67%)]	Loss: 0.072277
Train Epoch: 38 [60000/60000 (100%)]	Loss: 0.099498

Average Training loss: 0.0005, Training Error Rate: 9.31% (5587/60000)


Average Test loss: 0.0001, Test Error Rate: 8.73% (873/10000)

Train Epoch: 39 [20000/60000 (33%)]	Loss: 0.095645
Train Epoch: 39 [40000/60000 (67%)]	Loss: 0.090644
Train Epoch: 39 [60000/60000 (100%)]	Loss: 0.096193

Average Training loss: 0.0004, Training Error Rate: 8.94% (5362/60000)


Average Test loss: 0.0001, Test Error Rate: 8.40% (840/10000)

Train Epoch: 40 [20000/60000 (33%)]	Loss: 0.093249
Train Epoch: 40 [40000/60000 (67%)]	Loss: 0.080147
Train Epoch: 40 [60000/60000 (100%)]	Loss: 0.101778

Average Training loss: 0.0004, Training Error Rate: 8.84% (5301/60000)


Average Test loss: 0.0001, Test Error Rate: 8.49% (849/10000)

Train Epoch: 41 [20000/60000 (33%)]	Loss: 0.076188
Train Epoch: 41 [40000/60000 (67%)]	Loss: 0.092386
Train Epoch: 41 [60000/60000 (100%)]	Loss: 0.100481

Average Training loss: 0.0004, Training Error Rate: 8.61% (5167/60000)


Average Test loss: 0.0001, Test Error Rate: 8.44% (844/10000)

Train Epoch: 42 [20000/60000 (33%)]	Loss: 0.098492
Train Epoch: 42 [40000/60000 (67%)]	Loss: 0.101601
Train Epoch: 42 [60000/60000 (100%)]	Loss: 0.095176

Average Training loss: 0.0005, Training Error Rate: 8.97% (5380/60000)


Average Test loss: 0.0001, Test Error Rate: 8.50% (850/10000)

Train Epoch: 43 [20000/60000 (33%)]	Loss: 0.095858
Train Epoch: 43 [40000/60000 (67%)]	Loss: 0.090883
Train Epoch: 43 [60000/60000 (100%)]	Loss: 0.077521

Average Training loss: 0.0005, Training Error Rate: 8.86% (5317/60000)


Average Test loss: 0.0001, Test Error Rate: 8.37% (837/10000)

Train Epoch: 44 [20000/60000 (33%)]	Loss: 0.079876
Train Epoch: 44 [40000/60000 (67%)]	Loss: 0.106895
Train Epoch: 44 [60000/60000 (100%)]	Loss: 0.096774

Average Training loss: 0.0004, Training Error Rate: 8.97% (5384/60000)


Average Test loss: 0.0001, Test Error Rate: 8.46% (846/10000)

Train Epoch: 45 [20000/60000 (33%)]	Loss: 0.090492
Train Epoch: 45 [40000/60000 (67%)]	Loss: 0.082742
Train Epoch: 45 [60000/60000 (100%)]	Loss: 0.084460

Average Training loss: 0.0004, Training Error Rate: 8.77% (5263/60000)


Average Test loss: 0.0001, Test Error Rate: 8.16% (816/10000)

Train Epoch: 46 [20000/60000 (33%)]	Loss: 0.093401
Train Epoch: 46 [40000/60000 (67%)]	Loss: 0.105625
Train Epoch: 46 [60000/60000 (100%)]	Loss: 0.073690

Average Training loss: 0.0004, Training Error Rate: 8.68% (5209/60000)


Average Test loss: 0.0001, Test Error Rate: 8.15% (815/10000)

Train Epoch: 47 [20000/60000 (33%)]	Loss: 0.082368
Train Epoch: 47 [40000/60000 (67%)]	Loss: 0.094571
Train Epoch: 47 [60000/60000 (100%)]	Loss: 0.100745

Average Training loss: 0.0004, Training Error Rate: 8.72% (5231/60000)


Average Test loss: 0.0001, Test Error Rate: 8.31% (831/10000)

Train Epoch: 48 [20000/60000 (33%)]	Loss: 0.094060
Train Epoch: 48 [40000/60000 (67%)]	Loss: 0.084703
Train Epoch: 48 [60000/60000 (100%)]	Loss: 0.081032

Average Training loss: 0.0004, Training Error Rate: 8.73% (5238/60000)


Average Test loss: 0.0001, Test Error Rate: 8.48% (848/10000)

Train Epoch: 49 [20000/60000 (33%)]	Loss: 0.092941
Train Epoch: 49 [40000/60000 (67%)]	Loss: 0.069410
Train Epoch: 49 [60000/60000 (100%)]	Loss: 0.084791

Average Training loss: 0.0004, Training Error Rate: 8.80% (5278/60000)


Average Test loss: 0.0001, Test Error Rate: 8.40% (840/10000)

Train Epoch: 50 [20000/60000 (33%)]	Loss: 0.086368
Train Epoch: 50 [40000/60000 (67%)]	Loss: 0.091753
Train Epoch: 50 [60000/60000 (100%)]	Loss: 0.087654

Average Training loss: 0.0004, Training Error Rate: 8.76% (5254/60000)


Average Test loss: 0.0001, Test Error Rate: 8.20% (820/10000)

Train Epoch: 51 [20000/60000 (33%)]	Loss: 0.086247
Train Epoch: 51 [40000/60000 (67%)]	Loss: 0.100005
Train Epoch: 51 [60000/60000 (100%)]	Loss: 0.067696

Average Training loss: 0.0004, Training Error Rate: 8.65% (5191/60000)


Average Test loss: 0.0001, Test Error Rate: 8.46% (846/10000)

Train Epoch: 52 [20000/60000 (33%)]	Loss: 0.079692
Train Epoch: 52 [40000/60000 (67%)]	Loss: 0.102011
Train Epoch: 52 [60000/60000 (100%)]	Loss: 0.090487

Average Training loss: 0.0004, Training Error Rate: 8.58% (5149/60000)


Average Test loss: 0.0001, Test Error Rate: 8.49% (849/10000)

Train Epoch: 53 [20000/60000 (33%)]	Loss: 0.083758
Train Epoch: 53 [40000/60000 (67%)]	Loss: 0.078192
Train Epoch: 53 [60000/60000 (100%)]	Loss: 0.089559

Average Training loss: 0.0004, Training Error Rate: 8.54% (5127/60000)


Average Test loss: 0.0001, Test Error Rate: 8.37% (837/10000)

Train Epoch: 54 [20000/60000 (33%)]	Loss: 0.071970
Train Epoch: 54 [40000/60000 (67%)]	Loss: 0.079408
Train Epoch: 54 [60000/60000 (100%)]	Loss: 0.067588

Average Training loss: 0.0004, Training Error Rate: 8.29% (4972/60000)


Average Test loss: 0.0001, Test Error Rate: 8.24% (824/10000)

Train Epoch: 55 [20000/60000 (33%)]	Loss: 0.073956
slurmstepd: error: *** STEP 15487445.13 ON cn650 CANCELLED AT 2023-09-29T11:45:48 ***
