/vast/home/ajherman/miniconda3/envs/pytorch/lib/python3.11/site-packages/torchvision/io/image.py:13: UserWarning: Failed to load image Python extension: '/vast/home/ajherman/miniconda3/envs/pytorch/lib/python3.11/site-packages/torchvision/image.so: undefined symbol: _ZN5torch3jit17parseSchemaOrNameERKNSt7__cxx1112basic_stringIcSt11char_traitsIcESaIcEEE'If you don't plan on using image functionality from `torchvision.io`, you can ignore this warning. Otherwise, there might be something wrong with your environment. Did you have `libjpeg` or `libpng` installed before building `torchvision` from source?
  warn(
Random seed set as 42
dt =  0.10799693854690562
trace decay =  0.8424604416167714
Random seed set as 42
Random seed set as 42
dt =  0.10799693854690562
trace decay =  0.8424604416167714
Random seed set as 42
Train Epoch: 0 [5000/60000 (8%)]	Loss: 0.493622
Train Epoch: 0 [10000/60000 (17%)]	Loss: 0.501060
Train Epoch: 0 [15000/60000 (25%)]	Loss: 0.475532
Train Epoch: 0 [20000/60000 (33%)]	Loss: 0.528743
Train Epoch: 0 [25000/60000 (42%)]	Loss: 0.493763
Train Epoch: 0 [30000/60000 (50%)]	Loss: 0.500000
Train Epoch: 0 [35000/60000 (58%)]	Loss: 0.500000
Train Epoch: 0 [40000/60000 (67%)]	Loss: 0.484389
Train Epoch: 0 [45000/60000 (75%)]	Loss: 0.498260
Train Epoch: 0 [50000/60000 (83%)]	Loss: 0.480174
Train Epoch: 0 [55000/60000 (92%)]	Loss: 0.498996
Train Epoch: 0 [60000/60000 (100%)]	Loss: 0.500000

Average Training loss: 0.0101, Training Error Rate: 89.86% (53914/60000)


Average Test loss: 0.0005, Test Error Rate: 90.42% (9042/10000)

Train Epoch: 1 [5000/60000 (8%)]	Loss: 0.523572
Train Epoch: 1 [10000/60000 (17%)]	Loss: 0.497220
Train Epoch: 1 [15000/60000 (25%)]	Loss: 0.500000
Train Epoch: 1 [20000/60000 (33%)]	Loss: 0.500000
Train Epoch: 1 [25000/60000 (42%)]	Loss: 0.500000
Train Epoch: 1 [30000/60000 (50%)]	Loss: 0.500000
Train Epoch: 1 [35000/60000 (58%)]	Loss: 0.500000
Train Epoch: 1 [40000/60000 (67%)]	Loss: 0.490498
Train Epoch: 1 [45000/60000 (75%)]	Loss: 0.500000
Train Epoch: 1 [50000/60000 (83%)]	Loss: 0.500000
Train Epoch: 1 [55000/60000 (92%)]	Loss: 0.500000
Train Epoch: 1 [60000/60000 (100%)]	Loss: 0.500000

Average Training loss: 0.0100, Training Error Rate: 90.20% (54122/60000)


Average Test loss: 0.0005, Test Error Rate: 90.20% (9020/10000)

Train Epoch: 2 [5000/60000 (8%)]	Loss: 0.500000
Train Epoch: 2 [10000/60000 (17%)]	Loss: 0.500000
Train Epoch: 2 [15000/60000 (25%)]	Loss: 0.501831
Train Epoch: 2 [20000/60000 (33%)]	Loss: 0.500000
Train Epoch: 2 [25000/60000 (42%)]	Loss: 0.500000
Train Epoch: 2 [30000/60000 (50%)]	Loss: 0.500000
Train Epoch: 2 [35000/60000 (58%)]	Loss: 0.500000
Train Epoch: 2 [40000/60000 (67%)]	Loss: 0.500000
Train Epoch: 2 [45000/60000 (75%)]	Loss: 0.500000
Train Epoch: 2 [50000/60000 (83%)]	Loss: 0.500000
Train Epoch: 2 [55000/60000 (92%)]	Loss: 0.500000
Train Epoch: 2 [60000/60000 (100%)]	Loss: 0.498583

Average Training loss: 0.0100, Training Error Rate: 90.06% (54034/60000)


Average Test loss: 0.0005, Test Error Rate: 90.42% (9042/10000)

Train Epoch: 3 [5000/60000 (8%)]	Loss: 0.496800
Train Epoch: 3 [10000/60000 (17%)]	Loss: 0.495585
Train Epoch: 3 [15000/60000 (25%)]	Loss: 0.503250
Train Epoch: 3 [20000/60000 (33%)]	Loss: 0.494960
Train Epoch: 3 [25000/60000 (42%)]	Loss: 0.496869
Train Epoch: 3 [30000/60000 (50%)]	Loss: 0.518131
Train Epoch: 3 [35000/60000 (58%)]	Loss: 0.500000
Train Epoch: 3 [40000/60000 (67%)]	Loss: 0.492139
Train Epoch: 3 [45000/60000 (75%)]	Loss: 0.498816
Train Epoch: 3 [50000/60000 (83%)]	Loss: 0.499240
Train Epoch: 3 [55000/60000 (92%)]	Loss: 0.500000
Train Epoch: 3 [60000/60000 (100%)]	Loss: 0.500000

Average Training loss: 0.0100, Training Error Rate: 90.01% (54007/60000)


Average Test loss: 0.0005, Test Error Rate: 90.20% (9020/10000)

Train Epoch: 4 [5000/60000 (8%)]	Loss: 0.500000
Train Epoch: 4 [10000/60000 (17%)]	Loss: 0.500000
Train Epoch: 4 [15000/60000 (25%)]	Loss: 0.495739
Train Epoch: 4 [20000/60000 (33%)]	Loss: 0.500000
Train Epoch: 4 [25000/60000 (42%)]	Loss: 0.500000
Train Epoch: 4 [30000/60000 (50%)]	Loss: 0.500000
Train Epoch: 4 [35000/60000 (58%)]	Loss: 0.500608
Train Epoch: 4 [40000/60000 (67%)]	Loss: 0.500000
Train Epoch: 4 [45000/60000 (75%)]	Loss: 0.495377
Train Epoch: 4 [50000/60000 (83%)]	Loss: 0.499128
Train Epoch: 4 [55000/60000 (92%)]	Loss: 0.500000
Train Epoch: 4 [60000/60000 (100%)]	Loss: 0.500000

Average Training loss: 0.0100, Training Error Rate: 90.05% (54028/60000)


Average Test loss: 0.0005, Test Error Rate: 90.19% (9019/10000)

Train Epoch: 5 [5000/60000 (8%)]	Loss: 0.500010
Train Epoch: 5 [10000/60000 (17%)]	Loss: 0.499404
Train Epoch: 5 [15000/60000 (25%)]	Loss: 0.491798
Train Epoch: 5 [20000/60000 (33%)]	Loss: 0.500257
Train Epoch: 5 [25000/60000 (42%)]	Loss: 0.499644
Train Epoch: 5 [30000/60000 (50%)]	Loss: 0.492036
Train Epoch: 5 [35000/60000 (58%)]	Loss: 0.500000
Train Epoch: 5 [40000/60000 (67%)]	Loss: 0.500025
Train Epoch: 5 [45000/60000 (75%)]	Loss: 0.500000
Train Epoch: 5 [50000/60000 (83%)]	Loss: 0.500000
Train Epoch: 5 [55000/60000 (92%)]	Loss: 0.490316
Train Epoch: 5 [60000/60000 (100%)]	Loss: 0.500000

Average Training loss: 0.0100, Training Error Rate: 90.17% (54099/60000)


Average Test loss: 0.0005, Test Error Rate: 90.17% (9017/10000)

Train Epoch: 6 [5000/60000 (8%)]	Loss: 0.500000
Train Epoch: 6 [10000/60000 (17%)]	Loss: 0.500000
Train Epoch: 6 [15000/60000 (25%)]	Loss: 0.500000
Train Epoch: 6 [20000/60000 (33%)]	Loss: 0.515451
Train Epoch: 6 [25000/60000 (42%)]	Loss: 0.500000
Train Epoch: 6 [30000/60000 (50%)]	Loss: 0.500000
Train Epoch: 6 [35000/60000 (58%)]	Loss: 0.500000
Train Epoch: 6 [40000/60000 (67%)]	Loss: 0.500000
Train Epoch: 6 [45000/60000 (75%)]	Loss: 0.501890
Train Epoch: 6 [50000/60000 (83%)]	Loss: 0.494670
Train Epoch: 6 [55000/60000 (92%)]	Loss: 0.493092
Train Epoch: 6 [60000/60000 (100%)]	Loss: 0.501247

Average Training loss: 0.0100, Training Error Rate: 90.07% (54042/60000)


Average Test loss: 0.0005, Test Error Rate: 90.42% (9042/10000)

Train Epoch: 7 [5000/60000 (8%)]	Loss: 0.491789
Train Epoch: 7 [10000/60000 (17%)]	Loss: 0.495423
Train Epoch: 7 [15000/60000 (25%)]	Loss: 0.494019
Train Epoch: 7 [20000/60000 (33%)]	Loss: 0.538382
Train Epoch: 7 [25000/60000 (42%)]	Loss: 0.493314
Train Epoch: 7 [30000/60000 (50%)]	Loss: 0.492680
Train Epoch: 7 [35000/60000 (58%)]	Loss: 0.492367
Train Epoch: 7 [40000/60000 (67%)]	Loss: 0.500000
Train Epoch: 7 [45000/60000 (75%)]	Loss: 0.494487
Train Epoch: 7 [50000/60000 (83%)]	Loss: 0.490556
Train Epoch: 7 [55000/60000 (92%)]	Loss: 0.483483
Train Epoch: 7 [60000/60000 (100%)]	Loss: 0.507982

Average Training loss: 0.0101, Training Error Rate: 89.81% (53889/60000)


Average Test loss: 0.0005, Test Error Rate: 89.69% (8969/10000)

Train Epoch: 8 [5000/60000 (8%)]	Loss: 0.496492
Train Epoch: 8 [10000/60000 (17%)]	Loss: 0.495316
Train Epoch: 8 [15000/60000 (25%)]	Loss: 0.500002
Train Epoch: 8 [20000/60000 (33%)]	Loss: 0.497003
Train Epoch: 8 [25000/60000 (42%)]	Loss: 0.497561
Train Epoch: 8 [30000/60000 (50%)]	Loss: 0.498312
Train Epoch: 8 [35000/60000 (58%)]	Loss: 0.507095
Train Epoch: 8 [40000/60000 (67%)]	Loss: 0.497393
Train Epoch: 8 [45000/60000 (75%)]	Loss: 0.479262
Train Epoch: 8 [50000/60000 (83%)]	Loss: 0.497103
Train Epoch: 8 [55000/60000 (92%)]	Loss: 0.500000
Train Epoch: 8 [60000/60000 (100%)]	Loss: 0.499084

Average Training loss: 0.0100, Training Error Rate: 89.97% (53979/60000)


Average Test loss: 0.0005, Test Error Rate: 90.17% (9017/10000)

Train Epoch: 9 [5000/60000 (8%)]	Loss: 0.500000
Train Epoch: 9 [10000/60000 (17%)]	Loss: 0.502048
Train Epoch: 9 [15000/60000 (25%)]	Loss: 0.499899
Train Epoch: 9 [20000/60000 (33%)]	Loss: 0.488233
Train Epoch: 9 [25000/60000 (42%)]	Loss: 0.500000
Train Epoch: 9 [30000/60000 (50%)]	Loss: 0.495868
Train Epoch: 9 [35000/60000 (58%)]	Loss: 0.500000
Train Epoch: 9 [40000/60000 (67%)]	Loss: 0.499137
Train Epoch: 9 [45000/60000 (75%)]	Loss: 0.500000
Train Epoch: 9 [50000/60000 (83%)]	Loss: 0.500000
Train Epoch: 9 [55000/60000 (92%)]	Loss: 0.500000
Train Epoch: 9 [60000/60000 (100%)]	Loss: 0.498673

Average Training loss: 0.0100, Training Error Rate: 90.14% (54087/60000)


Average Test loss: 0.0005, Test Error Rate: 89.72% (8972/10000)

Train Epoch: 10 [5000/60000 (8%)]	Loss: 0.500001
Train Epoch: 10 [10000/60000 (17%)]	Loss: 0.500000
Train Epoch: 10 [15000/60000 (25%)]	Loss: 0.498946
Train Epoch: 10 [20000/60000 (33%)]	Loss: 0.494438
Train Epoch: 10 [25000/60000 (42%)]	Loss: 0.498640
Train Epoch: 10 [30000/60000 (50%)]	Loss: 0.500726
Train Epoch: 10 [35000/60000 (58%)]	Loss: 0.500000
Train Epoch: 10 [40000/60000 (67%)]	Loss: 0.520477
Train Epoch: 10 [45000/60000 (75%)]	Loss: 0.492814
Train Epoch: 10 [50000/60000 (83%)]	Loss: 0.501045
Train Epoch: 10 [55000/60000 (92%)]	Loss: 0.499674
Train Epoch: 10 [60000/60000 (100%)]	Loss: 0.486684

Average Training loss: 0.0100, Training Error Rate: 90.16% (54096/60000)


Average Test loss: 0.0005, Test Error Rate: 90.40% (9040/10000)

Train Epoch: 11 [5000/60000 (8%)]	Loss: 0.509430
Train Epoch: 11 [10000/60000 (17%)]	Loss: 0.496448
Train Epoch: 11 [15000/60000 (25%)]	Loss: 0.499164
Train Epoch: 11 [20000/60000 (33%)]	Loss: 0.500000
Train Epoch: 11 [25000/60000 (42%)]	Loss: 0.500000
Train Epoch: 11 [30000/60000 (50%)]	Loss: 0.500000
Train Epoch: 11 [35000/60000 (58%)]	Loss: 0.504745
Train Epoch: 11 [40000/60000 (67%)]	Loss: 0.492849
Train Epoch: 11 [45000/60000 (75%)]	Loss: 0.491564
Train Epoch: 11 [50000/60000 (83%)]	Loss: 0.495560
Train Epoch: 11 [55000/60000 (92%)]	Loss: 0.540850
Train Epoch: 11 [60000/60000 (100%)]	Loss: 0.511883

Average Training loss: 0.0100, Training Error Rate: 90.11% (54063/60000)


Average Test loss: 0.0005, Test Error Rate: 89.64% (8964/10000)

Train Epoch: 12 [5000/60000 (8%)]	Loss: 0.495551
Train Epoch: 12 [10000/60000 (17%)]	Loss: 0.491036
Train Epoch: 12 [15000/60000 (25%)]	Loss: 0.492923
Train Epoch: 12 [20000/60000 (33%)]	Loss: 0.491761
Train Epoch: 12 [25000/60000 (42%)]	Loss: 0.498092
Train Epoch: 12 [30000/60000 (50%)]	Loss: 0.509405
Train Epoch: 12 [35000/60000 (58%)]	Loss: 0.499293
Train Epoch: 12 [40000/60000 (67%)]	Loss: 0.484222
slurmstepd: error: *** STEP 15489894.11 ON cn145 CANCELLED AT 2023-10-01T13:12:05 ***
/vast/home/ajherman/miniconda3/envs/pytorch/lib/python3.11/site-packages/torchvision/io/image.py:13: UserWarning: Failed to load image Python extension: '/vast/home/ajherman/miniconda3/envs/pytorch/lib/python3.11/site-packages/torchvision/image.so: undefined symbol: _ZN5torch3jit17parseSchemaOrNameERKNSt7__cxx1112basic_stringIcSt11char_traitsIcESaIcEEE'If you don't plan on using image functionality from `torchvision.io`, you can ignore this warning. Otherwise, there might be something wrong with your environment. Did you have `libjpeg` or `libpng` installed before building `torchvision` from source?
  warn(
Random seed set as 42
dt =  0.10799693854690562
trace decay =  0.8424604416167714
Random seed set as 42
Random seed set as 42
dt =  0.10799693854690562
trace decay =  0.8424604416167714
Random seed set as 42
Train Epoch: 12 [5000/60000 (8%)]	Loss: 0.495711
Train Epoch: 12 [10000/60000 (17%)]	Loss: 0.485774
Train Epoch: 12 [15000/60000 (25%)]	Loss: 0.603309
Train Epoch: 12 [20000/60000 (33%)]	Loss: 0.496676
Train Epoch: 12 [25000/60000 (42%)]	Loss: 0.492505
Train Epoch: 12 [30000/60000 (50%)]	Loss: 0.513068
Train Epoch: 12 [35000/60000 (58%)]	Loss: 0.491899
Train Epoch: 12 [40000/60000 (67%)]	Loss: 0.499063
Train Epoch: 12 [45000/60000 (75%)]	Loss: 0.493668
Train Epoch: 12 [50000/60000 (83%)]	Loss: 0.498338
Train Epoch: 12 [55000/60000 (92%)]	Loss: 0.490973
Train Epoch: 12 [60000/60000 (100%)]	Loss: 0.494103

Average Training loss: 0.0100, Training Error Rate: 89.91% (53944/60000)


Average Test loss: 0.0005, Test Error Rate: 87.44% (8744/10000)

Train Epoch: 13 [5000/60000 (8%)]	Loss: 0.471944
Train Epoch: 13 [10000/60000 (17%)]	Loss: 0.498765
Train Epoch: 13 [15000/60000 (25%)]	Loss: 0.494529
Train Epoch: 13 [20000/60000 (33%)]	Loss: 0.476259
Train Epoch: 13 [25000/60000 (42%)]	Loss: 0.500013
Train Epoch: 13 [30000/60000 (50%)]	Loss: 0.500000
Train Epoch: 13 [35000/60000 (58%)]	Loss: 0.498609
Train Epoch: 13 [40000/60000 (67%)]	Loss: 0.500000
Train Epoch: 13 [45000/60000 (75%)]	Loss: 0.531466
Train Epoch: 13 [50000/60000 (83%)]	Loss: 0.495821
Train Epoch: 13 [55000/60000 (92%)]	Loss: 0.482725
