/vast/home/ajherman/miniconda3/envs/pytorch/lib/python3.11/site-packages/torchvision/io/image.py:13: UserWarning: Failed to load image Python extension: '/vast/home/ajherman/miniconda3/envs/pytorch/lib/python3.11/site-packages/torchvision/image.so: undefined symbol: _ZN5torch3jit17parseSchemaOrNameERKNSt7__cxx1112basic_stringIcSt11char_traitsIcESaIcEEE'If you don't plan on using image functionality from `torchvision.io`, you can ignore this warning. Otherwise, there might be something wrong with your environment. Did you have `libjpeg` or `libpng` installed before building `torchvision` from source?
  warn(
Random seed set as 42
dt =  0.10799693854690562
trace decay =  0.7097395956891255
Random seed set as 42
Random seed set as 42
dt =  0.10799693854690562
trace decay =  0.7097395956891255
Random seed set as 42
Train Epoch: 0 [20000/60000 (33%)]	Loss: 0.502885
Train Epoch: 0 [40000/60000 (67%)]	Loss: 0.500773
Train Epoch: 0 [60000/60000 (100%)]	Loss: 0.538238

Average Training loss: 0.0025, Training Error Rate: 89.82% (53893/60000)


Average Test loss: 0.0005, Test Error Rate: 90.18% (9018/10000)

Train Epoch: 1 [20000/60000 (33%)]	Loss: 0.500000
Train Epoch: 1 [40000/60000 (67%)]	Loss: 0.500000
Train Epoch: 1 [60000/60000 (100%)]	Loss: 0.500000

Average Training loss: 0.0025, Training Error Rate: 89.80% (53878/60000)


Average Test loss: 0.0005, Test Error Rate: 90.20% (9020/10000)

Train Epoch: 2 [20000/60000 (33%)]	Loss: 0.500000
Train Epoch: 2 [40000/60000 (67%)]	Loss: 0.500000
Train Epoch: 2 [60000/60000 (100%)]	Loss: 0.500000

Average Training loss: 0.0025, Training Error Rate: 90.13% (54077/60000)


Average Test loss: 0.0005, Test Error Rate: 90.20% (9020/10000)

Train Epoch: 3 [20000/60000 (33%)]	Loss: 0.500000
Train Epoch: 3 [40000/60000 (67%)]	Loss: 0.496473
Train Epoch: 3 [60000/60000 (100%)]	Loss: 0.500000

Average Training loss: 0.0025, Training Error Rate: 90.15% (54090/60000)


Average Test loss: 0.0005, Test Error Rate: 90.20% (9020/10000)

Train Epoch: 4 [20000/60000 (33%)]	Loss: 0.500000
Train Epoch: 4 [40000/60000 (67%)]	Loss: 0.500000
Train Epoch: 4 [60000/60000 (100%)]	Loss: 0.500000

Average Training loss: 0.0025, Training Error Rate: 90.20% (54122/60000)


Average Test loss: 0.0005, Test Error Rate: 90.20% (9020/10000)

Train Epoch: 5 [20000/60000 (33%)]	Loss: 0.500000
Train Epoch: 5 [40000/60000 (67%)]	Loss: 0.500000
Train Epoch: 5 [60000/60000 (100%)]	Loss: 0.500000

Average Training loss: 0.0025, Training Error Rate: 90.14% (54087/60000)


Average Test loss: 0.0005, Test Error Rate: 90.20% (9020/10000)

Train Epoch: 6 [20000/60000 (33%)]	Loss: 0.500000
Train Epoch: 6 [40000/60000 (67%)]	Loss: 0.500000
Train Epoch: 6 [60000/60000 (100%)]	Loss: 0.500000

Average Training loss: 0.0025, Training Error Rate: 90.13% (54077/60000)


Average Test loss: 0.0005, Test Error Rate: 90.20% (9020/10000)

Train Epoch: 7 [20000/60000 (33%)]	Loss: 0.500000
Train Epoch: 7 [40000/60000 (67%)]	Loss: 0.500000
Train Epoch: 7 [60000/60000 (100%)]	Loss: 0.500000

Average Training loss: 0.0025, Training Error Rate: 90.13% (54077/60000)


Average Test loss: 0.0005, Test Error Rate: 90.20% (9020/10000)

Train Epoch: 8 [20000/60000 (33%)]	Loss: 0.496071
Train Epoch: 8 [40000/60000 (67%)]	Loss: 0.500000
Train Epoch: 8 [60000/60000 (100%)]	Loss: 0.500000

Average Training loss: 0.0025, Training Error Rate: 90.17% (54101/60000)


Average Test loss: 0.0005, Test Error Rate: 90.20% (9020/10000)

Train Epoch: 9 [20000/60000 (33%)]	Loss: 0.500000
Train Epoch: 9 [40000/60000 (67%)]	Loss: 0.500000
Train Epoch: 9 [60000/60000 (100%)]	Loss: 0.500000

Average Training loss: 0.0025, Training Error Rate: 90.13% (54077/60000)


Average Test loss: 0.0005, Test Error Rate: 90.20% (9020/10000)

Train Epoch: 10 [20000/60000 (33%)]	Loss: 0.500000
Train Epoch: 10 [40000/60000 (67%)]	Loss: 0.500000
Train Epoch: 10 [60000/60000 (100%)]	Loss: 0.500000

Average Training loss: 0.0025, Training Error Rate: 90.13% (54077/60000)


Average Test loss: 0.0005, Test Error Rate: 90.20% (9020/10000)

Train Epoch: 11 [20000/60000 (33%)]	Loss: 0.500000
Train Epoch: 11 [40000/60000 (67%)]	Loss: 0.500000
Train Epoch: 11 [60000/60000 (100%)]	Loss: 0.500001

Average Training loss: 0.0025, Training Error Rate: 90.08% (54050/60000)


Average Test loss: 0.0005, Test Error Rate: 90.21% (9021/10000)

Train Epoch: 12 [20000/60000 (33%)]	Loss: 0.500000
Train Epoch: 12 [40000/60000 (67%)]	Loss: 0.500000
Train Epoch: 12 [60000/60000 (100%)]	Loss: 0.500000

Average Training loss: 0.0025, Training Error Rate: 90.15% (54089/60000)


Average Test loss: 0.0005, Test Error Rate: 90.20% (9020/10000)

Train Epoch: 13 [20000/60000 (33%)]	Loss: 0.500001
Train Epoch: 13 [40000/60000 (67%)]	Loss: 0.500000
Train Epoch: 13 [60000/60000 (100%)]	Loss: 0.500000

Average Training loss: 0.0025, Training Error Rate: 90.12% (54075/60000)


Average Test loss: 0.0005, Test Error Rate: 90.20% (9020/10000)

Train Epoch: 14 [20000/60000 (33%)]	Loss: 0.500000
Train Epoch: 14 [40000/60000 (67%)]	Loss: 0.500000
Train Epoch: 14 [60000/60000 (100%)]	Loss: 0.500000

Average Training loss: 0.0025, Training Error Rate: 90.12% (54075/60000)


Average Test loss: 0.0005, Test Error Rate: 90.21% (9021/10000)

Train Epoch: 15 [20000/60000 (33%)]	Loss: 0.500000
Train Epoch: 15 [40000/60000 (67%)]	Loss: 0.500000
Train Epoch: 15 [60000/60000 (100%)]	Loss: 0.499568

Average Training loss: 0.0025, Training Error Rate: 90.12% (54070/60000)


Average Test loss: 0.0005, Test Error Rate: 90.18% (9018/10000)

Train Epoch: 16 [20000/60000 (33%)]	Loss: 0.496680
Train Epoch: 16 [40000/60000 (67%)]	Loss: 0.486748
Train Epoch: 16 [60000/60000 (100%)]	Loss: 0.497514

Average Training loss: 0.0025, Training Error Rate: 90.11% (54068/60000)


Average Test loss: 0.0005, Test Error Rate: 90.10% (9010/10000)

Train Epoch: 17 [20000/60000 (33%)]	Loss: 0.499932
Train Epoch: 17 [40000/60000 (67%)]	Loss: 0.499847
Train Epoch: 17 [60000/60000 (100%)]	Loss: 0.498968

Average Training loss: 0.0025, Training Error Rate: 90.38% (54225/60000)


Average Test loss: 0.0005, Test Error Rate: 90.18% (9018/10000)

Train Epoch: 18 [20000/60000 (33%)]	Loss: 0.497552
Train Epoch: 18 [40000/60000 (67%)]	Loss: 0.494974
Train Epoch: 18 [60000/60000 (100%)]	Loss: 0.499959

Average Training loss: 0.0025, Training Error Rate: 90.42% (54252/60000)


Average Test loss: 0.0005, Test Error Rate: 90.09% (9009/10000)

Train Epoch: 19 [20000/60000 (33%)]	Loss: 0.500006
Train Epoch: 19 [40000/60000 (67%)]	Loss: 0.493022
Train Epoch: 19 [60000/60000 (100%)]	Loss: 0.504290

Average Training loss: 0.0025, Training Error Rate: 90.44% (54264/60000)


Average Test loss: 0.0005, Test Error Rate: 90.99% (9099/10000)

Train Epoch: 20 [20000/60000 (33%)]	Loss: 0.500000
Train Epoch: 20 [40000/60000 (67%)]	Loss: 0.499713
Train Epoch: 20 [60000/60000 (100%)]	Loss: 0.495475

Average Training loss: 0.0025, Training Error Rate: 90.53% (54320/60000)


Average Test loss: 0.0005, Test Error Rate: 91.09% (9109/10000)

Train Epoch: 21 [20000/60000 (33%)]	Loss: 0.493805
Train Epoch: 21 [40000/60000 (67%)]	Loss: 0.496275
Train Epoch: 21 [60000/60000 (100%)]	Loss: 0.497118

Average Training loss: 0.0025, Training Error Rate: 90.64% (54381/60000)


Average Test loss: 0.0005, Test Error Rate: 90.25% (9025/10000)

Train Epoch: 22 [20000/60000 (33%)]	Loss: 0.506394
Train Epoch: 22 [40000/60000 (67%)]	Loss: 0.494038
Train Epoch: 22 [60000/60000 (100%)]	Loss: 0.492456

Average Training loss: 0.0025, Training Error Rate: 90.54% (54326/60000)


Average Test loss: 0.0005, Test Error Rate: 91.08% (9108/10000)

Train Epoch: 23 [20000/60000 (33%)]	Loss: 0.494467
Train Epoch: 23 [40000/60000 (67%)]	Loss: 0.491753
Train Epoch: 23 [60000/60000 (100%)]	Loss: 0.493646

Average Training loss: 0.0025, Training Error Rate: 90.28% (54170/60000)


Average Test loss: 0.0005, Test Error Rate: 90.13% (9013/10000)

Train Epoch: 24 [20000/60000 (33%)]	Loss: 0.498116
Train Epoch: 24 [40000/60000 (67%)]	Loss: 0.484276
Train Epoch: 24 [60000/60000 (100%)]	Loss: 0.487263

Average Training loss: 0.0025, Training Error Rate: 90.29% (54174/60000)


Average Test loss: 0.0005, Test Error Rate: 89.70% (8970/10000)

Train Epoch: 25 [20000/60000 (33%)]	Loss: 0.492498
Train Epoch: 25 [40000/60000 (67%)]	Loss: 0.488830
Train Epoch: 25 [60000/60000 (100%)]	Loss: 0.491440

Average Training loss: 0.0025, Training Error Rate: 90.21% (54126/60000)


Average Test loss: 0.0005, Test Error Rate: 90.08% (9008/10000)

Train Epoch: 26 [20000/60000 (33%)]	Loss: 0.491425
Train Epoch: 26 [40000/60000 (67%)]	Loss: 0.499056
Train Epoch: 26 [60000/60000 (100%)]	Loss: 0.491088

Average Training loss: 0.0025, Training Error Rate: 89.70% (53819/60000)


Average Test loss: 0.0005, Test Error Rate: 90.08% (9008/10000)

Train Epoch: 27 [20000/60000 (33%)]	Loss: 0.488652
Train Epoch: 27 [40000/60000 (67%)]	Loss: 0.493085
Train Epoch: 27 [60000/60000 (100%)]	Loss: 0.496101

Average Training loss: 0.0025, Training Error Rate: 89.70% (53820/60000)


Average Test loss: 0.0005, Test Error Rate: 90.03% (9003/10000)

Train Epoch: 28 [20000/60000 (33%)]	Loss: 0.515762
Train Epoch: 28 [40000/60000 (67%)]	Loss: 0.489227
Train Epoch: 28 [60000/60000 (100%)]	Loss: 0.503657

Average Training loss: 0.0025, Training Error Rate: 89.62% (53770/60000)


Average Test loss: 0.0005, Test Error Rate: 90.92% (9092/10000)

Train Epoch: 29 [20000/60000 (33%)]	Loss: 0.497317
Train Epoch: 29 [40000/60000 (67%)]	Loss: 0.514867
Train Epoch: 29 [60000/60000 (100%)]	Loss: 0.491492

Average Training loss: 0.0025, Training Error Rate: 89.26% (53556/60000)


Average Test loss: 0.0005, Test Error Rate: 89.27% (8927/10000)

Train Epoch: 30 [20000/60000 (33%)]	Loss: 0.488011
Train Epoch: 30 [40000/60000 (67%)]	Loss: 0.490765
Train Epoch: 30 [60000/60000 (100%)]	Loss: 0.499254

Average Training loss: 0.0025, Training Error Rate: 89.00% (53398/60000)


Average Test loss: 0.0005, Test Error Rate: 90.69% (9069/10000)

Train Epoch: 31 [20000/60000 (33%)]	Loss: 0.489484
Train Epoch: 31 [40000/60000 (67%)]	Loss: 0.482352
Train Epoch: 31 [60000/60000 (100%)]	Loss: 0.476054

Average Training loss: 0.0024, Training Error Rate: 88.43% (53059/60000)


Average Test loss: 0.0005, Test Error Rate: 87.68% (8768/10000)

Train Epoch: 32 [20000/60000 (33%)]	Loss: 0.482033
Train Epoch: 32 [40000/60000 (67%)]	Loss: 0.504180
Train Epoch: 32 [60000/60000 (100%)]	Loss: 0.493340

Average Training loss: 0.0024, Training Error Rate: 88.43% (53058/60000)


Average Test loss: 0.0005, Test Error Rate: 88.42% (8842/10000)

Train Epoch: 33 [20000/60000 (33%)]	Loss: 0.478557
Train Epoch: 33 [40000/60000 (67%)]	Loss: 0.484221
Train Epoch: 33 [60000/60000 (100%)]	Loss: 0.486843

Average Training loss: 0.0024, Training Error Rate: 88.51% (53107/60000)


Average Test loss: 0.0005, Test Error Rate: 89.57% (8957/10000)

Train Epoch: 34 [20000/60000 (33%)]	Loss: 0.479258
Train Epoch: 34 [40000/60000 (67%)]	Loss: 0.489105
Train Epoch: 34 [60000/60000 (100%)]	Loss: 0.482281

Average Training loss: 0.0024, Training Error Rate: 87.94% (52764/60000)


Average Test loss: 0.0005, Test Error Rate: 88.47% (8847/10000)

Train Epoch: 35 [20000/60000 (33%)]	Loss: 0.482968
Train Epoch: 35 [40000/60000 (67%)]	Loss: 0.484516
Train Epoch: 35 [60000/60000 (100%)]	Loss: 0.487694

Average Training loss: 0.0024, Training Error Rate: 87.12% (52272/60000)


Average Test loss: 0.0005, Test Error Rate: 86.41% (8641/10000)

Train Epoch: 36 [20000/60000 (33%)]	Loss: 0.498959
Train Epoch: 36 [40000/60000 (67%)]	Loss: 0.483210
Train Epoch: 36 [60000/60000 (100%)]	Loss: 0.480448

Average Training loss: 0.0024, Training Error Rate: 87.04% (52226/60000)


Average Test loss: 0.0005, Test Error Rate: 84.87% (8487/10000)

Train Epoch: 37 [20000/60000 (33%)]	Loss: 0.480018
Train Epoch: 37 [40000/60000 (67%)]	Loss: 0.488364
Train Epoch: 37 [60000/60000 (100%)]	Loss: 0.487733

Average Training loss: 0.0024, Training Error Rate: 86.45% (51869/60000)


Average Test loss: 0.0005, Test Error Rate: 82.68% (8268/10000)

Train Epoch: 38 [20000/60000 (33%)]	Loss: 0.479790
Train Epoch: 38 [40000/60000 (67%)]	Loss: 0.478091
Train Epoch: 38 [60000/60000 (100%)]	Loss: 0.468314

Average Training loss: 0.0024, Training Error Rate: 85.28% (51171/60000)


Average Test loss: 0.0005, Test Error Rate: 88.90% (8890/10000)

Train Epoch: 39 [20000/60000 (33%)]	Loss: 0.474156
Train Epoch: 39 [40000/60000 (67%)]	Loss: 0.478879
Train Epoch: 39 [60000/60000 (100%)]	Loss: 0.494775

Average Training loss: 0.0024, Training Error Rate: 84.36% (50614/60000)


Average Test loss: 0.0005, Test Error Rate: 83.90% (8390/10000)

Train Epoch: 40 [20000/60000 (33%)]	Loss: 0.477881
Train Epoch: 40 [40000/60000 (67%)]	Loss: 0.470514
Train Epoch: 40 [60000/60000 (100%)]	Loss: 0.486891

Average Training loss: 0.0024, Training Error Rate: 84.31% (50587/60000)


Average Test loss: 0.0005, Test Error Rate: 84.44% (8444/10000)

Train Epoch: 41 [20000/60000 (33%)]	Loss: 0.461531
Train Epoch: 41 [40000/60000 (67%)]	Loss: 0.451342
Train Epoch: 41 [60000/60000 (100%)]	Loss: 0.456078

Average Training loss: 0.0023, Training Error Rate: 84.16% (50493/60000)


Average Test loss: 0.0005, Test Error Rate: 85.48% (8548/10000)

Train Epoch: 42 [20000/60000 (33%)]	Loss: 0.458929
Train Epoch: 42 [40000/60000 (67%)]	Loss: 0.470371
Train Epoch: 42 [60000/60000 (100%)]	Loss: 0.474578

Average Training loss: 0.0023, Training Error Rate: 82.87% (49723/60000)


Average Test loss: 0.0005, Test Error Rate: 81.00% (8100/10000)

Train Epoch: 43 [20000/60000 (33%)]	Loss: 0.463233
Train Epoch: 43 [40000/60000 (67%)]	Loss: 0.458936
Train Epoch: 43 [60000/60000 (100%)]	Loss: 0.471388

Average Training loss: 0.0023, Training Error Rate: 81.78% (49071/60000)


Average Test loss: 0.0005, Test Error Rate: 81.62% (8162/10000)

Train Epoch: 44 [20000/60000 (33%)]	Loss: 0.445273
Train Epoch: 44 [40000/60000 (67%)]	Loss: 0.452911
Train Epoch: 44 [60000/60000 (100%)]	Loss: 0.467749

Average Training loss: 0.0023, Training Error Rate: 81.26% (48757/60000)


Average Test loss: 0.0005, Test Error Rate: 80.03% (8003/10000)

Train Epoch: 45 [20000/60000 (33%)]	Loss: 0.453881
Train Epoch: 45 [40000/60000 (67%)]	Loss: 0.443030
Train Epoch: 45 [60000/60000 (100%)]	Loss: 0.460509

Average Training loss: 0.0023, Training Error Rate: 77.49% (46495/60000)


Average Test loss: 0.0004, Test Error Rate: 75.59% (7559/10000)

Train Epoch: 46 [20000/60000 (33%)]	Loss: 0.452365
Train Epoch: 46 [40000/60000 (67%)]	Loss: 0.467021
Train Epoch: 46 [60000/60000 (100%)]	Loss: 0.437096

Average Training loss: 0.0022, Training Error Rate: 76.66% (45993/60000)


Average Test loss: 0.0004, Test Error Rate: 73.45% (7345/10000)

Train Epoch: 47 [20000/60000 (33%)]	Loss: 0.442377
Train Epoch: 47 [40000/60000 (67%)]	Loss: 0.433677
Train Epoch: 47 [60000/60000 (100%)]	Loss: 0.458534

Average Training loss: 0.0022, Training Error Rate: 75.22% (45129/60000)


Average Test loss: 0.0004, Test Error Rate: 75.00% (7500/10000)

Train Epoch: 48 [20000/60000 (33%)]	Loss: 0.431440
Train Epoch: 48 [40000/60000 (67%)]	Loss: 0.440280
Train Epoch: 48 [60000/60000 (100%)]	Loss: 0.437239

Average Training loss: 0.0022, Training Error Rate: 74.08% (44451/60000)


Average Test loss: 0.0004, Test Error Rate: 70.37% (7037/10000)

Train Epoch: 49 [20000/60000 (33%)]	Loss: 0.415769
Train Epoch: 49 [40000/60000 (67%)]	Loss: 0.422685
Train Epoch: 49 [60000/60000 (100%)]	Loss: 0.439369

Average Training loss: 0.0021, Training Error Rate: 71.93% (43157/60000)


Average Test loss: 0.0004, Test Error Rate: 71.79% (7179/10000)

Train Epoch: 50 [20000/60000 (33%)]	Loss: 0.415503
Train Epoch: 50 [40000/60000 (67%)]	Loss: 0.397762
Train Epoch: 50 [60000/60000 (100%)]	Loss: 0.419102

Average Training loss: 0.0021, Training Error Rate: 70.09% (42057/60000)


Average Test loss: 0.0004, Test Error Rate: 69.83% (6983/10000)

Train Epoch: 51 [20000/60000 (33%)]	Loss: 0.404253
Train Epoch: 51 [40000/60000 (67%)]	Loss: 0.426175
Train Epoch: 51 [60000/60000 (100%)]	Loss: 0.417414

Average Training loss: 0.0021, Training Error Rate: 69.41% (41646/60000)


Average Test loss: 0.0004, Test Error Rate: 65.55% (6555/10000)

Train Epoch: 52 [20000/60000 (33%)]	Loss: 0.411046
Train Epoch: 52 [40000/60000 (67%)]	Loss: 0.404326
Train Epoch: 52 [60000/60000 (100%)]	Loss: 0.411977

Average Training loss: 0.0021, Training Error Rate: 67.64% (40582/60000)


Average Test loss: 0.0004, Test Error Rate: 72.62% (7262/10000)

Train Epoch: 53 [20000/60000 (33%)]	Loss: 0.398015
Train Epoch: 53 [40000/60000 (67%)]	Loss: 0.405775
Train Epoch: 53 [60000/60000 (100%)]	Loss: 0.408296

Average Training loss: 0.0020, Training Error Rate: 66.05% (39631/60000)


Average Test loss: 0.0004, Test Error Rate: 63.30% (6330/10000)

Train Epoch: 54 [20000/60000 (33%)]	Loss: 0.383463
Train Epoch: 54 [40000/60000 (67%)]	Loss: 0.407763
Train Epoch: 54 [60000/60000 (100%)]	Loss: 0.399483

Average Training loss: 0.0020, Training Error Rate: 63.86% (38315/60000)


Average Test loss: 0.0004, Test Error Rate: 68.51% (6851/10000)

Train Epoch: 55 [20000/60000 (33%)]	Loss: 0.410068
Train Epoch: 55 [40000/60000 (67%)]	Loss: 0.396183
Train Epoch: 55 [60000/60000 (100%)]	Loss: 0.409428

Average Training loss: 0.0020, Training Error Rate: 65.17% (39102/60000)


Average Test loss: 0.0004, Test Error Rate: 63.35% (6335/10000)

Train Epoch: 56 [20000/60000 (33%)]	Loss: 0.389893
Train Epoch: 56 [40000/60000 (67%)]	Loss: 0.391853
Train Epoch: 56 [60000/60000 (100%)]	Loss: 0.402608

Average Training loss: 0.0020, Training Error Rate: 64.55% (38728/60000)


Average Test loss: 0.0004, Test Error Rate: 61.30% (6130/10000)

Train Epoch: 57 [20000/60000 (33%)]	Loss: 0.399576
Train Epoch: 57 [40000/60000 (67%)]	Loss: 0.372721
Train Epoch: 57 [60000/60000 (100%)]	Loss: 0.370033

Average Training loss: 0.0020, Training Error Rate: 60.84% (36504/60000)


Average Test loss: 0.0004, Test Error Rate: 58.51% (5851/10000)

Train Epoch: 58 [20000/60000 (33%)]	Loss: 0.404599
Train Epoch: 58 [40000/60000 (67%)]	Loss: 0.378481
Train Epoch: 58 [60000/60000 (100%)]	Loss: 0.394057

Average Training loss: 0.0020, Training Error Rate: 61.04% (36624/60000)


Average Test loss: 0.0004, Test Error Rate: 62.16% (6216/10000)

Train Epoch: 59 [20000/60000 (33%)]	Loss: 0.383243
Train Epoch: 59 [40000/60000 (67%)]	Loss: 0.378195
Train Epoch: 59 [60000/60000 (100%)]	Loss: 0.385448

Average Training loss: 0.0019, Training Error Rate: 59.32% (35590/60000)


Average Test loss: 0.0004, Test Error Rate: 57.15% (5715/10000)

Train Epoch: 60 [20000/60000 (33%)]	Loss: 0.380941
Train Epoch: 60 [40000/60000 (67%)]	Loss: 0.369437
Train Epoch: 60 [60000/60000 (100%)]	Loss: 0.346252

Average Training loss: 0.0019, Training Error Rate: 59.24% (35543/60000)


Average Test loss: 0.0004, Test Error Rate: 58.50% (5850/10000)

Train Epoch: 61 [20000/60000 (33%)]	Loss: 0.376311
Train Epoch: 61 [40000/60000 (67%)]	Loss: 0.373904
Train Epoch: 61 [60000/60000 (100%)]	Loss: 0.334468

Average Training loss: 0.0018, Training Error Rate: 56.86% (34117/60000)


Average Test loss: 0.0004, Test Error Rate: 53.63% (5363/10000)

Train Epoch: 62 [20000/60000 (33%)]	Loss: 0.358037
Train Epoch: 62 [40000/60000 (67%)]	Loss: 0.361341
Train Epoch: 62 [60000/60000 (100%)]	Loss: 0.375966

Average Training loss: 0.0018, Training Error Rate: 53.73% (32238/60000)


Average Test loss: 0.0004, Test Error Rate: 55.48% (5548/10000)

Train Epoch: 63 [20000/60000 (33%)]	Loss: 0.350645
Train Epoch: 63 [40000/60000 (67%)]	Loss: 0.336369
Train Epoch: 63 [60000/60000 (100%)]	Loss: 0.347593

Average Training loss: 0.0018, Training Error Rate: 52.86% (31717/60000)


Average Test loss: 0.0003, Test Error Rate: 52.12% (5212/10000)

Train Epoch: 64 [20000/60000 (33%)]	Loss: 0.348508
Train Epoch: 64 [40000/60000 (67%)]	Loss: 0.337683
Train Epoch: 64 [60000/60000 (100%)]	Loss: 0.352942

Average Training loss: 0.0017, Training Error Rate: 50.55% (30332/60000)


Average Test loss: 0.0003, Test Error Rate: 48.23% (4823/10000)

Train Epoch: 65 [20000/60000 (33%)]	Loss: 0.349187
Train Epoch: 65 [40000/60000 (67%)]	Loss: 0.328608
Train Epoch: 65 [60000/60000 (100%)]	Loss: 0.330808

Average Training loss: 0.0017, Training Error Rate: 48.69% (29214/60000)


Average Test loss: 0.0003, Test Error Rate: 48.54% (4854/10000)

Train Epoch: 66 [20000/60000 (33%)]	Loss: 0.321604
Train Epoch: 66 [40000/60000 (67%)]	Loss: 0.343888
Train Epoch: 66 [60000/60000 (100%)]	Loss: 0.321969

Average Training loss: 0.0017, Training Error Rate: 47.63% (28581/60000)


Average Test loss: 0.0003, Test Error Rate: 46.78% (4678/10000)

Train Epoch: 67 [20000/60000 (33%)]	Loss: 0.346039
Train Epoch: 67 [40000/60000 (67%)]	Loss: 0.309202
Train Epoch: 67 [60000/60000 (100%)]	Loss: 0.308821

Average Training loss: 0.0016, Training Error Rate: 46.05% (27629/60000)


Average Test loss: 0.0003, Test Error Rate: 43.60% (4360/10000)

Train Epoch: 68 [20000/60000 (33%)]	Loss: 0.302952
Train Epoch: 68 [40000/60000 (67%)]	Loss: 0.310659
Train Epoch: 68 [60000/60000 (100%)]	Loss: 0.302480

Average Training loss: 0.0016, Training Error Rate: 45.07% (27042/60000)


Average Test loss: 0.0003, Test Error Rate: 43.99% (4399/10000)

Train Epoch: 69 [20000/60000 (33%)]	Loss: 0.324377
Train Epoch: 69 [40000/60000 (67%)]	Loss: 0.308724
Train Epoch: 69 [60000/60000 (100%)]	Loss: 0.303227

Average Training loss: 0.0016, Training Error Rate: 44.55% (26730/60000)


Average Test loss: 0.0003, Test Error Rate: 43.89% (4389/10000)

Train Epoch: 70 [20000/60000 (33%)]	Loss: 0.304058
Train Epoch: 70 [40000/60000 (67%)]	Loss: 0.301128
Train Epoch: 70 [60000/60000 (100%)]	Loss: 0.308737

Average Training loss: 0.0015, Training Error Rate: 43.01% (25804/60000)


Average Test loss: 0.0003, Test Error Rate: 42.36% (4236/10000)

Train Epoch: 71 [20000/60000 (33%)]	Loss: 0.268322
Train Epoch: 71 [40000/60000 (67%)]	Loss: 0.281074
Train Epoch: 71 [60000/60000 (100%)]	Loss: 0.288125

Average Training loss: 0.0015, Training Error Rate: 42.42% (25452/60000)


Average Test loss: 0.0003, Test Error Rate: 40.94% (4094/10000)

Train Epoch: 72 [20000/60000 (33%)]	Loss: 0.300488
Train Epoch: 72 [40000/60000 (67%)]	Loss: 0.290000
Train Epoch: 72 [60000/60000 (100%)]	Loss: 0.281783

Average Training loss: 0.0015, Training Error Rate: 41.02% (24615/60000)


Average Test loss: 0.0003, Test Error Rate: 39.48% (3948/10000)

Train Epoch: 73 [20000/60000 (33%)]	Loss: 0.280581
Train Epoch: 73 [40000/60000 (67%)]	Loss: 0.301432
Train Epoch: 73 [60000/60000 (100%)]	Loss: 0.298454

Average Training loss: 0.0015, Training Error Rate: 41.09% (24657/60000)


Average Test loss: 0.0003, Test Error Rate: 39.83% (3983/10000)

Train Epoch: 74 [20000/60000 (33%)]	Loss: 0.282102
Train Epoch: 74 [40000/60000 (67%)]	Loss: 0.279771
Train Epoch: 74 [60000/60000 (100%)]	Loss: 0.285546

Average Training loss: 0.0015, Training Error Rate: 41.09% (24653/60000)


Average Test loss: 0.0003, Test Error Rate: 40.56% (4056/10000)

Train Epoch: 75 [20000/60000 (33%)]	Loss: 0.295327
Train Epoch: 75 [40000/60000 (67%)]	Loss: 0.256475
Train Epoch: 75 [60000/60000 (100%)]	Loss: 0.321005

Average Training loss: 0.0015, Training Error Rate: 40.70% (24420/60000)


Average Test loss: 0.0003, Test Error Rate: 39.02% (3902/10000)

Train Epoch: 76 [20000/60000 (33%)]	Loss: 0.281639
Train Epoch: 76 [40000/60000 (67%)]	Loss: 0.274226
Train Epoch: 76 [60000/60000 (100%)]	Loss: 0.289084

Average Training loss: 0.0014, Training Error Rate: 39.60% (23760/60000)


Average Test loss: 0.0003, Test Error Rate: 38.92% (3892/10000)

Train Epoch: 77 [20000/60000 (33%)]	Loss: 0.297209
Train Epoch: 77 [40000/60000 (67%)]	Loss: 0.267085
Train Epoch: 77 [60000/60000 (100%)]	Loss: 0.297466

Average Training loss: 0.0015, Training Error Rate: 39.96% (23976/60000)


Average Test loss: 0.0003, Test Error Rate: 39.60% (3960/10000)

Train Epoch: 78 [20000/60000 (33%)]	Loss: 0.298618
Train Epoch: 78 [40000/60000 (67%)]	Loss: 0.277268
Train Epoch: 78 [60000/60000 (100%)]	Loss: 0.284519

Average Training loss: 0.0014, Training Error Rate: 38.94% (23361/60000)


Average Test loss: 0.0003, Test Error Rate: 38.10% (3810/10000)

Train Epoch: 79 [20000/60000 (33%)]	Loss: 0.293297
Train Epoch: 79 [40000/60000 (67%)]	Loss: 0.279540
Train Epoch: 79 [60000/60000 (100%)]	Loss: 0.277109

Average Training loss: 0.0014, Training Error Rate: 38.49% (23096/60000)


Average Test loss: 0.0003, Test Error Rate: 38.25% (3825/10000)

Train Epoch: 80 [20000/60000 (33%)]	Loss: 0.293848
Train Epoch: 80 [40000/60000 (67%)]	Loss: 0.308844
Train Epoch: 80 [60000/60000 (100%)]	Loss: 0.264088

Average Training loss: 0.0014, Training Error Rate: 38.68% (23206/60000)


Average Test loss: 0.0003, Test Error Rate: 38.97% (3897/10000)

Train Epoch: 81 [20000/60000 (33%)]	Loss: 0.267244
Train Epoch: 81 [40000/60000 (67%)]	Loss: 0.270530
Train Epoch: 81 [60000/60000 (100%)]	Loss: 0.278677

Average Training loss: 0.0014, Training Error Rate: 38.14% (22883/60000)


Average Test loss: 0.0003, Test Error Rate: 36.42% (3642/10000)

Train Epoch: 82 [20000/60000 (33%)]	Loss: 0.265214
Train Epoch: 82 [40000/60000 (67%)]	Loss: 0.296998
Train Epoch: 82 [60000/60000 (100%)]	Loss: 0.268153

Average Training loss: 0.0014, Training Error Rate: 37.45% (22470/60000)


Average Test loss: 0.0003, Test Error Rate: 37.24% (3724/10000)

Train Epoch: 83 [20000/60000 (33%)]	Loss: 0.264209
Train Epoch: 83 [40000/60000 (67%)]	Loss: 0.241441
Train Epoch: 83 [60000/60000 (100%)]	Loss: 0.321521

Average Training loss: 0.0014, Training Error Rate: 37.53% (22517/60000)


Average Test loss: 0.0003, Test Error Rate: 36.88% (3688/10000)

Train Epoch: 84 [20000/60000 (33%)]	Loss: 0.274719
Train Epoch: 84 [40000/60000 (67%)]	Loss: 0.256260
Train Epoch: 84 [60000/60000 (100%)]	Loss: 0.275766

Average Training loss: 0.0014, Training Error Rate: 37.70% (22618/60000)


Average Test loss: 0.0003, Test Error Rate: 36.93% (3693/10000)

Train Epoch: 85 [20000/60000 (33%)]	Loss: 0.265963
Train Epoch: 85 [40000/60000 (67%)]	Loss: 0.261170
Train Epoch: 85 [60000/60000 (100%)]	Loss: 0.280787

Average Training loss: 0.0013, Training Error Rate: 37.08% (22248/60000)


Average Test loss: 0.0003, Test Error Rate: 36.44% (3644/10000)

Train Epoch: 86 [20000/60000 (33%)]	Loss: 0.259146
Train Epoch: 86 [40000/60000 (67%)]	Loss: 0.270078
Train Epoch: 86 [60000/60000 (100%)]	Loss: 0.262885

Average Training loss: 0.0013, Training Error Rate: 36.93% (22159/60000)


Average Test loss: 0.0003, Test Error Rate: 36.27% (3627/10000)

Train Epoch: 87 [20000/60000 (33%)]	Loss: 0.241236
Train Epoch: 87 [40000/60000 (67%)]	Loss: 0.275056
Train Epoch: 87 [60000/60000 (100%)]	Loss: 0.240037

Average Training loss: 0.0013, Training Error Rate: 36.69% (22013/60000)


Average Test loss: 0.0003, Test Error Rate: 35.45% (3545/10000)

Train Epoch: 88 [20000/60000 (33%)]	Loss: 0.281155
Train Epoch: 88 [40000/60000 (67%)]	Loss: 0.224956
Train Epoch: 88 [60000/60000 (100%)]	Loss: 0.287341

Average Training loss: 0.0013, Training Error Rate: 36.62% (21974/60000)


Average Test loss: 0.0003, Test Error Rate: 35.29% (3529/10000)

Train Epoch: 89 [20000/60000 (33%)]	Loss: 0.245182
Train Epoch: 89 [40000/60000 (67%)]	Loss: 0.272569
Train Epoch: 89 [60000/60000 (100%)]	Loss: 0.245360

Average Training loss: 0.0013, Training Error Rate: 36.78% (22067/60000)


Average Test loss: 0.0003, Test Error Rate: 35.53% (3553/10000)

Train Epoch: 90 [20000/60000 (33%)]	Loss: 0.284058
Train Epoch: 90 [40000/60000 (67%)]	Loss: 0.227407
Train Epoch: 90 [60000/60000 (100%)]	Loss: 0.264793

Average Training loss: 0.0013, Training Error Rate: 36.29% (21773/60000)


Average Test loss: 0.0002, Test Error Rate: 35.02% (3502/10000)

Train Epoch: 91 [20000/60000 (33%)]	Loss: 0.212175
Train Epoch: 91 [40000/60000 (67%)]	Loss: 0.277051
Train Epoch: 91 [60000/60000 (100%)]	Loss: 0.263986

Average Training loss: 0.0012, Training Error Rate: 35.79% (21474/60000)


Average Test loss: 0.0002, Test Error Rate: 34.80% (3480/10000)

Train Epoch: 92 [20000/60000 (33%)]	Loss: 0.257291
Train Epoch: 92 [40000/60000 (67%)]	Loss: 0.228445
Train Epoch: 92 [60000/60000 (100%)]	Loss: 0.243480

Average Training loss: 0.0012, Training Error Rate: 35.70% (21420/60000)


Average Test loss: 0.0002, Test Error Rate: 34.92% (3492/10000)

Train Epoch: 93 [20000/60000 (33%)]	Loss: 0.219878
Train Epoch: 93 [40000/60000 (67%)]	Loss: 0.252352
Train Epoch: 93 [60000/60000 (100%)]	Loss: 0.232018

Average Training loss: 0.0013, Training Error Rate: 35.46% (21277/60000)


Average Test loss: 0.0002, Test Error Rate: 34.67% (3467/10000)

Train Epoch: 94 [20000/60000 (33%)]	Loss: 0.241411
Train Epoch: 94 [40000/60000 (67%)]	Loss: 0.240516
Train Epoch: 94 [60000/60000 (100%)]	Loss: 0.251703

Average Training loss: 0.0012, Training Error Rate: 34.95% (20968/60000)


Average Test loss: 0.0002, Test Error Rate: 34.49% (3449/10000)

Train Epoch: 95 [20000/60000 (33%)]	Loss: 0.265307
Train Epoch: 95 [40000/60000 (67%)]	Loss: 0.221755
Train Epoch: 95 [60000/60000 (100%)]	Loss: 0.246827

Average Training loss: 0.0012, Training Error Rate: 35.21% (21124/60000)


Average Test loss: 0.0002, Test Error Rate: 34.88% (3488/10000)

Train Epoch: 96 [20000/60000 (33%)]	Loss: 0.230646
Train Epoch: 96 [40000/60000 (67%)]	Loss: 0.235017
Train Epoch: 96 [60000/60000 (100%)]	Loss: 0.245413

Average Training loss: 0.0012, Training Error Rate: 34.82% (20894/60000)


Average Test loss: 0.0002, Test Error Rate: 34.63% (3463/10000)

Train Epoch: 97 [20000/60000 (33%)]	Loss: 0.270793
Train Epoch: 97 [40000/60000 (67%)]	Loss: 0.258793
Train Epoch: 97 [60000/60000 (100%)]	Loss: 0.268405

Average Training loss: 0.0012, Training Error Rate: 34.84% (20903/60000)


Average Test loss: 0.0002, Test Error Rate: 34.23% (3423/10000)

Train Epoch: 98 [20000/60000 (33%)]	Loss: 0.238925
Train Epoch: 98 [40000/60000 (67%)]	Loss: 0.258050
Train Epoch: 98 [60000/60000 (100%)]	Loss: 0.215206

Average Training loss: 0.0012, Training Error Rate: 34.59% (20755/60000)


Average Test loss: 0.0002, Test Error Rate: 34.70% (3470/10000)

Train Epoch: 99 [20000/60000 (33%)]	Loss: 0.241479
Train Epoch: 99 [40000/60000 (67%)]	Loss: 0.271610
Train Epoch: 99 [60000/60000 (100%)]	Loss: 0.230403

Average Training loss: 0.0012, Training Error Rate: 35.01% (21008/60000)


Average Test loss: 0.0002, Test Error Rate: 34.38% (3438/10000)

