/vast/home/ajherman/miniconda3/envs/pytorch/lib/python3.11/site-packages/torchvision/io/image.py:13: UserWarning: Failed to load image Python extension: '/vast/home/ajherman/miniconda3/envs/pytorch/lib/python3.11/site-packages/torchvision/image.so: undefined symbol: _ZN5torch3jit17parseSchemaOrNameERKNSt7__cxx1112basic_stringIcSt11char_traitsIcESaIcEEE'If you don't plan on using image functionality from `torchvision.io`, you can ignore this warning. Otherwise, there might be something wrong with your environment. Did you have `libjpeg` or `libpng` installed before building `torchvision` from source?
  warn(
Random seed set as 42
dt =  0.2340716616353513
trace decay =  0.44932896411722156
Random seed set as 42
Random seed set as 42
dt =  0.2340716616353513
trace decay =  0.44932896411722156
Random seed set as 42
Train Epoch: 0 [2500/60000 (4%)]	Loss: 0.440933
Train Epoch: 0 [5000/60000 (8%)]	Loss: 0.415134
Train Epoch: 0 [7500/60000 (12%)]	Loss: 0.353299
Train Epoch: 0 [10000/60000 (17%)]	Loss: 0.364187
Train Epoch: 0 [12500/60000 (21%)]	Loss: 0.240763
Train Epoch: 0 [15000/60000 (25%)]	Loss: 0.296783
Train Epoch: 0 [17500/60000 (29%)]	Loss: 0.237078
Train Epoch: 0 [20000/60000 (33%)]	Loss: 0.294272
Train Epoch: 0 [22500/60000 (38%)]	Loss: 0.195217
Train Epoch: 0 [25000/60000 (42%)]	Loss: 0.236163
Train Epoch: 0 [27500/60000 (46%)]	Loss: 0.244219
Train Epoch: 0 [30000/60000 (50%)]	Loss: 0.247780
Train Epoch: 0 [32500/60000 (54%)]	Loss: 0.228920
Train Epoch: 0 [35000/60000 (58%)]	Loss: 0.182284
Train Epoch: 0 [37500/60000 (62%)]	Loss: 0.231693
Train Epoch: 0 [40000/60000 (67%)]	Loss: 0.156300
Train Epoch: 0 [42500/60000 (71%)]	Loss: 0.164031
Train Epoch: 0 [45000/60000 (75%)]	Loss: 0.230928
Train Epoch: 0 [47500/60000 (79%)]	Loss: 0.214935
Train Epoch: 0 [50000/60000 (83%)]	Loss: 0.157759
Train Epoch: 0 [52500/60000 (88%)]	Loss: 0.135880
Train Epoch: 0 [55000/60000 (92%)]	Loss: 0.197400
Train Epoch: 0 [57500/60000 (96%)]	Loss: 0.172240
Train Epoch: 0 [60000/60000 (100%)]	Loss: 0.176533

Average Training loss: 0.0104, Training Error Rate: 31.16% (18696/60000)


Average Test loss: 0.0002, Test Error Rate: 17.16% (1716/10000)

Train Epoch: 1 [2500/60000 (4%)]	Loss: 0.127136
Train Epoch: 1 [5000/60000 (8%)]	Loss: 0.142148
Train Epoch: 1 [7500/60000 (12%)]	Loss: 0.120905
Train Epoch: 1 [10000/60000 (17%)]	Loss: 0.178358
Train Epoch: 1 [12500/60000 (21%)]	Loss: 0.186714
Train Epoch: 1 [15000/60000 (25%)]	Loss: 0.162952
Train Epoch: 1 [17500/60000 (29%)]	Loss: 0.181701
Train Epoch: 1 [20000/60000 (33%)]	Loss: 0.174697
Train Epoch: 1 [22500/60000 (38%)]	Loss: 0.168601
Train Epoch: 1 [25000/60000 (42%)]	Loss: 0.172387
Train Epoch: 1 [27500/60000 (46%)]	Loss: 0.156179
Train Epoch: 1 [30000/60000 (50%)]	Loss: 0.145275
Train Epoch: 1 [32500/60000 (54%)]	Loss: 0.194450
Train Epoch: 1 [35000/60000 (58%)]	Loss: 0.153524
Train Epoch: 1 [37500/60000 (62%)]	Loss: 0.173864
Train Epoch: 1 [40000/60000 (67%)]	Loss: 0.189779
Train Epoch: 1 [42500/60000 (71%)]	Loss: 0.124439
Train Epoch: 1 [45000/60000 (75%)]	Loss: 0.169124
Train Epoch: 1 [47500/60000 (79%)]	Loss: 0.169976
Train Epoch: 1 [50000/60000 (83%)]	Loss: 0.204716
Train Epoch: 1 [52500/60000 (88%)]	Loss: 0.194839
Train Epoch: 1 [55000/60000 (92%)]	Loss: 0.172037
Train Epoch: 1 [57500/60000 (96%)]	Loss: 0.164528
Train Epoch: 1 [60000/60000 (100%)]	Loss: 0.119403

Average Training loss: 0.0066, Training Error Rate: 17.43% (10460/60000)


Average Test loss: 0.0001, Test Error Rate: 15.68% (1568/10000)

Train Epoch: 2 [2500/60000 (4%)]	Loss: 0.105524
Train Epoch: 2 [5000/60000 (8%)]	Loss: 0.172373
Train Epoch: 2 [7500/60000 (12%)]	Loss: 0.103370
Train Epoch: 2 [10000/60000 (17%)]	Loss: 0.141323
Train Epoch: 2 [12500/60000 (21%)]	Loss: 0.091674
Train Epoch: 2 [15000/60000 (25%)]	Loss: 0.191543
Train Epoch: 2 [17500/60000 (29%)]	Loss: 0.171359
Train Epoch: 2 [20000/60000 (33%)]	Loss: 0.087713
Train Epoch: 2 [22500/60000 (38%)]	Loss: 0.108691
Train Epoch: 2 [25000/60000 (42%)]	Loss: 0.136517
Train Epoch: 2 [27500/60000 (46%)]	Loss: 0.139979
Train Epoch: 2 [30000/60000 (50%)]	Loss: 0.087264
Train Epoch: 2 [32500/60000 (54%)]	Loss: 0.144479
Train Epoch: 2 [35000/60000 (58%)]	Loss: 0.145162
Train Epoch: 2 [37500/60000 (62%)]	Loss: 0.151560
Train Epoch: 2 [40000/60000 (67%)]	Loss: 0.122799
Train Epoch: 2 [42500/60000 (71%)]	Loss: 0.205588
Train Epoch: 2 [45000/60000 (75%)]	Loss: 0.094655
Train Epoch: 2 [47500/60000 (79%)]	Loss: 0.137029
Train Epoch: 2 [50000/60000 (83%)]	Loss: 0.164688
Train Epoch: 2 [52500/60000 (88%)]	Loss: 0.097564
Train Epoch: 2 [55000/60000 (92%)]	Loss: 0.231308
Train Epoch: 2 [57500/60000 (96%)]	Loss: 0.155774
Train Epoch: 2 [60000/60000 (100%)]	Loss: 0.175561

Average Training loss: 0.0058, Training Error Rate: 15.59% (9356/60000)


Average Test loss: 0.0001, Test Error Rate: 14.97% (1497/10000)

Train Epoch: 3 [2500/60000 (4%)]	Loss: 0.167360
Train Epoch: 3 [5000/60000 (8%)]	Loss: 0.138322
Train Epoch: 3 [7500/60000 (12%)]	Loss: 0.109465
Train Epoch: 3 [10000/60000 (17%)]	Loss: 0.190640
Train Epoch: 3 [12500/60000 (21%)]	Loss: 0.044046
Train Epoch: 3 [15000/60000 (25%)]	Loss: 0.141264
Train Epoch: 3 [17500/60000 (29%)]	Loss: 0.148933
Train Epoch: 3 [20000/60000 (33%)]	Loss: 0.057884
Train Epoch: 3 [22500/60000 (38%)]	Loss: 0.144800
Train Epoch: 3 [25000/60000 (42%)]	Loss: 0.230281
Train Epoch: 3 [27500/60000 (46%)]	Loss: 0.086418
Train Epoch: 3 [30000/60000 (50%)]	Loss: 0.205693
Train Epoch: 3 [32500/60000 (54%)]	Loss: 0.114585
Train Epoch: 3 [35000/60000 (58%)]	Loss: 0.149285
Train Epoch: 3 [37500/60000 (62%)]	Loss: 0.163523
Train Epoch: 3 [40000/60000 (67%)]	Loss: 0.155925
Train Epoch: 3 [42500/60000 (71%)]	Loss: 0.085604
Train Epoch: 3 [45000/60000 (75%)]	Loss: 0.149457
Train Epoch: 3 [47500/60000 (79%)]	Loss: 0.124401
Train Epoch: 3 [50000/60000 (83%)]	Loss: 0.104105
Train Epoch: 3 [52500/60000 (88%)]	Loss: 0.144909
Train Epoch: 3 [55000/60000 (92%)]	Loss: 0.130312
Train Epoch: 3 [57500/60000 (96%)]	Loss: 0.120489
Train Epoch: 3 [60000/60000 (100%)]	Loss: 0.179356

Average Training loss: 0.0054, Training Error Rate: 14.71% (8828/60000)


Average Test loss: 0.0001, Test Error Rate: 14.09% (1409/10000)

Train Epoch: 4 [2500/60000 (4%)]	Loss: 0.094826
Train Epoch: 4 [5000/60000 (8%)]	Loss: 0.185708
Train Epoch: 4 [7500/60000 (12%)]	Loss: 0.093260
Train Epoch: 4 [10000/60000 (17%)]	Loss: 0.089949
Train Epoch: 4 [12500/60000 (21%)]	Loss: 0.056481
Train Epoch: 4 [15000/60000 (25%)]	Loss: 0.110346
Train Epoch: 4 [17500/60000 (29%)]	Loss: 0.108390
Train Epoch: 4 [20000/60000 (33%)]	Loss: 0.172021
Train Epoch: 4 [22500/60000 (38%)]	Loss: 0.123283
Train Epoch: 4 [25000/60000 (42%)]	Loss: 0.109260
Train Epoch: 4 [27500/60000 (46%)]	Loss: 0.120124
Train Epoch: 4 [30000/60000 (50%)]	Loss: 0.052413
Train Epoch: 4 [32500/60000 (54%)]	Loss: 0.150279
Train Epoch: 4 [35000/60000 (58%)]	Loss: 0.056487
Train Epoch: 4 [37500/60000 (62%)]	Loss: 0.101934
Train Epoch: 4 [40000/60000 (67%)]	Loss: 0.142208
Train Epoch: 4 [42500/60000 (71%)]	Loss: 0.136640
Train Epoch: 4 [45000/60000 (75%)]	Loss: 0.187468
Train Epoch: 4 [47500/60000 (79%)]	Loss: 0.129947
Train Epoch: 4 [50000/60000 (83%)]	Loss: 0.142600
Train Epoch: 4 [52500/60000 (88%)]	Loss: 0.123329
Train Epoch: 4 [55000/60000 (92%)]	Loss: 0.108618
Train Epoch: 4 [57500/60000 (96%)]	Loss: 0.071831
Train Epoch: 4 [60000/60000 (100%)]	Loss: 0.076613

Average Training loss: 0.0051, Training Error Rate: 13.88% (8329/60000)


Average Test loss: 0.0001, Test Error Rate: 13.54% (1354/10000)

Train Epoch: 5 [2500/60000 (4%)]	Loss: 0.070985
Train Epoch: 5 [5000/60000 (8%)]	Loss: 0.131460
Train Epoch: 5 [7500/60000 (12%)]	Loss: 0.040410
Train Epoch: 5 [10000/60000 (17%)]	Loss: 0.044698
Train Epoch: 5 [12500/60000 (21%)]	Loss: 0.079133
Train Epoch: 5 [15000/60000 (25%)]	Loss: 0.180909
Train Epoch: 5 [17500/60000 (29%)]	Loss: 0.115823
Train Epoch: 5 [20000/60000 (33%)]	Loss: 0.160776
Train Epoch: 5 [22500/60000 (38%)]	Loss: 0.037947
Train Epoch: 5 [25000/60000 (42%)]	Loss: 0.069519
Train Epoch: 5 [27500/60000 (46%)]	Loss: 0.090773
Train Epoch: 5 [30000/60000 (50%)]	Loss: 0.203093
Train Epoch: 5 [32500/60000 (54%)]	Loss: 0.093009
Train Epoch: 5 [35000/60000 (58%)]	Loss: 0.146204
Train Epoch: 5 [37500/60000 (62%)]	Loss: 0.156561
Train Epoch: 5 [40000/60000 (67%)]	Loss: 0.113679
Train Epoch: 5 [42500/60000 (71%)]	Loss: 0.147577
Train Epoch: 5 [45000/60000 (75%)]	Loss: 0.141054
Train Epoch: 5 [47500/60000 (79%)]	Loss: 0.138084
Train Epoch: 5 [50000/60000 (83%)]	Loss: 0.198036
Train Epoch: 5 [52500/60000 (88%)]	Loss: 0.128398
Train Epoch: 5 [55000/60000 (92%)]	Loss: 0.098177
Train Epoch: 5 [57500/60000 (96%)]	Loss: 0.103539
Train Epoch: 5 [60000/60000 (100%)]	Loss: 0.082916

Average Training loss: 0.0050, Training Error Rate: 13.89% (8335/60000)


Average Test loss: 0.0001, Test Error Rate: 13.56% (1356/10000)

Train Epoch: 6 [2500/60000 (4%)]	Loss: 0.070541
Train Epoch: 6 [5000/60000 (8%)]	Loss: 0.160300
Train Epoch: 6 [7500/60000 (12%)]	Loss: 0.252588
Train Epoch: 6 [10000/60000 (17%)]	Loss: 0.103616
Train Epoch: 6 [12500/60000 (21%)]	Loss: 0.159328
Train Epoch: 6 [15000/60000 (25%)]	Loss: 0.081627
Train Epoch: 6 [17500/60000 (29%)]	Loss: 0.143568
Train Epoch: 6 [20000/60000 (33%)]	Loss: 0.156437
Train Epoch: 6 [22500/60000 (38%)]	Loss: 0.054269
Train Epoch: 6 [25000/60000 (42%)]	Loss: 0.113440
Train Epoch: 6 [27500/60000 (46%)]	Loss: 0.088739
Train Epoch: 6 [30000/60000 (50%)]	Loss: 0.096900
Train Epoch: 6 [32500/60000 (54%)]	Loss: 0.037850
Train Epoch: 6 [35000/60000 (58%)]	Loss: 0.145223
Train Epoch: 6 [37500/60000 (62%)]	Loss: 0.079163
Train Epoch: 6 [40000/60000 (67%)]	Loss: 0.089476
Train Epoch: 6 [42500/60000 (71%)]	Loss: 0.098127
Train Epoch: 6 [45000/60000 (75%)]	Loss: 0.088668
Train Epoch: 6 [47500/60000 (79%)]	Loss: 0.102420
Train Epoch: 6 [50000/60000 (83%)]	Loss: 0.119608
Train Epoch: 6 [52500/60000 (88%)]	Loss: 0.184021
Train Epoch: 6 [55000/60000 (92%)]	Loss: 0.134449
Train Epoch: 6 [57500/60000 (96%)]	Loss: 0.086239
Train Epoch: 6 [60000/60000 (100%)]	Loss: 0.095857

Average Training loss: 0.0048, Training Error Rate: 13.29% (7975/60000)


Average Test loss: 0.0001, Test Error Rate: 12.11% (1211/10000)

Train Epoch: 7 [2500/60000 (4%)]	Loss: 0.112673
Train Epoch: 7 [5000/60000 (8%)]	Loss: 0.078048
Train Epoch: 7 [7500/60000 (12%)]	Loss: 0.063881
Train Epoch: 7 [10000/60000 (17%)]	Loss: 0.049360
Train Epoch: 7 [12500/60000 (21%)]	Loss: 0.208916
Train Epoch: 7 [15000/60000 (25%)]	Loss: 0.152561
Train Epoch: 7 [17500/60000 (29%)]	Loss: 0.070059
Train Epoch: 7 [20000/60000 (33%)]	Loss: 0.114396
Train Epoch: 7 [22500/60000 (38%)]	Loss: 0.055526
Train Epoch: 7 [25000/60000 (42%)]	Loss: 0.131236
Train Epoch: 7 [27500/60000 (46%)]	Loss: 0.050059
Train Epoch: 7 [30000/60000 (50%)]	Loss: 0.069420
Train Epoch: 7 [32500/60000 (54%)]	Loss: 0.156492
Train Epoch: 7 [35000/60000 (58%)]	Loss: 0.068892
Train Epoch: 7 [37500/60000 (62%)]	Loss: 0.163731
Train Epoch: 7 [40000/60000 (67%)]	Loss: 0.122070
Train Epoch: 7 [42500/60000 (71%)]	Loss: 0.221487
Train Epoch: 7 [45000/60000 (75%)]	Loss: 0.147038
Train Epoch: 7 [47500/60000 (79%)]	Loss: 0.093973
Train Epoch: 7 [50000/60000 (83%)]	Loss: 0.085017
Train Epoch: 7 [52500/60000 (88%)]	Loss: 0.172427
Train Epoch: 7 [55000/60000 (92%)]	Loss: 0.067532
Train Epoch: 7 [57500/60000 (96%)]	Loss: 0.137164
Train Epoch: 7 [60000/60000 (100%)]	Loss: 0.091579

Average Training loss: 0.0044, Training Error Rate: 12.38% (7426/60000)


Average Test loss: 0.0001, Test Error Rate: 11.78% (1178/10000)

Train Epoch: 8 [2500/60000 (4%)]	Loss: 0.104774
Train Epoch: 8 [5000/60000 (8%)]	Loss: 0.065483
Train Epoch: 8 [7500/60000 (12%)]	Loss: 0.240421
Train Epoch: 8 [10000/60000 (17%)]	Loss: 0.039757
Train Epoch: 8 [12500/60000 (21%)]	Loss: 0.162416
Train Epoch: 8 [15000/60000 (25%)]	Loss: 0.094540
Train Epoch: 8 [17500/60000 (29%)]	Loss: 0.133845
Train Epoch: 8 [20000/60000 (33%)]	Loss: 0.076017
Train Epoch: 8 [22500/60000 (38%)]	Loss: 0.146573
Train Epoch: 8 [25000/60000 (42%)]	Loss: 0.046487
Train Epoch: 8 [27500/60000 (46%)]	Loss: 0.101827
Train Epoch: 8 [30000/60000 (50%)]	Loss: 0.105591
Train Epoch: 8 [32500/60000 (54%)]	Loss: 0.188874
Train Epoch: 8 [35000/60000 (58%)]	Loss: 0.045308
Train Epoch: 8 [37500/60000 (62%)]	Loss: 0.135026
Train Epoch: 8 [40000/60000 (67%)]	Loss: 0.163604
Train Epoch: 8 [42500/60000 (71%)]	Loss: 0.139673
Train Epoch: 8 [45000/60000 (75%)]	Loss: 0.118088
Train Epoch: 8 [47500/60000 (79%)]	Loss: 0.041804
Train Epoch: 8 [50000/60000 (83%)]	Loss: 0.122328
Train Epoch: 8 [52500/60000 (88%)]	Loss: 0.045470
Train Epoch: 8 [55000/60000 (92%)]	Loss: 0.150700
Train Epoch: 8 [57500/60000 (96%)]	Loss: 0.115504
Train Epoch: 8 [60000/60000 (100%)]	Loss: 0.044322

Average Training loss: 0.0043, Training Error Rate: 11.66% (6997/60000)


Average Test loss: 0.0001, Test Error Rate: 11.37% (1137/10000)

Train Epoch: 9 [2500/60000 (4%)]	Loss: 0.092519
Train Epoch: 9 [5000/60000 (8%)]	Loss: 0.132223
Train Epoch: 9 [7500/60000 (12%)]	Loss: 0.098403
Train Epoch: 9 [10000/60000 (17%)]	Loss: 0.113691
Train Epoch: 9 [12500/60000 (21%)]	Loss: 0.179552
Train Epoch: 9 [15000/60000 (25%)]	Loss: 0.164502
Train Epoch: 9 [17500/60000 (29%)]	Loss: 0.160857
Train Epoch: 9 [20000/60000 (33%)]	Loss: 0.117426
Train Epoch: 9 [22500/60000 (38%)]	Loss: 0.146894
Train Epoch: 9 [25000/60000 (42%)]	Loss: 0.211866
Train Epoch: 9 [27500/60000 (46%)]	Loss: 0.046680
Train Epoch: 9 [30000/60000 (50%)]	Loss: 0.130771
Train Epoch: 9 [32500/60000 (54%)]	Loss: 0.042346
Train Epoch: 9 [35000/60000 (58%)]	Loss: 0.092316
Train Epoch: 9 [37500/60000 (62%)]	Loss: 0.142735
Train Epoch: 9 [40000/60000 (67%)]	Loss: 0.082677
Train Epoch: 9 [42500/60000 (71%)]	Loss: 0.035845
Train Epoch: 9 [45000/60000 (75%)]	Loss: 0.120934
Train Epoch: 9 [47500/60000 (79%)]	Loss: 0.066339
Train Epoch: 9 [50000/60000 (83%)]	Loss: 0.070773
Train Epoch: 9 [52500/60000 (88%)]	Loss: 0.183383
Train Epoch: 9 [55000/60000 (92%)]	Loss: 0.110380
Train Epoch: 9 [57500/60000 (96%)]	Loss: 0.116581
Train Epoch: 9 [60000/60000 (100%)]	Loss: 0.099732

Average Training loss: 0.0041, Training Error Rate: 11.37% (6822/60000)


Average Test loss: 0.0001, Test Error Rate: 10.41% (1041/10000)

Train Epoch: 10 [2500/60000 (4%)]	Loss: 0.067804
Train Epoch: 10 [5000/60000 (8%)]	Loss: 0.156110
Train Epoch: 10 [7500/60000 (12%)]	Loss: 0.133290
Train Epoch: 10 [10000/60000 (17%)]	Loss: 0.068401
Train Epoch: 10 [12500/60000 (21%)]	Loss: 0.048426
Train Epoch: 10 [15000/60000 (25%)]	Loss: 0.009047
Train Epoch: 10 [17500/60000 (29%)]	Loss: 0.117165
Train Epoch: 10 [20000/60000 (33%)]	Loss: 0.123976
Train Epoch: 10 [22500/60000 (38%)]	Loss: 0.159944
Train Epoch: 10 [25000/60000 (42%)]	Loss: 0.032196
Train Epoch: 10 [27500/60000 (46%)]	Loss: 0.120699
Train Epoch: 10 [30000/60000 (50%)]	Loss: 0.058474
Train Epoch: 10 [32500/60000 (54%)]	Loss: 0.078290
Train Epoch: 10 [35000/60000 (58%)]	Loss: 0.063492
Train Epoch: 10 [37500/60000 (62%)]	Loss: 0.120668
Train Epoch: 10 [40000/60000 (67%)]	Loss: 0.138805
Train Epoch: 10 [42500/60000 (71%)]	Loss: 0.060960
Train Epoch: 10 [45000/60000 (75%)]	Loss: 0.069054
Train Epoch: 10 [47500/60000 (79%)]	Loss: 0.048393
Train Epoch: 10 [50000/60000 (83%)]	Loss: 0.107700
Train Epoch: 10 [52500/60000 (88%)]	Loss: 0.074890
Train Epoch: 10 [55000/60000 (92%)]	Loss: 0.047225
Train Epoch: 10 [57500/60000 (96%)]	Loss: 0.092394
Train Epoch: 10 [60000/60000 (100%)]	Loss: 0.085727

Average Training loss: 0.0041, Training Error Rate: 11.26% (6756/60000)


Average Test loss: 0.0001, Test Error Rate: 10.86% (1086/10000)

Train Epoch: 11 [2500/60000 (4%)]	Loss: 0.122841
Train Epoch: 11 [5000/60000 (8%)]	Loss: 0.155530
Train Epoch: 11 [7500/60000 (12%)]	Loss: 0.125462
Train Epoch: 11 [10000/60000 (17%)]	Loss: 0.122747
Train Epoch: 11 [12500/60000 (21%)]	Loss: 0.061983
Train Epoch: 11 [15000/60000 (25%)]	Loss: 0.134841
Train Epoch: 11 [17500/60000 (29%)]	Loss: 0.174487
Train Epoch: 11 [20000/60000 (33%)]	Loss: 0.054584
Train Epoch: 11 [22500/60000 (38%)]	Loss: 0.008775
Train Epoch: 11 [25000/60000 (42%)]	Loss: 0.088347
Train Epoch: 11 [27500/60000 (46%)]	Loss: 0.080272
Train Epoch: 11 [30000/60000 (50%)]	Loss: 0.109724
Train Epoch: 11 [32500/60000 (54%)]	Loss: 0.070402
Train Epoch: 11 [35000/60000 (58%)]	Loss: 0.179021
Train Epoch: 11 [37500/60000 (62%)]	Loss: 0.092393
Train Epoch: 11 [40000/60000 (67%)]	Loss: 0.155602
Train Epoch: 11 [42500/60000 (71%)]	Loss: 0.069487
Train Epoch: 11 [45000/60000 (75%)]	Loss: 0.029101
Train Epoch: 11 [47500/60000 (79%)]	Loss: 0.235845
Train Epoch: 11 [50000/60000 (83%)]	Loss: 0.096375
Train Epoch: 11 [52500/60000 (88%)]	Loss: 0.032588
Train Epoch: 11 [55000/60000 (92%)]	Loss: 0.077258
Train Epoch: 11 [57500/60000 (96%)]	Loss: 0.086733
Train Epoch: 11 [60000/60000 (100%)]	Loss: 0.116655

Average Training loss: 0.0040, Training Error Rate: 10.76% (6455/60000)


Average Test loss: 0.0001, Test Error Rate: 11.26% (1126/10000)

Train Epoch: 12 [2500/60000 (4%)]	Loss: 0.111119
Train Epoch: 12 [5000/60000 (8%)]	Loss: 0.049687
Train Epoch: 12 [7500/60000 (12%)]	Loss: 0.053018
Train Epoch: 12 [10000/60000 (17%)]	Loss: 0.156392
Train Epoch: 12 [12500/60000 (21%)]	Loss: 0.049142
Train Epoch: 12 [15000/60000 (25%)]	Loss: 0.146792
Train Epoch: 12 [17500/60000 (29%)]	Loss: 0.070489
Train Epoch: 12 [20000/60000 (33%)]	Loss: 0.142009
Train Epoch: 12 [22500/60000 (38%)]	Loss: 0.220439
Train Epoch: 12 [25000/60000 (42%)]	Loss: 0.031419
Train Epoch: 12 [27500/60000 (46%)]	Loss: 0.062068
Train Epoch: 12 [30000/60000 (50%)]	Loss: 0.153178
Train Epoch: 12 [32500/60000 (54%)]	Loss: 0.083145
Train Epoch: 12 [35000/60000 (58%)]	Loss: 0.186013
Train Epoch: 12 [37500/60000 (62%)]	Loss: 0.085303
Train Epoch: 12 [40000/60000 (67%)]	Loss: 0.097669
Train Epoch: 12 [42500/60000 (71%)]	Loss: 0.163103
Train Epoch: 12 [45000/60000 (75%)]	Loss: 0.085413
Train Epoch: 12 [47500/60000 (79%)]	Loss: 0.076043
Train Epoch: 12 [50000/60000 (83%)]	Loss: 0.149007
Train Epoch: 12 [52500/60000 (88%)]	Loss: 0.094465
Train Epoch: 12 [55000/60000 (92%)]	Loss: 0.067033
Train Epoch: 12 [57500/60000 (96%)]	Loss: 0.103656
Train Epoch: 12 [60000/60000 (100%)]	Loss: 0.110420

Average Training loss: 0.0040, Training Error Rate: 10.88% (6526/60000)


Average Test loss: 0.0001, Test Error Rate: 10.66% (1066/10000)

Train Epoch: 13 [2500/60000 (4%)]	Loss: 0.051679
Train Epoch: 13 [5000/60000 (8%)]	Loss: 0.088812
Train Epoch: 13 [7500/60000 (12%)]	Loss: 0.163152
Train Epoch: 13 [10000/60000 (17%)]	Loss: 0.146726
Train Epoch: 13 [12500/60000 (21%)]	Loss: 0.127802
Train Epoch: 13 [15000/60000 (25%)]	Loss: 0.061037
Train Epoch: 13 [17500/60000 (29%)]	Loss: 0.079099
Train Epoch: 13 [20000/60000 (33%)]	Loss: 0.044784
Train Epoch: 13 [22500/60000 (38%)]	Loss: 0.110709
Train Epoch: 13 [25000/60000 (42%)]	Loss: 0.101573
Train Epoch: 13 [27500/60000 (46%)]	Loss: 0.113405
Train Epoch: 13 [30000/60000 (50%)]	Loss: 0.051239
Train Epoch: 13 [32500/60000 (54%)]	Loss: 0.018642
Train Epoch: 13 [35000/60000 (58%)]	Loss: 0.162739
Train Epoch: 13 [37500/60000 (62%)]	Loss: 0.044492
Train Epoch: 13 [40000/60000 (67%)]	Loss: 0.045833
Train Epoch: 13 [42500/60000 (71%)]	Loss: 0.075936
Train Epoch: 13 [45000/60000 (75%)]	Loss: 0.083846
Train Epoch: 13 [47500/60000 (79%)]	Loss: 0.076593
Train Epoch: 13 [50000/60000 (83%)]	Loss: 0.015357
Train Epoch: 13 [52500/60000 (88%)]	Loss: 0.184152
Train Epoch: 13 [55000/60000 (92%)]	Loss: 0.096089
Train Epoch: 13 [57500/60000 (96%)]	Loss: 0.098732
Train Epoch: 13 [60000/60000 (100%)]	Loss: 0.043615

Average Training loss: 0.0039, Training Error Rate: 10.49% (6295/60000)


Average Test loss: 0.0001, Test Error Rate: 10.26% (1026/10000)

Train Epoch: 14 [2500/60000 (4%)]	Loss: 0.121479
Train Epoch: 14 [5000/60000 (8%)]	Loss: 0.056151
Train Epoch: 14 [7500/60000 (12%)]	Loss: 0.152138
Train Epoch: 14 [10000/60000 (17%)]	Loss: 0.027276
Train Epoch: 14 [12500/60000 (21%)]	Loss: 0.076760
Train Epoch: 14 [15000/60000 (25%)]	Loss: 0.105976
Train Epoch: 14 [17500/60000 (29%)]	Loss: 0.070080
Train Epoch: 14 [20000/60000 (33%)]	Loss: 0.090939
Train Epoch: 14 [22500/60000 (38%)]	Loss: 0.087889
Train Epoch: 14 [25000/60000 (42%)]	Loss: 0.173471
Train Epoch: 14 [27500/60000 (46%)]	Loss: 0.140348
Train Epoch: 14 [30000/60000 (50%)]	Loss: 0.077941
Train Epoch: 14 [32500/60000 (54%)]	Loss: 0.105165
Train Epoch: 14 [35000/60000 (58%)]	Loss: 0.030716
Train Epoch: 14 [37500/60000 (62%)]	Loss: 0.068092
Train Epoch: 14 [40000/60000 (67%)]	Loss: 0.105906
Train Epoch: 14 [42500/60000 (71%)]	Loss: 0.107962
Train Epoch: 14 [45000/60000 (75%)]	Loss: 0.069581
Train Epoch: 14 [47500/60000 (79%)]	Loss: 0.156656
Train Epoch: 14 [50000/60000 (83%)]	Loss: 0.105864
Train Epoch: 14 [52500/60000 (88%)]	Loss: 0.178395
Train Epoch: 14 [55000/60000 (92%)]	Loss: 0.048557
Train Epoch: 14 [57500/60000 (96%)]	Loss: 0.178908
Train Epoch: 14 [60000/60000 (100%)]	Loss: 0.105439

Average Training loss: 0.0038, Training Error Rate: 10.44% (6266/60000)


Average Test loss: 0.0001, Test Error Rate: 10.20% (1020/10000)

Train Epoch: 15 [2500/60000 (4%)]	Loss: 0.084774
Train Epoch: 15 [5000/60000 (8%)]	Loss: 0.032608
Train Epoch: 15 [7500/60000 (12%)]	Loss: 0.085571
Train Epoch: 15 [10000/60000 (17%)]	Loss: 0.135946
Train Epoch: 15 [12500/60000 (21%)]	Loss: 0.034137
Train Epoch: 15 [15000/60000 (25%)]	Loss: 0.122048
Train Epoch: 15 [17500/60000 (29%)]	Loss: 0.084596
Train Epoch: 15 [20000/60000 (33%)]	Loss: 0.209445
Train Epoch: 15 [22500/60000 (38%)]	Loss: 0.048745
Train Epoch: 15 [25000/60000 (42%)]	Loss: 0.176932
Train Epoch: 15 [27500/60000 (46%)]	Loss: 0.076528
Train Epoch: 15 [30000/60000 (50%)]	Loss: 0.091998
Train Epoch: 15 [32500/60000 (54%)]	Loss: 0.131051
Train Epoch: 15 [35000/60000 (58%)]	Loss: 0.096825
Train Epoch: 15 [37500/60000 (62%)]	Loss: 0.034812
Train Epoch: 15 [40000/60000 (67%)]	Loss: 0.141183
Train Epoch: 15 [42500/60000 (71%)]	Loss: 0.069791
Train Epoch: 15 [45000/60000 (75%)]	Loss: 0.089949
Train Epoch: 15 [47500/60000 (79%)]	Loss: 0.087483
Train Epoch: 15 [50000/60000 (83%)]	Loss: 0.024437
Train Epoch: 15 [52500/60000 (88%)]	Loss: 0.074819
Train Epoch: 15 [55000/60000 (92%)]	Loss: 0.050084
Train Epoch: 15 [57500/60000 (96%)]	Loss: 0.144870
Train Epoch: 15 [60000/60000 (100%)]	Loss: 0.047345

Average Training loss: 0.0038, Training Error Rate: 10.26% (6153/60000)


Average Test loss: 0.0001, Test Error Rate: 9.85% (985/10000)

Train Epoch: 16 [2500/60000 (4%)]	Loss: 0.184579
Train Epoch: 16 [5000/60000 (8%)]	Loss: 0.071253
Train Epoch: 16 [7500/60000 (12%)]	Loss: 0.133727
Train Epoch: 16 [10000/60000 (17%)]	Loss: 0.136814
Train Epoch: 16 [12500/60000 (21%)]	Loss: 0.074428
Train Epoch: 16 [15000/60000 (25%)]	Loss: 0.100628
Train Epoch: 16 [17500/60000 (29%)]	Loss: 0.136841
Train Epoch: 16 [20000/60000 (33%)]	Loss: 0.002776
Train Epoch: 16 [22500/60000 (38%)]	Loss: 0.113657
Train Epoch: 16 [25000/60000 (42%)]	Loss: 0.040945
Train Epoch: 16 [27500/60000 (46%)]	Loss: 0.129338
Train Epoch: 16 [30000/60000 (50%)]	Loss: 0.029781
Train Epoch: 16 [32500/60000 (54%)]	Loss: 0.138481
Train Epoch: 16 [35000/60000 (58%)]	Loss: 0.145372
Train Epoch: 16 [37500/60000 (62%)]	Loss: 0.099513
Train Epoch: 16 [40000/60000 (67%)]	Loss: 0.119785
Train Epoch: 16 [42500/60000 (71%)]	Loss: 0.175387
Train Epoch: 16 [45000/60000 (75%)]	Loss: 0.092482
Train Epoch: 16 [47500/60000 (79%)]	Loss: 0.036970
Train Epoch: 16 [50000/60000 (83%)]	Loss: 0.082936
Train Epoch: 16 [52500/60000 (88%)]	Loss: 0.054183
Train Epoch: 16 [55000/60000 (92%)]	Loss: 0.089393
Train Epoch: 16 [57500/60000 (96%)]	Loss: 0.017228
Train Epoch: 16 [60000/60000 (100%)]	Loss: 0.064941

Average Training loss: 0.0036, Training Error Rate: 9.81% (5888/60000)


Average Test loss: 0.0001, Test Error Rate: 9.40% (940/10000)

Train Epoch: 17 [2500/60000 (4%)]	Loss: 0.114641
Train Epoch: 17 [5000/60000 (8%)]	Loss: 0.139007
Train Epoch: 17 [7500/60000 (12%)]	Loss: 0.022961
Train Epoch: 17 [10000/60000 (17%)]	Loss: 0.121309
Train Epoch: 17 [12500/60000 (21%)]	Loss: 0.013713
Train Epoch: 17 [15000/60000 (25%)]	Loss: 0.102631
Train Epoch: 17 [17500/60000 (29%)]	Loss: 0.004278
Train Epoch: 17 [20000/60000 (33%)]	Loss: 0.081804
Train Epoch: 17 [22500/60000 (38%)]	Loss: 0.100513
Train Epoch: 17 [25000/60000 (42%)]	Loss: 0.055023
Train Epoch: 17 [27500/60000 (46%)]	Loss: 0.031470
Train Epoch: 17 [30000/60000 (50%)]	Loss: 0.078393
Train Epoch: 17 [32500/60000 (54%)]	Loss: 0.097182
Train Epoch: 17 [35000/60000 (58%)]	Loss: 0.149166
Train Epoch: 17 [37500/60000 (62%)]	Loss: 0.111810
Train Epoch: 17 [40000/60000 (67%)]	Loss: 0.140892
Train Epoch: 17 [42500/60000 (71%)]	Loss: 0.106737
Train Epoch: 17 [45000/60000 (75%)]	Loss: 0.089532
Train Epoch: 17 [47500/60000 (79%)]	Loss: 0.145414
Train Epoch: 17 [50000/60000 (83%)]	Loss: 0.039846
Train Epoch: 17 [52500/60000 (88%)]	Loss: 0.271435
Train Epoch: 17 [55000/60000 (92%)]	Loss: 0.029265
Train Epoch: 17 [57500/60000 (96%)]	Loss: 0.144595
Train Epoch: 17 [60000/60000 (100%)]	Loss: 0.053081

Average Training loss: 0.0036, Training Error Rate: 9.58% (5746/60000)


Average Test loss: 0.0001, Test Error Rate: 9.94% (994/10000)

Train Epoch: 18 [2500/60000 (4%)]	Loss: 0.054611
Train Epoch: 18 [5000/60000 (8%)]	Loss: 0.106627
Train Epoch: 18 [7500/60000 (12%)]	Loss: 0.077203
Train Epoch: 18 [10000/60000 (17%)]	Loss: 0.060599
Train Epoch: 18 [12500/60000 (21%)]	Loss: 0.204530
Train Epoch: 18 [15000/60000 (25%)]	Loss: 0.098552
Train Epoch: 18 [17500/60000 (29%)]	Loss: 0.017108
Train Epoch: 18 [20000/60000 (33%)]	Loss: 0.048935
Train Epoch: 18 [22500/60000 (38%)]	Loss: 0.065197
Train Epoch: 18 [25000/60000 (42%)]	Loss: 0.199787
Train Epoch: 18 [27500/60000 (46%)]	Loss: 0.113673
Train Epoch: 18 [30000/60000 (50%)]	Loss: 0.071534
Train Epoch: 18 [32500/60000 (54%)]	Loss: 0.045535
Train Epoch: 18 [35000/60000 (58%)]	Loss: 0.036930
Train Epoch: 18 [37500/60000 (62%)]	Loss: 0.043238
Train Epoch: 18 [40000/60000 (67%)]	Loss: 0.028650
Train Epoch: 18 [42500/60000 (71%)]	Loss: 0.128952
Train Epoch: 18 [45000/60000 (75%)]	Loss: 0.100345
Train Epoch: 18 [47500/60000 (79%)]	Loss: 0.118498
Train Epoch: 18 [50000/60000 (83%)]	Loss: 0.160706
Train Epoch: 18 [52500/60000 (88%)]	Loss: 0.046973
Train Epoch: 18 [55000/60000 (92%)]	Loss: 0.159036
Train Epoch: 18 [57500/60000 (96%)]	Loss: 0.017100
Train Epoch: 18 [60000/60000 (100%)]	Loss: 0.036492

Average Training loss: 0.0034, Training Error Rate: 9.21% (5524/60000)


Average Test loss: 0.0001, Test Error Rate: 8.70% (870/10000)

Train Epoch: 19 [2500/60000 (4%)]	Loss: 0.121551
Train Epoch: 19 [5000/60000 (8%)]	Loss: 0.055157
Train Epoch: 19 [7500/60000 (12%)]	Loss: 0.047877
Train Epoch: 19 [10000/60000 (17%)]	Loss: 0.045739
Train Epoch: 19 [12500/60000 (21%)]	Loss: 0.170332
Train Epoch: 19 [15000/60000 (25%)]	Loss: 0.127484
Train Epoch: 19 [17500/60000 (29%)]	Loss: 0.038484
Train Epoch: 19 [20000/60000 (33%)]	Loss: 0.094402
Train Epoch: 19 [22500/60000 (38%)]	Loss: 0.103169
Train Epoch: 19 [25000/60000 (42%)]	Loss: 0.093350
Train Epoch: 19 [27500/60000 (46%)]	Loss: 0.062185
Train Epoch: 19 [30000/60000 (50%)]	Loss: 0.031628
Train Epoch: 19 [32500/60000 (54%)]	Loss: 0.114887
Train Epoch: 19 [35000/60000 (58%)]	Loss: 0.085448
Train Epoch: 19 [37500/60000 (62%)]	Loss: 0.029024
Train Epoch: 19 [40000/60000 (67%)]	Loss: 0.062660
Train Epoch: 19 [42500/60000 (71%)]	Loss: 0.058357
Train Epoch: 19 [45000/60000 (75%)]	Loss: 0.106564
Train Epoch: 19 [47500/60000 (79%)]	Loss: 0.166141
Train Epoch: 19 [50000/60000 (83%)]	Loss: 0.073571
Train Epoch: 19 [52500/60000 (88%)]	Loss: 0.142188
Train Epoch: 19 [55000/60000 (92%)]	Loss: 0.062364
Train Epoch: 19 [57500/60000 (96%)]	Loss: 0.073438
Train Epoch: 19 [60000/60000 (100%)]	Loss: 0.036707

Average Training loss: 0.0034, Training Error Rate: 9.13% (5481/60000)


Average Test loss: 0.0001, Test Error Rate: 8.74% (874/10000)

Train Epoch: 20 [2500/60000 (4%)]	Loss: 0.014040
Train Epoch: 20 [5000/60000 (8%)]	Loss: 0.079189
Train Epoch: 20 [7500/60000 (12%)]	Loss: 0.085572
Train Epoch: 20 [10000/60000 (17%)]	Loss: 0.099689
Train Epoch: 20 [12500/60000 (21%)]	Loss: 0.022167
Train Epoch: 20 [15000/60000 (25%)]	Loss: 0.081779
Train Epoch: 20 [17500/60000 (29%)]	Loss: 0.107307
Train Epoch: 20 [20000/60000 (33%)]	Loss: 0.180678
Train Epoch: 20 [22500/60000 (38%)]	Loss: 0.105838
Train Epoch: 20 [25000/60000 (42%)]	Loss: 0.062697
Train Epoch: 20 [27500/60000 (46%)]	Loss: 0.119520
Train Epoch: 20 [30000/60000 (50%)]	Loss: 0.133595
Train Epoch: 20 [32500/60000 (54%)]	Loss: 0.215331
Train Epoch: 20 [35000/60000 (58%)]	Loss: 0.126596
Train Epoch: 20 [37500/60000 (62%)]	Loss: 0.088486
Train Epoch: 20 [40000/60000 (67%)]	Loss: 0.057985
Train Epoch: 20 [42500/60000 (71%)]	Loss: 0.084533
Train Epoch: 20 [45000/60000 (75%)]	Loss: 0.045534
Train Epoch: 20 [47500/60000 (79%)]	Loss: 0.065505
Train Epoch: 20 [50000/60000 (83%)]	Loss: 0.119593
Train Epoch: 20 [52500/60000 (88%)]	Loss: 0.170903
Train Epoch: 20 [55000/60000 (92%)]	Loss: 0.115786
Train Epoch: 20 [57500/60000 (96%)]	Loss: 0.091660
Train Epoch: 20 [60000/60000 (100%)]	Loss: 0.048203

Average Training loss: 0.0034, Training Error Rate: 9.25% (5549/60000)


Average Test loss: 0.0001, Test Error Rate: 9.55% (955/10000)

Train Epoch: 21 [2500/60000 (4%)]	Loss: 0.082704
Train Epoch: 21 [5000/60000 (8%)]	Loss: 0.055318
Train Epoch: 21 [7500/60000 (12%)]	Loss: 0.059443
Train Epoch: 21 [10000/60000 (17%)]	Loss: 0.138673
Train Epoch: 21 [12500/60000 (21%)]	Loss: 0.040619
Train Epoch: 21 [15000/60000 (25%)]	Loss: 0.221530
Train Epoch: 21 [17500/60000 (29%)]	Loss: 0.022679
Train Epoch: 21 [20000/60000 (33%)]	Loss: 0.120857
Train Epoch: 21 [22500/60000 (38%)]	Loss: 0.143190
Train Epoch: 21 [25000/60000 (42%)]	Loss: 0.010939
Train Epoch: 21 [27500/60000 (46%)]	Loss: 0.155679
Train Epoch: 21 [30000/60000 (50%)]	Loss: 0.057951
Train Epoch: 21 [32500/60000 (54%)]	Loss: 0.069112
Train Epoch: 21 [35000/60000 (58%)]	Loss: 0.033715
Train Epoch: 21 [37500/60000 (62%)]	Loss: 0.080607
Train Epoch: 21 [40000/60000 (67%)]	Loss: 0.097889
Train Epoch: 21 [42500/60000 (71%)]	Loss: 0.068932
Train Epoch: 21 [45000/60000 (75%)]	Loss: 0.063443
Train Epoch: 21 [47500/60000 (79%)]	Loss: 0.096591
Train Epoch: 21 [50000/60000 (83%)]	Loss: 0.046785
Train Epoch: 21 [52500/60000 (88%)]	Loss: 0.019530
Train Epoch: 21 [55000/60000 (92%)]	Loss: 0.077626
Train Epoch: 21 [57500/60000 (96%)]	Loss: 0.067173
Train Epoch: 21 [60000/60000 (100%)]	Loss: 0.073960

Average Training loss: 0.0034, Training Error Rate: 9.22% (5533/60000)


Average Test loss: 0.0001, Test Error Rate: 9.37% (937/10000)

Train Epoch: 22 [2500/60000 (4%)]	Loss: 0.056063
Train Epoch: 22 [5000/60000 (8%)]	Loss: 0.085851
Train Epoch: 22 [7500/60000 (12%)]	Loss: 0.013512
Train Epoch: 22 [10000/60000 (17%)]	Loss: 0.086904
Train Epoch: 22 [12500/60000 (21%)]	Loss: 0.078819
Train Epoch: 22 [15000/60000 (25%)]	Loss: 0.148958
Train Epoch: 22 [17500/60000 (29%)]	Loss: 0.028461
Train Epoch: 22 [20000/60000 (33%)]	Loss: 0.141423
Train Epoch: 22 [22500/60000 (38%)]	Loss: 0.040512
Train Epoch: 22 [25000/60000 (42%)]	Loss: 0.074622
Train Epoch: 22 [27500/60000 (46%)]	Loss: 0.098528
Train Epoch: 22 [30000/60000 (50%)]	Loss: 0.071806
Train Epoch: 22 [32500/60000 (54%)]	Loss: 0.080318
Train Epoch: 22 [35000/60000 (58%)]	Loss: 0.214404
Train Epoch: 22 [37500/60000 (62%)]	Loss: 0.123019
Train Epoch: 22 [40000/60000 (67%)]	Loss: 0.078040
Train Epoch: 22 [42500/60000 (71%)]	Loss: 0.058800
Train Epoch: 22 [45000/60000 (75%)]	Loss: 0.088218
Train Epoch: 22 [47500/60000 (79%)]	Loss: 0.056138
Train Epoch: 22 [50000/60000 (83%)]	Loss: 0.097285
Train Epoch: 22 [52500/60000 (88%)]	Loss: 0.056655
Train Epoch: 22 [55000/60000 (92%)]	Loss: 0.078207
Train Epoch: 22 [57500/60000 (96%)]	Loss: 0.034836
Train Epoch: 22 [60000/60000 (100%)]	Loss: 0.030296

Average Training loss: 0.0032, Training Error Rate: 8.71% (5225/60000)


Average Test loss: 0.0001, Test Error Rate: 8.89% (889/10000)

Train Epoch: 23 [2500/60000 (4%)]	Loss: 0.087657
Train Epoch: 23 [5000/60000 (8%)]	Loss: 0.037464
Train Epoch: 23 [7500/60000 (12%)]	Loss: 0.141342
Train Epoch: 23 [10000/60000 (17%)]	Loss: 0.123587
Train Epoch: 23 [12500/60000 (21%)]	Loss: 0.076859
Train Epoch: 23 [15000/60000 (25%)]	Loss: 0.147384
Train Epoch: 23 [17500/60000 (29%)]	Loss: 0.078278
Train Epoch: 23 [20000/60000 (33%)]	Loss: 0.145222
Train Epoch: 23 [22500/60000 (38%)]	Loss: 0.127400
Train Epoch: 23 [25000/60000 (42%)]	Loss: 0.146687
Train Epoch: 23 [27500/60000 (46%)]	Loss: 0.119176
Train Epoch: 23 [30000/60000 (50%)]	Loss: 0.021861
Train Epoch: 23 [32500/60000 (54%)]	Loss: 0.047521
Train Epoch: 23 [35000/60000 (58%)]	Loss: 0.138746
Train Epoch: 23 [37500/60000 (62%)]	Loss: 0.119072
Train Epoch: 23 [40000/60000 (67%)]	Loss: 0.158493
Train Epoch: 23 [42500/60000 (71%)]	Loss: 0.143907
Train Epoch: 23 [45000/60000 (75%)]	Loss: 0.133451
Train Epoch: 23 [47500/60000 (79%)]	Loss: 0.123356
Train Epoch: 23 [50000/60000 (83%)]	Loss: 0.045659
Train Epoch: 23 [52500/60000 (88%)]	Loss: 0.068930
Train Epoch: 23 [55000/60000 (92%)]	Loss: 0.116201
Train Epoch: 23 [57500/60000 (96%)]	Loss: 0.185204
Train Epoch: 23 [60000/60000 (100%)]	Loss: 0.078546

Average Training loss: 0.0032, Training Error Rate: 8.67% (5201/60000)


Average Test loss: 0.0001, Test Error Rate: 8.69% (869/10000)

Train Epoch: 24 [2500/60000 (4%)]	Loss: 0.028359
Train Epoch: 24 [5000/60000 (8%)]	Loss: 0.071700
Train Epoch: 24 [7500/60000 (12%)]	Loss: 0.084180
Train Epoch: 24 [10000/60000 (17%)]	Loss: 0.095061
Train Epoch: 24 [12500/60000 (21%)]	Loss: 0.021912
Train Epoch: 24 [15000/60000 (25%)]	Loss: 0.037287
Train Epoch: 24 [17500/60000 (29%)]	Loss: 0.023340
Train Epoch: 24 [20000/60000 (33%)]	Loss: 0.045452
Train Epoch: 24 [22500/60000 (38%)]	Loss: 0.106027
Train Epoch: 24 [25000/60000 (42%)]	Loss: 0.175302
Train Epoch: 24 [27500/60000 (46%)]	Loss: 0.055999
Train Epoch: 24 [30000/60000 (50%)]	Loss: 0.059294
Train Epoch: 24 [32500/60000 (54%)]	Loss: 0.082377
Train Epoch: 24 [35000/60000 (58%)]	Loss: 0.156538
Train Epoch: 24 [37500/60000 (62%)]	Loss: 0.068120
Train Epoch: 24 [40000/60000 (67%)]	Loss: 0.194509
Train Epoch: 24 [42500/60000 (71%)]	Loss: 0.060854
Train Epoch: 24 [45000/60000 (75%)]	Loss: 0.030736
Train Epoch: 24 [47500/60000 (79%)]	Loss: 0.121557
Train Epoch: 24 [50000/60000 (83%)]	Loss: 0.017390
Train Epoch: 24 [52500/60000 (88%)]	Loss: 0.075073
Train Epoch: 24 [55000/60000 (92%)]	Loss: 0.133338
Train Epoch: 24 [57500/60000 (96%)]	Loss: 0.151734
Train Epoch: 24 [60000/60000 (100%)]	Loss: 0.115513

Average Training loss: 0.0033, Training Error Rate: 8.85% (5309/60000)


Average Test loss: 0.0001, Test Error Rate: 8.99% (899/10000)

Train Epoch: 25 [2500/60000 (4%)]	Loss: 0.022647
Train Epoch: 25 [5000/60000 (8%)]	Loss: 0.172245
Train Epoch: 25 [7500/60000 (12%)]	Loss: 0.156934
Train Epoch: 25 [10000/60000 (17%)]	Loss: 0.139200
Train Epoch: 25 [12500/60000 (21%)]	Loss: 0.051691
Train Epoch: 25 [15000/60000 (25%)]	Loss: 0.042751
Train Epoch: 25 [17500/60000 (29%)]	Loss: 0.080833
Train Epoch: 25 [20000/60000 (33%)]	Loss: 0.101380
Train Epoch: 25 [22500/60000 (38%)]	Loss: 0.090462
Train Epoch: 25 [25000/60000 (42%)]	Loss: 0.060409
Train Epoch: 25 [27500/60000 (46%)]	Loss: 0.066615
Train Epoch: 25 [30000/60000 (50%)]	Loss: 0.051057
Train Epoch: 25 [32500/60000 (54%)]	Loss: 0.045219
Train Epoch: 25 [35000/60000 (58%)]	Loss: 0.124317
Train Epoch: 25 [37500/60000 (62%)]	Loss: 0.102173
Train Epoch: 25 [40000/60000 (67%)]	Loss: 0.118900
Train Epoch: 25 [42500/60000 (71%)]	Loss: 0.056158
Train Epoch: 25 [45000/60000 (75%)]	Loss: 0.006082
Train Epoch: 25 [47500/60000 (79%)]	Loss: 0.045619
Train Epoch: 25 [50000/60000 (83%)]	Loss: 0.086096
Train Epoch: 25 [52500/60000 (88%)]	Loss: 0.127543
Train Epoch: 25 [55000/60000 (92%)]	Loss: 0.055419
Train Epoch: 25 [57500/60000 (96%)]	Loss: 0.112954
Train Epoch: 25 [60000/60000 (100%)]	Loss: 0.077287

Average Training loss: 0.0033, Training Error Rate: 8.88% (5331/60000)


Average Test loss: 0.0001, Test Error Rate: 8.85% (885/10000)

Train Epoch: 26 [2500/60000 (4%)]	Loss: 0.144266
Train Epoch: 26 [5000/60000 (8%)]	Loss: 0.043904
Train Epoch: 26 [7500/60000 (12%)]	Loss: 0.067123
Train Epoch: 26 [10000/60000 (17%)]	Loss: 0.143146
Train Epoch: 26 [12500/60000 (21%)]	Loss: 0.096977
Train Epoch: 26 [15000/60000 (25%)]	Loss: 0.006365
Train Epoch: 26 [17500/60000 (29%)]	Loss: 0.055576
Train Epoch: 26 [20000/60000 (33%)]	Loss: 0.095934
Train Epoch: 26 [22500/60000 (38%)]	Loss: 0.092271
Train Epoch: 26 [25000/60000 (42%)]	Loss: 0.049756
Train Epoch: 26 [27500/60000 (46%)]	Loss: 0.117636
Train Epoch: 26 [30000/60000 (50%)]	Loss: 0.120083
Train Epoch: 26 [32500/60000 (54%)]	Loss: 0.137962
Train Epoch: 26 [35000/60000 (58%)]	Loss: 0.111210
Train Epoch: 26 [37500/60000 (62%)]	Loss: 0.169056
Train Epoch: 26 [40000/60000 (67%)]	Loss: 0.134416
Train Epoch: 26 [42500/60000 (71%)]	Loss: 0.083934
Train Epoch: 26 [45000/60000 (75%)]	Loss: 0.079821
Train Epoch: 26 [47500/60000 (79%)]	Loss: 0.126317
Train Epoch: 26 [50000/60000 (83%)]	Loss: 0.148500
Train Epoch: 26 [52500/60000 (88%)]	Loss: 0.092150
Train Epoch: 26 [55000/60000 (92%)]	Loss: 0.094028
Train Epoch: 26 [57500/60000 (96%)]	Loss: 0.047083
Train Epoch: 26 [60000/60000 (100%)]	Loss: 0.137231

Average Training loss: 0.0033, Training Error Rate: 8.74% (5247/60000)


Average Test loss: 0.0001, Test Error Rate: 8.90% (890/10000)

Train Epoch: 27 [2500/60000 (4%)]	Loss: 0.171578
Train Epoch: 27 [5000/60000 (8%)]	Loss: 0.098837
Train Epoch: 27 [7500/60000 (12%)]	Loss: 0.058915
Train Epoch: 27 [10000/60000 (17%)]	Loss: 0.121439
Train Epoch: 27 [12500/60000 (21%)]	Loss: 0.057659
Train Epoch: 27 [15000/60000 (25%)]	Loss: 0.046354
Train Epoch: 27 [17500/60000 (29%)]	Loss: 0.037558
Train Epoch: 27 [20000/60000 (33%)]	Loss: 0.001683
Train Epoch: 27 [22500/60000 (38%)]	Loss: 0.028881
Train Epoch: 27 [25000/60000 (42%)]	Loss: 0.077004
Train Epoch: 27 [27500/60000 (46%)]	Loss: 0.018093
Train Epoch: 27 [30000/60000 (50%)]	Loss: 0.108041
Train Epoch: 27 [32500/60000 (54%)]	Loss: 0.020314
Train Epoch: 27 [35000/60000 (58%)]	Loss: 0.093938
Train Epoch: 27 [37500/60000 (62%)]	Loss: 0.107244
Train Epoch: 27 [40000/60000 (67%)]	Loss: 0.013921
Train Epoch: 27 [42500/60000 (71%)]	Loss: 0.032894
Train Epoch: 27 [45000/60000 (75%)]	Loss: 0.026016
Train Epoch: 27 [47500/60000 (79%)]	Loss: 0.030125
Train Epoch: 27 [50000/60000 (83%)]	Loss: 0.063448
Train Epoch: 27 [52500/60000 (88%)]	Loss: 0.160765
Train Epoch: 27 [55000/60000 (92%)]	Loss: 0.020712
Train Epoch: 27 [57500/60000 (96%)]	Loss: 0.144500
Train Epoch: 27 [60000/60000 (100%)]	Loss: 0.038047

Average Training loss: 0.0032, Training Error Rate: 8.73% (5238/60000)


Average Test loss: 0.0001, Test Error Rate: 8.95% (895/10000)

Train Epoch: 28 [2500/60000 (4%)]	Loss: 0.180178
Train Epoch: 28 [5000/60000 (8%)]	Loss: 0.004975
Train Epoch: 28 [7500/60000 (12%)]	Loss: 0.088655
Train Epoch: 28 [10000/60000 (17%)]	Loss: 0.129966
Train Epoch: 28 [12500/60000 (21%)]	Loss: 0.079764
Train Epoch: 28 [15000/60000 (25%)]	Loss: 0.066392
Train Epoch: 28 [17500/60000 (29%)]	Loss: 0.058348
Train Epoch: 28 [20000/60000 (33%)]	Loss: 0.020445
Train Epoch: 28 [22500/60000 (38%)]	Loss: 0.130535
Train Epoch: 28 [25000/60000 (42%)]	Loss: 0.027090
Train Epoch: 28 [27500/60000 (46%)]	Loss: 0.033219
Train Epoch: 28 [30000/60000 (50%)]	Loss: 0.065184
Train Epoch: 28 [32500/60000 (54%)]	Loss: 0.030513
Train Epoch: 28 [35000/60000 (58%)]	Loss: 0.174908
Train Epoch: 28 [37500/60000 (62%)]	Loss: 0.093758
Train Epoch: 28 [40000/60000 (67%)]	Loss: 0.215193
Train Epoch: 28 [42500/60000 (71%)]	Loss: 0.007303
Train Epoch: 28 [45000/60000 (75%)]	Loss: 0.042096
Train Epoch: 28 [47500/60000 (79%)]	Loss: 0.140107
Train Epoch: 28 [50000/60000 (83%)]	Loss: 0.077469
Train Epoch: 28 [52500/60000 (88%)]	Loss: 0.096368
Train Epoch: 28 [55000/60000 (92%)]	Loss: 0.078988
Train Epoch: 28 [57500/60000 (96%)]	Loss: 0.074516
Train Epoch: 28 [60000/60000 (100%)]	Loss: 0.177760

Average Training loss: 0.0032, Training Error Rate: 8.72% (5235/60000)


Average Test loss: 0.0001, Test Error Rate: 9.22% (922/10000)

Train Epoch: 29 [2500/60000 (4%)]	Loss: 0.123486
Train Epoch: 29 [5000/60000 (8%)]	Loss: 0.107413
Train Epoch: 29 [7500/60000 (12%)]	Loss: 0.112167
Train Epoch: 29 [10000/60000 (17%)]	Loss: 0.089559
Train Epoch: 29 [12500/60000 (21%)]	Loss: 0.001190
Train Epoch: 29 [15000/60000 (25%)]	Loss: 0.062308
Train Epoch: 29 [17500/60000 (29%)]	Loss: 0.091800
Train Epoch: 29 [20000/60000 (33%)]	Loss: 0.051103
Train Epoch: 29 [22500/60000 (38%)]	Loss: 0.001855
Train Epoch: 29 [25000/60000 (42%)]	Loss: 0.078755
Train Epoch: 29 [27500/60000 (46%)]	Loss: 0.099972
Train Epoch: 29 [30000/60000 (50%)]	Loss: 0.061156
Train Epoch: 29 [32500/60000 (54%)]	Loss: 0.055793
Train Epoch: 29 [35000/60000 (58%)]	Loss: 0.045574
Train Epoch: 29 [37500/60000 (62%)]	Loss: 0.038020
Train Epoch: 29 [40000/60000 (67%)]	Loss: 0.113352
Train Epoch: 29 [42500/60000 (71%)]	Loss: 0.039827
Train Epoch: 29 [45000/60000 (75%)]	Loss: 0.059122
Train Epoch: 29 [47500/60000 (79%)]	Loss: 0.094232
Train Epoch: 29 [50000/60000 (83%)]	Loss: 0.159941
Train Epoch: 29 [52500/60000 (88%)]	Loss: 0.128572
Train Epoch: 29 [55000/60000 (92%)]	Loss: 0.121366
Train Epoch: 29 [57500/60000 (96%)]	Loss: 0.120786
Train Epoch: 29 [60000/60000 (100%)]	Loss: 0.151269

Average Training loss: 0.0032, Training Error Rate: 8.72% (5232/60000)


Average Test loss: 0.0001, Test Error Rate: 8.61% (861/10000)

Train Epoch: 30 [2500/60000 (4%)]	Loss: 0.000930
Train Epoch: 30 [5000/60000 (8%)]	Loss: 0.065653
Train Epoch: 30 [7500/60000 (12%)]	Loss: 0.016226
Train Epoch: 30 [10000/60000 (17%)]	Loss: 0.068299
Train Epoch: 30 [12500/60000 (21%)]	Loss: 0.101065
Train Epoch: 30 [15000/60000 (25%)]	Loss: 0.083861
Train Epoch: 30 [17500/60000 (29%)]	Loss: 0.116005
Train Epoch: 30 [20000/60000 (33%)]	Loss: 0.203974
Train Epoch: 30 [22500/60000 (38%)]	Loss: 0.058040
Train Epoch: 30 [25000/60000 (42%)]	Loss: 0.114020
Train Epoch: 30 [27500/60000 (46%)]	Loss: 0.034815
Train Epoch: 30 [30000/60000 (50%)]	Loss: 0.125321
Train Epoch: 30 [32500/60000 (54%)]	Loss: 0.034595
Train Epoch: 30 [35000/60000 (58%)]	Loss: 0.099722
Train Epoch: 30 [37500/60000 (62%)]	Loss: 0.021422
Train Epoch: 30 [40000/60000 (67%)]	Loss: 0.132571
Train Epoch: 30 [42500/60000 (71%)]	Loss: 0.066853
Train Epoch: 30 [45000/60000 (75%)]	Loss: 0.132390
Train Epoch: 30 [47500/60000 (79%)]	Loss: 0.011880
Train Epoch: 30 [50000/60000 (83%)]	Loss: 0.112197
Train Epoch: 30 [52500/60000 (88%)]	Loss: 0.097571
Train Epoch: 30 [55000/60000 (92%)]	Loss: 0.020923
Train Epoch: 30 [57500/60000 (96%)]	Loss: 0.246885
Train Epoch: 30 [60000/60000 (100%)]	Loss: 0.071003

Average Training loss: 0.0031, Training Error Rate: 8.37% (5019/60000)


Average Test loss: 0.0001, Test Error Rate: 8.28% (828/10000)

Train Epoch: 31 [2500/60000 (4%)]	Loss: 0.059204
Train Epoch: 31 [5000/60000 (8%)]	Loss: 0.098730
Train Epoch: 31 [7500/60000 (12%)]	Loss: 0.101880
Train Epoch: 31 [10000/60000 (17%)]	Loss: 0.080405
Train Epoch: 31 [12500/60000 (21%)]	Loss: 0.112273
Train Epoch: 31 [15000/60000 (25%)]	Loss: 0.159313
Train Epoch: 31 [17500/60000 (29%)]	Loss: 0.039632
Train Epoch: 31 [20000/60000 (33%)]	Loss: 0.058417
Train Epoch: 31 [22500/60000 (38%)]	Loss: 0.006546
Train Epoch: 31 [25000/60000 (42%)]	Loss: 0.056215
Train Epoch: 31 [27500/60000 (46%)]	Loss: 0.106061
Train Epoch: 31 [30000/60000 (50%)]	Loss: 0.074847
Train Epoch: 31 [32500/60000 (54%)]	Loss: 0.040657
Train Epoch: 31 [35000/60000 (58%)]	Loss: 0.172417
Train Epoch: 31 [37500/60000 (62%)]	Loss: 0.022591
Train Epoch: 31 [40000/60000 (67%)]	Loss: 0.048888
Train Epoch: 31 [42500/60000 (71%)]	Loss: 0.050727
Train Epoch: 31 [45000/60000 (75%)]	Loss: 0.037668
Train Epoch: 31 [47500/60000 (79%)]	Loss: 0.045048
Train Epoch: 31 [50000/60000 (83%)]	Loss: 0.128478
Train Epoch: 31 [52500/60000 (88%)]	Loss: 0.088252
Train Epoch: 31 [55000/60000 (92%)]	Loss: 0.110682
Train Epoch: 31 [57500/60000 (96%)]	Loss: 0.103084
Train Epoch: 31 [60000/60000 (100%)]	Loss: 0.060213

Average Training loss: 0.0031, Training Error Rate: 8.45% (5071/60000)


Average Test loss: 0.0001, Test Error Rate: 8.82% (882/10000)

Train Epoch: 32 [2500/60000 (4%)]	Loss: 0.042533
Train Epoch: 32 [5000/60000 (8%)]	Loss: 0.146467
Train Epoch: 32 [7500/60000 (12%)]	Loss: 0.056055
Train Epoch: 32 [10000/60000 (17%)]	Loss: 0.046412
Train Epoch: 32 [12500/60000 (21%)]	Loss: 0.122122
Train Epoch: 32 [15000/60000 (25%)]	Loss: 0.035109
Train Epoch: 32 [17500/60000 (29%)]	Loss: 0.143069
Train Epoch: 32 [20000/60000 (33%)]	Loss: 0.095949
Train Epoch: 32 [22500/60000 (38%)]	Loss: 0.014870
Train Epoch: 32 [25000/60000 (42%)]	Loss: 0.123400
Train Epoch: 32 [27500/60000 (46%)]	Loss: 0.060955
Train Epoch: 32 [30000/60000 (50%)]	Loss: 0.088245
Train Epoch: 32 [32500/60000 (54%)]	Loss: 0.055230
Train Epoch: 32 [35000/60000 (58%)]	Loss: 0.021294
Train Epoch: 32 [37500/60000 (62%)]	Loss: 0.147016
Train Epoch: 32 [40000/60000 (67%)]	Loss: 0.138029
Train Epoch: 32 [42500/60000 (71%)]	Loss: 0.030598
Train Epoch: 32 [45000/60000 (75%)]	Loss: 0.084463
Train Epoch: 32 [47500/60000 (79%)]	Loss: 0.021658
Train Epoch: 32 [50000/60000 (83%)]	Loss: 0.122509
Train Epoch: 32 [52500/60000 (88%)]	Loss: 0.108274
Train Epoch: 32 [55000/60000 (92%)]	Loss: 0.138625
Train Epoch: 32 [57500/60000 (96%)]	Loss: 0.084039
Train Epoch: 32 [60000/60000 (100%)]	Loss: 0.052140

Average Training loss: 0.0033, Training Error Rate: 8.89% (5336/60000)


Average Test loss: 0.0001, Test Error Rate: 8.58% (858/10000)

Train Epoch: 33 [2500/60000 (4%)]	Loss: 0.118328
Train Epoch: 33 [5000/60000 (8%)]	Loss: 0.070399
Train Epoch: 33 [7500/60000 (12%)]	Loss: 0.060390
Train Epoch: 33 [10000/60000 (17%)]	Loss: 0.135953
Train Epoch: 33 [12500/60000 (21%)]	Loss: 0.093947
Train Epoch: 33 [15000/60000 (25%)]	Loss: 0.045942
Train Epoch: 33 [17500/60000 (29%)]	Loss: 0.098114
Train Epoch: 33 [20000/60000 (33%)]	Loss: 0.092132
Train Epoch: 33 [22500/60000 (38%)]	Loss: 0.135232
Train Epoch: 33 [25000/60000 (42%)]	Loss: 0.090754
Train Epoch: 33 [27500/60000 (46%)]	Loss: 0.076687
Train Epoch: 33 [30000/60000 (50%)]	Loss: 0.099112
Train Epoch: 33 [32500/60000 (54%)]	Loss: 0.087999
Train Epoch: 33 [35000/60000 (58%)]	Loss: 0.071759
Train Epoch: 33 [37500/60000 (62%)]	Loss: 0.053974
Train Epoch: 33 [40000/60000 (67%)]	Loss: 0.057924
Train Epoch: 33 [42500/60000 (71%)]	Loss: 0.169330
Train Epoch: 33 [45000/60000 (75%)]	Loss: 0.022668
Train Epoch: 33 [47500/60000 (79%)]	Loss: 0.097958
Train Epoch: 33 [50000/60000 (83%)]	Loss: 0.068187
Train Epoch: 33 [52500/60000 (88%)]	Loss: 0.095864
Train Epoch: 33 [55000/60000 (92%)]	Loss: 0.083668
Train Epoch: 33 [57500/60000 (96%)]	Loss: 0.054080
Train Epoch: 33 [60000/60000 (100%)]	Loss: 0.028269

Average Training loss: 0.0033, Training Error Rate: 8.77% (5262/60000)


Average Test loss: 0.0001, Test Error Rate: 8.77% (877/10000)

Train Epoch: 34 [2500/60000 (4%)]	Loss: 0.003666
Train Epoch: 34 [5000/60000 (8%)]	Loss: 0.020967
Train Epoch: 34 [7500/60000 (12%)]	Loss: 0.060494
Train Epoch: 34 [10000/60000 (17%)]	Loss: 0.050422
Train Epoch: 34 [12500/60000 (21%)]	Loss: 0.064425
Train Epoch: 34 [15000/60000 (25%)]	Loss: 0.026075
Train Epoch: 34 [17500/60000 (29%)]	Loss: 0.067081
Train Epoch: 34 [20000/60000 (33%)]	Loss: 0.053347
Train Epoch: 34 [22500/60000 (38%)]	Loss: 0.034231
Train Epoch: 34 [25000/60000 (42%)]	Loss: 0.002684
Train Epoch: 34 [27500/60000 (46%)]	Loss: 0.128465
Train Epoch: 34 [30000/60000 (50%)]	Loss: 0.118454
Train Epoch: 34 [32500/60000 (54%)]	Loss: 0.109976
Train Epoch: 34 [35000/60000 (58%)]	Loss: 0.059070
Train Epoch: 34 [37500/60000 (62%)]	Loss: 0.139695
Train Epoch: 34 [40000/60000 (67%)]	Loss: 0.077218
Train Epoch: 34 [42500/60000 (71%)]	Loss: 0.117419
Train Epoch: 34 [45000/60000 (75%)]	Loss: 0.093132
Train Epoch: 34 [47500/60000 (79%)]	Loss: 0.066974
Train Epoch: 34 [50000/60000 (83%)]	Loss: 0.057211
Train Epoch: 34 [52500/60000 (88%)]	Loss: 0.058241
Train Epoch: 34 [55000/60000 (92%)]	Loss: 0.027663
Train Epoch: 34 [57500/60000 (96%)]	Loss: 0.137768
Train Epoch: 34 [60000/60000 (100%)]	Loss: 0.072406

Average Training loss: 0.0033, Training Error Rate: 8.83% (5298/60000)


Average Test loss: 0.0001, Test Error Rate: 8.71% (871/10000)

Train Epoch: 35 [2500/60000 (4%)]	Loss: 0.103920
Train Epoch: 35 [5000/60000 (8%)]	Loss: 0.105518
Train Epoch: 35 [7500/60000 (12%)]	Loss: 0.092752
Train Epoch: 35 [10000/60000 (17%)]	Loss: 0.101785
Train Epoch: 35 [12500/60000 (21%)]	Loss: 0.019533
Train Epoch: 35 [15000/60000 (25%)]	Loss: 0.151141
Train Epoch: 35 [17500/60000 (29%)]	Loss: 0.062702
Train Epoch: 35 [20000/60000 (33%)]	Loss: 0.050852
Train Epoch: 35 [22500/60000 (38%)]	Loss: 0.110800
Train Epoch: 35 [25000/60000 (42%)]	Loss: 0.051846
Train Epoch: 35 [27500/60000 (46%)]	Loss: 0.091430
Train Epoch: 35 [30000/60000 (50%)]	Loss: 0.118412
Train Epoch: 35 [32500/60000 (54%)]	Loss: 0.068353
Train Epoch: 35 [35000/60000 (58%)]	Loss: 0.122069
Train Epoch: 35 [37500/60000 (62%)]	Loss: 0.005478
Train Epoch: 35 [40000/60000 (67%)]	Loss: 0.117722
Train Epoch: 35 [42500/60000 (71%)]	Loss: 0.078063
Train Epoch: 35 [45000/60000 (75%)]	Loss: 0.071355
Train Epoch: 35 [47500/60000 (79%)]	Loss: 0.150572
Train Epoch: 35 [50000/60000 (83%)]	Loss: 0.024930
Train Epoch: 35 [52500/60000 (88%)]	Loss: 0.103350
Train Epoch: 35 [55000/60000 (92%)]	Loss: 0.056759
Train Epoch: 35 [57500/60000 (96%)]	Loss: 0.012398
Train Epoch: 35 [60000/60000 (100%)]	Loss: 0.067783

Average Training loss: 0.0033, Training Error Rate: 8.79% (5277/60000)


Average Test loss: 0.0001, Test Error Rate: 8.34% (834/10000)

Train Epoch: 36 [2500/60000 (4%)]	Loss: 0.082640
Train Epoch: 36 [5000/60000 (8%)]	Loss: 0.026274
Train Epoch: 36 [7500/60000 (12%)]	Loss: 0.073987
Train Epoch: 36 [10000/60000 (17%)]	Loss: 0.120144
Train Epoch: 36 [12500/60000 (21%)]	Loss: 0.051539
Train Epoch: 36 [15000/60000 (25%)]	Loss: 0.146122
Train Epoch: 36 [17500/60000 (29%)]	Loss: 0.092108
Train Epoch: 36 [20000/60000 (33%)]	Loss: 0.043555
Train Epoch: 36 [22500/60000 (38%)]	Loss: 0.151348
Train Epoch: 36 [25000/60000 (42%)]	Loss: 0.082211
Train Epoch: 36 [27500/60000 (46%)]	Loss: 0.060864
Train Epoch: 36 [30000/60000 (50%)]	Loss: 0.102970
Train Epoch: 36 [32500/60000 (54%)]	Loss: 0.014923
Train Epoch: 36 [35000/60000 (58%)]	Loss: 0.080538
Train Epoch: 36 [37500/60000 (62%)]	Loss: 0.073819
Train Epoch: 36 [40000/60000 (67%)]	Loss: 0.043884
Train Epoch: 36 [42500/60000 (71%)]	Loss: 0.151977
Train Epoch: 36 [45000/60000 (75%)]	Loss: 0.139860
Train Epoch: 36 [47500/60000 (79%)]	Loss: 0.120731
Train Epoch: 36 [50000/60000 (83%)]	Loss: 0.108230
Train Epoch: 36 [52500/60000 (88%)]	Loss: 0.067932
Train Epoch: 36 [55000/60000 (92%)]	Loss: 0.076245
Train Epoch: 36 [57500/60000 (96%)]	Loss: 0.027950
Train Epoch: 36 [60000/60000 (100%)]	Loss: 0.022284

Average Training loss: 0.0032, Training Error Rate: 8.43% (5057/60000)


Average Test loss: 0.0001, Test Error Rate: 8.53% (853/10000)

Train Epoch: 37 [2500/60000 (4%)]	Loss: 0.114407
Train Epoch: 37 [5000/60000 (8%)]	Loss: 0.087570
Train Epoch: 37 [7500/60000 (12%)]	Loss: 0.054436
Train Epoch: 37 [10000/60000 (17%)]	Loss: 0.023438
Train Epoch: 37 [12500/60000 (21%)]	Loss: 0.042974
Train Epoch: 37 [15000/60000 (25%)]	Loss: 0.009283
Train Epoch: 37 [17500/60000 (29%)]	Loss: 0.151111
Train Epoch: 37 [20000/60000 (33%)]	Loss: 0.166089
Train Epoch: 37 [22500/60000 (38%)]	Loss: 0.083318
Train Epoch: 37 [25000/60000 (42%)]	Loss: 0.102603
Train Epoch: 37 [27500/60000 (46%)]	Loss: 0.080216
Train Epoch: 37 [30000/60000 (50%)]	Loss: 0.055693
Train Epoch: 37 [32500/60000 (54%)]	Loss: 0.001422
Train Epoch: 37 [35000/60000 (58%)]	Loss: 0.118413
Train Epoch: 37 [37500/60000 (62%)]	Loss: 0.003910
Train Epoch: 37 [40000/60000 (67%)]	Loss: 0.090572
Train Epoch: 37 [42500/60000 (71%)]	Loss: 0.010105
Train Epoch: 37 [45000/60000 (75%)]	Loss: 0.018408
Train Epoch: 37 [47500/60000 (79%)]	Loss: 0.066479
Train Epoch: 37 [50000/60000 (83%)]	Loss: 0.146592
Train Epoch: 37 [52500/60000 (88%)]	Loss: 0.168276
Train Epoch: 37 [55000/60000 (92%)]	Loss: 0.158380
Train Epoch: 37 [57500/60000 (96%)]	Loss: 0.054248
Train Epoch: 37 [60000/60000 (100%)]	Loss: 0.093102

Average Training loss: 0.0032, Training Error Rate: 8.47% (5083/60000)


Average Test loss: 0.0001, Test Error Rate: 8.34% (834/10000)

Train Epoch: 38 [2500/60000 (4%)]	Loss: 0.042850
Train Epoch: 38 [5000/60000 (8%)]	Loss: 0.053244
Train Epoch: 38 [7500/60000 (12%)]	Loss: 0.091985
Train Epoch: 38 [10000/60000 (17%)]	Loss: 0.049228
Train Epoch: 38 [12500/60000 (21%)]	Loss: 0.036576
Train Epoch: 38 [15000/60000 (25%)]	Loss: 0.186497
Train Epoch: 38 [17500/60000 (29%)]	Loss: 0.041071
Train Epoch: 38 [20000/60000 (33%)]	Loss: 0.211732
Train Epoch: 38 [22500/60000 (38%)]	Loss: 0.130872
Train Epoch: 38 [25000/60000 (42%)]	Loss: 0.066272
Train Epoch: 38 [27500/60000 (46%)]	Loss: 0.056718
Train Epoch: 38 [30000/60000 (50%)]	Loss: 0.043000
Train Epoch: 38 [32500/60000 (54%)]	Loss: 0.105776
Train Epoch: 38 [35000/60000 (58%)]	Loss: 0.143184
Train Epoch: 38 [37500/60000 (62%)]	Loss: 0.049391
Train Epoch: 38 [40000/60000 (67%)]	Loss: 0.088181
Train Epoch: 38 [42500/60000 (71%)]	Loss: 0.045925
Train Epoch: 38 [45000/60000 (75%)]	Loss: 0.131722
Train Epoch: 38 [47500/60000 (79%)]	Loss: 0.061252
Train Epoch: 38 [50000/60000 (83%)]	Loss: 0.020906
Train Epoch: 38 [52500/60000 (88%)]	Loss: 0.070763
Train Epoch: 38 [55000/60000 (92%)]	Loss: 0.044914
Train Epoch: 38 [57500/60000 (96%)]	Loss: 0.084263
Train Epoch: 38 [60000/60000 (100%)]	Loss: 0.058656

Average Training loss: 0.0031, Training Error Rate: 8.25% (4951/60000)


Average Test loss: 0.0001, Test Error Rate: 8.24% (824/10000)

Train Epoch: 39 [2500/60000 (4%)]	Loss: 0.074035
Train Epoch: 39 [5000/60000 (8%)]	Loss: 0.130156
Train Epoch: 39 [7500/60000 (12%)]	Loss: 0.127109
Train Epoch: 39 [10000/60000 (17%)]	Loss: 0.079258
Train Epoch: 39 [12500/60000 (21%)]	Loss: 0.123152
Train Epoch: 39 [15000/60000 (25%)]	Loss: 0.141117
Train Epoch: 39 [17500/60000 (29%)]	Loss: 0.041589
Train Epoch: 39 [20000/60000 (33%)]	Loss: 0.167388
Train Epoch: 39 [22500/60000 (38%)]	Loss: 0.080664
Train Epoch: 39 [25000/60000 (42%)]	Loss: 0.085203
Train Epoch: 39 [27500/60000 (46%)]	Loss: 0.151038
Train Epoch: 39 [30000/60000 (50%)]	Loss: 0.099716
Train Epoch: 39 [32500/60000 (54%)]	Loss: 0.140403
Train Epoch: 39 [35000/60000 (58%)]	Loss: 0.189712
Train Epoch: 39 [37500/60000 (62%)]	Loss: 0.048343
Train Epoch: 39 [40000/60000 (67%)]	Loss: 0.046714
Train Epoch: 39 [42500/60000 (71%)]	Loss: 0.017878
Train Epoch: 39 [45000/60000 (75%)]	Loss: 0.134978
Train Epoch: 39 [47500/60000 (79%)]	Loss: 0.105341
Train Epoch: 39 [50000/60000 (83%)]	Loss: 0.042138
Train Epoch: 39 [52500/60000 (88%)]	Loss: 0.165636
Train Epoch: 39 [55000/60000 (92%)]	Loss: 0.090733
Train Epoch: 39 [57500/60000 (96%)]	Loss: 0.107626
Train Epoch: 39 [60000/60000 (100%)]	Loss: 0.103412

Average Training loss: 0.0031, Training Error Rate: 8.37% (5022/60000)


Average Test loss: 0.0001, Test Error Rate: 8.75% (875/10000)

Train Epoch: 40 [2500/60000 (4%)]	Loss: 0.139559
Train Epoch: 40 [5000/60000 (8%)]	Loss: 0.121899
Train Epoch: 40 [7500/60000 (12%)]	Loss: 0.089266
Train Epoch: 40 [10000/60000 (17%)]	Loss: 0.040058
Train Epoch: 40 [12500/60000 (21%)]	Loss: 0.083822
Train Epoch: 40 [15000/60000 (25%)]	Loss: 0.068913
Train Epoch: 40 [17500/60000 (29%)]	Loss: 0.089460
Train Epoch: 40 [20000/60000 (33%)]	Loss: 0.089421
Train Epoch: 40 [22500/60000 (38%)]	Loss: 0.072042
Train Epoch: 40 [25000/60000 (42%)]	Loss: 0.129468
Train Epoch: 40 [27500/60000 (46%)]	Loss: 0.097924
Train Epoch: 40 [30000/60000 (50%)]	Loss: 0.127122
Train Epoch: 40 [32500/60000 (54%)]	Loss: 0.075179
Train Epoch: 40 [35000/60000 (58%)]	Loss: 0.057409
Train Epoch: 40 [37500/60000 (62%)]	Loss: 0.129115
Train Epoch: 40 [40000/60000 (67%)]	Loss: 0.069088
Train Epoch: 40 [42500/60000 (71%)]	Loss: 0.044066
Train Epoch: 40 [45000/60000 (75%)]	Loss: 0.037311
Train Epoch: 40 [47500/60000 (79%)]	Loss: 0.090472
Train Epoch: 40 [50000/60000 (83%)]	Loss: 0.092895
Train Epoch: 40 [52500/60000 (88%)]	Loss: 0.091587
Train Epoch: 40 [55000/60000 (92%)]	Loss: 0.143682
Train Epoch: 40 [57500/60000 (96%)]	Loss: 0.059795
Train Epoch: 40 [60000/60000 (100%)]	Loss: 0.086667

Average Training loss: 0.0032, Training Error Rate: 8.52% (5114/60000)


Average Test loss: 0.0001, Test Error Rate: 8.07% (807/10000)

Train Epoch: 41 [2500/60000 (4%)]	Loss: 0.021211
Train Epoch: 41 [5000/60000 (8%)]	Loss: 0.105465
Train Epoch: 41 [7500/60000 (12%)]	Loss: 0.064452
Train Epoch: 41 [10000/60000 (17%)]	Loss: 0.052505
Train Epoch: 41 [12500/60000 (21%)]	Loss: 0.070505
Train Epoch: 41 [15000/60000 (25%)]	Loss: 0.041926
Train Epoch: 41 [17500/60000 (29%)]	Loss: 0.031824
Train Epoch: 41 [20000/60000 (33%)]	Loss: 0.001898
Train Epoch: 41 [22500/60000 (38%)]	Loss: 0.060140
Train Epoch: 41 [25000/60000 (42%)]	Loss: 0.122766
Train Epoch: 41 [27500/60000 (46%)]	Loss: 0.100610
Train Epoch: 41 [30000/60000 (50%)]	Loss: 0.046230
Train Epoch: 41 [32500/60000 (54%)]	Loss: 0.023493
Train Epoch: 41 [35000/60000 (58%)]	Loss: 0.188598
Train Epoch: 41 [37500/60000 (62%)]	Loss: 0.067011
Train Epoch: 41 [40000/60000 (67%)]	Loss: 0.062185
Train Epoch: 41 [42500/60000 (71%)]	Loss: 0.092525
Train Epoch: 41 [45000/60000 (75%)]	Loss: 0.022189
Train Epoch: 41 [47500/60000 (79%)]	Loss: 0.080308
Train Epoch: 41 [50000/60000 (83%)]	Loss: 0.093230
Train Epoch: 41 [52500/60000 (88%)]	Loss: 0.057684
Train Epoch: 41 [55000/60000 (92%)]	Loss: 0.125993
Train Epoch: 41 [57500/60000 (96%)]	Loss: 0.008834
Train Epoch: 41 [60000/60000 (100%)]	Loss: 0.117552

Average Training loss: 0.0030, Training Error Rate: 8.13% (4880/60000)


Average Test loss: 0.0001, Test Error Rate: 8.08% (808/10000)

Train Epoch: 42 [2500/60000 (4%)]	Loss: 0.143413
Train Epoch: 42 [5000/60000 (8%)]	Loss: 0.065597
Train Epoch: 42 [7500/60000 (12%)]	Loss: 0.183063
Train Epoch: 42 [10000/60000 (17%)]	Loss: 0.104200
Train Epoch: 42 [12500/60000 (21%)]	Loss: 0.027359
Train Epoch: 42 [15000/60000 (25%)]	Loss: 0.189170
Train Epoch: 42 [17500/60000 (29%)]	Loss: 0.124949
Train Epoch: 42 [20000/60000 (33%)]	Loss: 0.101406
Train Epoch: 42 [22500/60000 (38%)]	Loss: 0.079117
Train Epoch: 42 [25000/60000 (42%)]	Loss: 0.162194
Train Epoch: 42 [27500/60000 (46%)]	Loss: 0.086824
Train Epoch: 42 [30000/60000 (50%)]	Loss: 0.130840
Train Epoch: 42 [32500/60000 (54%)]	Loss: 0.217528
Train Epoch: 42 [35000/60000 (58%)]	Loss: 0.059859
Train Epoch: 42 [37500/60000 (62%)]	Loss: 0.043164
Train Epoch: 42 [40000/60000 (67%)]	Loss: 0.135424
Train Epoch: 42 [42500/60000 (71%)]	Loss: 0.040981
Train Epoch: 42 [45000/60000 (75%)]	Loss: 0.066596
Train Epoch: 42 [47500/60000 (79%)]	Loss: 0.035885
Train Epoch: 42 [50000/60000 (83%)]	Loss: 0.054540
Train Epoch: 42 [52500/60000 (88%)]	Loss: 0.111169
Train Epoch: 42 [55000/60000 (92%)]	Loss: 0.044047
Train Epoch: 42 [57500/60000 (96%)]	Loss: 0.004988
Train Epoch: 42 [60000/60000 (100%)]	Loss: 0.083466

Average Training loss: 0.0031, Training Error Rate: 8.32% (4992/60000)


Average Test loss: 0.0001, Test Error Rate: 7.70% (770/10000)

Train Epoch: 43 [2500/60000 (4%)]	Loss: 0.072379
Train Epoch: 43 [5000/60000 (8%)]	Loss: 0.079910
Train Epoch: 43 [7500/60000 (12%)]	Loss: 0.060780
Train Epoch: 43 [10000/60000 (17%)]	Loss: 0.043038
Train Epoch: 43 [12500/60000 (21%)]	Loss: 0.030310
Train Epoch: 43 [15000/60000 (25%)]	Loss: 0.093258
Train Epoch: 43 [17500/60000 (29%)]	Loss: 0.069667
Train Epoch: 43 [20000/60000 (33%)]	Loss: 0.035622
Train Epoch: 43 [22500/60000 (38%)]	Loss: 0.022874
Train Epoch: 43 [25000/60000 (42%)]	Loss: 0.043415
Train Epoch: 43 [27500/60000 (46%)]	Loss: 0.085040
Train Epoch: 43 [30000/60000 (50%)]	Loss: 0.054359
Train Epoch: 43 [32500/60000 (54%)]	Loss: 0.096342
Train Epoch: 43 [35000/60000 (58%)]	Loss: 0.080016
Train Epoch: 43 [37500/60000 (62%)]	Loss: 0.181834
Train Epoch: 43 [40000/60000 (67%)]	Loss: 0.081240
Train Epoch: 43 [42500/60000 (71%)]	Loss: 0.090579
Train Epoch: 43 [45000/60000 (75%)]	Loss: 0.109117
Train Epoch: 43 [47500/60000 (79%)]	Loss: 0.141831
Train Epoch: 43 [50000/60000 (83%)]	Loss: 0.032393
Train Epoch: 43 [52500/60000 (88%)]	Loss: 0.112790
Train Epoch: 43 [55000/60000 (92%)]	Loss: 0.073271
Train Epoch: 43 [57500/60000 (96%)]	Loss: 0.099272
Train Epoch: 43 [60000/60000 (100%)]	Loss: 0.065124

Average Training loss: 0.0030, Training Error Rate: 8.11% (4866/60000)


Average Test loss: 0.0001, Test Error Rate: 8.08% (808/10000)

Train Epoch: 44 [2500/60000 (4%)]	Loss: 0.012215
Train Epoch: 44 [5000/60000 (8%)]	Loss: 0.057765
Train Epoch: 44 [7500/60000 (12%)]	Loss: 0.044317
Train Epoch: 44 [10000/60000 (17%)]	Loss: 0.154320
Train Epoch: 44 [12500/60000 (21%)]	Loss: 0.005049
Train Epoch: 44 [15000/60000 (25%)]	Loss: 0.141673
Train Epoch: 44 [17500/60000 (29%)]	Loss: 0.071703
Train Epoch: 44 [20000/60000 (33%)]	Loss: 0.059403
Train Epoch: 44 [22500/60000 (38%)]	Loss: 0.058984
Train Epoch: 44 [25000/60000 (42%)]	Loss: 0.001400
Train Epoch: 44 [27500/60000 (46%)]	Loss: 0.144753
Train Epoch: 44 [30000/60000 (50%)]	Loss: 0.092566
Train Epoch: 44 [32500/60000 (54%)]	Loss: 0.007737
Train Epoch: 44 [35000/60000 (58%)]	Loss: 0.116996
Train Epoch: 44 [37500/60000 (62%)]	Loss: 0.111928
Train Epoch: 44 [40000/60000 (67%)]	Loss: 0.161653
Train Epoch: 44 [42500/60000 (71%)]	Loss: 0.025488
Train Epoch: 44 [45000/60000 (75%)]	Loss: 0.050288
Train Epoch: 44 [47500/60000 (79%)]	Loss: 0.073572
Train Epoch: 44 [50000/60000 (83%)]	Loss: 0.076006
Train Epoch: 44 [52500/60000 (88%)]	Loss: 0.189890
Train Epoch: 44 [55000/60000 (92%)]	Loss: 0.125081
Train Epoch: 44 [57500/60000 (96%)]	Loss: 0.087091
Train Epoch: 44 [60000/60000 (100%)]	Loss: 0.025047

Average Training loss: 0.0030, Training Error Rate: 7.93% (4757/60000)


Average Test loss: 0.0001, Test Error Rate: 7.75% (775/10000)

Train Epoch: 45 [2500/60000 (4%)]	Loss: 0.081704
Train Epoch: 45 [5000/60000 (8%)]	Loss: 0.067676
Train Epoch: 45 [7500/60000 (12%)]	Loss: 0.088619
Train Epoch: 45 [10000/60000 (17%)]	Loss: 0.046631
Train Epoch: 45 [12500/60000 (21%)]	Loss: 0.100570
Train Epoch: 45 [15000/60000 (25%)]	Loss: 0.001309
Train Epoch: 45 [17500/60000 (29%)]	Loss: 0.073818
Train Epoch: 45 [20000/60000 (33%)]	Loss: 0.004988
Train Epoch: 45 [22500/60000 (38%)]	Loss: 0.096065
Train Epoch: 45 [25000/60000 (42%)]	Loss: 0.026782
Train Epoch: 45 [27500/60000 (46%)]	Loss: 0.019026
Train Epoch: 45 [30000/60000 (50%)]	Loss: 0.077183
Train Epoch: 45 [32500/60000 (54%)]	Loss: 0.048345
Train Epoch: 45 [35000/60000 (58%)]	Loss: 0.049077
Train Epoch: 45 [37500/60000 (62%)]	Loss: 0.096772
Train Epoch: 45 [40000/60000 (67%)]	Loss: 0.093482
Train Epoch: 45 [42500/60000 (71%)]	Loss: 0.069760
Train Epoch: 45 [45000/60000 (75%)]	Loss: 0.146370
Train Epoch: 45 [47500/60000 (79%)]	Loss: 0.065755
Train Epoch: 45 [50000/60000 (83%)]	Loss: 0.087888
Train Epoch: 45 [52500/60000 (88%)]	Loss: 0.101197
Train Epoch: 45 [55000/60000 (92%)]	Loss: 0.105090
Train Epoch: 45 [57500/60000 (96%)]	Loss: 0.111829
Train Epoch: 45 [60000/60000 (100%)]	Loss: 0.006761

Average Training loss: 0.0029, Training Error Rate: 7.88% (4730/60000)


Average Test loss: 0.0001, Test Error Rate: 7.85% (785/10000)

Train Epoch: 46 [2500/60000 (4%)]	Loss: 0.041593
Train Epoch: 46 [5000/60000 (8%)]	Loss: 0.101855
Train Epoch: 46 [7500/60000 (12%)]	Loss: 0.012017
Train Epoch: 46 [10000/60000 (17%)]	Loss: 0.017842
Train Epoch: 46 [12500/60000 (21%)]	Loss: 0.130826
Train Epoch: 46 [15000/60000 (25%)]	Loss: 0.001104
Train Epoch: 46 [17500/60000 (29%)]	Loss: 0.019994
Train Epoch: 46 [20000/60000 (33%)]	Loss: 0.065950
Train Epoch: 46 [22500/60000 (38%)]	Loss: 0.029737
Train Epoch: 46 [25000/60000 (42%)]	Loss: 0.081289
Train Epoch: 46 [27500/60000 (46%)]	Loss: 0.154104
Train Epoch: 46 [30000/60000 (50%)]	Loss: 0.006662
Train Epoch: 46 [32500/60000 (54%)]	Loss: 0.031416
Train Epoch: 46 [35000/60000 (58%)]	Loss: 0.098863
Train Epoch: 46 [37500/60000 (62%)]	Loss: 0.041241
Train Epoch: 46 [40000/60000 (67%)]	Loss: 0.085548
Train Epoch: 46 [42500/60000 (71%)]	Loss: 0.066405
Train Epoch: 46 [45000/60000 (75%)]	Loss: 0.062056
Train Epoch: 46 [47500/60000 (79%)]	Loss: 0.026705
Train Epoch: 46 [50000/60000 (83%)]	Loss: 0.141096
Train Epoch: 46 [52500/60000 (88%)]	Loss: 0.216801
Train Epoch: 46 [55000/60000 (92%)]	Loss: 0.000564
Train Epoch: 46 [57500/60000 (96%)]	Loss: 0.009030
Train Epoch: 46 [60000/60000 (100%)]	Loss: 0.038319

Average Training loss: 0.0030, Training Error Rate: 8.02% (4812/60000)


Average Test loss: 0.0001, Test Error Rate: 8.45% (845/10000)

Train Epoch: 47 [2500/60000 (4%)]	Loss: 0.062368
Train Epoch: 47 [5000/60000 (8%)]	Loss: 0.003574
Train Epoch: 47 [7500/60000 (12%)]	Loss: 0.147883
Train Epoch: 47 [10000/60000 (17%)]	Loss: 0.140471
Train Epoch: 47 [12500/60000 (21%)]	Loss: 0.110840
Train Epoch: 47 [15000/60000 (25%)]	Loss: 0.061022
Train Epoch: 47 [17500/60000 (29%)]	Loss: 0.145890
Train Epoch: 47 [20000/60000 (33%)]	Loss: 0.040745
Train Epoch: 47 [22500/60000 (38%)]	Loss: 0.060477
Train Epoch: 47 [25000/60000 (42%)]	Loss: 0.041130
Train Epoch: 47 [27500/60000 (46%)]	Loss: 0.027667
Train Epoch: 47 [30000/60000 (50%)]	Loss: 0.120626
Train Epoch: 47 [32500/60000 (54%)]	Loss: 0.066092
Train Epoch: 47 [35000/60000 (58%)]	Loss: 0.129255
Train Epoch: 47 [37500/60000 (62%)]	Loss: 0.089322
Train Epoch: 47 [40000/60000 (67%)]	Loss: 0.125170
Train Epoch: 47 [42500/60000 (71%)]	Loss: 0.127417
Train Epoch: 47 [45000/60000 (75%)]	Loss: 0.059131
Train Epoch: 47 [47500/60000 (79%)]	Loss: 0.080199
Train Epoch: 47 [50000/60000 (83%)]	Loss: 0.005050
Train Epoch: 47 [52500/60000 (88%)]	Loss: 0.154192
Train Epoch: 47 [55000/60000 (92%)]	Loss: 0.007893
Train Epoch: 47 [57500/60000 (96%)]	Loss: 0.083446
Train Epoch: 47 [60000/60000 (100%)]	Loss: 0.048892

Average Training loss: 0.0029, Training Error Rate: 7.82% (4694/60000)


Average Test loss: 0.0001, Test Error Rate: 8.15% (815/10000)

Train Epoch: 48 [2500/60000 (4%)]	Loss: 0.062320
Train Epoch: 48 [5000/60000 (8%)]	Loss: 0.115299
Train Epoch: 48 [7500/60000 (12%)]	Loss: 0.050707
Train Epoch: 48 [10000/60000 (17%)]	Loss: 0.148544
Train Epoch: 48 [12500/60000 (21%)]	Loss: 0.041001
Train Epoch: 48 [15000/60000 (25%)]	Loss: 0.067878
Train Epoch: 48 [17500/60000 (29%)]	Loss: 0.062675
Train Epoch: 48 [20000/60000 (33%)]	Loss: 0.038861
Train Epoch: 48 [22500/60000 (38%)]	Loss: 0.031735
Train Epoch: 48 [25000/60000 (42%)]	Loss: 0.114334
Train Epoch: 48 [27500/60000 (46%)]	Loss: 0.090764
Train Epoch: 48 [30000/60000 (50%)]	Loss: 0.070041
Train Epoch: 48 [32500/60000 (54%)]	Loss: 0.132106
Train Epoch: 48 [35000/60000 (58%)]	Loss: 0.134065
Train Epoch: 48 [37500/60000 (62%)]	Loss: 0.097321
Train Epoch: 48 [40000/60000 (67%)]	Loss: 0.089192
Train Epoch: 48 [42500/60000 (71%)]	Loss: 0.111936
Train Epoch: 48 [45000/60000 (75%)]	Loss: 0.155198
Train Epoch: 48 [47500/60000 (79%)]	Loss: 0.070794
Train Epoch: 48 [50000/60000 (83%)]	Loss: 0.078596
Train Epoch: 48 [52500/60000 (88%)]	Loss: 0.049493
Train Epoch: 48 [55000/60000 (92%)]	Loss: 0.062916
Train Epoch: 48 [57500/60000 (96%)]	Loss: 0.135712
Train Epoch: 48 [60000/60000 (100%)]	Loss: 0.083856

Average Training loss: 0.0030, Training Error Rate: 7.94% (4766/60000)


Average Test loss: 0.0001, Test Error Rate: 7.95% (795/10000)

Train Epoch: 49 [2500/60000 (4%)]	Loss: 0.085074
Train Epoch: 49 [5000/60000 (8%)]	Loss: 0.062674
Train Epoch: 49 [7500/60000 (12%)]	Loss: 0.038155
Train Epoch: 49 [10000/60000 (17%)]	Loss: 0.109669
Train Epoch: 49 [12500/60000 (21%)]	Loss: 0.040015
Train Epoch: 49 [15000/60000 (25%)]	Loss: 0.012534
Train Epoch: 49 [17500/60000 (29%)]	Loss: 0.068780
Train Epoch: 49 [20000/60000 (33%)]	Loss: 0.022738
Train Epoch: 49 [22500/60000 (38%)]	Loss: 0.042026
Train Epoch: 49 [25000/60000 (42%)]	Loss: 0.019442
Train Epoch: 49 [27500/60000 (46%)]	Loss: 0.023123
Train Epoch: 49 [30000/60000 (50%)]	Loss: 0.077340
Train Epoch: 49 [32500/60000 (54%)]	Loss: 0.077524
Train Epoch: 49 [35000/60000 (58%)]	Loss: 0.000191
Train Epoch: 49 [37500/60000 (62%)]	Loss: 0.064975
Train Epoch: 49 [40000/60000 (67%)]	Loss: 0.052334
Train Epoch: 49 [42500/60000 (71%)]	Loss: 0.088734
Train Epoch: 49 [45000/60000 (75%)]	Loss: 0.092987
Train Epoch: 49 [47500/60000 (79%)]	Loss: 0.030023
Train Epoch: 49 [50000/60000 (83%)]	Loss: 0.025228
Train Epoch: 49 [52500/60000 (88%)]	Loss: 0.008300
Train Epoch: 49 [55000/60000 (92%)]	Loss: 0.085131
Train Epoch: 49 [57500/60000 (96%)]	Loss: 0.041579
Train Epoch: 49 [60000/60000 (100%)]	Loss: 0.084139

Average Training loss: 0.0030, Training Error Rate: 7.94% (4763/60000)


Average Test loss: 0.0001, Test Error Rate: 7.98% (798/10000)

Train Epoch: 50 [2500/60000 (4%)]	Loss: 0.036569
Train Epoch: 50 [5000/60000 (8%)]	Loss: 0.131848
Train Epoch: 50 [7500/60000 (12%)]	Loss: 0.120068
Train Epoch: 50 [10000/60000 (17%)]	Loss: 0.080852
Train Epoch: 50 [12500/60000 (21%)]	Loss: 0.000572
Train Epoch: 50 [15000/60000 (25%)]	Loss: 0.268408
Train Epoch: 50 [17500/60000 (29%)]	Loss: 0.038664
Train Epoch: 50 [20000/60000 (33%)]	Loss: 0.019175
Train Epoch: 50 [22500/60000 (38%)]	Loss: 0.111931
Train Epoch: 50 [25000/60000 (42%)]	Loss: 0.017680
Train Epoch: 50 [27500/60000 (46%)]	Loss: 0.113133
Train Epoch: 50 [30000/60000 (50%)]	Loss: 0.054679
Train Epoch: 50 [32500/60000 (54%)]	Loss: 0.169643
Train Epoch: 50 [35000/60000 (58%)]	Loss: 0.013011
Train Epoch: 50 [37500/60000 (62%)]	Loss: 0.076210
Train Epoch: 50 [40000/60000 (67%)]	Loss: 0.105585
Train Epoch: 50 [42500/60000 (71%)]	Loss: 0.103269
Train Epoch: 50 [45000/60000 (75%)]	Loss: 0.100356
Train Epoch: 50 [47500/60000 (79%)]	Loss: 0.033290
Train Epoch: 50 [50000/60000 (83%)]	Loss: 0.059002
Train Epoch: 50 [52500/60000 (88%)]	Loss: 0.120629
Train Epoch: 50 [55000/60000 (92%)]	Loss: 0.050719
Train Epoch: 50 [57500/60000 (96%)]	Loss: 0.052475
Train Epoch: 50 [60000/60000 (100%)]	Loss: 0.135867

Average Training loss: 0.0029, Training Error Rate: 7.71% (4623/60000)


Average Test loss: 0.0001, Test Error Rate: 8.11% (811/10000)

Train Epoch: 51 [2500/60000 (4%)]	Loss: 0.115346
Train Epoch: 51 [5000/60000 (8%)]	Loss: 0.041296
Train Epoch: 51 [7500/60000 (12%)]	Loss: 0.086966
Train Epoch: 51 [10000/60000 (17%)]	Loss: 0.160137
Train Epoch: 51 [12500/60000 (21%)]	Loss: 0.061874
Train Epoch: 51 [15000/60000 (25%)]	Loss: 0.077014
Train Epoch: 51 [17500/60000 (29%)]	Loss: 0.076101
Train Epoch: 51 [20000/60000 (33%)]	Loss: 0.101348
Train Epoch: 51 [22500/60000 (38%)]	Loss: 0.061999
Train Epoch: 51 [25000/60000 (42%)]	Loss: 0.052736
Train Epoch: 51 [27500/60000 (46%)]	Loss: 0.097663
Train Epoch: 51 [30000/60000 (50%)]	Loss: 0.043888
Train Epoch: 51 [32500/60000 (54%)]	Loss: 0.124584
Train Epoch: 51 [35000/60000 (58%)]	Loss: 0.004871
Train Epoch: 51 [37500/60000 (62%)]	Loss: 0.050462
Train Epoch: 51 [40000/60000 (67%)]	Loss: 0.101248
Train Epoch: 51 [42500/60000 (71%)]	Loss: 0.034730
Train Epoch: 51 [45000/60000 (75%)]	Loss: 0.039460
Train Epoch: 51 [47500/60000 (79%)]	Loss: 0.085279
Train Epoch: 51 [50000/60000 (83%)]	Loss: 0.097924
Train Epoch: 51 [52500/60000 (88%)]	Loss: 0.067129
Train Epoch: 51 [55000/60000 (92%)]	Loss: 0.034956
Train Epoch: 51 [57500/60000 (96%)]	Loss: 0.040310
Train Epoch: 51 [60000/60000 (100%)]	Loss: 0.049779

Average Training loss: 0.0029, Training Error Rate: 7.81% (4684/60000)


Average Test loss: 0.0001, Test Error Rate: 7.70% (770/10000)

Train Epoch: 52 [2500/60000 (4%)]	Loss: 0.051468
Train Epoch: 52 [5000/60000 (8%)]	Loss: 0.128022
Train Epoch: 52 [7500/60000 (12%)]	Loss: 0.052983
Train Epoch: 52 [10000/60000 (17%)]	Loss: 0.099463
Train Epoch: 52 [12500/60000 (21%)]	Loss: 0.131776
Train Epoch: 52 [15000/60000 (25%)]	Loss: 0.029760
Train Epoch: 52 [17500/60000 (29%)]	Loss: 0.060396
Train Epoch: 52 [20000/60000 (33%)]	Loss: 0.044557
Train Epoch: 52 [22500/60000 (38%)]	Loss: 0.092098
Train Epoch: 52 [25000/60000 (42%)]	Loss: 0.070600
Train Epoch: 52 [27500/60000 (46%)]	Loss: 0.163779
Train Epoch: 52 [30000/60000 (50%)]	Loss: 0.193419
Train Epoch: 52 [32500/60000 (54%)]	Loss: 0.000365
Train Epoch: 52 [35000/60000 (58%)]	Loss: 0.000545
Train Epoch: 52 [37500/60000 (62%)]	Loss: 0.025623
Train Epoch: 52 [40000/60000 (67%)]	Loss: 0.010417
Train Epoch: 52 [42500/60000 (71%)]	Loss: 0.151598
Train Epoch: 52 [45000/60000 (75%)]	Loss: 0.133699
Train Epoch: 52 [47500/60000 (79%)]	Loss: 0.158579
Train Epoch: 52 [50000/60000 (83%)]	Loss: 0.002134
Train Epoch: 52 [52500/60000 (88%)]	Loss: 0.114141
Train Epoch: 52 [55000/60000 (92%)]	Loss: 0.021551
Train Epoch: 52 [57500/60000 (96%)]	Loss: 0.067265
Train Epoch: 52 [60000/60000 (100%)]	Loss: 0.020829

Average Training loss: 0.0029, Training Error Rate: 7.66% (4597/60000)


Average Test loss: 0.0001, Test Error Rate: 7.81% (781/10000)

Train Epoch: 53 [2500/60000 (4%)]	Loss: 0.072285
Train Epoch: 53 [5000/60000 (8%)]	Loss: 0.041608
Train Epoch: 53 [7500/60000 (12%)]	Loss: 0.084947
Train Epoch: 53 [10000/60000 (17%)]	Loss: 0.073705
Train Epoch: 53 [12500/60000 (21%)]	Loss: 0.063812
Train Epoch: 53 [15000/60000 (25%)]	Loss: 0.032522
Train Epoch: 53 [17500/60000 (29%)]	Loss: 0.046612
Train Epoch: 53 [20000/60000 (33%)]	Loss: 0.102506
Train Epoch: 53 [22500/60000 (38%)]	Loss: 0.088544
Train Epoch: 53 [25000/60000 (42%)]	Loss: 0.103830
Train Epoch: 53 [27500/60000 (46%)]	Loss: 0.000586
Train Epoch: 53 [30000/60000 (50%)]	Loss: 0.045650
Train Epoch: 53 [32500/60000 (54%)]	Loss: 0.130988
Train Epoch: 53 [35000/60000 (58%)]	Loss: 0.102453
Train Epoch: 53 [37500/60000 (62%)]	Loss: 0.018453
Train Epoch: 53 [40000/60000 (67%)]	Loss: 0.105954
Train Epoch: 53 [42500/60000 (71%)]	Loss: 0.083569
Train Epoch: 53 [45000/60000 (75%)]	Loss: 0.070206
Train Epoch: 53 [47500/60000 (79%)]	Loss: 0.003447
Train Epoch: 53 [50000/60000 (83%)]	Loss: 0.069512
Train Epoch: 53 [52500/60000 (88%)]	Loss: 0.159690
Train Epoch: 53 [55000/60000 (92%)]	Loss: 0.047858
Train Epoch: 53 [57500/60000 (96%)]	Loss: 0.089868
Train Epoch: 53 [60000/60000 (100%)]	Loss: 0.070428

Average Training loss: 0.0029, Training Error Rate: 7.60% (4561/60000)


Average Test loss: 0.0001, Test Error Rate: 7.71% (771/10000)

Train Epoch: 54 [2500/60000 (4%)]	Loss: 0.072177
Train Epoch: 54 [5000/60000 (8%)]	Loss: 0.137558
Train Epoch: 54 [7500/60000 (12%)]	Loss: 0.045896
Train Epoch: 54 [10000/60000 (17%)]	Loss: 0.045908
Train Epoch: 54 [12500/60000 (21%)]	Loss: 0.002597
Train Epoch: 54 [15000/60000 (25%)]	Loss: 0.023455
Train Epoch: 54 [17500/60000 (29%)]	Loss: 0.032816
Train Epoch: 54 [20000/60000 (33%)]	Loss: 0.028804
Train Epoch: 54 [22500/60000 (38%)]	Loss: 0.067321
Train Epoch: 54 [25000/60000 (42%)]	Loss: 0.090148
Train Epoch: 54 [27500/60000 (46%)]	Loss: 0.049682
Train Epoch: 54 [30000/60000 (50%)]	Loss: 0.089938
Train Epoch: 54 [32500/60000 (54%)]	Loss: 0.084349
Train Epoch: 54 [35000/60000 (58%)]	Loss: 0.041964
Train Epoch: 54 [37500/60000 (62%)]	Loss: 0.081897
Train Epoch: 54 [40000/60000 (67%)]	Loss: 0.090644
Train Epoch: 54 [42500/60000 (71%)]	Loss: 0.096216
Train Epoch: 54 [45000/60000 (75%)]	Loss: 0.069812
Train Epoch: 54 [47500/60000 (79%)]	Loss: 0.060942
Train Epoch: 54 [50000/60000 (83%)]	Loss: 0.042666
Train Epoch: 54 [52500/60000 (88%)]	Loss: 0.110680
Train Epoch: 54 [55000/60000 (92%)]	Loss: 0.085481
Train Epoch: 54 [57500/60000 (96%)]	Loss: 0.137682
Train Epoch: 54 [60000/60000 (100%)]	Loss: 0.037361

Average Training loss: 0.0029, Training Error Rate: 7.75% (4651/60000)


Average Test loss: 0.0001, Test Error Rate: 8.33% (833/10000)

Train Epoch: 55 [2500/60000 (4%)]	Loss: 0.067666
Train Epoch: 55 [5000/60000 (8%)]	Loss: 0.072034
Train Epoch: 55 [7500/60000 (12%)]	Loss: 0.072473
Train Epoch: 55 [10000/60000 (17%)]	Loss: 0.050151
Train Epoch: 55 [12500/60000 (21%)]	Loss: 0.098990
Train Epoch: 55 [15000/60000 (25%)]	Loss: 0.082511
Train Epoch: 55 [17500/60000 (29%)]	Loss: 0.045437
Train Epoch: 55 [20000/60000 (33%)]	Loss: 0.040085
Train Epoch: 55 [22500/60000 (38%)]	Loss: 0.133256
Train Epoch: 55 [25000/60000 (42%)]	Loss: 0.072133
Train Epoch: 55 [27500/60000 (46%)]	Loss: 0.012072
Train Epoch: 55 [30000/60000 (50%)]	Loss: 0.100762
Train Epoch: 55 [32500/60000 (54%)]	Loss: 0.020931
Train Epoch: 55 [35000/60000 (58%)]	Loss: 0.120109
Train Epoch: 55 [37500/60000 (62%)]	Loss: 0.072003
Train Epoch: 55 [40000/60000 (67%)]	Loss: 0.073582
Train Epoch: 55 [42500/60000 (71%)]	Loss: 0.021753
Train Epoch: 55 [45000/60000 (75%)]	Loss: 0.027179
Train Epoch: 55 [47500/60000 (79%)]	Loss: 0.051101
Train Epoch: 55 [50000/60000 (83%)]	Loss: 0.090508
Train Epoch: 55 [52500/60000 (88%)]	Loss: 0.026447
Train Epoch: 55 [55000/60000 (92%)]	Loss: 0.045891
Train Epoch: 55 [57500/60000 (96%)]	Loss: 0.004193
Train Epoch: 55 [60000/60000 (100%)]	Loss: 0.129442

Average Training loss: 0.0031, Training Error Rate: 7.94% (4763/60000)


Average Test loss: 0.0001, Test Error Rate: 8.44% (844/10000)

Train Epoch: 56 [2500/60000 (4%)]	Loss: 0.069141
Train Epoch: 56 [5000/60000 (8%)]	Loss: 0.043392
Train Epoch: 56 [7500/60000 (12%)]	Loss: 0.103188
Train Epoch: 56 [10000/60000 (17%)]	Loss: 0.008498
Train Epoch: 56 [12500/60000 (21%)]	Loss: 0.066106
Train Epoch: 56 [15000/60000 (25%)]	Loss: 0.075559
Train Epoch: 56 [17500/60000 (29%)]	Loss: 0.079143
Train Epoch: 56 [20000/60000 (33%)]	Loss: 0.060460
Train Epoch: 56 [22500/60000 (38%)]	Loss: 0.098317
Train Epoch: 56 [25000/60000 (42%)]	Loss: 0.054694
Train Epoch: 56 [27500/60000 (46%)]	Loss: 0.100950
Train Epoch: 56 [30000/60000 (50%)]	Loss: 0.075758
Train Epoch: 56 [32500/60000 (54%)]	Loss: 0.137044
Train Epoch: 56 [35000/60000 (58%)]	Loss: 0.043758
Train Epoch: 56 [37500/60000 (62%)]	Loss: 0.025548
Train Epoch: 56 [40000/60000 (67%)]	Loss: 0.015948
Train Epoch: 56 [42500/60000 (71%)]	Loss: 0.080940
Train Epoch: 56 [45000/60000 (75%)]	Loss: 0.022249
Train Epoch: 56 [47500/60000 (79%)]	Loss: 0.049565
Train Epoch: 56 [50000/60000 (83%)]	Loss: 0.085820
Train Epoch: 56 [52500/60000 (88%)]	Loss: 0.109378
Train Epoch: 56 [55000/60000 (92%)]	Loss: 0.077817
Train Epoch: 56 [57500/60000 (96%)]	Loss: 0.054471
Train Epoch: 56 [60000/60000 (100%)]	Loss: 0.175228

Average Training loss: 0.0030, Training Error Rate: 7.85% (4710/60000)


Average Test loss: 0.0001, Test Error Rate: 7.94% (794/10000)

Train Epoch: 57 [2500/60000 (4%)]	Loss: 0.072308
Train Epoch: 57 [5000/60000 (8%)]	Loss: 0.033853
Train Epoch: 57 [7500/60000 (12%)]	Loss: 0.120528
Train Epoch: 57 [10000/60000 (17%)]	Loss: 0.063651
Train Epoch: 57 [12500/60000 (21%)]	Loss: 0.084671
Train Epoch: 57 [15000/60000 (25%)]	Loss: 0.140100
Train Epoch: 57 [17500/60000 (29%)]	Loss: 0.034199
Train Epoch: 57 [20000/60000 (33%)]	Loss: 0.103192
Train Epoch: 57 [22500/60000 (38%)]	Loss: 0.143889
Train Epoch: 57 [25000/60000 (42%)]	Loss: 0.049596
Train Epoch: 57 [27500/60000 (46%)]	Loss: 0.098055
Train Epoch: 57 [30000/60000 (50%)]	Loss: 0.001792
Train Epoch: 57 [32500/60000 (54%)]	Loss: 0.000418
Train Epoch: 57 [35000/60000 (58%)]	Loss: 0.238318
Train Epoch: 57 [37500/60000 (62%)]	Loss: 0.039688
Train Epoch: 57 [40000/60000 (67%)]	Loss: 0.072896
Train Epoch: 57 [42500/60000 (71%)]	Loss: 0.045616
Train Epoch: 57 [45000/60000 (75%)]	Loss: 0.016149
Train Epoch: 57 [47500/60000 (79%)]	Loss: 0.035633
Train Epoch: 57 [50000/60000 (83%)]	Loss: 0.088209
Train Epoch: 57 [52500/60000 (88%)]	Loss: 0.042249
Train Epoch: 57 [55000/60000 (92%)]	Loss: 0.011748
Train Epoch: 57 [57500/60000 (96%)]	Loss: 0.035968
Train Epoch: 57 [60000/60000 (100%)]	Loss: 0.138678

Average Training loss: 0.0030, Training Error Rate: 7.88% (4731/60000)


Average Test loss: 0.0001, Test Error Rate: 8.09% (809/10000)

Train Epoch: 58 [2500/60000 (4%)]	Loss: 0.140956
Train Epoch: 58 [5000/60000 (8%)]	Loss: 0.049378
Train Epoch: 58 [7500/60000 (12%)]	Loss: 0.054264
Train Epoch: 58 [10000/60000 (17%)]	Loss: 0.109887
Train Epoch: 58 [12500/60000 (21%)]	Loss: 0.020198
Train Epoch: 58 [15000/60000 (25%)]	Loss: 0.076485
Train Epoch: 58 [17500/60000 (29%)]	Loss: 0.001740
Train Epoch: 58 [20000/60000 (33%)]	Loss: 0.073244
Train Epoch: 58 [22500/60000 (38%)]	Loss: 0.058385
Train Epoch: 58 [25000/60000 (42%)]	Loss: 0.040771
Train Epoch: 58 [27500/60000 (46%)]	Loss: 0.047938
Train Epoch: 58 [30000/60000 (50%)]	Loss: 0.060695
Train Epoch: 58 [32500/60000 (54%)]	Loss: 0.077753
Train Epoch: 58 [35000/60000 (58%)]	Loss: 0.052091
Train Epoch: 58 [37500/60000 (62%)]	Loss: 0.087528
Train Epoch: 58 [40000/60000 (67%)]	Loss: 0.049977
Train Epoch: 58 [42500/60000 (71%)]	Loss: 0.022329
Train Epoch: 58 [45000/60000 (75%)]	Loss: 0.090545
Train Epoch: 58 [47500/60000 (79%)]	Loss: 0.132933
Train Epoch: 58 [50000/60000 (83%)]	Loss: 0.141617
Train Epoch: 58 [52500/60000 (88%)]	Loss: 0.125355
Train Epoch: 58 [55000/60000 (92%)]	Loss: 0.040655
Train Epoch: 58 [57500/60000 (96%)]	Loss: 0.056157
Train Epoch: 58 [60000/60000 (100%)]	Loss: 0.130264

Average Training loss: 0.0029, Training Error Rate: 7.64% (4583/60000)


Average Test loss: 0.0001, Test Error Rate: 8.43% (843/10000)

Train Epoch: 59 [2500/60000 (4%)]	Loss: 0.040973
Train Epoch: 59 [5000/60000 (8%)]	Loss: 0.084518
Train Epoch: 59 [7500/60000 (12%)]	Loss: 0.102010
Train Epoch: 59 [10000/60000 (17%)]	Loss: 0.059587
Train Epoch: 59 [12500/60000 (21%)]	Loss: 0.035963
Train Epoch: 59 [15000/60000 (25%)]	Loss: 0.064021
Train Epoch: 59 [17500/60000 (29%)]	Loss: 0.017347
Train Epoch: 59 [20000/60000 (33%)]	Loss: 0.079788
Train Epoch: 59 [22500/60000 (38%)]	Loss: 0.068269
Train Epoch: 59 [25000/60000 (42%)]	Loss: 0.071319
Train Epoch: 59 [27500/60000 (46%)]	Loss: 0.032096
Train Epoch: 59 [30000/60000 (50%)]	Loss: 0.111672
Train Epoch: 59 [32500/60000 (54%)]	Loss: 0.113234
Train Epoch: 59 [35000/60000 (58%)]	Loss: 0.079300
Train Epoch: 59 [37500/60000 (62%)]	Loss: 0.119435
Train Epoch: 59 [40000/60000 (67%)]	Loss: 0.072879
Train Epoch: 59 [42500/60000 (71%)]	Loss: 0.074431
Train Epoch: 59 [45000/60000 (75%)]	Loss: 0.053464
Train Epoch: 59 [47500/60000 (79%)]	Loss: 0.060812
Train Epoch: 59 [50000/60000 (83%)]	Loss: 0.120985
Train Epoch: 59 [52500/60000 (88%)]	Loss: 0.032553
Train Epoch: 59 [55000/60000 (92%)]	Loss: 0.040883
Train Epoch: 59 [57500/60000 (96%)]	Loss: 0.118411
Train Epoch: 59 [60000/60000 (100%)]	Loss: 0.049460

Average Training loss: 0.0029, Training Error Rate: 7.69% (4616/60000)


Average Test loss: 0.0001, Test Error Rate: 8.08% (808/10000)

Train Epoch: 60 [2500/60000 (4%)]	Loss: 0.098759
Train Epoch: 60 [5000/60000 (8%)]	Loss: 0.013235
Train Epoch: 60 [7500/60000 (12%)]	Loss: 0.040465
Train Epoch: 60 [10000/60000 (17%)]	Loss: 0.067708
Train Epoch: 60 [12500/60000 (21%)]	Loss: 0.091186
Train Epoch: 60 [15000/60000 (25%)]	Loss: 0.095018
Train Epoch: 60 [17500/60000 (29%)]	Loss: 0.054206
Train Epoch: 60 [20000/60000 (33%)]	Loss: 0.134987
Train Epoch: 60 [22500/60000 (38%)]	Loss: 0.058774
Train Epoch: 60 [25000/60000 (42%)]	Loss: 0.078286
Train Epoch: 60 [27500/60000 (46%)]	Loss: 0.001768
Train Epoch: 60 [30000/60000 (50%)]	Loss: 0.069418
Train Epoch: 60 [32500/60000 (54%)]	Loss: 0.170879
Train Epoch: 60 [35000/60000 (58%)]	Loss: 0.032972
Train Epoch: 60 [37500/60000 (62%)]	Loss: 0.015099
Train Epoch: 60 [40000/60000 (67%)]	Loss: 0.059996
Train Epoch: 60 [42500/60000 (71%)]	Loss: 0.139733
Train Epoch: 60 [45000/60000 (75%)]	Loss: 0.072078
Train Epoch: 60 [47500/60000 (79%)]	Loss: 0.002542
Train Epoch: 60 [50000/60000 (83%)]	Loss: 0.049538
Train Epoch: 60 [52500/60000 (88%)]	Loss: 0.030343
Train Epoch: 60 [55000/60000 (92%)]	Loss: 0.055611
Train Epoch: 60 [57500/60000 (96%)]	Loss: 0.020868
Train Epoch: 60 [60000/60000 (100%)]	Loss: 0.040981

Average Training loss: 0.0029, Training Error Rate: 7.68% (4607/60000)


Average Test loss: 0.0001, Test Error Rate: 8.11% (811/10000)

Train Epoch: 61 [2500/60000 (4%)]	Loss: 0.113094
Train Epoch: 61 [5000/60000 (8%)]	Loss: 0.075698
Train Epoch: 61 [7500/60000 (12%)]	Loss: 0.034840
Train Epoch: 61 [10000/60000 (17%)]	Loss: 0.153316
Train Epoch: 61 [12500/60000 (21%)]	Loss: 0.081076
Train Epoch: 61 [15000/60000 (25%)]	Loss: 0.061470
Train Epoch: 61 [17500/60000 (29%)]	Loss: 0.092770
Train Epoch: 61 [20000/60000 (33%)]	Loss: 0.083812
Train Epoch: 61 [22500/60000 (38%)]	Loss: 0.080104
Train Epoch: 61 [25000/60000 (42%)]	Loss: 0.162275
Train Epoch: 61 [27500/60000 (46%)]	Loss: 0.088808
Train Epoch: 61 [30000/60000 (50%)]	Loss: 0.059842
Train Epoch: 61 [32500/60000 (54%)]	Loss: 0.174529
Train Epoch: 61 [35000/60000 (58%)]	Loss: 0.008844
Train Epoch: 61 [37500/60000 (62%)]	Loss: 0.067138
Train Epoch: 61 [40000/60000 (67%)]	Loss: 0.050712
Train Epoch: 61 [42500/60000 (71%)]	Loss: 0.099785
Train Epoch: 61 [45000/60000 (75%)]	Loss: 0.040030
Train Epoch: 61 [47500/60000 (79%)]	Loss: 0.075321
Train Epoch: 61 [50000/60000 (83%)]	Loss: 0.009638
Train Epoch: 61 [52500/60000 (88%)]	Loss: 0.062003
Train Epoch: 61 [55000/60000 (92%)]	Loss: 0.050395
Train Epoch: 61 [57500/60000 (96%)]	Loss: 0.076380
Train Epoch: 61 [60000/60000 (100%)]	Loss: 0.120523

Average Training loss: 0.0029, Training Error Rate: 7.72% (4632/60000)


Average Test loss: 0.0001, Test Error Rate: 7.81% (781/10000)

Train Epoch: 62 [2500/60000 (4%)]	Loss: 0.080601
Train Epoch: 62 [5000/60000 (8%)]	Loss: 0.036107
Train Epoch: 62 [7500/60000 (12%)]	Loss: 0.030923
Train Epoch: 62 [10000/60000 (17%)]	Loss: 0.053990
Train Epoch: 62 [12500/60000 (21%)]	Loss: 0.065273
Train Epoch: 62 [15000/60000 (25%)]	Loss: 0.025577
Train Epoch: 62 [17500/60000 (29%)]	Loss: 0.067324
Train Epoch: 62 [20000/60000 (33%)]	Loss: 0.068324
Train Epoch: 62 [22500/60000 (38%)]	Loss: 0.075689
Train Epoch: 62 [25000/60000 (42%)]	Loss: 0.065993
Train Epoch: 62 [27500/60000 (46%)]	Loss: 0.010630
Train Epoch: 62 [30000/60000 (50%)]	Loss: 0.083460
Train Epoch: 62 [32500/60000 (54%)]	Loss: 0.090635
Train Epoch: 62 [35000/60000 (58%)]	Loss: 0.079861
Train Epoch: 62 [37500/60000 (62%)]	Loss: 0.059178
Train Epoch: 62 [40000/60000 (67%)]	Loss: 0.040313
Train Epoch: 62 [42500/60000 (71%)]	Loss: 0.014697
Train Epoch: 62 [45000/60000 (75%)]	Loss: 0.146429
Train Epoch: 62 [47500/60000 (79%)]	Loss: 0.143155
Train Epoch: 62 [50000/60000 (83%)]	Loss: 0.064675
Train Epoch: 62 [52500/60000 (88%)]	Loss: 0.084623
Train Epoch: 62 [55000/60000 (92%)]	Loss: 0.051733
Train Epoch: 62 [57500/60000 (96%)]	Loss: 0.078387
Train Epoch: 62 [60000/60000 (100%)]	Loss: 0.087340

Average Training loss: 0.0029, Training Error Rate: 7.70% (4619/60000)


Average Test loss: 0.0001, Test Error Rate: 7.82% (782/10000)

Train Epoch: 63 [2500/60000 (4%)]	Loss: 0.021939
Train Epoch: 63 [5000/60000 (8%)]	Loss: 0.081078
Train Epoch: 63 [7500/60000 (12%)]	Loss: 0.020444
Train Epoch: 63 [10000/60000 (17%)]	Loss: 0.095390
Train Epoch: 63 [12500/60000 (21%)]	Loss: 0.109429
Train Epoch: 63 [15000/60000 (25%)]	Loss: 0.028369
Train Epoch: 63 [17500/60000 (29%)]	Loss: 0.042780
Train Epoch: 63 [20000/60000 (33%)]	Loss: 0.072602
Train Epoch: 63 [22500/60000 (38%)]	Loss: 0.067940
Train Epoch: 63 [25000/60000 (42%)]	Loss: 0.022215
Train Epoch: 63 [27500/60000 (46%)]	Loss: 0.062024
Train Epoch: 63 [30000/60000 (50%)]	Loss: 0.022115
Train Epoch: 63 [32500/60000 (54%)]	Loss: 0.009410
Train Epoch: 63 [35000/60000 (58%)]	Loss: 0.074779
Train Epoch: 63 [37500/60000 (62%)]	Loss: 0.040252
Train Epoch: 63 [40000/60000 (67%)]	Loss: 0.092481
Train Epoch: 63 [42500/60000 (71%)]	Loss: 0.080240
Train Epoch: 63 [45000/60000 (75%)]	Loss: 0.037479
Train Epoch: 63 [47500/60000 (79%)]	Loss: 0.034363
Train Epoch: 63 [50000/60000 (83%)]	Loss: 0.072693
Train Epoch: 63 [52500/60000 (88%)]	Loss: 0.048904
Train Epoch: 63 [55000/60000 (92%)]	Loss: 0.103343
Train Epoch: 63 [57500/60000 (96%)]	Loss: 0.000984
Train Epoch: 63 [60000/60000 (100%)]	Loss: 0.077129

Average Training loss: 0.0028, Training Error Rate: 7.35% (4409/60000)


Average Test loss: 0.0001, Test Error Rate: 7.39% (739/10000)

Train Epoch: 64 [2500/60000 (4%)]	Loss: 0.035957
Train Epoch: 64 [5000/60000 (8%)]	Loss: 0.099858
Train Epoch: 64 [7500/60000 (12%)]	Loss: 0.049922
Train Epoch: 64 [10000/60000 (17%)]	Loss: 0.138320
Train Epoch: 64 [12500/60000 (21%)]	Loss: 0.085036
Train Epoch: 64 [15000/60000 (25%)]	Loss: 0.186736
Train Epoch: 64 [17500/60000 (29%)]	Loss: 0.101627
Train Epoch: 64 [20000/60000 (33%)]	Loss: 0.083445
Train Epoch: 64 [22500/60000 (38%)]	Loss: 0.080307
Train Epoch: 64 [25000/60000 (42%)]	Loss: 0.083581
