/vast/home/ajherman/miniconda3/envs/pytorch/lib/python3.11/site-packages/torchvision/io/image.py:13: UserWarning: Failed to load image Python extension: '/vast/home/ajherman/miniconda3/envs/pytorch/lib/python3.11/site-packages/torchvision/image.so: undefined symbol: _ZN5torch3jit17parseSchemaOrNameERKNSt7__cxx1112basic_stringIcSt11char_traitsIcESaIcEEE'If you don't plan on using image functionality from `torchvision.io`, you can ignore this warning. Otherwise, there might be something wrong with your environment. Did you have `libjpeg` or `libpng` installed before building `torchvision` from source?
  warn(
Random seed set as 42
dt =  0.10799693854690562
trace decay =  0.8424604416167714
Random seed set as 42
Random seed set as 42
dt =  0.10799693854690562
trace decay =  0.8424604416167714
Random seed set as 42
Train Epoch: 0 [10000/60000 (17%)]	Loss: 0.484861
Train Epoch: 0 [20000/60000 (33%)]	Loss: 0.490329
Train Epoch: 0 [30000/60000 (50%)]	Loss: 0.509865
Train Epoch: 0 [40000/60000 (67%)]	Loss: 0.484571
Train Epoch: 0 [50000/60000 (83%)]	Loss: 0.493370
Train Epoch: 0 [60000/60000 (100%)]	Loss: 0.510233

Average Training loss: 0.0049, Training Error Rate: 90.31% (54189/60000)


Average Test loss: 0.0005, Test Error Rate: 89.72% (8972/10000)

Train Epoch: 1 [10000/60000 (17%)]	Loss: 0.477649
Train Epoch: 1 [20000/60000 (33%)]	Loss: 0.504186
Train Epoch: 1 [30000/60000 (50%)]	Loss: 0.486793
Train Epoch: 1 [40000/60000 (67%)]	Loss: 0.479671
Train Epoch: 1 [50000/60000 (83%)]	Loss: 0.475966
Train Epoch: 1 [60000/60000 (100%)]	Loss: 0.476695

Average Training loss: 0.0049, Training Error Rate: 90.06% (54036/60000)


Average Test loss: 0.0005, Test Error Rate: 89.74% (8974/10000)

Train Epoch: 2 [10000/60000 (17%)]	Loss: 0.485529
Train Epoch: 2 [20000/60000 (33%)]	Loss: 0.484968
Train Epoch: 2 [30000/60000 (50%)]	Loss: 0.480746
Train Epoch: 2 [40000/60000 (67%)]	Loss: 0.521646
Train Epoch: 2 [50000/60000 (83%)]	Loss: 0.490447
Train Epoch: 2 [60000/60000 (100%)]	Loss: 0.496662

Average Training loss: 0.0049, Training Error Rate: 90.03% (54018/60000)


Average Test loss: 0.0005, Test Error Rate: 90.42% (9042/10000)

Train Epoch: 3 [10000/60000 (17%)]	Loss: 0.475343
Train Epoch: 3 [20000/60000 (33%)]	Loss: 0.484365
Train Epoch: 3 [30000/60000 (50%)]	Loss: 0.540025
Train Epoch: 3 [40000/60000 (67%)]	Loss: 0.512833
Train Epoch: 3 [50000/60000 (83%)]	Loss: 0.496880
Train Epoch: 3 [60000/60000 (100%)]	Loss: 0.490358

Average Training loss: 0.0049, Training Error Rate: 90.09% (54052/60000)


Average Test loss: 0.0005, Test Error Rate: 91.08% (9108/10000)

Train Epoch: 4 [10000/60000 (17%)]	Loss: 0.511782
Train Epoch: 4 [20000/60000 (33%)]	Loss: 0.504709
Train Epoch: 4 [30000/60000 (50%)]	Loss: 0.518128
Train Epoch: 4 [40000/60000 (67%)]	Loss: 0.525548
Train Epoch: 4 [50000/60000 (83%)]	Loss: 0.497224
Train Epoch: 4 [60000/60000 (100%)]	Loss: 0.496575

Average Training loss: 0.0049, Training Error Rate: 89.87% (53924/60000)


Average Test loss: 0.0005, Test Error Rate: 91.35% (9135/10000)

Train Epoch: 5 [10000/60000 (17%)]	Loss: 0.472870
Train Epoch: 5 [20000/60000 (33%)]	Loss: 0.585784
Train Epoch: 5 [30000/60000 (50%)]	Loss: 0.481016
Train Epoch: 5 [40000/60000 (67%)]	Loss: 0.481040
Train Epoch: 5 [50000/60000 (83%)]	Loss: 0.493781
Train Epoch: 5 [60000/60000 (100%)]	Loss: 0.486937

Average Training loss: 0.0049, Training Error Rate: 90.14% (54084/60000)


Average Test loss: 0.0005, Test Error Rate: 90.28% (9028/10000)

Train Epoch: 6 [10000/60000 (17%)]	Loss: 0.481422
Train Epoch: 6 [20000/60000 (33%)]	Loss: 0.473514
Train Epoch: 6 [30000/60000 (50%)]	Loss: 0.489026
Train Epoch: 6 [40000/60000 (67%)]	Loss: 0.496237
Train Epoch: 6 [50000/60000 (83%)]	Loss: 0.486686
Train Epoch: 6 [60000/60000 (100%)]	Loss: 0.526945

Average Training loss: 0.0049, Training Error Rate: 90.12% (54070/60000)


Average Test loss: 0.0005, Test Error Rate: 89.68% (8968/10000)

Train Epoch: 7 [10000/60000 (17%)]	Loss: 0.478553
Train Epoch: 7 [20000/60000 (33%)]	Loss: 0.479542
Train Epoch: 7 [30000/60000 (50%)]	Loss: 0.488557
Train Epoch: 7 [40000/60000 (67%)]	Loss: 0.476081
Train Epoch: 7 [50000/60000 (83%)]	Loss: 0.486044
Train Epoch: 7 [60000/60000 (100%)]	Loss: 0.479351

Average Training loss: 0.0049, Training Error Rate: 89.96% (53977/60000)


Average Test loss: 0.0005, Test Error Rate: 88.74% (8874/10000)

Train Epoch: 8 [10000/60000 (17%)]	Loss: 0.497141
Train Epoch: 8 [20000/60000 (33%)]	Loss: 0.477055
Train Epoch: 8 [30000/60000 (50%)]	Loss: 0.485660
Train Epoch: 8 [40000/60000 (67%)]	Loss: 0.486894
Train Epoch: 8 [50000/60000 (83%)]	Loss: 0.497033
Train Epoch: 8 [60000/60000 (100%)]	Loss: 0.479246

Average Training loss: 0.0049, Training Error Rate: 89.97% (53984/60000)


Average Test loss: 0.0005, Test Error Rate: 88.72% (8872/10000)

Train Epoch: 9 [10000/60000 (17%)]	Loss: 0.494002
Train Epoch: 9 [20000/60000 (33%)]	Loss: 0.480648
Train Epoch: 9 [30000/60000 (50%)]	Loss: 0.492830
Train Epoch: 9 [40000/60000 (67%)]	Loss: 0.486408
Train Epoch: 9 [50000/60000 (83%)]	Loss: 0.473182
Train Epoch: 9 [60000/60000 (100%)]	Loss: 0.495099

Average Training loss: 0.0049, Training Error Rate: 90.02% (54011/60000)


Average Test loss: 0.0005, Test Error Rate: 90.70% (9070/10000)

Train Epoch: 10 [10000/60000 (17%)]	Loss: 0.512135
Train Epoch: 10 [20000/60000 (33%)]	Loss: 0.482680
Train Epoch: 10 [30000/60000 (50%)]	Loss: 0.499788
Train Epoch: 10 [40000/60000 (67%)]	Loss: 0.481174
Train Epoch: 10 [50000/60000 (83%)]	Loss: 0.490681
Train Epoch: 10 [60000/60000 (100%)]	Loss: 0.475030

Average Training loss: 0.0049, Training Error Rate: 90.22% (54131/60000)


Average Test loss: 0.0005, Test Error Rate: 89.04% (8904/10000)

Train Epoch: 11 [10000/60000 (17%)]	Loss: 0.481844
Train Epoch: 11 [20000/60000 (33%)]	Loss: 0.496981
Train Epoch: 11 [30000/60000 (50%)]	Loss: 0.479930
Train Epoch: 11 [40000/60000 (67%)]	Loss: 0.503231
Train Epoch: 11 [50000/60000 (83%)]	Loss: 0.476871
Train Epoch: 11 [60000/60000 (100%)]	Loss: 0.475586

Average Training loss: 0.0049, Training Error Rate: 90.07% (54040/60000)


Average Test loss: 0.0005, Test Error Rate: 90.56% (9056/10000)

Train Epoch: 12 [10000/60000 (17%)]	Loss: 0.483793
Train Epoch: 12 [20000/60000 (33%)]	Loss: 0.476674
Train Epoch: 12 [30000/60000 (50%)]	Loss: 0.481414
Train Epoch: 12 [40000/60000 (67%)]	Loss: 0.531310
Train Epoch: 12 [50000/60000 (83%)]	Loss: 0.474529
Train Epoch: 12 [60000/60000 (100%)]	Loss: 0.493354

Average Training loss: 0.0049, Training Error Rate: 89.88% (53930/60000)


Average Test loss: 0.0005, Test Error Rate: 91.46% (9146/10000)

Train Epoch: 13 [10000/60000 (17%)]	Loss: 0.491429
Train Epoch: 13 [20000/60000 (33%)]	Loss: 0.479874
Train Epoch: 13 [30000/60000 (50%)]	Loss: 0.474893
Train Epoch: 13 [40000/60000 (67%)]	Loss: 0.481508
Train Epoch: 13 [50000/60000 (83%)]	Loss: 0.474552
Train Epoch: 13 [60000/60000 (100%)]	Loss: 0.480202

Average Training loss: 0.0049, Training Error Rate: 89.84% (53903/60000)


Average Test loss: 0.0005, Test Error Rate: 87.99% (8799/10000)

Train Epoch: 14 [10000/60000 (17%)]	Loss: 0.471574
Train Epoch: 14 [20000/60000 (33%)]	Loss: 0.492622
Train Epoch: 14 [30000/60000 (50%)]	Loss: 0.466237
Train Epoch: 14 [40000/60000 (67%)]	Loss: 0.472228
Train Epoch: 14 [50000/60000 (83%)]	Loss: 0.479449
Train Epoch: 14 [60000/60000 (100%)]	Loss: 0.481289

Average Training loss: 0.0049, Training Error Rate: 89.45% (53671/60000)


Average Test loss: 0.0005, Test Error Rate: 86.62% (8662/10000)

Train Epoch: 15 [10000/60000 (17%)]	Loss: 0.499566
Train Epoch: 15 [20000/60000 (33%)]	Loss: 0.477115
Train Epoch: 15 [30000/60000 (50%)]	Loss: 0.487950
Train Epoch: 15 [40000/60000 (67%)]	Loss: 0.479195
Train Epoch: 15 [50000/60000 (83%)]	Loss: 0.493814
Train Epoch: 15 [60000/60000 (100%)]	Loss: 0.481660

Average Training loss: 0.0048, Training Error Rate: 88.54% (53122/60000)


Average Test loss: 0.0005, Test Error Rate: 87.74% (8774/10000)

Train Epoch: 16 [10000/60000 (17%)]	Loss: 0.485461
Train Epoch: 16 [20000/60000 (33%)]	Loss: 0.473795
Train Epoch: 16 [30000/60000 (50%)]	Loss: 0.513794
Train Epoch: 16 [40000/60000 (67%)]	Loss: 0.473187
Train Epoch: 16 [50000/60000 (83%)]	Loss: 0.478986
Train Epoch: 16 [60000/60000 (100%)]	Loss: 0.469459

Average Training loss: 0.0049, Training Error Rate: 89.30% (53579/60000)


Average Test loss: 0.0005, Test Error Rate: 88.57% (8857/10000)

Train Epoch: 17 [10000/60000 (17%)]	Loss: 0.475005
Train Epoch: 17 [20000/60000 (33%)]	Loss: 0.481346
Train Epoch: 17 [30000/60000 (50%)]	Loss: 0.480165
Train Epoch: 17 [40000/60000 (67%)]	Loss: 0.474837
Train Epoch: 17 [50000/60000 (83%)]	Loss: 0.476211
Train Epoch: 17 [60000/60000 (100%)]	Loss: 0.467540

Average Training loss: 0.0048, Training Error Rate: 88.72% (53235/60000)


Average Test loss: 0.0005, Test Error Rate: 90.42% (9042/10000)

Train Epoch: 18 [10000/60000 (17%)]	Loss: 0.475527
Train Epoch: 18 [20000/60000 (33%)]	Loss: 0.476709
Train Epoch: 18 [30000/60000 (50%)]	Loss: 0.473230
Train Epoch: 18 [40000/60000 (67%)]	Loss: 0.501756
Train Epoch: 18 [50000/60000 (83%)]	Loss: 0.475510
Train Epoch: 18 [60000/60000 (100%)]	Loss: 0.477760

Average Training loss: 0.0048, Training Error Rate: 89.14% (53485/60000)


Average Test loss: 0.0005, Test Error Rate: 89.92% (8992/10000)

Train Epoch: 19 [10000/60000 (17%)]	Loss: 0.475714
Train Epoch: 19 [20000/60000 (33%)]	Loss: 0.480369
Train Epoch: 19 [30000/60000 (50%)]	Loss: 0.491910
Train Epoch: 19 [40000/60000 (67%)]	Loss: 0.486680
Train Epoch: 19 [50000/60000 (83%)]	Loss: 0.491106
Train Epoch: 19 [60000/60000 (100%)]	Loss: 0.490586

Average Training loss: 0.0048, Training Error Rate: 88.89% (53336/60000)


Average Test loss: 0.0005, Test Error Rate: 87.61% (8761/10000)

Train Epoch: 20 [10000/60000 (17%)]	Loss: 0.474930
Train Epoch: 20 [20000/60000 (33%)]	Loss: 0.472837
Train Epoch: 20 [30000/60000 (50%)]	Loss: 0.484571
Train Epoch: 20 [40000/60000 (67%)]	Loss: 0.469696
Train Epoch: 20 [50000/60000 (83%)]	Loss: 0.474792
Train Epoch: 20 [60000/60000 (100%)]	Loss: 0.474274

Average Training loss: 0.0048, Training Error Rate: 88.30% (52979/60000)


Average Test loss: 0.0005, Test Error Rate: 86.66% (8666/10000)

Train Epoch: 21 [10000/60000 (17%)]	Loss: 0.475423
Train Epoch: 21 [20000/60000 (33%)]	Loss: 0.497633
Train Epoch: 21 [30000/60000 (50%)]	Loss: 0.469776
Train Epoch: 21 [40000/60000 (67%)]	Loss: 0.485601
Train Epoch: 21 [50000/60000 (83%)]	Loss: 0.524492
Train Epoch: 21 [60000/60000 (100%)]	Loss: 0.468065

Average Training loss: 0.0048, Training Error Rate: 87.89% (52736/60000)


Average Test loss: 0.0005, Test Error Rate: 87.94% (8794/10000)

Train Epoch: 22 [10000/60000 (17%)]	Loss: 0.477238
Train Epoch: 22 [20000/60000 (33%)]	Loss: 0.478778
Train Epoch: 22 [30000/60000 (50%)]	Loss: 0.476481
Train Epoch: 22 [40000/60000 (67%)]	Loss: 0.476657
Train Epoch: 22 [50000/60000 (83%)]	Loss: 0.448465
Train Epoch: 22 [60000/60000 (100%)]	Loss: 0.469711

Average Training loss: 0.0048, Training Error Rate: 86.98% (52186/60000)


Average Test loss: 0.0005, Test Error Rate: 88.05% (8805/10000)

Train Epoch: 23 [10000/60000 (17%)]	Loss: 0.479182
Train Epoch: 23 [20000/60000 (33%)]	Loss: 0.466588
Train Epoch: 23 [30000/60000 (50%)]	Loss: 0.481307
Train Epoch: 23 [40000/60000 (67%)]	Loss: 0.490238
Train Epoch: 23 [50000/60000 (83%)]	Loss: 0.471913
Train Epoch: 23 [60000/60000 (100%)]	Loss: 0.470306

Average Training loss: 0.0048, Training Error Rate: 86.37% (51820/60000)


Average Test loss: 0.0005, Test Error Rate: 85.85% (8585/10000)

Train Epoch: 24 [10000/60000 (17%)]	Loss: 0.475861
Train Epoch: 24 [20000/60000 (33%)]	Loss: 0.460054
Train Epoch: 24 [30000/60000 (50%)]	Loss: 0.476413
Train Epoch: 24 [40000/60000 (67%)]	Loss: 0.473144
Train Epoch: 24 [50000/60000 (83%)]	Loss: 0.481030
Train Epoch: 24 [60000/60000 (100%)]	Loss: 0.469916

Average Training loss: 0.0048, Training Error Rate: 86.34% (51804/60000)


Average Test loss: 0.0005, Test Error Rate: 84.94% (8494/10000)

Train Epoch: 25 [10000/60000 (17%)]	Loss: 0.459798
Train Epoch: 25 [20000/60000 (33%)]	Loss: 0.475709
Train Epoch: 25 [30000/60000 (50%)]	Loss: 0.468016
Train Epoch: 25 [40000/60000 (67%)]	Loss: 0.474510
Train Epoch: 25 [50000/60000 (83%)]	Loss: 0.499489
Train Epoch: 25 [60000/60000 (100%)]	Loss: 0.465380

Average Training loss: 0.0047, Training Error Rate: 85.94% (51562/60000)


Average Test loss: 0.0005, Test Error Rate: 87.56% (8756/10000)

Train Epoch: 26 [10000/60000 (17%)]	Loss: 0.456987
Train Epoch: 26 [20000/60000 (33%)]	Loss: 0.485243
Train Epoch: 26 [30000/60000 (50%)]	Loss: 0.479281
Train Epoch: 26 [40000/60000 (67%)]	Loss: 0.465829
Train Epoch: 26 [50000/60000 (83%)]	Loss: 0.476584
Train Epoch: 26 [60000/60000 (100%)]	Loss: 0.467412

Average Training loss: 0.0047, Training Error Rate: 85.39% (51231/60000)


Average Test loss: 0.0005, Test Error Rate: 86.21% (8621/10000)

Train Epoch: 27 [10000/60000 (17%)]	Loss: 0.464563
Train Epoch: 27 [20000/60000 (33%)]	Loss: 0.466298
Train Epoch: 27 [30000/60000 (50%)]	Loss: 0.471426
Train Epoch: 27 [40000/60000 (67%)]	Loss: 0.484220
Train Epoch: 27 [50000/60000 (83%)]	Loss: 0.476206
Train Epoch: 27 [60000/60000 (100%)]	Loss: 0.453501

Average Training loss: 0.0047, Training Error Rate: 83.55% (50131/60000)


Average Test loss: 0.0005, Test Error Rate: 83.63% (8363/10000)

Train Epoch: 28 [10000/60000 (17%)]	Loss: 0.461221
Train Epoch: 28 [20000/60000 (33%)]	Loss: 0.455718
Train Epoch: 28 [30000/60000 (50%)]	Loss: 0.453842
Train Epoch: 28 [40000/60000 (67%)]	Loss: 0.449904
Train Epoch: 28 [50000/60000 (83%)]	Loss: 0.433026
Train Epoch: 28 [60000/60000 (100%)]	Loss: 0.441348

Average Training loss: 0.0046, Training Error Rate: 80.70% (48421/60000)


Average Test loss: 0.0004, Test Error Rate: 74.09% (7409/10000)

Train Epoch: 29 [10000/60000 (17%)]	Loss: 0.450757
Train Epoch: 29 [20000/60000 (33%)]	Loss: 0.439760
Train Epoch: 29 [30000/60000 (50%)]	Loss: 0.467717
Train Epoch: 29 [40000/60000 (67%)]	Loss: 0.437730
Train Epoch: 29 [50000/60000 (83%)]	Loss: 0.425922
Train Epoch: 29 [60000/60000 (100%)]	Loss: 0.429137

Average Training loss: 0.0045, Training Error Rate: 78.69% (47216/60000)


Average Test loss: 0.0004, Test Error Rate: 76.41% (7641/10000)

Train Epoch: 30 [10000/60000 (17%)]	Loss: 0.462381
Train Epoch: 30 [20000/60000 (33%)]	Loss: 0.526289
Train Epoch: 30 [30000/60000 (50%)]	Loss: 0.447174
Train Epoch: 30 [40000/60000 (67%)]	Loss: 0.441336
Train Epoch: 30 [50000/60000 (83%)]	Loss: 0.435616
Train Epoch: 30 [60000/60000 (100%)]	Loss: 0.472501

Average Training loss: 0.0045, Training Error Rate: 78.68% (47210/60000)


Average Test loss: 0.0005, Test Error Rate: 74.66% (7466/10000)

Train Epoch: 31 [10000/60000 (17%)]	Loss: 0.452909
Train Epoch: 31 [20000/60000 (33%)]	Loss: 0.425537
Train Epoch: 31 [30000/60000 (50%)]	Loss: 0.421177
Train Epoch: 31 [40000/60000 (67%)]	Loss: 0.453465
Train Epoch: 31 [50000/60000 (83%)]	Loss: 0.468354
Train Epoch: 31 [60000/60000 (100%)]	Loss: 0.490691

Average Training loss: 0.0044, Training Error Rate: 78.17% (46905/60000)


Average Test loss: 0.0005, Test Error Rate: 83.48% (8348/10000)

Train Epoch: 32 [10000/60000 (17%)]	Loss: 0.449487
Train Epoch: 32 [20000/60000 (33%)]	Loss: 0.422704
Train Epoch: 32 [30000/60000 (50%)]	Loss: 0.444594
Train Epoch: 32 [40000/60000 (67%)]	Loss: 0.413988
Train Epoch: 32 [50000/60000 (83%)]	Loss: 0.440736
Train Epoch: 32 [60000/60000 (100%)]	Loss: 0.437680

Average Training loss: 0.0044, Training Error Rate: 77.88% (46725/60000)


Average Test loss: 0.0004, Test Error Rate: 77.80% (7780/10000)

Train Epoch: 33 [10000/60000 (17%)]	Loss: 0.440666
Train Epoch: 33 [20000/60000 (33%)]	Loss: 0.440367
Train Epoch: 33 [30000/60000 (50%)]	Loss: 0.412025
Train Epoch: 33 [40000/60000 (67%)]	Loss: 0.405767
Train Epoch: 33 [50000/60000 (83%)]	Loss: 0.426857
Train Epoch: 33 [60000/60000 (100%)]	Loss: 0.423100

Average Training loss: 0.0043, Training Error Rate: 73.35% (44012/60000)


Average Test loss: 0.0004, Test Error Rate: 68.34% (6834/10000)

Train Epoch: 34 [10000/60000 (17%)]	Loss: 0.398577
Train Epoch: 34 [20000/60000 (33%)]	Loss: 0.394224
Train Epoch: 34 [30000/60000 (50%)]	Loss: 0.386622
Train Epoch: 34 [40000/60000 (67%)]	Loss: 0.378629
Train Epoch: 34 [50000/60000 (83%)]	Loss: 0.422424
Train Epoch: 34 [60000/60000 (100%)]	Loss: 0.394737

Average Training loss: 0.0041, Training Error Rate: 67.84% (40704/60000)


Average Test loss: 0.0004, Test Error Rate: 64.56% (6456/10000)

Train Epoch: 35 [10000/60000 (17%)]	Loss: 0.411454
Train Epoch: 35 [20000/60000 (33%)]	Loss: 0.411108
Train Epoch: 35 [30000/60000 (50%)]	Loss: 0.420130
Train Epoch: 35 [40000/60000 (67%)]	Loss: 0.397897
Train Epoch: 35 [50000/60000 (83%)]	Loss: 0.389879
Train Epoch: 35 [60000/60000 (100%)]	Loss: 0.419085

Average Training loss: 0.0040, Training Error Rate: 65.97% (39580/60000)


Average Test loss: 0.0004, Test Error Rate: 64.48% (6448/10000)

Train Epoch: 36 [10000/60000 (17%)]	Loss: 0.417949
Train Epoch: 36 [20000/60000 (33%)]	Loss: 0.396522
Train Epoch: 36 [30000/60000 (50%)]	Loss: 0.386323
Train Epoch: 36 [40000/60000 (67%)]	Loss: 0.414755
Train Epoch: 36 [50000/60000 (83%)]	Loss: 0.391811
Train Epoch: 36 [60000/60000 (100%)]	Loss: 0.391408

Average Training loss: 0.0039, Training Error Rate: 63.42% (38050/60000)


Average Test loss: 0.0004, Test Error Rate: 63.26% (6326/10000)

Train Epoch: 37 [10000/60000 (17%)]	Loss: 0.365714
Train Epoch: 37 [20000/60000 (33%)]	Loss: 0.389136
Train Epoch: 37 [30000/60000 (50%)]	Loss: 0.376045
Train Epoch: 37 [40000/60000 (67%)]	Loss: 0.392706
Train Epoch: 37 [50000/60000 (83%)]	Loss: 0.393015
Train Epoch: 37 [60000/60000 (100%)]	Loss: 0.374901

Average Training loss: 0.0039, Training Error Rate: 64.16% (38496/60000)


Average Test loss: 0.0004, Test Error Rate: 60.43% (6043/10000)

Train Epoch: 38 [10000/60000 (17%)]	Loss: 0.375657
Train Epoch: 38 [20000/60000 (33%)]	Loss: 0.406102
Train Epoch: 38 [30000/60000 (50%)]	Loss: 0.375126
Train Epoch: 38 [40000/60000 (67%)]	Loss: 0.431339
Train Epoch: 38 [50000/60000 (83%)]	Loss: 0.378591
Train Epoch: 38 [60000/60000 (100%)]	Loss: 0.366621

Average Training loss: 0.0038, Training Error Rate: 62.59% (37552/60000)


Average Test loss: 0.0004, Test Error Rate: 63.63% (6363/10000)

Train Epoch: 39 [10000/60000 (17%)]	Loss: 0.358652
Train Epoch: 39 [20000/60000 (33%)]	Loss: 0.385607
Train Epoch: 39 [30000/60000 (50%)]	Loss: 0.368740
Train Epoch: 39 [40000/60000 (67%)]	Loss: 0.384941
Train Epoch: 39 [50000/60000 (83%)]	Loss: 0.378579
Train Epoch: 39 [60000/60000 (100%)]	Loss: 0.381352

Average Training loss: 0.0038, Training Error Rate: 60.75% (36451/60000)


Average Test loss: 0.0004, Test Error Rate: 59.30% (5930/10000)

Train Epoch: 40 [10000/60000 (17%)]	Loss: 0.360100
Train Epoch: 40 [20000/60000 (33%)]	Loss: 0.396874
Train Epoch: 40 [30000/60000 (50%)]	Loss: 0.360724
Train Epoch: 40 [40000/60000 (67%)]	Loss: 0.397667
Train Epoch: 40 [50000/60000 (83%)]	Loss: 0.330562
Train Epoch: 40 [60000/60000 (100%)]	Loss: 0.388287

Average Training loss: 0.0037, Training Error Rate: 59.97% (35984/60000)


Average Test loss: 0.0004, Test Error Rate: 59.35% (5935/10000)

Train Epoch: 41 [10000/60000 (17%)]	Loss: 0.368143
Train Epoch: 41 [20000/60000 (33%)]	Loss: 0.372326
Train Epoch: 41 [30000/60000 (50%)]	Loss: 0.398074
Train Epoch: 41 [40000/60000 (67%)]	Loss: 0.380831
Train Epoch: 41 [50000/60000 (83%)]	Loss: 0.387362
Train Epoch: 41 [60000/60000 (100%)]	Loss: 0.346393

Average Training loss: 0.0038, Training Error Rate: 61.29% (36773/60000)


Average Test loss: 0.0004, Test Error Rate: 57.44% (5744/10000)

Train Epoch: 42 [10000/60000 (17%)]	Loss: 0.353807
Train Epoch: 42 [20000/60000 (33%)]	Loss: 0.374823
Train Epoch: 42 [30000/60000 (50%)]	Loss: 0.388321
Train Epoch: 42 [40000/60000 (67%)]	Loss: 0.418566
Train Epoch: 42 [50000/60000 (83%)]	Loss: 0.354081
Train Epoch: 42 [60000/60000 (100%)]	Loss: 0.373346

Average Training loss: 0.0037, Training Error Rate: 59.73% (35837/60000)


Average Test loss: 0.0004, Test Error Rate: 58.79% (5879/10000)

Train Epoch: 43 [10000/60000 (17%)]	Loss: 0.392466
Train Epoch: 43 [20000/60000 (33%)]	Loss: 0.372771
Train Epoch: 43 [30000/60000 (50%)]	Loss: 0.377065
Train Epoch: 43 [40000/60000 (67%)]	Loss: 0.370017
Train Epoch: 43 [50000/60000 (83%)]	Loss: 0.386863
Train Epoch: 43 [60000/60000 (100%)]	Loss: 0.370790

Average Training loss: 0.0037, Training Error Rate: 59.76% (35853/60000)


Average Test loss: 0.0004, Test Error Rate: 59.79% (5979/10000)

Train Epoch: 44 [10000/60000 (17%)]	Loss: 0.402086
Train Epoch: 44 [20000/60000 (33%)]	Loss: 0.376986
Train Epoch: 44 [30000/60000 (50%)]	Loss: 0.364171
Train Epoch: 44 [40000/60000 (67%)]	Loss: 0.382918
Train Epoch: 44 [50000/60000 (83%)]	Loss: 0.363028
Train Epoch: 44 [60000/60000 (100%)]	Loss: 0.366405

Average Training loss: 0.0036, Training Error Rate: 57.30% (34378/60000)


Average Test loss: 0.0004, Test Error Rate: 55.92% (5592/10000)

Train Epoch: 45 [10000/60000 (17%)]	Loss: 0.359763
Train Epoch: 45 [20000/60000 (33%)]	Loss: 0.349502
Train Epoch: 45 [30000/60000 (50%)]	Loss: 0.362646
Train Epoch: 45 [40000/60000 (67%)]	Loss: 0.383197
Train Epoch: 45 [50000/60000 (83%)]	Loss: 0.364639
Train Epoch: 45 [60000/60000 (100%)]	Loss: 0.333374

Average Training loss: 0.0036, Training Error Rate: 56.98% (34190/60000)


Average Test loss: 0.0003, Test Error Rate: 54.16% (5416/10000)

Train Epoch: 46 [10000/60000 (17%)]	Loss: 0.351162
Train Epoch: 46 [20000/60000 (33%)]	Loss: 0.330668
Train Epoch: 46 [30000/60000 (50%)]	Loss: 0.330771
Train Epoch: 46 [40000/60000 (67%)]	Loss: 0.351661
Train Epoch: 46 [50000/60000 (83%)]	Loss: 0.351108
Train Epoch: 46 [60000/60000 (100%)]	Loss: 0.336140

Average Training loss: 0.0035, Training Error Rate: 55.33% (33200/60000)


Average Test loss: 0.0003, Test Error Rate: 53.90% (5390/10000)

Train Epoch: 47 [10000/60000 (17%)]	Loss: 0.355454
Train Epoch: 47 [20000/60000 (33%)]	Loss: 0.336284
Train Epoch: 47 [30000/60000 (50%)]	Loss: 0.342368
Train Epoch: 47 [40000/60000 (67%)]	Loss: 0.347435
Train Epoch: 47 [50000/60000 (83%)]	Loss: 0.313281
Train Epoch: 47 [60000/60000 (100%)]	Loss: 0.339394

Average Training loss: 0.0034, Training Error Rate: 54.26% (32553/60000)


Average Test loss: 0.0003, Test Error Rate: 53.71% (5371/10000)

Train Epoch: 48 [10000/60000 (17%)]	Loss: 0.339341
Train Epoch: 48 [20000/60000 (33%)]	Loss: 0.339444
Train Epoch: 48 [30000/60000 (50%)]	Loss: 0.333082
Train Epoch: 48 [40000/60000 (67%)]	Loss: 0.338924
Train Epoch: 48 [50000/60000 (83%)]	Loss: 0.342409
Train Epoch: 48 [60000/60000 (100%)]	Loss: 0.346230

Average Training loss: 0.0034, Training Error Rate: 53.69% (32214/60000)


Average Test loss: 0.0003, Test Error Rate: 51.68% (5168/10000)

Train Epoch: 49 [10000/60000 (17%)]	Loss: 0.322936
Train Epoch: 49 [20000/60000 (33%)]	Loss: 0.338424
Train Epoch: 49 [30000/60000 (50%)]	Loss: 0.320414
Train Epoch: 49 [40000/60000 (67%)]	Loss: 0.328764
Train Epoch: 49 [50000/60000 (83%)]	Loss: 0.331537
Train Epoch: 49 [60000/60000 (100%)]	Loss: 0.316738

Average Training loss: 0.0034, Training Error Rate: 52.05% (31229/60000)


Average Test loss: 0.0003, Test Error Rate: 55.18% (5518/10000)

Train Epoch: 50 [10000/60000 (17%)]	Loss: 0.303468
Train Epoch: 50 [20000/60000 (33%)]	Loss: 0.341838
Train Epoch: 50 [30000/60000 (50%)]	Loss: 0.334829
Train Epoch: 50 [40000/60000 (67%)]	Loss: 0.336612
Train Epoch: 50 [50000/60000 (83%)]	Loss: 0.316598
Train Epoch: 50 [60000/60000 (100%)]	Loss: 0.320598

Average Training loss: 0.0033, Training Error Rate: 51.94% (31162/60000)


Average Test loss: 0.0003, Test Error Rate: 48.46% (4846/10000)

Train Epoch: 51 [10000/60000 (17%)]	Loss: 0.350516
Train Epoch: 51 [20000/60000 (33%)]	Loss: 0.314283
Train Epoch: 51 [30000/60000 (50%)]	Loss: 0.310079
Train Epoch: 51 [40000/60000 (67%)]	Loss: 0.357050
Train Epoch: 51 [50000/60000 (83%)]	Loss: 0.342974
Train Epoch: 51 [60000/60000 (100%)]	Loss: 0.342167

Average Training loss: 0.0033, Training Error Rate: 49.80% (29882/60000)


Average Test loss: 0.0003, Test Error Rate: 49.32% (4932/10000)

Train Epoch: 52 [10000/60000 (17%)]	Loss: 0.349347
Train Epoch: 52 [20000/60000 (33%)]	Loss: 0.304313
Train Epoch: 52 [30000/60000 (50%)]	Loss: 0.332723
Train Epoch: 52 [40000/60000 (67%)]	Loss: 0.332469
Train Epoch: 52 [50000/60000 (83%)]	Loss: 0.315885
Train Epoch: 52 [60000/60000 (100%)]	Loss: 0.356643

Average Training loss: 0.0033, Training Error Rate: 50.04% (30024/60000)


Average Test loss: 0.0003, Test Error Rate: 50.47% (5047/10000)

Train Epoch: 53 [10000/60000 (17%)]	Loss: 0.306365
Train Epoch: 53 [20000/60000 (33%)]	Loss: 0.300964
Train Epoch: 53 [30000/60000 (50%)]	Loss: 0.298121
Train Epoch: 53 [40000/60000 (67%)]	Loss: 0.316645
Train Epoch: 53 [50000/60000 (83%)]	Loss: 0.374265
Train Epoch: 53 [60000/60000 (100%)]	Loss: 0.342832

Average Training loss: 0.0033, Training Error Rate: 49.62% (29773/60000)


Average Test loss: 0.0003, Test Error Rate: 54.82% (5482/10000)

Train Epoch: 54 [10000/60000 (17%)]	Loss: 0.325326
Train Epoch: 54 [20000/60000 (33%)]	Loss: 0.316161
Train Epoch: 54 [30000/60000 (50%)]	Loss: 0.313156
Train Epoch: 54 [40000/60000 (67%)]	Loss: 0.353996
Train Epoch: 54 [50000/60000 (83%)]	Loss: 0.321465
Train Epoch: 54 [60000/60000 (100%)]	Loss: 0.345612

Average Training loss: 0.0032, Training Error Rate: 48.23% (28937/60000)


Average Test loss: 0.0003, Test Error Rate: 51.26% (5126/10000)

Train Epoch: 55 [10000/60000 (17%)]	Loss: 0.362094
Train Epoch: 55 [20000/60000 (33%)]	Loss: 0.344393
Train Epoch: 55 [30000/60000 (50%)]	Loss: 0.337713
Train Epoch: 55 [40000/60000 (67%)]	Loss: 0.309551
Train Epoch: 55 [50000/60000 (83%)]	Loss: 0.340510
Train Epoch: 55 [60000/60000 (100%)]	Loss: 0.333966

Average Training loss: 0.0033, Training Error Rate: 49.20% (29522/60000)


Average Test loss: 0.0003, Test Error Rate: 47.14% (4714/10000)

Train Epoch: 56 [10000/60000 (17%)]	Loss: 0.295773
Train Epoch: 56 [20000/60000 (33%)]	Loss: 0.300306
Train Epoch: 56 [30000/60000 (50%)]	Loss: 0.325262
Train Epoch: 56 [40000/60000 (67%)]	Loss: 0.316946
Train Epoch: 56 [50000/60000 (83%)]	Loss: 0.353840
Train Epoch: 56 [60000/60000 (100%)]	Loss: 0.327095

Average Training loss: 0.0032, Training Error Rate: 47.47% (28483/60000)


Average Test loss: 0.0003, Test Error Rate: 47.56% (4756/10000)

Train Epoch: 57 [10000/60000 (17%)]	Loss: 0.330569
Train Epoch: 57 [20000/60000 (33%)]	Loss: 0.305120
Train Epoch: 57 [30000/60000 (50%)]	Loss: 0.320854
Train Epoch: 57 [40000/60000 (67%)]	Loss: 0.308027
Train Epoch: 57 [50000/60000 (83%)]	Loss: 0.311581
Train Epoch: 57 [60000/60000 (100%)]	Loss: 0.306223

Average Training loss: 0.0031, Training Error Rate: 47.69% (28616/60000)


Average Test loss: 0.0003, Test Error Rate: 46.44% (4644/10000)

Train Epoch: 58 [10000/60000 (17%)]	Loss: 0.305289
Train Epoch: 58 [20000/60000 (33%)]	Loss: 0.317118
Train Epoch: 58 [30000/60000 (50%)]	Loss: 0.296359
Train Epoch: 58 [40000/60000 (67%)]	Loss: 0.292059
Train Epoch: 58 [50000/60000 (83%)]	Loss: 0.306689
Train Epoch: 58 [60000/60000 (100%)]	Loss: 0.293929

Average Training loss: 0.0031, Training Error Rate: 46.35% (27808/60000)


Average Test loss: 0.0003, Test Error Rate: 44.47% (4447/10000)

Train Epoch: 59 [10000/60000 (17%)]	Loss: 0.315427
Train Epoch: 59 [20000/60000 (33%)]	Loss: 0.278907
Train Epoch: 59 [30000/60000 (50%)]	Loss: 0.315191
Train Epoch: 59 [40000/60000 (67%)]	Loss: 0.280460
Train Epoch: 59 [50000/60000 (83%)]	Loss: 0.292060
Train Epoch: 59 [60000/60000 (100%)]	Loss: 0.307368

Average Training loss: 0.0031, Training Error Rate: 45.02% (27014/60000)


Average Test loss: 0.0003, Test Error Rate: 45.63% (4563/10000)

Train Epoch: 60 [10000/60000 (17%)]	Loss: 0.330460
Train Epoch: 60 [20000/60000 (33%)]	Loss: 0.316123
Train Epoch: 60 [30000/60000 (50%)]	Loss: 0.314074
Train Epoch: 60 [40000/60000 (67%)]	Loss: 0.302430
Train Epoch: 60 [50000/60000 (83%)]	Loss: 0.280904
Train Epoch: 60 [60000/60000 (100%)]	Loss: 0.280277

Average Training loss: 0.0031, Training Error Rate: 44.49% (26692/60000)


Average Test loss: 0.0003, Test Error Rate: 43.14% (4314/10000)

Train Epoch: 61 [10000/60000 (17%)]	Loss: 0.293170
Train Epoch: 61 [20000/60000 (33%)]	Loss: 0.298660
Train Epoch: 61 [30000/60000 (50%)]	Loss: 0.294212
Train Epoch: 61 [40000/60000 (67%)]	Loss: 0.292811
Train Epoch: 61 [50000/60000 (83%)]	Loss: 0.265940
Train Epoch: 61 [60000/60000 (100%)]	Loss: 0.284457

Average Training loss: 0.0030, Training Error Rate: 42.34% (25403/60000)


Average Test loss: 0.0003, Test Error Rate: 42.43% (4243/10000)

Train Epoch: 62 [10000/60000 (17%)]	Loss: 0.290444
Train Epoch: 62 [20000/60000 (33%)]	Loss: 0.261862
Train Epoch: 62 [30000/60000 (50%)]	Loss: 0.317926
Train Epoch: 62 [40000/60000 (67%)]	Loss: 0.291849
Train Epoch: 62 [50000/60000 (83%)]	Loss: 0.308837
Train Epoch: 62 [60000/60000 (100%)]	Loss: 0.303298

Average Training loss: 0.0030, Training Error Rate: 42.69% (25611/60000)


Average Test loss: 0.0003, Test Error Rate: 41.94% (4194/10000)

Train Epoch: 63 [10000/60000 (17%)]	Loss: 0.300735
Train Epoch: 63 [20000/60000 (33%)]	Loss: 0.278630
Train Epoch: 63 [30000/60000 (50%)]	Loss: 0.308355
Train Epoch: 63 [40000/60000 (67%)]	Loss: 0.278106
Train Epoch: 63 [50000/60000 (83%)]	Loss: 0.315027
Train Epoch: 63 [60000/60000 (100%)]	Loss: 0.298447

Average Training loss: 0.0030, Training Error Rate: 42.15% (25287/60000)


Average Test loss: 0.0003, Test Error Rate: 42.76% (4276/10000)

Train Epoch: 64 [10000/60000 (17%)]	Loss: 0.290060
Train Epoch: 64 [20000/60000 (33%)]	Loss: 0.280484
Train Epoch: 64 [30000/60000 (50%)]	Loss: 0.306007
Train Epoch: 64 [40000/60000 (67%)]	Loss: 0.273155
Train Epoch: 64 [50000/60000 (83%)]	Loss: 0.298411
Train Epoch: 64 [60000/60000 (100%)]	Loss: 0.289109

Average Training loss: 0.0030, Training Error Rate: 42.41% (25449/60000)


Average Test loss: 0.0003, Test Error Rate: 41.95% (4195/10000)

Train Epoch: 65 [10000/60000 (17%)]	Loss: 0.294007
Train Epoch: 65 [20000/60000 (33%)]	Loss: 0.271049
Train Epoch: 65 [30000/60000 (50%)]	Loss: 0.270241
Train Epoch: 65 [40000/60000 (67%)]	Loss: 0.289797
Train Epoch: 65 [50000/60000 (83%)]	Loss: 0.314073
Train Epoch: 65 [60000/60000 (100%)]	Loss: 0.311555

Average Training loss: 0.0030, Training Error Rate: 42.09% (25253/60000)


Average Test loss: 0.0003, Test Error Rate: 41.60% (4160/10000)

Train Epoch: 66 [10000/60000 (17%)]	Loss: 0.250978
Train Epoch: 66 [20000/60000 (33%)]	Loss: 0.305996
Train Epoch: 66 [30000/60000 (50%)]	Loss: 0.266963
Train Epoch: 66 [40000/60000 (67%)]	Loss: 0.317910
Train Epoch: 66 [50000/60000 (83%)]	Loss: 0.294457
Train Epoch: 66 [60000/60000 (100%)]	Loss: 0.299412

Average Training loss: 0.0030, Training Error Rate: 42.91% (25745/60000)


Average Test loss: 0.0003, Test Error Rate: 46.17% (4617/10000)

Train Epoch: 67 [10000/60000 (17%)]	Loss: 0.313500
Train Epoch: 67 [20000/60000 (33%)]	Loss: 0.302558
Train Epoch: 67 [30000/60000 (50%)]	Loss: 0.290954
Train Epoch: 67 [40000/60000 (67%)]	Loss: 0.277908
Train Epoch: 67 [50000/60000 (83%)]	Loss: 0.318848
Train Epoch: 67 [60000/60000 (100%)]	Loss: 0.333732

Average Training loss: 0.0030, Training Error Rate: 43.73% (26238/60000)


Average Test loss: 0.0003, Test Error Rate: 42.51% (4251/10000)

Train Epoch: 68 [10000/60000 (17%)]	Loss: 0.322531
Train Epoch: 68 [20000/60000 (33%)]	Loss: 0.268614
Train Epoch: 68 [30000/60000 (50%)]	Loss: 0.288423
Train Epoch: 68 [40000/60000 (67%)]	Loss: 0.279508
Train Epoch: 68 [50000/60000 (83%)]	Loss: 0.312066
Train Epoch: 68 [60000/60000 (100%)]	Loss: 0.316975

Average Training loss: 0.0030, Training Error Rate: 42.02% (25210/60000)


Average Test loss: 0.0003, Test Error Rate: 42.62% (4262/10000)

Train Epoch: 69 [10000/60000 (17%)]	Loss: 0.287250
Train Epoch: 69 [20000/60000 (33%)]	Loss: 0.285552
Train Epoch: 69 [30000/60000 (50%)]	Loss: 0.283453
Train Epoch: 69 [40000/60000 (67%)]	Loss: 0.268022
Train Epoch: 69 [50000/60000 (83%)]	Loss: 0.274399
Train Epoch: 69 [60000/60000 (100%)]	Loss: 0.291685

Average Training loss: 0.0029, Training Error Rate: 41.93% (25160/60000)


Average Test loss: 0.0003, Test Error Rate: 38.97% (3897/10000)

Train Epoch: 70 [10000/60000 (17%)]	Loss: 0.265973
Train Epoch: 70 [20000/60000 (33%)]	Loss: 0.308947
Train Epoch: 70 [30000/60000 (50%)]	Loss: 0.319829
Train Epoch: 70 [40000/60000 (67%)]	Loss: 0.265383
Train Epoch: 70 [50000/60000 (83%)]	Loss: 0.295762
Train Epoch: 70 [60000/60000 (100%)]	Loss: 0.286167

Average Training loss: 0.0029, Training Error Rate: 40.86% (24516/60000)


Average Test loss: 0.0003, Test Error Rate: 38.44% (3844/10000)

Train Epoch: 71 [10000/60000 (17%)]	Loss: 0.273018
Train Epoch: 71 [20000/60000 (33%)]	Loss: 0.294399
Train Epoch: 71 [30000/60000 (50%)]	Loss: 0.276732
Train Epoch: 71 [40000/60000 (67%)]	Loss: 0.341758
Train Epoch: 71 [50000/60000 (83%)]	Loss: 0.275560
Train Epoch: 71 [60000/60000 (100%)]	Loss: 0.291090

Average Training loss: 0.0029, Training Error Rate: 40.69% (24415/60000)


Average Test loss: 0.0003, Test Error Rate: 42.00% (4200/10000)

Train Epoch: 72 [10000/60000 (17%)]	Loss: 0.290813
Train Epoch: 72 [20000/60000 (33%)]	Loss: 0.291991
Train Epoch: 72 [30000/60000 (50%)]	Loss: 0.295081
Train Epoch: 72 [40000/60000 (67%)]	Loss: 0.292644
Train Epoch: 72 [50000/60000 (83%)]	Loss: 0.326921
Train Epoch: 72 [60000/60000 (100%)]	Loss: 0.248726

Average Training loss: 0.0029, Training Error Rate: 41.03% (24616/60000)


Average Test loss: 0.0003, Test Error Rate: 41.70% (4170/10000)

Train Epoch: 73 [10000/60000 (17%)]	Loss: 0.291021
Train Epoch: 73 [20000/60000 (33%)]	Loss: 0.297921
Train Epoch: 73 [30000/60000 (50%)]	Loss: 0.301556
Train Epoch: 73 [40000/60000 (67%)]	Loss: 0.310218
Train Epoch: 73 [50000/60000 (83%)]	Loss: 0.290801
Train Epoch: 73 [60000/60000 (100%)]	Loss: 0.269234

Average Training loss: 0.0029, Training Error Rate: 40.97% (24583/60000)


Average Test loss: 0.0003, Test Error Rate: 39.97% (3997/10000)

Train Epoch: 74 [10000/60000 (17%)]	Loss: 0.300604
Train Epoch: 74 [20000/60000 (33%)]	Loss: 0.324184
Train Epoch: 74 [30000/60000 (50%)]	Loss: 0.275380
Train Epoch: 74 [40000/60000 (67%)]	Loss: 0.290540
Train Epoch: 74 [50000/60000 (83%)]	Loss: 0.283971
Train Epoch: 74 [60000/60000 (100%)]	Loss: 0.285689

Average Training loss: 0.0029, Training Error Rate: 40.61% (24364/60000)


Average Test loss: 0.0003, Test Error Rate: 41.71% (4171/10000)

Train Epoch: 75 [10000/60000 (17%)]	Loss: 0.303920
Train Epoch: 75 [20000/60000 (33%)]	Loss: 0.266830
Train Epoch: 75 [30000/60000 (50%)]	Loss: 0.295495
Train Epoch: 75 [40000/60000 (67%)]	Loss: 0.267048
Train Epoch: 75 [50000/60000 (83%)]	Loss: 0.283794
Train Epoch: 75 [60000/60000 (100%)]	Loss: 0.278464

Average Training loss: 0.0028, Training Error Rate: 39.62% (23774/60000)


Average Test loss: 0.0003, Test Error Rate: 38.64% (3864/10000)

Train Epoch: 76 [10000/60000 (17%)]	Loss: 0.293620
Train Epoch: 76 [20000/60000 (33%)]	Loss: 0.277280
Train Epoch: 76 [30000/60000 (50%)]	Loss: 0.282619
Train Epoch: 76 [40000/60000 (67%)]	Loss: 0.293574
Train Epoch: 76 [50000/60000 (83%)]	Loss: 0.282352
Train Epoch: 76 [60000/60000 (100%)]	Loss: 0.264456

Average Training loss: 0.0028, Training Error Rate: 39.11% (23466/60000)


Average Test loss: 0.0003, Test Error Rate: 37.50% (3750/10000)

Train Epoch: 77 [10000/60000 (17%)]	Loss: 0.280290
Train Epoch: 77 [20000/60000 (33%)]	Loss: 0.285391
Train Epoch: 77 [30000/60000 (50%)]	Loss: 0.268172
Train Epoch: 77 [40000/60000 (67%)]	Loss: 0.253823
Train Epoch: 77 [50000/60000 (83%)]	Loss: 0.276114
Train Epoch: 77 [60000/60000 (100%)]	Loss: 0.281410

Average Training loss: 0.0027, Training Error Rate: 38.70% (23218/60000)


Average Test loss: 0.0003, Test Error Rate: 37.49% (3749/10000)

Train Epoch: 78 [10000/60000 (17%)]	Loss: 0.292874
Train Epoch: 78 [20000/60000 (33%)]	Loss: 0.270170
Train Epoch: 78 [30000/60000 (50%)]	Loss: 0.318230
Train Epoch: 78 [40000/60000 (67%)]	Loss: 0.259342
Train Epoch: 78 [50000/60000 (83%)]	Loss: 0.274108
Train Epoch: 78 [60000/60000 (100%)]	Loss: 0.289559

Average Training loss: 0.0027, Training Error Rate: 38.32% (22991/60000)


Average Test loss: 0.0003, Test Error Rate: 39.41% (3941/10000)

Train Epoch: 79 [10000/60000 (17%)]	Loss: 0.273305
Train Epoch: 79 [20000/60000 (33%)]	Loss: 0.258106
Train Epoch: 79 [30000/60000 (50%)]	Loss: 0.259764
Train Epoch: 79 [40000/60000 (67%)]	Loss: 0.284090
Train Epoch: 79 [50000/60000 (83%)]	Loss: 0.279777
Train Epoch: 79 [60000/60000 (100%)]	Loss: 0.274884

Average Training loss: 0.0027, Training Error Rate: 37.03% (22221/60000)


Average Test loss: 0.0003, Test Error Rate: 36.93% (3693/10000)

Train Epoch: 80 [10000/60000 (17%)]	Loss: 0.224484
Train Epoch: 80 [20000/60000 (33%)]	Loss: 0.269589
Train Epoch: 80 [30000/60000 (50%)]	Loss: 0.257722
Train Epoch: 80 [40000/60000 (67%)]	Loss: 0.276053
Train Epoch: 80 [50000/60000 (83%)]	Loss: 0.241291
Train Epoch: 80 [60000/60000 (100%)]	Loss: 0.245090

Average Training loss: 0.0027, Training Error Rate: 36.87% (22119/60000)


Average Test loss: 0.0003, Test Error Rate: 36.59% (3659/10000)

Train Epoch: 81 [10000/60000 (17%)]	Loss: 0.222301
Train Epoch: 81 [20000/60000 (33%)]	Loss: 0.263859
Train Epoch: 81 [30000/60000 (50%)]	Loss: 0.314577
Train Epoch: 81 [40000/60000 (67%)]	Loss: 0.247563
Train Epoch: 81 [50000/60000 (83%)]	Loss: 0.262764
Train Epoch: 81 [60000/60000 (100%)]	Loss: 0.272208

Average Training loss: 0.0027, Training Error Rate: 37.49% (22497/60000)


Average Test loss: 0.0003, Test Error Rate: 38.31% (3831/10000)

Train Epoch: 82 [10000/60000 (17%)]	Loss: 0.327152
Train Epoch: 82 [20000/60000 (33%)]	Loss: 0.252043
Train Epoch: 82 [30000/60000 (50%)]	Loss: 0.282357
Train Epoch: 82 [40000/60000 (67%)]	Loss: 0.295891
Train Epoch: 82 [50000/60000 (83%)]	Loss: 0.237600
Train Epoch: 82 [60000/60000 (100%)]	Loss: 0.222969

Average Training loss: 0.0027, Training Error Rate: 37.71% (22626/60000)


Average Test loss: 0.0003, Test Error Rate: 37.87% (3787/10000)

Train Epoch: 83 [10000/60000 (17%)]	Loss: 0.271558
Train Epoch: 83 [20000/60000 (33%)]	Loss: 0.241360
Train Epoch: 83 [30000/60000 (50%)]	Loss: 0.288081
Train Epoch: 83 [40000/60000 (67%)]	Loss: 0.277127
Train Epoch: 83 [50000/60000 (83%)]	Loss: 0.267406
Train Epoch: 83 [60000/60000 (100%)]	Loss: 0.283443

Average Training loss: 0.0027, Training Error Rate: 37.92% (22752/60000)


Average Test loss: 0.0003, Test Error Rate: 36.00% (3600/10000)

Train Epoch: 84 [10000/60000 (17%)]	Loss: 0.256305
Train Epoch: 84 [20000/60000 (33%)]	Loss: 0.285782
Train Epoch: 84 [30000/60000 (50%)]	Loss: 0.283070
Train Epoch: 84 [40000/60000 (67%)]	Loss: 0.273567
Train Epoch: 84 [50000/60000 (83%)]	Loss: 0.290710
Train Epoch: 84 [60000/60000 (100%)]	Loss: 0.273074

Average Training loss: 0.0026, Training Error Rate: 36.99% (22195/60000)


Average Test loss: 0.0003, Test Error Rate: 38.58% (3858/10000)

Train Epoch: 85 [10000/60000 (17%)]	Loss: 0.257285
Train Epoch: 85 [20000/60000 (33%)]	Loss: 0.321781
Train Epoch: 85 [30000/60000 (50%)]	Loss: 0.271022
Train Epoch: 85 [40000/60000 (67%)]	Loss: 0.307803
Train Epoch: 85 [50000/60000 (83%)]	Loss: 0.217432
Train Epoch: 85 [60000/60000 (100%)]	Loss: 0.253092

Average Training loss: 0.0027, Training Error Rate: 37.00% (22199/60000)


Average Test loss: 0.0003, Test Error Rate: 36.22% (3622/10000)

Train Epoch: 86 [10000/60000 (17%)]	Loss: 0.289154
Train Epoch: 86 [20000/60000 (33%)]	Loss: 0.273969
Train Epoch: 86 [30000/60000 (50%)]	Loss: 0.275470
Train Epoch: 86 [40000/60000 (67%)]	Loss: 0.274082
Train Epoch: 86 [50000/60000 (83%)]	Loss: 0.279772
Train Epoch: 86 [60000/60000 (100%)]	Loss: 0.273390

Average Training loss: 0.0026, Training Error Rate: 36.44% (21862/60000)


Average Test loss: 0.0003, Test Error Rate: 35.60% (3560/10000)

Train Epoch: 87 [10000/60000 (17%)]	Loss: 0.298330
Train Epoch: 87 [20000/60000 (33%)]	Loss: 0.248963
Train Epoch: 87 [30000/60000 (50%)]	Loss: 0.257251
Train Epoch: 87 [40000/60000 (67%)]	Loss: 0.272120
Train Epoch: 87 [50000/60000 (83%)]	Loss: 0.252119
Train Epoch: 87 [60000/60000 (100%)]	Loss: 0.294539

Average Training loss: 0.0026, Training Error Rate: 36.52% (21914/60000)


Average Test loss: 0.0003, Test Error Rate: 36.00% (3600/10000)

Train Epoch: 88 [10000/60000 (17%)]	Loss: 0.247088
Train Epoch: 88 [20000/60000 (33%)]	Loss: 0.268610
Train Epoch: 88 [30000/60000 (50%)]	Loss: 0.249497
Train Epoch: 88 [40000/60000 (67%)]	Loss: 0.236467
Train Epoch: 88 [50000/60000 (83%)]	Loss: 0.234557
Train Epoch: 88 [60000/60000 (100%)]	Loss: 0.240996

Average Training loss: 0.0026, Training Error Rate: 36.76% (22057/60000)


Average Test loss: 0.0003, Test Error Rate: 35.64% (3564/10000)

Train Epoch: 89 [10000/60000 (17%)]	Loss: 0.224752
Train Epoch: 89 [20000/60000 (33%)]	Loss: 0.247180
Train Epoch: 89 [30000/60000 (50%)]	Loss: 0.251343
Train Epoch: 89 [40000/60000 (67%)]	Loss: 0.261575
Train Epoch: 89 [50000/60000 (83%)]	Loss: 0.246010
Train Epoch: 89 [60000/60000 (100%)]	Loss: 0.262795

Average Training loss: 0.0026, Training Error Rate: 35.74% (21445/60000)


Average Test loss: 0.0003, Test Error Rate: 35.54% (3554/10000)

Train Epoch: 90 [10000/60000 (17%)]	Loss: 0.266850
Train Epoch: 90 [20000/60000 (33%)]	Loss: 0.221394
Train Epoch: 90 [30000/60000 (50%)]	Loss: 0.285766
Train Epoch: 90 [40000/60000 (67%)]	Loss: 0.237616
Train Epoch: 90 [50000/60000 (83%)]	Loss: 0.211145
Train Epoch: 90 [60000/60000 (100%)]	Loss: 0.216551

Average Training loss: 0.0025, Training Error Rate: 35.76% (21455/60000)


Average Test loss: 0.0002, Test Error Rate: 34.44% (3444/10000)

Train Epoch: 91 [10000/60000 (17%)]	Loss: 0.225990
Train Epoch: 91 [20000/60000 (33%)]	Loss: 0.247905
Train Epoch: 91 [30000/60000 (50%)]	Loss: 0.259277
Train Epoch: 91 [40000/60000 (67%)]	Loss: 0.247387
Train Epoch: 91 [50000/60000 (83%)]	Loss: 0.270358
Train Epoch: 91 [60000/60000 (100%)]	Loss: 0.285115

Average Training loss: 0.0025, Training Error Rate: 35.10% (21063/60000)


Average Test loss: 0.0002, Test Error Rate: 34.59% (3459/10000)

Train Epoch: 92 [10000/60000 (17%)]	Loss: 0.212415
Train Epoch: 92 [20000/60000 (33%)]	Loss: 0.228011
Train Epoch: 92 [30000/60000 (50%)]	Loss: 0.256628
Train Epoch: 92 [40000/60000 (67%)]	Loss: 0.272975
Train Epoch: 92 [50000/60000 (83%)]	Loss: 0.277443
Train Epoch: 92 [60000/60000 (100%)]	Loss: 0.243737

Average Training loss: 0.0025, Training Error Rate: 34.74% (20846/60000)


Average Test loss: 0.0002, Test Error Rate: 34.80% (3480/10000)

Train Epoch: 93 [10000/60000 (17%)]	Loss: 0.218969
Train Epoch: 93 [20000/60000 (33%)]	Loss: 0.260791
Train Epoch: 93 [30000/60000 (50%)]	Loss: 0.235640
Train Epoch: 93 [40000/60000 (67%)]	Loss: 0.230351
Train Epoch: 93 [50000/60000 (83%)]	Loss: 0.221968
Train Epoch: 93 [60000/60000 (100%)]	Loss: 0.223084

Average Training loss: 0.0024, Training Error Rate: 34.16% (20493/60000)


Average Test loss: 0.0002, Test Error Rate: 33.64% (3364/10000)

Train Epoch: 94 [10000/60000 (17%)]	Loss: 0.275384
Train Epoch: 94 [20000/60000 (33%)]	Loss: 0.227894
Train Epoch: 94 [30000/60000 (50%)]	Loss: 0.206665
Train Epoch: 94 [40000/60000 (67%)]	Loss: 0.261742
Train Epoch: 94 [50000/60000 (83%)]	Loss: 0.248774
Train Epoch: 94 [60000/60000 (100%)]	Loss: 0.295192

Average Training loss: 0.0024, Training Error Rate: 33.91% (20346/60000)


Average Test loss: 0.0002, Test Error Rate: 33.81% (3381/10000)

Train Epoch: 95 [10000/60000 (17%)]	Loss: 0.268391
Train Epoch: 95 [20000/60000 (33%)]	Loss: 0.247679
Train Epoch: 95 [30000/60000 (50%)]	Loss: 0.244621
Train Epoch: 95 [40000/60000 (67%)]	Loss: 0.253595
Train Epoch: 95 [50000/60000 (83%)]	Loss: 0.182978
Train Epoch: 95 [60000/60000 (100%)]	Loss: 0.255367

Average Training loss: 0.0024, Training Error Rate: 33.25% (19948/60000)


Average Test loss: 0.0002, Test Error Rate: 32.30% (3230/10000)

Train Epoch: 96 [10000/60000 (17%)]	Loss: 0.261120
Train Epoch: 96 [20000/60000 (33%)]	Loss: 0.219664
Train Epoch: 96 [30000/60000 (50%)]	Loss: 0.246772
Train Epoch: 96 [40000/60000 (67%)]	Loss: 0.283940
Train Epoch: 96 [50000/60000 (83%)]	Loss: 0.253854
Train Epoch: 96 [60000/60000 (100%)]	Loss: 0.252202

Average Training loss: 0.0024, Training Error Rate: 32.70% (19618/60000)


Average Test loss: 0.0002, Test Error Rate: 31.97% (3197/10000)

Train Epoch: 97 [10000/60000 (17%)]	Loss: 0.219936
Train Epoch: 97 [20000/60000 (33%)]	Loss: 0.287917
Train Epoch: 97 [30000/60000 (50%)]	Loss: 0.244233
Train Epoch: 97 [40000/60000 (67%)]	Loss: 0.214904
Train Epoch: 97 [50000/60000 (83%)]	Loss: 0.218289
Train Epoch: 97 [60000/60000 (100%)]	Loss: 0.255701

Average Training loss: 0.0024, Training Error Rate: 33.17% (19903/60000)


Average Test loss: 0.0002, Test Error Rate: 31.62% (3162/10000)

Train Epoch: 98 [10000/60000 (17%)]	Loss: 0.232562
Train Epoch: 98 [20000/60000 (33%)]	Loss: 0.286635
Train Epoch: 98 [30000/60000 (50%)]	Loss: 0.252553
Train Epoch: 98 [40000/60000 (67%)]	Loss: 0.231452
Train Epoch: 98 [50000/60000 (83%)]	Loss: 0.247150
Train Epoch: 98 [60000/60000 (100%)]	Loss: 0.232744

Average Training loss: 0.0024, Training Error Rate: 33.84% (20306/60000)


Average Test loss: 0.0002, Test Error Rate: 33.37% (3337/10000)

Train Epoch: 99 [10000/60000 (17%)]	Loss: 0.238838
Train Epoch: 99 [20000/60000 (33%)]	Loss: 0.205485
Train Epoch: 99 [30000/60000 (50%)]	Loss: 0.243961
Train Epoch: 99 [40000/60000 (67%)]	Loss: 0.245507
Train Epoch: 99 [50000/60000 (83%)]	Loss: 0.290992
Train Epoch: 99 [60000/60000 (100%)]	Loss: 0.228316

Average Training loss: 0.0024, Training Error Rate: 34.17% (20501/60000)


Average Test loss: 0.0002, Test Error Rate: 33.58% (3358/10000)

/vast/home/ajherman/miniconda3/envs/pytorch/lib/python3.11/site-packages/torchvision/io/image.py:13: UserWarning: Failed to load image Python extension: '/vast/home/ajherman/miniconda3/envs/pytorch/lib/python3.11/site-packages/torchvision/image.so: undefined symbol: _ZN5torch3jit17parseSchemaOrNameERKNSt7__cxx1112basic_stringIcSt11char_traitsIcESaIcEEE'If you don't plan on using image functionality from `torchvision.io`, you can ignore this warning. Otherwise, there might be something wrong with your environment. Did you have `libjpeg` or `libpng` installed before building `torchvision` from source?
  warn(
Random seed set as 42
dt =  0.10799693854690562
trace decay =  0.8424604416167714
Random seed set as 42
Random seed set as 42
dt =  0.10799693854690562
trace decay =  0.8424604416167714
Random seed set as 42
