/vast/home/ajherman/miniconda3/envs/pytorch/lib/python3.11/site-packages/torchvision/io/image.py:13: UserWarning: Failed to load image Python extension: '/vast/home/ajherman/miniconda3/envs/pytorch/lib/python3.11/site-packages/torchvision/image.so: undefined symbol: _ZN5torch3jit17parseSchemaOrNameERKNSt7__cxx1112basic_stringIcSt11char_traitsIcESaIcEEE'If you don't plan on using image functionality from `torchvision.io`, you can ignore this warning. Otherwise, there might be something wrong with your environment. Did you have `libjpeg` or `libpng` installed before building `torchvision` from source?
  warn(
Random seed set as 42
dt =  0.10799693854690562
trace decay =  0.8424604416167714
Random seed set as 42
Random seed set as 42
dt =  0.10799693854690562
trace decay =  0.8424604416167714
Random seed set as 42
Train Epoch: 0 [20000/60000 (33%)]	Loss: 0.469324
Train Epoch: 0 [40000/60000 (67%)]	Loss: 0.473610
Train Epoch: 0 [60000/60000 (100%)]	Loss: 0.476276

Average Training loss: 0.0024, Training Error Rate: 90.14% (54083/60000)


Average Test loss: 0.0005, Test Error Rate: 90.18% (9018/10000)

Train Epoch: 1 [20000/60000 (33%)]	Loss: 0.482880
Train Epoch: 1 [40000/60000 (67%)]	Loss: 0.481491
Train Epoch: 1 [60000/60000 (100%)]	Loss: 0.481363

Average Training loss: 0.0024, Training Error Rate: 90.23% (54136/60000)


Average Test loss: 0.0005, Test Error Rate: 90.26% (9026/10000)

Train Epoch: 2 [20000/60000 (33%)]	Loss: 0.479637
Train Epoch: 2 [40000/60000 (67%)]	Loss: 0.479809
Train Epoch: 2 [60000/60000 (100%)]	Loss: 0.482324

Average Training loss: 0.0024, Training Error Rate: 90.13% (54079/60000)


Average Test loss: 0.0005, Test Error Rate: 90.43% (9043/10000)

Train Epoch: 3 [20000/60000 (33%)]	Loss: 0.486599
Train Epoch: 3 [40000/60000 (67%)]	Loss: 0.474486
Train Epoch: 3 [60000/60000 (100%)]	Loss: 0.469516

Average Training loss: 0.0024, Training Error Rate: 90.20% (54121/60000)


Average Test loss: 0.0005, Test Error Rate: 90.26% (9026/10000)

Train Epoch: 4 [20000/60000 (33%)]	Loss: 0.477434
Train Epoch: 4 [40000/60000 (67%)]	Loss: 0.484350
Train Epoch: 4 [60000/60000 (100%)]	Loss: 0.478070

Average Training loss: 0.0024, Training Error Rate: 90.10% (54060/60000)


Average Test loss: 0.0005, Test Error Rate: 90.25% (9025/10000)

Train Epoch: 5 [20000/60000 (33%)]	Loss: 0.484925
Train Epoch: 5 [40000/60000 (67%)]	Loss: 0.486433
Train Epoch: 5 [60000/60000 (100%)]	Loss: 0.475635

Average Training loss: 0.0024, Training Error Rate: 90.12% (54070/60000)


Average Test loss: 0.0005, Test Error Rate: 89.91% (8991/10000)

Train Epoch: 6 [20000/60000 (33%)]	Loss: 0.474211
Train Epoch: 6 [40000/60000 (67%)]	Loss: 0.472507
Train Epoch: 6 [60000/60000 (100%)]	Loss: 0.489948

Average Training loss: 0.0024, Training Error Rate: 90.09% (54054/60000)


Average Test loss: 0.0005, Test Error Rate: 89.90% (8990/10000)

Train Epoch: 7 [20000/60000 (33%)]	Loss: 0.480413
Train Epoch: 7 [40000/60000 (67%)]	Loss: 0.474680
Train Epoch: 7 [60000/60000 (100%)]	Loss: 0.480492

Average Training loss: 0.0024, Training Error Rate: 90.13% (54076/60000)


Average Test loss: 0.0005, Test Error Rate: 90.26% (9026/10000)

Train Epoch: 8 [20000/60000 (33%)]	Loss: 0.481600
Train Epoch: 8 [40000/60000 (67%)]	Loss: 0.484466
Train Epoch: 8 [60000/60000 (100%)]	Loss: 0.482154

Average Training loss: 0.0024, Training Error Rate: 90.12% (54072/60000)


Average Test loss: 0.0005, Test Error Rate: 90.18% (9018/10000)

Train Epoch: 9 [20000/60000 (33%)]	Loss: 0.473424
Train Epoch: 9 [40000/60000 (67%)]	Loss: 0.480988
Train Epoch: 9 [60000/60000 (100%)]	Loss: 0.478344

Average Training loss: 0.0024, Training Error Rate: 90.10% (54062/60000)


Average Test loss: 0.0005, Test Error Rate: 90.18% (9018/10000)

Train Epoch: 10 [20000/60000 (33%)]	Loss: 0.477251
Train Epoch: 10 [40000/60000 (67%)]	Loss: 0.479970
Train Epoch: 10 [60000/60000 (100%)]	Loss: 0.475483

Average Training loss: 0.0024, Training Error Rate: 90.33% (54197/60000)


Average Test loss: 0.0005, Test Error Rate: 90.20% (9020/10000)

Train Epoch: 11 [20000/60000 (33%)]	Loss: 0.482198
Train Epoch: 11 [40000/60000 (67%)]	Loss: 0.478381
Train Epoch: 11 [60000/60000 (100%)]	Loss: 0.489081

Average Training loss: 0.0024, Training Error Rate: 90.29% (54172/60000)


Average Test loss: 0.0005, Test Error Rate: 89.90% (8990/10000)

Train Epoch: 12 [20000/60000 (33%)]	Loss: 0.477349
Train Epoch: 12 [40000/60000 (67%)]	Loss: 0.483651
Train Epoch: 12 [60000/60000 (100%)]	Loss: 0.487713

Average Training loss: 0.0024, Training Error Rate: 90.14% (54085/60000)


Average Test loss: 0.0005, Test Error Rate: 90.24% (9024/10000)

Train Epoch: 13 [20000/60000 (33%)]	Loss: 0.484792
Train Epoch: 13 [40000/60000 (67%)]	Loss: 0.491965
Train Epoch: 13 [60000/60000 (100%)]	Loss: 0.480040

Average Training loss: 0.0024, Training Error Rate: 90.25% (54148/60000)


Average Test loss: 0.0005, Test Error Rate: 90.26% (9026/10000)

Train Epoch: 14 [20000/60000 (33%)]	Loss: 0.479463
Train Epoch: 14 [40000/60000 (67%)]	Loss: 0.466806
Train Epoch: 14 [60000/60000 (100%)]	Loss: 0.482181

Average Training loss: 0.0024, Training Error Rate: 90.40% (54239/60000)


Average Test loss: 0.0005, Test Error Rate: 89.96% (8996/10000)

Train Epoch: 15 [20000/60000 (33%)]	Loss: 0.481798
Train Epoch: 15 [40000/60000 (67%)]	Loss: 0.502151
Train Epoch: 15 [60000/60000 (100%)]	Loss: 0.475871

Average Training loss: 0.0024, Training Error Rate: 90.25% (54152/60000)


Average Test loss: 0.0005, Test Error Rate: 90.31% (9031/10000)

Train Epoch: 16 [20000/60000 (33%)]	Loss: 0.479737
Train Epoch: 16 [40000/60000 (67%)]	Loss: 0.471334
Train Epoch: 16 [60000/60000 (100%)]	Loss: 0.477624

Average Training loss: 0.0024, Training Error Rate: 90.25% (54153/60000)


Average Test loss: 0.0005, Test Error Rate: 90.32% (9032/10000)

Train Epoch: 17 [20000/60000 (33%)]	Loss: 0.478404
Train Epoch: 17 [40000/60000 (67%)]	Loss: 0.480146
Train Epoch: 17 [60000/60000 (100%)]	Loss: 0.477192

Average Training loss: 0.0024, Training Error Rate: 90.37% (54222/60000)


Average Test loss: 0.0005, Test Error Rate: 90.48% (9048/10000)

Train Epoch: 18 [20000/60000 (33%)]	Loss: 0.475921
Train Epoch: 18 [40000/60000 (67%)]	Loss: 0.485414
Train Epoch: 18 [60000/60000 (100%)]	Loss: 0.475458

Average Training loss: 0.0024, Training Error Rate: 90.10% (54058/60000)


Average Test loss: 0.0005, Test Error Rate: 90.18% (9018/10000)

Train Epoch: 19 [20000/60000 (33%)]	Loss: 0.483168
Train Epoch: 19 [40000/60000 (67%)]	Loss: 0.476589
Train Epoch: 19 [60000/60000 (100%)]	Loss: 0.473510

Average Training loss: 0.0024, Training Error Rate: 90.07% (54041/60000)


Average Test loss: 0.0005, Test Error Rate: 90.49% (9049/10000)

Train Epoch: 20 [20000/60000 (33%)]	Loss: 0.488880
Train Epoch: 20 [40000/60000 (67%)]	Loss: 0.491771
Train Epoch: 20 [60000/60000 (100%)]	Loss: 0.481218

Average Training loss: 0.0024, Training Error Rate: 90.28% (54167/60000)


Average Test loss: 0.0005, Test Error Rate: 90.38% (9038/10000)

Train Epoch: 21 [20000/60000 (33%)]	Loss: 0.502431
Train Epoch: 21 [40000/60000 (67%)]	Loss: 0.484631
Train Epoch: 21 [60000/60000 (100%)]	Loss: 0.478081

Average Training loss: 0.0024, Training Error Rate: 90.44% (54263/60000)


Average Test loss: 0.0005, Test Error Rate: 89.49% (8949/10000)

Train Epoch: 22 [20000/60000 (33%)]	Loss: 0.476115
Train Epoch: 22 [40000/60000 (67%)]	Loss: 0.479796
Train Epoch: 22 [60000/60000 (100%)]	Loss: 0.479912

Average Training loss: 0.0024, Training Error Rate: 90.30% (54179/60000)


Average Test loss: 0.0005, Test Error Rate: 90.30% (9030/10000)

Train Epoch: 23 [20000/60000 (33%)]	Loss: 0.485282
Train Epoch: 23 [40000/60000 (67%)]	Loss: 0.485556
Train Epoch: 23 [60000/60000 (100%)]	Loss: 0.485304

Average Training loss: 0.0024, Training Error Rate: 90.12% (54073/60000)


Average Test loss: 0.0005, Test Error Rate: 89.90% (8990/10000)

Train Epoch: 24 [20000/60000 (33%)]	Loss: 0.476532
Train Epoch: 24 [40000/60000 (67%)]	Loss: 0.468818
Train Epoch: 24 [60000/60000 (100%)]	Loss: 0.476182

Average Training loss: 0.0024, Training Error Rate: 90.35% (54210/60000)


Average Test loss: 0.0005, Test Error Rate: 90.85% (9085/10000)

Train Epoch: 25 [20000/60000 (33%)]	Loss: 0.472204
Train Epoch: 25 [40000/60000 (67%)]	Loss: 0.483565
Train Epoch: 25 [60000/60000 (100%)]	Loss: 0.480846

Average Training loss: 0.0024, Training Error Rate: 90.20% (54123/60000)


Average Test loss: 0.0005, Test Error Rate: 90.20% (9020/10000)

Train Epoch: 26 [20000/60000 (33%)]	Loss: 0.480062
Train Epoch: 26 [40000/60000 (67%)]	Loss: 0.483681
Train Epoch: 26 [60000/60000 (100%)]	Loss: 0.474382

Average Training loss: 0.0024, Training Error Rate: 90.00% (54002/60000)


Average Test loss: 0.0005, Test Error Rate: 90.17% (9017/10000)

Train Epoch: 27 [20000/60000 (33%)]	Loss: 0.476222
Train Epoch: 27 [40000/60000 (67%)]	Loss: 0.478445
Train Epoch: 27 [60000/60000 (100%)]	Loss: 0.481447

Average Training loss: 0.0024, Training Error Rate: 89.96% (53975/60000)


Average Test loss: 0.0005, Test Error Rate: 91.16% (9116/10000)

Train Epoch: 28 [20000/60000 (33%)]	Loss: 0.479914
Train Epoch: 28 [40000/60000 (67%)]	Loss: 0.478410
Train Epoch: 28 [60000/60000 (100%)]	Loss: 0.480058

Average Training loss: 0.0024, Training Error Rate: 89.80% (53878/60000)


Average Test loss: 0.0005, Test Error Rate: 89.82% (8982/10000)

Train Epoch: 29 [20000/60000 (33%)]	Loss: 0.475919
Train Epoch: 29 [40000/60000 (67%)]	Loss: 0.478502
Train Epoch: 29 [60000/60000 (100%)]	Loss: 0.483834

Average Training loss: 0.0024, Training Error Rate: 89.35% (53612/60000)


Average Test loss: 0.0005, Test Error Rate: 89.98% (8998/10000)

Train Epoch: 30 [20000/60000 (33%)]	Loss: 0.469553
Train Epoch: 30 [40000/60000 (67%)]	Loss: 0.482336
Train Epoch: 30 [60000/60000 (100%)]	Loss: 0.478905

Average Training loss: 0.0024, Training Error Rate: 89.53% (53716/60000)


Average Test loss: 0.0005, Test Error Rate: 91.28% (9128/10000)

Train Epoch: 31 [20000/60000 (33%)]	Loss: 0.466542
Train Epoch: 31 [40000/60000 (67%)]	Loss: 0.476538
Train Epoch: 31 [60000/60000 (100%)]	Loss: 0.475481

Average Training loss: 0.0024, Training Error Rate: 89.24% (53545/60000)


Average Test loss: 0.0005, Test Error Rate: 89.63% (8963/10000)

Train Epoch: 32 [20000/60000 (33%)]	Loss: 0.484942
Train Epoch: 32 [40000/60000 (67%)]	Loss: 0.487785
Train Epoch: 32 [60000/60000 (100%)]	Loss: 0.479148

Average Training loss: 0.0024, Training Error Rate: 89.04% (53426/60000)


Average Test loss: 0.0005, Test Error Rate: 86.22% (8622/10000)

Train Epoch: 33 [20000/60000 (33%)]	Loss: 0.472588
Train Epoch: 33 [40000/60000 (67%)]	Loss: 0.479155
Train Epoch: 33 [60000/60000 (100%)]	Loss: 0.483901

Average Training loss: 0.0024, Training Error Rate: 88.14% (52881/60000)


Average Test loss: 0.0005, Test Error Rate: 90.10% (9010/10000)

Train Epoch: 34 [20000/60000 (33%)]	Loss: 0.482560
Train Epoch: 34 [40000/60000 (67%)]	Loss: 0.466943
Train Epoch: 34 [60000/60000 (100%)]	Loss: 0.483668

Average Training loss: 0.0024, Training Error Rate: 87.72% (52634/60000)


Average Test loss: 0.0005, Test Error Rate: 85.41% (8541/10000)

Train Epoch: 35 [20000/60000 (33%)]	Loss: 0.478107
Train Epoch: 35 [40000/60000 (67%)]	Loss: 0.465674
Train Epoch: 35 [60000/60000 (100%)]	Loss: 0.476194

Average Training loss: 0.0024, Training Error Rate: 87.92% (52752/60000)


Average Test loss: 0.0005, Test Error Rate: 89.89% (8989/10000)

Train Epoch: 36 [20000/60000 (33%)]	Loss: 0.481654
Train Epoch: 36 [40000/60000 (67%)]	Loss: 0.476327
Train Epoch: 36 [60000/60000 (100%)]	Loss: 0.476502

Average Training loss: 0.0024, Training Error Rate: 87.83% (52697/60000)


Average Test loss: 0.0005, Test Error Rate: 88.90% (8890/10000)

Train Epoch: 37 [20000/60000 (33%)]	Loss: 0.502314
Train Epoch: 37 [40000/60000 (67%)]	Loss: 0.489580
Train Epoch: 37 [60000/60000 (100%)]	Loss: 0.471218

Average Training loss: 0.0024, Training Error Rate: 87.55% (52532/60000)


Average Test loss: 0.0005, Test Error Rate: 91.12% (9112/10000)

Train Epoch: 38 [20000/60000 (33%)]	Loss: 0.476719
Train Epoch: 38 [40000/60000 (67%)]	Loss: 0.481777
Train Epoch: 38 [60000/60000 (100%)]	Loss: 0.476162

Average Training loss: 0.0024, Training Error Rate: 88.73% (53237/60000)


Average Test loss: 0.0005, Test Error Rate: 88.92% (8892/10000)

Train Epoch: 39 [20000/60000 (33%)]	Loss: 0.482513
Train Epoch: 39 [40000/60000 (67%)]	Loss: 0.470648
Train Epoch: 39 [60000/60000 (100%)]	Loss: 0.477330

Average Training loss: 0.0024, Training Error Rate: 88.19% (52914/60000)


Average Test loss: 0.0005, Test Error Rate: 88.99% (8899/10000)

Train Epoch: 40 [20000/60000 (33%)]	Loss: 0.484457
Train Epoch: 40 [40000/60000 (67%)]	Loss: 0.472095
Train Epoch: 40 [60000/60000 (100%)]	Loss: 0.469905

Average Training loss: 0.0024, Training Error Rate: 87.87% (52721/60000)


Average Test loss: 0.0005, Test Error Rate: 85.01% (8501/10000)

Train Epoch: 41 [20000/60000 (33%)]	Loss: 0.470069
Train Epoch: 41 [40000/60000 (67%)]	Loss: 0.478707
Train Epoch: 41 [60000/60000 (100%)]	Loss: 0.458678

Average Training loss: 0.0024, Training Error Rate: 87.03% (52218/60000)


Average Test loss: 0.0005, Test Error Rate: 85.26% (8526/10000)

Train Epoch: 42 [20000/60000 (33%)]	Loss: 0.468909
Train Epoch: 42 [40000/60000 (67%)]	Loss: 0.477995
Train Epoch: 42 [60000/60000 (100%)]	Loss: 0.463788

Average Training loss: 0.0024, Training Error Rate: 86.10% (51659/60000)


Average Test loss: 0.0005, Test Error Rate: 81.08% (8108/10000)

Train Epoch: 43 [20000/60000 (33%)]	Loss: 0.480289
Train Epoch: 43 [40000/60000 (67%)]	Loss: 0.471781
Train Epoch: 43 [60000/60000 (100%)]	Loss: 0.482507

Average Training loss: 0.0023, Training Error Rate: 85.67% (51399/60000)


Average Test loss: 0.0005, Test Error Rate: 90.33% (9033/10000)

Train Epoch: 44 [20000/60000 (33%)]	Loss: 0.463266
Train Epoch: 44 [40000/60000 (67%)]	Loss: 0.458848
Train Epoch: 44 [60000/60000 (100%)]	Loss: 0.472195

Average Training loss: 0.0023, Training Error Rate: 85.50% (51298/60000)


Average Test loss: 0.0005, Test Error Rate: 88.77% (8877/10000)

Train Epoch: 45 [20000/60000 (33%)]	Loss: 0.463411
Train Epoch: 45 [40000/60000 (67%)]	Loss: 0.454512
Train Epoch: 45 [60000/60000 (100%)]	Loss: 0.468269

Average Training loss: 0.0023, Training Error Rate: 86.05% (51630/60000)


Average Test loss: 0.0005, Test Error Rate: 84.74% (8474/10000)

Train Epoch: 46 [20000/60000 (33%)]	Loss: 0.472524
Train Epoch: 46 [40000/60000 (67%)]	Loss: 0.469775
Train Epoch: 46 [60000/60000 (100%)]	Loss: 0.463080

Average Training loss: 0.0023, Training Error Rate: 85.25% (51151/60000)


Average Test loss: 0.0005, Test Error Rate: 86.61% (8661/10000)

Train Epoch: 47 [20000/60000 (33%)]	Loss: 0.459333
Train Epoch: 47 [40000/60000 (67%)]	Loss: 0.465048
Train Epoch: 47 [60000/60000 (100%)]	Loss: 0.461658

Average Training loss: 0.0023, Training Error Rate: 84.75% (50853/60000)


Average Test loss: 0.0005, Test Error Rate: 84.41% (8441/10000)

Train Epoch: 48 [20000/60000 (33%)]	Loss: 0.462776
Train Epoch: 48 [40000/60000 (67%)]	Loss: 0.462301
Train Epoch: 48 [60000/60000 (100%)]	Loss: 0.468640

Average Training loss: 0.0023, Training Error Rate: 85.49% (51294/60000)


Average Test loss: 0.0005, Test Error Rate: 85.08% (8508/10000)

Train Epoch: 49 [20000/60000 (33%)]	Loss: 0.458504
Train Epoch: 49 [40000/60000 (67%)]	Loss: 0.468423
Train Epoch: 49 [60000/60000 (100%)]	Loss: 0.460113

Average Training loss: 0.0023, Training Error Rate: 83.36% (50015/60000)


Average Test loss: 0.0005, Test Error Rate: 84.63% (8463/10000)

Train Epoch: 50 [20000/60000 (33%)]	Loss: 0.459274
Train Epoch: 50 [40000/60000 (67%)]	Loss: 0.461094
Train Epoch: 50 [60000/60000 (100%)]	Loss: 0.469765

Average Training loss: 0.0023, Training Error Rate: 84.45% (50673/60000)


Average Test loss: 0.0005, Test Error Rate: 84.29% (8429/10000)

Train Epoch: 51 [20000/60000 (33%)]	Loss: 0.469665
Train Epoch: 51 [40000/60000 (67%)]	Loss: 0.460525
Train Epoch: 51 [60000/60000 (100%)]	Loss: 0.468539

Average Training loss: 0.0023, Training Error Rate: 84.08% (50447/60000)


Average Test loss: 0.0005, Test Error Rate: 81.00% (8100/10000)

Train Epoch: 52 [20000/60000 (33%)]	Loss: 0.482701
Train Epoch: 52 [40000/60000 (67%)]	Loss: 0.471863
Train Epoch: 52 [60000/60000 (100%)]	Loss: 0.449766

Average Training loss: 0.0023, Training Error Rate: 82.33% (49395/60000)


Average Test loss: 0.0005, Test Error Rate: 81.16% (8116/10000)

Train Epoch: 53 [20000/60000 (33%)]	Loss: 0.474122
Train Epoch: 53 [40000/60000 (67%)]	Loss: 0.444776
Train Epoch: 53 [60000/60000 (100%)]	Loss: 0.456157

Average Training loss: 0.0023, Training Error Rate: 82.63% (49577/60000)


Average Test loss: 0.0005, Test Error Rate: 82.11% (8211/10000)

Train Epoch: 54 [20000/60000 (33%)]	Loss: 0.478641
Train Epoch: 54 [40000/60000 (67%)]	Loss: 0.464441
Train Epoch: 54 [60000/60000 (100%)]	Loss: 0.453314

Average Training loss: 0.0023, Training Error Rate: 82.73% (49638/60000)


Average Test loss: 0.0005, Test Error Rate: 81.60% (8160/10000)

Train Epoch: 55 [20000/60000 (33%)]	Loss: 0.448303
Train Epoch: 55 [40000/60000 (67%)]	Loss: 0.469995
Train Epoch: 55 [60000/60000 (100%)]	Loss: 0.452879

Average Training loss: 0.0023, Training Error Rate: 81.88% (49126/60000)


Average Test loss: 0.0005, Test Error Rate: 81.69% (8169/10000)

Train Epoch: 56 [20000/60000 (33%)]	Loss: 0.451102
Train Epoch: 56 [40000/60000 (67%)]	Loss: 0.463484
Train Epoch: 56 [60000/60000 (100%)]	Loss: 0.450205

Average Training loss: 0.0023, Training Error Rate: 80.80% (48478/60000)


Average Test loss: 0.0004, Test Error Rate: 78.47% (7847/10000)

Train Epoch: 57 [20000/60000 (33%)]	Loss: 0.456326
Train Epoch: 57 [40000/60000 (67%)]	Loss: 0.465438
Train Epoch: 57 [60000/60000 (100%)]	Loss: 0.435146

Average Training loss: 0.0023, Training Error Rate: 80.86% (48518/60000)


Average Test loss: 0.0005, Test Error Rate: 79.94% (7994/10000)

Train Epoch: 58 [20000/60000 (33%)]	Loss: 0.449199
Train Epoch: 58 [40000/60000 (67%)]	Loss: 0.467377
Train Epoch: 58 [60000/60000 (100%)]	Loss: 0.456912

Average Training loss: 0.0023, Training Error Rate: 80.91% (48547/60000)


Average Test loss: 0.0005, Test Error Rate: 80.28% (8028/10000)

Train Epoch: 59 [20000/60000 (33%)]	Loss: 0.462088
Train Epoch: 59 [40000/60000 (67%)]	Loss: 0.456960
Train Epoch: 59 [60000/60000 (100%)]	Loss: 0.446870

Average Training loss: 0.0023, Training Error Rate: 80.87% (48524/60000)


Average Test loss: 0.0005, Test Error Rate: 79.73% (7973/10000)

Train Epoch: 60 [20000/60000 (33%)]	Loss: 0.466141
Train Epoch: 60 [40000/60000 (67%)]	Loss: 0.453563
Train Epoch: 60 [60000/60000 (100%)]	Loss: 0.452234

Average Training loss: 0.0023, Training Error Rate: 80.35% (48208/60000)


Average Test loss: 0.0004, Test Error Rate: 79.26% (7926/10000)

Train Epoch: 61 [20000/60000 (33%)]	Loss: 0.448596
Train Epoch: 61 [40000/60000 (67%)]	Loss: 0.436724
Train Epoch: 61 [60000/60000 (100%)]	Loss: 0.480894

Average Training loss: 0.0022, Training Error Rate: 79.94% (47963/60000)


Average Test loss: 0.0005, Test Error Rate: 82.01% (8201/10000)

Train Epoch: 62 [20000/60000 (33%)]	Loss: 0.446761
Train Epoch: 62 [40000/60000 (67%)]	Loss: 0.434406
Train Epoch: 62 [60000/60000 (100%)]	Loss: 0.448197

Average Training loss: 0.0022, Training Error Rate: 79.96% (47974/60000)


Average Test loss: 0.0004, Test Error Rate: 79.51% (7951/10000)

Train Epoch: 63 [20000/60000 (33%)]	Loss: 0.436246
Train Epoch: 63 [40000/60000 (67%)]	Loss: 0.453275
Train Epoch: 63 [60000/60000 (100%)]	Loss: 0.453233

Average Training loss: 0.0022, Training Error Rate: 78.60% (47158/60000)


Average Test loss: 0.0004, Test Error Rate: 81.11% (8111/10000)

Train Epoch: 64 [20000/60000 (33%)]	Loss: 0.438946
Train Epoch: 64 [40000/60000 (67%)]	Loss: 0.438175
Train Epoch: 64 [60000/60000 (100%)]	Loss: 0.440385

Average Training loss: 0.0022, Training Error Rate: 77.87% (46723/60000)


Average Test loss: 0.0005, Test Error Rate: 81.52% (8152/10000)

Train Epoch: 65 [20000/60000 (33%)]	Loss: 0.449063
Train Epoch: 65 [40000/60000 (67%)]	Loss: 0.452213
Train Epoch: 65 [60000/60000 (100%)]	Loss: 0.462046

Average Training loss: 0.0022, Training Error Rate: 77.93% (46760/60000)


Average Test loss: 0.0005, Test Error Rate: 80.67% (8067/10000)

Train Epoch: 66 [20000/60000 (33%)]	Loss: 0.443990
Train Epoch: 66 [40000/60000 (67%)]	Loss: 0.436765
Train Epoch: 66 [60000/60000 (100%)]	Loss: 0.426593

Average Training loss: 0.0022, Training Error Rate: 77.67% (46599/60000)


Average Test loss: 0.0004, Test Error Rate: 75.65% (7565/10000)

Train Epoch: 67 [20000/60000 (33%)]	Loss: 0.421304
Train Epoch: 67 [40000/60000 (67%)]	Loss: 0.424756
Train Epoch: 67 [60000/60000 (100%)]	Loss: 0.440668

Average Training loss: 0.0022, Training Error Rate: 77.20% (46322/60000)


Average Test loss: 0.0004, Test Error Rate: 78.07% (7807/10000)

Train Epoch: 68 [20000/60000 (33%)]	Loss: 0.446292
Train Epoch: 68 [40000/60000 (67%)]	Loss: 0.444409
Train Epoch: 68 [60000/60000 (100%)]	Loss: 0.428662

Average Training loss: 0.0022, Training Error Rate: 77.08% (46248/60000)


Average Test loss: 0.0004, Test Error Rate: 78.88% (7888/10000)

Train Epoch: 69 [20000/60000 (33%)]	Loss: 0.435692
Train Epoch: 69 [40000/60000 (67%)]	Loss: 0.420946
Train Epoch: 69 [60000/60000 (100%)]	Loss: 0.443546

Average Training loss: 0.0022, Training Error Rate: 77.07% (46241/60000)


Average Test loss: 0.0004, Test Error Rate: 74.62% (7462/10000)

Train Epoch: 70 [20000/60000 (33%)]	Loss: 0.436726
Train Epoch: 70 [40000/60000 (67%)]	Loss: 0.419169
Train Epoch: 70 [60000/60000 (100%)]	Loss: 0.436941

Average Training loss: 0.0022, Training Error Rate: 76.33% (45800/60000)


Average Test loss: 0.0004, Test Error Rate: 73.85% (7385/10000)

Train Epoch: 71 [20000/60000 (33%)]	Loss: 0.429261
Train Epoch: 71 [40000/60000 (67%)]	Loss: 0.435032
Train Epoch: 71 [60000/60000 (100%)]	Loss: 0.439719

Average Training loss: 0.0022, Training Error Rate: 76.16% (45693/60000)


Average Test loss: 0.0004, Test Error Rate: 75.76% (7576/10000)

Train Epoch: 72 [20000/60000 (33%)]	Loss: 0.443303
Train Epoch: 72 [40000/60000 (67%)]	Loss: 0.438381
Train Epoch: 72 [60000/60000 (100%)]	Loss: 0.431618

Average Training loss: 0.0022, Training Error Rate: 76.99% (46193/60000)


Average Test loss: 0.0004, Test Error Rate: 80.35% (8035/10000)

Train Epoch: 73 [20000/60000 (33%)]	Loss: 0.430301
Train Epoch: 73 [40000/60000 (67%)]	Loss: 0.439662
Train Epoch: 73 [60000/60000 (100%)]	Loss: 0.427263

Average Training loss: 0.0022, Training Error Rate: 77.17% (46300/60000)


Average Test loss: 0.0004, Test Error Rate: 80.98% (8098/10000)

Train Epoch: 74 [20000/60000 (33%)]	Loss: 0.457125
Train Epoch: 74 [40000/60000 (67%)]	Loss: 0.419080
Train Epoch: 74 [60000/60000 (100%)]	Loss: 0.419107

Average Training loss: 0.0022, Training Error Rate: 76.79% (46074/60000)


Average Test loss: 0.0004, Test Error Rate: 75.76% (7576/10000)

Train Epoch: 75 [20000/60000 (33%)]	Loss: 0.446590
Train Epoch: 75 [40000/60000 (67%)]	Loss: 0.430101
Train Epoch: 75 [60000/60000 (100%)]	Loss: 0.420835

Average Training loss: 0.0022, Training Error Rate: 75.67% (45405/60000)


Average Test loss: 0.0004, Test Error Rate: 72.79% (7279/10000)

Train Epoch: 76 [20000/60000 (33%)]	Loss: 0.440681
Train Epoch: 76 [40000/60000 (67%)]	Loss: 0.428471
Train Epoch: 76 [60000/60000 (100%)]	Loss: 0.420900

Average Training loss: 0.0022, Training Error Rate: 75.76% (45455/60000)


Average Test loss: 0.0004, Test Error Rate: 73.51% (7351/10000)

Train Epoch: 77 [20000/60000 (33%)]	Loss: 0.431474
Train Epoch: 77 [40000/60000 (67%)]	Loss: 0.426045
Train Epoch: 77 [60000/60000 (100%)]	Loss: 0.424885

Average Training loss: 0.0021, Training Error Rate: 73.12% (43871/60000)


Average Test loss: 0.0004, Test Error Rate: 69.38% (6938/10000)

Train Epoch: 78 [20000/60000 (33%)]	Loss: 0.435699
Train Epoch: 78 [40000/60000 (67%)]	Loss: 0.432542
Train Epoch: 78 [60000/60000 (100%)]	Loss: 0.441182

Average Training loss: 0.0021, Training Error Rate: 73.48% (44091/60000)


Average Test loss: 0.0004, Test Error Rate: 72.27% (7227/10000)

Train Epoch: 79 [20000/60000 (33%)]	Loss: 0.431978
Train Epoch: 79 [40000/60000 (67%)]	Loss: 0.418629
Train Epoch: 79 [60000/60000 (100%)]	Loss: 0.425797

Average Training loss: 0.0021, Training Error Rate: 74.26% (44556/60000)


Average Test loss: 0.0004, Test Error Rate: 76.12% (7612/10000)

Train Epoch: 80 [20000/60000 (33%)]	Loss: 0.432315
Train Epoch: 80 [40000/60000 (67%)]	Loss: 0.427157
Train Epoch: 80 [60000/60000 (100%)]	Loss: 0.416212

Average Training loss: 0.0021, Training Error Rate: 74.59% (44755/60000)


Average Test loss: 0.0004, Test Error Rate: 73.78% (7378/10000)

Train Epoch: 81 [20000/60000 (33%)]	Loss: 0.445526
Train Epoch: 81 [40000/60000 (67%)]	Loss: 0.422543
Train Epoch: 81 [60000/60000 (100%)]	Loss: 0.435115

Average Training loss: 0.0021, Training Error Rate: 74.38% (44626/60000)


Average Test loss: 0.0004, Test Error Rate: 73.19% (7319/10000)

Train Epoch: 82 [20000/60000 (33%)]	Loss: 0.396654
Train Epoch: 82 [40000/60000 (67%)]	Loss: 0.442318
Train Epoch: 82 [60000/60000 (100%)]	Loss: 0.420995

Average Training loss: 0.0021, Training Error Rate: 73.76% (44254/60000)


Average Test loss: 0.0004, Test Error Rate: 73.53% (7353/10000)

Train Epoch: 83 [20000/60000 (33%)]	Loss: 0.431906
Train Epoch: 83 [40000/60000 (67%)]	Loss: 0.414719
Train Epoch: 83 [60000/60000 (100%)]	Loss: 0.415570

Average Training loss: 0.0021, Training Error Rate: 73.33% (44001/60000)


Average Test loss: 0.0004, Test Error Rate: 73.40% (7340/10000)

Train Epoch: 84 [20000/60000 (33%)]	Loss: 0.425855
Train Epoch: 84 [40000/60000 (67%)]	Loss: 0.435049
Train Epoch: 84 [60000/60000 (100%)]	Loss: 0.419999

Average Training loss: 0.0021, Training Error Rate: 73.16% (43896/60000)


Average Test loss: 0.0004, Test Error Rate: 74.48% (7448/10000)

Train Epoch: 85 [20000/60000 (33%)]	Loss: 0.428347
Train Epoch: 85 [40000/60000 (67%)]	Loss: 0.410270
Train Epoch: 85 [60000/60000 (100%)]	Loss: 0.422052

Average Training loss: 0.0021, Training Error Rate: 73.94% (44361/60000)


Average Test loss: 0.0004, Test Error Rate: 73.01% (7301/10000)

Train Epoch: 86 [20000/60000 (33%)]	Loss: 0.423513
Train Epoch: 86 [40000/60000 (67%)]	Loss: 0.419820
Train Epoch: 86 [60000/60000 (100%)]	Loss: 0.413582

Average Training loss: 0.0021, Training Error Rate: 73.71% (44225/60000)


Average Test loss: 0.0004, Test Error Rate: 73.93% (7393/10000)

Train Epoch: 87 [20000/60000 (33%)]	Loss: 0.434003
Train Epoch: 87 [40000/60000 (67%)]	Loss: 0.431931
Train Epoch: 87 [60000/60000 (100%)]	Loss: 0.423087

Average Training loss: 0.0021, Training Error Rate: 73.37% (44024/60000)


Average Test loss: 0.0004, Test Error Rate: 72.90% (7290/10000)

Train Epoch: 88 [20000/60000 (33%)]	Loss: 0.439582
Train Epoch: 88 [40000/60000 (67%)]	Loss: 0.409841
Train Epoch: 88 [60000/60000 (100%)]	Loss: 0.432258

Average Training loss: 0.0021, Training Error Rate: 73.81% (44284/60000)


Average Test loss: 0.0004, Test Error Rate: 73.76% (7376/10000)

Train Epoch: 89 [20000/60000 (33%)]	Loss: 0.431237
Train Epoch: 89 [40000/60000 (67%)]	Loss: 0.401076
Train Epoch: 89 [60000/60000 (100%)]	Loss: 0.436071

Average Training loss: 0.0021, Training Error Rate: 74.14% (44482/60000)


Average Test loss: 0.0004, Test Error Rate: 73.45% (7345/10000)

Train Epoch: 90 [20000/60000 (33%)]	Loss: 0.421800
Train Epoch: 90 [40000/60000 (67%)]	Loss: 0.421801
Train Epoch: 90 [60000/60000 (100%)]	Loss: 0.438788

Average Training loss: 0.0021, Training Error Rate: 73.53% (44121/60000)


Average Test loss: 0.0004, Test Error Rate: 74.07% (7407/10000)

Train Epoch: 91 [20000/60000 (33%)]	Loss: 0.425575
Train Epoch: 91 [40000/60000 (67%)]	Loss: 0.433994
Train Epoch: 91 [60000/60000 (100%)]	Loss: 0.411358

Average Training loss: 0.0021, Training Error Rate: 73.36% (44013/60000)


Average Test loss: 0.0004, Test Error Rate: 73.08% (7308/10000)

Train Epoch: 92 [20000/60000 (33%)]	Loss: 0.415829
Train Epoch: 92 [40000/60000 (67%)]	Loss: 0.415115
Train Epoch: 92 [60000/60000 (100%)]	Loss: 0.416452

Average Training loss: 0.0021, Training Error Rate: 73.18% (43906/60000)


Average Test loss: 0.0004, Test Error Rate: 71.99% (7199/10000)

Train Epoch: 93 [20000/60000 (33%)]	Loss: 0.429837
Train Epoch: 93 [40000/60000 (67%)]	Loss: 0.434101
Train Epoch: 93 [60000/60000 (100%)]	Loss: 0.408322

Average Training loss: 0.0021, Training Error Rate: 74.16% (44498/60000)


Average Test loss: 0.0004, Test Error Rate: 73.88% (7388/10000)

Train Epoch: 94 [20000/60000 (33%)]	Loss: 0.419536
Train Epoch: 94 [40000/60000 (67%)]	Loss: 0.417743
Train Epoch: 94 [60000/60000 (100%)]	Loss: 0.414728

Average Training loss: 0.0021, Training Error Rate: 73.78% (44271/60000)


Average Test loss: 0.0004, Test Error Rate: 71.41% (7141/10000)

Train Epoch: 95 [20000/60000 (33%)]	Loss: 0.417785
Train Epoch: 95 [40000/60000 (67%)]	Loss: 0.420216
Train Epoch: 95 [60000/60000 (100%)]	Loss: 0.427805

Average Training loss: 0.0021, Training Error Rate: 73.01% (43807/60000)


Average Test loss: 0.0004, Test Error Rate: 73.33% (7333/10000)

Train Epoch: 96 [20000/60000 (33%)]	Loss: 0.407418
Train Epoch: 96 [40000/60000 (67%)]	Loss: 0.410571
Train Epoch: 96 [60000/60000 (100%)]	Loss: 0.403511

Average Training loss: 0.0021, Training Error Rate: 73.14% (43884/60000)


Average Test loss: 0.0004, Test Error Rate: 73.49% (7349/10000)

Train Epoch: 97 [20000/60000 (33%)]	Loss: 0.415994
Train Epoch: 97 [40000/60000 (67%)]	Loss: 0.426093
Train Epoch: 97 [60000/60000 (100%)]	Loss: 0.418907

Average Training loss: 0.0021, Training Error Rate: 72.72% (43634/60000)


Average Test loss: 0.0004, Test Error Rate: 70.07% (7007/10000)

Train Epoch: 98 [20000/60000 (33%)]	Loss: 0.426704
Train Epoch: 98 [40000/60000 (67%)]	Loss: 0.415021
Train Epoch: 98 [60000/60000 (100%)]	Loss: 0.419255

Average Training loss: 0.0021, Training Error Rate: 71.73% (43038/60000)


Average Test loss: 0.0004, Test Error Rate: 70.64% (7064/10000)

Train Epoch: 99 [20000/60000 (33%)]	Loss: 0.398729
Train Epoch: 99 [40000/60000 (67%)]	Loss: 0.434471
Train Epoch: 99 [60000/60000 (100%)]	Loss: 0.416035

Average Training loss: 0.0021, Training Error Rate: 71.28% (42765/60000)


Average Test loss: 0.0004, Test Error Rate: 72.61% (7261/10000)

