/vast/home/ajherman/miniconda3/envs/pytorch/lib/python3.11/site-packages/torchvision/io/image.py:13: UserWarning: Failed to load image Python extension: '/vast/home/ajherman/miniconda3/envs/pytorch/lib/python3.11/site-packages/torchvision/image.so: undefined symbol: _ZN5torch3jit17parseSchemaOrNameERKNSt7__cxx1112basic_stringIcSt11char_traitsIcESaIcEEE'If you don't plan on using image functionality from `torchvision.io`, you can ignore this warning. Otherwise, there might be something wrong with your environment. Did you have `libjpeg` or `libpng` installed before building `torchvision` from source?
  warn(
Random seed set as 42
dt =  0.14785621103378865
trace decay =  0.7866278610665534
Random seed set as 42
Random seed set as 42
dt =  0.14785621103378865
trace decay =  0.7866278610665534
Random seed set as 42
Train Epoch: 0 [10000/60000 (17%)]	Loss: 0.487490
Train Epoch: 0 [20000/60000 (33%)]	Loss: 0.487566
Train Epoch: 0 [30000/60000 (50%)]	Loss: 0.494230
Train Epoch: 0 [40000/60000 (67%)]	Loss: 0.494738
Train Epoch: 0 [50000/60000 (83%)]	Loss: 0.487202
Train Epoch: 0 [60000/60000 (100%)]	Loss: 0.474612

Average Training loss: 0.0049, Training Error Rate: 90.08% (54046/60000)


Average Test loss: 0.0005, Test Error Rate: 90.18% (9018/10000)

Train Epoch: 1 [10000/60000 (17%)]	Loss: 0.481890
Train Epoch: 1 [20000/60000 (33%)]	Loss: 0.486694
Train Epoch: 1 [30000/60000 (50%)]	Loss: 0.498204
Train Epoch: 1 [40000/60000 (67%)]	Loss: 0.494380
Train Epoch: 1 [50000/60000 (83%)]	Loss: 0.485430
Train Epoch: 1 [60000/60000 (100%)]	Loss: 0.491625

Average Training loss: 0.0049, Training Error Rate: 90.18% (54110/60000)


Average Test loss: 0.0005, Test Error Rate: 90.19% (9019/10000)

Train Epoch: 2 [10000/60000 (17%)]	Loss: 0.494321
Train Epoch: 2 [20000/60000 (33%)]	Loss: 0.490423
Train Epoch: 2 [30000/60000 (50%)]	Loss: 0.496821
Train Epoch: 2 [40000/60000 (67%)]	Loss: 0.477669
Train Epoch: 2 [50000/60000 (83%)]	Loss: 0.489936
Train Epoch: 2 [60000/60000 (100%)]	Loss: 0.497569

Average Training loss: 0.0049, Training Error Rate: 90.09% (54052/60000)


Average Test loss: 0.0005, Test Error Rate: 89.73% (8973/10000)

Train Epoch: 3 [10000/60000 (17%)]	Loss: 0.513614
Train Epoch: 3 [20000/60000 (33%)]	Loss: 0.489226
Train Epoch: 3 [30000/60000 (50%)]	Loss: 0.492412
Train Epoch: 3 [40000/60000 (67%)]	Loss: 0.485993
Train Epoch: 3 [50000/60000 (83%)]	Loss: 0.483046
Train Epoch: 3 [60000/60000 (100%)]	Loss: 0.497445

Average Training loss: 0.0049, Training Error Rate: 89.32% (53592/60000)


Average Test loss: 0.0005, Test Error Rate: 90.52% (9052/10000)

Train Epoch: 4 [10000/60000 (17%)]	Loss: 0.477830
Train Epoch: 4 [20000/60000 (33%)]	Loss: 0.480915
Train Epoch: 4 [30000/60000 (50%)]	Loss: 0.479139
Train Epoch: 4 [40000/60000 (67%)]	Loss: 0.487026
Train Epoch: 4 [50000/60000 (83%)]	Loss: 0.474218
Train Epoch: 4 [60000/60000 (100%)]	Loss: 0.492432

Average Training loss: 0.0049, Training Error Rate: 88.33% (52998/60000)


Average Test loss: 0.0005, Test Error Rate: 89.41% (8941/10000)

Train Epoch: 5 [10000/60000 (17%)]	Loss: 0.479636
Train Epoch: 5 [20000/60000 (33%)]	Loss: 0.468457
Train Epoch: 5 [30000/60000 (50%)]	Loss: 0.497457
Train Epoch: 5 [40000/60000 (67%)]	Loss: 0.491719
Train Epoch: 5 [50000/60000 (83%)]	Loss: 0.516371
Train Epoch: 5 [60000/60000 (100%)]	Loss: 0.470722

Average Training loss: 0.0048, Training Error Rate: 87.95% (52773/60000)


Average Test loss: 0.0005, Test Error Rate: 82.21% (8221/10000)

Train Epoch: 6 [10000/60000 (17%)]	Loss: 0.470205
Train Epoch: 6 [20000/60000 (33%)]	Loss: 0.478489
Train Epoch: 6 [30000/60000 (50%)]	Loss: 0.460340
Train Epoch: 6 [40000/60000 (67%)]	Loss: 0.469425
Train Epoch: 6 [50000/60000 (83%)]	Loss: 0.464863
Train Epoch: 6 [60000/60000 (100%)]	Loss: 0.469490

Average Training loss: 0.0048, Training Error Rate: 85.16% (51096/60000)


Average Test loss: 0.0005, Test Error Rate: 81.43% (8143/10000)

Train Epoch: 7 [10000/60000 (17%)]	Loss: 0.570508
Train Epoch: 7 [20000/60000 (33%)]	Loss: 0.484252
Train Epoch: 7 [30000/60000 (50%)]	Loss: 0.497148
Train Epoch: 7 [40000/60000 (67%)]	Loss: 0.470111
Train Epoch: 7 [50000/60000 (83%)]	Loss: 0.462933
Train Epoch: 7 [60000/60000 (100%)]	Loss: 0.473982

Average Training loss: 0.0048, Training Error Rate: 84.75% (50852/60000)


Average Test loss: 0.0005, Test Error Rate: 81.66% (8166/10000)

Train Epoch: 8 [10000/60000 (17%)]	Loss: 0.471758
Train Epoch: 8 [20000/60000 (33%)]	Loss: 0.469633
Train Epoch: 8 [30000/60000 (50%)]	Loss: 0.461408
Train Epoch: 8 [40000/60000 (67%)]	Loss: 0.481901
Train Epoch: 8 [50000/60000 (83%)]	Loss: 0.486565
Train Epoch: 8 [60000/60000 (100%)]	Loss: 0.462603

Average Training loss: 0.0047, Training Error Rate: 83.84% (50307/60000)


Average Test loss: 0.0005, Test Error Rate: 83.32% (8332/10000)

Train Epoch: 9 [10000/60000 (17%)]	Loss: 0.463097
Train Epoch: 9 [20000/60000 (33%)]	Loss: 0.529599
Train Epoch: 9 [30000/60000 (50%)]	Loss: 0.477002
Train Epoch: 9 [40000/60000 (67%)]	Loss: 0.485119
Train Epoch: 9 [50000/60000 (83%)]	Loss: 0.472414
Train Epoch: 9 [60000/60000 (100%)]	Loss: 0.468443

Average Training loss: 0.0047, Training Error Rate: 83.59% (50153/60000)


Average Test loss: 0.0005, Test Error Rate: 81.04% (8104/10000)

Train Epoch: 10 [10000/60000 (17%)]	Loss: 0.472139
Train Epoch: 10 [20000/60000 (33%)]	Loss: 0.457269
Train Epoch: 10 [30000/60000 (50%)]	Loss: 0.454958
Train Epoch: 10 [40000/60000 (67%)]	Loss: 0.468792
Train Epoch: 10 [50000/60000 (83%)]	Loss: 0.481320
Train Epoch: 10 [60000/60000 (100%)]	Loss: 0.459128

Average Training loss: 0.0047, Training Error Rate: 82.02% (49213/60000)


Average Test loss: 0.0005, Test Error Rate: 81.32% (8132/10000)

Train Epoch: 11 [10000/60000 (17%)]	Loss: 0.480578
Train Epoch: 11 [20000/60000 (33%)]	Loss: 0.473593
Train Epoch: 11 [30000/60000 (50%)]	Loss: 0.470566
Train Epoch: 11 [40000/60000 (67%)]	Loss: 0.474167
Train Epoch: 11 [50000/60000 (83%)]	Loss: 0.474030
Train Epoch: 11 [60000/60000 (100%)]	Loss: 0.459757

Average Training loss: 0.0047, Training Error Rate: 81.55% (48931/60000)


Average Test loss: 0.0005, Test Error Rate: 81.37% (8137/10000)

Train Epoch: 12 [10000/60000 (17%)]	Loss: 0.453858
Train Epoch: 12 [20000/60000 (33%)]	Loss: 0.462549
Train Epoch: 12 [30000/60000 (50%)]	Loss: 0.442644
Train Epoch: 12 [40000/60000 (67%)]	Loss: 0.454921
Train Epoch: 12 [50000/60000 (83%)]	Loss: 0.453670
Train Epoch: 12 [60000/60000 (100%)]	Loss: 0.474310

Average Training loss: 0.0046, Training Error Rate: 80.41% (48243/60000)


Average Test loss: 0.0005, Test Error Rate: 82.34% (8234/10000)

Train Epoch: 13 [10000/60000 (17%)]	Loss: 0.467543
Train Epoch: 13 [20000/60000 (33%)]	Loss: 0.474976
Train Epoch: 13 [30000/60000 (50%)]	Loss: 0.449560
Train Epoch: 13 [40000/60000 (67%)]	Loss: 0.444076
Train Epoch: 13 [50000/60000 (83%)]	Loss: 0.459084
Train Epoch: 13 [60000/60000 (100%)]	Loss: 0.449558

Average Training loss: 0.0045, Training Error Rate: 80.11% (48068/60000)


Average Test loss: 0.0005, Test Error Rate: 79.53% (7953/10000)

Train Epoch: 14 [10000/60000 (17%)]	Loss: 0.423790
Train Epoch: 14 [20000/60000 (33%)]	Loss: 0.432345
Train Epoch: 14 [30000/60000 (50%)]	Loss: 0.444710
Train Epoch: 14 [40000/60000 (67%)]	Loss: 0.457736
Train Epoch: 14 [50000/60000 (83%)]	Loss: 0.446298
Train Epoch: 14 [60000/60000 (100%)]	Loss: 0.457973

Average Training loss: 0.0045, Training Error Rate: 78.68% (47206/60000)


Average Test loss: 0.0005, Test Error Rate: 82.09% (8209/10000)

Train Epoch: 15 [10000/60000 (17%)]	Loss: 0.433511
Train Epoch: 15 [20000/60000 (33%)]	Loss: 0.459236
Train Epoch: 15 [30000/60000 (50%)]	Loss: 0.462094
Train Epoch: 15 [40000/60000 (67%)]	Loss: 0.455458
Train Epoch: 15 [50000/60000 (83%)]	Loss: 0.424673
Train Epoch: 15 [60000/60000 (100%)]	Loss: 0.447923

Average Training loss: 0.0045, Training Error Rate: 78.41% (47048/60000)


Average Test loss: 0.0004, Test Error Rate: 79.12% (7912/10000)

Train Epoch: 16 [10000/60000 (17%)]	Loss: 0.459717
Train Epoch: 16 [20000/60000 (33%)]	Loss: 0.451926
Train Epoch: 16 [30000/60000 (50%)]	Loss: 0.455112
Train Epoch: 16 [40000/60000 (67%)]	Loss: 0.483016
Train Epoch: 16 [50000/60000 (83%)]	Loss: 0.445758
Train Epoch: 16 [60000/60000 (100%)]	Loss: 0.436457

Average Training loss: 0.0044, Training Error Rate: 77.68% (46608/60000)


Average Test loss: 0.0004, Test Error Rate: 76.47% (7647/10000)

Train Epoch: 17 [10000/60000 (17%)]	Loss: 0.441371
Train Epoch: 17 [20000/60000 (33%)]	Loss: 0.440797
Train Epoch: 17 [30000/60000 (50%)]	Loss: 0.439043
Train Epoch: 17 [40000/60000 (67%)]	Loss: 0.462143
Train Epoch: 17 [50000/60000 (83%)]	Loss: 0.443502
Train Epoch: 17 [60000/60000 (100%)]	Loss: 0.431394

Average Training loss: 0.0043, Training Error Rate: 74.07% (44442/60000)


Average Test loss: 0.0004, Test Error Rate: 75.34% (7534/10000)

Train Epoch: 18 [10000/60000 (17%)]	Loss: 0.426962
Train Epoch: 18 [20000/60000 (33%)]	Loss: 0.421553
Train Epoch: 18 [30000/60000 (50%)]	Loss: 0.436643
Train Epoch: 18 [40000/60000 (67%)]	Loss: 0.442473
Train Epoch: 18 [50000/60000 (83%)]	Loss: 0.426186
Train Epoch: 18 [60000/60000 (100%)]	Loss: 0.435094

Average Training loss: 0.0044, Training Error Rate: 75.69% (45417/60000)


Average Test loss: 0.0004, Test Error Rate: 74.10% (7410/10000)

Train Epoch: 19 [10000/60000 (17%)]	Loss: 0.458065
Train Epoch: 19 [20000/60000 (33%)]	Loss: 0.426749
Train Epoch: 19 [30000/60000 (50%)]	Loss: 0.472031
Train Epoch: 19 [40000/60000 (67%)]	Loss: 0.406415
Train Epoch: 19 [50000/60000 (83%)]	Loss: 0.465437
Train Epoch: 19 [60000/60000 (100%)]	Loss: 0.427528

Average Training loss: 0.0043, Training Error Rate: 74.90% (44941/60000)


Average Test loss: 0.0004, Test Error Rate: 75.04% (7504/10000)

Train Epoch: 20 [10000/60000 (17%)]	Loss: 0.426182
Train Epoch: 20 [20000/60000 (33%)]	Loss: 0.443935
Train Epoch: 20 [30000/60000 (50%)]	Loss: 0.437801
Train Epoch: 20 [40000/60000 (67%)]	Loss: 0.429497
Train Epoch: 20 [50000/60000 (83%)]	Loss: 0.425440
Train Epoch: 20 [60000/60000 (100%)]	Loss: 0.422120

Average Training loss: 0.0043, Training Error Rate: 74.14% (44481/60000)


Average Test loss: 0.0004, Test Error Rate: 69.62% (6962/10000)

Train Epoch: 21 [10000/60000 (17%)]	Loss: 0.420786
Train Epoch: 21 [20000/60000 (33%)]	Loss: 0.436055
Train Epoch: 21 [30000/60000 (50%)]	Loss: 0.473412
Train Epoch: 21 [40000/60000 (67%)]	Loss: 0.401628
Train Epoch: 21 [50000/60000 (83%)]	Loss: 0.395809
Train Epoch: 21 [60000/60000 (100%)]	Loss: 0.416724

Average Training loss: 0.0042, Training Error Rate: 71.64% (42981/60000)


Average Test loss: 0.0004, Test Error Rate: 69.72% (6972/10000)

Train Epoch: 22 [10000/60000 (17%)]	Loss: 0.401900
Train Epoch: 22 [20000/60000 (33%)]	Loss: 0.441515
Train Epoch: 22 [30000/60000 (50%)]	Loss: 0.435391
Train Epoch: 22 [40000/60000 (67%)]	Loss: 0.437798
Train Epoch: 22 [50000/60000 (83%)]	Loss: 0.421669
Train Epoch: 22 [60000/60000 (100%)]	Loss: 0.425546

Average Training loss: 0.0042, Training Error Rate: 69.22% (41531/60000)


Average Test loss: 0.0004, Test Error Rate: 70.21% (7021/10000)

Train Epoch: 23 [10000/60000 (17%)]	Loss: 0.437452
Train Epoch: 23 [20000/60000 (33%)]	Loss: 0.406643
Train Epoch: 23 [30000/60000 (50%)]	Loss: 0.399866
Train Epoch: 23 [40000/60000 (67%)]	Loss: 0.428365
Train Epoch: 23 [50000/60000 (83%)]	Loss: 0.392195
Train Epoch: 23 [60000/60000 (100%)]	Loss: 0.410276

Average Training loss: 0.0042, Training Error Rate: 68.62% (41170/60000)


Average Test loss: 0.0004, Test Error Rate: 73.58% (7358/10000)

Train Epoch: 24 [10000/60000 (17%)]	Loss: 0.473029
Train Epoch: 24 [20000/60000 (33%)]	Loss: 0.403952
Train Epoch: 24 [30000/60000 (50%)]	Loss: 0.402912
Train Epoch: 24 [40000/60000 (67%)]	Loss: 0.380307
Train Epoch: 24 [50000/60000 (83%)]	Loss: 0.411608
Train Epoch: 24 [60000/60000 (100%)]	Loss: 0.407423

Average Training loss: 0.0041, Training Error Rate: 68.05% (40827/60000)


Average Test loss: 0.0004, Test Error Rate: 64.55% (6455/10000)

Train Epoch: 25 [10000/60000 (17%)]	Loss: 0.408208
Train Epoch: 25 [20000/60000 (33%)]	Loss: 0.389424
Train Epoch: 25 [30000/60000 (50%)]	Loss: 0.418670
Train Epoch: 25 [40000/60000 (67%)]	Loss: 0.420972
Train Epoch: 25 [50000/60000 (83%)]	Loss: 0.378658
Train Epoch: 25 [60000/60000 (100%)]	Loss: 0.403737

Average Training loss: 0.0041, Training Error Rate: 68.72% (41230/60000)


Average Test loss: 0.0004, Test Error Rate: 67.09% (6709/10000)

Train Epoch: 26 [10000/60000 (17%)]	Loss: 0.412466
Train Epoch: 26 [20000/60000 (33%)]	Loss: 0.416171
Train Epoch: 26 [30000/60000 (50%)]	Loss: 0.420053
Train Epoch: 26 [40000/60000 (67%)]	Loss: 0.388164
Train Epoch: 26 [50000/60000 (83%)]	Loss: 0.379430
Train Epoch: 26 [60000/60000 (100%)]	Loss: 0.404662

Average Training loss: 0.0041, Training Error Rate: 68.39% (41036/60000)


Average Test loss: 0.0004, Test Error Rate: 66.19% (6619/10000)

Train Epoch: 27 [10000/60000 (17%)]	Loss: 0.426876
Train Epoch: 27 [20000/60000 (33%)]	Loss: 0.419625
Train Epoch: 27 [30000/60000 (50%)]	Loss: 0.420050
Train Epoch: 27 [40000/60000 (67%)]	Loss: 0.423220
Train Epoch: 27 [50000/60000 (83%)]	Loss: 0.415670
Train Epoch: 27 [60000/60000 (100%)]	Loss: 0.413108

Average Training loss: 0.0041, Training Error Rate: 68.14% (40882/60000)


Average Test loss: 0.0004, Test Error Rate: 67.01% (6701/10000)

Train Epoch: 28 [10000/60000 (17%)]	Loss: 0.382899
Train Epoch: 28 [20000/60000 (33%)]	Loss: 0.433533
Train Epoch: 28 [30000/60000 (50%)]	Loss: 0.399444
Train Epoch: 28 [40000/60000 (67%)]	Loss: 0.422903
Train Epoch: 28 [50000/60000 (83%)]	Loss: 0.415523
Train Epoch: 28 [60000/60000 (100%)]	Loss: 0.440070

Average Training loss: 0.0041, Training Error Rate: 67.66% (40597/60000)


Average Test loss: 0.0004, Test Error Rate: 66.74% (6674/10000)

Train Epoch: 29 [10000/60000 (17%)]	Loss: 0.424683
Train Epoch: 29 [20000/60000 (33%)]	Loss: 0.429057
Train Epoch: 29 [30000/60000 (50%)]	Loss: 0.395890
Train Epoch: 29 [40000/60000 (67%)]	Loss: 0.394018
Train Epoch: 29 [50000/60000 (83%)]	Loss: 0.390728
Train Epoch: 29 [60000/60000 (100%)]	Loss: 0.407819

Average Training loss: 0.0041, Training Error Rate: 67.57% (40544/60000)


Average Test loss: 0.0004, Test Error Rate: 65.53% (6553/10000)

Train Epoch: 30 [10000/60000 (17%)]	Loss: 0.418685
Train Epoch: 30 [20000/60000 (33%)]	Loss: 0.431964
Train Epoch: 30 [30000/60000 (50%)]	Loss: 0.401453
Train Epoch: 30 [40000/60000 (67%)]	Loss: 0.385552
Train Epoch: 30 [50000/60000 (83%)]	Loss: 0.408544
Train Epoch: 30 [60000/60000 (100%)]	Loss: 0.451419

Average Training loss: 0.0040, Training Error Rate: 65.68% (39409/60000)


Average Test loss: 0.0004, Test Error Rate: 65.31% (6531/10000)

Train Epoch: 31 [10000/60000 (17%)]	Loss: 0.421685
Train Epoch: 31 [20000/60000 (33%)]	Loss: 0.447848
Train Epoch: 31 [30000/60000 (50%)]	Loss: 0.392924
Train Epoch: 31 [40000/60000 (67%)]	Loss: 0.391180
Train Epoch: 31 [50000/60000 (83%)]	Loss: 0.417116
Train Epoch: 31 [60000/60000 (100%)]	Loss: 0.395208

Average Training loss: 0.0040, Training Error Rate: 65.63% (39378/60000)


Average Test loss: 0.0004, Test Error Rate: 64.74% (6474/10000)

Train Epoch: 32 [10000/60000 (17%)]	Loss: 0.379476
Train Epoch: 32 [20000/60000 (33%)]	Loss: 0.407748
Train Epoch: 32 [30000/60000 (50%)]	Loss: 0.435719
Train Epoch: 32 [40000/60000 (67%)]	Loss: 0.436931
Train Epoch: 32 [50000/60000 (83%)]	Loss: 0.413596
Train Epoch: 32 [60000/60000 (100%)]	Loss: 0.381460

Average Training loss: 0.0040, Training Error Rate: 64.57% (38743/60000)


Average Test loss: 0.0004, Test Error Rate: 62.91% (6291/10000)

Train Epoch: 33 [10000/60000 (17%)]	Loss: 0.415311
Train Epoch: 33 [20000/60000 (33%)]	Loss: 0.379519
Train Epoch: 33 [30000/60000 (50%)]	Loss: 0.428128
Train Epoch: 33 [40000/60000 (67%)]	Loss: 0.380498
Train Epoch: 33 [50000/60000 (83%)]	Loss: 0.379653
Train Epoch: 33 [60000/60000 (100%)]	Loss: 0.362376

Average Training loss: 0.0040, Training Error Rate: 63.75% (38248/60000)


Average Test loss: 0.0004, Test Error Rate: 62.30% (6230/10000)

Train Epoch: 34 [10000/60000 (17%)]	Loss: 0.378623
Train Epoch: 34 [20000/60000 (33%)]	Loss: 0.358515
Train Epoch: 34 [30000/60000 (50%)]	Loss: 0.405370
Train Epoch: 34 [40000/60000 (67%)]	Loss: 0.419551
Train Epoch: 34 [50000/60000 (83%)]	Loss: 0.389337
Train Epoch: 34 [60000/60000 (100%)]	Loss: 0.421884

Average Training loss: 0.0039, Training Error Rate: 62.68% (37609/60000)


Average Test loss: 0.0004, Test Error Rate: 60.90% (6090/10000)

Train Epoch: 35 [10000/60000 (17%)]	Loss: 0.398953
Train Epoch: 35 [20000/60000 (33%)]	Loss: 0.339405
Train Epoch: 35 [30000/60000 (50%)]	Loss: 0.358668
Train Epoch: 35 [40000/60000 (67%)]	Loss: 0.390328
Train Epoch: 35 [50000/60000 (83%)]	Loss: 0.390201
Train Epoch: 35 [60000/60000 (100%)]	Loss: 0.384414

Average Training loss: 0.0039, Training Error Rate: 62.05% (37228/60000)


Average Test loss: 0.0004, Test Error Rate: 62.32% (6232/10000)

Train Epoch: 36 [10000/60000 (17%)]	Loss: 0.376934
Train Epoch: 36 [20000/60000 (33%)]	Loss: 0.380718
Train Epoch: 36 [30000/60000 (50%)]	Loss: 0.403805
Train Epoch: 36 [40000/60000 (67%)]	Loss: 0.359352
Train Epoch: 36 [50000/60000 (83%)]	Loss: 0.367032
Train Epoch: 36 [60000/60000 (100%)]	Loss: 0.380649

Average Training loss: 0.0039, Training Error Rate: 61.88% (37125/60000)


Average Test loss: 0.0004, Test Error Rate: 62.68% (6268/10000)

Train Epoch: 37 [10000/60000 (17%)]	Loss: 0.405733
Train Epoch: 37 [20000/60000 (33%)]	Loss: 0.380244
Train Epoch: 37 [30000/60000 (50%)]	Loss: 0.396765
Train Epoch: 37 [40000/60000 (67%)]	Loss: 0.346168
Train Epoch: 37 [50000/60000 (83%)]	Loss: 0.365776
Train Epoch: 37 [60000/60000 (100%)]	Loss: 0.370262

Average Training loss: 0.0038, Training Error Rate: 60.05% (36030/60000)


Average Test loss: 0.0004, Test Error Rate: 58.20% (5820/10000)

Train Epoch: 38 [10000/60000 (17%)]	Loss: 0.377574
Train Epoch: 38 [20000/60000 (33%)]	Loss: 0.367231
Train Epoch: 38 [30000/60000 (50%)]	Loss: 0.372347
Train Epoch: 38 [40000/60000 (67%)]	Loss: 0.357247
Train Epoch: 38 [50000/60000 (83%)]	Loss: 0.361235
Train Epoch: 38 [60000/60000 (100%)]	Loss: 0.356058

Average Training loss: 0.0037, Training Error Rate: 58.59% (35155/60000)


Average Test loss: 0.0004, Test Error Rate: 57.88% (5788/10000)

slurmstepd: error: *** STEP 15487348.14 ON cn650 CANCELLED AT 2023-09-29T10:14:33 ***
