/vast/home/ajherman/miniconda3/envs/pytorch/lib/python3.11/site-packages/torchvision/io/image.py:13: UserWarning: Failed to load image Python extension: '/vast/home/ajherman/miniconda3/envs/pytorch/lib/python3.11/site-packages/torchvision/image.so: undefined symbol: _ZN5torch3jit17parseSchemaOrNameERKNSt7__cxx1112basic_stringIcSt11char_traitsIcESaIcEEE'If you don't plan on using image functionality from `torchvision.io`, you can ignore this warning. Otherwise, there might be something wrong with your environment. Did you have `libjpeg` or `libpng` installed before building `torchvision` from source?
  warn(
Random seed set as 42
dt =  0.2340716616353513
trace decay =  0.5737534207374327
Random seed set as 42
Random seed set as 42
dt =  0.2340716616353513
trace decay =  0.5737534207374327
Random seed set as 42
Train Epoch: 0 [10000/60000 (17%)]	Loss: 0.416547
Train Epoch: 0 [20000/60000 (33%)]	Loss: 0.339947
Train Epoch: 0 [30000/60000 (50%)]	Loss: 0.311527
Train Epoch: 0 [40000/60000 (67%)]	Loss: 0.256937
Train Epoch: 0 [50000/60000 (83%)]	Loss: 0.244484
Train Epoch: 0 [60000/60000 (100%)]	Loss: 0.233245

Average Training loss: 0.0032, Training Error Rate: 38.96% (23374/60000)


Average Test loss: 0.0002, Test Error Rate: 21.42% (2142/10000)

Train Epoch: 1 [10000/60000 (17%)]	Loss: 0.189645
Train Epoch: 1 [20000/60000 (33%)]	Loss: 0.189531
Train Epoch: 1 [30000/60000 (50%)]	Loss: 0.171829
Train Epoch: 1 [40000/60000 (67%)]	Loss: 0.172636
Train Epoch: 1 [50000/60000 (83%)]	Loss: 0.188574
Train Epoch: 1 [60000/60000 (100%)]	Loss: 0.163521

Average Training loss: 0.0020, Training Error Rate: 19.42% (11652/60000)


Average Test loss: 0.0002, Test Error Rate: 16.31% (1631/10000)

Train Epoch: 2 [10000/60000 (17%)]	Loss: 0.190251
Train Epoch: 2 [20000/60000 (33%)]	Loss: 0.161036
Train Epoch: 2 [30000/60000 (50%)]	Loss: 0.144370
Train Epoch: 2 [40000/60000 (67%)]	Loss: 0.162323
Train Epoch: 2 [50000/60000 (83%)]	Loss: 0.190737
Train Epoch: 2 [60000/60000 (100%)]	Loss: 0.192164

Average Training loss: 0.0017, Training Error Rate: 16.10% (9660/60000)


Average Test loss: 0.0002, Test Error Rate: 14.19% (1419/10000)

Train Epoch: 3 [10000/60000 (17%)]	Loss: 0.149827
Train Epoch: 3 [20000/60000 (33%)]	Loss: 0.140694
Train Epoch: 3 [30000/60000 (50%)]	Loss: 0.128613
Train Epoch: 3 [40000/60000 (67%)]	Loss: 0.167444
Train Epoch: 3 [50000/60000 (83%)]	Loss: 0.149413
Train Epoch: 3 [60000/60000 (100%)]	Loss: 0.143436

Average Training loss: 0.0015, Training Error Rate: 14.61% (8765/60000)


Average Test loss: 0.0001, Test Error Rate: 12.79% (1279/10000)

Train Epoch: 4 [10000/60000 (17%)]	Loss: 0.144425
Train Epoch: 4 [20000/60000 (33%)]	Loss: 0.149463
Train Epoch: 4 [30000/60000 (50%)]	Loss: 0.154947
Train Epoch: 4 [40000/60000 (67%)]	Loss: 0.146484
Train Epoch: 4 [50000/60000 (83%)]	Loss: 0.148011
Train Epoch: 4 [60000/60000 (100%)]	Loss: 0.122370

Average Training loss: 0.0014, Training Error Rate: 13.58% (8149/60000)


Average Test loss: 0.0001, Test Error Rate: 12.30% (1230/10000)

Train Epoch: 5 [10000/60000 (17%)]	Loss: 0.119906
Train Epoch: 5 [20000/60000 (33%)]	Loss: 0.143412
Train Epoch: 5 [30000/60000 (50%)]	Loss: 0.110666
Train Epoch: 5 [40000/60000 (67%)]	Loss: 0.133688
Train Epoch: 5 [50000/60000 (83%)]	Loss: 0.130025
Train Epoch: 5 [60000/60000 (100%)]	Loss: 0.132996

Average Training loss: 0.0013, Training Error Rate: 12.84% (7703/60000)


Average Test loss: 0.0001, Test Error Rate: 11.74% (1174/10000)

Train Epoch: 6 [10000/60000 (17%)]	Loss: 0.129001
Train Epoch: 6 [20000/60000 (33%)]	Loss: 0.140671
Train Epoch: 6 [30000/60000 (50%)]	Loss: 0.087914
Train Epoch: 6 [40000/60000 (67%)]	Loss: 0.118314
Train Epoch: 6 [50000/60000 (83%)]	Loss: 0.119230
Train Epoch: 6 [60000/60000 (100%)]	Loss: 0.125258

Average Training loss: 0.0013, Training Error Rate: 12.37% (7424/60000)


Average Test loss: 0.0001, Test Error Rate: 11.52% (1152/10000)

Train Epoch: 7 [10000/60000 (17%)]	Loss: 0.109952
Train Epoch: 7 [20000/60000 (33%)]	Loss: 0.126892
Train Epoch: 7 [30000/60000 (50%)]	Loss: 0.093311
Train Epoch: 7 [40000/60000 (67%)]	Loss: 0.149556
Train Epoch: 7 [50000/60000 (83%)]	Loss: 0.108042
Train Epoch: 7 [60000/60000 (100%)]	Loss: 0.106598

Average Training loss: 0.0012, Training Error Rate: 12.02% (7211/60000)


Average Test loss: 0.0001, Test Error Rate: 10.79% (1079/10000)

Train Epoch: 8 [10000/60000 (17%)]	Loss: 0.109447
Train Epoch: 8 [20000/60000 (33%)]	Loss: 0.129781
Train Epoch: 8 [30000/60000 (50%)]	Loss: 0.096534
Train Epoch: 8 [40000/60000 (67%)]	Loss: 0.123867
Train Epoch: 8 [50000/60000 (83%)]	Loss: 0.119561
Train Epoch: 8 [60000/60000 (100%)]	Loss: 0.117493

Average Training loss: 0.0012, Training Error Rate: 11.68% (7006/60000)


Average Test loss: 0.0001, Test Error Rate: 10.56% (1056/10000)

Train Epoch: 9 [10000/60000 (17%)]	Loss: 0.133563
Train Epoch: 9 [20000/60000 (33%)]	Loss: 0.101590
Train Epoch: 9 [30000/60000 (50%)]	Loss: 0.141245
Train Epoch: 9 [40000/60000 (67%)]	Loss: 0.096317
Train Epoch: 9 [50000/60000 (83%)]	Loss: 0.111113
Train Epoch: 9 [60000/60000 (100%)]	Loss: 0.103171

Average Training loss: 0.0011, Training Error Rate: 11.26% (6756/60000)


Average Test loss: 0.0001, Test Error Rate: 10.24% (1024/10000)

Train Epoch: 10 [10000/60000 (17%)]	Loss: 0.081672
Train Epoch: 10 [20000/60000 (33%)]	Loss: 0.117601
Train Epoch: 10 [30000/60000 (50%)]	Loss: 0.104569
Train Epoch: 10 [40000/60000 (67%)]	Loss: 0.120835
Train Epoch: 10 [50000/60000 (83%)]	Loss: 0.118037
Train Epoch: 10 [60000/60000 (100%)]	Loss: 0.092527

Average Training loss: 0.0011, Training Error Rate: 11.03% (6616/60000)


Average Test loss: 0.0001, Test Error Rate: 10.20% (1020/10000)

Train Epoch: 11 [10000/60000 (17%)]	Loss: 0.102678
Train Epoch: 11 [20000/60000 (33%)]	Loss: 0.108207
Train Epoch: 11 [30000/60000 (50%)]	Loss: 0.096103
Train Epoch: 11 [40000/60000 (67%)]	Loss: 0.116208
Train Epoch: 11 [50000/60000 (83%)]	Loss: 0.109867
Train Epoch: 11 [60000/60000 (100%)]	Loss: 0.109924

Average Training loss: 0.0011, Training Error Rate: 10.76% (6453/60000)


Average Test loss: 0.0001, Test Error Rate: 9.99% (999/10000)

Train Epoch: 12 [10000/60000 (17%)]	Loss: 0.126777
Train Epoch: 12 [20000/60000 (33%)]	Loss: 0.118733
Train Epoch: 12 [30000/60000 (50%)]	Loss: 0.117688
Train Epoch: 12 [40000/60000 (67%)]	Loss: 0.087549
Train Epoch: 12 [50000/60000 (83%)]	Loss: 0.095341
Train Epoch: 12 [60000/60000 (100%)]	Loss: 0.104182

Average Training loss: 0.0011, Training Error Rate: 10.66% (6399/60000)


Average Test loss: 0.0001, Test Error Rate: 9.91% (991/10000)

Train Epoch: 13 [10000/60000 (17%)]	Loss: 0.103251
Train Epoch: 13 [20000/60000 (33%)]	Loss: 0.082418
Train Epoch: 13 [30000/60000 (50%)]	Loss: 0.082925
Train Epoch: 13 [40000/60000 (67%)]	Loss: 0.117972
Train Epoch: 13 [50000/60000 (83%)]	Loss: 0.109783
Train Epoch: 13 [60000/60000 (100%)]	Loss: 0.078347

Average Training loss: 0.0010, Training Error Rate: 10.38% (6230/60000)


Average Test loss: 0.0001, Test Error Rate: 9.62% (962/10000)

Train Epoch: 14 [10000/60000 (17%)]	Loss: 0.089525
Train Epoch: 14 [20000/60000 (33%)]	Loss: 0.112781
Train Epoch: 14 [30000/60000 (50%)]	Loss: 0.122226
Train Epoch: 14 [40000/60000 (67%)]	Loss: 0.108420
Train Epoch: 14 [50000/60000 (83%)]	Loss: 0.119189
Train Epoch: 14 [60000/60000 (100%)]	Loss: 0.104323

Average Training loss: 0.0010, Training Error Rate: 10.16% (6099/60000)


Average Test loss: 0.0001, Test Error Rate: 9.34% (934/10000)

Train Epoch: 15 [10000/60000 (17%)]	Loss: 0.081712
Train Epoch: 15 [20000/60000 (33%)]	Loss: 0.107562
Train Epoch: 15 [30000/60000 (50%)]	Loss: 0.109694
Train Epoch: 15 [40000/60000 (67%)]	Loss: 0.119690
Train Epoch: 15 [50000/60000 (83%)]	Loss: 0.098301
Train Epoch: 15 [60000/60000 (100%)]	Loss: 0.075664

Average Training loss: 0.0010, Training Error Rate: 10.04% (6027/60000)


Average Test loss: 0.0001, Test Error Rate: 9.59% (959/10000)

Train Epoch: 16 [10000/60000 (17%)]	Loss: 0.120458
Train Epoch: 16 [20000/60000 (33%)]	Loss: 0.092749
Train Epoch: 16 [30000/60000 (50%)]	Loss: 0.093727
Train Epoch: 16 [40000/60000 (67%)]	Loss: 0.115511
Train Epoch: 16 [50000/60000 (83%)]	Loss: 0.089210
Train Epoch: 16 [60000/60000 (100%)]	Loss: 0.123381

Average Training loss: 0.0010, Training Error Rate: 9.86% (5915/60000)


Average Test loss: 0.0001, Test Error Rate: 9.16% (916/10000)

Train Epoch: 17 [10000/60000 (17%)]	Loss: 0.105575
Train Epoch: 17 [20000/60000 (33%)]	Loss: 0.110226
Train Epoch: 17 [30000/60000 (50%)]	Loss: 0.083938
Train Epoch: 17 [40000/60000 (67%)]	Loss: 0.101577
Train Epoch: 17 [50000/60000 (83%)]	Loss: 0.072917
Train Epoch: 17 [60000/60000 (100%)]	Loss: 0.080816

Average Training loss: 0.0010, Training Error Rate: 9.80% (5878/60000)


Average Test loss: 0.0001, Test Error Rate: 9.09% (909/10000)

Train Epoch: 18 [10000/60000 (17%)]	Loss: 0.104038
Train Epoch: 18 [20000/60000 (33%)]	Loss: 0.081714
Train Epoch: 18 [30000/60000 (50%)]	Loss: 0.100002
Train Epoch: 18 [40000/60000 (67%)]	Loss: 0.118081
Train Epoch: 18 [50000/60000 (83%)]	Loss: 0.091044
Train Epoch: 18 [60000/60000 (100%)]	Loss: 0.107690

Average Training loss: 0.0010, Training Error Rate: 9.62% (5771/60000)


Average Test loss: 0.0001, Test Error Rate: 9.03% (903/10000)

Train Epoch: 19 [10000/60000 (17%)]	Loss: 0.100814
Train Epoch: 19 [20000/60000 (33%)]	Loss: 0.118588
Train Epoch: 19 [30000/60000 (50%)]	Loss: 0.086552
Train Epoch: 19 [40000/60000 (67%)]	Loss: 0.086491
Train Epoch: 19 [50000/60000 (83%)]	Loss: 0.093435
Train Epoch: 19 [60000/60000 (100%)]	Loss: 0.062693

Average Training loss: 0.0009, Training Error Rate: 9.53% (5719/60000)


Average Test loss: 0.0001, Test Error Rate: 8.83% (883/10000)

Train Epoch: 20 [10000/60000 (17%)]	Loss: 0.118132
Train Epoch: 20 [20000/60000 (33%)]	Loss: 0.103770
Train Epoch: 20 [30000/60000 (50%)]	Loss: 0.105722
Train Epoch: 20 [40000/60000 (67%)]	Loss: 0.104141
Train Epoch: 20 [50000/60000 (83%)]	Loss: 0.085642
Train Epoch: 20 [60000/60000 (100%)]	Loss: 0.083434

Average Training loss: 0.0009, Training Error Rate: 9.39% (5633/60000)


Average Test loss: 0.0001, Test Error Rate: 8.50% (850/10000)

Train Epoch: 21 [10000/60000 (17%)]	Loss: 0.107163
Train Epoch: 21 [20000/60000 (33%)]	Loss: 0.094829
Train Epoch: 21 [30000/60000 (50%)]	Loss: 0.082806
Train Epoch: 21 [40000/60000 (67%)]	Loss: 0.093051
Train Epoch: 21 [50000/60000 (83%)]	Loss: 0.084632
Train Epoch: 21 [60000/60000 (100%)]	Loss: 0.078413

Average Training loss: 0.0009, Training Error Rate: 9.39% (5636/60000)


Average Test loss: 0.0001, Test Error Rate: 8.73% (873/10000)

Train Epoch: 22 [10000/60000 (17%)]	Loss: 0.082861
Train Epoch: 22 [20000/60000 (33%)]	Loss: 0.104363
Train Epoch: 22 [30000/60000 (50%)]	Loss: 0.085170
Train Epoch: 22 [40000/60000 (67%)]	Loss: 0.108393
Train Epoch: 22 [50000/60000 (83%)]	Loss: 0.094072
Train Epoch: 22 [60000/60000 (100%)]	Loss: 0.100560

Average Training loss: 0.0009, Training Error Rate: 9.08% (5448/60000)


Average Test loss: 0.0001, Test Error Rate: 8.40% (840/10000)

Train Epoch: 23 [10000/60000 (17%)]	Loss: 0.116262
Train Epoch: 23 [20000/60000 (33%)]	Loss: 0.087860
Train Epoch: 23 [30000/60000 (50%)]	Loss: 0.100166
Train Epoch: 23 [40000/60000 (67%)]	Loss: 0.108536
Train Epoch: 23 [50000/60000 (83%)]	Loss: 0.073491
Train Epoch: 23 [60000/60000 (100%)]	Loss: 0.080252

Average Training loss: 0.0009, Training Error Rate: 8.97% (5382/60000)


Average Test loss: 0.0001, Test Error Rate: 8.45% (845/10000)

Train Epoch: 24 [10000/60000 (17%)]	Loss: 0.080317
Train Epoch: 24 [20000/60000 (33%)]	Loss: 0.077363
Train Epoch: 24 [30000/60000 (50%)]	Loss: 0.064578
Train Epoch: 24 [40000/60000 (67%)]	Loss: 0.120147
Train Epoch: 24 [50000/60000 (83%)]	Loss: 0.107194
Train Epoch: 24 [60000/60000 (100%)]	Loss: 0.093151

Average Training loss: 0.0009, Training Error Rate: 8.95% (5369/60000)


Average Test loss: 0.0001, Test Error Rate: 8.06% (806/10000)

Train Epoch: 25 [10000/60000 (17%)]	Loss: 0.090158
Train Epoch: 25 [20000/60000 (33%)]	Loss: 0.086099
Train Epoch: 25 [30000/60000 (50%)]	Loss: 0.051591
Train Epoch: 25 [40000/60000 (67%)]	Loss: 0.075169
Train Epoch: 25 [50000/60000 (83%)]	Loss: 0.081327
Train Epoch: 25 [60000/60000 (100%)]	Loss: 0.089292

Average Training loss: 0.0009, Training Error Rate: 8.80% (5282/60000)


Average Test loss: 0.0001, Test Error Rate: 8.20% (820/10000)

Train Epoch: 26 [10000/60000 (17%)]	Loss: 0.100325
Train Epoch: 26 [20000/60000 (33%)]	Loss: 0.103328
Train Epoch: 26 [30000/60000 (50%)]	Loss: 0.103937
Train Epoch: 26 [40000/60000 (67%)]	Loss: 0.073785
Train Epoch: 26 [50000/60000 (83%)]	Loss: 0.101513
Train Epoch: 26 [60000/60000 (100%)]	Loss: 0.095786

Average Training loss: 0.0008, Training Error Rate: 8.73% (5238/60000)


Average Test loss: 0.0001, Test Error Rate: 8.04% (804/10000)

Train Epoch: 27 [10000/60000 (17%)]	Loss: 0.097441
Train Epoch: 27 [20000/60000 (33%)]	Loss: 0.065473
Train Epoch: 27 [30000/60000 (50%)]	Loss: 0.075025
Train Epoch: 27 [40000/60000 (67%)]	Loss: 0.087036
Train Epoch: 27 [50000/60000 (83%)]	Loss: 0.065708
Train Epoch: 27 [60000/60000 (100%)]	Loss: 0.086705

Average Training loss: 0.0008, Training Error Rate: 8.63% (5180/60000)


Average Test loss: 0.0001, Test Error Rate: 8.04% (804/10000)

Train Epoch: 28 [10000/60000 (17%)]	Loss: 0.083618
Train Epoch: 28 [20000/60000 (33%)]	Loss: 0.080341
Train Epoch: 28 [30000/60000 (50%)]	Loss: 0.074324
Train Epoch: 28 [40000/60000 (67%)]	Loss: 0.092930
Train Epoch: 28 [50000/60000 (83%)]	Loss: 0.068507
Train Epoch: 28 [60000/60000 (100%)]	Loss: 0.108854

Average Training loss: 0.0008, Training Error Rate: 8.54% (5123/60000)


Average Test loss: 0.0001, Test Error Rate: 7.79% (779/10000)

Train Epoch: 29 [10000/60000 (17%)]	Loss: 0.096656
Train Epoch: 29 [20000/60000 (33%)]	Loss: 0.080710
Train Epoch: 29 [30000/60000 (50%)]	Loss: 0.072454
Train Epoch: 29 [40000/60000 (67%)]	Loss: 0.093277
Train Epoch: 29 [50000/60000 (83%)]	Loss: 0.094008
Train Epoch: 29 [60000/60000 (100%)]	Loss: 0.088244

Average Training loss: 0.0008, Training Error Rate: 8.50% (5099/60000)


Average Test loss: 0.0001, Test Error Rate: 7.81% (781/10000)

Train Epoch: 30 [10000/60000 (17%)]	Loss: 0.088951
Train Epoch: 30 [20000/60000 (33%)]	Loss: 0.081758
Train Epoch: 30 [30000/60000 (50%)]	Loss: 0.074062
Train Epoch: 30 [40000/60000 (67%)]	Loss: 0.109123
Train Epoch: 30 [50000/60000 (83%)]	Loss: 0.104482
Train Epoch: 30 [60000/60000 (100%)]	Loss: 0.112546

Average Training loss: 0.0008, Training Error Rate: 8.38% (5026/60000)


Average Test loss: 0.0001, Test Error Rate: 7.86% (786/10000)

Train Epoch: 31 [10000/60000 (17%)]	Loss: 0.076450
Train Epoch: 31 [20000/60000 (33%)]	Loss: 0.084250
Train Epoch: 31 [30000/60000 (50%)]	Loss: 0.064712
Train Epoch: 31 [40000/60000 (67%)]	Loss: 0.076999
Train Epoch: 31 [50000/60000 (83%)]	Loss: 0.073600
Train Epoch: 31 [60000/60000 (100%)]	Loss: 0.079740

Average Training loss: 0.0008, Training Error Rate: 8.27% (4959/60000)


Average Test loss: 0.0001, Test Error Rate: 7.67% (767/10000)

Train Epoch: 32 [10000/60000 (17%)]	Loss: 0.055975
Train Epoch: 32 [20000/60000 (33%)]	Loss: 0.074147
Train Epoch: 32 [30000/60000 (50%)]	Loss: 0.064425
Train Epoch: 32 [40000/60000 (67%)]	Loss: 0.099939
Train Epoch: 32 [50000/60000 (83%)]	Loss: 0.101097
Train Epoch: 32 [60000/60000 (100%)]	Loss: 0.079434

Average Training loss: 0.0008, Training Error Rate: 8.15% (4892/60000)


Average Test loss: 0.0001, Test Error Rate: 7.83% (783/10000)

Train Epoch: 33 [10000/60000 (17%)]	Loss: 0.083950
Train Epoch: 33 [20000/60000 (33%)]	Loss: 0.084438
Train Epoch: 33 [30000/60000 (50%)]	Loss: 0.085280
Train Epoch: 33 [40000/60000 (67%)]	Loss: 0.069953
Train Epoch: 33 [50000/60000 (83%)]	Loss: 0.069770
Train Epoch: 33 [60000/60000 (100%)]	Loss: 0.095301

Average Training loss: 0.0008, Training Error Rate: 8.14% (4882/60000)


Average Test loss: 0.0001, Test Error Rate: 7.44% (744/10000)

Train Epoch: 34 [10000/60000 (17%)]	Loss: 0.040453
Train Epoch: 34 [20000/60000 (33%)]	Loss: 0.055487
Train Epoch: 34 [30000/60000 (50%)]	Loss: 0.076550
Train Epoch: 34 [40000/60000 (67%)]	Loss: 0.074584
Train Epoch: 34 [50000/60000 (83%)]	Loss: 0.083942
Train Epoch: 34 [60000/60000 (100%)]	Loss: 0.070454

Average Training loss: 0.0008, Training Error Rate: 7.95% (4768/60000)


Average Test loss: 0.0001, Test Error Rate: 7.45% (745/10000)

Train Epoch: 35 [10000/60000 (17%)]	Loss: 0.109982
Train Epoch: 35 [20000/60000 (33%)]	Loss: 0.058946
Train Epoch: 35 [30000/60000 (50%)]	Loss: 0.076747
Train Epoch: 35 [40000/60000 (67%)]	Loss: 0.059645
Train Epoch: 35 [50000/60000 (83%)]	Loss: 0.072207
Train Epoch: 35 [60000/60000 (100%)]	Loss: 0.063683

Average Training loss: 0.0008, Training Error Rate: 7.95% (4767/60000)


Average Test loss: 0.0001, Test Error Rate: 7.62% (762/10000)

Train Epoch: 36 [10000/60000 (17%)]	Loss: 0.100517
Train Epoch: 36 [20000/60000 (33%)]	Loss: 0.060678
Train Epoch: 36 [30000/60000 (50%)]	Loss: 0.075319
Train Epoch: 36 [40000/60000 (67%)]	Loss: 0.067912
Train Epoch: 36 [50000/60000 (83%)]	Loss: 0.069030
Train Epoch: 36 [60000/60000 (100%)]	Loss: 0.081192

Average Training loss: 0.0008, Training Error Rate: 7.87% (4720/60000)


Average Test loss: 0.0001, Test Error Rate: 7.39% (739/10000)

Train Epoch: 37 [10000/60000 (17%)]	Loss: 0.069533
Train Epoch: 37 [20000/60000 (33%)]	Loss: 0.077481
Train Epoch: 37 [30000/60000 (50%)]	Loss: 0.101200
Train Epoch: 37 [40000/60000 (67%)]	Loss: 0.058697
Train Epoch: 37 [50000/60000 (83%)]	Loss: 0.074689
Train Epoch: 37 [60000/60000 (100%)]	Loss: 0.096981

Average Training loss: 0.0008, Training Error Rate: 7.82% (4689/60000)


Average Test loss: 0.0001, Test Error Rate: 7.45% (745/10000)

Train Epoch: 38 [10000/60000 (17%)]	Loss: 0.059121
Train Epoch: 38 [20000/60000 (33%)]	Loss: 0.091234
Train Epoch: 38 [30000/60000 (50%)]	Loss: 0.077041
Train Epoch: 38 [40000/60000 (67%)]	Loss: 0.046702
Train Epoch: 38 [50000/60000 (83%)]	Loss: 0.077262
Train Epoch: 38 [60000/60000 (100%)]	Loss: 0.097868

Average Training loss: 0.0007, Training Error Rate: 7.73% (4639/60000)


Average Test loss: 0.0001, Test Error Rate: 7.26% (726/10000)

Train Epoch: 39 [10000/60000 (17%)]	Loss: 0.070631
Train Epoch: 39 [20000/60000 (33%)]	Loss: 0.091198
Train Epoch: 39 [30000/60000 (50%)]	Loss: 0.064816
Train Epoch: 39 [40000/60000 (67%)]	Loss: 0.070896
Train Epoch: 39 [50000/60000 (83%)]	Loss: 0.063684
Train Epoch: 39 [60000/60000 (100%)]	Loss: 0.089481

Average Training loss: 0.0007, Training Error Rate: 7.67% (4604/60000)


Average Test loss: 0.0001, Test Error Rate: 7.21% (721/10000)

Train Epoch: 40 [10000/60000 (17%)]	Loss: 0.052479
Train Epoch: 40 [20000/60000 (33%)]	Loss: 0.077593
Train Epoch: 40 [30000/60000 (50%)]	Loss: 0.037988
Train Epoch: 40 [40000/60000 (67%)]	Loss: 0.070305
Train Epoch: 40 [50000/60000 (83%)]	Loss: 0.065803
Train Epoch: 40 [60000/60000 (100%)]	Loss: 0.092892

Average Training loss: 0.0007, Training Error Rate: 7.62% (4573/60000)


Average Test loss: 0.0001, Test Error Rate: 7.02% (702/10000)

Train Epoch: 41 [10000/60000 (17%)]	Loss: 0.062607
Train Epoch: 41 [20000/60000 (33%)]	Loss: 0.053580
Train Epoch: 41 [30000/60000 (50%)]	Loss: 0.070137
Train Epoch: 41 [40000/60000 (67%)]	Loss: 0.071939
Train Epoch: 41 [50000/60000 (83%)]	Loss: 0.086588
Train Epoch: 41 [60000/60000 (100%)]	Loss: 0.071274

Average Training loss: 0.0007, Training Error Rate: 7.56% (4535/60000)


Average Test loss: 0.0001, Test Error Rate: 7.19% (719/10000)

Train Epoch: 42 [10000/60000 (17%)]	Loss: 0.067580
Train Epoch: 42 [20000/60000 (33%)]	Loss: 0.070713
Train Epoch: 42 [30000/60000 (50%)]	Loss: 0.090025
Train Epoch: 42 [40000/60000 (67%)]	Loss: 0.091980
Train Epoch: 42 [50000/60000 (83%)]	Loss: 0.068411
Train Epoch: 42 [60000/60000 (100%)]	Loss: 0.064965

Average Training loss: 0.0007, Training Error Rate: 7.44% (4463/60000)


Average Test loss: 0.0001, Test Error Rate: 7.16% (716/10000)

Train Epoch: 43 [10000/60000 (17%)]	Loss: 0.073370
Train Epoch: 43 [20000/60000 (33%)]	Loss: 0.077304
Train Epoch: 43 [30000/60000 (50%)]	Loss: 0.073905
Train Epoch: 43 [40000/60000 (67%)]	Loss: 0.080331
Train Epoch: 43 [50000/60000 (83%)]	Loss: 0.076258
Train Epoch: 43 [60000/60000 (100%)]	Loss: 0.064952

Average Training loss: 0.0007, Training Error Rate: 7.37% (4421/60000)


Average Test loss: 0.0001, Test Error Rate: 7.12% (712/10000)

Train Epoch: 44 [10000/60000 (17%)]	Loss: 0.090586
Train Epoch: 44 [20000/60000 (33%)]	Loss: 0.070818
Train Epoch: 44 [30000/60000 (50%)]	Loss: 0.075002
Train Epoch: 44 [40000/60000 (67%)]	Loss: 0.110838
Train Epoch: 44 [50000/60000 (83%)]	Loss: 0.088642
Train Epoch: 44 [60000/60000 (100%)]	Loss: 0.076087

Average Training loss: 0.0007, Training Error Rate: 7.47% (4483/60000)


Average Test loss: 0.0001, Test Error Rate: 7.07% (707/10000)

Train Epoch: 45 [10000/60000 (17%)]	Loss: 0.052265
Train Epoch: 45 [20000/60000 (33%)]	Loss: 0.051848
Train Epoch: 45 [30000/60000 (50%)]	Loss: 0.072306
Train Epoch: 45 [40000/60000 (67%)]	Loss: 0.064704
Train Epoch: 45 [50000/60000 (83%)]	Loss: 0.063114
Train Epoch: 45 [60000/60000 (100%)]	Loss: 0.060231

Average Training loss: 0.0007, Training Error Rate: 7.33% (4401/60000)


Average Test loss: 0.0001, Test Error Rate: 7.05% (705/10000)

Train Epoch: 46 [10000/60000 (17%)]	Loss: 0.067408
Train Epoch: 46 [20000/60000 (33%)]	Loss: 0.082307
Train Epoch: 46 [30000/60000 (50%)]	Loss: 0.055523
Train Epoch: 46 [40000/60000 (67%)]	Loss: 0.094975
Train Epoch: 46 [50000/60000 (83%)]	Loss: 0.075597
Train Epoch: 46 [60000/60000 (100%)]	Loss: 0.047531

Average Training loss: 0.0007, Training Error Rate: 7.24% (4344/60000)


Average Test loss: 0.0001, Test Error Rate: 6.82% (682/10000)

Train Epoch: 47 [10000/60000 (17%)]	Loss: 0.075382
Train Epoch: 47 [20000/60000 (33%)]	Loss: 0.062493
Train Epoch: 47 [30000/60000 (50%)]	Loss: 0.112610
Train Epoch: 47 [40000/60000 (67%)]	Loss: 0.075578
Train Epoch: 47 [50000/60000 (83%)]	Loss: 0.064892
Train Epoch: 47 [60000/60000 (100%)]	Loss: 0.097907

Average Training loss: 0.0007, Training Error Rate: 7.29% (4376/60000)


Average Test loss: 0.0001, Test Error Rate: 6.65% (665/10000)

Train Epoch: 48 [10000/60000 (17%)]	Loss: 0.071039
Train Epoch: 48 [20000/60000 (33%)]	Loss: 0.083161
Train Epoch: 48 [30000/60000 (50%)]	Loss: 0.062929
Train Epoch: 48 [40000/60000 (67%)]	Loss: 0.083545
Train Epoch: 48 [50000/60000 (83%)]	Loss: 0.072973
Train Epoch: 48 [60000/60000 (100%)]	Loss: 0.074274

Average Training loss: 0.0007, Training Error Rate: 7.07% (4243/60000)


Average Test loss: 0.0001, Test Error Rate: 6.63% (663/10000)

Train Epoch: 49 [10000/60000 (17%)]	Loss: 0.068005
Train Epoch: 49 [20000/60000 (33%)]	Loss: 0.081467
Train Epoch: 49 [30000/60000 (50%)]	Loss: 0.068526
Train Epoch: 49 [40000/60000 (67%)]	Loss: 0.061039
Train Epoch: 49 [50000/60000 (83%)]	Loss: 0.041821
Train Epoch: 49 [60000/60000 (100%)]	Loss: 0.058121

Average Training loss: 0.0007, Training Error Rate: 7.07% (4244/60000)


Average Test loss: 0.0001, Test Error Rate: 6.96% (696/10000)

Train Epoch: 50 [10000/60000 (17%)]	Loss: 0.063462
Train Epoch: 50 [20000/60000 (33%)]	Loss: 0.049917
Train Epoch: 50 [30000/60000 (50%)]	Loss: 0.068007
Train Epoch: 50 [40000/60000 (67%)]	Loss: 0.073840
Train Epoch: 50 [50000/60000 (83%)]	Loss: 0.085276
Train Epoch: 50 [60000/60000 (100%)]	Loss: 0.093849

Average Training loss: 0.0007, Training Error Rate: 7.03% (4219/60000)


Average Test loss: 0.0001, Test Error Rate: 6.77% (677/10000)

Train Epoch: 51 [10000/60000 (17%)]	Loss: 0.082737
Train Epoch: 51 [20000/60000 (33%)]	Loss: 0.055153
Train Epoch: 51 [30000/60000 (50%)]	Loss: 0.064159
Train Epoch: 51 [40000/60000 (67%)]	Loss: 0.078286
Train Epoch: 51 [50000/60000 (83%)]	Loss: 0.061453
Train Epoch: 51 [60000/60000 (100%)]	Loss: 0.047998

Average Training loss: 0.0007, Training Error Rate: 6.97% (4183/60000)


Average Test loss: 0.0001, Test Error Rate: 6.79% (679/10000)

Train Epoch: 52 [10000/60000 (17%)]	Loss: 0.081226
Train Epoch: 52 [20000/60000 (33%)]	Loss: 0.061586
Train Epoch: 52 [30000/60000 (50%)]	Loss: 0.078153
Train Epoch: 52 [40000/60000 (67%)]	Loss: 0.093302
Train Epoch: 52 [50000/60000 (83%)]	Loss: 0.071405
Train Epoch: 52 [60000/60000 (100%)]	Loss: 0.067774

Average Training loss: 0.0007, Training Error Rate: 6.90% (4138/60000)


Average Test loss: 0.0001, Test Error Rate: 6.66% (666/10000)

Train Epoch: 53 [10000/60000 (17%)]	Loss: 0.061470
Train Epoch: 53 [20000/60000 (33%)]	Loss: 0.064110
Train Epoch: 53 [30000/60000 (50%)]	Loss: 0.062876
Train Epoch: 53 [40000/60000 (67%)]	Loss: 0.062923
Train Epoch: 53 [50000/60000 (83%)]	Loss: 0.098867
Train Epoch: 53 [60000/60000 (100%)]	Loss: 0.071838

Average Training loss: 0.0007, Training Error Rate: 6.87% (4121/60000)


Average Test loss: 0.0001, Test Error Rate: 6.60% (660/10000)

Train Epoch: 54 [10000/60000 (17%)]	Loss: 0.073869
Train Epoch: 54 [20000/60000 (33%)]	Loss: 0.060508
Train Epoch: 54 [30000/60000 (50%)]	Loss: 0.059462
Train Epoch: 54 [40000/60000 (67%)]	Loss: 0.062970
Train Epoch: 54 [50000/60000 (83%)]	Loss: 0.057416
Train Epoch: 54 [60000/60000 (100%)]	Loss: 0.036053

Average Training loss: 0.0007, Training Error Rate: 6.90% (4141/60000)


Average Test loss: 0.0001, Test Error Rate: 6.78% (678/10000)

Train Epoch: 55 [10000/60000 (17%)]	Loss: 0.057889
Train Epoch: 55 [20000/60000 (33%)]	Loss: 0.056766
Train Epoch: 55 [30000/60000 (50%)]	Loss: 0.057299
Train Epoch: 55 [40000/60000 (67%)]	Loss: 0.045225
Train Epoch: 55 [50000/60000 (83%)]	Loss: 0.054339
Train Epoch: 55 [60000/60000 (100%)]	Loss: 0.088780

Average Training loss: 0.0007, Training Error Rate: 6.79% (4076/60000)


Average Test loss: 0.0001, Test Error Rate: 6.44% (644/10000)

Train Epoch: 56 [10000/60000 (17%)]	Loss: 0.059306
Train Epoch: 56 [20000/60000 (33%)]	Loss: 0.052454
Train Epoch: 56 [30000/60000 (50%)]	Loss: 0.077708
Train Epoch: 56 [40000/60000 (67%)]	Loss: 0.067689
Train Epoch: 56 [50000/60000 (83%)]	Loss: 0.094274
Train Epoch: 56 [60000/60000 (100%)]	Loss: 0.075774

Average Training loss: 0.0006, Training Error Rate: 6.81% (4086/60000)


Average Test loss: 0.0001, Test Error Rate: 6.43% (643/10000)

Train Epoch: 57 [10000/60000 (17%)]	Loss: 0.048216
Train Epoch: 57 [20000/60000 (33%)]	Loss: 0.068488
Train Epoch: 57 [30000/60000 (50%)]	Loss: 0.059173
Train Epoch: 57 [40000/60000 (67%)]	Loss: 0.069292
Train Epoch: 57 [50000/60000 (83%)]	Loss: 0.069131
Train Epoch: 57 [60000/60000 (100%)]	Loss: 0.053338

Average Training loss: 0.0006, Training Error Rate: 6.66% (3998/60000)


Average Test loss: 0.0001, Test Error Rate: 6.65% (665/10000)

Train Epoch: 58 [10000/60000 (17%)]	Loss: 0.066525
Train Epoch: 58 [20000/60000 (33%)]	Loss: 0.077783
Train Epoch: 58 [30000/60000 (50%)]	Loss: 0.054844
Train Epoch: 58 [40000/60000 (67%)]	Loss: 0.050226
Train Epoch: 58 [50000/60000 (83%)]	Loss: 0.070801
Train Epoch: 58 [60000/60000 (100%)]	Loss: 0.068679

Average Training loss: 0.0006, Training Error Rate: 6.61% (3966/60000)


Average Test loss: 0.0001, Test Error Rate: 6.60% (660/10000)

Train Epoch: 59 [10000/60000 (17%)]	Loss: 0.055313
Train Epoch: 59 [20000/60000 (33%)]	Loss: 0.077727
slurmstepd: error: *** STEP 15487348.1 ON cn650 CANCELLED AT 2023-09-29T10:14:33 ***
