/vast/home/ajherman/miniconda3/envs/pytorch/lib/python3.11/site-packages/torchvision/io/image.py:13: UserWarning: Failed to load image Python extension: '/vast/home/ajherman/miniconda3/envs/pytorch/lib/python3.11/site-packages/torchvision/image.so: undefined symbol: _ZN5torch3jit17parseSchemaOrNameERKNSt7__cxx1112basic_stringIcSt11char_traitsIcESaIcEEE'If you don't plan on using image functionality from `torchvision.io`, you can ignore this warning. Otherwise, there might be something wrong with your environment. Did you have `libjpeg` or `libpng` installed before building `torchvision` from source?
  warn(
Random seed set as 42
dt =  0.5506710358827784
trace decay =  0.20189651799465544
Random seed set as 42
Random seed set as 42
dt =  0.5506710358827784
trace decay =  0.20189651799465544
Random seed set as 42
Train Epoch: 0 [20000/60000 (33%)]	Loss: 0.475663
Train Epoch: 0 [40000/60000 (67%)]	Loss: 0.476690
Train Epoch: 0 [60000/60000 (100%)]	Loss: 0.489745

Average Training loss: 0.0024, Training Error Rate: 82.08% (49250/60000)


Average Test loss: 0.0005, Test Error Rate: 72.51% (7251/10000)

Train Epoch: 1 [20000/60000 (33%)]	Loss: 0.480309
Train Epoch: 1 [40000/60000 (67%)]	Loss: 0.536005
Train Epoch: 1 [60000/60000 (100%)]	Loss: 1.005217

Average Training loss: 0.0029, Training Error Rate: 63.26% (37956/60000)


Average Test loss: 0.0010, Test Error Rate: 66.01% (6601/10000)

Train Epoch: 2 [20000/60000 (33%)]	Loss: 0.970085
Train Epoch: 2 [40000/60000 (67%)]	Loss: 0.888884
Train Epoch: 2 [60000/60000 (100%)]	Loss: 0.973845

Average Training loss: 0.0048, Training Error Rate: 63.70% (38223/60000)


Average Test loss: 0.0010, Test Error Rate: 60.09% (6009/10000)

Train Epoch: 3 [20000/60000 (33%)]	Loss: 1.131196
Train Epoch: 3 [40000/60000 (67%)]	Loss: 1.250943
Train Epoch: 3 [60000/60000 (100%)]	Loss: 1.335522

Average Training loss: 0.0059, Training Error Rate: 65.65% (39389/60000)


Average Test loss: 0.0013, Test Error Rate: 66.62% (6662/10000)

Train Epoch: 4 [20000/60000 (33%)]	Loss: 1.441919
Train Epoch: 4 [40000/60000 (67%)]	Loss: 1.283883
Train Epoch: 4 [60000/60000 (100%)]	Loss: 0.956890

Average Training loss: 0.0065, Training Error Rate: 64.58% (38747/60000)


Average Test loss: 0.0010, Test Error Rate: 55.44% (5544/10000)

Train Epoch: 5 [20000/60000 (33%)]	Loss: 1.005430
Train Epoch: 5 [40000/60000 (67%)]	Loss: 1.060555
Train Epoch: 5 [60000/60000 (100%)]	Loss: 1.092803

Average Training loss: 0.0052, Training Error Rate: 59.40% (35637/60000)


Average Test loss: 0.0010, Test Error Rate: 63.19% (6319/10000)

Train Epoch: 6 [20000/60000 (33%)]	Loss: 1.126157
Train Epoch: 6 [40000/60000 (67%)]	Loss: 1.095738
Train Epoch: 6 [60000/60000 (100%)]	Loss: 1.149698

Average Training loss: 0.0055, Training Error Rate: 68.62% (41173/60000)


Average Test loss: 0.0011, Test Error Rate: 69.31% (6931/10000)

Train Epoch: 7 [20000/60000 (33%)]	Loss: 1.068754
Train Epoch: 7 [40000/60000 (67%)]	Loss: 1.078884
Train Epoch: 7 [60000/60000 (100%)]	Loss: 1.164611

Average Training loss: 0.0055, Training Error Rate: 69.97% (41980/60000)


Average Test loss: 0.0012, Test Error Rate: 68.67% (6867/10000)

Train Epoch: 8 [20000/60000 (33%)]	Loss: 1.467097
Train Epoch: 8 [40000/60000 (67%)]	Loss: 1.471934
Train Epoch: 8 [60000/60000 (100%)]	Loss: 1.530280

Average Training loss: 0.0072, Training Error Rate: 72.24% (43342/60000)


Average Test loss: 0.0015, Test Error Rate: 72.24% (7224/10000)

Train Epoch: 9 [20000/60000 (33%)]	Loss: 1.420740
Train Epoch: 9 [40000/60000 (67%)]	Loss: 1.431417
Train Epoch: 9 [60000/60000 (100%)]	Loss: 1.311984

Average Training loss: 0.0070, Training Error Rate: 69.43% (41657/60000)


Average Test loss: 0.0013, Test Error Rate: 66.45% (6645/10000)

Train Epoch: 10 [20000/60000 (33%)]	Loss: 1.169769
Train Epoch: 10 [40000/60000 (67%)]	Loss: 1.328237
Train Epoch: 10 [60000/60000 (100%)]	Loss: 1.337771

Average Training loss: 0.0064, Training Error Rate: 63.13% (37876/60000)


Average Test loss: 0.0013, Test Error Rate: 62.00% (6200/10000)

Train Epoch: 11 [20000/60000 (33%)]	Loss: 1.355501
Train Epoch: 11 [40000/60000 (67%)]	Loss: 1.568347
Train Epoch: 11 [60000/60000 (100%)]	Loss: 1.434762

Average Training loss: 0.0073, Training Error Rate: 67.65% (40589/60000)


Average Test loss: 0.0015, Test Error Rate: 67.65% (6765/10000)

Train Epoch: 12 [20000/60000 (33%)]	Loss: 1.517999
Train Epoch: 12 [40000/60000 (67%)]	Loss: 1.647883
Train Epoch: 12 [60000/60000 (100%)]	Loss: 1.610278

Average Training loss: 0.0077, Training Error Rate: 70.29% (42172/60000)


Average Test loss: 0.0015, Test Error Rate: 69.75% (6975/10000)

Train Epoch: 13 [20000/60000 (33%)]	Loss: 1.341579
Train Epoch: 13 [40000/60000 (67%)]	Loss: 1.227527
Train Epoch: 13 [60000/60000 (100%)]	Loss: 1.156763

Average Training loss: 0.0065, Training Error Rate: 70.23% (42138/60000)


Average Test loss: 0.0012, Test Error Rate: 70.01% (7001/10000)

Train Epoch: 14 [20000/60000 (33%)]	Loss: 1.220757
Train Epoch: 14 [40000/60000 (67%)]	Loss: 1.321514
Train Epoch: 14 [60000/60000 (100%)]	Loss: 1.231831

Average Training loss: 0.0062, Training Error Rate: 71.36% (42817/60000)


Average Test loss: 0.0013, Test Error Rate: 71.50% (7150/10000)

Train Epoch: 15 [20000/60000 (33%)]	Loss: 1.430343
Train Epoch: 15 [40000/60000 (67%)]	Loss: 1.475021
Train Epoch: 15 [60000/60000 (100%)]	Loss: 1.630336

Average Training loss: 0.0072, Training Error Rate: 76.78% (46070/60000)


Average Test loss: 0.0016, Test Error Rate: 83.70% (8370/10000)

Train Epoch: 16 [20000/60000 (33%)]	Loss: 1.664913
Train Epoch: 16 [40000/60000 (67%)]	Loss: 1.751478
Train Epoch: 16 [60000/60000 (100%)]	Loss: 1.636706

Average Training loss: 0.0083, Training Error Rate: 87.68% (52608/60000)


Average Test loss: 0.0017, Test Error Rate: 89.50% (8950/10000)

Train Epoch: 17 [20000/60000 (33%)]	Loss: 1.741618
Train Epoch: 17 [40000/60000 (67%)]	Loss: 1.748535
Train Epoch: 17 [60000/60000 (100%)]	Loss: 1.728000

Average Training loss: 0.0085, Training Error Rate: 89.91% (53948/60000)


Average Test loss: 0.0017, Test Error Rate: 90.12% (9012/10000)

Train Epoch: 18 [20000/60000 (33%)]	Loss: 1.696685
Train Epoch: 18 [40000/60000 (67%)]	Loss: 1.718139
Train Epoch: 18 [60000/60000 (100%)]	Loss: 1.713288

Average Training loss: 0.0085, Training Error Rate: 90.06% (54035/60000)


Average Test loss: 0.0017, Test Error Rate: 90.15% (9015/10000)

Train Epoch: 19 [20000/60000 (33%)]	Loss: 1.712690
Train Epoch: 19 [40000/60000 (67%)]	Loss: 1.672995
Train Epoch: 19 [60000/60000 (100%)]	Loss: 1.704033

Average Training loss: 0.0085, Training Error Rate: 90.12% (54070/60000)


Average Test loss: 0.0017, Test Error Rate: 90.19% (9019/10000)

Train Epoch: 20 [20000/60000 (33%)]	Loss: 1.665309
Train Epoch: 20 [40000/60000 (67%)]	Loss: 1.697025
Train Epoch: 20 [60000/60000 (100%)]	Loss: 1.685138

Average Training loss: 0.0085, Training Error Rate: 90.10% (54060/60000)


Average Test loss: 0.0017, Test Error Rate: 90.19% (9019/10000)

Train Epoch: 21 [20000/60000 (33%)]	Loss: 1.755203
Train Epoch: 21 [40000/60000 (67%)]	Loss: 1.712396
Train Epoch: 21 [60000/60000 (100%)]	Loss: 1.713146

Average Training loss: 0.0085, Training Error Rate: 90.10% (54062/60000)


Average Test loss: 0.0017, Test Error Rate: 90.15% (9015/10000)

Train Epoch: 22 [20000/60000 (33%)]	Loss: 1.710682
Train Epoch: 22 [40000/60000 (67%)]	Loss: 1.723728
Train Epoch: 22 [60000/60000 (100%)]	Loss: 1.674205

Average Training loss: 0.0086, Training Error Rate: 90.08% (54049/60000)


Average Test loss: 0.0017, Test Error Rate: 90.16% (9016/10000)

Train Epoch: 23 [20000/60000 (33%)]	Loss: 1.735022
Train Epoch: 23 [40000/60000 (67%)]	Loss: 1.740000
Train Epoch: 23 [60000/60000 (100%)]	Loss: 1.699594

Average Training loss: 0.0085, Training Error Rate: 90.09% (54053/60000)


Average Test loss: 0.0017, Test Error Rate: 90.16% (9016/10000)

Train Epoch: 24 [20000/60000 (33%)]	Loss: 1.671777
Train Epoch: 24 [40000/60000 (67%)]	Loss: 1.718696
Train Epoch: 24 [60000/60000 (100%)]	Loss: 1.741473

Average Training loss: 0.0085, Training Error Rate: 90.11% (54066/60000)


Average Test loss: 0.0017, Test Error Rate: 90.09% (9009/10000)

Train Epoch: 25 [20000/60000 (33%)]	Loss: 1.536095
Train Epoch: 25 [40000/60000 (67%)]	Loss: 1.611358
Train Epoch: 25 [60000/60000 (100%)]	Loss: 1.663683

Average Training loss: 0.0077, Training Error Rate: 90.71% (54428/60000)


Average Test loss: 0.0016, Test Error Rate: 89.87% (8987/10000)

Train Epoch: 26 [20000/60000 (33%)]	Loss: 1.526832
Train Epoch: 26 [40000/60000 (67%)]	Loss: 1.559567
Train Epoch: 26 [60000/60000 (100%)]	Loss: 1.543691

Average Training loss: 0.0078, Training Error Rate: 89.61% (53767/60000)


Average Test loss: 0.0015, Test Error Rate: 89.48% (8948/10000)

Train Epoch: 27 [20000/60000 (33%)]	Loss: 1.630319
Train Epoch: 27 [40000/60000 (67%)]	Loss: 1.658493
Train Epoch: 27 [60000/60000 (100%)]	Loss: 1.641605

Average Training loss: 0.0080, Training Error Rate: 89.89% (53935/60000)


Average Test loss: 0.0017, Test Error Rate: 90.13% (9013/10000)

Train Epoch: 28 [20000/60000 (33%)]	Loss: 1.265187
Train Epoch: 28 [40000/60000 (67%)]	Loss: 1.295154
Train Epoch: 28 [60000/60000 (100%)]	Loss: 1.307526

Average Training loss: 0.0067, Training Error Rate: 90.11% (54069/60000)


Average Test loss: 0.0013, Test Error Rate: 90.17% (9017/10000)

Train Epoch: 29 [20000/60000 (33%)]	Loss: 1.256275
Train Epoch: 29 [40000/60000 (67%)]	Loss: 1.248897
Train Epoch: 29 [60000/60000 (100%)]	Loss: 1.274148

Average Training loss: 0.0065, Training Error Rate: 90.12% (54073/60000)


Average Test loss: 0.0013, Test Error Rate: 90.19% (9019/10000)

Train Epoch: 30 [20000/60000 (33%)]	Loss: 1.360675
Train Epoch: 30 [40000/60000 (67%)]	Loss: 1.283692
Train Epoch: 30 [60000/60000 (100%)]	Loss: 1.419122

Average Training loss: 0.0067, Training Error Rate: 90.11% (54066/60000)


Average Test loss: 0.0014, Test Error Rate: 90.16% (9016/10000)

Train Epoch: 31 [20000/60000 (33%)]	Loss: 1.414813
Train Epoch: 31 [40000/60000 (67%)]	Loss: 1.378799
Train Epoch: 31 [60000/60000 (100%)]	Loss: 1.330314

Average Training loss: 0.0068, Training Error Rate: 90.11% (54068/60000)


Average Test loss: 0.0014, Test Error Rate: 90.15% (9015/10000)

Train Epoch: 32 [20000/60000 (33%)]	Loss: 1.325232
Train Epoch: 32 [40000/60000 (67%)]	Loss: 1.401639
Train Epoch: 32 [60000/60000 (100%)]	Loss: 1.328180

Average Training loss: 0.0068, Training Error Rate: 90.10% (54061/60000)


Average Test loss: 0.0014, Test Error Rate: 90.15% (9015/10000)

Train Epoch: 33 [20000/60000 (33%)]	Loss: 1.395021
Train Epoch: 33 [40000/60000 (67%)]	Loss: 1.392591
Train Epoch: 33 [60000/60000 (100%)]	Loss: 1.400075

Average Training loss: 0.0070, Training Error Rate: 90.10% (54060/60000)


Average Test loss: 0.0014, Test Error Rate: 90.18% (9018/10000)

Train Epoch: 34 [20000/60000 (33%)]	Loss: 1.435395
Train Epoch: 34 [40000/60000 (67%)]	Loss: 1.584697
Train Epoch: 34 [60000/60000 (100%)]	Loss: 1.462915

Average Training loss: 0.0074, Training Error Rate: 90.10% (54061/60000)


Average Test loss: 0.0015, Test Error Rate: 90.19% (9019/10000)

Train Epoch: 35 [20000/60000 (33%)]	Loss: 1.487568
Train Epoch: 35 [40000/60000 (67%)]	Loss: 1.589032
Train Epoch: 35 [60000/60000 (100%)]	Loss: 1.524600

Average Training loss: 0.0077, Training Error Rate: 90.07% (54041/60000)


Average Test loss: 0.0016, Test Error Rate: 90.02% (9002/10000)

Train Epoch: 36 [20000/60000 (33%)]	Loss: 1.602211
Train Epoch: 36 [40000/60000 (67%)]	Loss: 1.620789
Train Epoch: 36 [60000/60000 (100%)]	Loss: 1.620943

Average Training loss: 0.0081, Training Error Rate: 89.96% (53978/60000)


Average Test loss: 0.0016, Test Error Rate: 89.92% (8992/10000)

Train Epoch: 37 [20000/60000 (33%)]	Loss: 1.614162
Train Epoch: 37 [40000/60000 (67%)]	Loss: 1.578437
Train Epoch: 37 [60000/60000 (100%)]	Loss: 1.639142

Average Training loss: 0.0083, Training Error Rate: 89.81% (53886/60000)


Average Test loss: 0.0016, Test Error Rate: 89.75% (8975/10000)

Train Epoch: 38 [20000/60000 (33%)]	Loss: 1.541673
Train Epoch: 38 [40000/60000 (67%)]	Loss: 1.248247
Train Epoch: 38 [60000/60000 (100%)]	Loss: 1.242363

Average Training loss: 0.0070, Training Error Rate: 84.66% (50796/60000)


Average Test loss: 0.0012, Test Error Rate: 82.29% (8229/10000)

Train Epoch: 39 [20000/60000 (33%)]	Loss: 1.226968
Train Epoch: 39 [40000/60000 (67%)]	Loss: 1.229928
Train Epoch: 39 [60000/60000 (100%)]	Loss: 1.165111

Average Training loss: 0.0061, Training Error Rate: 80.95% (48572/60000)


Average Test loss: 0.0012, Test Error Rate: 79.50% (7950/10000)

Train Epoch: 40 [20000/60000 (33%)]	Loss: 1.144674
Train Epoch: 40 [40000/60000 (67%)]	Loss: 1.185444
Train Epoch: 40 [60000/60000 (100%)]	Loss: 1.137948

Average Training loss: 0.0060, Training Error Rate: 77.45% (46470/60000)


Average Test loss: 0.0012, Test Error Rate: 74.89% (7489/10000)

Train Epoch: 41 [20000/60000 (33%)]	Loss: 1.230564
Train Epoch: 41 [40000/60000 (67%)]	Loss: 1.241285
Train Epoch: 41 [60000/60000 (100%)]	Loss: 1.266415

Average Training loss: 0.0060, Training Error Rate: 74.29% (44573/60000)


Average Test loss: 0.0012, Test Error Rate: 72.96% (7296/10000)

Train Epoch: 42 [20000/60000 (33%)]	Loss: 1.218413
Train Epoch: 42 [40000/60000 (67%)]	Loss: 1.217839
Train Epoch: 42 [60000/60000 (100%)]	Loss: 1.161878

Average Training loss: 0.0059, Training Error Rate: 72.89% (43733/60000)


Average Test loss: 0.0012, Test Error Rate: 72.65% (7265/10000)

Train Epoch: 43 [20000/60000 (33%)]	Loss: 1.198285
Train Epoch: 43 [40000/60000 (67%)]	Loss: 1.152196
Train Epoch: 43 [60000/60000 (100%)]	Loss: 1.158639

Average Training loss: 0.0059, Training Error Rate: 72.51% (43504/60000)


Average Test loss: 0.0012, Test Error Rate: 71.67% (7167/10000)

Train Epoch: 44 [20000/60000 (33%)]	Loss: 1.170678
Train Epoch: 44 [40000/60000 (67%)]	Loss: 1.200217
Train Epoch: 44 [60000/60000 (100%)]	Loss: 1.181331

Average Training loss: 0.0059, Training Error Rate: 72.34% (43402/60000)


Average Test loss: 0.0012, Test Error Rate: 71.72% (7172/10000)

Train Epoch: 45 [20000/60000 (33%)]	Loss: 1.145718
Train Epoch: 45 [40000/60000 (67%)]	Loss: 1.171668
Train Epoch: 45 [60000/60000 (100%)]	Loss: 1.216770

Average Training loss: 0.0059, Training Error Rate: 72.78% (43668/60000)


Average Test loss: 0.0012, Test Error Rate: 72.93% (7293/10000)

Train Epoch: 46 [20000/60000 (33%)]	Loss: 1.217776
Train Epoch: 46 [40000/60000 (67%)]	Loss: 1.163553
Train Epoch: 46 [60000/60000 (100%)]	Loss: 1.154069

Average Training loss: 0.0060, Training Error Rate: 72.97% (43784/60000)


Average Test loss: 0.0012, Test Error Rate: 72.13% (7213/10000)

Train Epoch: 47 [20000/60000 (33%)]	Loss: 1.199304
Train Epoch: 47 [40000/60000 (67%)]	Loss: 1.169452
Train Epoch: 47 [60000/60000 (100%)]	Loss: 1.107645

Average Training loss: 0.0059, Training Error Rate: 72.83% (43701/60000)


Average Test loss: 0.0012, Test Error Rate: 72.17% (7217/10000)

Train Epoch: 48 [20000/60000 (33%)]	Loss: 1.259624
Train Epoch: 48 [40000/60000 (67%)]	Loss: 1.131218
Train Epoch: 48 [60000/60000 (100%)]	Loss: 1.146543

Average Training loss: 0.0059, Training Error Rate: 72.32% (43394/60000)


Average Test loss: 0.0012, Test Error Rate: 72.46% (7246/10000)

Train Epoch: 49 [20000/60000 (33%)]	Loss: 1.209388
Train Epoch: 49 [40000/60000 (67%)]	Loss: 1.191054
Train Epoch: 49 [60000/60000 (100%)]	Loss: 1.163581

Average Training loss: 0.0059, Training Error Rate: 72.70% (43620/60000)


Average Test loss: 0.0012, Test Error Rate: 72.75% (7275/10000)

Train Epoch: 50 [20000/60000 (33%)]	Loss: 1.240251
Train Epoch: 50 [40000/60000 (67%)]	Loss: 1.233328
Train Epoch: 50 [60000/60000 (100%)]	Loss: 1.175740

Average Training loss: 0.0059, Training Error Rate: 73.01% (43805/60000)


Average Test loss: 0.0012, Test Error Rate: 72.56% (7256/10000)

Train Epoch: 51 [20000/60000 (33%)]	Loss: 1.142788
Train Epoch: 51 [40000/60000 (67%)]	Loss: 1.136082
Train Epoch: 51 [60000/60000 (100%)]	Loss: 1.108967

Average Training loss: 0.0058, Training Error Rate: 72.96% (43774/60000)


Average Test loss: 0.0011, Test Error Rate: 72.43% (7243/10000)

Train Epoch: 52 [20000/60000 (33%)]	Loss: 1.163327
Train Epoch: 52 [40000/60000 (67%)]	Loss: 1.196880
Train Epoch: 52 [60000/60000 (100%)]	Loss: 1.185188

Average Training loss: 0.0058, Training Error Rate: 73.21% (43925/60000)


Average Test loss: 0.0012, Test Error Rate: 72.34% (7234/10000)

Train Epoch: 53 [20000/60000 (33%)]	Loss: 1.146631
Train Epoch: 53 [40000/60000 (67%)]	Loss: 1.213206
Train Epoch: 53 [60000/60000 (100%)]	Loss: 1.188021

Average Training loss: 0.0058, Training Error Rate: 72.71% (43625/60000)


Average Test loss: 0.0012, Test Error Rate: 71.33% (7133/10000)

Train Epoch: 54 [20000/60000 (33%)]	Loss: 1.181414
Train Epoch: 54 [40000/60000 (67%)]	Loss: 1.174808
Train Epoch: 54 [60000/60000 (100%)]	Loss: 1.175146

Average Training loss: 0.0058, Training Error Rate: 72.36% (43418/60000)


Average Test loss: 0.0012, Test Error Rate: 71.94% (7194/10000)

Train Epoch: 55 [20000/60000 (33%)]	Loss: 1.198840
Train Epoch: 55 [40000/60000 (67%)]	Loss: 1.157702
Train Epoch: 55 [60000/60000 (100%)]	Loss: 1.150438

Average Training loss: 0.0059, Training Error Rate: 72.41% (43443/60000)


Average Test loss: 0.0012, Test Error Rate: 72.27% (7227/10000)

Train Epoch: 56 [20000/60000 (33%)]	Loss: 1.170346
Train Epoch: 56 [40000/60000 (67%)]	Loss: 1.171694
Train Epoch: 56 [60000/60000 (100%)]	Loss: 1.191694

Average Training loss: 0.0059, Training Error Rate: 73.25% (43947/60000)


Average Test loss: 0.0012, Test Error Rate: 72.77% (7277/10000)

Train Epoch: 57 [20000/60000 (33%)]	Loss: 1.173820
Train Epoch: 57 [40000/60000 (67%)]	Loss: 1.195659
Train Epoch: 57 [60000/60000 (100%)]	Loss: 1.218499

Average Training loss: 0.0059, Training Error Rate: 72.90% (43738/60000)


Average Test loss: 0.0012, Test Error Rate: 71.96% (7196/10000)

Train Epoch: 58 [20000/60000 (33%)]	Loss: 1.214279
Train Epoch: 58 [40000/60000 (67%)]	Loss: 1.164386
Train Epoch: 58 [60000/60000 (100%)]	Loss: 1.155695

Average Training loss: 0.0059, Training Error Rate: 72.47% (43484/60000)


Average Test loss: 0.0012, Test Error Rate: 72.24% (7224/10000)

Train Epoch: 59 [20000/60000 (33%)]	Loss: 1.172668
Train Epoch: 59 [40000/60000 (67%)]	Loss: 1.204445
Train Epoch: 59 [60000/60000 (100%)]	Loss: 1.187032

Average Training loss: 0.0059, Training Error Rate: 72.72% (43635/60000)


Average Test loss: 0.0012, Test Error Rate: 71.84% (7184/10000)

Train Epoch: 60 [20000/60000 (33%)]	Loss: 1.205324
Train Epoch: 60 [40000/60000 (67%)]	Loss: 1.182648
Train Epoch: 60 [60000/60000 (100%)]	Loss: 1.185052

Average Training loss: 0.0059, Training Error Rate: 72.10% (43260/60000)


Average Test loss: 0.0012, Test Error Rate: 71.33% (7133/10000)

Train Epoch: 61 [20000/60000 (33%)]	Loss: 1.173082
Train Epoch: 61 [40000/60000 (67%)]	Loss: 1.205892
Train Epoch: 61 [60000/60000 (100%)]	Loss: 1.155118

Average Training loss: 0.0059, Training Error Rate: 72.09% (43255/60000)


Average Test loss: 0.0012, Test Error Rate: 71.99% (7199/10000)

Train Epoch: 62 [20000/60000 (33%)]	Loss: 1.152293
Train Epoch: 62 [40000/60000 (67%)]	Loss: 1.180060
Train Epoch: 62 [60000/60000 (100%)]	Loss: 1.217917

Average Training loss: 0.0059, Training Error Rate: 72.54% (43524/60000)


Average Test loss: 0.0012, Test Error Rate: 72.08% (7208/10000)

Train Epoch: 63 [20000/60000 (33%)]	Loss: 1.166347
Train Epoch: 63 [40000/60000 (67%)]	Loss: 1.196306
Train Epoch: 63 [60000/60000 (100%)]	Loss: 1.125364

Average Training loss: 0.0058, Training Error Rate: 72.60% (43561/60000)


Average Test loss: 0.0012, Test Error Rate: 72.08% (7208/10000)

Train Epoch: 64 [20000/60000 (33%)]	Loss: 1.145956
Train Epoch: 64 [40000/60000 (67%)]	Loss: 1.171660
Train Epoch: 64 [60000/60000 (100%)]	Loss: 1.146453

Average Training loss: 0.0059, Training Error Rate: 72.43% (43459/60000)


Average Test loss: 0.0012, Test Error Rate: 71.87% (7187/10000)

Train Epoch: 65 [20000/60000 (33%)]	Loss: 1.134716
Train Epoch: 65 [40000/60000 (67%)]	Loss: 1.128141
Train Epoch: 65 [60000/60000 (100%)]	Loss: 1.069235

Average Training loss: 0.0058, Training Error Rate: 72.78% (43670/60000)


Average Test loss: 0.0011, Test Error Rate: 72.30% (7230/10000)

Train Epoch: 66 [20000/60000 (33%)]	Loss: 1.045981
Train Epoch: 66 [40000/60000 (67%)]	Loss: 1.030587
Train Epoch: 66 [60000/60000 (100%)]	Loss: 1.172187

Average Training loss: 0.0054, Training Error Rate: 73.09% (43853/60000)


Average Test loss: 0.0011, Test Error Rate: 72.88% (7288/10000)

Train Epoch: 67 [20000/60000 (33%)]	Loss: 1.104531
Train Epoch: 67 [40000/60000 (67%)]	Loss: 1.129372
Train Epoch: 67 [60000/60000 (100%)]	Loss: 0.949245

Average Training loss: 0.0053, Training Error Rate: 73.47% (44085/60000)


Average Test loss: 0.0009, Test Error Rate: 72.88% (7288/10000)

Train Epoch: 68 [20000/60000 (33%)]	Loss: 0.898321
Train Epoch: 68 [40000/60000 (67%)]	Loss: 0.876202
Train Epoch: 68 [60000/60000 (100%)]	Loss: 0.831315

Average Training loss: 0.0044, Training Error Rate: 73.78% (44270/60000)


Average Test loss: 0.0009, Test Error Rate: 73.86% (7386/10000)

Train Epoch: 69 [20000/60000 (33%)]	Loss: 0.967052
Train Epoch: 69 [40000/60000 (67%)]	Loss: 0.986179
Train Epoch: 69 [60000/60000 (100%)]	Loss: 0.976690

Average Training loss: 0.0048, Training Error Rate: 75.88% (45530/60000)


Average Test loss: 0.0010, Test Error Rate: 77.05% (7705/10000)

Train Epoch: 70 [20000/60000 (33%)]	Loss: 1.073546
Train Epoch: 70 [40000/60000 (67%)]	Loss: 1.111647
Train Epoch: 70 [60000/60000 (100%)]	Loss: 1.186743

Average Training loss: 0.0053, Training Error Rate: 78.63% (47176/60000)


Average Test loss: 0.0011, Test Error Rate: 80.03% (8003/10000)

Train Epoch: 71 [20000/60000 (33%)]	Loss: 1.212959
Train Epoch: 71 [40000/60000 (67%)]	Loss: 1.226949
Train Epoch: 71 [60000/60000 (100%)]	Loss: 1.196102

Average Training loss: 0.0060, Training Error Rate: 80.73% (48440/60000)


Average Test loss: 0.0012, Test Error Rate: 80.87% (8087/10000)

Train Epoch: 72 [20000/60000 (33%)]	Loss: 1.209647
Train Epoch: 72 [40000/60000 (67%)]	Loss: 1.229491
Train Epoch: 72 [60000/60000 (100%)]	Loss: 1.161206

Average Training loss: 0.0060, Training Error Rate: 81.40% (48840/60000)


Average Test loss: 0.0012, Test Error Rate: 81.30% (8130/10000)

Train Epoch: 73 [20000/60000 (33%)]	Loss: 1.229962
Train Epoch: 73 [40000/60000 (67%)]	Loss: 1.213532
Train Epoch: 73 [60000/60000 (100%)]	Loss: 1.242657

Average Training loss: 0.0060, Training Error Rate: 81.41% (48844/60000)


Average Test loss: 0.0012, Test Error Rate: 81.36% (8136/10000)

Train Epoch: 74 [20000/60000 (33%)]	Loss: 1.200494
Train Epoch: 74 [40000/60000 (67%)]	Loss: 1.218511
Train Epoch: 74 [60000/60000 (100%)]	Loss: 1.225660

Average Training loss: 0.0060, Training Error Rate: 81.50% (48903/60000)


Average Test loss: 0.0012, Test Error Rate: 81.65% (8165/10000)

Train Epoch: 75 [20000/60000 (33%)]	Loss: 1.220127
Train Epoch: 75 [40000/60000 (67%)]	Loss: 1.233506
Train Epoch: 75 [60000/60000 (100%)]	Loss: 1.240891

Average Training loss: 0.0060, Training Error Rate: 82.11% (49265/60000)


Average Test loss: 0.0012, Test Error Rate: 82.72% (8272/10000)

Train Epoch: 76 [20000/60000 (33%)]	Loss: 1.190620
Train Epoch: 76 [40000/60000 (67%)]	Loss: 1.229864
Train Epoch: 76 [60000/60000 (100%)]	Loss: 1.197575

Average Training loss: 0.0061, Training Error Rate: 82.20% (49323/60000)


Average Test loss: 0.0012, Test Error Rate: 82.44% (8244/10000)

Train Epoch: 77 [20000/60000 (33%)]	Loss: 1.184227
Train Epoch: 77 [40000/60000 (67%)]	Loss: 1.237668
Train Epoch: 77 [60000/60000 (100%)]	Loss: 1.252768

Average Training loss: 0.0061, Training Error Rate: 83.20% (49920/60000)


Average Test loss: 0.0012, Test Error Rate: 84.31% (8431/10000)

Train Epoch: 78 [20000/60000 (33%)]	Loss: 1.176464
Train Epoch: 78 [40000/60000 (67%)]	Loss: 1.232792
Train Epoch: 78 [60000/60000 (100%)]	Loss: 1.211257

Average Training loss: 0.0061, Training Error Rate: 84.03% (50416/60000)


Average Test loss: 0.0012, Test Error Rate: 83.94% (8394/10000)

Train Epoch: 79 [20000/60000 (33%)]	Loss: 1.262198
Train Epoch: 79 [40000/60000 (67%)]	Loss: 1.243041
Train Epoch: 79 [60000/60000 (100%)]	Loss: 1.246853

Average Training loss: 0.0062, Training Error Rate: 84.26% (50555/60000)


Average Test loss: 0.0012, Test Error Rate: 84.35% (8435/10000)

Train Epoch: 80 [20000/60000 (33%)]	Loss: 1.288414
Train Epoch: 80 [40000/60000 (67%)]	Loss: 1.245248
Train Epoch: 80 [60000/60000 (100%)]	Loss: 1.258213

Average Training loss: 0.0062, Training Error Rate: 85.11% (51069/60000)


Average Test loss: 0.0013, Test Error Rate: 86.05% (8605/10000)

Train Epoch: 81 [20000/60000 (33%)]	Loss: 1.273031
Train Epoch: 81 [40000/60000 (67%)]	Loss: 1.238155
Train Epoch: 81 [60000/60000 (100%)]	Loss: 1.267729

Average Training loss: 0.0064, Training Error Rate: 87.72% (52634/60000)


Average Test loss: 0.0013, Test Error Rate: 88.18% (8818/10000)

Train Epoch: 82 [20000/60000 (33%)]	Loss: 1.329445
Train Epoch: 82 [40000/60000 (67%)]	Loss: 1.272662
Train Epoch: 82 [60000/60000 (100%)]	Loss: 1.293255

Average Training loss: 0.0064, Training Error Rate: 88.49% (53094/60000)


Average Test loss: 0.0013, Test Error Rate: 88.50% (8850/10000)

Train Epoch: 83 [20000/60000 (33%)]	Loss: 1.292516
Train Epoch: 83 [40000/60000 (67%)]	Loss: 1.328847
Train Epoch: 83 [60000/60000 (100%)]	Loss: 1.280000

Average Training loss: 0.0064, Training Error Rate: 88.68% (53206/60000)


Average Test loss: 0.0013, Test Error Rate: 88.58% (8858/10000)

Train Epoch: 84 [20000/60000 (33%)]	Loss: 1.322869
Train Epoch: 84 [40000/60000 (67%)]	Loss: 1.325000
Train Epoch: 84 [60000/60000 (100%)]	Loss: 1.290496

Average Training loss: 0.0064, Training Error Rate: 88.70% (53222/60000)


Average Test loss: 0.0013, Test Error Rate: 88.58% (8858/10000)

Train Epoch: 85 [20000/60000 (33%)]	Loss: 1.240254
Train Epoch: 85 [40000/60000 (67%)]	Loss: 1.320098
Train Epoch: 85 [60000/60000 (100%)]	Loss: 1.296557

Average Training loss: 0.0064, Training Error Rate: 88.75% (53250/60000)


Average Test loss: 0.0013, Test Error Rate: 88.64% (8864/10000)

Train Epoch: 86 [20000/60000 (33%)]	Loss: 1.268420
Train Epoch: 86 [40000/60000 (67%)]	Loss: 1.262558
Train Epoch: 86 [60000/60000 (100%)]	Loss: 1.305301

Average Training loss: 0.0064, Training Error Rate: 88.75% (53249/60000)


Average Test loss: 0.0013, Test Error Rate: 88.63% (8863/10000)

Train Epoch: 87 [20000/60000 (33%)]	Loss: 1.315133
Train Epoch: 87 [40000/60000 (67%)]	Loss: 1.294677
Train Epoch: 87 [60000/60000 (100%)]	Loss: 1.305000

Average Training loss: 0.0064, Training Error Rate: 88.76% (53256/60000)


Average Test loss: 0.0013, Test Error Rate: 88.64% (8864/10000)

Train Epoch: 88 [20000/60000 (33%)]	Loss: 1.282500
Train Epoch: 88 [40000/60000 (67%)]	Loss: 1.341405
Train Epoch: 88 [60000/60000 (100%)]	Loss: 1.234210

Average Training loss: 0.0064, Training Error Rate: 88.75% (53251/60000)


Average Test loss: 0.0013, Test Error Rate: 88.65% (8865/10000)

Train Epoch: 89 [20000/60000 (33%)]	Loss: 1.279003
Train Epoch: 89 [40000/60000 (67%)]	Loss: 1.317500
Train Epoch: 89 [60000/60000 (100%)]	Loss: 1.311119

Average Training loss: 0.0064, Training Error Rate: 88.76% (53255/60000)


Average Test loss: 0.0013, Test Error Rate: 88.65% (8865/10000)

Train Epoch: 90 [20000/60000 (33%)]	Loss: 1.257121
Train Epoch: 90 [40000/60000 (67%)]	Loss: 1.362825
Train Epoch: 90 [60000/60000 (100%)]	Loss: 1.249150

Average Training loss: 0.0064, Training Error Rate: 88.77% (53259/60000)


Average Test loss: 0.0013, Test Error Rate: 88.64% (8864/10000)

Train Epoch: 91 [20000/60000 (33%)]	Loss: 1.267635
Train Epoch: 91 [40000/60000 (67%)]	Loss: 1.253250
Train Epoch: 91 [60000/60000 (100%)]	Loss: 1.280000

Average Training loss: 0.0064, Training Error Rate: 88.76% (53254/60000)


Average Test loss: 0.0013, Test Error Rate: 88.63% (8863/10000)

Train Epoch: 92 [20000/60000 (33%)]	Loss: 1.300547
Train Epoch: 92 [40000/60000 (67%)]	Loss: 1.263798
Train Epoch: 92 [60000/60000 (100%)]	Loss: 1.325000

Average Training loss: 0.0064, Training Error Rate: 88.76% (53255/60000)


Average Test loss: 0.0013, Test Error Rate: 88.65% (8865/10000)

Train Epoch: 93 [20000/60000 (33%)]	Loss: 1.292533
Train Epoch: 93 [40000/60000 (67%)]	Loss: 1.247536
Train Epoch: 93 [60000/60000 (100%)]	Loss: 1.273363

Average Training loss: 0.0064, Training Error Rate: 88.76% (53255/60000)


Average Test loss: 0.0013, Test Error Rate: 88.65% (8865/10000)

Train Epoch: 94 [20000/60000 (33%)]	Loss: 1.343205
Train Epoch: 94 [40000/60000 (67%)]	Loss: 1.302749
Train Epoch: 94 [60000/60000 (100%)]	Loss: 1.340105

Average Training loss: 0.0065, Training Error Rate: 88.76% (53258/60000)


Average Test loss: 0.0013, Test Error Rate: 88.64% (8864/10000)

Train Epoch: 95 [20000/60000 (33%)]	Loss: 1.266914
Train Epoch: 95 [40000/60000 (67%)]	Loss: 1.275000
Train Epoch: 95 [60000/60000 (100%)]	Loss: 1.279247

Average Training loss: 0.0065, Training Error Rate: 88.76% (53256/60000)


Average Test loss: 0.0013, Test Error Rate: 88.67% (8867/10000)

Train Epoch: 96 [20000/60000 (33%)]	Loss: 1.325834
Train Epoch: 96 [40000/60000 (67%)]	Loss: 1.277943
Train Epoch: 96 [60000/60000 (100%)]	Loss: 1.308850

Average Training loss: 0.0065, Training Error Rate: 88.76% (53257/60000)


Average Test loss: 0.0013, Test Error Rate: 88.65% (8865/10000)

Train Epoch: 97 [20000/60000 (33%)]	Loss: 1.258008
Train Epoch: 97 [40000/60000 (67%)]	Loss: 1.263909
Train Epoch: 97 [60000/60000 (100%)]	Loss: 1.299782

Average Training loss: 0.0065, Training Error Rate: 88.76% (53255/60000)


Average Test loss: 0.0013, Test Error Rate: 88.64% (8864/10000)

Train Epoch: 98 [20000/60000 (33%)]	Loss: 1.325080
Train Epoch: 98 [40000/60000 (67%)]	Loss: 1.290476
Train Epoch: 98 [60000/60000 (100%)]	Loss: 1.346433

Average Training loss: 0.0065, Training Error Rate: 88.76% (53256/60000)


Average Test loss: 0.0013, Test Error Rate: 88.64% (8864/10000)

Train Epoch: 99 [20000/60000 (33%)]	Loss: 1.269211
Train Epoch: 99 [40000/60000 (67%)]	Loss: 1.277943
Train Epoch: 99 [60000/60000 (100%)]	Loss: 1.326242

Average Training loss: 0.0065, Training Error Rate: 88.76% (53256/60000)


Average Test loss: 0.0013, Test Error Rate: 88.64% (8864/10000)

