/vast/home/ajherman/miniconda3/envs/pytorch/lib/python3.11/site-packages/torchvision/io/image.py:13: UserWarning: Failed to load image Python extension: '/vast/home/ajherman/miniconda3/envs/pytorch/lib/python3.11/site-packages/torchvision/image.so: undefined symbol: _ZN5torch3jit17parseSchemaOrNameERKNSt7__cxx1112basic_stringIcSt11char_traitsIcESaIcEEE'If you don't plan on using image functionality from `torchvision.io`, you can ignore this warning. Otherwise, there might be something wrong with your environment. Did you have `libjpeg` or `libpng` installed before building `torchvision` from source?
  warn(
Random seed set as 42
dt =  0.11750309741540454
trace decay =  0.7165313105737893
Random seed set as 42
Random seed set as 42
dt =  0.11750309741540454
trace decay =  0.7165313105737893
Random seed set as 42
Train Epoch: 0 [20000/60000 (33%)]	Loss: 0.364238
Train Epoch: 0 [40000/60000 (67%)]	Loss: 0.304913
Train Epoch: 0 [60000/60000 (100%)]	Loss: 0.266880

Average Training loss: 0.0017, Training Error Rate: 41.44% (24865/60000)


Average Test loss: 0.0003, Test Error Rate: 23.27% (2327/10000)

Train Epoch: 1 [20000/60000 (33%)]	Loss: 0.234921
Train Epoch: 1 [40000/60000 (67%)]	Loss: 0.223252
Train Epoch: 1 [60000/60000 (100%)]	Loss: 0.206315

Average Training loss: 0.0012, Training Error Rate: 21.05% (12632/60000)


Average Test loss: 0.0002, Test Error Rate: 19.85% (1985/10000)

Train Epoch: 2 [20000/60000 (33%)]	Loss: 0.188646
Train Epoch: 2 [40000/60000 (67%)]	Loss: 0.198665
Train Epoch: 2 [60000/60000 (100%)]	Loss: 0.207497

Average Training loss: 0.0010, Training Error Rate: 18.10% (10861/60000)


Average Test loss: 0.0002, Test Error Rate: 16.18% (1618/10000)

Train Epoch: 3 [20000/60000 (33%)]	Loss: 0.181121
Train Epoch: 3 [40000/60000 (67%)]	Loss: 0.169023
Train Epoch: 3 [60000/60000 (100%)]	Loss: 0.176460

Average Training loss: 0.0009, Training Error Rate: 16.26% (9755/60000)


Average Test loss: 0.0002, Test Error Rate: 14.73% (1473/10000)

Train Epoch: 4 [20000/60000 (33%)]	Loss: 0.167787
Train Epoch: 4 [40000/60000 (67%)]	Loss: 0.171050
Train Epoch: 4 [60000/60000 (100%)]	Loss: 0.161087

Average Training loss: 0.0008, Training Error Rate: 15.59% (9356/60000)


Average Test loss: 0.0002, Test Error Rate: 14.39% (1439/10000)

Train Epoch: 5 [20000/60000 (33%)]	Loss: 0.164267
Train Epoch: 5 [40000/60000 (67%)]	Loss: 0.153950
Train Epoch: 5 [60000/60000 (100%)]	Loss: 0.178485

Average Training loss: 0.0008, Training Error Rate: 14.80% (8879/60000)


Average Test loss: 0.0002, Test Error Rate: 13.07% (1307/10000)

Train Epoch: 6 [20000/60000 (33%)]	Loss: 0.162588
Train Epoch: 6 [40000/60000 (67%)]	Loss: 0.148121
Train Epoch: 6 [60000/60000 (100%)]	Loss: 0.138110

Average Training loss: 0.0008, Training Error Rate: 13.94% (8365/60000)


Average Test loss: 0.0001, Test Error Rate: 13.11% (1311/10000)

Train Epoch: 7 [20000/60000 (33%)]	Loss: 0.159743
Train Epoch: 7 [40000/60000 (67%)]	Loss: 0.162271
Train Epoch: 7 [60000/60000 (100%)]	Loss: 0.142373

Average Training loss: 0.0007, Training Error Rate: 13.74% (8247/60000)


Average Test loss: 0.0001, Test Error Rate: 12.88% (1288/10000)

Train Epoch: 8 [20000/60000 (33%)]	Loss: 0.133697
Train Epoch: 8 [40000/60000 (67%)]	Loss: 0.150908
Train Epoch: 8 [60000/60000 (100%)]	Loss: 0.137097

Average Training loss: 0.0007, Training Error Rate: 13.54% (8126/60000)


Average Test loss: 0.0001, Test Error Rate: 12.38% (1238/10000)

Train Epoch: 9 [20000/60000 (33%)]	Loss: 0.135219
Train Epoch: 9 [40000/60000 (67%)]	Loss: 0.132350
Train Epoch: 9 [60000/60000 (100%)]	Loss: 0.131871

Average Training loss: 0.0007, Training Error Rate: 13.13% (7877/60000)


Average Test loss: 0.0001, Test Error Rate: 12.63% (1263/10000)

Train Epoch: 10 [20000/60000 (33%)]	Loss: 0.136272
Train Epoch: 10 [40000/60000 (67%)]	Loss: 0.135557
Train Epoch: 10 [60000/60000 (100%)]	Loss: 0.131212

Average Training loss: 0.0007, Training Error Rate: 12.74% (7645/60000)


Average Test loss: 0.0001, Test Error Rate: 12.28% (1228/10000)

Train Epoch: 11 [20000/60000 (33%)]	Loss: 0.115185
Train Epoch: 11 [40000/60000 (67%)]	Loss: 0.147114
Train Epoch: 11 [60000/60000 (100%)]	Loss: 0.125815

Average Training loss: 0.0007, Training Error Rate: 12.61% (7565/60000)


Average Test loss: 0.0001, Test Error Rate: 11.45% (1145/10000)

Train Epoch: 12 [20000/60000 (33%)]	Loss: 0.145413
Train Epoch: 12 [40000/60000 (67%)]	Loss: 0.122687
Train Epoch: 12 [60000/60000 (100%)]	Loss: 0.127036

Average Training loss: 0.0006, Training Error Rate: 12.12% (7274/60000)


Average Test loss: 0.0001, Test Error Rate: 11.18% (1118/10000)

Train Epoch: 13 [20000/60000 (33%)]	Loss: 0.119666
Train Epoch: 13 [40000/60000 (67%)]	Loss: 0.131128
Train Epoch: 13 [60000/60000 (100%)]	Loss: 0.121382

Average Training loss: 0.0006, Training Error Rate: 11.99% (7196/60000)


Average Test loss: 0.0001, Test Error Rate: 11.25% (1125/10000)

Train Epoch: 14 [20000/60000 (33%)]	Loss: 0.140253
Train Epoch: 14 [40000/60000 (67%)]	Loss: 0.136454
Train Epoch: 14 [60000/60000 (100%)]	Loss: 0.128142

Average Training loss: 0.0006, Training Error Rate: 11.91% (7149/60000)


Average Test loss: 0.0001, Test Error Rate: 10.94% (1094/10000)

Train Epoch: 15 [20000/60000 (33%)]	Loss: 0.139688
Train Epoch: 15 [40000/60000 (67%)]	Loss: 0.136387
Train Epoch: 15 [60000/60000 (100%)]	Loss: 0.128812

Average Training loss: 0.0006, Training Error Rate: 11.87% (7120/60000)


Average Test loss: 0.0001, Test Error Rate: 11.11% (1111/10000)

Train Epoch: 16 [20000/60000 (33%)]	Loss: 0.130002
Train Epoch: 16 [40000/60000 (67%)]	Loss: 0.133451
Train Epoch: 16 [60000/60000 (100%)]	Loss: 0.128505

Average Training loss: 0.0006, Training Error Rate: 11.62% (6969/60000)


Average Test loss: 0.0001, Test Error Rate: 11.12% (1112/10000)

slurmstepd: error: *** STEP 15492314.15 ON cn430 CANCELLED AT 2023-10-03T10:57:22 ***
/vast/home/ajherman/miniconda3/envs/pytorch/lib/python3.11/site-packages/torchvision/io/image.py:13: UserWarning: Failed to load image Python extension: '/vast/home/ajherman/miniconda3/envs/pytorch/lib/python3.11/site-packages/torchvision/image.so: undefined symbol: _ZN5torch3jit17parseSchemaOrNameERKNSt7__cxx1112basic_stringIcSt11char_traitsIcESaIcEEE'If you don't plan on using image functionality from `torchvision.io`, you can ignore this warning. Otherwise, there might be something wrong with your environment. Did you have `libjpeg` or `libpng` installed before building `torchvision` from source?
  warn(
Random seed set as 42
dt =  0.11750309741540454
trace decay =  0.7165313105737893
Random seed set as 42
Random seed set as 42
dt =  0.11750309741540454
trace decay =  0.7165313105737893
Random seed set as 42
Train Epoch: 17 [20000/60000 (33%)]	Loss: 0.109897
Train Epoch: 17 [40000/60000 (67%)]	Loss: 0.125123
Train Epoch: 17 [60000/60000 (100%)]	Loss: 0.128300

Average Training loss: 0.0006, Training Error Rate: 11.66% (6998/60000)


Average Test loss: 0.0001, Test Error Rate: 10.40% (1040/10000)

Train Epoch: 18 [20000/60000 (33%)]	Loss: 0.132926
Train Epoch: 18 [40000/60000 (67%)]	Loss: 0.118661
Train Epoch: 18 [60000/60000 (100%)]	Loss: 0.098104

Average Training loss: 0.0006, Training Error Rate: 11.24% (6742/60000)


Average Test loss: 0.0001, Test Error Rate: 9.93% (993/10000)

Train Epoch: 19 [20000/60000 (33%)]	Loss: 0.110517
Train Epoch: 19 [40000/60000 (67%)]	Loss: 0.090006
Train Epoch: 19 [60000/60000 (100%)]	Loss: 0.106818

Average Training loss: 0.0006, Training Error Rate: 10.98% (6591/60000)


Average Test loss: 0.0001, Test Error Rate: 9.92% (992/10000)

Train Epoch: 20 [20000/60000 (33%)]	Loss: 0.118811
Train Epoch: 20 [40000/60000 (67%)]	Loss: 0.103875
Train Epoch: 20 [60000/60000 (100%)]	Loss: 0.119369

Average Training loss: 0.0006, Training Error Rate: 10.97% (6585/60000)


Average Test loss: 0.0001, Test Error Rate: 10.11% (1011/10000)

Train Epoch: 21 [20000/60000 (33%)]	Loss: 0.120004
Train Epoch: 21 [40000/60000 (67%)]	Loss: 0.110526
Train Epoch: 21 [60000/60000 (100%)]	Loss: 0.083773

Average Training loss: 0.0006, Training Error Rate: 11.04% (6621/60000)


Average Test loss: 0.0001, Test Error Rate: 9.93% (993/10000)

Train Epoch: 22 [20000/60000 (33%)]	Loss: 0.116038
Train Epoch: 22 [40000/60000 (67%)]	Loss: 0.110666
Train Epoch: 22 [60000/60000 (100%)]	Loss: 0.123778

Average Training loss: 0.0006, Training Error Rate: 10.77% (6462/60000)


Average Test loss: 0.0001, Test Error Rate: 9.79% (979/10000)

Train Epoch: 23 [20000/60000 (33%)]	Loss: 0.106392
Train Epoch: 23 [40000/60000 (67%)]	Loss: 0.093287
Train Epoch: 23 [60000/60000 (100%)]	Loss: 0.101074

Average Training loss: 0.0005, Training Error Rate: 10.55% (6328/60000)


Average Test loss: 0.0001, Test Error Rate: 9.61% (961/10000)

Train Epoch: 24 [20000/60000 (33%)]	Loss: 0.115047
Train Epoch: 24 [40000/60000 (67%)]	Loss: 0.105690
Train Epoch: 24 [60000/60000 (100%)]	Loss: 0.114088

Average Training loss: 0.0005, Training Error Rate: 10.42% (6253/60000)


Average Test loss: 0.0001, Test Error Rate: 9.70% (970/10000)

Train Epoch: 25 [20000/60000 (33%)]	Loss: 0.112061
Train Epoch: 25 [40000/60000 (67%)]	Loss: 0.102331
Train Epoch: 25 [60000/60000 (100%)]	Loss: 0.103732

Average Training loss: 0.0005, Training Error Rate: 10.55% (6333/60000)


Average Test loss: 0.0001, Test Error Rate: 10.14% (1014/10000)

Train Epoch: 26 [20000/60000 (33%)]	Loss: 0.123039
Train Epoch: 26 [40000/60000 (67%)]	Loss: 0.108181
Train Epoch: 26 [60000/60000 (100%)]	Loss: 0.093343

Average Training loss: 0.0005, Training Error Rate: 10.57% (6344/60000)


Average Test loss: 0.0001, Test Error Rate: 9.59% (959/10000)

Train Epoch: 27 [20000/60000 (33%)]	Loss: 0.105607
Train Epoch: 27 [40000/60000 (67%)]	Loss: 0.096107
Train Epoch: 27 [60000/60000 (100%)]	Loss: 0.115846

Average Training loss: 0.0005, Training Error Rate: 10.30% (6182/60000)


Average Test loss: 0.0001, Test Error Rate: 9.95% (995/10000)

Train Epoch: 28 [20000/60000 (33%)]	Loss: 0.105648
Train Epoch: 28 [40000/60000 (67%)]	Loss: 0.109995
Train Epoch: 28 [60000/60000 (100%)]	Loss: 0.095548

Average Training loss: 0.0005, Training Error Rate: 10.29% (6176/60000)


Average Test loss: 0.0001, Test Error Rate: 9.66% (966/10000)

Train Epoch: 29 [20000/60000 (33%)]	Loss: 0.098366
slurmstepd: error: *** STEP 15492341.15 ON cn430 CANCELLED AT 2023-10-03T11:17:53 ***
/vast/home/ajherman/miniconda3/envs/pytorch/lib/python3.11/site-packages/torchvision/io/image.py:13: UserWarning: Failed to load image Python extension: '/vast/home/ajherman/miniconda3/envs/pytorch/lib/python3.11/site-packages/torchvision/image.so: undefined symbol: _ZN5torch3jit17parseSchemaOrNameERKNSt7__cxx1112basic_stringIcSt11char_traitsIcESaIcEEE'If you don't plan on using image functionality from `torchvision.io`, you can ignore this warning. Otherwise, there might be something wrong with your environment. Did you have `libjpeg` or `libpng` installed before building `torchvision` from source?
  warn(
Random seed set as 42
dt =  0.11750309741540466
trace decay =  0.7165313105737893
Random seed set as 42
Random seed set as 42
dt =  0.11750309741540466
trace decay =  0.7165313105737893
Random seed set as 42
Train Epoch: 29 [20000/60000 (33%)]	Loss: 0.094301
Train Epoch: 29 [40000/60000 (67%)]	Loss: 0.109859
Train Epoch: 29 [60000/60000 (100%)]	Loss: 0.101658

Average Training loss: 0.0005, Training Error Rate: 10.11% (6068/60000)


Average Test loss: 0.0001, Test Error Rate: 9.32% (932/10000)

Train Epoch: 30 [20000/60000 (33%)]	Loss: 0.117245
Train Epoch: 30 [40000/60000 (67%)]	Loss: 0.114570
Train Epoch: 30 [60000/60000 (100%)]	Loss: 0.089105

Average Training loss: 0.0005, Training Error Rate: 9.94% (5961/60000)


Average Test loss: 0.0001, Test Error Rate: 9.09% (909/10000)

Train Epoch: 31 [20000/60000 (33%)]	Loss: 0.099106
Train Epoch: 31 [40000/60000 (67%)]	Loss: 0.082236
Train Epoch: 31 [60000/60000 (100%)]	Loss: 0.096760

Average Training loss: 0.0005, Training Error Rate: 9.76% (5856/60000)


Average Test loss: 0.0001, Test Error Rate: 8.96% (896/10000)

Train Epoch: 32 [20000/60000 (33%)]	Loss: 0.095948
Train Epoch: 32 [40000/60000 (67%)]	Loss: 0.092940
Train Epoch: 32 [60000/60000 (100%)]	Loss: 0.102801

Average Training loss: 0.0005, Training Error Rate: 9.83% (5900/60000)


Average Test loss: 0.0001, Test Error Rate: 8.97% (897/10000)

Train Epoch: 33 [20000/60000 (33%)]	Loss: 0.107476
Train Epoch: 33 [40000/60000 (67%)]	Loss: 0.100146
Train Epoch: 33 [60000/60000 (100%)]	Loss: 0.078225

Average Training loss: 0.0005, Training Error Rate: 9.88% (5930/60000)


Average Test loss: 0.0001, Test Error Rate: 9.19% (919/10000)

Train Epoch: 34 [20000/60000 (33%)]	Loss: 0.107986
Train Epoch: 34 [40000/60000 (67%)]	Loss: 0.100271
Train Epoch: 34 [60000/60000 (100%)]	Loss: 0.113400

Average Training loss: 0.0005, Training Error Rate: 9.87% (5919/60000)


Average Test loss: 0.0001, Test Error Rate: 9.17% (917/10000)

Train Epoch: 35 [20000/60000 (33%)]	Loss: 0.093928
Train Epoch: 35 [40000/60000 (67%)]	Loss: 0.087476
Train Epoch: 35 [60000/60000 (100%)]	Loss: 0.089191

Average Training loss: 0.0005, Training Error Rate: 9.59% (5753/60000)


Average Test loss: 0.0001, Test Error Rate: 9.02% (902/10000)

Train Epoch: 36 [20000/60000 (33%)]	Loss: 0.111651
Train Epoch: 36 [40000/60000 (67%)]	Loss: 0.093207
Train Epoch: 36 [60000/60000 (100%)]	Loss: 0.103753

Average Training loss: 0.0005, Training Error Rate: 9.65% (5791/60000)


Average Test loss: 0.0001, Test Error Rate: 8.90% (890/10000)

Train Epoch: 37 [20000/60000 (33%)]	Loss: 0.099593
Train Epoch: 37 [40000/60000 (67%)]	Loss: 0.098410
Train Epoch: 37 [60000/60000 (100%)]	Loss: 0.095745

Average Training loss: 0.0005, Training Error Rate: 9.50% (5702/60000)


Average Test loss: 0.0001, Test Error Rate: 9.15% (915/10000)

Train Epoch: 38 [20000/60000 (33%)]	Loss: 0.109832
Train Epoch: 38 [40000/60000 (67%)]	Loss: 0.104116
Train Epoch: 38 [60000/60000 (100%)]	Loss: 0.095800

Average Training loss: 0.0005, Training Error Rate: 9.64% (5783/60000)


Average Test loss: 0.0001, Test Error Rate: 9.08% (908/10000)

Train Epoch: 39 [20000/60000 (33%)]	Loss: 0.102686
Train Epoch: 39 [40000/60000 (67%)]	Loss: 0.092273
Train Epoch: 39 [60000/60000 (100%)]	Loss: 0.110627

Average Training loss: 0.0005, Training Error Rate: 9.66% (5795/60000)


Average Test loss: 0.0001, Test Error Rate: 8.69% (869/10000)

Train Epoch: 40 [20000/60000 (33%)]	Loss: 0.106820
Train Epoch: 40 [40000/60000 (67%)]	Loss: 0.096541
Train Epoch: 40 [60000/60000 (100%)]	Loss: 0.089383

Average Training loss: 0.0005, Training Error Rate: 9.58% (5747/60000)


Average Test loss: 0.0001, Test Error Rate: 8.43% (843/10000)

Train Epoch: 41 [20000/60000 (33%)]	Loss: 0.087755
Train Epoch: 41 [40000/60000 (67%)]	Loss: 0.113830
Train Epoch: 41 [60000/60000 (100%)]	Loss: 0.079399

Average Training loss: 0.0005, Training Error Rate: 9.39% (5635/60000)


Average Test loss: 0.0001, Test Error Rate: 8.68% (868/10000)

Train Epoch: 42 [20000/60000 (33%)]	Loss: 0.093481
Train Epoch: 42 [40000/60000 (67%)]	Loss: 0.091504
Train Epoch: 42 [60000/60000 (100%)]	Loss: 0.099789

Average Training loss: 0.0005, Training Error Rate: 9.15% (5489/60000)


Average Test loss: 0.0001, Test Error Rate: 8.68% (868/10000)

Train Epoch: 43 [20000/60000 (33%)]	Loss: 0.089070
Train Epoch: 43 [40000/60000 (67%)]	Loss: 0.107882
Train Epoch: 43 [60000/60000 (100%)]	Loss: 0.095707

Average Training loss: 0.0005, Training Error Rate: 9.36% (5616/60000)


Average Test loss: 0.0001, Test Error Rate: 8.95% (895/10000)

Train Epoch: 44 [20000/60000 (33%)]	Loss: 0.090702
Train Epoch: 44 [40000/60000 (67%)]	Loss: 0.104737
Train Epoch: 44 [60000/60000 (100%)]	Loss: 0.094705

Average Training loss: 0.0005, Training Error Rate: 9.33% (5597/60000)


Average Test loss: 0.0001, Test Error Rate: 8.65% (865/10000)

Train Epoch: 45 [20000/60000 (33%)]	Loss: 0.089301
Train Epoch: 45 [40000/60000 (67%)]	Loss: 0.097389
Train Epoch: 45 [60000/60000 (100%)]	Loss: 0.094796

Average Training loss: 0.0005, Training Error Rate: 9.23% (5540/60000)


Average Test loss: 0.0001, Test Error Rate: 8.49% (849/10000)

Train Epoch: 46 [20000/60000 (33%)]	Loss: 0.101688
Train Epoch: 46 [40000/60000 (67%)]	Loss: 0.079159
Train Epoch: 46 [60000/60000 (100%)]	Loss: 0.092579

Average Training loss: 0.0005, Training Error Rate: 9.10% (5460/60000)


Average Test loss: 0.0001, Test Error Rate: 8.61% (861/10000)

Train Epoch: 47 [20000/60000 (33%)]	Loss: 0.090616
Train Epoch: 47 [40000/60000 (67%)]	Loss: 0.067567
Train Epoch: 47 [60000/60000 (100%)]	Loss: 0.095294

Average Training loss: 0.0005, Training Error Rate: 9.06% (5439/60000)


Average Test loss: 0.0001, Test Error Rate: 8.89% (889/10000)

Train Epoch: 48 [20000/60000 (33%)]	Loss: 0.095688
Train Epoch: 48 [40000/60000 (67%)]	Loss: 0.095507
Train Epoch: 48 [60000/60000 (100%)]	Loss: 0.104658

Average Training loss: 0.0005, Training Error Rate: 9.10% (5458/60000)


Average Test loss: 0.0001, Test Error Rate: 8.69% (869/10000)

Train Epoch: 49 [20000/60000 (33%)]	Loss: 0.107571
Train Epoch: 49 [40000/60000 (67%)]	Loss: 0.107594
Train Epoch: 49 [60000/60000 (100%)]	Loss: 0.097162

Average Training loss: 0.0005, Training Error Rate: 9.11% (5468/60000)


Average Test loss: 0.0001, Test Error Rate: 8.83% (883/10000)

Train Epoch: 50 [20000/60000 (33%)]	Loss: 0.078591
Train Epoch: 50 [40000/60000 (67%)]	Loss: 0.103738
Train Epoch: 50 [60000/60000 (100%)]	Loss: 0.094275

Average Training loss: 0.0005, Training Error Rate: 8.96% (5378/60000)


Average Test loss: 0.0001, Test Error Rate: 8.24% (824/10000)

Train Epoch: 51 [20000/60000 (33%)]	Loss: 0.099683
Train Epoch: 51 [40000/60000 (67%)]	Loss: 0.103687
Train Epoch: 51 [60000/60000 (100%)]	Loss: 0.085037

Average Training loss: 0.0005, Training Error Rate: 8.98% (5389/60000)


Average Test loss: 0.0001, Test Error Rate: 8.82% (882/10000)

Train Epoch: 52 [20000/60000 (33%)]	Loss: 0.099332
Train Epoch: 52 [40000/60000 (67%)]	Loss: 0.084561
Train Epoch: 52 [60000/60000 (100%)]	Loss: 0.084866

Average Training loss: 0.0005, Training Error Rate: 8.86% (5314/60000)


Average Test loss: 0.0001, Test Error Rate: 8.33% (833/10000)

Train Epoch: 53 [20000/60000 (33%)]	Loss: 0.096201
Train Epoch: 53 [40000/60000 (67%)]	Loss: 0.082903
Train Epoch: 53 [60000/60000 (100%)]	Loss: 0.080261

Average Training loss: 0.0004, Training Error Rate: 8.76% (5257/60000)


Average Test loss: 0.0001, Test Error Rate: 8.26% (826/10000)

Train Epoch: 54 [20000/60000 (33%)]	Loss: 0.097968
Train Epoch: 54 [40000/60000 (67%)]	Loss: 0.094780
Train Epoch: 54 [60000/60000 (100%)]	Loss: 0.085780

Average Training loss: 0.0004, Training Error Rate: 8.67% (5200/60000)


Average Test loss: 0.0001, Test Error Rate: 8.29% (829/10000)

Train Epoch: 55 [20000/60000 (33%)]	Loss: 0.108825
Train Epoch: 55 [40000/60000 (67%)]	Loss: 0.093776
Train Epoch: 55 [60000/60000 (100%)]	Loss: 0.077204

Average Training loss: 0.0004, Training Error Rate: 8.65% (5193/60000)


Average Test loss: 0.0001, Test Error Rate: 8.41% (841/10000)

Train Epoch: 56 [20000/60000 (33%)]	Loss: 0.088008
Train Epoch: 56 [40000/60000 (67%)]	Loss: 0.080195
Train Epoch: 56 [60000/60000 (100%)]	Loss: 0.097136

Average Training loss: 0.0004, Training Error Rate: 8.61% (5168/60000)


Average Test loss: 0.0001, Test Error Rate: 8.46% (846/10000)

Train Epoch: 57 [20000/60000 (33%)]	Loss: 0.093793
Train Epoch: 57 [40000/60000 (67%)]	Loss: 0.088576
Train Epoch: 57 [60000/60000 (100%)]	Loss: 0.098319

Average Training loss: 0.0004, Training Error Rate: 8.61% (5163/60000)


Average Test loss: 0.0001, Test Error Rate: 8.19% (819/10000)

Train Epoch: 58 [20000/60000 (33%)]	Loss: 0.099426
Train Epoch: 58 [40000/60000 (67%)]	Loss: 0.092566
Train Epoch: 58 [60000/60000 (100%)]	Loss: 0.076084

Average Training loss: 0.0004, Training Error Rate: 8.56% (5135/60000)


Average Test loss: 0.0001, Test Error Rate: 8.42% (842/10000)

Train Epoch: 59 [20000/60000 (33%)]	Loss: 0.089447
Train Epoch: 59 [40000/60000 (67%)]	Loss: 0.078197
Train Epoch: 59 [60000/60000 (100%)]	Loss: 0.074689

Average Training loss: 0.0004, Training Error Rate: 8.43% (5060/60000)


Average Test loss: 0.0001, Test Error Rate: 8.37% (837/10000)

Train Epoch: 60 [20000/60000 (33%)]	Loss: 0.076555
Train Epoch: 60 [40000/60000 (67%)]	Loss: 0.092820
Train Epoch: 60 [60000/60000 (100%)]	Loss: 0.076977

Average Training loss: 0.0004, Training Error Rate: 8.58% (5148/60000)


Average Test loss: 0.0001, Test Error Rate: 8.03% (803/10000)

Train Epoch: 61 [20000/60000 (33%)]	Loss: 0.070000
Train Epoch: 61 [40000/60000 (67%)]	Loss: 0.083614
Train Epoch: 61 [60000/60000 (100%)]	Loss: 0.084875

Average Training loss: 0.0004, Training Error Rate: 8.26% (4956/60000)


Average Test loss: 0.0001, Test Error Rate: 8.12% (812/10000)

Train Epoch: 62 [20000/60000 (33%)]	Loss: 0.086426
Train Epoch: 62 [40000/60000 (67%)]	Loss: 0.082558
Train Epoch: 62 [60000/60000 (100%)]	Loss: 0.087584

Average Training loss: 0.0004, Training Error Rate: 8.42% (5052/60000)


Average Test loss: 0.0001, Test Error Rate: 7.92% (792/10000)

Train Epoch: 63 [20000/60000 (33%)]	Loss: 0.099963
Train Epoch: 63 [40000/60000 (67%)]	Loss: 0.078744
Train Epoch: 63 [60000/60000 (100%)]	Loss: 0.077266

Average Training loss: 0.0004, Training Error Rate: 8.36% (5014/60000)


Average Test loss: 0.0001, Test Error Rate: 7.99% (799/10000)

Train Epoch: 64 [20000/60000 (33%)]	Loss: 0.099955
Train Epoch: 64 [40000/60000 (67%)]	Loss: 0.063716
Train Epoch: 64 [60000/60000 (100%)]	Loss: 0.094944

Average Training loss: 0.0004, Training Error Rate: 8.18% (4909/60000)


Average Test loss: 0.0001, Test Error Rate: 8.06% (806/10000)

Train Epoch: 65 [20000/60000 (33%)]	Loss: 0.084223
Train Epoch: 65 [40000/60000 (67%)]	Loss: 0.091424
Train Epoch: 65 [60000/60000 (100%)]	Loss: 0.093017

Average Training loss: 0.0004, Training Error Rate: 8.16% (4899/60000)


Average Test loss: 0.0001, Test Error Rate: 7.89% (789/10000)

/vast/home/ajherman/miniconda3/envs/pytorch/lib/python3.11/site-packages/torchvision/io/image.py:13: UserWarning: Failed to load image Python extension: '/vast/home/ajherman/miniconda3/envs/pytorch/lib/python3.11/site-packages/torchvision/image.so: undefined symbol: _ZN5torch3jit17parseSchemaOrNameERKNSt7__cxx1112basic_stringIcSt11char_traitsIcESaIcEEE'If you don't plan on using image functionality from `torchvision.io`, you can ignore this warning. Otherwise, there might be something wrong with your environment. Did you have `libjpeg` or `libpng` installed before building `torchvision` from source?
  warn(
Random seed set as 42
dt =  0.11750309741540454
trace decay =  0.7165313105737893
Random seed set as 42
Random seed set as 42
dt =  0.11750309741540454
trace decay =  0.7165313105737893
Random seed set as 42
Train Epoch: 66 [20000/60000 (33%)]	Loss: 0.075186
Train Epoch: 66 [40000/60000 (67%)]	Loss: 0.089217
Train Epoch: 66 [60000/60000 (100%)]	Loss: 0.085905

Average Training loss: 0.0004, Training Error Rate: 8.23% (4937/60000)


Average Test loss: 0.0001, Test Error Rate: 7.88% (788/10000)

Train Epoch: 67 [20000/60000 (33%)]	Loss: 0.096364
Train Epoch: 67 [40000/60000 (67%)]	Loss: 0.086667
Train Epoch: 67 [60000/60000 (100%)]	Loss: 0.068353

Average Training loss: 0.0004, Training Error Rate: 8.05% (4828/60000)


Average Test loss: 0.0001, Test Error Rate: 7.68% (768/10000)

Train Epoch: 68 [20000/60000 (33%)]	Loss: 0.079150
Train Epoch: 68 [40000/60000 (67%)]	Loss: 0.070072
Train Epoch: 68 [60000/60000 (100%)]	Loss: 0.078156

Average Training loss: 0.0004, Training Error Rate: 8.07% (4841/60000)


Average Test loss: 0.0001, Test Error Rate: 7.73% (773/10000)

Train Epoch: 69 [20000/60000 (33%)]	Loss: 0.082561
Train Epoch: 69 [40000/60000 (67%)]	Loss: 0.074899
Train Epoch: 69 [60000/60000 (100%)]	Loss: 0.080203

Average Training loss: 0.0004, Training Error Rate: 8.16% (4896/60000)


Average Test loss: 0.0001, Test Error Rate: 7.75% (775/10000)

Train Epoch: 70 [20000/60000 (33%)]	Loss: 0.088637
Train Epoch: 70 [40000/60000 (67%)]	Loss: 0.083505
Train Epoch: 70 [60000/60000 (100%)]	Loss: 0.065923

Average Training loss: 0.0004, Training Error Rate: 8.16% (4899/60000)


Average Test loss: 0.0001, Test Error Rate: 7.70% (770/10000)

Train Epoch: 71 [20000/60000 (33%)]	Loss: 0.097188
Train Epoch: 71 [40000/60000 (67%)]	Loss: 0.090227
Train Epoch: 71 [60000/60000 (100%)]	Loss: 0.093888

Average Training loss: 0.0004, Training Error Rate: 8.12% (4872/60000)


Average Test loss: 0.0001, Test Error Rate: 7.82% (782/10000)

Train Epoch: 72 [20000/60000 (33%)]	Loss: 0.075539
Train Epoch: 72 [40000/60000 (67%)]	Loss: 0.074928
Train Epoch: 72 [60000/60000 (100%)]	Loss: 0.070995

Average Training loss: 0.0004, Training Error Rate: 8.06% (4836/60000)


Average Test loss: 0.0001, Test Error Rate: 7.97% (797/10000)

Train Epoch: 73 [20000/60000 (33%)]	Loss: 0.089896
Train Epoch: 73 [40000/60000 (67%)]	Loss: 0.070581
Train Epoch: 73 [60000/60000 (100%)]	Loss: 0.081766

Average Training loss: 0.0004, Training Error Rate: 8.06% (4838/60000)


Average Test loss: 0.0001, Test Error Rate: 7.65% (765/10000)

Train Epoch: 74 [20000/60000 (33%)]	Loss: 0.079446
Train Epoch: 74 [40000/60000 (67%)]	Loss: 0.071510
Train Epoch: 74 [60000/60000 (100%)]	Loss: 0.081369

Average Training loss: 0.0004, Training Error Rate: 8.01% (4808/60000)


Average Test loss: 0.0001, Test Error Rate: 7.84% (784/10000)

Train Epoch: 75 [20000/60000 (33%)]	Loss: 0.087205
Train Epoch: 75 [40000/60000 (67%)]	Loss: 0.080159
Train Epoch: 75 [60000/60000 (100%)]	Loss: 0.068342

Average Training loss: 0.0004, Training Error Rate: 7.87% (4721/60000)


Average Test loss: 0.0001, Test Error Rate: 7.73% (773/10000)

Train Epoch: 76 [20000/60000 (33%)]	Loss: 0.077523
Train Epoch: 76 [40000/60000 (67%)]	Loss: 0.078035
Train Epoch: 76 [60000/60000 (100%)]	Loss: 0.096956

Average Training loss: 0.0004, Training Error Rate: 7.74% (4644/60000)


Average Test loss: 0.0001, Test Error Rate: 7.62% (762/10000)

Train Epoch: 77 [20000/60000 (33%)]	Loss: 0.083483
Train Epoch: 77 [40000/60000 (67%)]	Loss: 0.074065
Train Epoch: 77 [60000/60000 (100%)]	Loss: 0.072458

Average Training loss: 0.0004, Training Error Rate: 7.76% (4657/60000)


Average Test loss: 0.0001, Test Error Rate: 7.63% (763/10000)

Train Epoch: 78 [20000/60000 (33%)]	Loss: 0.068897
Train Epoch: 78 [40000/60000 (67%)]	Loss: 0.094471
Train Epoch: 78 [60000/60000 (100%)]	Loss: 0.064651

Average Training loss: 0.0004, Training Error Rate: 7.95% (4769/60000)


Average Test loss: 0.0001, Test Error Rate: 7.67% (767/10000)

Train Epoch: 79 [20000/60000 (33%)]	Loss: 0.082972
Train Epoch: 79 [40000/60000 (67%)]	Loss: 0.080749
Train Epoch: 79 [60000/60000 (100%)]	Loss: 0.077015

Average Training loss: 0.0004, Training Error Rate: 8.02% (4814/60000)


Average Test loss: 0.0001, Test Error Rate: 7.68% (768/10000)

Train Epoch: 80 [20000/60000 (33%)]	Loss: 0.067333
Train Epoch: 80 [40000/60000 (67%)]	Loss: 0.096491
Train Epoch: 80 [60000/60000 (100%)]	Loss: 0.078006

Average Training loss: 0.0004, Training Error Rate: 8.04% (4827/60000)


Average Test loss: 0.0001, Test Error Rate: 7.77% (777/10000)

Train Epoch: 81 [20000/60000 (33%)]	Loss: 0.076313
Train Epoch: 81 [40000/60000 (67%)]	Loss: 0.079709
Train Epoch: 81 [60000/60000 (100%)]	Loss: 0.075803

Average Training loss: 0.0004, Training Error Rate: 7.97% (4784/60000)


Average Test loss: 0.0001, Test Error Rate: 8.16% (816/10000)

Train Epoch: 82 [20000/60000 (33%)]	Loss: 0.080218
Train Epoch: 82 [40000/60000 (67%)]	Loss: 0.079546
Train Epoch: 82 [60000/60000 (100%)]	Loss: 0.080902

Average Training loss: 0.0004, Training Error Rate: 8.04% (4823/60000)


Average Test loss: 0.0001, Test Error Rate: 7.91% (791/10000)

Train Epoch: 83 [20000/60000 (33%)]	Loss: 0.081430
Train Epoch: 83 [40000/60000 (67%)]	Loss: 0.069119
Train Epoch: 83 [60000/60000 (100%)]	Loss: 0.081130

Average Training loss: 0.0004, Training Error Rate: 7.84% (4707/60000)


Average Test loss: 0.0001, Test Error Rate: 7.57% (757/10000)

Train Epoch: 84 [20000/60000 (33%)]	Loss: 0.078632
Train Epoch: 84 [40000/60000 (67%)]	Loss: 0.062240
Train Epoch: 84 [60000/60000 (100%)]	Loss: 0.086731

Average Training loss: 0.0004, Training Error Rate: 7.92% (4749/60000)


Average Test loss: 0.0001, Test Error Rate: 7.84% (784/10000)

Train Epoch: 85 [20000/60000 (33%)]	Loss: 0.084709
Train Epoch: 85 [40000/60000 (67%)]	Loss: 0.072638
Train Epoch: 85 [60000/60000 (100%)]	Loss: 0.087883

Average Training loss: 0.0004, Training Error Rate: 7.87% (4722/60000)


Average Test loss: 0.0001, Test Error Rate: 7.87% (787/10000)

Train Epoch: 86 [20000/60000 (33%)]	Loss: 0.082045
Train Epoch: 86 [40000/60000 (67%)]	Loss: 0.096542
Train Epoch: 86 [60000/60000 (100%)]	Loss: 0.072444

Average Training loss: 0.0004, Training Error Rate: 7.96% (4778/60000)


Average Test loss: 0.0001, Test Error Rate: 7.93% (793/10000)

Train Epoch: 87 [20000/60000 (33%)]	Loss: 0.066605
Train Epoch: 87 [40000/60000 (67%)]	Loss: 0.084439
Train Epoch: 87 [60000/60000 (100%)]	Loss: 0.087936

Average Training loss: 0.0004, Training Error Rate: 7.86% (4714/60000)


Average Test loss: 0.0001, Test Error Rate: 7.77% (777/10000)

Train Epoch: 88 [20000/60000 (33%)]	Loss: 0.090056
Train Epoch: 88 [40000/60000 (67%)]	Loss: 0.096217
Train Epoch: 88 [60000/60000 (100%)]	Loss: 0.070158

Average Training loss: 0.0004, Training Error Rate: 7.93% (4761/60000)


Average Test loss: 0.0001, Test Error Rate: 7.78% (778/10000)

Train Epoch: 89 [20000/60000 (33%)]	Loss: 0.081428
Train Epoch: 89 [40000/60000 (67%)]	Loss: 0.067694
Train Epoch: 89 [60000/60000 (100%)]	Loss: 0.068342

Average Training loss: 0.0004, Training Error Rate: 7.78% (4670/60000)


Average Test loss: 0.0001, Test Error Rate: 7.46% (746/10000)

Train Epoch: 90 [20000/60000 (33%)]	Loss: 0.079840
Train Epoch: 90 [40000/60000 (67%)]	Loss: 0.068079
Train Epoch: 90 [60000/60000 (100%)]	Loss: 0.070085

Average Training loss: 0.0004, Training Error Rate: 7.78% (4665/60000)


Average Test loss: 0.0001, Test Error Rate: 7.41% (741/10000)

Train Epoch: 91 [20000/60000 (33%)]	Loss: 0.080674
Train Epoch: 91 [40000/60000 (67%)]	Loss: 0.081201
Train Epoch: 91 [60000/60000 (100%)]	Loss: 0.081225

Average Training loss: 0.0004, Training Error Rate: 7.79% (4671/60000)


Average Test loss: 0.0001, Test Error Rate: 7.55% (755/10000)

Train Epoch: 92 [20000/60000 (33%)]	Loss: 0.086594
Train Epoch: 92 [40000/60000 (67%)]	Loss: 0.074987
Train Epoch: 92 [60000/60000 (100%)]	Loss: 0.070624

Average Training loss: 0.0004, Training Error Rate: 7.66% (4593/60000)


Average Test loss: 0.0001, Test Error Rate: 7.58% (758/10000)

Train Epoch: 93 [20000/60000 (33%)]	Loss: 0.081319
Train Epoch: 93 [40000/60000 (67%)]	Loss: 0.073704
Train Epoch: 93 [60000/60000 (100%)]	Loss: 0.084200

Average Training loss: 0.0004, Training Error Rate: 7.63% (4580/60000)


Average Test loss: 0.0001, Test Error Rate: 7.59% (759/10000)

Train Epoch: 94 [20000/60000 (33%)]	Loss: 0.081282
Train Epoch: 94 [40000/60000 (67%)]	Loss: 0.074948
Train Epoch: 94 [60000/60000 (100%)]	Loss: 0.088070

Average Training loss: 0.0004, Training Error Rate: 7.67% (4601/60000)


Average Test loss: 0.0001, Test Error Rate: 7.55% (755/10000)

Train Epoch: 95 [20000/60000 (33%)]	Loss: 0.086830
Train Epoch: 95 [40000/60000 (67%)]	Loss: 0.080522
Train Epoch: 95 [60000/60000 (100%)]	Loss: 0.066356

Average Training loss: 0.0004, Training Error Rate: 7.59% (4553/60000)


Average Test loss: 0.0001, Test Error Rate: 7.48% (748/10000)

Train Epoch: 96 [20000/60000 (33%)]	Loss: 0.082076
Train Epoch: 96 [40000/60000 (67%)]	Loss: 0.077097
Train Epoch: 96 [60000/60000 (100%)]	Loss: 0.067327

Average Training loss: 0.0004, Training Error Rate: 7.61% (4565/60000)


Average Test loss: 0.0001, Test Error Rate: 7.61% (761/10000)

Train Epoch: 97 [20000/60000 (33%)]	Loss: 0.066644
Train Epoch: 97 [40000/60000 (67%)]	Loss: 0.086477
Train Epoch: 97 [60000/60000 (100%)]	Loss: 0.073545

Average Training loss: 0.0004, Training Error Rate: 7.58% (4546/60000)


Average Test loss: 0.0001, Test Error Rate: 7.24% (724/10000)

Train Epoch: 98 [20000/60000 (33%)]	Loss: 0.066503
Train Epoch: 98 [40000/60000 (67%)]	Loss: 0.074484
Train Epoch: 98 [60000/60000 (100%)]	Loss: 0.073463

Average Training loss: 0.0004, Training Error Rate: 7.46% (4473/60000)


Average Test loss: 0.0001, Test Error Rate: 7.55% (755/10000)

Train Epoch: 99 [20000/60000 (33%)]	Loss: 0.076878
Train Epoch: 99 [40000/60000 (67%)]	Loss: 0.073708
Train Epoch: 99 [60000/60000 (100%)]	Loss: 0.069268

Average Training loss: 0.0004, Training Error Rate: 7.47% (4485/60000)


Average Test loss: 0.0001, Test Error Rate: 7.36% (736/10000)

Train Epoch: 100 [20000/60000 (33%)]	Loss: 0.087585
Train Epoch: 100 [40000/60000 (67%)]	Loss: 0.073485
Train Epoch: 100 [60000/60000 (100%)]	Loss: 0.070534

Average Training loss: 0.0004, Training Error Rate: 7.37% (4419/60000)


Average Test loss: 0.0001, Test Error Rate: 7.27% (727/10000)

Train Epoch: 101 [20000/60000 (33%)]	Loss: 0.085597
Train Epoch: 101 [40000/60000 (67%)]	Loss: 0.055289
Train Epoch: 101 [60000/60000 (100%)]	Loss: 0.081269

Average Training loss: 0.0004, Training Error Rate: 7.55% (4531/60000)


Average Test loss: 0.0001, Test Error Rate: 7.51% (751/10000)

Train Epoch: 102 [20000/60000 (33%)]	Loss: 0.079139
Train Epoch: 102 [40000/60000 (67%)]	Loss: 0.075211
Train Epoch: 102 [60000/60000 (100%)]	Loss: 0.080278

Average Training loss: 0.0004, Training Error Rate: 7.34% (4403/60000)


Average Test loss: 0.0001, Test Error Rate: 7.13% (713/10000)

Train Epoch: 103 [20000/60000 (33%)]	Loss: 0.061497
Train Epoch: 103 [40000/60000 (67%)]	Loss: 0.083241
Train Epoch: 103 [60000/60000 (100%)]	Loss: 0.077497

Average Training loss: 0.0004, Training Error Rate: 7.32% (4390/60000)


Average Test loss: 0.0001, Test Error Rate: 7.37% (737/10000)

Train Epoch: 104 [20000/60000 (33%)]	Loss: 0.071518
Train Epoch: 104 [40000/60000 (67%)]	Loss: 0.079269
Train Epoch: 104 [60000/60000 (100%)]	Loss: 0.072141

Average Training loss: 0.0004, Training Error Rate: 7.37% (4419/60000)


Average Test loss: 0.0001, Test Error Rate: 7.12% (712/10000)

Train Epoch: 105 [20000/60000 (33%)]	Loss: 0.064069
Train Epoch: 105 [40000/60000 (67%)]	Loss: 0.071814
Train Epoch: 105 [60000/60000 (100%)]	Loss: 0.052065

Average Training loss: 0.0004, Training Error Rate: 7.30% (4382/60000)


Average Test loss: 0.0001, Test Error Rate: 7.17% (717/10000)

Train Epoch: 106 [20000/60000 (33%)]	Loss: 0.084362
Train Epoch: 106 [40000/60000 (67%)]	Loss: 0.075306
Train Epoch: 106 [60000/60000 (100%)]	Loss: 0.079143

Average Training loss: 0.0004, Training Error Rate: 7.14% (4285/60000)


Average Test loss: 0.0001, Test Error Rate: 6.82% (682/10000)

Train Epoch: 107 [20000/60000 (33%)]	Loss: 0.087469
Train Epoch: 107 [40000/60000 (67%)]	Loss: 0.072839
Train Epoch: 107 [60000/60000 (100%)]	Loss: 0.074812

Average Training loss: 0.0004, Training Error Rate: 7.17% (4305/60000)


Average Test loss: 0.0001, Test Error Rate: 7.21% (721/10000)

Train Epoch: 108 [20000/60000 (33%)]	Loss: 0.059605
Train Epoch: 108 [40000/60000 (67%)]	Loss: 0.086704
Train Epoch: 108 [60000/60000 (100%)]	Loss: 0.084953

Average Training loss: 0.0004, Training Error Rate: 7.26% (4358/60000)


Average Test loss: 0.0001, Test Error Rate: 7.06% (706/10000)

Train Epoch: 109 [20000/60000 (33%)]	Loss: 0.080732
Train Epoch: 109 [40000/60000 (67%)]	Loss: 0.073055
Train Epoch: 109 [60000/60000 (100%)]	Loss: 0.058126

Average Training loss: 0.0004, Training Error Rate: 7.29% (4377/60000)


Average Test loss: 0.0001, Test Error Rate: 7.19% (719/10000)

Train Epoch: 110 [20000/60000 (33%)]	Loss: 0.061667
Train Epoch: 110 [40000/60000 (67%)]	Loss: 0.049593
