/vast/home/ajherman/miniconda3/envs/pytorch/lib/python3.11/site-packages/torchvision/io/image.py:13: UserWarning: Failed to load image Python extension: '/vast/home/ajherman/miniconda3/envs/pytorch/lib/python3.11/site-packages/torchvision/image.so: undefined symbol: _ZN5torch3jit17parseSchemaOrNameERKNSt7__cxx1112basic_stringIcSt11char_traitsIcESaIcEEE'If you don't plan on using image functionality from `torchvision.io`, you can ignore this warning. Otherwise, there might be something wrong with your environment. Did you have `libjpeg` or `libpng` installed before building `torchvision` from source?
  warn(
Random seed set as 42
dt =  0.3934693402873666
trace decay =  0.6065306597126334
Random seed set as 42
Random seed set as 42
dt =  0.3934693402873666
trace decay =  0.6065306597126334
Random seed set as 42
Train Epoch: 0 [20000/60000 (33%)]	Loss: 0.380756
Train Epoch: 0 [40000/60000 (67%)]	Loss: 0.316048
Train Epoch: 0 [60000/60000 (100%)]	Loss: 0.285675

Average Training loss: 0.0018, Training Error Rate: 49.80% (29883/60000)


Average Test loss: 0.0003, Test Error Rate: 29.73% (2973/10000)

Train Epoch: 1 [20000/60000 (33%)]	Loss: 0.257026
Train Epoch: 1 [40000/60000 (67%)]	Loss: 0.246397
Train Epoch: 1 [60000/60000 (100%)]	Loss: 0.205742

Average Training loss: 0.0013, Training Error Rate: 26.49% (15896/60000)


Average Test loss: 0.0002, Test Error Rate: 22.77% (2277/10000)

slurmstepd: error: *** STEP 15491035.9 ON cn4073 CANCELLED AT 2023-10-02T10:17:52 ***
/vast/home/ajherman/miniconda3/envs/pytorch/lib/python3.11/site-packages/torchvision/io/image.py:13: UserWarning: Failed to load image Python extension: '/vast/home/ajherman/miniconda3/envs/pytorch/lib/python3.11/site-packages/torchvision/image.so: undefined symbol: _ZN5torch3jit17parseSchemaOrNameERKNSt7__cxx1112basic_stringIcSt11char_traitsIcESaIcEEE'If you don't plan on using image functionality from `torchvision.io`, you can ignore this warning. Otherwise, there might be something wrong with your environment. Did you have `libjpeg` or `libpng` installed before building `torchvision` from source?
  warn(
Random seed set as 42
dt =  0.3934693402873666
trace decay =  0.6065306597126334
Random seed set as 42
Random seed set as 42
dt =  0.3934693402873666
trace decay =  0.6065306597126334
Random seed set as 42
Train Epoch: 2 [20000/60000 (33%)]	Loss: 0.209903
Train Epoch: 2 [40000/60000 (67%)]	Loss: 0.202505
Train Epoch: 2 [60000/60000 (100%)]	Loss: 0.206552

Average Training loss: 0.0010, Training Error Rate: 20.62% (12371/60000)


Average Test loss: 0.0002, Test Error Rate: 17.38% (1738/10000)

Train Epoch: 3 [20000/60000 (33%)]	Loss: 0.192752
Train Epoch: 3 [40000/60000 (67%)]	Loss: 0.171557
Train Epoch: 3 [60000/60000 (100%)]	Loss: 0.151125

Average Training loss: 0.0009, Training Error Rate: 17.84% (10703/60000)


Average Test loss: 0.0002, Test Error Rate: 15.67% (1567/10000)

Train Epoch: 4 [20000/60000 (33%)]	Loss: 0.173220
Train Epoch: 4 [40000/60000 (67%)]	Loss: 0.152507
Train Epoch: 4 [60000/60000 (100%)]	Loss: 0.174581

Average Training loss: 0.0009, Training Error Rate: 16.47% (9880/60000)


Average Test loss: 0.0002, Test Error Rate: 15.38% (1538/10000)

Train Epoch: 5 [20000/60000 (33%)]	Loss: 0.165371
Train Epoch: 5 [40000/60000 (67%)]	Loss: 0.144528
Train Epoch: 5 [60000/60000 (100%)]	Loss: 0.156405

Average Training loss: 0.0008, Training Error Rate: 15.63% (9379/60000)


Average Test loss: 0.0001, Test Error Rate: 14.83% (1483/10000)

Train Epoch: 6 [20000/60000 (33%)]	Loss: 0.158725
Train Epoch: 6 [40000/60000 (67%)]	Loss: 0.152536
Train Epoch: 6 [60000/60000 (100%)]	Loss: 0.118168

Average Training loss: 0.0007, Training Error Rate: 15.17% (9102/60000)


Average Test loss: 0.0001, Test Error Rate: 13.89% (1389/10000)

Train Epoch: 7 [20000/60000 (33%)]	Loss: 0.153055
Train Epoch: 7 [40000/60000 (67%)]	Loss: 0.140049
Train Epoch: 7 [60000/60000 (100%)]	Loss: 0.159509

Average Training loss: 0.0007, Training Error Rate: 14.62% (8772/60000)


Average Test loss: 0.0001, Test Error Rate: 13.62% (1362/10000)

Train Epoch: 8 [20000/60000 (33%)]	Loss: 0.135603
Train Epoch: 8 [40000/60000 (67%)]	Loss: 0.133156
Train Epoch: 8 [60000/60000 (100%)]	Loss: 0.131037

Average Training loss: 0.0007, Training Error Rate: 14.27% (8564/60000)


Average Test loss: 0.0001, Test Error Rate: 13.25% (1325/10000)

Train Epoch: 9 [20000/60000 (33%)]	Loss: 0.147475
Train Epoch: 9 [40000/60000 (67%)]	Loss: 0.130501
Train Epoch: 9 [60000/60000 (100%)]	Loss: 0.145606

Average Training loss: 0.0007, Training Error Rate: 13.56% (8137/60000)


Average Test loss: 0.0001, Test Error Rate: 12.33% (1233/10000)

Train Epoch: 10 [20000/60000 (33%)]	Loss: 0.135388
Train Epoch: 10 [40000/60000 (67%)]	Loss: 0.120477
Train Epoch: 10 [60000/60000 (100%)]	Loss: 0.128417

Average Training loss: 0.0006, Training Error Rate: 12.88% (7727/60000)


Average Test loss: 0.0001, Test Error Rate: 11.78% (1178/10000)

Train Epoch: 11 [20000/60000 (33%)]	Loss: 0.142284
Train Epoch: 11 [40000/60000 (67%)]	Loss: 0.132299
Train Epoch: 11 [60000/60000 (100%)]	Loss: 0.117154

Average Training loss: 0.0006, Training Error Rate: 12.76% (7658/60000)


Average Test loss: 0.0001, Test Error Rate: 11.97% (1197/10000)

Train Epoch: 12 [20000/60000 (33%)]	Loss: 0.143314
Train Epoch: 12 [40000/60000 (67%)]	Loss: 0.109063
Train Epoch: 12 [60000/60000 (100%)]	Loss: 0.150028

Average Training loss: 0.0006, Training Error Rate: 12.58% (7546/60000)


Average Test loss: 0.0001, Test Error Rate: 11.69% (1169/10000)

Train Epoch: 13 [20000/60000 (33%)]	Loss: 0.135219
Train Epoch: 13 [40000/60000 (67%)]	Loss: 0.122744
Train Epoch: 13 [60000/60000 (100%)]	Loss: 0.113686

Average Training loss: 0.0006, Training Error Rate: 12.55% (7529/60000)


Average Test loss: 0.0001, Test Error Rate: 11.62% (1162/10000)

Train Epoch: 14 [20000/60000 (33%)]	Loss: 0.113073
Train Epoch: 14 [40000/60000 (67%)]	Loss: 0.138621
Train Epoch: 14 [60000/60000 (100%)]	Loss: 0.100955

Average Training loss: 0.0006, Training Error Rate: 12.07% (7242/60000)


Average Test loss: 0.0001, Test Error Rate: 11.40% (1140/10000)

Train Epoch: 15 [20000/60000 (33%)]	Loss: 0.105722
Train Epoch: 15 [40000/60000 (67%)]	Loss: 0.111681
Train Epoch: 15 [60000/60000 (100%)]	Loss: 0.104453

Average Training loss: 0.0006, Training Error Rate: 11.66% (6994/60000)


Average Test loss: 0.0001, Test Error Rate: 10.88% (1088/10000)

Train Epoch: 16 [20000/60000 (33%)]	Loss: 0.100702
Train Epoch: 16 [40000/60000 (67%)]	Loss: 0.120379
Train Epoch: 16 [60000/60000 (100%)]	Loss: 0.111380

Average Training loss: 0.0006, Training Error Rate: 11.43% (6860/60000)


Average Test loss: 0.0001, Test Error Rate: 10.92% (1092/10000)

Train Epoch: 17 [20000/60000 (33%)]	Loss: 0.113408
Train Epoch: 17 [40000/60000 (67%)]	Loss: 0.111852
Train Epoch: 17 [60000/60000 (100%)]	Loss: 0.114906

Average Training loss: 0.0006, Training Error Rate: 11.74% (7046/60000)


Average Test loss: 0.0001, Test Error Rate: 10.89% (1089/10000)

Train Epoch: 18 [20000/60000 (33%)]	Loss: 0.102895
Train Epoch: 18 [40000/60000 (67%)]	Loss: 0.109373
Train Epoch: 18 [60000/60000 (100%)]	Loss: 0.115447

Average Training loss: 0.0006, Training Error Rate: 11.69% (7016/60000)


Average Test loss: 0.0001, Test Error Rate: 10.62% (1062/10000)

Train Epoch: 19 [20000/60000 (33%)]	Loss: 0.120419
Train Epoch: 19 [40000/60000 (67%)]	Loss: 0.097472
Train Epoch: 19 [60000/60000 (100%)]	Loss: 0.109654

Average Training loss: 0.0005, Training Error Rate: 11.04% (6621/60000)


Average Test loss: 0.0001, Test Error Rate: 10.58% (1058/10000)

Train Epoch: 20 [20000/60000 (33%)]	Loss: 0.093562
Train Epoch: 20 [40000/60000 (67%)]	Loss: 0.072710
Train Epoch: 20 [60000/60000 (100%)]	Loss: 0.115416

Average Training loss: 0.0005, Training Error Rate: 10.90% (6541/60000)


Average Test loss: 0.0001, Test Error Rate: 10.35% (1035/10000)

Train Epoch: 21 [20000/60000 (33%)]	Loss: 0.106805
Train Epoch: 21 [40000/60000 (67%)]	Loss: 0.107506
Train Epoch: 21 [60000/60000 (100%)]	Loss: 0.123230

Average Training loss: 0.0005, Training Error Rate: 10.55% (6330/60000)


Average Test loss: 0.0001, Test Error Rate: 10.39% (1039/10000)

Train Epoch: 22 [20000/60000 (33%)]	Loss: 0.115829
Train Epoch: 22 [40000/60000 (67%)]	Loss: 0.129879
Train Epoch: 22 [60000/60000 (100%)]	Loss: 0.103589

Average Training loss: 0.0005, Training Error Rate: 10.72% (6430/60000)


Average Test loss: 0.0001, Test Error Rate: 10.67% (1067/10000)

Train Epoch: 23 [20000/60000 (33%)]	Loss: 0.093435
Train Epoch: 23 [40000/60000 (67%)]	Loss: 0.104787
Train Epoch: 23 [60000/60000 (100%)]	Loss: 0.116455

Average Training loss: 0.0005, Training Error Rate: 10.60% (6357/60000)


Average Test loss: 0.0001, Test Error Rate: 10.21% (1021/10000)

Train Epoch: 24 [20000/60000 (33%)]	Loss: 0.098001
Train Epoch: 24 [40000/60000 (67%)]	Loss: 0.109769
Train Epoch: 24 [60000/60000 (100%)]	Loss: 0.103794

Average Training loss: 0.0005, Training Error Rate: 10.60% (6360/60000)


Average Test loss: 0.0001, Test Error Rate: 10.44% (1044/10000)

Train Epoch: 25 [20000/60000 (33%)]	Loss: 0.121867
Train Epoch: 25 [40000/60000 (67%)]	Loss: 0.101414
Train Epoch: 25 [60000/60000 (100%)]	Loss: 0.086438

Average Training loss: 0.0005, Training Error Rate: 10.79% (6476/60000)


Average Test loss: 0.0001, Test Error Rate: 9.93% (993/10000)

Train Epoch: 26 [20000/60000 (33%)]	Loss: 0.096477
Train Epoch: 26 [40000/60000 (67%)]	Loss: 0.095288
Train Epoch: 26 [60000/60000 (100%)]	Loss: 0.090645

Average Training loss: 0.0005, Training Error Rate: 10.35% (6208/60000)


Average Test loss: 0.0001, Test Error Rate: 9.96% (996/10000)

Train Epoch: 27 [20000/60000 (33%)]	Loss: 0.108583
Train Epoch: 27 [40000/60000 (67%)]	Loss: 0.109089
Train Epoch: 27 [60000/60000 (100%)]	Loss: 0.095154

Average Training loss: 0.0005, Training Error Rate: 10.02% (6012/60000)


Average Test loss: 0.0001, Test Error Rate: 9.70% (970/10000)

Train Epoch: 28 [20000/60000 (33%)]	Loss: 0.108541
Train Epoch: 28 [40000/60000 (67%)]	Loss: 0.104999
Train Epoch: 28 [60000/60000 (100%)]	Loss: 0.092811

Average Training loss: 0.0005, Training Error Rate: 9.95% (5967/60000)


Average Test loss: 0.0001, Test Error Rate: 9.38% (938/10000)

Train Epoch: 29 [20000/60000 (33%)]	Loss: 0.096543
Train Epoch: 29 [40000/60000 (67%)]	Loss: 0.092882
Train Epoch: 29 [60000/60000 (100%)]	Loss: 0.092818

Average Training loss: 0.0005, Training Error Rate: 9.97% (5984/60000)


Average Test loss: 0.0001, Test Error Rate: 9.47% (947/10000)

Train Epoch: 30 [20000/60000 (33%)]	Loss: 0.091275
Train Epoch: 30 [40000/60000 (67%)]	Loss: 0.099607
Train Epoch: 30 [60000/60000 (100%)]	Loss: 0.108507

Average Training loss: 0.0005, Training Error Rate: 9.99% (5995/60000)


Average Test loss: 0.0001, Test Error Rate: 9.48% (948/10000)

Train Epoch: 31 [20000/60000 (33%)]	Loss: 0.107771
Train Epoch: 31 [40000/60000 (67%)]	Loss: 0.108565
Train Epoch: 31 [60000/60000 (100%)]	Loss: 0.091249

Average Training loss: 0.0005, Training Error Rate: 10.03% (6016/60000)


Average Test loss: 0.0001, Test Error Rate: 9.99% (999/10000)

Train Epoch: 32 [20000/60000 (33%)]	Loss: 0.102418
Train Epoch: 32 [40000/60000 (67%)]	Loss: 0.079459
Train Epoch: 32 [60000/60000 (100%)]	Loss: 0.085293

Average Training loss: 0.0005, Training Error Rate: 9.91% (5948/60000)


Average Test loss: 0.0001, Test Error Rate: 9.92% (992/10000)

Train Epoch: 33 [20000/60000 (33%)]	Loss: 0.080431
Train Epoch: 33 [40000/60000 (67%)]	Loss: 0.103226
Train Epoch: 33 [60000/60000 (100%)]	Loss: 0.076175

Average Training loss: 0.0005, Training Error Rate: 9.54% (5721/60000)


Average Test loss: 0.0001, Test Error Rate: 9.27% (927/10000)

Train Epoch: 34 [20000/60000 (33%)]	Loss: 0.068436
Train Epoch: 34 [40000/60000 (67%)]	Loss: 0.106129
Train Epoch: 34 [60000/60000 (100%)]	Loss: 0.098534

Average Training loss: 0.0005, Training Error Rate: 9.75% (5852/60000)


Average Test loss: 0.0001, Test Error Rate: 9.78% (978/10000)

Train Epoch: 35 [20000/60000 (33%)]	Loss: 0.098022
Train Epoch: 35 [40000/60000 (67%)]	Loss: 0.085463
Train Epoch: 35 [60000/60000 (100%)]	Loss: 0.097596

Average Training loss: 0.0005, Training Error Rate: 9.51% (5708/60000)


Average Test loss: 0.0001, Test Error Rate: 8.73% (873/10000)

Train Epoch: 36 [20000/60000 (33%)]	Loss: 0.104648
Train Epoch: 36 [40000/60000 (67%)]	Loss: 0.093989
Train Epoch: 36 [60000/60000 (100%)]	Loss: 0.082286

Average Training loss: 0.0005, Training Error Rate: 9.54% (5722/60000)


Average Test loss: 0.0001, Test Error Rate: 9.72% (972/10000)

Train Epoch: 37 [20000/60000 (33%)]	Loss: 0.112764
Train Epoch: 37 [40000/60000 (67%)]	Loss: 0.059502
Train Epoch: 37 [60000/60000 (100%)]	Loss: 0.091566

Average Training loss: 0.0005, Training Error Rate: 9.56% (5738/60000)


Average Test loss: 0.0001, Test Error Rate: 9.32% (932/10000)

Train Epoch: 38 [20000/60000 (33%)]	Loss: 0.092592
Train Epoch: 38 [40000/60000 (67%)]	Loss: 0.094402
Train Epoch: 38 [60000/60000 (100%)]	Loss: 0.121148

Average Training loss: 0.0004, Training Error Rate: 9.20% (5519/60000)


Average Test loss: 0.0001, Test Error Rate: 9.25% (925/10000)

Train Epoch: 39 [20000/60000 (33%)]	Loss: 0.080765
Train Epoch: 39 [40000/60000 (67%)]	Loss: 0.116246
Train Epoch: 39 [60000/60000 (100%)]	Loss: 0.113053

Average Training loss: 0.0005, Training Error Rate: 9.56% (5734/60000)


Average Test loss: 0.0001, Test Error Rate: 9.13% (913/10000)

Train Epoch: 40 [20000/60000 (33%)]	Loss: 0.092999
Train Epoch: 40 [40000/60000 (67%)]	Loss: 0.092843
Train Epoch: 40 [60000/60000 (100%)]	Loss: 0.082479

Average Training loss: 0.0004, Training Error Rate: 9.45% (5670/60000)


Average Test loss: 0.0001, Test Error Rate: 9.12% (912/10000)

Train Epoch: 41 [20000/60000 (33%)]	Loss: 0.092238
Train Epoch: 41 [40000/60000 (67%)]	Loss: 0.085512
Train Epoch: 41 [60000/60000 (100%)]	Loss: 0.067960

Average Training loss: 0.0004, Training Error Rate: 9.30% (5582/60000)


Average Test loss: 0.0001, Test Error Rate: 8.86% (886/10000)

Train Epoch: 42 [20000/60000 (33%)]	Loss: 0.093942
Train Epoch: 42 [40000/60000 (67%)]	Loss: 0.097063
Train Epoch: 42 [60000/60000 (100%)]	Loss: 0.091310

Average Training loss: 0.0004, Training Error Rate: 8.95% (5368/60000)


Average Test loss: 0.0001, Test Error Rate: 8.79% (879/10000)

Train Epoch: 43 [20000/60000 (33%)]	Loss: 0.101692
Train Epoch: 43 [40000/60000 (67%)]	Loss: 0.095749
Train Epoch: 43 [60000/60000 (100%)]	Loss: 0.080272

Average Training loss: 0.0004, Training Error Rate: 8.89% (5334/60000)


Average Test loss: 0.0001, Test Error Rate: 8.72% (872/10000)

Train Epoch: 44 [20000/60000 (33%)]	Loss: 0.072209
Train Epoch: 44 [40000/60000 (67%)]	Loss: 0.107892
Train Epoch: 44 [60000/60000 (100%)]	Loss: 0.091024

Average Training loss: 0.0004, Training Error Rate: 8.94% (5363/60000)


Average Test loss: 0.0001, Test Error Rate: 9.01% (901/10000)

Train Epoch: 45 [20000/60000 (33%)]	Loss: 0.095476
Train Epoch: 45 [40000/60000 (67%)]	Loss: 0.084290
Train Epoch: 45 [60000/60000 (100%)]	Loss: 0.058480

Average Training loss: 0.0004, Training Error Rate: 8.97% (5384/60000)


Average Test loss: 0.0001, Test Error Rate: 8.97% (897/10000)

Train Epoch: 46 [20000/60000 (33%)]	Loss: 0.079023
Train Epoch: 46 [40000/60000 (67%)]	Loss: 0.068248
Train Epoch: 46 [60000/60000 (100%)]	Loss: 0.070428

Average Training loss: 0.0004, Training Error Rate: 8.81% (5286/60000)


Average Test loss: 0.0001, Test Error Rate: 9.06% (906/10000)

Train Epoch: 47 [20000/60000 (33%)]	Loss: 0.075073
Train Epoch: 47 [40000/60000 (67%)]	Loss: 0.087571
Train Epoch: 47 [60000/60000 (100%)]	Loss: 0.097048

Average Training loss: 0.0004, Training Error Rate: 8.85% (5308/60000)


Average Test loss: 0.0001, Test Error Rate: 8.96% (896/10000)

Train Epoch: 48 [20000/60000 (33%)]	Loss: 0.058113
Train Epoch: 48 [40000/60000 (67%)]	Loss: 0.099527
Train Epoch: 48 [60000/60000 (100%)]	Loss: 0.102054

Average Training loss: 0.0004, Training Error Rate: 8.66% (5194/60000)


Average Test loss: 0.0001, Test Error Rate: 8.86% (886/10000)

Train Epoch: 49 [20000/60000 (33%)]	Loss: 0.106410
Train Epoch: 49 [40000/60000 (67%)]	Loss: 0.079438
Train Epoch: 49 [60000/60000 (100%)]	Loss: 0.082450

Average Training loss: 0.0004, Training Error Rate: 8.85% (5309/60000)


Average Test loss: 0.0001, Test Error Rate: 8.53% (853/10000)

Train Epoch: 50 [20000/60000 (33%)]	Loss: 0.079351
Train Epoch: 50 [40000/60000 (67%)]	Loss: 0.069306
Train Epoch: 50 [60000/60000 (100%)]	Loss: 0.075601

Average Training loss: 0.0004, Training Error Rate: 8.51% (5108/60000)


Average Test loss: 0.0001, Test Error Rate: 8.93% (893/10000)

Train Epoch: 51 [20000/60000 (33%)]	Loss: 0.072290
Train Epoch: 51 [40000/60000 (67%)]	Loss: 0.064931
Train Epoch: 51 [60000/60000 (100%)]	Loss: 0.069523

Average Training loss: 0.0004, Training Error Rate: 8.48% (5091/60000)


Average Test loss: 0.0001, Test Error Rate: 8.82% (882/10000)

Train Epoch: 52 [20000/60000 (33%)]	Loss: 0.074787
Train Epoch: 52 [40000/60000 (67%)]	Loss: 0.080772
Train Epoch: 52 [60000/60000 (100%)]	Loss: 0.087495

Average Training loss: 0.0004, Training Error Rate: 8.91% (5345/60000)


Average Test loss: 0.0001, Test Error Rate: 8.92% (892/10000)

Train Epoch: 53 [20000/60000 (33%)]	Loss: 0.087843
Train Epoch: 53 [40000/60000 (67%)]	Loss: 0.085757
Train Epoch: 53 [60000/60000 (100%)]	Loss: 0.103469

Average Training loss: 0.0004, Training Error Rate: 8.84% (5305/60000)


Average Test loss: 0.0001, Test Error Rate: 8.89% (889/10000)

Train Epoch: 54 [20000/60000 (33%)]	Loss: 0.106031
Train Epoch: 54 [40000/60000 (67%)]	Loss: 0.073987
Train Epoch: 54 [60000/60000 (100%)]	Loss: 0.075760

Average Training loss: 0.0004, Training Error Rate: 8.62% (5174/60000)


Average Test loss: 0.0001, Test Error Rate: 8.29% (829/10000)

Train Epoch: 55 [20000/60000 (33%)]	Loss: 0.097756
Train Epoch: 55 [40000/60000 (67%)]	Loss: 0.097505
Train Epoch: 55 [60000/60000 (100%)]	Loss: 0.078095

Average Training loss: 0.0004, Training Error Rate: 8.47% (5082/60000)


Average Test loss: 0.0001, Test Error Rate: 9.08% (908/10000)

Train Epoch: 56 [20000/60000 (33%)]	Loss: 0.104924
Train Epoch: 56 [40000/60000 (67%)]	Loss: 0.076584
Train Epoch: 56 [60000/60000 (100%)]	Loss: 0.103454

Average Training loss: 0.0004, Training Error Rate: 8.24% (4944/60000)


Average Test loss: 0.0001, Test Error Rate: 8.38% (838/10000)

Train Epoch: 57 [20000/60000 (33%)]	Loss: 0.080614
Train Epoch: 57 [40000/60000 (67%)]	Loss: 0.069522
Train Epoch: 57 [60000/60000 (100%)]	Loss: 0.084883

Average Training loss: 0.0004, Training Error Rate: 8.28% (4968/60000)


Average Test loss: 0.0001, Test Error Rate: 8.27% (827/10000)

Train Epoch: 58 [20000/60000 (33%)]	Loss: 0.084187
Train Epoch: 58 [40000/60000 (67%)]	Loss: 0.075319
Train Epoch: 58 [60000/60000 (100%)]	Loss: 0.065288

Average Training loss: 0.0004, Training Error Rate: 8.03% (4817/60000)


Average Test loss: 0.0001, Test Error Rate: 8.54% (854/10000)

Train Epoch: 59 [20000/60000 (33%)]	Loss: 0.068764
Train Epoch: 59 [40000/60000 (67%)]	Loss: 0.080471
Train Epoch: 59 [60000/60000 (100%)]	Loss: 0.060734

Average Training loss: 0.0004, Training Error Rate: 7.85% (4711/60000)


Average Test loss: 0.0001, Test Error Rate: 7.98% (798/10000)

Train Epoch: 60 [20000/60000 (33%)]	Loss: 0.076411
Train Epoch: 60 [40000/60000 (67%)]	Loss: 0.081977
Train Epoch: 60 [60000/60000 (100%)]	Loss: 0.062448

Average Training loss: 0.0004, Training Error Rate: 8.09% (4852/60000)


Average Test loss: 0.0001, Test Error Rate: 8.68% (868/10000)

Train Epoch: 61 [20000/60000 (33%)]	Loss: 0.087936
Train Epoch: 61 [40000/60000 (67%)]	Loss: 0.057191
Train Epoch: 61 [60000/60000 (100%)]	Loss: 0.121729

Average Training loss: 0.0004, Training Error Rate: 7.93% (4757/60000)


Average Test loss: 0.0001, Test Error Rate: 8.32% (832/10000)

Train Epoch: 62 [20000/60000 (33%)]	Loss: 0.053157
Train Epoch: 62 [40000/60000 (67%)]	Loss: 0.073251
Train Epoch: 62 [60000/60000 (100%)]	Loss: 0.063074

Average Training loss: 0.0004, Training Error Rate: 7.98% (4787/60000)


Average Test loss: 0.0001, Test Error Rate: 8.29% (829/10000)

Train Epoch: 63 [20000/60000 (33%)]	Loss: 0.071742
Train Epoch: 63 [40000/60000 (67%)]	Loss: 0.068054
Train Epoch: 63 [60000/60000 (100%)]	Loss: 0.084770

Average Training loss: 0.0004, Training Error Rate: 8.19% (4912/60000)


Average Test loss: 0.0001, Test Error Rate: 8.56% (856/10000)

Train Epoch: 64 [20000/60000 (33%)]	Loss: 0.076203
Train Epoch: 64 [40000/60000 (67%)]	Loss: 0.100039
Train Epoch: 64 [60000/60000 (100%)]	Loss: 0.093378

Average Training loss: 0.0004, Training Error Rate: 8.43% (5055/60000)


Average Test loss: 0.0001, Test Error Rate: 9.04% (904/10000)

Train Epoch: 65 [20000/60000 (33%)]	Loss: 0.072264
Train Epoch: 65 [40000/60000 (67%)]	Loss: 0.062115
Train Epoch: 65 [60000/60000 (100%)]	Loss: 0.083491

Average Training loss: 0.0004, Training Error Rate: 8.42% (5053/60000)


Average Test loss: 0.0001, Test Error Rate: 8.42% (842/10000)

Train Epoch: 66 [20000/60000 (33%)]	Loss: 0.105176
Train Epoch: 66 [40000/60000 (67%)]	Loss: 0.057685
Train Epoch: 66 [60000/60000 (100%)]	Loss: 0.049756

Average Training loss: 0.0004, Training Error Rate: 8.18% (4906/60000)


Average Test loss: 0.0001, Test Error Rate: 8.24% (824/10000)

Train Epoch: 67 [20000/60000 (33%)]	Loss: 0.081618
Train Epoch: 67 [40000/60000 (67%)]	Loss: 0.068538
Train Epoch: 67 [60000/60000 (100%)]	Loss: 0.067727

Average Training loss: 0.0004, Training Error Rate: 7.91% (4748/60000)


Average Test loss: 0.0001, Test Error Rate: 7.97% (797/10000)

Train Epoch: 68 [20000/60000 (33%)]	Loss: 0.090573
Train Epoch: 68 [40000/60000 (67%)]	Loss: 0.090815
Train Epoch: 68 [60000/60000 (100%)]	Loss: 0.048513

Average Training loss: 0.0004, Training Error Rate: 7.81% (4684/60000)


Average Test loss: 0.0001, Test Error Rate: 8.29% (829/10000)

Train Epoch: 69 [20000/60000 (33%)]	Loss: 0.064994
Train Epoch: 69 [40000/60000 (67%)]	Loss: 0.087444
Train Epoch: 69 [60000/60000 (100%)]	Loss: 0.063274

Average Training loss: 0.0004, Training Error Rate: 7.92% (4750/60000)


Average Test loss: 0.0001, Test Error Rate: 8.12% (812/10000)

Train Epoch: 70 [20000/60000 (33%)]	Loss: 0.062980
Train Epoch: 70 [40000/60000 (67%)]	Loss: 0.054524
Train Epoch: 70 [60000/60000 (100%)]	Loss: 0.078907

Average Training loss: 0.0004, Training Error Rate: 7.82% (4690/60000)


Average Test loss: 0.0001, Test Error Rate: 8.14% (814/10000)

Train Epoch: 71 [20000/60000 (33%)]	Loss: 0.075702
Train Epoch: 71 [40000/60000 (67%)]	Loss: 0.066110
Train Epoch: 71 [60000/60000 (100%)]	Loss: 0.082252

Average Training loss: 0.0004, Training Error Rate: 7.85% (4708/60000)


Average Test loss: 0.0001, Test Error Rate: 8.34% (834/10000)

Train Epoch: 72 [20000/60000 (33%)]	Loss: 0.060028
Train Epoch: 72 [40000/60000 (67%)]	Loss: 0.092884
Train Epoch: 72 [60000/60000 (100%)]	Loss: 0.047718

Average Training loss: 0.0004, Training Error Rate: 7.73% (4638/60000)


Average Test loss: 0.0001, Test Error Rate: 7.97% (797/10000)

Train Epoch: 73 [20000/60000 (33%)]	Loss: 0.071315
Train Epoch: 73 [40000/60000 (67%)]	Loss: 0.076404
Train Epoch: 73 [60000/60000 (100%)]	Loss: 0.079643

Average Training loss: 0.0004, Training Error Rate: 7.84% (4705/60000)


Average Test loss: 0.0001, Test Error Rate: 8.14% (814/10000)

Train Epoch: 74 [20000/60000 (33%)]	Loss: 0.078083
Train Epoch: 74 [40000/60000 (67%)]	Loss: 0.074213
Train Epoch: 74 [60000/60000 (100%)]	Loss: 0.103886

Average Training loss: 0.0004, Training Error Rate: 7.89% (4733/60000)


Average Test loss: 0.0001, Test Error Rate: 7.67% (767/10000)

Train Epoch: 75 [20000/60000 (33%)]	Loss: 0.082746
Train Epoch: 75 [40000/60000 (67%)]	Loss: 0.082902
Train Epoch: 75 [60000/60000 (100%)]	Loss: 0.075973

Average Training loss: 0.0004, Training Error Rate: 7.64% (4586/60000)


Average Test loss: 0.0001, Test Error Rate: 7.90% (790/10000)

Train Epoch: 76 [20000/60000 (33%)]	Loss: 0.063930
Train Epoch: 76 [40000/60000 (67%)]	Loss: 0.106280
Train Epoch: 76 [60000/60000 (100%)]	Loss: 0.055182

Average Training loss: 0.0004, Training Error Rate: 7.59% (4554/60000)


Average Test loss: 0.0001, Test Error Rate: 8.31% (831/10000)

Train Epoch: 77 [20000/60000 (33%)]	Loss: 0.074781
Train Epoch: 77 [40000/60000 (67%)]	Loss: 0.076537
Train Epoch: 77 [60000/60000 (100%)]	Loss: 0.082863

Average Training loss: 0.0004, Training Error Rate: 7.89% (4736/60000)


Average Test loss: 0.0001, Test Error Rate: 8.60% (860/10000)

Train Epoch: 78 [20000/60000 (33%)]	Loss: 0.064690
Train Epoch: 78 [40000/60000 (67%)]	Loss: 0.048980
Train Epoch: 78 [60000/60000 (100%)]	Loss: 0.086737

Average Training loss: 0.0004, Training Error Rate: 7.66% (4596/60000)


Average Test loss: 0.0001, Test Error Rate: 8.02% (802/10000)

Train Epoch: 79 [20000/60000 (33%)]	Loss: 0.082113
Train Epoch: 79 [40000/60000 (67%)]	Loss: 0.072342
Train Epoch: 79 [60000/60000 (100%)]	Loss: 0.070248

Average Training loss: 0.0004, Training Error Rate: 7.81% (4687/60000)


Average Test loss: 0.0001, Test Error Rate: 8.32% (832/10000)

