/vast/home/ajherman/miniconda3/envs/pytorch/lib/python3.11/site-packages/torchvision/io/image.py:13: UserWarning: Failed to load image Python extension: '/vast/home/ajherman/miniconda3/envs/pytorch/lib/python3.11/site-packages/torchvision/image.so: undefined symbol: _ZN5torch3jit17parseSchemaOrNameERKNSt7__cxx1112basic_stringIcSt11char_traitsIcESaIcEEE'If you don't plan on using image functionality from `torchvision.io`, you can ignore this warning. Otherwise, there might be something wrong with your environment. Did you have `libjpeg` or `libpng` installed before building `torchvision` from source?
  warn(
Random seed set as 42
dt =  0.6321205588285577
trace decay =  0.7788007830714049
Random seed set as 42
Random seed set as 42
dt =  0.6321205588285577
trace decay =  0.7788007830714049
Random seed set as 42
Train Epoch: 0 [20000/60000 (33%)]	Loss: 0.474189
Train Epoch: 0 [40000/60000 (67%)]	Loss: 0.473336
Train Epoch: 0 [60000/60000 (100%)]	Loss: 0.486266

Average Training loss: 0.0024, Training Error Rate: 89.92% (53951/60000)


Average Test loss: 0.0005, Test Error Rate: 90.04% (9004/10000)

Train Epoch: 1 [20000/60000 (33%)]	Loss: 0.468586
Train Epoch: 1 [40000/60000 (67%)]	Loss: 0.468815
Train Epoch: 1 [60000/60000 (100%)]	Loss: 0.476556

Average Training loss: 0.0024, Training Error Rate: 90.00% (54001/60000)


Average Test loss: 0.0005, Test Error Rate: 89.52% (8952/10000)

Train Epoch: 2 [20000/60000 (33%)]	Loss: 0.471153
Train Epoch: 2 [40000/60000 (67%)]	Loss: 0.471498
Train Epoch: 2 [60000/60000 (100%)]	Loss: 0.474437

Average Training loss: 0.0024, Training Error Rate: 89.94% (53965/60000)


Average Test loss: 0.0005, Test Error Rate: 89.89% (8989/10000)

Train Epoch: 3 [20000/60000 (33%)]	Loss: 0.469761
Train Epoch: 3 [40000/60000 (67%)]	Loss: 0.478363
Train Epoch: 3 [60000/60000 (100%)]	Loss: 0.499748

Average Training loss: 0.0024, Training Error Rate: 90.03% (54019/60000)


Average Test loss: 0.0005, Test Error Rate: 90.42% (9042/10000)

Train Epoch: 4 [20000/60000 (33%)]	Loss: 0.471785
Train Epoch: 4 [40000/60000 (67%)]	Loss: 0.465458
Train Epoch: 4 [60000/60000 (100%)]	Loss: 0.467405

Average Training loss: 0.0024, Training Error Rate: 89.89% (53934/60000)


Average Test loss: 0.0005, Test Error Rate: 89.86% (8986/10000)

