/vast/home/ajherman/miniconda3/envs/pytorch/lib/python3.11/site-packages/torchvision/io/image.py:13: UserWarning: Failed to load image Python extension: '/vast/home/ajherman/miniconda3/envs/pytorch/lib/python3.11/site-packages/torchvision/image.so: undefined symbol: _ZN5torch3jit17parseSchemaOrNameERKNSt7__cxx1112basic_stringIcSt11char_traitsIcESaIcEEE'If you don't plan on using image functionality from `torchvision.io`, you can ignore this warning. Otherwise, there might be something wrong with your environment. Did you have `libjpeg` or `libpng` installed before building `torchvision` from source?
  warn(
Random seed set as 42
dt =  0.22119921692859512
trace decay =  0.7165313105737893
Random seed set as 42
Random seed set as 42
dt =  0.22119921692859512
trace decay =  0.7165313105737893
Random seed set as 42
Train Epoch: 0 [20000/60000 (33%)]	Loss: 0.343079
Train Epoch: 0 [40000/60000 (67%)]	Loss: 0.286863
Train Epoch: 0 [60000/60000 (100%)]	Loss: 0.245414

Average Training loss: 0.0016, Training Error Rate: 38.94% (23365/60000)


Average Test loss: 0.0002, Test Error Rate: 22.20% (2220/10000)

Train Epoch: 1 [20000/60000 (33%)]	Loss: 0.231518
Train Epoch: 1 [40000/60000 (67%)]	Loss: 0.209709
Train Epoch: 1 [60000/60000 (100%)]	Loss: 0.183215

Average Training loss: 0.0011, Training Error Rate: 19.94% (11966/60000)


Average Test loss: 0.0002, Test Error Rate: 16.28% (1628/10000)

Train Epoch: 2 [20000/60000 (33%)]	Loss: 0.176156
Train Epoch: 2 [40000/60000 (67%)]	Loss: 0.181820
Train Epoch: 2 [60000/60000 (100%)]	Loss: 0.184229

Average Training loss: 0.0009, Training Error Rate: 16.80% (10083/60000)


Average Test loss: 0.0002, Test Error Rate: 14.29% (1429/10000)

Train Epoch: 3 [20000/60000 (33%)]	Loss: 0.168435
Train Epoch: 3 [40000/60000 (67%)]	Loss: 0.159813
Train Epoch: 3 [60000/60000 (100%)]	Loss: 0.171534

Average Training loss: 0.0008, Training Error Rate: 15.27% (9160/60000)


Average Test loss: 0.0002, Test Error Rate: 13.89% (1389/10000)

Train Epoch: 4 [20000/60000 (33%)]	Loss: 0.157517
Train Epoch: 4 [40000/60000 (67%)]	Loss: 0.167325
Train Epoch: 4 [60000/60000 (100%)]	Loss: 0.153792

Average Training loss: 0.0008, Training Error Rate: 14.63% (8777/60000)


Average Test loss: 0.0002, Test Error Rate: 13.06% (1306/10000)

Train Epoch: 5 [20000/60000 (33%)]	Loss: 0.162063
Train Epoch: 5 [40000/60000 (67%)]	Loss: 0.153669
Train Epoch: 5 [60000/60000 (100%)]	Loss: 0.160517

Average Training loss: 0.0008, Training Error Rate: 14.04% (8423/60000)


Average Test loss: 0.0001, Test Error Rate: 12.53% (1253/10000)

Train Epoch: 6 [20000/60000 (33%)]	Loss: 0.162213
Train Epoch: 6 [40000/60000 (67%)]	Loss: 0.146390
Train Epoch: 6 [60000/60000 (100%)]	Loss: 0.132298

Average Training loss: 0.0007, Training Error Rate: 13.30% (7982/60000)


Average Test loss: 0.0001, Test Error Rate: 12.05% (1205/10000)

Train Epoch: 7 [20000/60000 (33%)]	Loss: 0.151722
Train Epoch: 7 [40000/60000 (67%)]	Loss: 0.160215
Train Epoch: 7 [60000/60000 (100%)]	Loss: 0.138420

Average Training loss: 0.0007, Training Error Rate: 12.65% (7593/60000)


Average Test loss: 0.0001, Test Error Rate: 11.85% (1185/10000)

Train Epoch: 8 [20000/60000 (33%)]	Loss: 0.138228
Train Epoch: 8 [40000/60000 (67%)]	Loss: 0.148667
Train Epoch: 8 [60000/60000 (100%)]	Loss: 0.130998

Average Training loss: 0.0007, Training Error Rate: 12.30% (7383/60000)


Average Test loss: 0.0001, Test Error Rate: 11.39% (1139/10000)

Train Epoch: 9 [20000/60000 (33%)]	Loss: 0.133593
Train Epoch: 9 [40000/60000 (67%)]	Loss: 0.128189
Train Epoch: 9 [60000/60000 (100%)]	Loss: 0.123083

Average Training loss: 0.0007, Training Error Rate: 12.17% (7301/60000)


Average Test loss: 0.0001, Test Error Rate: 11.01% (1101/10000)

Train Epoch: 10 [20000/60000 (33%)]	Loss: 0.132276
Train Epoch: 10 [40000/60000 (67%)]	Loss: 0.129656
Train Epoch: 10 [60000/60000 (100%)]	Loss: 0.120891

Average Training loss: 0.0006, Training Error Rate: 12.21% (7329/60000)


Average Test loss: 0.0001, Test Error Rate: 10.76% (1076/10000)

Train Epoch: 11 [20000/60000 (33%)]	Loss: 0.111691
Train Epoch: 11 [40000/60000 (67%)]	Loss: 0.139895
Train Epoch: 11 [60000/60000 (100%)]	Loss: 0.129710

Average Training loss: 0.0006, Training Error Rate: 11.80% (7080/60000)


Average Test loss: 0.0001, Test Error Rate: 10.58% (1058/10000)

Train Epoch: 12 [20000/60000 (33%)]	Loss: 0.137106
Train Epoch: 12 [40000/60000 (67%)]	Loss: 0.104440
Train Epoch: 12 [60000/60000 (100%)]	Loss: 0.116331

Average Training loss: 0.0006, Training Error Rate: 11.54% (6927/60000)


Average Test loss: 0.0001, Test Error Rate: 10.67% (1067/10000)

Train Epoch: 13 [20000/60000 (33%)]	Loss: 0.111818
Train Epoch: 13 [40000/60000 (67%)]	Loss: 0.128169
Train Epoch: 13 [60000/60000 (100%)]	Loss: 0.116230

Average Training loss: 0.0006, Training Error Rate: 11.62% (6971/60000)


Average Test loss: 0.0001, Test Error Rate: 10.47% (1047/10000)

Train Epoch: 14 [20000/60000 (33%)]	Loss: 0.126777
Train Epoch: 14 [40000/60000 (67%)]	Loss: 0.135732
Train Epoch: 14 [60000/60000 (100%)]	Loss: 0.119236

Average Training loss: 0.0006, Training Error Rate: 11.40% (6838/60000)


Average Test loss: 0.0001, Test Error Rate: 10.03% (1003/10000)

Train Epoch: 15 [20000/60000 (33%)]	Loss: 0.133068
Train Epoch: 15 [40000/60000 (67%)]	Loss: 0.129324
Train Epoch: 15 [60000/60000 (100%)]	Loss: 0.123600

Average Training loss: 0.0006, Training Error Rate: 11.25% (6749/60000)


Average Test loss: 0.0001, Test Error Rate: 10.33% (1033/10000)

Train Epoch: 16 [20000/60000 (33%)]	Loss: 0.127577
Train Epoch: 16 [40000/60000 (67%)]	Loss: 0.128350
Train Epoch: 16 [60000/60000 (100%)]	Loss: 0.119091

Average Training loss: 0.0006, Training Error Rate: 10.77% (6463/60000)


Average Test loss: 0.0001, Test Error Rate: 10.01% (1001/10000)

Train Epoch: 17 [20000/60000 (33%)]	Loss: 0.123539
Train Epoch: 17 [40000/60000 (67%)]	Loss: 0.121097
Train Epoch: 17 [60000/60000 (100%)]	Loss: 0.107910

Average Training loss: 0.0006, Training Error Rate: 10.69% (6411/60000)


Average Test loss: 0.0001, Test Error Rate: 10.12% (1012/10000)

Train Epoch: 18 [20000/60000 (33%)]	Loss: 0.108377
Train Epoch: 18 [40000/60000 (67%)]	Loss: 0.128117
Train Epoch: 18 [60000/60000 (100%)]	Loss: 0.107582

Average Training loss: 0.0006, Training Error Rate: 10.91% (6548/60000)


Average Test loss: 0.0001, Test Error Rate: 10.50% (1050/10000)

Train Epoch: 19 [20000/60000 (33%)]	Loss: 0.136656
Train Epoch: 19 [40000/60000 (67%)]	Loss: 0.113260
Train Epoch: 19 [60000/60000 (100%)]	Loss: 0.114168

Average Training loss: 0.0006, Training Error Rate: 10.74% (6444/60000)


Average Test loss: 0.0001, Test Error Rate: 10.08% (1008/10000)

Train Epoch: 20 [20000/60000 (33%)]	Loss: 0.118731
Train Epoch: 20 [40000/60000 (67%)]	Loss: 0.125399
Train Epoch: 20 [60000/60000 (100%)]	Loss: 0.099589

Average Training loss: 0.0006, Training Error Rate: 10.43% (6256/60000)


Average Test loss: 0.0001, Test Error Rate: 9.70% (970/10000)

Train Epoch: 21 [20000/60000 (33%)]	Loss: 0.106239
Train Epoch: 21 [40000/60000 (67%)]	Loss: 0.104948
Train Epoch: 21 [60000/60000 (100%)]	Loss: 0.108578

Average Training loss: 0.0005, Training Error Rate: 10.37% (6220/60000)


Average Test loss: 0.0001, Test Error Rate: 9.37% (937/10000)

Train Epoch: 22 [20000/60000 (33%)]	Loss: 0.118556
Train Epoch: 22 [40000/60000 (67%)]	Loss: 0.116610
Train Epoch: 22 [60000/60000 (100%)]	Loss: 0.128188

Average Training loss: 0.0005, Training Error Rate: 10.10% (6059/60000)


Average Test loss: 0.0001, Test Error Rate: 9.54% (954/10000)

Train Epoch: 23 [20000/60000 (33%)]	Loss: 0.104501
Train Epoch: 23 [40000/60000 (67%)]	Loss: 0.114593
Train Epoch: 23 [60000/60000 (100%)]	Loss: 0.107928

Average Training loss: 0.0005, Training Error Rate: 9.97% (5983/60000)


Average Test loss: 0.0001, Test Error Rate: 9.25% (925/10000)

Train Epoch: 24 [20000/60000 (33%)]	Loss: 0.099993
Train Epoch: 24 [40000/60000 (67%)]	Loss: 0.120037
Train Epoch: 24 [60000/60000 (100%)]	Loss: 0.104686

Average Training loss: 0.0005, Training Error Rate: 9.94% (5962/60000)


Average Test loss: 0.0001, Test Error Rate: 9.25% (925/10000)

Train Epoch: 25 [20000/60000 (33%)]	Loss: 0.116811
Train Epoch: 25 [40000/60000 (67%)]	Loss: 0.096399
Train Epoch: 25 [60000/60000 (100%)]	Loss: 0.104568

Average Training loss: 0.0005, Training Error Rate: 9.77% (5862/60000)


Average Test loss: 0.0001, Test Error Rate: 9.65% (965/10000)

Train Epoch: 26 [20000/60000 (33%)]	Loss: 0.111290
Train Epoch: 26 [40000/60000 (67%)]	Loss: 0.092692
Train Epoch: 26 [60000/60000 (100%)]	Loss: 0.089691

Average Training loss: 0.0005, Training Error Rate: 9.98% (5991/60000)


Average Test loss: 0.0001, Test Error Rate: 8.93% (893/10000)

Train Epoch: 27 [20000/60000 (33%)]	Loss: 0.070396
Train Epoch: 27 [40000/60000 (67%)]	Loss: 0.099198
Train Epoch: 27 [60000/60000 (100%)]	Loss: 0.116293

Average Training loss: 0.0005, Training Error Rate: 9.89% (5936/60000)


Average Test loss: 0.0001, Test Error Rate: 9.27% (927/10000)

Train Epoch: 28 [20000/60000 (33%)]	Loss: 0.099114
Train Epoch: 28 [40000/60000 (67%)]	Loss: 0.099581
Train Epoch: 28 [60000/60000 (100%)]	Loss: 0.103532

Average Training loss: 0.0005, Training Error Rate: 9.96% (5979/60000)


Average Test loss: 0.0001, Test Error Rate: 9.33% (933/10000)

Train Epoch: 29 [20000/60000 (33%)]	Loss: 0.116774
Train Epoch: 29 [40000/60000 (67%)]	Loss: 0.109739
Train Epoch: 29 [60000/60000 (100%)]	Loss: 0.109030

Average Training loss: 0.0005, Training Error Rate: 9.60% (5761/60000)


Average Test loss: 0.0001, Test Error Rate: 8.97% (897/10000)

Train Epoch: 30 [20000/60000 (33%)]	Loss: 0.094831
Train Epoch: 30 [40000/60000 (67%)]	Loss: 0.100611
Train Epoch: 30 [60000/60000 (100%)]	Loss: 0.098099

Average Training loss: 0.0005, Training Error Rate: 9.73% (5837/60000)


Average Test loss: 0.0001, Test Error Rate: 9.27% (927/10000)

Train Epoch: 31 [20000/60000 (33%)]	Loss: 0.105084
Train Epoch: 31 [40000/60000 (67%)]	Loss: 0.092772
Train Epoch: 31 [60000/60000 (100%)]	Loss: 0.092838

Average Training loss: 0.0005, Training Error Rate: 9.40% (5643/60000)


Average Test loss: 0.0001, Test Error Rate: 8.83% (883/10000)

Train Epoch: 32 [20000/60000 (33%)]	Loss: 0.081520
Train Epoch: 32 [40000/60000 (67%)]	Loss: 0.104511
Train Epoch: 32 [60000/60000 (100%)]	Loss: 0.089762

Average Training loss: 0.0005, Training Error Rate: 9.21% (5528/60000)


Average Test loss: 0.0001, Test Error Rate: 8.56% (856/10000)

Train Epoch: 33 [20000/60000 (33%)]	Loss: 0.094375
Train Epoch: 33 [40000/60000 (67%)]	Loss: 0.090468
Train Epoch: 33 [60000/60000 (100%)]	Loss: 0.095894

Average Training loss: 0.0005, Training Error Rate: 9.30% (5578/60000)


Average Test loss: 0.0001, Test Error Rate: 8.33% (833/10000)

Train Epoch: 34 [20000/60000 (33%)]	Loss: 0.070273
Train Epoch: 34 [40000/60000 (67%)]	Loss: 0.103399
Train Epoch: 34 [60000/60000 (100%)]	Loss: 0.095069

Average Training loss: 0.0005, Training Error Rate: 9.06% (5437/60000)


Average Test loss: 0.0001, Test Error Rate: 8.67% (867/10000)

Train Epoch: 35 [20000/60000 (33%)]	Loss: 0.079113
Train Epoch: 35 [40000/60000 (67%)]	Loss: 0.098011
Train Epoch: 35 [60000/60000 (100%)]	Loss: 0.073095

Average Training loss: 0.0005, Training Error Rate: 8.90% (5342/60000)


Average Test loss: 0.0001, Test Error Rate: 8.26% (826/10000)

Train Epoch: 36 [20000/60000 (33%)]	Loss: 0.071231
Train Epoch: 36 [40000/60000 (67%)]	Loss: 0.081929
Train Epoch: 36 [60000/60000 (100%)]	Loss: 0.078808

Average Training loss: 0.0005, Training Error Rate: 8.89% (5332/60000)


Average Test loss: 0.0001, Test Error Rate: 8.59% (859/10000)

Train Epoch: 37 [20000/60000 (33%)]	Loss: 0.098646
Train Epoch: 37 [40000/60000 (67%)]	Loss: 0.071552
Train Epoch: 37 [60000/60000 (100%)]	Loss: 0.095832

Average Training loss: 0.0005, Training Error Rate: 8.85% (5308/60000)


Average Test loss: 0.0001, Test Error Rate: 8.65% (865/10000)

Train Epoch: 38 [20000/60000 (33%)]	Loss: 0.090246
Train Epoch: 38 [40000/60000 (67%)]	Loss: 0.072081
Train Epoch: 38 [60000/60000 (100%)]	Loss: 0.092815

Average Training loss: 0.0005, Training Error Rate: 8.77% (5264/60000)


Average Test loss: 0.0001, Test Error Rate: 8.38% (838/10000)

slurmstepd: error: *** STEP 15492314.11 ON cn654 CANCELLED AT 2023-10-03T10:57:22 ***
/vast/home/ajherman/miniconda3/envs/pytorch/lib/python3.11/site-packages/torchvision/io/image.py:13: UserWarning: Failed to load image Python extension: '/vast/home/ajherman/miniconda3/envs/pytorch/lib/python3.11/site-packages/torchvision/image.so: undefined symbol: _ZN5torch3jit17parseSchemaOrNameERKNSt7__cxx1112basic_stringIcSt11char_traitsIcESaIcEEE'If you don't plan on using image functionality from `torchvision.io`, you can ignore this warning. Otherwise, there might be something wrong with your environment. Did you have `libjpeg` or `libpng` installed before building `torchvision` from source?
  warn(
Random seed set as 42
dt =  0.22119921692859512
trace decay =  0.7165313105737893
Random seed set as 42
Random seed set as 42
dt =  0.22119921692859512
trace decay =  0.7165313105737893
Random seed set as 42
Train Epoch: 39 [20000/60000 (33%)]	Loss: 0.088075
Train Epoch: 39 [40000/60000 (67%)]	Loss: 0.092731
Train Epoch: 39 [60000/60000 (100%)]	Loss: 0.094179

Average Training loss: 0.0005, Training Error Rate: 9.00% (5400/60000)


Average Test loss: 0.0001, Test Error Rate: 8.35% (835/10000)

Train Epoch: 40 [20000/60000 (33%)]	Loss: 0.099917
Train Epoch: 40 [40000/60000 (67%)]	Loss: 0.100273
Train Epoch: 40 [60000/60000 (100%)]	Loss: 0.075155

Average Training loss: 0.0005, Training Error Rate: 9.09% (5452/60000)


Average Test loss: 0.0001, Test Error Rate: 8.64% (864/10000)

Train Epoch: 41 [20000/60000 (33%)]	Loss: 0.094564
Train Epoch: 41 [40000/60000 (67%)]	Loss: 0.079105
Train Epoch: 41 [60000/60000 (100%)]	Loss: 0.085642

Average Training loss: 0.0005, Training Error Rate: 8.71% (5228/60000)


Average Test loss: 0.0001, Test Error Rate: 8.19% (819/10000)

Train Epoch: 42 [20000/60000 (33%)]	Loss: 0.084551
Train Epoch: 42 [40000/60000 (67%)]	Loss: 0.075734
Train Epoch: 42 [60000/60000 (100%)]	Loss: 0.087186

Average Training loss: 0.0004, Training Error Rate: 8.37% (5023/60000)


Average Test loss: 0.0001, Test Error Rate: 8.09% (809/10000)

Train Epoch: 43 [20000/60000 (33%)]	Loss: 0.090710
Train Epoch: 43 [40000/60000 (67%)]	Loss: 0.090688
Train Epoch: 43 [60000/60000 (100%)]	Loss: 0.070559

Average Training loss: 0.0004, Training Error Rate: 8.43% (5058/60000)


Average Test loss: 0.0001, Test Error Rate: 8.33% (833/10000)

Train Epoch: 44 [20000/60000 (33%)]	Loss: 0.097983
Train Epoch: 44 [40000/60000 (67%)]	Loss: 0.094031
Train Epoch: 44 [60000/60000 (100%)]	Loss: 0.090168

Average Training loss: 0.0004, Training Error Rate: 8.40% (5039/60000)


Average Test loss: 0.0001, Test Error Rate: 7.86% (786/10000)

Train Epoch: 45 [20000/60000 (33%)]	Loss: 0.076962
Train Epoch: 45 [40000/60000 (67%)]	Loss: 0.076522
Train Epoch: 45 [60000/60000 (100%)]	Loss: 0.069077

Average Training loss: 0.0004, Training Error Rate: 8.32% (4993/60000)


Average Test loss: 0.0001, Test Error Rate: 7.68% (768/10000)

Train Epoch: 46 [20000/60000 (33%)]	Loss: 0.089718
Train Epoch: 46 [40000/60000 (67%)]	Loss: 0.076071
Train Epoch: 46 [60000/60000 (100%)]	Loss: 0.086002

Average Training loss: 0.0004, Training Error Rate: 8.26% (4957/60000)


Average Test loss: 0.0001, Test Error Rate: 7.93% (793/10000)

Train Epoch: 47 [20000/60000 (33%)]	Loss: 0.080923
Train Epoch: 47 [40000/60000 (67%)]	Loss: 0.086154
Train Epoch: 47 [60000/60000 (100%)]	Loss: 0.090476

Average Training loss: 0.0004, Training Error Rate: 8.23% (4939/60000)


Average Test loss: 0.0001, Test Error Rate: 8.06% (806/10000)

Train Epoch: 48 [20000/60000 (33%)]	Loss: 0.090213
Train Epoch: 48 [40000/60000 (67%)]	Loss: 0.087710
Train Epoch: 48 [60000/60000 (100%)]	Loss: 0.083442

Average Training loss: 0.0004, Training Error Rate: 8.30% (4980/60000)


Average Test loss: 0.0001, Test Error Rate: 7.96% (796/10000)

Train Epoch: 49 [20000/60000 (33%)]	Loss: 0.082487
Train Epoch: 49 [40000/60000 (67%)]	Loss: 0.079475
Train Epoch: 49 [60000/60000 (100%)]	Loss: 0.098914

Average Training loss: 0.0004, Training Error Rate: 8.12% (4871/60000)


Average Test loss: 0.0001, Test Error Rate: 7.84% (784/10000)

Train Epoch: 50 [20000/60000 (33%)]	Loss: 0.085730
Train Epoch: 50 [40000/60000 (67%)]	Loss: 0.090025
Train Epoch: 50 [60000/60000 (100%)]	Loss: 0.081491

Average Training loss: 0.0004, Training Error Rate: 8.29% (4975/60000)


Average Test loss: 0.0001, Test Error Rate: 7.82% (782/10000)

Train Epoch: 51 [20000/60000 (33%)]	Loss: 0.072775
Train Epoch: 51 [40000/60000 (67%)]	Loss: 0.090926
Train Epoch: 51 [60000/60000 (100%)]	Loss: 0.069765

Average Training loss: 0.0004, Training Error Rate: 8.05% (4828/60000)


Average Test loss: 0.0001, Test Error Rate: 7.56% (756/10000)

Train Epoch: 52 [20000/60000 (33%)]	Loss: 0.077300
Train Epoch: 52 [40000/60000 (67%)]	Loss: 0.077583
Train Epoch: 52 [60000/60000 (100%)]	Loss: 0.086776

Average Training loss: 0.0004, Training Error Rate: 8.01% (4803/60000)


Average Test loss: 0.0001, Test Error Rate: 7.52% (752/10000)

Train Epoch: 53 [20000/60000 (33%)]	Loss: 0.077075
Train Epoch: 53 [40000/60000 (67%)]	Loss: 0.093144
Train Epoch: 53 [60000/60000 (100%)]	Loss: 0.079322

Average Training loss: 0.0004, Training Error Rate: 8.05% (4829/60000)


Average Test loss: 0.0001, Test Error Rate: 7.74% (774/10000)

Train Epoch: 54 [20000/60000 (33%)]	Loss: 0.073319
Train Epoch: 54 [40000/60000 (67%)]	Loss: 0.083244
Train Epoch: 54 [60000/60000 (100%)]	Loss: 0.081801

Average Training loss: 0.0004, Training Error Rate: 7.94% (4766/60000)


Average Test loss: 0.0001, Test Error Rate: 7.78% (778/10000)

Train Epoch: 55 [20000/60000 (33%)]	Loss: 0.081186
Train Epoch: 55 [40000/60000 (67%)]	Loss: 0.080423
Train Epoch: 55 [60000/60000 (100%)]	Loss: 0.076662

Average Training loss: 0.0004, Training Error Rate: 7.72% (4632/60000)


Average Test loss: 0.0001, Test Error Rate: 7.26% (726/10000)

Train Epoch: 56 [20000/60000 (33%)]	Loss: 0.084982
Train Epoch: 56 [40000/60000 (67%)]	Loss: 0.073563
Train Epoch: 56 [60000/60000 (100%)]	Loss: 0.088538

Average Training loss: 0.0004, Training Error Rate: 7.63% (4576/60000)


Average Test loss: 0.0001, Test Error Rate: 7.49% (749/10000)

Train Epoch: 57 [20000/60000 (33%)]	Loss: 0.076259
Train Epoch: 57 [40000/60000 (67%)]	Loss: 0.057443
Train Epoch: 57 [60000/60000 (100%)]	Loss: 0.082107

Average Training loss: 0.0004, Training Error Rate: 7.71% (4629/60000)


Average Test loss: 0.0001, Test Error Rate: 7.54% (754/10000)

Train Epoch: 58 [20000/60000 (33%)]	Loss: 0.086742
Train Epoch: 58 [40000/60000 (67%)]	Loss: 0.084810
Train Epoch: 58 [60000/60000 (100%)]	Loss: 0.094998

Average Training loss: 0.0004, Training Error Rate: 7.79% (4671/60000)


Average Test loss: 0.0001, Test Error Rate: 7.49% (749/10000)

Train Epoch: 59 [20000/60000 (33%)]	Loss: 0.093106
Train Epoch: 59 [40000/60000 (67%)]	Loss: 0.093869
Train Epoch: 59 [60000/60000 (100%)]	Loss: 0.080881

Average Training loss: 0.0004, Training Error Rate: 7.76% (4659/60000)


Average Test loss: 0.0001, Test Error Rate: 7.81% (781/10000)

Train Epoch: 60 [20000/60000 (33%)]	Loss: 0.071118
Train Epoch: 60 [40000/60000 (67%)]	Loss: 0.084582
Train Epoch: 60 [60000/60000 (100%)]	Loss: 0.084828

Average Training loss: 0.0004, Training Error Rate: 7.75% (4648/60000)


Average Test loss: 0.0001, Test Error Rate: 7.57% (757/10000)

Train Epoch: 61 [20000/60000 (33%)]	Loss: 0.089708
Train Epoch: 61 [40000/60000 (67%)]	Loss: 0.100761
Train Epoch: 61 [60000/60000 (100%)]	Loss: 0.067898

Average Training loss: 0.0004, Training Error Rate: 7.75% (4650/60000)


Average Test loss: 0.0001, Test Error Rate: 7.50% (750/10000)

Train Epoch: 62 [20000/60000 (33%)]	Loss: 0.087456
Train Epoch: 62 [40000/60000 (67%)]	Loss: 0.071806
Train Epoch: 62 [60000/60000 (100%)]	Loss: 0.071106

Average Training loss: 0.0004, Training Error Rate: 7.50% (4502/60000)


Average Test loss: 0.0001, Test Error Rate: 7.50% (750/10000)

Train Epoch: 63 [20000/60000 (33%)]	Loss: 0.086978
Train Epoch: 63 [40000/60000 (67%)]	Loss: 0.076870
Train Epoch: 63 [60000/60000 (100%)]	Loss: 0.065971

Average Training loss: 0.0004, Training Error Rate: 7.67% (4603/60000)


Average Test loss: 0.0001, Test Error Rate: 7.47% (747/10000)

Train Epoch: 64 [20000/60000 (33%)]	Loss: 0.093592
Train Epoch: 64 [40000/60000 (67%)]	Loss: 0.085409
Train Epoch: 64 [60000/60000 (100%)]	Loss: 0.073407

Average Training loss: 0.0004, Training Error Rate: 7.74% (4644/60000)


Average Test loss: 0.0001, Test Error Rate: 7.75% (775/10000)

Train Epoch: 65 [20000/60000 (33%)]	Loss: 0.093314
Train Epoch: 65 [40000/60000 (67%)]	Loss: 0.080390
Train Epoch: 65 [60000/60000 (100%)]	Loss: 0.069891

Average Training loss: 0.0004, Training Error Rate: 7.83% (4697/60000)


Average Test loss: 0.0001, Test Error Rate: 7.54% (754/10000)

Train Epoch: 66 [20000/60000 (33%)]	Loss: 0.083275
Train Epoch: 66 [40000/60000 (67%)]	Loss: 0.079747
Train Epoch: 66 [60000/60000 (100%)]	Loss: 0.077951

Average Training loss: 0.0004, Training Error Rate: 7.74% (4644/60000)


Average Test loss: 0.0001, Test Error Rate: 7.53% (753/10000)

Train Epoch: 67 [20000/60000 (33%)]	Loss: 0.088427
Train Epoch: 67 [40000/60000 (67%)]	Loss: 0.078787
Train Epoch: 67 [60000/60000 (100%)]	Loss: 0.098759

Average Training loss: 0.0004, Training Error Rate: 7.56% (4534/60000)


Average Test loss: 0.0001, Test Error Rate: 7.55% (755/10000)

Train Epoch: 68 [20000/60000 (33%)]	Loss: 0.089739
Train Epoch: 68 [40000/60000 (67%)]	Loss: 0.079003
Train Epoch: 68 [60000/60000 (100%)]	Loss: 0.067757

Average Training loss: 0.0004, Training Error Rate: 7.39% (4433/60000)


Average Test loss: 0.0001, Test Error Rate: 7.09% (709/10000)

Train Epoch: 69 [20000/60000 (33%)]	Loss: 0.080619
Train Epoch: 69 [40000/60000 (67%)]	Loss: 0.068545
Train Epoch: 69 [60000/60000 (100%)]	Loss: 0.062833

Average Training loss: 0.0004, Training Error Rate: 7.35% (4408/60000)


Average Test loss: 0.0001, Test Error Rate: 7.17% (717/10000)

Train Epoch: 70 [20000/60000 (33%)]	Loss: 0.069680
Train Epoch: 70 [40000/60000 (67%)]	Loss: 0.084158
Train Epoch: 70 [60000/60000 (100%)]	Loss: 0.073843

Average Training loss: 0.0004, Training Error Rate: 7.31% (4386/60000)


Average Test loss: 0.0001, Test Error Rate: 7.27% (727/10000)

Train Epoch: 71 [20000/60000 (33%)]	Loss: 0.062303
Train Epoch: 71 [40000/60000 (67%)]	Loss: 0.078348
Train Epoch: 71 [60000/60000 (100%)]	Loss: 0.082345

Average Training loss: 0.0004, Training Error Rate: 7.27% (4363/60000)


Average Test loss: 0.0001, Test Error Rate: 7.24% (724/10000)

Train Epoch: 72 [20000/60000 (33%)]	Loss: 0.072304
slurmstepd: error: *** STEP 15492341.11 ON cn654 CANCELLED AT 2023-10-03T11:17:53 ***
/vast/home/ajherman/miniconda3/envs/pytorch/lib/python3.11/site-packages/torchvision/io/image.py:13: UserWarning: Failed to load image Python extension: '/vast/home/ajherman/miniconda3/envs/pytorch/lib/python3.11/site-packages/torchvision/image.so: undefined symbol: _ZN5torch3jit17parseSchemaOrNameERKNSt7__cxx1112basic_stringIcSt11char_traitsIcESaIcEEE'If you don't plan on using image functionality from `torchvision.io`, you can ignore this warning. Otherwise, there might be something wrong with your environment. Did you have `libjpeg` or `libpng` installed before building `torchvision` from source?
  warn(
Random seed set as 42
dt =  0.22119921692859512
trace decay =  0.7165313105737893
Random seed set as 42
Random seed set as 42
dt =  0.22119921692859512
trace decay =  0.7165313105737893
Random seed set as 42
/vast/home/ajherman/miniconda3/envs/pytorch/lib/python3.11/site-packages/torchvision/io/image.py:13: UserWarning: Failed to load image Python extension: '/vast/home/ajherman/miniconda3/envs/pytorch/lib/python3.11/site-packages/torchvision/image.so: undefined symbol: _ZN5torch3jit17parseSchemaOrNameERKNSt7__cxx1112basic_stringIcSt11char_traitsIcESaIcEEE'If you don't plan on using image functionality from `torchvision.io`, you can ignore this warning. Otherwise, there might be something wrong with your environment. Did you have `libjpeg` or `libpng` installed before building `torchvision` from source?
  warn(
Random seed set as 42
dt =  0.22119921692859512
trace decay =  0.7165313105737893
Random seed set as 42
Random seed set as 42
dt =  0.22119921692859512
trace decay =  0.7165313105737893
Random seed set as 42
Train Epoch: 72 [20000/60000 (33%)]	Loss: 0.070480
