/vast/home/ajherman/miniconda3/envs/pytorch/lib/python3.11/site-packages/torchvision/io/image.py:13: UserWarning: Failed to load image Python extension: '/vast/home/ajherman/miniconda3/envs/pytorch/lib/python3.11/site-packages/torchvision/image.so: undefined symbol: _ZN5torch3jit17parseSchemaOrNameERKNSt7__cxx1112basic_stringIcSt11char_traitsIcESaIcEEE'If you don't plan on using image functionality from `torchvision.io`, you can ignore this warning. Otherwise, there might be something wrong with your environment. Did you have `libjpeg` or `libpng` installed before building `torchvision` from source?
  warn(
Random seed set as 42
dt =  0.6321205588285577
trace decay =  0.6065306597126334
Random seed set as 42
Random seed set as 42
dt =  0.6321205588285577
trace decay =  0.6065306597126334
Random seed set as 42
Train Epoch: 0 [20000/60000 (33%)]	Loss: 0.478600
Train Epoch: 0 [40000/60000 (67%)]	Loss: 0.463749
Train Epoch: 0 [60000/60000 (100%)]	Loss: 0.471328

Average Training loss: 0.0024, Training Error Rate: 89.24% (53546/60000)


Average Test loss: 0.0005, Test Error Rate: 89.66% (8966/10000)

Train Epoch: 1 [20000/60000 (33%)]	Loss: 0.473767
Train Epoch: 1 [40000/60000 (67%)]	Loss: 0.450352
Train Epoch: 1 [60000/60000 (100%)]	Loss: 0.460123

Average Training loss: 0.0023, Training Error Rate: 85.74% (51443/60000)


Average Test loss: 0.0005, Test Error Rate: 81.95% (8195/10000)

Train Epoch: 2 [20000/60000 (33%)]	Loss: 0.443978
Train Epoch: 2 [40000/60000 (67%)]	Loss: 0.453825
Train Epoch: 2 [60000/60000 (100%)]	Loss: 0.455697

Average Training loss: 0.0022, Training Error Rate: 81.56% (48937/60000)


Average Test loss: 0.0004, Test Error Rate: 82.95% (8295/10000)

Train Epoch: 3 [20000/60000 (33%)]	Loss: 0.435908
Train Epoch: 3 [40000/60000 (67%)]	Loss: 0.425648
Train Epoch: 3 [60000/60000 (100%)]	Loss: 0.440020

Average Training loss: 0.0022, Training Error Rate: 76.33% (45796/60000)


Average Test loss: 0.0004, Test Error Rate: 75.10% (7510/10000)

Train Epoch: 4 [20000/60000 (33%)]	Loss: 0.412040
Train Epoch: 4 [40000/60000 (67%)]	Loss: 0.407110
Train Epoch: 4 [60000/60000 (100%)]	Loss: 0.438952

Average Training loss: 0.0021, Training Error Rate: 73.36% (44017/60000)


Average Test loss: 0.0004, Test Error Rate: 76.79% (7679/10000)

Train Epoch: 5 [20000/60000 (33%)]	Loss: 0.400115
Train Epoch: 5 [40000/60000 (67%)]	Loss: 0.418007
Train Epoch: 5 [60000/60000 (100%)]	Loss: 0.385341

Average Training loss: 0.0020, Training Error Rate: 66.80% (40079/60000)


Average Test loss: 0.0004, Test Error Rate: 62.66% (6266/10000)

Train Epoch: 6 [20000/60000 (33%)]	Loss: 0.372248
Train Epoch: 6 [40000/60000 (67%)]	Loss: 0.386922
Train Epoch: 6 [60000/60000 (100%)]	Loss: 0.351287

Average Training loss: 0.0019, Training Error Rate: 58.84% (35304/60000)


Average Test loss: 0.0004, Test Error Rate: 58.20% (5820/10000)

Train Epoch: 7 [20000/60000 (33%)]	Loss: 0.382589
Train Epoch: 7 [40000/60000 (67%)]	Loss: 0.359850
Train Epoch: 7 [60000/60000 (100%)]	Loss: 0.358631

Average Training loss: 0.0018, Training Error Rate: 52.99% (31796/60000)


Average Test loss: 0.0004, Test Error Rate: 52.84% (5284/10000)

Train Epoch: 8 [20000/60000 (33%)]	Loss: 0.305880
Train Epoch: 8 [40000/60000 (67%)]	Loss: 0.339162
Train Epoch: 8 [60000/60000 (100%)]	Loss: 0.317069

Average Training loss: 0.0017, Training Error Rate: 47.57% (28541/60000)


Average Test loss: 0.0003, Test Error Rate: 44.77% (4477/10000)

Train Epoch: 9 [20000/60000 (33%)]	Loss: 0.298297
Train Epoch: 9 [40000/60000 (67%)]	Loss: 0.299151
Train Epoch: 9 [60000/60000 (100%)]	Loss: 0.276815

Average Training loss: 0.0015, Training Error Rate: 41.19% (24714/60000)


Average Test loss: 0.0003, Test Error Rate: 43.21% (4321/10000)

Train Epoch: 10 [20000/60000 (33%)]	Loss: 0.283301
Train Epoch: 10 [40000/60000 (67%)]	Loss: 0.268168
Train Epoch: 10 [60000/60000 (100%)]	Loss: 0.265421

Average Training loss: 0.0014, Training Error Rate: 36.16% (21693/60000)

