/vast/home/ajherman/miniconda3/envs/pytorch/lib/python3.11/site-packages/torchvision/io/image.py:13: UserWarning: Failed to load image Python extension: '/vast/home/ajherman/miniconda3/envs/pytorch/lib/python3.11/site-packages/torchvision/image.so: undefined symbol: _ZN5torch3jit17parseSchemaOrNameERKNSt7__cxx1112basic_stringIcSt11char_traitsIcESaIcEEE'If you don't plan on using image functionality from `torchvision.io`, you can ignore this warning. Otherwise, there might be something wrong with your environment. Did you have `libjpeg` or `libpng` installed before building `torchvision` from source?
  warn(
Random seed set as 42
dt =  0.6321205588285577
trace decay =  0.8187307530779818
Random seed set as 42
Random seed set as 42
dt =  0.6321205588285577
trace decay =  0.8187307530779818
Random seed set as 42
Train Epoch: 0 [20000/60000 (33%)]	Loss: 0.463105
Train Epoch: 0 [40000/60000 (67%)]	Loss: 0.498844
Train Epoch: 0 [60000/60000 (100%)]	Loss: 0.471154

Average Training loss: 0.0025, Training Error Rate: 90.43% (54257/60000)


Average Test loss: 0.0005, Test Error Rate: 91.09% (9109/10000)

Train Epoch: 1 [20000/60000 (33%)]	Loss: 0.465445
Train Epoch: 1 [40000/60000 (67%)]	Loss: 0.458268
Train Epoch: 1 [60000/60000 (100%)]	Loss: 0.477519

Average Training loss: 0.0024, Training Error Rate: 89.79% (53876/60000)


Average Test loss: 0.0005, Test Error Rate: 90.23% (9023/10000)

Train Epoch: 2 [20000/60000 (33%)]	Loss: 0.465397
Train Epoch: 2 [40000/60000 (67%)]	Loss: 0.473919
Train Epoch: 2 [60000/60000 (100%)]	Loss: 0.462849

Average Training loss: 0.0024, Training Error Rate: 89.90% (53940/60000)


Average Test loss: 0.0005, Test Error Rate: 89.68% (8968/10000)

Train Epoch: 3 [20000/60000 (33%)]	Loss: 0.470323
Train Epoch: 3 [40000/60000 (67%)]	Loss: 0.471862
Train Epoch: 3 [60000/60000 (100%)]	Loss: 0.469000

Average Training loss: 0.0023, Training Error Rate: 89.55% (53727/60000)


Average Test loss: 0.0005, Test Error Rate: 89.16% (8916/10000)

Train Epoch: 4 [20000/60000 (33%)]	Loss: 0.467887
Train Epoch: 4 [40000/60000 (67%)]	Loss: 0.464750
Train Epoch: 4 [60000/60000 (100%)]	Loss: 0.468393

Average Training loss: 0.0023, Training Error Rate: 88.65% (53190/60000)


Average Test loss: 0.0005, Test Error Rate: 86.75% (8675/10000)

Train Epoch: 5 [20000/60000 (33%)]	Loss: 0.458974
Train Epoch: 5 [40000/60000 (67%)]	Loss: 0.469909
Train Epoch: 5 [60000/60000 (100%)]	Loss: 0.472351

Average Training loss: 0.0023, Training Error Rate: 87.52% (52512/60000)


Average Test loss: 0.0005, Test Error Rate: 87.16% (8716/10000)

Train Epoch: 6 [20000/60000 (33%)]	Loss: 0.461274
Train Epoch: 6 [40000/60000 (67%)]	Loss: 0.479381
Train Epoch: 6 [60000/60000 (100%)]	Loss: 0.463554

Average Training loss: 0.0023, Training Error Rate: 86.46% (51874/60000)


Average Test loss: 0.0005, Test Error Rate: 89.11% (8911/10000)

Train Epoch: 7 [20000/60000 (33%)]	Loss: 0.480231
Train Epoch: 7 [40000/60000 (67%)]	Loss: 0.465716
Train Epoch: 7 [60000/60000 (100%)]	Loss: 0.466179

Average Training loss: 0.0023, Training Error Rate: 87.90% (52740/60000)


Average Test loss: 0.0005, Test Error Rate: 86.40% (8640/10000)

Train Epoch: 8 [20000/60000 (33%)]	Loss: 0.464127
Train Epoch: 8 [40000/60000 (67%)]	Loss: 0.469434
Train Epoch: 8 [60000/60000 (100%)]	Loss: 0.466743

Average Training loss: 0.0023, Training Error Rate: 87.08% (52250/60000)


Average Test loss: 0.0005, Test Error Rate: 87.97% (8797/10000)

Train Epoch: 9 [20000/60000 (33%)]	Loss: 0.465438
Train Epoch: 9 [40000/60000 (67%)]	Loss: 0.460631
Train Epoch: 9 [60000/60000 (100%)]	Loss: 0.461223

Average Training loss: 0.0023, Training Error Rate: 84.22% (50530/60000)


Average Test loss: 0.0005, Test Error Rate: 80.98% (8098/10000)

Train Epoch: 10 [20000/60000 (33%)]	Loss: 0.467504
Train Epoch: 10 [40000/60000 (67%)]	Loss: 0.462138
Train Epoch: 10 [60000/60000 (100%)]	Loss: 0.474742

Average Training loss: 0.0023, Training Error Rate: 85.97% (51581/60000)


Average Test loss: 0.0005, Test Error Rate: 79.56% (7956/10000)

Train Epoch: 11 [20000/60000 (33%)]	Loss: 0.468131
Train Epoch: 11 [40000/60000 (67%)]	Loss: 0.467564
Train Epoch: 11 [60000/60000 (100%)]	Loss: 0.464179

Average Training loss: 0.0023, Training Error Rate: 83.47% (50079/60000)


Average Test loss: 0.0005, Test Error Rate: 80.61% (8061/10000)

Train Epoch: 12 [20000/60000 (33%)]	Loss: 0.453174
Train Epoch: 12 [40000/60000 (67%)]	Loss: 0.460339
Train Epoch: 12 [60000/60000 (100%)]	Loss: 0.464265

Average Training loss: 0.0023, Training Error Rate: 82.28% (49370/60000)


Average Test loss: 0.0005, Test Error Rate: 81.45% (8145/10000)

Train Epoch: 13 [20000/60000 (33%)]	Loss: 0.467178
Train Epoch: 13 [40000/60000 (67%)]	Loss: 0.458565
Train Epoch: 13 [60000/60000 (100%)]	Loss: 0.456897

Average Training loss: 0.0023, Training Error Rate: 83.08% (49851/60000)


Average Test loss: 0.0005, Test Error Rate: 80.70% (8070/10000)

Train Epoch: 14 [20000/60000 (33%)]	Loss: 0.452592
Train Epoch: 14 [40000/60000 (67%)]	Loss: 0.462069
Train Epoch: 14 [60000/60000 (100%)]	Loss: 0.458170

Average Training loss: 0.0023, Training Error Rate: 82.18% (49308/60000)


Average Test loss: 0.0005, Test Error Rate: 80.71% (8071/10000)

Train Epoch: 15 [20000/60000 (33%)]	Loss: 0.466341
Train Epoch: 15 [40000/60000 (67%)]	Loss: 0.464636
Train Epoch: 15 [60000/60000 (100%)]	Loss: 0.455614

Average Training loss: 0.0023, Training Error Rate: 81.50% (48897/60000)


Average Test loss: 0.0005, Test Error Rate: 80.12% (8012/10000)

Train Epoch: 16 [20000/60000 (33%)]	Loss: 0.464880
Train Epoch: 16 [40000/60000 (67%)]	Loss: 0.455628
Train Epoch: 16 [60000/60000 (100%)]	Loss: 0.459601

Average Training loss: 0.0023, Training Error Rate: 80.78% (48468/60000)


Average Test loss: 0.0005, Test Error Rate: 88.20% (8820/10000)

Train Epoch: 17 [20000/60000 (33%)]	Loss: 0.454188
Train Epoch: 17 [40000/60000 (67%)]	Loss: 0.452829
Train Epoch: 17 [60000/60000 (100%)]	Loss: 0.464192

Average Training loss: 0.0023, Training Error Rate: 80.42% (48253/60000)


Average Test loss: 0.0005, Test Error Rate: 79.34% (7934/10000)

Train Epoch: 18 [20000/60000 (33%)]	Loss: 0.472045
Train Epoch: 18 [40000/60000 (67%)]	Loss: 0.475820
Train Epoch: 18 [60000/60000 (100%)]	Loss: 0.471363

Average Training loss: 0.0023, Training Error Rate: 87.36% (52416/60000)


Average Test loss: 0.0005, Test Error Rate: 92.42% (9242/10000)

Train Epoch: 19 [20000/60000 (33%)]	Loss: 0.473063
Train Epoch: 19 [40000/60000 (67%)]	Loss: 0.467092
Train Epoch: 19 [60000/60000 (100%)]	Loss: 0.472335

Average Training loss: 0.0024, Training Error Rate: 89.42% (53651/60000)


Average Test loss: 0.0005, Test Error Rate: 88.74% (8874/10000)

Train Epoch: 20 [20000/60000 (33%)]	Loss: 0.463829
Train Epoch: 20 [40000/60000 (67%)]	Loss: 0.478274
Train Epoch: 20 [60000/60000 (100%)]	Loss: 0.468480

Average Training loss: 0.0024, Training Error Rate: 89.01% (53407/60000)


Average Test loss: 0.0005, Test Error Rate: 89.60% (8960/10000)

Train Epoch: 21 [20000/60000 (33%)]	Loss: 0.468943
Train Epoch: 21 [40000/60000 (67%)]	Loss: 0.465733
Train Epoch: 21 [60000/60000 (100%)]	Loss: 0.469049

Average Training loss: 0.0023, Training Error Rate: 88.56% (53133/60000)


Average Test loss: 0.0005, Test Error Rate: 81.05% (8105/10000)

Train Epoch: 22 [20000/60000 (33%)]	Loss: 0.457415
Train Epoch: 22 [40000/60000 (67%)]	Loss: 0.466731
Train Epoch: 22 [60000/60000 (100%)]	Loss: 0.471828

Average Training loss: 0.0023, Training Error Rate: 83.31% (49985/60000)


Average Test loss: 0.0005, Test Error Rate: 80.20% (8020/10000)

Train Epoch: 23 [20000/60000 (33%)]	Loss: 0.469632
Train Epoch: 23 [40000/60000 (67%)]	Loss: 0.453061
Train Epoch: 23 [60000/60000 (100%)]	Loss: 0.451065

Average Training loss: 0.0023, Training Error Rate: 81.59% (48955/60000)


Average Test loss: 0.0004, Test Error Rate: 77.90% (7790/10000)

Train Epoch: 24 [20000/60000 (33%)]	Loss: 0.443671
Train Epoch: 24 [40000/60000 (67%)]	Loss: 0.456829
Train Epoch: 24 [60000/60000 (100%)]	Loss: 0.446445

Average Training loss: 0.0022, Training Error Rate: 76.55% (45929/60000)


Average Test loss: 0.0004, Test Error Rate: 78.18% (7818/10000)

Train Epoch: 25 [20000/60000 (33%)]	Loss: 0.442871
Train Epoch: 25 [40000/60000 (67%)]	Loss: 0.441433
Train Epoch: 25 [60000/60000 (100%)]	Loss: 0.432734

Average Training loss: 0.0022, Training Error Rate: 76.74% (46044/60000)


Average Test loss: 0.0004, Test Error Rate: 78.56% (7856/10000)

Train Epoch: 26 [20000/60000 (33%)]	Loss: 0.446217
Train Epoch: 26 [40000/60000 (67%)]	Loss: 0.432408
Train Epoch: 26 [60000/60000 (100%)]	Loss: 0.443072

Average Training loss: 0.0022, Training Error Rate: 78.94% (47361/60000)


Average Test loss: 0.0005, Test Error Rate: 76.78% (7678/10000)

Train Epoch: 27 [20000/60000 (33%)]	Loss: 0.451901
Train Epoch: 27 [40000/60000 (67%)]	Loss: 0.444949
Train Epoch: 27 [60000/60000 (100%)]	Loss: 0.445532

Average Training loss: 0.0022, Training Error Rate: 78.92% (47349/60000)


Average Test loss: 0.0004, Test Error Rate: 79.21% (7921/10000)

Train Epoch: 28 [20000/60000 (33%)]	Loss: 0.436980
Train Epoch: 28 [40000/60000 (67%)]	Loss: 0.423244
Train Epoch: 28 [60000/60000 (100%)]	Loss: 0.422085

Average Training loss: 0.0022, Training Error Rate: 77.41% (46445/60000)


Average Test loss: 0.0004, Test Error Rate: 76.57% (7657/10000)

Train Epoch: 29 [20000/60000 (33%)]	Loss: 0.430104
Train Epoch: 29 [40000/60000 (67%)]	Loss: 0.437284
Train Epoch: 29 [60000/60000 (100%)]	Loss: 0.441578

Average Training loss: 0.0022, Training Error Rate: 76.76% (46057/60000)


Average Test loss: 0.0004, Test Error Rate: 77.84% (7784/10000)

Train Epoch: 30 [20000/60000 (33%)]	Loss: 0.432574
Train Epoch: 30 [40000/60000 (67%)]	Loss: 0.434267
Train Epoch: 30 [60000/60000 (100%)]	Loss: 0.426911

Average Training loss: 0.0022, Training Error Rate: 73.74% (44244/60000)


Average Test loss: 0.0004, Test Error Rate: 71.55% (7155/10000)

Train Epoch: 31 [20000/60000 (33%)]	Loss: 0.426904
Train Epoch: 31 [40000/60000 (67%)]	Loss: 0.425051
Train Epoch: 31 [60000/60000 (100%)]	Loss: 0.431823

Average Training loss: 0.0021, Training Error Rate: 72.71% (43627/60000)


Average Test loss: 0.0004, Test Error Rate: 72.61% (7261/10000)

Train Epoch: 32 [20000/60000 (33%)]	Loss: 0.423756
Train Epoch: 32 [40000/60000 (67%)]	Loss: 0.418381
Train Epoch: 32 [60000/60000 (100%)]	Loss: 0.423414

Average Training loss: 0.0021, Training Error Rate: 71.48% (42887/60000)


Average Test loss: 0.0004, Test Error Rate: 72.54% (7254/10000)

Train Epoch: 33 [20000/60000 (33%)]	Loss: 0.439862
Train Epoch: 33 [40000/60000 (67%)]	Loss: 0.417774
Train Epoch: 33 [60000/60000 (100%)]	Loss: 0.413283

Average Training loss: 0.0021, Training Error Rate: 69.88% (41927/60000)


Average Test loss: 0.0004, Test Error Rate: 67.35% (6735/10000)

slurmstepd: error: *** STEP 15491790.1890 ON cn442 CANCELLED AT 2023-10-02T20:55:05 ***
/vast/home/ajherman/miniconda3/envs/pytorch/lib/python3.11/site-packages/torchvision/io/image.py:13: UserWarning: Failed to load image Python extension: '/vast/home/ajherman/miniconda3/envs/pytorch/lib/python3.11/site-packages/torchvision/image.so: undefined symbol: _ZN5torch3jit17parseSchemaOrNameERKNSt7__cxx1112basic_stringIcSt11char_traitsIcESaIcEEE'If you don't plan on using image functionality from `torchvision.io`, you can ignore this warning. Otherwise, there might be something wrong with your environment. Did you have `libjpeg` or `libpng` installed before building `torchvision` from source?
  warn(
Random seed set as 42
dt =  0.6321205588285577
trace decay =  0.8187307530779818
Random seed set as 42
Random seed set as 42
dt =  0.6321205588285577
trace decay =  0.8187307530779818
Random seed set as 42
Train Epoch: 34 [20000/60000 (33%)]	Loss: 0.416388
Train Epoch: 34 [40000/60000 (67%)]	Loss: 0.422195
Train Epoch: 34 [60000/60000 (100%)]	Loss: 0.421445

Average Training loss: 0.0021, Training Error Rate: 67.69% (40612/60000)


Average Test loss: 0.0004, Test Error Rate: 69.75% (6975/10000)

Train Epoch: 35 [20000/60000 (33%)]	Loss: 0.426098
Train Epoch: 35 [40000/60000 (67%)]	Loss: 0.412427
Train Epoch: 35 [60000/60000 (100%)]	Loss: 0.399582

Average Training loss: 0.0021, Training Error Rate: 67.12% (40271/60000)


Average Test loss: 0.0004, Test Error Rate: 61.03% (6103/10000)

Train Epoch: 36 [20000/60000 (33%)]	Loss: 0.398566
Train Epoch: 36 [40000/60000 (67%)]	Loss: 0.408787
Train Epoch: 36 [60000/60000 (100%)]	Loss: 0.399813

Average Training loss: 0.0020, Training Error Rate: 62.49% (37492/60000)


Average Test loss: 0.0004, Test Error Rate: 63.99% (6399/10000)

Train Epoch: 37 [20000/60000 (33%)]	Loss: 0.418546
Train Epoch: 37 [40000/60000 (67%)]	Loss: 0.402451
Train Epoch: 37 [60000/60000 (100%)]	Loss: 0.402897

Average Training loss: 0.0020, Training Error Rate: 63.14% (37882/60000)


Average Test loss: 0.0004, Test Error Rate: 61.17% (6117/10000)

Train Epoch: 38 [20000/60000 (33%)]	Loss: 0.394370
Train Epoch: 38 [40000/60000 (67%)]	Loss: 0.392349
Train Epoch: 38 [60000/60000 (100%)]	Loss: 0.397244

Average Training loss: 0.0020, Training Error Rate: 62.36% (37417/60000)


Average Test loss: 0.0004, Test Error Rate: 65.73% (6573/10000)

Train Epoch: 39 [20000/60000 (33%)]	Loss: 0.397068
Train Epoch: 39 [40000/60000 (67%)]	Loss: 0.397705
Train Epoch: 39 [60000/60000 (100%)]	Loss: 0.406538

Average Training loss: 0.0020, Training Error Rate: 61.83% (37098/60000)


Average Test loss: 0.0004, Test Error Rate: 61.07% (6107/10000)

Train Epoch: 40 [20000/60000 (33%)]	Loss: 0.393430
Train Epoch: 40 [40000/60000 (67%)]	Loss: 0.397207
Train Epoch: 40 [60000/60000 (100%)]	Loss: 0.389219

Average Training loss: 0.0020, Training Error Rate: 59.48% (35685/60000)


Average Test loss: 0.0004, Test Error Rate: 56.51% (5651/10000)

Train Epoch: 41 [20000/60000 (33%)]	Loss: 0.390458
Train Epoch: 41 [40000/60000 (67%)]	Loss: 0.377669
Train Epoch: 41 [60000/60000 (100%)]	Loss: 0.378117

Average Training loss: 0.0019, Training Error Rate: 56.65% (33992/60000)


Average Test loss: 0.0004, Test Error Rate: 57.04% (5704/10000)

Train Epoch: 42 [20000/60000 (33%)]	Loss: 0.380212
Train Epoch: 42 [40000/60000 (67%)]	Loss: 0.377910
Train Epoch: 42 [60000/60000 (100%)]	Loss: 0.393775

Average Training loss: 0.0019, Training Error Rate: 58.41% (35046/60000)


Average Test loss: 0.0004, Test Error Rate: 55.12% (5512/10000)

Train Epoch: 43 [20000/60000 (33%)]	Loss: 0.372162
Train Epoch: 43 [40000/60000 (67%)]	Loss: 0.366519
Train Epoch: 43 [60000/60000 (100%)]	Loss: 0.375918

Average Training loss: 0.0019, Training Error Rate: 55.72% (33434/60000)


Average Test loss: 0.0004, Test Error Rate: 51.93% (5193/10000)

Train Epoch: 44 [20000/60000 (33%)]	Loss: 0.386406
Train Epoch: 44 [40000/60000 (67%)]	Loss: 0.366966
Train Epoch: 44 [60000/60000 (100%)]	Loss: 0.372129

Average Training loss: 0.0019, Training Error Rate: 54.66% (32797/60000)


Average Test loss: 0.0004, Test Error Rate: 53.45% (5345/10000)

Train Epoch: 45 [20000/60000 (33%)]	Loss: 0.389424
Train Epoch: 45 [40000/60000 (67%)]	Loss: 0.376642
Train Epoch: 45 [60000/60000 (100%)]	Loss: 0.379333

Average Training loss: 0.0019, Training Error Rate: 54.53% (32719/60000)


Average Test loss: 0.0004, Test Error Rate: 56.60% (5660/10000)

Train Epoch: 46 [20000/60000 (33%)]	Loss: 0.365185
Train Epoch: 46 [40000/60000 (67%)]	Loss: 0.369783
Train Epoch: 46 [60000/60000 (100%)]	Loss: 0.365321

Average Training loss: 0.0018, Training Error Rate: 54.62% (32774/60000)


Average Test loss: 0.0004, Test Error Rate: 51.09% (5109/10000)

Train Epoch: 47 [20000/60000 (33%)]	Loss: 0.363066
Train Epoch: 47 [40000/60000 (67%)]	Loss: 0.367290
Train Epoch: 47 [60000/60000 (100%)]	Loss: 0.359918

Average Training loss: 0.0018, Training Error Rate: 52.95% (31769/60000)


Average Test loss: 0.0004, Test Error Rate: 54.58% (5458/10000)

Train Epoch: 48 [20000/60000 (33%)]	Loss: 0.347870
Train Epoch: 48 [40000/60000 (67%)]	Loss: 0.355646
Train Epoch: 48 [60000/60000 (100%)]	Loss: 0.360108

Average Training loss: 0.0018, Training Error Rate: 53.09% (31856/60000)


Average Test loss: 0.0004, Test Error Rate: 49.70% (4970/10000)

Train Epoch: 49 [20000/60000 (33%)]	Loss: 0.354943
Train Epoch: 49 [40000/60000 (67%)]	Loss: 0.361203
Train Epoch: 49 [60000/60000 (100%)]	Loss: 0.356318

Average Training loss: 0.0018, Training Error Rate: 51.95% (31172/60000)


Average Test loss: 0.0004, Test Error Rate: 50.62% (5062/10000)

Train Epoch: 50 [20000/60000 (33%)]	Loss: 0.341032
Train Epoch: 50 [40000/60000 (67%)]	Loss: 0.333839
Train Epoch: 50 [60000/60000 (100%)]	Loss: 0.349861

Average Training loss: 0.0018, Training Error Rate: 52.40% (31437/60000)


Average Test loss: 0.0003, Test Error Rate: 49.27% (4927/10000)

Train Epoch: 51 [20000/60000 (33%)]	Loss: 0.354070
Train Epoch: 51 [40000/60000 (67%)]	Loss: 0.345500
Train Epoch: 51 [60000/60000 (100%)]	Loss: 0.359681

Average Training loss: 0.0018, Training Error Rate: 49.38% (29626/60000)


Average Test loss: 0.0004, Test Error Rate: 50.39% (5039/10000)

Train Epoch: 52 [20000/60000 (33%)]	Loss: 0.344694
Train Epoch: 52 [40000/60000 (67%)]	Loss: 0.339468
Train Epoch: 52 [60000/60000 (100%)]	Loss: 0.348043

Average Training loss: 0.0018, Training Error Rate: 49.84% (29902/60000)


Average Test loss: 0.0004, Test Error Rate: 46.64% (4664/10000)

Train Epoch: 53 [20000/60000 (33%)]	Loss: 0.341085
Train Epoch: 53 [40000/60000 (67%)]	Loss: 0.353776
Train Epoch: 53 [60000/60000 (100%)]	Loss: 0.343639

Average Training loss: 0.0017, Training Error Rate: 47.37% (28419/60000)


Average Test loss: 0.0003, Test Error Rate: 48.35% (4835/10000)

Train Epoch: 54 [20000/60000 (33%)]	Loss: 0.335598
Train Epoch: 54 [40000/60000 (67%)]	Loss: 0.352452
Train Epoch: 54 [60000/60000 (100%)]	Loss: 0.342302

Average Training loss: 0.0017, Training Error Rate: 46.86% (28114/60000)


Average Test loss: 0.0003, Test Error Rate: 44.66% (4466/10000)

Train Epoch: 55 [20000/60000 (33%)]	Loss: 0.337228
Train Epoch: 55 [40000/60000 (67%)]	Loss: 0.340283
Train Epoch: 55 [60000/60000 (100%)]	Loss: 0.348923

Average Training loss: 0.0017, Training Error Rate: 44.63% (26780/60000)


Average Test loss: 0.0003, Test Error Rate: 42.21% (4221/10000)

Train Epoch: 56 [20000/60000 (33%)]	Loss: 0.340871
Train Epoch: 56 [40000/60000 (67%)]	Loss: 0.358793
Train Epoch: 56 [60000/60000 (100%)]	Loss: 0.317976

Average Training loss: 0.0017, Training Error Rate: 44.94% (26966/60000)


Average Test loss: 0.0003, Test Error Rate: 43.72% (4372/10000)

Train Epoch: 57 [20000/60000 (33%)]	Loss: 0.346372
Train Epoch: 57 [40000/60000 (67%)]	Loss: 0.319041
Train Epoch: 57 [60000/60000 (100%)]	Loss: 0.335962

Average Training loss: 0.0017, Training Error Rate: 44.67% (26801/60000)


Average Test loss: 0.0003, Test Error Rate: 41.78% (4178/10000)

Train Epoch: 58 [20000/60000 (33%)]	Loss: 0.347049
Train Epoch: 58 [40000/60000 (67%)]	Loss: 0.329060
Train Epoch: 58 [60000/60000 (100%)]	Loss: 0.320820

Average Training loss: 0.0016, Training Error Rate: 41.60% (24958/60000)


Average Test loss: 0.0003, Test Error Rate: 42.25% (4225/10000)

Train Epoch: 59 [20000/60000 (33%)]	Loss: 0.331856
Train Epoch: 59 [40000/60000 (67%)]	Loss: 0.324162
Train Epoch: 59 [60000/60000 (100%)]	Loss: 0.321247

Average Training loss: 0.0016, Training Error Rate: 40.35% (24212/60000)


Average Test loss: 0.0003, Test Error Rate: 38.20% (3820/10000)

Train Epoch: 60 [20000/60000 (33%)]	Loss: 0.320251
Train Epoch: 60 [40000/60000 (67%)]	Loss: 0.325156
Train Epoch: 60 [60000/60000 (100%)]	Loss: 0.326419

Average Training loss: 0.0016, Training Error Rate: 41.41% (24847/60000)


Average Test loss: 0.0003, Test Error Rate: 38.77% (3877/10000)

Train Epoch: 61 [20000/60000 (33%)]	Loss: 0.322330
Train Epoch: 61 [40000/60000 (67%)]	Loss: 0.319068
Train Epoch: 61 [60000/60000 (100%)]	Loss: 0.323472

Average Training loss: 0.0016, Training Error Rate: 39.15% (23487/60000)


Average Test loss: 0.0003, Test Error Rate: 38.83% (3883/10000)

Train Epoch: 62 [20000/60000 (33%)]	Loss: 0.312525
Train Epoch: 62 [40000/60000 (67%)]	Loss: 0.309184
Train Epoch: 62 [60000/60000 (100%)]	Loss: 0.319401

Average Training loss: 0.0016, Training Error Rate: 38.28% (22971/60000)


Average Test loss: 0.0003, Test Error Rate: 36.32% (3632/10000)

Train Epoch: 63 [20000/60000 (33%)]	Loss: 0.301731
Train Epoch: 63 [40000/60000 (67%)]	Loss: 0.301093
Train Epoch: 63 [60000/60000 (100%)]	Loss: 0.294660

Average Training loss: 0.0015, Training Error Rate: 35.21% (21125/60000)


Average Test loss: 0.0003, Test Error Rate: 33.97% (3397/10000)

Train Epoch: 64 [20000/60000 (33%)]	Loss: 0.292745
Train Epoch: 64 [40000/60000 (67%)]	Loss: 0.306567
Train Epoch: 64 [60000/60000 (100%)]	Loss: 0.301058

Average Training loss: 0.0015, Training Error Rate: 33.99% (20393/60000)


Average Test loss: 0.0003, Test Error Rate: 32.32% (3232/10000)

Train Epoch: 65 [20000/60000 (33%)]	Loss: 0.282483
Train Epoch: 65 [40000/60000 (67%)]	Loss: 0.308278
Train Epoch: 65 [60000/60000 (100%)]	Loss: 0.293830

Average Training loss: 0.0015, Training Error Rate: 33.87% (20323/60000)


Average Test loss: 0.0003, Test Error Rate: 32.32% (3232/10000)

Train Epoch: 66 [20000/60000 (33%)]	Loss: 0.287215
Train Epoch: 66 [40000/60000 (67%)]	Loss: 0.285554
Train Epoch: 66 [60000/60000 (100%)]	Loss: 0.278394

Average Training loss: 0.0014, Training Error Rate: 31.67% (19001/60000)


Average Test loss: 0.0003, Test Error Rate: 32.02% (3202/10000)

Train Epoch: 67 [20000/60000 (33%)]	Loss: 0.270978
Train Epoch: 67 [40000/60000 (67%)]	Loss: 0.291825
Train Epoch: 67 [60000/60000 (100%)]	Loss: 0.276745

Average Training loss: 0.0014, Training Error Rate: 30.15% (18092/60000)


Average Test loss: 0.0003, Test Error Rate: 28.78% (2878/10000)

Train Epoch: 68 [20000/60000 (33%)]	Loss: 0.290140
Train Epoch: 68 [40000/60000 (67%)]	Loss: 0.279352
Train Epoch: 68 [60000/60000 (100%)]	Loss: 0.272469

Average Training loss: 0.0014, Training Error Rate: 29.68% (17805/60000)


Average Test loss: 0.0003, Test Error Rate: 27.71% (2771/10000)

Train Epoch: 69 [20000/60000 (33%)]	Loss: 0.285669
Train Epoch: 69 [40000/60000 (67%)]	Loss: 0.278361
Train Epoch: 69 [60000/60000 (100%)]	Loss: 0.278603

Average Training loss: 0.0014, Training Error Rate: 29.33% (17597/60000)


Average Test loss: 0.0003, Test Error Rate: 26.88% (2688/10000)

Train Epoch: 70 [20000/60000 (33%)]	Loss: 0.263743
Train Epoch: 70 [40000/60000 (67%)]	Loss: 0.290603
Train Epoch: 70 [60000/60000 (100%)]	Loss: 0.281994

Average Training loss: 0.0014, Training Error Rate: 29.30% (17578/60000)


Average Test loss: 0.0003, Test Error Rate: 28.94% (2894/10000)

Train Epoch: 71 [20000/60000 (33%)]	Loss: 0.243726
Train Epoch: 71 [40000/60000 (67%)]	Loss: 0.287076
Train Epoch: 71 [60000/60000 (100%)]	Loss: 0.280256

Average Training loss: 0.0013, Training Error Rate: 30.03% (18018/60000)


Average Test loss: 0.0003, Test Error Rate: 29.11% (2911/10000)

Train Epoch: 72 [20000/60000 (33%)]	Loss: 0.266487
Train Epoch: 72 [40000/60000 (67%)]	Loss: 0.277857
Train Epoch: 72 [60000/60000 (100%)]	Loss: 0.250563

Average Training loss: 0.0014, Training Error Rate: 30.36% (18216/60000)


Average Test loss: 0.0003, Test Error Rate: 29.85% (2985/10000)

Train Epoch: 73 [20000/60000 (33%)]	Loss: 0.266647
Train Epoch: 73 [40000/60000 (67%)]	Loss: 0.279290
Train Epoch: 73 [60000/60000 (100%)]	Loss: 0.257819

Average Training loss: 0.0013, Training Error Rate: 30.54% (18323/60000)


Average Test loss: 0.0003, Test Error Rate: 28.09% (2809/10000)

Train Epoch: 74 [20000/60000 (33%)]	Loss: 0.277928
Train Epoch: 74 [40000/60000 (67%)]	Loss: 0.246428
Train Epoch: 74 [60000/60000 (100%)]	Loss: 0.251663

Average Training loss: 0.0013, Training Error Rate: 28.07% (16842/60000)


Average Test loss: 0.0002, Test Error Rate: 26.60% (2660/10000)

Train Epoch: 75 [20000/60000 (33%)]	Loss: 0.259417
Train Epoch: 75 [40000/60000 (67%)]	Loss: 0.253751
Train Epoch: 75 [60000/60000 (100%)]	Loss: 0.266556

Average Training loss: 0.0013, Training Error Rate: 27.60% (16560/60000)


Average Test loss: 0.0002, Test Error Rate: 25.39% (2539/10000)

Train Epoch: 76 [20000/60000 (33%)]	Loss: 0.230402
Train Epoch: 76 [40000/60000 (67%)]	Loss: 0.251182
Train Epoch: 76 [60000/60000 (100%)]	Loss: 0.265279

Average Training loss: 0.0012, Training Error Rate: 26.35% (15812/60000)


Average Test loss: 0.0002, Test Error Rate: 25.47% (2547/10000)

Train Epoch: 77 [20000/60000 (33%)]	Loss: 0.247844
Train Epoch: 77 [40000/60000 (67%)]	Loss: 0.233761
Train Epoch: 77 [60000/60000 (100%)]	Loss: 0.243679

Average Training loss: 0.0012, Training Error Rate: 25.60% (15358/60000)


Average Test loss: 0.0002, Test Error Rate: 25.93% (2593/10000)

Train Epoch: 78 [20000/60000 (33%)]	Loss: 0.242220
Train Epoch: 78 [40000/60000 (67%)]	Loss: 0.231439
Train Epoch: 78 [60000/60000 (100%)]	Loss: 0.230785

Average Training loss: 0.0012, Training Error Rate: 26.30% (15778/60000)


Average Test loss: 0.0002, Test Error Rate: 25.30% (2530/10000)

Train Epoch: 79 [20000/60000 (33%)]	Loss: 0.232560
Train Epoch: 79 [40000/60000 (67%)]	Loss: 0.243576
Train Epoch: 79 [60000/60000 (100%)]	Loss: 0.230304

Average Training loss: 0.0012, Training Error Rate: 25.16% (15098/60000)


Average Test loss: 0.0002, Test Error Rate: 24.68% (2468/10000)

Train Epoch: 80 [20000/60000 (33%)]	Loss: 0.220299
Train Epoch: 80 [40000/60000 (67%)]	Loss: 0.233225
Train Epoch: 80 [60000/60000 (100%)]	Loss: 0.245189

Average Training loss: 0.0011, Training Error Rate: 24.41% (14649/60000)


Average Test loss: 0.0002, Test Error Rate: 26.61% (2661/10000)

Train Epoch: 81 [20000/60000 (33%)]	Loss: 0.246056
Train Epoch: 81 [40000/60000 (67%)]	Loss: 0.218554
Train Epoch: 81 [60000/60000 (100%)]	Loss: 0.214761

Average Training loss: 0.0011, Training Error Rate: 24.33% (14598/60000)


Average Test loss: 0.0002, Test Error Rate: 24.10% (2410/10000)

Train Epoch: 82 [20000/60000 (33%)]	Loss: 0.223294
Train Epoch: 82 [40000/60000 (67%)]	Loss: 0.198080
Train Epoch: 82 [60000/60000 (100%)]	Loss: 0.213724

Average Training loss: 0.0011, Training Error Rate: 23.25% (13953/60000)


Average Test loss: 0.0002, Test Error Rate: 23.05% (2305/10000)

Train Epoch: 83 [20000/60000 (33%)]	Loss: 0.212946
Train Epoch: 83 [40000/60000 (67%)]	Loss: 0.237612
Train Epoch: 83 [60000/60000 (100%)]	Loss: 0.225946

Average Training loss: 0.0011, Training Error Rate: 22.81% (13684/60000)


Average Test loss: 0.0002, Test Error Rate: 21.80% (2180/10000)

Train Epoch: 84 [20000/60000 (33%)]	Loss: 0.218565
Train Epoch: 84 [40000/60000 (67%)]	Loss: 0.189994
Train Epoch: 84 [60000/60000 (100%)]	Loss: 0.232354

Average Training loss: 0.0011, Training Error Rate: 22.62% (13574/60000)


Average Test loss: 0.0002, Test Error Rate: 24.11% (2411/10000)

Train Epoch: 85 [20000/60000 (33%)]	Loss: 0.231718
Train Epoch: 85 [40000/60000 (67%)]	Loss: 0.247317
Train Epoch: 85 [60000/60000 (100%)]	Loss: 0.224135

Average Training loss: 0.0011, Training Error Rate: 23.15% (13889/60000)


Average Test loss: 0.0002, Test Error Rate: 22.50% (2250/10000)

Train Epoch: 86 [20000/60000 (33%)]	Loss: 0.214422
Train Epoch: 86 [40000/60000 (67%)]	Loss: 0.208927
Train Epoch: 86 [60000/60000 (100%)]	Loss: 0.204083

Average Training loss: 0.0011, Training Error Rate: 22.00% (13198/60000)


Average Test loss: 0.0002, Test Error Rate: 21.37% (2137/10000)

Train Epoch: 87 [20000/60000 (33%)]	Loss: 0.220434
Train Epoch: 87 [40000/60000 (67%)]	Loss: 0.224800
Train Epoch: 87 [60000/60000 (100%)]	Loss: 0.219766

Average Training loss: 0.0010, Training Error Rate: 21.10% (12661/60000)


Average Test loss: 0.0002, Test Error Rate: 22.51% (2251/10000)

Train Epoch: 88 [20000/60000 (33%)]	Loss: 0.216634
Train Epoch: 88 [40000/60000 (67%)]	Loss: 0.191752
Train Epoch: 88 [60000/60000 (100%)]	Loss: 0.206902

Average Training loss: 0.0010, Training Error Rate: 21.43% (12859/60000)


Average Test loss: 0.0002, Test Error Rate: 20.67% (2067/10000)

Train Epoch: 89 [20000/60000 (33%)]	Loss: 0.198815
Train Epoch: 89 [40000/60000 (67%)]	Loss: 0.197651
Train Epoch: 89 [60000/60000 (100%)]	Loss: 0.210180

Average Training loss: 0.0010, Training Error Rate: 20.72% (12434/60000)


Average Test loss: 0.0002, Test Error Rate: 20.60% (2060/10000)

Train Epoch: 90 [20000/60000 (33%)]	Loss: 0.199860
Train Epoch: 90 [40000/60000 (67%)]	Loss: 0.202401
Train Epoch: 90 [60000/60000 (100%)]	Loss: 0.176375

Average Training loss: 0.0010, Training Error Rate: 20.37% (12223/60000)


Average Test loss: 0.0002, Test Error Rate: 19.39% (1939/10000)

Train Epoch: 91 [20000/60000 (33%)]	Loss: 0.173816
Train Epoch: 91 [40000/60000 (67%)]	Loss: 0.185538
Train Epoch: 91 [60000/60000 (100%)]	Loss: 0.190482

Average Training loss: 0.0010, Training Error Rate: 20.90% (12541/60000)


Average Test loss: 0.0002, Test Error Rate: 20.56% (2056/10000)

Train Epoch: 92 [20000/60000 (33%)]	Loss: 0.203348
Train Epoch: 92 [40000/60000 (67%)]	Loss: 0.176711
Train Epoch: 92 [60000/60000 (100%)]	Loss: 0.200964

Average Training loss: 0.0010, Training Error Rate: 20.46% (12274/60000)


Average Test loss: 0.0002, Test Error Rate: 19.94% (1994/10000)

Train Epoch: 93 [20000/60000 (33%)]	Loss: 0.189343
Train Epoch: 93 [40000/60000 (67%)]	Loss: 0.177611
Train Epoch: 93 [60000/60000 (100%)]	Loss: 0.207395

Average Training loss: 0.0009, Training Error Rate: 19.54% (11723/60000)


Average Test loss: 0.0002, Test Error Rate: 18.18% (1818/10000)

Train Epoch: 94 [20000/60000 (33%)]	Loss: 0.168369
Train Epoch: 94 [40000/60000 (67%)]	Loss: 0.182164
Train Epoch: 94 [60000/60000 (100%)]	Loss: 0.189751

Average Training loss: 0.0009, Training Error Rate: 18.84% (11304/60000)


Average Test loss: 0.0002, Test Error Rate: 19.66% (1966/10000)

Train Epoch: 95 [20000/60000 (33%)]	Loss: 0.174796
Train Epoch: 95 [40000/60000 (67%)]	Loss: 0.189923
Train Epoch: 95 [60000/60000 (100%)]	Loss: 0.187244

Average Training loss: 0.0009, Training Error Rate: 19.66% (11795/60000)


Average Test loss: 0.0002, Test Error Rate: 19.04% (1904/10000)

Train Epoch: 96 [20000/60000 (33%)]	Loss: 0.195981
Train Epoch: 96 [40000/60000 (67%)]	Loss: 0.207049
Train Epoch: 96 [60000/60000 (100%)]	Loss: 0.195636

Average Training loss: 0.0009, Training Error Rate: 18.76% (11255/60000)


Average Test loss: 0.0002, Test Error Rate: 19.42% (1942/10000)

Train Epoch: 97 [20000/60000 (33%)]	Loss: 0.177150
Train Epoch: 97 [40000/60000 (67%)]	Loss: 0.172264
Train Epoch: 97 [60000/60000 (100%)]	Loss: 0.191924

Average Training loss: 0.0009, Training Error Rate: 19.04% (11422/60000)


Average Test loss: 0.0002, Test Error Rate: 19.39% (1939/10000)

Train Epoch: 98 [20000/60000 (33%)]	Loss: 0.216433
Train Epoch: 98 [40000/60000 (67%)]	Loss: 0.177421
Train Epoch: 98 [60000/60000 (100%)]	Loss: 0.163460

Average Training loss: 0.0009, Training Error Rate: 18.77% (11264/60000)


Average Test loss: 0.0002, Test Error Rate: 17.73% (1773/10000)

Train Epoch: 99 [20000/60000 (33%)]	Loss: 0.184001
Train Epoch: 99 [40000/60000 (67%)]	Loss: 0.164583
Train Epoch: 99 [60000/60000 (100%)]	Loss: 0.176003

Average Training loss: 0.0009, Training Error Rate: 17.88% (10727/60000)


Average Test loss: 0.0002, Test Error Rate: 18.07% (1807/10000)

/vast/home/ajherman/miniconda3/envs/pytorch/lib/python3.11/site-packages/torchvision/io/image.py:13: UserWarning: Failed to load image Python extension: '/vast/home/ajherman/miniconda3/envs/pytorch/lib/python3.11/site-packages/torchvision/image.so: undefined symbol: _ZN5torch3jit17parseSchemaOrNameERKNSt7__cxx1112basic_stringIcSt11char_traitsIcESaIcEEE'If you don't plan on using image functionality from `torchvision.io`, you can ignore this warning. Otherwise, there might be something wrong with your environment. Did you have `libjpeg` or `libpng` installed before building `torchvision` from source?
  warn(
Random seed set as 42
dt =  0.6321205588285577
trace decay =  0.8187307530779818
Random seed set as 42
Random seed set as 42
dt =  0.6321205588285577
trace decay =  0.8187307530779818
Random seed set as 42
Train Epoch: 100 [20000/60000 (33%)]	Loss: 0.172965
Train Epoch: 100 [40000/60000 (67%)]	Loss: 0.176864
Train Epoch: 100 [60000/60000 (100%)]	Loss: 0.172488

Average Training loss: 0.0009, Training Error Rate: 18.39% (11033/60000)


Average Test loss: 0.0002, Test Error Rate: 17.76% (1776/10000)

Train Epoch: 101 [20000/60000 (33%)]	Loss: 0.186261
Train Epoch: 101 [40000/60000 (67%)]	Loss: 0.170483
Train Epoch: 101 [60000/60000 (100%)]	Loss: 0.156260

Average Training loss: 0.0009, Training Error Rate: 18.14% (10886/60000)


Average Test loss: 0.0002, Test Error Rate: 17.62% (1762/10000)

Train Epoch: 102 [20000/60000 (33%)]	Loss: 0.183586
Train Epoch: 102 [40000/60000 (67%)]	Loss: 0.173167
Train Epoch: 102 [60000/60000 (100%)]	Loss: 0.170530

Average Training loss: 0.0009, Training Error Rate: 18.27% (10959/60000)


Average Test loss: 0.0002, Test Error Rate: 18.14% (1814/10000)

Train Epoch: 103 [20000/60000 (33%)]	Loss: 0.168054
Train Epoch: 103 [40000/60000 (67%)]	Loss: 0.164144
Train Epoch: 103 [60000/60000 (100%)]	Loss: 0.187970

Average Training loss: 0.0009, Training Error Rate: 18.10% (10862/60000)


Average Test loss: 0.0002, Test Error Rate: 17.75% (1775/10000)

Train Epoch: 104 [20000/60000 (33%)]	Loss: 0.172215
Train Epoch: 104 [40000/60000 (67%)]	Loss: 0.167811
Train Epoch: 104 [60000/60000 (100%)]	Loss: 0.150142

Average Training loss: 0.0009, Training Error Rate: 17.67% (10603/60000)


Average Test loss: 0.0002, Test Error Rate: 17.48% (1748/10000)

Train Epoch: 105 [20000/60000 (33%)]	Loss: 0.169941
Train Epoch: 105 [40000/60000 (67%)]	Loss: 0.159671
Train Epoch: 105 [60000/60000 (100%)]	Loss: 0.191529

Average Training loss: 0.0008, Training Error Rate: 17.37% (10423/60000)


Average Test loss: 0.0002, Test Error Rate: 17.91% (1791/10000)

Train Epoch: 106 [20000/60000 (33%)]	Loss: 0.175819
Train Epoch: 106 [40000/60000 (67%)]	Loss: 0.163768
Train Epoch: 106 [60000/60000 (100%)]	Loss: 0.152888

Average Training loss: 0.0009, Training Error Rate: 17.32% (10391/60000)


Average Test loss: 0.0002, Test Error Rate: 17.23% (1723/10000)

Train Epoch: 107 [20000/60000 (33%)]	Loss: 0.189065
Train Epoch: 107 [40000/60000 (67%)]	Loss: 0.166548
Train Epoch: 107 [60000/60000 (100%)]	Loss: 0.167486

Average Training loss: 0.0008, Training Error Rate: 17.14% (10281/60000)


Average Test loss: 0.0002, Test Error Rate: 16.80% (1680/10000)

Train Epoch: 108 [20000/60000 (33%)]	Loss: 0.165255
Train Epoch: 108 [40000/60000 (67%)]	Loss: 0.165194
Train Epoch: 108 [60000/60000 (100%)]	Loss: 0.162236

Average Training loss: 0.0008, Training Error Rate: 17.10% (10259/60000)


Average Test loss: 0.0002, Test Error Rate: 16.50% (1650/10000)

Train Epoch: 109 [20000/60000 (33%)]	Loss: 0.160910
Train Epoch: 109 [40000/60000 (67%)]	Loss: 0.163759
Train Epoch: 109 [60000/60000 (100%)]	Loss: 0.153357

Average Training loss: 0.0008, Training Error Rate: 16.80% (10081/60000)


Average Test loss: 0.0002, Test Error Rate: 16.22% (1622/10000)

Train Epoch: 110 [20000/60000 (33%)]	Loss: 0.168177
Train Epoch: 110 [40000/60000 (67%)]	Loss: 0.152120
Train Epoch: 110 [60000/60000 (100%)]	Loss: 0.159700

Average Training loss: 0.0008, Training Error Rate: 16.21% (9729/60000)


Average Test loss: 0.0002, Test Error Rate: 16.42% (1642/10000)

Train Epoch: 111 [20000/60000 (33%)]	Loss: 0.178725
Train Epoch: 111 [40000/60000 (67%)]	Loss: 0.150591
Train Epoch: 111 [60000/60000 (100%)]	Loss: 0.151154

Average Training loss: 0.0008, Training Error Rate: 16.75% (10048/60000)


Average Test loss: 0.0002, Test Error Rate: 16.43% (1643/10000)

Train Epoch: 112 [20000/60000 (33%)]	Loss: 0.157006
Train Epoch: 112 [40000/60000 (67%)]	Loss: 0.207982
Train Epoch: 112 [60000/60000 (100%)]	Loss: 0.150565

Average Training loss: 0.0008, Training Error Rate: 17.25% (10353/60000)


Average Test loss: 0.0002, Test Error Rate: 16.54% (1654/10000)

Train Epoch: 113 [20000/60000 (33%)]	Loss: 0.167967
Train Epoch: 113 [40000/60000 (67%)]	Loss: 0.171758
Train Epoch: 113 [60000/60000 (100%)]	Loss: 0.166680

Average Training loss: 0.0008, Training Error Rate: 16.97% (10183/60000)


Average Test loss: 0.0002, Test Error Rate: 16.19% (1619/10000)

Train Epoch: 114 [20000/60000 (33%)]	Loss: 0.148391
Train Epoch: 114 [40000/60000 (67%)]	Loss: 0.160120
Train Epoch: 114 [60000/60000 (100%)]	Loss: 0.169734

Average Training loss: 0.0008, Training Error Rate: 16.56% (9937/60000)


Average Test loss: 0.0002, Test Error Rate: 16.66% (1666/10000)

Train Epoch: 115 [20000/60000 (33%)]	Loss: 0.164045
Train Epoch: 115 [40000/60000 (67%)]	Loss: 0.164755
Train Epoch: 115 [60000/60000 (100%)]	Loss: 0.152042

Average Training loss: 0.0008, Training Error Rate: 16.42% (9852/60000)


Average Test loss: 0.0002, Test Error Rate: 16.23% (1623/10000)

Train Epoch: 116 [20000/60000 (33%)]	Loss: 0.154699
Train Epoch: 116 [40000/60000 (67%)]	Loss: 0.157502
Train Epoch: 116 [60000/60000 (100%)]	Loss: 0.154380

Average Training loss: 0.0008, Training Error Rate: 16.48% (9885/60000)


Average Test loss: 0.0002, Test Error Rate: 15.78% (1578/10000)

Train Epoch: 117 [20000/60000 (33%)]	Loss: 0.159502
Train Epoch: 117 [40000/60000 (67%)]	Loss: 0.150424
Train Epoch: 117 [60000/60000 (100%)]	Loss: 0.156102

Average Training loss: 0.0008, Training Error Rate: 16.13% (9678/60000)


Average Test loss: 0.0002, Test Error Rate: 15.75% (1575/10000)

Train Epoch: 118 [20000/60000 (33%)]	Loss: 0.152412
Train Epoch: 118 [40000/60000 (67%)]	Loss: 0.134637
Train Epoch: 118 [60000/60000 (100%)]	Loss: 0.153126

Average Training loss: 0.0008, Training Error Rate: 15.84% (9502/60000)


Average Test loss: 0.0002, Test Error Rate: 15.43% (1543/10000)

Train Epoch: 119 [20000/60000 (33%)]	Loss: 0.145754
Train Epoch: 119 [40000/60000 (67%)]	Loss: 0.163525
Train Epoch: 119 [60000/60000 (100%)]	Loss: 0.161319

Average Training loss: 0.0008, Training Error Rate: 15.92% (9550/60000)


Average Test loss: 0.0002, Test Error Rate: 15.53% (1553/10000)

Train Epoch: 120 [20000/60000 (33%)]	Loss: 0.157915
Train Epoch: 120 [40000/60000 (67%)]	Loss: 0.156441
Train Epoch: 120 [60000/60000 (100%)]	Loss: 0.149102

Average Training loss: 0.0008, Training Error Rate: 16.18% (9708/60000)


Average Test loss: 0.0001, Test Error Rate: 14.86% (1486/10000)

Train Epoch: 121 [20000/60000 (33%)]	Loss: 0.126096
Train Epoch: 121 [40000/60000 (67%)]	Loss: 0.150060
Train Epoch: 121 [60000/60000 (100%)]	Loss: 0.147674

Average Training loss: 0.0007, Training Error Rate: 15.51% (9306/60000)


Average Test loss: 0.0001, Test Error Rate: 14.87% (1487/10000)

Train Epoch: 122 [20000/60000 (33%)]	Loss: 0.137466
Train Epoch: 122 [40000/60000 (67%)]	Loss: 0.157946
Train Epoch: 122 [60000/60000 (100%)]	Loss: 0.144135

Average Training loss: 0.0007, Training Error Rate: 15.22% (9133/60000)


Average Test loss: 0.0001, Test Error Rate: 15.37% (1537/10000)

Train Epoch: 123 [20000/60000 (33%)]	Loss: 0.144990
Train Epoch: 123 [40000/60000 (67%)]	Loss: 0.149549
Train Epoch: 123 [60000/60000 (100%)]	Loss: 0.120003

Average Training loss: 0.0007, Training Error Rate: 15.05% (9033/60000)


Average Test loss: 0.0001, Test Error Rate: 14.86% (1486/10000)

Train Epoch: 124 [20000/60000 (33%)]	Loss: 0.162402
Train Epoch: 124 [40000/60000 (67%)]	Loss: 0.136823
Train Epoch: 124 [60000/60000 (100%)]	Loss: 0.144994

Average Training loss: 0.0007, Training Error Rate: 15.10% (9061/60000)


Average Test loss: 0.0001, Test Error Rate: 14.41% (1441/10000)

Train Epoch: 125 [20000/60000 (33%)]	Loss: 0.157107
Train Epoch: 125 [40000/60000 (67%)]	Loss: 0.151740
Train Epoch: 125 [60000/60000 (100%)]	Loss: 0.141257

Average Training loss: 0.0007, Training Error Rate: 15.27% (9161/60000)


Average Test loss: 0.0001, Test Error Rate: 14.64% (1464/10000)

Train Epoch: 126 [20000/60000 (33%)]	Loss: 0.157645
Train Epoch: 126 [40000/60000 (67%)]	Loss: 0.157519
Train Epoch: 126 [60000/60000 (100%)]	Loss: 0.133320

Average Training loss: 0.0007, Training Error Rate: 15.26% (9153/60000)


Average Test loss: 0.0001, Test Error Rate: 15.06% (1506/10000)

Train Epoch: 127 [20000/60000 (33%)]	Loss: 0.133984
Train Epoch: 127 [40000/60000 (67%)]	Loss: 0.135257
Train Epoch: 127 [60000/60000 (100%)]	Loss: 0.154130

Average Training loss: 0.0007, Training Error Rate: 15.57% (9341/60000)


Average Test loss: 0.0001, Test Error Rate: 16.49% (1649/10000)

Train Epoch: 128 [20000/60000 (33%)]	Loss: 0.146527
Train Epoch: 128 [40000/60000 (67%)]	Loss: 0.137539
Train Epoch: 128 [60000/60000 (100%)]	Loss: 0.166959

Average Training loss: 0.0007, Training Error Rate: 15.66% (9398/60000)


Average Test loss: 0.0001, Test Error Rate: 15.45% (1545/10000)

Train Epoch: 129 [20000/60000 (33%)]	Loss: 0.150335
Train Epoch: 129 [40000/60000 (67%)]	Loss: 0.154337
Train Epoch: 129 [60000/60000 (100%)]	Loss: 0.155472

Average Training loss: 0.0007, Training Error Rate: 15.89% (9532/60000)


Average Test loss: 0.0002, Test Error Rate: 16.14% (1614/10000)

Train Epoch: 130 [20000/60000 (33%)]	Loss: 0.146855
Train Epoch: 130 [40000/60000 (67%)]	Loss: 0.134074
Train Epoch: 130 [60000/60000 (100%)]	Loss: 0.135961

Average Training loss: 0.0007, Training Error Rate: 15.99% (9595/60000)


Average Test loss: 0.0001, Test Error Rate: 15.85% (1585/10000)

Train Epoch: 131 [20000/60000 (33%)]	Loss: 0.139782
Train Epoch: 131 [40000/60000 (67%)]	Loss: 0.162857
Train Epoch: 131 [60000/60000 (100%)]	Loss: 0.137056

Average Training loss: 0.0007, Training Error Rate: 15.28% (9165/60000)


Average Test loss: 0.0001, Test Error Rate: 14.88% (1488/10000)

Train Epoch: 132 [20000/60000 (33%)]	Loss: 0.117641
Train Epoch: 132 [40000/60000 (67%)]	Loss: 0.138122
Train Epoch: 132 [60000/60000 (100%)]	Loss: 0.139989

Average Training loss: 0.0007, Training Error Rate: 14.89% (8936/60000)


Average Test loss: 0.0001, Test Error Rate: 14.38% (1438/10000)

Train Epoch: 133 [20000/60000 (33%)]	Loss: 0.127051
Train Epoch: 133 [40000/60000 (67%)]	Loss: 0.156215
Train Epoch: 133 [60000/60000 (100%)]	Loss: 0.132920

Average Training loss: 0.0007, Training Error Rate: 14.88% (8929/60000)


Average Test loss: 0.0001, Test Error Rate: 15.19% (1519/10000)

Train Epoch: 134 [20000/60000 (33%)]	Loss: 0.164501
Train Epoch: 134 [40000/60000 (67%)]	Loss: 0.126706
Train Epoch: 134 [60000/60000 (100%)]	Loss: 0.146362

Average Training loss: 0.0007, Training Error Rate: 15.07% (9041/60000)


Average Test loss: 0.0001, Test Error Rate: 14.93% (1493/10000)

Train Epoch: 135 [20000/60000 (33%)]	Loss: 0.152900
Train Epoch: 135 [40000/60000 (67%)]	Loss: 0.127393
Train Epoch: 135 [60000/60000 (100%)]	Loss: 0.138484

Average Training loss: 0.0007, Training Error Rate: 14.79% (8873/60000)


Average Test loss: 0.0001, Test Error Rate: 14.45% (1445/10000)

Train Epoch: 136 [20000/60000 (33%)]	Loss: 0.136000
Train Epoch: 136 [40000/60000 (67%)]	Loss: 0.155150
Train Epoch: 136 [60000/60000 (100%)]	Loss: 0.155519

Average Training loss: 0.0007, Training Error Rate: 14.57% (8742/60000)


Average Test loss: 0.0001, Test Error Rate: 14.06% (1406/10000)

Train Epoch: 137 [20000/60000 (33%)]	Loss: 0.116877
Train Epoch: 137 [40000/60000 (67%)]	Loss: 0.147290
Train Epoch: 137 [60000/60000 (100%)]	Loss: 0.154560

Average Training loss: 0.0007, Training Error Rate: 14.52% (8713/60000)


Average Test loss: 0.0001, Test Error Rate: 14.59% (1459/10000)

Train Epoch: 138 [20000/60000 (33%)]	Loss: 0.146164
Train Epoch: 138 [40000/60000 (67%)]	Loss: 0.126082
Train Epoch: 138 [60000/60000 (100%)]	Loss: 0.117803

Average Training loss: 0.0007, Training Error Rate: 14.71% (8823/60000)


Average Test loss: 0.0001, Test Error Rate: 14.67% (1467/10000)

Train Epoch: 139 [20000/60000 (33%)]	Loss: 0.121146
Train Epoch: 139 [40000/60000 (67%)]	Loss: 0.140433
Train Epoch: 139 [60000/60000 (100%)]	Loss: 0.121245

Average Training loss: 0.0007, Training Error Rate: 14.44% (8663/60000)


Average Test loss: 0.0001, Test Error Rate: 14.54% (1454/10000)

Train Epoch: 140 [20000/60000 (33%)]	Loss: 0.156387
Train Epoch: 140 [40000/60000 (67%)]	Loss: 0.132399
Train Epoch: 140 [60000/60000 (100%)]	Loss: 0.135563

Average Training loss: 0.0007, Training Error Rate: 14.60% (8760/60000)


Average Test loss: 0.0001, Test Error Rate: 14.62% (1462/10000)

Train Epoch: 141 [20000/60000 (33%)]	Loss: 0.136904
Train Epoch: 141 [40000/60000 (67%)]	Loss: 0.130202
Train Epoch: 141 [60000/60000 (100%)]	Loss: 0.136835

Average Training loss: 0.0007, Training Error Rate: 14.31% (8587/60000)


Average Test loss: 0.0001, Test Error Rate: 14.23% (1423/10000)

Train Epoch: 142 [20000/60000 (33%)]	Loss: 0.112925
Train Epoch: 142 [40000/60000 (67%)]	Loss: 0.158303
Train Epoch: 142 [60000/60000 (100%)]	Loss: 0.149798

Average Training loss: 0.0007, Training Error Rate: 14.08% (8447/60000)


Average Test loss: 0.0001, Test Error Rate: 13.90% (1390/10000)

Train Epoch: 143 [20000/60000 (33%)]	Loss: 0.150419
Train Epoch: 143 [40000/60000 (67%)]	Loss: 0.133282
Train Epoch: 143 [60000/60000 (100%)]	Loss: 0.116136

Average Training loss: 0.0007, Training Error Rate: 13.94% (8366/60000)


Average Test loss: 0.0001, Test Error Rate: 14.12% (1412/10000)

Train Epoch: 144 [20000/60000 (33%)]	Loss: 0.123875
Train Epoch: 144 [40000/60000 (67%)]	Loss: 0.111914
Train Epoch: 144 [60000/60000 (100%)]	Loss: 0.099525

Average Training loss: 0.0007, Training Error Rate: 13.98% (8389/60000)


Average Test loss: 0.0001, Test Error Rate: 13.92% (1392/10000)

Train Epoch: 145 [20000/60000 (33%)]	Loss: 0.121611
Train Epoch: 145 [40000/60000 (67%)]	Loss: 0.141856
Train Epoch: 145 [60000/60000 (100%)]	Loss: 0.131063

Average Training loss: 0.0007, Training Error Rate: 14.14% (8486/60000)


Average Test loss: 0.0001, Test Error Rate: 14.02% (1402/10000)

Train Epoch: 146 [20000/60000 (33%)]	Loss: 0.105417
Train Epoch: 146 [40000/60000 (67%)]	Loss: 0.157864
Train Epoch: 146 [60000/60000 (100%)]	Loss: 0.161718

Average Training loss: 0.0007, Training Error Rate: 14.47% (8681/60000)


Average Test loss: 0.0001, Test Error Rate: 15.68% (1568/10000)

Train Epoch: 147 [20000/60000 (33%)]	Loss: 0.136139
Train Epoch: 147 [40000/60000 (67%)]	Loss: 0.129435
Train Epoch: 147 [60000/60000 (100%)]	Loss: 0.113353

Average Training loss: 0.0007, Training Error Rate: 14.27% (8560/60000)


Average Test loss: 0.0001, Test Error Rate: 14.01% (1401/10000)

Train Epoch: 148 [20000/60000 (33%)]	Loss: 0.125820
Train Epoch: 148 [40000/60000 (67%)]	Loss: 0.117039
Train Epoch: 148 [60000/60000 (100%)]	Loss: 0.125099

Average Training loss: 0.0007, Training Error Rate: 14.11% (8464/60000)


Average Test loss: 0.0001, Test Error Rate: 13.72% (1372/10000)

Train Epoch: 149 [20000/60000 (33%)]	Loss: 0.124004
Train Epoch: 149 [40000/60000 (67%)]	Loss: 0.137543
Train Epoch: 149 [60000/60000 (100%)]	Loss: 0.146949

Average Training loss: 0.0006, Training Error Rate: 14.01% (8406/60000)


Average Test loss: 0.0001, Test Error Rate: 13.61% (1361/10000)

Train Epoch: 150 [20000/60000 (33%)]	Loss: 0.129269
Train Epoch: 150 [40000/60000 (67%)]	Loss: 0.112419
Train Epoch: 150 [60000/60000 (100%)]	Loss: 0.135969

Average Training loss: 0.0006, Training Error Rate: 13.66% (8194/60000)


Average Test loss: 0.0001, Test Error Rate: 13.45% (1345/10000)

Train Epoch: 151 [20000/60000 (33%)]	Loss: 0.137127
Train Epoch: 151 [40000/60000 (67%)]	Loss: 0.141568
Train Epoch: 151 [60000/60000 (100%)]	Loss: 0.127541

Average Training loss: 0.0006, Training Error Rate: 13.53% (8117/60000)


Average Test loss: 0.0001, Test Error Rate: 13.38% (1338/10000)

Train Epoch: 152 [20000/60000 (33%)]	Loss: 0.142243
Train Epoch: 152 [40000/60000 (67%)]	Loss: 0.115680
Train Epoch: 152 [60000/60000 (100%)]	Loss: 0.111302

Average Training loss: 0.0006, Training Error Rate: 13.62% (8174/60000)


Average Test loss: 0.0001, Test Error Rate: 13.24% (1324/10000)

Train Epoch: 153 [20000/60000 (33%)]	Loss: 0.130630
Train Epoch: 153 [40000/60000 (67%)]	Loss: 0.132990
Train Epoch: 153 [60000/60000 (100%)]	Loss: 0.116972

Average Training loss: 0.0006, Training Error Rate: 13.39% (8035/60000)


Average Test loss: 0.0001, Test Error Rate: 13.66% (1366/10000)

Train Epoch: 154 [20000/60000 (33%)]	Loss: 0.158553
Train Epoch: 154 [40000/60000 (67%)]	Loss: 0.108725
Train Epoch: 154 [60000/60000 (100%)]	Loss: 0.117484

Average Training loss: 0.0006, Training Error Rate: 13.61% (8167/60000)


Average Test loss: 0.0001, Test Error Rate: 13.49% (1349/10000)

Train Epoch: 155 [20000/60000 (33%)]	Loss: 0.105109
Train Epoch: 155 [40000/60000 (67%)]	Loss: 0.133470
Train Epoch: 155 [60000/60000 (100%)]	Loss: 0.127378

Average Training loss: 0.0006, Training Error Rate: 13.40% (8039/60000)


Average Test loss: 0.0001, Test Error Rate: 13.51% (1351/10000)

Train Epoch: 156 [20000/60000 (33%)]	Loss: 0.134704
Train Epoch: 156 [40000/60000 (67%)]	Loss: 0.118719
Train Epoch: 156 [60000/60000 (100%)]	Loss: 0.105999

Average Training loss: 0.0006, Training Error Rate: 13.39% (8034/60000)


Average Test loss: 0.0001, Test Error Rate: 13.49% (1349/10000)

Train Epoch: 157 [20000/60000 (33%)]	Loss: 0.108571
Train Epoch: 157 [40000/60000 (67%)]	Loss: 0.115733
Train Epoch: 157 [60000/60000 (100%)]	Loss: 0.117070

Average Training loss: 0.0006, Training Error Rate: 13.31% (7986/60000)


Average Test loss: 0.0001, Test Error Rate: 12.53% (1253/10000)

Train Epoch: 158 [20000/60000 (33%)]	Loss: 0.118182
Train Epoch: 158 [40000/60000 (67%)]	Loss: 0.092736
Train Epoch: 158 [60000/60000 (100%)]	Loss: 0.126252

Average Training loss: 0.0006, Training Error Rate: 13.15% (7890/60000)


Average Test loss: 0.0001, Test Error Rate: 13.52% (1352/10000)

Train Epoch: 159 [20000/60000 (33%)]	Loss: 0.118156
Train Epoch: 159 [40000/60000 (67%)]	Loss: 0.113249
Train Epoch: 159 [60000/60000 (100%)]	Loss: 0.154832

Average Training loss: 0.0006, Training Error Rate: 13.32% (7994/60000)


Average Test loss: 0.0001, Test Error Rate: 13.37% (1337/10000)

Train Epoch: 160 [20000/60000 (33%)]	Loss: 0.098959
Train Epoch: 160 [40000/60000 (67%)]	Loss: 0.132551
Train Epoch: 160 [60000/60000 (100%)]	Loss: 0.122623

Average Training loss: 0.0006, Training Error Rate: 13.08% (7849/60000)


Average Test loss: 0.0001, Test Error Rate: 13.16% (1316/10000)

Train Epoch: 161 [20000/60000 (33%)]	Loss: 0.116892
Train Epoch: 161 [40000/60000 (67%)]	Loss: 0.111160
Train Epoch: 161 [60000/60000 (100%)]	Loss: 0.115726

Average Training loss: 0.0006, Training Error Rate: 13.02% (7813/60000)


Average Test loss: 0.0001, Test Error Rate: 13.04% (1304/10000)

Train Epoch: 162 [20000/60000 (33%)]	Loss: 0.129805
Train Epoch: 162 [40000/60000 (67%)]	Loss: 0.114794
Train Epoch: 162 [60000/60000 (100%)]	Loss: 0.142109

Average Training loss: 0.0006, Training Error Rate: 13.15% (7893/60000)


Average Test loss: 0.0001, Test Error Rate: 12.90% (1290/10000)

Train Epoch: 163 [20000/60000 (33%)]	Loss: 0.114871
Train Epoch: 163 [40000/60000 (67%)]	Loss: 0.108963
Train Epoch: 163 [60000/60000 (100%)]	Loss: 0.123813

Average Training loss: 0.0006, Training Error Rate: 12.97% (7782/60000)


Average Test loss: 0.0001, Test Error Rate: 13.37% (1337/10000)

Train Epoch: 164 [20000/60000 (33%)]	Loss: 0.145853
Train Epoch: 164 [40000/60000 (67%)]	Loss: 0.111859
Train Epoch: 164 [60000/60000 (100%)]	Loss: 0.093877

Average Training loss: 0.0006, Training Error Rate: 13.06% (7836/60000)


Average Test loss: 0.0001, Test Error Rate: 12.99% (1299/10000)

Train Epoch: 165 [20000/60000 (33%)]	Loss: 0.122103
Train Epoch: 165 [40000/60000 (67%)]	Loss: 0.104726
Train Epoch: 165 [60000/60000 (100%)]	Loss: 0.113046

Average Training loss: 0.0006, Training Error Rate: 13.09% (7855/60000)


Average Test loss: 0.0001, Test Error Rate: 13.50% (1350/10000)

Train Epoch: 166 [20000/60000 (33%)]	Loss: 0.118502
Train Epoch: 166 [40000/60000 (67%)]	Loss: 0.116914
Train Epoch: 166 [60000/60000 (100%)]	Loss: 0.108475

Average Training loss: 0.0006, Training Error Rate: 12.96% (7778/60000)


Average Test loss: 0.0001, Test Error Rate: 13.64% (1364/10000)

Train Epoch: 167 [20000/60000 (33%)]	Loss: 0.105324
Train Epoch: 167 [40000/60000 (67%)]	Loss: 0.123435
Train Epoch: 167 [60000/60000 (100%)]	Loss: 0.090514

Average Training loss: 0.0006, Training Error Rate: 12.98% (7786/60000)


Average Test loss: 0.0001, Test Error Rate: 12.59% (1259/10000)

Train Epoch: 168 [20000/60000 (33%)]	Loss: 0.125151
Train Epoch: 168 [40000/60000 (67%)]	Loss: 0.106831
Train Epoch: 168 [60000/60000 (100%)]	Loss: 0.129332

Average Training loss: 0.0006, Training Error Rate: 12.65% (7593/60000)


Average Test loss: 0.0001, Test Error Rate: 13.13% (1313/10000)

Train Epoch: 169 [20000/60000 (33%)]	Loss: 0.104081
Train Epoch: 169 [40000/60000 (67%)]	Loss: 0.129366
Train Epoch: 169 [60000/60000 (100%)]	Loss: 0.122382

Average Training loss: 0.0006, Training Error Rate: 12.87% (7721/60000)


Average Test loss: 0.0001, Test Error Rate: 13.32% (1332/10000)

Train Epoch: 170 [20000/60000 (33%)]	Loss: 0.134710
Train Epoch: 170 [40000/60000 (67%)]	Loss: 0.112304
Train Epoch: 170 [60000/60000 (100%)]	Loss: 0.094805

Average Training loss: 0.0006, Training Error Rate: 13.08% (7848/60000)


Average Test loss: 0.0001, Test Error Rate: 13.20% (1320/10000)

Train Epoch: 171 [20000/60000 (33%)]	Loss: 0.121390
Train Epoch: 171 [40000/60000 (67%)]	Loss: 0.131403
Train Epoch: 171 [60000/60000 (100%)]	Loss: 0.113065

Average Training loss: 0.0006, Training Error Rate: 12.96% (7776/60000)


Average Test loss: 0.0001, Test Error Rate: 13.20% (1320/10000)

Train Epoch: 172 [20000/60000 (33%)]	Loss: 0.118325
Train Epoch: 172 [40000/60000 (67%)]	Loss: 0.119871
Train Epoch: 172 [60000/60000 (100%)]	Loss: 0.139311

Average Training loss: 0.0006, Training Error Rate: 12.67% (7603/60000)


Average Test loss: 0.0001, Test Error Rate: 12.70% (1270/10000)

Train Epoch: 173 [20000/60000 (33%)]	Loss: 0.103075
Train Epoch: 173 [40000/60000 (67%)]	Loss: 0.111529
Train Epoch: 173 [60000/60000 (100%)]	Loss: 0.091851

Average Training loss: 0.0006, Training Error Rate: 12.74% (7643/60000)


Average Test loss: 0.0001, Test Error Rate: 12.68% (1268/10000)

Train Epoch: 174 [20000/60000 (33%)]	Loss: 0.084487
Train Epoch: 174 [40000/60000 (67%)]	Loss: 0.134856
Train Epoch: 174 [60000/60000 (100%)]	Loss: 0.089479

Average Training loss: 0.0006, Training Error Rate: 12.58% (7547/60000)


Average Test loss: 0.0001, Test Error Rate: 12.61% (1261/10000)

Train Epoch: 175 [20000/60000 (33%)]	Loss: 0.121234
Train Epoch: 175 [40000/60000 (67%)]	Loss: 0.104121
Train Epoch: 175 [60000/60000 (100%)]	Loss: 0.138987

Average Training loss: 0.0006, Training Error Rate: 12.96% (7775/60000)


Average Test loss: 0.0001, Test Error Rate: 13.14% (1314/10000)

Train Epoch: 176 [20000/60000 (33%)]	Loss: 0.103358
Train Epoch: 176 [40000/60000 (67%)]	Loss: 0.086772
Train Epoch: 176 [60000/60000 (100%)]	Loss: 0.128842

Average Training loss: 0.0006, Training Error Rate: 12.97% (7780/60000)


Average Test loss: 0.0001, Test Error Rate: 12.94% (1294/10000)

Train Epoch: 177 [20000/60000 (33%)]	Loss: 0.121595
Train Epoch: 177 [40000/60000 (67%)]	Loss: 0.114961
Train Epoch: 177 [60000/60000 (100%)]	Loss: 0.100737

Average Training loss: 0.0006, Training Error Rate: 13.04% (7825/60000)


Average Test loss: 0.0001, Test Error Rate: 13.41% (1341/10000)

Train Epoch: 178 [20000/60000 (33%)]	Loss: 0.131252
Train Epoch: 178 [40000/60000 (67%)]	Loss: 0.113022
Train Epoch: 178 [60000/60000 (100%)]	Loss: 0.124999

Average Training loss: 0.0006, Training Error Rate: 12.76% (7657/60000)


Average Test loss: 0.0001, Test Error Rate: 12.66% (1266/10000)

Train Epoch: 179 [20000/60000 (33%)]	Loss: 0.116155
Train Epoch: 179 [40000/60000 (67%)]	Loss: 0.101069
Train Epoch: 179 [60000/60000 (100%)]	Loss: 0.126244

Average Training loss: 0.0006, Training Error Rate: 12.52% (7514/60000)


Average Test loss: 0.0001, Test Error Rate: 12.09% (1209/10000)

Train Epoch: 180 [20000/60000 (33%)]	Loss: 0.112746
Train Epoch: 180 [40000/60000 (67%)]	Loss: 0.130561
Train Epoch: 180 [60000/60000 (100%)]	Loss: 0.119144

Average Training loss: 0.0006, Training Error Rate: 12.66% (7598/60000)


Average Test loss: 0.0001, Test Error Rate: 12.40% (1240/10000)

Train Epoch: 181 [20000/60000 (33%)]	Loss: 0.116068
Train Epoch: 181 [40000/60000 (67%)]	Loss: 0.118310
Train Epoch: 181 [60000/60000 (100%)]	Loss: 0.118054

Average Training loss: 0.0006, Training Error Rate: 12.56% (7538/60000)


Average Test loss: 0.0001, Test Error Rate: 12.75% (1275/10000)

Train Epoch: 182 [20000/60000 (33%)]	Loss: 0.103806
Train Epoch: 182 [40000/60000 (67%)]	Loss: 0.101403
Train Epoch: 182 [60000/60000 (100%)]	Loss: 0.100642

Average Training loss: 0.0006, Training Error Rate: 12.73% (7641/60000)


Average Test loss: 0.0001, Test Error Rate: 12.44% (1244/10000)

Train Epoch: 183 [20000/60000 (33%)]	Loss: 0.108139
Train Epoch: 183 [40000/60000 (67%)]	Loss: 0.116821
Train Epoch: 183 [60000/60000 (100%)]	Loss: 0.127701

Average Training loss: 0.0005, Training Error Rate: 12.62% (7570/60000)


Average Test loss: 0.0001, Test Error Rate: 13.20% (1320/10000)

Train Epoch: 184 [20000/60000 (33%)]	Loss: 0.106235
Train Epoch: 184 [40000/60000 (67%)]	Loss: 0.114686
Train Epoch: 184 [60000/60000 (100%)]	Loss: 0.103185

Average Training loss: 0.0006, Training Error Rate: 12.67% (7602/60000)


Average Test loss: 0.0001, Test Error Rate: 12.62% (1262/10000)

Train Epoch: 185 [20000/60000 (33%)]	Loss: 0.103419
Train Epoch: 185 [40000/60000 (67%)]	Loss: 0.101140
Train Epoch: 185 [60000/60000 (100%)]	Loss: 0.118535

Average Training loss: 0.0006, Training Error Rate: 12.62% (7570/60000)


Average Test loss: 0.0001, Test Error Rate: 12.83% (1283/10000)

Train Epoch: 186 [20000/60000 (33%)]	Loss: 0.105442
Train Epoch: 186 [40000/60000 (67%)]	Loss: 0.127658
Train Epoch: 186 [60000/60000 (100%)]	Loss: 0.109050

Average Training loss: 0.0005, Training Error Rate: 12.31% (7384/60000)


Average Test loss: 0.0001, Test Error Rate: 12.44% (1244/10000)

Train Epoch: 187 [20000/60000 (33%)]	Loss: 0.122083
Train Epoch: 187 [40000/60000 (67%)]	Loss: 0.113340
Train Epoch: 187 [60000/60000 (100%)]	Loss: 0.104302

Average Training loss: 0.0006, Training Error Rate: 12.53% (7518/60000)


Average Test loss: 0.0001, Test Error Rate: 12.76% (1276/10000)

Train Epoch: 188 [20000/60000 (33%)]	Loss: 0.093021
Train Epoch: 188 [40000/60000 (67%)]	Loss: 0.139950
Train Epoch: 188 [60000/60000 (100%)]	Loss: 0.087681

Average Training loss: 0.0005, Training Error Rate: 12.46% (7477/60000)


Average Test loss: 0.0001, Test Error Rate: 12.30% (1230/10000)

Train Epoch: 189 [20000/60000 (33%)]	Loss: 0.120570
Train Epoch: 189 [40000/60000 (67%)]	Loss: 0.115597
Train Epoch: 189 [60000/60000 (100%)]	Loss: 0.128241

Average Training loss: 0.0006, Training Error Rate: 12.12% (7272/60000)


Average Test loss: 0.0001, Test Error Rate: 12.24% (1224/10000)

Train Epoch: 190 [20000/60000 (33%)]	Loss: 0.102930
Train Epoch: 190 [40000/60000 (67%)]	Loss: 0.091155
Train Epoch: 190 [60000/60000 (100%)]	Loss: 0.108356

Average Training loss: 0.0006, Training Error Rate: 12.37% (7423/60000)


Average Test loss: 0.0001, Test Error Rate: 12.85% (1285/10000)

Train Epoch: 191 [20000/60000 (33%)]	Loss: 0.120871
Train Epoch: 191 [40000/60000 (67%)]	Loss: 0.107100
Train Epoch: 191 [60000/60000 (100%)]	Loss: 0.103751

Average Training loss: 0.0006, Training Error Rate: 12.84% (7706/60000)


Average Test loss: 0.0001, Test Error Rate: 12.66% (1266/10000)

Train Epoch: 192 [20000/60000 (33%)]	Loss: 0.085542
Train Epoch: 192 [40000/60000 (67%)]	Loss: 0.078393
Train Epoch: 192 [60000/60000 (100%)]	Loss: 0.099337

Average Training loss: 0.0005, Training Error Rate: 12.46% (7477/60000)


Average Test loss: 0.0001, Test Error Rate: 12.52% (1252/10000)

Train Epoch: 193 [20000/60000 (33%)]	Loss: 0.113018
Train Epoch: 193 [40000/60000 (67%)]	Loss: 0.106203
Train Epoch: 193 [60000/60000 (100%)]	Loss: 0.092130

Average Training loss: 0.0005, Training Error Rate: 12.07% (7241/60000)


Average Test loss: 0.0001, Test Error Rate: 11.81% (1181/10000)

Train Epoch: 194 [20000/60000 (33%)]	Loss: 0.112819
Train Epoch: 194 [40000/60000 (67%)]	Loss: 0.097430
Train Epoch: 194 [60000/60000 (100%)]	Loss: 0.111633

Average Training loss: 0.0005, Training Error Rate: 12.18% (7305/60000)


Average Test loss: 0.0001, Test Error Rate: 12.24% (1224/10000)

Train Epoch: 195 [20000/60000 (33%)]	Loss: 0.106056
Train Epoch: 195 [40000/60000 (67%)]	Loss: 0.079324
Train Epoch: 195 [60000/60000 (100%)]	Loss: 0.107594

Average Training loss: 0.0005, Training Error Rate: 12.10% (7262/60000)


Average Test loss: 0.0001, Test Error Rate: 11.85% (1185/10000)

Train Epoch: 196 [20000/60000 (33%)]	Loss: 0.115727
Train Epoch: 196 [40000/60000 (67%)]	Loss: 0.098304
Train Epoch: 196 [60000/60000 (100%)]	Loss: 0.103337

Average Training loss: 0.0005, Training Error Rate: 12.09% (7253/60000)


Average Test loss: 0.0001, Test Error Rate: 12.38% (1238/10000)

Train Epoch: 197 [20000/60000 (33%)]	Loss: 0.127679
Train Epoch: 197 [40000/60000 (67%)]	Loss: 0.094001
Train Epoch: 197 [60000/60000 (100%)]	Loss: 0.099054

Average Training loss: 0.0005, Training Error Rate: 11.98% (7191/60000)


Average Test loss: 0.0001, Test Error Rate: 11.84% (1184/10000)

Train Epoch: 198 [20000/60000 (33%)]	Loss: 0.095984
Train Epoch: 198 [40000/60000 (67%)]	Loss: 0.117022
Train Epoch: 198 [60000/60000 (100%)]	Loss: 0.116445

Average Training loss: 0.0005, Training Error Rate: 11.91% (7148/60000)


Average Test loss: 0.0001, Test Error Rate: 12.08% (1208/10000)

Train Epoch: 199 [20000/60000 (33%)]	Loss: 0.103401
Train Epoch: 199 [40000/60000 (67%)]	Loss: 0.095289
Train Epoch: 199 [60000/60000 (100%)]	Loss: 0.102041

Average Training loss: 0.0005, Training Error Rate: 11.77% (7062/60000)


Average Test loss: 0.0001, Test Error Rate: 12.42% (1242/10000)

/vast/home/ajherman/miniconda3/envs/pytorch/lib/python3.11/site-packages/torchvision/io/image.py:13: UserWarning: Failed to load image Python extension: '/vast/home/ajherman/miniconda3/envs/pytorch/lib/python3.11/site-packages/torchvision/image.so: undefined symbol: _ZN5torch3jit17parseSchemaOrNameERKNSt7__cxx1112basic_stringIcSt11char_traitsIcESaIcEEE'If you don't plan on using image functionality from `torchvision.io`, you can ignore this warning. Otherwise, there might be something wrong with your environment. Did you have `libjpeg` or `libpng` installed before building `torchvision` from source?
  warn(
Random seed set as 42
dt =  0.6321205588285577
trace decay =  0.8187307530779818
Random seed set as 42
Random seed set as 42
dt =  0.6321205588285577
trace decay =  0.8187307530779818
Random seed set as 42
