/vast/home/ajherman/miniconda3/envs/pytorch/lib/python3.11/site-packages/torchvision/io/image.py:13: UserWarning: Failed to load image Python extension: '/vast/home/ajherman/miniconda3/envs/pytorch/lib/python3.11/site-packages/torchvision/image.so: undefined symbol: _ZN5torch3jit17parseSchemaOrNameERKNSt7__cxx1112basic_stringIcSt11char_traitsIcESaIcEEE'If you don't plan on using image functionality from `torchvision.io`, you can ignore this warning. Otherwise, there might be something wrong with your environment. Did you have `libjpeg` or `libpng` installed before building `torchvision` from source?
  warn(
Random seed set as 42
dt =  0.3934693402873666
trace decay =  0.8187307530779818
Random seed set as 42
Random seed set as 42
dt =  0.3934693402873666
trace decay =  0.8187307530779818
Random seed set as 42
Train Epoch: 0 [20000/60000 (33%)]	Loss: 0.471627
Train Epoch: 0 [40000/60000 (67%)]	Loss: 0.459009
Train Epoch: 0 [60000/60000 (100%)]	Loss: 0.462456

Average Training loss: 0.0024, Training Error Rate: 89.77% (53862/60000)


Average Test loss: 0.0005, Test Error Rate: 89.92% (8992/10000)

Train Epoch: 1 [20000/60000 (33%)]	Loss: 0.459942
Train Epoch: 1 [40000/60000 (67%)]	Loss: 0.456697
Train Epoch: 1 [60000/60000 (100%)]	Loss: 0.461759

Average Training loss: 0.0023, Training Error Rate: 89.69% (53815/60000)


Average Test loss: 0.0005, Test Error Rate: 90.25% (9025/10000)

Train Epoch: 2 [20000/60000 (33%)]	Loss: 0.455728
Train Epoch: 2 [40000/60000 (67%)]	Loss: 0.468258
Train Epoch: 2 [60000/60000 (100%)]	Loss: 0.464492

Average Training loss: 0.0023, Training Error Rate: 89.81% (53886/60000)


Average Test loss: 0.0005, Test Error Rate: 89.72% (8972/10000)

Train Epoch: 3 [20000/60000 (33%)]	Loss: 0.468048
Train Epoch: 3 [40000/60000 (67%)]	Loss: 0.465366
Train Epoch: 3 [60000/60000 (100%)]	Loss: 0.466135

Average Training loss: 0.0023, Training Error Rate: 89.91% (53945/60000)


Average Test loss: 0.0005, Test Error Rate: 89.68% (8968/10000)

Train Epoch: 4 [20000/60000 (33%)]	Loss: 0.458520
Train Epoch: 4 [40000/60000 (67%)]	Loss: 0.454836
Train Epoch: 4 [60000/60000 (100%)]	Loss: 0.460175

Average Training loss: 0.0023, Training Error Rate: 89.74% (53844/60000)


Average Test loss: 0.0005, Test Error Rate: 89.72% (8972/10000)

Train Epoch: 5 [20000/60000 (33%)]	Loss: 0.455567
Train Epoch: 5 [40000/60000 (67%)]	Loss: 0.458699
Train Epoch: 5 [60000/60000 (100%)]	Loss: 0.464750

Average Training loss: 0.0023, Training Error Rate: 89.60% (53761/60000)


Average Test loss: 0.0005, Test Error Rate: 91.09% (9109/10000)

Train Epoch: 6 [20000/60000 (33%)]	Loss: 0.465082
Train Epoch: 6 [40000/60000 (67%)]	Loss: 0.466361
Train Epoch: 6 [60000/60000 (100%)]	Loss: 0.462111

Average Training loss: 0.0023, Training Error Rate: 89.93% (53958/60000)


Average Test loss: 0.0005, Test Error Rate: 89.67% (8967/10000)

Train Epoch: 7 [20000/60000 (33%)]	Loss: 0.462901
Train Epoch: 7 [40000/60000 (67%)]	Loss: 0.457736
Train Epoch: 7 [60000/60000 (100%)]	Loss: 0.462633

Average Training loss: 0.0023, Training Error Rate: 89.70% (53822/60000)


Average Test loss: 0.0005, Test Error Rate: 90.18% (9018/10000)

Train Epoch: 8 [20000/60000 (33%)]	Loss: 0.457842
Train Epoch: 8 [40000/60000 (67%)]	Loss: 0.457622
Train Epoch: 8 [60000/60000 (100%)]	Loss: 0.464096

Average Training loss: 0.0023, Training Error Rate: 90.02% (54011/60000)


Average Test loss: 0.0005, Test Error Rate: 88.65% (8865/10000)

Train Epoch: 9 [20000/60000 (33%)]	Loss: 0.459506
Train Epoch: 9 [40000/60000 (67%)]	Loss: 0.458516
Train Epoch: 9 [60000/60000 (100%)]	Loss: 0.459397

Average Training loss: 0.0023, Training Error Rate: 89.67% (53801/60000)


Average Test loss: 0.0005, Test Error Rate: 89.89% (8989/10000)

Train Epoch: 10 [20000/60000 (33%)]	Loss: 0.467991
Train Epoch: 10 [40000/60000 (67%)]	Loss: 0.468687
Train Epoch: 10 [60000/60000 (100%)]	Loss: 0.470371

Average Training loss: 0.0023, Training Error Rate: 89.65% (53791/60000)


Average Test loss: 0.0005, Test Error Rate: 89.92% (8992/10000)

Train Epoch: 11 [20000/60000 (33%)]	Loss: 0.458496
Train Epoch: 11 [40000/60000 (67%)]	Loss: 0.458869
Train Epoch: 11 [60000/60000 (100%)]	Loss: 0.454837

Average Training loss: 0.0023, Training Error Rate: 89.81% (53888/60000)


Average Test loss: 0.0005, Test Error Rate: 89.89% (8989/10000)

Train Epoch: 12 [20000/60000 (33%)]	Loss: 0.456365
Train Epoch: 12 [40000/60000 (67%)]	Loss: 0.463878
Train Epoch: 12 [60000/60000 (100%)]	Loss: 0.474170

Average Training loss: 0.0023, Training Error Rate: 89.94% (53963/60000)


Average Test loss: 0.0005, Test Error Rate: 90.94% (9094/10000)

Train Epoch: 13 [20000/60000 (33%)]	Loss: 0.458545
Train Epoch: 13 [40000/60000 (67%)]	Loss: 0.461596
Train Epoch: 13 [60000/60000 (100%)]	Loss: 0.455945

Average Training loss: 0.0023, Training Error Rate: 89.78% (53867/60000)


Average Test loss: 0.0005, Test Error Rate: 90.27% (9027/10000)

Train Epoch: 14 [20000/60000 (33%)]	Loss: 0.469105
Train Epoch: 14 [40000/60000 (67%)]	Loss: 0.459979
Train Epoch: 14 [60000/60000 (100%)]	Loss: 0.467309

Average Training loss: 0.0023, Training Error Rate: 90.02% (54013/60000)


Average Test loss: 0.0005, Test Error Rate: 90.24% (9024/10000)

Train Epoch: 15 [20000/60000 (33%)]	Loss: 0.470331
Train Epoch: 15 [40000/60000 (67%)]	Loss: 0.463022
Train Epoch: 15 [60000/60000 (100%)]	Loss: 0.458101

Average Training loss: 0.0023, Training Error Rate: 89.61% (53766/60000)


Average Test loss: 0.0005, Test Error Rate: 88.65% (8865/10000)

Train Epoch: 16 [20000/60000 (33%)]	Loss: 0.467201
Train Epoch: 16 [40000/60000 (67%)]	Loss: 0.451824
Train Epoch: 16 [60000/60000 (100%)]	Loss: 0.461678

Average Training loss: 0.0023, Training Error Rate: 89.92% (53950/60000)


Average Test loss: 0.0005, Test Error Rate: 88.43% (8843/10000)

Train Epoch: 17 [20000/60000 (33%)]	Loss: 0.454989
Train Epoch: 17 [40000/60000 (67%)]	Loss: 0.460362
Train Epoch: 17 [60000/60000 (100%)]	Loss: 0.457259

Average Training loss: 0.0023, Training Error Rate: 89.59% (53755/60000)


Average Test loss: 0.0005, Test Error Rate: 90.42% (9042/10000)

Train Epoch: 18 [20000/60000 (33%)]	Loss: 0.468442
Train Epoch: 18 [40000/60000 (67%)]	Loss: 0.469587
Train Epoch: 18 [60000/60000 (100%)]	Loss: 0.457964

Average Training loss: 0.0023, Training Error Rate: 89.84% (53905/60000)


Average Test loss: 0.0005, Test Error Rate: 89.67% (8967/10000)

Train Epoch: 19 [20000/60000 (33%)]	Loss: 0.461757
Train Epoch: 19 [40000/60000 (67%)]	Loss: 0.463144
Train Epoch: 19 [60000/60000 (100%)]	Loss: 0.461587

Average Training loss: 0.0023, Training Error Rate: 89.70% (53818/60000)


Average Test loss: 0.0005, Test Error Rate: 89.85% (8985/10000)

Train Epoch: 20 [20000/60000 (33%)]	Loss: 0.453897
Train Epoch: 20 [40000/60000 (67%)]	Loss: 0.464102
Train Epoch: 20 [60000/60000 (100%)]	Loss: 0.465836

Average Training loss: 0.0023, Training Error Rate: 89.99% (53993/60000)


Average Test loss: 0.0005, Test Error Rate: 89.87% (8987/10000)

Train Epoch: 21 [20000/60000 (33%)]	Loss: 0.459151
Train Epoch: 21 [40000/60000 (67%)]	Loss: 0.463516
Train Epoch: 21 [60000/60000 (100%)]	Loss: 0.482243

Average Training loss: 0.0023, Training Error Rate: 89.60% (53759/60000)


Average Test loss: 0.0005, Test Error Rate: 89.68% (8968/10000)

Train Epoch: 22 [20000/60000 (33%)]	Loss: 0.458073
Train Epoch: 22 [40000/60000 (67%)]	Loss: 0.462410
Train Epoch: 22 [60000/60000 (100%)]	Loss: 0.470279

Average Training loss: 0.0023, Training Error Rate: 89.98% (53986/60000)


Average Test loss: 0.0005, Test Error Rate: 90.22% (9022/10000)

Train Epoch: 23 [20000/60000 (33%)]	Loss: 0.459068
Train Epoch: 23 [40000/60000 (67%)]	Loss: 0.464383
Train Epoch: 23 [60000/60000 (100%)]	Loss: 0.475277

Average Training loss: 0.0023, Training Error Rate: 89.84% (53903/60000)


Average Test loss: 0.0005, Test Error Rate: 89.91% (8991/10000)

Train Epoch: 24 [20000/60000 (33%)]	Loss: 0.458694
Train Epoch: 24 [40000/60000 (67%)]	Loss: 0.470486
Train Epoch: 24 [60000/60000 (100%)]	Loss: 0.454555

Average Training loss: 0.0023, Training Error Rate: 89.85% (53910/60000)


Average Test loss: 0.0005, Test Error Rate: 90.19% (9019/10000)

Train Epoch: 25 [20000/60000 (33%)]	Loss: 0.463467
Train Epoch: 25 [40000/60000 (67%)]	Loss: 0.462383
Train Epoch: 25 [60000/60000 (100%)]	Loss: 0.458506

Average Training loss: 0.0023, Training Error Rate: 89.88% (53928/60000)


Average Test loss: 0.0005, Test Error Rate: 90.41% (9041/10000)

Train Epoch: 26 [20000/60000 (33%)]	Loss: 0.470451
Train Epoch: 26 [40000/60000 (67%)]	Loss: 0.463107
Train Epoch: 26 [60000/60000 (100%)]	Loss: 0.465206

Average Training loss: 0.0023, Training Error Rate: 89.63% (53777/60000)


Average Test loss: 0.0005, Test Error Rate: 88.68% (8868/10000)

Train Epoch: 27 [20000/60000 (33%)]	Loss: 0.455031
Train Epoch: 27 [40000/60000 (67%)]	Loss: 0.464814
Train Epoch: 27 [60000/60000 (100%)]	Loss: 0.459206

Average Training loss: 0.0023, Training Error Rate: 89.77% (53861/60000)


Average Test loss: 0.0005, Test Error Rate: 89.65% (8965/10000)

Train Epoch: 28 [20000/60000 (33%)]	Loss: 0.455127
Train Epoch: 28 [40000/60000 (67%)]	Loss: 0.459135
Train Epoch: 28 [60000/60000 (100%)]	Loss: 0.458411

Average Training loss: 0.0023, Training Error Rate: 89.62% (53774/60000)


Average Test loss: 0.0005, Test Error Rate: 90.84% (9084/10000)

Train Epoch: 29 [20000/60000 (33%)]	Loss: 0.458739
Train Epoch: 29 [40000/60000 (67%)]	Loss: 0.459508
Train Epoch: 29 [60000/60000 (100%)]	Loss: 0.465253

Average Training loss: 0.0023, Training Error Rate: 89.71% (53828/60000)


Average Test loss: 0.0005, Test Error Rate: 89.89% (8989/10000)

Train Epoch: 30 [20000/60000 (33%)]	Loss: 0.463230
Train Epoch: 30 [40000/60000 (67%)]	Loss: 0.462519
Train Epoch: 30 [60000/60000 (100%)]	Loss: 0.461664

Average Training loss: 0.0023, Training Error Rate: 89.47% (53681/60000)


Average Test loss: 0.0005, Test Error Rate: 87.78% (8778/10000)

Train Epoch: 31 [20000/60000 (33%)]	Loss: 0.461062
Train Epoch: 31 [40000/60000 (67%)]	Loss: 0.464856
Train Epoch: 31 [60000/60000 (100%)]	Loss: 0.474298

Average Training loss: 0.0023, Training Error Rate: 89.31% (53586/60000)


Average Test loss: 0.0005, Test Error Rate: 89.88% (8988/10000)

Train Epoch: 32 [20000/60000 (33%)]	Loss: 0.460679
Train Epoch: 32 [40000/60000 (67%)]	Loss: 0.461847
Train Epoch: 32 [60000/60000 (100%)]	Loss: 0.463281

Average Training loss: 0.0023, Training Error Rate: 89.11% (53463/60000)


Average Test loss: 0.0005, Test Error Rate: 90.20% (9020/10000)

Train Epoch: 33 [20000/60000 (33%)]	Loss: 0.460307
Train Epoch: 33 [40000/60000 (67%)]	Loss: 0.461354
Train Epoch: 33 [60000/60000 (100%)]	Loss: 0.458933

Average Training loss: 0.0023, Training Error Rate: 89.27% (53562/60000)


Average Test loss: 0.0005, Test Error Rate: 89.62% (8962/10000)

Train Epoch: 34 [20000/60000 (33%)]	Loss: 0.461866
Train Epoch: 34 [40000/60000 (67%)]	Loss: 0.455561
Train Epoch: 34 [60000/60000 (100%)]	Loss: 0.465523

Average Training loss: 0.0023, Training Error Rate: 89.09% (53456/60000)


Average Test loss: 0.0005, Test Error Rate: 89.38% (8938/10000)

Train Epoch: 35 [20000/60000 (33%)]	Loss: 0.465890
Train Epoch: 35 [40000/60000 (67%)]	Loss: 0.453613
Train Epoch: 35 [60000/60000 (100%)]	Loss: 0.468481

Average Training loss: 0.0023, Training Error Rate: 89.28% (53567/60000)


Average Test loss: 0.0005, Test Error Rate: 89.34% (8934/10000)

Train Epoch: 36 [20000/60000 (33%)]	Loss: 0.460384
Train Epoch: 36 [40000/60000 (67%)]	Loss: 0.465620
Train Epoch: 36 [60000/60000 (100%)]	Loss: 0.461137

Average Training loss: 0.0023, Training Error Rate: 89.39% (53635/60000)


Average Test loss: 0.0005, Test Error Rate: 90.02% (9002/10000)

Train Epoch: 37 [20000/60000 (33%)]	Loss: 0.469630
Train Epoch: 37 [40000/60000 (67%)]	Loss: 0.468869
Train Epoch: 37 [60000/60000 (100%)]	Loss: 0.456951

Average Training loss: 0.0023, Training Error Rate: 89.16% (53496/60000)


Average Test loss: 0.0005, Test Error Rate: 89.01% (8901/10000)

Train Epoch: 38 [20000/60000 (33%)]	Loss: 0.451487
Train Epoch: 38 [40000/60000 (67%)]	Loss: 0.461191
Train Epoch: 38 [60000/60000 (100%)]	Loss: 0.454987

Average Training loss: 0.0023, Training Error Rate: 88.95% (53368/60000)


Average Test loss: 0.0005, Test Error Rate: 87.43% (8743/10000)

Train Epoch: 39 [20000/60000 (33%)]	Loss: 0.465189
Train Epoch: 39 [40000/60000 (67%)]	Loss: 0.479727
Train Epoch: 39 [60000/60000 (100%)]	Loss: 0.457968

Average Training loss: 0.0023, Training Error Rate: 88.73% (53241/60000)


Average Test loss: 0.0005, Test Error Rate: 88.02% (8802/10000)

Train Epoch: 40 [20000/60000 (33%)]	Loss: 0.469607
Train Epoch: 40 [40000/60000 (67%)]	Loss: 0.464674
Train Epoch: 40 [60000/60000 (100%)]	Loss: 0.471943

Average Training loss: 0.0023, Training Error Rate: 88.88% (53326/60000)


Average Test loss: 0.0005, Test Error Rate: 88.97% (8897/10000)

Train Epoch: 41 [20000/60000 (33%)]	Loss: 0.463527
Train Epoch: 41 [40000/60000 (67%)]	Loss: 0.456750
Train Epoch: 41 [60000/60000 (100%)]	Loss: 0.459312

Average Training loss: 0.0023, Training Error Rate: 88.69% (53215/60000)


Average Test loss: 0.0005, Test Error Rate: 88.95% (8895/10000)

Train Epoch: 42 [20000/60000 (33%)]	Loss: 0.457645
Train Epoch: 42 [40000/60000 (67%)]	Loss: 0.458304
Train Epoch: 42 [60000/60000 (100%)]	Loss: 0.462597

Average Training loss: 0.0023, Training Error Rate: 88.58% (53147/60000)


Average Test loss: 0.0005, Test Error Rate: 87.74% (8774/10000)

Train Epoch: 43 [20000/60000 (33%)]	Loss: 0.457812
Train Epoch: 43 [40000/60000 (67%)]	Loss: 0.456443
Train Epoch: 43 [60000/60000 (100%)]	Loss: 0.456149

Average Training loss: 0.0023, Training Error Rate: 87.64% (52587/60000)


Average Test loss: 0.0005, Test Error Rate: 87.07% (8707/10000)

Train Epoch: 44 [20000/60000 (33%)]	Loss: 0.454768
Train Epoch: 44 [40000/60000 (67%)]	Loss: 0.458189
slurmstepd: error: *** STEP 15491790.1889 ON cn442 CANCELLED AT 2023-10-02T20:55:05 ***
/vast/home/ajherman/miniconda3/envs/pytorch/lib/python3.11/site-packages/torchvision/io/image.py:13: UserWarning: Failed to load image Python extension: '/vast/home/ajherman/miniconda3/envs/pytorch/lib/python3.11/site-packages/torchvision/image.so: undefined symbol: _ZN5torch3jit17parseSchemaOrNameERKNSt7__cxx1112basic_stringIcSt11char_traitsIcESaIcEEE'If you don't plan on using image functionality from `torchvision.io`, you can ignore this warning. Otherwise, there might be something wrong with your environment. Did you have `libjpeg` or `libpng` installed before building `torchvision` from source?
  warn(
Random seed set as 42
dt =  0.3934693402873666
trace decay =  0.8187307530779818
Random seed set as 42
Random seed set as 42
dt =  0.3934693402873666
trace decay =  0.8187307530779818
Random seed set as 42
Train Epoch: 44 [20000/60000 (33%)]	Loss: 0.455707
Train Epoch: 44 [40000/60000 (67%)]	Loss: 0.463846
Train Epoch: 44 [60000/60000 (100%)]	Loss: 0.462747

Average Training loss: 0.0023, Training Error Rate: 87.99% (52794/60000)


Average Test loss: 0.0005, Test Error Rate: 88.20% (8820/10000)

Train Epoch: 45 [20000/60000 (33%)]	Loss: 0.457671
Train Epoch: 45 [40000/60000 (67%)]	Loss: 0.464457
Train Epoch: 45 [60000/60000 (100%)]	Loss: 0.452873

Average Training loss: 0.0023, Training Error Rate: 86.85% (52110/60000)


Average Test loss: 0.0005, Test Error Rate: 84.21% (8421/10000)

Train Epoch: 46 [20000/60000 (33%)]	Loss: 0.452063
Train Epoch: 46 [40000/60000 (67%)]	Loss: 0.468870
Train Epoch: 46 [60000/60000 (100%)]	Loss: 0.454724

Average Training loss: 0.0023, Training Error Rate: 86.06% (51638/60000)


Average Test loss: 0.0005, Test Error Rate: 87.75% (8775/10000)

Train Epoch: 47 [20000/60000 (33%)]	Loss: 0.460171
Train Epoch: 47 [40000/60000 (67%)]	Loss: 0.459597
Train Epoch: 47 [60000/60000 (100%)]	Loss: 0.454251

Average Training loss: 0.0023, Training Error Rate: 87.42% (52449/60000)


Average Test loss: 0.0005, Test Error Rate: 85.42% (8542/10000)

Train Epoch: 48 [20000/60000 (33%)]	Loss: 0.451407
Train Epoch: 48 [40000/60000 (67%)]	Loss: 0.458031
Train Epoch: 48 [60000/60000 (100%)]	Loss: 0.455385

Average Training loss: 0.0023, Training Error Rate: 87.61% (52567/60000)


Average Test loss: 0.0005, Test Error Rate: 90.06% (9006/10000)

Train Epoch: 49 [20000/60000 (33%)]	Loss: 0.451667
Train Epoch: 49 [40000/60000 (67%)]	Loss: 0.450378
Train Epoch: 49 [60000/60000 (100%)]	Loss: 0.461348

Average Training loss: 0.0023, Training Error Rate: 88.22% (52933/60000)


Average Test loss: 0.0005, Test Error Rate: 87.83% (8783/10000)

Train Epoch: 50 [20000/60000 (33%)]	Loss: 0.454189
Train Epoch: 50 [40000/60000 (67%)]	Loss: 0.472522
Train Epoch: 50 [60000/60000 (100%)]	Loss: 0.454489

Average Training loss: 0.0023, Training Error Rate: 86.90% (52141/60000)


Average Test loss: 0.0005, Test Error Rate: 88.41% (8841/10000)

Train Epoch: 51 [20000/60000 (33%)]	Loss: 0.462669
Train Epoch: 51 [40000/60000 (67%)]	Loss: 0.457342
Train Epoch: 51 [60000/60000 (100%)]	Loss: 0.459007

Average Training loss: 0.0023, Training Error Rate: 86.38% (51826/60000)


Average Test loss: 0.0005, Test Error Rate: 84.32% (8432/10000)

Train Epoch: 52 [20000/60000 (33%)]	Loss: 0.455641
Train Epoch: 52 [40000/60000 (67%)]	Loss: 0.453046
Train Epoch: 52 [60000/60000 (100%)]	Loss: 0.462405

Average Training loss: 0.0023, Training Error Rate: 86.10% (51661/60000)


Average Test loss: 0.0005, Test Error Rate: 84.89% (8489/10000)

Train Epoch: 53 [20000/60000 (33%)]	Loss: 0.445078
Train Epoch: 53 [40000/60000 (67%)]	Loss: 0.453822
Train Epoch: 53 [60000/60000 (100%)]	Loss: 0.459055

Average Training loss: 0.0023, Training Error Rate: 85.77% (51463/60000)


Average Test loss: 0.0005, Test Error Rate: 86.27% (8627/10000)

Train Epoch: 54 [20000/60000 (33%)]	Loss: 0.450219
Train Epoch: 54 [40000/60000 (67%)]	Loss: 0.446353
Train Epoch: 54 [60000/60000 (100%)]	Loss: 0.455519

Average Training loss: 0.0023, Training Error Rate: 84.55% (50729/60000)


Average Test loss: 0.0004, Test Error Rate: 87.07% (8707/10000)

Train Epoch: 55 [20000/60000 (33%)]	Loss: 0.450146
Train Epoch: 55 [40000/60000 (67%)]	Loss: 0.459529
Train Epoch: 55 [60000/60000 (100%)]	Loss: 0.448130

Average Training loss: 0.0022, Training Error Rate: 83.40% (50040/60000)


Average Test loss: 0.0004, Test Error Rate: 81.79% (8179/10000)

Train Epoch: 56 [20000/60000 (33%)]	Loss: 0.451459
Train Epoch: 56 [40000/60000 (67%)]	Loss: 0.440169
Train Epoch: 56 [60000/60000 (100%)]	Loss: 0.452737

Average Training loss: 0.0022, Training Error Rate: 83.59% (50154/60000)


Average Test loss: 0.0005, Test Error Rate: 83.64% (8364/10000)

Train Epoch: 57 [20000/60000 (33%)]	Loss: 0.452697
Train Epoch: 57 [40000/60000 (67%)]	Loss: 0.440502
Train Epoch: 57 [60000/60000 (100%)]	Loss: 0.438142

Average Training loss: 0.0022, Training Error Rate: 83.25% (49952/60000)


Average Test loss: 0.0004, Test Error Rate: 81.20% (8120/10000)

Train Epoch: 58 [20000/60000 (33%)]	Loss: 0.447432
Train Epoch: 58 [40000/60000 (67%)]	Loss: 0.451283
Train Epoch: 58 [60000/60000 (100%)]	Loss: 0.445456

Average Training loss: 0.0022, Training Error Rate: 82.48% (49491/60000)


Average Test loss: 0.0004, Test Error Rate: 80.94% (8094/10000)

Train Epoch: 59 [20000/60000 (33%)]	Loss: 0.447230
Train Epoch: 59 [40000/60000 (67%)]	Loss: 0.451022
Train Epoch: 59 [60000/60000 (100%)]	Loss: 0.449870

Average Training loss: 0.0022, Training Error Rate: 82.89% (49733/60000)


Average Test loss: 0.0004, Test Error Rate: 79.04% (7904/10000)

Train Epoch: 60 [20000/60000 (33%)]	Loss: 0.442180
Train Epoch: 60 [40000/60000 (67%)]	Loss: 0.438587
Train Epoch: 60 [60000/60000 (100%)]	Loss: 0.440905

Average Training loss: 0.0022, Training Error Rate: 81.51% (48906/60000)


Average Test loss: 0.0004, Test Error Rate: 76.08% (7608/10000)

Train Epoch: 61 [20000/60000 (33%)]	Loss: 0.440011
Train Epoch: 61 [40000/60000 (67%)]	Loss: 0.440453
Train Epoch: 61 [60000/60000 (100%)]	Loss: 0.433980

Average Training loss: 0.0022, Training Error Rate: 79.62% (47774/60000)


Average Test loss: 0.0004, Test Error Rate: 74.57% (7457/10000)

Train Epoch: 62 [20000/60000 (33%)]	Loss: 0.433180
Train Epoch: 62 [40000/60000 (67%)]	Loss: 0.434050
Train Epoch: 62 [60000/60000 (100%)]	Loss: 0.428472

Average Training loss: 0.0022, Training Error Rate: 79.66% (47797/60000)


Average Test loss: 0.0004, Test Error Rate: 75.12% (7512/10000)

Train Epoch: 63 [20000/60000 (33%)]	Loss: 0.434866
Train Epoch: 63 [40000/60000 (67%)]	Loss: 0.427720
Train Epoch: 63 [60000/60000 (100%)]	Loss: 0.423013

Average Training loss: 0.0022, Training Error Rate: 78.81% (47284/60000)


Average Test loss: 0.0004, Test Error Rate: 74.66% (7466/10000)

Train Epoch: 64 [20000/60000 (33%)]	Loss: 0.422222
Train Epoch: 64 [40000/60000 (67%)]	Loss: 0.427979
Train Epoch: 64 [60000/60000 (100%)]	Loss: 0.417471

Average Training loss: 0.0021, Training Error Rate: 75.74% (45444/60000)


Average Test loss: 0.0004, Test Error Rate: 76.78% (7678/10000)

Train Epoch: 65 [20000/60000 (33%)]	Loss: 0.435585
Train Epoch: 65 [40000/60000 (67%)]	Loss: 0.424345
Train Epoch: 65 [60000/60000 (100%)]	Loss: 0.432419

Average Training loss: 0.0021, Training Error Rate: 75.23% (45140/60000)


Average Test loss: 0.0004, Test Error Rate: 75.32% (7532/10000)

Train Epoch: 66 [20000/60000 (33%)]	Loss: 0.407189
Train Epoch: 66 [40000/60000 (67%)]	Loss: 0.422924
Train Epoch: 66 [60000/60000 (100%)]	Loss: 0.412887

Average Training loss: 0.0021, Training Error Rate: 71.37% (42820/60000)


Average Test loss: 0.0004, Test Error Rate: 70.40% (7040/10000)

Train Epoch: 67 [20000/60000 (33%)]	Loss: 0.414883
Train Epoch: 67 [40000/60000 (67%)]	Loss: 0.419777
Train Epoch: 67 [60000/60000 (100%)]	Loss: 0.415982

Average Training loss: 0.0021, Training Error Rate: 70.00% (41997/60000)


Average Test loss: 0.0004, Test Error Rate: 74.45% (7445/10000)

Train Epoch: 68 [20000/60000 (33%)]	Loss: 0.412732
Train Epoch: 68 [40000/60000 (67%)]	Loss: 0.422259
Train Epoch: 68 [60000/60000 (100%)]	Loss: 0.424617

Average Training loss: 0.0021, Training Error Rate: 68.61% (41167/60000)


Average Test loss: 0.0004, Test Error Rate: 68.22% (6822/10000)

Train Epoch: 69 [20000/60000 (33%)]	Loss: 0.418934
Train Epoch: 69 [40000/60000 (67%)]	Loss: 0.408830
Train Epoch: 69 [60000/60000 (100%)]	Loss: 0.412168

Average Training loss: 0.0021, Training Error Rate: 67.67% (40605/60000)


Average Test loss: 0.0004, Test Error Rate: 64.20% (6420/10000)

Train Epoch: 70 [20000/60000 (33%)]	Loss: 0.414623
Train Epoch: 70 [40000/60000 (67%)]	Loss: 0.402718
Train Epoch: 70 [60000/60000 (100%)]	Loss: 0.403591

Average Training loss: 0.0020, Training Error Rate: 65.92% (39554/60000)


Average Test loss: 0.0004, Test Error Rate: 64.48% (6448/10000)

Train Epoch: 71 [20000/60000 (33%)]	Loss: 0.406152
Train Epoch: 71 [40000/60000 (67%)]	Loss: 0.409634
Train Epoch: 71 [60000/60000 (100%)]	Loss: 0.402948

Average Training loss: 0.0020, Training Error Rate: 66.27% (39762/60000)


Average Test loss: 0.0004, Test Error Rate: 64.47% (6447/10000)

Train Epoch: 72 [20000/60000 (33%)]	Loss: 0.398129
Train Epoch: 72 [40000/60000 (67%)]	Loss: 0.389012
Train Epoch: 72 [60000/60000 (100%)]	Loss: 0.402887

Average Training loss: 0.0020, Training Error Rate: 64.29% (38575/60000)


Average Test loss: 0.0004, Test Error Rate: 66.33% (6633/10000)

Train Epoch: 73 [20000/60000 (33%)]	Loss: 0.392319
Train Epoch: 73 [40000/60000 (67%)]	Loss: 0.396594
Train Epoch: 73 [60000/60000 (100%)]	Loss: 0.389143

Average Training loss: 0.0020, Training Error Rate: 64.82% (38891/60000)


Average Test loss: 0.0004, Test Error Rate: 65.72% (6572/10000)

Train Epoch: 74 [20000/60000 (33%)]	Loss: 0.384955
Train Epoch: 74 [40000/60000 (67%)]	Loss: 0.395060
Train Epoch: 74 [60000/60000 (100%)]	Loss: 0.388771

Average Training loss: 0.0020, Training Error Rate: 62.11% (37265/60000)


Average Test loss: 0.0004, Test Error Rate: 59.73% (5973/10000)

Train Epoch: 75 [20000/60000 (33%)]	Loss: 0.388411
Train Epoch: 75 [40000/60000 (67%)]	Loss: 0.392044
Train Epoch: 75 [60000/60000 (100%)]	Loss: 0.404799

Average Training loss: 0.0019, Training Error Rate: 61.60% (36962/60000)


Average Test loss: 0.0004, Test Error Rate: 61.87% (6187/10000)

Train Epoch: 76 [20000/60000 (33%)]	Loss: 0.375028
Train Epoch: 76 [40000/60000 (67%)]	Loss: 0.397950
Train Epoch: 76 [60000/60000 (100%)]	Loss: 0.372778

Average Training loss: 0.0019, Training Error Rate: 62.08% (37246/60000)


Average Test loss: 0.0004, Test Error Rate: 63.87% (6387/10000)

Train Epoch: 77 [20000/60000 (33%)]	Loss: 0.388816
Train Epoch: 77 [40000/60000 (67%)]	Loss: 0.398217
Train Epoch: 77 [60000/60000 (100%)]	Loss: 0.378028

Average Training loss: 0.0019, Training Error Rate: 60.07% (36044/60000)


Average Test loss: 0.0004, Test Error Rate: 58.68% (5868/10000)

Train Epoch: 78 [20000/60000 (33%)]	Loss: 0.380691
Train Epoch: 78 [40000/60000 (67%)]	Loss: 0.369321
Train Epoch: 78 [60000/60000 (100%)]	Loss: 0.370246

Average Training loss: 0.0019, Training Error Rate: 58.82% (35291/60000)


Average Test loss: 0.0004, Test Error Rate: 55.29% (5529/10000)

Train Epoch: 79 [20000/60000 (33%)]	Loss: 0.384965
Train Epoch: 79 [40000/60000 (67%)]	Loss: 0.372082
Train Epoch: 79 [60000/60000 (100%)]	Loss: 0.380754

Average Training loss: 0.0019, Training Error Rate: 57.84% (34707/60000)


Average Test loss: 0.0004, Test Error Rate: 60.44% (6044/10000)

Train Epoch: 80 [20000/60000 (33%)]	Loss: 0.364419
Train Epoch: 80 [40000/60000 (67%)]	Loss: 0.378919
Train Epoch: 80 [60000/60000 (100%)]	Loss: 0.374741

Average Training loss: 0.0019, Training Error Rate: 58.33% (35000/60000)


Average Test loss: 0.0004, Test Error Rate: 53.85% (5385/10000)

Train Epoch: 81 [20000/60000 (33%)]	Loss: 0.360387
Train Epoch: 81 [40000/60000 (67%)]	Loss: 0.380538
Train Epoch: 81 [60000/60000 (100%)]	Loss: 0.358483

Average Training loss: 0.0018, Training Error Rate: 56.74% (34045/60000)


Average Test loss: 0.0004, Test Error Rate: 51.54% (5154/10000)

Train Epoch: 82 [20000/60000 (33%)]	Loss: 0.357074
Train Epoch: 82 [40000/60000 (67%)]	Loss: 0.345152
Train Epoch: 82 [60000/60000 (100%)]	Loss: 0.354625

Average Training loss: 0.0018, Training Error Rate: 53.17% (31903/60000)


Average Test loss: 0.0004, Test Error Rate: 56.57% (5657/10000)

Train Epoch: 83 [20000/60000 (33%)]	Loss: 0.354442
Train Epoch: 83 [40000/60000 (67%)]	Loss: 0.357242
Train Epoch: 83 [60000/60000 (100%)]	Loss: 0.380891

Average Training loss: 0.0018, Training Error Rate: 56.42% (33853/60000)


Average Test loss: 0.0004, Test Error Rate: 55.35% (5535/10000)

Train Epoch: 84 [20000/60000 (33%)]	Loss: 0.356894
Train Epoch: 84 [40000/60000 (67%)]	Loss: 0.359699
Train Epoch: 84 [60000/60000 (100%)]	Loss: 0.367373

Average Training loss: 0.0018, Training Error Rate: 54.35% (32611/60000)


Average Test loss: 0.0004, Test Error Rate: 55.28% (5528/10000)

Train Epoch: 85 [20000/60000 (33%)]	Loss: 0.344371
Train Epoch: 85 [40000/60000 (67%)]	Loss: 0.333808
Train Epoch: 85 [60000/60000 (100%)]	Loss: 0.355593

Average Training loss: 0.0017, Training Error Rate: 52.34% (31406/60000)


Average Test loss: 0.0003, Test Error Rate: 53.13% (5313/10000)

Train Epoch: 86 [20000/60000 (33%)]	Loss: 0.335439
Train Epoch: 86 [40000/60000 (67%)]	Loss: 0.335820
Train Epoch: 86 [60000/60000 (100%)]	Loss: 0.339333

Average Training loss: 0.0017, Training Error Rate: 48.95% (29372/60000)


Average Test loss: 0.0003, Test Error Rate: 52.46% (5246/10000)

Train Epoch: 87 [20000/60000 (33%)]	Loss: 0.340511
Train Epoch: 87 [40000/60000 (67%)]	Loss: 0.344151
Train Epoch: 87 [60000/60000 (100%)]	Loss: 0.330010

Average Training loss: 0.0017, Training Error Rate: 48.49% (29092/60000)


Average Test loss: 0.0003, Test Error Rate: 49.73% (4973/10000)

Train Epoch: 88 [20000/60000 (33%)]	Loss: 0.327740
Train Epoch: 88 [40000/60000 (67%)]	Loss: 0.320565
Train Epoch: 88 [60000/60000 (100%)]	Loss: 0.329313

Average Training loss: 0.0017, Training Error Rate: 48.59% (29155/60000)


Average Test loss: 0.0003, Test Error Rate: 50.59% (5059/10000)

Train Epoch: 89 [20000/60000 (33%)]	Loss: 0.323882
Train Epoch: 89 [40000/60000 (67%)]	Loss: 0.328782
Train Epoch: 89 [60000/60000 (100%)]	Loss: 0.345385

Average Training loss: 0.0016, Training Error Rate: 46.25% (27750/60000)


Average Test loss: 0.0003, Test Error Rate: 49.80% (4980/10000)

Train Epoch: 90 [20000/60000 (33%)]	Loss: 0.313613
Train Epoch: 90 [40000/60000 (67%)]	Loss: 0.340627
Train Epoch: 90 [60000/60000 (100%)]	Loss: 0.320657

Average Training loss: 0.0016, Training Error Rate: 45.87% (27523/60000)


Average Test loss: 0.0003, Test Error Rate: 44.15% (4415/10000)

Train Epoch: 91 [20000/60000 (33%)]	Loss: 0.331235
Train Epoch: 91 [40000/60000 (67%)]	Loss: 0.312862
Train Epoch: 91 [60000/60000 (100%)]	Loss: 0.310664

Average Training loss: 0.0016, Training Error Rate: 43.91% (26346/60000)


Average Test loss: 0.0003, Test Error Rate: 44.35% (4435/10000)

Train Epoch: 92 [20000/60000 (33%)]	Loss: 0.306828
Train Epoch: 92 [40000/60000 (67%)]	Loss: 0.290745
Train Epoch: 92 [60000/60000 (100%)]	Loss: 0.297316

Average Training loss: 0.0016, Training Error Rate: 42.81% (25685/60000)


Average Test loss: 0.0003, Test Error Rate: 40.29% (4029/10000)

Train Epoch: 93 [20000/60000 (33%)]	Loss: 0.307528
Train Epoch: 93 [40000/60000 (67%)]	Loss: 0.316218
Train Epoch: 93 [60000/60000 (100%)]	Loss: 0.300543

Average Training loss: 0.0016, Training Error Rate: 43.96% (26377/60000)


Average Test loss: 0.0003, Test Error Rate: 43.30% (4330/10000)

Train Epoch: 94 [20000/60000 (33%)]	Loss: 0.301685
Train Epoch: 94 [40000/60000 (67%)]	Loss: 0.298074
Train Epoch: 94 [60000/60000 (100%)]	Loss: 0.305453

Average Training loss: 0.0015, Training Error Rate: 40.55% (24331/60000)


Average Test loss: 0.0003, Test Error Rate: 40.04% (4004/10000)

Train Epoch: 95 [20000/60000 (33%)]	Loss: 0.316556
Train Epoch: 95 [40000/60000 (67%)]	Loss: 0.298893
Train Epoch: 95 [60000/60000 (100%)]	Loss: 0.298764

Average Training loss: 0.0015, Training Error Rate: 38.69% (23213/60000)


Average Test loss: 0.0003, Test Error Rate: 41.79% (4179/10000)

Train Epoch: 96 [20000/60000 (33%)]	Loss: 0.296707
Train Epoch: 96 [40000/60000 (67%)]	Loss: 0.290484
Train Epoch: 96 [60000/60000 (100%)]	Loss: 0.312187

Average Training loss: 0.0015, Training Error Rate: 39.76% (23855/60000)


Average Test loss: 0.0003, Test Error Rate: 42.62% (4262/10000)

Train Epoch: 97 [20000/60000 (33%)]	Loss: 0.313591
Train Epoch: 97 [40000/60000 (67%)]	Loss: 0.322064
Train Epoch: 97 [60000/60000 (100%)]	Loss: 0.305744

Average Training loss: 0.0015, Training Error Rate: 40.03% (24017/60000)


Average Test loss: 0.0003, Test Error Rate: 37.26% (3726/10000)

Train Epoch: 98 [20000/60000 (33%)]	Loss: 0.314892
Train Epoch: 98 [40000/60000 (67%)]	Loss: 0.295005
Train Epoch: 98 [60000/60000 (100%)]	Loss: 0.292819

Average Training loss: 0.0015, Training Error Rate: 38.12% (22874/60000)


Average Test loss: 0.0003, Test Error Rate: 36.55% (3655/10000)

Train Epoch: 99 [20000/60000 (33%)]	Loss: 0.283460
Train Epoch: 99 [40000/60000 (67%)]	Loss: 0.296412
Train Epoch: 99 [60000/60000 (100%)]	Loss: 0.287164

Average Training loss: 0.0015, Training Error Rate: 37.70% (22622/60000)


Average Test loss: 0.0003, Test Error Rate: 33.25% (3325/10000)

