/vast/home/ajherman/miniconda3/envs/pytorch/lib/python3.11/site-packages/torchvision/io/image.py:13: UserWarning: Failed to load image Python extension: '/vast/home/ajherman/miniconda3/envs/pytorch/lib/python3.11/site-packages/torchvision/image.so: undefined symbol: _ZN5torch3jit17parseSchemaOrNameERKNSt7__cxx1112basic_stringIcSt11char_traitsIcESaIcEEE'If you don't plan on using image functionality from `torchvision.io`, you can ignore this warning. Otherwise, there might be something wrong with your environment. Did you have `libjpeg` or `libpng` installed before building `torchvision` from source?
  warn(
Random seed set as 42
dt =  0.3934693402873666
trace decay =  0.7165313105737893
Random seed set as 42
Random seed set as 42
dt =  0.3934693402873666
trace decay =  0.7165313105737893
Random seed set as 42
Train Epoch: 0 [2500/60000 (4%)]	Loss: 0.483506
Train Epoch: 0 [5000/60000 (8%)]	Loss: 0.446918
Train Epoch: 0 [7500/60000 (12%)]	Loss: 0.452592
Train Epoch: 0 [10000/60000 (17%)]	Loss: 0.466635
Train Epoch: 0 [12500/60000 (21%)]	Loss: 0.429927
Train Epoch: 0 [15000/60000 (25%)]	Loss: 0.427098
Train Epoch: 0 [17500/60000 (29%)]	Loss: 0.452821
Train Epoch: 0 [20000/60000 (33%)]	Loss: 0.421157
Train Epoch: 0 [22500/60000 (38%)]	Loss: 0.476388
Train Epoch: 0 [25000/60000 (42%)]	Loss: 0.440807
Train Epoch: 0 [27500/60000 (46%)]	Loss: 0.420747
Train Epoch: 0 [30000/60000 (50%)]	Loss: 0.423629
Train Epoch: 0 [32500/60000 (54%)]	Loss: 0.426683
Train Epoch: 0 [35000/60000 (58%)]	Loss: 0.424705
Train Epoch: 0 [37500/60000 (62%)]	Loss: 0.437984
Train Epoch: 0 [40000/60000 (67%)]	Loss: 0.399986
Train Epoch: 0 [42500/60000 (71%)]	Loss: 0.418171
Train Epoch: 0 [45000/60000 (75%)]	Loss: 0.384587
Train Epoch: 0 [47500/60000 (79%)]	Loss: 0.469602
Train Epoch: 0 [50000/60000 (83%)]	Loss: 0.415124
Train Epoch: 0 [52500/60000 (88%)]	Loss: 0.394715
Train Epoch: 0 [55000/60000 (92%)]	Loss: 0.447091
Train Epoch: 0 [57500/60000 (96%)]	Loss: 0.387771
Train Epoch: 0 [60000/60000 (100%)]	Loss: 0.392640

Average Training loss: 0.0175, Training Error Rate: 79.32% (47590/60000)


Average Test loss: 0.0004, Test Error Rate: 69.23% (6923/10000)

Train Epoch: 1 [2500/60000 (4%)]	Loss: 0.377822
Train Epoch: 1 [5000/60000 (8%)]	Loss: 0.410331
Train Epoch: 1 [7500/60000 (12%)]	Loss: 0.408014
Train Epoch: 1 [10000/60000 (17%)]	Loss: 0.411307
Train Epoch: 1 [12500/60000 (21%)]	Loss: 0.401115
Train Epoch: 1 [15000/60000 (25%)]	Loss: 0.348802
Train Epoch: 1 [17500/60000 (29%)]	Loss: 0.432045
Train Epoch: 1 [20000/60000 (33%)]	Loss: 0.438174
Train Epoch: 1 [22500/60000 (38%)]	Loss: 0.452645
Train Epoch: 1 [25000/60000 (42%)]	Loss: 0.389061
Train Epoch: 1 [27500/60000 (46%)]	Loss: 0.376484
Train Epoch: 1 [30000/60000 (50%)]	Loss: 0.381711
Train Epoch: 1 [32500/60000 (54%)]	Loss: 0.402148
Train Epoch: 1 [35000/60000 (58%)]	Loss: 0.385303
Train Epoch: 1 [37500/60000 (62%)]	Loss: 0.442450
Train Epoch: 1 [40000/60000 (67%)]	Loss: 0.430044
Train Epoch: 1 [42500/60000 (71%)]	Loss: 0.398374
Train Epoch: 1 [45000/60000 (75%)]	Loss: 0.385972
Train Epoch: 1 [47500/60000 (79%)]	Loss: 0.403630
Train Epoch: 1 [50000/60000 (83%)]	Loss: 0.399978
Train Epoch: 1 [52500/60000 (88%)]	Loss: 0.421704
Train Epoch: 1 [55000/60000 (92%)]	Loss: 0.428069
Train Epoch: 1 [57500/60000 (96%)]	Loss: 0.425618
Train Epoch: 1 [60000/60000 (100%)]	Loss: 0.368626

Average Training loss: 0.0165, Training Error Rate: 71.95% (43168/60000)


Average Test loss: 0.0004, Test Error Rate: 61.87% (6187/10000)

Train Epoch: 2 [2500/60000 (4%)]	Loss: 0.381184
Train Epoch: 2 [5000/60000 (8%)]	Loss: 0.397547
Train Epoch: 2 [7500/60000 (12%)]	Loss: 0.393684
Train Epoch: 2 [10000/60000 (17%)]	Loss: 0.381765
Train Epoch: 2 [12500/60000 (21%)]	Loss: 0.335698
Train Epoch: 2 [15000/60000 (25%)]	Loss: 0.409758
Train Epoch: 2 [17500/60000 (29%)]	Loss: 0.374183
Train Epoch: 2 [20000/60000 (33%)]	Loss: 0.342425
Train Epoch: 2 [22500/60000 (38%)]	Loss: 0.372431
Train Epoch: 2 [25000/60000 (42%)]	Loss: 0.464284
Train Epoch: 2 [27500/60000 (46%)]	Loss: 0.417006
Train Epoch: 2 [30000/60000 (50%)]	Loss: 0.332148
Train Epoch: 2 [32500/60000 (54%)]	Loss: 0.331208
Train Epoch: 2 [35000/60000 (58%)]	Loss: 0.356995
Train Epoch: 2 [37500/60000 (62%)]	Loss: 0.350658
Train Epoch: 2 [40000/60000 (67%)]	Loss: 0.329746
Train Epoch: 2 [42500/60000 (71%)]	Loss: 0.398145
Train Epoch: 2 [45000/60000 (75%)]	Loss: 0.356568
Train Epoch: 2 [47500/60000 (79%)]	Loss: 0.380672
Train Epoch: 2 [50000/60000 (83%)]	Loss: 0.424935
Train Epoch: 2 [52500/60000 (88%)]	Loss: 0.388143
Train Epoch: 2 [55000/60000 (92%)]	Loss: 0.358572
Train Epoch: 2 [57500/60000 (96%)]	Loss: 0.361641
Train Epoch: 2 [60000/60000 (100%)]	Loss: 0.363695

Average Training loss: 0.0150, Training Error Rate: 59.34% (35603/60000)


Average Test loss: 0.0003, Test Error Rate: 50.78% (5078/10000)

Train Epoch: 3 [2500/60000 (4%)]	Loss: 0.366351
Train Epoch: 3 [5000/60000 (8%)]	Loss: 0.350318
Train Epoch: 3 [7500/60000 (12%)]	Loss: 0.357889
Train Epoch: 3 [10000/60000 (17%)]	Loss: 0.392913
Train Epoch: 3 [12500/60000 (21%)]	Loss: 0.295969
Train Epoch: 3 [15000/60000 (25%)]	Loss: 0.321474
Train Epoch: 3 [17500/60000 (29%)]	Loss: 0.378966
Train Epoch: 3 [20000/60000 (33%)]	Loss: 0.292798
Train Epoch: 3 [22500/60000 (38%)]	Loss: 0.344548
Train Epoch: 3 [25000/60000 (42%)]	Loss: 0.366551
Train Epoch: 3 [27500/60000 (46%)]	Loss: 0.313188
Train Epoch: 3 [30000/60000 (50%)]	Loss: 0.412461
Train Epoch: 3 [32500/60000 (54%)]	Loss: 0.348199
Train Epoch: 3 [35000/60000 (58%)]	Loss: 0.309360
Train Epoch: 3 [37500/60000 (62%)]	Loss: 0.370816
Train Epoch: 3 [40000/60000 (67%)]	Loss: 0.342143
Train Epoch: 3 [42500/60000 (71%)]	Loss: 0.312557
Train Epoch: 3 [45000/60000 (75%)]	Loss: 0.323023
Train Epoch: 3 [47500/60000 (79%)]	Loss: 0.336025
Train Epoch: 3 [50000/60000 (83%)]	Loss: 0.354532
Train Epoch: 3 [52500/60000 (88%)]	Loss: 0.289109
Train Epoch: 3 [55000/60000 (92%)]	Loss: 0.370559
Train Epoch: 3 [57500/60000 (96%)]	Loss: 0.364446
Train Epoch: 3 [60000/60000 (100%)]	Loss: 0.327464

Average Training loss: 0.0135, Training Error Rate: 50.47% (30281/60000)


Average Test loss: 0.0003, Test Error Rate: 46.72% (4672/10000)

Train Epoch: 4 [2500/60000 (4%)]	Loss: 0.325852
Train Epoch: 4 [5000/60000 (8%)]	Loss: 0.329334
Train Epoch: 4 [7500/60000 (12%)]	Loss: 0.314774
Train Epoch: 4 [10000/60000 (17%)]	Loss: 0.308603
Train Epoch: 4 [12500/60000 (21%)]	Loss: 0.322867
Train Epoch: 4 [15000/60000 (25%)]	Loss: 0.290947
Train Epoch: 4 [17500/60000 (29%)]	Loss: 0.321296
Train Epoch: 4 [20000/60000 (33%)]	Loss: 0.356740
Train Epoch: 4 [22500/60000 (38%)]	Loss: 0.337014
Train Epoch: 4 [25000/60000 (42%)]	Loss: 0.352338
Train Epoch: 4 [27500/60000 (46%)]	Loss: 0.334467
Train Epoch: 4 [30000/60000 (50%)]	Loss: 0.270556
Train Epoch: 4 [32500/60000 (54%)]	Loss: 0.346318
Train Epoch: 4 [35000/60000 (58%)]	Loss: 0.282341
Train Epoch: 4 [37500/60000 (62%)]	Loss: 0.317901
Train Epoch: 4 [40000/60000 (67%)]	Loss: 0.341130
Train Epoch: 4 [42500/60000 (71%)]	Loss: 0.335744
Train Epoch: 4 [45000/60000 (75%)]	Loss: 0.350569
Train Epoch: 4 [47500/60000 (79%)]	Loss: 0.290291
Train Epoch: 4 [50000/60000 (83%)]	Loss: 0.286251
Train Epoch: 4 [52500/60000 (88%)]	Loss: 0.319327
Train Epoch: 4 [55000/60000 (92%)]	Loss: 0.322705
Train Epoch: 4 [57500/60000 (96%)]	Loss: 0.218142
Train Epoch: 4 [60000/60000 (100%)]	Loss: 0.278493

Average Training loss: 0.0126, Training Error Rate: 43.10% (25861/60000)


Average Test loss: 0.0003, Test Error Rate: 36.71% (3671/10000)

Train Epoch: 5 [2500/60000 (4%)]	Loss: 0.303333
Train Epoch: 5 [5000/60000 (8%)]	Loss: 0.277822
Train Epoch: 5 [7500/60000 (12%)]	Loss: 0.240460
Train Epoch: 5 [10000/60000 (17%)]	Loss: 0.241072
Train Epoch: 5 [12500/60000 (21%)]	Loss: 0.269502
Train Epoch: 5 [15000/60000 (25%)]	Loss: 0.330096
Train Epoch: 5 [17500/60000 (29%)]	Loss: 0.290655
Train Epoch: 5 [20000/60000 (33%)]	Loss: 0.299733
Train Epoch: 5 [22500/60000 (38%)]	Loss: 0.290466
Train Epoch: 5 [25000/60000 (42%)]	Loss: 0.310878
Train Epoch: 5 [27500/60000 (46%)]	Loss: 0.262868
Train Epoch: 5 [30000/60000 (50%)]	Loss: 0.286391
Train Epoch: 5 [32500/60000 (54%)]	Loss: 0.258937
Train Epoch: 5 [35000/60000 (58%)]	Loss: 0.298072
Train Epoch: 5 [37500/60000 (62%)]	Loss: 0.318279
Train Epoch: 5 [40000/60000 (67%)]	Loss: 0.290470
Train Epoch: 5 [42500/60000 (71%)]	Loss: 0.360432
Train Epoch: 5 [45000/60000 (75%)]	Loss: 0.287049
Train Epoch: 5 [47500/60000 (79%)]	Loss: 0.252161
Train Epoch: 5 [50000/60000 (83%)]	Loss: 0.298243
Train Epoch: 5 [52500/60000 (88%)]	Loss: 0.296462
Train Epoch: 5 [55000/60000 (92%)]	Loss: 0.321234
Train Epoch: 5 [57500/60000 (96%)]	Loss: 0.269996
Train Epoch: 5 [60000/60000 (100%)]	Loss: 0.300129

Average Training loss: 0.0114, Training Error Rate: 38.47% (23084/60000)


Average Test loss: 0.0003, Test Error Rate: 35.99% (3599/10000)

Train Epoch: 6 [2500/60000 (4%)]	Loss: 0.226760
Train Epoch: 6 [5000/60000 (8%)]	Loss: 0.336861
Train Epoch: 6 [7500/60000 (12%)]	Loss: 0.287308
Train Epoch: 6 [10000/60000 (17%)]	Loss: 0.251531
Train Epoch: 6 [12500/60000 (21%)]	Loss: 0.369442
Train Epoch: 6 [15000/60000 (25%)]	Loss: 0.306729
Train Epoch: 6 [17500/60000 (29%)]	Loss: 0.342476
Train Epoch: 6 [20000/60000 (33%)]	Loss: 0.286473
Train Epoch: 6 [22500/60000 (38%)]	Loss: 0.233931
Train Epoch: 6 [25000/60000 (42%)]	Loss: 0.307684
Train Epoch: 6 [27500/60000 (46%)]	Loss: 0.230319
slurmstepd: error: *** STEP 15492015.8 ON cn651 CANCELLED AT 2023-10-03T00:39:57 ***
