/vast/home/ajherman/miniconda3/envs/pytorch/lib/python3.11/site-packages/torchvision/io/image.py:13: UserWarning: Failed to load image Python extension: '/vast/home/ajherman/miniconda3/envs/pytorch/lib/python3.11/site-packages/torchvision/image.so: undefined symbol: _ZN5torch3jit17parseSchemaOrNameERKNSt7__cxx1112basic_stringIcSt11char_traitsIcESaIcEEE'If you don't plan on using image functionality from `torchvision.io`, you can ignore this warning. Otherwise, there might be something wrong with your environment. Did you have `libjpeg` or `libpng` installed before building `torchvision` from source?
  warn(
Random seed set as 42
dt =  0.28346868942621073
trace decay =  0.7165313105737893
Random seed set as 42
Random seed set as 42
dt =  0.28346868942621073
trace decay =  0.7165313105737893
Random seed set as 42
Train Epoch: 0 [2500/60000 (4%)]	Loss: 0.570758
Train Epoch: 0 [5000/60000 (8%)]	Loss: 0.507367
Train Epoch: 0 [7500/60000 (12%)]	Loss: 0.565503
Train Epoch: 0 [10000/60000 (17%)]	Loss: 0.478363
Train Epoch: 0 [12500/60000 (21%)]	Loss: 0.517253
Train Epoch: 0 [15000/60000 (25%)]	Loss: 0.536462
Train Epoch: 0 [17500/60000 (29%)]	Loss: 0.489110
Train Epoch: 0 [20000/60000 (33%)]	Loss: 0.503576
Train Epoch: 0 [22500/60000 (38%)]	Loss: 0.575375
Train Epoch: 0 [25000/60000 (42%)]	Loss: 0.474431
Train Epoch: 0 [27500/60000 (46%)]	Loss: 0.444158
Train Epoch: 0 [30000/60000 (50%)]	Loss: 0.483054
Train Epoch: 0 [32500/60000 (54%)]	Loss: 0.477064
Train Epoch: 0 [35000/60000 (58%)]	Loss: 0.472451
Train Epoch: 0 [37500/60000 (62%)]	Loss: 0.467628
Train Epoch: 0 [40000/60000 (67%)]	Loss: 0.474311
Train Epoch: 0 [42500/60000 (71%)]	Loss: 0.474735
Train Epoch: 0 [45000/60000 (75%)]	Loss: 0.475030
Train Epoch: 0 [47500/60000 (79%)]	Loss: 0.454399
Train Epoch: 0 [50000/60000 (83%)]	Loss: 0.529994
Train Epoch: 0 [52500/60000 (88%)]	Loss: 0.523430
Train Epoch: 0 [55000/60000 (92%)]	Loss: 0.568860
Train Epoch: 0 [57500/60000 (96%)]	Loss: 0.536274
Train Epoch: 0 [60000/60000 (100%)]	Loss: 0.509144

Average Training loss: 0.0203, Training Error Rate: 89.11% (53466/60000)


Average Test loss: 0.0005, Test Error Rate: 89.82% (8982/10000)

Train Epoch: 1 [2500/60000 (4%)]	Loss: 0.450212
Train Epoch: 1 [5000/60000 (8%)]	Loss: 0.470938
Train Epoch: 1 [7500/60000 (12%)]	Loss: 0.503973
Train Epoch: 1 [10000/60000 (17%)]	Loss: 0.483110
Train Epoch: 1 [12500/60000 (21%)]	Loss: 0.505774
Train Epoch: 1 [15000/60000 (25%)]	Loss: 0.555184
Train Epoch: 1 [17500/60000 (29%)]	Loss: 0.456406
Train Epoch: 1 [20000/60000 (33%)]	Loss: 0.454550
Train Epoch: 1 [22500/60000 (38%)]	Loss: 0.466521
Train Epoch: 1 [25000/60000 (42%)]	Loss: 0.418165
Train Epoch: 1 [27500/60000 (46%)]	Loss: 0.425423
Train Epoch: 1 [30000/60000 (50%)]	Loss: 0.447909
Train Epoch: 1 [32500/60000 (54%)]	Loss: 0.491626
Train Epoch: 1 [35000/60000 (58%)]	Loss: 0.447846
Train Epoch: 1 [37500/60000 (62%)]	Loss: 0.672119
Train Epoch: 1 [40000/60000 (67%)]	Loss: 0.497702
Train Epoch: 1 [42500/60000 (71%)]	Loss: 0.444712
Train Epoch: 1 [45000/60000 (75%)]	Loss: 0.409109
Train Epoch: 1 [47500/60000 (79%)]	Loss: 0.454720
Train Epoch: 1 [50000/60000 (83%)]	Loss: 0.431688
Train Epoch: 1 [52500/60000 (88%)]	Loss: 0.454078
Train Epoch: 1 [55000/60000 (92%)]	Loss: 0.403080
Train Epoch: 1 [57500/60000 (96%)]	Loss: 0.411010
Train Epoch: 1 [60000/60000 (100%)]	Loss: 0.448625

Average Training loss: 0.0187, Training Error Rate: 81.09% (48657/60000)


Average Test loss: 0.0005, Test Error Rate: 78.34% (7834/10000)

Train Epoch: 2 [2500/60000 (4%)]	Loss: 0.496097
Train Epoch: 2 [5000/60000 (8%)]	Loss: 0.425778
Train Epoch: 2 [7500/60000 (12%)]	Loss: 0.442532
Train Epoch: 2 [10000/60000 (17%)]	Loss: 0.456795
Train Epoch: 2 [12500/60000 (21%)]	Loss: 0.388515
Train Epoch: 2 [15000/60000 (25%)]	Loss: 0.482118
Train Epoch: 2 [17500/60000 (29%)]	Loss: 0.425455
Train Epoch: 2 [20000/60000 (33%)]	Loss: 0.375380
Train Epoch: 2 [22500/60000 (38%)]	Loss: 0.422036
Train Epoch: 2 [25000/60000 (42%)]	Loss: 0.413474
Train Epoch: 2 [27500/60000 (46%)]	Loss: 0.474457
Train Epoch: 2 [30000/60000 (50%)]	Loss: 0.436100
Train Epoch: 2 [32500/60000 (54%)]	Loss: 0.439050
Train Epoch: 2 [35000/60000 (58%)]	Loss: 0.437681
Train Epoch: 2 [37500/60000 (62%)]	Loss: 0.462362
Train Epoch: 2 [40000/60000 (67%)]	Loss: 0.421908
Train Epoch: 2 [42500/60000 (71%)]	Loss: 0.421111
Train Epoch: 2 [45000/60000 (75%)]	Loss: 0.441764
Train Epoch: 2 [47500/60000 (79%)]	Loss: 0.418885
Train Epoch: 2 [50000/60000 (83%)]	Loss: 0.465884
Train Epoch: 2 [52500/60000 (88%)]	Loss: 0.507562
Train Epoch: 2 [55000/60000 (92%)]	Loss: 0.407046
Train Epoch: 2 [57500/60000 (96%)]	Loss: 0.419336
Train Epoch: 2 [60000/60000 (100%)]	Loss: 0.390205

Average Training loss: 0.0172, Training Error Rate: 72.74% (43644/60000)


Average Test loss: 0.0004, Test Error Rate: 68.45% (6845/10000)

Train Epoch: 3 [2500/60000 (4%)]	Loss: 0.470708
Train Epoch: 3 [5000/60000 (8%)]	Loss: 0.448567
Train Epoch: 3 [7500/60000 (12%)]	Loss: 0.415099
Train Epoch: 3 [10000/60000 (17%)]	Loss: 0.541999
Train Epoch: 3 [12500/60000 (21%)]	Loss: 0.423492
Train Epoch: 3 [15000/60000 (25%)]	Loss: 0.334595
Train Epoch: 3 [17500/60000 (29%)]	Loss: 0.427756
Train Epoch: 3 [20000/60000 (33%)]	Loss: 0.332210
Train Epoch: 3 [22500/60000 (38%)]	Loss: 0.391516
Train Epoch: 3 [25000/60000 (42%)]	Loss: 0.398889
Train Epoch: 3 [27500/60000 (46%)]	Loss: 0.410827
Train Epoch: 3 [30000/60000 (50%)]	Loss: 0.446126
Train Epoch: 3 [32500/60000 (54%)]	Loss: 0.400249
Train Epoch: 3 [35000/60000 (58%)]	Loss: 0.460579
Train Epoch: 3 [37500/60000 (62%)]	Loss: 0.393480
Train Epoch: 3 [40000/60000 (67%)]	Loss: 0.397830
Train Epoch: 3 [42500/60000 (71%)]	Loss: 0.443288
Train Epoch: 3 [45000/60000 (75%)]	Loss: 0.304303
Train Epoch: 3 [47500/60000 (79%)]	Loss: 0.338443
Train Epoch: 3 [50000/60000 (83%)]	Loss: 0.396458
Train Epoch: 3 [52500/60000 (88%)]	Loss: 0.396905
Train Epoch: 3 [55000/60000 (92%)]	Loss: 0.404201
Train Epoch: 3 [57500/60000 (96%)]	Loss: 0.394829
Train Epoch: 3 [60000/60000 (100%)]	Loss: 0.390590

Average Training loss: 0.0156, Training Error Rate: 63.02% (37812/60000)


Average Test loss: 0.0004, Test Error Rate: 56.56% (5656/10000)

Train Epoch: 4 [2500/60000 (4%)]	Loss: 0.362067
Train Epoch: 4 [5000/60000 (8%)]	Loss: 0.371253
Train Epoch: 4 [7500/60000 (12%)]	Loss: 0.344234
Train Epoch: 4 [10000/60000 (17%)]	Loss: 0.329895
Train Epoch: 4 [12500/60000 (21%)]	Loss: 0.342977
Train Epoch: 4 [15000/60000 (25%)]	Loss: 0.336741
Train Epoch: 4 [17500/60000 (29%)]	Loss: 0.372122
Train Epoch: 4 [20000/60000 (33%)]	Loss: 0.350046
Train Epoch: 4 [22500/60000 (38%)]	Loss: 0.426587
Train Epoch: 4 [25000/60000 (42%)]	Loss: 0.374964
Train Epoch: 4 [27500/60000 (46%)]	Loss: 0.306540
Train Epoch: 4 [30000/60000 (50%)]	Loss: 0.328169
Train Epoch: 4 [32500/60000 (54%)]	Loss: 0.320683
Train Epoch: 4 [35000/60000 (58%)]	Loss: 0.315782
Train Epoch: 4 [37500/60000 (62%)]	Loss: 0.299749
Train Epoch: 4 [40000/60000 (67%)]	Loss: 0.370766
Train Epoch: 4 [42500/60000 (71%)]	Loss: 0.340819
Train Epoch: 4 [45000/60000 (75%)]	Loss: 0.359894
Train Epoch: 4 [47500/60000 (79%)]	Loss: 0.313149
Train Epoch: 4 [50000/60000 (83%)]	Loss: 0.367775
Train Epoch: 4 [52500/60000 (88%)]	Loss: 0.340738
Train Epoch: 4 [55000/60000 (92%)]	Loss: 0.381178
Train Epoch: 4 [57500/60000 (96%)]	Loss: 0.240038
Train Epoch: 4 [60000/60000 (100%)]	Loss: 0.349921

Average Training loss: 0.0138, Training Error Rate: 52.18% (31306/60000)


Average Test loss: 0.0003, Test Error Rate: 46.32% (4632/10000)

Train Epoch: 5 [2500/60000 (4%)]	Loss: 0.328382
Train Epoch: 5 [5000/60000 (8%)]	Loss: 0.292175
Train Epoch: 5 [7500/60000 (12%)]	Loss: 0.268013
Train Epoch: 5 [10000/60000 (17%)]	Loss: 0.305502
Train Epoch: 5 [12500/60000 (21%)]	Loss: 0.293268
Train Epoch: 5 [15000/60000 (25%)]	Loss: 0.375496
Train Epoch: 5 [17500/60000 (29%)]	Loss: 0.357435
Train Epoch: 5 [20000/60000 (33%)]	Loss: 0.360060
Train Epoch: 5 [22500/60000 (38%)]	Loss: 0.291601
Train Epoch: 5 [25000/60000 (42%)]	Loss: 0.360704
