/vast/home/ajherman/miniconda3/envs/pytorch/lib/python3.11/site-packages/torchvision/io/image.py:13: UserWarning: Failed to load image Python extension: '/vast/home/ajherman/miniconda3/envs/pytorch/lib/python3.11/site-packages/torchvision/image.so: undefined symbol: _ZN5torch3jit17parseSchemaOrNameERKNSt7__cxx1112basic_stringIcSt11char_traitsIcESaIcEEE'If you don't plan on using image functionality from `torchvision.io`, you can ignore this warning. Otherwise, there might be something wrong with your environment. Did you have `libjpeg` or `libpng` installed before building `torchvision` from source?
  warn(
Random seed set as 42
dt =  0.3934693402873666
trace decay =  0.8187307530779818
Random seed set as 42
Random seed set as 42
dt =  0.3934693402873666
trace decay =  0.8187307530779818
Random seed set as 42
Train Epoch: 0 [20000/60000 (33%)]	Loss: 0.401774
Train Epoch: 0 [40000/60000 (67%)]	Loss: 0.344445
Train Epoch: 0 [60000/60000 (100%)]	Loss: 0.340996

Average Training loss: 0.0019, Training Error Rate: 56.30% (33781/60000)


Average Test loss: 0.0003, Test Error Rate: 37.43% (3743/10000)

Train Epoch: 1 [20000/60000 (33%)]	Loss: 0.317084
Train Epoch: 1 [40000/60000 (67%)]	Loss: 0.276959
Train Epoch: 1 [60000/60000 (100%)]	Loss: 0.249535

Average Training loss: 0.0015, Training Error Rate: 32.57% (19542/60000)


Average Test loss: 0.0003, Test Error Rate: 24.55% (2455/10000)

Train Epoch: 2 [20000/60000 (33%)]	Loss: 0.240367
Train Epoch: 2 [40000/60000 (67%)]	Loss: 0.253884
Train Epoch: 2 [60000/60000 (100%)]	Loss: 0.273693

Average Training loss: 0.0013, Training Error Rate: 25.80% (15481/60000)


Average Test loss: 0.0002, Test Error Rate: 25.18% (2518/10000)

Train Epoch: 3 [20000/60000 (33%)]	Loss: 0.229679
Train Epoch: 3 [40000/60000 (67%)]	Loss: 0.212048
Train Epoch: 3 [60000/60000 (100%)]	Loss: 0.228392

Average Training loss: 0.0011, Training Error Rate: 22.18% (13306/60000)


Average Test loss: 0.0002, Test Error Rate: 20.91% (2091/10000)

Train Epoch: 4 [20000/60000 (33%)]	Loss: 0.216992
Train Epoch: 4 [40000/60000 (67%)]	Loss: 0.215866
Train Epoch: 4 [60000/60000 (100%)]	Loss: 0.203184

Average Training loss: 0.0011, Training Error Rate: 20.93% (12558/60000)


Average Test loss: 0.0002, Test Error Rate: 20.84% (2084/10000)

Train Epoch: 5 [20000/60000 (33%)]	Loss: 0.205539
Train Epoch: 5 [40000/60000 (67%)]	Loss: 0.207411
Train Epoch: 5 [60000/60000 (100%)]	Loss: 0.213138

Average Training loss: 0.0010, Training Error Rate: 19.66% (11793/60000)


Average Test loss: 0.0002, Test Error Rate: 17.42% (1742/10000)

Train Epoch: 6 [20000/60000 (33%)]	Loss: 0.200151
Train Epoch: 6 [40000/60000 (67%)]	Loss: 0.196865
Train Epoch: 6 [60000/60000 (100%)]	Loss: 0.187003

Average Training loss: 0.0010, Training Error Rate: 18.09% (10854/60000)


Average Test loss: 0.0002, Test Error Rate: 17.44% (1744/10000)

Train Epoch: 7 [20000/60000 (33%)]	Loss: 0.193354
Train Epoch: 7 [40000/60000 (67%)]	Loss: 0.213644
Train Epoch: 7 [60000/60000 (100%)]	Loss: 0.187279

Average Training loss: 0.0009, Training Error Rate: 17.20% (10319/60000)


Average Test loss: 0.0002, Test Error Rate: 16.33% (1633/10000)

Train Epoch: 8 [20000/60000 (33%)]	Loss: 0.174000
Train Epoch: 8 [40000/60000 (67%)]	Loss: 0.176646
Train Epoch: 8 [60000/60000 (100%)]	Loss: 0.167634

Average Training loss: 0.0009, Training Error Rate: 16.03% (9617/60000)


Average Test loss: 0.0002, Test Error Rate: 13.69% (1369/10000)

Train Epoch: 9 [20000/60000 (33%)]	Loss: 0.188671
Train Epoch: 9 [40000/60000 (67%)]	Loss: 0.173879
Train Epoch: 9 [60000/60000 (100%)]	Loss: 0.171456

Average Training loss: 0.0009, Training Error Rate: 15.99% (9595/60000)


Average Test loss: 0.0002, Test Error Rate: 14.33% (1433/10000)

Train Epoch: 10 [20000/60000 (33%)]	Loss: 0.183353
Train Epoch: 10 [40000/60000 (67%)]	Loss: 0.169185
Train Epoch: 10 [60000/60000 (100%)]	Loss: 0.160616

Average Training loss: 0.0009, Training Error Rate: 15.75% (9452/60000)


Average Test loss: 0.0002, Test Error Rate: 14.35% (1435/10000)

Train Epoch: 11 [20000/60000 (33%)]	Loss: 0.159343
Train Epoch: 11 [40000/60000 (67%)]	Loss: 0.179640
Train Epoch: 11 [60000/60000 (100%)]	Loss: 0.163845

Average Training loss: 0.0008, Training Error Rate: 15.31% (9187/60000)


Average Test loss: 0.0002, Test Error Rate: 13.34% (1334/10000)

Train Epoch: 12 [20000/60000 (33%)]	Loss: 0.184724
Train Epoch: 12 [40000/60000 (67%)]	Loss: 0.145726
Train Epoch: 12 [60000/60000 (100%)]	Loss: 0.160650

Average Training loss: 0.0008, Training Error Rate: 14.46% (8676/60000)


Average Test loss: 0.0002, Test Error Rate: 13.76% (1376/10000)

Train Epoch: 13 [20000/60000 (33%)]	Loss: 0.139921
Train Epoch: 13 [40000/60000 (67%)]	Loss: 0.156001
Train Epoch: 13 [60000/60000 (100%)]	Loss: 0.149796

Average Training loss: 0.0008, Training Error Rate: 14.47% (8680/60000)


Average Test loss: 0.0002, Test Error Rate: 13.13% (1313/10000)

Train Epoch: 14 [20000/60000 (33%)]	Loss: 0.170789
Train Epoch: 14 [40000/60000 (67%)]	Loss: 0.177590
Train Epoch: 14 [60000/60000 (100%)]	Loss: 0.159444

Average Training loss: 0.0008, Training Error Rate: 13.98% (8386/60000)


Average Test loss: 0.0002, Test Error Rate: 13.23% (1323/10000)

Train Epoch: 15 [20000/60000 (33%)]	Loss: 0.167134
Train Epoch: 15 [40000/60000 (67%)]	Loss: 0.152707
Train Epoch: 15 [60000/60000 (100%)]	Loss: 0.146315

Average Training loss: 0.0007, Training Error Rate: 13.73% (8241/60000)


Average Test loss: 0.0001, Test Error Rate: 13.20% (1320/10000)

Train Epoch: 16 [20000/60000 (33%)]	Loss: 0.160264
Train Epoch: 16 [40000/60000 (67%)]	Loss: 0.163322
Train Epoch: 16 [60000/60000 (100%)]	Loss: 0.158376

Average Training loss: 0.0008, Training Error Rate: 13.48% (8088/60000)


Average Test loss: 0.0001, Test Error Rate: 12.06% (1206/10000)

Train Epoch: 17 [20000/60000 (33%)]	Loss: 0.149625
Train Epoch: 17 [40000/60000 (67%)]	Loss: 0.162838
Train Epoch: 17 [60000/60000 (100%)]	Loss: 0.125902

Average Training loss: 0.0007, Training Error Rate: 13.02% (7813/60000)


Average Test loss: 0.0001, Test Error Rate: 12.57% (1257/10000)

Train Epoch: 18 [20000/60000 (33%)]	Loss: 0.121416
Train Epoch: 18 [40000/60000 (67%)]	Loss: 0.154534
Train Epoch: 18 [60000/60000 (100%)]	Loss: 0.141973

Average Training loss: 0.0007, Training Error Rate: 12.89% (7734/60000)


Average Test loss: 0.0001, Test Error Rate: 12.17% (1217/10000)

Train Epoch: 19 [20000/60000 (33%)]	Loss: 0.165759
Train Epoch: 19 [40000/60000 (67%)]	Loss: 0.148318
Train Epoch: 19 [60000/60000 (100%)]	Loss: 0.152146

Average Training loss: 0.0007, Training Error Rate: 13.23% (7938/60000)


Average Test loss: 0.0001, Test Error Rate: 12.14% (1214/10000)

Train Epoch: 20 [20000/60000 (33%)]	Loss: 0.133367
Train Epoch: 20 [40000/60000 (67%)]	Loss: 0.151251
Train Epoch: 20 [60000/60000 (100%)]	Loss: 0.129017

Average Training loss: 0.0007, Training Error Rate: 12.96% (7779/60000)


Average Test loss: 0.0001, Test Error Rate: 12.38% (1238/10000)

Train Epoch: 21 [20000/60000 (33%)]	Loss: 0.145221
Train Epoch: 21 [40000/60000 (67%)]	Loss: 0.138511
Train Epoch: 21 [60000/60000 (100%)]	Loss: 0.149168

Average Training loss: 0.0007, Training Error Rate: 12.89% (7733/60000)


Average Test loss: 0.0001, Test Error Rate: 12.37% (1237/10000)

Train Epoch: 22 [20000/60000 (33%)]	Loss: 0.146760
Train Epoch: 22 [40000/60000 (67%)]	Loss: 0.141483
Train Epoch: 22 [60000/60000 (100%)]	Loss: 0.167810

Average Training loss: 0.0007, Training Error Rate: 12.72% (7633/60000)


Average Test loss: 0.0001, Test Error Rate: 13.30% (1330/10000)

Train Epoch: 23 [20000/60000 (33%)]	Loss: 0.145104
Train Epoch: 23 [40000/60000 (67%)]	Loss: 0.139040
Train Epoch: 23 [60000/60000 (100%)]	Loss: 0.133085

Average Training loss: 0.0007, Training Error Rate: 12.70% (7619/60000)


Average Test loss: 0.0001, Test Error Rate: 12.48% (1248/10000)

Train Epoch: 24 [20000/60000 (33%)]	Loss: 0.137389
Train Epoch: 24 [40000/60000 (67%)]	Loss: 0.140402
Train Epoch: 24 [60000/60000 (100%)]	Loss: 0.133962

Average Training loss: 0.0007, Training Error Rate: 12.53% (7517/60000)


Average Test loss: 0.0001, Test Error Rate: 11.59% (1159/10000)

Train Epoch: 25 [20000/60000 (33%)]	Loss: 0.160479
Train Epoch: 25 [40000/60000 (67%)]	Loss: 0.130163
Train Epoch: 25 [60000/60000 (100%)]	Loss: 0.127547

Average Training loss: 0.0007, Training Error Rate: 12.21% (7328/60000)


Average Test loss: 0.0001, Test Error Rate: 11.40% (1140/10000)

Train Epoch: 26 [20000/60000 (33%)]	Loss: 0.144710
Train Epoch: 26 [40000/60000 (67%)]	Loss: 0.115209
Train Epoch: 26 [60000/60000 (100%)]	Loss: 0.138076

Average Training loss: 0.0007, Training Error Rate: 12.20% (7319/60000)


Average Test loss: 0.0001, Test Error Rate: 11.50% (1150/10000)

Train Epoch: 27 [20000/60000 (33%)]	Loss: 0.107774
Train Epoch: 27 [40000/60000 (67%)]	Loss: 0.130279
Train Epoch: 27 [60000/60000 (100%)]	Loss: 0.135628

Average Training loss: 0.0007, Training Error Rate: 11.94% (7162/60000)


Average Test loss: 0.0001, Test Error Rate: 11.14% (1114/10000)

Train Epoch: 28 [20000/60000 (33%)]	Loss: 0.130304
Train Epoch: 28 [40000/60000 (67%)]	Loss: 0.121577
Train Epoch: 28 [60000/60000 (100%)]	Loss: 0.134841

Average Training loss: 0.0007, Training Error Rate: 11.77% (7063/60000)


Average Test loss: 0.0001, Test Error Rate: 11.32% (1132/10000)

Train Epoch: 29 [20000/60000 (33%)]	Loss: 0.136848
Train Epoch: 29 [40000/60000 (67%)]	Loss: 0.135575
Train Epoch: 29 [60000/60000 (100%)]	Loss: 0.131067

Average Training loss: 0.0006, Training Error Rate: 11.81% (7084/60000)


Average Test loss: 0.0001, Test Error Rate: 11.02% (1102/10000)

Train Epoch: 30 [20000/60000 (33%)]	Loss: 0.137784
Train Epoch: 30 [40000/60000 (67%)]	Loss: 0.146107
Train Epoch: 30 [60000/60000 (100%)]	Loss: 0.148850

Average Training loss: 0.0007, Training Error Rate: 12.30% (7378/60000)


Average Test loss: 0.0001, Test Error Rate: 11.11% (1111/10000)

Train Epoch: 31 [20000/60000 (33%)]	Loss: 0.138940
Train Epoch: 31 [40000/60000 (67%)]	Loss: 0.116879
Train Epoch: 31 [60000/60000 (100%)]	Loss: 0.114616

Average Training loss: 0.0006, Training Error Rate: 11.54% (6924/60000)


Average Test loss: 0.0001, Test Error Rate: 11.22% (1122/10000)

Train Epoch: 32 [20000/60000 (33%)]	Loss: 0.105690
Train Epoch: 32 [40000/60000 (67%)]	Loss: 0.125947
Train Epoch: 32 [60000/60000 (100%)]	Loss: 0.109155

Average Training loss: 0.0006, Training Error Rate: 11.40% (6838/60000)


Average Test loss: 0.0001, Test Error Rate: 10.81% (1081/10000)

Train Epoch: 33 [20000/60000 (33%)]	Loss: 0.130576
Train Epoch: 33 [40000/60000 (67%)]	Loss: 0.108617
Train Epoch: 33 [60000/60000 (100%)]	Loss: 0.123017

Average Training loss: 0.0006, Training Error Rate: 11.38% (6831/60000)


Average Test loss: 0.0001, Test Error Rate: 10.57% (1057/10000)

Train Epoch: 34 [20000/60000 (33%)]	Loss: 0.096241
Train Epoch: 34 [40000/60000 (67%)]	Loss: 0.130120
Train Epoch: 34 [60000/60000 (100%)]	Loss: 0.119517

Average Training loss: 0.0006, Training Error Rate: 11.19% (6716/60000)


Average Test loss: 0.0001, Test Error Rate: 11.01% (1101/10000)

Train Epoch: 35 [20000/60000 (33%)]	Loss: 0.107155
Train Epoch: 35 [40000/60000 (67%)]	Loss: 0.123300
Train Epoch: 35 [60000/60000 (100%)]	Loss: 0.110984

Average Training loss: 0.0006, Training Error Rate: 11.32% (6795/60000)


Average Test loss: 0.0001, Test Error Rate: 10.59% (1059/10000)

Train Epoch: 36 [20000/60000 (33%)]	Loss: 0.108025
Train Epoch: 36 [40000/60000 (67%)]	Loss: 0.111422
Train Epoch: 36 [60000/60000 (100%)]	Loss: 0.114105

Average Training loss: 0.0006, Training Error Rate: 11.42% (6854/60000)


Average Test loss: 0.0001, Test Error Rate: 10.83% (1083/10000)

Train Epoch: 37 [20000/60000 (33%)]	Loss: 0.119812
Train Epoch: 37 [40000/60000 (67%)]	Loss: 0.102500
Train Epoch: 37 [60000/60000 (100%)]	Loss: 0.126275

Average Training loss: 0.0006, Training Error Rate: 11.56% (6937/60000)


Average Test loss: 0.0001, Test Error Rate: 11.16% (1116/10000)

Train Epoch: 38 [20000/60000 (33%)]	Loss: 0.127928
Train Epoch: 38 [40000/60000 (67%)]	Loss: 0.102026
Train Epoch: 38 [60000/60000 (100%)]	Loss: 0.136368

Average Training loss: 0.0006, Training Error Rate: 11.50% (6901/60000)


Average Test loss: 0.0001, Test Error Rate: 11.14% (1114/10000)

Train Epoch: 39 [20000/60000 (33%)]	Loss: 0.125082
Train Epoch: 39 [40000/60000 (67%)]	Loss: 0.113814
Train Epoch: 39 [60000/60000 (100%)]	Loss: 0.132839

Average Training loss: 0.0006, Training Error Rate: 11.00% (6599/60000)


Average Test loss: 0.0001, Test Error Rate: 10.94% (1094/10000)

Train Epoch: 40 [20000/60000 (33%)]	Loss: 0.118514
Train Epoch: 40 [40000/60000 (67%)]	Loss: 0.113597
Train Epoch: 40 [60000/60000 (100%)]	Loss: 0.124648

Average Training loss: 0.0006, Training Error Rate: 11.18% (6708/60000)


Average Test loss: 0.0001, Test Error Rate: 10.24% (1024/10000)

Train Epoch: 41 [20000/60000 (33%)]	Loss: 0.099319
Train Epoch: 41 [40000/60000 (67%)]	Loss: 0.113207
Train Epoch: 41 [60000/60000 (100%)]	Loss: 0.131376

Average Training loss: 0.0006, Training Error Rate: 11.14% (6685/60000)


Average Test loss: 0.0001, Test Error Rate: 10.65% (1065/10000)

Train Epoch: 42 [20000/60000 (33%)]	Loss: 0.113224
Train Epoch: 42 [40000/60000 (67%)]	Loss: 0.136853
Train Epoch: 42 [60000/60000 (100%)]	Loss: 0.116741

Average Training loss: 0.0006, Training Error Rate: 10.88% (6528/60000)


Average Test loss: 0.0001, Test Error Rate: 10.29% (1029/10000)

Train Epoch: 43 [20000/60000 (33%)]	Loss: 0.125318
Train Epoch: 43 [40000/60000 (67%)]	Loss: 0.120102
Train Epoch: 43 [60000/60000 (100%)]	Loss: 0.097429

Average Training loss: 0.0006, Training Error Rate: 10.81% (6488/60000)


Average Test loss: 0.0001, Test Error Rate: 9.94% (994/10000)

Train Epoch: 44 [20000/60000 (33%)]	Loss: 0.096388
Train Epoch: 44 [40000/60000 (67%)]	Loss: 0.129699
Train Epoch: 44 [60000/60000 (100%)]	Loss: 0.118861

Average Training loss: 0.0005, Training Error Rate: 10.48% (6290/60000)


Average Test loss: 0.0001, Test Error Rate: 10.08% (1008/10000)

Train Epoch: 45 [20000/60000 (33%)]	Loss: 0.112691
Train Epoch: 45 [40000/60000 (67%)]	Loss: 0.101679
Train Epoch: 45 [60000/60000 (100%)]	Loss: 0.106354

Average Training loss: 0.0006, Training Error Rate: 10.58% (6346/60000)


Average Test loss: 0.0001, Test Error Rate: 10.04% (1004/10000)

Train Epoch: 46 [20000/60000 (33%)]	Loss: 0.116034
Train Epoch: 46 [40000/60000 (67%)]	Loss: 0.128797
Train Epoch: 46 [60000/60000 (100%)]	Loss: 0.098946

Average Training loss: 0.0006, Training Error Rate: 10.54% (6325/60000)


Average Test loss: 0.0001, Test Error Rate: 9.83% (983/10000)

Train Epoch: 47 [20000/60000 (33%)]	Loss: 0.110645
Train Epoch: 47 [40000/60000 (67%)]	Loss: 0.119363
Train Epoch: 47 [60000/60000 (100%)]	Loss: 0.126118

Average Training loss: 0.0006, Training Error Rate: 10.31% (6185/60000)


Average Test loss: 0.0001, Test Error Rate: 9.89% (989/10000)

Train Epoch: 48 [20000/60000 (33%)]	Loss: 0.113252
Train Epoch: 48 [40000/60000 (67%)]	Loss: 0.101046
Train Epoch: 48 [60000/60000 (100%)]	Loss: 0.108645

Average Training loss: 0.0005, Training Error Rate: 10.14% (6086/60000)


Average Test loss: 0.0001, Test Error Rate: 9.92% (992/10000)

Train Epoch: 49 [20000/60000 (33%)]	Loss: 0.108831
Train Epoch: 49 [40000/60000 (67%)]	Loss: 0.102196
Train Epoch: 49 [60000/60000 (100%)]	Loss: 0.103865

Average Training loss: 0.0005, Training Error Rate: 10.08% (6046/60000)


Average Test loss: 0.0001, Test Error Rate: 9.66% (966/10000)

Train Epoch: 50 [20000/60000 (33%)]	Loss: 0.109341
Train Epoch: 50 [40000/60000 (67%)]	Loss: 0.122462
Train Epoch: 50 [60000/60000 (100%)]	Loss: 0.112458

Average Training loss: 0.0005, Training Error Rate: 10.10% (6058/60000)


Average Test loss: 0.0001, Test Error Rate: 9.69% (969/10000)

Train Epoch: 51 [20000/60000 (33%)]	Loss: 0.117681
Train Epoch: 51 [40000/60000 (67%)]	Loss: 0.121639
Train Epoch: 51 [60000/60000 (100%)]	Loss: 0.094754

Average Training loss: 0.0005, Training Error Rate: 10.31% (6188/60000)


Average Test loss: 0.0001, Test Error Rate: 9.46% (946/10000)

Train Epoch: 52 [20000/60000 (33%)]	Loss: 0.102226
Train Epoch: 52 [40000/60000 (67%)]	Loss: 0.118895
Train Epoch: 52 [60000/60000 (100%)]	Loss: 0.123417

Average Training loss: 0.0005, Training Error Rate: 10.12% (6069/60000)


Average Test loss: 0.0001, Test Error Rate: 8.98% (898/10000)

Train Epoch: 53 [20000/60000 (33%)]	Loss: 0.106249
Train Epoch: 53 [40000/60000 (67%)]	Loss: 0.099051
Train Epoch: 53 [60000/60000 (100%)]	Loss: 0.118189

Average Training loss: 0.0005, Training Error Rate: 10.00% (6001/60000)


Average Test loss: 0.0001, Test Error Rate: 9.27% (927/10000)

Train Epoch: 54 [20000/60000 (33%)]	Loss: 0.100679
Train Epoch: 54 [40000/60000 (67%)]	Loss: 0.109319
Train Epoch: 54 [60000/60000 (100%)]	Loss: 0.092622

Average Training loss: 0.0005, Training Error Rate: 10.06% (6036/60000)


Average Test loss: 0.0001, Test Error Rate: 9.53% (953/10000)

Train Epoch: 55 [20000/60000 (33%)]	Loss: 0.093552
Train Epoch: 55 [40000/60000 (67%)]	Loss: 0.097681
Train Epoch: 55 [60000/60000 (100%)]	Loss: 0.110213

Average Training loss: 0.0005, Training Error Rate: 10.01% (6006/60000)


Average Test loss: 0.0001, Test Error Rate: 9.67% (967/10000)

Train Epoch: 56 [20000/60000 (33%)]	Loss: 0.110763
Train Epoch: 56 [40000/60000 (67%)]	Loss: 0.109183
Train Epoch: 56 [60000/60000 (100%)]	Loss: 0.100821

Average Training loss: 0.0005, Training Error Rate: 10.38% (6227/60000)


Average Test loss: 0.0001, Test Error Rate: 9.68% (968/10000)

Train Epoch: 57 [20000/60000 (33%)]	Loss: 0.105304
Train Epoch: 57 [40000/60000 (67%)]	Loss: 0.113748
Train Epoch: 57 [60000/60000 (100%)]	Loss: 0.106591

Average Training loss: 0.0005, Training Error Rate: 10.20% (6117/60000)


Average Test loss: 0.0001, Test Error Rate: 9.49% (949/10000)

Train Epoch: 58 [20000/60000 (33%)]	Loss: 0.116439
Train Epoch: 58 [40000/60000 (67%)]	Loss: 0.090993
Train Epoch: 58 [60000/60000 (100%)]	Loss: 0.092660

Average Training loss: 0.0005, Training Error Rate: 9.91% (5948/60000)


Average Test loss: 0.0001, Test Error Rate: 9.42% (942/10000)

Train Epoch: 59 [20000/60000 (33%)]	Loss: 0.110082
Train Epoch: 59 [40000/60000 (67%)]	Loss: 0.102512
Train Epoch: 59 [60000/60000 (100%)]	Loss: 0.107411

Average Training loss: 0.0005, Training Error Rate: 9.87% (5919/60000)


Average Test loss: 0.0001, Test Error Rate: 9.67% (967/10000)

Train Epoch: 60 [20000/60000 (33%)]	Loss: 0.089319
Train Epoch: 60 [40000/60000 (67%)]	Loss: 0.116605
Train Epoch: 60 [60000/60000 (100%)]	Loss: 0.090009

Average Training loss: 0.0005, Training Error Rate: 9.98% (5991/60000)


Average Test loss: 0.0001, Test Error Rate: 9.46% (946/10000)

Train Epoch: 61 [20000/60000 (33%)]	Loss: 0.096752
Train Epoch: 61 [40000/60000 (67%)]	Loss: 0.116251
Train Epoch: 61 [60000/60000 (100%)]	Loss: 0.097497

Average Training loss: 0.0005, Training Error Rate: 9.82% (5894/60000)


Average Test loss: 0.0001, Test Error Rate: 9.25% (925/10000)

Train Epoch: 62 [20000/60000 (33%)]	Loss: 0.111746
Train Epoch: 62 [40000/60000 (67%)]	Loss: 0.091268
Train Epoch: 62 [60000/60000 (100%)]	Loss: 0.136128

Average Training loss: 0.0005, Training Error Rate: 9.66% (5797/60000)


Average Test loss: 0.0001, Test Error Rate: 9.27% (927/10000)

Train Epoch: 63 [20000/60000 (33%)]	Loss: 0.102938
Train Epoch: 63 [40000/60000 (67%)]	Loss: 0.107781
Train Epoch: 63 [60000/60000 (100%)]	Loss: 0.116007

Average Training loss: 0.0005, Training Error Rate: 9.75% (5850/60000)


Average Test loss: 0.0001, Test Error Rate: 8.86% (886/10000)

Train Epoch: 64 [20000/60000 (33%)]	Loss: 0.097479
Train Epoch: 64 [40000/60000 (67%)]	Loss: 0.096384
Train Epoch: 64 [60000/60000 (100%)]	Loss: 0.111073

Average Training loss: 0.0005, Training Error Rate: 9.49% (5695/60000)


Average Test loss: 0.0001, Test Error Rate: 8.57% (857/10000)

Train Epoch: 65 [20000/60000 (33%)]	Loss: 0.105212
Train Epoch: 65 [40000/60000 (67%)]	Loss: 0.110018
Train Epoch: 65 [60000/60000 (100%)]	Loss: 0.096694

Average Training loss: 0.0005, Training Error Rate: 9.52% (5713/60000)


Average Test loss: 0.0001, Test Error Rate: 9.64% (964/10000)

Train Epoch: 66 [20000/60000 (33%)]	Loss: 0.095937
Train Epoch: 66 [40000/60000 (67%)]	Loss: 0.098717
Train Epoch: 66 [60000/60000 (100%)]	Loss: 0.095906

Average Training loss: 0.0005, Training Error Rate: 9.71% (5827/60000)


Average Test loss: 0.0001, Test Error Rate: 9.06% (906/10000)

Train Epoch: 67 [20000/60000 (33%)]	Loss: 0.110478
Train Epoch: 67 [40000/60000 (67%)]	Loss: 0.107091
Train Epoch: 67 [60000/60000 (100%)]	Loss: 0.101022

Average Training loss: 0.0005, Training Error Rate: 9.75% (5851/60000)


Average Test loss: 0.0001, Test Error Rate: 9.30% (930/10000)

Train Epoch: 68 [20000/60000 (33%)]	Loss: 0.101720
Train Epoch: 68 [40000/60000 (67%)]	Loss: 0.088652
Train Epoch: 68 [60000/60000 (100%)]	Loss: 0.106931

Average Training loss: 0.0005, Training Error Rate: 9.69% (5811/60000)


Average Test loss: 0.0001, Test Error Rate: 9.57% (957/10000)

Train Epoch: 69 [20000/60000 (33%)]	Loss: 0.125203
Train Epoch: 69 [40000/60000 (67%)]	Loss: 0.089102
Train Epoch: 69 [60000/60000 (100%)]	Loss: 0.104046

Average Training loss: 0.0005, Training Error Rate: 9.57% (5743/60000)


Average Test loss: 0.0001, Test Error Rate: 9.19% (919/10000)

Train Epoch: 70 [20000/60000 (33%)]	Loss: 0.105562
Train Epoch: 70 [40000/60000 (67%)]	Loss: 0.104314
Train Epoch: 70 [60000/60000 (100%)]	Loss: 0.104762

Average Training loss: 0.0005, Training Error Rate: 9.58% (5746/60000)


Average Test loss: 0.0001, Test Error Rate: 9.19% (919/10000)

Train Epoch: 71 [20000/60000 (33%)]	Loss: 0.088103
Train Epoch: 71 [40000/60000 (67%)]	Loss: 0.097024
Train Epoch: 71 [60000/60000 (100%)]	Loss: 0.091719

Average Training loss: 0.0005, Training Error Rate: 9.37% (5622/60000)


Average Test loss: 0.0001, Test Error Rate: 9.23% (923/10000)

Train Epoch: 72 [20000/60000 (33%)]	Loss: 0.093420
Train Epoch: 72 [40000/60000 (67%)]	Loss: 0.102873
Train Epoch: 72 [60000/60000 (100%)]	Loss: 0.084544

Average Training loss: 0.0005, Training Error Rate: 9.53% (5717/60000)


Average Test loss: 0.0001, Test Error Rate: 9.45% (945/10000)

Train Epoch: 73 [20000/60000 (33%)]	Loss: 0.107790
Train Epoch: 73 [40000/60000 (67%)]	Loss: 0.108966
Train Epoch: 73 [60000/60000 (100%)]	Loss: 0.102591

Average Training loss: 0.0005, Training Error Rate: 9.67% (5801/60000)


Average Test loss: 0.0001, Test Error Rate: 9.43% (943/10000)

Train Epoch: 74 [20000/60000 (33%)]	Loss: 0.115949
Train Epoch: 74 [40000/60000 (67%)]	Loss: 0.110952
Train Epoch: 74 [60000/60000 (100%)]	Loss: 0.077962

Average Training loss: 0.0005, Training Error Rate: 9.68% (5807/60000)


Average Test loss: 0.0001, Test Error Rate: 9.46% (946/10000)

Train Epoch: 75 [20000/60000 (33%)]	Loss: 0.095553
Train Epoch: 75 [40000/60000 (67%)]	Loss: 0.096715
Train Epoch: 75 [60000/60000 (100%)]	Loss: 0.106472

Average Training loss: 0.0005, Training Error Rate: 9.39% (5636/60000)


Average Test loss: 0.0001, Test Error Rate: 9.55% (955/10000)

Train Epoch: 76 [20000/60000 (33%)]	Loss: 0.096163
Train Epoch: 76 [40000/60000 (67%)]	Loss: 0.095141
Train Epoch: 76 [60000/60000 (100%)]	Loss: 0.098157

Average Training loss: 0.0005, Training Error Rate: 9.56% (5739/60000)


Average Test loss: 0.0001, Test Error Rate: 9.15% (915/10000)

Train Epoch: 77 [20000/60000 (33%)]	Loss: 0.093744
Train Epoch: 77 [40000/60000 (67%)]	Loss: 0.109743
Train Epoch: 77 [60000/60000 (100%)]	Loss: 0.096063

Average Training loss: 0.0005, Training Error Rate: 9.46% (5676/60000)


Average Test loss: 0.0001, Test Error Rate: 8.83% (883/10000)

Train Epoch: 78 [20000/60000 (33%)]	Loss: 0.105709
Train Epoch: 78 [40000/60000 (67%)]	Loss: 0.084586
Train Epoch: 78 [60000/60000 (100%)]	Loss: 0.100100

Average Training loss: 0.0005, Training Error Rate: 9.29% (5573/60000)


Average Test loss: 0.0001, Test Error Rate: 8.89% (889/10000)

Train Epoch: 79 [20000/60000 (33%)]	Loss: 0.095983
Train Epoch: 79 [40000/60000 (67%)]	Loss: 0.106885
Train Epoch: 79 [60000/60000 (100%)]	Loss: 0.106735

Average Training loss: 0.0005, Training Error Rate: 9.38% (5627/60000)


Average Test loss: 0.0001, Test Error Rate: 8.78% (878/10000)

Train Epoch: 80 [20000/60000 (33%)]	Loss: 0.119895
Train Epoch: 80 [40000/60000 (67%)]	Loss: 0.102147
Train Epoch: 80 [60000/60000 (100%)]	Loss: 0.082867

Average Training loss: 0.0005, Training Error Rate: 9.44% (5662/60000)


Average Test loss: 0.0001, Test Error Rate: 8.94% (894/10000)

Train Epoch: 81 [20000/60000 (33%)]	Loss: 0.080355
Train Epoch: 81 [40000/60000 (67%)]	Loss: 0.095753
Train Epoch: 81 [60000/60000 (100%)]	Loss: 0.112561

Average Training loss: 0.0005, Training Error Rate: 9.52% (5713/60000)


Average Test loss: 0.0001, Test Error Rate: 8.99% (899/10000)

Train Epoch: 82 [20000/60000 (33%)]	Loss: 0.095557
Train Epoch: 82 [40000/60000 (67%)]	Loss: 0.105816
Train Epoch: 82 [60000/60000 (100%)]	Loss: 0.100059

Average Training loss: 0.0005, Training Error Rate: 9.39% (5636/60000)


Average Test loss: 0.0001, Test Error Rate: 8.95% (895/10000)

Train Epoch: 83 [20000/60000 (33%)]	Loss: 0.088876
Train Epoch: 83 [40000/60000 (67%)]	Loss: 0.083587
Train Epoch: 83 [60000/60000 (100%)]	Loss: 0.117049

Average Training loss: 0.0005, Training Error Rate: 9.31% (5588/60000)


Average Test loss: 0.0001, Test Error Rate: 8.74% (874/10000)

Train Epoch: 84 [20000/60000 (33%)]	Loss: 0.094684
Train Epoch: 84 [40000/60000 (67%)]	Loss: 0.096010
Train Epoch: 84 [60000/60000 (100%)]	Loss: 0.092195

Average Training loss: 0.0005, Training Error Rate: 9.27% (5564/60000)


Average Test loss: 0.0001, Test Error Rate: 8.96% (896/10000)

Train Epoch: 85 [20000/60000 (33%)]	Loss: 0.105378
Train Epoch: 85 [40000/60000 (67%)]	Loss: 0.089133
Train Epoch: 85 [60000/60000 (100%)]	Loss: 0.091144

Average Training loss: 0.0005, Training Error Rate: 9.38% (5625/60000)


Average Test loss: 0.0001, Test Error Rate: 8.91% (891/10000)

Train Epoch: 86 [20000/60000 (33%)]	Loss: 0.097112
Train Epoch: 86 [40000/60000 (67%)]	Loss: 0.096842
Train Epoch: 86 [60000/60000 (100%)]	Loss: 0.104776

Average Training loss: 0.0005, Training Error Rate: 9.38% (5630/60000)


Average Test loss: 0.0001, Test Error Rate: 8.92% (892/10000)

Train Epoch: 87 [20000/60000 (33%)]	Loss: 0.088403
Train Epoch: 87 [40000/60000 (67%)]	Loss: 0.093187
Train Epoch: 87 [60000/60000 (100%)]	Loss: 0.088269

Average Training loss: 0.0005, Training Error Rate: 9.23% (5537/60000)


Average Test loss: 0.0001, Test Error Rate: 8.91% (891/10000)

Train Epoch: 88 [20000/60000 (33%)]	Loss: 0.086307
Train Epoch: 88 [40000/60000 (67%)]	Loss: 0.068703
Train Epoch: 88 [60000/60000 (100%)]	Loss: 0.102684

Average Training loss: 0.0005, Training Error Rate: 9.17% (5504/60000)


Average Test loss: 0.0001, Test Error Rate: 8.97% (897/10000)

Train Epoch: 89 [20000/60000 (33%)]	Loss: 0.108366
Train Epoch: 89 [40000/60000 (67%)]	Loss: 0.076891
Train Epoch: 89 [60000/60000 (100%)]	Loss: 0.093794

Average Training loss: 0.0005, Training Error Rate: 9.19% (5513/60000)


Average Test loss: 0.0001, Test Error Rate: 8.97% (897/10000)

Train Epoch: 90 [20000/60000 (33%)]	Loss: 0.098053
Train Epoch: 90 [40000/60000 (67%)]	Loss: 0.102113
Train Epoch: 90 [60000/60000 (100%)]	Loss: 0.094263

Average Training loss: 0.0005, Training Error Rate: 9.23% (5541/60000)


Average Test loss: 0.0001, Test Error Rate: 9.13% (913/10000)

Train Epoch: 91 [20000/60000 (33%)]	Loss: 0.081892
Train Epoch: 91 [40000/60000 (67%)]	Loss: 0.087104
Train Epoch: 91 [60000/60000 (100%)]	Loss: 0.091451

Average Training loss: 0.0005, Training Error Rate: 9.10% (5461/60000)


Average Test loss: 0.0001, Test Error Rate: 8.89% (889/10000)

Train Epoch: 92 [20000/60000 (33%)]	Loss: 0.098858
Train Epoch: 92 [40000/60000 (67%)]	Loss: 0.077040
Train Epoch: 92 [60000/60000 (100%)]	Loss: 0.095018

Average Training loss: 0.0005, Training Error Rate: 9.14% (5487/60000)


Average Test loss: 0.0001, Test Error Rate: 8.97% (897/10000)

Train Epoch: 93 [20000/60000 (33%)]	Loss: 0.090702
Train Epoch: 93 [40000/60000 (67%)]	Loss: 0.086030
Train Epoch: 93 [60000/60000 (100%)]	Loss: 0.089398

Average Training loss: 0.0005, Training Error Rate: 9.07% (5445/60000)


Average Test loss: 0.0001, Test Error Rate: 9.53% (953/10000)

Train Epoch: 94 [20000/60000 (33%)]	Loss: 0.089849
Train Epoch: 94 [40000/60000 (67%)]	Loss: 0.091921
Train Epoch: 94 [60000/60000 (100%)]	Loss: 0.095599

Average Training loss: 0.0005, Training Error Rate: 9.12% (5475/60000)


Average Test loss: 0.0001, Test Error Rate: 8.78% (878/10000)

Train Epoch: 95 [20000/60000 (33%)]	Loss: 0.100994
Train Epoch: 95 [40000/60000 (67%)]	Loss: 0.091165
Train Epoch: 95 [60000/60000 (100%)]	Loss: 0.082719

Average Training loss: 0.0005, Training Error Rate: 9.29% (5572/60000)


Average Test loss: 0.0001, Test Error Rate: 9.10% (910/10000)

Train Epoch: 96 [20000/60000 (33%)]	Loss: 0.092274
Train Epoch: 96 [40000/60000 (67%)]	Loss: 0.087559
Train Epoch: 96 [60000/60000 (100%)]	Loss: 0.104452

Average Training loss: 0.0005, Training Error Rate: 9.06% (5437/60000)


Average Test loss: 0.0001, Test Error Rate: 9.18% (918/10000)

Train Epoch: 97 [20000/60000 (33%)]	Loss: 0.114813
Train Epoch: 97 [40000/60000 (67%)]	Loss: 0.089863
Train Epoch: 97 [60000/60000 (100%)]	Loss: 0.097398

Average Training loss: 0.0005, Training Error Rate: 9.24% (5543/60000)


Average Test loss: 0.0001, Test Error Rate: 8.95% (895/10000)

Train Epoch: 98 [20000/60000 (33%)]	Loss: 0.094566
Train Epoch: 98 [40000/60000 (67%)]	Loss: 0.082946
Train Epoch: 98 [60000/60000 (100%)]	Loss: 0.074264

Average Training loss: 0.0005, Training Error Rate: 9.25% (5550/60000)


Average Test loss: 0.0001, Test Error Rate: 8.95% (895/10000)

Train Epoch: 99 [20000/60000 (33%)]	Loss: 0.085240
Train Epoch: 99 [40000/60000 (67%)]	Loss: 0.104509
Train Epoch: 99 [60000/60000 (100%)]	Loss: 0.092282

Average Training loss: 0.0005, Training Error Rate: 9.20% (5522/60000)


Average Test loss: 0.0001, Test Error Rate: 8.83% (883/10000)

/vast/home/ajherman/miniconda3/envs/pytorch/lib/python3.11/site-packages/torchvision/io/image.py:13: UserWarning: Failed to load image Python extension: '/vast/home/ajherman/miniconda3/envs/pytorch/lib/python3.11/site-packages/torchvision/image.so: undefined symbol: _ZN5torch3jit17parseSchemaOrNameERKNSt7__cxx1112basic_stringIcSt11char_traitsIcESaIcEEE'If you don't plan on using image functionality from `torchvision.io`, you can ignore this warning. Otherwise, there might be something wrong with your environment. Did you have `libjpeg` or `libpng` installed before building `torchvision` from source?
  warn(
Random seed set as 42
dt =  0.3934693402873666
trace decay =  0.8187307530779818
Random seed set as 42
Random seed set as 42
dt =  0.3934693402873666
trace decay =  0.8187307530779818
Random seed set as 42
/vast/home/ajherman/miniconda3/envs/pytorch/lib/python3.11/site-packages/torchvision/io/image.py:13: UserWarning: Failed to load image Python extension: '/vast/home/ajherman/miniconda3/envs/pytorch/lib/python3.11/site-packages/torchvision/image.so: undefined symbol: _ZN5torch3jit17parseSchemaOrNameERKNSt7__cxx1112basic_stringIcSt11char_traitsIcESaIcEEE'If you don't plan on using image functionality from `torchvision.io`, you can ignore this warning. Otherwise, there might be something wrong with your environment. Did you have `libjpeg` or `libpng` installed before building `torchvision` from source?
  warn(
Random seed set as 42
dt =  0.3934693402873666
trace decay =  0.8187307530779818
Random seed set as 42
Random seed set as 42
dt =  0.3934693402873666
trace decay =  0.8187307530779818
Random seed set as 42
Train Epoch: 100 [20000/60000 (33%)]	Loss: 0.088841
Train Epoch: 100 [40000/60000 (67%)]	Loss: 0.096226
Train Epoch: 100 [60000/60000 (100%)]	Loss: 0.087566

Average Training loss: 0.0005, Training Error Rate: 9.16% (5497/60000)


Average Test loss: 0.0001, Test Error Rate: 8.50% (850/10000)

Train Epoch: 101 [20000/60000 (33%)]	Loss: 0.095310
Train Epoch: 101 [40000/60000 (67%)]	Loss: 0.103489
Train Epoch: 101 [60000/60000 (100%)]	Loss: 0.070235

Average Training loss: 0.0005, Training Error Rate: 9.01% (5405/60000)


Average Test loss: 0.0001, Test Error Rate: 8.97% (897/10000)

Train Epoch: 102 [20000/60000 (33%)]	Loss: 0.095947
Train Epoch: 102 [40000/60000 (67%)]	Loss: 0.077166
Train Epoch: 102 [60000/60000 (100%)]	Loss: 0.095152

Average Training loss: 0.0004, Training Error Rate: 9.10% (5461/60000)


Average Test loss: 0.0001, Test Error Rate: 8.72% (872/10000)

Train Epoch: 103 [20000/60000 (33%)]	Loss: 0.084397
Train Epoch: 103 [40000/60000 (67%)]	Loss: 0.074770
Train Epoch: 103 [60000/60000 (100%)]	Loss: 0.085027

Average Training loss: 0.0004, Training Error Rate: 9.03% (5420/60000)


Average Test loss: 0.0001, Test Error Rate: 8.80% (880/10000)

Train Epoch: 104 [20000/60000 (33%)]	Loss: 0.092646
Train Epoch: 104 [40000/60000 (67%)]	Loss: 0.078983
Train Epoch: 104 [60000/60000 (100%)]	Loss: 0.068691

Average Training loss: 0.0004, Training Error Rate: 9.02% (5410/60000)


Average Test loss: 0.0001, Test Error Rate: 8.48% (848/10000)

Train Epoch: 105 [20000/60000 (33%)]	Loss: 0.095574
Train Epoch: 105 [40000/60000 (67%)]	Loss: 0.095843
Train Epoch: 105 [60000/60000 (100%)]	Loss: 0.101415

Average Training loss: 0.0004, Training Error Rate: 9.00% (5402/60000)


Average Test loss: 0.0001, Test Error Rate: 8.82% (882/10000)

Train Epoch: 106 [20000/60000 (33%)]	Loss: 0.091001
Train Epoch: 106 [40000/60000 (67%)]	Loss: 0.081601
Train Epoch: 106 [60000/60000 (100%)]	Loss: 0.081941

Average Training loss: 0.0004, Training Error Rate: 8.93% (5357/60000)


Average Test loss: 0.0001, Test Error Rate: 8.74% (874/10000)

Train Epoch: 107 [20000/60000 (33%)]	Loss: 0.104850
Train Epoch: 107 [40000/60000 (67%)]	Loss: 0.080813
Train Epoch: 107 [60000/60000 (100%)]	Loss: 0.092174

Average Training loss: 0.0005, Training Error Rate: 8.94% (5366/60000)


Average Test loss: 0.0001, Test Error Rate: 8.82% (882/10000)

Train Epoch: 108 [20000/60000 (33%)]	Loss: 0.096151
Train Epoch: 108 [40000/60000 (67%)]	Loss: 0.087720
Train Epoch: 108 [60000/60000 (100%)]	Loss: 0.087405

Average Training loss: 0.0005, Training Error Rate: 8.98% (5391/60000)


Average Test loss: 0.0001, Test Error Rate: 8.86% (886/10000)

Train Epoch: 109 [20000/60000 (33%)]	Loss: 0.105255
Train Epoch: 109 [40000/60000 (67%)]	Loss: 0.088539
Train Epoch: 109 [60000/60000 (100%)]	Loss: 0.089334

Average Training loss: 0.0004, Training Error Rate: 8.93% (5359/60000)


Average Test loss: 0.0001, Test Error Rate: 8.59% (859/10000)

Train Epoch: 110 [20000/60000 (33%)]	Loss: 0.088038
Train Epoch: 110 [40000/60000 (67%)]	Loss: 0.093045
Train Epoch: 110 [60000/60000 (100%)]	Loss: 0.099250

Average Training loss: 0.0004, Training Error Rate: 8.68% (5208/60000)


Average Test loss: 0.0001, Test Error Rate: 8.18% (818/10000)

Train Epoch: 111 [20000/60000 (33%)]	Loss: 0.087734
Train Epoch: 111 [40000/60000 (67%)]	Loss: 0.083525
Train Epoch: 111 [60000/60000 (100%)]	Loss: 0.076876

Average Training loss: 0.0004, Training Error Rate: 8.71% (5224/60000)


Average Test loss: 0.0001, Test Error Rate: 8.31% (831/10000)

Train Epoch: 112 [20000/60000 (33%)]	Loss: 0.072062
Train Epoch: 112 [40000/60000 (67%)]	Loss: 0.099422
Train Epoch: 112 [60000/60000 (100%)]	Loss: 0.081340

Average Training loss: 0.0004, Training Error Rate: 8.78% (5268/60000)


Average Test loss: 0.0001, Test Error Rate: 8.76% (876/10000)

Train Epoch: 113 [20000/60000 (33%)]	Loss: 0.090491
Train Epoch: 113 [40000/60000 (67%)]	Loss: 0.086710
Train Epoch: 113 [60000/60000 (100%)]	Loss: 0.094441

Average Training loss: 0.0004, Training Error Rate: 8.90% (5343/60000)


Average Test loss: 0.0001, Test Error Rate: 8.45% (845/10000)

Train Epoch: 114 [20000/60000 (33%)]	Loss: 0.081304
Train Epoch: 114 [40000/60000 (67%)]	Loss: 0.096805
Train Epoch: 114 [60000/60000 (100%)]	Loss: 0.090784

Average Training loss: 0.0005, Training Error Rate: 8.73% (5239/60000)


Average Test loss: 0.0001, Test Error Rate: 8.32% (832/10000)

Train Epoch: 115 [20000/60000 (33%)]	Loss: 0.093030
Train Epoch: 115 [40000/60000 (67%)]	Loss: 0.090768
Train Epoch: 115 [60000/60000 (100%)]	Loss: 0.088879

Average Training loss: 0.0005, Training Error Rate: 8.94% (5364/60000)


Average Test loss: 0.0001, Test Error Rate: 8.46% (846/10000)

Train Epoch: 116 [20000/60000 (33%)]	Loss: 0.083435
Train Epoch: 116 [40000/60000 (67%)]	Loss: 0.087558
Train Epoch: 116 [60000/60000 (100%)]	Loss: 0.082639

Average Training loss: 0.0005, Training Error Rate: 8.76% (5254/60000)


Average Test loss: 0.0001, Test Error Rate: 8.55% (855/10000)

Train Epoch: 117 [20000/60000 (33%)]	Loss: 0.090276
Train Epoch: 117 [40000/60000 (67%)]	Loss: 0.085352
Train Epoch: 117 [60000/60000 (100%)]	Loss: 0.093391

Average Training loss: 0.0004, Training Error Rate: 8.68% (5207/60000)


Average Test loss: 0.0001, Test Error Rate: 8.52% (852/10000)

Train Epoch: 118 [20000/60000 (33%)]	Loss: 0.090235
Train Epoch: 118 [40000/60000 (67%)]	Loss: 0.073213
Train Epoch: 118 [60000/60000 (100%)]	Loss: 0.092616

Average Training loss: 0.0004, Training Error Rate: 8.77% (5259/60000)


Average Test loss: 0.0001, Test Error Rate: 8.47% (847/10000)

Train Epoch: 119 [20000/60000 (33%)]	Loss: 0.089558
Train Epoch: 119 [40000/60000 (67%)]	Loss: 0.088348
Train Epoch: 119 [60000/60000 (100%)]	Loss: 0.093605

Average Training loss: 0.0004, Training Error Rate: 8.68% (5206/60000)


Average Test loss: 0.0001, Test Error Rate: 8.67% (867/10000)

Train Epoch: 120 [20000/60000 (33%)]	Loss: 0.095149
Train Epoch: 120 [40000/60000 (67%)]	Loss: 0.094527
Train Epoch: 120 [60000/60000 (100%)]	Loss: 0.084593

Average Training loss: 0.0004, Training Error Rate: 8.69% (5211/60000)


Average Test loss: 0.0001, Test Error Rate: 8.58% (858/10000)

Train Epoch: 121 [20000/60000 (33%)]	Loss: 0.070510
Train Epoch: 121 [40000/60000 (67%)]	Loss: 0.109144
Train Epoch: 121 [60000/60000 (100%)]	Loss: 0.095871

Average Training loss: 0.0004, Training Error Rate: 9.12% (5473/60000)


Average Test loss: 0.0001, Test Error Rate: 8.42% (842/10000)

Train Epoch: 122 [20000/60000 (33%)]	Loss: 0.097417
Train Epoch: 122 [40000/60000 (67%)]	Loss: 0.102376
Train Epoch: 122 [60000/60000 (100%)]	Loss: 0.081244

Average Training loss: 0.0004, Training Error Rate: 8.72% (5234/60000)


Average Test loss: 0.0001, Test Error Rate: 8.22% (822/10000)

Train Epoch: 123 [20000/60000 (33%)]	Loss: 0.098945
Train Epoch: 123 [40000/60000 (67%)]	Loss: 0.085964
Train Epoch: 123 [60000/60000 (100%)]	Loss: 0.079335

Average Training loss: 0.0004, Training Error Rate: 8.65% (5189/60000)


Average Test loss: 0.0001, Test Error Rate: 8.29% (829/10000)

Train Epoch: 124 [20000/60000 (33%)]	Loss: 0.096991
Train Epoch: 124 [40000/60000 (67%)]	Loss: 0.083162
Train Epoch: 124 [60000/60000 (100%)]	Loss: 0.076110

Average Training loss: 0.0004, Training Error Rate: 8.57% (5143/60000)


Average Test loss: 0.0001, Test Error Rate: 8.09% (809/10000)

Train Epoch: 125 [20000/60000 (33%)]	Loss: 0.091862
Train Epoch: 125 [40000/60000 (67%)]	Loss: 0.088396
Train Epoch: 125 [60000/60000 (100%)]	Loss: 0.076057

Average Training loss: 0.0004, Training Error Rate: 8.37% (5021/60000)


Average Test loss: 0.0001, Test Error Rate: 7.98% (798/10000)

Train Epoch: 126 [20000/60000 (33%)]	Loss: 0.091803
Train Epoch: 126 [40000/60000 (67%)]	Loss: 0.086820
Train Epoch: 126 [60000/60000 (100%)]	Loss: 0.068244

Average Training loss: 0.0004, Training Error Rate: 8.41% (5049/60000)


Average Test loss: 0.0001, Test Error Rate: 8.22% (822/10000)

Train Epoch: 127 [20000/60000 (33%)]	Loss: 0.086714
Train Epoch: 127 [40000/60000 (67%)]	Loss: 0.079525
Train Epoch: 127 [60000/60000 (100%)]	Loss: 0.091421

Average Training loss: 0.0004, Training Error Rate: 8.39% (5034/60000)


Average Test loss: 0.0001, Test Error Rate: 7.92% (792/10000)

Train Epoch: 128 [20000/60000 (33%)]	Loss: 0.084942
Train Epoch: 128 [40000/60000 (67%)]	Loss: 0.094654
Train Epoch: 128 [60000/60000 (100%)]	Loss: 0.097179

Average Training loss: 0.0004, Training Error Rate: 8.21% (4929/60000)


Average Test loss: 0.0001, Test Error Rate: 8.13% (813/10000)

Train Epoch: 129 [20000/60000 (33%)]	Loss: 0.090100
Train Epoch: 129 [40000/60000 (67%)]	Loss: 0.098733
Train Epoch: 129 [60000/60000 (100%)]	Loss: 0.071546

Average Training loss: 0.0004, Training Error Rate: 8.31% (4984/60000)


Average Test loss: 0.0001, Test Error Rate: 8.25% (825/10000)

Train Epoch: 130 [20000/60000 (33%)]	Loss: 0.084423
Train Epoch: 130 [40000/60000 (67%)]	Loss: 0.083504
Train Epoch: 130 [60000/60000 (100%)]	Loss: 0.077128

Average Training loss: 0.0004, Training Error Rate: 8.42% (5050/60000)


Average Test loss: 0.0001, Test Error Rate: 8.23% (823/10000)

Train Epoch: 131 [20000/60000 (33%)]	Loss: 0.075784
Train Epoch: 131 [40000/60000 (67%)]	Loss: 0.086977
Train Epoch: 131 [60000/60000 (100%)]	Loss: 0.082958

Average Training loss: 0.0004, Training Error Rate: 8.46% (5079/60000)


Average Test loss: 0.0001, Test Error Rate: 8.01% (801/10000)

Train Epoch: 132 [20000/60000 (33%)]	Loss: 0.076745
Train Epoch: 132 [40000/60000 (67%)]	Loss: 0.082288
Train Epoch: 132 [60000/60000 (100%)]	Loss: 0.095248

Average Training loss: 0.0004, Training Error Rate: 8.28% (4969/60000)


Average Test loss: 0.0001, Test Error Rate: 7.93% (793/10000)

Train Epoch: 133 [20000/60000 (33%)]	Loss: 0.078086
Train Epoch: 133 [40000/60000 (67%)]	Loss: 0.085547
Train Epoch: 133 [60000/60000 (100%)]	Loss: 0.092199

Average Training loss: 0.0004, Training Error Rate: 8.24% (4946/60000)


Average Test loss: 0.0001, Test Error Rate: 8.04% (804/10000)

Train Epoch: 134 [20000/60000 (33%)]	Loss: 0.096406
Train Epoch: 134 [40000/60000 (67%)]	Loss: 0.079913
Train Epoch: 134 [60000/60000 (100%)]	Loss: 0.077585

Average Training loss: 0.0004, Training Error Rate: 8.44% (5062/60000)


Average Test loss: 0.0001, Test Error Rate: 8.05% (805/10000)

Train Epoch: 135 [20000/60000 (33%)]	Loss: 0.102597
Train Epoch: 135 [40000/60000 (67%)]	Loss: 0.067284
Train Epoch: 135 [60000/60000 (100%)]	Loss: 0.096938

Average Training loss: 0.0004, Training Error Rate: 8.33% (4996/60000)


Average Test loss: 0.0001, Test Error Rate: 8.14% (814/10000)

Train Epoch: 136 [20000/60000 (33%)]	Loss: 0.088393
Train Epoch: 136 [40000/60000 (67%)]	Loss: 0.098696
Train Epoch: 136 [60000/60000 (100%)]	Loss: 0.093879

Average Training loss: 0.0004, Training Error Rate: 8.48% (5089/60000)


Average Test loss: 0.0001, Test Error Rate: 7.82% (782/10000)

Train Epoch: 137 [20000/60000 (33%)]	Loss: 0.073318
Train Epoch: 137 [40000/60000 (67%)]	Loss: 0.090655
Train Epoch: 137 [60000/60000 (100%)]	Loss: 0.092758

Average Training loss: 0.0004, Training Error Rate: 8.60% (5160/60000)


Average Test loss: 0.0001, Test Error Rate: 8.37% (837/10000)

Train Epoch: 138 [20000/60000 (33%)]	Loss: 0.084478
Train Epoch: 138 [40000/60000 (67%)]	Loss: 0.088414
Train Epoch: 138 [60000/60000 (100%)]	Loss: 0.075057

Average Training loss: 0.0004, Training Error Rate: 8.59% (5151/60000)


Average Test loss: 0.0001, Test Error Rate: 8.34% (834/10000)

Train Epoch: 139 [20000/60000 (33%)]	Loss: 0.081988
Train Epoch: 139 [40000/60000 (67%)]	Loss: 0.073280
Train Epoch: 139 [60000/60000 (100%)]	Loss: 0.077698

Average Training loss: 0.0004, Training Error Rate: 8.67% (5201/60000)


Average Test loss: 0.0001, Test Error Rate: 8.67% (867/10000)

Train Epoch: 140 [20000/60000 (33%)]	Loss: 0.101593
Train Epoch: 140 [40000/60000 (67%)]	Loss: 0.087222
Train Epoch: 140 [60000/60000 (100%)]	Loss: 0.086400

Average Training loss: 0.0004, Training Error Rate: 8.62% (5174/60000)


Average Test loss: 0.0001, Test Error Rate: 8.46% (846/10000)

Train Epoch: 141 [20000/60000 (33%)]	Loss: 0.092940
Train Epoch: 141 [40000/60000 (67%)]	Loss: 0.086086
Train Epoch: 141 [60000/60000 (100%)]	Loss: 0.077814

Average Training loss: 0.0004, Training Error Rate: 8.41% (5048/60000)


Average Test loss: 0.0001, Test Error Rate: 8.74% (874/10000)

Train Epoch: 142 [20000/60000 (33%)]	Loss: 0.075793
Train Epoch: 142 [40000/60000 (67%)]	Loss: 0.095256
Train Epoch: 142 [60000/60000 (100%)]	Loss: 0.098580

Average Training loss: 0.0004, Training Error Rate: 8.38% (5026/60000)


Average Test loss: 0.0001, Test Error Rate: 8.24% (824/10000)

Train Epoch: 143 [20000/60000 (33%)]	Loss: 0.091196
Train Epoch: 143 [40000/60000 (67%)]	Loss: 0.084514
Train Epoch: 143 [60000/60000 (100%)]	Loss: 0.065736

Average Training loss: 0.0004, Training Error Rate: 8.21% (4926/60000)


Average Test loss: 0.0001, Test Error Rate: 8.06% (806/10000)

Train Epoch: 144 [20000/60000 (33%)]	Loss: 0.065293
Train Epoch: 144 [40000/60000 (67%)]	Loss: 0.060433
Train Epoch: 144 [60000/60000 (100%)]	Loss: 0.069910

Average Training loss: 0.0004, Training Error Rate: 8.26% (4953/60000)


Average Test loss: 0.0001, Test Error Rate: 7.76% (776/10000)

Train Epoch: 145 [20000/60000 (33%)]	Loss: 0.072984
Train Epoch: 145 [40000/60000 (67%)]	Loss: 0.084160
Train Epoch: 145 [60000/60000 (100%)]	Loss: 0.078587

Average Training loss: 0.0004, Training Error Rate: 8.01% (4803/60000)


Average Test loss: 0.0001, Test Error Rate: 7.72% (772/10000)

Train Epoch: 146 [20000/60000 (33%)]	Loss: 0.064461
Train Epoch: 146 [40000/60000 (67%)]	Loss: 0.098016
Train Epoch: 146 [60000/60000 (100%)]	Loss: 0.088736

Average Training loss: 0.0004, Training Error Rate: 7.92% (4750/60000)


Average Test loss: 0.0001, Test Error Rate: 7.91% (791/10000)

Train Epoch: 147 [20000/60000 (33%)]	Loss: 0.098606
Train Epoch: 147 [40000/60000 (67%)]	Loss: 0.076982
Train Epoch: 147 [60000/60000 (100%)]	Loss: 0.070649

Average Training loss: 0.0004, Training Error Rate: 7.95% (4768/60000)


Average Test loss: 0.0001, Test Error Rate: 7.85% (785/10000)

Train Epoch: 148 [20000/60000 (33%)]	Loss: 0.081460
Train Epoch: 148 [40000/60000 (67%)]	Loss: 0.067566
Train Epoch: 148 [60000/60000 (100%)]	Loss: 0.079743

Average Training loss: 0.0004, Training Error Rate: 8.04% (4827/60000)


Average Test loss: 0.0001, Test Error Rate: 7.75% (775/10000)

Train Epoch: 149 [20000/60000 (33%)]	Loss: 0.083485
Train Epoch: 149 [40000/60000 (67%)]	Loss: 0.082946
Train Epoch: 149 [60000/60000 (100%)]	Loss: 0.085873

Average Training loss: 0.0004, Training Error Rate: 8.13% (4880/60000)


Average Test loss: 0.0001, Test Error Rate: 7.52% (752/10000)

Train Epoch: 150 [20000/60000 (33%)]	Loss: 0.072329
Train Epoch: 150 [40000/60000 (67%)]	Loss: 0.068358
Train Epoch: 150 [60000/60000 (100%)]	Loss: 0.088359

Average Training loss: 0.0004, Training Error Rate: 8.09% (4853/60000)


Average Test loss: 0.0001, Test Error Rate: 7.75% (775/10000)

Train Epoch: 151 [20000/60000 (33%)]	Loss: 0.086367
Train Epoch: 151 [40000/60000 (67%)]	Loss: 0.092405
Train Epoch: 151 [60000/60000 (100%)]	Loss: 0.087801

Average Training loss: 0.0004, Training Error Rate: 8.15% (4892/60000)


Average Test loss: 0.0001, Test Error Rate: 7.99% (799/10000)

Train Epoch: 152 [20000/60000 (33%)]	Loss: 0.085372
Train Epoch: 152 [40000/60000 (67%)]	Loss: 0.089571
Train Epoch: 152 [60000/60000 (100%)]	Loss: 0.094332

Average Training loss: 0.0004, Training Error Rate: 7.93% (4757/60000)


Average Test loss: 0.0001, Test Error Rate: 7.49% (749/10000)

Train Epoch: 153 [20000/60000 (33%)]	Loss: 0.084501
Train Epoch: 153 [40000/60000 (67%)]	Loss: 0.098082
Train Epoch: 153 [60000/60000 (100%)]	Loss: 0.079892

Average Training loss: 0.0004, Training Error Rate: 7.90% (4738/60000)


Average Test loss: 0.0001, Test Error Rate: 7.79% (779/10000)

Train Epoch: 154 [20000/60000 (33%)]	Loss: 0.112228
Train Epoch: 154 [40000/60000 (67%)]	Loss: 0.084099
Train Epoch: 154 [60000/60000 (100%)]	Loss: 0.079745

Average Training loss: 0.0004, Training Error Rate: 7.96% (4773/60000)


Average Test loss: 0.0001, Test Error Rate: 7.82% (782/10000)

Train Epoch: 155 [20000/60000 (33%)]	Loss: 0.078098
slurmstepd: error: *** STEP 15492054.1370 ON cn653 CANCELLED AT 2023-10-03T02:44:15 ***
/vast/home/ajherman/miniconda3/envs/pytorch/lib/python3.11/site-packages/torchvision/io/image.py:13: UserWarning: Failed to load image Python extension: '/vast/home/ajherman/miniconda3/envs/pytorch/lib/python3.11/site-packages/torchvision/image.so: undefined symbol: _ZN5torch3jit17parseSchemaOrNameERKNSt7__cxx1112basic_stringIcSt11char_traitsIcESaIcEEE'If you don't plan on using image functionality from `torchvision.io`, you can ignore this warning. Otherwise, there might be something wrong with your environment. Did you have `libjpeg` or `libpng` installed before building `torchvision` from source?
  warn(
Random seed set as 42
dt =  0.3934693402873666
trace decay =  0.8187307530779818
Random seed set as 42
Random seed set as 42
dt =  0.3934693402873666
trace decay =  0.8187307530779818
Random seed set as 42
Train Epoch: 155 [20000/60000 (33%)]	Loss: 0.076648
Train Epoch: 155 [40000/60000 (67%)]	Loss: 0.085377
Train Epoch: 155 [60000/60000 (100%)]	Loss: 0.077398

Average Training loss: 0.0004, Training Error Rate: 7.96% (4778/60000)


Average Test loss: 0.0001, Test Error Rate: 7.82% (782/10000)

Train Epoch: 156 [20000/60000 (33%)]	Loss: 0.089333
Train Epoch: 156 [40000/60000 (67%)]	Loss: 0.084306
Train Epoch: 156 [60000/60000 (100%)]	Loss: 0.065577

Average Training loss: 0.0004, Training Error Rate: 7.94% (4765/60000)


Average Test loss: 0.0001, Test Error Rate: 7.46% (746/10000)

Train Epoch: 157 [20000/60000 (33%)]	Loss: 0.083666
Train Epoch: 157 [40000/60000 (67%)]	Loss: 0.069657
Train Epoch: 157 [60000/60000 (100%)]	Loss: 0.080843

Average Training loss: 0.0004, Training Error Rate: 7.93% (4756/60000)


Average Test loss: 0.0001, Test Error Rate: 7.54% (754/10000)

Train Epoch: 158 [20000/60000 (33%)]	Loss: 0.075882
Train Epoch: 158 [40000/60000 (67%)]	Loss: 0.073760
Train Epoch: 158 [60000/60000 (100%)]	Loss: 0.077972

Average Training loss: 0.0004, Training Error Rate: 8.10% (4857/60000)


Average Test loss: 0.0001, Test Error Rate: 7.87% (787/10000)

Train Epoch: 159 [20000/60000 (33%)]	Loss: 0.081063
Train Epoch: 159 [40000/60000 (67%)]	Loss: 0.079478
Train Epoch: 159 [60000/60000 (100%)]	Loss: 0.067342

Average Training loss: 0.0004, Training Error Rate: 8.27% (4959/60000)


Average Test loss: 0.0001, Test Error Rate: 7.70% (770/10000)

Train Epoch: 160 [20000/60000 (33%)]	Loss: 0.086475
Train Epoch: 160 [40000/60000 (67%)]	Loss: 0.093229
Train Epoch: 160 [60000/60000 (100%)]	Loss: 0.091667

Average Training loss: 0.0004, Training Error Rate: 8.05% (4831/60000)


Average Test loss: 0.0001, Test Error Rate: 7.71% (771/10000)

Train Epoch: 161 [20000/60000 (33%)]	Loss: 0.085411
Train Epoch: 161 [40000/60000 (67%)]	Loss: 0.075508
Train Epoch: 161 [60000/60000 (100%)]	Loss: 0.065020

Average Training loss: 0.0004, Training Error Rate: 7.90% (4742/60000)


Average Test loss: 0.0001, Test Error Rate: 7.78% (778/10000)

Train Epoch: 162 [20000/60000 (33%)]	Loss: 0.087035
Train Epoch: 162 [40000/60000 (67%)]	Loss: 0.059579
Train Epoch: 162 [60000/60000 (100%)]	Loss: 0.074661

Average Training loss: 0.0004, Training Error Rate: 7.91% (4746/60000)


Average Test loss: 0.0001, Test Error Rate: 7.83% (783/10000)

Train Epoch: 163 [20000/60000 (33%)]	Loss: 0.081522
Train Epoch: 163 [40000/60000 (67%)]	Loss: 0.082263
Train Epoch: 163 [60000/60000 (100%)]	Loss: 0.082745

Average Training loss: 0.0004, Training Error Rate: 8.10% (4858/60000)


Average Test loss: 0.0001, Test Error Rate: 8.23% (823/10000)

Train Epoch: 164 [20000/60000 (33%)]	Loss: 0.086049
Train Epoch: 164 [40000/60000 (67%)]	Loss: 0.091624
Train Epoch: 164 [60000/60000 (100%)]	Loss: 0.079127

Average Training loss: 0.0004, Training Error Rate: 8.31% (4984/60000)


Average Test loss: 0.0001, Test Error Rate: 8.01% (801/10000)

Train Epoch: 165 [20000/60000 (33%)]	Loss: 0.078914
Train Epoch: 165 [40000/60000 (67%)]	Loss: 0.076458
Train Epoch: 165 [60000/60000 (100%)]	Loss: 0.095185

Average Training loss: 0.0004, Training Error Rate: 8.27% (4960/60000)


Average Test loss: 0.0001, Test Error Rate: 7.96% (796/10000)

Train Epoch: 166 [20000/60000 (33%)]	Loss: 0.079392
Train Epoch: 166 [40000/60000 (67%)]	Loss: 0.079603
Train Epoch: 166 [60000/60000 (100%)]	Loss: 0.072295

Average Training loss: 0.0004, Training Error Rate: 8.24% (4942/60000)


Average Test loss: 0.0001, Test Error Rate: 8.07% (807/10000)

Train Epoch: 167 [20000/60000 (33%)]	Loss: 0.072681
Train Epoch: 167 [40000/60000 (67%)]	Loss: 0.097214
Train Epoch: 167 [60000/60000 (100%)]	Loss: 0.079865

Average Training loss: 0.0004, Training Error Rate: 8.41% (5048/60000)


Average Test loss: 0.0001, Test Error Rate: 8.33% (833/10000)

Train Epoch: 168 [20000/60000 (33%)]	Loss: 0.082522
Train Epoch: 168 [40000/60000 (67%)]	Loss: 0.078000
Train Epoch: 168 [60000/60000 (100%)]	Loss: 0.091753

Average Training loss: 0.0004, Training Error Rate: 8.42% (5053/60000)


Average Test loss: 0.0001, Test Error Rate: 8.12% (812/10000)

Train Epoch: 169 [20000/60000 (33%)]	Loss: 0.078716
Train Epoch: 169 [40000/60000 (67%)]	Loss: 0.093188
Train Epoch: 169 [60000/60000 (100%)]	Loss: 0.082092

Average Training loss: 0.0004, Training Error Rate: 8.27% (4963/60000)


Average Test loss: 0.0001, Test Error Rate: 8.20% (820/10000)

Train Epoch: 170 [20000/60000 (33%)]	Loss: 0.077316
Train Epoch: 170 [40000/60000 (67%)]	Loss: 0.088639
Train Epoch: 170 [60000/60000 (100%)]	Loss: 0.079957

Average Training loss: 0.0004, Training Error Rate: 8.52% (5112/60000)


Average Test loss: 0.0001, Test Error Rate: 8.16% (816/10000)

Train Epoch: 171 [20000/60000 (33%)]	Loss: 0.070961
Train Epoch: 171 [40000/60000 (67%)]	Loss: 0.082097
Train Epoch: 171 [60000/60000 (100%)]	Loss: 0.081672

Average Training loss: 0.0004, Training Error Rate: 8.48% (5088/60000)


Average Test loss: 0.0001, Test Error Rate: 7.93% (793/10000)

Train Epoch: 172 [20000/60000 (33%)]	Loss: 0.087814
Train Epoch: 172 [40000/60000 (67%)]	Loss: 0.067684
Train Epoch: 172 [60000/60000 (100%)]	Loss: 0.087091

Average Training loss: 0.0004, Training Error Rate: 8.16% (4894/60000)


Average Test loss: 0.0001, Test Error Rate: 7.73% (773/10000)

Train Epoch: 173 [20000/60000 (33%)]	Loss: 0.084934
Train Epoch: 173 [40000/60000 (67%)]	Loss: 0.060273
Train Epoch: 173 [60000/60000 (100%)]	Loss: 0.073255

Average Training loss: 0.0004, Training Error Rate: 8.13% (4879/60000)


Average Test loss: 0.0001, Test Error Rate: 7.88% (788/10000)

Train Epoch: 174 [20000/60000 (33%)]	Loss: 0.082008
Train Epoch: 174 [40000/60000 (67%)]	Loss: 0.073442
Train Epoch: 174 [60000/60000 (100%)]	Loss: 0.085277

Average Training loss: 0.0004, Training Error Rate: 8.11% (4867/60000)


Average Test loss: 0.0001, Test Error Rate: 7.43% (743/10000)

Train Epoch: 175 [20000/60000 (33%)]	Loss: 0.085039
Train Epoch: 175 [40000/60000 (67%)]	Loss: 0.079752
Train Epoch: 175 [60000/60000 (100%)]	Loss: 0.071830

Average Training loss: 0.0004, Training Error Rate: 7.96% (4776/60000)


Average Test loss: 0.0001, Test Error Rate: 7.78% (778/10000)

Train Epoch: 176 [20000/60000 (33%)]	Loss: 0.058391
Train Epoch: 176 [40000/60000 (67%)]	Loss: 0.090762
Train Epoch: 176 [60000/60000 (100%)]	Loss: 0.081845

Average Training loss: 0.0004, Training Error Rate: 8.16% (4894/60000)


Average Test loss: 0.0001, Test Error Rate: 7.62% (762/10000)

Train Epoch: 177 [20000/60000 (33%)]	Loss: 0.097445
Train Epoch: 177 [40000/60000 (67%)]	Loss: 0.093525
Train Epoch: 177 [60000/60000 (100%)]	Loss: 0.074174

Average Training loss: 0.0004, Training Error Rate: 8.09% (4855/60000)


Average Test loss: 0.0001, Test Error Rate: 8.32% (832/10000)

Train Epoch: 178 [20000/60000 (33%)]	Loss: 0.091871
Train Epoch: 178 [40000/60000 (67%)]	Loss: 0.080146
Train Epoch: 178 [60000/60000 (100%)]	Loss: 0.072776

Average Training loss: 0.0004, Training Error Rate: 8.13% (4876/60000)


Average Test loss: 0.0001, Test Error Rate: 7.77% (777/10000)

Train Epoch: 179 [20000/60000 (33%)]	Loss: 0.083254
Train Epoch: 179 [40000/60000 (67%)]	Loss: 0.075316
Train Epoch: 179 [60000/60000 (100%)]	Loss: 0.072227

Average Training loss: 0.0004, Training Error Rate: 8.08% (4849/60000)


Average Test loss: 0.0001, Test Error Rate: 7.88% (788/10000)

Train Epoch: 180 [20000/60000 (33%)]	Loss: 0.085285
Train Epoch: 180 [40000/60000 (67%)]	Loss: 0.082385
Train Epoch: 180 [60000/60000 (100%)]	Loss: 0.075700

Average Training loss: 0.0004, Training Error Rate: 8.03% (4820/60000)


Average Test loss: 0.0001, Test Error Rate: 7.68% (768/10000)

Train Epoch: 181 [20000/60000 (33%)]	Loss: 0.081864
Train Epoch: 181 [40000/60000 (67%)]	Loss: 0.081098
Train Epoch: 181 [60000/60000 (100%)]	Loss: 0.067023

Average Training loss: 0.0004, Training Error Rate: 8.12% (4871/60000)


Average Test loss: 0.0001, Test Error Rate: 7.53% (753/10000)

Train Epoch: 182 [20000/60000 (33%)]	Loss: 0.086276
Train Epoch: 182 [40000/60000 (67%)]	Loss: 0.076504
Train Epoch: 182 [60000/60000 (100%)]	Loss: 0.080718

Average Training loss: 0.0004, Training Error Rate: 8.10% (4857/60000)


Average Test loss: 0.0001, Test Error Rate: 7.88% (788/10000)

Train Epoch: 183 [20000/60000 (33%)]	Loss: 0.083236
Train Epoch: 183 [40000/60000 (67%)]	Loss: 0.088820
Train Epoch: 183 [60000/60000 (100%)]	Loss: 0.096637

Average Training loss: 0.0004, Training Error Rate: 8.04% (4824/60000)


Average Test loss: 0.0001, Test Error Rate: 7.70% (770/10000)

Train Epoch: 184 [20000/60000 (33%)]	Loss: 0.085394
Train Epoch: 184 [40000/60000 (67%)]	Loss: 0.086993
Train Epoch: 184 [60000/60000 (100%)]	Loss: 0.070282

Average Training loss: 0.0004, Training Error Rate: 8.09% (4856/60000)


Average Test loss: 0.0001, Test Error Rate: 7.98% (798/10000)

Train Epoch: 185 [20000/60000 (33%)]	Loss: 0.081633
Train Epoch: 185 [40000/60000 (67%)]	Loss: 0.077154
Train Epoch: 185 [60000/60000 (100%)]	Loss: 0.070067

Average Training loss: 0.0004, Training Error Rate: 8.28% (4968/60000)


Average Test loss: 0.0001, Test Error Rate: 7.77% (777/10000)

Train Epoch: 186 [20000/60000 (33%)]	Loss: 0.071215
Train Epoch: 186 [40000/60000 (67%)]	Loss: 0.094116
Train Epoch: 186 [60000/60000 (100%)]	Loss: 0.075204

Average Training loss: 0.0004, Training Error Rate: 8.04% (4821/60000)


Average Test loss: 0.0001, Test Error Rate: 7.53% (753/10000)

Train Epoch: 187 [20000/60000 (33%)]	Loss: 0.072762
Train Epoch: 187 [40000/60000 (67%)]	Loss: 0.085184
Train Epoch: 187 [60000/60000 (100%)]	Loss: 0.082992

Average Training loss: 0.0004, Training Error Rate: 8.20% (4921/60000)


Average Test loss: 0.0001, Test Error Rate: 7.37% (737/10000)

Train Epoch: 188 [20000/60000 (33%)]	Loss: 0.077275
Train Epoch: 188 [40000/60000 (67%)]	Loss: 0.075278
Train Epoch: 188 [60000/60000 (100%)]	Loss: 0.085258

Average Training loss: 0.0004, Training Error Rate: 8.07% (4843/60000)


Average Test loss: 0.0001, Test Error Rate: 7.40% (740/10000)

Train Epoch: 189 [20000/60000 (33%)]	Loss: 0.084702
Train Epoch: 189 [40000/60000 (67%)]	Loss: 0.081317
Train Epoch: 189 [60000/60000 (100%)]	Loss: 0.076977

Average Training loss: 0.0004, Training Error Rate: 7.96% (4774/60000)


Average Test loss: 0.0001, Test Error Rate: 7.89% (789/10000)

Train Epoch: 190 [20000/60000 (33%)]	Loss: 0.095834
Train Epoch: 190 [40000/60000 (67%)]	Loss: 0.057572
Train Epoch: 190 [60000/60000 (100%)]	Loss: 0.094752

Average Training loss: 0.0004, Training Error Rate: 7.96% (4778/60000)


Average Test loss: 0.0001, Test Error Rate: 7.78% (778/10000)

Train Epoch: 191 [20000/60000 (33%)]	Loss: 0.084565
Train Epoch: 191 [40000/60000 (67%)]	Loss: 0.086645
Train Epoch: 191 [60000/60000 (100%)]	Loss: 0.080123

Average Training loss: 0.0004, Training Error Rate: 8.11% (4867/60000)


Average Test loss: 0.0001, Test Error Rate: 8.10% (810/10000)

Train Epoch: 192 [20000/60000 (33%)]	Loss: 0.071684
Train Epoch: 192 [40000/60000 (67%)]	Loss: 0.081015
Train Epoch: 192 [60000/60000 (100%)]	Loss: 0.071191

Average Training loss: 0.0004, Training Error Rate: 8.12% (4875/60000)


Average Test loss: 0.0001, Test Error Rate: 7.74% (774/10000)

Train Epoch: 193 [20000/60000 (33%)]	Loss: 0.074220
Train Epoch: 193 [40000/60000 (67%)]	Loss: 0.075529
Train Epoch: 193 [60000/60000 (100%)]	Loss: 0.071033

Average Training loss: 0.0004, Training Error Rate: 7.83% (4701/60000)


Average Test loss: 0.0001, Test Error Rate: 7.67% (767/10000)

Train Epoch: 194 [20000/60000 (33%)]	Loss: 0.072344
Train Epoch: 194 [40000/60000 (67%)]	Loss: 0.065016
Train Epoch: 194 [60000/60000 (100%)]	Loss: 0.060385

Average Training loss: 0.0004, Training Error Rate: 7.83% (4700/60000)


Average Test loss: 0.0001, Test Error Rate: 7.59% (759/10000)

Train Epoch: 195 [20000/60000 (33%)]	Loss: 0.081949
Train Epoch: 195 [40000/60000 (67%)]	Loss: 0.084227
Train Epoch: 195 [60000/60000 (100%)]	Loss: 0.074618

Average Training loss: 0.0004, Training Error Rate: 7.87% (4722/60000)


Average Test loss: 0.0001, Test Error Rate: 7.51% (751/10000)

Train Epoch: 196 [20000/60000 (33%)]	Loss: 0.089450
Train Epoch: 196 [40000/60000 (67%)]	Loss: 0.076755
Train Epoch: 196 [60000/60000 (100%)]	Loss: 0.079019

Average Training loss: 0.0004, Training Error Rate: 7.96% (4775/60000)


Average Test loss: 0.0001, Test Error Rate: 7.61% (761/10000)

Train Epoch: 197 [20000/60000 (33%)]	Loss: 0.073802
Train Epoch: 197 [40000/60000 (67%)]	Loss: 0.091382
Train Epoch: 197 [60000/60000 (100%)]	Loss: 0.087363

Average Training loss: 0.0004, Training Error Rate: 7.84% (4705/60000)


Average Test loss: 0.0001, Test Error Rate: 7.55% (755/10000)

Train Epoch: 198 [20000/60000 (33%)]	Loss: 0.082967
Train Epoch: 198 [40000/60000 (67%)]	Loss: 0.082857
Train Epoch: 198 [60000/60000 (100%)]	Loss: 0.059388

Average Training loss: 0.0004, Training Error Rate: 7.82% (4690/60000)


Average Test loss: 0.0001, Test Error Rate: 7.46% (746/10000)

Train Epoch: 199 [20000/60000 (33%)]	Loss: 0.062717
Train Epoch: 199 [40000/60000 (67%)]	Loss: 0.053308
Train Epoch: 199 [60000/60000 (100%)]	Loss: 0.066989

Average Training loss: 0.0004, Training Error Rate: 7.86% (4714/60000)


Average Test loss: 0.0001, Test Error Rate: 7.66% (766/10000)

