/vast/home/ajherman/miniconda3/envs/pytorch/lib/python3.11/site-packages/torchvision/io/image.py:13: UserWarning: Failed to load image Python extension: '/vast/home/ajherman/miniconda3/envs/pytorch/lib/python3.11/site-packages/torchvision/image.so: undefined symbol: _ZN5torch3jit17parseSchemaOrNameERKNSt7__cxx1112basic_stringIcSt11char_traitsIcESaIcEEE'If you don't plan on using image functionality from `torchvision.io`, you can ignore this warning. Otherwise, there might be something wrong with your environment. Did you have `libjpeg` or `libpng` installed before building `torchvision` from source?
  warn(
Random seed set as 42
dt =  0.6321205588285577
trace decay =  0.8187307530779818
Random seed set as 42
Random seed set as 42
dt =  0.6321205588285577
trace decay =  0.8187307530779818
Random seed set as 42
Train Epoch: 0 [20000/60000 (33%)]	Loss: 0.476395
Train Epoch: 0 [40000/60000 (67%)]	Loss: 0.465740
Train Epoch: 0 [60000/60000 (100%)]	Loss: 0.463603

Average Training loss: 0.0024, Training Error Rate: 89.27% (53562/60000)


Average Test loss: 0.0005, Test Error Rate: 86.48% (8648/10000)

Train Epoch: 1 [20000/60000 (33%)]	Loss: 0.456586
Train Epoch: 1 [40000/60000 (67%)]	Loss: 0.455167
Train Epoch: 1 [60000/60000 (100%)]	Loss: 0.464492

Average Training loss: 0.0023, Training Error Rate: 84.67% (50802/60000)


Average Test loss: 0.0005, Test Error Rate: 84.45% (8445/10000)

Train Epoch: 2 [20000/60000 (33%)]	Loss: 0.442401
Train Epoch: 2 [40000/60000 (67%)]	Loss: 0.457266
Train Epoch: 2 [60000/60000 (100%)]	Loss: 0.450349

Average Training loss: 0.0023, Training Error Rate: 79.07% (47443/60000)


Average Test loss: 0.0004, Test Error Rate: 76.73% (7673/10000)

Train Epoch: 3 [20000/60000 (33%)]	Loss: 0.439793
Train Epoch: 3 [40000/60000 (67%)]	Loss: 0.451382
Train Epoch: 3 [60000/60000 (100%)]	Loss: 0.444609

Average Training loss: 0.0022, Training Error Rate: 76.49% (45896/60000)


Average Test loss: 0.0004, Test Error Rate: 80.62% (8062/10000)

Train Epoch: 4 [20000/60000 (33%)]	Loss: 0.442294
Train Epoch: 4 [40000/60000 (67%)]	Loss: 0.437690
Train Epoch: 4 [60000/60000 (100%)]	Loss: 0.429424

Average Training loss: 0.0022, Training Error Rate: 74.79% (44876/60000)


Average Test loss: 0.0004, Test Error Rate: 77.65% (7765/10000)

Train Epoch: 5 [20000/60000 (33%)]	Loss: 0.427564
Train Epoch: 5 [40000/60000 (67%)]	Loss: 0.424972
Train Epoch: 5 [60000/60000 (100%)]	Loss: 0.421576

Average Training loss: 0.0021, Training Error Rate: 69.56% (41738/60000)


Average Test loss: 0.0004, Test Error Rate: 67.43% (6743/10000)

Train Epoch: 6 [20000/60000 (33%)]	Loss: 0.419446
Train Epoch: 6 [40000/60000 (67%)]	Loss: 0.433847
Train Epoch: 6 [60000/60000 (100%)]	Loss: 0.414144

Average Training loss: 0.0021, Training Error Rate: 65.00% (39000/60000)


Average Test loss: 0.0004, Test Error Rate: 60.58% (6058/10000)

Train Epoch: 7 [20000/60000 (33%)]	Loss: 0.407783
Train Epoch: 7 [40000/60000 (67%)]	Loss: 0.409041
Train Epoch: 7 [60000/60000 (100%)]	Loss: 0.411235

Average Training loss: 0.0021, Training Error Rate: 63.81% (38285/60000)


Average Test loss: 0.0004, Test Error Rate: 60.25% (6025/10000)

Train Epoch: 8 [20000/60000 (33%)]	Loss: 0.393637
Train Epoch: 8 [40000/60000 (67%)]	Loss: 0.406468
Train Epoch: 8 [60000/60000 (100%)]	Loss: 0.402062

Average Training loss: 0.0020, Training Error Rate: 61.51% (36908/60000)


Average Test loss: 0.0004, Test Error Rate: 59.41% (5941/10000)

Train Epoch: 9 [20000/60000 (33%)]	Loss: 0.387303
Train Epoch: 9 [40000/60000 (67%)]	Loss: 0.399967
Train Epoch: 9 [60000/60000 (100%)]	Loss: 0.381044

Average Training loss: 0.0020, Training Error Rate: 58.20% (34922/60000)


Average Test loss: 0.0004, Test Error Rate: 59.17% (5917/10000)

Train Epoch: 10 [20000/60000 (33%)]	Loss: 0.386634
Train Epoch: 10 [40000/60000 (67%)]	Loss: 0.384493
Train Epoch: 10 [60000/60000 (100%)]	Loss: 0.389277

Average Training loss: 0.0020, Training Error Rate: 55.88% (33528/60000)


Average Test loss: 0.0004, Test Error Rate: 53.58% (5358/10000)

Train Epoch: 11 [20000/60000 (33%)]	Loss: 0.393693
Train Epoch: 11 [40000/60000 (67%)]	Loss: 0.398040
Train Epoch: 11 [60000/60000 (100%)]	Loss: 0.388457

Average Training loss: 0.0020, Training Error Rate: 57.41% (34447/60000)


Average Test loss: 0.0004, Test Error Rate: 55.15% (5515/10000)

Train Epoch: 12 [20000/60000 (33%)]	Loss: 0.390242
Train Epoch: 12 [40000/60000 (67%)]	Loss: 0.404194
Train Epoch: 12 [60000/60000 (100%)]	Loss: 0.410040

Average Training loss: 0.0020, Training Error Rate: 59.69% (35815/60000)


Average Test loss: 0.0004, Test Error Rate: 57.95% (5795/10000)

Train Epoch: 13 [20000/60000 (33%)]	Loss: 0.413910
Train Epoch: 13 [40000/60000 (67%)]	Loss: 0.394821
Train Epoch: 13 [60000/60000 (100%)]	Loss: 0.376906

Average Training loss: 0.0020, Training Error Rate: 58.10% (34862/60000)


Average Test loss: 0.0004, Test Error Rate: 57.15% (5715/10000)

Train Epoch: 14 [20000/60000 (33%)]	Loss: 0.385005
Train Epoch: 14 [40000/60000 (67%)]	Loss: 0.375950
Train Epoch: 14 [60000/60000 (100%)]	Loss: 0.387204

Average Training loss: 0.0019, Training Error Rate: 53.83% (32297/60000)


Average Test loss: 0.0004, Test Error Rate: 53.55% (5355/10000)

Train Epoch: 15 [20000/60000 (33%)]	Loss: 0.377318
Train Epoch: 15 [40000/60000 (67%)]	Loss: 0.373573
Train Epoch: 15 [60000/60000 (100%)]	Loss: 0.361565

Average Training loss: 0.0019, Training Error Rate: 51.47% (30882/60000)


Average Test loss: 0.0004, Test Error Rate: 50.09% (5009/10000)

Train Epoch: 16 [20000/60000 (33%)]	Loss: 0.378313
Train Epoch: 16 [40000/60000 (67%)]	Loss: 0.360427
Train Epoch: 16 [60000/60000 (100%)]	Loss: 0.356460

Average Training loss: 0.0018, Training Error Rate: 48.08% (28845/60000)


Average Test loss: 0.0004, Test Error Rate: 46.05% (4605/10000)

Train Epoch: 17 [20000/60000 (33%)]	Loss: 0.365472
Train Epoch: 17 [40000/60000 (67%)]	Loss: 0.338432
Train Epoch: 17 [60000/60000 (100%)]	Loss: 0.345891

Average Training loss: 0.0018, Training Error Rate: 47.40% (28437/60000)


Average Test loss: 0.0003, Test Error Rate: 45.82% (4582/10000)

Train Epoch: 18 [20000/60000 (33%)]	Loss: 0.363066
Train Epoch: 18 [40000/60000 (67%)]	Loss: 0.349366
Train Epoch: 18 [60000/60000 (100%)]	Loss: 0.351608

Average Training loss: 0.0018, Training Error Rate: 48.04% (28826/60000)


Average Test loss: 0.0004, Test Error Rate: 46.41% (4641/10000)

Train Epoch: 19 [20000/60000 (33%)]	Loss: 0.359455
Train Epoch: 19 [40000/60000 (67%)]	Loss: 0.356385
Train Epoch: 19 [60000/60000 (100%)]	Loss: 0.350422

Average Training loss: 0.0018, Training Error Rate: 47.72% (28634/60000)


Average Test loss: 0.0003, Test Error Rate: 43.36% (4336/10000)

Train Epoch: 20 [20000/60000 (33%)]	Loss: 0.341958
Train Epoch: 20 [40000/60000 (67%)]	Loss: 0.323784
Train Epoch: 20 [60000/60000 (100%)]	Loss: 0.328454

Average Training loss: 0.0017, Training Error Rate: 46.33% (27798/60000)


Average Test loss: 0.0003, Test Error Rate: 40.48% (4048/10000)

Train Epoch: 21 [20000/60000 (33%)]	Loss: 0.341258
Train Epoch: 21 [40000/60000 (67%)]	Loss: 0.346409
Train Epoch: 21 [60000/60000 (100%)]	Loss: 0.341070

Average Training loss: 0.0017, Training Error Rate: 46.19% (27713/60000)


Average Test loss: 0.0003, Test Error Rate: 46.04% (4604/10000)

Train Epoch: 22 [20000/60000 (33%)]	Loss: 0.335003
Train Epoch: 22 [40000/60000 (67%)]	Loss: 0.326762
Train Epoch: 22 [60000/60000 (100%)]	Loss: 0.336980

Average Training loss: 0.0017, Training Error Rate: 41.59% (24952/60000)


Average Test loss: 0.0003, Test Error Rate: 38.85% (3885/10000)

Train Epoch: 23 [20000/60000 (33%)]	Loss: 0.325800
Train Epoch: 23 [40000/60000 (67%)]	Loss: 0.325566
Train Epoch: 23 [60000/60000 (100%)]	Loss: 0.309163

Average Training loss: 0.0016, Training Error Rate: 39.16% (23493/60000)


Average Test loss: 0.0003, Test Error Rate: 38.79% (3879/10000)

Train Epoch: 24 [20000/60000 (33%)]	Loss: 0.320808
Train Epoch: 24 [40000/60000 (67%)]	Loss: 0.339605
Train Epoch: 24 [60000/60000 (100%)]	Loss: 0.312024

Average Training loss: 0.0016, Training Error Rate: 38.23% (22935/60000)


Average Test loss: 0.0003, Test Error Rate: 37.18% (3718/10000)

Train Epoch: 25 [20000/60000 (33%)]	Loss: 0.339932
Train Epoch: 25 [40000/60000 (67%)]	Loss: 0.308686
Train Epoch: 25 [60000/60000 (100%)]	Loss: 0.297535

Average Training loss: 0.0016, Training Error Rate: 37.28% (22367/60000)


Average Test loss: 0.0003, Test Error Rate: 34.02% (3402/10000)

Train Epoch: 26 [20000/60000 (33%)]	Loss: 0.313928
Train Epoch: 26 [40000/60000 (67%)]	Loss: 0.289423
Train Epoch: 26 [60000/60000 (100%)]	Loss: 0.299333

Average Training loss: 0.0015, Training Error Rate: 36.13% (21677/60000)


Average Test loss: 0.0003, Test Error Rate: 32.79% (3279/10000)

Train Epoch: 27 [20000/60000 (33%)]	Loss: 0.296604
Train Epoch: 27 [40000/60000 (67%)]	Loss: 0.302076
Train Epoch: 27 [60000/60000 (100%)]	Loss: 0.286640

Average Training loss: 0.0015, Training Error Rate: 34.27% (20562/60000)


Average Test loss: 0.0003, Test Error Rate: 32.53% (3253/10000)

Train Epoch: 28 [20000/60000 (33%)]	Loss: 0.284026
Train Epoch: 28 [40000/60000 (67%)]	Loss: 0.269597
Train Epoch: 28 [60000/60000 (100%)]	Loss: 0.279357

Average Training loss: 0.0015, Training Error Rate: 33.02% (19812/60000)


Average Test loss: 0.0003, Test Error Rate: 34.39% (3439/10000)

Train Epoch: 29 [20000/60000 (33%)]	Loss: 0.308178
Train Epoch: 29 [40000/60000 (67%)]	Loss: 0.303376
Train Epoch: 29 [60000/60000 (100%)]	Loss: 0.285266

Average Training loss: 0.0014, Training Error Rate: 32.72% (19629/60000)


Average Test loss: 0.0003, Test Error Rate: 30.92% (3092/10000)

Train Epoch: 30 [20000/60000 (33%)]	Loss: 0.274562
Train Epoch: 30 [40000/60000 (67%)]	Loss: 0.271742
Train Epoch: 30 [60000/60000 (100%)]	Loss: 0.291964

Average Training loss: 0.0014, Training Error Rate: 31.64% (18983/60000)


Average Test loss: 0.0003, Test Error Rate: 33.08% (3308/10000)

Train Epoch: 31 [20000/60000 (33%)]	Loss: 0.283671
Train Epoch: 31 [40000/60000 (67%)]	Loss: 0.274362
Train Epoch: 31 [60000/60000 (100%)]	Loss: 0.276702

Average Training loss: 0.0014, Training Error Rate: 31.35% (18812/60000)


Average Test loss: 0.0003, Test Error Rate: 31.55% (3155/10000)

Train Epoch: 32 [20000/60000 (33%)]	Loss: 0.261424
Train Epoch: 32 [40000/60000 (67%)]	Loss: 0.277134
Train Epoch: 32 [60000/60000 (100%)]	Loss: 0.264012

Average Training loss: 0.0013, Training Error Rate: 28.75% (17253/60000)


Average Test loss: 0.0003, Test Error Rate: 29.29% (2929/10000)

Train Epoch: 33 [20000/60000 (33%)]	Loss: 0.281174
Train Epoch: 33 [40000/60000 (67%)]	Loss: 0.242124
Train Epoch: 33 [60000/60000 (100%)]	Loss: 0.259276

Average Training loss: 0.0013, Training Error Rate: 29.12% (17471/60000)


Average Test loss: 0.0003, Test Error Rate: 27.43% (2743/10000)

Train Epoch: 34 [20000/60000 (33%)]	Loss: 0.250967
Train Epoch: 34 [40000/60000 (67%)]	Loss: 0.267750
Train Epoch: 34 [60000/60000 (100%)]	Loss: 0.250287

Average Training loss: 0.0013, Training Error Rate: 28.40% (17042/60000)


Average Test loss: 0.0002, Test Error Rate: 26.26% (2626/10000)

Train Epoch: 35 [20000/60000 (33%)]	Loss: 0.250501
Train Epoch: 35 [40000/60000 (67%)]	Loss: 0.270043
Train Epoch: 35 [60000/60000 (100%)]	Loss: 0.251839

Average Training loss: 0.0013, Training Error Rate: 27.23% (16338/60000)


Average Test loss: 0.0002, Test Error Rate: 25.62% (2562/10000)

Train Epoch: 36 [20000/60000 (33%)]	Loss: 0.228057
Train Epoch: 36 [40000/60000 (67%)]	Loss: 0.240207
Train Epoch: 36 [60000/60000 (100%)]	Loss: 0.244638

Average Training loss: 0.0012, Training Error Rate: 26.25% (15752/60000)


Average Test loss: 0.0002, Test Error Rate: 24.56% (2456/10000)

Train Epoch: 37 [20000/60000 (33%)]	Loss: 0.254504
Train Epoch: 37 [40000/60000 (67%)]	Loss: 0.228625
Train Epoch: 37 [60000/60000 (100%)]	Loss: 0.247806

Average Training loss: 0.0012, Training Error Rate: 24.66% (14795/60000)


Average Test loss: 0.0002, Test Error Rate: 23.60% (2360/10000)

Train Epoch: 38 [20000/60000 (33%)]	Loss: 0.247349
Train Epoch: 38 [40000/60000 (67%)]	Loss: 0.222100
Train Epoch: 38 [60000/60000 (100%)]	Loss: 0.248321

Average Training loss: 0.0012, Training Error Rate: 24.84% (14906/60000)


Average Test loss: 0.0002, Test Error Rate: 22.63% (2263/10000)

Train Epoch: 39 [20000/60000 (33%)]	Loss: 0.235233
Train Epoch: 39 [40000/60000 (67%)]	Loss: 0.242668
Train Epoch: 39 [60000/60000 (100%)]	Loss: 0.231965

Average Training loss: 0.0012, Training Error Rate: 23.44% (14064/60000)


Average Test loss: 0.0002, Test Error Rate: 24.16% (2416/10000)

Train Epoch: 40 [20000/60000 (33%)]	Loss: 0.223599
Train Epoch: 40 [40000/60000 (67%)]	Loss: 0.242264
Train Epoch: 40 [60000/60000 (100%)]	Loss: 0.250661

Average Training loss: 0.0012, Training Error Rate: 23.82% (14291/60000)


Average Test loss: 0.0002, Test Error Rate: 25.36% (2536/10000)

Train Epoch: 41 [20000/60000 (33%)]	Loss: 0.205448
Train Epoch: 41 [40000/60000 (67%)]	Loss: 0.234208
Train Epoch: 41 [60000/60000 (100%)]	Loss: 0.246531

Average Training loss: 0.0012, Training Error Rate: 23.66% (14196/60000)


Average Test loss: 0.0002, Test Error Rate: 23.87% (2387/10000)

Train Epoch: 42 [20000/60000 (33%)]	Loss: 0.238065
Train Epoch: 42 [40000/60000 (67%)]	Loss: 0.245439
Train Epoch: 42 [60000/60000 (100%)]	Loss: 0.230653

Average Training loss: 0.0012, Training Error Rate: 24.42% (14651/60000)


Average Test loss: 0.0002, Test Error Rate: 23.56% (2356/10000)

Train Epoch: 43 [20000/60000 (33%)]	Loss: 0.205832
Train Epoch: 43 [40000/60000 (67%)]	Loss: 0.223075
Train Epoch: 43 [60000/60000 (100%)]	Loss: 0.203400

Average Training loss: 0.0011, Training Error Rate: 22.86% (13718/60000)


Average Test loss: 0.0002, Test Error Rate: 21.50% (2150/10000)

Train Epoch: 44 [20000/60000 (33%)]	Loss: 0.212014
Train Epoch: 44 [40000/60000 (67%)]	Loss: 0.234749
Train Epoch: 44 [60000/60000 (100%)]	Loss: 0.228067

Average Training loss: 0.0011, Training Error Rate: 21.78% (13067/60000)


Average Test loss: 0.0002, Test Error Rate: 20.68% (2068/10000)

Train Epoch: 45 [20000/60000 (33%)]	Loss: 0.226673
Train Epoch: 45 [40000/60000 (67%)]	Loss: 0.226297
Train Epoch: 45 [60000/60000 (100%)]	Loss: 0.225019

Average Training loss: 0.0011, Training Error Rate: 21.47% (12881/60000)


Average Test loss: 0.0002, Test Error Rate: 21.10% (2110/10000)

Train Epoch: 46 [20000/60000 (33%)]	Loss: 0.218886
Train Epoch: 46 [40000/60000 (67%)]	Loss: 0.231131
Train Epoch: 46 [60000/60000 (100%)]	Loss: 0.199836

Average Training loss: 0.0011, Training Error Rate: 21.06% (12638/60000)


Average Test loss: 0.0002, Test Error Rate: 21.76% (2176/10000)

Train Epoch: 47 [20000/60000 (33%)]	Loss: 0.207741
Train Epoch: 47 [40000/60000 (67%)]	Loss: 0.213268
Train Epoch: 47 [60000/60000 (100%)]	Loss: 0.204605

Average Training loss: 0.0011, Training Error Rate: 21.34% (12807/60000)


Average Test loss: 0.0002, Test Error Rate: 20.51% (2051/10000)

Train Epoch: 48 [20000/60000 (33%)]	Loss: 0.210815
Train Epoch: 48 [40000/60000 (67%)]	Loss: 0.213096
Train Epoch: 48 [60000/60000 (100%)]	Loss: 0.196523

Average Training loss: 0.0010, Training Error Rate: 20.47% (12283/60000)


Average Test loss: 0.0002, Test Error Rate: 18.43% (1843/10000)

Train Epoch: 49 [20000/60000 (33%)]	Loss: 0.213974
Train Epoch: 49 [40000/60000 (67%)]	Loss: 0.200265
Train Epoch: 49 [60000/60000 (100%)]	Loss: 0.198179

Average Training loss: 0.0010, Training Error Rate: 19.69% (11813/60000)


Average Test loss: 0.0002, Test Error Rate: 18.86% (1886/10000)

Train Epoch: 50 [20000/60000 (33%)]	Loss: 0.194692
Train Epoch: 50 [40000/60000 (67%)]	Loss: 0.220128
Train Epoch: 50 [60000/60000 (100%)]	Loss: 0.201868

Average Training loss: 0.0010, Training Error Rate: 19.86% (11913/60000)


Average Test loss: 0.0002, Test Error Rate: 18.28% (1828/10000)

Train Epoch: 51 [20000/60000 (33%)]	Loss: 0.197830
Train Epoch: 51 [40000/60000 (67%)]	Loss: 0.211844
Train Epoch: 51 [60000/60000 (100%)]	Loss: 0.179290

Average Training loss: 0.0010, Training Error Rate: 19.36% (11616/60000)


Average Test loss: 0.0002, Test Error Rate: 18.29% (1829/10000)

Train Epoch: 52 [20000/60000 (33%)]	Loss: 0.185805
Train Epoch: 52 [40000/60000 (67%)]	Loss: 0.201370
Train Epoch: 52 [60000/60000 (100%)]	Loss: 0.199128

Average Training loss: 0.0010, Training Error Rate: 19.29% (11574/60000)


Average Test loss: 0.0002, Test Error Rate: 17.93% (1793/10000)

Train Epoch: 53 [20000/60000 (33%)]	Loss: 0.173793
Train Epoch: 53 [40000/60000 (67%)]	Loss: 0.184197
Train Epoch: 53 [60000/60000 (100%)]	Loss: 0.212544

Average Training loss: 0.0010, Training Error Rate: 19.11% (11466/60000)


Average Test loss: 0.0002, Test Error Rate: 18.52% (1852/10000)

Train Epoch: 54 [20000/60000 (33%)]	Loss: 0.202592
Train Epoch: 54 [40000/60000 (67%)]	Loss: 0.209604
Train Epoch: 54 [60000/60000 (100%)]	Loss: 0.190881

Average Training loss: 0.0010, Training Error Rate: 19.95% (11971/60000)


Average Test loss: 0.0002, Test Error Rate: 20.47% (2047/10000)

Train Epoch: 55 [20000/60000 (33%)]	Loss: 0.202261
Train Epoch: 55 [40000/60000 (67%)]	Loss: 0.182317
Train Epoch: 55 [60000/60000 (100%)]	Loss: 0.196562

Average Training loss: 0.0010, Training Error Rate: 19.31% (11584/60000)


Average Test loss: 0.0002, Test Error Rate: 17.67% (1767/10000)

Train Epoch: 56 [20000/60000 (33%)]	Loss: 0.196944
Train Epoch: 56 [40000/60000 (67%)]	Loss: 0.187677
Train Epoch: 56 [60000/60000 (100%)]	Loss: 0.208698

Average Training loss: 0.0010, Training Error Rate: 19.16% (11499/60000)


Average Test loss: 0.0002, Test Error Rate: 18.43% (1843/10000)

Train Epoch: 57 [20000/60000 (33%)]	Loss: 0.182803
Train Epoch: 57 [40000/60000 (67%)]	Loss: 0.202304
Train Epoch: 57 [60000/60000 (100%)]	Loss: 0.191095

Average Training loss: 0.0010, Training Error Rate: 19.33% (11599/60000)


Average Test loss: 0.0002, Test Error Rate: 19.89% (1989/10000)

Train Epoch: 58 [20000/60000 (33%)]	Loss: 0.210976
Train Epoch: 58 [40000/60000 (67%)]	Loss: 0.165563
Train Epoch: 58 [60000/60000 (100%)]	Loss: 0.167397

Average Training loss: 0.0009, Training Error Rate: 18.81% (11286/60000)


Average Test loss: 0.0002, Test Error Rate: 18.70% (1870/10000)

Train Epoch: 59 [20000/60000 (33%)]	Loss: 0.199670
Train Epoch: 59 [40000/60000 (67%)]	Loss: 0.174551
Train Epoch: 59 [60000/60000 (100%)]	Loss: 0.190121

Average Training loss: 0.0009, Training Error Rate: 17.74% (10644/60000)


Average Test loss: 0.0002, Test Error Rate: 17.48% (1748/10000)

Train Epoch: 60 [20000/60000 (33%)]	Loss: 0.177769
Train Epoch: 60 [40000/60000 (67%)]	Loss: 0.192551
Train Epoch: 60 [60000/60000 (100%)]	Loss: 0.163999

Average Training loss: 0.0009, Training Error Rate: 17.94% (10763/60000)


Average Test loss: 0.0002, Test Error Rate: 18.30% (1830/10000)

Train Epoch: 61 [20000/60000 (33%)]	Loss: 0.170461
Train Epoch: 61 [40000/60000 (67%)]	Loss: 0.205137
Train Epoch: 61 [60000/60000 (100%)]	Loss: 0.188113

Average Training loss: 0.0009, Training Error Rate: 18.87% (11322/60000)


Average Test loss: 0.0002, Test Error Rate: 18.89% (1889/10000)

Train Epoch: 62 [20000/60000 (33%)]	Loss: 0.178968
Train Epoch: 62 [40000/60000 (67%)]	Loss: 0.161895
Train Epoch: 62 [60000/60000 (100%)]	Loss: 0.209249

Average Training loss: 0.0009, Training Error Rate: 18.05% (10832/60000)


Average Test loss: 0.0002, Test Error Rate: 17.46% (1746/10000)

Train Epoch: 63 [20000/60000 (33%)]	Loss: 0.188262
Train Epoch: 63 [40000/60000 (67%)]	Loss: 0.183352
Train Epoch: 63 [60000/60000 (100%)]	Loss: 0.181314

Average Training loss: 0.0009, Training Error Rate: 17.18% (10308/60000)


Average Test loss: 0.0002, Test Error Rate: 17.20% (1720/10000)

Train Epoch: 64 [20000/60000 (33%)]	Loss: 0.164103
Train Epoch: 64 [40000/60000 (67%)]	Loss: 0.149626
Train Epoch: 64 [60000/60000 (100%)]	Loss: 0.175861

Average Training loss: 0.0009, Training Error Rate: 17.29% (10371/60000)


Average Test loss: 0.0002, Test Error Rate: 16.91% (1691/10000)

Train Epoch: 65 [20000/60000 (33%)]	Loss: 0.173346
Train Epoch: 65 [40000/60000 (67%)]	Loss: 0.159518
Train Epoch: 65 [60000/60000 (100%)]	Loss: 0.157898

Average Training loss: 0.0008, Training Error Rate: 16.94% (10164/60000)


Average Test loss: 0.0002, Test Error Rate: 16.32% (1632/10000)

Train Epoch: 66 [20000/60000 (33%)]	Loss: 0.169612
Train Epoch: 66 [40000/60000 (67%)]	Loss: 0.172683
Train Epoch: 66 [60000/60000 (100%)]	Loss: 0.161732

Average Training loss: 0.0008, Training Error Rate: 17.11% (10264/60000)


Average Test loss: 0.0002, Test Error Rate: 17.27% (1727/10000)

Train Epoch: 67 [20000/60000 (33%)]	Loss: 0.179829
Train Epoch: 67 [40000/60000 (67%)]	Loss: 0.167654
Train Epoch: 67 [60000/60000 (100%)]	Loss: 0.174801

Average Training loss: 0.0009, Training Error Rate: 17.18% (10308/60000)


Average Test loss: 0.0002, Test Error Rate: 16.83% (1683/10000)

Train Epoch: 68 [20000/60000 (33%)]	Loss: 0.166698
Train Epoch: 68 [40000/60000 (67%)]	Loss: 0.161006
Train Epoch: 68 [60000/60000 (100%)]	Loss: 0.169578

Average Training loss: 0.0009, Training Error Rate: 16.98% (10189/60000)


Average Test loss: 0.0002, Test Error Rate: 16.32% (1632/10000)

Train Epoch: 69 [20000/60000 (33%)]	Loss: 0.188285
Train Epoch: 69 [40000/60000 (67%)]	Loss: 0.163596
Train Epoch: 69 [60000/60000 (100%)]	Loss: 0.165865

Average Training loss: 0.0009, Training Error Rate: 17.32% (10389/60000)


Average Test loss: 0.0002, Test Error Rate: 17.67% (1767/10000)

Train Epoch: 70 [20000/60000 (33%)]	Loss: 0.188219
Train Epoch: 70 [40000/60000 (67%)]	Loss: 0.157469
Train Epoch: 70 [60000/60000 (100%)]	Loss: 0.176875

Average Training loss: 0.0008, Training Error Rate: 17.25% (10350/60000)


Average Test loss: 0.0002, Test Error Rate: 16.65% (1665/10000)

Train Epoch: 71 [20000/60000 (33%)]	Loss: 0.170398
Train Epoch: 71 [40000/60000 (67%)]	Loss: 0.176097
Train Epoch: 71 [60000/60000 (100%)]	Loss: 0.164231

Average Training loss: 0.0009, Training Error Rate: 17.32% (10392/60000)


Average Test loss: 0.0002, Test Error Rate: 16.54% (1654/10000)

Train Epoch: 72 [20000/60000 (33%)]	Loss: 0.150102
Train Epoch: 72 [40000/60000 (67%)]	Loss: 0.151892
Train Epoch: 72 [60000/60000 (100%)]	Loss: 0.148649

Average Training loss: 0.0008, Training Error Rate: 16.81% (10088/60000)


Average Test loss: 0.0002, Test Error Rate: 16.52% (1652/10000)

Train Epoch: 73 [20000/60000 (33%)]	Loss: 0.172208
Train Epoch: 73 [40000/60000 (67%)]	Loss: 0.176566
Train Epoch: 73 [60000/60000 (100%)]	Loss: 0.163886

Average Training loss: 0.0008, Training Error Rate: 16.85% (10110/60000)


Average Test loss: 0.0002, Test Error Rate: 15.54% (1554/10000)

Train Epoch: 74 [20000/60000 (33%)]	Loss: 0.169966
Train Epoch: 74 [40000/60000 (67%)]	Loss: 0.173976
Train Epoch: 74 [60000/60000 (100%)]	Loss: 0.157479

Average Training loss: 0.0008, Training Error Rate: 16.31% (9784/60000)


Average Test loss: 0.0002, Test Error Rate: 16.58% (1658/10000)

Train Epoch: 75 [20000/60000 (33%)]	Loss: 0.175036
Train Epoch: 75 [40000/60000 (67%)]	Loss: 0.182976
Train Epoch: 75 [60000/60000 (100%)]	Loss: 0.192129

Average Training loss: 0.0008, Training Error Rate: 16.82% (10093/60000)


Average Test loss: 0.0002, Test Error Rate: 16.99% (1699/10000)

Train Epoch: 76 [20000/60000 (33%)]	Loss: 0.160859
Train Epoch: 76 [40000/60000 (67%)]	Loss: 0.180684
Train Epoch: 76 [60000/60000 (100%)]	Loss: 0.171879

Average Training loss: 0.0008, Training Error Rate: 16.58% (9946/60000)


Average Test loss: 0.0002, Test Error Rate: 15.50% (1550/10000)

Train Epoch: 77 [20000/60000 (33%)]	Loss: 0.149758
Train Epoch: 77 [40000/60000 (67%)]	Loss: 0.167977
Train Epoch: 77 [60000/60000 (100%)]	Loss: 0.167379

Average Training loss: 0.0008, Training Error Rate: 16.13% (9678/60000)


Average Test loss: 0.0002, Test Error Rate: 15.27% (1527/10000)

Train Epoch: 78 [20000/60000 (33%)]	Loss: 0.160541
Train Epoch: 78 [40000/60000 (67%)]	Loss: 0.146071
Train Epoch: 78 [60000/60000 (100%)]	Loss: 0.175883

Average Training loss: 0.0008, Training Error Rate: 16.08% (9650/60000)


Average Test loss: 0.0002, Test Error Rate: 15.49% (1549/10000)

Train Epoch: 79 [20000/60000 (33%)]	Loss: 0.176702
Train Epoch: 79 [40000/60000 (67%)]	Loss: 0.160055
Train Epoch: 79 [60000/60000 (100%)]	Loss: 0.160063

Average Training loss: 0.0008, Training Error Rate: 16.11% (9669/60000)


Average Test loss: 0.0002, Test Error Rate: 14.85% (1485/10000)

Train Epoch: 80 [20000/60000 (33%)]	Loss: 0.178163
Train Epoch: 80 [40000/60000 (67%)]	Loss: 0.164870
Train Epoch: 80 [60000/60000 (100%)]	Loss: 0.162405

Average Training loss: 0.0008, Training Error Rate: 15.80% (9481/60000)


Average Test loss: 0.0002, Test Error Rate: 15.59% (1559/10000)

Train Epoch: 81 [20000/60000 (33%)]	Loss: 0.146662
Train Epoch: 81 [40000/60000 (67%)]	Loss: 0.148017
Train Epoch: 81 [60000/60000 (100%)]	Loss: 0.153394

Average Training loss: 0.0008, Training Error Rate: 15.69% (9412/60000)


Average Test loss: 0.0002, Test Error Rate: 15.07% (1507/10000)

Train Epoch: 82 [20000/60000 (33%)]	Loss: 0.148856
Train Epoch: 82 [40000/60000 (67%)]	Loss: 0.177282
Train Epoch: 82 [60000/60000 (100%)]	Loss: 0.153809

Average Training loss: 0.0008, Training Error Rate: 15.68% (9406/60000)


Average Test loss: 0.0002, Test Error Rate: 15.81% (1581/10000)

Train Epoch: 83 [20000/60000 (33%)]	Loss: 0.153297
Train Epoch: 83 [40000/60000 (67%)]	Loss: 0.136138
Train Epoch: 83 [60000/60000 (100%)]	Loss: 0.175636

Average Training loss: 0.0008, Training Error Rate: 15.74% (9442/60000)


Average Test loss: 0.0002, Test Error Rate: 15.93% (1593/10000)

Train Epoch: 84 [20000/60000 (33%)]	Loss: 0.160893
Train Epoch: 84 [40000/60000 (67%)]	Loss: 0.152739
Train Epoch: 84 [60000/60000 (100%)]	Loss: 0.144726

Average Training loss: 0.0008, Training Error Rate: 15.73% (9437/60000)


Average Test loss: 0.0001, Test Error Rate: 15.18% (1518/10000)

Train Epoch: 85 [20000/60000 (33%)]	Loss: 0.170265
Train Epoch: 85 [40000/60000 (67%)]	Loss: 0.151277
Train Epoch: 85 [60000/60000 (100%)]	Loss: 0.143149

Average Training loss: 0.0008, Training Error Rate: 15.70% (9421/60000)


Average Test loss: 0.0001, Test Error Rate: 14.58% (1458/10000)

Train Epoch: 86 [20000/60000 (33%)]	Loss: 0.154867
Train Epoch: 86 [40000/60000 (67%)]	Loss: 0.160247
Train Epoch: 86 [60000/60000 (100%)]	Loss: 0.168092

Average Training loss: 0.0008, Training Error Rate: 15.48% (9287/60000)


Average Test loss: 0.0002, Test Error Rate: 15.00% (1500/10000)

Train Epoch: 87 [20000/60000 (33%)]	Loss: 0.131577
Train Epoch: 87 [40000/60000 (67%)]	Loss: 0.149162
Train Epoch: 87 [60000/60000 (100%)]	Loss: 0.136293

Average Training loss: 0.0008, Training Error Rate: 15.15% (9093/60000)


Average Test loss: 0.0002, Test Error Rate: 14.59% (1459/10000)

Train Epoch: 88 [20000/60000 (33%)]	Loss: 0.151337
Train Epoch: 88 [40000/60000 (67%)]	Loss: 0.131678
Train Epoch: 88 [60000/60000 (100%)]	Loss: 0.147809

Average Training loss: 0.0008, Training Error Rate: 15.03% (9017/60000)


Average Test loss: 0.0001, Test Error Rate: 15.21% (1521/10000)

Train Epoch: 89 [20000/60000 (33%)]	Loss: 0.173922
Train Epoch: 89 [40000/60000 (67%)]	Loss: 0.128511
Train Epoch: 89 [60000/60000 (100%)]	Loss: 0.156792

Average Training loss: 0.0007, Training Error Rate: 15.12% (9069/60000)


Average Test loss: 0.0001, Test Error Rate: 14.40% (1440/10000)

Train Epoch: 90 [20000/60000 (33%)]	Loss: 0.155679
Train Epoch: 90 [40000/60000 (67%)]	Loss: 0.150490
Train Epoch: 90 [60000/60000 (100%)]	Loss: 0.148114

Average Training loss: 0.0007, Training Error Rate: 14.82% (8892/60000)


Average Test loss: 0.0001, Test Error Rate: 14.33% (1433/10000)

Train Epoch: 91 [20000/60000 (33%)]	Loss: 0.123135
Train Epoch: 91 [40000/60000 (67%)]	Loss: 0.144120
Train Epoch: 91 [60000/60000 (100%)]	Loss: 0.148465

Average Training loss: 0.0007, Training Error Rate: 15.12% (9075/60000)


Average Test loss: 0.0001, Test Error Rate: 14.87% (1487/10000)

Train Epoch: 92 [20000/60000 (33%)]	Loss: 0.153654
Train Epoch: 92 [40000/60000 (67%)]	Loss: 0.119338
Train Epoch: 92 [60000/60000 (100%)]	Loss: 0.138980

Average Training loss: 0.0007, Training Error Rate: 15.07% (9044/60000)


Average Test loss: 0.0001, Test Error Rate: 15.09% (1509/10000)

Train Epoch: 93 [20000/60000 (33%)]	Loss: 0.144788
Train Epoch: 93 [40000/60000 (67%)]	Loss: 0.124153
Train Epoch: 93 [60000/60000 (100%)]	Loss: 0.132543

Average Training loss: 0.0007, Training Error Rate: 14.89% (8932/60000)


Average Test loss: 0.0001, Test Error Rate: 14.74% (1474/10000)

Train Epoch: 94 [20000/60000 (33%)]	Loss: 0.131669
Train Epoch: 94 [40000/60000 (67%)]	Loss: 0.139428
Train Epoch: 94 [60000/60000 (100%)]	Loss: 0.151450

Average Training loss: 0.0007, Training Error Rate: 14.86% (8914/60000)


Average Test loss: 0.0001, Test Error Rate: 14.66% (1466/10000)

Train Epoch: 95 [20000/60000 (33%)]	Loss: 0.150601
Train Epoch: 95 [40000/60000 (67%)]	Loss: 0.139245
Train Epoch: 95 [60000/60000 (100%)]	Loss: 0.149556

Average Training loss: 0.0007, Training Error Rate: 14.82% (8890/60000)


Average Test loss: 0.0001, Test Error Rate: 14.57% (1457/10000)

Train Epoch: 96 [20000/60000 (33%)]	Loss: 0.148264
Train Epoch: 96 [40000/60000 (67%)]	Loss: 0.140347
Train Epoch: 96 [60000/60000 (100%)]	Loss: 0.146033

Average Training loss: 0.0007, Training Error Rate: 14.74% (8845/60000)


Average Test loss: 0.0001, Test Error Rate: 13.80% (1380/10000)

Train Epoch: 97 [20000/60000 (33%)]	Loss: 0.155381
Train Epoch: 97 [40000/60000 (67%)]	Loss: 0.132856
Train Epoch: 97 [60000/60000 (100%)]	Loss: 0.145543

Average Training loss: 0.0007, Training Error Rate: 14.19% (8514/60000)


Average Test loss: 0.0001, Test Error Rate: 14.34% (1434/10000)

Train Epoch: 98 [20000/60000 (33%)]	Loss: 0.134700
Train Epoch: 98 [40000/60000 (67%)]	Loss: 0.134707
Train Epoch: 98 [60000/60000 (100%)]	Loss: 0.119464

Average Training loss: 0.0007, Training Error Rate: 14.74% (8844/60000)


Average Test loss: 0.0001, Test Error Rate: 14.01% (1401/10000)

Train Epoch: 99 [20000/60000 (33%)]	Loss: 0.129133
Train Epoch: 99 [40000/60000 (67%)]	Loss: 0.162070
Train Epoch: 99 [60000/60000 (100%)]	Loss: 0.132446

Average Training loss: 0.0007, Training Error Rate: 14.47% (8680/60000)


Average Test loss: 0.0001, Test Error Rate: 13.93% (1393/10000)

/vast/home/ajherman/miniconda3/envs/pytorch/lib/python3.11/site-packages/torchvision/io/image.py:13: UserWarning: Failed to load image Python extension: '/vast/home/ajherman/miniconda3/envs/pytorch/lib/python3.11/site-packages/torchvision/image.so: undefined symbol: _ZN5torch3jit17parseSchemaOrNameERKNSt7__cxx1112basic_stringIcSt11char_traitsIcESaIcEEE'If you don't plan on using image functionality from `torchvision.io`, you can ignore this warning. Otherwise, there might be something wrong with your environment. Did you have `libjpeg` or `libpng` installed before building `torchvision` from source?
  warn(
Random seed set as 42
dt =  0.6321205588285577
trace decay =  0.8187307530779818
Random seed set as 42
Random seed set as 42
dt =  0.6321205588285577
trace decay =  0.8187307530779818
Random seed set as 42
/vast/home/ajherman/miniconda3/envs/pytorch/lib/python3.11/site-packages/torchvision/io/image.py:13: UserWarning: Failed to load image Python extension: '/vast/home/ajherman/miniconda3/envs/pytorch/lib/python3.11/site-packages/torchvision/image.so: undefined symbol: _ZN5torch3jit17parseSchemaOrNameERKNSt7__cxx1112basic_stringIcSt11char_traitsIcESaIcEEE'If you don't plan on using image functionality from `torchvision.io`, you can ignore this warning. Otherwise, there might be something wrong with your environment. Did you have `libjpeg` or `libpng` installed before building `torchvision` from source?
  warn(
Random seed set as 42
dt =  0.6321205588285577
trace decay =  0.8187307530779818
Random seed set as 42
Random seed set as 42
dt =  0.6321205588285577
trace decay =  0.8187307530779818
Random seed set as 42
