/vast/home/ajherman/miniconda3/envs/pytorch/lib/python3.11/site-packages/torchvision/io/image.py:13: UserWarning: Failed to load image Python extension: '/vast/home/ajherman/miniconda3/envs/pytorch/lib/python3.11/site-packages/torchvision/image.so: undefined symbol: _ZN5torch3jit17parseSchemaOrNameERKNSt7__cxx1112basic_stringIcSt11char_traitsIcESaIcEEE'If you don't plan on using image functionality from `torchvision.io`, you can ignore this warning. Otherwise, there might be something wrong with your environment. Did you have `libjpeg` or `libpng` installed before building `torchvision` from source?
  warn(
Random seed set as 42
dt =  0.11750309741540454
trace decay =  0.8187307530779818
Random seed set as 42
Random seed set as 42
dt =  0.11750309741540454
trace decay =  0.8187307530779818
Random seed set as 42
Train Epoch: 0 [20000/60000 (33%)]	Loss: 0.384608
Train Epoch: 0 [40000/60000 (67%)]	Loss: 0.331693
Train Epoch: 0 [60000/60000 (100%)]	Loss: 0.300661

Average Training loss: 0.0018, Training Error Rate: 48.70% (29217/60000)


Average Test loss: 0.0003, Test Error Rate: 33.36% (3336/10000)

Train Epoch: 1 [20000/60000 (33%)]	Loss: 0.300994
Train Epoch: 1 [40000/60000 (67%)]	Loss: 0.271500
Train Epoch: 1 [60000/60000 (100%)]	Loss: 0.258254

Average Training loss: 0.0014, Training Error Rate: 30.07% (18041/60000)


Average Test loss: 0.0003, Test Error Rate: 29.38% (2938/10000)

Train Epoch: 2 [20000/60000 (33%)]	Loss: 0.232938
Train Epoch: 2 [40000/60000 (67%)]	Loss: 0.242602
Train Epoch: 2 [60000/60000 (100%)]	Loss: 0.240570

Average Training loss: 0.0012, Training Error Rate: 23.50% (14097/60000)


Average Test loss: 0.0002, Test Error Rate: 21.88% (2188/10000)

Train Epoch: 3 [20000/60000 (33%)]	Loss: 0.232323
Train Epoch: 3 [40000/60000 (67%)]	Loss: 0.211420
Train Epoch: 3 [60000/60000 (100%)]	Loss: 0.225361

Average Training loss: 0.0011, Training Error Rate: 20.83% (12499/60000)


Average Test loss: 0.0002, Test Error Rate: 21.73% (2173/10000)

Train Epoch: 4 [20000/60000 (33%)]	Loss: 0.216993
Train Epoch: 4 [40000/60000 (67%)]	Loss: 0.223954
Train Epoch: 4 [60000/60000 (100%)]	Loss: 0.216626

Average Training loss: 0.0011, Training Error Rate: 21.94% (13163/60000)


Average Test loss: 0.0002, Test Error Rate: 21.55% (2155/10000)

Train Epoch: 5 [20000/60000 (33%)]	Loss: 0.206275
Train Epoch: 5 [40000/60000 (67%)]	Loss: 0.202749
Train Epoch: 5 [60000/60000 (100%)]	Loss: 0.209087

Average Training loss: 0.0010, Training Error Rate: 19.61% (11768/60000)


Average Test loss: 0.0002, Test Error Rate: 17.41% (1741/10000)

Train Epoch: 6 [20000/60000 (33%)]	Loss: 0.204983
Train Epoch: 6 [40000/60000 (67%)]	Loss: 0.190505
Train Epoch: 6 [60000/60000 (100%)]	Loss: 0.188586

Average Training loss: 0.0010, Training Error Rate: 17.66% (10594/60000)


Average Test loss: 0.0002, Test Error Rate: 16.91% (1691/10000)

Train Epoch: 7 [20000/60000 (33%)]	Loss: 0.195943
Train Epoch: 7 [40000/60000 (67%)]	Loss: 0.210601
Train Epoch: 7 [60000/60000 (100%)]	Loss: 0.184028

Average Training loss: 0.0010, Training Error Rate: 17.94% (10763/60000)


Average Test loss: 0.0002, Test Error Rate: 16.25% (1625/10000)

Train Epoch: 8 [20000/60000 (33%)]	Loss: 0.174577
Train Epoch: 8 [40000/60000 (67%)]	Loss: 0.194768
Train Epoch: 8 [60000/60000 (100%)]	Loss: 0.185275

Average Training loss: 0.0009, Training Error Rate: 17.06% (10238/60000)


Average Test loss: 0.0002, Test Error Rate: 16.46% (1646/10000)

Train Epoch: 9 [20000/60000 (33%)]	Loss: 0.167345
Train Epoch: 9 [40000/60000 (67%)]	Loss: 0.180986
Train Epoch: 9 [60000/60000 (100%)]	Loss: 0.165680

Average Training loss: 0.0009, Training Error Rate: 16.11% (9665/60000)


Average Test loss: 0.0002, Test Error Rate: 15.47% (1547/10000)

Train Epoch: 10 [20000/60000 (33%)]	Loss: 0.177929
Train Epoch: 10 [40000/60000 (67%)]	Loss: 0.182798
Train Epoch: 10 [60000/60000 (100%)]	Loss: 0.173199

Average Training loss: 0.0009, Training Error Rate: 15.85% (9508/60000)


Average Test loss: 0.0002, Test Error Rate: 15.59% (1559/10000)

Train Epoch: 11 [20000/60000 (33%)]	Loss: 0.163219
Train Epoch: 11 [40000/60000 (67%)]	Loss: 0.189476
Train Epoch: 11 [60000/60000 (100%)]	Loss: 0.161287

Average Training loss: 0.0009, Training Error Rate: 15.73% (9439/60000)


Average Test loss: 0.0002, Test Error Rate: 14.57% (1457/10000)

Train Epoch: 12 [20000/60000 (33%)]	Loss: 0.177598
Train Epoch: 12 [40000/60000 (67%)]	Loss: 0.161236
Train Epoch: 12 [60000/60000 (100%)]	Loss: 0.166882

Average Training loss: 0.0008, Training Error Rate: 15.23% (9138/60000)


Average Test loss: 0.0002, Test Error Rate: 13.88% (1388/10000)

Train Epoch: 13 [20000/60000 (33%)]	Loss: 0.154617
Train Epoch: 13 [40000/60000 (67%)]	Loss: 0.159493
Train Epoch: 13 [60000/60000 (100%)]	Loss: 0.155803

Average Training loss: 0.0008, Training Error Rate: 14.36% (8618/60000)


Average Test loss: 0.0002, Test Error Rate: 14.08% (1408/10000)

Train Epoch: 14 [20000/60000 (33%)]	Loss: 0.169887
Train Epoch: 14 [40000/60000 (67%)]	Loss: 0.177768
Train Epoch: 14 [60000/60000 (100%)]	Loss: 0.148142

Average Training loss: 0.0008, Training Error Rate: 14.45% (8667/60000)


Average Test loss: 0.0001, Test Error Rate: 14.09% (1409/10000)

Train Epoch: 15 [20000/60000 (33%)]	Loss: 0.157848
Train Epoch: 15 [40000/60000 (67%)]	Loss: 0.158640
Train Epoch: 15 [60000/60000 (100%)]	Loss: 0.146493

Average Training loss: 0.0007, Training Error Rate: 14.09% (8455/60000)


Average Test loss: 0.0001, Test Error Rate: 13.67% (1367/10000)

Train Epoch: 16 [20000/60000 (33%)]	Loss: 0.155687
Train Epoch: 16 [40000/60000 (67%)]	Loss: 0.155947
Train Epoch: 16 [60000/60000 (100%)]	Loss: 0.137641

Average Training loss: 0.0007, Training Error Rate: 13.92% (8354/60000)


Average Test loss: 0.0001, Test Error Rate: 12.63% (1263/10000)

Train Epoch: 17 [20000/60000 (33%)]	Loss: 0.157417
Train Epoch: 17 [40000/60000 (67%)]	Loss: 0.163544
Train Epoch: 17 [60000/60000 (100%)]	Loss: 0.136270

Average Training loss: 0.0007, Training Error Rate: 13.65% (8190/60000)


Average Test loss: 0.0001, Test Error Rate: 12.45% (1245/10000)

Train Epoch: 18 [20000/60000 (33%)]	Loss: 0.129070
Train Epoch: 18 [40000/60000 (67%)]	Loss: 0.150851
Train Epoch: 18 [60000/60000 (100%)]	Loss: 0.143266

Average Training loss: 0.0007, Training Error Rate: 13.60% (8162/60000)


Average Test loss: 0.0001, Test Error Rate: 12.31% (1231/10000)

Train Epoch: 19 [20000/60000 (33%)]	Loss: 0.162865
Train Epoch: 19 [40000/60000 (67%)]	Loss: 0.135207
Train Epoch: 19 [60000/60000 (100%)]	Loss: 0.149509

Average Training loss: 0.0007, Training Error Rate: 13.47% (8084/60000)


Average Test loss: 0.0001, Test Error Rate: 13.29% (1329/10000)

Train Epoch: 20 [20000/60000 (33%)]	Loss: 0.145414
Train Epoch: 20 [40000/60000 (67%)]	Loss: 0.154361
Train Epoch: 20 [60000/60000 (100%)]	Loss: 0.139849

Average Training loss: 0.0007, Training Error Rate: 13.85% (8308/60000)


Average Test loss: 0.0001, Test Error Rate: 13.75% (1375/10000)

Train Epoch: 21 [20000/60000 (33%)]	Loss: 0.141970
Train Epoch: 21 [40000/60000 (67%)]	Loss: 0.141353
Train Epoch: 21 [60000/60000 (100%)]	Loss: 0.148881

Average Training loss: 0.0007, Training Error Rate: 13.45% (8069/60000)


Average Test loss: 0.0001, Test Error Rate: 12.30% (1230/10000)

Train Epoch: 22 [20000/60000 (33%)]	Loss: 0.137380
Train Epoch: 22 [40000/60000 (67%)]	Loss: 0.156314
Train Epoch: 22 [60000/60000 (100%)]	Loss: 0.164899

Average Training loss: 0.0007, Training Error Rate: 13.32% (7994/60000)


Average Test loss: 0.0001, Test Error Rate: 13.14% (1314/10000)

Train Epoch: 23 [20000/60000 (33%)]	Loss: 0.149248
Train Epoch: 23 [40000/60000 (67%)]	Loss: 0.142820
Train Epoch: 23 [60000/60000 (100%)]	Loss: 0.136706

Average Training loss: 0.0007, Training Error Rate: 13.49% (8094/60000)


Average Test loss: 0.0001, Test Error Rate: 12.99% (1299/10000)

Train Epoch: 24 [20000/60000 (33%)]	Loss: 0.132600
Train Epoch: 24 [40000/60000 (67%)]	Loss: 0.154148
Train Epoch: 24 [60000/60000 (100%)]	Loss: 0.139488

Average Training loss: 0.0007, Training Error Rate: 13.35% (8011/60000)


Average Test loss: 0.0001, Test Error Rate: 12.10% (1210/10000)

Train Epoch: 25 [20000/60000 (33%)]	Loss: 0.158822
Train Epoch: 25 [40000/60000 (67%)]	Loss: 0.124492
Train Epoch: 25 [60000/60000 (100%)]	Loss: 0.118421

Average Training loss: 0.0007, Training Error Rate: 12.86% (7715/60000)


Average Test loss: 0.0001, Test Error Rate: 11.78% (1178/10000)

Train Epoch: 26 [20000/60000 (33%)]	Loss: 0.137071
Train Epoch: 26 [40000/60000 (67%)]	Loss: 0.117537
Train Epoch: 26 [60000/60000 (100%)]	Loss: 0.122027

Average Training loss: 0.0006, Training Error Rate: 12.72% (7634/60000)


Average Test loss: 0.0001, Test Error Rate: 11.61% (1161/10000)

Train Epoch: 27 [20000/60000 (33%)]	Loss: 0.119234
Train Epoch: 27 [40000/60000 (67%)]	Loss: 0.140045
Train Epoch: 27 [60000/60000 (100%)]	Loss: 0.144906

Average Training loss: 0.0007, Training Error Rate: 12.55% (7533/60000)


Average Test loss: 0.0001, Test Error Rate: 11.76% (1176/10000)

Train Epoch: 28 [20000/60000 (33%)]	Loss: 0.128407
Train Epoch: 28 [40000/60000 (67%)]	Loss: 0.122192
Train Epoch: 28 [60000/60000 (100%)]	Loss: 0.131378

Average Training loss: 0.0007, Training Error Rate: 12.58% (7547/60000)


Average Test loss: 0.0001, Test Error Rate: 11.99% (1199/10000)

Train Epoch: 29 [20000/60000 (33%)]	Loss: 0.149572
Train Epoch: 29 [40000/60000 (67%)]	Loss: 0.138343
slurmstepd: error: *** STEP 15491790.1924 ON cn430 CANCELLED AT 2023-10-02T20:55:05 ***
/vast/home/ajherman/miniconda3/envs/pytorch/lib/python3.11/site-packages/torchvision/io/image.py:13: UserWarning: Failed to load image Python extension: '/vast/home/ajherman/miniconda3/envs/pytorch/lib/python3.11/site-packages/torchvision/image.so: undefined symbol: _ZN5torch3jit17parseSchemaOrNameERKNSt7__cxx1112basic_stringIcSt11char_traitsIcESaIcEEE'If you don't plan on using image functionality from `torchvision.io`, you can ignore this warning. Otherwise, there might be something wrong with your environment. Did you have `libjpeg` or `libpng` installed before building `torchvision` from source?
  warn(
Random seed set as 42
dt =  0.11750309741540454
trace decay =  0.8187307530779818
Random seed set as 42
Random seed set as 42
dt =  0.11750309741540454
trace decay =  0.8187307530779818
Random seed set as 42
Train Epoch: 29 [20000/60000 (33%)]	Loss: 0.121518
Train Epoch: 29 [40000/60000 (67%)]	Loss: 0.133525
Train Epoch: 29 [60000/60000 (100%)]	Loss: 0.131211

Average Training loss: 0.0007, Training Error Rate: 12.49% (7495/60000)


Average Test loss: 0.0001, Test Error Rate: 11.46% (1146/10000)

Train Epoch: 30 [20000/60000 (33%)]	Loss: 0.146179
Train Epoch: 30 [40000/60000 (67%)]	Loss: 0.131137
Train Epoch: 30 [60000/60000 (100%)]	Loss: 0.110100

Average Training loss: 0.0006, Training Error Rate: 12.44% (7463/60000)


Average Test loss: 0.0001, Test Error Rate: 11.42% (1142/10000)

Train Epoch: 31 [20000/60000 (33%)]	Loss: 0.124298
Train Epoch: 31 [40000/60000 (67%)]	Loss: 0.113525
Train Epoch: 31 [60000/60000 (100%)]	Loss: 0.128858

Average Training loss: 0.0006, Training Error Rate: 12.52% (7509/60000)


Average Test loss: 0.0001, Test Error Rate: 11.50% (1150/10000)

Train Epoch: 32 [20000/60000 (33%)]	Loss: 0.127198
Train Epoch: 32 [40000/60000 (67%)]	Loss: 0.111070
Train Epoch: 32 [60000/60000 (100%)]	Loss: 0.125228

Average Training loss: 0.0006, Training Error Rate: 11.89% (7135/60000)


Average Test loss: 0.0001, Test Error Rate: 10.56% (1056/10000)

Train Epoch: 33 [20000/60000 (33%)]	Loss: 0.125468
Train Epoch: 33 [40000/60000 (67%)]	Loss: 0.116725
Train Epoch: 33 [60000/60000 (100%)]	Loss: 0.094290

Average Training loss: 0.0006, Training Error Rate: 11.52% (6910/60000)


Average Test loss: 0.0001, Test Error Rate: 10.84% (1084/10000)

Train Epoch: 34 [20000/60000 (33%)]	Loss: 0.130746
Train Epoch: 34 [40000/60000 (67%)]	Loss: 0.109355
Train Epoch: 34 [60000/60000 (100%)]	Loss: 0.128812

Average Training loss: 0.0006, Training Error Rate: 11.50% (6900/60000)


Average Test loss: 0.0001, Test Error Rate: 11.08% (1108/10000)

Train Epoch: 35 [20000/60000 (33%)]	Loss: 0.117483
Train Epoch: 35 [40000/60000 (67%)]	Loss: 0.112714
Train Epoch: 35 [60000/60000 (100%)]	Loss: 0.111925

Average Training loss: 0.0006, Training Error Rate: 11.24% (6747/60000)


Average Test loss: 0.0001, Test Error Rate: 10.91% (1091/10000)

Train Epoch: 36 [20000/60000 (33%)]	Loss: 0.123634
Train Epoch: 36 [40000/60000 (67%)]	Loss: 0.109981
Train Epoch: 36 [60000/60000 (100%)]	Loss: 0.117726

Average Training loss: 0.0006, Training Error Rate: 11.19% (6716/60000)


Average Test loss: 0.0001, Test Error Rate: 10.79% (1079/10000)

Train Epoch: 37 [20000/60000 (33%)]	Loss: 0.121629
Train Epoch: 37 [40000/60000 (67%)]	Loss: 0.106891
Train Epoch: 37 [60000/60000 (100%)]	Loss: 0.112920

Average Training loss: 0.0006, Training Error Rate: 11.49% (6893/60000)


Average Test loss: 0.0001, Test Error Rate: 10.80% (1080/10000)

Train Epoch: 38 [20000/60000 (33%)]	Loss: 0.133614
Train Epoch: 38 [40000/60000 (67%)]	Loss: 0.118683
Train Epoch: 38 [60000/60000 (100%)]	Loss: 0.106724

Average Training loss: 0.0006, Training Error Rate: 11.55% (6931/60000)


Average Test loss: 0.0001, Test Error Rate: 11.02% (1102/10000)

Train Epoch: 39 [20000/60000 (33%)]	Loss: 0.122785
Train Epoch: 39 [40000/60000 (67%)]	Loss: 0.109764
Train Epoch: 39 [60000/60000 (100%)]	Loss: 0.137704

Average Training loss: 0.0006, Training Error Rate: 11.79% (7073/60000)


Average Test loss: 0.0001, Test Error Rate: 11.09% (1109/10000)

Train Epoch: 40 [20000/60000 (33%)]	Loss: 0.119248
Train Epoch: 40 [40000/60000 (67%)]	Loss: 0.117674
Train Epoch: 40 [60000/60000 (100%)]	Loss: 0.104990

Average Training loss: 0.0006, Training Error Rate: 11.37% (6823/60000)


Average Test loss: 0.0001, Test Error Rate: 11.20% (1120/10000)

Train Epoch: 41 [20000/60000 (33%)]	Loss: 0.112845
Train Epoch: 41 [40000/60000 (67%)]	Loss: 0.135425
Train Epoch: 41 [60000/60000 (100%)]	Loss: 0.114855

Average Training loss: 0.0006, Training Error Rate: 11.53% (6918/60000)


Average Test loss: 0.0001, Test Error Rate: 10.91% (1091/10000)

Train Epoch: 42 [20000/60000 (33%)]	Loss: 0.115380
Train Epoch: 42 [40000/60000 (67%)]	Loss: 0.121019
Train Epoch: 42 [60000/60000 (100%)]	Loss: 0.123512

Average Training loss: 0.0006, Training Error Rate: 11.77% (7061/60000)


Average Test loss: 0.0001, Test Error Rate: 10.85% (1085/10000)

Train Epoch: 43 [20000/60000 (33%)]	Loss: 0.098572
Train Epoch: 43 [40000/60000 (67%)]	Loss: 0.116696
Train Epoch: 43 [60000/60000 (100%)]	Loss: 0.123961

Average Training loss: 0.0006, Training Error Rate: 11.36% (6817/60000)


Average Test loss: 0.0001, Test Error Rate: 10.64% (1064/10000)

Train Epoch: 44 [20000/60000 (33%)]	Loss: 0.106517
Train Epoch: 44 [40000/60000 (67%)]	Loss: 0.126854
Train Epoch: 44 [60000/60000 (100%)]	Loss: 0.115138

Average Training loss: 0.0006, Training Error Rate: 11.54% (6921/60000)


Average Test loss: 0.0001, Test Error Rate: 10.91% (1091/10000)

Train Epoch: 45 [20000/60000 (33%)]	Loss: 0.106159
Train Epoch: 45 [40000/60000 (67%)]	Loss: 0.115128
Train Epoch: 45 [60000/60000 (100%)]	Loss: 0.113722

Average Training loss: 0.0006, Training Error Rate: 11.48% (6890/60000)


Average Test loss: 0.0001, Test Error Rate: 10.94% (1094/10000)

Train Epoch: 46 [20000/60000 (33%)]	Loss: 0.129968
Train Epoch: 46 [40000/60000 (67%)]	Loss: 0.111093
Train Epoch: 46 [60000/60000 (100%)]	Loss: 0.113063

Average Training loss: 0.0006, Training Error Rate: 11.37% (6820/60000)


Average Test loss: 0.0001, Test Error Rate: 10.39% (1039/10000)

Train Epoch: 47 [20000/60000 (33%)]	Loss: 0.118257
Train Epoch: 47 [40000/60000 (67%)]	Loss: 0.103246
Train Epoch: 47 [60000/60000 (100%)]	Loss: 0.125894

Average Training loss: 0.0006, Training Error Rate: 11.07% (6643/60000)


Average Test loss: 0.0001, Test Error Rate: 10.63% (1063/10000)

Train Epoch: 48 [20000/60000 (33%)]	Loss: 0.118260
Train Epoch: 48 [40000/60000 (67%)]	Loss: 0.117779
Train Epoch: 48 [60000/60000 (100%)]	Loss: 0.131418

Average Training loss: 0.0006, Training Error Rate: 10.84% (6503/60000)


Average Test loss: 0.0001, Test Error Rate: 10.57% (1057/10000)

Train Epoch: 49 [20000/60000 (33%)]	Loss: 0.125405
Train Epoch: 49 [40000/60000 (67%)]	Loss: 0.141141
Train Epoch: 49 [60000/60000 (100%)]	Loss: 0.110497

Average Training loss: 0.0006, Training Error Rate: 10.83% (6500/60000)


Average Test loss: 0.0001, Test Error Rate: 10.67% (1067/10000)

Train Epoch: 50 [20000/60000 (33%)]	Loss: 0.099880
Train Epoch: 50 [40000/60000 (67%)]	Loss: 0.118183
Train Epoch: 50 [60000/60000 (100%)]	Loss: 0.114165

Average Training loss: 0.0006, Training Error Rate: 10.96% (6579/60000)


Average Test loss: 0.0001, Test Error Rate: 10.56% (1056/10000)

Train Epoch: 51 [20000/60000 (33%)]	Loss: 0.126016
Train Epoch: 51 [40000/60000 (67%)]	Loss: 0.128022
Train Epoch: 51 [60000/60000 (100%)]	Loss: 0.102905

Average Training loss: 0.0006, Training Error Rate: 10.89% (6537/60000)


Average Test loss: 0.0001, Test Error Rate: 10.51% (1051/10000)

Train Epoch: 52 [20000/60000 (33%)]	Loss: 0.121939
Train Epoch: 52 [40000/60000 (67%)]	Loss: 0.103176
Train Epoch: 52 [60000/60000 (100%)]	Loss: 0.097101

Average Training loss: 0.0005, Training Error Rate: 10.86% (6514/60000)


Average Test loss: 0.0001, Test Error Rate: 10.41% (1041/10000)

Train Epoch: 53 [20000/60000 (33%)]	Loss: 0.117620
Train Epoch: 53 [40000/60000 (67%)]	Loss: 0.105726
Train Epoch: 53 [60000/60000 (100%)]	Loss: 0.107870

Average Training loss: 0.0005, Training Error Rate: 10.88% (6526/60000)


Average Test loss: 0.0001, Test Error Rate: 10.54% (1054/10000)

Train Epoch: 54 [20000/60000 (33%)]	Loss: 0.120471
Train Epoch: 54 [40000/60000 (67%)]	Loss: 0.121856
Train Epoch: 54 [60000/60000 (100%)]	Loss: 0.110354

Average Training loss: 0.0005, Training Error Rate: 10.82% (6491/60000)


Average Test loss: 0.0001, Test Error Rate: 10.07% (1007/10000)

Train Epoch: 55 [20000/60000 (33%)]	Loss: 0.115591
Train Epoch: 55 [40000/60000 (67%)]	Loss: 0.112612
Train Epoch: 55 [60000/60000 (100%)]	Loss: 0.102972

Average Training loss: 0.0005, Training Error Rate: 10.63% (6376/60000)


Average Test loss: 0.0001, Test Error Rate: 10.08% (1008/10000)

Train Epoch: 56 [20000/60000 (33%)]	Loss: 0.105378
Train Epoch: 56 [40000/60000 (67%)]	Loss: 0.101730
Train Epoch: 56 [60000/60000 (100%)]	Loss: 0.111194

Average Training loss: 0.0005, Training Error Rate: 10.56% (6335/60000)


Average Test loss: 0.0001, Test Error Rate: 10.14% (1014/10000)

Train Epoch: 57 [20000/60000 (33%)]	Loss: 0.113322
Train Epoch: 57 [40000/60000 (67%)]	Loss: 0.110613
Train Epoch: 57 [60000/60000 (100%)]	Loss: 0.128774

Average Training loss: 0.0005, Training Error Rate: 10.73% (6438/60000)


Average Test loss: 0.0001, Test Error Rate: 10.54% (1054/10000)

Train Epoch: 58 [20000/60000 (33%)]	Loss: 0.117913
Train Epoch: 58 [40000/60000 (67%)]	Loss: 0.113294
Train Epoch: 58 [60000/60000 (100%)]	Loss: 0.106811

Average Training loss: 0.0006, Training Error Rate: 10.88% (6525/60000)


Average Test loss: 0.0001, Test Error Rate: 10.64% (1064/10000)

Train Epoch: 59 [20000/60000 (33%)]	Loss: 0.118577
Train Epoch: 59 [40000/60000 (67%)]	Loss: 0.106296
Train Epoch: 59 [60000/60000 (100%)]	Loss: 0.096050

Average Training loss: 0.0005, Training Error Rate: 10.67% (6401/60000)


Average Test loss: 0.0001, Test Error Rate: 10.03% (1003/10000)

Train Epoch: 60 [20000/60000 (33%)]	Loss: 0.100075
Train Epoch: 60 [40000/60000 (67%)]	Loss: 0.122023
Train Epoch: 60 [60000/60000 (100%)]	Loss: 0.111813

Average Training loss: 0.0005, Training Error Rate: 10.71% (6424/60000)


Average Test loss: 0.0001, Test Error Rate: 10.24% (1024/10000)

Train Epoch: 61 [20000/60000 (33%)]	Loss: 0.091163
Train Epoch: 61 [40000/60000 (67%)]	Loss: 0.096824
Train Epoch: 61 [60000/60000 (100%)]	Loss: 0.106159

Average Training loss: 0.0005, Training Error Rate: 10.47% (6281/60000)


Average Test loss: 0.0001, Test Error Rate: 9.91% (991/10000)

Train Epoch: 62 [20000/60000 (33%)]	Loss: 0.108435
Train Epoch: 62 [40000/60000 (67%)]	Loss: 0.108377
Train Epoch: 62 [60000/60000 (100%)]	Loss: 0.109010

Average Training loss: 0.0005, Training Error Rate: 10.32% (6194/60000)


Average Test loss: 0.0001, Test Error Rate: 9.92% (992/10000)

Train Epoch: 63 [20000/60000 (33%)]	Loss: 0.114943
Train Epoch: 63 [40000/60000 (67%)]	Loss: 0.100330
Train Epoch: 63 [60000/60000 (100%)]	Loss: 0.096259

Average Training loss: 0.0005, Training Error Rate: 10.35% (6207/60000)


Average Test loss: 0.0001, Test Error Rate: 9.76% (976/10000)

Train Epoch: 64 [20000/60000 (33%)]	Loss: 0.124088
Train Epoch: 64 [40000/60000 (67%)]	Loss: 0.081545
Train Epoch: 64 [60000/60000 (100%)]	Loss: 0.108213

Average Training loss: 0.0005, Training Error Rate: 10.28% (6166/60000)


Average Test loss: 0.0001, Test Error Rate: 9.95% (995/10000)

Train Epoch: 65 [20000/60000 (33%)]	Loss: 0.097676
Train Epoch: 65 [40000/60000 (67%)]	Loss: 0.102806
Train Epoch: 65 [60000/60000 (100%)]	Loss: 0.108504

Average Training loss: 0.0005, Training Error Rate: 10.16% (6099/60000)


Average Test loss: 0.0001, Test Error Rate: 10.02% (1002/10000)

Train Epoch: 66 [20000/60000 (33%)]	Loss: 0.075946
Train Epoch: 66 [40000/60000 (67%)]	Loss: 0.100710
Train Epoch: 66 [60000/60000 (100%)]	Loss: 0.102932

Average Training loss: 0.0005, Training Error Rate: 10.11% (6065/60000)


Average Test loss: 0.0001, Test Error Rate: 9.70% (970/10000)

Train Epoch: 67 [20000/60000 (33%)]	Loss: 0.100342
Train Epoch: 67 [40000/60000 (67%)]	Loss: 0.109400
Train Epoch: 67 [60000/60000 (100%)]	Loss: 0.093751

Average Training loss: 0.0005, Training Error Rate: 10.14% (6086/60000)


Average Test loss: 0.0001, Test Error Rate: 9.88% (988/10000)

Train Epoch: 68 [20000/60000 (33%)]	Loss: 0.101785
Train Epoch: 68 [40000/60000 (67%)]	Loss: 0.094808
Train Epoch: 68 [60000/60000 (100%)]	Loss: 0.082930

Average Training loss: 0.0005, Training Error Rate: 10.09% (6053/60000)


Average Test loss: 0.0001, Test Error Rate: 9.96% (996/10000)

Train Epoch: 69 [20000/60000 (33%)]	Loss: 0.123331
Train Epoch: 69 [40000/60000 (67%)]	Loss: 0.106925
Train Epoch: 69 [60000/60000 (100%)]	Loss: 0.107636

Average Training loss: 0.0005, Training Error Rate: 10.27% (6160/60000)


Average Test loss: 0.0001, Test Error Rate: 9.88% (988/10000)

Train Epoch: 70 [20000/60000 (33%)]	Loss: 0.107005
Train Epoch: 70 [40000/60000 (67%)]	Loss: 0.108268
Train Epoch: 70 [60000/60000 (100%)]	Loss: 0.103532

Average Training loss: 0.0005, Training Error Rate: 10.12% (6071/60000)


Average Test loss: 0.0001, Test Error Rate: 9.88% (988/10000)

Train Epoch: 71 [20000/60000 (33%)]	Loss: 0.089495
Train Epoch: 71 [40000/60000 (67%)]	Loss: 0.109146
Train Epoch: 71 [60000/60000 (100%)]	Loss: 0.122453

Average Training loss: 0.0005, Training Error Rate: 10.37% (6221/60000)


Average Test loss: 0.0001, Test Error Rate: 10.13% (1013/10000)

Train Epoch: 72 [20000/60000 (33%)]	Loss: 0.113440
Train Epoch: 72 [40000/60000 (67%)]	Loss: 0.104611
Train Epoch: 72 [60000/60000 (100%)]	Loss: 0.086465

Average Training loss: 0.0005, Training Error Rate: 10.30% (6179/60000)


Average Test loss: 0.0001, Test Error Rate: 9.76% (976/10000)

Train Epoch: 73 [20000/60000 (33%)]	Loss: 0.088355
Train Epoch: 73 [40000/60000 (67%)]	Loss: 0.085372
Train Epoch: 73 [60000/60000 (100%)]	Loss: 0.075391

Average Training loss: 0.0005, Training Error Rate: 10.18% (6106/60000)


Average Test loss: 0.0001, Test Error Rate: 9.79% (979/10000)

Train Epoch: 74 [20000/60000 (33%)]	Loss: 0.088563
Train Epoch: 74 [40000/60000 (67%)]	Loss: 0.114859
Train Epoch: 74 [60000/60000 (100%)]	Loss: 0.086957

Average Training loss: 0.0005, Training Error Rate: 10.24% (6142/60000)


Average Test loss: 0.0001, Test Error Rate: 9.39% (939/10000)

Train Epoch: 75 [20000/60000 (33%)]	Loss: 0.077023
Train Epoch: 75 [40000/60000 (67%)]	Loss: 0.119596
Train Epoch: 75 [60000/60000 (100%)]	Loss: 0.112055

Average Training loss: 0.0005, Training Error Rate: 10.17% (6102/60000)


Average Test loss: 0.0001, Test Error Rate: 9.48% (948/10000)

Train Epoch: 76 [20000/60000 (33%)]	Loss: 0.104953
Train Epoch: 76 [40000/60000 (67%)]	Loss: 0.097091
Train Epoch: 76 [60000/60000 (100%)]	Loss: 0.104208

Average Training loss: 0.0005, Training Error Rate: 10.03% (6020/60000)


Average Test loss: 0.0001, Test Error Rate: 9.49% (949/10000)

Train Epoch: 77 [20000/60000 (33%)]	Loss: 0.098610
Train Epoch: 77 [40000/60000 (67%)]	Loss: 0.084350
Train Epoch: 77 [60000/60000 (100%)]	Loss: 0.091171

Average Training loss: 0.0005, Training Error Rate: 10.21% (6126/60000)


Average Test loss: 0.0001, Test Error Rate: 10.22% (1022/10000)

Train Epoch: 78 [20000/60000 (33%)]	Loss: 0.107023
Train Epoch: 78 [40000/60000 (67%)]	Loss: 0.104550
Train Epoch: 78 [60000/60000 (100%)]	Loss: 0.106444

Average Training loss: 0.0005, Training Error Rate: 10.53% (6320/60000)


Average Test loss: 0.0001, Test Error Rate: 9.86% (986/10000)

Train Epoch: 79 [20000/60000 (33%)]	Loss: 0.093837
Train Epoch: 79 [40000/60000 (67%)]	Loss: 0.087300
Train Epoch: 79 [60000/60000 (100%)]	Loss: 0.100894

Average Training loss: 0.0005, Training Error Rate: 10.18% (6108/60000)


Average Test loss: 0.0001, Test Error Rate: 9.76% (976/10000)

Train Epoch: 80 [20000/60000 (33%)]	Loss: 0.099123
Train Epoch: 80 [40000/60000 (67%)]	Loss: 0.109437
Train Epoch: 80 [60000/60000 (100%)]	Loss: 0.106470

Average Training loss: 0.0005, Training Error Rate: 10.04% (6025/60000)


Average Test loss: 0.0001, Test Error Rate: 9.89% (989/10000)

Train Epoch: 81 [20000/60000 (33%)]	Loss: 0.109141
Train Epoch: 81 [40000/60000 (67%)]	Loss: 0.094278
Train Epoch: 81 [60000/60000 (100%)]	Loss: 0.098318

Average Training loss: 0.0005, Training Error Rate: 10.00% (5998/60000)


Average Test loss: 0.0001, Test Error Rate: 9.44% (944/10000)

Train Epoch: 82 [20000/60000 (33%)]	Loss: 0.104213
Train Epoch: 82 [40000/60000 (67%)]	Loss: 0.115617
Train Epoch: 82 [60000/60000 (100%)]	Loss: 0.112969

Average Training loss: 0.0005, Training Error Rate: 9.94% (5965/60000)


Average Test loss: 0.0001, Test Error Rate: 9.35% (935/10000)

Train Epoch: 83 [20000/60000 (33%)]	Loss: 0.128575
Train Epoch: 83 [40000/60000 (67%)]	Loss: 0.096439
Train Epoch: 83 [60000/60000 (100%)]	Loss: 0.099301

Average Training loss: 0.0005, Training Error Rate: 9.79% (5871/60000)


Average Test loss: 0.0001, Test Error Rate: 9.48% (948/10000)

Train Epoch: 84 [20000/60000 (33%)]	Loss: 0.091316
Train Epoch: 84 [40000/60000 (67%)]	Loss: 0.088790
Train Epoch: 84 [60000/60000 (100%)]	Loss: 0.090279

Average Training loss: 0.0005, Training Error Rate: 9.85% (5908/60000)


Average Test loss: 0.0001, Test Error Rate: 9.55% (955/10000)

Train Epoch: 85 [20000/60000 (33%)]	Loss: 0.098774
Train Epoch: 85 [40000/60000 (67%)]	Loss: 0.098771
Train Epoch: 85 [60000/60000 (100%)]	Loss: 0.080925

Average Training loss: 0.0005, Training Error Rate: 9.72% (5833/60000)


Average Test loss: 0.0001, Test Error Rate: 9.76% (976/10000)

Train Epoch: 86 [20000/60000 (33%)]	Loss: 0.102183
Train Epoch: 86 [40000/60000 (67%)]	Loss: 0.081317
Train Epoch: 86 [60000/60000 (100%)]	Loss: 0.088279

Average Training loss: 0.0005, Training Error Rate: 9.78% (5868/60000)


Average Test loss: 0.0001, Test Error Rate: 9.33% (933/10000)

Train Epoch: 87 [20000/60000 (33%)]	Loss: 0.099349
Train Epoch: 87 [40000/60000 (67%)]	Loss: 0.085426
Train Epoch: 87 [60000/60000 (100%)]	Loss: 0.092875

Average Training loss: 0.0005, Training Error Rate: 9.79% (5873/60000)


Average Test loss: 0.0001, Test Error Rate: 9.64% (964/10000)

Train Epoch: 88 [20000/60000 (33%)]	Loss: 0.094493
Train Epoch: 88 [40000/60000 (67%)]	Loss: 0.093485
Train Epoch: 88 [60000/60000 (100%)]	Loss: 0.111052

Average Training loss: 0.0005, Training Error Rate: 9.90% (5938/60000)


Average Test loss: 0.0001, Test Error Rate: 9.49% (949/10000)

Train Epoch: 89 [20000/60000 (33%)]	Loss: 0.075190
Train Epoch: 89 [40000/60000 (67%)]	Loss: 0.086676
Train Epoch: 89 [60000/60000 (100%)]	Loss: 0.086751

Average Training loss: 0.0005, Training Error Rate: 9.89% (5937/60000)


Average Test loss: 0.0001, Test Error Rate: 9.27% (927/10000)

Train Epoch: 90 [20000/60000 (33%)]	Loss: 0.081713
Train Epoch: 90 [40000/60000 (67%)]	Loss: 0.092550
Train Epoch: 90 [60000/60000 (100%)]	Loss: 0.082606

Average Training loss: 0.0005, Training Error Rate: 9.80% (5881/60000)


Average Test loss: 0.0001, Test Error Rate: 9.12% (912/10000)

Train Epoch: 91 [20000/60000 (33%)]	Loss: 0.099811
Train Epoch: 91 [40000/60000 (67%)]	Loss: 0.097922
Train Epoch: 91 [60000/60000 (100%)]	Loss: 0.102665

Average Training loss: 0.0005, Training Error Rate: 9.79% (5875/60000)


Average Test loss: 0.0001, Test Error Rate: 9.32% (932/10000)

Train Epoch: 92 [20000/60000 (33%)]	Loss: 0.091919
Train Epoch: 92 [40000/60000 (67%)]	Loss: 0.085787
Train Epoch: 92 [60000/60000 (100%)]	Loss: 0.092573

Average Training loss: 0.0005, Training Error Rate: 9.90% (5942/60000)


Average Test loss: 0.0001, Test Error Rate: 9.09% (909/10000)

Train Epoch: 93 [20000/60000 (33%)]	Loss: 0.111173
Train Epoch: 93 [40000/60000 (67%)]	Loss: 0.083968
Train Epoch: 93 [60000/60000 (100%)]	Loss: 0.071823

Average Training loss: 0.0005, Training Error Rate: 9.76% (5858/60000)


Average Test loss: 0.0001, Test Error Rate: 9.32% (932/10000)

Train Epoch: 94 [20000/60000 (33%)]	Loss: 0.092341
Train Epoch: 94 [40000/60000 (67%)]	Loss: 0.087478
Train Epoch: 94 [60000/60000 (100%)]	Loss: 0.081740

Average Training loss: 0.0004, Training Error Rate: 9.76% (5855/60000)


Average Test loss: 0.0001, Test Error Rate: 9.26% (926/10000)

Train Epoch: 95 [20000/60000 (33%)]	Loss: 0.097751
Train Epoch: 95 [40000/60000 (67%)]	Loss: 0.101965
Train Epoch: 95 [60000/60000 (100%)]	Loss: 0.079891

Average Training loss: 0.0004, Training Error Rate: 9.71% (5824/60000)


Average Test loss: 0.0001, Test Error Rate: 9.27% (927/10000)

Train Epoch: 96 [20000/60000 (33%)]	Loss: 0.090339
Train Epoch: 96 [40000/60000 (67%)]	Loss: 0.098816
Train Epoch: 96 [60000/60000 (100%)]	Loss: 0.084621

Average Training loss: 0.0005, Training Error Rate: 9.85% (5909/60000)


Average Test loss: 0.0001, Test Error Rate: 9.50% (950/10000)

Train Epoch: 97 [20000/60000 (33%)]	Loss: 0.092866
Train Epoch: 97 [40000/60000 (67%)]	Loss: 0.074527
Train Epoch: 97 [60000/60000 (100%)]	Loss: 0.105728

Average Training loss: 0.0005, Training Error Rate: 9.76% (5858/60000)


Average Test loss: 0.0001, Test Error Rate: 9.40% (940/10000)

Train Epoch: 98 [20000/60000 (33%)]	Loss: 0.091492
Train Epoch: 98 [40000/60000 (67%)]	Loss: 0.096169
Train Epoch: 98 [60000/60000 (100%)]	Loss: 0.093276

Average Training loss: 0.0005, Training Error Rate: 9.53% (5716/60000)


Average Test loss: 0.0001, Test Error Rate: 8.90% (890/10000)

Train Epoch: 99 [20000/60000 (33%)]	Loss: 0.098174
Train Epoch: 99 [40000/60000 (67%)]	Loss: 0.099555
Train Epoch: 99 [60000/60000 (100%)]	Loss: 0.081483

Average Training loss: 0.0005, Training Error Rate: 9.60% (5757/60000)


Average Test loss: 0.0001, Test Error Rate: 9.49% (949/10000)

/vast/home/ajherman/miniconda3/envs/pytorch/lib/python3.11/site-packages/torchvision/io/image.py:13: UserWarning: Failed to load image Python extension: '/vast/home/ajherman/miniconda3/envs/pytorch/lib/python3.11/site-packages/torchvision/image.so: undefined symbol: _ZN5torch3jit17parseSchemaOrNameERKNSt7__cxx1112basic_stringIcSt11char_traitsIcESaIcEEE'If you don't plan on using image functionality from `torchvision.io`, you can ignore this warning. Otherwise, there might be something wrong with your environment. Did you have `libjpeg` or `libpng` installed before building `torchvision` from source?
  warn(
Random seed set as 42
dt =  0.11750309741540466
trace decay =  0.8187307530779818
Random seed set as 42
Random seed set as 42
dt =  0.11750309741540466
trace decay =  0.8187307530779818
Random seed set as 42
Train Epoch: 100 [20000/60000 (33%)]	Loss: 0.085185
Train Epoch: 100 [40000/60000 (67%)]	Loss: 0.103646
Train Epoch: 100 [60000/60000 (100%)]	Loss: 0.094365

Average Training loss: 0.0005, Training Error Rate: 9.61% (5767/60000)


Average Test loss: 0.0001, Test Error Rate: 9.14% (914/10000)

Train Epoch: 101 [20000/60000 (33%)]	Loss: 0.103486
Train Epoch: 101 [40000/60000 (67%)]	Loss: 0.091440
Train Epoch: 101 [60000/60000 (100%)]	Loss: 0.075851

Average Training loss: 0.0005, Training Error Rate: 9.41% (5645/60000)


Average Test loss: 0.0001, Test Error Rate: 8.92% (892/10000)

Train Epoch: 102 [20000/60000 (33%)]	Loss: 0.091343
Train Epoch: 102 [40000/60000 (67%)]	Loss: 0.066531
Train Epoch: 102 [60000/60000 (100%)]	Loss: 0.089312

Average Training loss: 0.0005, Training Error Rate: 9.28% (5566/60000)


Average Test loss: 0.0001, Test Error Rate: 8.95% (895/10000)

Train Epoch: 103 [20000/60000 (33%)]	Loss: 0.091045
Train Epoch: 103 [40000/60000 (67%)]	Loss: 0.075736
Train Epoch: 103 [60000/60000 (100%)]	Loss: 0.088561

Average Training loss: 0.0005, Training Error Rate: 9.29% (5577/60000)


Average Test loss: 0.0001, Test Error Rate: 9.11% (911/10000)

Train Epoch: 104 [20000/60000 (33%)]	Loss: 0.098842
Train Epoch: 104 [40000/60000 (67%)]	Loss: 0.084791
Train Epoch: 104 [60000/60000 (100%)]	Loss: 0.068989

Average Training loss: 0.0004, Training Error Rate: 9.40% (5638/60000)


Average Test loss: 0.0001, Test Error Rate: 9.09% (909/10000)

Train Epoch: 105 [20000/60000 (33%)]	Loss: 0.095287
Train Epoch: 105 [40000/60000 (67%)]	Loss: 0.090364
Train Epoch: 105 [60000/60000 (100%)]	Loss: 0.097066

Average Training loss: 0.0004, Training Error Rate: 9.43% (5658/60000)


Average Test loss: 0.0001, Test Error Rate: 9.02% (902/10000)

Train Epoch: 106 [20000/60000 (33%)]	Loss: 0.087918
Train Epoch: 106 [40000/60000 (67%)]	Loss: 0.086610
Train Epoch: 106 [60000/60000 (100%)]	Loss: 0.076408

Average Training loss: 0.0004, Training Error Rate: 9.40% (5643/60000)


Average Test loss: 0.0001, Test Error Rate: 9.21% (921/10000)

Train Epoch: 107 [20000/60000 (33%)]	Loss: 0.095567
Train Epoch: 107 [40000/60000 (67%)]	Loss: 0.085489
Train Epoch: 107 [60000/60000 (100%)]	Loss: 0.087495

Average Training loss: 0.0004, Training Error Rate: 9.33% (5596/60000)


Average Test loss: 0.0001, Test Error Rate: 8.94% (894/10000)

Train Epoch: 108 [20000/60000 (33%)]	Loss: 0.099288
Train Epoch: 108 [40000/60000 (67%)]	Loss: 0.080468
Train Epoch: 108 [60000/60000 (100%)]	Loss: 0.089544

Average Training loss: 0.0004, Training Error Rate: 9.39% (5636/60000)


Average Test loss: 0.0001, Test Error Rate: 9.18% (918/10000)

Train Epoch: 109 [20000/60000 (33%)]	Loss: 0.095441
Train Epoch: 109 [40000/60000 (67%)]	Loss: 0.090276
Train Epoch: 109 [60000/60000 (100%)]	Loss: 0.085061

Average Training loss: 0.0004, Training Error Rate: 9.43% (5659/60000)


Average Test loss: 0.0001, Test Error Rate: 9.32% (932/10000)

Train Epoch: 110 [20000/60000 (33%)]	Loss: 0.089840
Train Epoch: 110 [40000/60000 (67%)]	Loss: 0.084477
Train Epoch: 110 [60000/60000 (100%)]	Loss: 0.106695

Average Training loss: 0.0004, Training Error Rate: 9.39% (5636/60000)


Average Test loss: 0.0001, Test Error Rate: 9.01% (901/10000)

Train Epoch: 111 [20000/60000 (33%)]	Loss: 0.093030
Train Epoch: 111 [40000/60000 (67%)]	Loss: 0.085817
Train Epoch: 111 [60000/60000 (100%)]	Loss: 0.085284

Average Training loss: 0.0005, Training Error Rate: 9.47% (5680/60000)


Average Test loss: 0.0001, Test Error Rate: 9.01% (901/10000)

Train Epoch: 112 [20000/60000 (33%)]	Loss: 0.077752
Train Epoch: 112 [40000/60000 (67%)]	Loss: 0.104930
Train Epoch: 112 [60000/60000 (100%)]	Loss: 0.080161

Average Training loss: 0.0004, Training Error Rate: 9.43% (5657/60000)


Average Test loss: 0.0001, Test Error Rate: 8.70% (870/10000)

Train Epoch: 113 [20000/60000 (33%)]	Loss: 0.075538
Train Epoch: 113 [40000/60000 (67%)]	Loss: 0.094438
Train Epoch: 113 [60000/60000 (100%)]	Loss: 0.097782

Average Training loss: 0.0004, Training Error Rate: 9.40% (5638/60000)


Average Test loss: 0.0001, Test Error Rate: 8.91% (891/10000)

Train Epoch: 114 [20000/60000 (33%)]	Loss: 0.076611
Train Epoch: 114 [40000/60000 (67%)]	Loss: 0.093790
Train Epoch: 114 [60000/60000 (100%)]	Loss: 0.079799

Average Training loss: 0.0004, Training Error Rate: 9.19% (5512/60000)


Average Test loss: 0.0001, Test Error Rate: 8.74% (874/10000)

Train Epoch: 115 [20000/60000 (33%)]	Loss: 0.087682
Train Epoch: 115 [40000/60000 (67%)]	Loss: 0.088833
Train Epoch: 115 [60000/60000 (100%)]	Loss: 0.081775

Average Training loss: 0.0004, Training Error Rate: 9.11% (5467/60000)


Average Test loss: 0.0001, Test Error Rate: 8.48% (848/10000)

Train Epoch: 116 [20000/60000 (33%)]	Loss: 0.073461
Train Epoch: 116 [40000/60000 (67%)]	Loss: 0.082650
Train Epoch: 116 [60000/60000 (100%)]	Loss: 0.082361

Average Training loss: 0.0004, Training Error Rate: 9.09% (5453/60000)


Average Test loss: 0.0001, Test Error Rate: 8.70% (870/10000)

Train Epoch: 117 [20000/60000 (33%)]	Loss: 0.091109
Train Epoch: 117 [40000/60000 (67%)]	Loss: 0.081395
Train Epoch: 117 [60000/60000 (100%)]	Loss: 0.082667

Average Training loss: 0.0004, Training Error Rate: 9.21% (5528/60000)


Average Test loss: 0.0001, Test Error Rate: 8.73% (873/10000)

Train Epoch: 118 [20000/60000 (33%)]	Loss: 0.088142
Train Epoch: 118 [40000/60000 (67%)]	Loss: 0.059625
Train Epoch: 118 [60000/60000 (100%)]	Loss: 0.088914

Average Training loss: 0.0004, Training Error Rate: 9.16% (5497/60000)


Average Test loss: 0.0001, Test Error Rate: 8.65% (865/10000)

Train Epoch: 119 [20000/60000 (33%)]	Loss: 0.080278
Train Epoch: 119 [40000/60000 (67%)]	Loss: 0.082606
Train Epoch: 119 [60000/60000 (100%)]	Loss: 0.089676

Average Training loss: 0.0004, Training Error Rate: 9.00% (5400/60000)


Average Test loss: 0.0001, Test Error Rate: 8.65% (865/10000)

Train Epoch: 120 [20000/60000 (33%)]	Loss: 0.093231
Train Epoch: 120 [40000/60000 (67%)]	Loss: 0.090711
Train Epoch: 120 [60000/60000 (100%)]	Loss: 0.090756

Average Training loss: 0.0004, Training Error Rate: 9.04% (5426/60000)


Average Test loss: 0.0001, Test Error Rate: 8.58% (858/10000)

Train Epoch: 121 [20000/60000 (33%)]	Loss: 0.075345
Train Epoch: 121 [40000/60000 (67%)]	Loss: 0.093532
Train Epoch: 121 [60000/60000 (100%)]	Loss: 0.088539

Average Training loss: 0.0004, Training Error Rate: 8.98% (5386/60000)


Average Test loss: 0.0001, Test Error Rate: 8.56% (856/10000)

Train Epoch: 122 [20000/60000 (33%)]	Loss: 0.088887
Train Epoch: 122 [40000/60000 (67%)]	Loss: 0.101842
Train Epoch: 122 [60000/60000 (100%)]	Loss: 0.084369

Average Training loss: 0.0004, Training Error Rate: 9.01% (5405/60000)


Average Test loss: 0.0001, Test Error Rate: 8.79% (879/10000)

Train Epoch: 123 [20000/60000 (33%)]	Loss: 0.092905
Train Epoch: 123 [40000/60000 (67%)]	Loss: 0.086433
Train Epoch: 123 [60000/60000 (100%)]	Loss: 0.078979

Average Training loss: 0.0004, Training Error Rate: 9.11% (5467/60000)


Average Test loss: 0.0001, Test Error Rate: 9.01% (901/10000)

Train Epoch: 124 [20000/60000 (33%)]	Loss: 0.089045
Train Epoch: 124 [40000/60000 (67%)]	Loss: 0.079699
Train Epoch: 124 [60000/60000 (100%)]	Loss: 0.073764

Average Training loss: 0.0004, Training Error Rate: 9.06% (5434/60000)


Average Test loss: 0.0001, Test Error Rate: 8.61% (861/10000)

Train Epoch: 125 [20000/60000 (33%)]	Loss: 0.087303
Train Epoch: 125 [40000/60000 (67%)]	Loss: 0.091455
Train Epoch: 125 [60000/60000 (100%)]	Loss: 0.082942

Average Training loss: 0.0004, Training Error Rate: 8.98% (5388/60000)


Average Test loss: 0.0001, Test Error Rate: 8.59% (859/10000)

Train Epoch: 126 [20000/60000 (33%)]	Loss: 0.096660
Train Epoch: 126 [40000/60000 (67%)]	Loss: 0.088683
Train Epoch: 126 [60000/60000 (100%)]	Loss: 0.078812

Average Training loss: 0.0004, Training Error Rate: 9.08% (5446/60000)


Average Test loss: 0.0001, Test Error Rate: 8.44% (844/10000)

Train Epoch: 127 [20000/60000 (33%)]	Loss: 0.086063
Train Epoch: 127 [40000/60000 (67%)]	Loss: 0.074978
Train Epoch: 127 [60000/60000 (100%)]	Loss: 0.095668

Average Training loss: 0.0004, Training Error Rate: 8.88% (5331/60000)


Average Test loss: 0.0001, Test Error Rate: 8.49% (849/10000)

Train Epoch: 128 [20000/60000 (33%)]	Loss: 0.090039
Train Epoch: 128 [40000/60000 (67%)]	Loss: 0.089637
Train Epoch: 128 [60000/60000 (100%)]	Loss: 0.100384

Average Training loss: 0.0004, Training Error Rate: 8.96% (5378/60000)


Average Test loss: 0.0001, Test Error Rate: 8.47% (847/10000)

Train Epoch: 129 [20000/60000 (33%)]	Loss: 0.102934
Train Epoch: 129 [40000/60000 (67%)]	Loss: 0.090569
Train Epoch: 129 [60000/60000 (100%)]	Loss: 0.073427

Average Training loss: 0.0004, Training Error Rate: 9.06% (5438/60000)


Average Test loss: 0.0001, Test Error Rate: 8.60% (860/10000)

Train Epoch: 130 [20000/60000 (33%)]	Loss: 0.082974
Train Epoch: 130 [40000/60000 (67%)]	Loss: 0.073062
Train Epoch: 130 [60000/60000 (100%)]	Loss: 0.072575

Average Training loss: 0.0004, Training Error Rate: 8.82% (5292/60000)


Average Test loss: 0.0001, Test Error Rate: 8.58% (858/10000)

Train Epoch: 131 [20000/60000 (33%)]	Loss: 0.076320
Train Epoch: 131 [40000/60000 (67%)]	Loss: 0.101999
Train Epoch: 131 [60000/60000 (100%)]	Loss: 0.080221

Average Training loss: 0.0004, Training Error Rate: 8.88% (5326/60000)


Average Test loss: 0.0001, Test Error Rate: 8.39% (839/10000)

Train Epoch: 132 [20000/60000 (33%)]	Loss: 0.077371
Train Epoch: 132 [40000/60000 (67%)]	Loss: 0.072070
Train Epoch: 132 [60000/60000 (100%)]	Loss: 0.081484

Average Training loss: 0.0004, Training Error Rate: 8.90% (5341/60000)


Average Test loss: 0.0001, Test Error Rate: 8.30% (830/10000)

Train Epoch: 133 [20000/60000 (33%)]	Loss: 0.081990
Train Epoch: 133 [40000/60000 (67%)]	Loss: 0.076658
Train Epoch: 133 [60000/60000 (100%)]	Loss: 0.070698

Average Training loss: 0.0004, Training Error Rate: 8.71% (5229/60000)


Average Test loss: 0.0001, Test Error Rate: 8.58% (858/10000)

Train Epoch: 134 [20000/60000 (33%)]	Loss: 0.089102
Train Epoch: 134 [40000/60000 (67%)]	Loss: 0.086430
Train Epoch: 134 [60000/60000 (100%)]	Loss: 0.069635

Average Training loss: 0.0004, Training Error Rate: 8.84% (5301/60000)


Average Test loss: 0.0001, Test Error Rate: 8.42% (842/10000)

Train Epoch: 135 [20000/60000 (33%)]	Loss: 0.103358
Train Epoch: 135 [40000/60000 (67%)]	Loss: 0.069213
Train Epoch: 135 [60000/60000 (100%)]	Loss: 0.087779

Average Training loss: 0.0004, Training Error Rate: 8.85% (5310/60000)


Average Test loss: 0.0001, Test Error Rate: 8.51% (851/10000)

Train Epoch: 136 [20000/60000 (33%)]	Loss: 0.088078
Train Epoch: 136 [40000/60000 (67%)]	Loss: 0.089573
Train Epoch: 136 [60000/60000 (100%)]	Loss: 0.096545

Average Training loss: 0.0004, Training Error Rate: 8.81% (5289/60000)


Average Test loss: 0.0001, Test Error Rate: 8.84% (884/10000)

Train Epoch: 137 [20000/60000 (33%)]	Loss: 0.065777
Train Epoch: 137 [40000/60000 (67%)]	Loss: 0.093115
Train Epoch: 137 [60000/60000 (100%)]	Loss: 0.088628

Average Training loss: 0.0004, Training Error Rate: 8.81% (5286/60000)


Average Test loss: 0.0001, Test Error Rate: 8.52% (852/10000)

Train Epoch: 138 [20000/60000 (33%)]	Loss: 0.076187
Train Epoch: 138 [40000/60000 (67%)]	Loss: 0.076493
Train Epoch: 138 [60000/60000 (100%)]	Loss: 0.080843

Average Training loss: 0.0004, Training Error Rate: 8.69% (5215/60000)


Average Test loss: 0.0001, Test Error Rate: 8.48% (848/10000)

Train Epoch: 139 [20000/60000 (33%)]	Loss: 0.071989
Train Epoch: 139 [40000/60000 (67%)]	Loss: 0.069413
Train Epoch: 139 [60000/60000 (100%)]	Loss: 0.068277

Average Training loss: 0.0004, Training Error Rate: 8.65% (5191/60000)


Average Test loss: 0.0001, Test Error Rate: 8.38% (838/10000)

Train Epoch: 140 [20000/60000 (33%)]	Loss: 0.098276
Train Epoch: 140 [40000/60000 (67%)]	Loss: 0.085992
Train Epoch: 140 [60000/60000 (100%)]	Loss: 0.083379

Average Training loss: 0.0004, Training Error Rate: 8.61% (5166/60000)


Average Test loss: 0.0001, Test Error Rate: 8.50% (850/10000)

Train Epoch: 141 [20000/60000 (33%)]	Loss: 0.092421
Train Epoch: 141 [40000/60000 (67%)]	Loss: 0.083603
Train Epoch: 141 [60000/60000 (100%)]	Loss: 0.080234

Average Training loss: 0.0004, Training Error Rate: 8.59% (5156/60000)


Average Test loss: 0.0001, Test Error Rate: 8.35% (835/10000)

Train Epoch: 142 [20000/60000 (33%)]	Loss: 0.074319
Train Epoch: 142 [40000/60000 (67%)]	Loss: 0.087301
Train Epoch: 142 [60000/60000 (100%)]	Loss: 0.094074

Average Training loss: 0.0004, Training Error Rate: 8.69% (5213/60000)


Average Test loss: 0.0001, Test Error Rate: 8.39% (839/10000)

Train Epoch: 143 [20000/60000 (33%)]	Loss: 0.084777
Train Epoch: 143 [40000/60000 (67%)]	Loss: 0.080565
Train Epoch: 143 [60000/60000 (100%)]	Loss: 0.069736

Average Training loss: 0.0004, Training Error Rate: 8.65% (5191/60000)


Average Test loss: 0.0001, Test Error Rate: 8.71% (871/10000)

Train Epoch: 144 [20000/60000 (33%)]	Loss: 0.070015
Train Epoch: 144 [40000/60000 (67%)]	Loss: 0.068446
Train Epoch: 144 [60000/60000 (100%)]	Loss: 0.062918

Average Training loss: 0.0004, Training Error Rate: 8.79% (5271/60000)


Average Test loss: 0.0001, Test Error Rate: 8.74% (874/10000)

Train Epoch: 145 [20000/60000 (33%)]	Loss: 0.069516
Train Epoch: 145 [40000/60000 (67%)]	Loss: 0.086463
Train Epoch: 145 [60000/60000 (100%)]	Loss: 0.081440

Average Training loss: 0.0004, Training Error Rate: 8.80% (5279/60000)


Average Test loss: 0.0001, Test Error Rate: 8.60% (860/10000)

Train Epoch: 146 [20000/60000 (33%)]	Loss: 0.053501
Train Epoch: 146 [40000/60000 (67%)]	Loss: 0.099343
Train Epoch: 146 [60000/60000 (100%)]	Loss: 0.104826

Average Training loss: 0.0004, Training Error Rate: 8.73% (5236/60000)


Average Test loss: 0.0001, Test Error Rate: 8.47% (847/10000)

Train Epoch: 147 [20000/60000 (33%)]	Loss: 0.098491
Train Epoch: 147 [40000/60000 (67%)]	Loss: 0.086565
Train Epoch: 147 [60000/60000 (100%)]	Loss: 0.070440

Average Training loss: 0.0004, Training Error Rate: 8.58% (5148/60000)


Average Test loss: 0.0001, Test Error Rate: 8.64% (864/10000)

Train Epoch: 148 [20000/60000 (33%)]	Loss: 0.076866
Train Epoch: 148 [40000/60000 (67%)]	Loss: 0.071909
Train Epoch: 148 [60000/60000 (100%)]	Loss: 0.070010

Average Training loss: 0.0004, Training Error Rate: 8.56% (5139/60000)


Average Test loss: 0.0001, Test Error Rate: 8.71% (871/10000)

Train Epoch: 149 [20000/60000 (33%)]	Loss: 0.081144
Train Epoch: 149 [40000/60000 (67%)]	Loss: 0.090096
Train Epoch: 149 [60000/60000 (100%)]	Loss: 0.086334

Average Training loss: 0.0004, Training Error Rate: 8.69% (5214/60000)


Average Test loss: 0.0001, Test Error Rate: 8.57% (857/10000)

Train Epoch: 150 [20000/60000 (33%)]	Loss: 0.075915
Train Epoch: 150 [40000/60000 (67%)]	Loss: 0.068403
Train Epoch: 150 [60000/60000 (100%)]	Loss: 0.083258

Average Training loss: 0.0004, Training Error Rate: 8.66% (5194/60000)


Average Test loss: 0.0001, Test Error Rate: 8.61% (861/10000)

Train Epoch: 151 [20000/60000 (33%)]	Loss: 0.086080
Train Epoch: 151 [40000/60000 (67%)]	Loss: 0.093293
Train Epoch: 151 [60000/60000 (100%)]	Loss: 0.084586

Average Training loss: 0.0004, Training Error Rate: 8.62% (5174/60000)


Average Test loss: 0.0001, Test Error Rate: 8.41% (841/10000)

Train Epoch: 152 [20000/60000 (33%)]	Loss: 0.078823
Train Epoch: 152 [40000/60000 (67%)]	Loss: 0.080103
Train Epoch: 152 [60000/60000 (100%)]	Loss: 0.077468

Average Training loss: 0.0004, Training Error Rate: 8.66% (5197/60000)


Average Test loss: 0.0001, Test Error Rate: 8.27% (827/10000)

Train Epoch: 153 [20000/60000 (33%)]	Loss: 0.083046
Train Epoch: 153 [40000/60000 (67%)]	Loss: 0.102556
Train Epoch: 153 [60000/60000 (100%)]	Loss: 0.090374

Average Training loss: 0.0004, Training Error Rate: 8.49% (5094/60000)


Average Test loss: 0.0001, Test Error Rate: 8.12% (812/10000)

Train Epoch: 154 [20000/60000 (33%)]	Loss: 0.105246
Train Epoch: 154 [40000/60000 (67%)]	Loss: 0.074757
Train Epoch: 154 [60000/60000 (100%)]	Loss: 0.081855

Average Training loss: 0.0004, Training Error Rate: 8.48% (5089/60000)


Average Test loss: 0.0001, Test Error Rate: 8.11% (811/10000)

Train Epoch: 155 [20000/60000 (33%)]	Loss: 0.070470
Train Epoch: 155 [40000/60000 (67%)]	Loss: 0.078625
Train Epoch: 155 [60000/60000 (100%)]	Loss: 0.081876

Average Training loss: 0.0004, Training Error Rate: 8.57% (5140/60000)


Average Test loss: 0.0001, Test Error Rate: 8.50% (850/10000)

Train Epoch: 156 [20000/60000 (33%)]	Loss: 0.088960
Train Epoch: 156 [40000/60000 (67%)]	Loss: 0.085318
Train Epoch: 156 [60000/60000 (100%)]	Loss: 0.063117

Average Training loss: 0.0004, Training Error Rate: 8.50% (5100/60000)


Average Test loss: 0.0001, Test Error Rate: 8.35% (835/10000)

Train Epoch: 157 [20000/60000 (33%)]	Loss: 0.068513
Train Epoch: 157 [40000/60000 (67%)]	Loss: 0.076870
Train Epoch: 157 [60000/60000 (100%)]	Loss: 0.072579

Average Training loss: 0.0004, Training Error Rate: 8.35% (5011/60000)


Average Test loss: 0.0001, Test Error Rate: 8.22% (822/10000)

Train Epoch: 158 [20000/60000 (33%)]	Loss: 0.079120
Train Epoch: 158 [40000/60000 (67%)]	Loss: 0.062304
Train Epoch: 158 [60000/60000 (100%)]	Loss: 0.070711

Average Training loss: 0.0004, Training Error Rate: 8.33% (4998/60000)


Average Test loss: 0.0001, Test Error Rate: 8.12% (812/10000)

Train Epoch: 159 [20000/60000 (33%)]	Loss: 0.070730
Train Epoch: 159 [40000/60000 (67%)]	Loss: 0.075423
Train Epoch: 159 [60000/60000 (100%)]	Loss: 0.098161

Average Training loss: 0.0004, Training Error Rate: 8.41% (5044/60000)


Average Test loss: 0.0001, Test Error Rate: 8.26% (826/10000)

Train Epoch: 160 [20000/60000 (33%)]	Loss: 0.057626
Train Epoch: 160 [40000/60000 (67%)]	Loss: 0.078456
Train Epoch: 160 [60000/60000 (100%)]	Loss: 0.065010

Average Training loss: 0.0004, Training Error Rate: 8.40% (5042/60000)


Average Test loss: 0.0001, Test Error Rate: 8.00% (800/10000)

Train Epoch: 161 [20000/60000 (33%)]	Loss: 0.073852
Train Epoch: 161 [40000/60000 (67%)]	Loss: 0.077060
Train Epoch: 161 [60000/60000 (100%)]	Loss: 0.072706

Average Training loss: 0.0004, Training Error Rate: 8.40% (5041/60000)


Average Test loss: 0.0001, Test Error Rate: 7.89% (789/10000)

Train Epoch: 162 [20000/60000 (33%)]	Loss: 0.096175
Train Epoch: 162 [40000/60000 (67%)]	Loss: 0.091406
Train Epoch: 162 [60000/60000 (100%)]	Loss: 0.091014

Average Training loss: 0.0004, Training Error Rate: 8.45% (5071/60000)


Average Test loss: 0.0001, Test Error Rate: 7.99% (799/10000)

Train Epoch: 163 [20000/60000 (33%)]	Loss: 0.076633
Train Epoch: 163 [40000/60000 (67%)]	Loss: 0.075307
Train Epoch: 163 [60000/60000 (100%)]	Loss: 0.088764

Average Training loss: 0.0004, Training Error Rate: 8.43% (5060/60000)


Average Test loss: 0.0001, Test Error Rate: 8.09% (809/10000)

Train Epoch: 164 [20000/60000 (33%)]	Loss: 0.107295
Train Epoch: 164 [40000/60000 (67%)]	Loss: 0.073673
Train Epoch: 164 [60000/60000 (100%)]	Loss: 0.056489

Average Training loss: 0.0004, Training Error Rate: 8.59% (5156/60000)


Average Test loss: 0.0001, Test Error Rate: 7.80% (780/10000)

Train Epoch: 165 [20000/60000 (33%)]	Loss: 0.079334
Train Epoch: 165 [40000/60000 (67%)]	Loss: 0.080958
Train Epoch: 165 [60000/60000 (100%)]	Loss: 0.070612

Average Training loss: 0.0004, Training Error Rate: 8.34% (5003/60000)


Average Test loss: 0.0001, Test Error Rate: 8.06% (806/10000)

Train Epoch: 166 [20000/60000 (33%)]	Loss: 0.086113
Train Epoch: 166 [40000/60000 (67%)]	Loss: 0.100230
Train Epoch: 166 [60000/60000 (100%)]	Loss: 0.077201

Average Training loss: 0.0004, Training Error Rate: 8.42% (5054/60000)


Average Test loss: 0.0001, Test Error Rate: 8.07% (807/10000)

Train Epoch: 167 [20000/60000 (33%)]	Loss: 0.078649
Train Epoch: 167 [40000/60000 (67%)]	Loss: 0.071165
Train Epoch: 167 [60000/60000 (100%)]	Loss: 0.073242

Average Training loss: 0.0004, Training Error Rate: 8.27% (4963/60000)


Average Test loss: 0.0001, Test Error Rate: 7.74% (774/10000)

Train Epoch: 168 [20000/60000 (33%)]	Loss: 0.076745
Train Epoch: 168 [40000/60000 (67%)]	Loss: 0.058171
Train Epoch: 168 [60000/60000 (100%)]	Loss: 0.089100

Average Training loss: 0.0004, Training Error Rate: 8.17% (4902/60000)


Average Test loss: 0.0001, Test Error Rate: 7.58% (758/10000)

Train Epoch: 169 [20000/60000 (33%)]	Loss: 0.086477
Train Epoch: 169 [40000/60000 (67%)]	Loss: 0.081623
Train Epoch: 169 [60000/60000 (100%)]	Loss: 0.074038

Average Training loss: 0.0004, Training Error Rate: 8.11% (4864/60000)


Average Test loss: 0.0001, Test Error Rate: 7.88% (788/10000)

Train Epoch: 170 [20000/60000 (33%)]	Loss: 0.075423
Train Epoch: 170 [40000/60000 (67%)]	Loss: 0.088408
Train Epoch: 170 [60000/60000 (100%)]	Loss: 0.069457

Average Training loss: 0.0004, Training Error Rate: 8.26% (4957/60000)


Average Test loss: 0.0001, Test Error Rate: 8.13% (813/10000)

Train Epoch: 171 [20000/60000 (33%)]	Loss: 0.088364
Train Epoch: 171 [40000/60000 (67%)]	Loss: 0.100904
Train Epoch: 171 [60000/60000 (100%)]	Loss: 0.069193

Average Training loss: 0.0004, Training Error Rate: 8.19% (4911/60000)


Average Test loss: 0.0001, Test Error Rate: 8.15% (815/10000)

Train Epoch: 172 [20000/60000 (33%)]	Loss: 0.081070
Train Epoch: 172 [40000/60000 (67%)]	Loss: 0.083532
Train Epoch: 172 [60000/60000 (100%)]	Loss: 0.105225

Average Training loss: 0.0004, Training Error Rate: 8.21% (4926/60000)


Average Test loss: 0.0001, Test Error Rate: 7.80% (780/10000)

Train Epoch: 173 [20000/60000 (33%)]	Loss: 0.076417
Train Epoch: 173 [40000/60000 (67%)]	Loss: 0.085771
Train Epoch: 173 [60000/60000 (100%)]	Loss: 0.062628

Average Training loss: 0.0004, Training Error Rate: 8.21% (4925/60000)


Average Test loss: 0.0001, Test Error Rate: 7.99% (799/10000)

Train Epoch: 174 [20000/60000 (33%)]	Loss: 0.058750
Train Epoch: 174 [40000/60000 (67%)]	Loss: 0.098768
Train Epoch: 174 [60000/60000 (100%)]	Loss: 0.067460

Average Training loss: 0.0004, Training Error Rate: 8.14% (4882/60000)


Average Test loss: 0.0001, Test Error Rate: 7.77% (777/10000)

Train Epoch: 175 [20000/60000 (33%)]	Loss: 0.078074
Train Epoch: 175 [40000/60000 (67%)]	Loss: 0.063703
Train Epoch: 175 [60000/60000 (100%)]	Loss: 0.102525

Average Training loss: 0.0004, Training Error Rate: 8.10% (4857/60000)


Average Test loss: 0.0001, Test Error Rate: 7.91% (791/10000)

Train Epoch: 176 [20000/60000 (33%)]	Loss: 0.075964
Train Epoch: 176 [40000/60000 (67%)]	Loss: 0.048788
Train Epoch: 176 [60000/60000 (100%)]	Loss: 0.093102

Average Training loss: 0.0004, Training Error Rate: 8.11% (4866/60000)


Average Test loss: 0.0001, Test Error Rate: 7.73% (773/10000)

Train Epoch: 177 [20000/60000 (33%)]	Loss: 0.072344
Train Epoch: 177 [40000/60000 (67%)]	Loss: 0.080193
Train Epoch: 177 [60000/60000 (100%)]	Loss: 0.067545

Average Training loss: 0.0004, Training Error Rate: 8.08% (4848/60000)


Average Test loss: 0.0001, Test Error Rate: 7.91% (791/10000)

Train Epoch: 178 [20000/60000 (33%)]	Loss: 0.086896
Train Epoch: 178 [40000/60000 (67%)]	Loss: 0.074275
Train Epoch: 178 [60000/60000 (100%)]	Loss: 0.079397

Average Training loss: 0.0004, Training Error Rate: 8.04% (4825/60000)


Average Test loss: 0.0001, Test Error Rate: 7.81% (781/10000)

Train Epoch: 179 [20000/60000 (33%)]	Loss: 0.088891
Train Epoch: 179 [40000/60000 (67%)]	Loss: 0.064713
Train Epoch: 179 [60000/60000 (100%)]	Loss: 0.090426

Average Training loss: 0.0004, Training Error Rate: 8.05% (4832/60000)


Average Test loss: 0.0001, Test Error Rate: 7.78% (778/10000)

Train Epoch: 180 [20000/60000 (33%)]	Loss: 0.071970
Train Epoch: 180 [40000/60000 (67%)]	Loss: 0.090306
Train Epoch: 180 [60000/60000 (100%)]	Loss: 0.093659

Average Training loss: 0.0004, Training Error Rate: 8.06% (4834/60000)


Average Test loss: 0.0001, Test Error Rate: 7.94% (794/10000)

Train Epoch: 181 [20000/60000 (33%)]	Loss: 0.080233
Train Epoch: 181 [40000/60000 (67%)]	Loss: 0.078498
Train Epoch: 181 [60000/60000 (100%)]	Loss: 0.070152

Average Training loss: 0.0004, Training Error Rate: 8.07% (4845/60000)


Average Test loss: 0.0001, Test Error Rate: 8.20% (820/10000)

Train Epoch: 182 [20000/60000 (33%)]	Loss: 0.067744
Train Epoch: 182 [40000/60000 (67%)]	Loss: 0.084041
Train Epoch: 182 [60000/60000 (100%)]	Loss: 0.074907

Average Training loss: 0.0004, Training Error Rate: 8.01% (4806/60000)


Average Test loss: 0.0001, Test Error Rate: 7.74% (774/10000)

Train Epoch: 183 [20000/60000 (33%)]	Loss: 0.074907
Train Epoch: 183 [40000/60000 (67%)]	Loss: 0.077880
Train Epoch: 183 [60000/60000 (100%)]	Loss: 0.089108

Average Training loss: 0.0004, Training Error Rate: 8.03% (4820/60000)


Average Test loss: 0.0001, Test Error Rate: 7.99% (799/10000)

Train Epoch: 184 [20000/60000 (33%)]	Loss: 0.079268
Train Epoch: 184 [40000/60000 (67%)]	Loss: 0.073887
Train Epoch: 184 [60000/60000 (100%)]	Loss: 0.074432

Average Training loss: 0.0004, Training Error Rate: 8.08% (4847/60000)


Average Test loss: 0.0001, Test Error Rate: 7.79% (779/10000)

Train Epoch: 185 [20000/60000 (33%)]	Loss: 0.071416
Train Epoch: 185 [40000/60000 (67%)]	Loss: 0.061000
Train Epoch: 185 [60000/60000 (100%)]	Loss: 0.075056

Average Training loss: 0.0004, Training Error Rate: 7.92% (4754/60000)


Average Test loss: 0.0001, Test Error Rate: 7.78% (778/10000)

Train Epoch: 186 [20000/60000 (33%)]	Loss: 0.075750
Train Epoch: 186 [40000/60000 (67%)]	Loss: 0.092941
Train Epoch: 186 [60000/60000 (100%)]	Loss: 0.067006

Average Training loss: 0.0004, Training Error Rate: 7.87% (4719/60000)


Average Test loss: 0.0001, Test Error Rate: 7.93% (793/10000)

Train Epoch: 187 [20000/60000 (33%)]	Loss: 0.074266
Train Epoch: 187 [40000/60000 (67%)]	Loss: 0.085578
Train Epoch: 187 [60000/60000 (100%)]	Loss: 0.072484

Average Training loss: 0.0004, Training Error Rate: 7.94% (4764/60000)


Average Test loss: 0.0001, Test Error Rate: 7.72% (772/10000)

Train Epoch: 188 [20000/60000 (33%)]	Loss: 0.061038
Train Epoch: 188 [40000/60000 (67%)]	Loss: 0.110312
Train Epoch: 188 [60000/60000 (100%)]	Loss: 0.056191

Average Training loss: 0.0004, Training Error Rate: 7.93% (4758/60000)


Average Test loss: 0.0001, Test Error Rate: 7.84% (784/10000)

Train Epoch: 189 [20000/60000 (33%)]	Loss: 0.078624
Train Epoch: 189 [40000/60000 (67%)]	Loss: 0.087591
Train Epoch: 189 [60000/60000 (100%)]	Loss: 0.084364

Average Training loss: 0.0004, Training Error Rate: 8.05% (4828/60000)


Average Test loss: 0.0001, Test Error Rate: 7.90% (790/10000)

Train Epoch: 190 [20000/60000 (33%)]	Loss: 0.079174
Train Epoch: 190 [40000/60000 (67%)]	Loss: 0.052035
Train Epoch: 190 [60000/60000 (100%)]	Loss: 0.069610

Average Training loss: 0.0004, Training Error Rate: 8.14% (4885/60000)


Average Test loss: 0.0001, Test Error Rate: 7.84% (784/10000)

Train Epoch: 191 [20000/60000 (33%)]	Loss: 0.080965
Train Epoch: 191 [40000/60000 (67%)]	Loss: 0.074275
Train Epoch: 191 [60000/60000 (100%)]	Loss: 0.061337

Average Training loss: 0.0004, Training Error Rate: 7.96% (4777/60000)


Average Test loss: 0.0001, Test Error Rate: 7.76% (776/10000)

Train Epoch: 192 [20000/60000 (33%)]	Loss: 0.053612
Train Epoch: 192 [40000/60000 (67%)]	Loss: 0.052919
Train Epoch: 192 [60000/60000 (100%)]	Loss: 0.070060

Average Training loss: 0.0004, Training Error Rate: 7.84% (4705/60000)


Average Test loss: 0.0001, Test Error Rate: 7.75% (775/10000)

Train Epoch: 193 [20000/60000 (33%)]	Loss: 0.066945
Train Epoch: 193 [40000/60000 (67%)]	Loss: 0.090061
Train Epoch: 193 [60000/60000 (100%)]	Loss: 0.068688

Average Training loss: 0.0004, Training Error Rate: 8.04% (4825/60000)


Average Test loss: 0.0001, Test Error Rate: 8.27% (827/10000)

Train Epoch: 194 [20000/60000 (33%)]	Loss: 0.073431
Train Epoch: 194 [40000/60000 (67%)]	Loss: 0.067118
Train Epoch: 194 [60000/60000 (100%)]	Loss: 0.082574

Average Training loss: 0.0004, Training Error Rate: 8.08% (4850/60000)


Average Test loss: 0.0001, Test Error Rate: 8.02% (802/10000)

Train Epoch: 195 [20000/60000 (33%)]	Loss: 0.070139
Train Epoch: 195 [40000/60000 (67%)]	Loss: 0.051622
Train Epoch: 195 [60000/60000 (100%)]	Loss: 0.073254

Average Training loss: 0.0004, Training Error Rate: 7.89% (4737/60000)


Average Test loss: 0.0001, Test Error Rate: 8.07% (807/10000)

Train Epoch: 196 [20000/60000 (33%)]	Loss: 0.066723
Train Epoch: 196 [40000/60000 (67%)]	Loss: 0.066621
Train Epoch: 196 [60000/60000 (100%)]	Loss: 0.064337

Average Training loss: 0.0004, Training Error Rate: 7.97% (4781/60000)


Average Test loss: 0.0001, Test Error Rate: 7.95% (795/10000)

Train Epoch: 197 [20000/60000 (33%)]	Loss: 0.097794
Train Epoch: 197 [40000/60000 (67%)]	Loss: 0.059375
Train Epoch: 197 [60000/60000 (100%)]	Loss: 0.073999

Average Training loss: 0.0004, Training Error Rate: 7.80% (4678/60000)


Average Test loss: 0.0001, Test Error Rate: 7.72% (772/10000)

Train Epoch: 198 [20000/60000 (33%)]	Loss: 0.068837
Train Epoch: 198 [40000/60000 (67%)]	Loss: 0.083253
Train Epoch: 198 [60000/60000 (100%)]	Loss: 0.080232

Average Training loss: 0.0004, Training Error Rate: 7.79% (4674/60000)


Average Test loss: 0.0001, Test Error Rate: 7.63% (763/10000)

Train Epoch: 199 [20000/60000 (33%)]	Loss: 0.064640
Train Epoch: 199 [40000/60000 (67%)]	Loss: 0.068604
Train Epoch: 199 [60000/60000 (100%)]	Loss: 0.068387

Average Training loss: 0.0004, Training Error Rate: 7.92% (4755/60000)


Average Test loss: 0.0001, Test Error Rate: 7.77% (777/10000)

/vast/home/ajherman/miniconda3/envs/pytorch/lib/python3.11/site-packages/torchvision/io/image.py:13: UserWarning: Failed to load image Python extension: '/vast/home/ajherman/miniconda3/envs/pytorch/lib/python3.11/site-packages/torchvision/image.so: undefined symbol: _ZN5torch3jit17parseSchemaOrNameERKNSt7__cxx1112basic_stringIcSt11char_traitsIcESaIcEEE'If you don't plan on using image functionality from `torchvision.io`, you can ignore this warning. Otherwise, there might be something wrong with your environment. Did you have `libjpeg` or `libpng` installed before building `torchvision` from source?
  warn(
Random seed set as 42
dt =  0.11750309741540466
trace decay =  0.8187307530779818
Random seed set as 42
Random seed set as 42
dt =  0.11750309741540466
trace decay =  0.8187307530779818
Random seed set as 42
