/vast/home/ajherman/miniconda3/envs/pytorch/lib/python3.11/site-packages/torchvision/io/image.py:13: UserWarning: Failed to load image Python extension: '/vast/home/ajherman/miniconda3/envs/pytorch/lib/python3.11/site-packages/torchvision/image.so: undefined symbol: _ZN5torch3jit17parseSchemaOrNameERKNSt7__cxx1112basic_stringIcSt11char_traitsIcESaIcEEE'If you don't plan on using image functionality from `torchvision.io`, you can ignore this warning. Otherwise, there might be something wrong with your environment. Did you have `libjpeg` or `libpng` installed before building `torchvision` from source?
  warn(
Random seed set as 42
dt =  0.6321205588285577
trace decay =  0.7165313105737893
Random seed set as 42
Random seed set as 42
dt =  0.6321205588285577
trace decay =  0.7165313105737893
Random seed set as 42
Train Epoch: 0 [20000/60000 (33%)]	Loss: 0.450933
Train Epoch: 0 [40000/60000 (67%)]	Loss: 0.436708
Train Epoch: 0 [60000/60000 (100%)]	Loss: 0.451450

Average Training loss: 0.0023, Training Error Rate: 82.96% (49775/60000)


Average Test loss: 0.0004, Test Error Rate: 79.47% (7947/10000)

Train Epoch: 1 [20000/60000 (33%)]	Loss: 0.444761
Train Epoch: 1 [40000/60000 (67%)]	Loss: 0.444201
Train Epoch: 1 [60000/60000 (100%)]	Loss: 0.435658

Average Training loss: 0.0022, Training Error Rate: 77.02% (46209/60000)


Average Test loss: 0.0004, Test Error Rate: 73.86% (7386/10000)

Train Epoch: 2 [20000/60000 (33%)]	Loss: 0.406053
Train Epoch: 2 [40000/60000 (67%)]	Loss: 0.426620
Train Epoch: 2 [60000/60000 (100%)]	Loss: 0.432107

Average Training loss: 0.0021, Training Error Rate: 70.33% (42198/60000)


Average Test loss: 0.0004, Test Error Rate: 70.34% (7034/10000)

Train Epoch: 3 [20000/60000 (33%)]	Loss: 0.397764
Train Epoch: 3 [40000/60000 (67%)]	Loss: 0.405919
Train Epoch: 3 [60000/60000 (100%)]	Loss: 0.389165

Average Training loss: 0.0020, Training Error Rate: 63.89% (38334/60000)


Average Test loss: 0.0004, Test Error Rate: 61.08% (6108/10000)

Train Epoch: 4 [20000/60000 (33%)]	Loss: 0.390806
Train Epoch: 4 [40000/60000 (67%)]	Loss: 0.372449
Train Epoch: 4 [60000/60000 (100%)]	Loss: 0.366100

Average Training loss: 0.0019, Training Error Rate: 59.68% (35807/60000)


Average Test loss: 0.0004, Test Error Rate: 62.46% (6246/10000)

Train Epoch: 5 [20000/60000 (33%)]	Loss: 0.375144
Train Epoch: 5 [40000/60000 (67%)]	Loss: 0.366669
Train Epoch: 5 [60000/60000 (100%)]	Loss: 0.363837

Average Training loss: 0.0019, Training Error Rate: 57.10% (34259/60000)


Average Test loss: 0.0004, Test Error Rate: 54.46% (5446/10000)

Train Epoch: 6 [20000/60000 (33%)]	Loss: 0.359899
Train Epoch: 6 [40000/60000 (67%)]	Loss: 0.360244
Train Epoch: 6 [60000/60000 (100%)]	Loss: 0.360075

Average Training loss: 0.0018, Training Error Rate: 51.39% (30833/60000)


Average Test loss: 0.0004, Test Error Rate: 49.28% (4928/10000)

Train Epoch: 7 [20000/60000 (33%)]	Loss: 0.353367
Train Epoch: 7 [40000/60000 (67%)]	Loss: 0.366996
Train Epoch: 7 [60000/60000 (100%)]	Loss: 0.349146

Average Training loss: 0.0018, Training Error Rate: 49.33% (29597/60000)


Average Test loss: 0.0003, Test Error Rate: 50.89% (5089/10000)

Train Epoch: 8 [20000/60000 (33%)]	Loss: 0.340633
Train Epoch: 8 [40000/60000 (67%)]	Loss: 0.336601
Train Epoch: 8 [60000/60000 (100%)]	Loss: 0.323743

Average Training loss: 0.0017, Training Error Rate: 45.14% (27084/60000)


Average Test loss: 0.0003, Test Error Rate: 45.94% (4594/10000)

Train Epoch: 9 [20000/60000 (33%)]	Loss: 0.314706
Train Epoch: 9 [40000/60000 (67%)]	Loss: 0.317938
Train Epoch: 9 [60000/60000 (100%)]	Loss: 0.306862

Average Training loss: 0.0016, Training Error Rate: 42.55% (25530/60000)


Average Test loss: 0.0003, Test Error Rate: 43.78% (4378/10000)

Train Epoch: 10 [20000/60000 (33%)]	Loss: 0.311592
Train Epoch: 10 [40000/60000 (67%)]	Loss: 0.314962
Train Epoch: 10 [60000/60000 (100%)]	Loss: 0.307828

Average Training loss: 0.0016, Training Error Rate: 41.04% (24623/60000)


Average Test loss: 0.0003, Test Error Rate: 42.36% (4236/10000)

Train Epoch: 11 [20000/60000 (33%)]	Loss: 0.291131
Train Epoch: 11 [40000/60000 (67%)]	Loss: 0.299953
Train Epoch: 11 [60000/60000 (100%)]	Loss: 0.282205

Average Training loss: 0.0015, Training Error Rate: 38.02% (22810/60000)


Average Test loss: 0.0003, Test Error Rate: 36.72% (3672/10000)

Train Epoch: 12 [20000/60000 (33%)]	Loss: 0.275872
Train Epoch: 12 [40000/60000 (67%)]	Loss: 0.280240
Train Epoch: 12 [60000/60000 (100%)]	Loss: 0.290887

Average Training loss: 0.0014, Training Error Rate: 36.53% (21918/60000)


Average Test loss: 0.0003, Test Error Rate: 33.94% (3394/10000)

Train Epoch: 13 [20000/60000 (33%)]	Loss: 0.272254
Train Epoch: 13 [40000/60000 (67%)]	Loss: 0.276516
Train Epoch: 13 [60000/60000 (100%)]	Loss: 0.265663

Average Training loss: 0.0014, Training Error Rate: 35.55% (21329/60000)


Average Test loss: 0.0003, Test Error Rate: 34.30% (3430/10000)

Train Epoch: 14 [20000/60000 (33%)]	Loss: 0.285665
Train Epoch: 14 [40000/60000 (67%)]	Loss: 0.265040
Train Epoch: 14 [60000/60000 (100%)]	Loss: 0.285568

Average Training loss: 0.0014, Training Error Rate: 34.72% (20832/60000)


Average Test loss: 0.0003, Test Error Rate: 34.91% (3491/10000)

Train Epoch: 15 [20000/60000 (33%)]	Loss: 0.262979
Train Epoch: 15 [40000/60000 (67%)]	Loss: 0.252257
Train Epoch: 15 [60000/60000 (100%)]	Loss: 0.251514

Average Training loss: 0.0013, Training Error Rate: 32.79% (19675/60000)


Average Test loss: 0.0003, Test Error Rate: 33.15% (3315/10000)

Train Epoch: 16 [20000/60000 (33%)]	Loss: 0.251230
Train Epoch: 16 [40000/60000 (67%)]	Loss: 0.253941
Train Epoch: 16 [60000/60000 (100%)]	Loss: 0.238698

Average Training loss: 0.0013, Training Error Rate: 32.23% (19338/60000)


Average Test loss: 0.0002, Test Error Rate: 31.63% (3163/10000)

Train Epoch: 17 [20000/60000 (33%)]	Loss: 0.247786
Train Epoch: 17 [40000/60000 (67%)]	Loss: 0.236281
Train Epoch: 17 [60000/60000 (100%)]	Loss: 0.225323

Average Training loss: 0.0012, Training Error Rate: 30.16% (18099/60000)


Average Test loss: 0.0002, Test Error Rate: 27.56% (2756/10000)

Train Epoch: 18 [20000/60000 (33%)]	Loss: 0.239742
Train Epoch: 18 [40000/60000 (67%)]	Loss: 0.257513
Train Epoch: 18 [60000/60000 (100%)]	Loss: 0.221664

Average Training loss: 0.0012, Training Error Rate: 29.06% (17438/60000)


Average Test loss: 0.0002, Test Error Rate: 26.73% (2673/10000)

Train Epoch: 19 [20000/60000 (33%)]	Loss: 0.243692
Train Epoch: 19 [40000/60000 (67%)]	Loss: 0.249179
Train Epoch: 19 [60000/60000 (100%)]	Loss: 0.243216

Average Training loss: 0.0012, Training Error Rate: 29.64% (17781/60000)


Average Test loss: 0.0002, Test Error Rate: 29.54% (2954/10000)

Train Epoch: 20 [20000/60000 (33%)]	Loss: 0.192670
Train Epoch: 20 [40000/60000 (67%)]	Loss: 0.233242
Train Epoch: 20 [60000/60000 (100%)]	Loss: 0.234250

Average Training loss: 0.0012, Training Error Rate: 28.47% (17080/60000)


Average Test loss: 0.0002, Test Error Rate: 28.14% (2814/10000)

Train Epoch: 21 [20000/60000 (33%)]	Loss: 0.223902
Train Epoch: 21 [40000/60000 (67%)]	Loss: 0.208060
Train Epoch: 21 [60000/60000 (100%)]	Loss: 0.218510

Average Training loss: 0.0011, Training Error Rate: 24.38% (14629/60000)


Average Test loss: 0.0002, Test Error Rate: 25.34% (2534/10000)

Train Epoch: 22 [20000/60000 (33%)]	Loss: 0.209133
Train Epoch: 22 [40000/60000 (67%)]	Loss: 0.216373
Train Epoch: 22 [60000/60000 (100%)]	Loss: 0.230016

Average Training loss: 0.0011, Training Error Rate: 21.10% (12662/60000)


Average Test loss: 0.0002, Test Error Rate: 19.52% (1952/10000)

Train Epoch: 23 [20000/60000 (33%)]	Loss: 0.210777
Train Epoch: 23 [40000/60000 (67%)]	Loss: 0.201956
Train Epoch: 23 [60000/60000 (100%)]	Loss: 0.193918

Average Training loss: 0.0010, Training Error Rate: 19.75% (11848/60000)


Average Test loss: 0.0002, Test Error Rate: 18.68% (1868/10000)

Train Epoch: 24 [20000/60000 (33%)]	Loss: 0.195630
Train Epoch: 24 [40000/60000 (67%)]	Loss: 0.219607
Train Epoch: 24 [60000/60000 (100%)]	Loss: 0.187724

Average Training loss: 0.0010, Training Error Rate: 18.03% (10818/60000)


Average Test loss: 0.0002, Test Error Rate: 16.32% (1632/10000)

Train Epoch: 25 [20000/60000 (33%)]	Loss: 0.214782
Train Epoch: 25 [40000/60000 (67%)]	Loss: 0.163704
Train Epoch: 25 [60000/60000 (100%)]	Loss: 0.170938

Average Training loss: 0.0009, Training Error Rate: 16.76% (10055/60000)


Average Test loss: 0.0002, Test Error Rate: 16.01% (1601/10000)

Train Epoch: 26 [20000/60000 (33%)]	Loss: 0.190926
Train Epoch: 26 [40000/60000 (67%)]	Loss: 0.154172
Train Epoch: 26 [60000/60000 (100%)]	Loss: 0.173680

Average Training loss: 0.0009, Training Error Rate: 16.67% (10002/60000)


Average Test loss: 0.0002, Test Error Rate: 15.69% (1569/10000)

Train Epoch: 27 [20000/60000 (33%)]	Loss: 0.158234
Train Epoch: 27 [40000/60000 (67%)]	Loss: 0.179237
Train Epoch: 27 [60000/60000 (100%)]	Loss: 0.175285

Average Training loss: 0.0009, Training Error Rate: 17.43% (10458/60000)


Average Test loss: 0.0002, Test Error Rate: 17.85% (1785/10000)

Train Epoch: 28 [20000/60000 (33%)]	Loss: 0.174922
Train Epoch: 28 [40000/60000 (67%)]	Loss: 0.165392
Train Epoch: 28 [60000/60000 (100%)]	Loss: 0.177961

Average Training loss: 0.0009, Training Error Rate: 17.07% (10243/60000)


Average Test loss: 0.0002, Test Error Rate: 17.12% (1712/10000)

Train Epoch: 29 [20000/60000 (33%)]	Loss: 0.183250
Train Epoch: 29 [40000/60000 (67%)]	Loss: 0.194028
Train Epoch: 29 [60000/60000 (100%)]	Loss: 0.164712

Average Training loss: 0.0009, Training Error Rate: 16.80% (10083/60000)


Average Test loss: 0.0002, Test Error Rate: 16.18% (1618/10000)

Train Epoch: 30 [20000/60000 (33%)]	Loss: 0.155973
Train Epoch: 30 [40000/60000 (67%)]	Loss: 0.164573
Train Epoch: 30 [60000/60000 (100%)]	Loss: 0.181888

Average Training loss: 0.0008, Training Error Rate: 16.50% (9897/60000)


Average Test loss: 0.0002, Test Error Rate: 15.77% (1577/10000)

Train Epoch: 31 [20000/60000 (33%)]	Loss: 0.179775
Train Epoch: 31 [40000/60000 (67%)]	Loss: 0.149302
Train Epoch: 31 [60000/60000 (100%)]	Loss: 0.147376

Average Training loss: 0.0008, Training Error Rate: 16.17% (9700/60000)


Average Test loss: 0.0002, Test Error Rate: 15.60% (1560/10000)

Train Epoch: 32 [20000/60000 (33%)]	Loss: 0.144416
Train Epoch: 32 [40000/60000 (67%)]	Loss: 0.160531
Train Epoch: 32 [60000/60000 (100%)]	Loss: 0.137666

Average Training loss: 0.0008, Training Error Rate: 15.81% (9484/60000)


Average Test loss: 0.0001, Test Error Rate: 14.52% (1452/10000)

Train Epoch: 33 [20000/60000 (33%)]	Loss: 0.158462
Train Epoch: 33 [40000/60000 (67%)]	Loss: 0.126850
Train Epoch: 33 [60000/60000 (100%)]	Loss: 0.149354

Average Training loss: 0.0007, Training Error Rate: 15.14% (9082/60000)


Average Test loss: 0.0001, Test Error Rate: 13.95% (1395/10000)

Train Epoch: 34 [20000/60000 (33%)]	Loss: 0.132629
Train Epoch: 34 [40000/60000 (67%)]	Loss: 0.160474
Train Epoch: 34 [60000/60000 (100%)]	Loss: 0.136501

Average Training loss: 0.0007, Training Error Rate: 15.03% (9020/60000)


Average Test loss: 0.0001, Test Error Rate: 14.19% (1419/10000)

Train Epoch: 35 [20000/60000 (33%)]	Loss: 0.132536
Train Epoch: 35 [40000/60000 (67%)]	Loss: 0.150136
Train Epoch: 35 [60000/60000 (100%)]	Loss: 0.132977

Average Training loss: 0.0007, Training Error Rate: 14.64% (8784/60000)


Average Test loss: 0.0001, Test Error Rate: 14.21% (1421/10000)

Train Epoch: 36 [20000/60000 (33%)]	Loss: 0.118441
Train Epoch: 36 [40000/60000 (67%)]	Loss: 0.137268
Train Epoch: 36 [60000/60000 (100%)]	Loss: 0.115836

Average Training loss: 0.0007, Training Error Rate: 14.25% (8548/60000)


Average Test loss: 0.0001, Test Error Rate: 13.84% (1384/10000)

Train Epoch: 37 [20000/60000 (33%)]	Loss: 0.136002
Train Epoch: 37 [40000/60000 (67%)]	Loss: 0.107150
Train Epoch: 37 [60000/60000 (100%)]	Loss: 0.151275

Average Training loss: 0.0007, Training Error Rate: 14.33% (8599/60000)


Average Test loss: 0.0001, Test Error Rate: 14.35% (1435/10000)

Train Epoch: 38 [20000/60000 (33%)]	Loss: 0.139912
Train Epoch: 38 [40000/60000 (67%)]	Loss: 0.110454
Train Epoch: 38 [60000/60000 (100%)]	Loss: 0.138468

Average Training loss: 0.0007, Training Error Rate: 13.92% (8352/60000)


Average Test loss: 0.0001, Test Error Rate: 13.42% (1342/10000)

Train Epoch: 39 [20000/60000 (33%)]	Loss: 0.155160
Train Epoch: 39 [40000/60000 (67%)]	Loss: 0.129804
Train Epoch: 39 [60000/60000 (100%)]	Loss: 0.133021

Average Training loss: 0.0007, Training Error Rate: 13.64% (8184/60000)


Average Test loss: 0.0001, Test Error Rate: 13.08% (1308/10000)

Train Epoch: 40 [20000/60000 (33%)]	Loss: 0.129761
Train Epoch: 40 [40000/60000 (67%)]	Loss: 0.118246
Train Epoch: 40 [60000/60000 (100%)]	Loss: 0.142675

Average Training loss: 0.0007, Training Error Rate: 13.30% (7981/60000)


Average Test loss: 0.0001, Test Error Rate: 12.71% (1271/10000)

Train Epoch: 41 [20000/60000 (33%)]	Loss: 0.098674
Train Epoch: 41 [40000/60000 (67%)]	Loss: 0.135272
Train Epoch: 41 [60000/60000 (100%)]	Loss: 0.146353

Average Training loss: 0.0006, Training Error Rate: 13.32% (7993/60000)


Average Test loss: 0.0001, Test Error Rate: 13.52% (1352/10000)

Train Epoch: 42 [20000/60000 (33%)]	Loss: 0.110427
Train Epoch: 42 [40000/60000 (67%)]	Loss: 0.145218
Train Epoch: 42 [60000/60000 (100%)]	Loss: 0.123332

Average Training loss: 0.0006, Training Error Rate: 12.77% (7659/60000)


Average Test loss: 0.0001, Test Error Rate: 12.64% (1264/10000)

Train Epoch: 43 [20000/60000 (33%)]	Loss: 0.129346
Train Epoch: 43 [40000/60000 (67%)]	Loss: 0.127594
Train Epoch: 43 [60000/60000 (100%)]	Loss: 0.109451

Average Training loss: 0.0006, Training Error Rate: 12.88% (7725/60000)


Average Test loss: 0.0001, Test Error Rate: 12.17% (1217/10000)

Train Epoch: 44 [20000/60000 (33%)]	Loss: 0.118390
Train Epoch: 44 [40000/60000 (67%)]	Loss: 0.142736
Train Epoch: 44 [60000/60000 (100%)]	Loss: 0.126511

Average Training loss: 0.0006, Training Error Rate: 12.72% (7632/60000)


Average Test loss: 0.0001, Test Error Rate: 11.94% (1194/10000)

Train Epoch: 45 [20000/60000 (33%)]	Loss: 0.126382
Train Epoch: 45 [40000/60000 (67%)]	Loss: 0.121883
Train Epoch: 45 [60000/60000 (100%)]	Loss: 0.116208

Average Training loss: 0.0006, Training Error Rate: 12.79% (7676/60000)


Average Test loss: 0.0001, Test Error Rate: 12.74% (1274/10000)

Train Epoch: 46 [20000/60000 (33%)]	Loss: 0.126268
Train Epoch: 46 [40000/60000 (67%)]	Loss: 0.144132
Train Epoch: 46 [60000/60000 (100%)]	Loss: 0.106082

Average Training loss: 0.0006, Training Error Rate: 12.31% (7387/60000)


Average Test loss: 0.0001, Test Error Rate: 12.15% (1215/10000)

Train Epoch: 47 [20000/60000 (33%)]	Loss: 0.115908
Train Epoch: 47 [40000/60000 (67%)]	Loss: 0.133455
Train Epoch: 47 [60000/60000 (100%)]	Loss: 0.123809

Average Training loss: 0.0006, Training Error Rate: 12.42% (7450/60000)


Average Test loss: 0.0001, Test Error Rate: 12.39% (1239/10000)

Train Epoch: 48 [20000/60000 (33%)]	Loss: 0.133687
Train Epoch: 48 [40000/60000 (67%)]	Loss: 0.118440
Train Epoch: 48 [60000/60000 (100%)]	Loss: 0.116967

Average Training loss: 0.0006, Training Error Rate: 12.57% (7541/60000)


Average Test loss: 0.0001, Test Error Rate: 12.13% (1213/10000)

Train Epoch: 49 [20000/60000 (33%)]	Loss: 0.121122
Train Epoch: 49 [40000/60000 (67%)]	Loss: 0.104358
Train Epoch: 49 [60000/60000 (100%)]	Loss: 0.098213

Average Training loss: 0.0006, Training Error Rate: 12.77% (7661/60000)


Average Test loss: 0.0001, Test Error Rate: 11.87% (1187/10000)

Train Epoch: 50 [20000/60000 (33%)]	Loss: 0.114406
Train Epoch: 50 [40000/60000 (67%)]	Loss: 0.129360
Train Epoch: 50 [60000/60000 (100%)]	Loss: 0.110016

Average Training loss: 0.0006, Training Error Rate: 12.44% (7463/60000)


Average Test loss: 0.0001, Test Error Rate: 11.60% (1160/10000)

Train Epoch: 51 [20000/60000 (33%)]	Loss: 0.115544
Train Epoch: 51 [40000/60000 (67%)]	Loss: 0.133406
Train Epoch: 51 [60000/60000 (100%)]	Loss: 0.091625

Average Training loss: 0.0006, Training Error Rate: 12.23% (7339/60000)


Average Test loss: 0.0001, Test Error Rate: 11.58% (1158/10000)

Train Epoch: 52 [20000/60000 (33%)]	Loss: 0.098080
Train Epoch: 52 [40000/60000 (67%)]	Loss: 0.124111
Train Epoch: 52 [60000/60000 (100%)]	Loss: 0.137631

Average Training loss: 0.0006, Training Error Rate: 12.20% (7322/60000)


Average Test loss: 0.0001, Test Error Rate: 11.95% (1195/10000)

Train Epoch: 53 [20000/60000 (33%)]	Loss: 0.112719
Train Epoch: 53 [40000/60000 (67%)]	Loss: 0.107863
Train Epoch: 53 [60000/60000 (100%)]	Loss: 0.119577

Average Training loss: 0.0006, Training Error Rate: 12.29% (7376/60000)


Average Test loss: 0.0001, Test Error Rate: 12.00% (1200/10000)

Train Epoch: 54 [20000/60000 (33%)]	Loss: 0.097876
Train Epoch: 54 [40000/60000 (67%)]	Loss: 0.106258
Train Epoch: 54 [60000/60000 (100%)]	Loss: 0.103305

Average Training loss: 0.0006, Training Error Rate: 11.95% (7167/60000)


Average Test loss: 0.0001, Test Error Rate: 11.73% (1173/10000)

Train Epoch: 55 [20000/60000 (33%)]	Loss: 0.106327
Train Epoch: 55 [40000/60000 (67%)]	Loss: 0.107653
Train Epoch: 55 [60000/60000 (100%)]	Loss: 0.126741

Average Training loss: 0.0006, Training Error Rate: 12.26% (7354/60000)


Average Test loss: 0.0001, Test Error Rate: 11.47% (1147/10000)

Train Epoch: 56 [20000/60000 (33%)]	Loss: 0.121654
Train Epoch: 56 [40000/60000 (67%)]	Loss: 0.113837
Train Epoch: 56 [60000/60000 (100%)]	Loss: 0.110090

Average Training loss: 0.0005, Training Error Rate: 12.05% (7232/60000)


Average Test loss: 0.0001, Test Error Rate: 11.85% (1185/10000)

Train Epoch: 57 [20000/60000 (33%)]	Loss: 0.107071
Train Epoch: 57 [40000/60000 (67%)]	Loss: 0.121236
Train Epoch: 57 [60000/60000 (100%)]	Loss: 0.095420

Average Training loss: 0.0005, Training Error Rate: 11.88% (7130/60000)


Average Test loss: 0.0001, Test Error Rate: 10.83% (1083/10000)

Train Epoch: 58 [20000/60000 (33%)]	Loss: 0.115661
Train Epoch: 58 [40000/60000 (67%)]	Loss: 0.086396
Train Epoch: 58 [60000/60000 (100%)]	Loss: 0.111025

Average Training loss: 0.0005, Training Error Rate: 11.66% (6996/60000)


Average Test loss: 0.0001, Test Error Rate: 11.46% (1146/10000)

Train Epoch: 59 [20000/60000 (33%)]	Loss: 0.115211
Train Epoch: 59 [40000/60000 (67%)]	Loss: 0.117281
Train Epoch: 59 [60000/60000 (100%)]	Loss: 0.095333

Average Training loss: 0.0005, Training Error Rate: 11.74% (7042/60000)


Average Test loss: 0.0001, Test Error Rate: 11.19% (1119/10000)

Train Epoch: 60 [20000/60000 (33%)]	Loss: 0.091321
Train Epoch: 60 [40000/60000 (67%)]	Loss: 0.117643
Train Epoch: 60 [60000/60000 (100%)]	Loss: 0.092374

Average Training loss: 0.0005, Training Error Rate: 11.68% (7006/60000)


Average Test loss: 0.0001, Test Error Rate: 11.37% (1137/10000)

Train Epoch: 61 [20000/60000 (33%)]	Loss: 0.088598
Train Epoch: 61 [40000/60000 (67%)]	Loss: 0.126009
Train Epoch: 61 [60000/60000 (100%)]	Loss: 0.095346

Average Training loss: 0.0005, Training Error Rate: 11.80% (7081/60000)


Average Test loss: 0.0001, Test Error Rate: 11.28% (1128/10000)

Train Epoch: 62 [20000/60000 (33%)]	Loss: 0.102101
Train Epoch: 62 [40000/60000 (67%)]	Loss: 0.097411
Train Epoch: 62 [60000/60000 (100%)]	Loss: 0.133844

Average Training loss: 0.0005, Training Error Rate: 11.70% (7021/60000)


Average Test loss: 0.0001, Test Error Rate: 10.98% (1098/10000)

Train Epoch: 63 [20000/60000 (33%)]	Loss: 0.104800
Train Epoch: 63 [40000/60000 (67%)]	Loss: 0.104366
Train Epoch: 63 [60000/60000 (100%)]	Loss: 0.103837

Average Training loss: 0.0005, Training Error Rate: 11.73% (7037/60000)


Average Test loss: 0.0001, Test Error Rate: 11.65% (1165/10000)

Train Epoch: 64 [20000/60000 (33%)]	Loss: 0.096752
Train Epoch: 64 [40000/60000 (67%)]	Loss: 0.095379
Train Epoch: 64 [60000/60000 (100%)]	Loss: 0.127562

Average Training loss: 0.0005, Training Error Rate: 11.79% (7075/60000)


Average Test loss: 0.0001, Test Error Rate: 11.53% (1153/10000)

Train Epoch: 65 [20000/60000 (33%)]	Loss: 0.110741
Train Epoch: 65 [40000/60000 (67%)]	Loss: 0.106186
Train Epoch: 65 [60000/60000 (100%)]	Loss: 0.088695

Average Training loss: 0.0005, Training Error Rate: 11.60% (6961/60000)


Average Test loss: 0.0001, Test Error Rate: 10.82% (1082/10000)

Train Epoch: 66 [20000/60000 (33%)]	Loss: 0.096014
Train Epoch: 66 [40000/60000 (67%)]	Loss: 0.106858
Train Epoch: 66 [60000/60000 (100%)]	Loss: 0.090478

Average Training loss: 0.0005, Training Error Rate: 11.19% (6715/60000)


Average Test loss: 0.0001, Test Error Rate: 10.74% (1074/10000)

Train Epoch: 67 [20000/60000 (33%)]	Loss: 0.104669
Train Epoch: 67 [40000/60000 (67%)]	Loss: 0.117597
Train Epoch: 67 [60000/60000 (100%)]	Loss: 0.104560

Average Training loss: 0.0005, Training Error Rate: 11.55% (6930/60000)


Average Test loss: 0.0001, Test Error Rate: 11.33% (1133/10000)

Train Epoch: 68 [20000/60000 (33%)]	Loss: 0.105944
Train Epoch: 68 [40000/60000 (67%)]	Loss: 0.088223
Train Epoch: 68 [60000/60000 (100%)]	Loss: 0.105099

Average Training loss: 0.0005, Training Error Rate: 11.14% (6686/60000)


Average Test loss: 0.0001, Test Error Rate: 11.05% (1105/10000)

Train Epoch: 69 [20000/60000 (33%)]	Loss: 0.127719
Train Epoch: 69 [40000/60000 (67%)]	Loss: 0.093709
Train Epoch: 69 [60000/60000 (100%)]	Loss: 0.116434

Average Training loss: 0.0005, Training Error Rate: 11.30% (6778/60000)


Average Test loss: 0.0001, Test Error Rate: 10.94% (1094/10000)

Train Epoch: 70 [20000/60000 (33%)]	Loss: 0.107692
Train Epoch: 70 [40000/60000 (67%)]	Loss: 0.093153
Train Epoch: 70 [60000/60000 (100%)]	Loss: 0.105349

Average Training loss: 0.0005, Training Error Rate: 11.01% (6605/60000)


Average Test loss: 0.0001, Test Error Rate: 11.42% (1142/10000)

Train Epoch: 71 [20000/60000 (33%)]	Loss: 0.089678
Train Epoch: 71 [40000/60000 (67%)]	Loss: 0.093276
Train Epoch: 71 [60000/60000 (100%)]	Loss: 0.089488

Average Training loss: 0.0005, Training Error Rate: 11.30% (6778/60000)


Average Test loss: 0.0001, Test Error Rate: 10.96% (1096/10000)

Train Epoch: 72 [20000/60000 (33%)]	Loss: 0.083437
Train Epoch: 72 [40000/60000 (67%)]	Loss: 0.096240
Train Epoch: 72 [60000/60000 (100%)]	Loss: 0.074759

Average Training loss: 0.0005, Training Error Rate: 10.89% (6532/60000)


Average Test loss: 0.0001, Test Error Rate: 10.61% (1061/10000)

Train Epoch: 73 [20000/60000 (33%)]	Loss: 0.108103
Train Epoch: 73 [40000/60000 (67%)]	Loss: 0.112959
Train Epoch: 73 [60000/60000 (100%)]	Loss: 0.089509

Average Training loss: 0.0005, Training Error Rate: 10.83% (6496/60000)


Average Test loss: 0.0001, Test Error Rate: 10.30% (1030/10000)

Train Epoch: 74 [20000/60000 (33%)]	Loss: 0.109170
Train Epoch: 74 [40000/60000 (67%)]	Loss: 0.093102
Train Epoch: 74 [60000/60000 (100%)]	Loss: 0.084046

Average Training loss: 0.0005, Training Error Rate: 10.84% (6505/60000)


Average Test loss: 0.0001, Test Error Rate: 10.27% (1027/10000)

Train Epoch: 75 [20000/60000 (33%)]	Loss: 0.087763
Train Epoch: 75 [40000/60000 (67%)]	Loss: 0.092297
Train Epoch: 75 [60000/60000 (100%)]	Loss: 0.113247

Average Training loss: 0.0005, Training Error Rate: 10.71% (6424/60000)


Average Test loss: 0.0001, Test Error Rate: 10.22% (1022/10000)

Train Epoch: 76 [20000/60000 (33%)]	Loss: 0.087419
Train Epoch: 76 [40000/60000 (67%)]	Loss: 0.094412
Train Epoch: 76 [60000/60000 (100%)]	Loss: 0.095422

Average Training loss: 0.0005, Training Error Rate: 10.38% (6225/60000)


Average Test loss: 0.0001, Test Error Rate: 10.08% (1008/10000)

Train Epoch: 77 [20000/60000 (33%)]	Loss: 0.088458
Train Epoch: 77 [40000/60000 (67%)]	Loss: 0.119820
Train Epoch: 77 [60000/60000 (100%)]	Loss: 0.107259

Average Training loss: 0.0005, Training Error Rate: 10.48% (6287/60000)


Average Test loss: 0.0001, Test Error Rate: 10.00% (1000/10000)

Train Epoch: 78 [20000/60000 (33%)]	Loss: 0.101528
Train Epoch: 78 [40000/60000 (67%)]	Loss: 0.092577
Train Epoch: 78 [60000/60000 (100%)]	Loss: 0.098124

Average Training loss: 0.0005, Training Error Rate: 10.52% (6314/60000)


Average Test loss: 0.0001, Test Error Rate: 10.61% (1061/10000)

Train Epoch: 79 [20000/60000 (33%)]	Loss: 0.097601
Train Epoch: 79 [40000/60000 (67%)]	Loss: 0.094689
Train Epoch: 79 [60000/60000 (100%)]	Loss: 0.104680

Average Training loss: 0.0005, Training Error Rate: 10.56% (6337/60000)


Average Test loss: 0.0001, Test Error Rate: 10.20% (1020/10000)

Train Epoch: 80 [20000/60000 (33%)]	Loss: 0.112987
Train Epoch: 80 [40000/60000 (67%)]	Loss: 0.097207
Train Epoch: 80 [60000/60000 (100%)]	Loss: 0.080056

Average Training loss: 0.0005, Training Error Rate: 10.56% (6337/60000)


Average Test loss: 0.0001, Test Error Rate: 10.62% (1062/10000)

Train Epoch: 81 [20000/60000 (33%)]	Loss: 0.073734
Train Epoch: 81 [40000/60000 (67%)]	Loss: 0.079170
Train Epoch: 81 [60000/60000 (100%)]	Loss: 0.096695

Average Training loss: 0.0005, Training Error Rate: 10.33% (6199/60000)


Average Test loss: 0.0001, Test Error Rate: 10.28% (1028/10000)

Train Epoch: 82 [20000/60000 (33%)]	Loss: 0.089087
Train Epoch: 82 [40000/60000 (67%)]	Loss: 0.115358
Train Epoch: 82 [60000/60000 (100%)]	Loss: 0.099230

Average Training loss: 0.0005, Training Error Rate: 10.51% (6308/60000)


Average Test loss: 0.0001, Test Error Rate: 10.54% (1054/10000)

Train Epoch: 83 [20000/60000 (33%)]	Loss: 0.079633
Train Epoch: 83 [40000/60000 (67%)]	Loss: 0.087945
Train Epoch: 83 [60000/60000 (100%)]	Loss: 0.118788

Average Training loss: 0.0005, Training Error Rate: 10.41% (6249/60000)


Average Test loss: 0.0001, Test Error Rate: 10.51% (1051/10000)

Train Epoch: 84 [20000/60000 (33%)]	Loss: 0.080389
Train Epoch: 84 [40000/60000 (67%)]	Loss: 0.088737
Train Epoch: 84 [60000/60000 (100%)]	Loss: 0.088449

Average Training loss: 0.0005, Training Error Rate: 10.37% (6221/60000)


Average Test loss: 0.0001, Test Error Rate: 10.13% (1013/10000)

Train Epoch: 85 [20000/60000 (33%)]	Loss: 0.101148
Train Epoch: 85 [40000/60000 (67%)]	Loss: 0.084806
Train Epoch: 85 [60000/60000 (100%)]	Loss: 0.063877

Average Training loss: 0.0005, Training Error Rate: 10.25% (6149/60000)


Average Test loss: 0.0001, Test Error Rate: 10.21% (1021/10000)

Train Epoch: 86 [20000/60000 (33%)]	Loss: 0.091187
Train Epoch: 86 [40000/60000 (67%)]	Loss: 0.095604
Train Epoch: 86 [60000/60000 (100%)]	Loss: 0.115977

Average Training loss: 0.0005, Training Error Rate: 10.48% (6287/60000)


Average Test loss: 0.0001, Test Error Rate: 10.53% (1053/10000)

Train Epoch: 87 [20000/60000 (33%)]	Loss: 0.086863
Train Epoch: 87 [40000/60000 (67%)]	Loss: 0.080906
Train Epoch: 87 [60000/60000 (100%)]	Loss: 0.095824

Average Training loss: 0.0005, Training Error Rate: 10.55% (6329/60000)


Average Test loss: 0.0001, Test Error Rate: 10.24% (1024/10000)

Train Epoch: 88 [20000/60000 (33%)]	Loss: 0.109941
Train Epoch: 88 [40000/60000 (67%)]	Loss: 0.061849
Train Epoch: 88 [60000/60000 (100%)]	Loss: 0.091100

Average Training loss: 0.0005, Training Error Rate: 10.40% (6241/60000)


Average Test loss: 0.0001, Test Error Rate: 10.55% (1055/10000)

Train Epoch: 89 [20000/60000 (33%)]	Loss: 0.116387
Train Epoch: 89 [40000/60000 (67%)]	Loss: 0.075599
Train Epoch: 89 [60000/60000 (100%)]	Loss: 0.095275

Average Training loss: 0.0004, Training Error Rate: 10.14% (6082/60000)


Average Test loss: 0.0001, Test Error Rate: 9.84% (984/10000)

Train Epoch: 90 [20000/60000 (33%)]	Loss: 0.103461
Train Epoch: 90 [40000/60000 (67%)]	Loss: 0.102470
Train Epoch: 90 [60000/60000 (100%)]	Loss: 0.083239

Average Training loss: 0.0005, Training Error Rate: 10.14% (6082/60000)


Average Test loss: 0.0001, Test Error Rate: 10.22% (1022/10000)

Train Epoch: 91 [20000/60000 (33%)]	Loss: 0.072074
Train Epoch: 91 [40000/60000 (67%)]	Loss: 0.087842
Train Epoch: 91 [60000/60000 (100%)]	Loss: 0.102521

Average Training loss: 0.0004, Training Error Rate: 10.10% (6062/60000)


Average Test loss: 0.0001, Test Error Rate: 10.03% (1003/10000)

Train Epoch: 92 [20000/60000 (33%)]	Loss: 0.103468
Train Epoch: 92 [40000/60000 (67%)]	Loss: 0.071556
Train Epoch: 92 [60000/60000 (100%)]	Loss: 0.099093

Average Training loss: 0.0005, Training Error Rate: 10.27% (6160/60000)


Average Test loss: 0.0001, Test Error Rate: 9.87% (987/10000)

Train Epoch: 93 [20000/60000 (33%)]	Loss: 0.087576
Train Epoch: 93 [40000/60000 (67%)]	Loss: 0.093547
Train Epoch: 93 [60000/60000 (100%)]	Loss: 0.100108

Average Training loss: 0.0005, Training Error Rate: 10.41% (6245/60000)


Average Test loss: 0.0001, Test Error Rate: 10.70% (1070/10000)

Train Epoch: 94 [20000/60000 (33%)]	Loss: 0.104232
Train Epoch: 94 [40000/60000 (67%)]	Loss: 0.095990
Train Epoch: 94 [60000/60000 (100%)]	Loss: 0.082359

Average Training loss: 0.0005, Training Error Rate: 10.65% (6393/60000)


Average Test loss: 0.0001, Test Error Rate: 10.06% (1006/10000)

Train Epoch: 95 [20000/60000 (33%)]	Loss: 0.104071
Train Epoch: 95 [40000/60000 (67%)]	Loss: 0.077498
Train Epoch: 95 [60000/60000 (100%)]	Loss: 0.096970

Average Training loss: 0.0005, Training Error Rate: 10.46% (6273/60000)


Average Test loss: 0.0001, Test Error Rate: 10.11% (1011/10000)

Train Epoch: 96 [20000/60000 (33%)]	Loss: 0.089774
Train Epoch: 96 [40000/60000 (67%)]	Loss: 0.091114
Train Epoch: 96 [60000/60000 (100%)]	Loss: 0.101176

Average Training loss: 0.0005, Training Error Rate: 10.29% (6177/60000)


Average Test loss: 0.0001, Test Error Rate: 10.15% (1015/10000)

Train Epoch: 97 [20000/60000 (33%)]	Loss: 0.103899
Train Epoch: 97 [40000/60000 (67%)]	Loss: 0.062793
Train Epoch: 97 [60000/60000 (100%)]	Loss: 0.101925

Average Training loss: 0.0004, Training Error Rate: 10.25% (6148/60000)


Average Test loss: 0.0001, Test Error Rate: 10.01% (1001/10000)

Train Epoch: 98 [20000/60000 (33%)]	Loss: 0.079453
Train Epoch: 98 [40000/60000 (67%)]	Loss: 0.083812
Train Epoch: 98 [60000/60000 (100%)]	Loss: 0.056462

Average Training loss: 0.0004, Training Error Rate: 10.21% (6125/60000)


Average Test loss: 0.0001, Test Error Rate: 10.06% (1006/10000)

Train Epoch: 99 [20000/60000 (33%)]	Loss: 0.079529
Train Epoch: 99 [40000/60000 (67%)]	Loss: 0.101271
Train Epoch: 99 [60000/60000 (100%)]	Loss: 0.062829

Average Training loss: 0.0004, Training Error Rate: 10.10% (6058/60000)


Average Test loss: 0.0001, Test Error Rate: 9.66% (966/10000)

/vast/home/ajherman/miniconda3/envs/pytorch/lib/python3.11/site-packages/torchvision/io/image.py:13: UserWarning: Failed to load image Python extension: '/vast/home/ajherman/miniconda3/envs/pytorch/lib/python3.11/site-packages/torchvision/image.so: undefined symbol: _ZN5torch3jit17parseSchemaOrNameERKNSt7__cxx1112basic_stringIcSt11char_traitsIcESaIcEEE'If you don't plan on using image functionality from `torchvision.io`, you can ignore this warning. Otherwise, there might be something wrong with your environment. Did you have `libjpeg` or `libpng` installed before building `torchvision` from source?
  warn(
Random seed set as 42
dt =  0.6321205588285577
trace decay =  0.7165313105737893
Random seed set as 42
Random seed set as 42
dt =  0.6321205588285577
trace decay =  0.7165313105737893
Random seed set as 42
/vast/home/ajherman/miniconda3/envs/pytorch/lib/python3.11/site-packages/torchvision/io/image.py:13: UserWarning: Failed to load image Python extension: '/vast/home/ajherman/miniconda3/envs/pytorch/lib/python3.11/site-packages/torchvision/image.so: undefined symbol: _ZN5torch3jit17parseSchemaOrNameERKNSt7__cxx1112basic_stringIcSt11char_traitsIcESaIcEEE'If you don't plan on using image functionality from `torchvision.io`, you can ignore this warning. Otherwise, there might be something wrong with your environment. Did you have `libjpeg` or `libpng` installed before building `torchvision` from source?
  warn(
Random seed set as 42
dt =  0.6321205588285577
trace decay =  0.7165313105737893
Random seed set as 42
Random seed set as 42
dt =  0.6321205588285577
trace decay =  0.7165313105737893
Random seed set as 42
/vast/home/ajherman/miniconda3/envs/pytorch/lib/python3.11/site-packages/torchvision/io/image.py:13: UserWarning: Failed to load image Python extension: '/vast/home/ajherman/miniconda3/envs/pytorch/lib/python3.11/site-packages/torchvision/image.so: undefined symbol: _ZN5torch3jit17parseSchemaOrNameERKNSt7__cxx1112basic_stringIcSt11char_traitsIcESaIcEEE'If you don't plan on using image functionality from `torchvision.io`, you can ignore this warning. Otherwise, there might be something wrong with your environment. Did you have `libjpeg` or `libpng` installed before building `torchvision` from source?
  warn(
Random seed set as 42
dt =  0.6321205588285577
trace decay =  0.7165313105737893
Random seed set as 42
Random seed set as 42
dt =  0.6321205588285577
trace decay =  0.7165313105737893
Random seed set as 42
Train Epoch: 100 [20000/60000 (33%)]	Loss: 0.095469
Train Epoch: 100 [40000/60000 (67%)]	Loss: 0.087774
Train Epoch: 100 [60000/60000 (100%)]	Loss: 0.084143

Average Training loss: 0.0004, Training Error Rate: 10.11% (6064/60000)


Average Test loss: 0.0001, Test Error Rate: 9.89% (989/10000)

Train Epoch: 101 [20000/60000 (33%)]	Loss: 0.092666
Train Epoch: 101 [40000/60000 (67%)]	Loss: 0.080430
