/vast/home/ajherman/miniconda3/envs/pytorch/lib/python3.11/site-packages/torchvision/io/image.py:13: UserWarning: Failed to load image Python extension: '/vast/home/ajherman/miniconda3/envs/pytorch/lib/python3.11/site-packages/torchvision/image.so: undefined symbol: _ZN5torch3jit17parseSchemaOrNameERKNSt7__cxx1112basic_stringIcSt11char_traitsIcESaIcEEE'If you don't plan on using image functionality from `torchvision.io`, you can ignore this warning. Otherwise, there might be something wrong with your environment. Did you have `libjpeg` or `libpng` installed before building `torchvision` from source?
  warn(
Random seed set as 42
dt =  0.6321205588285577
trace decay =  0.7165313105737893
Random seed set as 42
Random seed set as 42
dt =  0.6321205588285577
trace decay =  0.7165313105737893
Random seed set as 42
Train Epoch: 0 [2500/60000 (4%)]	Loss: 0.467655
Train Epoch: 0 [5000/60000 (8%)]	Loss: 0.484903
Train Epoch: 0 [7500/60000 (12%)]	Loss: 0.516981
Train Epoch: 0 [10000/60000 (17%)]	Loss: 0.512614
Train Epoch: 0 [12500/60000 (21%)]	Loss: 0.476198
Train Epoch: 0 [15000/60000 (25%)]	Loss: 0.459866
Train Epoch: 0 [17500/60000 (29%)]	Loss: 0.464678
Train Epoch: 0 [20000/60000 (33%)]	Loss: 0.459306
Train Epoch: 0 [22500/60000 (38%)]	Loss: 0.545348
Train Epoch: 0 [25000/60000 (42%)]	Loss: 0.453338
Train Epoch: 0 [27500/60000 (46%)]	Loss: 0.438772
Train Epoch: 0 [30000/60000 (50%)]	Loss: 0.458005
Train Epoch: 0 [32500/60000 (54%)]	Loss: 0.454924
Train Epoch: 0 [35000/60000 (58%)]	Loss: 0.454162
Train Epoch: 0 [37500/60000 (62%)]	Loss: 0.467057
Train Epoch: 0 [40000/60000 (67%)]	Loss: 0.465068
Train Epoch: 0 [42500/60000 (71%)]	Loss: 0.449177
Train Epoch: 0 [45000/60000 (75%)]	Loss: 0.404137
Train Epoch: 0 [47500/60000 (79%)]	Loss: 0.478396
Train Epoch: 0 [50000/60000 (83%)]	Loss: 0.471228
Train Epoch: 0 [52500/60000 (88%)]	Loss: 0.434094
Train Epoch: 0 [55000/60000 (92%)]	Loss: 0.473336
Train Epoch: 0 [57500/60000 (96%)]	Loss: 0.438858
Train Epoch: 0 [60000/60000 (100%)]	Loss: 0.429824

Average Training loss: 0.0190, Training Error Rate: 84.88% (50930/60000)


Average Test loss: 0.0004, Test Error Rate: 77.29% (7729/10000)

Train Epoch: 1 [2500/60000 (4%)]	Loss: 0.442970
Train Epoch: 1 [5000/60000 (8%)]	Loss: 0.430726
Train Epoch: 1 [7500/60000 (12%)]	Loss: 0.414380
Train Epoch: 1 [10000/60000 (17%)]	Loss: 0.455616
Train Epoch: 1 [12500/60000 (21%)]	Loss: 0.422024
Train Epoch: 1 [15000/60000 (25%)]	Loss: 0.399772
Train Epoch: 1 [17500/60000 (29%)]	Loss: 0.444008
Train Epoch: 1 [20000/60000 (33%)]	Loss: 0.427789
Train Epoch: 1 [22500/60000 (38%)]	Loss: 0.475989
Train Epoch: 1 [25000/60000 (42%)]	Loss: 0.456213
Train Epoch: 1 [27500/60000 (46%)]	Loss: 0.402223
Train Epoch: 1 [30000/60000 (50%)]	Loss: 0.394153
Train Epoch: 1 [32500/60000 (54%)]	Loss: 0.404071
Train Epoch: 1 [35000/60000 (58%)]	Loss: 0.394045
Train Epoch: 1 [37500/60000 (62%)]	Loss: 0.427523
Train Epoch: 1 [40000/60000 (67%)]	Loss: 0.465088
Train Epoch: 1 [42500/60000 (71%)]	Loss: 0.444232
Train Epoch: 1 [45000/60000 (75%)]	Loss: 0.404786
Train Epoch: 1 [47500/60000 (79%)]	Loss: 0.428348
Train Epoch: 1 [50000/60000 (83%)]	Loss: 0.425066
Train Epoch: 1 [52500/60000 (88%)]	Loss: 0.482525
Train Epoch: 1 [55000/60000 (92%)]	Loss: 0.429636
Train Epoch: 1 [57500/60000 (96%)]	Loss: 0.410644
Train Epoch: 1 [60000/60000 (100%)]	Loss: 0.396660

Average Training loss: 0.0174, Training Error Rate: 73.69% (44213/60000)


Average Test loss: 0.0004, Test Error Rate: 64.78% (6478/10000)

Train Epoch: 2 [2500/60000 (4%)]	Loss: 0.386034
Train Epoch: 2 [5000/60000 (8%)]	Loss: 0.411078
Train Epoch: 2 [7500/60000 (12%)]	Loss: 0.378152
Train Epoch: 2 [10000/60000 (17%)]	Loss: 0.377630
Train Epoch: 2 [12500/60000 (21%)]	Loss: 0.369507
Train Epoch: 2 [15000/60000 (25%)]	Loss: 0.394854
Train Epoch: 2 [17500/60000 (29%)]	Loss: 0.414723
Train Epoch: 2 [20000/60000 (33%)]	Loss: 0.343928
Train Epoch: 2 [22500/60000 (38%)]	Loss: 0.342254
Train Epoch: 2 [25000/60000 (42%)]	Loss: 0.425813
Train Epoch: 2 [27500/60000 (46%)]	Loss: 0.448443
Train Epoch: 2 [30000/60000 (50%)]	Loss: 0.326449
Train Epoch: 2 [32500/60000 (54%)]	Loss: 0.349023
Train Epoch: 2 [35000/60000 (58%)]	Loss: 0.376683
Train Epoch: 2 [37500/60000 (62%)]	Loss: 0.377496
Train Epoch: 2 [40000/60000 (67%)]	Loss: 0.380777
Train Epoch: 2 [42500/60000 (71%)]	Loss: 0.383584
Train Epoch: 2 [45000/60000 (75%)]	Loss: 0.361215
Train Epoch: 2 [47500/60000 (79%)]	Loss: 0.356630
Train Epoch: 2 [50000/60000 (83%)]	Loss: 0.355935
Train Epoch: 2 [52500/60000 (88%)]	Loss: 0.352127
Train Epoch: 2 [55000/60000 (92%)]	Loss: 0.367637
Train Epoch: 2 [57500/60000 (96%)]	Loss: 0.335620
Train Epoch: 2 [60000/60000 (100%)]	Loss: 0.406196

Average Training loss: 0.0152, Training Error Rate: 59.33% (35596/60000)


Average Test loss: 0.0003, Test Error Rate: 48.75% (4875/10000)

Train Epoch: 3 [2500/60000 (4%)]	Loss: 0.369712
Train Epoch: 3 [5000/60000 (8%)]	Loss: 0.367673
Train Epoch: 3 [7500/60000 (12%)]	Loss: 0.383943
Train Epoch: 3 [10000/60000 (17%)]	Loss: 0.388678
Train Epoch: 3 [12500/60000 (21%)]	Loss: 0.315911
Train Epoch: 3 [15000/60000 (25%)]	Loss: 0.346814
Train Epoch: 3 [17500/60000 (29%)]	Loss: 0.371933
Train Epoch: 3 [20000/60000 (33%)]	Loss: 0.262230
Train Epoch: 3 [22500/60000 (38%)]	Loss: 0.337862
Train Epoch: 3 [25000/60000 (42%)]	Loss: 0.364909
Train Epoch: 3 [27500/60000 (46%)]	Loss: 0.260628
Train Epoch: 3 [30000/60000 (50%)]	Loss: 0.317042
Train Epoch: 3 [32500/60000 (54%)]	Loss: 0.284629
Train Epoch: 3 [35000/60000 (58%)]	Loss: 0.339824
Train Epoch: 3 [37500/60000 (62%)]	Loss: 0.337560
Train Epoch: 3 [40000/60000 (67%)]	Loss: 0.365332
Train Epoch: 3 [42500/60000 (71%)]	Loss: 0.299964
Train Epoch: 3 [45000/60000 (75%)]	Loss: 0.291723
Train Epoch: 3 [47500/60000 (79%)]	Loss: 0.351082
Train Epoch: 3 [50000/60000 (83%)]	Loss: 0.371893
Train Epoch: 3 [52500/60000 (88%)]	Loss: 0.274822
Train Epoch: 3 [55000/60000 (92%)]	Loss: 0.368113
Train Epoch: 3 [57500/60000 (96%)]	Loss: 0.357903
slurmstepd: error: *** STEP 15492015.2 ON cn432 CANCELLED AT 2023-10-03T00:39:57 ***
