/vast/home/ajherman/miniconda3/envs/pytorch/lib/python3.11/site-packages/torchvision/io/image.py:13: UserWarning: Failed to load image Python extension: '/vast/home/ajherman/miniconda3/envs/pytorch/lib/python3.11/site-packages/torchvision/image.so: undefined symbol: _ZN5torch3jit17parseSchemaOrNameERKNSt7__cxx1112basic_stringIcSt11char_traitsIcESaIcEEE'If you don't plan on using image functionality from `torchvision.io`, you can ignore this warning. Otherwise, there might be something wrong with your environment. Did you have `libjpeg` or `libpng` installed before building `torchvision` from source?
  warn(
Random seed set as 42
dt =  0.6321205588285577
trace decay =  0.6065306597126334
Random seed set as 42
Random seed set as 42
dt =  0.6321205588285577
trace decay =  0.6065306597126334
Random seed set as 42
Train Epoch: 0 [20000/60000 (33%)]	Loss: 0.436778
Train Epoch: 0 [40000/60000 (67%)]	Loss: 0.350985
Train Epoch: 0 [60000/60000 (100%)]	Loss: 0.337395

Average Training loss: 0.0020, Training Error Rate: 57.76% (34654/60000)


Average Test loss: 0.0003, Test Error Rate: 38.03% (3803/10000)

Train Epoch: 1 [20000/60000 (33%)]	Loss: 0.293206
Train Epoch: 1 [40000/60000 (67%)]	Loss: 0.296177
Train Epoch: 1 [60000/60000 (100%)]	Loss: 0.262517

Average Training loss: 0.0015, Training Error Rate: 32.67% (19605/60000)


Average Test loss: 0.0003, Test Error Rate: 27.11% (2711/10000)

Train Epoch: 2 [20000/60000 (33%)]	Loss: 0.237045
slurmstepd: error: *** STEP 15491035.5 ON cn654 CANCELLED AT 2023-10-02T10:17:52 ***
/vast/home/ajherman/miniconda3/envs/pytorch/lib/python3.11/site-packages/torchvision/io/image.py:13: UserWarning: Failed to load image Python extension: '/vast/home/ajherman/miniconda3/envs/pytorch/lib/python3.11/site-packages/torchvision/image.so: undefined symbol: _ZN5torch3jit17parseSchemaOrNameERKNSt7__cxx1112basic_stringIcSt11char_traitsIcESaIcEEE'If you don't plan on using image functionality from `torchvision.io`, you can ignore this warning. Otherwise, there might be something wrong with your environment. Did you have `libjpeg` or `libpng` installed before building `torchvision` from source?
  warn(
Random seed set as 42
dt =  0.6321205588285577
trace decay =  0.6065306597126334
Random seed set as 42
Random seed set as 42
dt =  0.6321205588285577
trace decay =  0.6065306597126334
Random seed set as 42
Train Epoch: 2 [20000/60000 (33%)]	Loss: 0.252476
Train Epoch: 2 [40000/60000 (67%)]	Loss: 0.234725
Train Epoch: 2 [60000/60000 (100%)]	Loss: 0.224321

Average Training loss: 0.0012, Training Error Rate: 25.88% (15530/60000)


Average Test loss: 0.0002, Test Error Rate: 21.97% (2197/10000)

Train Epoch: 3 [20000/60000 (33%)]	Loss: 0.212808
Train Epoch: 3 [40000/60000 (67%)]	Loss: 0.218204
Train Epoch: 3 [60000/60000 (100%)]	Loss: 0.190977

Average Training loss: 0.0011, Training Error Rate: 22.28% (13367/60000)


Average Test loss: 0.0002, Test Error Rate: 20.11% (2011/10000)

Train Epoch: 4 [20000/60000 (33%)]	Loss: 0.200165
Train Epoch: 4 [40000/60000 (67%)]	Loss: 0.187257
Train Epoch: 4 [60000/60000 (100%)]	Loss: 0.201458

Average Training loss: 0.0010, Training Error Rate: 20.76% (12455/60000)


Average Test loss: 0.0002, Test Error Rate: 20.01% (2001/10000)

Train Epoch: 5 [20000/60000 (33%)]	Loss: 0.205684
Train Epoch: 5 [40000/60000 (67%)]	Loss: 0.163705
Train Epoch: 5 [60000/60000 (100%)]	Loss: 0.175339

Average Training loss: 0.0009, Training Error Rate: 19.28% (11567/60000)


Average Test loss: 0.0002, Test Error Rate: 17.44% (1744/10000)

Train Epoch: 6 [20000/60000 (33%)]	Loss: 0.182062
Train Epoch: 6 [40000/60000 (67%)]	Loss: 0.182469
Train Epoch: 6 [60000/60000 (100%)]	Loss: 0.152982

Average Training loss: 0.0009, Training Error Rate: 18.10% (10861/60000)


Average Test loss: 0.0002, Test Error Rate: 17.64% (1764/10000)

Train Epoch: 7 [20000/60000 (33%)]	Loss: 0.169433
Train Epoch: 7 [40000/60000 (67%)]	Loss: 0.165207
Train Epoch: 7 [60000/60000 (100%)]	Loss: 0.182793

Average Training loss: 0.0009, Training Error Rate: 17.68% (10611/60000)


Average Test loss: 0.0002, Test Error Rate: 16.65% (1665/10000)

Train Epoch: 8 [20000/60000 (33%)]	Loss: 0.159065
Train Epoch: 8 [40000/60000 (67%)]	Loss: 0.136386
Train Epoch: 8 [60000/60000 (100%)]	Loss: 0.165180

Average Training loss: 0.0008, Training Error Rate: 16.93% (10156/60000)


Average Test loss: 0.0002, Test Error Rate: 16.17% (1617/10000)

Train Epoch: 9 [20000/60000 (33%)]	Loss: 0.171778
Train Epoch: 9 [40000/60000 (67%)]	Loss: 0.175405
Train Epoch: 9 [60000/60000 (100%)]	Loss: 0.161903

Average Training loss: 0.0008, Training Error Rate: 16.28% (9767/60000)


Average Test loss: 0.0002, Test Error Rate: 15.56% (1556/10000)

Train Epoch: 10 [20000/60000 (33%)]	Loss: 0.162965
Train Epoch: 10 [40000/60000 (67%)]	Loss: 0.162529
Train Epoch: 10 [60000/60000 (100%)]	Loss: 0.147873

Average Training loss: 0.0008, Training Error Rate: 15.80% (9482/60000)


Average Test loss: 0.0002, Test Error Rate: 14.90% (1490/10000)

Train Epoch: 11 [20000/60000 (33%)]	Loss: 0.177451
Train Epoch: 11 [40000/60000 (67%)]	Loss: 0.138754
Train Epoch: 11 [60000/60000 (100%)]	Loss: 0.142979

Average Training loss: 0.0007, Training Error Rate: 15.09% (9056/60000)


Average Test loss: 0.0001, Test Error Rate: 15.06% (1506/10000)

Train Epoch: 12 [20000/60000 (33%)]	Loss: 0.152967
Train Epoch: 12 [40000/60000 (67%)]	Loss: 0.147902
Train Epoch: 12 [60000/60000 (100%)]	Loss: 0.176521

Average Training loss: 0.0008, Training Error Rate: 15.23% (9137/60000)


Average Test loss: 0.0001, Test Error Rate: 14.74% (1474/10000)

Train Epoch: 13 [20000/60000 (33%)]	Loss: 0.148533
Train Epoch: 13 [40000/60000 (67%)]	Loss: 0.130958
Train Epoch: 13 [60000/60000 (100%)]	Loss: 0.134198

Average Training loss: 0.0007, Training Error Rate: 14.86% (8914/60000)


Average Test loss: 0.0001, Test Error Rate: 14.08% (1408/10000)

Train Epoch: 14 [20000/60000 (33%)]	Loss: 0.132453
Train Epoch: 14 [40000/60000 (67%)]	Loss: 0.144020
Train Epoch: 14 [60000/60000 (100%)]	Loss: 0.119334

Average Training loss: 0.0007, Training Error Rate: 14.36% (8618/60000)


Average Test loss: 0.0001, Test Error Rate: 14.02% (1402/10000)

Train Epoch: 15 [20000/60000 (33%)]	Loss: 0.112657
Train Epoch: 15 [40000/60000 (67%)]	Loss: 0.124823
Train Epoch: 15 [60000/60000 (100%)]	Loss: 0.140947

Average Training loss: 0.0007, Training Error Rate: 13.55% (8130/60000)


Average Test loss: 0.0001, Test Error Rate: 13.57% (1357/10000)

Train Epoch: 16 [20000/60000 (33%)]	Loss: 0.120081
Train Epoch: 16 [40000/60000 (67%)]	Loss: 0.134536
Train Epoch: 16 [60000/60000 (100%)]	Loss: 0.133222

Average Training loss: 0.0007, Training Error Rate: 13.43% (8060/60000)


Average Test loss: 0.0001, Test Error Rate: 12.01% (1201/10000)

Train Epoch: 17 [20000/60000 (33%)]	Loss: 0.115982
Train Epoch: 17 [40000/60000 (67%)]	Loss: 0.123594
Train Epoch: 17 [60000/60000 (100%)]	Loss: 0.119756

Average Training loss: 0.0006, Training Error Rate: 13.07% (7844/60000)


Average Test loss: 0.0001, Test Error Rate: 12.17% (1217/10000)

Train Epoch: 18 [20000/60000 (33%)]	Loss: 0.119817
Train Epoch: 18 [40000/60000 (67%)]	Loss: 0.125829
Train Epoch: 18 [60000/60000 (100%)]	Loss: 0.110084

Average Training loss: 0.0006, Training Error Rate: 12.71% (7628/60000)


Average Test loss: 0.0001, Test Error Rate: 12.68% (1268/10000)

Train Epoch: 19 [20000/60000 (33%)]	Loss: 0.127222
Train Epoch: 19 [40000/60000 (67%)]	Loss: 0.098354
Train Epoch: 19 [60000/60000 (100%)]	Loss: 0.123885

Average Training loss: 0.0006, Training Error Rate: 12.82% (7692/60000)


Average Test loss: 0.0001, Test Error Rate: 12.60% (1260/10000)

Train Epoch: 20 [20000/60000 (33%)]	Loss: 0.128821
Train Epoch: 20 [40000/60000 (67%)]	Loss: 0.106188
Train Epoch: 20 [60000/60000 (100%)]	Loss: 0.133699

Average Training loss: 0.0006, Training Error Rate: 13.22% (7932/60000)


Average Test loss: 0.0001, Test Error Rate: 12.11% (1211/10000)

Train Epoch: 21 [20000/60000 (33%)]	Loss: 0.130472
Train Epoch: 21 [40000/60000 (67%)]	Loss: 0.113046
Train Epoch: 21 [60000/60000 (100%)]	Loss: 0.125372

Average Training loss: 0.0006, Training Error Rate: 12.35% (7409/60000)


Average Test loss: 0.0001, Test Error Rate: 12.04% (1204/10000)

Train Epoch: 22 [20000/60000 (33%)]	Loss: 0.148475
Train Epoch: 22 [40000/60000 (67%)]	Loss: 0.147482
Train Epoch: 22 [60000/60000 (100%)]	Loss: 0.124522

Average Training loss: 0.0006, Training Error Rate: 12.71% (7629/60000)


Average Test loss: 0.0001, Test Error Rate: 11.81% (1181/10000)

Train Epoch: 23 [20000/60000 (33%)]	Loss: 0.093590
Train Epoch: 23 [40000/60000 (67%)]	Loss: 0.125495
Train Epoch: 23 [60000/60000 (100%)]	Loss: 0.144342

Average Training loss: 0.0006, Training Error Rate: 12.45% (7471/60000)


Average Test loss: 0.0001, Test Error Rate: 11.57% (1157/10000)

Train Epoch: 24 [20000/60000 (33%)]	Loss: 0.108373
Train Epoch: 24 [40000/60000 (67%)]	Loss: 0.148630
Train Epoch: 24 [60000/60000 (100%)]	Loss: 0.114541

Average Training loss: 0.0006, Training Error Rate: 12.34% (7406/60000)


Average Test loss: 0.0001, Test Error Rate: 11.57% (1157/10000)

Train Epoch: 25 [20000/60000 (33%)]	Loss: 0.124013
Train Epoch: 25 [40000/60000 (67%)]	Loss: 0.119775
Train Epoch: 25 [60000/60000 (100%)]	Loss: 0.121710

Average Training loss: 0.0006, Training Error Rate: 12.51% (7504/60000)


Average Test loss: 0.0001, Test Error Rate: 11.78% (1178/10000)

Train Epoch: 26 [20000/60000 (33%)]	Loss: 0.115769
Train Epoch: 26 [40000/60000 (67%)]	Loss: 0.115903
Train Epoch: 26 [60000/60000 (100%)]	Loss: 0.110895

Average Training loss: 0.0006, Training Error Rate: 12.15% (7292/60000)


Average Test loss: 0.0001, Test Error Rate: 11.32% (1132/10000)

Train Epoch: 27 [20000/60000 (33%)]	Loss: 0.147427
Train Epoch: 27 [40000/60000 (67%)]	Loss: 0.118946
Train Epoch: 27 [60000/60000 (100%)]	Loss: 0.097574

Average Training loss: 0.0006, Training Error Rate: 11.96% (7179/60000)


Average Test loss: 0.0001, Test Error Rate: 11.26% (1126/10000)

Train Epoch: 28 [20000/60000 (33%)]	Loss: 0.118126
Train Epoch: 28 [40000/60000 (67%)]	Loss: 0.116967
Train Epoch: 28 [60000/60000 (100%)]	Loss: 0.077507

Average Training loss: 0.0006, Training Error Rate: 11.87% (7122/60000)


Average Test loss: 0.0001, Test Error Rate: 10.82% (1082/10000)

Train Epoch: 29 [20000/60000 (33%)]	Loss: 0.124946
Train Epoch: 29 [40000/60000 (67%)]	Loss: 0.112014
Train Epoch: 29 [60000/60000 (100%)]	Loss: 0.111209

Average Training loss: 0.0006, Training Error Rate: 11.60% (6958/60000)


Average Test loss: 0.0001, Test Error Rate: 10.91% (1091/10000)

Train Epoch: 30 [20000/60000 (33%)]	Loss: 0.117259
Train Epoch: 30 [40000/60000 (67%)]	Loss: 0.131242
Train Epoch: 30 [60000/60000 (100%)]	Loss: 0.147974

Average Training loss: 0.0006, Training Error Rate: 11.51% (6903/60000)


Average Test loss: 0.0001, Test Error Rate: 11.56% (1156/10000)

Train Epoch: 31 [20000/60000 (33%)]	Loss: 0.118326
Train Epoch: 31 [40000/60000 (67%)]	Loss: 0.129818
Train Epoch: 31 [60000/60000 (100%)]	Loss: 0.088745

Average Training loss: 0.0006, Training Error Rate: 11.20% (6717/60000)


Average Test loss: 0.0001, Test Error Rate: 10.77% (1077/10000)

Train Epoch: 32 [20000/60000 (33%)]	Loss: 0.120055
Train Epoch: 32 [40000/60000 (67%)]	Loss: 0.112678
Train Epoch: 32 [60000/60000 (100%)]	Loss: 0.108238

Average Training loss: 0.0006, Training Error Rate: 11.40% (6839/60000)


Average Test loss: 0.0001, Test Error Rate: 11.07% (1107/10000)

Train Epoch: 33 [20000/60000 (33%)]	Loss: 0.097009
Train Epoch: 33 [40000/60000 (67%)]	Loss: 0.122656
Train Epoch: 33 [60000/60000 (100%)]	Loss: 0.119424

Average Training loss: 0.0005, Training Error Rate: 11.09% (6653/60000)


Average Test loss: 0.0001, Test Error Rate: 10.66% (1066/10000)

Train Epoch: 34 [20000/60000 (33%)]	Loss: 0.111819
Train Epoch: 34 [40000/60000 (67%)]	Loss: 0.104339
Train Epoch: 34 [60000/60000 (100%)]	Loss: 0.110848

Average Training loss: 0.0005, Training Error Rate: 10.91% (6544/60000)


Average Test loss: 0.0001, Test Error Rate: 10.61% (1061/10000)

Train Epoch: 35 [20000/60000 (33%)]	Loss: 0.095349
Train Epoch: 35 [40000/60000 (67%)]	Loss: 0.111679
Train Epoch: 35 [60000/60000 (100%)]	Loss: 0.118099

Average Training loss: 0.0005, Training Error Rate: 10.66% (6396/60000)


Average Test loss: 0.0001, Test Error Rate: 10.90% (1090/10000)

Train Epoch: 36 [20000/60000 (33%)]	Loss: 0.131410
Train Epoch: 36 [40000/60000 (67%)]	Loss: 0.095942
Train Epoch: 36 [60000/60000 (100%)]	Loss: 0.096019

Average Training loss: 0.0005, Training Error Rate: 11.02% (6614/60000)


Average Test loss: 0.0001, Test Error Rate: 11.07% (1107/10000)

Train Epoch: 37 [20000/60000 (33%)]	Loss: 0.122441
Train Epoch: 37 [40000/60000 (67%)]	Loss: 0.077105
Train Epoch: 37 [60000/60000 (100%)]	Loss: 0.116749

Average Training loss: 0.0005, Training Error Rate: 11.05% (6632/60000)


Average Test loss: 0.0001, Test Error Rate: 11.36% (1136/10000)

Train Epoch: 38 [20000/60000 (33%)]	Loss: 0.098949
Train Epoch: 38 [40000/60000 (67%)]	Loss: 0.094676
Train Epoch: 38 [60000/60000 (100%)]	Loss: 0.123479

Average Training loss: 0.0005, Training Error Rate: 10.49% (6294/60000)


Average Test loss: 0.0001, Test Error Rate: 10.34% (1034/10000)

Train Epoch: 39 [20000/60000 (33%)]	Loss: 0.093218
Train Epoch: 39 [40000/60000 (67%)]	Loss: 0.109956
Train Epoch: 39 [60000/60000 (100%)]	Loss: 0.102839

Average Training loss: 0.0005, Training Error Rate: 10.38% (6231/60000)


Average Test loss: 0.0001, Test Error Rate: 10.31% (1031/10000)

Train Epoch: 40 [20000/60000 (33%)]	Loss: 0.107174
Train Epoch: 40 [40000/60000 (67%)]	Loss: 0.091292
Train Epoch: 40 [60000/60000 (100%)]	Loss: 0.075845

Average Training loss: 0.0005, Training Error Rate: 10.07% (6041/60000)


Average Test loss: 0.0001, Test Error Rate: 10.91% (1091/10000)

Train Epoch: 41 [20000/60000 (33%)]	Loss: 0.095347
Train Epoch: 41 [40000/60000 (67%)]	Loss: 0.096498
Train Epoch: 41 [60000/60000 (100%)]	Loss: 0.079761

Average Training loss: 0.0005, Training Error Rate: 10.12% (6070/60000)


Average Test loss: 0.0001, Test Error Rate: 10.00% (1000/10000)

Train Epoch: 42 [20000/60000 (33%)]	Loss: 0.106483
Train Epoch: 42 [40000/60000 (67%)]	Loss: 0.105703
Train Epoch: 42 [60000/60000 (100%)]	Loss: 0.090286

Average Training loss: 0.0005, Training Error Rate: 9.68% (5808/60000)


Average Test loss: 0.0001, Test Error Rate: 9.48% (948/10000)

Train Epoch: 43 [20000/60000 (33%)]	Loss: 0.116349
Train Epoch: 43 [40000/60000 (67%)]	Loss: 0.102777
Train Epoch: 43 [60000/60000 (100%)]	Loss: 0.094215

Average Training loss: 0.0005, Training Error Rate: 9.92% (5954/60000)


Average Test loss: 0.0001, Test Error Rate: 10.54% (1054/10000)

Train Epoch: 44 [20000/60000 (33%)]	Loss: 0.092461
Train Epoch: 44 [40000/60000 (67%)]	Loss: 0.107665
Train Epoch: 44 [60000/60000 (100%)]	Loss: 0.089782

Average Training loss: 0.0005, Training Error Rate: 10.02% (6009/60000)


Average Test loss: 0.0001, Test Error Rate: 9.83% (983/10000)

Train Epoch: 45 [20000/60000 (33%)]	Loss: 0.106798
Train Epoch: 45 [40000/60000 (67%)]	Loss: 0.100138
Train Epoch: 45 [60000/60000 (100%)]	Loss: 0.083915

Average Training loss: 0.0005, Training Error Rate: 9.81% (5887/60000)


Average Test loss: 0.0001, Test Error Rate: 9.71% (971/10000)

Train Epoch: 46 [20000/60000 (33%)]	Loss: 0.097571
Train Epoch: 46 [40000/60000 (67%)]	Loss: 0.077623
Train Epoch: 46 [60000/60000 (100%)]	Loss: 0.088890

Average Training loss: 0.0005, Training Error Rate: 10.11% (6065/60000)


Average Test loss: 0.0001, Test Error Rate: 10.61% (1061/10000)

Train Epoch: 47 [20000/60000 (33%)]	Loss: 0.102778
Train Epoch: 47 [40000/60000 (67%)]	Loss: 0.120413
Train Epoch: 47 [60000/60000 (100%)]	Loss: 0.087656

Average Training loss: 0.0005, Training Error Rate: 10.46% (6274/60000)


Average Test loss: 0.0001, Test Error Rate: 9.75% (975/10000)

Train Epoch: 48 [20000/60000 (33%)]	Loss: 0.075630
Train Epoch: 48 [40000/60000 (67%)]	Loss: 0.095681
Train Epoch: 48 [60000/60000 (100%)]	Loss: 0.099185

Average Training loss: 0.0005, Training Error Rate: 9.69% (5816/60000)


Average Test loss: 0.0001, Test Error Rate: 9.44% (944/10000)

Train Epoch: 49 [20000/60000 (33%)]	Loss: 0.103144
Train Epoch: 49 [40000/60000 (67%)]	Loss: 0.109528
Train Epoch: 49 [60000/60000 (100%)]	Loss: 0.085896

Average Training loss: 0.0005, Training Error Rate: 9.64% (5784/60000)


Average Test loss: 0.0001, Test Error Rate: 9.83% (983/10000)

Train Epoch: 50 [20000/60000 (33%)]	Loss: 0.113858
Train Epoch: 50 [40000/60000 (67%)]	Loss: 0.090242
Train Epoch: 50 [60000/60000 (100%)]	Loss: 0.081814

Average Training loss: 0.0005, Training Error Rate: 9.56% (5734/60000)


Average Test loss: 0.0001, Test Error Rate: 9.36% (936/10000)

Train Epoch: 51 [20000/60000 (33%)]	Loss: 0.100264
Train Epoch: 51 [40000/60000 (67%)]	Loss: 0.085358
Train Epoch: 51 [60000/60000 (100%)]	Loss: 0.099828

Average Training loss: 0.0005, Training Error Rate: 9.45% (5669/60000)


Average Test loss: 0.0001, Test Error Rate: 9.40% (940/10000)

Train Epoch: 52 [20000/60000 (33%)]	Loss: 0.079727
Train Epoch: 52 [40000/60000 (67%)]	Loss: 0.103491
Train Epoch: 52 [60000/60000 (100%)]	Loss: 0.090768

Average Training loss: 0.0005, Training Error Rate: 9.74% (5842/60000)


Average Test loss: 0.0001, Test Error Rate: 9.91% (991/10000)

Train Epoch: 53 [20000/60000 (33%)]	Loss: 0.105797
Train Epoch: 53 [40000/60000 (67%)]	Loss: 0.095294
Train Epoch: 53 [60000/60000 (100%)]	Loss: 0.084927

Average Training loss: 0.0005, Training Error Rate: 9.45% (5670/60000)


Average Test loss: 0.0001, Test Error Rate: 9.11% (911/10000)

Train Epoch: 54 [20000/60000 (33%)]	Loss: 0.096923
Train Epoch: 54 [40000/60000 (67%)]	Loss: 0.089190
Train Epoch: 54 [60000/60000 (100%)]	Loss: 0.104101

Average Training loss: 0.0005, Training Error Rate: 9.47% (5680/60000)


Average Test loss: 0.0001, Test Error Rate: 9.87% (987/10000)

Train Epoch: 55 [20000/60000 (33%)]	Loss: 0.089377
Train Epoch: 55 [40000/60000 (67%)]	Loss: 0.096478
Train Epoch: 55 [60000/60000 (100%)]	Loss: 0.079560

Average Training loss: 0.0005, Training Error Rate: 9.22% (5531/60000)


Average Test loss: 0.0001, Test Error Rate: 9.55% (955/10000)

Train Epoch: 56 [20000/60000 (33%)]	Loss: 0.109372
Train Epoch: 56 [40000/60000 (67%)]	Loss: 0.097021
Train Epoch: 56 [60000/60000 (100%)]	Loss: 0.084271

Average Training loss: 0.0004, Training Error Rate: 9.09% (5455/60000)


Average Test loss: 0.0001, Test Error Rate: 9.38% (938/10000)

Train Epoch: 57 [20000/60000 (33%)]	Loss: 0.088331
Train Epoch: 57 [40000/60000 (67%)]	Loss: 0.083343
Train Epoch: 57 [60000/60000 (100%)]	Loss: 0.087318

Average Training loss: 0.0005, Training Error Rate: 9.49% (5697/60000)


Average Test loss: 0.0001, Test Error Rate: 9.53% (953/10000)

Train Epoch: 58 [20000/60000 (33%)]	Loss: 0.095060
Train Epoch: 58 [40000/60000 (67%)]	Loss: 0.075563
Train Epoch: 58 [60000/60000 (100%)]	Loss: 0.076904

Average Training loss: 0.0004, Training Error Rate: 9.09% (5456/60000)


Average Test loss: 0.0001, Test Error Rate: 9.18% (918/10000)

Train Epoch: 59 [20000/60000 (33%)]	Loss: 0.083395
Train Epoch: 59 [40000/60000 (67%)]	Loss: 0.084222
Train Epoch: 59 [60000/60000 (100%)]	Loss: 0.094229

Average Training loss: 0.0004, Training Error Rate: 8.59% (5156/60000)


Average Test loss: 0.0001, Test Error Rate: 8.45% (845/10000)

Train Epoch: 60 [20000/60000 (33%)]	Loss: 0.091013
Train Epoch: 60 [40000/60000 (67%)]	Loss: 0.082310
Train Epoch: 60 [60000/60000 (100%)]	Loss: 0.098044

Average Training loss: 0.0004, Training Error Rate: 8.70% (5220/60000)


Average Test loss: 0.0001, Test Error Rate: 8.47% (847/10000)

Train Epoch: 61 [20000/60000 (33%)]	Loss: 0.084371
Train Epoch: 61 [40000/60000 (67%)]	Loss: 0.069100
Train Epoch: 61 [60000/60000 (100%)]	Loss: 0.113669

Average Training loss: 0.0004, Training Error Rate: 8.96% (5379/60000)


Average Test loss: 0.0001, Test Error Rate: 8.74% (874/10000)

Train Epoch: 62 [20000/60000 (33%)]	Loss: 0.059124
Train Epoch: 62 [40000/60000 (67%)]	Loss: 0.090070
Train Epoch: 62 [60000/60000 (100%)]	Loss: 0.076140

Average Training loss: 0.0004, Training Error Rate: 8.72% (5230/60000)


Average Test loss: 0.0001, Test Error Rate: 9.36% (936/10000)

Train Epoch: 63 [20000/60000 (33%)]	Loss: 0.076468
Train Epoch: 63 [40000/60000 (67%)]	Loss: 0.067412
Train Epoch: 63 [60000/60000 (100%)]	Loss: 0.092923

Average Training loss: 0.0004, Training Error Rate: 8.81% (5284/60000)


Average Test loss: 0.0001, Test Error Rate: 9.03% (903/10000)

Train Epoch: 64 [20000/60000 (33%)]	Loss: 0.097994
Train Epoch: 64 [40000/60000 (67%)]	Loss: 0.077878
Train Epoch: 64 [60000/60000 (100%)]	Loss: 0.096157

Average Training loss: 0.0004, Training Error Rate: 9.00% (5402/60000)


Average Test loss: 0.0001, Test Error Rate: 9.18% (918/10000)

Train Epoch: 65 [20000/60000 (33%)]	Loss: 0.075816
Train Epoch: 65 [40000/60000 (67%)]	Loss: 0.066764
Train Epoch: 65 [60000/60000 (100%)]	Loss: 0.078596

Average Training loss: 0.0004, Training Error Rate: 8.70% (5218/60000)


Average Test loss: 0.0001, Test Error Rate: 9.06% (906/10000)

Train Epoch: 66 [20000/60000 (33%)]	Loss: 0.122842
Train Epoch: 66 [40000/60000 (67%)]	Loss: 0.056674
Train Epoch: 66 [60000/60000 (100%)]	Loss: 0.078200

Average Training loss: 0.0004, Training Error Rate: 8.62% (5172/60000)


Average Test loss: 0.0001, Test Error Rate: 8.47% (847/10000)

Train Epoch: 67 [20000/60000 (33%)]	Loss: 0.075392
Train Epoch: 67 [40000/60000 (67%)]	Loss: 0.060747
Train Epoch: 67 [60000/60000 (100%)]	Loss: 0.083876

Average Training loss: 0.0004, Training Error Rate: 8.47% (5084/60000)


Average Test loss: 0.0001, Test Error Rate: 8.64% (864/10000)

Train Epoch: 68 [20000/60000 (33%)]	Loss: 0.091520
Train Epoch: 68 [40000/60000 (67%)]	Loss: 0.097585
Train Epoch: 68 [60000/60000 (100%)]	Loss: 0.100099

Average Training loss: 0.0004, Training Error Rate: 8.47% (5084/60000)


Average Test loss: 0.0001, Test Error Rate: 8.90% (890/10000)

Train Epoch: 69 [20000/60000 (33%)]	Loss: 0.076661
Train Epoch: 69 [40000/60000 (67%)]	Loss: 0.081437
Train Epoch: 69 [60000/60000 (100%)]	Loss: 0.054723

Average Training loss: 0.0004, Training Error Rate: 8.28% (4967/60000)


Average Test loss: 0.0001, Test Error Rate: 7.99% (799/10000)

Train Epoch: 70 [20000/60000 (33%)]	Loss: 0.070903
Train Epoch: 70 [40000/60000 (67%)]	Loss: 0.059846
Train Epoch: 70 [60000/60000 (100%)]	Loss: 0.086940

Average Training loss: 0.0004, Training Error Rate: 8.24% (4942/60000)


Average Test loss: 0.0001, Test Error Rate: 8.49% (849/10000)

Train Epoch: 71 [20000/60000 (33%)]	Loss: 0.076943
Train Epoch: 71 [40000/60000 (67%)]	Loss: 0.099352
Train Epoch: 71 [60000/60000 (100%)]	Loss: 0.096445

Average Training loss: 0.0004, Training Error Rate: 8.36% (5014/60000)


Average Test loss: 0.0001, Test Error Rate: 8.38% (838/10000)

Train Epoch: 72 [20000/60000 (33%)]	Loss: 0.103806
Train Epoch: 72 [40000/60000 (67%)]	Loss: 0.082576
Train Epoch: 72 [60000/60000 (100%)]	Loss: 0.072625

Average Training loss: 0.0004, Training Error Rate: 8.27% (4959/60000)


Average Test loss: 0.0001, Test Error Rate: 8.56% (856/10000)

Train Epoch: 73 [20000/60000 (33%)]	Loss: 0.086984
Train Epoch: 73 [40000/60000 (67%)]	Loss: 0.103863
Train Epoch: 73 [60000/60000 (100%)]	Loss: 0.099119

Average Training loss: 0.0004, Training Error Rate: 8.14% (4886/60000)


Average Test loss: 0.0001, Test Error Rate: 8.80% (880/10000)

Train Epoch: 74 [20000/60000 (33%)]	Loss: 0.096330
Train Epoch: 74 [40000/60000 (67%)]	Loss: 0.098047
Train Epoch: 74 [60000/60000 (100%)]	Loss: 0.096014

Average Training loss: 0.0004, Training Error Rate: 8.18% (4910/60000)


Average Test loss: 0.0001, Test Error Rate: 8.40% (840/10000)

Train Epoch: 75 [20000/60000 (33%)]	Loss: 0.084211
Train Epoch: 75 [40000/60000 (67%)]	Loss: 0.102525
Train Epoch: 75 [60000/60000 (100%)]	Loss: 0.072041

Average Training loss: 0.0004, Training Error Rate: 8.31% (4988/60000)


Average Test loss: 0.0001, Test Error Rate: 9.19% (919/10000)

Train Epoch: 76 [20000/60000 (33%)]	Loss: 0.073052
Train Epoch: 76 [40000/60000 (67%)]	Loss: 0.130484
Train Epoch: 76 [60000/60000 (100%)]	Loss: 0.074619

Average Training loss: 0.0004, Training Error Rate: 8.47% (5080/60000)


Average Test loss: 0.0001, Test Error Rate: 8.10% (810/10000)

Train Epoch: 77 [20000/60000 (33%)]	Loss: 0.076036
Train Epoch: 77 [40000/60000 (67%)]	Loss: 0.066938
Train Epoch: 77 [60000/60000 (100%)]	Loss: 0.090625

Average Training loss: 0.0004, Training Error Rate: 8.46% (5078/60000)


Average Test loss: 0.0001, Test Error Rate: 8.56% (856/10000)

Train Epoch: 78 [20000/60000 (33%)]	Loss: 0.095896
Train Epoch: 78 [40000/60000 (67%)]	Loss: 0.048787
Train Epoch: 78 [60000/60000 (100%)]	Loss: 0.082462

Average Training loss: 0.0004, Training Error Rate: 7.93% (4757/60000)


Average Test loss: 0.0001, Test Error Rate: 8.00% (800/10000)

Train Epoch: 79 [20000/60000 (33%)]	Loss: 0.072815
Train Epoch: 79 [40000/60000 (67%)]	Loss: 0.081102
Train Epoch: 79 [60000/60000 (100%)]	Loss: 0.065296

Average Training loss: 0.0004, Training Error Rate: 7.97% (4782/60000)


Average Test loss: 0.0001, Test Error Rate: 8.63% (863/10000)

