/vast/home/ajherman/miniconda3/envs/pytorch/lib/python3.11/site-packages/torchvision/io/image.py:13: UserWarning: Failed to load image Python extension: '/vast/home/ajherman/miniconda3/envs/pytorch/lib/python3.11/site-packages/torchvision/image.so: undefined symbol: _ZN5torch3jit17parseSchemaOrNameERKNSt7__cxx1112basic_stringIcSt11char_traitsIcESaIcEEE'If you don't plan on using image functionality from `torchvision.io`, you can ignore this warning. Otherwise, there might be something wrong with your environment. Did you have `libjpeg` or `libpng` installed before building `torchvision` from source?
  warn(
Random seed set as 42
dt =  0.06058693718652419
trace decay =  0.6065306597126334
Random seed set as 42
Random seed set as 42
dt =  0.06058693718652419
trace decay =  0.6065306597126334
Random seed set as 42
Train Epoch: 0 [20000/60000 (33%)]	Loss: 1.597586
Train Epoch: 0 [40000/60000 (67%)]	Loss: 1.057329
Train Epoch: 0 [60000/60000 (100%)]	Loss: 1.041609

Average Training loss: 0.0066, Training Error Rate: 90.28% (54168/60000)


Average Test loss: 0.0009, Test Error Rate: 90.18% (9018/10000)

Train Epoch: 1 [20000/60000 (33%)]	Loss: 1.065413
Train Epoch: 1 [40000/60000 (67%)]	Loss: 1.214458
Train Epoch: 1 [60000/60000 (100%)]	Loss: 1.070615

Average Training loss: 0.0053, Training Error Rate: 90.26% (54158/60000)


Average Test loss: 0.0011, Test Error Rate: 90.18% (9018/10000)

Train Epoch: 2 [20000/60000 (33%)]	Loss: 1.035514
Train Epoch: 2 [40000/60000 (67%)]	Loss: 1.295991
Train Epoch: 2 [60000/60000 (100%)]	Loss: 1.123217

Average Training loss: 0.0055, Training Error Rate: 90.26% (54158/60000)


Average Test loss: 0.0011, Test Error Rate: 90.18% (9018/10000)

Train Epoch: 3 [20000/60000 (33%)]	Loss: 1.066205
Train Epoch: 3 [40000/60000 (67%)]	Loss: 1.154915
Train Epoch: 3 [60000/60000 (100%)]	Loss: 1.043924

Average Training loss: 0.0056, Training Error Rate: 90.26% (54158/60000)


Average Test loss: 0.0011, Test Error Rate: 90.18% (9018/10000)

Train Epoch: 4 [20000/60000 (33%)]	Loss: 0.937769
Train Epoch: 4 [40000/60000 (67%)]	Loss: 1.088028
Train Epoch: 4 [60000/60000 (100%)]	Loss: 1.107323

Average Training loss: 0.0052, Training Error Rate: 90.26% (54158/60000)


Average Test loss: 0.0011, Test Error Rate: 90.18% (9018/10000)

Train Epoch: 5 [20000/60000 (33%)]	Loss: 1.460457
Train Epoch: 5 [40000/60000 (67%)]	Loss: 0.977236
Train Epoch: 5 [60000/60000 (100%)]	Loss: 0.945124

Average Training loss: 0.0052, Training Error Rate: 90.26% (54158/60000)


Average Test loss: 0.0009, Test Error Rate: 90.18% (9018/10000)

Train Epoch: 6 [20000/60000 (33%)]	Loss: 0.961329
Train Epoch: 6 [40000/60000 (67%)]	Loss: 1.267344
Train Epoch: 6 [60000/60000 (100%)]	Loss: 0.966980

Average Training loss: 0.0050, Training Error Rate: 90.26% (54158/60000)


Average Test loss: 0.0010, Test Error Rate: 90.18% (9018/10000)

Train Epoch: 7 [20000/60000 (33%)]	Loss: 0.932992
Train Epoch: 7 [40000/60000 (67%)]	Loss: 0.956136
Train Epoch: 7 [60000/60000 (100%)]	Loss: 1.010565

Average Training loss: 0.0053, Training Error Rate: 90.26% (54158/60000)


Average Test loss: 0.0010, Test Error Rate: 90.18% (9018/10000)

Train Epoch: 8 [20000/60000 (33%)]	Loss: 0.957438
Train Epoch: 8 [40000/60000 (67%)]	Loss: 1.221508
Train Epoch: 8 [60000/60000 (100%)]	Loss: 0.959325

Average Training loss: 0.0053, Training Error Rate: 90.26% (54158/60000)


Average Test loss: 0.0010, Test Error Rate: 90.18% (9018/10000)

Train Epoch: 9 [20000/60000 (33%)]	Loss: 0.958732
Train Epoch: 9 [40000/60000 (67%)]	Loss: 0.854856
Train Epoch: 9 [60000/60000 (100%)]	Loss: 1.028880

Average Training loss: 0.0052, Training Error Rate: 90.26% (54158/60000)


Average Test loss: 0.0010, Test Error Rate: 90.18% (9018/10000)

Train Epoch: 10 [20000/60000 (33%)]	Loss: 0.906772
Train Epoch: 10 [40000/60000 (67%)]	Loss: 1.029394
Train Epoch: 10 [60000/60000 (100%)]	Loss: 1.058596

Average Training loss: 0.0052, Training Error Rate: 90.26% (54158/60000)


Average Test loss: 0.0010, Test Error Rate: 90.18% (9018/10000)

Train Epoch: 11 [20000/60000 (33%)]	Loss: 0.946354
Train Epoch: 11 [40000/60000 (67%)]	Loss: 0.865579
Train Epoch: 11 [60000/60000 (100%)]	Loss: 0.911104

Average Training loss: 0.0050, Training Error Rate: 90.26% (54158/60000)


Average Test loss: 0.0009, Test Error Rate: 90.18% (9018/10000)

Train Epoch: 12 [20000/60000 (33%)]	Loss: 0.898231
Train Epoch: 12 [40000/60000 (67%)]	Loss: 0.899720
