/vast/home/ajherman/miniconda3/envs/pytorch/lib/python3.11/site-packages/torchvision/io/image.py:13: UserWarning: Failed to load image Python extension: '/vast/home/ajherman/miniconda3/envs/pytorch/lib/python3.11/site-packages/torchvision/image.so: undefined symbol: _ZN5torch3jit17parseSchemaOrNameERKNSt7__cxx1112basic_stringIcSt11char_traitsIcESaIcEEE'If you don't plan on using image functionality from `torchvision.io`, you can ignore this warning. Otherwise, there might be something wrong with your environment. Did you have `libjpeg` or `libpng` installed before building `torchvision` from source?
  warn(
Random seed set as 42
dt =  0.3934693402873666
trace decay =  0.6065306597126334
Random seed set as 42
Random seed set as 42
dt =  0.3934693402873666
trace decay =  0.6065306597126334
Random seed set as 42
Train Epoch: 0 [2500/60000 (4%)]	Loss: 0.455086
Train Epoch: 0 [5000/60000 (8%)]	Loss: 0.424655
Train Epoch: 0 [7500/60000 (12%)]	Loss: 0.437575
Train Epoch: 0 [10000/60000 (17%)]	Loss: 0.454304
Train Epoch: 0 [12500/60000 (21%)]	Loss: 0.397172
Train Epoch: 0 [15000/60000 (25%)]	Loss: 0.420496
Train Epoch: 0 [17500/60000 (29%)]	Loss: 0.429359
Train Epoch: 0 [20000/60000 (33%)]	Loss: 0.397511
Train Epoch: 0 [22500/60000 (38%)]	Loss: 0.411726
Train Epoch: 0 [25000/60000 (42%)]	Loss: 0.398158
Train Epoch: 0 [27500/60000 (46%)]	Loss: 0.365112
Train Epoch: 0 [30000/60000 (50%)]	Loss: 0.418526
Train Epoch: 0 [32500/60000 (54%)]	Loss: 0.390375
Train Epoch: 0 [35000/60000 (58%)]	Loss: 0.382036
Train Epoch: 0 [37500/60000 (62%)]	Loss: 0.392065
Train Epoch: 0 [40000/60000 (67%)]	Loss: 0.364849
Train Epoch: 0 [42500/60000 (71%)]	Loss: 0.412642
Train Epoch: 0 [45000/60000 (75%)]	Loss: 0.368257
Train Epoch: 0 [47500/60000 (79%)]	Loss: 0.405599
Train Epoch: 0 [50000/60000 (83%)]	Loss: 0.387935
Train Epoch: 0 [52500/60000 (88%)]	Loss: 0.371141
Train Epoch: 0 [55000/60000 (92%)]	Loss: 0.385652
Train Epoch: 0 [57500/60000 (96%)]	Loss: 0.336743
Train Epoch: 0 [60000/60000 (100%)]	Loss: 0.315331

Average Training loss: 0.0162, Training Error Rate: 67.56% (40539/60000)


Average Test loss: 0.0003, Test Error Rate: 49.01% (4901/10000)

Train Epoch: 1 [2500/60000 (4%)]	Loss: 0.316112
Train Epoch: 1 [5000/60000 (8%)]	Loss: 0.302664
Train Epoch: 1 [7500/60000 (12%)]	Loss: 0.357417
Train Epoch: 1 [10000/60000 (17%)]	Loss: 0.339468
Train Epoch: 1 [12500/60000 (21%)]	Loss: 0.334566
Train Epoch: 1 [15000/60000 (25%)]	Loss: 0.315770
Train Epoch: 1 [17500/60000 (29%)]	Loss: 0.343005
Train Epoch: 1 [20000/60000 (33%)]	Loss: 0.393673
Train Epoch: 1 [22500/60000 (38%)]	Loss: 0.341137
Train Epoch: 1 [25000/60000 (42%)]	Loss: 0.294289
Train Epoch: 1 [27500/60000 (46%)]	Loss: 0.264637
Train Epoch: 1 [30000/60000 (50%)]	Loss: 0.270362
Train Epoch: 1 [32500/60000 (54%)]	Loss: 0.349310
Train Epoch: 1 [35000/60000 (58%)]	Loss: 0.313666
Train Epoch: 1 [37500/60000 (62%)]	Loss: 0.331042
Train Epoch: 1 [40000/60000 (67%)]	Loss: 0.319310
Train Epoch: 1 [42500/60000 (71%)]	Loss: 0.297801
Train Epoch: 1 [45000/60000 (75%)]	Loss: 0.290360
Train Epoch: 1 [47500/60000 (79%)]	Loss: 0.307590
Train Epoch: 1 [50000/60000 (83%)]	Loss: 0.277166
Train Epoch: 1 [52500/60000 (88%)]	Loss: 0.301826
Train Epoch: 1 [55000/60000 (92%)]	Loss: 0.255732
Train Epoch: 1 [57500/60000 (96%)]	Loss: 0.290645
Train Epoch: 1 [60000/60000 (100%)]	Loss: 0.231439

Average Training loss: 0.0128, Training Error Rate: 45.15% (27089/60000)


Average Test loss: 0.0003, Test Error Rate: 36.35% (3635/10000)

Train Epoch: 2 [2500/60000 (4%)]	Loss: 0.253848
Train Epoch: 2 [5000/60000 (8%)]	Loss: 0.372342
Train Epoch: 2 [7500/60000 (12%)]	Loss: 0.252374
Train Epoch: 2 [10000/60000 (17%)]	Loss: 0.249035
Train Epoch: 2 [12500/60000 (21%)]	Loss: 0.225559
Train Epoch: 2 [15000/60000 (25%)]	Loss: 0.366332
Train Epoch: 2 [17500/60000 (29%)]	Loss: 0.237050
Train Epoch: 2 [20000/60000 (33%)]	Loss: 0.179330
Train Epoch: 2 [22500/60000 (38%)]	Loss: 0.236188
Train Epoch: 2 [25000/60000 (42%)]	Loss: 0.305607
Train Epoch: 2 [27500/60000 (46%)]	Loss: 0.328778
Train Epoch: 2 [30000/60000 (50%)]	Loss: 0.270123
Train Epoch: 2 [32500/60000 (54%)]	Loss: 0.288324
Train Epoch: 2 [35000/60000 (58%)]	Loss: 0.232432
Train Epoch: 2 [37500/60000 (62%)]	Loss: 0.218074
Train Epoch: 2 [40000/60000 (67%)]	Loss: 0.205346
Train Epoch: 2 [42500/60000 (71%)]	Loss: 0.284308
Train Epoch: 2 [45000/60000 (75%)]	Loss: 0.234896
Train Epoch: 2 [47500/60000 (79%)]	Loss: 0.257896
Train Epoch: 2 [50000/60000 (83%)]	Loss: 0.253611
Train Epoch: 2 [52500/60000 (88%)]	Loss: 0.223923
Train Epoch: 2 [55000/60000 (92%)]	Loss: 0.307977
Train Epoch: 2 [57500/60000 (96%)]	Loss: 0.194126
Train Epoch: 2 [60000/60000 (100%)]	Loss: 0.318071

Average Training loss: 0.0104, Training Error Rate: 32.17% (19305/60000)


Average Test loss: 0.0002, Test Error Rate: 29.51% (2951/10000)

Train Epoch: 3 [2500/60000 (4%)]	Loss: 0.258893
Train Epoch: 3 [5000/60000 (8%)]	Loss: 0.274042
Train Epoch: 3 [7500/60000 (12%)]	Loss: 0.218911
Train Epoch: 3 [10000/60000 (17%)]	Loss: 0.265093
Train Epoch: 3 [12500/60000 (21%)]	Loss: 0.148812
Train Epoch: 3 [15000/60000 (25%)]	Loss: 0.159431
Train Epoch: 3 [17500/60000 (29%)]	Loss: 0.294578
Train Epoch: 3 [20000/60000 (33%)]	Loss: 0.184243
Train Epoch: 3 [22500/60000 (38%)]	Loss: 0.236278
Train Epoch: 3 [25000/60000 (42%)]	Loss: 0.291018
Train Epoch: 3 [27500/60000 (46%)]	Loss: 0.210711
Train Epoch: 3 [30000/60000 (50%)]	Loss: 0.217060
Train Epoch: 3 [32500/60000 (54%)]	Loss: 0.209068
Train Epoch: 3 [35000/60000 (58%)]	Loss: 0.238247
Train Epoch: 3 [37500/60000 (62%)]	Loss: 0.297125
Train Epoch: 3 [40000/60000 (67%)]	Loss: 0.248833
Train Epoch: 3 [42500/60000 (71%)]	Loss: 0.227812
Train Epoch: 3 [45000/60000 (75%)]	Loss: 0.193699
Train Epoch: 3 [47500/60000 (79%)]	Loss: 0.174124
Train Epoch: 3 [50000/60000 (83%)]	Loss: 0.223233
Train Epoch: 3 [52500/60000 (88%)]	Loss: 0.226514
Train Epoch: 3 [55000/60000 (92%)]	Loss: 0.221207
Train Epoch: 3 [57500/60000 (96%)]	Loss: 0.227354
Train Epoch: 3 [60000/60000 (100%)]	Loss: 0.240588

Average Training loss: 0.0089, Training Error Rate: 26.62% (15973/60000)


Average Test loss: 0.0002, Test Error Rate: 22.85% (2285/10000)

Train Epoch: 4 [2500/60000 (4%)]	Loss: 0.167104
Train Epoch: 4 [5000/60000 (8%)]	Loss: 0.230789
Train Epoch: 4 [7500/60000 (12%)]	Loss: 0.182662
Train Epoch: 4 [10000/60000 (17%)]	Loss: 0.212014
Train Epoch: 4 [12500/60000 (21%)]	Loss: 0.163758
Train Epoch: 4 [15000/60000 (25%)]	Loss: 0.177847
Train Epoch: 4 [17500/60000 (29%)]	Loss: 0.171236
Train Epoch: 4 [20000/60000 (33%)]	Loss: 0.238236
Train Epoch: 4 [22500/60000 (38%)]	Loss: 0.206367
Train Epoch: 4 [25000/60000 (42%)]	Loss: 0.197960
Train Epoch: 4 [27500/60000 (46%)]	Loss: 0.212294
Train Epoch: 4 [30000/60000 (50%)]	Loss: 0.154100
Train Epoch: 4 [32500/60000 (54%)]	Loss: 0.218071
Train Epoch: 4 [35000/60000 (58%)]	Loss: 0.165342
Train Epoch: 4 [37500/60000 (62%)]	Loss: 0.214969
Train Epoch: 4 [40000/60000 (67%)]	Loss: 0.205019
Train Epoch: 4 [42500/60000 (71%)]	Loss: 0.151495
Train Epoch: 4 [45000/60000 (75%)]	Loss: 0.334406
Train Epoch: 4 [47500/60000 (79%)]	Loss: 0.190631
Train Epoch: 4 [50000/60000 (83%)]	Loss: 0.170264
Train Epoch: 4 [52500/60000 (88%)]	Loss: 0.230013
Train Epoch: 4 [55000/60000 (92%)]	Loss: 0.237108
Train Epoch: 4 [57500/60000 (96%)]	Loss: 0.157878
Train Epoch: 4 [60000/60000 (100%)]	Loss: 0.118362

Average Training loss: 0.0078, Training Error Rate: 23.12% (13870/60000)


Average Test loss: 0.0002, Test Error Rate: 23.67% (2367/10000)

Train Epoch: 5 [2500/60000 (4%)]	Loss: 0.165496
Train Epoch: 5 [5000/60000 (8%)]	Loss: 0.214978
Train Epoch: 5 [7500/60000 (12%)]	Loss: 0.100203
Train Epoch: 5 [10000/60000 (17%)]	Loss: 0.112303
Train Epoch: 5 [12500/60000 (21%)]	Loss: 0.160713
Train Epoch: 5 [15000/60000 (25%)]	Loss: 0.199530
Train Epoch: 5 [17500/60000 (29%)]	Loss: 0.162483
Train Epoch: 5 [20000/60000 (33%)]	Loss: 0.171640
Train Epoch: 5 [22500/60000 (38%)]	Loss: 0.190209
Train Epoch: 5 [25000/60000 (42%)]	Loss: 0.226409
Train Epoch: 5 [27500/60000 (46%)]	Loss: 0.171109
Train Epoch: 5 [30000/60000 (50%)]	Loss: 0.185793
Train Epoch: 5 [32500/60000 (54%)]	Loss: 0.127985
Train Epoch: 5 [35000/60000 (58%)]	Loss: 0.202933
Train Epoch: 5 [37500/60000 (62%)]	Loss: 0.183797
Train Epoch: 5 [40000/60000 (67%)]	Loss: 0.213308
Train Epoch: 5 [42500/60000 (71%)]	Loss: 0.268266
Train Epoch: 5 [45000/60000 (75%)]	Loss: 0.182508
Train Epoch: 5 [47500/60000 (79%)]	Loss: 0.192187
Train Epoch: 5 [50000/60000 (83%)]	Loss: 0.182904
Train Epoch: 5 [52500/60000 (88%)]	Loss: 0.209970
Train Epoch: 5 [55000/60000 (92%)]	Loss: 0.199649
Train Epoch: 5 [57500/60000 (96%)]	Loss: 0.168929
Train Epoch: 5 [60000/60000 (100%)]	Loss: 0.238045

Average Training loss: 0.0073, Training Error Rate: 21.64% (12982/60000)


Average Test loss: 0.0002, Test Error Rate: 20.63% (2063/10000)

Train Epoch: 6 [2500/60000 (4%)]	Loss: 0.166468
Train Epoch: 6 [5000/60000 (8%)]	Loss: 0.246293
Train Epoch: 6 [7500/60000 (12%)]	Loss: 0.275525
Train Epoch: 6 [10000/60000 (17%)]	Loss: 0.115952
Train Epoch: 6 [12500/60000 (21%)]	Loss: 0.238733
Train Epoch: 6 [15000/60000 (25%)]	Loss: 0.192974
Train Epoch: 6 [17500/60000 (29%)]	Loss: 0.280217
Train Epoch: 6 [20000/60000 (33%)]	Loss: 0.168483
Train Epoch: 6 [22500/60000 (38%)]	Loss: 0.135636
Train Epoch: 6 [25000/60000 (42%)]	Loss: 0.178554
Train Epoch: 6 [27500/60000 (46%)]	Loss: 0.143066
Train Epoch: 6 [30000/60000 (50%)]	Loss: 0.141876
slurmstepd: error: *** STEP 15492015.10 ON cn653 CANCELLED AT 2023-10-03T00:39:57 ***
