/vast/home/ajherman/miniconda3/envs/pytorch/lib/python3.11/site-packages/torchvision/io/image.py:13: UserWarning: Failed to load image Python extension: '/vast/home/ajherman/miniconda3/envs/pytorch/lib/python3.11/site-packages/torchvision/image.so: undefined symbol: _ZN5torch3jit17parseSchemaOrNameERKNSt7__cxx1112basic_stringIcSt11char_traitsIcESaIcEEE'If you don't plan on using image functionality from `torchvision.io`, you can ignore this warning. Otherwise, there might be something wrong with your environment. Did you have `libjpeg` or `libpng` installed before building `torchvision` from source?
  warn(
Random seed set as 42
dt =  0.22119921692859512
trace decay =  0.6065306597126334
Random seed set as 42
Random seed set as 42
dt =  0.22119921692859512
trace decay =  0.6065306597126334
Random seed set as 42
Train Epoch: 0 [20000/60000 (33%)]	Loss: 0.368588
Train Epoch: 0 [40000/60000 (67%)]	Loss: 0.301514
Train Epoch: 0 [60000/60000 (100%)]	Loss: 0.264353

Average Training loss: 0.0017, Training Error Rate: 45.43% (27257/60000)


Average Test loss: 0.0003, Test Error Rate: 25.00% (2500/10000)

Train Epoch: 1 [20000/60000 (33%)]	Loss: 0.233969
Train Epoch: 1 [40000/60000 (67%)]	Loss: 0.222669
Train Epoch: 1 [60000/60000 (100%)]	Loss: 0.202456

Average Training loss: 0.0012, Training Error Rate: 23.04% (13824/60000)


Average Test loss: 0.0002, Test Error Rate: 19.18% (1918/10000)

Train Epoch: 2 [20000/60000 (33%)]	Loss: 0.182623
Train Epoch: 2 [40000/60000 (67%)]	Loss: 0.194115
Train Epoch: 2 [60000/60000 (100%)]	Loss: 0.199381

Average Training loss: 0.0010, Training Error Rate: 18.82% (11290/60000)


Average Test loss: 0.0002, Test Error Rate: 16.91% (1691/10000)

Train Epoch: 3 [20000/60000 (33%)]	Loss: 0.179833
Train Epoch: 3 [40000/60000 (67%)]	Loss: 0.157567
Train Epoch: 3 [60000/60000 (100%)]	Loss: 0.171202

Average Training loss: 0.0009, Training Error Rate: 16.52% (9915/60000)


Average Test loss: 0.0002, Test Error Rate: 15.29% (1529/10000)

Train Epoch: 4 [20000/60000 (33%)]	Loss: 0.163252
Train Epoch: 4 [40000/60000 (67%)]	Loss: 0.168969
Train Epoch: 4 [60000/60000 (100%)]	Loss: 0.157135

Average Training loss: 0.0008, Training Error Rate: 15.32% (9195/60000)


Average Test loss: 0.0002, Test Error Rate: 13.82% (1382/10000)

Train Epoch: 5 [20000/60000 (33%)]	Loss: 0.152851
Train Epoch: 5 [40000/60000 (67%)]	Loss: 0.140038
Train Epoch: 5 [60000/60000 (100%)]	Loss: 0.159290

Average Training loss: 0.0007, Training Error Rate: 14.41% (8646/60000)


Average Test loss: 0.0001, Test Error Rate: 12.79% (1279/10000)

Train Epoch: 6 [20000/60000 (33%)]	Loss: 0.146750
Train Epoch: 6 [40000/60000 (67%)]	Loss: 0.128549
Train Epoch: 6 [60000/60000 (100%)]	Loss: 0.127390

Average Training loss: 0.0007, Training Error Rate: 13.72% (8231/60000)


Average Test loss: 0.0001, Test Error Rate: 12.93% (1293/10000)

Train Epoch: 7 [20000/60000 (33%)]	Loss: 0.139841
Train Epoch: 7 [40000/60000 (67%)]	Loss: 0.136146
Train Epoch: 7 [60000/60000 (100%)]	Loss: 0.119566

Average Training loss: 0.0007, Training Error Rate: 13.21% (7927/60000)


Average Test loss: 0.0001, Test Error Rate: 12.62% (1262/10000)

Train Epoch: 8 [20000/60000 (33%)]	Loss: 0.114842
Train Epoch: 8 [40000/60000 (67%)]	Loss: 0.136571
Train Epoch: 8 [60000/60000 (100%)]	Loss: 0.123197

Average Training loss: 0.0006, Training Error Rate: 12.85% (7707/60000)


Average Test loss: 0.0001, Test Error Rate: 11.69% (1169/10000)

Train Epoch: 9 [20000/60000 (33%)]	Loss: 0.127676
Train Epoch: 9 [40000/60000 (67%)]	Loss: 0.120838
Train Epoch: 9 [60000/60000 (100%)]	Loss: 0.109045

Average Training loss: 0.0006, Training Error Rate: 12.48% (7489/60000)


Average Test loss: 0.0001, Test Error Rate: 11.34% (1134/10000)

Train Epoch: 10 [20000/60000 (33%)]	Loss: 0.116191
Train Epoch: 10 [40000/60000 (67%)]	Loss: 0.125699
Train Epoch: 10 [60000/60000 (100%)]	Loss: 0.113512

Average Training loss: 0.0006, Training Error Rate: 12.23% (7338/60000)


Average Test loss: 0.0001, Test Error Rate: 11.13% (1113/10000)

Train Epoch: 11 [20000/60000 (33%)]	Loss: 0.099727
Train Epoch: 11 [40000/60000 (67%)]	Loss: 0.131680
Train Epoch: 11 [60000/60000 (100%)]	Loss: 0.113583

Average Training loss: 0.0006, Training Error Rate: 11.85% (7112/60000)


Average Test loss: 0.0001, Test Error Rate: 11.00% (1100/10000)

Train Epoch: 12 [20000/60000 (33%)]	Loss: 0.128954
Train Epoch: 12 [40000/60000 (67%)]	Loss: 0.097564
Train Epoch: 12 [60000/60000 (100%)]	Loss: 0.118018

Average Training loss: 0.0006, Training Error Rate: 11.63% (6977/60000)


Average Test loss: 0.0001, Test Error Rate: 11.06% (1106/10000)

Train Epoch: 13 [20000/60000 (33%)]	Loss: 0.105672
Train Epoch: 13 [40000/60000 (67%)]	Loss: 0.120125
Train Epoch: 13 [60000/60000 (100%)]	Loss: 0.098899

Average Training loss: 0.0006, Training Error Rate: 11.70% (7018/60000)


Average Test loss: 0.0001, Test Error Rate: 10.68% (1068/10000)

Train Epoch: 14 [20000/60000 (33%)]	Loss: 0.126054
Train Epoch: 14 [40000/60000 (67%)]	Loss: 0.133531
Train Epoch: 14 [60000/60000 (100%)]	Loss: 0.114074

Average Training loss: 0.0006, Training Error Rate: 11.33% (6797/60000)


Average Test loss: 0.0001, Test Error Rate: 10.37% (1037/10000)

Train Epoch: 15 [20000/60000 (33%)]	Loss: 0.129487
Train Epoch: 15 [40000/60000 (67%)]	Loss: 0.110967
Train Epoch: 15 [60000/60000 (100%)]	Loss: 0.112762

Average Training loss: 0.0005, Training Error Rate: 11.33% (6797/60000)


Average Test loss: 0.0001, Test Error Rate: 10.54% (1054/10000)

Train Epoch: 16 [20000/60000 (33%)]	Loss: 0.119769
Train Epoch: 16 [40000/60000 (67%)]	Loss: 0.111948
Train Epoch: 16 [60000/60000 (100%)]	Loss: 0.106809

Average Training loss: 0.0005, Training Error Rate: 10.90% (6541/60000)


Average Test loss: 0.0001, Test Error Rate: 10.53% (1053/10000)

Train Epoch: 17 [20000/60000 (33%)]	Loss: 0.119393
Train Epoch: 17 [40000/60000 (67%)]	Loss: 0.120961
Train Epoch: 17 [60000/60000 (100%)]	Loss: 0.095540

Average Training loss: 0.0005, Training Error Rate: 10.83% (6498/60000)


Average Test loss: 0.0001, Test Error Rate: 10.69% (1069/10000)

Train Epoch: 18 [20000/60000 (33%)]	Loss: 0.099931
Train Epoch: 18 [40000/60000 (67%)]	Loss: 0.121377
Train Epoch: 18 [60000/60000 (100%)]	Loss: 0.111357

Average Training loss: 0.0005, Training Error Rate: 10.91% (6545/60000)


Average Test loss: 0.0001, Test Error Rate: 10.18% (1018/10000)

Train Epoch: 19 [20000/60000 (33%)]	Loss: 0.126298
Train Epoch: 19 [40000/60000 (67%)]	Loss: 0.091738
Train Epoch: 19 [60000/60000 (100%)]	Loss: 0.089380

Average Training loss: 0.0005, Training Error Rate: 10.65% (6388/60000)


Average Test loss: 0.0001, Test Error Rate: 9.83% (983/10000)

Train Epoch: 20 [20000/60000 (33%)]	Loss: 0.112976
Train Epoch: 20 [40000/60000 (67%)]	Loss: 0.121524
Train Epoch: 20 [60000/60000 (100%)]	Loss: 0.091444

Average Training loss: 0.0005, Training Error Rate: 10.46% (6275/60000)


Average Test loss: 0.0001, Test Error Rate: 9.98% (998/10000)

Train Epoch: 21 [20000/60000 (33%)]	Loss: 0.097839
Train Epoch: 21 [40000/60000 (67%)]	Loss: 0.085448
Train Epoch: 21 [60000/60000 (100%)]	Loss: 0.117088

Average Training loss: 0.0005, Training Error Rate: 10.30% (6183/60000)


Average Test loss: 0.0001, Test Error Rate: 10.50% (1050/10000)

Train Epoch: 22 [20000/60000 (33%)]	Loss: 0.097697
Train Epoch: 22 [40000/60000 (67%)]	Loss: 0.099851
Train Epoch: 22 [60000/60000 (100%)]	Loss: 0.105970

Average Training loss: 0.0005, Training Error Rate: 10.44% (6261/60000)


Average Test loss: 0.0001, Test Error Rate: 9.77% (977/10000)

Train Epoch: 23 [20000/60000 (33%)]	Loss: 0.098360
Train Epoch: 23 [40000/60000 (67%)]	Loss: 0.109791
Train Epoch: 23 [60000/60000 (100%)]	Loss: 0.096008

Average Training loss: 0.0005, Training Error Rate: 9.98% (5986/60000)


Average Test loss: 0.0001, Test Error Rate: 9.04% (904/10000)

Train Epoch: 24 [20000/60000 (33%)]	Loss: 0.084044
Train Epoch: 24 [40000/60000 (67%)]	Loss: 0.120872
Train Epoch: 24 [60000/60000 (100%)]	Loss: 0.096781

Average Training loss: 0.0005, Training Error Rate: 9.84% (5905/60000)


Average Test loss: 0.0001, Test Error Rate: 9.23% (923/10000)

Train Epoch: 25 [20000/60000 (33%)]	Loss: 0.105175
Train Epoch: 25 [40000/60000 (67%)]	Loss: 0.080644
Train Epoch: 25 [60000/60000 (100%)]	Loss: 0.084939

Average Training loss: 0.0005, Training Error Rate: 9.84% (5902/60000)


Average Test loss: 0.0001, Test Error Rate: 9.51% (951/10000)

Train Epoch: 26 [20000/60000 (33%)]	Loss: 0.103435
Train Epoch: 26 [40000/60000 (67%)]	Loss: 0.084206
Train Epoch: 26 [60000/60000 (100%)]	Loss: 0.086039

Average Training loss: 0.0005, Training Error Rate: 9.81% (5889/60000)


Average Test loss: 0.0001, Test Error Rate: 8.99% (899/10000)

Train Epoch: 27 [20000/60000 (33%)]	Loss: 0.069016
Train Epoch: 27 [40000/60000 (67%)]	Loss: 0.091045
Train Epoch: 27 [60000/60000 (100%)]	Loss: 0.093130

Average Training loss: 0.0005, Training Error Rate: 9.71% (5826/60000)


Average Test loss: 0.0001, Test Error Rate: 8.99% (899/10000)

Train Epoch: 28 [20000/60000 (33%)]	Loss: 0.083733
Train Epoch: 28 [40000/60000 (67%)]	Loss: 0.083170
Train Epoch: 28 [60000/60000 (100%)]	Loss: 0.090959

Average Training loss: 0.0005, Training Error Rate: 9.59% (5753/60000)


Average Test loss: 0.0001, Test Error Rate: 9.18% (918/10000)

Train Epoch: 29 [20000/60000 (33%)]	Loss: 0.094450
Train Epoch: 29 [40000/60000 (67%)]	Loss: 0.100393
Train Epoch: 29 [60000/60000 (100%)]	Loss: 0.095480

Average Training loss: 0.0005, Training Error Rate: 9.62% (5774/60000)


Average Test loss: 0.0001, Test Error Rate: 9.39% (939/10000)

Train Epoch: 30 [20000/60000 (33%)]	Loss: 0.088659
Train Epoch: 30 [40000/60000 (67%)]	Loss: 0.084639
Train Epoch: 30 [60000/60000 (100%)]	Loss: 0.089104

Average Training loss: 0.0004, Training Error Rate: 9.29% (5573/60000)


Average Test loss: 0.0001, Test Error Rate: 8.94% (894/10000)

Train Epoch: 31 [20000/60000 (33%)]	Loss: 0.094815
Train Epoch: 31 [40000/60000 (67%)]	Loss: 0.082135
Train Epoch: 31 [60000/60000 (100%)]	Loss: 0.106670

Average Training loss: 0.0004, Training Error Rate: 9.34% (5601/60000)


Average Test loss: 0.0001, Test Error Rate: 9.16% (916/10000)

Train Epoch: 32 [20000/60000 (33%)]	Loss: 0.070534
Train Epoch: 32 [40000/60000 (67%)]	Loss: 0.102519
Train Epoch: 32 [60000/60000 (100%)]	Loss: 0.065653

Average Training loss: 0.0004, Training Error Rate: 9.30% (5579/60000)


Average Test loss: 0.0001, Test Error Rate: 8.75% (875/10000)

Train Epoch: 33 [20000/60000 (33%)]	Loss: 0.083844
Train Epoch: 33 [40000/60000 (67%)]	Loss: 0.072976
Train Epoch: 33 [60000/60000 (100%)]	Loss: 0.076850

Average Training loss: 0.0004, Training Error Rate: 9.03% (5416/60000)


Average Test loss: 0.0001, Test Error Rate: 8.59% (859/10000)

Train Epoch: 34 [20000/60000 (33%)]	Loss: 0.064132
Train Epoch: 34 [40000/60000 (67%)]	Loss: 0.084624
Train Epoch: 34 [60000/60000 (100%)]	Loss: 0.074824

Average Training loss: 0.0004, Training Error Rate: 9.05% (5429/60000)


Average Test loss: 0.0001, Test Error Rate: 8.98% (898/10000)

Train Epoch: 35 [20000/60000 (33%)]	Loss: 0.064792
Train Epoch: 35 [40000/60000 (67%)]	Loss: 0.085517
Train Epoch: 35 [60000/60000 (100%)]	Loss: 0.069047

Average Training loss: 0.0004, Training Error Rate: 9.07% (5440/60000)


Average Test loss: 0.0001, Test Error Rate: 8.87% (887/10000)

Train Epoch: 36 [20000/60000 (33%)]	Loss: 0.066881
Train Epoch: 36 [40000/60000 (67%)]	Loss: 0.066290
Train Epoch: 36 [60000/60000 (100%)]	Loss: 0.070524

Average Training loss: 0.0004, Training Error Rate: 9.01% (5404/60000)


Average Test loss: 0.0001, Test Error Rate: 8.66% (866/10000)

Train Epoch: 37 [20000/60000 (33%)]	Loss: 0.087494
Train Epoch: 37 [40000/60000 (67%)]	Loss: 0.067457
Train Epoch: 37 [60000/60000 (100%)]	Loss: 0.087847

Average Training loss: 0.0004, Training Error Rate: 8.67% (5203/60000)


Average Test loss: 0.0001, Test Error Rate: 8.41% (841/10000)

Train Epoch: 38 [20000/60000 (33%)]	Loss: 0.084156
Train Epoch: 38 [40000/60000 (67%)]	Loss: 0.062694
Train Epoch: 38 [60000/60000 (100%)]	Loss: 0.084368

Average Training loss: 0.0004, Training Error Rate: 8.55% (5133/60000)


Average Test loss: 0.0001, Test Error Rate: 8.25% (825/10000)

Train Epoch: 39 [20000/60000 (33%)]	Loss: 0.097065
Train Epoch: 39 [40000/60000 (67%)]	Loss: 0.083609
Train Epoch: 39 [60000/60000 (100%)]	Loss: 0.087262

Average Training loss: 0.0004, Training Error Rate: 8.57% (5143/60000)


Average Test loss: 0.0001, Test Error Rate: 8.00% (800/10000)

Train Epoch: 40 [20000/60000 (33%)]	Loss: 0.087207
Train Epoch: 40 [40000/60000 (67%)]	Loss: 0.071739
Train Epoch: 40 [60000/60000 (100%)]	Loss: 0.085980

Average Training loss: 0.0004, Training Error Rate: 8.61% (5165/60000)


Average Test loss: 0.0001, Test Error Rate: 8.23% (823/10000)

Train Epoch: 41 [20000/60000 (33%)]	Loss: 0.056151
Train Epoch: 41 [40000/60000 (67%)]	Loss: 0.088406
Train Epoch: 41 [60000/60000 (100%)]	Loss: 0.090362

Average Training loss: 0.0004, Training Error Rate: 8.54% (5123/60000)


Average Test loss: 0.0001, Test Error Rate: 8.53% (853/10000)

Train Epoch: 42 [20000/60000 (33%)]	Loss: 0.085070
Train Epoch: 42 [40000/60000 (67%)]	Loss: 0.106852
Train Epoch: 42 [60000/60000 (100%)]	Loss: 0.069826

Average Training loss: 0.0004, Training Error Rate: 8.54% (5126/60000)


Average Test loss: 0.0001, Test Error Rate: 8.43% (843/10000)

Train Epoch: 43 [20000/60000 (33%)]	Loss: 0.088996
Train Epoch: 43 [40000/60000 (67%)]	Loss: 0.089094
Train Epoch: 43 [60000/60000 (100%)]	Loss: 0.057678

Average Training loss: 0.0004, Training Error Rate: 8.42% (5051/60000)


Average Test loss: 0.0001, Test Error Rate: 7.97% (797/10000)

Train Epoch: 44 [20000/60000 (33%)]	Loss: 0.067113
Train Epoch: 44 [40000/60000 (67%)]	Loss: 0.091666
Train Epoch: 44 [60000/60000 (100%)]	Loss: 0.078104

Average Training loss: 0.0004, Training Error Rate: 8.36% (5013/60000)


Average Test loss: 0.0001, Test Error Rate: 8.23% (823/10000)

Train Epoch: 45 [20000/60000 (33%)]	Loss: 0.075968
Train Epoch: 45 [40000/60000 (67%)]	Loss: 0.072105
Train Epoch: 45 [60000/60000 (100%)]	Loss: 0.066141

Average Training loss: 0.0004, Training Error Rate: 8.44% (5061/60000)


Average Test loss: 0.0001, Test Error Rate: 8.08% (808/10000)

Train Epoch: 46 [20000/60000 (33%)]	Loss: 0.082040
Train Epoch: 46 [40000/60000 (67%)]	Loss: 0.101221
Train Epoch: 46 [60000/60000 (100%)]	Loss: 0.055718

Average Training loss: 0.0004, Training Error Rate: 8.28% (4967/60000)


Average Test loss: 0.0001, Test Error Rate: 8.31% (831/10000)

Train Epoch: 47 [20000/60000 (33%)]	Loss: 0.065827
Train Epoch: 47 [40000/60000 (67%)]	Loss: 0.079710
Train Epoch: 47 [60000/60000 (100%)]	Loss: 0.095431

Average Training loss: 0.0004, Training Error Rate: 8.25% (4951/60000)


Average Test loss: 0.0001, Test Error Rate: 7.61% (761/10000)

Train Epoch: 48 [20000/60000 (33%)]	Loss: 0.083203
Train Epoch: 48 [40000/60000 (67%)]	Loss: 0.072760
Train Epoch: 48 [60000/60000 (100%)]	Loss: 0.080830

Average Training loss: 0.0004, Training Error Rate: 8.15% (4890/60000)


Average Test loss: 0.0001, Test Error Rate: 8.00% (800/10000)

Train Epoch: 49 [20000/60000 (33%)]	Loss: 0.067122
Train Epoch: 49 [40000/60000 (67%)]	Loss: 0.068647
Train Epoch: 49 [60000/60000 (100%)]	Loss: 0.066855

Average Training loss: 0.0004, Training Error Rate: 8.18% (4907/60000)


Average Test loss: 0.0001, Test Error Rate: 7.93% (793/10000)

Train Epoch: 50 [20000/60000 (33%)]	Loss: 0.078300
Train Epoch: 50 [40000/60000 (67%)]	Loss: 0.086326
Train Epoch: 50 [60000/60000 (100%)]	Loss: 0.085241

Average Training loss: 0.0004, Training Error Rate: 8.12% (4874/60000)


Average Test loss: 0.0001, Test Error Rate: 7.85% (785/10000)

Train Epoch: 51 [20000/60000 (33%)]	Loss: 0.084616
Train Epoch: 51 [40000/60000 (67%)]	Loss: 0.078755
Train Epoch: 51 [60000/60000 (100%)]	Loss: 0.059259

Average Training loss: 0.0004, Training Error Rate: 8.21% (4929/60000)


Average Test loss: 0.0001, Test Error Rate: 7.80% (780/10000)

Train Epoch: 52 [20000/60000 (33%)]	Loss: 0.077013
Train Epoch: 52 [40000/60000 (67%)]	Loss: 0.080039
Train Epoch: 52 [60000/60000 (100%)]	Loss: 0.080827

Average Training loss: 0.0004, Training Error Rate: 8.17% (4901/60000)


Average Test loss: 0.0001, Test Error Rate: 7.99% (799/10000)

Train Epoch: 53 [20000/60000 (33%)]	Loss: 0.074341
Train Epoch: 53 [40000/60000 (67%)]	Loss: 0.069668
Train Epoch: 53 [60000/60000 (100%)]	Loss: 0.089330

Average Training loss: 0.0004, Training Error Rate: 8.10% (4859/60000)


Average Test loss: 0.0001, Test Error Rate: 8.07% (807/10000)

Train Epoch: 54 [20000/60000 (33%)]	Loss: 0.054830
Train Epoch: 54 [40000/60000 (67%)]	Loss: 0.058844
Train Epoch: 54 [60000/60000 (100%)]	Loss: 0.068142

Average Training loss: 0.0004, Training Error Rate: 8.10% (4858/60000)


Average Test loss: 0.0001, Test Error Rate: 8.01% (801/10000)

Train Epoch: 55 [20000/60000 (33%)]	Loss: 0.080163
Train Epoch: 55 [40000/60000 (67%)]	Loss: 0.060850
Train Epoch: 55 [60000/60000 (100%)]	Loss: 0.068261

Average Training loss: 0.0004, Training Error Rate: 7.90% (4740/60000)


Average Test loss: 0.0001, Test Error Rate: 7.29% (729/10000)

Train Epoch: 56 [20000/60000 (33%)]	Loss: 0.066464
Train Epoch: 56 [40000/60000 (67%)]	Loss: 0.075589
Train Epoch: 56 [60000/60000 (100%)]	Loss: 0.070964

Average Training loss: 0.0004, Training Error Rate: 7.66% (4594/60000)


Average Test loss: 0.0001, Test Error Rate: 7.64% (764/10000)

Train Epoch: 57 [20000/60000 (33%)]	Loss: 0.068695
Train Epoch: 57 [40000/60000 (67%)]	Loss: 0.061539
Train Epoch: 57 [60000/60000 (100%)]	Loss: 0.056759

Average Training loss: 0.0004, Training Error Rate: 7.86% (4715/60000)


Average Test loss: 0.0001, Test Error Rate: 7.86% (786/10000)

Train Epoch: 58 [20000/60000 (33%)]	Loss: 0.066566
Train Epoch: 58 [40000/60000 (67%)]	Loss: 0.059440
Train Epoch: 58 [60000/60000 (100%)]	Loss: 0.060292

Average Training loss: 0.0004, Training Error Rate: 7.86% (4714/60000)


Average Test loss: 0.0001, Test Error Rate: 7.75% (775/10000)

Train Epoch: 59 [20000/60000 (33%)]	Loss: 0.082140
Train Epoch: 59 [40000/60000 (67%)]	Loss: 0.087254
Train Epoch: 59 [60000/60000 (100%)]	Loss: 0.063837

Average Training loss: 0.0004, Training Error Rate: 7.91% (4746/60000)


Average Test loss: 0.0001, Test Error Rate: 7.41% (741/10000)

Train Epoch: 60 [20000/60000 (33%)]	Loss: 0.058150
Train Epoch: 60 [40000/60000 (67%)]	Loss: 0.083361
Train Epoch: 60 [60000/60000 (100%)]	Loss: 0.047633

Average Training loss: 0.0004, Training Error Rate: 7.82% (4689/60000)


Average Test loss: 0.0001, Test Error Rate: 7.84% (784/10000)

Train Epoch: 61 [20000/60000 (33%)]	Loss: 0.058090
Train Epoch: 61 [40000/60000 (67%)]	Loss: 0.089411
Train Epoch: 61 [60000/60000 (100%)]	Loss: 0.051273

Average Training loss: 0.0004, Training Error Rate: 7.78% (4667/60000)


Average Test loss: 0.0001, Test Error Rate: 7.51% (751/10000)

Train Epoch: 62 [20000/60000 (33%)]	Loss: 0.065216
Train Epoch: 62 [40000/60000 (67%)]	Loss: 0.050473
Train Epoch: 62 [60000/60000 (100%)]	Loss: 0.087692

Average Training loss: 0.0003, Training Error Rate: 7.41% (4446/60000)


Average Test loss: 0.0001, Test Error Rate: 7.56% (756/10000)

Train Epoch: 63 [20000/60000 (33%)]	Loss: 0.058517
Train Epoch: 63 [40000/60000 (67%)]	Loss: 0.072389
Train Epoch: 63 [60000/60000 (100%)]	Loss: 0.079196

Average Training loss: 0.0003, Training Error Rate: 7.61% (4568/60000)


Average Test loss: 0.0001, Test Error Rate: 7.62% (762/10000)

Train Epoch: 64 [20000/60000 (33%)]	Loss: 0.061815
Train Epoch: 64 [40000/60000 (67%)]	Loss: 0.062971
Train Epoch: 64 [60000/60000 (100%)]	Loss: 0.092173

Average Training loss: 0.0004, Training Error Rate: 7.59% (4557/60000)


Average Test loss: 0.0001, Test Error Rate: 8.00% (800/10000)

Train Epoch: 65 [20000/60000 (33%)]	Loss: 0.070902
Train Epoch: 65 [40000/60000 (67%)]	Loss: 0.073139
Train Epoch: 65 [60000/60000 (100%)]	Loss: 0.058534

Average Training loss: 0.0004, Training Error Rate: 7.62% (4574/60000)


Average Test loss: 0.0001, Test Error Rate: 7.40% (740/10000)

Train Epoch: 66 [20000/60000 (33%)]	Loss: 0.049956
Train Epoch: 66 [40000/60000 (67%)]	Loss: 0.079206
Train Epoch: 66 [60000/60000 (100%)]	Loss: 0.075885

Average Training loss: 0.0003, Training Error Rate: 7.43% (4459/60000)


Average Test loss: 0.0001, Test Error Rate: 7.74% (774/10000)

Train Epoch: 67 [20000/60000 (33%)]	Loss: 0.073451
Train Epoch: 67 [40000/60000 (67%)]	Loss: 0.078417
Train Epoch: 67 [60000/60000 (100%)]	Loss: 0.074043

Average Training loss: 0.0003, Training Error Rate: 7.44% (4466/60000)


Average Test loss: 0.0001, Test Error Rate: 7.72% (772/10000)

Train Epoch: 68 [20000/60000 (33%)]	Loss: 0.090351
Train Epoch: 68 [40000/60000 (67%)]	Loss: 0.066777
Train Epoch: 68 [60000/60000 (100%)]	Loss: 0.062298

Average Training loss: 0.0004, Training Error Rate: 7.57% (4540/60000)


Average Test loss: 0.0001, Test Error Rate: 7.62% (762/10000)

Train Epoch: 69 [20000/60000 (33%)]	Loss: 0.091653
Train Epoch: 69 [40000/60000 (67%)]	Loss: 0.066158
Train Epoch: 69 [60000/60000 (100%)]	Loss: 0.084967

Average Training loss: 0.0003, Training Error Rate: 7.35% (4410/60000)


Average Test loss: 0.0001, Test Error Rate: 7.41% (741/10000)

Train Epoch: 70 [20000/60000 (33%)]	Loss: 0.064681
Train Epoch: 70 [40000/60000 (67%)]	Loss: 0.071530
Train Epoch: 70 [60000/60000 (100%)]	Loss: 0.080751

Average Training loss: 0.0003, Training Error Rate: 7.36% (4416/60000)


Average Test loss: 0.0001, Test Error Rate: 7.39% (739/10000)

Train Epoch: 71 [20000/60000 (33%)]	Loss: 0.065518
Train Epoch: 71 [40000/60000 (67%)]	Loss: 0.065910
Train Epoch: 71 [60000/60000 (100%)]	Loss: 0.055301

Average Training loss: 0.0003, Training Error Rate: 7.40% (4442/60000)


Average Test loss: 0.0001, Test Error Rate: 7.28% (728/10000)

Train Epoch: 72 [20000/60000 (33%)]	Loss: 0.062223
Train Epoch: 72 [40000/60000 (67%)]	Loss: 0.055856
Train Epoch: 72 [60000/60000 (100%)]	Loss: 0.057273

Average Training loss: 0.0003, Training Error Rate: 7.54% (4522/60000)


Average Test loss: 0.0001, Test Error Rate: 7.91% (791/10000)

Train Epoch: 73 [20000/60000 (33%)]	Loss: 0.069726
Train Epoch: 73 [40000/60000 (67%)]	Loss: 0.082953
Train Epoch: 73 [60000/60000 (100%)]	Loss: 0.062664

Average Training loss: 0.0003, Training Error Rate: 7.48% (4488/60000)


Average Test loss: 0.0001, Test Error Rate: 7.25% (725/10000)

Train Epoch: 74 [20000/60000 (33%)]	Loss: 0.083830
Train Epoch: 74 [40000/60000 (67%)]	Loss: 0.069714
Train Epoch: 74 [60000/60000 (100%)]	Loss: 0.055677

Average Training loss: 0.0003, Training Error Rate: 7.41% (4444/60000)


Average Test loss: 0.0001, Test Error Rate: 7.27% (727/10000)

Train Epoch: 75 [20000/60000 (33%)]	Loss: 0.050636
Train Epoch: 75 [40000/60000 (67%)]	Loss: 0.065062
Train Epoch: 75 [60000/60000 (100%)]	Loss: 0.074115

Average Training loss: 0.0003, Training Error Rate: 7.20% (4319/60000)


Average Test loss: 0.0001, Test Error Rate: 7.39% (739/10000)

Train Epoch: 76 [20000/60000 (33%)]	Loss: 0.080302
Train Epoch: 76 [40000/60000 (67%)]	Loss: 0.073663
Train Epoch: 76 [60000/60000 (100%)]	Loss: 0.070289

Average Training loss: 0.0003, Training Error Rate: 7.28% (4365/60000)


Average Test loss: 0.0001, Test Error Rate: 7.31% (731/10000)

Train Epoch: 77 [20000/60000 (33%)]	Loss: 0.052655
Train Epoch: 77 [40000/60000 (67%)]	Loss: 0.085721
Train Epoch: 77 [60000/60000 (100%)]	Loss: 0.066840

Average Training loss: 0.0003, Training Error Rate: 7.18% (4311/60000)


Average Test loss: 0.0001, Test Error Rate: 7.32% (732/10000)

Train Epoch: 78 [20000/60000 (33%)]	Loss: 0.066156
Train Epoch: 78 [40000/60000 (67%)]	Loss: 0.062367
Train Epoch: 78 [60000/60000 (100%)]	Loss: 0.071660

Average Training loss: 0.0003, Training Error Rate: 7.08% (4246/60000)


Average Test loss: 0.0001, Test Error Rate: 7.35% (735/10000)

Train Epoch: 79 [20000/60000 (33%)]	Loss: 0.060544
Train Epoch: 79 [40000/60000 (67%)]	Loss: 0.063283
Train Epoch: 79 [60000/60000 (100%)]	Loss: 0.063499

Average Training loss: 0.0003, Training Error Rate: 7.11% (4266/60000)


Average Test loss: 0.0001, Test Error Rate: 7.06% (706/10000)

