/vast/home/ajherman/miniconda3/envs/pytorch/lib/python3.11/site-packages/torchvision/io/image.py:13: UserWarning: Failed to load image Python extension: '/vast/home/ajherman/miniconda3/envs/pytorch/lib/python3.11/site-packages/torchvision/image.so: undefined symbol: _ZN5torch3jit17parseSchemaOrNameERKNSt7__cxx1112basic_stringIcSt11char_traitsIcESaIcEEE'If you don't plan on using image functionality from `torchvision.io`, you can ignore this warning. Otherwise, there might be something wrong with your environment. Did you have `libjpeg` or `libpng` installed before building `torchvision` from source?
  warn(
Random seed set as 42
dt =  0.6321205588285577
trace decay =  0.8187307530779818
Random seed set as 42
Random seed set as 42
dt =  0.6321205588285577
trace decay =  0.8187307530779818
Random seed set as 42
Train Epoch: 0 [20000/60000 (33%)]	Loss: 0.482046
Train Epoch: 0 [40000/60000 (67%)]	Loss: 0.471728
Train Epoch: 0 [60000/60000 (100%)]	Loss: 0.465672

Average Training loss: 0.0024, Training Error Rate: 89.77% (53863/60000)


Average Test loss: 0.0005, Test Error Rate: 90.26% (9026/10000)

Train Epoch: 1 [20000/60000 (33%)]	Loss: 0.501774
Train Epoch: 1 [40000/60000 (67%)]	Loss: 0.478410
Train Epoch: 1 [60000/60000 (100%)]	Loss: 0.482084

Average Training loss: 0.0024, Training Error Rate: 90.09% (54054/60000)


Average Test loss: 0.0005, Test Error Rate: 90.23% (9023/10000)

Train Epoch: 2 [20000/60000 (33%)]	Loss: 0.466459
Train Epoch: 2 [40000/60000 (67%)]	Loss: 0.459609
Train Epoch: 2 [60000/60000 (100%)]	Loss: 0.470826

Average Training loss: 0.0024, Training Error Rate: 89.83% (53896/60000)


Average Test loss: 0.0005, Test Error Rate: 91.13% (9113/10000)

Train Epoch: 3 [20000/60000 (33%)]	Loss: 0.486510
Train Epoch: 3 [40000/60000 (67%)]	Loss: 0.476261
Train Epoch: 3 [60000/60000 (100%)]	Loss: 0.500644

Average Training loss: 0.0024, Training Error Rate: 89.83% (53900/60000)


Average Test loss: 0.0005, Test Error Rate: 88.63% (8863/10000)

Train Epoch: 4 [20000/60000 (33%)]	Loss: 0.463738
Train Epoch: 4 [40000/60000 (67%)]	Loss: 0.486644
Train Epoch: 4 [60000/60000 (100%)]	Loss: 0.491671

Average Training loss: 0.0024, Training Error Rate: 89.78% (53869/60000)


Average Test loss: 0.0005, Test Error Rate: 89.91% (8991/10000)

Train Epoch: 5 [20000/60000 (33%)]	Loss: 0.460279
Train Epoch: 5 [40000/60000 (67%)]	Loss: 0.474008
Train Epoch: 5 [60000/60000 (100%)]	Loss: 0.462981

Average Training loss: 0.0024, Training Error Rate: 90.00% (54003/60000)


Average Test loss: 0.0005, Test Error Rate: 89.97% (8997/10000)

Train Epoch: 6 [20000/60000 (33%)]	Loss: 0.462800
Train Epoch: 6 [40000/60000 (67%)]	Loss: 0.471194
Train Epoch: 6 [60000/60000 (100%)]	Loss: 0.461109

Average Training loss: 0.0024, Training Error Rate: 89.69% (53816/60000)


Average Test loss: 0.0005, Test Error Rate: 89.47% (8947/10000)

Train Epoch: 7 [20000/60000 (33%)]	Loss: 0.467016
Train Epoch: 7 [40000/60000 (67%)]	Loss: 0.483679
Train Epoch: 7 [60000/60000 (100%)]	Loss: 0.469243

Average Training loss: 0.0024, Training Error Rate: 89.67% (53805/60000)


Average Test loss: 0.0005, Test Error Rate: 89.72% (8972/10000)

Train Epoch: 8 [20000/60000 (33%)]	Loss: 0.472845
Train Epoch: 8 [40000/60000 (67%)]	Loss: 0.477813
Train Epoch: 8 [60000/60000 (100%)]	Loss: 0.477850

Average Training loss: 0.0024, Training Error Rate: 89.89% (53935/60000)


Average Test loss: 0.0005, Test Error Rate: 90.20% (9020/10000)

Train Epoch: 9 [20000/60000 (33%)]	Loss: 0.462153
Train Epoch: 9 [40000/60000 (67%)]	Loss: 0.478288
Train Epoch: 9 [60000/60000 (100%)]	Loss: 0.479641

Average Training loss: 0.0024, Training Error Rate: 89.79% (53872/60000)


Average Test loss: 0.0005, Test Error Rate: 89.68% (8968/10000)

Train Epoch: 10 [20000/60000 (33%)]	Loss: 0.474242
Train Epoch: 10 [40000/60000 (67%)]	Loss: 0.465336
Train Epoch: 10 [60000/60000 (100%)]	Loss: 0.484214

Average Training loss: 0.0024, Training Error Rate: 90.01% (54006/60000)


Average Test loss: 0.0005, Test Error Rate: 90.13% (9013/10000)

Train Epoch: 11 [20000/60000 (33%)]	Loss: 0.475859
Train Epoch: 11 [40000/60000 (67%)]	Loss: 0.467773
Train Epoch: 11 [60000/60000 (100%)]	Loss: 0.477160

Average Training loss: 0.0024, Training Error Rate: 90.19% (54115/60000)


Average Test loss: 0.0005, Test Error Rate: 90.75% (9075/10000)

Train Epoch: 12 [20000/60000 (33%)]	Loss: 0.474452
Train Epoch: 12 [40000/60000 (67%)]	Loss: 0.476901
Train Epoch: 12 [60000/60000 (100%)]	Loss: 0.471636

Average Training loss: 0.0024, Training Error Rate: 89.89% (53934/60000)


Average Test loss: 0.0005, Test Error Rate: 89.74% (8974/10000)

Train Epoch: 13 [20000/60000 (33%)]	Loss: 0.487535
Train Epoch: 13 [40000/60000 (67%)]	Loss: 0.464539
Train Epoch: 13 [60000/60000 (100%)]	Loss: 0.477090

Average Training loss: 0.0024, Training Error Rate: 90.01% (54006/60000)


Average Test loss: 0.0005, Test Error Rate: 88.63% (8863/10000)

Train Epoch: 14 [20000/60000 (33%)]	Loss: 0.473306
Train Epoch: 14 [40000/60000 (67%)]	Loss: 0.491583
Train Epoch: 14 [60000/60000 (100%)]	Loss: 0.467948

Average Training loss: 0.0024, Training Error Rate: 89.93% (53957/60000)


Average Test loss: 0.0005, Test Error Rate: 91.08% (9108/10000)

Train Epoch: 15 [20000/60000 (33%)]	Loss: 0.465430
Train Epoch: 15 [40000/60000 (67%)]	Loss: 0.467391
Train Epoch: 15 [60000/60000 (100%)]	Loss: 0.466874

Average Training loss: 0.0024, Training Error Rate: 90.02% (54009/60000)


Average Test loss: 0.0005, Test Error Rate: 89.87% (8987/10000)

Train Epoch: 16 [20000/60000 (33%)]	Loss: 0.475984
Train Epoch: 16 [40000/60000 (67%)]	Loss: 0.473904
Train Epoch: 16 [60000/60000 (100%)]	Loss: 0.461562

Average Training loss: 0.0024, Training Error Rate: 89.97% (53984/60000)


Average Test loss: 0.0005, Test Error Rate: 88.64% (8864/10000)

Train Epoch: 17 [20000/60000 (33%)]	Loss: 0.466980
Train Epoch: 17 [40000/60000 (67%)]	Loss: 0.470235
Train Epoch: 17 [60000/60000 (100%)]	Loss: 0.474034

Average Training loss: 0.0024, Training Error Rate: 90.11% (54065/60000)


Average Test loss: 0.0005, Test Error Rate: 90.19% (9019/10000)

Train Epoch: 18 [20000/60000 (33%)]	Loss: 0.490140
Train Epoch: 18 [40000/60000 (67%)]	Loss: 0.476584
Train Epoch: 18 [60000/60000 (100%)]	Loss: 0.476816

Average Training loss: 0.0024, Training Error Rate: 90.12% (54072/60000)


Average Test loss: 0.0005, Test Error Rate: 89.69% (8969/10000)

Train Epoch: 19 [20000/60000 (33%)]	Loss: 0.482724
Train Epoch: 19 [40000/60000 (67%)]	Loss: 0.465911
Train Epoch: 19 [60000/60000 (100%)]	Loss: 0.471809

Average Training loss: 0.0024, Training Error Rate: 89.91% (53947/60000)


Average Test loss: 0.0005, Test Error Rate: 89.72% (8972/10000)

Train Epoch: 20 [20000/60000 (33%)]	Loss: 0.470978
Train Epoch: 20 [40000/60000 (67%)]	Loss: 0.474002
Train Epoch: 20 [60000/60000 (100%)]	Loss: 0.477389

Average Training loss: 0.0024, Training Error Rate: 89.73% (53841/60000)


Average Test loss: 0.0005, Test Error Rate: 91.20% (9120/10000)

Train Epoch: 21 [20000/60000 (33%)]	Loss: 0.473051
Train Epoch: 21 [40000/60000 (67%)]	Loss: 0.470904
Train Epoch: 21 [60000/60000 (100%)]	Loss: 0.462435

Average Training loss: 0.0024, Training Error Rate: 89.80% (53880/60000)


Average Test loss: 0.0005, Test Error Rate: 90.40% (9040/10000)

Train Epoch: 22 [20000/60000 (33%)]	Loss: 0.463785
Train Epoch: 22 [40000/60000 (67%)]	Loss: 0.471575
Train Epoch: 22 [60000/60000 (100%)]	Loss: 0.487755

Average Training loss: 0.0024, Training Error Rate: 90.17% (54104/60000)


Average Test loss: 0.0005, Test Error Rate: 89.17% (8917/10000)

Train Epoch: 23 [20000/60000 (33%)]	Loss: 0.481599
Train Epoch: 23 [40000/60000 (67%)]	Loss: 0.473038
Train Epoch: 23 [60000/60000 (100%)]	Loss: 0.479803

Average Training loss: 0.0024, Training Error Rate: 90.04% (54023/60000)


Average Test loss: 0.0005, Test Error Rate: 89.93% (8993/10000)

Train Epoch: 24 [20000/60000 (33%)]	Loss: 0.464686
Train Epoch: 24 [40000/60000 (67%)]	Loss: 0.468227
Train Epoch: 24 [60000/60000 (100%)]	Loss: 0.481196

Average Training loss: 0.0024, Training Error Rate: 89.98% (53991/60000)


Average Test loss: 0.0005, Test Error Rate: 90.64% (9064/10000)

Train Epoch: 25 [20000/60000 (33%)]	Loss: 0.478752
Train Epoch: 25 [40000/60000 (67%)]	Loss: 0.476298
Train Epoch: 25 [60000/60000 (100%)]	Loss: 0.472032

Average Training loss: 0.0024, Training Error Rate: 89.89% (53932/60000)


Average Test loss: 0.0005, Test Error Rate: 88.65% (8865/10000)

Train Epoch: 26 [20000/60000 (33%)]	Loss: 0.472793
Train Epoch: 26 [40000/60000 (67%)]	Loss: 0.470846
Train Epoch: 26 [60000/60000 (100%)]	Loss: 0.479212

Average Training loss: 0.0024, Training Error Rate: 89.84% (53904/60000)


Average Test loss: 0.0005, Test Error Rate: 91.09% (9109/10000)

Train Epoch: 27 [20000/60000 (33%)]	Loss: 0.467023
Train Epoch: 27 [40000/60000 (67%)]	Loss: 0.483459
Train Epoch: 27 [60000/60000 (100%)]	Loss: 0.462421

Average Training loss: 0.0024, Training Error Rate: 89.98% (53989/60000)


Average Test loss: 0.0005, Test Error Rate: 91.07% (9107/10000)

Train Epoch: 28 [20000/60000 (33%)]	Loss: 0.469554
Train Epoch: 28 [40000/60000 (67%)]	Loss: 0.463438
Train Epoch: 28 [60000/60000 (100%)]	Loss: 0.472454

Average Training loss: 0.0024, Training Error Rate: 89.86% (53919/60000)


Average Test loss: 0.0005, Test Error Rate: 91.27% (9127/10000)

Train Epoch: 29 [20000/60000 (33%)]	Loss: 0.464975
Train Epoch: 29 [40000/60000 (67%)]	Loss: 0.462303
Train Epoch: 29 [60000/60000 (100%)]	Loss: 0.484769

Average Training loss: 0.0024, Training Error Rate: 89.75% (53852/60000)


Average Test loss: 0.0005, Test Error Rate: 89.61% (8961/10000)

Train Epoch: 30 [20000/60000 (33%)]	Loss: 0.474390
Train Epoch: 30 [40000/60000 (67%)]	Loss: 0.476548
Train Epoch: 30 [60000/60000 (100%)]	Loss: 0.471803

Average Training loss: 0.0024, Training Error Rate: 89.80% (53882/60000)


Average Test loss: 0.0005, Test Error Rate: 90.18% (9018/10000)

Train Epoch: 31 [20000/60000 (33%)]	Loss: 0.477946
Train Epoch: 31 [40000/60000 (67%)]	Loss: 0.460793
Train Epoch: 31 [60000/60000 (100%)]	Loss: 0.478624

Average Training loss: 0.0024, Training Error Rate: 89.88% (53925/60000)


Average Test loss: 0.0005, Test Error Rate: 91.08% (9108/10000)

Train Epoch: 32 [20000/60000 (33%)]	Loss: 0.480156
Train Epoch: 32 [40000/60000 (67%)]	Loss: 0.476863
Train Epoch: 32 [60000/60000 (100%)]	Loss: 0.466276

Average Training loss: 0.0024, Training Error Rate: 89.90% (53940/60000)


Average Test loss: 0.0005, Test Error Rate: 90.51% (9051/10000)

Train Epoch: 33 [20000/60000 (33%)]	Loss: 0.473564
Train Epoch: 33 [40000/60000 (67%)]	Loss: 0.478405
Train Epoch: 33 [60000/60000 (100%)]	Loss: 0.459485

Average Training loss: 0.0024, Training Error Rate: 89.92% (53955/60000)


Average Test loss: 0.0005, Test Error Rate: 89.88% (8988/10000)

Train Epoch: 34 [20000/60000 (33%)]	Loss: 0.484345
Train Epoch: 34 [40000/60000 (67%)]	Loss: 0.493343
Train Epoch: 34 [60000/60000 (100%)]	Loss: 0.467583

Average Training loss: 0.0024, Training Error Rate: 89.67% (53805/60000)


Average Test loss: 0.0005, Test Error Rate: 89.82% (8982/10000)

Train Epoch: 35 [20000/60000 (33%)]	Loss: 0.464362
Train Epoch: 35 [40000/60000 (67%)]	Loss: 0.469346
Train Epoch: 35 [60000/60000 (100%)]	Loss: 0.475954

Average Training loss: 0.0024, Training Error Rate: 89.86% (53915/60000)


Average Test loss: 0.0005, Test Error Rate: 90.20% (9020/10000)

Train Epoch: 36 [20000/60000 (33%)]	Loss: 0.490974
Train Epoch: 36 [40000/60000 (67%)]	Loss: 0.491014
Train Epoch: 36 [60000/60000 (100%)]	Loss: 0.476969

Average Training loss: 0.0024, Training Error Rate: 90.09% (54052/60000)


Average Test loss: 0.0005, Test Error Rate: 88.65% (8865/10000)

Train Epoch: 37 [20000/60000 (33%)]	Loss: 0.475440
Train Epoch: 37 [40000/60000 (67%)]	Loss: 0.472650
Train Epoch: 37 [60000/60000 (100%)]	Loss: 0.462628

Average Training loss: 0.0024, Training Error Rate: 89.89% (53937/60000)


Average Test loss: 0.0005, Test Error Rate: 90.44% (9044/10000)

Train Epoch: 38 [20000/60000 (33%)]	Loss: 0.466581
Train Epoch: 38 [40000/60000 (67%)]	Loss: 0.469381
Train Epoch: 38 [60000/60000 (100%)]	Loss: 0.475965

Average Training loss: 0.0024, Training Error Rate: 89.95% (53971/60000)


Average Test loss: 0.0005, Test Error Rate: 89.69% (8969/10000)

Train Epoch: 39 [20000/60000 (33%)]	Loss: 0.464149
Train Epoch: 39 [40000/60000 (67%)]	Loss: 0.469224
Train Epoch: 39 [60000/60000 (100%)]	Loss: 0.476316

Average Training loss: 0.0024, Training Error Rate: 89.85% (53909/60000)


Average Test loss: 0.0005, Test Error Rate: 89.64% (8964/10000)

Train Epoch: 40 [20000/60000 (33%)]	Loss: 0.467803
Train Epoch: 40 [40000/60000 (67%)]	Loss: 0.474810
Train Epoch: 40 [60000/60000 (100%)]	Loss: 0.461828

Average Training loss: 0.0024, Training Error Rate: 89.92% (53953/60000)


Average Test loss: 0.0005, Test Error Rate: 90.20% (9020/10000)

Train Epoch: 41 [20000/60000 (33%)]	Loss: 0.466773
Train Epoch: 41 [40000/60000 (67%)]	Loss: 0.477332
Train Epoch: 41 [60000/60000 (100%)]	Loss: 0.478327

Average Training loss: 0.0024, Training Error Rate: 90.01% (54007/60000)


Average Test loss: 0.0005, Test Error Rate: 89.91% (8991/10000)

Train Epoch: 42 [20000/60000 (33%)]	Loss: 0.476786
Train Epoch: 42 [40000/60000 (67%)]	Loss: 0.463414
Train Epoch: 42 [60000/60000 (100%)]	Loss: 0.468542

Average Training loss: 0.0024, Training Error Rate: 89.74% (53845/60000)


Average Test loss: 0.0005, Test Error Rate: 90.17% (9017/10000)

Train Epoch: 43 [20000/60000 (33%)]	Loss: 0.479661
Train Epoch: 43 [40000/60000 (67%)]	Loss: 0.479316
Train Epoch: 43 [60000/60000 (100%)]	Loss: 0.479421

Average Training loss: 0.0024, Training Error Rate: 89.92% (53952/60000)


Average Test loss: 0.0005, Test Error Rate: 88.64% (8864/10000)

Train Epoch: 44 [20000/60000 (33%)]	Loss: 0.470277
Train Epoch: 44 [40000/60000 (67%)]	Loss: 0.467180
Train Epoch: 44 [60000/60000 (100%)]	Loss: 0.476186

Average Training loss: 0.0024, Training Error Rate: 89.88% (53930/60000)


Average Test loss: 0.0005, Test Error Rate: 90.19% (9019/10000)

Train Epoch: 45 [20000/60000 (33%)]	Loss: 0.474440
Train Epoch: 45 [40000/60000 (67%)]	Loss: 0.467654
Train Epoch: 45 [60000/60000 (100%)]	Loss: 0.466633

Average Training loss: 0.0024, Training Error Rate: 89.77% (53860/60000)


Average Test loss: 0.0005, Test Error Rate: 88.67% (8867/10000)

Train Epoch: 46 [20000/60000 (33%)]	Loss: 0.470126
Train Epoch: 46 [40000/60000 (67%)]	Loss: 0.472935
Train Epoch: 46 [60000/60000 (100%)]	Loss: 0.466863

Average Training loss: 0.0024, Training Error Rate: 89.83% (53898/60000)


Average Test loss: 0.0005, Test Error Rate: 90.42% (9042/10000)

Train Epoch: 47 [20000/60000 (33%)]	Loss: 0.456834
Train Epoch: 47 [40000/60000 (67%)]	Loss: 0.473377
Train Epoch: 47 [60000/60000 (100%)]	Loss: 0.454525

Average Training loss: 0.0024, Training Error Rate: 89.89% (53932/60000)


Average Test loss: 0.0005, Test Error Rate: 90.35% (9035/10000)

Train Epoch: 48 [20000/60000 (33%)]	Loss: 0.468453
Train Epoch: 48 [40000/60000 (67%)]	Loss: 0.481814
Train Epoch: 48 [60000/60000 (100%)]	Loss: 0.457444

Average Training loss: 0.0024, Training Error Rate: 90.09% (54055/60000)


Average Test loss: 0.0005, Test Error Rate: 90.18% (9018/10000)

Train Epoch: 49 [20000/60000 (33%)]	Loss: 0.468153
Train Epoch: 49 [40000/60000 (67%)]	Loss: 0.461234
Train Epoch: 49 [60000/60000 (100%)]	Loss: 0.481954

Average Training loss: 0.0024, Training Error Rate: 89.87% (53924/60000)


Average Test loss: 0.0005, Test Error Rate: 91.07% (9107/10000)

Train Epoch: 50 [20000/60000 (33%)]	Loss: 0.475610
Train Epoch: 50 [40000/60000 (67%)]	Loss: 0.486114
Train Epoch: 50 [60000/60000 (100%)]	Loss: 0.479252

Average Training loss: 0.0024, Training Error Rate: 90.12% (54070/60000)


Average Test loss: 0.0005, Test Error Rate: 90.11% (9011/10000)

Train Epoch: 51 [20000/60000 (33%)]	Loss: 0.477558
Train Epoch: 51 [40000/60000 (67%)]	Loss: 0.477827
Train Epoch: 51 [60000/60000 (100%)]	Loss: 0.479736

Average Training loss: 0.0024, Training Error Rate: 90.01% (54006/60000)


Average Test loss: 0.0005, Test Error Rate: 91.30% (9130/10000)

Train Epoch: 52 [20000/60000 (33%)]	Loss: 0.481844
Train Epoch: 52 [40000/60000 (67%)]	Loss: 0.482754
Train Epoch: 52 [60000/60000 (100%)]	Loss: 0.470113

Average Training loss: 0.0024, Training Error Rate: 89.83% (53896/60000)


Average Test loss: 0.0005, Test Error Rate: 88.68% (8868/10000)

Train Epoch: 53 [20000/60000 (33%)]	Loss: 0.468895
Train Epoch: 53 [40000/60000 (67%)]	Loss: 0.475761
Train Epoch: 53 [60000/60000 (100%)]	Loss: 0.459267

Average Training loss: 0.0024, Training Error Rate: 90.00% (53997/60000)


Average Test loss: 0.0005, Test Error Rate: 90.17% (9017/10000)

Train Epoch: 54 [20000/60000 (33%)]	Loss: 0.484364
Train Epoch: 54 [40000/60000 (67%)]	Loss: 0.480282
Train Epoch: 54 [60000/60000 (100%)]	Loss: 0.476297

Average Training loss: 0.0024, Training Error Rate: 90.01% (54008/60000)


Average Test loss: 0.0005, Test Error Rate: 88.67% (8867/10000)

Train Epoch: 55 [20000/60000 (33%)]	Loss: 0.480144
Train Epoch: 55 [40000/60000 (67%)]	Loss: 0.473200
Train Epoch: 55 [60000/60000 (100%)]	Loss: 0.465364

Average Training loss: 0.0024, Training Error Rate: 89.69% (53816/60000)


Average Test loss: 0.0005, Test Error Rate: 90.41% (9041/10000)

Train Epoch: 56 [20000/60000 (33%)]	Loss: 0.481951
Train Epoch: 56 [40000/60000 (67%)]	Loss: 0.468962
Train Epoch: 56 [60000/60000 (100%)]	Loss: 0.477747

Average Training loss: 0.0024, Training Error Rate: 89.85% (53912/60000)


Average Test loss: 0.0005, Test Error Rate: 91.12% (9112/10000)

Train Epoch: 57 [20000/60000 (33%)]	Loss: 0.467356
Train Epoch: 57 [40000/60000 (67%)]	Loss: 0.471102
Train Epoch: 57 [60000/60000 (100%)]	Loss: 0.459902

Average Training loss: 0.0024, Training Error Rate: 89.83% (53896/60000)


Average Test loss: 0.0005, Test Error Rate: 89.09% (8909/10000)

Train Epoch: 58 [20000/60000 (33%)]	Loss: 0.467743
Train Epoch: 58 [40000/60000 (67%)]	Loss: 0.466360
Train Epoch: 58 [60000/60000 (100%)]	Loss: 0.472550

Average Training loss: 0.0024, Training Error Rate: 89.73% (53841/60000)


Average Test loss: 0.0005, Test Error Rate: 90.18% (9018/10000)

Train Epoch: 59 [20000/60000 (33%)]	Loss: 0.468035
Train Epoch: 59 [40000/60000 (67%)]	Loss: 0.464471
Train Epoch: 59 [60000/60000 (100%)]	Loss: 0.469120

Average Training loss: 0.0024, Training Error Rate: 89.92% (53949/60000)


Average Test loss: 0.0005, Test Error Rate: 89.73% (8973/10000)

Train Epoch: 60 [20000/60000 (33%)]	Loss: 0.470874
Train Epoch: 60 [40000/60000 (67%)]	Loss: 0.472735
Train Epoch: 60 [60000/60000 (100%)]	Loss: 0.474424

Average Training loss: 0.0024, Training Error Rate: 89.42% (53654/60000)


Average Test loss: 0.0005, Test Error Rate: 90.20% (9020/10000)

Train Epoch: 61 [20000/60000 (33%)]	Loss: 0.467201
Train Epoch: 61 [40000/60000 (67%)]	Loss: 0.463480
Train Epoch: 61 [60000/60000 (100%)]	Loss: 0.465158

Average Training loss: 0.0024, Training Error Rate: 89.09% (53456/60000)


Average Test loss: 0.0005, Test Error Rate: 88.69% (8869/10000)

Train Epoch: 62 [20000/60000 (33%)]	Loss: 0.478923
Train Epoch: 62 [40000/60000 (67%)]	Loss: 0.459441
Train Epoch: 62 [60000/60000 (100%)]	Loss: 0.463248

Average Training loss: 0.0024, Training Error Rate: 89.27% (53560/60000)


Average Test loss: 0.0005, Test Error Rate: 83.51% (8351/10000)

Train Epoch: 63 [20000/60000 (33%)]	Loss: 0.473229
Train Epoch: 63 [40000/60000 (67%)]	Loss: 0.468897
Train Epoch: 63 [60000/60000 (100%)]	Loss: 0.473208

Average Training loss: 0.0024, Training Error Rate: 88.68% (53206/60000)


Average Test loss: 0.0005, Test Error Rate: 90.14% (9014/10000)

Train Epoch: 64 [20000/60000 (33%)]	Loss: 0.462428
Train Epoch: 64 [40000/60000 (67%)]	Loss: 0.461981
Train Epoch: 64 [60000/60000 (100%)]	Loss: 0.461291

Average Training loss: 0.0024, Training Error Rate: 88.77% (53261/60000)


Average Test loss: 0.0005, Test Error Rate: 89.71% (8971/10000)

Train Epoch: 65 [20000/60000 (33%)]	Loss: 0.469609
Train Epoch: 65 [40000/60000 (67%)]	Loss: 0.462969
Train Epoch: 65 [60000/60000 (100%)]	Loss: 0.462184

Average Training loss: 0.0023, Training Error Rate: 88.36% (53013/60000)


Average Test loss: 0.0005, Test Error Rate: 89.74% (8974/10000)

Train Epoch: 66 [20000/60000 (33%)]	Loss: 0.477441
Train Epoch: 66 [40000/60000 (67%)]	Loss: 0.468599
Train Epoch: 66 [60000/60000 (100%)]	Loss: 0.464236

Average Training loss: 0.0024, Training Error Rate: 88.09% (52852/60000)


Average Test loss: 0.0005, Test Error Rate: 90.15% (9015/10000)

Train Epoch: 67 [20000/60000 (33%)]	Loss: 0.466383
Train Epoch: 67 [40000/60000 (67%)]	Loss: 0.459729
Train Epoch: 67 [60000/60000 (100%)]	Loss: 0.461967

Average Training loss: 0.0023, Training Error Rate: 87.17% (52301/60000)


Average Test loss: 0.0005, Test Error Rate: 88.64% (8864/10000)

Train Epoch: 68 [20000/60000 (33%)]	Loss: 0.469182
Train Epoch: 68 [40000/60000 (67%)]	Loss: 0.473548
Train Epoch: 68 [60000/60000 (100%)]	Loss: 0.480372

Average Training loss: 0.0023, Training Error Rate: 86.66% (51993/60000)


Average Test loss: 0.0005, Test Error Rate: 90.03% (9003/10000)

Train Epoch: 69 [20000/60000 (33%)]	Loss: 0.465008
Train Epoch: 69 [40000/60000 (67%)]	Loss: 0.489237
Train Epoch: 69 [60000/60000 (100%)]	Loss: 0.452162

Average Training loss: 0.0023, Training Error Rate: 86.17% (51703/60000)


Average Test loss: 0.0005, Test Error Rate: 83.13% (8313/10000)

Train Epoch: 70 [20000/60000 (33%)]	Loss: 0.478574
Train Epoch: 70 [40000/60000 (67%)]	Loss: 0.469543
Train Epoch: 70 [60000/60000 (100%)]	Loss: 0.467010

Average Training loss: 0.0023, Training Error Rate: 85.34% (51203/60000)


Average Test loss: 0.0005, Test Error Rate: 91.04% (9104/10000)

Train Epoch: 71 [20000/60000 (33%)]	Loss: 0.488452
Train Epoch: 71 [40000/60000 (67%)]	Loss: 0.466561
Train Epoch: 71 [60000/60000 (100%)]	Loss: 0.468476

Average Training loss: 0.0023, Training Error Rate: 84.97% (50982/60000)


Average Test loss: 0.0005, Test Error Rate: 81.03% (8103/10000)

Train Epoch: 72 [20000/60000 (33%)]	Loss: 0.478613
Train Epoch: 72 [40000/60000 (67%)]	Loss: 0.475332
Train Epoch: 72 [60000/60000 (100%)]	Loss: 0.470153

Average Training loss: 0.0023, Training Error Rate: 84.88% (50929/60000)


Average Test loss: 0.0005, Test Error Rate: 81.46% (8146/10000)

Train Epoch: 73 [20000/60000 (33%)]	Loss: 0.472234
Train Epoch: 73 [40000/60000 (67%)]	Loss: 0.476051
Train Epoch: 73 [60000/60000 (100%)]	Loss: 0.470501

Average Training loss: 0.0023, Training Error Rate: 84.10% (50458/60000)


Average Test loss: 0.0005, Test Error Rate: 89.94% (8994/10000)

Train Epoch: 74 [20000/60000 (33%)]	Loss: 0.468054
Train Epoch: 74 [40000/60000 (67%)]	Loss: 0.452352
Train Epoch: 74 [60000/60000 (100%)]	Loss: 0.458129

Average Training loss: 0.0023, Training Error Rate: 83.68% (50206/60000)


Average Test loss: 0.0005, Test Error Rate: 81.62% (8162/10000)

Train Epoch: 75 [20000/60000 (33%)]	Loss: 0.471834
Train Epoch: 75 [40000/60000 (67%)]	Loss: 0.465081
Train Epoch: 75 [60000/60000 (100%)]	Loss: 0.453853

Average Training loss: 0.0023, Training Error Rate: 82.94% (49767/60000)


Average Test loss: 0.0005, Test Error Rate: 81.74% (8174/10000)

Train Epoch: 76 [20000/60000 (33%)]	Loss: 0.483437
Train Epoch: 76 [40000/60000 (67%)]	Loss: 0.456787
Train Epoch: 76 [60000/60000 (100%)]	Loss: 0.478747

Average Training loss: 0.0023, Training Error Rate: 82.87% (49723/60000)


Average Test loss: 0.0005, Test Error Rate: 90.18% (9018/10000)

Train Epoch: 77 [20000/60000 (33%)]	Loss: 0.446970
Train Epoch: 77 [40000/60000 (67%)]	Loss: 0.448965
Train Epoch: 77 [60000/60000 (100%)]	Loss: 0.453224

Average Training loss: 0.0023, Training Error Rate: 82.61% (49563/60000)


Average Test loss: 0.0005, Test Error Rate: 80.13% (8013/10000)

Train Epoch: 78 [20000/60000 (33%)]	Loss: 0.473850
Train Epoch: 78 [40000/60000 (67%)]	Loss: 0.454945
Train Epoch: 78 [60000/60000 (100%)]	Loss: 0.470387

Average Training loss: 0.0023, Training Error Rate: 81.98% (49189/60000)


Average Test loss: 0.0005, Test Error Rate: 80.39% (8039/10000)

Train Epoch: 79 [20000/60000 (33%)]	Loss: 0.449571
Train Epoch: 79 [40000/60000 (67%)]	Loss: 0.454410
Train Epoch: 79 [60000/60000 (100%)]	Loss: 0.453291

Average Training loss: 0.0023, Training Error Rate: 81.27% (48763/60000)


Average Test loss: 0.0005, Test Error Rate: 80.12% (8012/10000)

Train Epoch: 80 [20000/60000 (33%)]	Loss: 0.454993
Train Epoch: 80 [40000/60000 (67%)]	Loss: 0.439832
Train Epoch: 80 [60000/60000 (100%)]	Loss: 0.466234

Average Training loss: 0.0023, Training Error Rate: 81.82% (49092/60000)


Average Test loss: 0.0005, Test Error Rate: 80.77% (8077/10000)

Train Epoch: 81 [20000/60000 (33%)]	Loss: 0.461552
Train Epoch: 81 [40000/60000 (67%)]	Loss: 0.451169
Train Epoch: 81 [60000/60000 (100%)]	Loss: 0.459248

Average Training loss: 0.0023, Training Error Rate: 81.64% (48987/60000)


Average Test loss: 0.0005, Test Error Rate: 80.58% (8058/10000)

Train Epoch: 82 [20000/60000 (33%)]	Loss: 0.476324
Train Epoch: 82 [40000/60000 (67%)]	Loss: 0.441511
Train Epoch: 82 [60000/60000 (100%)]	Loss: 0.447941

Average Training loss: 0.0023, Training Error Rate: 81.44% (48863/60000)


Average Test loss: 0.0005, Test Error Rate: 80.49% (8049/10000)

Train Epoch: 83 [20000/60000 (33%)]	Loss: 0.471641
Train Epoch: 83 [40000/60000 (67%)]	Loss: 0.452538
Train Epoch: 83 [60000/60000 (100%)]	Loss: 0.456209

Average Training loss: 0.0023, Training Error Rate: 81.39% (48836/60000)


Average Test loss: 0.0004, Test Error Rate: 80.23% (8023/10000)

Train Epoch: 84 [20000/60000 (33%)]	Loss: 0.448882
Train Epoch: 84 [40000/60000 (67%)]	Loss: 0.468365
Train Epoch: 84 [60000/60000 (100%)]	Loss: 0.456890

Average Training loss: 0.0023, Training Error Rate: 80.84% (48504/60000)


Average Test loss: 0.0004, Test Error Rate: 80.37% (8037/10000)

Train Epoch: 85 [20000/60000 (33%)]	Loss: 0.455437
Train Epoch: 85 [40000/60000 (67%)]	Loss: 0.469723
Train Epoch: 85 [60000/60000 (100%)]	Loss: 0.457987

Average Training loss: 0.0023, Training Error Rate: 80.73% (48440/60000)


Average Test loss: 0.0005, Test Error Rate: 80.45% (8045/10000)

Train Epoch: 86 [20000/60000 (33%)]	Loss: 0.446300
Train Epoch: 86 [40000/60000 (67%)]	Loss: 0.453781
Train Epoch: 86 [60000/60000 (100%)]	Loss: 0.455703

Average Training loss: 0.0023, Training Error Rate: 80.76% (48456/60000)


Average Test loss: 0.0005, Test Error Rate: 80.19% (8019/10000)

Train Epoch: 87 [20000/60000 (33%)]	Loss: 0.453033
Train Epoch: 87 [40000/60000 (67%)]	Loss: 0.438825
Train Epoch: 87 [60000/60000 (100%)]	Loss: 0.459471

Average Training loss: 0.0023, Training Error Rate: 80.75% (48451/60000)


Average Test loss: 0.0004, Test Error Rate: 79.49% (7949/10000)

Train Epoch: 88 [20000/60000 (33%)]	Loss: 0.444655
Train Epoch: 88 [40000/60000 (67%)]	Loss: 0.458393
Train Epoch: 88 [60000/60000 (100%)]	Loss: 0.422674

Average Training loss: 0.0022, Training Error Rate: 80.31% (48183/60000)


Average Test loss: 0.0004, Test Error Rate: 79.67% (7967/10000)

Train Epoch: 89 [20000/60000 (33%)]	Loss: 0.454796
Train Epoch: 89 [40000/60000 (67%)]	Loss: 0.456694
Train Epoch: 89 [60000/60000 (100%)]	Loss: 0.449593

Average Training loss: 0.0023, Training Error Rate: 79.82% (47893/60000)


Average Test loss: 0.0005, Test Error Rate: 79.73% (7973/10000)

Train Epoch: 90 [20000/60000 (33%)]	Loss: 0.447598
Train Epoch: 90 [40000/60000 (67%)]	Loss: 0.464452
Train Epoch: 90 [60000/60000 (100%)]	Loss: 0.461838

Average Training loss: 0.0023, Training Error Rate: 80.12% (48071/60000)


Average Test loss: 0.0005, Test Error Rate: 79.07% (7907/10000)

Train Epoch: 91 [20000/60000 (33%)]	Loss: 0.429632
Train Epoch: 91 [40000/60000 (67%)]	Loss: 0.428413
Train Epoch: 91 [60000/60000 (100%)]	Loss: 0.438197

Average Training loss: 0.0022, Training Error Rate: 80.53% (48316/60000)


Average Test loss: 0.0004, Test Error Rate: 80.11% (8011/10000)

Train Epoch: 92 [20000/60000 (33%)]	Loss: 0.440546
Train Epoch: 92 [40000/60000 (67%)]	Loss: 0.433680
Train Epoch: 92 [60000/60000 (100%)]	Loss: 0.452620

Average Training loss: 0.0022, Training Error Rate: 80.10% (48062/60000)


Average Test loss: 0.0005, Test Error Rate: 79.45% (7945/10000)

Train Epoch: 93 [20000/60000 (33%)]	Loss: 0.449115
Train Epoch: 93 [40000/60000 (67%)]	Loss: 0.435335
Train Epoch: 93 [60000/60000 (100%)]	Loss: 0.449269

Average Training loss: 0.0022, Training Error Rate: 80.16% (48094/60000)


Average Test loss: 0.0004, Test Error Rate: 80.60% (8060/10000)

Train Epoch: 94 [20000/60000 (33%)]	Loss: 0.448536
Train Epoch: 94 [40000/60000 (67%)]	Loss: 0.440244
Train Epoch: 94 [60000/60000 (100%)]	Loss: 0.460499

Average Training loss: 0.0022, Training Error Rate: 79.52% (47714/60000)


Average Test loss: 0.0004, Test Error Rate: 79.62% (7962/10000)

Train Epoch: 95 [20000/60000 (33%)]	Loss: 0.445365
Train Epoch: 95 [40000/60000 (67%)]	Loss: 0.435740
Train Epoch: 95 [60000/60000 (100%)]	Loss: 0.468596

Average Training loss: 0.0022, Training Error Rate: 79.37% (47624/60000)


Average Test loss: 0.0005, Test Error Rate: 79.77% (7977/10000)

Train Epoch: 96 [20000/60000 (33%)]	Loss: 0.431998
Train Epoch: 96 [40000/60000 (67%)]	Loss: 0.446743
Train Epoch: 96 [60000/60000 (100%)]	Loss: 0.455221

Average Training loss: 0.0022, Training Error Rate: 80.09% (48057/60000)


Average Test loss: 0.0005, Test Error Rate: 79.88% (7988/10000)

Train Epoch: 97 [20000/60000 (33%)]	Loss: 0.441202
Train Epoch: 97 [40000/60000 (67%)]	Loss: 0.453688
Train Epoch: 97 [60000/60000 (100%)]	Loss: 0.448717

Average Training loss: 0.0022, Training Error Rate: 80.20% (48118/60000)


Average Test loss: 0.0004, Test Error Rate: 80.89% (8089/10000)

Train Epoch: 98 [20000/60000 (33%)]	Loss: 0.441538
Train Epoch: 98 [40000/60000 (67%)]	Loss: 0.444911
Train Epoch: 98 [60000/60000 (100%)]	Loss: 0.452811

Average Training loss: 0.0022, Training Error Rate: 80.18% (48108/60000)


Average Test loss: 0.0005, Test Error Rate: 79.48% (7948/10000)

Train Epoch: 99 [20000/60000 (33%)]	Loss: 0.438999
Train Epoch: 99 [40000/60000 (67%)]	Loss: 0.443809
Train Epoch: 99 [60000/60000 (100%)]	Loss: 0.439580

Average Training loss: 0.0022, Training Error Rate: 79.86% (47919/60000)


Average Test loss: 0.0005, Test Error Rate: 79.51% (7951/10000)

/vast/home/ajherman/miniconda3/envs/pytorch/lib/python3.11/site-packages/torchvision/io/image.py:13: UserWarning: Failed to load image Python extension: '/vast/home/ajherman/miniconda3/envs/pytorch/lib/python3.11/site-packages/torchvision/image.so: undefined symbol: _ZN5torch3jit17parseSchemaOrNameERKNSt7__cxx1112basic_stringIcSt11char_traitsIcESaIcEEE'If you don't plan on using image functionality from `torchvision.io`, you can ignore this warning. Otherwise, there might be something wrong with your environment. Did you have `libjpeg` or `libpng` installed before building `torchvision` from source?
  warn(
Random seed set as 42
dt =  0.6321205588285577
trace decay =  0.8187307530779818
Random seed set as 42
Random seed set as 42
dt =  0.6321205588285577
trace decay =  0.8187307530779818
Random seed set as 42
/vast/home/ajherman/miniconda3/envs/pytorch/lib/python3.11/site-packages/torchvision/io/image.py:13: UserWarning: Failed to load image Python extension: '/vast/home/ajherman/miniconda3/envs/pytorch/lib/python3.11/site-packages/torchvision/image.so: undefined symbol: _ZN5torch3jit17parseSchemaOrNameERKNSt7__cxx1112basic_stringIcSt11char_traitsIcESaIcEEE'If you don't plan on using image functionality from `torchvision.io`, you can ignore this warning. Otherwise, there might be something wrong with your environment. Did you have `libjpeg` or `libpng` installed before building `torchvision` from source?
  warn(
Random seed set as 42
dt =  0.6321205588285577
trace decay =  0.8187307530779818
Random seed set as 42
Random seed set as 42
dt =  0.6321205588285577
trace decay =  0.8187307530779818
Random seed set as 42
Train Epoch: 100 [20000/60000 (33%)]	Loss: 0.445088
Train Epoch: 100 [40000/60000 (67%)]	Loss: 0.446193
Train Epoch: 100 [60000/60000 (100%)]	Loss: 0.452705

Average Training loss: 0.0022, Training Error Rate: 80.04% (48026/60000)


Average Test loss: 0.0004, Test Error Rate: 79.53% (7953/10000)

Train Epoch: 101 [20000/60000 (33%)]	Loss: 0.461204
Train Epoch: 101 [40000/60000 (67%)]	Loss: 0.449284
Train Epoch: 101 [60000/60000 (100%)]	Loss: 0.453063

Average Training loss: 0.0022, Training Error Rate: 80.33% (48196/60000)


Average Test loss: 0.0005, Test Error Rate: 79.74% (7974/10000)

Train Epoch: 102 [20000/60000 (33%)]	Loss: 0.428739
Train Epoch: 102 [40000/60000 (67%)]	Loss: 0.428981
Train Epoch: 102 [60000/60000 (100%)]	Loss: 0.444336

Average Training loss: 0.0022, Training Error Rate: 80.25% (48153/60000)


Average Test loss: 0.0004, Test Error Rate: 79.59% (7959/10000)

Train Epoch: 103 [20000/60000 (33%)]	Loss: 0.461895
Train Epoch: 103 [40000/60000 (67%)]	Loss: 0.436918
Train Epoch: 103 [60000/60000 (100%)]	Loss: 0.458330

Average Training loss: 0.0022, Training Error Rate: 80.11% (48068/60000)


Average Test loss: 0.0005, Test Error Rate: 79.45% (7945/10000)

Train Epoch: 104 [20000/60000 (33%)]	Loss: 0.425515
Train Epoch: 104 [40000/60000 (67%)]	Loss: 0.426341
Train Epoch: 104 [60000/60000 (100%)]	Loss: 0.450005

Average Training loss: 0.0022, Training Error Rate: 80.15% (48090/60000)


Average Test loss: 0.0004, Test Error Rate: 79.42% (7942/10000)

Train Epoch: 105 [20000/60000 (33%)]	Loss: 0.433944
Train Epoch: 105 [40000/60000 (67%)]	Loss: 0.441053
Train Epoch: 105 [60000/60000 (100%)]	Loss: 0.441473

Average Training loss: 0.0022, Training Error Rate: 80.22% (48129/60000)


Average Test loss: 0.0004, Test Error Rate: 79.64% (7964/10000)

Train Epoch: 106 [20000/60000 (33%)]	Loss: 0.433833
Train Epoch: 106 [40000/60000 (67%)]	Loss: 0.442177
Train Epoch: 106 [60000/60000 (100%)]	Loss: 0.432790

Average Training loss: 0.0022, Training Error Rate: 79.77% (47862/60000)


Average Test loss: 0.0004, Test Error Rate: 79.54% (7954/10000)

Train Epoch: 107 [20000/60000 (33%)]	Loss: 0.443682
Train Epoch: 107 [40000/60000 (67%)]	Loss: 0.447097
Train Epoch: 107 [60000/60000 (100%)]	Loss: 0.428055

Average Training loss: 0.0022, Training Error Rate: 80.00% (48003/60000)


Average Test loss: 0.0004, Test Error Rate: 79.57% (7957/10000)

Train Epoch: 108 [20000/60000 (33%)]	Loss: 0.430761
Train Epoch: 108 [40000/60000 (67%)]	Loss: 0.430474
Train Epoch: 108 [60000/60000 (100%)]	Loss: 0.447116

Average Training loss: 0.0022, Training Error Rate: 80.34% (48206/60000)


Average Test loss: 0.0004, Test Error Rate: 79.91% (7991/10000)

Train Epoch: 109 [20000/60000 (33%)]	Loss: 0.427137
Train Epoch: 109 [40000/60000 (67%)]	Loss: 0.433531
Train Epoch: 109 [60000/60000 (100%)]	Loss: 0.428237

Average Training loss: 0.0022, Training Error Rate: 80.33% (48201/60000)


Average Test loss: 0.0004, Test Error Rate: 79.50% (7950/10000)

Train Epoch: 110 [20000/60000 (33%)]	Loss: 0.443367
Train Epoch: 110 [40000/60000 (67%)]	Loss: 0.436505
Train Epoch: 110 [60000/60000 (100%)]	Loss: 0.448380

Average Training loss: 0.0022, Training Error Rate: 80.10% (48060/60000)


Average Test loss: 0.0004, Test Error Rate: 79.87% (7987/10000)

Train Epoch: 111 [20000/60000 (33%)]	Loss: 0.441594
Train Epoch: 111 [40000/60000 (67%)]	Loss: 0.435615
Train Epoch: 111 [60000/60000 (100%)]	Loss: 0.447972

Average Training loss: 0.0022, Training Error Rate: 80.06% (48037/60000)


Average Test loss: 0.0004, Test Error Rate: 79.53% (7953/10000)

Train Epoch: 112 [20000/60000 (33%)]	Loss: 0.451470
Train Epoch: 112 [40000/60000 (67%)]	Loss: 0.427498
Train Epoch: 112 [60000/60000 (100%)]	Loss: 0.442580

Average Training loss: 0.0022, Training Error Rate: 79.99% (47992/60000)


Average Test loss: 0.0004, Test Error Rate: 79.67% (7967/10000)

Train Epoch: 113 [20000/60000 (33%)]	Loss: 0.432197
Train Epoch: 113 [40000/60000 (67%)]	Loss: 0.431594
Train Epoch: 113 [60000/60000 (100%)]	Loss: 0.443980

Average Training loss: 0.0022, Training Error Rate: 80.07% (48040/60000)


Average Test loss: 0.0004, Test Error Rate: 79.46% (7946/10000)

Train Epoch: 114 [20000/60000 (33%)]	Loss: 0.413291
Train Epoch: 114 [40000/60000 (67%)]	Loss: 0.423513
Train Epoch: 114 [60000/60000 (100%)]	Loss: 0.417039

Average Training loss: 0.0022, Training Error Rate: 79.88% (47927/60000)


Average Test loss: 0.0004, Test Error Rate: 80.62% (8062/10000)

Train Epoch: 115 [20000/60000 (33%)]	Loss: 0.453128
Train Epoch: 115 [40000/60000 (67%)]	Loss: 0.446383
Train Epoch: 115 [60000/60000 (100%)]	Loss: 0.428485

Average Training loss: 0.0022, Training Error Rate: 79.75% (47850/60000)


Average Test loss: 0.0004, Test Error Rate: 79.45% (7945/10000)

Train Epoch: 116 [20000/60000 (33%)]	Loss: 0.444379
Train Epoch: 116 [40000/60000 (67%)]	Loss: 0.424116
Train Epoch: 116 [60000/60000 (100%)]	Loss: 0.428203

Average Training loss: 0.0022, Training Error Rate: 80.12% (48073/60000)


Average Test loss: 0.0004, Test Error Rate: 88.66% (8866/10000)

Train Epoch: 117 [20000/60000 (33%)]	Loss: 0.436227
Train Epoch: 117 [40000/60000 (67%)]	Loss: 0.426167
Train Epoch: 117 [60000/60000 (100%)]	Loss: 0.441018

Average Training loss: 0.0022, Training Error Rate: 79.80% (47878/60000)


Average Test loss: 0.0004, Test Error Rate: 79.66% (7966/10000)

Train Epoch: 118 [20000/60000 (33%)]	Loss: 0.460615
Train Epoch: 118 [40000/60000 (67%)]	Loss: 0.447115
Train Epoch: 118 [60000/60000 (100%)]	Loss: 0.443037

Average Training loss: 0.0022, Training Error Rate: 79.71% (47828/60000)


Average Test loss: 0.0004, Test Error Rate: 79.53% (7953/10000)

Train Epoch: 119 [20000/60000 (33%)]	Loss: 0.438939
Train Epoch: 119 [40000/60000 (67%)]	Loss: 0.437838
Train Epoch: 119 [60000/60000 (100%)]	Loss: 0.449723

Average Training loss: 0.0022, Training Error Rate: 79.61% (47769/60000)


Average Test loss: 0.0004, Test Error Rate: 79.32% (7932/10000)

Train Epoch: 120 [20000/60000 (33%)]	Loss: 0.423404
Train Epoch: 120 [40000/60000 (67%)]	Loss: 0.457723
Train Epoch: 120 [60000/60000 (100%)]	Loss: 0.451988

Average Training loss: 0.0022, Training Error Rate: 79.75% (47850/60000)


Average Test loss: 0.0004, Test Error Rate: 80.60% (8060/10000)

Train Epoch: 121 [20000/60000 (33%)]	Loss: 0.452081
Train Epoch: 121 [40000/60000 (67%)]	Loss: 0.433446
Train Epoch: 121 [60000/60000 (100%)]	Loss: 0.436913

Average Training loss: 0.0022, Training Error Rate: 80.11% (48065/60000)


Average Test loss: 0.0004, Test Error Rate: 79.32% (7932/10000)

Train Epoch: 122 [20000/60000 (33%)]	Loss: 0.427954
Train Epoch: 122 [40000/60000 (67%)]	Loss: 0.447752
Train Epoch: 122 [60000/60000 (100%)]	Loss: 0.452222

Average Training loss: 0.0022, Training Error Rate: 79.81% (47889/60000)


Average Test loss: 0.0004, Test Error Rate: 79.81% (7981/10000)

Train Epoch: 123 [20000/60000 (33%)]	Loss: 0.447372
Train Epoch: 123 [40000/60000 (67%)]	Loss: 0.421231
Train Epoch: 123 [60000/60000 (100%)]	Loss: 0.423598

Average Training loss: 0.0022, Training Error Rate: 80.00% (48001/60000)


Average Test loss: 0.0004, Test Error Rate: 79.48% (7948/10000)

Train Epoch: 124 [20000/60000 (33%)]	Loss: 0.442605
Train Epoch: 124 [40000/60000 (67%)]	Loss: 0.421216
Train Epoch: 124 [60000/60000 (100%)]	Loss: 0.452010

Average Training loss: 0.0022, Training Error Rate: 79.74% (47843/60000)


Average Test loss: 0.0004, Test Error Rate: 79.86% (7986/10000)

Train Epoch: 125 [20000/60000 (33%)]	Loss: 0.446676
Train Epoch: 125 [40000/60000 (67%)]	Loss: 0.443411
Train Epoch: 125 [60000/60000 (100%)]	Loss: 0.445773

Average Training loss: 0.0022, Training Error Rate: 79.76% (47858/60000)


Average Test loss: 0.0004, Test Error Rate: 79.30% (7930/10000)

Train Epoch: 126 [20000/60000 (33%)]	Loss: 0.419862
Train Epoch: 126 [40000/60000 (67%)]	Loss: 0.452120
Train Epoch: 126 [60000/60000 (100%)]	Loss: 0.449580

Average Training loss: 0.0022, Training Error Rate: 79.45% (47671/60000)


Average Test loss: 0.0004, Test Error Rate: 80.55% (8055/10000)

Train Epoch: 127 [20000/60000 (33%)]	Loss: 0.438003
Train Epoch: 127 [40000/60000 (67%)]	Loss: 0.439539
Train Epoch: 127 [60000/60000 (100%)]	Loss: 0.447741

Average Training loss: 0.0022, Training Error Rate: 79.56% (47733/60000)


Average Test loss: 0.0004, Test Error Rate: 79.42% (7942/10000)

Train Epoch: 128 [20000/60000 (33%)]	Loss: 0.427519
Train Epoch: 128 [40000/60000 (67%)]	Loss: 0.426424
Train Epoch: 128 [60000/60000 (100%)]	Loss: 0.432793

Average Training loss: 0.0022, Training Error Rate: 79.48% (47686/60000)


Average Test loss: 0.0004, Test Error Rate: 79.36% (7936/10000)

Train Epoch: 129 [20000/60000 (33%)]	Loss: 0.426298
Train Epoch: 129 [40000/60000 (67%)]	Loss: 0.417670
Train Epoch: 129 [60000/60000 (100%)]	Loss: 0.443692

Average Training loss: 0.0022, Training Error Rate: 79.98% (47989/60000)


Average Test loss: 0.0004, Test Error Rate: 79.66% (7966/10000)

Train Epoch: 130 [20000/60000 (33%)]	Loss: 0.419289
Train Epoch: 130 [40000/60000 (67%)]	Loss: 0.450399
Train Epoch: 130 [60000/60000 (100%)]	Loss: 0.423983

Average Training loss: 0.0022, Training Error Rate: 79.92% (47950/60000)


Average Test loss: 0.0004, Test Error Rate: 79.83% (7983/10000)

Train Epoch: 131 [20000/60000 (33%)]	Loss: 0.453469
Train Epoch: 131 [40000/60000 (67%)]	Loss: 0.440124
Train Epoch: 131 [60000/60000 (100%)]	Loss: 0.439412

Average Training loss: 0.0022, Training Error Rate: 79.52% (47711/60000)


Average Test loss: 0.0004, Test Error Rate: 80.64% (8064/10000)

Train Epoch: 132 [20000/60000 (33%)]	Loss: 0.433501
Train Epoch: 132 [40000/60000 (67%)]	Loss: 0.425540
Train Epoch: 132 [60000/60000 (100%)]	Loss: 0.426169

Average Training loss: 0.0022, Training Error Rate: 79.86% (47914/60000)


Average Test loss: 0.0004, Test Error Rate: 79.94% (7994/10000)

Train Epoch: 133 [20000/60000 (33%)]	Loss: 0.448925
Train Epoch: 133 [40000/60000 (67%)]	Loss: 0.437260
Train Epoch: 133 [60000/60000 (100%)]	Loss: 0.428627

Average Training loss: 0.0021, Training Error Rate: 79.53% (47720/60000)


Average Test loss: 0.0004, Test Error Rate: 79.50% (7950/10000)

Train Epoch: 134 [20000/60000 (33%)]	Loss: 0.453479
Train Epoch: 134 [40000/60000 (67%)]	Loss: 0.427763
Train Epoch: 134 [60000/60000 (100%)]	Loss: 0.434745

Average Training loss: 0.0021, Training Error Rate: 79.69% (47814/60000)


Average Test loss: 0.0004, Test Error Rate: 79.35% (7935/10000)

Train Epoch: 135 [20000/60000 (33%)]	Loss: 0.428152
Train Epoch: 135 [40000/60000 (67%)]	Loss: 0.450498
Train Epoch: 135 [60000/60000 (100%)]	Loss: 0.427173

Average Training loss: 0.0022, Training Error Rate: 80.16% (48098/60000)


Average Test loss: 0.0004, Test Error Rate: 79.55% (7955/10000)

Train Epoch: 136 [20000/60000 (33%)]	Loss: 0.425118
Train Epoch: 136 [40000/60000 (67%)]	Loss: 0.412843
Train Epoch: 136 [60000/60000 (100%)]	Loss: 0.453819

Average Training loss: 0.0021, Training Error Rate: 79.71% (47827/60000)


Average Test loss: 0.0004, Test Error Rate: 79.27% (7927/10000)

Train Epoch: 137 [20000/60000 (33%)]	Loss: 0.422509
Train Epoch: 137 [40000/60000 (67%)]	Loss: 0.445886
Train Epoch: 137 [60000/60000 (100%)]	Loss: 0.425861

Average Training loss: 0.0021, Training Error Rate: 79.61% (47768/60000)


Average Test loss: 0.0004, Test Error Rate: 79.38% (7938/10000)

Train Epoch: 138 [20000/60000 (33%)]	Loss: 0.452069
Train Epoch: 138 [40000/60000 (67%)]	Loss: 0.413701
Train Epoch: 138 [60000/60000 (100%)]	Loss: 0.435033

Average Training loss: 0.0022, Training Error Rate: 79.75% (47849/60000)


Average Test loss: 0.0004, Test Error Rate: 79.63% (7963/10000)

Train Epoch: 139 [20000/60000 (33%)]	Loss: 0.432460
Train Epoch: 139 [40000/60000 (67%)]	Loss: 0.427607
Train Epoch: 139 [60000/60000 (100%)]	Loss: 0.449546

Average Training loss: 0.0022, Training Error Rate: 79.81% (47884/60000)


Average Test loss: 0.0004, Test Error Rate: 79.28% (7928/10000)

Train Epoch: 140 [20000/60000 (33%)]	Loss: 0.448940
Train Epoch: 140 [40000/60000 (67%)]	Loss: 0.448441
Train Epoch: 140 [60000/60000 (100%)]	Loss: 0.424214

Average Training loss: 0.0021, Training Error Rate: 79.69% (47812/60000)


Average Test loss: 0.0004, Test Error Rate: 79.26% (7926/10000)

Train Epoch: 141 [20000/60000 (33%)]	Loss: 0.423735
Train Epoch: 141 [40000/60000 (67%)]	Loss: 0.431581
Train Epoch: 141 [60000/60000 (100%)]	Loss: 0.436725

Average Training loss: 0.0021, Training Error Rate: 79.64% (47781/60000)


Average Test loss: 0.0004, Test Error Rate: 79.36% (7936/10000)

Train Epoch: 142 [20000/60000 (33%)]	Loss: 0.434369
Train Epoch: 142 [40000/60000 (67%)]	Loss: 0.415044
Train Epoch: 142 [60000/60000 (100%)]	Loss: 0.428773

Average Training loss: 0.0021, Training Error Rate: 79.62% (47775/60000)


Average Test loss: 0.0004, Test Error Rate: 79.34% (7934/10000)

Train Epoch: 143 [20000/60000 (33%)]	Loss: 0.440013
Train Epoch: 143 [40000/60000 (67%)]	Loss: 0.430510
Train Epoch: 143 [60000/60000 (100%)]	Loss: 0.434104

Average Training loss: 0.0022, Training Error Rate: 79.81% (47885/60000)


Average Test loss: 0.0004, Test Error Rate: 79.34% (7934/10000)

Train Epoch: 144 [20000/60000 (33%)]	Loss: 0.413755
Train Epoch: 144 [40000/60000 (67%)]	Loss: 0.415314
Train Epoch: 144 [60000/60000 (100%)]	Loss: 0.426635

Average Training loss: 0.0021, Training Error Rate: 79.76% (47858/60000)


Average Test loss: 0.0004, Test Error Rate: 79.59% (7959/10000)

Train Epoch: 145 [20000/60000 (33%)]	Loss: 0.427059
Train Epoch: 145 [40000/60000 (67%)]	Loss: 0.419557
Train Epoch: 145 [60000/60000 (100%)]	Loss: 0.458162

Average Training loss: 0.0021, Training Error Rate: 79.67% (47800/60000)


Average Test loss: 0.0004, Test Error Rate: 79.45% (7945/10000)

Train Epoch: 146 [20000/60000 (33%)]	Loss: 0.422851
Train Epoch: 146 [40000/60000 (67%)]	Loss: 0.442000
Train Epoch: 146 [60000/60000 (100%)]	Loss: 0.419258

Average Training loss: 0.0021, Training Error Rate: 79.59% (47754/60000)


Average Test loss: 0.0004, Test Error Rate: 79.52% (7952/10000)

Train Epoch: 147 [20000/60000 (33%)]	Loss: 0.423598
Train Epoch: 147 [40000/60000 (67%)]	Loss: 0.415144
Train Epoch: 147 [60000/60000 (100%)]	Loss: 0.414134

Average Training loss: 0.0021, Training Error Rate: 79.69% (47813/60000)


Average Test loss: 0.0004, Test Error Rate: 80.65% (8065/10000)

Train Epoch: 148 [20000/60000 (33%)]	Loss: 0.432298
Train Epoch: 148 [40000/60000 (67%)]	Loss: 0.439581
Train Epoch: 148 [60000/60000 (100%)]	Loss: 0.410504

Average Training loss: 0.0022, Training Error Rate: 79.78% (47867/60000)


Average Test loss: 0.0004, Test Error Rate: 79.57% (7957/10000)

Train Epoch: 149 [20000/60000 (33%)]	Loss: 0.436293
Train Epoch: 149 [40000/60000 (67%)]	Loss: 0.421520
Train Epoch: 149 [60000/60000 (100%)]	Loss: 0.430542

Average Training loss: 0.0021, Training Error Rate: 79.62% (47775/60000)


Average Test loss: 0.0004, Test Error Rate: 79.38% (7938/10000)

Train Epoch: 150 [20000/60000 (33%)]	Loss: 0.422682
Train Epoch: 150 [40000/60000 (67%)]	Loss: 0.424360
Train Epoch: 150 [60000/60000 (100%)]	Loss: 0.426329

Average Training loss: 0.0021, Training Error Rate: 79.76% (47858/60000)


Average Test loss: 0.0004, Test Error Rate: 79.65% (7965/10000)

Train Epoch: 151 [20000/60000 (33%)]	Loss: 0.439253
Train Epoch: 151 [40000/60000 (67%)]	Loss: 0.433124
Train Epoch: 151 [60000/60000 (100%)]	Loss: 0.444929

Average Training loss: 0.0021, Training Error Rate: 79.96% (47977/60000)


Average Test loss: 0.0004, Test Error Rate: 80.64% (8064/10000)

Train Epoch: 152 [20000/60000 (33%)]	Loss: 0.439683
Train Epoch: 152 [40000/60000 (67%)]	Loss: 0.420298
Train Epoch: 152 [60000/60000 (100%)]	Loss: 0.425154

Average Training loss: 0.0021, Training Error Rate: 79.78% (47868/60000)


Average Test loss: 0.0004, Test Error Rate: 80.58% (8058/10000)

Train Epoch: 153 [20000/60000 (33%)]	Loss: 0.439084
Train Epoch: 153 [40000/60000 (67%)]	Loss: 0.435833
Train Epoch: 153 [60000/60000 (100%)]	Loss: 0.425175

Average Training loss: 0.0021, Training Error Rate: 79.91% (47948/60000)


Average Test loss: 0.0004, Test Error Rate: 79.41% (7941/10000)

Train Epoch: 154 [20000/60000 (33%)]	Loss: 0.429092
Train Epoch: 154 [40000/60000 (67%)]	Loss: 0.446374
Train Epoch: 154 [60000/60000 (100%)]	Loss: 0.411572

Average Training loss: 0.0021, Training Error Rate: 79.63% (47776/60000)


Average Test loss: 0.0004, Test Error Rate: 79.35% (7935/10000)

Train Epoch: 155 [20000/60000 (33%)]	Loss: 0.433563
Train Epoch: 155 [40000/60000 (67%)]	Loss: 0.409068
Train Epoch: 155 [60000/60000 (100%)]	Loss: 0.406679

Average Training loss: 0.0021, Training Error Rate: 79.42% (47649/60000)


Average Test loss: 0.0004, Test Error Rate: 79.35% (7935/10000)

Train Epoch: 156 [20000/60000 (33%)]	Loss: 0.437880
Train Epoch: 156 [40000/60000 (67%)]	Loss: 0.438157
Train Epoch: 156 [60000/60000 (100%)]	Loss: 0.397881

Average Training loss: 0.0021, Training Error Rate: 79.61% (47769/60000)


Average Test loss: 0.0004, Test Error Rate: 79.26% (7926/10000)

Train Epoch: 157 [20000/60000 (33%)]	Loss: 0.413225
Train Epoch: 157 [40000/60000 (67%)]	Loss: 0.421596
Train Epoch: 157 [60000/60000 (100%)]	Loss: 0.414773

Average Training loss: 0.0021, Training Error Rate: 79.55% (47728/60000)


Average Test loss: 0.0004, Test Error Rate: 79.46% (7946/10000)

Train Epoch: 158 [20000/60000 (33%)]	Loss: 0.422366
Train Epoch: 158 [40000/60000 (67%)]	Loss: 0.413721
Train Epoch: 158 [60000/60000 (100%)]	Loss: 0.442242

Average Training loss: 0.0021, Training Error Rate: 79.48% (47687/60000)


Average Test loss: 0.0005, Test Error Rate: 79.59% (7959/10000)

Train Epoch: 159 [20000/60000 (33%)]	Loss: 0.402989
slurmstepd: error: *** STEP 15492065.2560 ON cn653 CANCELLED AT 2023-10-03T06:44:29 DUE TO TIME LIMIT ***
/vast/home/ajherman/miniconda3/envs/pytorch/lib/python3.11/site-packages/torchvision/io/image.py:13: UserWarning: Failed to load image Python extension: '/vast/home/ajherman/miniconda3/envs/pytorch/lib/python3.11/site-packages/torchvision/image.so: undefined symbol: _ZN5torch3jit17parseSchemaOrNameERKNSt7__cxx1112basic_stringIcSt11char_traitsIcESaIcEEE'If you don't plan on using image functionality from `torchvision.io`, you can ignore this warning. Otherwise, there might be something wrong with your environment. Did you have `libjpeg` or `libpng` installed before building `torchvision` from source?
  warn(
Random seed set as 42
dt =  0.6321205588285577
trace decay =  0.8187307530779818
Random seed set as 42
Random seed set as 42
dt =  0.6321205588285577
trace decay =  0.8187307530779818
Random seed set as 42
Train Epoch: 159 [20000/60000 (33%)]	Loss: 0.422782
Train Epoch: 159 [40000/60000 (67%)]	Loss: 0.434490
Train Epoch: 159 [60000/60000 (100%)]	Loss: 0.435934

Average Training loss: 0.0021, Training Error Rate: 79.72% (47830/60000)


Average Test loss: 0.0004, Test Error Rate: 79.26% (7926/10000)

Train Epoch: 160 [20000/60000 (33%)]	Loss: 0.452491
Train Epoch: 160 [40000/60000 (67%)]	Loss: 0.439737
Train Epoch: 160 [60000/60000 (100%)]	Loss: 0.425173

Average Training loss: 0.0021, Training Error Rate: 79.78% (47868/60000)


Average Test loss: 0.0004, Test Error Rate: 79.10% (7910/10000)

Train Epoch: 161 [20000/60000 (33%)]	Loss: 0.412638
Train Epoch: 161 [40000/60000 (67%)]	Loss: 0.407033
Train Epoch: 161 [60000/60000 (100%)]	Loss: 0.427979

Average Training loss: 0.0021, Training Error Rate: 79.69% (47811/60000)


Average Test loss: 0.0004, Test Error Rate: 78.88% (7888/10000)

Train Epoch: 162 [20000/60000 (33%)]	Loss: 0.445410
Train Epoch: 162 [40000/60000 (67%)]	Loss: 0.423802
Train Epoch: 162 [60000/60000 (100%)]	Loss: 0.439769

Average Training loss: 0.0021, Training Error Rate: 79.81% (47887/60000)


Average Test loss: 0.0004, Test Error Rate: 79.38% (7938/10000)

Train Epoch: 163 [20000/60000 (33%)]	Loss: 0.408061
Train Epoch: 163 [40000/60000 (67%)]	Loss: 0.398107
Train Epoch: 163 [60000/60000 (100%)]	Loss: 0.426105

Average Training loss: 0.0021, Training Error Rate: 79.65% (47789/60000)


Average Test loss: 0.0004, Test Error Rate: 79.40% (7940/10000)

Train Epoch: 164 [20000/60000 (33%)]	Loss: 0.412278
Train Epoch: 164 [40000/60000 (67%)]	Loss: 0.423391
Train Epoch: 164 [60000/60000 (100%)]	Loss: 0.419286

Average Training loss: 0.0021, Training Error Rate: 79.87% (47920/60000)


Average Test loss: 0.0004, Test Error Rate: 79.60% (7960/10000)

Train Epoch: 165 [20000/60000 (33%)]	Loss: 0.408369
Train Epoch: 165 [40000/60000 (67%)]	Loss: 0.427303
Train Epoch: 165 [60000/60000 (100%)]	Loss: 0.417621

Average Training loss: 0.0021, Training Error Rate: 79.52% (47712/60000)


Average Test loss: 0.0004, Test Error Rate: 79.57% (7957/10000)

Train Epoch: 166 [20000/60000 (33%)]	Loss: 0.434355
Train Epoch: 166 [40000/60000 (67%)]	Loss: 0.419752
Train Epoch: 166 [60000/60000 (100%)]	Loss: 0.413099

Average Training loss: 0.0021, Training Error Rate: 79.83% (47896/60000)


Average Test loss: 0.0004, Test Error Rate: 79.04% (7904/10000)

Train Epoch: 167 [20000/60000 (33%)]	Loss: 0.418156
Train Epoch: 167 [40000/60000 (67%)]	Loss: 0.414424
Train Epoch: 167 [60000/60000 (100%)]	Loss: 0.441093

Average Training loss: 0.0021, Training Error Rate: 79.67% (47804/60000)


Average Test loss: 0.0004, Test Error Rate: 79.70% (7970/10000)

Train Epoch: 168 [20000/60000 (33%)]	Loss: 0.415328
Train Epoch: 168 [40000/60000 (67%)]	Loss: 0.422240
Train Epoch: 168 [60000/60000 (100%)]	Loss: 0.415733

Average Training loss: 0.0021, Training Error Rate: 79.84% (47903/60000)


Average Test loss: 0.0004, Test Error Rate: 80.12% (8012/10000)

Train Epoch: 169 [20000/60000 (33%)]	Loss: 0.423413
Train Epoch: 169 [40000/60000 (67%)]	Loss: 0.415700
Train Epoch: 169 [60000/60000 (100%)]	Loss: 0.439670

Average Training loss: 0.0021, Training Error Rate: 79.75% (47852/60000)


Average Test loss: 0.0004, Test Error Rate: 79.71% (7971/10000)

Train Epoch: 170 [20000/60000 (33%)]	Loss: 0.418778
Train Epoch: 170 [40000/60000 (67%)]	Loss: 0.417526
Train Epoch: 170 [60000/60000 (100%)]	Loss: 0.440643

Average Training loss: 0.0021, Training Error Rate: 79.97% (47985/60000)


Average Test loss: 0.0004, Test Error Rate: 79.67% (7967/10000)

Train Epoch: 171 [20000/60000 (33%)]	Loss: 0.439592
Train Epoch: 171 [40000/60000 (67%)]	Loss: 0.417092
Train Epoch: 171 [60000/60000 (100%)]	Loss: 0.425379

Average Training loss: 0.0021, Training Error Rate: 79.76% (47857/60000)


Average Test loss: 0.0004, Test Error Rate: 79.60% (7960/10000)

Train Epoch: 172 [20000/60000 (33%)]	Loss: 0.420785
Train Epoch: 172 [40000/60000 (67%)]	Loss: 0.428346
Train Epoch: 172 [60000/60000 (100%)]	Loss: 0.425647

Average Training loss: 0.0021, Training Error Rate: 79.49% (47693/60000)


Average Test loss: 0.0004, Test Error Rate: 79.62% (7962/10000)

Train Epoch: 173 [20000/60000 (33%)]	Loss: 0.398311
Train Epoch: 173 [40000/60000 (67%)]	Loss: 0.411015
Train Epoch: 173 [60000/60000 (100%)]	Loss: 0.404915

Average Training loss: 0.0021, Training Error Rate: 79.87% (47921/60000)


Average Test loss: 0.0004, Test Error Rate: 80.69% (8069/10000)

Train Epoch: 174 [20000/60000 (33%)]	Loss: 0.441187
Train Epoch: 174 [40000/60000 (67%)]	Loss: 0.438798
Train Epoch: 174 [60000/60000 (100%)]	Loss: 0.414118

Average Training loss: 0.0021, Training Error Rate: 79.69% (47813/60000)


Average Test loss: 0.0004, Test Error Rate: 79.32% (7932/10000)

Train Epoch: 175 [20000/60000 (33%)]	Loss: 0.421149
Train Epoch: 175 [40000/60000 (67%)]	Loss: 0.400066
Train Epoch: 175 [60000/60000 (100%)]	Loss: 0.418833

Average Training loss: 0.0021, Training Error Rate: 79.94% (47961/60000)


Average Test loss: 0.0004, Test Error Rate: 79.29% (7929/10000)

Train Epoch: 176 [20000/60000 (33%)]	Loss: 0.423374
Train Epoch: 176 [40000/60000 (67%)]	Loss: 0.415081
Train Epoch: 176 [60000/60000 (100%)]	Loss: 0.428550

Average Training loss: 0.0021, Training Error Rate: 79.55% (47730/60000)


Average Test loss: 0.0004, Test Error Rate: 78.99% (7899/10000)

Train Epoch: 177 [20000/60000 (33%)]	Loss: 0.449426
Train Epoch: 177 [40000/60000 (67%)]	Loss: 0.433117
Train Epoch: 177 [60000/60000 (100%)]	Loss: 0.428235

Average Training loss: 0.0021, Training Error Rate: 79.65% (47792/60000)


Average Test loss: 0.0004, Test Error Rate: 79.44% (7944/10000)

Train Epoch: 178 [20000/60000 (33%)]	Loss: 0.421322
Train Epoch: 178 [40000/60000 (67%)]	Loss: 0.421513
Train Epoch: 178 [60000/60000 (100%)]	Loss: 0.434039

Average Training loss: 0.0021, Training Error Rate: 79.51% (47707/60000)


Average Test loss: 0.0004, Test Error Rate: 79.41% (7941/10000)

Train Epoch: 179 [20000/60000 (33%)]	Loss: 0.409311
Train Epoch: 179 [40000/60000 (67%)]	Loss: 0.457062
Train Epoch: 179 [60000/60000 (100%)]	Loss: 0.429396

Average Training loss: 0.0021, Training Error Rate: 79.70% (47821/60000)


Average Test loss: 0.0004, Test Error Rate: 80.62% (8062/10000)

Train Epoch: 180 [20000/60000 (33%)]	Loss: 0.449790
Train Epoch: 180 [40000/60000 (67%)]	Loss: 0.430048
Train Epoch: 180 [60000/60000 (100%)]	Loss: 0.430258

Average Training loss: 0.0021, Training Error Rate: 79.92% (47951/60000)


Average Test loss: 0.0004, Test Error Rate: 79.77% (7977/10000)

Train Epoch: 181 [20000/60000 (33%)]	Loss: 0.423175
Train Epoch: 181 [40000/60000 (67%)]	Loss: 0.442051
Train Epoch: 181 [60000/60000 (100%)]	Loss: 0.440147

Average Training loss: 0.0021, Training Error Rate: 79.69% (47814/60000)


Average Test loss: 0.0004, Test Error Rate: 79.93% (7993/10000)

Train Epoch: 182 [20000/60000 (33%)]	Loss: 0.436760
Train Epoch: 182 [40000/60000 (67%)]	Loss: 0.412281
Train Epoch: 182 [60000/60000 (100%)]	Loss: 0.404247

Average Training loss: 0.0021, Training Error Rate: 79.92% (47954/60000)


Average Test loss: 0.0004, Test Error Rate: 79.54% (7954/10000)

Train Epoch: 183 [20000/60000 (33%)]	Loss: 0.430551
Train Epoch: 183 [40000/60000 (67%)]	Loss: 0.407525
Train Epoch: 183 [60000/60000 (100%)]	Loss: 0.446525

Average Training loss: 0.0021, Training Error Rate: 79.75% (47852/60000)


Average Test loss: 0.0004, Test Error Rate: 79.85% (7985/10000)

Train Epoch: 184 [20000/60000 (33%)]	Loss: 0.424634
Train Epoch: 184 [40000/60000 (67%)]	Loss: 0.434990
Train Epoch: 184 [60000/60000 (100%)]	Loss: 0.439915

Average Training loss: 0.0021, Training Error Rate: 79.67% (47801/60000)


Average Test loss: 0.0004, Test Error Rate: 79.54% (7954/10000)

Train Epoch: 185 [20000/60000 (33%)]	Loss: 0.407403
Train Epoch: 185 [40000/60000 (67%)]	Loss: 0.437826
Train Epoch: 185 [60000/60000 (100%)]	Loss: 0.440569

Average Training loss: 0.0021, Training Error Rate: 79.62% (47770/60000)


Average Test loss: 0.0004, Test Error Rate: 80.52% (8052/10000)

Train Epoch: 186 [20000/60000 (33%)]	Loss: 0.426791
Train Epoch: 186 [40000/60000 (67%)]	Loss: 0.441628
Train Epoch: 186 [60000/60000 (100%)]	Loss: 0.447097

Average Training loss: 0.0021, Training Error Rate: 79.51% (47708/60000)


Average Test loss: 0.0004, Test Error Rate: 79.51% (7951/10000)

Train Epoch: 187 [20000/60000 (33%)]	Loss: 0.411978
Train Epoch: 187 [40000/60000 (67%)]	Loss: 0.425105
Train Epoch: 187 [60000/60000 (100%)]	Loss: 0.429673

Average Training loss: 0.0021, Training Error Rate: 79.67% (47799/60000)


Average Test loss: 0.0004, Test Error Rate: 80.00% (8000/10000)

Train Epoch: 188 [20000/60000 (33%)]	Loss: 0.422681
