/vast/home/ajherman/miniconda3/envs/pytorch/lib/python3.11/site-packages/torchvision/io/image.py:13: UserWarning: Failed to load image Python extension: '/vast/home/ajherman/miniconda3/envs/pytorch/lib/python3.11/site-packages/torchvision/image.so: undefined symbol: _ZN5torch3jit17parseSchemaOrNameERKNSt7__cxx1112basic_stringIcSt11char_traitsIcESaIcEEE'If you don't plan on using image functionality from `torchvision.io`, you can ignore this warning. Otherwise, there might be something wrong with your environment. Did you have `libjpeg` or `libpng` installed before building `torchvision` from source?
  warn(
Random seed set as 42
dt =  0.11750309741540466
trace decay =  0.7788007830714049
Random seed set as 42
Random seed set as 42
dt =  0.11750309741540466
trace decay =  0.7788007830714049
Random seed set as 42
Train Epoch: 0 [20000/60000 (33%)]	Loss: 0.461307
Train Epoch: 0 [40000/60000 (67%)]	Loss: 0.464364
Train Epoch: 0 [60000/60000 (100%)]	Loss: 0.440916

Average Training loss: 0.0023, Training Error Rate: 85.75% (51452/60000)


Average Test loss: 0.0004, Test Error Rate: 79.51% (7951/10000)

Train Epoch: 1 [20000/60000 (33%)]	Loss: 0.440419
Train Epoch: 1 [40000/60000 (67%)]	Loss: 0.430664
Train Epoch: 1 [60000/60000 (100%)]	Loss: 0.418604

Average Training loss: 0.0022, Training Error Rate: 75.88% (45527/60000)


Average Test loss: 0.0004, Test Error Rate: 65.65% (6565/10000)

Train Epoch: 2 [20000/60000 (33%)]	Loss: 0.409887
Train Epoch: 2 [40000/60000 (67%)]	Loss: 0.410488
Train Epoch: 2 [60000/60000 (100%)]	Loss: 0.401452

Average Training loss: 0.0021, Training Error Rate: 67.18% (40309/60000)


Average Test loss: 0.0004, Test Error Rate: 61.00% (6100/10000)

Train Epoch: 3 [20000/60000 (33%)]	Loss: 0.392169
Train Epoch: 3 [40000/60000 (67%)]	Loss: 0.392884
Train Epoch: 3 [60000/60000 (100%)]	Loss: 0.395682

Average Training loss: 0.0020, Training Error Rate: 62.63% (37578/60000)


Average Test loss: 0.0004, Test Error Rate: 52.07% (5207/10000)

Train Epoch: 4 [20000/60000 (33%)]	Loss: 0.384548
Train Epoch: 4 [40000/60000 (67%)]	Loss: 0.375633
Train Epoch: 4 [60000/60000 (100%)]	Loss: 0.381736

Average Training loss: 0.0019, Training Error Rate: 56.32% (33793/60000)


Average Test loss: 0.0004, Test Error Rate: 56.50% (5650/10000)

Train Epoch: 5 [20000/60000 (33%)]	Loss: 0.371136
Train Epoch: 5 [40000/60000 (67%)]	Loss: 0.361396
Train Epoch: 5 [60000/60000 (100%)]	Loss: 0.359765

Average Training loss: 0.0019, Training Error Rate: 50.30% (30182/60000)


Average Test loss: 0.0004, Test Error Rate: 40.35% (4035/10000)

Train Epoch: 6 [20000/60000 (33%)]	Loss: 0.356703
Train Epoch: 6 [40000/60000 (67%)]	Loss: 0.359615
Train Epoch: 6 [60000/60000 (100%)]	Loss: 0.344113

Average Training loss: 0.0018, Training Error Rate: 47.25% (28352/60000)


Average Test loss: 0.0003, Test Error Rate: 43.25% (4325/10000)

Train Epoch: 7 [20000/60000 (33%)]	Loss: 0.347506
Train Epoch: 7 [40000/60000 (67%)]	Loss: 0.350924
Train Epoch: 7 [60000/60000 (100%)]	Loss: 0.332311

Average Training loss: 0.0017, Training Error Rate: 41.29% (24772/60000)


Average Test loss: 0.0003, Test Error Rate: 37.02% (3702/10000)

Train Epoch: 8 [20000/60000 (33%)]	Loss: 0.304814
Train Epoch: 8 [40000/60000 (67%)]	Loss: 0.317323
Train Epoch: 8 [60000/60000 (100%)]	Loss: 0.302325

Average Training loss: 0.0016, Training Error Rate: 33.74% (20247/60000)


Average Test loss: 0.0003, Test Error Rate: 28.95% (2895/10000)

Train Epoch: 9 [20000/60000 (33%)]	Loss: 0.294441
Train Epoch: 9 [40000/60000 (67%)]	Loss: 0.286165
Train Epoch: 9 [60000/60000 (100%)]	Loss: 0.276230

Average Training loss: 0.0015, Training Error Rate: 28.20% (16920/60000)


Average Test loss: 0.0003, Test Error Rate: 24.23% (2423/10000)

Train Epoch: 10 [20000/60000 (33%)]	Loss: 0.279377
Train Epoch: 10 [40000/60000 (67%)]	Loss: 0.271789
Train Epoch: 10 [60000/60000 (100%)]	Loss: 0.277883

Average Training loss: 0.0014, Training Error Rate: 25.39% (15231/60000)


Average Test loss: 0.0003, Test Error Rate: 23.14% (2314/10000)

Train Epoch: 11 [20000/60000 (33%)]	Loss: 0.270872
Train Epoch: 11 [40000/60000 (67%)]	Loss: 0.283944
Train Epoch: 11 [60000/60000 (100%)]	Loss: 0.244649

Average Training loss: 0.0013, Training Error Rate: 23.42% (14054/60000)


Average Test loss: 0.0003, Test Error Rate: 21.44% (2144/10000)

Train Epoch: 12 [20000/60000 (33%)]	Loss: 0.256213
Train Epoch: 12 [40000/60000 (67%)]	Loss: 0.244004
Train Epoch: 12 [60000/60000 (100%)]	Loss: 0.249810

Average Training loss: 0.0013, Training Error Rate: 21.66% (12994/60000)


Average Test loss: 0.0003, Test Error Rate: 21.41% (2141/10000)

Train Epoch: 13 [20000/60000 (33%)]	Loss: 0.240036
Train Epoch: 13 [40000/60000 (67%)]	Loss: 0.248366
Train Epoch: 13 [60000/60000 (100%)]	Loss: 0.239448

Average Training loss: 0.0012, Training Error Rate: 20.47% (12281/60000)


Average Test loss: 0.0002, Test Error Rate: 19.54% (1954/10000)

Train Epoch: 14 [20000/60000 (33%)]	Loss: 0.239560
Train Epoch: 14 [40000/60000 (67%)]	Loss: 0.232691
Train Epoch: 14 [60000/60000 (100%)]	Loss: 0.229266

Average Training loss: 0.0012, Training Error Rate: 19.26% (11556/60000)


Average Test loss: 0.0002, Test Error Rate: 18.30% (1830/10000)

Train Epoch: 15 [20000/60000 (33%)]	Loss: 0.223855
Train Epoch: 15 [40000/60000 (67%)]	Loss: 0.223010
Train Epoch: 15 [60000/60000 (100%)]	Loss: 0.220501

Average Training loss: 0.0011, Training Error Rate: 18.86% (11314/60000)


Average Test loss: 0.0002, Test Error Rate: 17.34% (1734/10000)

Train Epoch: 16 [20000/60000 (33%)]	Loss: 0.210222
Train Epoch: 16 [40000/60000 (67%)]	Loss: 0.224240
Train Epoch: 16 [60000/60000 (100%)]	Loss: 0.206042

Average Training loss: 0.0011, Training Error Rate: 17.24% (10345/60000)


Average Test loss: 0.0002, Test Error Rate: 16.13% (1613/10000)

Train Epoch: 17 [20000/60000 (33%)]	Loss: 0.209283
Train Epoch: 17 [40000/60000 (67%)]	Loss: 0.201036
Train Epoch: 17 [60000/60000 (100%)]	Loss: 0.184204

Average Training loss: 0.0010, Training Error Rate: 16.82% (10095/60000)


Average Test loss: 0.0002, Test Error Rate: 16.13% (1613/10000)

Train Epoch: 18 [20000/60000 (33%)]	Loss: 0.176762
Train Epoch: 18 [40000/60000 (67%)]	Loss: 0.200548
Train Epoch: 18 [60000/60000 (100%)]	Loss: 0.188564

Average Training loss: 0.0010, Training Error Rate: 15.92% (9554/60000)


Average Test loss: 0.0002, Test Error Rate: 15.27% (1527/10000)

Train Epoch: 19 [20000/60000 (33%)]	Loss: 0.205504
Train Epoch: 19 [40000/60000 (67%)]	Loss: 0.177864
Train Epoch: 19 [60000/60000 (100%)]	Loss: 0.173990

Average Training loss: 0.0009, Training Error Rate: 14.95% (8967/60000)


Average Test loss: 0.0002, Test Error Rate: 14.46% (1446/10000)

Train Epoch: 20 [20000/60000 (33%)]	Loss: 0.177206
Train Epoch: 20 [40000/60000 (67%)]	Loss: 0.183438
Train Epoch: 20 [60000/60000 (100%)]	Loss: 0.172996

Average Training loss: 0.0009, Training Error Rate: 14.93% (8955/60000)


Average Test loss: 0.0002, Test Error Rate: 13.54% (1354/10000)

Train Epoch: 21 [20000/60000 (33%)]	Loss: 0.172054
Train Epoch: 21 [40000/60000 (67%)]	Loss: 0.173309
Train Epoch: 21 [60000/60000 (100%)]	Loss: 0.165474

Average Training loss: 0.0009, Training Error Rate: 14.38% (8627/60000)


Average Test loss: 0.0002, Test Error Rate: 13.46% (1346/10000)

Train Epoch: 22 [20000/60000 (33%)]	Loss: 0.174293
Train Epoch: 22 [40000/60000 (67%)]	Loss: 0.175668
Train Epoch: 22 [60000/60000 (100%)]	Loss: 0.179308

Average Training loss: 0.0008, Training Error Rate: 14.43% (8655/60000)


Average Test loss: 0.0002, Test Error Rate: 13.57% (1357/10000)

Train Epoch: 23 [20000/60000 (33%)]	Loss: 0.169538
Train Epoch: 23 [40000/60000 (67%)]	Loss: 0.165850
Train Epoch: 23 [60000/60000 (100%)]	Loss: 0.147156

Average Training loss: 0.0008, Training Error Rate: 13.74% (8246/60000)


Average Test loss: 0.0002, Test Error Rate: 12.48% (1248/10000)

Train Epoch: 24 [20000/60000 (33%)]	Loss: 0.150066
Train Epoch: 24 [40000/60000 (67%)]	Loss: 0.177018
Train Epoch: 24 [60000/60000 (100%)]	Loss: 0.157844

Average Training loss: 0.0008, Training Error Rate: 13.03% (7819/60000)


Average Test loss: 0.0001, Test Error Rate: 12.53% (1253/10000)

Train Epoch: 25 [20000/60000 (33%)]	Loss: 0.159152
Train Epoch: 25 [40000/60000 (67%)]	Loss: 0.139082
Train Epoch: 25 [60000/60000 (100%)]	Loss: 0.133904

Average Training loss: 0.0007, Training Error Rate: 12.82% (7695/60000)


Average Test loss: 0.0001, Test Error Rate: 11.71% (1171/10000)

Train Epoch: 26 [20000/60000 (33%)]	Loss: 0.150134
Train Epoch: 26 [40000/60000 (67%)]	Loss: 0.132317
Train Epoch: 26 [60000/60000 (100%)]	Loss: 0.135479

Average Training loss: 0.0007, Training Error Rate: 12.32% (7395/60000)


Average Test loss: 0.0001, Test Error Rate: 11.76% (1176/10000)

Train Epoch: 27 [20000/60000 (33%)]	Loss: 0.113540
Train Epoch: 27 [40000/60000 (67%)]	Loss: 0.127426
Train Epoch: 27 [60000/60000 (100%)]	Loss: 0.141109

Average Training loss: 0.0007, Training Error Rate: 12.16% (7294/60000)


Average Test loss: 0.0001, Test Error Rate: 12.31% (1231/10000)

Train Epoch: 28 [20000/60000 (33%)]	Loss: 0.119884
Train Epoch: 28 [40000/60000 (67%)]	Loss: 0.124643
Train Epoch: 28 [60000/60000 (100%)]	Loss: 0.131858

Average Training loss: 0.0007, Training Error Rate: 12.00% (7198/60000)


Average Test loss: 0.0001, Test Error Rate: 11.76% (1176/10000)

Train Epoch: 29 [20000/60000 (33%)]	Loss: 0.144178
Train Epoch: 29 [40000/60000 (67%)]	Loss: 0.135993
Train Epoch: 29 [60000/60000 (100%)]	Loss: 0.135358

Average Training loss: 0.0007, Training Error Rate: 11.77% (7061/60000)


Average Test loss: 0.0001, Test Error Rate: 11.63% (1163/10000)

Train Epoch: 30 [20000/60000 (33%)]	Loss: 0.124599
Train Epoch: 30 [40000/60000 (67%)]	Loss: 0.129806
Train Epoch: 30 [60000/60000 (100%)]	Loss: 0.131173

Average Training loss: 0.0006, Training Error Rate: 11.63% (6981/60000)


Average Test loss: 0.0001, Test Error Rate: 11.21% (1121/10000)

slurmstepd: error: *** STEP 15491790.1973 ON cn653 CANCELLED AT 2023-10-02T20:55:05 ***
/vast/home/ajherman/miniconda3/envs/pytorch/lib/python3.11/site-packages/torchvision/io/image.py:13: UserWarning: Failed to load image Python extension: '/vast/home/ajherman/miniconda3/envs/pytorch/lib/python3.11/site-packages/torchvision/image.so: undefined symbol: _ZN5torch3jit17parseSchemaOrNameERKNSt7__cxx1112basic_stringIcSt11char_traitsIcESaIcEEE'If you don't plan on using image functionality from `torchvision.io`, you can ignore this warning. Otherwise, there might be something wrong with your environment. Did you have `libjpeg` or `libpng` installed before building `torchvision` from source?
  warn(
Random seed set as 42
dt =  0.11750309741540466
trace decay =  0.7788007830714049
Random seed set as 42
Random seed set as 42
dt =  0.11750309741540466
trace decay =  0.7788007830714049
Random seed set as 42
Train Epoch: 31 [20000/60000 (33%)]	Loss: 0.115650
Train Epoch: 31 [40000/60000 (67%)]	Loss: 0.125817
Train Epoch: 31 [60000/60000 (100%)]	Loss: 0.121279

Average Training loss: 0.0006, Training Error Rate: 11.36% (6813/60000)


Average Test loss: 0.0001, Test Error Rate: 10.67% (1067/10000)

Train Epoch: 32 [20000/60000 (33%)]	Loss: 0.119153
Train Epoch: 32 [40000/60000 (67%)]	Loss: 0.115202
Train Epoch: 32 [60000/60000 (100%)]	Loss: 0.108717

Average Training loss: 0.0006, Training Error Rate: 11.06% (6637/60000)


Average Test loss: 0.0001, Test Error Rate: 10.85% (1085/10000)

Train Epoch: 33 [20000/60000 (33%)]	Loss: 0.113152
Train Epoch: 33 [40000/60000 (67%)]	Loss: 0.093534
Train Epoch: 33 [60000/60000 (100%)]	Loss: 0.106457

Average Training loss: 0.0006, Training Error Rate: 11.01% (6607/60000)


Average Test loss: 0.0001, Test Error Rate: 10.82% (1082/10000)

Train Epoch: 34 [20000/60000 (33%)]	Loss: 0.122913
Train Epoch: 34 [40000/60000 (67%)]	Loss: 0.101015
Train Epoch: 34 [60000/60000 (100%)]	Loss: 0.116773

Average Training loss: 0.0006, Training Error Rate: 11.06% (6639/60000)


Average Test loss: 0.0001, Test Error Rate: 10.64% (1064/10000)

Train Epoch: 35 [20000/60000 (33%)]	Loss: 0.108397
Train Epoch: 35 [40000/60000 (67%)]	Loss: 0.103107
Train Epoch: 35 [60000/60000 (100%)]	Loss: 0.083953

Average Training loss: 0.0006, Training Error Rate: 10.93% (6558/60000)


Average Test loss: 0.0001, Test Error Rate: 10.46% (1046/10000)

Train Epoch: 36 [20000/60000 (33%)]	Loss: 0.115767
Train Epoch: 36 [40000/60000 (67%)]	Loss: 0.116217
Train Epoch: 36 [60000/60000 (100%)]	Loss: 0.118563

Average Training loss: 0.0005, Training Error Rate: 10.76% (6455/60000)


Average Test loss: 0.0001, Test Error Rate: 10.62% (1062/10000)

Train Epoch: 37 [20000/60000 (33%)]	Loss: 0.108458
Train Epoch: 37 [40000/60000 (67%)]	Loss: 0.096028
Train Epoch: 37 [60000/60000 (100%)]	Loss: 0.092861

Average Training loss: 0.0005, Training Error Rate: 10.70% (6419/60000)


Average Test loss: 0.0001, Test Error Rate: 10.19% (1019/10000)

Train Epoch: 38 [20000/60000 (33%)]	Loss: 0.113466
Train Epoch: 38 [40000/60000 (67%)]	Loss: 0.092428
Train Epoch: 38 [60000/60000 (100%)]	Loss: 0.097037

Average Training loss: 0.0005, Training Error Rate: 10.39% (6236/60000)


Average Test loss: 0.0001, Test Error Rate: 10.05% (1005/10000)

