/vast/home/ajherman/miniconda3/envs/pytorch/lib/python3.11/site-packages/torchvision/io/image.py:13: UserWarning: Failed to load image Python extension: '/vast/home/ajherman/miniconda3/envs/pytorch/lib/python3.11/site-packages/torchvision/image.so: undefined symbol: _ZN5torch3jit17parseSchemaOrNameERKNSt7__cxx1112basic_stringIcSt11char_traitsIcESaIcEEE'If you don't plan on using image functionality from `torchvision.io`, you can ignore this warning. Otherwise, there might be something wrong with your environment. Did you have `libjpeg` or `libpng` installed before building `torchvision` from source?
  warn(
Random seed set as 42
dt =  0.06058693718652419
trace decay =  0.7788007830714049
Random seed set as 42
Random seed set as 42
dt =  0.06058693718652419
trace decay =  0.7788007830714049
Random seed set as 42
Train Epoch: 0 [20000/60000 (33%)]	Loss: 0.453979
Train Epoch: 0 [40000/60000 (67%)]	Loss: 0.443397
Train Epoch: 0 [60000/60000 (100%)]	Loss: 0.450231

Average Training loss: 0.0023, Training Error Rate: 83.48% (50088/60000)


Average Test loss: 0.0004, Test Error Rate: 84.64% (8464/10000)

Train Epoch: 1 [20000/60000 (33%)]	Loss: 0.447608
Train Epoch: 1 [40000/60000 (67%)]	Loss: 0.447158
Train Epoch: 1 [60000/60000 (100%)]	Loss: 0.449908

Average Training loss: 0.0022, Training Error Rate: 84.32% (50592/60000)


Average Test loss: 0.0005, Test Error Rate: 85.83% (8583/10000)

Train Epoch: 2 [20000/60000 (33%)]	Loss: 0.448784
Train Epoch: 2 [40000/60000 (67%)]	Loss: 0.450748
Train Epoch: 2 [60000/60000 (100%)]	Loss: 0.450745

Average Training loss: 0.0023, Training Error Rate: 87.33% (52397/60000)


Average Test loss: 0.0005, Test Error Rate: 88.41% (8841/10000)

Train Epoch: 3 [20000/60000 (33%)]	Loss: 0.449518
Train Epoch: 3 [40000/60000 (67%)]	Loss: 0.449333
Train Epoch: 3 [60000/60000 (100%)]	Loss: 0.452504

Average Training loss: 0.0023, Training Error Rate: 86.95% (52173/60000)


Average Test loss: 0.0004, Test Error Rate: 87.89% (8789/10000)

Train Epoch: 4 [20000/60000 (33%)]	Loss: 0.451368
Train Epoch: 4 [40000/60000 (67%)]	Loss: 0.447687
Train Epoch: 4 [60000/60000 (100%)]	Loss: 0.455911

Average Training loss: 0.0022, Training Error Rate: 87.12% (52272/60000)


Average Test loss: 0.0005, Test Error Rate: 89.14% (8914/10000)

Train Epoch: 5 [20000/60000 (33%)]	Loss: 0.451325
Train Epoch: 5 [40000/60000 (67%)]	Loss: 0.447758
Train Epoch: 5 [60000/60000 (100%)]	Loss: 0.447759

Average Training loss: 0.0023, Training Error Rate: 87.68% (52609/60000)


Average Test loss: 0.0005, Test Error Rate: 88.50% (8850/10000)

Train Epoch: 6 [20000/60000 (33%)]	Loss: 0.450154
Train Epoch: 6 [40000/60000 (67%)]	Loss: 0.451449
Train Epoch: 6 [60000/60000 (100%)]	Loss: 0.450325

Average Training loss: 0.0023, Training Error Rate: 87.72% (52631/60000)


Average Test loss: 0.0004, Test Error Rate: 88.36% (8836/10000)

Train Epoch: 7 [20000/60000 (33%)]	Loss: 0.451663
Train Epoch: 7 [40000/60000 (67%)]	Loss: 0.451167
Train Epoch: 7 [60000/60000 (100%)]	Loss: 0.449893

Average Training loss: 0.0023, Training Error Rate: 87.79% (52673/60000)


Average Test loss: 0.0005, Test Error Rate: 86.65% (8665/10000)

Train Epoch: 8 [20000/60000 (33%)]	Loss: 0.450051
Train Epoch: 8 [40000/60000 (67%)]	Loss: 0.449314
Train Epoch: 8 [60000/60000 (100%)]	Loss: 0.452499

Average Training loss: 0.0023, Training Error Rate: 87.94% (52761/60000)


Average Test loss: 0.0005, Test Error Rate: 86.15% (8615/10000)

Train Epoch: 9 [20000/60000 (33%)]	Loss: 0.450528
Train Epoch: 9 [40000/60000 (67%)]	Loss: 0.450920
Train Epoch: 9 [60000/60000 (100%)]	Loss: 0.451331

Average Training loss: 0.0023, Training Error Rate: 87.98% (52789/60000)


Average Test loss: 0.0005, Test Error Rate: 88.44% (8844/10000)

Train Epoch: 10 [20000/60000 (33%)]	Loss: 0.450011
Train Epoch: 10 [40000/60000 (67%)]	Loss: 0.448049
Train Epoch: 10 [60000/60000 (100%)]	Loss: 0.454959

Average Training loss: 0.0023, Training Error Rate: 87.92% (52752/60000)


Average Test loss: 0.0005, Test Error Rate: 88.65% (8865/10000)

Train Epoch: 11 [20000/60000 (33%)]	Loss: 0.451628
Train Epoch: 11 [40000/60000 (67%)]	Loss: 0.451467
Train Epoch: 11 [60000/60000 (100%)]	Loss: 0.451587

Average Training loss: 0.0023, Training Error Rate: 88.11% (52863/60000)


Average Test loss: 0.0005, Test Error Rate: 86.26% (8626/10000)

Train Epoch: 12 [20000/60000 (33%)]	Loss: 0.448694
Train Epoch: 12 [40000/60000 (67%)]	Loss: 0.449519
Train Epoch: 12 [60000/60000 (100%)]	Loss: 0.450515

Average Training loss: 0.0023, Training Error Rate: 87.72% (52634/60000)


Average Test loss: 0.0004, Test Error Rate: 87.47% (8747/10000)

Train Epoch: 13 [20000/60000 (33%)]	Loss: 0.450281
Train Epoch: 13 [40000/60000 (67%)]	Loss: 0.451097
Train Epoch: 13 [60000/60000 (100%)]	Loss: 0.450167

Average Training loss: 0.0023, Training Error Rate: 87.70% (52619/60000)


Average Test loss: 0.0005, Test Error Rate: 88.52% (8852/10000)

Train Epoch: 14 [20000/60000 (33%)]	Loss: 0.453605
Train Epoch: 14 [40000/60000 (67%)]	Loss: 0.453732
Train Epoch: 14 [60000/60000 (100%)]	Loss: 0.449668

Average Training loss: 0.0023, Training Error Rate: 88.26% (52956/60000)


Average Test loss: 0.0005, Test Error Rate: 89.29% (8929/10000)

Train Epoch: 15 [20000/60000 (33%)]	Loss: 0.451473
Train Epoch: 15 [40000/60000 (67%)]	Loss: 0.451265
Train Epoch: 15 [60000/60000 (100%)]	Loss: 0.449684

Average Training loss: 0.0023, Training Error Rate: 88.15% (52890/60000)


Average Test loss: 0.0004, Test Error Rate: 87.87% (8787/10000)

Train Epoch: 16 [20000/60000 (33%)]	Loss: 0.450335
Train Epoch: 16 [40000/60000 (67%)]	Loss: 0.450006
Train Epoch: 16 [60000/60000 (100%)]	Loss: 0.449656

Average Training loss: 0.0023, Training Error Rate: 87.30% (52377/60000)


Average Test loss: 0.0005, Test Error Rate: 87.45% (8745/10000)

Train Epoch: 17 [20000/60000 (33%)]	Loss: 0.448194
Train Epoch: 17 [40000/60000 (67%)]	Loss: 0.450672
Train Epoch: 17 [60000/60000 (100%)]	Loss: 0.447655

Average Training loss: 0.0023, Training Error Rate: 87.68% (52608/60000)


Average Test loss: 0.0005, Test Error Rate: 87.84% (8784/10000)

Train Epoch: 18 [20000/60000 (33%)]	Loss: 0.452164
Train Epoch: 18 [40000/60000 (67%)]	Loss: 0.451122
Train Epoch: 18 [60000/60000 (100%)]	Loss: 0.450442

Average Training loss: 0.0023, Training Error Rate: 88.13% (52879/60000)


Average Test loss: 0.0005, Test Error Rate: 88.30% (8830/10000)

Train Epoch: 19 [20000/60000 (33%)]	Loss: 0.452512
Train Epoch: 19 [40000/60000 (67%)]	Loss: 0.451628
Train Epoch: 19 [60000/60000 (100%)]	Loss: 0.450166

Average Training loss: 0.0023, Training Error Rate: 88.03% (52815/60000)


Average Test loss: 0.0004, Test Error Rate: 86.99% (8699/10000)

Train Epoch: 20 [20000/60000 (33%)]	Loss: 0.451898
Train Epoch: 20 [40000/60000 (67%)]	Loss: 0.451394
Train Epoch: 20 [60000/60000 (100%)]	Loss: 0.451647

Average Training loss: 0.0023, Training Error Rate: 88.24% (52946/60000)


Average Test loss: 0.0005, Test Error Rate: 88.65% (8865/10000)

Train Epoch: 21 [20000/60000 (33%)]	Loss: 0.451725
Train Epoch: 21 [40000/60000 (67%)]	Loss: 0.451553
Train Epoch: 21 [60000/60000 (100%)]	Loss: 0.449868

Average Training loss: 0.0023, Training Error Rate: 88.29% (52975/60000)


Average Test loss: 0.0004, Test Error Rate: 88.86% (8886/10000)

Train Epoch: 22 [20000/60000 (33%)]	Loss: 0.448404
Train Epoch: 22 [40000/60000 (67%)]	Loss: 0.450075
Train Epoch: 22 [60000/60000 (100%)]	Loss: 0.451446

Average Training loss: 0.0023, Training Error Rate: 87.50% (52498/60000)


Average Test loss: 0.0005, Test Error Rate: 89.28% (8928/10000)

Train Epoch: 23 [20000/60000 (33%)]	Loss: 0.451809
Train Epoch: 23 [40000/60000 (67%)]	Loss: 0.451562
Train Epoch: 23 [60000/60000 (100%)]	Loss: 0.452440

Average Training loss: 0.0023, Training Error Rate: 88.08% (52850/60000)


Average Test loss: 0.0005, Test Error Rate: 85.75% (8575/10000)

Train Epoch: 24 [20000/60000 (33%)]	Loss: 0.451264
Train Epoch: 24 [40000/60000 (67%)]	Loss: 0.453716
Train Epoch: 24 [60000/60000 (100%)]	Loss: 0.451040

Average Training loss: 0.0023, Training Error Rate: 88.01% (52805/60000)


Average Test loss: 0.0005, Test Error Rate: 85.26% (8526/10000)

Train Epoch: 25 [20000/60000 (33%)]	Loss: 0.452041
Train Epoch: 25 [40000/60000 (67%)]	Loss: 0.445842
Train Epoch: 25 [60000/60000 (100%)]	Loss: 0.449151

Average Training loss: 0.0022, Training Error Rate: 86.63% (51976/60000)


Average Test loss: 0.0005, Test Error Rate: 89.99% (8999/10000)

Train Epoch: 26 [20000/60000 (33%)]	Loss: 0.452577
Train Epoch: 26 [40000/60000 (67%)]	Loss: 0.449606
Train Epoch: 26 [60000/60000 (100%)]	Loss: 0.450070

Average Training loss: 0.0023, Training Error Rate: 88.12% (52874/60000)


Average Test loss: 0.0004, Test Error Rate: 87.31% (8731/10000)

Train Epoch: 27 [20000/60000 (33%)]	Loss: 0.453247
Train Epoch: 27 [40000/60000 (67%)]	Loss: 0.451899
Train Epoch: 27 [60000/60000 (100%)]	Loss: 0.452259

Average Training loss: 0.0023, Training Error Rate: 88.09% (52853/60000)


Average Test loss: 0.0005, Test Error Rate: 89.31% (8931/10000)

Train Epoch: 28 [20000/60000 (33%)]	Loss: 0.450341
Train Epoch: 28 [40000/60000 (67%)]	Loss: 0.448698
Train Epoch: 28 [60000/60000 (100%)]	Loss: 0.449686

Average Training loss: 0.0023, Training Error Rate: 88.23% (52938/60000)


Average Test loss: 0.0005, Test Error Rate: 86.52% (8652/10000)

Train Epoch: 29 [20000/60000 (33%)]	Loss: 0.450586
Train Epoch: 29 [40000/60000 (67%)]	Loss: 0.448534
Train Epoch: 29 [60000/60000 (100%)]	Loss: 0.448728

Average Training loss: 0.0023, Training Error Rate: 88.16% (52894/60000)


Average Test loss: 0.0005, Test Error Rate: 89.55% (8955/10000)

