/vast/home/ajherman/miniconda3/envs/pytorch/lib/python3.11/site-packages/torchvision/io/image.py:13: UserWarning: Failed to load image Python extension: '/vast/home/ajherman/miniconda3/envs/pytorch/lib/python3.11/site-packages/torchvision/image.so: undefined symbol: _ZN5torch3jit17parseSchemaOrNameERKNSt7__cxx1112basic_stringIcSt11char_traitsIcESaIcEEE'If you don't plan on using image functionality from `torchvision.io`, you can ignore this warning. Otherwise, there might be something wrong with your environment. Did you have `libjpeg` or `libpng` installed before building `torchvision` from source?
  warn(
Random seed set as 42
dt =  0.22119921692859512
trace decay =  0.7165313105737893
Random seed set as 42
Random seed set as 42
dt =  0.22119921692859512
trace decay =  0.7165313105737893
Random seed set as 42
Train Epoch: 0 [20000/60000 (33%)]	Loss: 0.434180
Train Epoch: 0 [40000/60000 (67%)]	Loss: 0.421428
Train Epoch: 0 [60000/60000 (100%)]	Loss: 0.430313

Average Training loss: 0.0022, Training Error Rate: 78.69% (47211/60000)


Average Test loss: 0.0004, Test Error Rate: 72.92% (7292/10000)

Train Epoch: 1 [20000/60000 (33%)]	Loss: 0.414566
Train Epoch: 1 [40000/60000 (67%)]	Loss: 0.420238
Train Epoch: 1 [60000/60000 (100%)]	Loss: 0.372728

Average Training loss: 0.0020, Training Error Rate: 66.94% (40163/60000)


Average Test loss: 0.0004, Test Error Rate: 65.14% (6514/10000)

Train Epoch: 2 [20000/60000 (33%)]	Loss: 0.372208
Train Epoch: 2 [40000/60000 (67%)]	Loss: 0.358988
Train Epoch: 2 [60000/60000 (100%)]	Loss: 0.355650

Average Training loss: 0.0018, Training Error Rate: 53.02% (31809/60000)


Average Test loss: 0.0003, Test Error Rate: 43.40% (4340/10000)

Train Epoch: 3 [20000/60000 (33%)]	Loss: 0.333678
Train Epoch: 3 [40000/60000 (67%)]	Loss: 0.322678
Train Epoch: 3 [60000/60000 (100%)]	Loss: 0.329374

Average Training loss: 0.0017, Training Error Rate: 42.31% (25386/60000)


Average Test loss: 0.0003, Test Error Rate: 35.84% (3584/10000)

Train Epoch: 4 [20000/60000 (33%)]	Loss: 0.294488
Train Epoch: 4 [40000/60000 (67%)]	Loss: 0.281617
Train Epoch: 4 [60000/60000 (100%)]	Loss: 0.257334

Average Training loss: 0.0015, Training Error Rate: 33.33% (19997/60000)


Average Test loss: 0.0003, Test Error Rate: 29.05% (2905/10000)

Train Epoch: 5 [20000/60000 (33%)]	Loss: 0.265481
Train Epoch: 5 [40000/60000 (67%)]	Loss: 0.248677
Train Epoch: 5 [60000/60000 (100%)]	Loss: 0.238573

Average Training loss: 0.0013, Training Error Rate: 27.12% (16274/60000)


Average Test loss: 0.0002, Test Error Rate: 22.21% (2221/10000)

Train Epoch: 6 [20000/60000 (33%)]	Loss: 0.233509
Train Epoch: 6 [40000/60000 (67%)]	Loss: 0.219806
Train Epoch: 6 [60000/60000 (100%)]	Loss: 0.204610

Average Training loss: 0.0011, Training Error Rate: 22.91% (13746/60000)


Average Test loss: 0.0002, Test Error Rate: 19.58% (1958/10000)

Train Epoch: 7 [20000/60000 (33%)]	Loss: 0.220866
Train Epoch: 7 [40000/60000 (67%)]	Loss: 0.216783
Train Epoch: 7 [60000/60000 (100%)]	Loss: 0.185271

Average Training loss: 0.0010, Training Error Rate: 20.01% (12004/60000)


Average Test loss: 0.0002, Test Error Rate: 18.24% (1824/10000)

Train Epoch: 8 [20000/60000 (33%)]	Loss: 0.170179
Train Epoch: 8 [40000/60000 (67%)]	Loss: 0.179035
Train Epoch: 8 [60000/60000 (100%)]	Loss: 0.172391

Average Training loss: 0.0009, Training Error Rate: 17.98% (10785/60000)


Average Test loss: 0.0002, Test Error Rate: 15.67% (1567/10000)

Train Epoch: 9 [20000/60000 (33%)]	Loss: 0.181268
Train Epoch: 9 [40000/60000 (67%)]	Loss: 0.150295
Train Epoch: 9 [60000/60000 (100%)]	Loss: 0.154205

Average Training loss: 0.0008, Training Error Rate: 16.52% (9914/60000)


Average Test loss: 0.0002, Test Error Rate: 15.53% (1553/10000)

Train Epoch: 10 [20000/60000 (33%)]	Loss: 0.163421
Train Epoch: 10 [40000/60000 (67%)]	Loss: 0.155953
Train Epoch: 10 [60000/60000 (100%)]	Loss: 0.139764

Average Training loss: 0.0008, Training Error Rate: 15.11% (9063/60000)


Average Test loss: 0.0001, Test Error Rate: 13.32% (1332/10000)

Train Epoch: 11 [20000/60000 (33%)]	Loss: 0.129873
Train Epoch: 11 [40000/60000 (67%)]	Loss: 0.160803
Train Epoch: 11 [60000/60000 (100%)]	Loss: 0.144485

Average Training loss: 0.0007, Training Error Rate: 14.64% (8783/60000)


Average Test loss: 0.0001, Test Error Rate: 13.97% (1397/10000)

Train Epoch: 12 [20000/60000 (33%)]	Loss: 0.159853
Train Epoch: 12 [40000/60000 (67%)]	Loss: 0.122663
Train Epoch: 12 [60000/60000 (100%)]	Loss: 0.138395

Average Training loss: 0.0007, Training Error Rate: 13.81% (8287/60000)


Average Test loss: 0.0001, Test Error Rate: 14.16% (1416/10000)

Train Epoch: 13 [20000/60000 (33%)]	Loss: 0.120237
Train Epoch: 13 [40000/60000 (67%)]	Loss: 0.137381
Train Epoch: 13 [60000/60000 (100%)]	Loss: 0.108370

Average Training loss: 0.0006, Training Error Rate: 13.09% (7856/60000)


Average Test loss: 0.0001, Test Error Rate: 12.08% (1208/10000)

Train Epoch: 14 [20000/60000 (33%)]	Loss: 0.144226
Train Epoch: 14 [40000/60000 (67%)]	Loss: 0.131933
Train Epoch: 14 [60000/60000 (100%)]	Loss: 0.123713

Average Training loss: 0.0006, Training Error Rate: 12.72% (7630/60000)


Average Test loss: 0.0001, Test Error Rate: 11.95% (1195/10000)

Train Epoch: 15 [20000/60000 (33%)]	Loss: 0.132432
Train Epoch: 15 [40000/60000 (67%)]	Loss: 0.122006
Train Epoch: 15 [60000/60000 (100%)]	Loss: 0.120166

Average Training loss: 0.0006, Training Error Rate: 12.07% (7245/60000)


Average Test loss: 0.0001, Test Error Rate: 11.08% (1108/10000)

Train Epoch: 16 [20000/60000 (33%)]	Loss: 0.124832
Train Epoch: 16 [40000/60000 (67%)]	Loss: 0.128768
Train Epoch: 16 [60000/60000 (100%)]	Loss: 0.117465

Average Training loss: 0.0006, Training Error Rate: 11.84% (7106/60000)


Average Test loss: 0.0001, Test Error Rate: 11.32% (1132/10000)

Train Epoch: 17 [20000/60000 (33%)]	Loss: 0.121999
Train Epoch: 17 [40000/60000 (67%)]	Loss: 0.123362
Train Epoch: 17 [60000/60000 (100%)]	Loss: 0.096787

Average Training loss: 0.0005, Training Error Rate: 11.68% (7005/60000)


Average Test loss: 0.0001, Test Error Rate: 10.43% (1043/10000)

Train Epoch: 18 [20000/60000 (33%)]	Loss: 0.090260
Train Epoch: 18 [40000/60000 (67%)]	Loss: 0.121898
Train Epoch: 18 [60000/60000 (100%)]	Loss: 0.100434

Average Training loss: 0.0005, Training Error Rate: 11.34% (6805/60000)


Average Test loss: 0.0001, Test Error Rate: 10.63% (1063/10000)

Train Epoch: 19 [20000/60000 (33%)]	Loss: 0.115792
Train Epoch: 19 [40000/60000 (67%)]	Loss: 0.096140
Train Epoch: 19 [60000/60000 (100%)]	Loss: 0.087302

Average Training loss: 0.0005, Training Error Rate: 11.14% (6683/60000)


Average Test loss: 0.0001, Test Error Rate: 10.49% (1049/10000)

Train Epoch: 20 [20000/60000 (33%)]	Loss: 0.104033
Train Epoch: 20 [40000/60000 (67%)]	Loss: 0.113291
Train Epoch: 20 [60000/60000 (100%)]	Loss: 0.092878

Average Training loss: 0.0005, Training Error Rate: 10.97% (6583/60000)


Average Test loss: 0.0001, Test Error Rate: 10.72% (1072/10000)

Train Epoch: 21 [20000/60000 (33%)]	Loss: 0.099855
Train Epoch: 21 [40000/60000 (67%)]	Loss: 0.085878
Train Epoch: 21 [60000/60000 (100%)]	Loss: 0.096409

Average Training loss: 0.0005, Training Error Rate: 10.61% (6367/60000)


Average Test loss: 0.0001, Test Error Rate: 10.02% (1002/10000)

Train Epoch: 22 [20000/60000 (33%)]	Loss: 0.101059
Train Epoch: 22 [40000/60000 (67%)]	Loss: 0.113994
Train Epoch: 22 [60000/60000 (100%)]	Loss: 0.094808

Average Training loss: 0.0005, Training Error Rate: 10.66% (6398/60000)


Average Test loss: 0.0001, Test Error Rate: 9.99% (999/10000)

Train Epoch: 23 [20000/60000 (33%)]	Loss: 0.098170
Train Epoch: 23 [40000/60000 (67%)]	Loss: 0.105797
Train Epoch: 23 [60000/60000 (100%)]	Loss: 0.099657

Average Training loss: 0.0005, Training Error Rate: 10.17% (6103/60000)


Average Test loss: 0.0001, Test Error Rate: 10.26% (1026/10000)

Train Epoch: 24 [20000/60000 (33%)]	Loss: 0.084539
Train Epoch: 24 [40000/60000 (67%)]	Loss: 0.099182
Train Epoch: 24 [60000/60000 (100%)]	Loss: 0.093795

Average Training loss: 0.0005, Training Error Rate: 9.99% (5995/60000)


Average Test loss: 0.0001, Test Error Rate: 9.87% (987/10000)

Train Epoch: 25 [20000/60000 (33%)]	Loss: 0.099529
Train Epoch: 25 [40000/60000 (67%)]	Loss: 0.080042
Train Epoch: 25 [60000/60000 (100%)]	Loss: 0.098130

Average Training loss: 0.0005, Training Error Rate: 10.06% (6034/60000)


Average Test loss: 0.0001, Test Error Rate: 10.04% (1004/10000)

Train Epoch: 26 [20000/60000 (33%)]	Loss: 0.099625
Train Epoch: 26 [40000/60000 (67%)]	Loss: 0.100184
Train Epoch: 26 [60000/60000 (100%)]	Loss: 0.088380

Average Training loss: 0.0005, Training Error Rate: 10.20% (6118/60000)


Average Test loss: 0.0001, Test Error Rate: 9.80% (980/10000)

Train Epoch: 27 [20000/60000 (33%)]	Loss: 0.075375
Train Epoch: 27 [40000/60000 (67%)]	Loss: 0.094385
Train Epoch: 27 [60000/60000 (100%)]	Loss: 0.099346

Average Training loss: 0.0004, Training Error Rate: 10.15% (6089/60000)


Average Test loss: 0.0001, Test Error Rate: 9.62% (962/10000)

Train Epoch: 28 [20000/60000 (33%)]	Loss: 0.091447
Train Epoch: 28 [40000/60000 (67%)]	Loss: 0.081796
Train Epoch: 28 [60000/60000 (100%)]	Loss: 0.095769

Average Training loss: 0.0004, Training Error Rate: 9.86% (5918/60000)


Average Test loss: 0.0001, Test Error Rate: 9.51% (951/10000)

Train Epoch: 29 [20000/60000 (33%)]	Loss: 0.103346
Train Epoch: 29 [40000/60000 (67%)]	Loss: 0.093104
Train Epoch: 29 [60000/60000 (100%)]	Loss: 0.092645

Average Training loss: 0.0004, Training Error Rate: 9.62% (5774/60000)


Average Test loss: 0.0001, Test Error Rate: 9.10% (910/10000)

Train Epoch: 30 [20000/60000 (33%)]	Loss: 0.087162
Train Epoch: 30 [40000/60000 (67%)]	Loss: 0.090328
Train Epoch: 30 [60000/60000 (100%)]	Loss: 0.082905

Average Training loss: 0.0004, Training Error Rate: 9.61% (5768/60000)


Average Test loss: 0.0001, Test Error Rate: 8.95% (895/10000)

slurmstepd: error: *** STEP 15491790.1972 ON cn653 CANCELLED AT 2023-10-02T20:55:05 ***
