/vast/home/ajherman/miniconda3/envs/pytorch/lib/python3.11/site-packages/torchvision/io/image.py:13: UserWarning: Failed to load image Python extension: '/vast/home/ajherman/miniconda3/envs/pytorch/lib/python3.11/site-packages/torchvision/image.so: undefined symbol: _ZN5torch3jit17parseSchemaOrNameERKNSt7__cxx1112basic_stringIcSt11char_traitsIcESaIcEEE'If you don't plan on using image functionality from `torchvision.io`, you can ignore this warning. Otherwise, there might be something wrong with your environment. Did you have `libjpeg` or `libpng` installed before building `torchvision` from source?
  warn(
Random seed set as 42
dt =  0.06058693718652419
trace decay =  0.3678794411714424
Random seed set as 42
Random seed set as 42
dt =  0.06058693718652419
trace decay =  0.3678794411714424
Random seed set as 42
Train Epoch: 0 [20000/60000 (33%)]	Loss: 0.463287
Train Epoch: 0 [40000/60000 (67%)]	Loss: 0.464791
Train Epoch: 0 [60000/60000 (100%)]	Loss: 0.432838

Average Training loss: 0.0023, Training Error Rate: 81.06% (48636/60000)


Average Test loss: 0.0004, Test Error Rate: 72.10% (7210/10000)

Train Epoch: 1 [20000/60000 (33%)]	Loss: 0.435200
Train Epoch: 1 [40000/60000 (67%)]	Loss: 0.413534
Train Epoch: 1 [60000/60000 (100%)]	Loss: 0.419890

Average Training loss: 0.0021, Training Error Rate: 72.74% (43642/60000)


Average Test loss: 0.0004, Test Error Rate: 73.27% (7327/10000)

Train Epoch: 2 [20000/60000 (33%)]	Loss: 0.418040
Train Epoch: 2 [40000/60000 (67%)]	Loss: 0.417794
Train Epoch: 2 [60000/60000 (100%)]	Loss: 0.422359

Average Training loss: 0.0021, Training Error Rate: 70.22% (42135/60000)


Average Test loss: 0.0004, Test Error Rate: 66.42% (6642/10000)

Train Epoch: 3 [20000/60000 (33%)]	Loss: 0.425278
Train Epoch: 3 [40000/60000 (67%)]	Loss: 0.425649
Train Epoch: 3 [60000/60000 (100%)]	Loss: 0.436485

Average Training loss: 0.0021, Training Error Rate: 72.12% (43272/60000)


Average Test loss: 0.0004, Test Error Rate: 77.55% (7755/10000)

Train Epoch: 4 [20000/60000 (33%)]	Loss: 0.428850
Train Epoch: 4 [40000/60000 (67%)]	Loss: 0.427036
Train Epoch: 4 [60000/60000 (100%)]	Loss: 0.434498

Average Training loss: 0.0021, Training Error Rate: 72.21% (43325/60000)


Average Test loss: 0.0004, Test Error Rate: 79.51% (7951/10000)

Train Epoch: 5 [20000/60000 (33%)]	Loss: 0.433220
Train Epoch: 5 [40000/60000 (67%)]	Loss: 0.431500
Train Epoch: 5 [60000/60000 (100%)]	Loss: 0.440831

Average Training loss: 0.0022, Training Error Rate: 75.16% (45096/60000)


Average Test loss: 0.0004, Test Error Rate: 81.76% (8176/10000)

Train Epoch: 6 [20000/60000 (33%)]	Loss: 0.438973
Train Epoch: 6 [40000/60000 (67%)]	Loss: 0.438734
Train Epoch: 6 [60000/60000 (100%)]	Loss: 0.432848

Average Training loss: 0.0022, Training Error Rate: 78.75% (47247/60000)


Average Test loss: 0.0004, Test Error Rate: 71.96% (7196/10000)

Train Epoch: 7 [20000/60000 (33%)]	Loss: 0.438527
Train Epoch: 7 [40000/60000 (67%)]	Loss: 0.440565
Train Epoch: 7 [60000/60000 (100%)]	Loss: 0.442593

Average Training loss: 0.0022, Training Error Rate: 78.95% (47369/60000)


Average Test loss: 0.0004, Test Error Rate: 76.83% (7683/10000)

Train Epoch: 8 [20000/60000 (33%)]	Loss: 0.440450
Train Epoch: 8 [40000/60000 (67%)]	Loss: 0.441812
Train Epoch: 8 [60000/60000 (100%)]	Loss: 0.445077

Average Training loss: 0.0022, Training Error Rate: 80.45% (48272/60000)


Average Test loss: 0.0004, Test Error Rate: 80.89% (8089/10000)

Train Epoch: 9 [20000/60000 (33%)]	Loss: 0.445303
Train Epoch: 9 [40000/60000 (67%)]	Loss: 0.442276
Train Epoch: 9 [60000/60000 (100%)]	Loss: 0.442026

Average Training loss: 0.0022, Training Error Rate: 81.19% (48715/60000)


Average Test loss: 0.0004, Test Error Rate: 75.03% (7503/10000)

Train Epoch: 10 [20000/60000 (33%)]	Loss: 0.442544
Train Epoch: 10 [40000/60000 (67%)]	Loss: 0.439042
Train Epoch: 10 [60000/60000 (100%)]	Loss: 0.446476

Average Training loss: 0.0022, Training Error Rate: 81.89% (49131/60000)


Average Test loss: 0.0004, Test Error Rate: 85.51% (8551/10000)

Train Epoch: 11 [20000/60000 (33%)]	Loss: 0.445207
Train Epoch: 11 [40000/60000 (67%)]	Loss: 0.446502
Train Epoch: 11 [60000/60000 (100%)]	Loss: 0.443175

Average Training loss: 0.0022, Training Error Rate: 82.66% (49594/60000)


Average Test loss: 0.0004, Test Error Rate: 78.57% (7857/10000)

Train Epoch: 12 [20000/60000 (33%)]	Loss: 0.440951
Train Epoch: 12 [40000/60000 (67%)]	Loss: 0.444427
Train Epoch: 12 [60000/60000 (100%)]	Loss: 0.443036

Average Training loss: 0.0022, Training Error Rate: 82.96% (49774/60000)


Average Test loss: 0.0004, Test Error Rate: 81.12% (8112/10000)

Train Epoch: 13 [20000/60000 (33%)]	Loss: 0.446446
Train Epoch: 13 [40000/60000 (67%)]	Loss: 0.445691
Train Epoch: 13 [60000/60000 (100%)]	Loss: 0.442393

Average Training loss: 0.0022, Training Error Rate: 82.58% (49551/60000)


Average Test loss: 0.0004, Test Error Rate: 80.87% (8087/10000)

Train Epoch: 14 [20000/60000 (33%)]	Loss: 0.452834
Train Epoch: 14 [40000/60000 (67%)]	Loss: 0.446114
Train Epoch: 14 [60000/60000 (100%)]	Loss: 0.441243

Average Training loss: 0.0022, Training Error Rate: 82.79% (49672/60000)


Average Test loss: 0.0004, Test Error Rate: 83.28% (8328/10000)

Train Epoch: 15 [20000/60000 (33%)]	Loss: 0.447732
Train Epoch: 15 [40000/60000 (67%)]	Loss: 0.443823
Train Epoch: 15 [60000/60000 (100%)]	Loss: 0.448361

Average Training loss: 0.0022, Training Error Rate: 83.31% (49987/60000)


Average Test loss: 0.0004, Test Error Rate: 82.38% (8238/10000)

Train Epoch: 16 [20000/60000 (33%)]	Loss: 0.446545
Train Epoch: 16 [40000/60000 (67%)]	Loss: 0.444490
Train Epoch: 16 [60000/60000 (100%)]	Loss: 0.443136

Average Training loss: 0.0022, Training Error Rate: 83.31% (49987/60000)


Average Test loss: 0.0004, Test Error Rate: 84.21% (8421/10000)

Train Epoch: 17 [20000/60000 (33%)]	Loss: 0.441345
Train Epoch: 17 [40000/60000 (67%)]	Loss: 0.448074
Train Epoch: 17 [60000/60000 (100%)]	Loss: 0.442560

Average Training loss: 0.0022, Training Error Rate: 83.49% (50093/60000)


Average Test loss: 0.0004, Test Error Rate: 85.14% (8514/10000)

Train Epoch: 18 [20000/60000 (33%)]	Loss: 0.448002
Train Epoch: 18 [40000/60000 (67%)]	Loss: 0.447486
Train Epoch: 18 [60000/60000 (100%)]	Loss: 0.447450

Average Training loss: 0.0022, Training Error Rate: 84.37% (50621/60000)


Average Test loss: 0.0004, Test Error Rate: 88.05% (8805/10000)

Train Epoch: 19 [20000/60000 (33%)]	Loss: 0.452199
Train Epoch: 19 [40000/60000 (67%)]	Loss: 0.446995
Train Epoch: 19 [60000/60000 (100%)]	Loss: 0.444851

Average Training loss: 0.0022, Training Error Rate: 84.63% (50776/60000)


Average Test loss: 0.0004, Test Error Rate: 86.19% (8619/10000)

Train Epoch: 20 [20000/60000 (33%)]	Loss: 0.452291
Train Epoch: 20 [40000/60000 (67%)]	Loss: 0.453463
Train Epoch: 20 [60000/60000 (100%)]	Loss: 0.452282

Average Training loss: 0.0022, Training Error Rate: 85.03% (51016/60000)


Average Test loss: 0.0004, Test Error Rate: 85.54% (8554/10000)

Train Epoch: 21 [20000/60000 (33%)]	Loss: 0.450658
Train Epoch: 21 [40000/60000 (67%)]	Loss: 0.446360
Train Epoch: 21 [60000/60000 (100%)]	Loss: 0.443884

Average Training loss: 0.0022, Training Error Rate: 85.25% (51151/60000)


Average Test loss: 0.0004, Test Error Rate: 87.43% (8743/10000)

Train Epoch: 22 [20000/60000 (33%)]	Loss: 0.444611
Train Epoch: 22 [40000/60000 (67%)]	Loss: 0.446161
Train Epoch: 22 [60000/60000 (100%)]	Loss: 0.450426

Average Training loss: 0.0022, Training Error Rate: 84.53% (50721/60000)


Average Test loss: 0.0004, Test Error Rate: 87.48% (8748/10000)

Train Epoch: 23 [20000/60000 (33%)]	Loss: 0.448265
Train Epoch: 23 [40000/60000 (67%)]	Loss: 0.446132
Train Epoch: 23 [60000/60000 (100%)]	Loss: 0.454216

Average Training loss: 0.0022, Training Error Rate: 85.26% (51158/60000)


Average Test loss: 0.0005, Test Error Rate: 83.71% (8371/10000)

Train Epoch: 24 [20000/60000 (33%)]	Loss: 0.450328
Train Epoch: 24 [40000/60000 (67%)]	Loss: 0.453283
Train Epoch: 24 [60000/60000 (100%)]	Loss: 0.445837

Average Training loss: 0.0022, Training Error Rate: 85.66% (51396/60000)


Average Test loss: 0.0004, Test Error Rate: 87.02% (8702/10000)

Train Epoch: 25 [20000/60000 (33%)]	Loss: 0.452270
Train Epoch: 25 [40000/60000 (67%)]	Loss: 0.444713
Train Epoch: 25 [60000/60000 (100%)]	Loss: 0.448715

Average Training loss: 0.0022, Training Error Rate: 85.01% (51006/60000)


Average Test loss: 0.0004, Test Error Rate: 87.34% (8734/10000)

Train Epoch: 26 [20000/60000 (33%)]	Loss: 0.452157
Train Epoch: 26 [40000/60000 (67%)]	Loss: 0.449488
Train Epoch: 26 [60000/60000 (100%)]	Loss: 0.446452

Average Training loss: 0.0022, Training Error Rate: 85.68% (51407/60000)


Average Test loss: 0.0004, Test Error Rate: 83.11% (8311/10000)

Train Epoch: 27 [20000/60000 (33%)]	Loss: 0.451482
Train Epoch: 27 [40000/60000 (67%)]	Loss: 0.456318
Train Epoch: 27 [60000/60000 (100%)]	Loss: 0.449285

Average Training loss: 0.0022, Training Error Rate: 85.77% (51462/60000)


Average Test loss: 0.0005, Test Error Rate: 86.16% (8616/10000)

Train Epoch: 28 [20000/60000 (33%)]	Loss: 0.449365
Train Epoch: 28 [40000/60000 (67%)]	Loss: 0.443940
Train Epoch: 28 [60000/60000 (100%)]	Loss: 0.443952

Average Training loss: 0.0022, Training Error Rate: 85.75% (51451/60000)


Average Test loss: 0.0004, Test Error Rate: 82.55% (8255/10000)

Train Epoch: 29 [20000/60000 (33%)]	Loss: 0.450928
Train Epoch: 29 [40000/60000 (67%)]	Loss: 0.445733
Train Epoch: 29 [60000/60000 (100%)]	Loss: 0.446318

Average Training loss: 0.0022, Training Error Rate: 85.51% (51306/60000)


Average Test loss: 0.0004, Test Error Rate: 82.00% (8200/10000)

Train Epoch: 30 [20000/60000 (33%)]	Loss: 0.445365
