/vast/home/ajherman/miniconda3/envs/pytorch/lib/python3.11/site-packages/torchvision/io/image.py:13: UserWarning: Failed to load image Python extension: '/vast/home/ajherman/miniconda3/envs/pytorch/lib/python3.11/site-packages/torchvision/image.so: undefined symbol: _ZN5torch3jit17parseSchemaOrNameERKNSt7__cxx1112basic_stringIcSt11char_traitsIcESaIcEEE'If you don't plan on using image functionality from `torchvision.io`, you can ignore this warning. Otherwise, there might be something wrong with your environment. Did you have `libjpeg` or `libpng` installed before building `torchvision` from source?
  warn(
Random seed set as 42
dt =  0.22119921692859512
trace decay =  0.7165313105737893
Random seed set as 42
Random seed set as 42
dt =  0.22119921692859512
trace decay =  0.7165313105737893
Random seed set as 42
Train Epoch: 0 [20000/60000 (33%)]	Loss: 0.350352
Train Epoch: 0 [40000/60000 (67%)]	Loss: 0.265541
Train Epoch: 0 [60000/60000 (100%)]	Loss: 0.244444

Average Training loss: 0.0016, Training Error Rate: 41.67% (25002/60000)


Average Test loss: 0.0002, Test Error Rate: 28.22% (2822/10000)

Train Epoch: 1 [20000/60000 (33%)]	Loss: 0.225082
Train Epoch: 1 [40000/60000 (67%)]	Loss: 0.206342
Train Epoch: 1 [60000/60000 (100%)]	Loss: 0.200899

Average Training loss: 0.0011, Training Error Rate: 21.99% (13193/60000)


Average Test loss: 0.0002, Test Error Rate: 20.10% (2010/10000)

Train Epoch: 2 [20000/60000 (33%)]	Loss: 0.183794
Train Epoch: 2 [40000/60000 (67%)]	Loss: 0.180919
Train Epoch: 2 [60000/60000 (100%)]	Loss: 0.189360

Average Training loss: 0.0009, Training Error Rate: 18.61% (11164/60000)


Average Test loss: 0.0002, Test Error Rate: 15.55% (1555/10000)

Train Epoch: 3 [20000/60000 (33%)]	Loss: 0.167539
Train Epoch: 3 [40000/60000 (67%)]	Loss: 0.173553
Train Epoch: 3 [60000/60000 (100%)]	Loss: 0.166345

Average Training loss: 0.0008, Training Error Rate: 16.20% (9720/60000)


Average Test loss: 0.0002, Test Error Rate: 14.58% (1458/10000)

Train Epoch: 4 [20000/60000 (33%)]	Loss: 0.159941
Train Epoch: 4 [40000/60000 (67%)]	Loss: 0.155472
Train Epoch: 4 [60000/60000 (100%)]	Loss: 0.133491

Average Training loss: 0.0008, Training Error Rate: 15.01% (9006/60000)


Average Test loss: 0.0001, Test Error Rate: 13.10% (1310/10000)

Train Epoch: 5 [20000/60000 (33%)]	Loss: 0.146528
Train Epoch: 5 [40000/60000 (67%)]	Loss: 0.137779
Train Epoch: 5 [60000/60000 (100%)]	Loss: 0.152528

Average Training loss: 0.0007, Training Error Rate: 14.31% (8586/60000)


Average Test loss: 0.0001, Test Error Rate: 12.65% (1265/10000)

Train Epoch: 6 [20000/60000 (33%)]	Loss: 0.155403
Train Epoch: 6 [40000/60000 (67%)]	Loss: 0.134707
Train Epoch: 6 [60000/60000 (100%)]	Loss: 0.120838

Average Training loss: 0.0007, Training Error Rate: 13.84% (8303/60000)


Average Test loss: 0.0001, Test Error Rate: 13.45% (1345/10000)

Train Epoch: 7 [20000/60000 (33%)]	Loss: 0.145169
Train Epoch: 7 [40000/60000 (67%)]	Loss: 0.146722
Train Epoch: 7 [60000/60000 (100%)]	Loss: 0.125223

Average Training loss: 0.0006, Training Error Rate: 13.10% (7858/60000)


Average Test loss: 0.0001, Test Error Rate: 11.77% (1177/10000)

Train Epoch: 8 [20000/60000 (33%)]	Loss: 0.116608
Train Epoch: 8 [40000/60000 (67%)]	Loss: 0.137498
Train Epoch: 8 [60000/60000 (100%)]	Loss: 0.124421

Average Training loss: 0.0006, Training Error Rate: 12.70% (7621/60000)


Average Test loss: 0.0001, Test Error Rate: 12.59% (1259/10000)

Train Epoch: 9 [20000/60000 (33%)]	Loss: 0.124320
Train Epoch: 9 [40000/60000 (67%)]	Loss: 0.116780
Train Epoch: 9 [60000/60000 (100%)]	Loss: 0.112700

Average Training loss: 0.0006, Training Error Rate: 12.52% (7513/60000)


Average Test loss: 0.0001, Test Error Rate: 11.23% (1123/10000)

Train Epoch: 10 [20000/60000 (33%)]	Loss: 0.128029
Train Epoch: 10 [40000/60000 (67%)]	Loss: 0.116980
Train Epoch: 10 [60000/60000 (100%)]	Loss: 0.116343

Average Training loss: 0.0006, Training Error Rate: 11.85% (7111/60000)


Average Test loss: 0.0001, Test Error Rate: 10.74% (1074/10000)

Train Epoch: 11 [20000/60000 (33%)]	Loss: 0.095874
Train Epoch: 11 [40000/60000 (67%)]	Loss: 0.137229
Train Epoch: 11 [60000/60000 (100%)]	Loss: 0.111835

Average Training loss: 0.0006, Training Error Rate: 11.70% (7018/60000)


Average Test loss: 0.0001, Test Error Rate: 11.04% (1104/10000)

Train Epoch: 12 [20000/60000 (33%)]	Loss: 0.131157
Train Epoch: 12 [40000/60000 (67%)]	Loss: 0.103927
Train Epoch: 12 [60000/60000 (100%)]	Loss: 0.108436

Average Training loss: 0.0006, Training Error Rate: 11.52% (6910/60000)


Average Test loss: 0.0001, Test Error Rate: 11.13% (1113/10000)

Train Epoch: 13 [20000/60000 (33%)]	Loss: 0.104876
Train Epoch: 13 [40000/60000 (67%)]	Loss: 0.126163
Train Epoch: 13 [60000/60000 (100%)]	Loss: 0.099507

Average Training loss: 0.0006, Training Error Rate: 11.17% (6703/60000)


Average Test loss: 0.0001, Test Error Rate: 10.41% (1041/10000)

slurmstepd: error: *** STEP 15492314.175 ON cn441 CANCELLED AT 2023-10-03T10:57:22 ***
/vast/home/ajherman/miniconda3/envs/pytorch/lib/python3.11/site-packages/torchvision/io/image.py:13: UserWarning: Failed to load image Python extension: '/vast/home/ajherman/miniconda3/envs/pytorch/lib/python3.11/site-packages/torchvision/image.so: undefined symbol: _ZN5torch3jit17parseSchemaOrNameERKNSt7__cxx1112basic_stringIcSt11char_traitsIcESaIcEEE'If you don't plan on using image functionality from `torchvision.io`, you can ignore this warning. Otherwise, there might be something wrong with your environment. Did you have `libjpeg` or `libpng` installed before building `torchvision` from source?
  warn(
Random seed set as 42
dt =  0.22119921692859512
trace decay =  0.7165313105737893
Random seed set as 42
Random seed set as 42
dt =  0.22119921692859512
trace decay =  0.7165313105737893
Random seed set as 42
Train Epoch: 14 [20000/60000 (33%)]	Loss: 0.105456
Train Epoch: 14 [40000/60000 (67%)]	Loss: 0.094383
Train Epoch: 14 [60000/60000 (100%)]	Loss: 0.110034

Average Training loss: 0.0005, Training Error Rate: 10.73% (6441/60000)


Average Test loss: 0.0001, Test Error Rate: 10.07% (1007/10000)

Train Epoch: 15 [20000/60000 (33%)]	Loss: 0.103788
Train Epoch: 15 [40000/60000 (67%)]	Loss: 0.098198
Train Epoch: 15 [60000/60000 (100%)]	Loss: 0.093985

Average Training loss: 0.0005, Training Error Rate: 10.66% (6394/60000)


Average Test loss: 0.0001, Test Error Rate: 9.80% (980/10000)

Train Epoch: 16 [20000/60000 (33%)]	Loss: 0.108263
Train Epoch: 16 [40000/60000 (67%)]	Loss: 0.086834
Train Epoch: 16 [60000/60000 (100%)]	Loss: 0.102969

Average Training loss: 0.0005, Training Error Rate: 10.63% (6376/60000)


Average Test loss: 0.0001, Test Error Rate: 9.73% (973/10000)

Train Epoch: 17 [20000/60000 (33%)]	Loss: 0.112533
Train Epoch: 17 [40000/60000 (67%)]	Loss: 0.097483
Train Epoch: 17 [60000/60000 (100%)]	Loss: 0.102804

Average Training loss: 0.0005, Training Error Rate: 10.55% (6329/60000)


Average Test loss: 0.0001, Test Error Rate: 9.49% (949/10000)

Train Epoch: 18 [20000/60000 (33%)]	Loss: 0.098861
Train Epoch: 18 [40000/60000 (67%)]	Loss: 0.089336
Train Epoch: 18 [60000/60000 (100%)]	Loss: 0.085511

Average Training loss: 0.0005, Training Error Rate: 10.37% (6222/60000)


Average Test loss: 0.0001, Test Error Rate: 9.68% (968/10000)

Train Epoch: 19 [20000/60000 (33%)]	Loss: 0.095738
Train Epoch: 19 [40000/60000 (67%)]	Loss: 0.104081
Train Epoch: 19 [60000/60000 (100%)]	Loss: 0.108411

Average Training loss: 0.0005, Training Error Rate: 10.22% (6133/60000)


Average Test loss: 0.0001, Test Error Rate: 9.73% (973/10000)

Train Epoch: 20 [20000/60000 (33%)]	Loss: 0.097216
Train Epoch: 20 [40000/60000 (67%)]	Loss: 0.077374
Train Epoch: 20 [60000/60000 (100%)]	Loss: 0.086926

Average Training loss: 0.0005, Training Error Rate: 9.89% (5936/60000)


Average Test loss: 0.0001, Test Error Rate: 9.52% (952/10000)

Train Epoch: 21 [20000/60000 (33%)]	Loss: 0.105140
Train Epoch: 21 [40000/60000 (67%)]	Loss: 0.082953
Train Epoch: 21 [60000/60000 (100%)]	Loss: 0.096564

Average Training loss: 0.0005, Training Error Rate: 9.92% (5953/60000)


Average Test loss: 0.0001, Test Error Rate: 9.52% (952/10000)

Train Epoch: 22 [20000/60000 (33%)]	Loss: 0.092793
Train Epoch: 22 [40000/60000 (67%)]	Loss: 0.090636
Train Epoch: 22 [60000/60000 (100%)]	Loss: 0.091307

Average Training loss: 0.0005, Training Error Rate: 9.77% (5863/60000)


Average Test loss: 0.0001, Test Error Rate: 9.34% (934/10000)

Train Epoch: 23 [20000/60000 (33%)]	Loss: 0.103762
Train Epoch: 23 [40000/60000 (67%)]	Loss: 0.093864
slurmstepd: error: *** STEP 15492341.228 ON cn652 CANCELLED AT 2023-10-03T11:17:53 ***
/vast/home/ajherman/miniconda3/envs/pytorch/lib/python3.11/site-packages/torchvision/io/image.py:13: UserWarning: Failed to load image Python extension: '/vast/home/ajherman/miniconda3/envs/pytorch/lib/python3.11/site-packages/torchvision/image.so: undefined symbol: _ZN5torch3jit17parseSchemaOrNameERKNSt7__cxx1112basic_stringIcSt11char_traitsIcESaIcEEE'If you don't plan on using image functionality from `torchvision.io`, you can ignore this warning. Otherwise, there might be something wrong with your environment. Did you have `libjpeg` or `libpng` installed before building `torchvision` from source?
  warn(
Random seed set as 42
dt =  0.22119921692859512
trace decay =  0.7165313105737893
Random seed set as 42
Random seed set as 42
dt =  0.22119921692859512
trace decay =  0.7165313105737893
Random seed set as 42
Train Epoch: 23 [20000/60000 (33%)]	Loss: 0.094562
Train Epoch: 23 [40000/60000 (67%)]	Loss: 0.089903
Train Epoch: 23 [60000/60000 (100%)]	Loss: 0.088124

Average Training loss: 0.0005, Training Error Rate: 9.43% (5655/60000)


Average Test loss: 0.0001, Test Error Rate: 9.03% (903/10000)

Train Epoch: 24 [20000/60000 (33%)]	Loss: 0.099705
Train Epoch: 24 [40000/60000 (67%)]	Loss: 0.091117
Train Epoch: 24 [60000/60000 (100%)]	Loss: 0.079172

Average Training loss: 0.0005, Training Error Rate: 9.50% (5700/60000)


Average Test loss: 0.0001, Test Error Rate: 9.07% (907/10000)

Train Epoch: 25 [20000/60000 (33%)]	Loss: 0.086848
Train Epoch: 25 [40000/60000 (67%)]	Loss: 0.066215
Train Epoch: 25 [60000/60000 (100%)]	Loss: 0.088829

Average Training loss: 0.0004, Training Error Rate: 9.23% (5540/60000)


Average Test loss: 0.0001, Test Error Rate: 8.71% (871/10000)

Train Epoch: 26 [20000/60000 (33%)]	Loss: 0.099398
Train Epoch: 26 [40000/60000 (67%)]	Loss: 0.088785
Train Epoch: 26 [60000/60000 (100%)]	Loss: 0.089533

Average Training loss: 0.0004, Training Error Rate: 9.17% (5502/60000)


Average Test loss: 0.0001, Test Error Rate: 9.25% (925/10000)

Train Epoch: 27 [20000/60000 (33%)]	Loss: 0.083502
Train Epoch: 27 [40000/60000 (67%)]	Loss: 0.074401
Train Epoch: 27 [60000/60000 (100%)]	Loss: 0.064369

Average Training loss: 0.0004, Training Error Rate: 8.98% (5388/60000)


Average Test loss: 0.0001, Test Error Rate: 8.89% (889/10000)

Train Epoch: 28 [20000/60000 (33%)]	Loss: 0.081244
Train Epoch: 28 [40000/60000 (67%)]	Loss: 0.084425
Train Epoch: 28 [60000/60000 (100%)]	Loss: 0.093268

Average Training loss: 0.0004, Training Error Rate: 8.76% (5258/60000)


Average Test loss: 0.0001, Test Error Rate: 8.42% (842/10000)

Train Epoch: 29 [20000/60000 (33%)]	Loss: 0.088191
Train Epoch: 29 [40000/60000 (67%)]	Loss: 0.077105
Train Epoch: 29 [60000/60000 (100%)]	Loss: 0.063639

Average Training loss: 0.0004, Training Error Rate: 8.82% (5295/60000)


Average Test loss: 0.0001, Test Error Rate: 8.41% (841/10000)

Train Epoch: 30 [20000/60000 (33%)]	Loss: 0.089998
Train Epoch: 30 [40000/60000 (67%)]	Loss: 0.074527
Train Epoch: 30 [60000/60000 (100%)]	Loss: 0.091425

Average Training loss: 0.0004, Training Error Rate: 8.96% (5379/60000)


Average Test loss: 0.0001, Test Error Rate: 9.11% (911/10000)

Train Epoch: 31 [20000/60000 (33%)]	Loss: 0.074872
Train Epoch: 31 [40000/60000 (67%)]	Loss: 0.072130
Train Epoch: 31 [60000/60000 (100%)]	Loss: 0.083892

Average Training loss: 0.0004, Training Error Rate: 9.02% (5409/60000)


Average Test loss: 0.0001, Test Error Rate: 8.63% (863/10000)

Train Epoch: 32 [20000/60000 (33%)]	Loss: 0.090450
Train Epoch: 32 [40000/60000 (67%)]	Loss: 0.082155
Train Epoch: 32 [60000/60000 (100%)]	Loss: 0.072172

Average Training loss: 0.0004, Training Error Rate: 8.86% (5315/60000)


Average Test loss: 0.0001, Test Error Rate: 8.72% (872/10000)

Train Epoch: 33 [20000/60000 (33%)]	Loss: 0.075220
Train Epoch: 33 [40000/60000 (67%)]	Loss: 0.091474
Train Epoch: 33 [60000/60000 (100%)]	Loss: 0.097290

Average Training loss: 0.0004, Training Error Rate: 8.79% (5273/60000)


Average Test loss: 0.0001, Test Error Rate: 8.26% (826/10000)

Train Epoch: 34 [20000/60000 (33%)]	Loss: 0.085749
Train Epoch: 34 [40000/60000 (67%)]	Loss: 0.076068
Train Epoch: 34 [60000/60000 (100%)]	Loss: 0.066299

Average Training loss: 0.0004, Training Error Rate: 8.57% (5141/60000)


Average Test loss: 0.0001, Test Error Rate: 8.32% (832/10000)

Train Epoch: 35 [20000/60000 (33%)]	Loss: 0.083708
Train Epoch: 35 [40000/60000 (67%)]	Loss: 0.104823
Train Epoch: 35 [60000/60000 (100%)]	Loss: 0.092732

Average Training loss: 0.0004, Training Error Rate: 8.87% (5319/60000)


Average Test loss: 0.0001, Test Error Rate: 8.50% (850/10000)

Train Epoch: 36 [20000/60000 (33%)]	Loss: 0.088915
Train Epoch: 36 [40000/60000 (67%)]	Loss: 0.068598
Train Epoch: 36 [60000/60000 (100%)]	Loss: 0.073101

Average Training loss: 0.0004, Training Error Rate: 8.40% (5043/60000)


Average Test loss: 0.0001, Test Error Rate: 7.99% (799/10000)

Train Epoch: 37 [20000/60000 (33%)]	Loss: 0.070792
Train Epoch: 37 [40000/60000 (67%)]	Loss: 0.084459
Train Epoch: 37 [60000/60000 (100%)]	Loss: 0.073882

Average Training loss: 0.0004, Training Error Rate: 8.31% (4988/60000)


Average Test loss: 0.0001, Test Error Rate: 8.26% (826/10000)

Train Epoch: 38 [20000/60000 (33%)]	Loss: 0.062867
Train Epoch: 38 [40000/60000 (67%)]	Loss: 0.086248
Train Epoch: 38 [60000/60000 (100%)]	Loss: 0.087740

Average Training loss: 0.0004, Training Error Rate: 8.51% (5105/60000)


Average Test loss: 0.0001, Test Error Rate: 8.06% (806/10000)

Train Epoch: 39 [20000/60000 (33%)]	Loss: 0.089613
Train Epoch: 39 [40000/60000 (67%)]	Loss: 0.079012
Train Epoch: 39 [60000/60000 (100%)]	Loss: 0.071657

Average Training loss: 0.0004, Training Error Rate: 8.52% (5114/60000)


Average Test loss: 0.0001, Test Error Rate: 8.40% (840/10000)

Train Epoch: 40 [20000/60000 (33%)]	Loss: 0.084383
Train Epoch: 40 [40000/60000 (67%)]	Loss: 0.065570
Train Epoch: 40 [60000/60000 (100%)]	Loss: 0.072778

Average Training loss: 0.0004, Training Error Rate: 8.60% (5162/60000)


Average Test loss: 0.0001, Test Error Rate: 8.00% (800/10000)

Train Epoch: 41 [20000/60000 (33%)]	Loss: 0.081719
Train Epoch: 41 [40000/60000 (67%)]	Loss: 0.051563
Train Epoch: 41 [60000/60000 (100%)]	Loss: 0.078043

Average Training loss: 0.0004, Training Error Rate: 8.25% (4950/60000)


Average Test loss: 0.0001, Test Error Rate: 7.95% (795/10000)

Train Epoch: 42 [20000/60000 (33%)]	Loss: 0.083826
Train Epoch: 42 [40000/60000 (67%)]	Loss: 0.083547
Train Epoch: 42 [60000/60000 (100%)]	Loss: 0.080220

Average Training loss: 0.0004, Training Error Rate: 8.28% (4966/60000)


Average Test loss: 0.0001, Test Error Rate: 8.53% (853/10000)

Train Epoch: 43 [20000/60000 (33%)]	Loss: 0.088332
Train Epoch: 43 [40000/60000 (67%)]	Loss: 0.089710
Train Epoch: 43 [60000/60000 (100%)]	Loss: 0.090121

Average Training loss: 0.0004, Training Error Rate: 8.21% (4925/60000)


Average Test loss: 0.0001, Test Error Rate: 8.52% (852/10000)

Train Epoch: 44 [20000/60000 (33%)]	Loss: 0.069553
Train Epoch: 44 [40000/60000 (67%)]	Loss: 0.094276
Train Epoch: 44 [60000/60000 (100%)]	Loss: 0.082565

Average Training loss: 0.0004, Training Error Rate: 8.24% (4943/60000)


Average Test loss: 0.0001, Test Error Rate: 8.51% (851/10000)

Train Epoch: 45 [20000/60000 (33%)]	Loss: 0.087131
Train Epoch: 45 [40000/60000 (67%)]	Loss: 0.089477
Train Epoch: 45 [60000/60000 (100%)]	Loss: 0.076297

Average Training loss: 0.0004, Training Error Rate: 8.02% (4813/60000)


Average Test loss: 0.0001, Test Error Rate: 7.88% (788/10000)

Train Epoch: 46 [20000/60000 (33%)]	Loss: 0.077553
Train Epoch: 46 [40000/60000 (67%)]	Loss: 0.063365
Train Epoch: 46 [60000/60000 (100%)]	Loss: 0.068603

Average Training loss: 0.0004, Training Error Rate: 7.70% (4617/60000)


Average Test loss: 0.0001, Test Error Rate: 7.91% (791/10000)

Train Epoch: 47 [20000/60000 (33%)]	Loss: 0.069729
Train Epoch: 47 [40000/60000 (67%)]	Loss: 0.084148
Train Epoch: 47 [60000/60000 (100%)]	Loss: 0.070886

Average Training loss: 0.0004, Training Error Rate: 7.98% (4790/60000)


Average Test loss: 0.0001, Test Error Rate: 7.70% (770/10000)

Train Epoch: 48 [20000/60000 (33%)]	Loss: 0.090597
Train Epoch: 48 [40000/60000 (67%)]	Loss: 0.074909
Train Epoch: 48 [60000/60000 (100%)]	Loss: 0.069253

Average Training loss: 0.0004, Training Error Rate: 7.95% (4770/60000)


Average Test loss: 0.0001, Test Error Rate: 7.84% (784/10000)

Train Epoch: 49 [20000/60000 (33%)]	Loss: 0.075176
Train Epoch: 49 [40000/60000 (67%)]	Loss: 0.096128
Train Epoch: 49 [60000/60000 (100%)]	Loss: 0.073994

Average Training loss: 0.0004, Training Error Rate: 7.82% (4694/60000)


Average Test loss: 0.0001, Test Error Rate: 7.73% (773/10000)

Train Epoch: 50 [20000/60000 (33%)]	Loss: 0.087095
Train Epoch: 50 [40000/60000 (67%)]	Loss: 0.065571
Train Epoch: 50 [60000/60000 (100%)]	Loss: 0.083156

Average Training loss: 0.0004, Training Error Rate: 7.81% (4688/60000)


Average Test loss: 0.0001, Test Error Rate: 7.68% (768/10000)

Train Epoch: 51 [20000/60000 (33%)]	Loss: 0.069780
Train Epoch: 51 [40000/60000 (67%)]	Loss: 0.077330
Train Epoch: 51 [60000/60000 (100%)]	Loss: 0.091829

Average Training loss: 0.0004, Training Error Rate: 7.48% (4486/60000)


Average Test loss: 0.0001, Test Error Rate: 7.54% (754/10000)

Train Epoch: 52 [20000/60000 (33%)]	Loss: 0.079352
Train Epoch: 52 [40000/60000 (67%)]	Loss: 0.075641
Train Epoch: 52 [60000/60000 (100%)]	Loss: 0.065394

Average Training loss: 0.0004, Training Error Rate: 7.52% (4514/60000)


Average Test loss: 0.0001, Test Error Rate: 7.60% (760/10000)

Train Epoch: 53 [20000/60000 (33%)]	Loss: 0.079176
Train Epoch: 53 [40000/60000 (67%)]	Loss: 0.074094
Train Epoch: 53 [60000/60000 (100%)]	Loss: 0.044706

Average Training loss: 0.0004, Training Error Rate: 7.50% (4501/60000)


Average Test loss: 0.0001, Test Error Rate: 7.47% (747/10000)

Train Epoch: 54 [20000/60000 (33%)]	Loss: 0.053409
Train Epoch: 54 [40000/60000 (67%)]	Loss: 0.087435
Train Epoch: 54 [60000/60000 (100%)]	Loss: 0.076972

Average Training loss: 0.0004, Training Error Rate: 7.67% (4605/60000)


Average Test loss: 0.0001, Test Error Rate: 7.66% (766/10000)

Train Epoch: 55 [20000/60000 (33%)]	Loss: 0.062819
Train Epoch: 55 [40000/60000 (67%)]	Loss: 0.074813
Train Epoch: 55 [60000/60000 (100%)]	Loss: 0.070886

Average Training loss: 0.0004, Training Error Rate: 7.59% (4557/60000)


Average Test loss: 0.0001, Test Error Rate: 7.69% (769/10000)

Train Epoch: 56 [20000/60000 (33%)]	Loss: 0.058414
Train Epoch: 56 [40000/60000 (67%)]	Loss: 0.077556
Train Epoch: 56 [60000/60000 (100%)]	Loss: 0.063193

Average Training loss: 0.0004, Training Error Rate: 7.73% (4636/60000)


Average Test loss: 0.0001, Test Error Rate: 8.26% (826/10000)

Train Epoch: 57 [20000/60000 (33%)]	Loss: 0.063252
Train Epoch: 57 [40000/60000 (67%)]	Loss: 0.060620
Train Epoch: 57 [60000/60000 (100%)]	Loss: 0.058262

Average Training loss: 0.0004, Training Error Rate: 7.66% (4595/60000)


Average Test loss: 0.0001, Test Error Rate: 7.26% (726/10000)

Train Epoch: 58 [20000/60000 (33%)]	Loss: 0.056970
Train Epoch: 58 [40000/60000 (67%)]	Loss: 0.058401
Train Epoch: 58 [60000/60000 (100%)]	Loss: 0.067601

Average Training loss: 0.0004, Training Error Rate: 7.52% (4510/60000)


Average Test loss: 0.0001, Test Error Rate: 7.73% (773/10000)

slurmstepd: error: *** STEP 15492359.215 ON cn652 CANCELLED AT 2023-10-03T12:06:28 ***
