/vast/home/ajherman/miniconda3/envs/pytorch/lib/python3.11/site-packages/torchvision/io/image.py:13: UserWarning: Failed to load image Python extension: '/vast/home/ajherman/miniconda3/envs/pytorch/lib/python3.11/site-packages/torchvision/image.so: undefined symbol: _ZN5torch3jit17parseSchemaOrNameERKNSt7__cxx1112basic_stringIcSt11char_traitsIcESaIcEEE'If you don't plan on using image functionality from `torchvision.io`, you can ignore this warning. Otherwise, there might be something wrong with your environment. Did you have `libjpeg` or `libpng` installed before building `torchvision` from source?
  warn(
Random seed set as 42
dt =  0.3934693402873666
trace decay =  0.6065306597126334
Random seed set as 42
Random seed set as 42
dt =  0.3934693402873666
trace decay =  0.6065306597126334
Random seed set as 42
Train Epoch: 0 [20000/60000 (33%)]	Loss: 0.385517
Train Epoch: 0 [40000/60000 (67%)]	Loss: 0.297391
Train Epoch: 0 [60000/60000 (100%)]	Loss: 0.282540

Average Training loss: 0.0018, Training Error Rate: 48.02% (28815/60000)


Average Test loss: 0.0003, Test Error Rate: 28.84% (2884/10000)

Train Epoch: 1 [20000/60000 (33%)]	Loss: 0.241625
Train Epoch: 1 [40000/60000 (67%)]	Loss: 0.230167
Train Epoch: 1 [60000/60000 (100%)]	Loss: 0.204550

Average Training loss: 0.0012, Training Error Rate: 24.89% (14933/60000)


Average Test loss: 0.0002, Test Error Rate: 21.63% (2163/10000)

Train Epoch: 2 [20000/60000 (33%)]	Loss: 0.167403
Train Epoch: 2 [40000/60000 (67%)]	Loss: 0.178147
Train Epoch: 2 [60000/60000 (100%)]	Loss: 0.184282

Average Training loss: 0.0010, Training Error Rate: 19.91% (11948/60000)


Average Test loss: 0.0002, Test Error Rate: 17.57% (1757/10000)

Train Epoch: 3 [20000/60000 (33%)]	Loss: 0.162738
Train Epoch: 3 [40000/60000 (67%)]	Loss: 0.163344
Train Epoch: 3 [60000/60000 (100%)]	Loss: 0.187191

Average Training loss: 0.0008, Training Error Rate: 17.22% (10332/60000)


Average Test loss: 0.0002, Test Error Rate: 15.87% (1587/10000)

Train Epoch: 4 [20000/60000 (33%)]	Loss: 0.163196
Train Epoch: 4 [40000/60000 (67%)]	Loss: 0.145585
Train Epoch: 4 [60000/60000 (100%)]	Loss: 0.138414

Average Training loss: 0.0008, Training Error Rate: 15.89% (9535/60000)


Average Test loss: 0.0001, Test Error Rate: 15.00% (1500/10000)

Train Epoch: 5 [20000/60000 (33%)]	Loss: 0.155410
Train Epoch: 5 [40000/60000 (67%)]	Loss: 0.145137
Train Epoch: 5 [60000/60000 (100%)]	Loss: 0.163868

Average Training loss: 0.0007, Training Error Rate: 15.26% (9157/60000)


Average Test loss: 0.0001, Test Error Rate: 14.37% (1437/10000)

Train Epoch: 6 [20000/60000 (33%)]	Loss: 0.142613
Train Epoch: 6 [40000/60000 (67%)]	Loss: 0.137708
Train Epoch: 6 [60000/60000 (100%)]	Loss: 0.127623

Average Training loss: 0.0007, Training Error Rate: 14.59% (8752/60000)


Average Test loss: 0.0001, Test Error Rate: 13.62% (1362/10000)

