/vast/home/ajherman/miniconda3/envs/pytorch/lib/python3.11/site-packages/torchvision/io/image.py:13: UserWarning: Failed to load image Python extension: '/vast/home/ajherman/miniconda3/envs/pytorch/lib/python3.11/site-packages/torchvision/image.so: undefined symbol: _ZN5torch3jit17parseSchemaOrNameERKNSt7__cxx1112basic_stringIcSt11char_traitsIcESaIcEEE'If you don't plan on using image functionality from `torchvision.io`, you can ignore this warning. Otherwise, there might be something wrong with your environment. Did you have `libjpeg` or `libpng` installed before building `torchvision` from source?
  warn(
Random seed set as 42
dt =  0.6321205588285577
trace decay =  0.6065306597126334
Random seed set as 42
Random seed set as 42
dt =  0.6321205588285577
trace decay =  0.6065306597126334
Random seed set as 42
Train Epoch: 0 [2500/60000 (4%)]	Loss: 0.514701
Train Epoch: 0 [5000/60000 (8%)]	Loss: 0.429590
Train Epoch: 0 [7500/60000 (12%)]	Loss: 0.461354
Train Epoch: 0 [10000/60000 (17%)]	Loss: 0.474985
Train Epoch: 0 [12500/60000 (21%)]	Loss: 0.427287
Train Epoch: 0 [15000/60000 (25%)]	Loss: 0.424730
Train Epoch: 0 [17500/60000 (29%)]	Loss: 0.428059
Train Epoch: 0 [20000/60000 (33%)]	Loss: 0.398200
Train Epoch: 0 [22500/60000 (38%)]	Loss: 0.495907
Train Epoch: 0 [25000/60000 (42%)]	Loss: 0.416213
Train Epoch: 0 [27500/60000 (46%)]	Loss: 0.417597
Train Epoch: 0 [30000/60000 (50%)]	Loss: 0.421460
Train Epoch: 0 [32500/60000 (54%)]	Loss: 0.399506
Train Epoch: 0 [35000/60000 (58%)]	Loss: 0.419065
Train Epoch: 0 [37500/60000 (62%)]	Loss: 0.416002
Train Epoch: 0 [40000/60000 (67%)]	Loss: 0.371144
Train Epoch: 0 [42500/60000 (71%)]	Loss: 0.435931
Train Epoch: 0 [45000/60000 (75%)]	Loss: 0.387196
Train Epoch: 0 [47500/60000 (79%)]	Loss: 0.449130
Train Epoch: 0 [50000/60000 (83%)]	Loss: 0.459343
Train Epoch: 0 [52500/60000 (88%)]	Loss: 0.410077
Train Epoch: 0 [55000/60000 (92%)]	Loss: 0.394212
Train Epoch: 0 [57500/60000 (96%)]	Loss: 0.350312
Train Epoch: 0 [60000/60000 (100%)]	Loss: 0.392099

Average Training loss: 0.0173, Training Error Rate: 72.93% (43758/60000)


Average Test loss: 0.0004, Test Error Rate: 58.93% (5893/10000)

Train Epoch: 1 [2500/60000 (4%)]	Loss: 0.336958
Train Epoch: 1 [5000/60000 (8%)]	Loss: 0.338138
Train Epoch: 1 [7500/60000 (12%)]	Loss: 0.373385
Train Epoch: 1 [10000/60000 (17%)]	Loss: 0.382797
Train Epoch: 1 [12500/60000 (21%)]	Loss: 0.342946
Train Epoch: 1 [15000/60000 (25%)]	Loss: 0.309833
Train Epoch: 1 [17500/60000 (29%)]	Loss: 0.376176
Train Epoch: 1 [20000/60000 (33%)]	Loss: 0.373149
Train Epoch: 1 [22500/60000 (38%)]	Loss: 0.398598
Train Epoch: 1 [25000/60000 (42%)]	Loss: 0.355603
Train Epoch: 1 [27500/60000 (46%)]	Loss: 0.299949
Train Epoch: 1 [30000/60000 (50%)]	Loss: 0.350018
Train Epoch: 1 [32500/60000 (54%)]	Loss: 0.345891
Train Epoch: 1 [35000/60000 (58%)]	Loss: 0.414433
Train Epoch: 1 [37500/60000 (62%)]	Loss: 0.312616
Train Epoch: 1 [40000/60000 (67%)]	Loss: 0.391516
Train Epoch: 1 [42500/60000 (71%)]	Loss: 0.326225
Train Epoch: 1 [45000/60000 (75%)]	Loss: 0.280298
Train Epoch: 1 [47500/60000 (79%)]	Loss: 0.352806
Train Epoch: 1 [50000/60000 (83%)]	Loss: 0.307997
Train Epoch: 1 [52500/60000 (88%)]	Loss: 0.299132
Train Epoch: 1 [55000/60000 (92%)]	Loss: 0.280716
Train Epoch: 1 [57500/60000 (96%)]	Loss: 0.313987
Train Epoch: 1 [60000/60000 (100%)]	Loss: 0.287211

Average Training loss: 0.0139, Training Error Rate: 51.18% (30706/60000)


Average Test loss: 0.0003, Test Error Rate: 42.06% (4206/10000)

Train Epoch: 2 [2500/60000 (4%)]	Loss: 0.278089
Train Epoch: 2 [5000/60000 (8%)]	Loss: 0.300866
Train Epoch: 2 [7500/60000 (12%)]	Loss: 0.292165
Train Epoch: 2 [10000/60000 (17%)]	Loss: 0.284232
Train Epoch: 2 [12500/60000 (21%)]	Loss: 0.262047
Train Epoch: 2 [15000/60000 (25%)]	Loss: 0.394532
Train Epoch: 2 [17500/60000 (29%)]	Loss: 0.295709
Train Epoch: 2 [20000/60000 (33%)]	Loss: 0.244284
Train Epoch: 2 [22500/60000 (38%)]	Loss: 0.273052
Train Epoch: 2 [25000/60000 (42%)]	Loss: 0.336888
Train Epoch: 2 [27500/60000 (46%)]	Loss: 0.335729
Train Epoch: 2 [30000/60000 (50%)]	Loss: 0.265436
Train Epoch: 2 [32500/60000 (54%)]	Loss: 0.326610
Train Epoch: 2 [35000/60000 (58%)]	Loss: 0.225381
Train Epoch: 2 [37500/60000 (62%)]	Loss: 0.239429
Train Epoch: 2 [40000/60000 (67%)]	Loss: 0.217352
Train Epoch: 2 [42500/60000 (71%)]	Loss: 0.304579
Train Epoch: 2 [45000/60000 (75%)]	Loss: 0.243793
Train Epoch: 2 [47500/60000 (79%)]	Loss: 0.245645
Train Epoch: 2 [50000/60000 (83%)]	Loss: 0.284486
Train Epoch: 2 [52500/60000 (88%)]	Loss: 0.232005
Train Epoch: 2 [55000/60000 (92%)]	Loss: 0.309226
Train Epoch: 2 [57500/60000 (96%)]	Loss: 0.167511
Train Epoch: 2 [60000/60000 (100%)]	Loss: 0.296066

Average Training loss: 0.0112, Training Error Rate: 36.09% (21656/60000)


Average Test loss: 0.0002, Test Error Rate: 25.80% (2580/10000)

Train Epoch: 3 [2500/60000 (4%)]	Loss: 0.254200
Train Epoch: 3 [5000/60000 (8%)]	Loss: 0.281800
Train Epoch: 3 [7500/60000 (12%)]	Loss: 0.241529
Train Epoch: 3 [10000/60000 (17%)]	Loss: 0.331220
Train Epoch: 3 [12500/60000 (21%)]	Loss: 0.132636
Train Epoch: 3 [15000/60000 (25%)]	Loss: 0.111064
Train Epoch: 3 [17500/60000 (29%)]	Loss: 0.263540
Train Epoch: 3 [20000/60000 (33%)]	Loss: 0.179267
Train Epoch: 3 [22500/60000 (38%)]	Loss: 0.288369
Train Epoch: 3 [25000/60000 (42%)]	Loss: 0.296226
Train Epoch: 3 [27500/60000 (46%)]	Loss: 0.171082
Train Epoch: 3 [30000/60000 (50%)]	Loss: 0.238876
Train Epoch: 3 [32500/60000 (54%)]	Loss: 0.167847
Train Epoch: 3 [35000/60000 (58%)]	Loss: 0.214174
Train Epoch: 3 [37500/60000 (62%)]	Loss: 0.315153
Train Epoch: 3 [40000/60000 (67%)]	Loss: 0.234697
Train Epoch: 3 [42500/60000 (71%)]	Loss: 0.192026
Train Epoch: 3 [45000/60000 (75%)]	Loss: 0.180476
Train Epoch: 3 [47500/60000 (79%)]	Loss: 0.183344
Train Epoch: 3 [50000/60000 (83%)]	Loss: 0.223632
Train Epoch: 3 [52500/60000 (88%)]	Loss: 0.217143
Train Epoch: 3 [55000/60000 (92%)]	Loss: 0.308130
Train Epoch: 3 [57500/60000 (96%)]	Loss: 0.174643
Train Epoch: 3 [60000/60000 (100%)]	Loss: 0.231732

Average Training loss: 0.0087, Training Error Rate: 25.46% (15274/60000)


Average Test loss: 0.0002, Test Error Rate: 23.34% (2334/10000)

Train Epoch: 4 [2500/60000 (4%)]	Loss: 0.185092
Train Epoch: 4 [5000/60000 (8%)]	Loss: 0.285483
Train Epoch: 4 [7500/60000 (12%)]	Loss: 0.241526
slurmstepd: error: *** STEP 15492015.4 ON cn440 CANCELLED AT 2023-10-03T00:39:57 ***
