/vast/home/ajherman/miniconda3/envs/pytorch/lib/python3.11/site-packages/torchvision/io/image.py:13: UserWarning: Failed to load image Python extension: '/vast/home/ajherman/miniconda3/envs/pytorch/lib/python3.11/site-packages/torchvision/image.so: undefined symbol: _ZN5torch3jit17parseSchemaOrNameERKNSt7__cxx1112basic_stringIcSt11char_traitsIcESaIcEEE'If you don't plan on using image functionality from `torchvision.io`, you can ignore this warning. Otherwise, there might be something wrong with your environment. Did you have `libjpeg` or `libpng` installed before building `torchvision` from source?
  warn(
Random seed set as 42
dt =  0.3934693402873666
trace decay =  0.7788007830714049
Random seed set as 42
Random seed set as 42
dt =  0.3934693402873666
trace decay =  0.7788007830714049
Random seed set as 42
Train Epoch: 0 [20000/60000 (33%)]	Loss: 0.465372
Train Epoch: 0 [40000/60000 (67%)]	Loss: 0.446259
Train Epoch: 0 [60000/60000 (100%)]	Loss: 0.453137

Average Training loss: 0.0023, Training Error Rate: 83.74% (50246/60000)


Average Test loss: 0.0004, Test Error Rate: 76.84% (7684/10000)

Train Epoch: 1 [20000/60000 (33%)]	Loss: 0.453604
Train Epoch: 1 [40000/60000 (67%)]	Loss: 0.436192
Train Epoch: 1 [60000/60000 (100%)]	Loss: 0.426789

Average Training loss: 0.0022, Training Error Rate: 76.91% (46148/60000)


Average Test loss: 0.0004, Test Error Rate: 72.56% (7256/10000)

Train Epoch: 2 [20000/60000 (33%)]	Loss: 0.407184
Train Epoch: 2 [40000/60000 (67%)]	Loss: 0.427274
Train Epoch: 2 [60000/60000 (100%)]	Loss: 0.415167

Average Training loss: 0.0021, Training Error Rate: 70.28% (42167/60000)


Average Test loss: 0.0004, Test Error Rate: 63.30% (6330/10000)

Train Epoch: 3 [20000/60000 (33%)]	Loss: 0.401075
Train Epoch: 3 [40000/60000 (67%)]	Loss: 0.398222
Train Epoch: 3 [60000/60000 (100%)]	Loss: 0.410475

Average Training loss: 0.0020, Training Error Rate: 63.00% (37801/60000)


Average Test loss: 0.0004, Test Error Rate: 57.91% (5791/10000)

Train Epoch: 4 [20000/60000 (33%)]	Loss: 0.385518
Train Epoch: 4 [40000/60000 (67%)]	Loss: 0.362292
Train Epoch: 4 [60000/60000 (100%)]	Loss: 0.371104

Average Training loss: 0.0019, Training Error Rate: 56.10% (33660/60000)


Average Test loss: 0.0004, Test Error Rate: 52.38% (5238/10000)

Train Epoch: 5 [20000/60000 (33%)]	Loss: 0.373847
Train Epoch: 5 [40000/60000 (67%)]	Loss: 0.363768
Train Epoch: 5 [60000/60000 (100%)]	Loss: 0.382015

Average Training loss: 0.0019, Training Error Rate: 51.07% (30643/60000)


Average Test loss: 0.0004, Test Error Rate: 55.47% (5547/10000)

Train Epoch: 6 [20000/60000 (33%)]	Loss: 0.361823
Train Epoch: 6 [40000/60000 (67%)]	Loss: 0.376282
Train Epoch: 6 [60000/60000 (100%)]	Loss: 0.344174

Average Training loss: 0.0018, Training Error Rate: 48.08% (28849/60000)


Average Test loss: 0.0003, Test Error Rate: 44.44% (4444/10000)

Train Epoch: 7 [20000/60000 (33%)]	Loss: 0.339590
Train Epoch: 7 [40000/60000 (67%)]	Loss: 0.361239
Train Epoch: 7 [60000/60000 (100%)]	Loss: 0.350606

Average Training loss: 0.0017, Training Error Rate: 44.56% (26739/60000)


Average Test loss: 0.0003, Test Error Rate: 40.77% (4077/10000)

Train Epoch: 8 [20000/60000 (33%)]	Loss: 0.326157
Train Epoch: 8 [40000/60000 (67%)]	Loss: 0.335859
Train Epoch: 8 [60000/60000 (100%)]	Loss: 0.321306

Average Training loss: 0.0017, Training Error Rate: 42.79% (25674/60000)


Average Test loss: 0.0003, Test Error Rate: 39.85% (3985/10000)

Train Epoch: 9 [20000/60000 (33%)]	Loss: 0.305402
Train Epoch: 9 [40000/60000 (67%)]	Loss: 0.306705
Train Epoch: 9 [60000/60000 (100%)]	Loss: 0.294049

Average Training loss: 0.0016, Training Error Rate: 37.89% (22736/60000)


Average Test loss: 0.0003, Test Error Rate: 33.29% (3329/10000)

Train Epoch: 10 [20000/60000 (33%)]	Loss: 0.302766
Train Epoch: 10 [40000/60000 (67%)]	Loss: 0.288637
Train Epoch: 10 [60000/60000 (100%)]	Loss: 0.281121

Average Training loss: 0.0015, Training Error Rate: 33.73% (20241/60000)


Average Test loss: 0.0003, Test Error Rate: 33.69% (3369/10000)

Train Epoch: 11 [20000/60000 (33%)]	Loss: 0.271601
Train Epoch: 11 [40000/60000 (67%)]	Loss: 0.290829
Train Epoch: 11 [60000/60000 (100%)]	Loss: 0.270409

Average Training loss: 0.0014, Training Error Rate: 31.49% (18896/60000)


Average Test loss: 0.0003, Test Error Rate: 27.67% (2767/10000)

Train Epoch: 12 [20000/60000 (33%)]	Loss: 0.278168
Train Epoch: 12 [40000/60000 (67%)]	Loss: 0.259071
Train Epoch: 12 [60000/60000 (100%)]	Loss: 0.269407

Average Training loss: 0.0014, Training Error Rate: 29.58% (17748/60000)


Average Test loss: 0.0003, Test Error Rate: 24.44% (2444/10000)

Train Epoch: 13 [20000/60000 (33%)]	Loss: 0.273946
Train Epoch: 13 [40000/60000 (67%)]	Loss: 0.264591
Train Epoch: 13 [60000/60000 (100%)]	Loss: 0.252590

Average Training loss: 0.0013, Training Error Rate: 27.45% (16472/60000)


Average Test loss: 0.0002, Test Error Rate: 24.09% (2409/10000)

Train Epoch: 14 [20000/60000 (33%)]	Loss: 0.253862
Train Epoch: 14 [40000/60000 (67%)]	Loss: 0.249351
Train Epoch: 14 [60000/60000 (100%)]	Loss: 0.239643

Average Training loss: 0.0012, Training Error Rate: 24.17% (14503/60000)


Average Test loss: 0.0002, Test Error Rate: 24.56% (2456/10000)

Train Epoch: 15 [20000/60000 (33%)]	Loss: 0.236682
Train Epoch: 15 [40000/60000 (67%)]	Loss: 0.231775
Train Epoch: 15 [60000/60000 (100%)]	Loss: 0.238371

Average Training loss: 0.0012, Training Error Rate: 23.92% (14351/60000)


Average Test loss: 0.0002, Test Error Rate: 26.59% (2659/10000)

Train Epoch: 16 [20000/60000 (33%)]	Loss: 0.230918
Train Epoch: 16 [40000/60000 (67%)]	Loss: 0.243848
Train Epoch: 16 [60000/60000 (100%)]	Loss: 0.233299

Average Training loss: 0.0011, Training Error Rate: 22.45% (13472/60000)


Average Test loss: 0.0002, Test Error Rate: 23.09% (2309/10000)

Train Epoch: 17 [20000/60000 (33%)]	Loss: 0.231040
Train Epoch: 17 [40000/60000 (67%)]	Loss: 0.229472
Train Epoch: 17 [60000/60000 (100%)]	Loss: 0.203445

Average Training loss: 0.0011, Training Error Rate: 22.02% (13209/60000)


Average Test loss: 0.0002, Test Error Rate: 20.39% (2039/10000)

Train Epoch: 18 [20000/60000 (33%)]	Loss: 0.202874
Train Epoch: 18 [40000/60000 (67%)]	Loss: 0.212147
Train Epoch: 18 [60000/60000 (100%)]	Loss: 0.218382

Average Training loss: 0.0011, Training Error Rate: 20.54% (12323/60000)


Average Test loss: 0.0002, Test Error Rate: 19.67% (1967/10000)

Train Epoch: 19 [20000/60000 (33%)]	Loss: 0.227068
Train Epoch: 19 [40000/60000 (67%)]	Loss: 0.209969
Train Epoch: 19 [60000/60000 (100%)]	Loss: 0.198722

Average Training loss: 0.0011, Training Error Rate: 19.75% (11850/60000)


Average Test loss: 0.0002, Test Error Rate: 18.46% (1846/10000)

Train Epoch: 20 [20000/60000 (33%)]	Loss: 0.191296
Train Epoch: 20 [40000/60000 (67%)]	Loss: 0.217811
Train Epoch: 20 [60000/60000 (100%)]	Loss: 0.202422

Average Training loss: 0.0010, Training Error Rate: 20.52% (12311/60000)


Average Test loss: 0.0002, Test Error Rate: 19.26% (1926/10000)

Train Epoch: 21 [20000/60000 (33%)]	Loss: 0.211452
Train Epoch: 21 [40000/60000 (67%)]	Loss: 0.205834
Train Epoch: 21 [60000/60000 (100%)]	Loss: 0.196939

Average Training loss: 0.0010, Training Error Rate: 19.36% (11615/60000)


Average Test loss: 0.0002, Test Error Rate: 18.93% (1893/10000)

Train Epoch: 22 [20000/60000 (33%)]	Loss: 0.203387
Train Epoch: 22 [40000/60000 (67%)]	Loss: 0.192718
Train Epoch: 22 [60000/60000 (100%)]	Loss: 0.205720

Average Training loss: 0.0010, Training Error Rate: 18.26% (10956/60000)


Average Test loss: 0.0002, Test Error Rate: 16.83% (1683/10000)

Train Epoch: 23 [20000/60000 (33%)]	Loss: 0.184133
Train Epoch: 23 [40000/60000 (67%)]	Loss: 0.193130
Train Epoch: 23 [60000/60000 (100%)]	Loss: 0.182934

Average Training loss: 0.0009, Training Error Rate: 17.59% (10557/60000)


Average Test loss: 0.0002, Test Error Rate: 16.79% (1679/10000)

Train Epoch: 24 [20000/60000 (33%)]	Loss: 0.190936
Train Epoch: 24 [40000/60000 (67%)]	Loss: 0.213063
Train Epoch: 24 [60000/60000 (100%)]	Loss: 0.184571

Average Training loss: 0.0010, Training Error Rate: 17.91% (10748/60000)


Average Test loss: 0.0002, Test Error Rate: 16.75% (1675/10000)

Train Epoch: 25 [20000/60000 (33%)]	Loss: 0.198422
Train Epoch: 25 [40000/60000 (67%)]	Loss: 0.171989
Train Epoch: 25 [60000/60000 (100%)]	Loss: 0.182992

Average Training loss: 0.0009, Training Error Rate: 17.16% (10296/60000)


Average Test loss: 0.0002, Test Error Rate: 16.46% (1646/10000)

Train Epoch: 26 [20000/60000 (33%)]	Loss: 0.200733
Train Epoch: 26 [40000/60000 (67%)]	Loss: 0.156698
Train Epoch: 26 [60000/60000 (100%)]	Loss: 0.157905

Average Training loss: 0.0009, Training Error Rate: 17.54% (10522/60000)


Average Test loss: 0.0002, Test Error Rate: 15.81% (1581/10000)

Train Epoch: 27 [20000/60000 (33%)]	Loss: 0.146918
Train Epoch: 27 [40000/60000 (67%)]	Loss: 0.171207
Train Epoch: 27 [60000/60000 (100%)]	Loss: 0.175822

Average Training loss: 0.0008, Training Error Rate: 17.09% (10256/60000)


Average Test loss: 0.0002, Test Error Rate: 16.53% (1653/10000)

Train Epoch: 28 [20000/60000 (33%)]	Loss: 0.156326
Train Epoch: 28 [40000/60000 (67%)]	Loss: 0.155618
Train Epoch: 28 [60000/60000 (100%)]	Loss: 0.178523

Average Training loss: 0.0008, Training Error Rate: 16.71% (10025/60000)


Average Test loss: 0.0002, Test Error Rate: 16.20% (1620/10000)

Train Epoch: 29 [20000/60000 (33%)]	Loss: 0.187661
Train Epoch: 29 [40000/60000 (67%)]	Loss: 0.170997
Train Epoch: 29 [60000/60000 (100%)]	Loss: 0.152604

Average Training loss: 0.0008, Training Error Rate: 16.19% (9715/60000)


Average Test loss: 0.0002, Test Error Rate: 14.90% (1490/10000)

Train Epoch: 30 [20000/60000 (33%)]	Loss: 0.142736
Train Epoch: 30 [40000/60000 (67%)]	Loss: 0.158003
Train Epoch: 30 [60000/60000 (100%)]	Loss: 0.175812

Average Training loss: 0.0008, Training Error Rate: 15.67% (9402/60000)


Average Test loss: 0.0002, Test Error Rate: 14.55% (1455/10000)

Train Epoch: 31 [20000/60000 (33%)]	Loss: 0.165251
Train Epoch: 31 [40000/60000 (67%)]	Loss: 0.143858
Train Epoch: 31 [60000/60000 (100%)]	Loss: 0.149265

Average Training loss: 0.0008, Training Error Rate: 14.94% (8963/60000)


Average Test loss: 0.0001, Test Error Rate: 14.38% (1438/10000)

Train Epoch: 32 [20000/60000 (33%)]	Loss: 0.130909
Train Epoch: 32 [40000/60000 (67%)]	Loss: 0.163686
Train Epoch: 32 [60000/60000 (100%)]	Loss: 0.144032

Average Training loss: 0.0008, Training Error Rate: 14.88% (8927/60000)


Average Test loss: 0.0002, Test Error Rate: 14.12% (1412/10000)

Train Epoch: 33 [20000/60000 (33%)]	Loss: 0.163978
Train Epoch: 33 [40000/60000 (67%)]	Loss: 0.147259
Train Epoch: 33 [60000/60000 (100%)]	Loss: 0.127509

Average Training loss: 0.0008, Training Error Rate: 14.65% (8791/60000)


Average Test loss: 0.0001, Test Error Rate: 13.24% (1324/10000)

Train Epoch: 34 [20000/60000 (33%)]	Loss: 0.114004
Train Epoch: 34 [40000/60000 (67%)]	Loss: 0.158843
Train Epoch: 34 [60000/60000 (100%)]	Loss: 0.137811

Average Training loss: 0.0007, Training Error Rate: 14.11% (8466/60000)


Average Test loss: 0.0001, Test Error Rate: 14.15% (1415/10000)

Train Epoch: 35 [20000/60000 (33%)]	Loss: 0.139821
Train Epoch: 35 [40000/60000 (67%)]	Loss: 0.157772
Train Epoch: 35 [60000/60000 (100%)]	Loss: 0.127027

Average Training loss: 0.0007, Training Error Rate: 14.88% (8930/60000)


Average Test loss: 0.0001, Test Error Rate: 13.60% (1360/10000)

Train Epoch: 36 [20000/60000 (33%)]	Loss: 0.125825
Train Epoch: 36 [40000/60000 (67%)]	Loss: 0.147983
Train Epoch: 36 [60000/60000 (100%)]	Loss: 0.136019

Average Training loss: 0.0007, Training Error Rate: 14.33% (8598/60000)


Average Test loss: 0.0001, Test Error Rate: 13.23% (1323/10000)

Train Epoch: 37 [20000/60000 (33%)]	Loss: 0.148156
Train Epoch: 37 [40000/60000 (67%)]	Loss: 0.117880
Train Epoch: 37 [60000/60000 (100%)]	Loss: 0.147947

Average Training loss: 0.0007, Training Error Rate: 14.41% (8644/60000)


Average Test loss: 0.0001, Test Error Rate: 13.90% (1390/10000)

Train Epoch: 38 [20000/60000 (33%)]	Loss: 0.137223
Train Epoch: 38 [40000/60000 (67%)]	Loss: 0.120480
Train Epoch: 38 [60000/60000 (100%)]	Loss: 0.158959

Average Training loss: 0.0007, Training Error Rate: 14.19% (8515/60000)


Average Test loss: 0.0001, Test Error Rate: 13.58% (1358/10000)

Train Epoch: 39 [20000/60000 (33%)]	Loss: 0.143172
Train Epoch: 39 [40000/60000 (67%)]	Loss: 0.129044
Train Epoch: 39 [60000/60000 (100%)]	Loss: 0.149546

Average Training loss: 0.0007, Training Error Rate: 14.60% (8759/60000)


Average Test loss: 0.0001, Test Error Rate: 13.84% (1384/10000)

Train Epoch: 40 [20000/60000 (33%)]	Loss: 0.137707
Train Epoch: 40 [40000/60000 (67%)]	Loss: 0.131302
Train Epoch: 40 [60000/60000 (100%)]	Loss: 0.138578

Average Training loss: 0.0007, Training Error Rate: 14.38% (8629/60000)


Average Test loss: 0.0001, Test Error Rate: 13.45% (1345/10000)

Train Epoch: 41 [20000/60000 (33%)]	Loss: 0.108714
Train Epoch: 41 [40000/60000 (67%)]	Loss: 0.127089
Train Epoch: 41 [60000/60000 (100%)]	Loss: 0.144308

Average Training loss: 0.0006, Training Error Rate: 13.59% (8152/60000)


Average Test loss: 0.0001, Test Error Rate: 12.61% (1261/10000)

Train Epoch: 42 [20000/60000 (33%)]	Loss: 0.128357
Train Epoch: 42 [40000/60000 (67%)]	Loss: 0.148012
Train Epoch: 42 [60000/60000 (100%)]	Loss: 0.143856

Average Training loss: 0.0006, Training Error Rate: 13.33% (7997/60000)


Average Test loss: 0.0001, Test Error Rate: 12.94% (1294/10000)

Train Epoch: 43 [20000/60000 (33%)]	Loss: 0.147594
Train Epoch: 43 [40000/60000 (67%)]	Loss: 0.128009
Train Epoch: 43 [60000/60000 (100%)]	Loss: 0.120946

Average Training loss: 0.0006, Training Error Rate: 13.51% (8106/60000)


Average Test loss: 0.0001, Test Error Rate: 12.84% (1284/10000)

Train Epoch: 44 [20000/60000 (33%)]	Loss: 0.111678
Train Epoch: 44 [40000/60000 (67%)]	Loss: 0.150480
Train Epoch: 44 [60000/60000 (100%)]	Loss: 0.122630

Average Training loss: 0.0006, Training Error Rate: 13.12% (7874/60000)


Average Test loss: 0.0001, Test Error Rate: 12.64% (1264/10000)

Train Epoch: 45 [20000/60000 (33%)]	Loss: 0.120592
Train Epoch: 45 [40000/60000 (67%)]	Loss: 0.111605
Train Epoch: 45 [60000/60000 (100%)]	Loss: 0.123641

Average Training loss: 0.0006, Training Error Rate: 13.17% (7902/60000)


Average Test loss: 0.0001, Test Error Rate: 12.05% (1205/10000)

Train Epoch: 46 [20000/60000 (33%)]	Loss: 0.130623
Train Epoch: 46 [40000/60000 (67%)]	Loss: 0.154228
Train Epoch: 46 [60000/60000 (100%)]	Loss: 0.102775

Average Training loss: 0.0006, Training Error Rate: 12.81% (7685/60000)


Average Test loss: 0.0001, Test Error Rate: 11.99% (1199/10000)

Train Epoch: 47 [20000/60000 (33%)]	Loss: 0.125995
Train Epoch: 47 [40000/60000 (67%)]	Loss: 0.133887
Train Epoch: 47 [60000/60000 (100%)]	Loss: 0.143191

Average Training loss: 0.0006, Training Error Rate: 12.86% (7718/60000)


Average Test loss: 0.0001, Test Error Rate: 12.29% (1229/10000)

Train Epoch: 48 [20000/60000 (33%)]	Loss: 0.137096
Train Epoch: 48 [40000/60000 (67%)]	Loss: 0.116715
Train Epoch: 48 [60000/60000 (100%)]	Loss: 0.111211

Average Training loss: 0.0006, Training Error Rate: 12.86% (7714/60000)


Average Test loss: 0.0001, Test Error Rate: 12.02% (1202/10000)

Train Epoch: 49 [20000/60000 (33%)]	Loss: 0.127064
Train Epoch: 49 [40000/60000 (67%)]	Loss: 0.106928
Train Epoch: 49 [60000/60000 (100%)]	Loss: 0.120575

Average Training loss: 0.0006, Training Error Rate: 12.72% (7630/60000)


Average Test loss: 0.0001, Test Error Rate: 12.11% (1211/10000)

Train Epoch: 50 [20000/60000 (33%)]	Loss: 0.124291
Train Epoch: 50 [40000/60000 (67%)]	Loss: 0.126307
Train Epoch: 50 [60000/60000 (100%)]	Loss: 0.107712

Average Training loss: 0.0006, Training Error Rate: 12.28% (7370/60000)


Average Test loss: 0.0001, Test Error Rate: 11.27% (1127/10000)

Train Epoch: 51 [20000/60000 (33%)]	Loss: 0.120534
Train Epoch: 51 [40000/60000 (67%)]	Loss: 0.130626
Train Epoch: 51 [60000/60000 (100%)]	Loss: 0.094904

Average Training loss: 0.0006, Training Error Rate: 11.80% (7078/60000)


Average Test loss: 0.0001, Test Error Rate: 11.19% (1119/10000)

Train Epoch: 52 [20000/60000 (33%)]	Loss: 0.113109
Train Epoch: 52 [40000/60000 (67%)]	Loss: 0.129727
Train Epoch: 52 [60000/60000 (100%)]	Loss: 0.123206

Average Training loss: 0.0006, Training Error Rate: 12.10% (7259/60000)


Average Test loss: 0.0001, Test Error Rate: 11.36% (1136/10000)

Train Epoch: 53 [20000/60000 (33%)]	Loss: 0.109660
Train Epoch: 53 [40000/60000 (67%)]	Loss: 0.108402
Train Epoch: 53 [60000/60000 (100%)]	Loss: 0.114868

Average Training loss: 0.0006, Training Error Rate: 12.02% (7209/60000)


Average Test loss: 0.0001, Test Error Rate: 11.09% (1109/10000)

Train Epoch: 54 [20000/60000 (33%)]	Loss: 0.097721
Train Epoch: 54 [40000/60000 (67%)]	Loss: 0.116923
Train Epoch: 54 [60000/60000 (100%)]	Loss: 0.094586

Average Training loss: 0.0006, Training Error Rate: 11.81% (7084/60000)


Average Test loss: 0.0001, Test Error Rate: 11.17% (1117/10000)

Train Epoch: 55 [20000/60000 (33%)]	Loss: 0.107072
Train Epoch: 55 [40000/60000 (67%)]	Loss: 0.102173
Train Epoch: 55 [60000/60000 (100%)]	Loss: 0.107919

Average Training loss: 0.0005, Training Error Rate: 11.86% (7117/60000)


Average Test loss: 0.0001, Test Error Rate: 11.01% (1101/10000)

Train Epoch: 56 [20000/60000 (33%)]	Loss: 0.114033
Train Epoch: 56 [40000/60000 (67%)]	Loss: 0.111149
Train Epoch: 56 [60000/60000 (100%)]	Loss: 0.105259

Average Training loss: 0.0005, Training Error Rate: 11.88% (7130/60000)


Average Test loss: 0.0001, Test Error Rate: 11.45% (1145/10000)

Train Epoch: 57 [20000/60000 (33%)]	Loss: 0.115704
Train Epoch: 57 [40000/60000 (67%)]	Loss: 0.131450
Train Epoch: 57 [60000/60000 (100%)]	Loss: 0.113455

Average Training loss: 0.0006, Training Error Rate: 12.27% (7363/60000)


Average Test loss: 0.0001, Test Error Rate: 11.25% (1125/10000)

Train Epoch: 58 [20000/60000 (33%)]	Loss: 0.120328
Train Epoch: 58 [40000/60000 (67%)]	Loss: 0.093117
Train Epoch: 58 [60000/60000 (100%)]	Loss: 0.110219

Average Training loss: 0.0005, Training Error Rate: 11.92% (7152/60000)


Average Test loss: 0.0001, Test Error Rate: 11.48% (1148/10000)

Train Epoch: 59 [20000/60000 (33%)]	Loss: 0.113983
Train Epoch: 59 [40000/60000 (67%)]	Loss: 0.108629
Train Epoch: 59 [60000/60000 (100%)]	Loss: 0.103247

Average Training loss: 0.0005, Training Error Rate: 11.83% (7100/60000)


Average Test loss: 0.0001, Test Error Rate: 11.07% (1107/10000)

Train Epoch: 60 [20000/60000 (33%)]	Loss: 0.089552
Train Epoch: 60 [40000/60000 (67%)]	Loss: 0.122423
Train Epoch: 60 [60000/60000 (100%)]	Loss: 0.090677

Average Training loss: 0.0005, Training Error Rate: 11.74% (7046/60000)


Average Test loss: 0.0001, Test Error Rate: 10.98% (1098/10000)

Train Epoch: 61 [20000/60000 (33%)]	Loss: 0.095316
Train Epoch: 61 [40000/60000 (67%)]	Loss: 0.122313
Train Epoch: 61 [60000/60000 (100%)]	Loss: 0.091140

Average Training loss: 0.0005, Training Error Rate: 11.60% (6958/60000)


Average Test loss: 0.0001, Test Error Rate: 10.83% (1083/10000)

Train Epoch: 62 [20000/60000 (33%)]	Loss: 0.112313
Train Epoch: 62 [40000/60000 (67%)]	Loss: 0.092550
Train Epoch: 62 [60000/60000 (100%)]	Loss: 0.141971

Average Training loss: 0.0005, Training Error Rate: 11.63% (6976/60000)


Average Test loss: 0.0001, Test Error Rate: 11.17% (1117/10000)

Train Epoch: 63 [20000/60000 (33%)]	Loss: 0.105369
Train Epoch: 63 [40000/60000 (67%)]	Loss: 0.114529
Train Epoch: 63 [60000/60000 (100%)]	Loss: 0.118428

Average Training loss: 0.0005, Training Error Rate: 11.61% (6963/60000)


Average Test loss: 0.0001, Test Error Rate: 10.77% (1077/10000)

Train Epoch: 64 [20000/60000 (33%)]	Loss: 0.100859
Train Epoch: 64 [40000/60000 (67%)]	Loss: 0.096906
Train Epoch: 64 [60000/60000 (100%)]	Loss: 0.119286

Average Training loss: 0.0005, Training Error Rate: 11.35% (6809/60000)


Average Test loss: 0.0001, Test Error Rate: 11.05% (1105/10000)

Train Epoch: 65 [20000/60000 (33%)]	Loss: 0.104369
Train Epoch: 65 [40000/60000 (67%)]	Loss: 0.103758
Train Epoch: 65 [60000/60000 (100%)]	Loss: 0.096734

Average Training loss: 0.0005, Training Error Rate: 11.38% (6826/60000)


Average Test loss: 0.0001, Test Error Rate: 10.69% (1069/10000)

Train Epoch: 66 [20000/60000 (33%)]	Loss: 0.090503
Train Epoch: 66 [40000/60000 (67%)]	Loss: 0.093133
Train Epoch: 66 [60000/60000 (100%)]	Loss: 0.091951

Average Training loss: 0.0005, Training Error Rate: 11.35% (6811/60000)


Average Test loss: 0.0001, Test Error Rate: 10.88% (1088/10000)

Train Epoch: 67 [20000/60000 (33%)]	Loss: 0.111177
Train Epoch: 67 [40000/60000 (67%)]	Loss: 0.113787
Train Epoch: 67 [60000/60000 (100%)]	Loss: 0.098329

Average Training loss: 0.0005, Training Error Rate: 11.58% (6949/60000)


Average Test loss: 0.0001, Test Error Rate: 10.66% (1066/10000)

Train Epoch: 68 [20000/60000 (33%)]	Loss: 0.106176
Train Epoch: 68 [40000/60000 (67%)]	Loss: 0.100329
Train Epoch: 68 [60000/60000 (100%)]	Loss: 0.105799

Average Training loss: 0.0005, Training Error Rate: 11.44% (6864/60000)


Average Test loss: 0.0001, Test Error Rate: 11.64% (1164/10000)

Train Epoch: 69 [20000/60000 (33%)]	Loss: 0.132256
Train Epoch: 69 [40000/60000 (67%)]	Loss: 0.078806
Train Epoch: 69 [60000/60000 (100%)]	Loss: 0.106652

Average Training loss: 0.0005, Training Error Rate: 11.45% (6868/60000)


Average Test loss: 0.0001, Test Error Rate: 10.41% (1041/10000)

Train Epoch: 70 [20000/60000 (33%)]	Loss: 0.107290
Train Epoch: 70 [40000/60000 (67%)]	Loss: 0.097542
Train Epoch: 70 [60000/60000 (100%)]	Loss: 0.110436

Average Training loss: 0.0005, Training Error Rate: 11.04% (6625/60000)


Average Test loss: 0.0001, Test Error Rate: 10.31% (1031/10000)

Train Epoch: 71 [20000/60000 (33%)]	Loss: 0.094270
Train Epoch: 71 [40000/60000 (67%)]	Loss: 0.103050
Train Epoch: 71 [60000/60000 (100%)]	Loss: 0.087883

Average Training loss: 0.0005, Training Error Rate: 10.92% (6551/60000)


Average Test loss: 0.0001, Test Error Rate: 10.59% (1059/10000)

Train Epoch: 72 [20000/60000 (33%)]	Loss: 0.093043
Train Epoch: 72 [40000/60000 (67%)]	Loss: 0.101356
Train Epoch: 72 [60000/60000 (100%)]	Loss: 0.079023

Average Training loss: 0.0005, Training Error Rate: 10.74% (6444/60000)


Average Test loss: 0.0001, Test Error Rate: 10.06% (1006/10000)

Train Epoch: 73 [20000/60000 (33%)]	Loss: 0.115734
Train Epoch: 73 [40000/60000 (67%)]	Loss: 0.107591
Train Epoch: 73 [60000/60000 (100%)]	Loss: 0.101588

Average Training loss: 0.0005, Training Error Rate: 10.72% (6430/60000)


Average Test loss: 0.0001, Test Error Rate: 10.30% (1030/10000)

Train Epoch: 74 [20000/60000 (33%)]	Loss: 0.115821
Train Epoch: 74 [40000/60000 (67%)]	Loss: 0.113585
Train Epoch: 74 [60000/60000 (100%)]	Loss: 0.070592

Average Training loss: 0.0005, Training Error Rate: 10.73% (6440/60000)


Average Test loss: 0.0001, Test Error Rate: 10.48% (1048/10000)

Train Epoch: 75 [20000/60000 (33%)]	Loss: 0.088689
Train Epoch: 75 [40000/60000 (67%)]	Loss: 0.095174
Train Epoch: 75 [60000/60000 (100%)]	Loss: 0.103597

Average Training loss: 0.0005, Training Error Rate: 10.78% (6466/60000)


Average Test loss: 0.0001, Test Error Rate: 10.43% (1043/10000)

Train Epoch: 76 [20000/60000 (33%)]	Loss: 0.098814
Train Epoch: 76 [40000/60000 (67%)]	Loss: 0.100107
Train Epoch: 76 [60000/60000 (100%)]	Loss: 0.102967

Average Training loss: 0.0005, Training Error Rate: 10.68% (6408/60000)


Average Test loss: 0.0001, Test Error Rate: 10.16% (1016/10000)

Train Epoch: 77 [20000/60000 (33%)]	Loss: 0.093545
Train Epoch: 77 [40000/60000 (67%)]	Loss: 0.097373
Train Epoch: 77 [60000/60000 (100%)]	Loss: 0.106645

Average Training loss: 0.0005, Training Error Rate: 10.67% (6401/60000)


Average Test loss: 0.0001, Test Error Rate: 10.34% (1034/10000)

Train Epoch: 78 [20000/60000 (33%)]	Loss: 0.107979
Train Epoch: 78 [40000/60000 (67%)]	Loss: 0.089432
Train Epoch: 78 [60000/60000 (100%)]	Loss: 0.108073

Average Training loss: 0.0005, Training Error Rate: 10.84% (6504/60000)


Average Test loss: 0.0001, Test Error Rate: 10.02% (1002/10000)

Train Epoch: 79 [20000/60000 (33%)]	Loss: 0.101807
Train Epoch: 79 [40000/60000 (67%)]	Loss: 0.099386
Train Epoch: 79 [60000/60000 (100%)]	Loss: 0.101451

Average Training loss: 0.0005, Training Error Rate: 10.66% (6399/60000)


Average Test loss: 0.0001, Test Error Rate: 10.21% (1021/10000)

Train Epoch: 80 [20000/60000 (33%)]	Loss: 0.109785
Train Epoch: 80 [40000/60000 (67%)]	Loss: 0.098285
Train Epoch: 80 [60000/60000 (100%)]	Loss: 0.090274

Average Training loss: 0.0005, Training Error Rate: 10.52% (6311/60000)


Average Test loss: 0.0001, Test Error Rate: 9.93% (993/10000)

Train Epoch: 81 [20000/60000 (33%)]	Loss: 0.068320
Train Epoch: 81 [40000/60000 (67%)]	Loss: 0.086034
Train Epoch: 81 [60000/60000 (100%)]	Loss: 0.101462

Average Training loss: 0.0005, Training Error Rate: 10.53% (6320/60000)


Average Test loss: 0.0001, Test Error Rate: 9.95% (995/10000)

Train Epoch: 82 [20000/60000 (33%)]	Loss: 0.090505
Train Epoch: 82 [40000/60000 (67%)]	Loss: 0.109339
Train Epoch: 82 [60000/60000 (100%)]	Loss: 0.088949

Average Training loss: 0.0005, Training Error Rate: 10.41% (6245/60000)


Average Test loss: 0.0001, Test Error Rate: 9.93% (993/10000)

Train Epoch: 83 [20000/60000 (33%)]	Loss: 0.086962
Train Epoch: 83 [40000/60000 (67%)]	Loss: 0.087811
Train Epoch: 83 [60000/60000 (100%)]	Loss: 0.115531

Average Training loss: 0.0005, Training Error Rate: 10.22% (6134/60000)


Average Test loss: 0.0001, Test Error Rate: 9.70% (970/10000)

Train Epoch: 84 [20000/60000 (33%)]	Loss: 0.077532
Train Epoch: 84 [40000/60000 (67%)]	Loss: 0.097666
Train Epoch: 84 [60000/60000 (100%)]	Loss: 0.086926

Average Training loss: 0.0005, Training Error Rate: 10.43% (6257/60000)


Average Test loss: 0.0001, Test Error Rate: 9.87% (987/10000)

Train Epoch: 85 [20000/60000 (33%)]	Loss: 0.107209
Train Epoch: 85 [40000/60000 (67%)]	Loss: 0.088167
Train Epoch: 85 [60000/60000 (100%)]	Loss: 0.100012

Average Training loss: 0.0005, Training Error Rate: 10.58% (6346/60000)


Average Test loss: 0.0001, Test Error Rate: 10.86% (1086/10000)

Train Epoch: 86 [20000/60000 (33%)]	Loss: 0.090396
Train Epoch: 86 [40000/60000 (67%)]	Loss: 0.101618
Train Epoch: 86 [60000/60000 (100%)]	Loss: 0.112010

Average Training loss: 0.0005, Training Error Rate: 11.19% (6712/60000)


Average Test loss: 0.0001, Test Error Rate: 10.54% (1054/10000)

Train Epoch: 87 [20000/60000 (33%)]	Loss: 0.080815
Train Epoch: 87 [40000/60000 (67%)]	Loss: 0.096703
Train Epoch: 87 [60000/60000 (100%)]	Loss: 0.078522

Average Training loss: 0.0005, Training Error Rate: 10.53% (6319/60000)


Average Test loss: 0.0001, Test Error Rate: 9.90% (990/10000)

Train Epoch: 88 [20000/60000 (33%)]	Loss: 0.088184
Train Epoch: 88 [40000/60000 (67%)]	Loss: 0.072658
Train Epoch: 88 [60000/60000 (100%)]	Loss: 0.094264

Average Training loss: 0.0005, Training Error Rate: 10.33% (6198/60000)


Average Test loss: 0.0001, Test Error Rate: 10.04% (1004/10000)

Train Epoch: 89 [20000/60000 (33%)]	Loss: 0.111760
Train Epoch: 89 [40000/60000 (67%)]	Loss: 0.081631
Train Epoch: 89 [60000/60000 (100%)]	Loss: 0.096035

Average Training loss: 0.0005, Training Error Rate: 10.20% (6118/60000)


Average Test loss: 0.0001, Test Error Rate: 9.59% (959/10000)

Train Epoch: 90 [20000/60000 (33%)]	Loss: 0.101994
Train Epoch: 90 [40000/60000 (67%)]	Loss: 0.105364
Train Epoch: 90 [60000/60000 (100%)]	Loss: 0.084378

Average Training loss: 0.0005, Training Error Rate: 10.12% (6071/60000)


Average Test loss: 0.0001, Test Error Rate: 10.08% (1008/10000)

Train Epoch: 91 [20000/60000 (33%)]	Loss: 0.077802
Train Epoch: 91 [40000/60000 (67%)]	Loss: 0.080017
Train Epoch: 91 [60000/60000 (100%)]	Loss: 0.092845

Average Training loss: 0.0005, Training Error Rate: 10.33% (6200/60000)


Average Test loss: 0.0001, Test Error Rate: 9.98% (998/10000)

Train Epoch: 92 [20000/60000 (33%)]	Loss: 0.106099
Train Epoch: 92 [40000/60000 (67%)]	Loss: 0.074548
Train Epoch: 92 [60000/60000 (100%)]	Loss: 0.085001

Average Training loss: 0.0004, Training Error Rate: 10.07% (6042/60000)


Average Test loss: 0.0001, Test Error Rate: 9.42% (942/10000)

Train Epoch: 93 [20000/60000 (33%)]	Loss: 0.090307
Train Epoch: 93 [40000/60000 (67%)]	Loss: 0.074124
Train Epoch: 93 [60000/60000 (100%)]	Loss: 0.086458

Average Training loss: 0.0004, Training Error Rate: 9.90% (5938/60000)


Average Test loss: 0.0001, Test Error Rate: 9.40% (940/10000)

Train Epoch: 94 [20000/60000 (33%)]	Loss: 0.093515
Train Epoch: 94 [40000/60000 (67%)]	Loss: 0.081893
Train Epoch: 94 [60000/60000 (100%)]	Loss: 0.084732

Average Training loss: 0.0004, Training Error Rate: 9.96% (5975/60000)


Average Test loss: 0.0001, Test Error Rate: 9.38% (938/10000)

Train Epoch: 95 [20000/60000 (33%)]	Loss: 0.100150
Train Epoch: 95 [40000/60000 (67%)]	Loss: 0.077943
Train Epoch: 95 [60000/60000 (100%)]	Loss: 0.084268

Average Training loss: 0.0004, Training Error Rate: 9.95% (5972/60000)


Average Test loss: 0.0001, Test Error Rate: 9.66% (966/10000)

Train Epoch: 96 [20000/60000 (33%)]	Loss: 0.087943
Train Epoch: 96 [40000/60000 (67%)]	Loss: 0.091197
Train Epoch: 96 [60000/60000 (100%)]	Loss: 0.117208

Average Training loss: 0.0005, Training Error Rate: 10.19% (6112/60000)


Average Test loss: 0.0001, Test Error Rate: 9.92% (992/10000)

Train Epoch: 97 [20000/60000 (33%)]	Loss: 0.104332
Train Epoch: 97 [40000/60000 (67%)]	Loss: 0.094200
Train Epoch: 97 [60000/60000 (100%)]	Loss: 0.097816

Average Training loss: 0.0005, Training Error Rate: 10.52% (6309/60000)


Average Test loss: 0.0001, Test Error Rate: 10.12% (1012/10000)

Train Epoch: 98 [20000/60000 (33%)]	Loss: 0.099671
Train Epoch: 98 [40000/60000 (67%)]	Loss: 0.089175
Train Epoch: 98 [60000/60000 (100%)]	Loss: 0.073258

Average Training loss: 0.0005, Training Error Rate: 10.57% (6341/60000)


Average Test loss: 0.0001, Test Error Rate: 10.43% (1043/10000)

Train Epoch: 99 [20000/60000 (33%)]	Loss: 0.083912
Train Epoch: 99 [40000/60000 (67%)]	Loss: 0.092147
Train Epoch: 99 [60000/60000 (100%)]	Loss: 0.084608

Average Training loss: 0.0005, Training Error Rate: 10.39% (6233/60000)


Average Test loss: 0.0001, Test Error Rate: 9.90% (990/10000)

/vast/home/ajherman/miniconda3/envs/pytorch/lib/python3.11/site-packages/torchvision/io/image.py:13: UserWarning: Failed to load image Python extension: '/vast/home/ajherman/miniconda3/envs/pytorch/lib/python3.11/site-packages/torchvision/image.so: undefined symbol: _ZN5torch3jit17parseSchemaOrNameERKNSt7__cxx1112basic_stringIcSt11char_traitsIcESaIcEEE'If you don't plan on using image functionality from `torchvision.io`, you can ignore this warning. Otherwise, there might be something wrong with your environment. Did you have `libjpeg` or `libpng` installed before building `torchvision` from source?
  warn(
Random seed set as 42
dt =  0.3934693402873666
trace decay =  0.7788007830714049
Random seed set as 42
Random seed set as 42
dt =  0.3934693402873666
trace decay =  0.7788007830714049
Random seed set as 42
/vast/home/ajherman/miniconda3/envs/pytorch/lib/python3.11/site-packages/torchvision/io/image.py:13: UserWarning: Failed to load image Python extension: '/vast/home/ajherman/miniconda3/envs/pytorch/lib/python3.11/site-packages/torchvision/image.so: undefined symbol: _ZN5torch3jit17parseSchemaOrNameERKNSt7__cxx1112basic_stringIcSt11char_traitsIcESaIcEEE'If you don't plan on using image functionality from `torchvision.io`, you can ignore this warning. Otherwise, there might be something wrong with your environment. Did you have `libjpeg` or `libpng` installed before building `torchvision` from source?
  warn(
Random seed set as 42
dt =  0.3934693402873666
trace decay =  0.7788007830714049
Random seed set as 42
Random seed set as 42
dt =  0.3934693402873666
trace decay =  0.7788007830714049
Random seed set as 42
/vast/home/ajherman/miniconda3/envs/pytorch/lib/python3.11/site-packages/torchvision/io/image.py:13: UserWarning: Failed to load image Python extension: '/vast/home/ajherman/miniconda3/envs/pytorch/lib/python3.11/site-packages/torchvision/image.so: undefined symbol: _ZN5torch3jit17parseSchemaOrNameERKNSt7__cxx1112basic_stringIcSt11char_traitsIcESaIcEEE'If you don't plan on using image functionality from `torchvision.io`, you can ignore this warning. Otherwise, there might be something wrong with your environment. Did you have `libjpeg` or `libpng` installed before building `torchvision` from source?
  warn(
Random seed set as 42
dt =  0.3934693402873666
trace decay =  0.7788007830714049
Random seed set as 42
Random seed set as 42
dt =  0.3934693402873666
trace decay =  0.7788007830714049
Random seed set as 42
Train Epoch: 100 [20000/60000 (33%)]	Loss: 0.084531
Train Epoch: 100 [40000/60000 (67%)]	Loss: 0.091103
Train Epoch: 100 [60000/60000 (100%)]	Loss: 0.082357

Average Training loss: 0.0005, Training Error Rate: 10.18% (6110/60000)


Average Test loss: 0.0001, Test Error Rate: 10.06% (1006/10000)

Train Epoch: 101 [20000/60000 (33%)]	Loss: 0.104759
Train Epoch: 101 [40000/60000 (67%)]	Loss: 0.100990
Train Epoch: 101 [60000/60000 (100%)]	Loss: 0.073521

Average Training loss: 0.0005, Training Error Rate: 10.12% (6070/60000)


Average Test loss: 0.0001, Test Error Rate: 9.71% (971/10000)

Train Epoch: 102 [20000/60000 (33%)]	Loss: 0.097383
Train Epoch: 102 [40000/60000 (67%)]	Loss: 0.068624
Train Epoch: 102 [60000/60000 (100%)]	Loss: 0.101873

Average Training loss: 0.0005, Training Error Rate: 10.07% (6044/60000)


Average Test loss: 0.0001, Test Error Rate: 9.70% (970/10000)

Train Epoch: 103 [20000/60000 (33%)]	Loss: 0.091279
Train Epoch: 103 [40000/60000 (67%)]	Loss: 0.082489
Train Epoch: 103 [60000/60000 (100%)]	Loss: 0.091223

Average Training loss: 0.0005, Training Error Rate: 10.14% (6086/60000)


Average Test loss: 0.0001, Test Error Rate: 9.94% (994/10000)

Train Epoch: 104 [20000/60000 (33%)]	Loss: 0.088932
Train Epoch: 104 [40000/60000 (67%)]	Loss: 0.082655
Train Epoch: 104 [60000/60000 (100%)]	Loss: 0.071851

Average Training loss: 0.0005, Training Error Rate: 10.07% (6041/60000)


Average Test loss: 0.0001, Test Error Rate: 9.63% (963/10000)

Train Epoch: 105 [20000/60000 (33%)]	Loss: 0.098590
Train Epoch: 105 [40000/60000 (67%)]	Loss: 0.102274
Train Epoch: 105 [60000/60000 (100%)]	Loss: 0.094212

Average Training loss: 0.0005, Training Error Rate: 9.99% (5994/60000)


Average Test loss: 0.0001, Test Error Rate: 9.68% (968/10000)

Train Epoch: 106 [20000/60000 (33%)]	Loss: 0.089998
Train Epoch: 106 [40000/60000 (67%)]	Loss: 0.089359
Train Epoch: 106 [60000/60000 (100%)]	Loss: 0.087193

Average Training loss: 0.0004, Training Error Rate: 9.86% (5915/60000)


Average Test loss: 0.0001, Test Error Rate: 9.41% (941/10000)

Train Epoch: 107 [20000/60000 (33%)]	Loss: 0.097499
Train Epoch: 107 [40000/60000 (67%)]	Loss: 0.076626
Train Epoch: 107 [60000/60000 (100%)]	Loss: 0.092874

Average Training loss: 0.0004, Training Error Rate: 9.94% (5961/60000)


Average Test loss: 0.0001, Test Error Rate: 9.55% (955/10000)

Train Epoch: 108 [20000/60000 (33%)]	Loss: 0.092044
Train Epoch: 108 [40000/60000 (67%)]	Loss: 0.086528
Train Epoch: 108 [60000/60000 (100%)]	Loss: 0.083958

Average Training loss: 0.0004, Training Error Rate: 9.91% (5949/60000)


Average Test loss: 0.0001, Test Error Rate: 9.10% (910/10000)

Train Epoch: 109 [20000/60000 (33%)]	Loss: 0.092772
Train Epoch: 109 [40000/60000 (67%)]	Loss: 0.084120
Train Epoch: 109 [60000/60000 (100%)]	Loss: 0.084375

Average Training loss: 0.0004, Training Error Rate: 9.78% (5867/60000)


Average Test loss: 0.0001, Test Error Rate: 9.16% (916/10000)

Train Epoch: 110 [20000/60000 (33%)]	Loss: 0.073659
Train Epoch: 110 [40000/60000 (67%)]	Loss: 0.090972
Train Epoch: 110 [60000/60000 (100%)]	Loss: 0.103637

Average Training loss: 0.0004, Training Error Rate: 9.75% (5849/60000)


Average Test loss: 0.0001, Test Error Rate: 9.45% (945/10000)

Train Epoch: 111 [20000/60000 (33%)]	Loss: 0.084606
Train Epoch: 111 [40000/60000 (67%)]	Loss: 0.084390
Train Epoch: 111 [60000/60000 (100%)]	Loss: 0.085639

Average Training loss: 0.0004, Training Error Rate: 9.66% (5799/60000)


Average Test loss: 0.0001, Test Error Rate: 9.45% (945/10000)

Train Epoch: 112 [20000/60000 (33%)]	Loss: 0.081159
Train Epoch: 112 [40000/60000 (67%)]	Loss: 0.097979
Train Epoch: 112 [60000/60000 (100%)]	Loss: 0.075429

Average Training loss: 0.0004, Training Error Rate: 9.81% (5889/60000)


Average Test loss: 0.0001, Test Error Rate: 9.34% (934/10000)

Train Epoch: 113 [20000/60000 (33%)]	Loss: 0.079483
Train Epoch: 113 [40000/60000 (67%)]	Loss: 0.070607
Train Epoch: 113 [60000/60000 (100%)]	Loss: 0.079364

Average Training loss: 0.0004, Training Error Rate: 9.63% (5777/60000)


Average Test loss: 0.0001, Test Error Rate: 9.36% (936/10000)

Train Epoch: 114 [20000/60000 (33%)]	Loss: 0.074228
Train Epoch: 114 [40000/60000 (67%)]	Loss: 0.089647
Train Epoch: 114 [60000/60000 (100%)]	Loss: 0.090646

Average Training loss: 0.0004, Training Error Rate: 9.42% (5650/60000)


Average Test loss: 0.0001, Test Error Rate: 8.90% (890/10000)

Train Epoch: 115 [20000/60000 (33%)]	Loss: 0.086354
Train Epoch: 115 [40000/60000 (67%)]	Loss: 0.081257
Train Epoch: 115 [60000/60000 (100%)]	Loss: 0.084878

Average Training loss: 0.0004, Training Error Rate: 9.73% (5836/60000)


Average Test loss: 0.0001, Test Error Rate: 9.32% (932/10000)

Train Epoch: 116 [20000/60000 (33%)]	Loss: 0.066523
Train Epoch: 116 [40000/60000 (67%)]	Loss: 0.095903
Train Epoch: 116 [60000/60000 (100%)]	Loss: 0.084301

Average Training loss: 0.0004, Training Error Rate: 9.88% (5926/60000)


Average Test loss: 0.0001, Test Error Rate: 9.68% (968/10000)

Train Epoch: 117 [20000/60000 (33%)]	Loss: 0.093169
Train Epoch: 117 [40000/60000 (67%)]	Loss: 0.088251
Train Epoch: 117 [60000/60000 (100%)]	Loss: 0.098444

Average Training loss: 0.0004, Training Error Rate: 9.84% (5901/60000)


Average Test loss: 0.0001, Test Error Rate: 9.50% (950/10000)

Train Epoch: 118 [20000/60000 (33%)]	Loss: 0.092497
Train Epoch: 118 [40000/60000 (67%)]	Loss: 0.070823
Train Epoch: 118 [60000/60000 (100%)]	Loss: 0.084487

Average Training loss: 0.0004, Training Error Rate: 9.95% (5969/60000)


Average Test loss: 0.0001, Test Error Rate: 9.85% (985/10000)

Train Epoch: 119 [20000/60000 (33%)]	Loss: 0.086787
Train Epoch: 119 [40000/60000 (67%)]	Loss: 0.093518
Train Epoch: 119 [60000/60000 (100%)]	Loss: 0.092899

Average Training loss: 0.0004, Training Error Rate: 9.70% (5822/60000)


Average Test loss: 0.0001, Test Error Rate: 9.33% (933/10000)

Train Epoch: 120 [20000/60000 (33%)]	Loss: 0.095902
Train Epoch: 120 [40000/60000 (67%)]	Loss: 0.096498
Train Epoch: 120 [60000/60000 (100%)]	Loss: 0.093480

Average Training loss: 0.0004, Training Error Rate: 9.68% (5806/60000)


Average Test loss: 0.0001, Test Error Rate: 9.46% (946/10000)

Train Epoch: 121 [20000/60000 (33%)]	Loss: 0.071641
Train Epoch: 121 [40000/60000 (67%)]	Loss: 0.111227
Train Epoch: 121 [60000/60000 (100%)]	Loss: 0.094620

Average Training loss: 0.0004, Training Error Rate: 9.64% (5783/60000)


Average Test loss: 0.0001, Test Error Rate: 9.44% (944/10000)

Train Epoch: 122 [20000/60000 (33%)]	Loss: 0.089418
Train Epoch: 122 [40000/60000 (67%)]	Loss: 0.102856
Train Epoch: 122 [60000/60000 (100%)]	Loss: 0.073118

Average Training loss: 0.0004, Training Error Rate: 9.61% (5764/60000)


Average Test loss: 0.0001, Test Error Rate: 9.12% (912/10000)

Train Epoch: 123 [20000/60000 (33%)]	Loss: 0.095341
Train Epoch: 123 [40000/60000 (67%)]	Loss: 0.092018
Train Epoch: 123 [60000/60000 (100%)]	Loss: 0.077528

Average Training loss: 0.0004, Training Error Rate: 9.52% (5711/60000)


Average Test loss: 0.0001, Test Error Rate: 8.93% (893/10000)

Train Epoch: 124 [20000/60000 (33%)]	Loss: 0.091034
Train Epoch: 124 [40000/60000 (67%)]	Loss: 0.090788
Train Epoch: 124 [60000/60000 (100%)]	Loss: 0.071397

Average Training loss: 0.0004, Training Error Rate: 9.34% (5605/60000)


Average Test loss: 0.0001, Test Error Rate: 9.05% (905/10000)

Train Epoch: 125 [20000/60000 (33%)]	Loss: 0.081165
Train Epoch: 125 [40000/60000 (67%)]	Loss: 0.087442
Train Epoch: 125 [60000/60000 (100%)]	Loss: 0.072448

Average Training loss: 0.0004, Training Error Rate: 9.61% (5766/60000)


Average Test loss: 0.0001, Test Error Rate: 9.27% (927/10000)

Train Epoch: 126 [20000/60000 (33%)]	Loss: 0.097291
Train Epoch: 126 [40000/60000 (67%)]	Loss: 0.080122
Train Epoch: 126 [60000/60000 (100%)]	Loss: 0.067497

Average Training loss: 0.0004, Training Error Rate: 9.75% (5849/60000)


Average Test loss: 0.0001, Test Error Rate: 9.35% (935/10000)

Train Epoch: 127 [20000/60000 (33%)]	Loss: 0.081793
Train Epoch: 127 [40000/60000 (67%)]	Loss: 0.073579
Train Epoch: 127 [60000/60000 (100%)]	Loss: 0.083189

Average Training loss: 0.0004, Training Error Rate: 9.43% (5659/60000)


Average Test loss: 0.0001, Test Error Rate: 8.95% (895/10000)

Train Epoch: 128 [20000/60000 (33%)]	Loss: 0.085533
Train Epoch: 128 [40000/60000 (67%)]	Loss: 0.078483
Train Epoch: 128 [60000/60000 (100%)]	Loss: 0.107750

Average Training loss: 0.0004, Training Error Rate: 9.50% (5701/60000)


Average Test loss: 0.0001, Test Error Rate: 9.35% (935/10000)

Train Epoch: 129 [20000/60000 (33%)]	Loss: 0.095008
Train Epoch: 129 [40000/60000 (67%)]	Loss: 0.100232
Train Epoch: 129 [60000/60000 (100%)]	Loss: 0.072772

Average Training loss: 0.0004, Training Error Rate: 9.48% (5688/60000)


Average Test loss: 0.0001, Test Error Rate: 9.37% (937/10000)

Train Epoch: 130 [20000/60000 (33%)]	Loss: 0.077603
Train Epoch: 130 [40000/60000 (67%)]	Loss: 0.083959
Train Epoch: 130 [60000/60000 (100%)]	Loss: 0.064042

Average Training loss: 0.0004, Training Error Rate: 9.27% (5559/60000)


Average Test loss: 0.0001, Test Error Rate: 8.94% (894/10000)

Train Epoch: 131 [20000/60000 (33%)]	Loss: 0.079024
Train Epoch: 131 [40000/60000 (67%)]	Loss: 0.109487
Train Epoch: 131 [60000/60000 (100%)]	Loss: 0.095872

Average Training loss: 0.0004, Training Error Rate: 9.74% (5845/60000)


Average Test loss: 0.0001, Test Error Rate: 9.75% (975/10000)

Train Epoch: 132 [20000/60000 (33%)]	Loss: 0.067044
Train Epoch: 132 [40000/60000 (67%)]	Loss: 0.076235
Train Epoch: 132 [60000/60000 (100%)]	Loss: 0.106170

Average Training loss: 0.0004, Training Error Rate: 9.65% (5790/60000)


Average Test loss: 0.0001, Test Error Rate: 9.46% (946/10000)

Train Epoch: 133 [20000/60000 (33%)]	Loss: 0.072745
Train Epoch: 133 [40000/60000 (67%)]	Loss: 0.083510
Train Epoch: 133 [60000/60000 (100%)]	Loss: 0.081700

Average Training loss: 0.0004, Training Error Rate: 9.25% (5550/60000)


Average Test loss: 0.0001, Test Error Rate: 9.01% (901/10000)

Train Epoch: 134 [20000/60000 (33%)]	Loss: 0.089036
Train Epoch: 134 [40000/60000 (67%)]	Loss: 0.080763
Train Epoch: 134 [60000/60000 (100%)]	Loss: 0.075079

Average Training loss: 0.0004, Training Error Rate: 9.18% (5510/60000)


Average Test loss: 0.0001, Test Error Rate: 9.02% (902/10000)

Train Epoch: 135 [20000/60000 (33%)]	Loss: 0.092902
Train Epoch: 135 [40000/60000 (67%)]	Loss: 0.060391
Train Epoch: 135 [60000/60000 (100%)]	Loss: 0.083994

Average Training loss: 0.0004, Training Error Rate: 9.07% (5441/60000)


Average Test loss: 0.0001, Test Error Rate: 8.66% (866/10000)

Train Epoch: 136 [20000/60000 (33%)]	Loss: 0.079470
Train Epoch: 136 [40000/60000 (67%)]	Loss: 0.082429
Train Epoch: 136 [60000/60000 (100%)]	Loss: 0.095162

Average Training loss: 0.0004, Training Error Rate: 8.99% (5392/60000)


Average Test loss: 0.0001, Test Error Rate: 8.68% (868/10000)

Train Epoch: 137 [20000/60000 (33%)]	Loss: 0.072878
Train Epoch: 137 [40000/60000 (67%)]	Loss: 0.080720
Train Epoch: 137 [60000/60000 (100%)]	Loss: 0.080056

Average Training loss: 0.0004, Training Error Rate: 9.25% (5548/60000)


Average Test loss: 0.0001, Test Error Rate: 9.02% (902/10000)

Train Epoch: 138 [20000/60000 (33%)]	Loss: 0.068203
Train Epoch: 138 [40000/60000 (67%)]	Loss: 0.090074
Train Epoch: 138 [60000/60000 (100%)]	Loss: 0.082387

Average Training loss: 0.0004, Training Error Rate: 9.27% (5560/60000)


Average Test loss: 0.0001, Test Error Rate: 9.04% (904/10000)

Train Epoch: 139 [20000/60000 (33%)]	Loss: 0.076444
Train Epoch: 139 [40000/60000 (67%)]	Loss: 0.078399
Train Epoch: 139 [60000/60000 (100%)]	Loss: 0.061017

Average Training loss: 0.0004, Training Error Rate: 9.26% (5556/60000)


Average Test loss: 0.0001, Test Error Rate: 8.96% (896/10000)

Train Epoch: 140 [20000/60000 (33%)]	Loss: 0.099228
Train Epoch: 140 [40000/60000 (67%)]	Loss: 0.090022
Train Epoch: 140 [60000/60000 (100%)]	Loss: 0.084871

Average Training loss: 0.0004, Training Error Rate: 9.05% (5433/60000)


Average Test loss: 0.0001, Test Error Rate: 8.83% (883/10000)

Train Epoch: 141 [20000/60000 (33%)]	Loss: 0.076419
Train Epoch: 141 [40000/60000 (67%)]	Loss: 0.081513
Train Epoch: 141 [60000/60000 (100%)]	Loss: 0.078213

Average Training loss: 0.0004, Training Error Rate: 8.98% (5389/60000)


Average Test loss: 0.0001, Test Error Rate: 8.95% (895/10000)

Train Epoch: 142 [20000/60000 (33%)]	Loss: 0.077893
Train Epoch: 142 [40000/60000 (67%)]	Loss: 0.091685
Train Epoch: 142 [60000/60000 (100%)]	Loss: 0.096566

Average Training loss: 0.0004, Training Error Rate: 9.06% (5434/60000)


Average Test loss: 0.0001, Test Error Rate: 9.08% (908/10000)

Train Epoch: 143 [20000/60000 (33%)]	Loss: 0.080284
Train Epoch: 143 [40000/60000 (67%)]	Loss: 0.076623
Train Epoch: 143 [60000/60000 (100%)]	Loss: 0.057887

Average Training loss: 0.0004, Training Error Rate: 8.87% (5319/60000)


Average Test loss: 0.0001, Test Error Rate: 8.81% (881/10000)

Train Epoch: 144 [20000/60000 (33%)]	Loss: 0.071812
Train Epoch: 144 [40000/60000 (67%)]	Loss: 0.058585
Train Epoch: 144 [60000/60000 (100%)]	Loss: 0.068612

Average Training loss: 0.0004, Training Error Rate: 8.85% (5312/60000)


Average Test loss: 0.0001, Test Error Rate: 8.58% (858/10000)

Train Epoch: 145 [20000/60000 (33%)]	Loss: 0.066496
Train Epoch: 145 [40000/60000 (67%)]	Loss: 0.085609
Train Epoch: 145 [60000/60000 (100%)]	Loss: 0.075552

Average Training loss: 0.0004, Training Error Rate: 8.79% (5277/60000)


Average Test loss: 0.0001, Test Error Rate: 8.67% (867/10000)

Train Epoch: 146 [20000/60000 (33%)]	Loss: 0.054724
Train Epoch: 146 [40000/60000 (67%)]	Loss: 0.085548
Train Epoch: 146 [60000/60000 (100%)]	Loss: 0.107458

Average Training loss: 0.0004, Training Error Rate: 8.87% (5323/60000)


Average Test loss: 0.0001, Test Error Rate: 8.63% (863/10000)

Train Epoch: 147 [20000/60000 (33%)]	Loss: 0.099378
Train Epoch: 147 [40000/60000 (67%)]	Loss: 0.083561
Train Epoch: 147 [60000/60000 (100%)]	Loss: 0.070240

Average Training loss: 0.0004, Training Error Rate: 8.93% (5356/60000)


Average Test loss: 0.0001, Test Error Rate: 8.64% (864/10000)

Train Epoch: 148 [20000/60000 (33%)]	Loss: 0.078248
Train Epoch: 148 [40000/60000 (67%)]	Loss: 0.064620
Train Epoch: 148 [60000/60000 (100%)]	Loss: 0.069607

Average Training loss: 0.0004, Training Error Rate: 8.71% (5227/60000)


Average Test loss: 0.0001, Test Error Rate: 8.49% (849/10000)

Train Epoch: 149 [20000/60000 (33%)]	Loss: 0.067382
Train Epoch: 149 [40000/60000 (67%)]	Loss: 0.084882
Train Epoch: 149 [60000/60000 (100%)]	Loss: 0.082705

Average Training loss: 0.0004, Training Error Rate: 8.90% (5338/60000)


Average Test loss: 0.0001, Test Error Rate: 9.16% (916/10000)

Train Epoch: 150 [20000/60000 (33%)]	Loss: 0.066254
Train Epoch: 150 [40000/60000 (67%)]	Loss: 0.075512
Train Epoch: 150 [60000/60000 (100%)]	Loss: 0.081697

Average Training loss: 0.0004, Training Error Rate: 8.96% (5378/60000)


Average Test loss: 0.0001, Test Error Rate: 8.72% (872/10000)

Train Epoch: 151 [20000/60000 (33%)]	Loss: 0.065667
Train Epoch: 151 [40000/60000 (67%)]	Loss: 0.075352
Train Epoch: 151 [60000/60000 (100%)]	Loss: 0.077714

Average Training loss: 0.0004, Training Error Rate: 8.97% (5384/60000)


Average Test loss: 0.0001, Test Error Rate: 8.88% (888/10000)

Train Epoch: 152 [20000/60000 (33%)]	Loss: 0.067945
Train Epoch: 152 [40000/60000 (67%)]	Loss: 0.074877
Train Epoch: 152 [60000/60000 (100%)]	Loss: 0.093301

Average Training loss: 0.0004, Training Error Rate: 8.74% (5247/60000)


Average Test loss: 0.0001, Test Error Rate: 8.79% (879/10000)

Train Epoch: 153 [20000/60000 (33%)]	Loss: 0.090793
Train Epoch: 153 [40000/60000 (67%)]	Loss: 0.092414
Train Epoch: 153 [60000/60000 (100%)]	Loss: 0.100740

Average Training loss: 0.0004, Training Error Rate: 8.96% (5379/60000)


Average Test loss: 0.0001, Test Error Rate: 8.35% (835/10000)

Train Epoch: 154 [20000/60000 (33%)]	Loss: 0.098607
Train Epoch: 154 [40000/60000 (67%)]	Loss: 0.079935
Train Epoch: 154 [60000/60000 (100%)]	Loss: 0.078593

Average Training loss: 0.0004, Training Error Rate: 8.88% (5327/60000)


Average Test loss: 0.0001, Test Error Rate: 8.77% (877/10000)

Train Epoch: 155 [20000/60000 (33%)]	Loss: 0.086747
Train Epoch: 155 [40000/60000 (67%)]	Loss: 0.076844
Train Epoch: 155 [60000/60000 (100%)]	Loss: 0.082506

Average Training loss: 0.0004, Training Error Rate: 8.98% (5386/60000)


Average Test loss: 0.0001, Test Error Rate: 8.65% (865/10000)

Train Epoch: 156 [20000/60000 (33%)]	Loss: 0.094848
Train Epoch: 156 [40000/60000 (67%)]	Loss: 0.083641
Train Epoch: 156 [60000/60000 (100%)]	Loss: 0.068105

Average Training loss: 0.0004, Training Error Rate: 8.91% (5344/60000)


Average Test loss: 0.0001, Test Error Rate: 9.14% (914/10000)

Train Epoch: 157 [20000/60000 (33%)]	Loss: 0.081486
Train Epoch: 157 [40000/60000 (67%)]	Loss: 0.079235
Train Epoch: 157 [60000/60000 (100%)]	Loss: 0.061980

Average Training loss: 0.0004, Training Error Rate: 9.03% (5415/60000)


Average Test loss: 0.0001, Test Error Rate: 9.02% (902/10000)

Train Epoch: 158 [20000/60000 (33%)]	Loss: 0.082612
Train Epoch: 158 [40000/60000 (67%)]	Loss: 0.076718
Train Epoch: 158 [60000/60000 (100%)]	Loss: 0.082066

Average Training loss: 0.0004, Training Error Rate: 9.17% (5503/60000)


Average Test loss: 0.0001, Test Error Rate: 8.69% (869/10000)

Train Epoch: 159 [20000/60000 (33%)]	Loss: 0.083115
Train Epoch: 159 [40000/60000 (67%)]	Loss: 0.078604
Train Epoch: 159 [60000/60000 (100%)]	Loss: 0.102536

Average Training loss: 0.0004, Training Error Rate: 9.21% (5527/60000)


Average Test loss: 0.0001, Test Error Rate: 8.72% (872/10000)

Train Epoch: 160 [20000/60000 (33%)]	Loss: 0.056921
Train Epoch: 160 [40000/60000 (67%)]	Loss: 0.076557
Train Epoch: 160 [60000/60000 (100%)]	Loss: 0.080069

Average Training loss: 0.0004, Training Error Rate: 8.95% (5372/60000)


Average Test loss: 0.0001, Test Error Rate: 8.46% (846/10000)

Train Epoch: 161 [20000/60000 (33%)]	Loss: 0.075087
Train Epoch: 161 [40000/60000 (67%)]	Loss: 0.064965
Train Epoch: 161 [60000/60000 (100%)]	Loss: 0.062644

Average Training loss: 0.0004, Training Error Rate: 8.84% (5304/60000)


Average Test loss: 0.0001, Test Error Rate: 8.81% (881/10000)

Train Epoch: 162 [20000/60000 (33%)]	Loss: 0.097326
Train Epoch: 162 [40000/60000 (67%)]	Loss: 0.072674
Train Epoch: 162 [60000/60000 (100%)]	Loss: 0.100781

Average Training loss: 0.0004, Training Error Rate: 8.95% (5370/60000)


Average Test loss: 0.0001, Test Error Rate: 8.65% (865/10000)

Train Epoch: 163 [20000/60000 (33%)]	Loss: 0.066579
Train Epoch: 163 [40000/60000 (67%)]	Loss: 0.069443
Train Epoch: 163 [60000/60000 (100%)]	Loss: 0.084487

Average Training loss: 0.0004, Training Error Rate: 9.04% (5424/60000)


Average Test loss: 0.0001, Test Error Rate: 9.13% (913/10000)

Train Epoch: 164 [20000/60000 (33%)]	Loss: 0.102598
Train Epoch: 164 [40000/60000 (67%)]	Loss: 0.090178
Train Epoch: 164 [60000/60000 (100%)]	Loss: 0.049699

Average Training loss: 0.0004, Training Error Rate: 8.99% (5397/60000)


Average Test loss: 0.0001, Test Error Rate: 8.63% (863/10000)

Train Epoch: 165 [20000/60000 (33%)]	Loss: 0.078677
Train Epoch: 165 [40000/60000 (67%)]	Loss: 0.074292
Train Epoch: 165 [60000/60000 (100%)]	Loss: 0.057520

Average Training loss: 0.0004, Training Error Rate: 8.90% (5342/60000)


Average Test loss: 0.0001, Test Error Rate: 8.78% (878/10000)

Train Epoch: 166 [20000/60000 (33%)]	Loss: 0.096131
Train Epoch: 166 [40000/60000 (67%)]	Loss: 0.102975
Train Epoch: 166 [60000/60000 (100%)]	Loss: 0.072061

Average Training loss: 0.0004, Training Error Rate: 8.77% (5264/60000)


Average Test loss: 0.0001, Test Error Rate: 8.70% (870/10000)

Train Epoch: 167 [20000/60000 (33%)]	Loss: 0.075439
Train Epoch: 167 [40000/60000 (67%)]	Loss: 0.063932
Train Epoch: 167 [60000/60000 (100%)]	Loss: 0.067435

Average Training loss: 0.0004, Training Error Rate: 9.20% (5521/60000)


Average Test loss: 0.0001, Test Error Rate: 8.89% (889/10000)

Train Epoch: 168 [20000/60000 (33%)]	Loss: 0.082721
Train Epoch: 168 [40000/60000 (67%)]	Loss: 0.056718
Train Epoch: 168 [60000/60000 (100%)]	Loss: 0.080492

Average Training loss: 0.0004, Training Error Rate: 8.87% (5324/60000)


Average Test loss: 0.0001, Test Error Rate: 8.73% (873/10000)

Train Epoch: 169 [20000/60000 (33%)]	Loss: 0.071047
Train Epoch: 169 [40000/60000 (67%)]	Loss: 0.085701
Train Epoch: 169 [60000/60000 (100%)]	Loss: 0.074175

Average Training loss: 0.0004, Training Error Rate: 8.94% (5366/60000)


Average Test loss: 0.0001, Test Error Rate: 8.54% (854/10000)

Train Epoch: 170 [20000/60000 (33%)]	Loss: 0.087091
Train Epoch: 170 [40000/60000 (67%)]	Loss: 0.080448
Train Epoch: 170 [60000/60000 (100%)]	Loss: 0.065371

Average Training loss: 0.0004, Training Error Rate: 8.85% (5310/60000)


Average Test loss: 0.0001, Test Error Rate: 8.61% (861/10000)

Train Epoch: 171 [20000/60000 (33%)]	Loss: 0.079335
Train Epoch: 171 [40000/60000 (67%)]	Loss: 0.078078
Train Epoch: 171 [60000/60000 (100%)]	Loss: 0.065191

Average Training loss: 0.0004, Training Error Rate: 8.81% (5288/60000)


Average Test loss: 0.0001, Test Error Rate: 8.58% (858/10000)

Train Epoch: 172 [20000/60000 (33%)]	Loss: 0.080959
Train Epoch: 172 [40000/60000 (67%)]	Loss: 0.076893
Train Epoch: 172 [60000/60000 (100%)]	Loss: 0.110469

Average Training loss: 0.0004, Training Error Rate: 8.89% (5332/60000)


Average Test loss: 0.0001, Test Error Rate: 8.60% (860/10000)

Train Epoch: 173 [20000/60000 (33%)]	Loss: 0.071515
Train Epoch: 173 [40000/60000 (67%)]	Loss: 0.077948
Train Epoch: 173 [60000/60000 (100%)]	Loss: 0.062895

Average Training loss: 0.0004, Training Error Rate: 8.86% (5314/60000)


Average Test loss: 0.0001, Test Error Rate: 8.56% (856/10000)

Train Epoch: 174 [20000/60000 (33%)]	Loss: 0.055237
Train Epoch: 174 [40000/60000 (67%)]	Loss: 0.091977
Train Epoch: 174 [60000/60000 (100%)]	Loss: 0.062868

Average Training loss: 0.0004, Training Error Rate: 8.80% (5278/60000)


Average Test loss: 0.0001, Test Error Rate: 8.47% (847/10000)

Train Epoch: 175 [20000/60000 (33%)]	Loss: 0.069818
Train Epoch: 175 [40000/60000 (67%)]	Loss: 0.062077
Train Epoch: 175 [60000/60000 (100%)]	Loss: 0.092260

Average Training loss: 0.0004, Training Error Rate: 8.80% (5281/60000)


Average Test loss: 0.0001, Test Error Rate: 8.74% (874/10000)

Train Epoch: 176 [20000/60000 (33%)]	Loss: 0.063227
Train Epoch: 176 [40000/60000 (67%)]	Loss: 0.045113
Train Epoch: 176 [60000/60000 (100%)]	Loss: 0.091340

Average Training loss: 0.0004, Training Error Rate: 8.73% (5237/60000)


Average Test loss: 0.0001, Test Error Rate: 8.32% (832/10000)

Train Epoch: 177 [20000/60000 (33%)]	Loss: 0.073160
Train Epoch: 177 [40000/60000 (67%)]	Loss: 0.073152
Train Epoch: 177 [60000/60000 (100%)]	Loss: 0.075618

Average Training loss: 0.0004, Training Error Rate: 8.79% (5277/60000)


Average Test loss: 0.0001, Test Error Rate: 8.59% (859/10000)

Train Epoch: 178 [20000/60000 (33%)]	Loss: 0.083981
Train Epoch: 178 [40000/60000 (67%)]	Loss: 0.070452
Train Epoch: 178 [60000/60000 (100%)]	Loss: 0.078815

Average Training loss: 0.0004, Training Error Rate: 8.61% (5165/60000)


Average Test loss: 0.0001, Test Error Rate: 8.47% (847/10000)

Train Epoch: 179 [20000/60000 (33%)]	Loss: 0.090130
Train Epoch: 179 [40000/60000 (67%)]	Loss: 0.062748
Train Epoch: 179 [60000/60000 (100%)]	Loss: 0.099450

Average Training loss: 0.0004, Training Error Rate: 8.76% (5256/60000)


Average Test loss: 0.0001, Test Error Rate: 8.58% (858/10000)

Train Epoch: 180 [20000/60000 (33%)]	Loss: 0.072472
Train Epoch: 180 [40000/60000 (67%)]	Loss: 0.091356
Train Epoch: 180 [60000/60000 (100%)]	Loss: 0.095201

Average Training loss: 0.0004, Training Error Rate: 8.73% (5236/60000)


Average Test loss: 0.0001, Test Error Rate: 8.63% (863/10000)

Train Epoch: 181 [20000/60000 (33%)]	Loss: 0.091835
Train Epoch: 181 [40000/60000 (67%)]	Loss: 0.073965
Train Epoch: 181 [60000/60000 (100%)]	Loss: 0.074347

Average Training loss: 0.0004, Training Error Rate: 8.94% (5361/60000)


Average Test loss: 0.0001, Test Error Rate: 8.89% (889/10000)

Train Epoch: 182 [20000/60000 (33%)]	Loss: 0.068197
Train Epoch: 182 [40000/60000 (67%)]	Loss: 0.071363
Train Epoch: 182 [60000/60000 (100%)]	Loss: 0.078575

Average Training loss: 0.0004, Training Error Rate: 9.08% (5449/60000)


Average Test loss: 0.0001, Test Error Rate: 9.19% (919/10000)

Train Epoch: 183 [20000/60000 (33%)]	Loss: 0.080866
Train Epoch: 183 [40000/60000 (67%)]	Loss: 0.079146
Train Epoch: 183 [60000/60000 (100%)]	Loss: 0.089944

Average Training loss: 0.0004, Training Error Rate: 8.75% (5249/60000)


Average Test loss: 0.0001, Test Error Rate: 8.94% (894/10000)

Train Epoch: 184 [20000/60000 (33%)]	Loss: 0.075274
Train Epoch: 184 [40000/60000 (67%)]	Loss: 0.081158
Train Epoch: 184 [60000/60000 (100%)]	Loss: 0.069644

Average Training loss: 0.0004, Training Error Rate: 8.56% (5138/60000)


Average Test loss: 0.0001, Test Error Rate: 8.53% (853/10000)

Train Epoch: 185 [20000/60000 (33%)]	Loss: 0.083432
Train Epoch: 185 [40000/60000 (67%)]	Loss: 0.066067
Train Epoch: 185 [60000/60000 (100%)]	Loss: 0.087949

Average Training loss: 0.0004, Training Error Rate: 8.38% (5030/60000)


Average Test loss: 0.0001, Test Error Rate: 8.36% (836/10000)

Train Epoch: 186 [20000/60000 (33%)]	Loss: 0.071223
Train Epoch: 186 [40000/60000 (67%)]	Loss: 0.089106
Train Epoch: 186 [60000/60000 (100%)]	Loss: 0.060443

Average Training loss: 0.0004, Training Error Rate: 8.46% (5079/60000)


Average Test loss: 0.0001, Test Error Rate: 8.39% (839/10000)

Train Epoch: 187 [20000/60000 (33%)]	Loss: 0.090787
Train Epoch: 187 [40000/60000 (67%)]	Loss: 0.078525
Train Epoch: 187 [60000/60000 (100%)]	Loss: 0.073953

Average Training loss: 0.0004, Training Error Rate: 8.92% (5350/60000)


Average Test loss: 0.0001, Test Error Rate: 8.61% (861/10000)

Train Epoch: 188 [20000/60000 (33%)]	Loss: 0.071784
Train Epoch: 188 [40000/60000 (67%)]	Loss: 0.099630
