/vast/home/ajherman/miniconda3/envs/pytorch/lib/python3.11/site-packages/torchvision/io/image.py:13: UserWarning: Failed to load image Python extension: '/vast/home/ajherman/miniconda3/envs/pytorch/lib/python3.11/site-packages/torchvision/image.so: undefined symbol: _ZN5torch3jit17parseSchemaOrNameERKNSt7__cxx1112basic_stringIcSt11char_traitsIcESaIcEEE'If you don't plan on using image functionality from `torchvision.io`, you can ignore this warning. Otherwise, there might be something wrong with your environment. Did you have `libjpeg` or `libpng` installed before building `torchvision` from source?
  warn(
Random seed set as 42
dt =  0.22119921692859512
trace decay =  0.7165313105737893
Random seed set as 42
Random seed set as 42
dt =  0.22119921692859512
trace decay =  0.7165313105737893
Random seed set as 42
Train Epoch: 0 [20000/60000 (33%)]	Loss: 0.328069
Train Epoch: 0 [40000/60000 (67%)]	Loss: 0.256311
Train Epoch: 0 [60000/60000 (100%)]	Loss: 0.240634

Average Training loss: 0.0016, Training Error Rate: 37.52% (22512/60000)


Average Test loss: 0.0002, Test Error Rate: 20.84% (2084/10000)

Train Epoch: 1 [20000/60000 (33%)]	Loss: 0.217014
Train Epoch: 1 [40000/60000 (67%)]	Loss: 0.192767
Train Epoch: 1 [60000/60000 (100%)]	Loss: 0.185406

Average Training loss: 0.0011, Training Error Rate: 19.93% (11958/60000)


Average Test loss: 0.0002, Test Error Rate: 17.78% (1778/10000)

Train Epoch: 2 [20000/60000 (33%)]	Loss: 0.166318
Train Epoch: 2 [40000/60000 (67%)]	Loss: 0.175544
Train Epoch: 2 [60000/60000 (100%)]	Loss: 0.184610

Average Training loss: 0.0009, Training Error Rate: 16.85% (10108/60000)


Average Test loss: 0.0002, Test Error Rate: 15.90% (1590/10000)

Train Epoch: 3 [20000/60000 (33%)]	Loss: 0.168671
Train Epoch: 3 [40000/60000 (67%)]	Loss: 0.147117
Train Epoch: 3 [60000/60000 (100%)]	Loss: 0.153494

Average Training loss: 0.0008, Training Error Rate: 15.54% (9326/60000)


Average Test loss: 0.0001, Test Error Rate: 13.52% (1352/10000)

Train Epoch: 4 [20000/60000 (33%)]	Loss: 0.140890
Train Epoch: 4 [40000/60000 (67%)]	Loss: 0.162969
Train Epoch: 4 [60000/60000 (100%)]	Loss: 0.141096

Average Training loss: 0.0008, Training Error Rate: 14.16% (8495/60000)


Average Test loss: 0.0001, Test Error Rate: 13.14% (1314/10000)

Train Epoch: 5 [20000/60000 (33%)]	Loss: 0.146680
Train Epoch: 5 [40000/60000 (67%)]	Loss: 0.146461
Train Epoch: 5 [60000/60000 (100%)]	Loss: 0.160584

Average Training loss: 0.0007, Training Error Rate: 13.81% (8285/60000)


Average Test loss: 0.0001, Test Error Rate: 13.02% (1302/10000)

Train Epoch: 6 [20000/60000 (33%)]	Loss: 0.148214
Train Epoch: 6 [40000/60000 (67%)]	Loss: 0.131310
Train Epoch: 6 [60000/60000 (100%)]	Loss: 0.123199

Average Training loss: 0.0007, Training Error Rate: 13.46% (8077/60000)


Average Test loss: 0.0001, Test Error Rate: 12.10% (1210/10000)

Train Epoch: 7 [20000/60000 (33%)]	Loss: 0.151308
Train Epoch: 7 [40000/60000 (67%)]	Loss: 0.155689
Train Epoch: 7 [60000/60000 (100%)]	Loss: 0.123490

Average Training loss: 0.0007, Training Error Rate: 12.76% (7656/60000)


Average Test loss: 0.0001, Test Error Rate: 11.87% (1187/10000)

Train Epoch: 8 [20000/60000 (33%)]	Loss: 0.120499
Train Epoch: 8 [40000/60000 (67%)]	Loss: 0.136103
Train Epoch: 8 [60000/60000 (100%)]	Loss: 0.123653

Average Training loss: 0.0006, Training Error Rate: 12.45% (7472/60000)


Average Test loss: 0.0001, Test Error Rate: 11.86% (1186/10000)

Train Epoch: 9 [20000/60000 (33%)]	Loss: 0.127587
Train Epoch: 9 [40000/60000 (67%)]	Loss: 0.119938
Train Epoch: 9 [60000/60000 (100%)]	Loss: 0.115776

Average Training loss: 0.0006, Training Error Rate: 12.25% (7349/60000)


Average Test loss: 0.0001, Test Error Rate: 11.29% (1129/10000)

Train Epoch: 10 [20000/60000 (33%)]	Loss: 0.116328
Train Epoch: 10 [40000/60000 (67%)]	Loss: 0.138799
Train Epoch: 10 [60000/60000 (100%)]	Loss: 0.114161

Average Training loss: 0.0006, Training Error Rate: 12.13% (7281/60000)


Average Test loss: 0.0001, Test Error Rate: 10.82% (1082/10000)

Train Epoch: 11 [20000/60000 (33%)]	Loss: 0.105052
Train Epoch: 11 [40000/60000 (67%)]	Loss: 0.135663
Train Epoch: 11 [60000/60000 (100%)]	Loss: 0.116953

Average Training loss: 0.0006, Training Error Rate: 11.54% (6923/60000)


Average Test loss: 0.0001, Test Error Rate: 11.01% (1101/10000)

Train Epoch: 12 [20000/60000 (33%)]	Loss: 0.141281
Train Epoch: 12 [40000/60000 (67%)]	Loss: 0.109616
Train Epoch: 12 [60000/60000 (100%)]	Loss: 0.113259

Average Training loss: 0.0006, Training Error Rate: 11.61% (6967/60000)


Average Test loss: 0.0001, Test Error Rate: 10.61% (1061/10000)

Train Epoch: 13 [20000/60000 (33%)]	Loss: 0.105396
Train Epoch: 13 [40000/60000 (67%)]	Loss: 0.117562
Train Epoch: 13 [60000/60000 (100%)]	Loss: 0.091616

Average Training loss: 0.0006, Training Error Rate: 11.07% (6644/60000)


Average Test loss: 0.0001, Test Error Rate: 10.17% (1017/10000)

Train Epoch: 14 [20000/60000 (33%)]	Loss: 0.114753
Train Epoch: 14 [40000/60000 (67%)]	Loss: 0.132261
Train Epoch: 14 [60000/60000 (100%)]	Loss: 0.111507

Average Training loss: 0.0006, Training Error Rate: 11.01% (6607/60000)


Average Test loss: 0.0001, Test Error Rate: 10.11% (1011/10000)

Train Epoch: 15 [20000/60000 (33%)]	Loss: 0.128809
Train Epoch: 15 [40000/60000 (67%)]	Loss: 0.122253
Train Epoch: 15 [60000/60000 (100%)]	Loss: 0.110927

Average Training loss: 0.0006, Training Error Rate: 10.92% (6550/60000)


Average Test loss: 0.0001, Test Error Rate: 10.47% (1047/10000)

Train Epoch: 16 [20000/60000 (33%)]	Loss: 0.125364
Train Epoch: 16 [40000/60000 (67%)]	Loss: 0.118461
Train Epoch: 16 [60000/60000 (100%)]	Loss: 0.121638

Average Training loss: 0.0006, Training Error Rate: 10.76% (6457/60000)


Average Test loss: 0.0001, Test Error Rate: 10.18% (1018/10000)

Train Epoch: 17 [20000/60000 (33%)]	Loss: 0.118161
Train Epoch: 17 [40000/60000 (67%)]	Loss: 0.107915
Train Epoch: 17 [60000/60000 (100%)]	Loss: 0.097314

Average Training loss: 0.0005, Training Error Rate: 10.53% (6320/60000)


Average Test loss: 0.0001, Test Error Rate: 9.75% (975/10000)

Train Epoch: 18 [20000/60000 (33%)]	Loss: 0.104997
Train Epoch: 18 [40000/60000 (67%)]	Loss: 0.117082
Train Epoch: 18 [60000/60000 (100%)]	Loss: 0.109441

Average Training loss: 0.0005, Training Error Rate: 10.32% (6195/60000)


Average Test loss: 0.0001, Test Error Rate: 9.83% (983/10000)

Train Epoch: 19 [20000/60000 (33%)]	Loss: 0.121055
Train Epoch: 19 [40000/60000 (67%)]	Loss: 0.102817
Train Epoch: 19 [60000/60000 (100%)]	Loss: 0.100757

Average Training loss: 0.0005, Training Error Rate: 10.44% (6265/60000)


Average Test loss: 0.0001, Test Error Rate: 10.06% (1006/10000)

Train Epoch: 20 [20000/60000 (33%)]	Loss: 0.100880
Train Epoch: 20 [40000/60000 (67%)]	Loss: 0.114570
Train Epoch: 20 [60000/60000 (100%)]	Loss: 0.101390

Average Training loss: 0.0005, Training Error Rate: 10.11% (6063/60000)


Average Test loss: 0.0001, Test Error Rate: 10.20% (1020/10000)

Train Epoch: 21 [20000/60000 (33%)]	Loss: 0.094628
Train Epoch: 21 [40000/60000 (67%)]	Loss: 0.097539
Train Epoch: 21 [60000/60000 (100%)]	Loss: 0.106192

Average Training loss: 0.0005, Training Error Rate: 10.16% (6095/60000)


Average Test loss: 0.0001, Test Error Rate: 9.44% (944/10000)

Train Epoch: 22 [20000/60000 (33%)]	Loss: 0.103177
Train Epoch: 22 [40000/60000 (67%)]	Loss: 0.121891
Train Epoch: 22 [60000/60000 (100%)]	Loss: 0.110901

Average Training loss: 0.0005, Training Error Rate: 10.09% (6055/60000)


Average Test loss: 0.0001, Test Error Rate: 9.85% (985/10000)

Train Epoch: 23 [20000/60000 (33%)]	Loss: 0.099060
Train Epoch: 23 [40000/60000 (67%)]	Loss: 0.102323
Train Epoch: 23 [60000/60000 (100%)]	Loss: 0.102469

Average Training loss: 0.0005, Training Error Rate: 9.87% (5921/60000)


Average Test loss: 0.0001, Test Error Rate: 9.58% (958/10000)

Train Epoch: 24 [20000/60000 (33%)]	Loss: 0.096150
Train Epoch: 24 [40000/60000 (67%)]	Loss: 0.124723
Train Epoch: 24 [60000/60000 (100%)]	Loss: 0.102176

Average Training loss: 0.0005, Training Error Rate: 9.74% (5843/60000)


Average Test loss: 0.0001, Test Error Rate: 9.61% (961/10000)

Train Epoch: 25 [20000/60000 (33%)]	Loss: 0.117248
Train Epoch: 25 [40000/60000 (67%)]	Loss: 0.087647
Train Epoch: 25 [60000/60000 (100%)]	Loss: 0.083630

Average Training loss: 0.0005, Training Error Rate: 9.74% (5842/60000)


Average Test loss: 0.0001, Test Error Rate: 9.27% (927/10000)

Train Epoch: 26 [20000/60000 (33%)]	Loss: 0.109643
Train Epoch: 26 [40000/60000 (67%)]	Loss: 0.093023
Train Epoch: 26 [60000/60000 (100%)]	Loss: 0.093346

Average Training loss: 0.0005, Training Error Rate: 9.57% (5741/60000)


Average Test loss: 0.0001, Test Error Rate: 8.86% (886/10000)

Train Epoch: 27 [20000/60000 (33%)]	Loss: 0.070274
Train Epoch: 27 [40000/60000 (67%)]	Loss: 0.087045
Train Epoch: 27 [60000/60000 (100%)]	Loss: 0.106603

Average Training loss: 0.0005, Training Error Rate: 9.30% (5578/60000)


Average Test loss: 0.0001, Test Error Rate: 8.55% (855/10000)

Train Epoch: 28 [20000/60000 (33%)]	Loss: 0.090801
Train Epoch: 28 [40000/60000 (67%)]	Loss: 0.079620
Train Epoch: 28 [60000/60000 (100%)]	Loss: 0.103254

Average Training loss: 0.0005, Training Error Rate: 9.27% (5563/60000)


Average Test loss: 0.0001, Test Error Rate: 8.73% (873/10000)

Train Epoch: 29 [20000/60000 (33%)]	Loss: 0.102303
Train Epoch: 29 [40000/60000 (67%)]	Loss: 0.103626
Train Epoch: 29 [60000/60000 (100%)]	Loss: 0.091894

Average Training loss: 0.0005, Training Error Rate: 9.15% (5488/60000)


Average Test loss: 0.0001, Test Error Rate: 8.83% (883/10000)

Train Epoch: 30 [20000/60000 (33%)]	Loss: 0.082463
Train Epoch: 30 [40000/60000 (67%)]	Loss: 0.096355
Train Epoch: 30 [60000/60000 (100%)]	Loss: 0.100640

Average Training loss: 0.0005, Training Error Rate: 9.16% (5494/60000)


Average Test loss: 0.0001, Test Error Rate: 8.75% (875/10000)

Train Epoch: 31 [20000/60000 (33%)]	Loss: 0.102475
Train Epoch: 31 [40000/60000 (67%)]	Loss: 0.090907
Train Epoch: 31 [60000/60000 (100%)]	Loss: 0.081770

Average Training loss: 0.0005, Training Error Rate: 9.10% (5460/60000)


Average Test loss: 0.0001, Test Error Rate: 8.60% (860/10000)

Train Epoch: 32 [20000/60000 (33%)]	Loss: 0.071646
Train Epoch: 32 [40000/60000 (67%)]	Loss: 0.081452
Train Epoch: 32 [60000/60000 (100%)]	Loss: 0.083395

Average Training loss: 0.0004, Training Error Rate: 8.70% (5220/60000)


Average Test loss: 0.0001, Test Error Rate: 8.38% (838/10000)

Train Epoch: 33 [20000/60000 (33%)]	Loss: 0.083555
Train Epoch: 33 [40000/60000 (67%)]	Loss: 0.073714
Train Epoch: 33 [60000/60000 (100%)]	Loss: 0.088580

Average Training loss: 0.0004, Training Error Rate: 8.86% (5315/60000)


Average Test loss: 0.0001, Test Error Rate: 8.44% (844/10000)

Train Epoch: 34 [20000/60000 (33%)]	Loss: 0.065644
Train Epoch: 34 [40000/60000 (67%)]	Loss: 0.093641
Train Epoch: 34 [60000/60000 (100%)]	Loss: 0.083612

Average Training loss: 0.0004, Training Error Rate: 8.84% (5306/60000)


Average Test loss: 0.0001, Test Error Rate: 8.81% (881/10000)

Train Epoch: 35 [20000/60000 (33%)]	Loss: 0.067032
Train Epoch: 35 [40000/60000 (67%)]	Loss: 0.085196
Train Epoch: 35 [60000/60000 (100%)]	Loss: 0.072832

Average Training loss: 0.0004, Training Error Rate: 8.86% (5314/60000)


Average Test loss: 0.0001, Test Error Rate: 8.53% (853/10000)

Train Epoch: 36 [20000/60000 (33%)]	Loss: 0.071752
Train Epoch: 36 [40000/60000 (67%)]	Loss: 0.075587
Train Epoch: 36 [60000/60000 (100%)]	Loss: 0.077104

Average Training loss: 0.0004, Training Error Rate: 8.68% (5210/60000)


Average Test loss: 0.0001, Test Error Rate: 8.06% (806/10000)

Train Epoch: 37 [20000/60000 (33%)]	Loss: 0.084183
Train Epoch: 37 [40000/60000 (67%)]	Loss: 0.071898
Train Epoch: 37 [60000/60000 (100%)]	Loss: 0.091816

Average Training loss: 0.0004, Training Error Rate: 8.84% (5304/60000)


Average Test loss: 0.0001, Test Error Rate: 8.31% (831/10000)

Train Epoch: 38 [20000/60000 (33%)]	Loss: 0.088715
Train Epoch: 38 [40000/60000 (67%)]	Loss: 0.066793
Train Epoch: 38 [60000/60000 (100%)]	Loss: 0.094816

Average Training loss: 0.0004, Training Error Rate: 8.38% (5030/60000)


Average Test loss: 0.0001, Test Error Rate: 8.18% (818/10000)

Train Epoch: 39 [20000/60000 (33%)]	Loss: 0.090774
Train Epoch: 39 [40000/60000 (67%)]	Loss: 0.083204
Train Epoch: 39 [60000/60000 (100%)]	Loss: 0.098207

Average Training loss: 0.0004, Training Error Rate: 8.40% (5042/60000)


Average Test loss: 0.0001, Test Error Rate: 8.35% (835/10000)

Train Epoch: 40 [20000/60000 (33%)]	Loss: 0.097056
Train Epoch: 40 [40000/60000 (67%)]	Loss: 0.083910
Train Epoch: 40 [60000/60000 (100%)]	Loss: 0.091139

Average Training loss: 0.0004, Training Error Rate: 8.44% (5061/60000)


Average Test loss: 0.0001, Test Error Rate: 7.99% (799/10000)

Train Epoch: 41 [20000/60000 (33%)]	Loss: 0.064020
slurmstepd: error: *** STEP 15492359.159 ON cn431 CANCELLED AT 2023-10-03T12:06:28 ***
