/vast/home/ajherman/miniconda3/envs/pytorch/lib/python3.11/site-packages/torchvision/io/image.py:13: UserWarning: Failed to load image Python extension: '/vast/home/ajherman/miniconda3/envs/pytorch/lib/python3.11/site-packages/torchvision/image.so: undefined symbol: _ZN5torch3jit17parseSchemaOrNameERKNSt7__cxx1112basic_stringIcSt11char_traitsIcESaIcEEE'If you don't plan on using image functionality from `torchvision.io`, you can ignore this warning. Otherwise, there might be something wrong with your environment. Did you have `libjpeg` or `libpng` installed before building `torchvision` from source?
  warn(
Random seed set as 42
dt =  0.3934693402873666
trace decay =  0.6065306597126334
Random seed set as 42
Random seed set as 42
dt =  0.3934693402873666
trace decay =  0.6065306597126334
Random seed set as 42
Train Epoch: 0 [20000/60000 (33%)]	Loss: 0.459411
Train Epoch: 0 [40000/60000 (67%)]	Loss: 0.497804
Train Epoch: 0 [60000/60000 (100%)]	Loss: 0.454327

Average Training loss: 0.0024, Training Error Rate: 85.37% (51220/60000)


Average Test loss: 0.0004, Test Error Rate: 83.39% (8339/10000)

Train Epoch: 1 [20000/60000 (33%)]	Loss: 0.461067
Train Epoch: 1 [40000/60000 (67%)]	Loss: 0.433427
Train Epoch: 1 [60000/60000 (100%)]	Loss: 0.422089

Average Training loss: 0.0022, Training Error Rate: 80.31% (48187/60000)


Average Test loss: 0.0004, Test Error Rate: 78.35% (7835/10000)

Train Epoch: 2 [20000/60000 (33%)]	Loss: 0.418535
Train Epoch: 2 [40000/60000 (67%)]	Loss: 0.428339
Train Epoch: 2 [60000/60000 (100%)]	Loss: 0.431741

Average Training loss: 0.0021, Training Error Rate: 75.71% (45424/60000)


Average Test loss: 0.0005, Test Error Rate: 79.38% (7938/10000)

Train Epoch: 3 [20000/60000 (33%)]	Loss: 0.421964
Train Epoch: 3 [40000/60000 (67%)]	Loss: 0.428740
Train Epoch: 3 [60000/60000 (100%)]	Loss: 0.394672

Average Training loss: 0.0021, Training Error Rate: 70.37% (42220/60000)


Average Test loss: 0.0004, Test Error Rate: 62.84% (6284/10000)

Train Epoch: 4 [20000/60000 (33%)]	Loss: 0.361270
Train Epoch: 4 [40000/60000 (67%)]	Loss: 0.336710
Train Epoch: 4 [60000/60000 (100%)]	Loss: 0.325067

Average Training loss: 0.0019, Training Error Rate: 59.87% (35921/60000)


Average Test loss: 0.0004, Test Error Rate: 52.13% (5213/10000)

Train Epoch: 5 [20000/60000 (33%)]	Loss: 0.346865
Train Epoch: 5 [40000/60000 (67%)]	Loss: 0.332818
Train Epoch: 5 [60000/60000 (100%)]	Loss: 0.335021

Average Training loss: 0.0017, Training Error Rate: 51.01% (30608/60000)


Average Test loss: 0.0003, Test Error Rate: 47.43% (4743/10000)

Train Epoch: 6 [20000/60000 (33%)]	Loss: 0.327069
Train Epoch: 6 [40000/60000 (67%)]	Loss: 0.310079
Train Epoch: 6 [60000/60000 (100%)]	Loss: 0.299528

Average Training loss: 0.0016, Training Error Rate: 44.35% (26608/60000)


Average Test loss: 0.0003, Test Error Rate: 44.67% (4467/10000)

Train Epoch: 7 [20000/60000 (33%)]	Loss: 0.253751
Train Epoch: 7 [40000/60000 (67%)]	Loss: 0.251377
Train Epoch: 7 [60000/60000 (100%)]	Loss: 0.279149

Average Training loss: 0.0014, Training Error Rate: 36.26% (21756/60000)


Average Test loss: 0.0003, Test Error Rate: 36.56% (3656/10000)

Train Epoch: 8 [20000/60000 (33%)]	Loss: 0.206807
Train Epoch: 8 [40000/60000 (67%)]	Loss: 0.230632
Train Epoch: 8 [60000/60000 (100%)]	Loss: 0.227569

Average Training loss: 0.0012, Training Error Rate: 29.18% (17511/60000)


Average Test loss: 0.0002, Test Error Rate: 26.02% (2602/10000)

Train Epoch: 9 [20000/60000 (33%)]	Loss: 0.206883
Train Epoch: 9 [40000/60000 (67%)]	Loss: 0.188738
Train Epoch: 9 [60000/60000 (100%)]	Loss: 0.186774

Average Training loss: 0.0010, Training Error Rate: 24.20% (14520/60000)


Average Test loss: 0.0002, Test Error Rate: 22.52% (2252/10000)

Train Epoch: 10 [20000/60000 (33%)]	Loss: 0.176161
Train Epoch: 10 [40000/60000 (67%)]	Loss: 0.229721
Train Epoch: 10 [60000/60000 (100%)]	Loss: 0.179214

Average Training loss: 0.0010, Training Error Rate: 22.08% (13247/60000)


Average Test loss: 0.0002, Test Error Rate: 22.04% (2204/10000)

Train Epoch: 11 [20000/60000 (33%)]	Loss: 0.187997
Train Epoch: 11 [40000/60000 (67%)]	Loss: 0.181697
Train Epoch: 11 [60000/60000 (100%)]	Loss: 0.157221

Average Training loss: 0.0009, Training Error Rate: 20.59% (12353/60000)


Average Test loss: 0.0002, Test Error Rate: 19.13% (1913/10000)

Train Epoch: 12 [20000/60000 (33%)]	Loss: 0.150828
Train Epoch: 12 [40000/60000 (67%)]	Loss: 0.187308
Train Epoch: 12 [60000/60000 (100%)]	Loss: 0.201556

Average Training loss: 0.0009, Training Error Rate: 18.60% (11161/60000)


Average Test loss: 0.0002, Test Error Rate: 18.51% (1851/10000)

Train Epoch: 13 [20000/60000 (33%)]	Loss: 0.140581
Train Epoch: 13 [40000/60000 (67%)]	Loss: 0.169430
Train Epoch: 13 [60000/60000 (100%)]	Loss: 0.132851

Average Training loss: 0.0009, Training Error Rate: 16.97% (10183/60000)


Average Test loss: 0.0002, Test Error Rate: 16.48% (1648/10000)

Train Epoch: 14 [20000/60000 (33%)]	Loss: 0.197082
Train Epoch: 14 [40000/60000 (67%)]	Loss: 0.152988
Train Epoch: 14 [60000/60000 (100%)]	Loss: 0.142949

Average Training loss: 0.0008, Training Error Rate: 15.97% (9583/60000)


Average Test loss: 0.0002, Test Error Rate: 15.65% (1565/10000)

Train Epoch: 15 [20000/60000 (33%)]	Loss: 0.151205
Train Epoch: 15 [40000/60000 (67%)]	Loss: 0.155252
Train Epoch: 15 [60000/60000 (100%)]	Loss: 0.164182

Average Training loss: 0.0007, Training Error Rate: 14.31% (8584/60000)


Average Test loss: 0.0001, Test Error Rate: 14.03% (1403/10000)

Train Epoch: 16 [20000/60000 (33%)]	Loss: 0.152079
Train Epoch: 16 [40000/60000 (67%)]	Loss: 0.135123
Train Epoch: 16 [60000/60000 (100%)]	Loss: 0.138620

Average Training loss: 0.0007, Training Error Rate: 13.97% (8381/60000)


Average Test loss: 0.0001, Test Error Rate: 12.65% (1265/10000)

Train Epoch: 17 [20000/60000 (33%)]	Loss: 0.110223
Train Epoch: 17 [40000/60000 (67%)]	Loss: 0.116977
Train Epoch: 17 [60000/60000 (100%)]	Loss: 0.131555

Average Training loss: 0.0006, Training Error Rate: 12.98% (7790/60000)


Average Test loss: 0.0001, Test Error Rate: 13.57% (1357/10000)

Train Epoch: 18 [20000/60000 (33%)]	Loss: 0.106652
Train Epoch: 18 [40000/60000 (67%)]	Loss: 0.137002
Train Epoch: 18 [60000/60000 (100%)]	Loss: 0.129043

Average Training loss: 0.0006, Training Error Rate: 12.56% (7536/60000)


Average Test loss: 0.0001, Test Error Rate: 12.70% (1270/10000)

Train Epoch: 19 [20000/60000 (33%)]	Loss: 0.130621
Train Epoch: 19 [40000/60000 (67%)]	Loss: 0.107651
Train Epoch: 19 [60000/60000 (100%)]	Loss: 0.100667

Average Training loss: 0.0006, Training Error Rate: 12.43% (7458/60000)


Average Test loss: 0.0001, Test Error Rate: 11.95% (1195/10000)

Train Epoch: 20 [20000/60000 (33%)]	Loss: 0.086074
Train Epoch: 20 [40000/60000 (67%)]	Loss: 0.175936
Train Epoch: 20 [60000/60000 (100%)]	Loss: 0.113841

Average Training loss: 0.0006, Training Error Rate: 11.94% (7165/60000)


Average Test loss: 0.0001, Test Error Rate: 11.25% (1125/10000)

Train Epoch: 21 [20000/60000 (33%)]	Loss: 0.123880
Train Epoch: 21 [40000/60000 (67%)]	Loss: 0.103949
Train Epoch: 21 [60000/60000 (100%)]	Loss: 0.124110

Average Training loss: 0.0005, Training Error Rate: 11.88% (7125/60000)


Average Test loss: 0.0001, Test Error Rate: 11.70% (1170/10000)

Train Epoch: 22 [20000/60000 (33%)]	Loss: 0.120771
Train Epoch: 22 [40000/60000 (67%)]	Loss: 0.171561
Train Epoch: 22 [60000/60000 (100%)]	Loss: 0.154033

Average Training loss: 0.0006, Training Error Rate: 11.71% (7028/60000)


Average Test loss: 0.0001, Test Error Rate: 10.60% (1060/10000)

Train Epoch: 23 [20000/60000 (33%)]	Loss: 0.107633
Train Epoch: 23 [40000/60000 (67%)]	Loss: 0.118915
Train Epoch: 23 [60000/60000 (100%)]	Loss: 0.111021

Average Training loss: 0.0005, Training Error Rate: 11.43% (6855/60000)


Average Test loss: 0.0001, Test Error Rate: 10.58% (1058/10000)

Train Epoch: 24 [20000/60000 (33%)]	Loss: 0.075168
Train Epoch: 24 [40000/60000 (67%)]	Loss: 0.121921
Train Epoch: 24 [60000/60000 (100%)]	Loss: 0.112927

Average Training loss: 0.0005, Training Error Rate: 11.68% (7005/60000)


Average Test loss: 0.0001, Test Error Rate: 11.19% (1119/10000)

Train Epoch: 25 [20000/60000 (33%)]	Loss: 0.114209
Train Epoch: 25 [40000/60000 (67%)]	Loss: 0.091063
Train Epoch: 25 [60000/60000 (100%)]	Loss: 0.116635

Average Training loss: 0.0005, Training Error Rate: 11.07% (6645/60000)


Average Test loss: 0.0001, Test Error Rate: 11.24% (1124/10000)

Train Epoch: 26 [20000/60000 (33%)]	Loss: 0.130279
Train Epoch: 26 [40000/60000 (67%)]	Loss: 0.099368
Train Epoch: 26 [60000/60000 (100%)]	Loss: 0.101298

Average Training loss: 0.0005, Training Error Rate: 11.45% (6872/60000)


Average Test loss: 0.0001, Test Error Rate: 10.54% (1054/10000)

Train Epoch: 27 [20000/60000 (33%)]	Loss: 0.063159
Train Epoch: 27 [40000/60000 (67%)]	Loss: 0.086522
Train Epoch: 27 [60000/60000 (100%)]	Loss: 0.107870

Average Training loss: 0.0005, Training Error Rate: 11.12% (6671/60000)


Average Test loss: 0.0001, Test Error Rate: 10.86% (1086/10000)

Train Epoch: 28 [20000/60000 (33%)]	Loss: 0.113951
Train Epoch: 28 [40000/60000 (67%)]	Loss: 0.081663
Train Epoch: 28 [60000/60000 (100%)]	Loss: 0.116710

Average Training loss: 0.0005, Training Error Rate: 10.90% (6538/60000)


Average Test loss: 0.0001, Test Error Rate: 10.07% (1007/10000)

Train Epoch: 29 [20000/60000 (33%)]	Loss: 0.118393
Train Epoch: 29 [40000/60000 (67%)]	Loss: 0.133099
Train Epoch: 29 [60000/60000 (100%)]	Loss: 0.109110

Average Training loss: 0.0005, Training Error Rate: 11.08% (6647/60000)


Average Test loss: 0.0001, Test Error Rate: 10.70% (1070/10000)

Train Epoch: 30 [20000/60000 (33%)]	Loss: 0.098523
Train Epoch: 30 [40000/60000 (67%)]	Loss: 0.103841
Train Epoch: 30 [60000/60000 (100%)]	Loss: 0.112255

Average Training loss: 0.0005, Training Error Rate: 10.79% (6477/60000)


Average Test loss: 0.0001, Test Error Rate: 11.15% (1115/10000)

Train Epoch: 31 [20000/60000 (33%)]	Loss: 0.120373
Train Epoch: 31 [40000/60000 (67%)]	Loss: 0.055421
Train Epoch: 31 [60000/60000 (100%)]	Loss: 0.113454

Average Training loss: 0.0005, Training Error Rate: 11.12% (6675/60000)


Average Test loss: 0.0001, Test Error Rate: 10.04% (1004/10000)

Train Epoch: 32 [20000/60000 (33%)]	Loss: 0.088648
Train Epoch: 32 [40000/60000 (67%)]	Loss: 0.128678
Train Epoch: 32 [60000/60000 (100%)]	Loss: 0.102970

Average Training loss: 0.0005, Training Error Rate: 10.73% (6439/60000)


Average Test loss: 0.0001, Test Error Rate: 10.82% (1082/10000)

Train Epoch: 33 [20000/60000 (33%)]	Loss: 0.110958
Train Epoch: 33 [40000/60000 (67%)]	Loss: 0.110765
Train Epoch: 33 [60000/60000 (100%)]	Loss: 0.083066

Average Training loss: 0.0005, Training Error Rate: 10.96% (6573/60000)


Average Test loss: 0.0001, Test Error Rate: 10.78% (1078/10000)

Train Epoch: 34 [20000/60000 (33%)]	Loss: 0.064442
Train Epoch: 34 [40000/60000 (67%)]	Loss: 0.094688
Train Epoch: 34 [60000/60000 (100%)]	Loss: 0.081836

Average Training loss: 0.0005, Training Error Rate: 10.40% (6238/60000)


Average Test loss: 0.0001, Test Error Rate: 10.42% (1042/10000)

Train Epoch: 35 [20000/60000 (33%)]	Loss: 0.074925
Train Epoch: 35 [40000/60000 (67%)]	Loss: 0.102248
Train Epoch: 35 [60000/60000 (100%)]	Loss: 0.083370

Average Training loss: 0.0005, Training Error Rate: 10.41% (6246/60000)


Average Test loss: 0.0001, Test Error Rate: 10.20% (1020/10000)

Train Epoch: 36 [20000/60000 (33%)]	Loss: 0.089478
Train Epoch: 36 [40000/60000 (67%)]	Loss: 0.090362
Train Epoch: 36 [60000/60000 (100%)]	Loss: 0.068524

Average Training loss: 0.0005, Training Error Rate: 10.45% (6268/60000)


Average Test loss: 0.0001, Test Error Rate: 10.15% (1015/10000)

Train Epoch: 37 [20000/60000 (33%)]	Loss: 0.102015
Train Epoch: 37 [40000/60000 (67%)]	Loss: 0.067616
Train Epoch: 37 [60000/60000 (100%)]	Loss: 0.093897

Average Training loss: 0.0005, Training Error Rate: 10.44% (6262/60000)


Average Test loss: 0.0001, Test Error Rate: 10.71% (1071/10000)

Train Epoch: 38 [20000/60000 (33%)]	Loss: 0.080696
Train Epoch: 38 [40000/60000 (67%)]	Loss: 0.061492
Train Epoch: 38 [60000/60000 (100%)]	Loss: 0.150543

Average Training loss: 0.0005, Training Error Rate: 10.27% (6164/60000)


Average Test loss: 0.0001, Test Error Rate: 9.99% (999/10000)

Train Epoch: 39 [20000/60000 (33%)]	Loss: 0.124244
Train Epoch: 39 [40000/60000 (67%)]	Loss: 0.100205
Train Epoch: 39 [60000/60000 (100%)]	Loss: 0.102955

Average Training loss: 0.0005, Training Error Rate: 10.50% (6302/60000)


Average Test loss: 0.0001, Test Error Rate: 10.17% (1017/10000)

Train Epoch: 40 [20000/60000 (33%)]	Loss: 0.124230
Train Epoch: 40 [40000/60000 (67%)]	Loss: 0.068960
Train Epoch: 40 [60000/60000 (100%)]	Loss: 0.092309

Average Training loss: 0.0005, Training Error Rate: 10.26% (6157/60000)


Average Test loss: 0.0001, Test Error Rate: 9.83% (983/10000)

Train Epoch: 41 [20000/60000 (33%)]	Loss: 0.068834
Train Epoch: 41 [40000/60000 (67%)]	Loss: 0.095647
slurmstepd: error: *** STEP 15491790.1914 ON cn432 CANCELLED AT 2023-10-02T20:55:05 ***
/vast/home/ajherman/miniconda3/envs/pytorch/lib/python3.11/site-packages/torchvision/io/image.py:13: UserWarning: Failed to load image Python extension: '/vast/home/ajherman/miniconda3/envs/pytorch/lib/python3.11/site-packages/torchvision/image.so: undefined symbol: _ZN5torch3jit17parseSchemaOrNameERKNSt7__cxx1112basic_stringIcSt11char_traitsIcESaIcEEE'If you don't plan on using image functionality from `torchvision.io`, you can ignore this warning. Otherwise, there might be something wrong with your environment. Did you have `libjpeg` or `libpng` installed before building `torchvision` from source?
  warn(
Random seed set as 42
dt =  0.3934693402873666
trace decay =  0.6065306597126334
Random seed set as 42
Random seed set as 42
dt =  0.3934693402873666
trace decay =  0.6065306597126334
Random seed set as 42
Train Epoch: 41 [20000/60000 (33%)]	Loss: 0.090508
Train Epoch: 41 [40000/60000 (67%)]	Loss: 0.090322
Train Epoch: 41 [60000/60000 (100%)]	Loss: 0.117908

Average Training loss: 0.0005, Training Error Rate: 10.23% (6138/60000)


Average Test loss: 0.0001, Test Error Rate: 10.52% (1052/10000)

Train Epoch: 42 [20000/60000 (33%)]	Loss: 0.091106
Train Epoch: 42 [40000/60000 (67%)]	Loss: 0.114037
Train Epoch: 42 [60000/60000 (100%)]	Loss: 0.068822

Average Training loss: 0.0005, Training Error Rate: 10.14% (6083/60000)


Average Test loss: 0.0001, Test Error Rate: 9.78% (978/10000)

Train Epoch: 43 [20000/60000 (33%)]	Loss: 0.091891
Train Epoch: 43 [40000/60000 (67%)]	Loss: 0.086206
Train Epoch: 43 [60000/60000 (100%)]	Loss: 0.115817

Average Training loss: 0.0005, Training Error Rate: 10.11% (6063/60000)


Average Test loss: 0.0001, Test Error Rate: 10.55% (1055/10000)

Train Epoch: 44 [20000/60000 (33%)]	Loss: 0.108273
Train Epoch: 44 [40000/60000 (67%)]	Loss: 0.074037
Train Epoch: 44 [60000/60000 (100%)]	Loss: 0.113790

Average Training loss: 0.0005, Training Error Rate: 10.21% (6123/60000)


Average Test loss: 0.0001, Test Error Rate: 9.55% (955/10000)

Train Epoch: 45 [20000/60000 (33%)]	Loss: 0.093918
Train Epoch: 45 [40000/60000 (67%)]	Loss: 0.064760
Train Epoch: 45 [60000/60000 (100%)]	Loss: 0.069293

Average Training loss: 0.0005, Training Error Rate: 10.03% (6020/60000)


Average Test loss: 0.0001, Test Error Rate: 10.49% (1049/10000)

Train Epoch: 46 [20000/60000 (33%)]	Loss: 0.102062
Train Epoch: 46 [40000/60000 (67%)]	Loss: 0.121557
Train Epoch: 46 [60000/60000 (100%)]	Loss: 0.127168

Average Training loss: 0.0005, Training Error Rate: 10.23% (6137/60000)


Average Test loss: 0.0001, Test Error Rate: 10.63% (1063/10000)

Train Epoch: 47 [20000/60000 (33%)]	Loss: 0.090039
Train Epoch: 47 [40000/60000 (67%)]	Loss: 0.122925
Train Epoch: 47 [60000/60000 (100%)]	Loss: 0.105758

Average Training loss: 0.0005, Training Error Rate: 10.26% (6156/60000)


Average Test loss: 0.0001, Test Error Rate: 10.54% (1054/10000)

Train Epoch: 48 [20000/60000 (33%)]	Loss: 0.125165
Train Epoch: 48 [40000/60000 (67%)]	Loss: 0.115331
Train Epoch: 48 [60000/60000 (100%)]	Loss: 0.112782

Average Training loss: 0.0005, Training Error Rate: 10.49% (6295/60000)


Average Test loss: 0.0001, Test Error Rate: 9.81% (981/10000)

Train Epoch: 49 [20000/60000 (33%)]	Loss: 0.090912
Train Epoch: 49 [40000/60000 (67%)]	Loss: 0.084262
Train Epoch: 49 [60000/60000 (100%)]	Loss: 0.086880

Average Training loss: 0.0005, Training Error Rate: 10.26% (6155/60000)


Average Test loss: 0.0001, Test Error Rate: 10.60% (1060/10000)

Train Epoch: 50 [20000/60000 (33%)]	Loss: 0.119605
Train Epoch: 50 [40000/60000 (67%)]	Loss: 0.095094
Train Epoch: 50 [60000/60000 (100%)]	Loss: 0.094717

Average Training loss: 0.0005, Training Error Rate: 10.05% (6032/60000)


Average Test loss: 0.0001, Test Error Rate: 9.83% (983/10000)

Train Epoch: 51 [20000/60000 (33%)]	Loss: 0.080979
Train Epoch: 51 [40000/60000 (67%)]	Loss: 0.088289
Train Epoch: 51 [60000/60000 (100%)]	Loss: 0.126483

Average Training loss: 0.0005, Training Error Rate: 10.08% (6050/60000)


Average Test loss: 0.0001, Test Error Rate: 10.17% (1017/10000)

Train Epoch: 52 [20000/60000 (33%)]	Loss: 0.099046
Train Epoch: 52 [40000/60000 (67%)]	Loss: 0.070624
Train Epoch: 52 [60000/60000 (100%)]	Loss: 0.070178

Average Training loss: 0.0005, Training Error Rate: 10.23% (6138/60000)


Average Test loss: 0.0001, Test Error Rate: 10.42% (1042/10000)

Train Epoch: 53 [20000/60000 (33%)]	Loss: 0.104409
Train Epoch: 53 [40000/60000 (67%)]	Loss: 0.144795
Train Epoch: 53 [60000/60000 (100%)]	Loss: 0.110601

Average Training loss: 0.0005, Training Error Rate: 10.63% (6376/60000)


Average Test loss: 0.0001, Test Error Rate: 10.32% (1032/10000)

Train Epoch: 54 [20000/60000 (33%)]	Loss: 0.095692
Train Epoch: 54 [40000/60000 (67%)]	Loss: 0.102790
Train Epoch: 54 [60000/60000 (100%)]	Loss: 0.088276

Average Training loss: 0.0005, Training Error Rate: 10.56% (6337/60000)


Average Test loss: 0.0001, Test Error Rate: 10.71% (1071/10000)

Train Epoch: 55 [20000/60000 (33%)]	Loss: 0.102010
Train Epoch: 55 [40000/60000 (67%)]	Loss: 0.114195
Train Epoch: 55 [60000/60000 (100%)]	Loss: 0.102619

Average Training loss: 0.0005, Training Error Rate: 10.51% (6303/60000)


Average Test loss: 0.0001, Test Error Rate: 10.16% (1016/10000)

Train Epoch: 56 [20000/60000 (33%)]	Loss: 0.093574
Train Epoch: 56 [40000/60000 (67%)]	Loss: 0.122025
Train Epoch: 56 [60000/60000 (100%)]	Loss: 0.110632

Average Training loss: 0.0005, Training Error Rate: 10.17% (6101/60000)


Average Test loss: 0.0001, Test Error Rate: 9.80% (980/10000)

Train Epoch: 57 [20000/60000 (33%)]	Loss: 0.109794
Train Epoch: 57 [40000/60000 (67%)]	Loss: 0.103689
Train Epoch: 57 [60000/60000 (100%)]	Loss: 0.082297

Average Training loss: 0.0005, Training Error Rate: 9.96% (5975/60000)


Average Test loss: 0.0001, Test Error Rate: 9.83% (983/10000)

Train Epoch: 58 [20000/60000 (33%)]	Loss: 0.106638
Train Epoch: 58 [40000/60000 (67%)]	Loss: 0.096350
Train Epoch: 58 [60000/60000 (100%)]	Loss: 0.101415

Average Training loss: 0.0005, Training Error Rate: 9.92% (5952/60000)


Average Test loss: 0.0001, Test Error Rate: 9.80% (980/10000)

Train Epoch: 59 [20000/60000 (33%)]	Loss: 0.103803
Train Epoch: 59 [40000/60000 (67%)]	Loss: 0.060047
Train Epoch: 59 [60000/60000 (100%)]	Loss: 0.113045

Average Training loss: 0.0005, Training Error Rate: 9.94% (5966/60000)


Average Test loss: 0.0001, Test Error Rate: 9.81% (981/10000)

Train Epoch: 60 [20000/60000 (33%)]	Loss: 0.102113
Train Epoch: 60 [40000/60000 (67%)]	Loss: 0.089795
Train Epoch: 60 [60000/60000 (100%)]	Loss: 0.120400

Average Training loss: 0.0005, Training Error Rate: 10.18% (6107/60000)


Average Test loss: 0.0001, Test Error Rate: 9.81% (981/10000)

Train Epoch: 61 [20000/60000 (33%)]	Loss: 0.125959
Train Epoch: 61 [40000/60000 (67%)]	Loss: 0.113131
Train Epoch: 61 [60000/60000 (100%)]	Loss: 0.112075

Average Training loss: 0.0005, Training Error Rate: 10.04% (6023/60000)


Average Test loss: 0.0001, Test Error Rate: 10.21% (1021/10000)

Train Epoch: 62 [20000/60000 (33%)]	Loss: 0.086163
Train Epoch: 62 [40000/60000 (67%)]	Loss: 0.134533
Train Epoch: 62 [60000/60000 (100%)]	Loss: 0.116867

Average Training loss: 0.0005, Training Error Rate: 10.19% (6112/60000)


Average Test loss: 0.0001, Test Error Rate: 10.45% (1045/10000)

Train Epoch: 63 [20000/60000 (33%)]	Loss: 0.109792
Train Epoch: 63 [40000/60000 (67%)]	Loss: 0.126782
Train Epoch: 63 [60000/60000 (100%)]	Loss: 0.095073

Average Training loss: 0.0005, Training Error Rate: 10.12% (6073/60000)


Average Test loss: 0.0001, Test Error Rate: 10.34% (1034/10000)

Train Epoch: 64 [20000/60000 (33%)]	Loss: 0.092272
Train Epoch: 64 [40000/60000 (67%)]	Loss: 0.103475
Train Epoch: 64 [60000/60000 (100%)]	Loss: 0.067527

Average Training loss: 0.0005, Training Error Rate: 10.17% (6100/60000)


Average Test loss: 0.0001, Test Error Rate: 10.01% (1001/10000)

Train Epoch: 65 [20000/60000 (33%)]	Loss: 0.101279
Train Epoch: 65 [40000/60000 (67%)]	Loss: 0.091908
Train Epoch: 65 [60000/60000 (100%)]	Loss: 0.098275

Average Training loss: 0.0005, Training Error Rate: 9.90% (5941/60000)


Average Test loss: 0.0001, Test Error Rate: 9.71% (971/10000)

Train Epoch: 66 [20000/60000 (33%)]	Loss: 0.111679
Train Epoch: 66 [40000/60000 (67%)]	Loss: 0.109621
Train Epoch: 66 [60000/60000 (100%)]	Loss: 0.104419

Average Training loss: 0.0005, Training Error Rate: 10.04% (6021/60000)


Average Test loss: 0.0001, Test Error Rate: 10.34% (1034/10000)

Train Epoch: 67 [20000/60000 (33%)]	Loss: 0.099825
Train Epoch: 67 [40000/60000 (67%)]	Loss: 0.118610
Train Epoch: 67 [60000/60000 (100%)]	Loss: 0.126800

Average Training loss: 0.0005, Training Error Rate: 10.38% (6225/60000)


Average Test loss: 0.0001, Test Error Rate: 11.16% (1116/10000)

Train Epoch: 68 [20000/60000 (33%)]	Loss: 0.086053
Train Epoch: 68 [40000/60000 (67%)]	Loss: 0.109838
Train Epoch: 68 [60000/60000 (100%)]	Loss: 0.142152

Average Training loss: 0.0006, Training Error Rate: 10.92% (6550/60000)


Average Test loss: 0.0001, Test Error Rate: 11.07% (1107/10000)

Train Epoch: 69 [20000/60000 (33%)]	Loss: 0.130440
Train Epoch: 69 [40000/60000 (67%)]	Loss: 0.101292
Train Epoch: 69 [60000/60000 (100%)]	Loss: 0.131753

Average Training loss: 0.0006, Training Error Rate: 11.05% (6633/60000)


Average Test loss: 0.0001, Test Error Rate: 11.47% (1147/10000)

Train Epoch: 70 [20000/60000 (33%)]	Loss: 0.130759
Train Epoch: 70 [40000/60000 (67%)]	Loss: 0.085447
Train Epoch: 70 [60000/60000 (100%)]	Loss: 0.066551

Average Training loss: 0.0005, Training Error Rate: 10.86% (6517/60000)


Average Test loss: 0.0001, Test Error Rate: 11.05% (1105/10000)

Train Epoch: 71 [20000/60000 (33%)]	Loss: 0.084249
Train Epoch: 71 [40000/60000 (67%)]	Loss: 0.102084
Train Epoch: 71 [60000/60000 (100%)]	Loss: 0.104472

Average Training loss: 0.0005, Training Error Rate: 10.81% (6484/60000)


Average Test loss: 0.0001, Test Error Rate: 10.61% (1061/10000)

Train Epoch: 72 [20000/60000 (33%)]	Loss: 0.067259
Train Epoch: 72 [40000/60000 (67%)]	Loss: 0.096988
Train Epoch: 72 [60000/60000 (100%)]	Loss: 0.129183

Average Training loss: 0.0005, Training Error Rate: 10.91% (6547/60000)


Average Test loss: 0.0001, Test Error Rate: 10.91% (1091/10000)

Train Epoch: 73 [20000/60000 (33%)]	Loss: 0.088828
Train Epoch: 73 [40000/60000 (67%)]	Loss: 0.083883
Train Epoch: 73 [60000/60000 (100%)]	Loss: 0.098093

Average Training loss: 0.0005, Training Error Rate: 10.72% (6431/60000)


Average Test loss: 0.0001, Test Error Rate: 11.20% (1120/10000)

Train Epoch: 74 [20000/60000 (33%)]	Loss: 0.096749
Train Epoch: 74 [40000/60000 (67%)]	Loss: 0.093721
Train Epoch: 74 [60000/60000 (100%)]	Loss: 0.101089

Average Training loss: 0.0005, Training Error Rate: 10.51% (6308/60000)


Average Test loss: 0.0001, Test Error Rate: 10.70% (1070/10000)

Train Epoch: 75 [20000/60000 (33%)]	Loss: 0.114409
Train Epoch: 75 [40000/60000 (67%)]	Loss: 0.101537
Train Epoch: 75 [60000/60000 (100%)]	Loss: 0.091703

Average Training loss: 0.0005, Training Error Rate: 10.70% (6417/60000)


Average Test loss: 0.0001, Test Error Rate: 11.03% (1103/10000)

Train Epoch: 76 [20000/60000 (33%)]	Loss: 0.119993
Train Epoch: 76 [40000/60000 (67%)]	Loss: 0.083778
Train Epoch: 76 [60000/60000 (100%)]	Loss: 0.117164

Average Training loss: 0.0005, Training Error Rate: 10.38% (6231/60000)


Average Test loss: 0.0001, Test Error Rate: 10.58% (1058/10000)

Train Epoch: 77 [20000/60000 (33%)]	Loss: 0.113555
Train Epoch: 77 [40000/60000 (67%)]	Loss: 0.138326
Train Epoch: 77 [60000/60000 (100%)]	Loss: 0.136359

Average Training loss: 0.0005, Training Error Rate: 10.80% (6478/60000)


Average Test loss: 0.0001, Test Error Rate: 10.91% (1091/10000)

Train Epoch: 78 [20000/60000 (33%)]	Loss: 0.117407
Train Epoch: 78 [40000/60000 (67%)]	Loss: 0.129742
Train Epoch: 78 [60000/60000 (100%)]	Loss: 0.118882

Average Training loss: 0.0005, Training Error Rate: 10.61% (6363/60000)


Average Test loss: 0.0001, Test Error Rate: 10.61% (1061/10000)

Train Epoch: 79 [20000/60000 (33%)]	Loss: 0.130563
Train Epoch: 79 [40000/60000 (67%)]	Loss: 0.088284
Train Epoch: 79 [60000/60000 (100%)]	Loss: 0.065392

Average Training loss: 0.0005, Training Error Rate: 10.48% (6289/60000)


Average Test loss: 0.0001, Test Error Rate: 10.34% (1034/10000)

Train Epoch: 80 [20000/60000 (33%)]	Loss: 0.126878
Train Epoch: 80 [40000/60000 (67%)]	Loss: 0.106246
Train Epoch: 80 [60000/60000 (100%)]	Loss: 0.103343

Average Training loss: 0.0005, Training Error Rate: 10.49% (6297/60000)


Average Test loss: 0.0001, Test Error Rate: 10.86% (1086/10000)

Train Epoch: 81 [20000/60000 (33%)]	Loss: 0.126027
Train Epoch: 81 [40000/60000 (67%)]	Loss: 0.111199
Train Epoch: 81 [60000/60000 (100%)]	Loss: 0.083745

Average Training loss: 0.0005, Training Error Rate: 10.41% (6244/60000)


Average Test loss: 0.0001, Test Error Rate: 10.64% (1064/10000)

Train Epoch: 82 [20000/60000 (33%)]	Loss: 0.136068
Train Epoch: 82 [40000/60000 (67%)]	Loss: 0.117458
Train Epoch: 82 [60000/60000 (100%)]	Loss: 0.103914

Average Training loss: 0.0005, Training Error Rate: 10.23% (6139/60000)


Average Test loss: 0.0001, Test Error Rate: 10.79% (1079/10000)

Train Epoch: 83 [20000/60000 (33%)]	Loss: 0.081410
Train Epoch: 83 [40000/60000 (67%)]	Loss: 0.130423
Train Epoch: 83 [60000/60000 (100%)]	Loss: 0.085751

Average Training loss: 0.0005, Training Error Rate: 10.47% (6280/60000)


Average Test loss: 0.0001, Test Error Rate: 10.61% (1061/10000)

Train Epoch: 84 [20000/60000 (33%)]	Loss: 0.125237
Train Epoch: 84 [40000/60000 (67%)]	Loss: 0.115862
Train Epoch: 84 [60000/60000 (100%)]	Loss: 0.074067

Average Training loss: 0.0005, Training Error Rate: 10.33% (6196/60000)


Average Test loss: 0.0001, Test Error Rate: 10.63% (1063/10000)

Train Epoch: 85 [20000/60000 (33%)]	Loss: 0.094950
Train Epoch: 85 [40000/60000 (67%)]	Loss: 0.073329
Train Epoch: 85 [60000/60000 (100%)]	Loss: 0.083964

Average Training loss: 0.0005, Training Error Rate: 10.44% (6261/60000)


Average Test loss: 0.0001, Test Error Rate: 10.78% (1078/10000)

Train Epoch: 86 [20000/60000 (33%)]	Loss: 0.077403
Train Epoch: 86 [40000/60000 (67%)]	Loss: 0.133909
Train Epoch: 86 [60000/60000 (100%)]	Loss: 0.080130

Average Training loss: 0.0005, Training Error Rate: 10.35% (6207/60000)


Average Test loss: 0.0001, Test Error Rate: 10.00% (1000/10000)

Train Epoch: 87 [20000/60000 (33%)]	Loss: 0.063281
Train Epoch: 87 [40000/60000 (67%)]	Loss: 0.121840
Train Epoch: 87 [60000/60000 (100%)]	Loss: 0.103331

Average Training loss: 0.0005, Training Error Rate: 10.33% (6199/60000)


Average Test loss: 0.0001, Test Error Rate: 10.50% (1050/10000)

Train Epoch: 88 [20000/60000 (33%)]	Loss: 0.123009
Train Epoch: 88 [40000/60000 (67%)]	Loss: 0.088984
Train Epoch: 88 [60000/60000 (100%)]	Loss: 0.106254

Average Training loss: 0.0005, Training Error Rate: 10.46% (6274/60000)


Average Test loss: 0.0001, Test Error Rate: 11.81% (1181/10000)

Train Epoch: 89 [20000/60000 (33%)]	Loss: 0.086477
Train Epoch: 89 [40000/60000 (67%)]	Loss: 0.101775
Train Epoch: 89 [60000/60000 (100%)]	Loss: 0.093624

Average Training loss: 0.0005, Training Error Rate: 10.88% (6530/60000)


Average Test loss: 0.0001, Test Error Rate: 10.69% (1069/10000)

Train Epoch: 90 [20000/60000 (33%)]	Loss: 0.085164
Train Epoch: 90 [40000/60000 (67%)]	Loss: 0.116656
Train Epoch: 90 [60000/60000 (100%)]	Loss: 0.132434

Average Training loss: 0.0005, Training Error Rate: 10.40% (6241/60000)


Average Test loss: 0.0001, Test Error Rate: 11.32% (1132/10000)

Train Epoch: 91 [20000/60000 (33%)]	Loss: 0.092883
Train Epoch: 91 [40000/60000 (67%)]	Loss: 0.071456
Train Epoch: 91 [60000/60000 (100%)]	Loss: 0.110248

Average Training loss: 0.0005, Training Error Rate: 10.57% (6345/60000)


Average Test loss: 0.0001, Test Error Rate: 10.76% (1076/10000)

Train Epoch: 92 [20000/60000 (33%)]	Loss: 0.131001
Train Epoch: 92 [40000/60000 (67%)]	Loss: 0.133929
Train Epoch: 92 [60000/60000 (100%)]	Loss: 0.107901

Average Training loss: 0.0005, Training Error Rate: 10.41% (6249/60000)


Average Test loss: 0.0001, Test Error Rate: 10.34% (1034/10000)

Train Epoch: 93 [20000/60000 (33%)]	Loss: 0.111169
Train Epoch: 93 [40000/60000 (67%)]	Loss: 0.091594
Train Epoch: 93 [60000/60000 (100%)]	Loss: 0.100634

Average Training loss: 0.0005, Training Error Rate: 10.26% (6156/60000)


Average Test loss: 0.0001, Test Error Rate: 10.89% (1089/10000)

Train Epoch: 94 [20000/60000 (33%)]	Loss: 0.089824
Train Epoch: 94 [40000/60000 (67%)]	Loss: 0.134914
Train Epoch: 94 [60000/60000 (100%)]	Loss: 0.097957

Average Training loss: 0.0005, Training Error Rate: 10.04% (6021/60000)


Average Test loss: 0.0001, Test Error Rate: 9.88% (988/10000)

Train Epoch: 95 [20000/60000 (33%)]	Loss: 0.109782
Train Epoch: 95 [40000/60000 (67%)]	Loss: 0.113868
Train Epoch: 95 [60000/60000 (100%)]	Loss: 0.116814

Average Training loss: 0.0005, Training Error Rate: 9.91% (5946/60000)


Average Test loss: 0.0001, Test Error Rate: 10.05% (1005/10000)

Train Epoch: 96 [20000/60000 (33%)]	Loss: 0.099167
Train Epoch: 96 [40000/60000 (67%)]	Loss: 0.110314
Train Epoch: 96 [60000/60000 (100%)]	Loss: 0.119721

Average Training loss: 0.0005, Training Error Rate: 9.83% (5898/60000)


Average Test loss: 0.0001, Test Error Rate: 10.43% (1043/10000)

Train Epoch: 97 [20000/60000 (33%)]	Loss: 0.131968
Train Epoch: 97 [40000/60000 (67%)]	Loss: 0.107435
Train Epoch: 97 [60000/60000 (100%)]	Loss: 0.103445

Average Training loss: 0.0005, Training Error Rate: 10.04% (6024/60000)


Average Test loss: 0.0001, Test Error Rate: 10.33% (1033/10000)

Train Epoch: 98 [20000/60000 (33%)]	Loss: 0.088741
Train Epoch: 98 [40000/60000 (67%)]	Loss: 0.132017
Train Epoch: 98 [60000/60000 (100%)]	Loss: 0.100496

Average Training loss: 0.0005, Training Error Rate: 10.40% (6240/60000)


Average Test loss: 0.0001, Test Error Rate: 10.78% (1078/10000)

Train Epoch: 99 [20000/60000 (33%)]	Loss: 0.102224
Train Epoch: 99 [40000/60000 (67%)]	Loss: 0.094025
Train Epoch: 99 [60000/60000 (100%)]	Loss: 0.122433

Average Training loss: 0.0005, Training Error Rate: 10.77% (6459/60000)


Average Test loss: 0.0001, Test Error Rate: 11.78% (1178/10000)

