/vast/home/ajherman/miniconda3/envs/pytorch/lib/python3.11/site-packages/torchvision/io/image.py:13: UserWarning: Failed to load image Python extension: '/vast/home/ajherman/miniconda3/envs/pytorch/lib/python3.11/site-packages/torchvision/image.so: undefined symbol: _ZN5torch3jit17parseSchemaOrNameERKNSt7__cxx1112basic_stringIcSt11char_traitsIcESaIcEEE'If you don't plan on using image functionality from `torchvision.io`, you can ignore this warning. Otherwise, there might be something wrong with your environment. Did you have `libjpeg` or `libpng` installed before building `torchvision` from source?
  warn(
Random seed set as 42
dt =  0.3934693402873666
trace decay =  0.6065306597126334
Random seed set as 42
Random seed set as 42
dt =  0.3934693402873666
trace decay =  0.6065306597126334
Random seed set as 42
Train Epoch: 0 [20000/60000 (33%)]	Loss: 0.381918
Train Epoch: 0 [40000/60000 (67%)]	Loss: 0.288795
Train Epoch: 0 [60000/60000 (100%)]	Loss: 0.264742

Average Training loss: 0.0018, Training Error Rate: 48.51% (29105/60000)


Average Test loss: 0.0003, Test Error Rate: 28.62% (2862/10000)

Train Epoch: 1 [20000/60000 (33%)]	Loss: 0.222203
Train Epoch: 1 [40000/60000 (67%)]	Loss: 0.206574
Train Epoch: 1 [60000/60000 (100%)]	Loss: 0.172213

Average Training loss: 0.0011, Training Error Rate: 24.55% (14731/60000)


Average Test loss: 0.0002, Test Error Rate: 19.41% (1941/10000)

Train Epoch: 2 [20000/60000 (33%)]	Loss: 0.178635
Train Epoch: 2 [40000/60000 (67%)]	Loss: 0.177553
Train Epoch: 2 [60000/60000 (100%)]	Loss: 0.177083

Average Training loss: 0.0009, Training Error Rate: 19.45% (11670/60000)


Average Test loss: 0.0002, Test Error Rate: 17.86% (1786/10000)

Train Epoch: 3 [20000/60000 (33%)]	Loss: 0.169843
Train Epoch: 3 [40000/60000 (67%)]	Loss: 0.147223
Train Epoch: 3 [60000/60000 (100%)]	Loss: 0.132475

Average Training loss: 0.0008, Training Error Rate: 17.23% (10341/60000)


Average Test loss: 0.0001, Test Error Rate: 15.65% (1565/10000)

Train Epoch: 4 [20000/60000 (33%)]	Loss: 0.148786
Train Epoch: 4 [40000/60000 (67%)]	Loss: 0.146705
Train Epoch: 4 [60000/60000 (100%)]	Loss: 0.151241

Average Training loss: 0.0008, Training Error Rate: 16.19% (9716/60000)


Average Test loss: 0.0001, Test Error Rate: 14.88% (1488/10000)

Train Epoch: 5 [20000/60000 (33%)]	Loss: 0.143511
Train Epoch: 5 [40000/60000 (67%)]	Loss: 0.143205
Train Epoch: 5 [60000/60000 (100%)]	Loss: 0.166879

Average Training loss: 0.0007, Training Error Rate: 15.30% (9182/60000)


Average Test loss: 0.0001, Test Error Rate: 15.17% (1517/10000)

Train Epoch: 6 [20000/60000 (33%)]	Loss: 0.146382
Train Epoch: 6 [40000/60000 (67%)]	Loss: 0.115506
Train Epoch: 6 [60000/60000 (100%)]	Loss: 0.096911

Average Training loss: 0.0007, Training Error Rate: 15.17% (9100/60000)


Average Test loss: 0.0001, Test Error Rate: 13.84% (1384/10000)

Train Epoch: 7 [20000/60000 (33%)]	Loss: 0.138090
Train Epoch: 7 [40000/60000 (67%)]	Loss: 0.197570
Train Epoch: 7 [60000/60000 (100%)]	Loss: 0.124608

Average Training loss: 0.0007, Training Error Rate: 14.41% (8646/60000)


Average Test loss: 0.0001, Test Error Rate: 13.11% (1311/10000)

Train Epoch: 8 [20000/60000 (33%)]	Loss: 0.098789
Train Epoch: 8 [40000/60000 (67%)]	Loss: 0.121830
Train Epoch: 8 [60000/60000 (100%)]	Loss: 0.104167

Average Training loss: 0.0006, Training Error Rate: 13.75% (8252/60000)


Average Test loss: 0.0001, Test Error Rate: 13.30% (1330/10000)

Train Epoch: 9 [20000/60000 (33%)]	Loss: 0.103300
Train Epoch: 9 [40000/60000 (67%)]	Loss: 0.110819
Train Epoch: 9 [60000/60000 (100%)]	Loss: 0.111067

Average Training loss: 0.0006, Training Error Rate: 13.47% (8084/60000)


Average Test loss: 0.0001, Test Error Rate: 13.14% (1314/10000)

Train Epoch: 10 [20000/60000 (33%)]	Loss: 0.131650
Train Epoch: 10 [40000/60000 (67%)]	Loss: 0.144044
Train Epoch: 10 [60000/60000 (100%)]	Loss: 0.117674

Average Training loss: 0.0006, Training Error Rate: 13.43% (8055/60000)


Average Test loss: 0.0001, Test Error Rate: 12.84% (1284/10000)

Train Epoch: 11 [20000/60000 (33%)]	Loss: 0.093062
Train Epoch: 11 [40000/60000 (67%)]	Loss: 0.132729
Train Epoch: 11 [60000/60000 (100%)]	Loss: 0.117406

Average Training loss: 0.0006, Training Error Rate: 12.87% (7721/60000)


Average Test loss: 0.0001, Test Error Rate: 12.84% (1284/10000)

Train Epoch: 12 [20000/60000 (33%)]	Loss: 0.151551
Train Epoch: 12 [40000/60000 (67%)]	Loss: 0.085152
Train Epoch: 12 [60000/60000 (100%)]	Loss: 0.123541

Average Training loss: 0.0006, Training Error Rate: 12.62% (7569/60000)


Average Test loss: 0.0001, Test Error Rate: 12.84% (1284/10000)

Train Epoch: 13 [20000/60000 (33%)]	Loss: 0.074550
Train Epoch: 13 [40000/60000 (67%)]	Loss: 0.113421
Train Epoch: 13 [60000/60000 (100%)]	Loss: 0.099864

Average Training loss: 0.0006, Training Error Rate: 12.31% (7389/60000)


Average Test loss: 0.0001, Test Error Rate: 12.13% (1213/10000)

Train Epoch: 14 [20000/60000 (33%)]	Loss: 0.112311
Train Epoch: 14 [40000/60000 (67%)]	Loss: 0.147287
Train Epoch: 14 [60000/60000 (100%)]	Loss: 0.131866

Average Training loss: 0.0006, Training Error Rate: 12.06% (7239/60000)


Average Test loss: 0.0001, Test Error Rate: 11.01% (1101/10000)

Train Epoch: 15 [20000/60000 (33%)]	Loss: 0.137151
Train Epoch: 15 [40000/60000 (67%)]	Loss: 0.142696
Train Epoch: 15 [60000/60000 (100%)]	Loss: 0.112653

Average Training loss: 0.0006, Training Error Rate: 11.84% (7101/60000)


Average Test loss: 0.0001, Test Error Rate: 11.81% (1181/10000)

Train Epoch: 16 [20000/60000 (33%)]	Loss: 0.124151
Train Epoch: 16 [40000/60000 (67%)]	Loss: 0.099163
Train Epoch: 16 [60000/60000 (100%)]	Loss: 0.091651

Average Training loss: 0.0006, Training Error Rate: 11.32% (6790/60000)


Average Test loss: 0.0001, Test Error Rate: 11.64% (1164/10000)

Train Epoch: 17 [20000/60000 (33%)]	Loss: 0.101588
Train Epoch: 17 [40000/60000 (67%)]	Loss: 0.101929
Train Epoch: 17 [60000/60000 (100%)]	Loss: 0.104988

Average Training loss: 0.0005, Training Error Rate: 11.24% (6745/60000)


Average Test loss: 0.0001, Test Error Rate: 11.70% (1170/10000)

Train Epoch: 18 [20000/60000 (33%)]	Loss: 0.114826
Train Epoch: 18 [40000/60000 (67%)]	Loss: 0.108832
Train Epoch: 18 [60000/60000 (100%)]	Loss: 0.108894

Average Training loss: 0.0005, Training Error Rate: 11.15% (6688/60000)


Average Test loss: 0.0001, Test Error Rate: 10.95% (1095/10000)

Train Epoch: 19 [20000/60000 (33%)]	Loss: 0.122566
Train Epoch: 19 [40000/60000 (67%)]	Loss: 0.110417
Train Epoch: 19 [60000/60000 (100%)]	Loss: 0.086085

Average Training loss: 0.0005, Training Error Rate: 10.94% (6566/60000)


Average Test loss: 0.0001, Test Error Rate: 11.10% (1110/10000)

Train Epoch: 20 [20000/60000 (33%)]	Loss: 0.099078
Train Epoch: 20 [40000/60000 (67%)]	Loss: 0.110960
Train Epoch: 20 [60000/60000 (100%)]	Loss: 0.104273

Average Training loss: 0.0005, Training Error Rate: 10.61% (6364/60000)


Average Test loss: 0.0001, Test Error Rate: 10.18% (1018/10000)

Train Epoch: 21 [20000/60000 (33%)]	Loss: 0.098897
Train Epoch: 21 [40000/60000 (67%)]	Loss: 0.072211
Train Epoch: 21 [60000/60000 (100%)]	Loss: 0.101838

Average Training loss: 0.0005, Training Error Rate: 10.45% (6272/60000)


Average Test loss: 0.0001, Test Error Rate: 10.77% (1077/10000)

Train Epoch: 22 [20000/60000 (33%)]	Loss: 0.079674
Train Epoch: 22 [40000/60000 (67%)]	Loss: 0.111930
Train Epoch: 22 [60000/60000 (100%)]	Loss: 0.102463

Average Training loss: 0.0005, Training Error Rate: 10.49% (6297/60000)


Average Test loss: 0.0001, Test Error Rate: 10.31% (1031/10000)

Train Epoch: 23 [20000/60000 (33%)]	Loss: 0.086778
Train Epoch: 23 [40000/60000 (67%)]	Loss: 0.103023
Train Epoch: 23 [60000/60000 (100%)]	Loss: 0.107348

Average Training loss: 0.0005, Training Error Rate: 10.55% (6331/60000)


Average Test loss: 0.0001, Test Error Rate: 10.49% (1049/10000)

Train Epoch: 24 [20000/60000 (33%)]	Loss: 0.085195
Train Epoch: 24 [40000/60000 (67%)]	Loss: 0.095630
Train Epoch: 24 [60000/60000 (100%)]	Loss: 0.099555

Average Training loss: 0.0005, Training Error Rate: 10.43% (6255/60000)


Average Test loss: 0.0001, Test Error Rate: 9.57% (957/10000)

Train Epoch: 25 [20000/60000 (33%)]	Loss: 0.115763
Train Epoch: 25 [40000/60000 (67%)]	Loss: 0.083364
Train Epoch: 25 [60000/60000 (100%)]	Loss: 0.086174

Average Training loss: 0.0005, Training Error Rate: 9.62% (5774/60000)


Average Test loss: 0.0001, Test Error Rate: 9.61% (961/10000)

Train Epoch: 26 [20000/60000 (33%)]	Loss: 0.094026
Train Epoch: 26 [40000/60000 (67%)]	Loss: 0.089778
Train Epoch: 26 [60000/60000 (100%)]	Loss: 0.066105

Average Training loss: 0.0005, Training Error Rate: 9.71% (5824/60000)


Average Test loss: 0.0001, Test Error Rate: 9.96% (996/10000)

Train Epoch: 27 [20000/60000 (33%)]	Loss: 0.065365
Train Epoch: 27 [40000/60000 (67%)]	Loss: 0.084006
Train Epoch: 27 [60000/60000 (100%)]	Loss: 0.079736

Average Training loss: 0.0005, Training Error Rate: 9.61% (5767/60000)


Average Test loss: 0.0001, Test Error Rate: 9.06% (906/10000)

Train Epoch: 28 [20000/60000 (33%)]	Loss: 0.138986
Train Epoch: 28 [40000/60000 (67%)]	Loss: 0.091598
Train Epoch: 28 [60000/60000 (100%)]	Loss: 0.105108

Average Training loss: 0.0005, Training Error Rate: 9.57% (5745/60000)


Average Test loss: 0.0001, Test Error Rate: 10.01% (1001/10000)

Train Epoch: 29 [20000/60000 (33%)]	Loss: 0.102036
Train Epoch: 29 [40000/60000 (67%)]	Loss: 0.079244
Train Epoch: 29 [60000/60000 (100%)]	Loss: 0.128753

Average Training loss: 0.0004, Training Error Rate: 9.19% (5512/60000)


Average Test loss: 0.0001, Test Error Rate: 9.29% (929/10000)

Train Epoch: 30 [20000/60000 (33%)]	Loss: 0.105533
Train Epoch: 30 [40000/60000 (67%)]	Loss: 0.100120
Train Epoch: 30 [60000/60000 (100%)]	Loss: 0.107425

Average Training loss: 0.0004, Training Error Rate: 9.00% (5402/60000)


Average Test loss: 0.0001, Test Error Rate: 8.79% (879/10000)

Train Epoch: 31 [20000/60000 (33%)]	Loss: 0.083525
Train Epoch: 31 [40000/60000 (67%)]	Loss: 0.064630
Train Epoch: 31 [60000/60000 (100%)]	Loss: 0.076648

Average Training loss: 0.0004, Training Error Rate: 9.21% (5523/60000)


Average Test loss: 0.0001, Test Error Rate: 9.89% (989/10000)

Train Epoch: 32 [20000/60000 (33%)]	Loss: 0.078400
Train Epoch: 32 [40000/60000 (67%)]	Loss: 0.115853
slurmstepd: error: *** STEP 15491790.1892 ON cn650 CANCELLED AT 2023-10-02T20:55:05 ***
/vast/home/ajherman/miniconda3/envs/pytorch/lib/python3.11/site-packages/torchvision/io/image.py:13: UserWarning: Failed to load image Python extension: '/vast/home/ajherman/miniconda3/envs/pytorch/lib/python3.11/site-packages/torchvision/image.so: undefined symbol: _ZN5torch3jit17parseSchemaOrNameERKNSt7__cxx1112basic_stringIcSt11char_traitsIcESaIcEEE'If you don't plan on using image functionality from `torchvision.io`, you can ignore this warning. Otherwise, there might be something wrong with your environment. Did you have `libjpeg` or `libpng` installed before building `torchvision` from source?
  warn(
Random seed set as 42
dt =  0.3934693402873666
trace decay =  0.6065306597126334
Random seed set as 42
Random seed set as 42
dt =  0.3934693402873666
trace decay =  0.6065306597126334
Random seed set as 42
Train Epoch: 32 [20000/60000 (33%)]	Loss: 0.104451
Train Epoch: 32 [40000/60000 (67%)]	Loss: 0.072188
Train Epoch: 32 [60000/60000 (100%)]	Loss: 0.086027

Average Training loss: 0.0005, Training Error Rate: 9.24% (5542/60000)


Average Test loss: 0.0001, Test Error Rate: 9.43% (943/10000)

Train Epoch: 33 [20000/60000 (33%)]	Loss: 0.077183
Train Epoch: 33 [40000/60000 (67%)]	Loss: 0.086378
Train Epoch: 33 [60000/60000 (100%)]	Loss: 0.075906

Average Training loss: 0.0004, Training Error Rate: 8.89% (5332/60000)


Average Test loss: 0.0001, Test Error Rate: 8.95% (895/10000)

Train Epoch: 34 [20000/60000 (33%)]	Loss: 0.113427
Train Epoch: 34 [40000/60000 (67%)]	Loss: 0.062481
Train Epoch: 34 [60000/60000 (100%)]	Loss: 0.087411

Average Training loss: 0.0004, Training Error Rate: 8.90% (5341/60000)


Average Test loss: 0.0001, Test Error Rate: 8.93% (893/10000)

Train Epoch: 35 [20000/60000 (33%)]	Loss: 0.086227
Train Epoch: 35 [40000/60000 (67%)]	Loss: 0.083851
Train Epoch: 35 [60000/60000 (100%)]	Loss: 0.093165

Average Training loss: 0.0004, Training Error Rate: 8.60% (5162/60000)


Average Test loss: 0.0001, Test Error Rate: 8.73% (873/10000)

Train Epoch: 36 [20000/60000 (33%)]	Loss: 0.085217
Train Epoch: 36 [40000/60000 (67%)]	Loss: 0.092236
Train Epoch: 36 [60000/60000 (100%)]	Loss: 0.068862

Average Training loss: 0.0004, Training Error Rate: 8.63% (5180/60000)


Average Test loss: 0.0001, Test Error Rate: 8.58% (858/10000)

Train Epoch: 37 [20000/60000 (33%)]	Loss: 0.117742
Train Epoch: 37 [40000/60000 (67%)]	Loss: 0.083978
Train Epoch: 37 [60000/60000 (100%)]	Loss: 0.119798

Average Training loss: 0.0004, Training Error Rate: 8.75% (5251/60000)


Average Test loss: 0.0001, Test Error Rate: 8.79% (879/10000)

Train Epoch: 38 [20000/60000 (33%)]	Loss: 0.082217
Train Epoch: 38 [40000/60000 (67%)]	Loss: 0.072605
Train Epoch: 38 [60000/60000 (100%)]	Loss: 0.105579

Average Training loss: 0.0004, Training Error Rate: 8.64% (5183/60000)


Average Test loss: 0.0001, Test Error Rate: 9.27% (927/10000)

Train Epoch: 39 [20000/60000 (33%)]	Loss: 0.094278
Train Epoch: 39 [40000/60000 (67%)]	Loss: 0.071823
Train Epoch: 39 [60000/60000 (100%)]	Loss: 0.106059

Average Training loss: 0.0004, Training Error Rate: 8.50% (5101/60000)


Average Test loss: 0.0001, Test Error Rate: 8.26% (826/10000)

Train Epoch: 40 [20000/60000 (33%)]	Loss: 0.077879
Train Epoch: 40 [40000/60000 (67%)]	Loss: 0.056962
Train Epoch: 40 [60000/60000 (100%)]	Loss: 0.094897

Average Training loss: 0.0004, Training Error Rate: 8.34% (5001/60000)


Average Test loss: 0.0001, Test Error Rate: 8.49% (849/10000)

Train Epoch: 41 [20000/60000 (33%)]	Loss: 0.072328
Train Epoch: 41 [40000/60000 (67%)]	Loss: 0.053702
Train Epoch: 41 [60000/60000 (100%)]	Loss: 0.061316

Average Training loss: 0.0004, Training Error Rate: 8.15% (4892/60000)


Average Test loss: 0.0001, Test Error Rate: 8.35% (835/10000)

Train Epoch: 42 [20000/60000 (33%)]	Loss: 0.070665
Train Epoch: 42 [40000/60000 (67%)]	Loss: 0.085404
Train Epoch: 42 [60000/60000 (100%)]	Loss: 0.080933

Average Training loss: 0.0004, Training Error Rate: 7.92% (4750/60000)


Average Test loss: 0.0001, Test Error Rate: 7.86% (786/10000)

Train Epoch: 43 [20000/60000 (33%)]	Loss: 0.079224
Train Epoch: 43 [40000/60000 (67%)]	Loss: 0.067570
Train Epoch: 43 [60000/60000 (100%)]	Loss: 0.065695

Average Training loss: 0.0004, Training Error Rate: 7.77% (4661/60000)


Average Test loss: 0.0001, Test Error Rate: 7.95% (795/10000)

Train Epoch: 44 [20000/60000 (33%)]	Loss: 0.068862
Train Epoch: 44 [40000/60000 (67%)]	Loss: 0.116594
Train Epoch: 44 [60000/60000 (100%)]	Loss: 0.049855

Average Training loss: 0.0004, Training Error Rate: 7.88% (4729/60000)


Average Test loss: 0.0001, Test Error Rate: 9.03% (903/10000)

Train Epoch: 45 [20000/60000 (33%)]	Loss: 0.059272
Train Epoch: 45 [40000/60000 (67%)]	Loss: 0.083621
Train Epoch: 45 [60000/60000 (100%)]	Loss: 0.074143

Average Training loss: 0.0004, Training Error Rate: 7.79% (4672/60000)


Average Test loss: 0.0001, Test Error Rate: 8.86% (886/10000)

Train Epoch: 46 [20000/60000 (33%)]	Loss: 0.076415
Train Epoch: 46 [40000/60000 (67%)]	Loss: 0.081423
Train Epoch: 46 [60000/60000 (100%)]	Loss: 0.066776

Average Training loss: 0.0004, Training Error Rate: 7.84% (4706/60000)


Average Test loss: 0.0001, Test Error Rate: 8.81% (881/10000)

Train Epoch: 47 [20000/60000 (33%)]	Loss: 0.055826
Train Epoch: 47 [40000/60000 (67%)]	Loss: 0.075045
Train Epoch: 47 [60000/60000 (100%)]	Loss: 0.056334

Average Training loss: 0.0004, Training Error Rate: 7.78% (4669/60000)


Average Test loss: 0.0001, Test Error Rate: 7.95% (795/10000)

Train Epoch: 48 [20000/60000 (33%)]	Loss: 0.077063
Train Epoch: 48 [40000/60000 (67%)]	Loss: 0.089965
Train Epoch: 48 [60000/60000 (100%)]	Loss: 0.066991

Average Training loss: 0.0004, Training Error Rate: 7.76% (4657/60000)


Average Test loss: 0.0001, Test Error Rate: 8.00% (800/10000)

Train Epoch: 49 [20000/60000 (33%)]	Loss: 0.087586
Train Epoch: 49 [40000/60000 (67%)]	Loss: 0.069005
Train Epoch: 49 [60000/60000 (100%)]	Loss: 0.062362

Average Training loss: 0.0004, Training Error Rate: 7.40% (4440/60000)


Average Test loss: 0.0001, Test Error Rate: 7.90% (790/10000)

Train Epoch: 50 [20000/60000 (33%)]	Loss: 0.069877
Train Epoch: 50 [40000/60000 (67%)]	Loss: 0.096320
Train Epoch: 50 [60000/60000 (100%)]	Loss: 0.075409

Average Training loss: 0.0004, Training Error Rate: 7.30% (4383/60000)


Average Test loss: 0.0001, Test Error Rate: 7.59% (759/10000)

Train Epoch: 51 [20000/60000 (33%)]	Loss: 0.090897
Train Epoch: 51 [40000/60000 (67%)]	Loss: 0.084602
Train Epoch: 51 [60000/60000 (100%)]	Loss: 0.083185

Average Training loss: 0.0004, Training Error Rate: 7.40% (4438/60000)


Average Test loss: 0.0001, Test Error Rate: 7.72% (772/10000)

Train Epoch: 52 [20000/60000 (33%)]	Loss: 0.068626
Train Epoch: 52 [40000/60000 (67%)]	Loss: 0.082854
Train Epoch: 52 [60000/60000 (100%)]	Loss: 0.065503

Average Training loss: 0.0004, Training Error Rate: 7.55% (4532/60000)


Average Test loss: 0.0001, Test Error Rate: 8.10% (810/10000)

Train Epoch: 53 [20000/60000 (33%)]	Loss: 0.049672
Train Epoch: 53 [40000/60000 (67%)]	Loss: 0.091753
Train Epoch: 53 [60000/60000 (100%)]	Loss: 0.085416

Average Training loss: 0.0004, Training Error Rate: 7.21% (4323/60000)


Average Test loss: 0.0001, Test Error Rate: 8.60% (860/10000)

Train Epoch: 54 [20000/60000 (33%)]	Loss: 0.079390
Train Epoch: 54 [40000/60000 (67%)]	Loss: 0.067853
Train Epoch: 54 [60000/60000 (100%)]	Loss: 0.091979

Average Training loss: 0.0004, Training Error Rate: 7.75% (4649/60000)


Average Test loss: 0.0001, Test Error Rate: 8.34% (834/10000)

Train Epoch: 55 [20000/60000 (33%)]	Loss: 0.114086
Train Epoch: 55 [40000/60000 (67%)]	Loss: 0.083596
Train Epoch: 55 [60000/60000 (100%)]	Loss: 0.061024

Average Training loss: 0.0004, Training Error Rate: 7.44% (4463/60000)


Average Test loss: 0.0001, Test Error Rate: 7.74% (774/10000)

Train Epoch: 56 [20000/60000 (33%)]	Loss: 0.092156
Train Epoch: 56 [40000/60000 (67%)]	Loss: 0.063574
Train Epoch: 56 [60000/60000 (100%)]	Loss: 0.064678

Average Training loss: 0.0004, Training Error Rate: 7.51% (4505/60000)


Average Test loss: 0.0001, Test Error Rate: 7.68% (768/10000)

Train Epoch: 57 [20000/60000 (33%)]	Loss: 0.088608
Train Epoch: 57 [40000/60000 (67%)]	Loss: 0.080587
Train Epoch: 57 [60000/60000 (100%)]	Loss: 0.041303

Average Training loss: 0.0004, Training Error Rate: 7.40% (4441/60000)


Average Test loss: 0.0001, Test Error Rate: 7.78% (778/10000)

Train Epoch: 58 [20000/60000 (33%)]	Loss: 0.053319
Train Epoch: 58 [40000/60000 (67%)]	Loss: 0.084525
Train Epoch: 58 [60000/60000 (100%)]	Loss: 0.059654

Average Training loss: 0.0004, Training Error Rate: 7.38% (4427/60000)


Average Test loss: 0.0001, Test Error Rate: 7.84% (784/10000)

Train Epoch: 59 [20000/60000 (33%)]	Loss: 0.075132
Train Epoch: 59 [40000/60000 (67%)]	Loss: 0.065148
Train Epoch: 59 [60000/60000 (100%)]	Loss: 0.070130

Average Training loss: 0.0003, Training Error Rate: 7.07% (4239/60000)


Average Test loss: 0.0001, Test Error Rate: 7.91% (791/10000)

Train Epoch: 60 [20000/60000 (33%)]	Loss: 0.084789
Train Epoch: 60 [40000/60000 (67%)]	Loss: 0.097951
Train Epoch: 60 [60000/60000 (100%)]	Loss: 0.058001

Average Training loss: 0.0003, Training Error Rate: 6.96% (4179/60000)


Average Test loss: 0.0001, Test Error Rate: 7.26% (726/10000)

Train Epoch: 61 [20000/60000 (33%)]	Loss: 0.081578
Train Epoch: 61 [40000/60000 (67%)]	Loss: 0.049354
Train Epoch: 61 [60000/60000 (100%)]	Loss: 0.059338

Average Training loss: 0.0004, Training Error Rate: 7.17% (4302/60000)


Average Test loss: 0.0001, Test Error Rate: 7.60% (760/10000)

Train Epoch: 62 [20000/60000 (33%)]	Loss: 0.061978
Train Epoch: 62 [40000/60000 (67%)]	Loss: 0.052782
Train Epoch: 62 [60000/60000 (100%)]	Loss: 0.070483

Average Training loss: 0.0003, Training Error Rate: 6.92% (4150/60000)


Average Test loss: 0.0001, Test Error Rate: 8.23% (823/10000)

Train Epoch: 63 [20000/60000 (33%)]	Loss: 0.059819
Train Epoch: 63 [40000/60000 (67%)]	Loss: 0.088022
Train Epoch: 63 [60000/60000 (100%)]	Loss: 0.094404

Average Training loss: 0.0004, Training Error Rate: 7.12% (4272/60000)


Average Test loss: 0.0001, Test Error Rate: 7.71% (771/10000)

Train Epoch: 64 [20000/60000 (33%)]	Loss: 0.078214
Train Epoch: 64 [40000/60000 (67%)]	Loss: 0.091316
Train Epoch: 64 [60000/60000 (100%)]	Loss: 0.062669

Average Training loss: 0.0004, Training Error Rate: 7.05% (4231/60000)


Average Test loss: 0.0001, Test Error Rate: 7.59% (759/10000)

Train Epoch: 65 [20000/60000 (33%)]	Loss: 0.057762
Train Epoch: 65 [40000/60000 (67%)]	Loss: 0.097313
Train Epoch: 65 [60000/60000 (100%)]	Loss: 0.087512

Average Training loss: 0.0004, Training Error Rate: 7.05% (4231/60000)


Average Test loss: 0.0001, Test Error Rate: 7.35% (735/10000)

Train Epoch: 66 [20000/60000 (33%)]	Loss: 0.094165
Train Epoch: 66 [40000/60000 (67%)]	Loss: 0.051606
Train Epoch: 66 [60000/60000 (100%)]	Loss: 0.062562

Average Training loss: 0.0004, Training Error Rate: 7.20% (4322/60000)


Average Test loss: 0.0001, Test Error Rate: 8.28% (828/10000)

Train Epoch: 67 [20000/60000 (33%)]	Loss: 0.082750
Train Epoch: 67 [40000/60000 (67%)]	Loss: 0.038146
Train Epoch: 67 [60000/60000 (100%)]	Loss: 0.099990

Average Training loss: 0.0004, Training Error Rate: 7.25% (4352/60000)


Average Test loss: 0.0001, Test Error Rate: 7.56% (756/10000)

Train Epoch: 68 [20000/60000 (33%)]	Loss: 0.059700
Train Epoch: 68 [40000/60000 (67%)]	Loss: 0.091175
Train Epoch: 68 [60000/60000 (100%)]	Loss: 0.075278

Average Training loss: 0.0004, Training Error Rate: 7.11% (4267/60000)


Average Test loss: 0.0001, Test Error Rate: 7.57% (757/10000)

Train Epoch: 69 [20000/60000 (33%)]	Loss: 0.054683
Train Epoch: 69 [40000/60000 (67%)]	Loss: 0.051962
Train Epoch: 69 [60000/60000 (100%)]	Loss: 0.093831

Average Training loss: 0.0004, Training Error Rate: 7.08% (4245/60000)


Average Test loss: 0.0001, Test Error Rate: 7.52% (752/10000)

Train Epoch: 70 [20000/60000 (33%)]	Loss: 0.075150
Train Epoch: 70 [40000/60000 (67%)]	Loss: 0.068633
Train Epoch: 70 [60000/60000 (100%)]	Loss: 0.077215

Average Training loss: 0.0004, Training Error Rate: 7.14% (4282/60000)


Average Test loss: 0.0001, Test Error Rate: 7.38% (738/10000)

Train Epoch: 71 [20000/60000 (33%)]	Loss: 0.082349
Train Epoch: 71 [40000/60000 (67%)]	Loss: 0.069657
Train Epoch: 71 [60000/60000 (100%)]	Loss: 0.052416

Average Training loss: 0.0004, Training Error Rate: 6.92% (4149/60000)


Average Test loss: 0.0001, Test Error Rate: 8.00% (800/10000)

Train Epoch: 72 [20000/60000 (33%)]	Loss: 0.083707
Train Epoch: 72 [40000/60000 (67%)]	Loss: 0.076528
Train Epoch: 72 [60000/60000 (100%)]	Loss: 0.078403

Average Training loss: 0.0003, Training Error Rate: 6.61% (3966/60000)


Average Test loss: 0.0001, Test Error Rate: 7.46% (746/10000)

Train Epoch: 73 [20000/60000 (33%)]	Loss: 0.104397
Train Epoch: 73 [40000/60000 (67%)]	Loss: 0.071389
Train Epoch: 73 [60000/60000 (100%)]	Loss: 0.048960

Average Training loss: 0.0003, Training Error Rate: 6.75% (4050/60000)


Average Test loss: 0.0001, Test Error Rate: 7.06% (706/10000)

Train Epoch: 74 [20000/60000 (33%)]	Loss: 0.045330
Train Epoch: 74 [40000/60000 (67%)]	Loss: 0.100679
Train Epoch: 74 [60000/60000 (100%)]	Loss: 0.043956

Average Training loss: 0.0003, Training Error Rate: 6.63% (3976/60000)


Average Test loss: 0.0001, Test Error Rate: 7.04% (704/10000)

Train Epoch: 75 [20000/60000 (33%)]	Loss: 0.069526
Train Epoch: 75 [40000/60000 (67%)]	Loss: 0.078520
Train Epoch: 75 [60000/60000 (100%)]	Loss: 0.053190

Average Training loss: 0.0003, Training Error Rate: 6.63% (3976/60000)


Average Test loss: 0.0001, Test Error Rate: 6.85% (685/10000)

Train Epoch: 76 [20000/60000 (33%)]	Loss: 0.038250
Train Epoch: 76 [40000/60000 (67%)]	Loss: 0.057346
Train Epoch: 76 [60000/60000 (100%)]	Loss: 0.047266

Average Training loss: 0.0003, Training Error Rate: 6.39% (3837/60000)


Average Test loss: 0.0001, Test Error Rate: 7.05% (705/10000)

Train Epoch: 77 [20000/60000 (33%)]	Loss: 0.059381
Train Epoch: 77 [40000/60000 (67%)]	Loss: 0.053938
Train Epoch: 77 [60000/60000 (100%)]	Loss: 0.072394

Average Training loss: 0.0003, Training Error Rate: 6.60% (3961/60000)


Average Test loss: 0.0001, Test Error Rate: 7.26% (726/10000)

Train Epoch: 78 [20000/60000 (33%)]	Loss: 0.075570
Train Epoch: 78 [40000/60000 (67%)]	Loss: 0.059142
Train Epoch: 78 [60000/60000 (100%)]	Loss: 0.068714

Average Training loss: 0.0003, Training Error Rate: 6.45% (3870/60000)


Average Test loss: 0.0001, Test Error Rate: 7.44% (744/10000)

Train Epoch: 79 [20000/60000 (33%)]	Loss: 0.098731
Train Epoch: 79 [40000/60000 (67%)]	Loss: 0.082121
Train Epoch: 79 [60000/60000 (100%)]	Loss: 0.051512

Average Training loss: 0.0003, Training Error Rate: 6.52% (3912/60000)


Average Test loss: 0.0001, Test Error Rate: 7.29% (729/10000)

Train Epoch: 80 [20000/60000 (33%)]	Loss: 0.077522
Train Epoch: 80 [40000/60000 (67%)]	Loss: 0.058930
Train Epoch: 80 [60000/60000 (100%)]	Loss: 0.033261

Average Training loss: 0.0003, Training Error Rate: 6.56% (3934/60000)


Average Test loss: 0.0001, Test Error Rate: 6.85% (685/10000)

Train Epoch: 81 [20000/60000 (33%)]	Loss: 0.044296
Train Epoch: 81 [40000/60000 (67%)]	Loss: 0.055633
Train Epoch: 81 [60000/60000 (100%)]	Loss: 0.060004

Average Training loss: 0.0003, Training Error Rate: 6.30% (3782/60000)


Average Test loss: 0.0001, Test Error Rate: 7.20% (720/10000)

Train Epoch: 82 [20000/60000 (33%)]	Loss: 0.079336
Train Epoch: 82 [40000/60000 (67%)]	Loss: 0.078252
Train Epoch: 82 [60000/60000 (100%)]	Loss: 0.085171

Average Training loss: 0.0003, Training Error Rate: 6.46% (3879/60000)


Average Test loss: 0.0001, Test Error Rate: 6.94% (694/10000)

Train Epoch: 83 [20000/60000 (33%)]	Loss: 0.083375
Train Epoch: 83 [40000/60000 (67%)]	Loss: 0.062792
Train Epoch: 83 [60000/60000 (100%)]	Loss: 0.078681

Average Training loss: 0.0003, Training Error Rate: 6.45% (3868/60000)


Average Test loss: 0.0001, Test Error Rate: 6.97% (697/10000)

Train Epoch: 84 [20000/60000 (33%)]	Loss: 0.060779
Train Epoch: 84 [40000/60000 (67%)]	Loss: 0.065254
Train Epoch: 84 [60000/60000 (100%)]	Loss: 0.059617

Average Training loss: 0.0003, Training Error Rate: 6.28% (3769/60000)


Average Test loss: 0.0001, Test Error Rate: 7.71% (771/10000)

Train Epoch: 85 [20000/60000 (33%)]	Loss: 0.064081
Train Epoch: 85 [40000/60000 (67%)]	Loss: 0.070749
Train Epoch: 85 [60000/60000 (100%)]	Loss: 0.093045

Average Training loss: 0.0003, Training Error Rate: 6.57% (3944/60000)


Average Test loss: 0.0001, Test Error Rate: 7.16% (716/10000)

Train Epoch: 86 [20000/60000 (33%)]	Loss: 0.110243
Train Epoch: 86 [40000/60000 (67%)]	Loss: 0.056700
Train Epoch: 86 [60000/60000 (100%)]	Loss: 0.073051

Average Training loss: 0.0003, Training Error Rate: 6.46% (3876/60000)


Average Test loss: 0.0001, Test Error Rate: 6.95% (695/10000)

Train Epoch: 87 [20000/60000 (33%)]	Loss: 0.061158
Train Epoch: 87 [40000/60000 (67%)]	Loss: 0.044571
Train Epoch: 87 [60000/60000 (100%)]	Loss: 0.083212

Average Training loss: 0.0003, Training Error Rate: 6.26% (3758/60000)


Average Test loss: 0.0001, Test Error Rate: 6.62% (662/10000)

Train Epoch: 88 [20000/60000 (33%)]	Loss: 0.072338
Train Epoch: 88 [40000/60000 (67%)]	Loss: 0.075552
Train Epoch: 88 [60000/60000 (100%)]	Loss: 0.055879

Average Training loss: 0.0003, Training Error Rate: 6.25% (3750/60000)


Average Test loss: 0.0001, Test Error Rate: 7.25% (725/10000)

Train Epoch: 89 [20000/60000 (33%)]	Loss: 0.056260
Train Epoch: 89 [40000/60000 (67%)]	Loss: 0.063606
Train Epoch: 89 [60000/60000 (100%)]	Loss: 0.053245

Average Training loss: 0.0003, Training Error Rate: 6.31% (3785/60000)


Average Test loss: 0.0001, Test Error Rate: 7.02% (702/10000)

Train Epoch: 90 [20000/60000 (33%)]	Loss: 0.071829
Train Epoch: 90 [40000/60000 (67%)]	Loss: 0.060709
Train Epoch: 90 [60000/60000 (100%)]	Loss: 0.062696

Average Training loss: 0.0003, Training Error Rate: 6.30% (3782/60000)


Average Test loss: 0.0001, Test Error Rate: 7.35% (735/10000)

Train Epoch: 91 [20000/60000 (33%)]	Loss: 0.063699
Train Epoch: 91 [40000/60000 (67%)]	Loss: 0.058317
Train Epoch: 91 [60000/60000 (100%)]	Loss: 0.068407

Average Training loss: 0.0003, Training Error Rate: 6.27% (3764/60000)


Average Test loss: 0.0001, Test Error Rate: 6.82% (682/10000)

Train Epoch: 92 [20000/60000 (33%)]	Loss: 0.041563
Train Epoch: 92 [40000/60000 (67%)]	Loss: 0.043353
Train Epoch: 92 [60000/60000 (100%)]	Loss: 0.052649

Average Training loss: 0.0003, Training Error Rate: 6.14% (3684/60000)


Average Test loss: 0.0001, Test Error Rate: 6.78% (678/10000)

Train Epoch: 93 [20000/60000 (33%)]	Loss: 0.048365
Train Epoch: 93 [40000/60000 (67%)]	Loss: 0.052078
Train Epoch: 93 [60000/60000 (100%)]	Loss: 0.038950

Average Training loss: 0.0003, Training Error Rate: 6.10% (3662/60000)


Average Test loss: 0.0001, Test Error Rate: 6.49% (649/10000)

Train Epoch: 94 [20000/60000 (33%)]	Loss: 0.050806
Train Epoch: 94 [40000/60000 (67%)]	Loss: 0.084306
Train Epoch: 94 [60000/60000 (100%)]	Loss: 0.068529

Average Training loss: 0.0003, Training Error Rate: 6.18% (3709/60000)


Average Test loss: 0.0001, Test Error Rate: 6.79% (679/10000)

Train Epoch: 95 [20000/60000 (33%)]	Loss: 0.093607
Train Epoch: 95 [40000/60000 (67%)]	Loss: 0.041959
Train Epoch: 95 [60000/60000 (100%)]	Loss: 0.066338

Average Training loss: 0.0003, Training Error Rate: 6.13% (3679/60000)


Average Test loss: 0.0001, Test Error Rate: 7.09% (709/10000)

Train Epoch: 96 [20000/60000 (33%)]	Loss: 0.086279
Train Epoch: 96 [40000/60000 (67%)]	Loss: 0.061799
Train Epoch: 96 [60000/60000 (100%)]	Loss: 0.062419

Average Training loss: 0.0003, Training Error Rate: 6.19% (3716/60000)


Average Test loss: 0.0001, Test Error Rate: 6.66% (666/10000)

Train Epoch: 97 [20000/60000 (33%)]	Loss: 0.073637
Train Epoch: 97 [40000/60000 (67%)]	Loss: 0.030287
Train Epoch: 97 [60000/60000 (100%)]	Loss: 0.058311

Average Training loss: 0.0003, Training Error Rate: 6.01% (3606/60000)


Average Test loss: 0.0001, Test Error Rate: 6.67% (667/10000)

Train Epoch: 98 [20000/60000 (33%)]	Loss: 0.069087
Train Epoch: 98 [40000/60000 (67%)]	Loss: 0.082017
Train Epoch: 98 [60000/60000 (100%)]	Loss: 0.041451

Average Training loss: 0.0003, Training Error Rate: 5.95% (3570/60000)


Average Test loss: 0.0001, Test Error Rate: 6.86% (686/10000)

Train Epoch: 99 [20000/60000 (33%)]	Loss: 0.075259
Train Epoch: 99 [40000/60000 (67%)]	Loss: 0.055432
Train Epoch: 99 [60000/60000 (100%)]	Loss: 0.037804

Average Training loss: 0.0003, Training Error Rate: 6.12% (3669/60000)


Average Test loss: 0.0001, Test Error Rate: 6.50% (650/10000)

