/vast/home/ajherman/miniconda3/envs/pytorch/lib/python3.11/site-packages/torchvision/io/image.py:13: UserWarning: Failed to load image Python extension: '/vast/home/ajherman/miniconda3/envs/pytorch/lib/python3.11/site-packages/torchvision/image.so: undefined symbol: _ZN5torch3jit17parseSchemaOrNameERKNSt7__cxx1112basic_stringIcSt11char_traitsIcESaIcEEE'If you don't plan on using image functionality from `torchvision.io`, you can ignore this warning. Otherwise, there might be something wrong with your environment. Did you have `libjpeg` or `libpng` installed before building `torchvision` from source?
  warn(
Random seed set as 42
dt =  0.28346868942621073
trace decay =  0.7165313105737893
Random seed set as 42
Random seed set as 42
dt =  0.28346868942621073
trace decay =  0.7165313105737893
Random seed set as 42
Train Epoch: 0 [20000/60000 (33%)]	Loss: 0.478263
Train Epoch: 0 [40000/60000 (67%)]	Loss: 0.465886
Train Epoch: 0 [60000/60000 (100%)]	Loss: 0.463884

Average Training loss: 0.0024, Training Error Rate: 89.87% (53924/60000)


Average Test loss: 0.0005, Test Error Rate: 89.63% (8963/10000)

Train Epoch: 1 [20000/60000 (33%)]	Loss: 0.464995
Train Epoch: 1 [40000/60000 (67%)]	Loss: 0.470267
Train Epoch: 1 [60000/60000 (100%)]	Loss: 0.477597

Average Training loss: 0.0024, Training Error Rate: 89.96% (53978/60000)


Average Test loss: 0.0005, Test Error Rate: 89.73% (8973/10000)

Train Epoch: 2 [20000/60000 (33%)]	Loss: 0.473478
Train Epoch: 2 [40000/60000 (67%)]	Loss: 0.471473
Train Epoch: 2 [60000/60000 (100%)]	Loss: 0.465686

Average Training loss: 0.0024, Training Error Rate: 89.67% (53801/60000)


Average Test loss: 0.0005, Test Error Rate: 87.48% (8748/10000)

Train Epoch: 3 [20000/60000 (33%)]	Loss: 0.461936
Train Epoch: 3 [40000/60000 (67%)]	Loss: 0.454488
Train Epoch: 3 [60000/60000 (100%)]	Loss: 0.464098

Average Training loss: 0.0023, Training Error Rate: 86.31% (51786/60000)


Average Test loss: 0.0005, Test Error Rate: 87.74% (8774/10000)

Train Epoch: 4 [20000/60000 (33%)]	Loss: 0.457463
Train Epoch: 4 [40000/60000 (67%)]	Loss: 0.438522
Train Epoch: 4 [60000/60000 (100%)]	Loss: 0.467903

Average Training loss: 0.0023, Training Error Rate: 83.28% (49971/60000)


Average Test loss: 0.0005, Test Error Rate: 87.73% (8773/10000)

Train Epoch: 5 [20000/60000 (33%)]	Loss: 0.450323
Train Epoch: 5 [40000/60000 (67%)]	Loss: 0.438253
Train Epoch: 5 [60000/60000 (100%)]	Loss: 0.444320

Average Training loss: 0.0022, Training Error Rate: 79.26% (47556/60000)


Average Test loss: 0.0004, Test Error Rate: 85.90% (8590/10000)

Train Epoch: 6 [20000/60000 (33%)]	Loss: 0.454428
Train Epoch: 6 [40000/60000 (67%)]	Loss: 0.453523
Train Epoch: 6 [60000/60000 (100%)]	Loss: 0.454782

Average Training loss: 0.0023, Training Error Rate: 80.81% (48483/60000)


Average Test loss: 0.0005, Test Error Rate: 82.96% (8296/10000)

Train Epoch: 7 [20000/60000 (33%)]	Loss: 0.439729
Train Epoch: 7 [40000/60000 (67%)]	Loss: 0.455388
Train Epoch: 7 [60000/60000 (100%)]	Loss: 0.446106

Average Training loss: 0.0023, Training Error Rate: 81.15% (48689/60000)


Average Test loss: 0.0004, Test Error Rate: 76.54% (7654/10000)

Train Epoch: 8 [20000/60000 (33%)]	Loss: 0.424563
Train Epoch: 8 [40000/60000 (67%)]	Loss: 0.428909
Train Epoch: 8 [60000/60000 (100%)]	Loss: 0.429075

Average Training loss: 0.0022, Training Error Rate: 75.04% (45025/60000)


Average Test loss: 0.0004, Test Error Rate: 75.51% (7551/10000)

Train Epoch: 9 [20000/60000 (33%)]	Loss: 0.421280
Train Epoch: 9 [40000/60000 (67%)]	Loss: 0.427731
Train Epoch: 9 [60000/60000 (100%)]	Loss: 0.409677

Average Training loss: 0.0021, Training Error Rate: 72.12% (43275/60000)


Average Test loss: 0.0004, Test Error Rate: 74.51% (7451/10000)

Train Epoch: 10 [20000/60000 (33%)]	Loss: 0.409259
Train Epoch: 10 [40000/60000 (67%)]	Loss: 0.401715
Train Epoch: 10 [60000/60000 (100%)]	Loss: 0.424357

Average Training loss: 0.0020, Training Error Rate: 68.82% (41293/60000)


Average Test loss: 0.0004, Test Error Rate: 72.53% (7253/10000)

Train Epoch: 11 [20000/60000 (33%)]	Loss: 0.398894
Train Epoch: 11 [40000/60000 (67%)]	Loss: 0.398972
Train Epoch: 11 [60000/60000 (100%)]	Loss: 0.371724

Average Training loss: 0.0020, Training Error Rate: 68.20% (40918/60000)


Average Test loss: 0.0004, Test Error Rate: 65.94% (6594/10000)

Train Epoch: 12 [20000/60000 (33%)]	Loss: 0.373903
Train Epoch: 12 [40000/60000 (67%)]	Loss: 0.375742
Train Epoch: 12 [60000/60000 (100%)]	Loss: 0.380707

Average Training loss: 0.0019, Training Error Rate: 61.66% (36998/60000)


Average Test loss: 0.0004, Test Error Rate: 51.69% (5169/10000)

Train Epoch: 13 [20000/60000 (33%)]	Loss: 0.363039
Train Epoch: 13 [40000/60000 (67%)]	Loss: 0.364940
Train Epoch: 13 [60000/60000 (100%)]	Loss: 0.351157

Average Training loss: 0.0018, Training Error Rate: 57.38% (34428/60000)


Average Test loss: 0.0004, Test Error Rate: 54.49% (5449/10000)

Train Epoch: 14 [20000/60000 (33%)]	Loss: 0.379863
Train Epoch: 14 [40000/60000 (67%)]	Loss: 0.366002
Train Epoch: 14 [60000/60000 (100%)]	Loss: 0.372770

Average Training loss: 0.0018, Training Error Rate: 56.03% (33620/60000)


Average Test loss: 0.0004, Test Error Rate: 56.92% (5692/10000)

Train Epoch: 15 [20000/60000 (33%)]	Loss: 0.366131
Train Epoch: 15 [40000/60000 (67%)]	Loss: 0.334574
Train Epoch: 15 [60000/60000 (100%)]	Loss: 0.339906

Average Training loss: 0.0017, Training Error Rate: 49.54% (29723/60000)


Average Test loss: 0.0003, Test Error Rate: 48.46% (4846/10000)

Train Epoch: 16 [20000/60000 (33%)]	Loss: 0.338871
Train Epoch: 16 [40000/60000 (67%)]	Loss: 0.343982
Train Epoch: 16 [60000/60000 (100%)]	Loss: 0.344520

Average Training loss: 0.0017, Training Error Rate: 49.40% (29639/60000)


Average Test loss: 0.0004, Test Error Rate: 50.91% (5091/10000)

Train Epoch: 17 [20000/60000 (33%)]	Loss: 0.342369
Train Epoch: 17 [40000/60000 (67%)]	Loss: 0.345320
Train Epoch: 17 [60000/60000 (100%)]	Loss: 0.320107

Average Training loss: 0.0017, Training Error Rate: 49.69% (29816/60000)


Average Test loss: 0.0003, Test Error Rate: 46.83% (4683/10000)

Train Epoch: 18 [20000/60000 (33%)]	Loss: 0.328189
Train Epoch: 18 [40000/60000 (67%)]	Loss: 0.308027
Train Epoch: 18 [60000/60000 (100%)]	Loss: 0.304938

Average Training loss: 0.0016, Training Error Rate: 44.46% (26674/60000)


Average Test loss: 0.0003, Test Error Rate: 41.05% (4105/10000)

Train Epoch: 19 [20000/60000 (33%)]	Loss: 0.313999
Train Epoch: 19 [40000/60000 (67%)]	Loss: 0.309167
Train Epoch: 19 [60000/60000 (100%)]	Loss: 0.308647

Average Training loss: 0.0016, Training Error Rate: 41.95% (25173/60000)


Average Test loss: 0.0003, Test Error Rate: 38.73% (3873/10000)

Train Epoch: 20 [20000/60000 (33%)]	Loss: 0.276459
Train Epoch: 20 [40000/60000 (67%)]	Loss: 0.297489
Train Epoch: 20 [60000/60000 (100%)]	Loss: 0.305801

Average Training loss: 0.0015, Training Error Rate: 40.58% (24345/60000)


Average Test loss: 0.0003, Test Error Rate: 40.37% (4037/10000)

Train Epoch: 21 [20000/60000 (33%)]	Loss: 0.305880
Train Epoch: 21 [40000/60000 (67%)]	Loss: 0.304319
Train Epoch: 21 [60000/60000 (100%)]	Loss: 0.293544

Average Training loss: 0.0015, Training Error Rate: 39.05% (23429/60000)


Average Test loss: 0.0003, Test Error Rate: 38.33% (3833/10000)

Train Epoch: 22 [20000/60000 (33%)]	Loss: 0.288278
Train Epoch: 22 [40000/60000 (67%)]	Loss: 0.283114
Train Epoch: 22 [60000/60000 (100%)]	Loss: 0.315249

Average Training loss: 0.0014, Training Error Rate: 37.76% (22655/60000)


Average Test loss: 0.0003, Test Error Rate: 36.20% (3620/10000)

Train Epoch: 23 [20000/60000 (33%)]	Loss: 0.278143
Train Epoch: 23 [40000/60000 (67%)]	Loss: 0.278396
Train Epoch: 23 [60000/60000 (100%)]	Loss: 0.284175

Average Training loss: 0.0014, Training Error Rate: 35.67% (21405/60000)


Average Test loss: 0.0003, Test Error Rate: 34.58% (3458/10000)

Train Epoch: 24 [20000/60000 (33%)]	Loss: 0.274847
Train Epoch: 24 [40000/60000 (67%)]	Loss: 0.304629
Train Epoch: 24 [60000/60000 (100%)]	Loss: 0.275871

Average Training loss: 0.0014, Training Error Rate: 35.36% (21217/60000)


Average Test loss: 0.0003, Test Error Rate: 35.24% (3524/10000)

Train Epoch: 25 [20000/60000 (33%)]	Loss: 0.289797
Train Epoch: 25 [40000/60000 (67%)]	Loss: 0.257015
