/vast/home/ajherman/miniconda3/envs/pytorch/lib/python3.11/site-packages/torchvision/io/image.py:13: UserWarning: Failed to load image Python extension: '/vast/home/ajherman/miniconda3/envs/pytorch/lib/python3.11/site-packages/torchvision/image.so: undefined symbol: _ZN5torch3jit17parseSchemaOrNameERKNSt7__cxx1112basic_stringIcSt11char_traitsIcESaIcEEE'If you don't plan on using image functionality from `torchvision.io`, you can ignore this warning. Otherwise, there might be something wrong with your environment. Did you have `libjpeg` or `libpng` installed before building `torchvision` from source?
  warn(
Random seed set as 42
dt =  0.3934693402873666
trace decay =  0.7165313105737893
Random seed set as 42
Random seed set as 42
dt =  0.3934693402873666
trace decay =  0.7165313105737893
Random seed set as 42
Train Epoch: 0 [20000/60000 (33%)]	Loss: 0.409203
Train Epoch: 0 [40000/60000 (67%)]	Loss: 0.343247
Train Epoch: 0 [60000/60000 (100%)]	Loss: 0.335406

Average Training loss: 0.0019, Training Error Rate: 54.82% (32894/60000)


Average Test loss: 0.0003, Test Error Rate: 44.66% (4466/10000)

Train Epoch: 1 [20000/60000 (33%)]	Loss: 0.278821
Train Epoch: 1 [40000/60000 (67%)]	Loss: 0.259373
Train Epoch: 1 [60000/60000 (100%)]	Loss: 0.229477

Average Training loss: 0.0014, Training Error Rate: 31.16% (18695/60000)


Average Test loss: 0.0002, Test Error Rate: 24.29% (2429/10000)

Train Epoch: 2 [20000/60000 (33%)]	Loss: 0.208472
Train Epoch: 2 [40000/60000 (67%)]	Loss: 0.215775
Train Epoch: 2 [60000/60000 (100%)]	Loss: 0.223230

Average Training loss: 0.0011, Training Error Rate: 23.95% (14371/60000)


Average Test loss: 0.0002, Test Error Rate: 21.47% (2147/10000)

Train Epoch: 3 [20000/60000 (33%)]	Loss: 0.216195
Train Epoch: 3 [40000/60000 (67%)]	Loss: 0.199300
Train Epoch: 3 [60000/60000 (100%)]	Loss: 0.212185

Average Training loss: 0.0010, Training Error Rate: 20.75% (12452/60000)


Average Test loss: 0.0002, Test Error Rate: 17.09% (1709/10000)

Train Epoch: 4 [20000/60000 (33%)]	Loss: 0.181298
Train Epoch: 4 [40000/60000 (67%)]	Loss: 0.184593
Train Epoch: 4 [60000/60000 (100%)]	Loss: 0.163837

Average Training loss: 0.0009, Training Error Rate: 18.45% (11069/60000)


Average Test loss: 0.0002, Test Error Rate: 16.40% (1640/10000)

Train Epoch: 5 [20000/60000 (33%)]	Loss: 0.157445
Train Epoch: 5 [40000/60000 (67%)]	Loss: 0.169813
Train Epoch: 5 [60000/60000 (100%)]	Loss: 0.178885

Average Training loss: 0.0008, Training Error Rate: 16.70% (10017/60000)


Average Test loss: 0.0002, Test Error Rate: 14.98% (1498/10000)

Train Epoch: 6 [20000/60000 (33%)]	Loss: 0.170114
Train Epoch: 6 [40000/60000 (67%)]	Loss: 0.152568
Train Epoch: 6 [60000/60000 (100%)]	Loss: 0.139331

Average Training loss: 0.0008, Training Error Rate: 16.01% (9606/60000)


Average Test loss: 0.0001, Test Error Rate: 13.92% (1392/10000)

Train Epoch: 7 [20000/60000 (33%)]	Loss: 0.152567
Train Epoch: 7 [40000/60000 (67%)]	Loss: 0.171362
Train Epoch: 7 [60000/60000 (100%)]	Loss: 0.140583

Average Training loss: 0.0008, Training Error Rate: 15.44% (9261/60000)


Average Test loss: 0.0001, Test Error Rate: 14.23% (1423/10000)

Train Epoch: 8 [20000/60000 (33%)]	Loss: 0.134385
Train Epoch: 8 [40000/60000 (67%)]	Loss: 0.145572
Train Epoch: 8 [60000/60000 (100%)]	Loss: 0.127330

Average Training loss: 0.0007, Training Error Rate: 14.69% (8816/60000)


Average Test loss: 0.0001, Test Error Rate: 12.80% (1280/10000)

Train Epoch: 9 [20000/60000 (33%)]	Loss: 0.146280
Train Epoch: 9 [40000/60000 (67%)]	Loss: 0.122505
Train Epoch: 9 [60000/60000 (100%)]	Loss: 0.118841

Average Training loss: 0.0007, Training Error Rate: 14.06% (8437/60000)


Average Test loss: 0.0001, Test Error Rate: 12.56% (1256/10000)

Train Epoch: 10 [20000/60000 (33%)]	Loss: 0.127364
Train Epoch: 10 [40000/60000 (67%)]	Loss: 0.129045
Train Epoch: 10 [60000/60000 (100%)]	Loss: 0.115627

Average Training loss: 0.0007, Training Error Rate: 13.38% (8026/60000)


Average Test loss: 0.0001, Test Error Rate: 12.19% (1219/10000)

Train Epoch: 11 [20000/60000 (33%)]	Loss: 0.109279
Train Epoch: 11 [40000/60000 (67%)]	Loss: 0.153728
Train Epoch: 11 [60000/60000 (100%)]	Loss: 0.129092

Average Training loss: 0.0006, Training Error Rate: 13.00% (7800/60000)


Average Test loss: 0.0001, Test Error Rate: 11.75% (1175/10000)

Train Epoch: 12 [20000/60000 (33%)]	Loss: 0.135717
Train Epoch: 12 [40000/60000 (67%)]	Loss: 0.106199
Train Epoch: 12 [60000/60000 (100%)]	Loss: 0.144320

Average Training loss: 0.0006, Training Error Rate: 12.64% (7587/60000)


Average Test loss: 0.0001, Test Error Rate: 12.38% (1238/10000)

Train Epoch: 13 [20000/60000 (33%)]	Loss: 0.109826
Train Epoch: 13 [40000/60000 (67%)]	Loss: 0.140926
Train Epoch: 13 [60000/60000 (100%)]	Loss: 0.102023

Average Training loss: 0.0006, Training Error Rate: 13.02% (7813/60000)


Average Test loss: 0.0001, Test Error Rate: 12.12% (1212/10000)

Train Epoch: 14 [20000/60000 (33%)]	Loss: 0.148804
Train Epoch: 14 [40000/60000 (67%)]	Loss: 0.124983
Train Epoch: 14 [60000/60000 (100%)]	Loss: 0.127278

Average Training loss: 0.0006, Training Error Rate: 12.07% (7245/60000)


Average Test loss: 0.0001, Test Error Rate: 11.04% (1104/10000)

Train Epoch: 15 [20000/60000 (33%)]	Loss: 0.126360
Train Epoch: 15 [40000/60000 (67%)]	Loss: 0.127665
Train Epoch: 15 [60000/60000 (100%)]	Loss: 0.118109

Average Training loss: 0.0006, Training Error Rate: 12.05% (7230/60000)


Average Test loss: 0.0001, Test Error Rate: 11.64% (1164/10000)

Train Epoch: 16 [20000/60000 (33%)]	Loss: 0.117887
Train Epoch: 16 [40000/60000 (67%)]	Loss: 0.111886
Train Epoch: 16 [60000/60000 (100%)]	Loss: 0.120664

Average Training loss: 0.0006, Training Error Rate: 11.66% (6996/60000)


Average Test loss: 0.0001, Test Error Rate: 11.11% (1111/10000)

Train Epoch: 17 [20000/60000 (33%)]	Loss: 0.121251
Train Epoch: 17 [40000/60000 (67%)]	Loss: 0.115908
Train Epoch: 17 [60000/60000 (100%)]	Loss: 0.096265

Average Training loss: 0.0005, Training Error Rate: 11.32% (6795/60000)


Average Test loss: 0.0001, Test Error Rate: 10.88% (1088/10000)

