/vast/home/ajherman/miniconda3/envs/pytorch/lib/python3.11/site-packages/torchvision/io/image.py:13: UserWarning: Failed to load image Python extension: '/vast/home/ajherman/miniconda3/envs/pytorch/lib/python3.11/site-packages/torchvision/image.so: undefined symbol: _ZN5torch3jit17parseSchemaOrNameERKNSt7__cxx1112basic_stringIcSt11char_traitsIcESaIcEEE'If you don't plan on using image functionality from `torchvision.io`, you can ignore this warning. Otherwise, there might be something wrong with your environment. Did you have `libjpeg` or `libpng` installed before building `torchvision` from source?
  warn(
Random seed set as 42
dt =  0.6321205588285577
trace decay =  0.6065306597126334
Random seed set as 42
Random seed set as 42
dt =  0.6321205588285577
trace decay =  0.6065306597126334
Random seed set as 42
Train Epoch: 0 [20000/60000 (33%)]	Loss: 0.431683
Train Epoch: 0 [40000/60000 (67%)]	Loss: 0.354247
Train Epoch: 0 [60000/60000 (100%)]	Loss: 0.316012

Average Training loss: 0.0020, Training Error Rate: 58.07% (34840/60000)


Average Test loss: 0.0003, Test Error Rate: 38.94% (3894/10000)

Train Epoch: 1 [20000/60000 (33%)]	Loss: 0.303962
Train Epoch: 1 [40000/60000 (67%)]	Loss: 0.254291
Train Epoch: 1 [60000/60000 (100%)]	Loss: 0.207882

Average Training loss: 0.0014, Training Error Rate: 31.05% (18633/60000)


Average Test loss: 0.0002, Test Error Rate: 24.20% (2420/10000)

Train Epoch: 2 [20000/60000 (33%)]	Loss: 0.215961
Train Epoch: 2 [40000/60000 (67%)]	Loss: 0.218476
Train Epoch: 2 [60000/60000 (100%)]	Loss: 0.220412

Average Training loss: 0.0011, Training Error Rate: 23.39% (14032/60000)


Average Test loss: 0.0002, Test Error Rate: 20.25% (2025/10000)

Train Epoch: 3 [20000/60000 (33%)]	Loss: 0.211767
Train Epoch: 3 [40000/60000 (67%)]	Loss: 0.166340
Train Epoch: 3 [60000/60000 (100%)]	Loss: 0.172633

Average Training loss: 0.0010, Training Error Rate: 20.89% (12532/60000)


Average Test loss: 0.0002, Test Error Rate: 19.76% (1976/10000)

Train Epoch: 4 [20000/60000 (33%)]	Loss: 0.164612
Train Epoch: 4 [40000/60000 (67%)]	Loss: 0.168582
Train Epoch: 4 [60000/60000 (100%)]	Loss: 0.154043

Average Training loss: 0.0009, Training Error Rate: 18.63% (11177/60000)


Average Test loss: 0.0002, Test Error Rate: 16.61% (1661/10000)

Train Epoch: 5 [20000/60000 (33%)]	Loss: 0.163588
Train Epoch: 5 [40000/60000 (67%)]	Loss: 0.158718
Train Epoch: 5 [60000/60000 (100%)]	Loss: 0.178023

Average Training loss: 0.0008, Training Error Rate: 16.83% (10099/60000)


Average Test loss: 0.0002, Test Error Rate: 16.29% (1629/10000)

Train Epoch: 6 [20000/60000 (33%)]	Loss: 0.155498
Train Epoch: 6 [40000/60000 (67%)]	Loss: 0.134560
Train Epoch: 6 [60000/60000 (100%)]	Loss: 0.112498

Average Training loss: 0.0008, Training Error Rate: 16.54% (9925/60000)


Average Test loss: 0.0001, Test Error Rate: 14.73% (1473/10000)

Train Epoch: 7 [20000/60000 (33%)]	Loss: 0.148244
Train Epoch: 7 [40000/60000 (67%)]	Loss: 0.169040
Train Epoch: 7 [60000/60000 (100%)]	Loss: 0.132644

Average Training loss: 0.0007, Training Error Rate: 15.29% (9176/60000)


Average Test loss: 0.0001, Test Error Rate: 14.20% (1420/10000)

Train Epoch: 8 [20000/60000 (33%)]	Loss: 0.131448
Train Epoch: 8 [40000/60000 (67%)]	Loss: 0.145215
Train Epoch: 8 [60000/60000 (100%)]	Loss: 0.120203

Average Training loss: 0.0007, Training Error Rate: 15.04% (9026/60000)


Average Test loss: 0.0001, Test Error Rate: 14.40% (1440/10000)

Train Epoch: 9 [20000/60000 (33%)]	Loss: 0.135284
Train Epoch: 9 [40000/60000 (67%)]	Loss: 0.136301
Train Epoch: 9 [60000/60000 (100%)]	Loss: 0.148392

Average Training loss: 0.0007, Training Error Rate: 14.49% (8697/60000)


Average Test loss: 0.0001, Test Error Rate: 13.53% (1353/10000)

Train Epoch: 10 [20000/60000 (33%)]	Loss: 0.156958
Train Epoch: 10 [40000/60000 (67%)]	Loss: 0.149997
Train Epoch: 10 [60000/60000 (100%)]	Loss: 0.140154

Average Training loss: 0.0007, Training Error Rate: 13.88% (8330/60000)


Average Test loss: 0.0001, Test Error Rate: 13.04% (1304/10000)

Train Epoch: 11 [20000/60000 (33%)]	Loss: 0.111112
Train Epoch: 11 [40000/60000 (67%)]	Loss: 0.156937
Train Epoch: 11 [60000/60000 (100%)]	Loss: 0.103377

Average Training loss: 0.0007, Training Error Rate: 13.86% (8315/60000)


Average Test loss: 0.0001, Test Error Rate: 14.60% (1460/10000)

Train Epoch: 12 [20000/60000 (33%)]	Loss: 0.167648
Train Epoch: 12 [40000/60000 (67%)]	Loss: 0.122074
Train Epoch: 12 [60000/60000 (100%)]	Loss: 0.131042

Average Training loss: 0.0006, Training Error Rate: 13.18% (7908/60000)


Average Test loss: 0.0001, Test Error Rate: 12.61% (1261/10000)

Train Epoch: 13 [20000/60000 (33%)]	Loss: 0.104768
Train Epoch: 13 [40000/60000 (67%)]	Loss: 0.139742
Train Epoch: 13 [60000/60000 (100%)]	Loss: 0.112055

Average Training loss: 0.0006, Training Error Rate: 12.67% (7604/60000)


Average Test loss: 0.0001, Test Error Rate: 12.18% (1218/10000)

Train Epoch: 14 [20000/60000 (33%)]	Loss: 0.132132
Train Epoch: 14 [40000/60000 (67%)]	Loss: 0.130735
Train Epoch: 14 [60000/60000 (100%)]	Loss: 0.124191

Average Training loss: 0.0006, Training Error Rate: 12.12% (7275/60000)


Average Test loss: 0.0001, Test Error Rate: 11.33% (1133/10000)

Train Epoch: 15 [20000/60000 (33%)]	Loss: 0.139805
Train Epoch: 15 [40000/60000 (67%)]	Loss: 0.129490
Train Epoch: 15 [60000/60000 (100%)]	Loss: 0.107991

Average Training loss: 0.0006, Training Error Rate: 12.24% (7345/60000)


Average Test loss: 0.0001, Test Error Rate: 11.05% (1105/10000)

Train Epoch: 16 [20000/60000 (33%)]	Loss: 0.143788
Train Epoch: 16 [40000/60000 (67%)]	Loss: 0.129898
Train Epoch: 16 [60000/60000 (100%)]	Loss: 0.107564

Average Training loss: 0.0006, Training Error Rate: 12.04% (7226/60000)


Average Test loss: 0.0001, Test Error Rate: 11.86% (1186/10000)

Train Epoch: 17 [20000/60000 (33%)]	Loss: 0.098864
Train Epoch: 17 [40000/60000 (67%)]	Loss: 0.120736
Train Epoch: 17 [60000/60000 (100%)]	Loss: 0.106590

Average Training loss: 0.0006, Training Error Rate: 11.86% (7117/60000)


Average Test loss: 0.0001, Test Error Rate: 11.63% (1163/10000)

Train Epoch: 18 [20000/60000 (33%)]	Loss: 0.115919
Train Epoch: 18 [40000/60000 (67%)]	Loss: 0.131924
Train Epoch: 18 [60000/60000 (100%)]	Loss: 0.108486

Average Training loss: 0.0006, Training Error Rate: 11.81% (7084/60000)


Average Test loss: 0.0001, Test Error Rate: 11.07% (1107/10000)

Train Epoch: 19 [20000/60000 (33%)]	Loss: 0.141015
Train Epoch: 19 [40000/60000 (67%)]	Loss: 0.124804
Train Epoch: 19 [60000/60000 (100%)]	Loss: 0.071511

Average Training loss: 0.0006, Training Error Rate: 11.71% (7024/60000)


Average Test loss: 0.0001, Test Error Rate: 12.26% (1226/10000)

Train Epoch: 20 [20000/60000 (33%)]	Loss: 0.138267
Train Epoch: 20 [40000/60000 (67%)]	Loss: 0.148760
Train Epoch: 20 [60000/60000 (100%)]	Loss: 0.127935

Average Training loss: 0.0006, Training Error Rate: 11.62% (6975/60000)


Average Test loss: 0.0001, Test Error Rate: 12.17% (1217/10000)

Train Epoch: 21 [20000/60000 (33%)]	Loss: 0.104632
Train Epoch: 21 [40000/60000 (67%)]	Loss: 0.097867
Train Epoch: 21 [60000/60000 (100%)]	Loss: 0.158490

Average Training loss: 0.0006, Training Error Rate: 11.79% (7074/60000)


Average Test loss: 0.0001, Test Error Rate: 10.97% (1097/10000)

Train Epoch: 22 [20000/60000 (33%)]	Loss: 0.090413
Train Epoch: 22 [40000/60000 (67%)]	Loss: 0.131627
Train Epoch: 22 [60000/60000 (100%)]	Loss: 0.122170

Average Training loss: 0.0005, Training Error Rate: 10.93% (6559/60000)


Average Test loss: 0.0001, Test Error Rate: 10.70% (1070/10000)

Train Epoch: 23 [20000/60000 (33%)]	Loss: 0.119666
Train Epoch: 23 [40000/60000 (67%)]	Loss: 0.108089
Train Epoch: 23 [60000/60000 (100%)]	Loss: 0.115345

Average Training loss: 0.0005, Training Error Rate: 10.71% (6423/60000)


Average Test loss: 0.0001, Test Error Rate: 10.86% (1086/10000)

Train Epoch: 24 [20000/60000 (33%)]	Loss: 0.082939
Train Epoch: 24 [40000/60000 (67%)]	Loss: 0.077406
Train Epoch: 24 [60000/60000 (100%)]	Loss: 0.118969

Average Training loss: 0.0005, Training Error Rate: 10.28% (6170/60000)


Average Test loss: 0.0001, Test Error Rate: 10.36% (1036/10000)

Train Epoch: 25 [20000/60000 (33%)]	Loss: 0.107453
Train Epoch: 25 [40000/60000 (67%)]	Loss: 0.084466
Train Epoch: 25 [60000/60000 (100%)]	Loss: 0.069872

Average Training loss: 0.0005, Training Error Rate: 10.19% (6113/60000)


Average Test loss: 0.0001, Test Error Rate: 10.04% (1004/10000)

Train Epoch: 26 [20000/60000 (33%)]	Loss: 0.104233
Train Epoch: 26 [40000/60000 (67%)]	Loss: 0.094793
Train Epoch: 26 [60000/60000 (100%)]	Loss: 0.082526

Average Training loss: 0.0005, Training Error Rate: 10.06% (6038/60000)


Average Test loss: 0.0001, Test Error Rate: 10.61% (1061/10000)

Train Epoch: 27 [20000/60000 (33%)]	Loss: 0.093023
Train Epoch: 27 [40000/60000 (67%)]	Loss: 0.084449
Train Epoch: 27 [60000/60000 (100%)]	Loss: 0.104550

Average Training loss: 0.0005, Training Error Rate: 10.04% (6023/60000)


Average Test loss: 0.0001, Test Error Rate: 10.37% (1037/10000)

Train Epoch: 28 [20000/60000 (33%)]	Loss: 0.119984
Train Epoch: 28 [40000/60000 (67%)]	Loss: 0.103226
Train Epoch: 28 [60000/60000 (100%)]	Loss: 0.117408

Average Training loss: 0.0005, Training Error Rate: 9.88% (5931/60000)


Average Test loss: 0.0001, Test Error Rate: 10.30% (1030/10000)

Train Epoch: 29 [20000/60000 (33%)]	Loss: 0.121162
Train Epoch: 29 [40000/60000 (67%)]	Loss: 0.092829
Train Epoch: 29 [60000/60000 (100%)]	Loss: 0.096173

Average Training loss: 0.0005, Training Error Rate: 9.47% (5685/60000)


Average Test loss: 0.0001, Test Error Rate: 9.35% (935/10000)

Train Epoch: 30 [20000/60000 (33%)]	Loss: 0.124006
Train Epoch: 30 [40000/60000 (67%)]	Loss: 0.098269
Train Epoch: 30 [60000/60000 (100%)]	Loss: 0.126002

Average Training loss: 0.0005, Training Error Rate: 9.39% (5636/60000)


Average Test loss: 0.0001, Test Error Rate: 9.16% (916/10000)

Train Epoch: 31 [20000/60000 (33%)]	Loss: 0.108488
Train Epoch: 31 [40000/60000 (67%)]	Loss: 0.075933
Train Epoch: 31 [60000/60000 (100%)]	Loss: 0.077467

Average Training loss: 0.0005, Training Error Rate: 9.29% (5575/60000)


Average Test loss: 0.0001, Test Error Rate: 10.05% (1005/10000)

Train Epoch: 32 [20000/60000 (33%)]	Loss: 0.071544
slurmstepd: error: *** STEP 15491790.1915 ON cn651 CANCELLED AT 2023-10-02T20:55:05 ***
/vast/home/ajherman/miniconda3/envs/pytorch/lib/python3.11/site-packages/torchvision/io/image.py:13: UserWarning: Failed to load image Python extension: '/vast/home/ajherman/miniconda3/envs/pytorch/lib/python3.11/site-packages/torchvision/image.so: undefined symbol: _ZN5torch3jit17parseSchemaOrNameERKNSt7__cxx1112basic_stringIcSt11char_traitsIcESaIcEEE'If you don't plan on using image functionality from `torchvision.io`, you can ignore this warning. Otherwise, there might be something wrong with your environment. Did you have `libjpeg` or `libpng` installed before building `torchvision` from source?
  warn(
Random seed set as 42
dt =  0.6321205588285577
trace decay =  0.6065306597126334
Random seed set as 42
Random seed set as 42
dt =  0.6321205588285577
trace decay =  0.6065306597126334
Random seed set as 42
Train Epoch: 32 [20000/60000 (33%)]	Loss: 0.088657
Train Epoch: 32 [40000/60000 (67%)]	Loss: 0.090906
Train Epoch: 32 [60000/60000 (100%)]	Loss: 0.089468

Average Training loss: 0.0005, Training Error Rate: 9.30% (5578/60000)


Average Test loss: 0.0001, Test Error Rate: 9.63% (963/10000)

Train Epoch: 33 [20000/60000 (33%)]	Loss: 0.072157
Train Epoch: 33 [40000/60000 (67%)]	Loss: 0.086853
Train Epoch: 33 [60000/60000 (100%)]	Loss: 0.077248

Average Training loss: 0.0004, Training Error Rate: 9.26% (5553/60000)


Average Test loss: 0.0001, Test Error Rate: 9.20% (920/10000)

Train Epoch: 34 [20000/60000 (33%)]	Loss: 0.105606
Train Epoch: 34 [40000/60000 (67%)]	Loss: 0.073064
Train Epoch: 34 [60000/60000 (100%)]	Loss: 0.097168

Average Training loss: 0.0005, Training Error Rate: 9.37% (5624/60000)


Average Test loss: 0.0001, Test Error Rate: 9.60% (960/10000)

Train Epoch: 35 [20000/60000 (33%)]	Loss: 0.090262
Train Epoch: 35 [40000/60000 (67%)]	Loss: 0.068935
Train Epoch: 35 [60000/60000 (100%)]	Loss: 0.066741

Average Training loss: 0.0005, Training Error Rate: 9.30% (5582/60000)


Average Test loss: 0.0001, Test Error Rate: 9.20% (920/10000)

Train Epoch: 36 [20000/60000 (33%)]	Loss: 0.095888
Train Epoch: 36 [40000/60000 (67%)]	Loss: 0.081850
Train Epoch: 36 [60000/60000 (100%)]	Loss: 0.084885

Average Training loss: 0.0004, Training Error Rate: 8.96% (5376/60000)


Average Test loss: 0.0001, Test Error Rate: 9.17% (917/10000)

Train Epoch: 37 [20000/60000 (33%)]	Loss: 0.100920
Train Epoch: 37 [40000/60000 (67%)]	Loss: 0.070234
Train Epoch: 37 [60000/60000 (100%)]	Loss: 0.084730

Average Training loss: 0.0004, Training Error Rate: 8.84% (5302/60000)


Average Test loss: 0.0001, Test Error Rate: 9.18% (918/10000)

Train Epoch: 38 [20000/60000 (33%)]	Loss: 0.077610
Train Epoch: 38 [40000/60000 (67%)]	Loss: 0.089918
Train Epoch: 38 [60000/60000 (100%)]	Loss: 0.064535

Average Training loss: 0.0004, Training Error Rate: 8.67% (5203/60000)


Average Test loss: 0.0001, Test Error Rate: 9.33% (933/10000)

Train Epoch: 39 [20000/60000 (33%)]	Loss: 0.062127
Train Epoch: 39 [40000/60000 (67%)]	Loss: 0.082740
Train Epoch: 39 [60000/60000 (100%)]	Loss: 0.097079

Average Training loss: 0.0004, Training Error Rate: 8.78% (5266/60000)


Average Test loss: 0.0001, Test Error Rate: 8.69% (869/10000)

Train Epoch: 40 [20000/60000 (33%)]	Loss: 0.053050
Train Epoch: 40 [40000/60000 (67%)]	Loss: 0.061665
Train Epoch: 40 [60000/60000 (100%)]	Loss: 0.078770

Average Training loss: 0.0004, Training Error Rate: 8.33% (4996/60000)


Average Test loss: 0.0001, Test Error Rate: 7.95% (795/10000)

Train Epoch: 41 [20000/60000 (33%)]	Loss: 0.091019
Train Epoch: 41 [40000/60000 (67%)]	Loss: 0.047053
Train Epoch: 41 [60000/60000 (100%)]	Loss: 0.061549

Average Training loss: 0.0004, Training Error Rate: 8.28% (4970/60000)


Average Test loss: 0.0001, Test Error Rate: 8.66% (866/10000)

Train Epoch: 42 [20000/60000 (33%)]	Loss: 0.082754
Train Epoch: 42 [40000/60000 (67%)]	Loss: 0.060564
Train Epoch: 42 [60000/60000 (100%)]	Loss: 0.106239

Average Training loss: 0.0004, Training Error Rate: 8.56% (5139/60000)


Average Test loss: 0.0001, Test Error Rate: 8.44% (844/10000)

Train Epoch: 43 [20000/60000 (33%)]	Loss: 0.091999
Train Epoch: 43 [40000/60000 (67%)]	Loss: 0.054523
Train Epoch: 43 [60000/60000 (100%)]	Loss: 0.072220

Average Training loss: 0.0004, Training Error Rate: 8.36% (5014/60000)


Average Test loss: 0.0001, Test Error Rate: 8.62% (862/10000)

Train Epoch: 44 [20000/60000 (33%)]	Loss: 0.037486
Train Epoch: 44 [40000/60000 (67%)]	Loss: 0.102619
Train Epoch: 44 [60000/60000 (100%)]	Loss: 0.063936

Average Training loss: 0.0004, Training Error Rate: 8.46% (5075/60000)


Average Test loss: 0.0001, Test Error Rate: 7.99% (799/10000)

Train Epoch: 45 [20000/60000 (33%)]	Loss: 0.055271
Train Epoch: 45 [40000/60000 (67%)]	Loss: 0.083077
Train Epoch: 45 [60000/60000 (100%)]	Loss: 0.106126

Average Training loss: 0.0004, Training Error Rate: 8.22% (4935/60000)


Average Test loss: 0.0001, Test Error Rate: 9.51% (951/10000)

Train Epoch: 46 [20000/60000 (33%)]	Loss: 0.067917
Train Epoch: 46 [40000/60000 (67%)]	Loss: 0.107236
Train Epoch: 46 [60000/60000 (100%)]	Loss: 0.098418

Average Training loss: 0.0004, Training Error Rate: 8.18% (4909/60000)


Average Test loss: 0.0001, Test Error Rate: 8.24% (824/10000)

Train Epoch: 47 [20000/60000 (33%)]	Loss: 0.085492
Train Epoch: 47 [40000/60000 (67%)]	Loss: 0.089891
Train Epoch: 47 [60000/60000 (100%)]	Loss: 0.069624

Average Training loss: 0.0004, Training Error Rate: 8.12% (4870/60000)


Average Test loss: 0.0001, Test Error Rate: 8.01% (801/10000)

Train Epoch: 48 [20000/60000 (33%)]	Loss: 0.083764
Train Epoch: 48 [40000/60000 (67%)]	Loss: 0.066724
Train Epoch: 48 [60000/60000 (100%)]	Loss: 0.083709

Average Training loss: 0.0004, Training Error Rate: 8.07% (4841/60000)


Average Test loss: 0.0001, Test Error Rate: 8.67% (867/10000)

Train Epoch: 49 [20000/60000 (33%)]	Loss: 0.060557
Train Epoch: 49 [40000/60000 (67%)]	Loss: 0.052646
Train Epoch: 49 [60000/60000 (100%)]	Loss: 0.060749

Average Training loss: 0.0004, Training Error Rate: 7.84% (4703/60000)


Average Test loss: 0.0001, Test Error Rate: 7.95% (795/10000)

Train Epoch: 50 [20000/60000 (33%)]	Loss: 0.081428
Train Epoch: 50 [40000/60000 (67%)]	Loss: 0.051439
Train Epoch: 50 [60000/60000 (100%)]	Loss: 0.057497

Average Training loss: 0.0004, Training Error Rate: 7.72% (4632/60000)


Average Test loss: 0.0001, Test Error Rate: 8.18% (818/10000)

Train Epoch: 51 [20000/60000 (33%)]	Loss: 0.092126
Train Epoch: 51 [40000/60000 (67%)]	Loss: 0.064909
Train Epoch: 51 [60000/60000 (100%)]	Loss: 0.087522

Average Training loss: 0.0004, Training Error Rate: 7.86% (4718/60000)


Average Test loss: 0.0001, Test Error Rate: 8.34% (834/10000)

Train Epoch: 52 [20000/60000 (33%)]	Loss: 0.070299
Train Epoch: 52 [40000/60000 (67%)]	Loss: 0.096701
Train Epoch: 52 [60000/60000 (100%)]	Loss: 0.074658

Average Training loss: 0.0004, Training Error Rate: 7.66% (4598/60000)


Average Test loss: 0.0001, Test Error Rate: 8.36% (836/10000)

Train Epoch: 53 [20000/60000 (33%)]	Loss: 0.038992
Train Epoch: 53 [40000/60000 (67%)]	Loss: 0.102885
Train Epoch: 53 [60000/60000 (100%)]	Loss: 0.090493

Average Training loss: 0.0004, Training Error Rate: 7.54% (4525/60000)


Average Test loss: 0.0001, Test Error Rate: 8.22% (822/10000)

Train Epoch: 54 [20000/60000 (33%)]	Loss: 0.089297
Train Epoch: 54 [40000/60000 (67%)]	Loss: 0.103462
Train Epoch: 54 [60000/60000 (100%)]	Loss: 0.107353

Average Training loss: 0.0004, Training Error Rate: 7.84% (4705/60000)


Average Test loss: 0.0001, Test Error Rate: 8.14% (814/10000)

Train Epoch: 55 [20000/60000 (33%)]	Loss: 0.068897
Train Epoch: 55 [40000/60000 (67%)]	Loss: 0.108008
Train Epoch: 55 [60000/60000 (100%)]	Loss: 0.048769

Average Training loss: 0.0004, Training Error Rate: 7.67% (4605/60000)


Average Test loss: 0.0001, Test Error Rate: 8.13% (813/10000)

Train Epoch: 56 [20000/60000 (33%)]	Loss: 0.063559
Train Epoch: 56 [40000/60000 (67%)]	Loss: 0.084841
Train Epoch: 56 [60000/60000 (100%)]	Loss: 0.065585

Average Training loss: 0.0004, Training Error Rate: 7.77% (4663/60000)


Average Test loss: 0.0001, Test Error Rate: 7.90% (790/10000)

Train Epoch: 57 [20000/60000 (33%)]	Loss: 0.070904
Train Epoch: 57 [40000/60000 (67%)]	Loss: 0.053771
Train Epoch: 57 [60000/60000 (100%)]	Loss: 0.072672

Average Training loss: 0.0004, Training Error Rate: 7.54% (4522/60000)


Average Test loss: 0.0001, Test Error Rate: 7.94% (794/10000)

Train Epoch: 58 [20000/60000 (33%)]	Loss: 0.074703
Train Epoch: 58 [40000/60000 (67%)]	Loss: 0.070389
Train Epoch: 58 [60000/60000 (100%)]	Loss: 0.043075

Average Training loss: 0.0004, Training Error Rate: 7.37% (4419/60000)


Average Test loss: 0.0001, Test Error Rate: 8.07% (807/10000)

Train Epoch: 59 [20000/60000 (33%)]	Loss: 0.078492
Train Epoch: 59 [40000/60000 (67%)]	Loss: 0.065978
Train Epoch: 59 [60000/60000 (100%)]	Loss: 0.063250

Average Training loss: 0.0004, Training Error Rate: 7.49% (4495/60000)


Average Test loss: 0.0001, Test Error Rate: 7.83% (783/10000)

Train Epoch: 60 [20000/60000 (33%)]	Loss: 0.102197
Train Epoch: 60 [40000/60000 (67%)]	Loss: 0.082731
Train Epoch: 60 [60000/60000 (100%)]	Loss: 0.056054

Average Training loss: 0.0003, Training Error Rate: 7.24% (4341/60000)


Average Test loss: 0.0001, Test Error Rate: 7.74% (774/10000)

Train Epoch: 61 [20000/60000 (33%)]	Loss: 0.075063
Train Epoch: 61 [40000/60000 (67%)]	Loss: 0.086282
Train Epoch: 61 [60000/60000 (100%)]	Loss: 0.057226

Average Training loss: 0.0003, Training Error Rate: 7.12% (4275/60000)


Average Test loss: 0.0001, Test Error Rate: 7.61% (761/10000)

Train Epoch: 62 [20000/60000 (33%)]	Loss: 0.078964
Train Epoch: 62 [40000/60000 (67%)]	Loss: 0.055508
Train Epoch: 62 [60000/60000 (100%)]	Loss: 0.055423

Average Training loss: 0.0003, Training Error Rate: 7.11% (4265/60000)


Average Test loss: 0.0001, Test Error Rate: 7.63% (763/10000)

Train Epoch: 63 [20000/60000 (33%)]	Loss: 0.061128
Train Epoch: 63 [40000/60000 (67%)]	Loss: 0.080719
Train Epoch: 63 [60000/60000 (100%)]	Loss: 0.064634

Average Training loss: 0.0003, Training Error Rate: 7.18% (4310/60000)


Average Test loss: 0.0001, Test Error Rate: 7.89% (789/10000)

Train Epoch: 64 [20000/60000 (33%)]	Loss: 0.085378
Train Epoch: 64 [40000/60000 (67%)]	Loss: 0.067564
Train Epoch: 64 [60000/60000 (100%)]	Loss: 0.088858

Average Training loss: 0.0003, Training Error Rate: 7.14% (4284/60000)


Average Test loss: 0.0001, Test Error Rate: 7.61% (761/10000)

Train Epoch: 65 [20000/60000 (33%)]	Loss: 0.049052
Train Epoch: 65 [40000/60000 (67%)]	Loss: 0.073455
Train Epoch: 65 [60000/60000 (100%)]	Loss: 0.068240

Average Training loss: 0.0003, Training Error Rate: 6.90% (4141/60000)


Average Test loss: 0.0001, Test Error Rate: 7.65% (765/10000)

Train Epoch: 66 [20000/60000 (33%)]	Loss: 0.077041
Train Epoch: 66 [40000/60000 (67%)]	Loss: 0.035475
Train Epoch: 66 [60000/60000 (100%)]	Loss: 0.066336

Average Training loss: 0.0003, Training Error Rate: 7.02% (4213/60000)


Average Test loss: 0.0001, Test Error Rate: 7.76% (776/10000)

Train Epoch: 67 [20000/60000 (33%)]	Loss: 0.071827
Train Epoch: 67 [40000/60000 (67%)]	Loss: 0.048514
Train Epoch: 67 [60000/60000 (100%)]	Loss: 0.045026

Average Training loss: 0.0003, Training Error Rate: 7.05% (4231/60000)


Average Test loss: 0.0001, Test Error Rate: 7.70% (770/10000)

Train Epoch: 68 [20000/60000 (33%)]	Loss: 0.069956
Train Epoch: 68 [40000/60000 (67%)]	Loss: 0.063334
Train Epoch: 68 [60000/60000 (100%)]	Loss: 0.090452

Average Training loss: 0.0003, Training Error Rate: 6.96% (4177/60000)


Average Test loss: 0.0001, Test Error Rate: 8.02% (802/10000)

Train Epoch: 69 [20000/60000 (33%)]	Loss: 0.062631
Train Epoch: 69 [40000/60000 (67%)]	Loss: 0.061630
Train Epoch: 69 [60000/60000 (100%)]	Loss: 0.053243

Average Training loss: 0.0003, Training Error Rate: 7.14% (4286/60000)


Average Test loss: 0.0001, Test Error Rate: 7.50% (750/10000)

Train Epoch: 70 [20000/60000 (33%)]	Loss: 0.071850
Train Epoch: 70 [40000/60000 (67%)]	Loss: 0.074038
Train Epoch: 70 [60000/60000 (100%)]	Loss: 0.061784

Average Training loss: 0.0003, Training Error Rate: 6.82% (4089/60000)


Average Test loss: 0.0001, Test Error Rate: 8.01% (801/10000)

Train Epoch: 71 [20000/60000 (33%)]	Loss: 0.081057
Train Epoch: 71 [40000/60000 (67%)]	Loss: 0.058911
Train Epoch: 71 [60000/60000 (100%)]	Loss: 0.060511

Average Training loss: 0.0003, Training Error Rate: 6.67% (3999/60000)


Average Test loss: 0.0001, Test Error Rate: 8.13% (813/10000)

Train Epoch: 72 [20000/60000 (33%)]	Loss: 0.063663
Train Epoch: 72 [40000/60000 (67%)]	Loss: 0.062159
Train Epoch: 72 [60000/60000 (100%)]	Loss: 0.069644

Average Training loss: 0.0003, Training Error Rate: 6.75% (4052/60000)


Average Test loss: 0.0001, Test Error Rate: 7.23% (723/10000)

Train Epoch: 73 [20000/60000 (33%)]	Loss: 0.082555
Train Epoch: 73 [40000/60000 (67%)]	Loss: 0.064046
Train Epoch: 73 [60000/60000 (100%)]	Loss: 0.063499

Average Training loss: 0.0003, Training Error Rate: 6.57% (3943/60000)


Average Test loss: 0.0001, Test Error Rate: 7.23% (723/10000)

Train Epoch: 74 [20000/60000 (33%)]	Loss: 0.045501
Train Epoch: 74 [40000/60000 (67%)]	Loss: 0.097664
Train Epoch: 74 [60000/60000 (100%)]	Loss: 0.064189

Average Training loss: 0.0003, Training Error Rate: 6.52% (3914/60000)


Average Test loss: 0.0001, Test Error Rate: 7.61% (761/10000)

Train Epoch: 75 [20000/60000 (33%)]	Loss: 0.073957
Train Epoch: 75 [40000/60000 (67%)]	Loss: 0.064141
Train Epoch: 75 [60000/60000 (100%)]	Loss: 0.075891

Average Training loss: 0.0003, Training Error Rate: 6.48% (3889/60000)


Average Test loss: 0.0001, Test Error Rate: 7.35% (735/10000)

Train Epoch: 76 [20000/60000 (33%)]	Loss: 0.065429
Train Epoch: 76 [40000/60000 (67%)]	Loss: 0.068101
Train Epoch: 76 [60000/60000 (100%)]	Loss: 0.048199

Average Training loss: 0.0003, Training Error Rate: 6.55% (3929/60000)


Average Test loss: 0.0001, Test Error Rate: 7.60% (760/10000)

Train Epoch: 77 [20000/60000 (33%)]	Loss: 0.062669
Train Epoch: 77 [40000/60000 (67%)]	Loss: 0.065372
Train Epoch: 77 [60000/60000 (100%)]	Loss: 0.037847

Average Training loss: 0.0003, Training Error Rate: 6.51% (3904/60000)


Average Test loss: 0.0001, Test Error Rate: 7.35% (735/10000)

Train Epoch: 78 [20000/60000 (33%)]	Loss: 0.075151
Train Epoch: 78 [40000/60000 (67%)]	Loss: 0.087662
Train Epoch: 78 [60000/60000 (100%)]	Loss: 0.033311

Average Training loss: 0.0003, Training Error Rate: 6.51% (3908/60000)


Average Test loss: 0.0001, Test Error Rate: 7.18% (718/10000)

Train Epoch: 79 [20000/60000 (33%)]	Loss: 0.084768
Train Epoch: 79 [40000/60000 (67%)]	Loss: 0.075234
Train Epoch: 79 [60000/60000 (100%)]	Loss: 0.039215

Average Training loss: 0.0003, Training Error Rate: 6.50% (3900/60000)


Average Test loss: 0.0001, Test Error Rate: 7.46% (746/10000)

Train Epoch: 80 [20000/60000 (33%)]	Loss: 0.087974
Train Epoch: 80 [40000/60000 (67%)]	Loss: 0.037207
Train Epoch: 80 [60000/60000 (100%)]	Loss: 0.051219

Average Training loss: 0.0003, Training Error Rate: 6.50% (3897/60000)


Average Test loss: 0.0001, Test Error Rate: 7.25% (725/10000)

Train Epoch: 81 [20000/60000 (33%)]	Loss: 0.027102
Train Epoch: 81 [40000/60000 (67%)]	Loss: 0.072200
Train Epoch: 81 [60000/60000 (100%)]	Loss: 0.079822

Average Training loss: 0.0003, Training Error Rate: 6.51% (3908/60000)


Average Test loss: 0.0001, Test Error Rate: 7.00% (700/10000)

Train Epoch: 82 [20000/60000 (33%)]	Loss: 0.072389
Train Epoch: 82 [40000/60000 (67%)]	Loss: 0.068662
Train Epoch: 82 [60000/60000 (100%)]	Loss: 0.067103

Average Training loss: 0.0003, Training Error Rate: 6.27% (3760/60000)


Average Test loss: 0.0001, Test Error Rate: 7.06% (706/10000)

Train Epoch: 83 [20000/60000 (33%)]	Loss: 0.058309
Train Epoch: 83 [40000/60000 (67%)]	Loss: 0.040675
Train Epoch: 83 [60000/60000 (100%)]	Loss: 0.072656

Average Training loss: 0.0003, Training Error Rate: 6.32% (3794/60000)


Average Test loss: 0.0001, Test Error Rate: 7.04% (704/10000)

Train Epoch: 84 [20000/60000 (33%)]	Loss: 0.064287
Train Epoch: 84 [40000/60000 (67%)]	Loss: 0.055705
Train Epoch: 84 [60000/60000 (100%)]	Loss: 0.057226

Average Training loss: 0.0003, Training Error Rate: 6.40% (3841/60000)


Average Test loss: 0.0001, Test Error Rate: 7.29% (729/10000)

Train Epoch: 85 [20000/60000 (33%)]	Loss: 0.078388
Train Epoch: 85 [40000/60000 (67%)]	Loss: 0.099024
Train Epoch: 85 [60000/60000 (100%)]	Loss: 0.059147

Average Training loss: 0.0003, Training Error Rate: 6.36% (3814/60000)


Average Test loss: 0.0001, Test Error Rate: 7.08% (708/10000)

Train Epoch: 86 [20000/60000 (33%)]	Loss: 0.081250
Train Epoch: 86 [40000/60000 (67%)]	Loss: 0.057637
Train Epoch: 86 [60000/60000 (100%)]	Loss: 0.056442

Average Training loss: 0.0003, Training Error Rate: 6.20% (3719/60000)


Average Test loss: 0.0001, Test Error Rate: 7.10% (710/10000)

Train Epoch: 87 [20000/60000 (33%)]	Loss: 0.065750
Train Epoch: 87 [40000/60000 (67%)]	Loss: 0.039497
Train Epoch: 87 [60000/60000 (100%)]	Loss: 0.053542

Average Training loss: 0.0003, Training Error Rate: 6.20% (3719/60000)


Average Test loss: 0.0001, Test Error Rate: 7.06% (706/10000)

Train Epoch: 88 [20000/60000 (33%)]	Loss: 0.060961
Train Epoch: 88 [40000/60000 (67%)]	Loss: 0.048595
Train Epoch: 88 [60000/60000 (100%)]	Loss: 0.032037

Average Training loss: 0.0003, Training Error Rate: 6.13% (3679/60000)


Average Test loss: 0.0001, Test Error Rate: 6.85% (685/10000)

