/vast/home/ajherman/miniconda3/envs/pytorch/lib/python3.11/site-packages/torchvision/io/image.py:13: UserWarning: Failed to load image Python extension: '/vast/home/ajherman/miniconda3/envs/pytorch/lib/python3.11/site-packages/torchvision/image.so: undefined symbol: _ZN5torch3jit17parseSchemaOrNameERKNSt7__cxx1112basic_stringIcSt11char_traitsIcESaIcEEE'If you don't plan on using image functionality from `torchvision.io`, you can ignore this warning. Otherwise, there might be something wrong with your environment. Did you have `libjpeg` or `libpng` installed before building `torchvision` from source?
  warn(
Random seed set as 42
dt =  0.22119921692859512
trace decay =  0.8187307530779818
Random seed set as 42
Random seed set as 42
dt =  0.22119921692859512
trace decay =  0.8187307530779818
Random seed set as 42
Train Epoch: 0 [2500/60000 (4%)]	Loss: 0.458721
Train Epoch: 0 [5000/60000 (8%)]	Loss: 0.466083
Train Epoch: 0 [7500/60000 (12%)]	Loss: 0.455657
Train Epoch: 0 [10000/60000 (17%)]	Loss: 0.446785
Train Epoch: 0 [12500/60000 (21%)]	Loss: 0.442686
Train Epoch: 0 [15000/60000 (25%)]	Loss: 0.452583
Train Epoch: 0 [17500/60000 (29%)]	Loss: 0.451678
Train Epoch: 0 [20000/60000 (33%)]	Loss: 0.439977
Train Epoch: 0 [22500/60000 (38%)]	Loss: 0.485239
Train Epoch: 0 [25000/60000 (42%)]	Loss: 0.432967
Train Epoch: 0 [27500/60000 (46%)]	Loss: 0.440271
Train Epoch: 0 [30000/60000 (50%)]	Loss: 0.441784
Train Epoch: 0 [32500/60000 (54%)]	Loss: 0.446412
Train Epoch: 0 [35000/60000 (58%)]	Loss: 0.450088
Train Epoch: 0 [37500/60000 (62%)]	Loss: 0.431443
Train Epoch: 0 [40000/60000 (67%)]	Loss: 0.434204
Train Epoch: 0 [42500/60000 (71%)]	Loss: 0.431321
Train Epoch: 0 [45000/60000 (75%)]	Loss: 0.416203
Train Epoch: 0 [47500/60000 (79%)]	Loss: 0.445505
Train Epoch: 0 [50000/60000 (83%)]	Loss: 0.439625
Train Epoch: 0 [52500/60000 (88%)]	Loss: 0.429530
Train Epoch: 0 [55000/60000 (92%)]	Loss: 0.432847
Train Epoch: 0 [57500/60000 (96%)]	Loss: 0.425244
Train Epoch: 0 [60000/60000 (100%)]	Loss: 0.425681

Average Training loss: 0.0180, Training Error Rate: 83.61% (50166/60000)


Average Test loss: 0.0004, Test Error Rate: 77.92% (7792/10000)

Train Epoch: 1 [2500/60000 (4%)]	Loss: 0.418224
Train Epoch: 1 [5000/60000 (8%)]	Loss: 0.425151
Train Epoch: 1 [7500/60000 (12%)]	Loss: 0.415550
Train Epoch: 1 [10000/60000 (17%)]	Loss: 0.428960
Train Epoch: 1 [12500/60000 (21%)]	Loss: 0.420019
Train Epoch: 1 [15000/60000 (25%)]	Loss: 0.398866
Train Epoch: 1 [17500/60000 (29%)]	Loss: 0.443394
Train Epoch: 1 [20000/60000 (33%)]	Loss: 0.429432
Train Epoch: 1 [22500/60000 (38%)]	Loss: 0.461820
Train Epoch: 1 [25000/60000 (42%)]	Loss: 0.425173
Train Epoch: 1 [27500/60000 (46%)]	Loss: 0.435236
Train Epoch: 1 [30000/60000 (50%)]	Loss: 0.424829
Train Epoch: 1 [32500/60000 (54%)]	Loss: 0.432936
Train Epoch: 1 [35000/60000 (58%)]	Loss: 0.428100
Train Epoch: 1 [37500/60000 (62%)]	Loss: 0.444241
Train Epoch: 1 [40000/60000 (67%)]	Loss: 0.460899
slurmstepd: error: *** STEP 15492015.15 ON cn430 CANCELLED AT 2023-10-03T00:39:57 ***
