/vast/home/ajherman/miniconda3/envs/pytorch/lib/python3.11/site-packages/torchvision/io/image.py:13: UserWarning: Failed to load image Python extension: '/vast/home/ajherman/miniconda3/envs/pytorch/lib/python3.11/site-packages/torchvision/image.so: undefined symbol: _ZN5torch3jit17parseSchemaOrNameERKNSt7__cxx1112basic_stringIcSt11char_traitsIcESaIcEEE'If you don't plan on using image functionality from `torchvision.io`, you can ignore this warning. Otherwise, there might be something wrong with your environment. Did you have `libjpeg` or `libpng` installed before building `torchvision` from source?
  warn(
Random seed set as 42
dt =  0.6321205588285577
trace decay =  0.8187307530779818
Random seed set as 42
Random seed set as 42
dt =  0.6321205588285577
trace decay =  0.8187307530779818
Random seed set as 42
Train Epoch: 0 [20000/60000 (33%)]	Loss: 0.483215
Train Epoch: 0 [40000/60000 (67%)]	Loss: 0.476633
Train Epoch: 0 [60000/60000 (100%)]	Loss: 0.464427

Average Training loss: 0.0024, Training Error Rate: 90.11% (54067/60000)


Average Test loss: 0.0005, Test Error Rate: 90.21% (9021/10000)

Train Epoch: 1 [20000/60000 (33%)]	Loss: 0.465366
Train Epoch: 1 [40000/60000 (67%)]	Loss: 0.474442
Train Epoch: 1 [60000/60000 (100%)]	Loss: 0.473935

Average Training loss: 0.0024, Training Error Rate: 90.10% (54060/60000)


Average Test loss: 0.0005, Test Error Rate: 90.19% (9019/10000)

Train Epoch: 2 [20000/60000 (33%)]	Loss: 0.480411
Train Epoch: 2 [40000/60000 (67%)]	Loss: 0.465411
Train Epoch: 2 [60000/60000 (100%)]	Loss: 0.478885

Average Training loss: 0.0024, Training Error Rate: 90.08% (54049/60000)


Average Test loss: 0.0005, Test Error Rate: 90.18% (9018/10000)

Train Epoch: 3 [20000/60000 (33%)]	Loss: 0.474942
Train Epoch: 3 [40000/60000 (67%)]	Loss: 0.470502
Train Epoch: 3 [60000/60000 (100%)]	Loss: 0.469228

Average Training loss: 0.0024, Training Error Rate: 90.25% (54148/60000)


Average Test loss: 0.0005, Test Error Rate: 90.12% (9012/10000)

Train Epoch: 4 [20000/60000 (33%)]	Loss: 0.476341
Train Epoch: 4 [40000/60000 (67%)]	Loss: 0.469158
Train Epoch: 4 [60000/60000 (100%)]	Loss: 0.468185

Average Training loss: 0.0023, Training Error Rate: 90.27% (54159/60000)


Average Test loss: 0.0005, Test Error Rate: 89.72% (8972/10000)

Train Epoch: 5 [20000/60000 (33%)]	Loss: 0.468722
Train Epoch: 5 [40000/60000 (67%)]	Loss: 0.474769
Train Epoch: 5 [60000/60000 (100%)]	Loss: 0.469737

Average Training loss: 0.0023, Training Error Rate: 90.14% (54087/60000)


Average Test loss: 0.0005, Test Error Rate: 91.11% (9111/10000)

Train Epoch: 6 [20000/60000 (33%)]	Loss: 0.469302
Train Epoch: 6 [40000/60000 (67%)]	Loss: 0.469002
Train Epoch: 6 [60000/60000 (100%)]	Loss: 0.476467

Average Training loss: 0.0023, Training Error Rate: 90.13% (54076/60000)


Average Test loss: 0.0005, Test Error Rate: 89.65% (8965/10000)

Train Epoch: 7 [20000/60000 (33%)]	Loss: 0.479433
Train Epoch: 7 [40000/60000 (67%)]	Loss: 0.469299
Train Epoch: 7 [60000/60000 (100%)]	Loss: 0.467674

Average Training loss: 0.0023, Training Error Rate: 90.13% (54080/60000)


Average Test loss: 0.0005, Test Error Rate: 90.42% (9042/10000)

Train Epoch: 8 [20000/60000 (33%)]	Loss: 0.479682
Train Epoch: 8 [40000/60000 (67%)]	Loss: 0.469249
Train Epoch: 8 [60000/60000 (100%)]	Loss: 0.470321

Average Training loss: 0.0023, Training Error Rate: 90.30% (54178/60000)


Average Test loss: 0.0005, Test Error Rate: 90.24% (9024/10000)

Train Epoch: 9 [20000/60000 (33%)]	Loss: 0.463864
Train Epoch: 9 [40000/60000 (67%)]	Loss: 0.468596
slurmstepd: error: *** STEP 15491636.2592 ON cn654 CANCELLED AT 2023-10-02T18:23:32 ***
/vast/home/ajherman/miniconda3/envs/pytorch/lib/python3.11/site-packages/torchvision/io/image.py:13: UserWarning: Failed to load image Python extension: '/vast/home/ajherman/miniconda3/envs/pytorch/lib/python3.11/site-packages/torchvision/image.so: undefined symbol: _ZN5torch3jit17parseSchemaOrNameERKNSt7__cxx1112basic_stringIcSt11char_traitsIcESaIcEEE'If you don't plan on using image functionality from `torchvision.io`, you can ignore this warning. Otherwise, there might be something wrong with your environment. Did you have `libjpeg` or `libpng` installed before building `torchvision` from source?
  warn(
Random seed set as 42
dt =  0.6321205588285577
trace decay =  0.8187307530779818
Random seed set as 42
Random seed set as 42
dt =  0.6321205588285577
trace decay =  0.8187307530779818
Random seed set as 42
Train Epoch: 9 [20000/60000 (33%)]	Loss: 0.472283
Train Epoch: 9 [40000/60000 (67%)]	Loss: 0.465627
Train Epoch: 9 [60000/60000 (100%)]	Loss: 0.468508

Average Training loss: 0.0023, Training Error Rate: 90.33% (54199/60000)


Average Test loss: 0.0005, Test Error Rate: 90.21% (9021/10000)

Train Epoch: 10 [20000/60000 (33%)]	Loss: 0.460646
Train Epoch: 10 [40000/60000 (67%)]	Loss: 0.474388
Train Epoch: 10 [60000/60000 (100%)]	Loss: 0.466369

Average Training loss: 0.0023, Training Error Rate: 89.86% (53915/60000)


Average Test loss: 0.0005, Test Error Rate: 89.92% (8992/10000)

Train Epoch: 11 [20000/60000 (33%)]	Loss: 0.476209
Train Epoch: 11 [40000/60000 (67%)]	Loss: 0.470839
Train Epoch: 11 [60000/60000 (100%)]	Loss: 0.469058

Average Training loss: 0.0023, Training Error Rate: 90.15% (54091/60000)


Average Test loss: 0.0005, Test Error Rate: 89.67% (8967/10000)

Train Epoch: 12 [20000/60000 (33%)]	Loss: 0.468833
Train Epoch: 12 [40000/60000 (67%)]	Loss: 0.473696
Train Epoch: 12 [60000/60000 (100%)]	Loss: 0.462862

Average Training loss: 0.0023, Training Error Rate: 90.27% (54161/60000)


Average Test loss: 0.0005, Test Error Rate: 90.19% (9019/10000)

Train Epoch: 13 [20000/60000 (33%)]	Loss: 0.468153
Train Epoch: 13 [40000/60000 (67%)]	Loss: 0.457910
Train Epoch: 13 [60000/60000 (100%)]	Loss: 0.459680

Average Training loss: 0.0023, Training Error Rate: 90.06% (54038/60000)


Average Test loss: 0.0005, Test Error Rate: 89.65% (8965/10000)

Train Epoch: 14 [20000/60000 (33%)]	Loss: 0.460546
Train Epoch: 14 [40000/60000 (67%)]	Loss: 0.469837
Train Epoch: 14 [60000/60000 (100%)]	Loss: 0.469769

Average Training loss: 0.0023, Training Error Rate: 90.14% (54087/60000)


Average Test loss: 0.0005, Test Error Rate: 89.91% (8991/10000)

Train Epoch: 15 [20000/60000 (33%)]	Loss: 0.459407
Train Epoch: 15 [40000/60000 (67%)]	Loss: 0.465733
Train Epoch: 15 [60000/60000 (100%)]	Loss: 0.474437

Average Training loss: 0.0023, Training Error Rate: 89.89% (53931/60000)


Average Test loss: 0.0005, Test Error Rate: 89.20% (8920/10000)

Train Epoch: 16 [20000/60000 (33%)]	Loss: 0.474111
Train Epoch: 16 [40000/60000 (67%)]	Loss: 0.472083
Train Epoch: 16 [60000/60000 (100%)]	Loss: 0.461163

Average Training loss: 0.0023, Training Error Rate: 89.96% (53975/60000)


Average Test loss: 0.0005, Test Error Rate: 90.47% (9047/10000)

Train Epoch: 17 [20000/60000 (33%)]	Loss: 0.468702
Train Epoch: 17 [40000/60000 (67%)]	Loss: 0.459891
Train Epoch: 17 [60000/60000 (100%)]	Loss: 0.466438

Average Training loss: 0.0023, Training Error Rate: 89.97% (53984/60000)


Average Test loss: 0.0005, Test Error Rate: 90.23% (9023/10000)

Train Epoch: 18 [20000/60000 (33%)]	Loss: 0.459037
Train Epoch: 18 [40000/60000 (67%)]	Loss: 0.452683
Train Epoch: 18 [60000/60000 (100%)]	Loss: 0.459965

Average Training loss: 0.0023, Training Error Rate: 90.20% (54118/60000)


Average Test loss: 0.0005, Test Error Rate: 90.23% (9023/10000)

Train Epoch: 19 [20000/60000 (33%)]	Loss: 0.464484
Train Epoch: 19 [40000/60000 (67%)]	Loss: 0.466757
Train Epoch: 19 [60000/60000 (100%)]	Loss: 0.460329

Average Training loss: 0.0023, Training Error Rate: 90.02% (54014/60000)


Average Test loss: 0.0005, Test Error Rate: 90.52% (9052/10000)

Train Epoch: 20 [20000/60000 (33%)]	Loss: 0.458423
Train Epoch: 20 [40000/60000 (67%)]	Loss: 0.465733
Train Epoch: 20 [60000/60000 (100%)]	Loss: 0.471191

Average Training loss: 0.0023, Training Error Rate: 89.91% (53945/60000)


Average Test loss: 0.0005, Test Error Rate: 89.70% (8970/10000)

Train Epoch: 21 [20000/60000 (33%)]	Loss: 0.458052
Train Epoch: 21 [40000/60000 (67%)]	Loss: 0.458919
Train Epoch: 21 [60000/60000 (100%)]	Loss: 0.459106

Average Training loss: 0.0023, Training Error Rate: 89.73% (53836/60000)


Average Test loss: 0.0005, Test Error Rate: 89.91% (8991/10000)

Train Epoch: 22 [20000/60000 (33%)]	Loss: 0.468541
Train Epoch: 22 [40000/60000 (67%)]	Loss: 0.465147
Train Epoch: 22 [60000/60000 (100%)]	Loss: 0.459961

Average Training loss: 0.0023, Training Error Rate: 89.58% (53745/60000)


Average Test loss: 0.0005, Test Error Rate: 90.27% (9027/10000)

Train Epoch: 23 [20000/60000 (33%)]	Loss: 0.464144
Train Epoch: 23 [40000/60000 (67%)]	Loss: 0.457622
Train Epoch: 23 [60000/60000 (100%)]	Loss: 0.462297

Average Training loss: 0.0023, Training Error Rate: 89.67% (53805/60000)


Average Test loss: 0.0005, Test Error Rate: 83.45% (8345/10000)

Train Epoch: 24 [20000/60000 (33%)]	Loss: 0.462194
Train Epoch: 24 [40000/60000 (67%)]	Loss: 0.460505
Train Epoch: 24 [60000/60000 (100%)]	Loss: 0.460780

Average Training loss: 0.0023, Training Error Rate: 89.50% (53698/60000)


Average Test loss: 0.0005, Test Error Rate: 89.50% (8950/10000)

Train Epoch: 25 [20000/60000 (33%)]	Loss: 0.462868
Train Epoch: 25 [40000/60000 (67%)]	Loss: 0.456807
Train Epoch: 25 [60000/60000 (100%)]	Loss: 0.458253

Average Training loss: 0.0023, Training Error Rate: 89.84% (53904/60000)


Average Test loss: 0.0005, Test Error Rate: 90.21% (9021/10000)

Train Epoch: 26 [20000/60000 (33%)]	Loss: 0.463997
Train Epoch: 26 [40000/60000 (67%)]	Loss: 0.470421
Train Epoch: 26 [60000/60000 (100%)]	Loss: 0.460954

Average Training loss: 0.0023, Training Error Rate: 89.91% (53947/60000)


Average Test loss: 0.0005, Test Error Rate: 90.24% (9024/10000)

Train Epoch: 27 [20000/60000 (33%)]	Loss: 0.472308
Train Epoch: 27 [40000/60000 (67%)]	Loss: 0.455641
Train Epoch: 27 [60000/60000 (100%)]	Loss: 0.455799

Average Training loss: 0.0023, Training Error Rate: 89.82% (53890/60000)


Average Test loss: 0.0005, Test Error Rate: 89.91% (8991/10000)

Train Epoch: 28 [20000/60000 (33%)]	Loss: 0.469129
Train Epoch: 28 [40000/60000 (67%)]	Loss: 0.482005
Train Epoch: 28 [60000/60000 (100%)]	Loss: 0.456812

Average Training loss: 0.0023, Training Error Rate: 90.03% (54015/60000)


Average Test loss: 0.0005, Test Error Rate: 89.41% (8941/10000)

Train Epoch: 29 [20000/60000 (33%)]	Loss: 0.475045
Train Epoch: 29 [40000/60000 (67%)]	Loss: 0.470347
Train Epoch: 29 [60000/60000 (100%)]	Loss: 0.471373

Average Training loss: 0.0023, Training Error Rate: 89.94% (53966/60000)


Average Test loss: 0.0005, Test Error Rate: 89.64% (8964/10000)

Train Epoch: 30 [20000/60000 (33%)]	Loss: 0.458358
Train Epoch: 30 [40000/60000 (67%)]	Loss: 0.464539
Train Epoch: 30 [60000/60000 (100%)]	Loss: 0.462354

Average Training loss: 0.0023, Training Error Rate: 89.83% (53901/60000)


Average Test loss: 0.0005, Test Error Rate: 90.18% (9018/10000)

Train Epoch: 31 [20000/60000 (33%)]	Loss: 0.463175
Train Epoch: 31 [40000/60000 (67%)]	Loss: 0.460874
Train Epoch: 31 [60000/60000 (100%)]	Loss: 0.468490

Average Training loss: 0.0023, Training Error Rate: 90.01% (54006/60000)


Average Test loss: 0.0005, Test Error Rate: 89.84% (8984/10000)

Train Epoch: 32 [20000/60000 (33%)]	Loss: 0.472582
Train Epoch: 32 [40000/60000 (67%)]	Loss: 0.459623
Train Epoch: 32 [60000/60000 (100%)]	Loss: 0.454803

Average Training loss: 0.0023, Training Error Rate: 90.04% (54022/60000)


Average Test loss: 0.0005, Test Error Rate: 89.66% (8966/10000)

Train Epoch: 33 [20000/60000 (33%)]	Loss: 0.472849
Train Epoch: 33 [40000/60000 (67%)]	Loss: 0.459943
Train Epoch: 33 [60000/60000 (100%)]	Loss: 0.458994

Average Training loss: 0.0023, Training Error Rate: 89.93% (53958/60000)


Average Test loss: 0.0005, Test Error Rate: 90.41% (9041/10000)

Train Epoch: 34 [20000/60000 (33%)]	Loss: 0.460673
Train Epoch: 34 [40000/60000 (67%)]	Loss: 0.467623
Train Epoch: 34 [60000/60000 (100%)]	Loss: 0.460573

Average Training loss: 0.0023, Training Error Rate: 89.73% (53836/60000)


Average Test loss: 0.0005, Test Error Rate: 88.92% (8892/10000)

Train Epoch: 35 [20000/60000 (33%)]	Loss: 0.463097
Train Epoch: 35 [40000/60000 (67%)]	Loss: 0.466451
Train Epoch: 35 [60000/60000 (100%)]	Loss: 0.458102

Average Training loss: 0.0023, Training Error Rate: 89.64% (53785/60000)


Average Test loss: 0.0005, Test Error Rate: 89.98% (8998/10000)

Train Epoch: 36 [20000/60000 (33%)]	Loss: 0.462533
Train Epoch: 36 [40000/60000 (67%)]	Loss: 0.456106
Train Epoch: 36 [60000/60000 (100%)]	Loss: 0.465055

Average Training loss: 0.0023, Training Error Rate: 89.92% (53955/60000)


Average Test loss: 0.0005, Test Error Rate: 90.27% (9027/10000)

Train Epoch: 37 [20000/60000 (33%)]	Loss: 0.458529
Train Epoch: 37 [40000/60000 (67%)]	Loss: 0.464697
Train Epoch: 37 [60000/60000 (100%)]	Loss: 0.472573

Average Training loss: 0.0023, Training Error Rate: 89.82% (53894/60000)


Average Test loss: 0.0005, Test Error Rate: 90.16% (9016/10000)

Train Epoch: 38 [20000/60000 (33%)]	Loss: 0.463578
Train Epoch: 38 [40000/60000 (67%)]	Loss: 0.461195
Train Epoch: 38 [60000/60000 (100%)]	Loss: 0.456185

Average Training loss: 0.0023, Training Error Rate: 89.77% (53863/60000)


Average Test loss: 0.0005, Test Error Rate: 89.55% (8955/10000)

Train Epoch: 39 [20000/60000 (33%)]	Loss: 0.461509
Train Epoch: 39 [40000/60000 (67%)]	Loss: 0.464694
Train Epoch: 39 [60000/60000 (100%)]	Loss: 0.458551

Average Training loss: 0.0023, Training Error Rate: 89.83% (53897/60000)


Average Test loss: 0.0005, Test Error Rate: 90.22% (9022/10000)

Train Epoch: 40 [20000/60000 (33%)]	Loss: 0.459028
Train Epoch: 40 [40000/60000 (67%)]	Loss: 0.473297
Train Epoch: 40 [60000/60000 (100%)]	Loss: 0.460548

Average Training loss: 0.0023, Training Error Rate: 89.92% (53949/60000)


Average Test loss: 0.0005, Test Error Rate: 89.73% (8973/10000)

Train Epoch: 41 [20000/60000 (33%)]	Loss: 0.463012
Train Epoch: 41 [40000/60000 (67%)]	Loss: 0.466687
Train Epoch: 41 [60000/60000 (100%)]	Loss: 0.456970

Average Training loss: 0.0023, Training Error Rate: 89.78% (53869/60000)


Average Test loss: 0.0005, Test Error Rate: 88.62% (8862/10000)

Train Epoch: 42 [20000/60000 (33%)]	Loss: 0.454580
Train Epoch: 42 [40000/60000 (67%)]	Loss: 0.455038
Train Epoch: 42 [60000/60000 (100%)]	Loss: 0.464875

Average Training loss: 0.0023, Training Error Rate: 89.55% (53730/60000)


Average Test loss: 0.0005, Test Error Rate: 89.38% (8938/10000)

Train Epoch: 43 [20000/60000 (33%)]	Loss: 0.461874
Train Epoch: 43 [40000/60000 (67%)]	Loss: 0.465831
Train Epoch: 43 [60000/60000 (100%)]	Loss: 0.458538

Average Training loss: 0.0023, Training Error Rate: 89.87% (53924/60000)


Average Test loss: 0.0005, Test Error Rate: 88.67% (8867/10000)

Train Epoch: 44 [20000/60000 (33%)]	Loss: 0.455279
Train Epoch: 44 [40000/60000 (67%)]	Loss: 0.467772
Train Epoch: 44 [60000/60000 (100%)]	Loss: 0.456208

Average Training loss: 0.0023, Training Error Rate: 88.35% (53009/60000)


Average Test loss: 0.0005, Test Error Rate: 88.07% (8807/10000)

Train Epoch: 45 [20000/60000 (33%)]	Loss: 0.463866
Train Epoch: 45 [40000/60000 (67%)]	Loss: 0.460749
Train Epoch: 45 [60000/60000 (100%)]	Loss: 0.457847

Average Training loss: 0.0023, Training Error Rate: 86.27% (51759/60000)


Average Test loss: 0.0005, Test Error Rate: 87.23% (8723/10000)

Train Epoch: 46 [20000/60000 (33%)]	Loss: 0.475714
Train Epoch: 46 [40000/60000 (67%)]	Loss: 0.469068
Train Epoch: 46 [60000/60000 (100%)]	Loss: 0.453617

Average Training loss: 0.0023, Training Error Rate: 87.02% (52213/60000)


Average Test loss: 0.0005, Test Error Rate: 85.26% (8526/10000)

Train Epoch: 47 [20000/60000 (33%)]	Loss: 0.446110
Train Epoch: 47 [40000/60000 (67%)]	Loss: 0.458149
Train Epoch: 47 [60000/60000 (100%)]	Loss: 0.455419

Average Training loss: 0.0023, Training Error Rate: 85.33% (51200/60000)


Average Test loss: 0.0005, Test Error Rate: 88.70% (8870/10000)

Train Epoch: 48 [20000/60000 (33%)]	Loss: 0.461028
Train Epoch: 48 [40000/60000 (67%)]	Loss: 0.447607
Train Epoch: 48 [60000/60000 (100%)]	Loss: 0.451701

Average Training loss: 0.0023, Training Error Rate: 84.21% (50528/60000)


Average Test loss: 0.0004, Test Error Rate: 79.99% (7999/10000)

Train Epoch: 49 [20000/60000 (33%)]	Loss: 0.457552
Train Epoch: 49 [40000/60000 (67%)]	Loss: 0.453085
Train Epoch: 49 [60000/60000 (100%)]	Loss: 0.458732

Average Training loss: 0.0023, Training Error Rate: 84.25% (50552/60000)


Average Test loss: 0.0005, Test Error Rate: 81.88% (8188/10000)

Train Epoch: 50 [20000/60000 (33%)]	Loss: 0.456558
Train Epoch: 50 [40000/60000 (67%)]	Loss: 0.453384
Train Epoch: 50 [60000/60000 (100%)]	Loss: 0.453106

Average Training loss: 0.0023, Training Error Rate: 83.68% (50209/60000)


Average Test loss: 0.0005, Test Error Rate: 81.45% (8145/10000)

Train Epoch: 51 [20000/60000 (33%)]	Loss: 0.447255
Train Epoch: 51 [40000/60000 (67%)]	Loss: 0.456825
Train Epoch: 51 [60000/60000 (100%)]	Loss: 0.453795

Average Training loss: 0.0023, Training Error Rate: 83.21% (49925/60000)


Average Test loss: 0.0005, Test Error Rate: 80.19% (8019/10000)

Train Epoch: 52 [20000/60000 (33%)]	Loss: 0.452568
Train Epoch: 52 [40000/60000 (67%)]	Loss: 0.440404
Train Epoch: 52 [60000/60000 (100%)]	Loss: 0.449670

Average Training loss: 0.0023, Training Error Rate: 82.42% (49450/60000)


Average Test loss: 0.0005, Test Error Rate: 81.09% (8109/10000)

Train Epoch: 53 [20000/60000 (33%)]	Loss: 0.444498
Train Epoch: 53 [40000/60000 (67%)]	Loss: 0.455676
Train Epoch: 53 [60000/60000 (100%)]	Loss: 0.445234

Average Training loss: 0.0023, Training Error Rate: 81.62% (48973/60000)


Average Test loss: 0.0004, Test Error Rate: 78.50% (7850/10000)

Train Epoch: 54 [20000/60000 (33%)]	Loss: 0.464024
Train Epoch: 54 [40000/60000 (67%)]	Loss: 0.443983
Train Epoch: 54 [60000/60000 (100%)]	Loss: 0.458009

Average Training loss: 0.0023, Training Error Rate: 82.50% (49501/60000)


Average Test loss: 0.0005, Test Error Rate: 87.55% (8755/10000)

Train Epoch: 55 [20000/60000 (33%)]	Loss: 0.467400
Train Epoch: 55 [40000/60000 (67%)]	Loss: 0.468513
Train Epoch: 55 [60000/60000 (100%)]	Loss: 0.453897

Average Training loss: 0.0023, Training Error Rate: 89.01% (53406/60000)


Average Test loss: 0.0005, Test Error Rate: 89.97% (8997/10000)

Train Epoch: 56 [20000/60000 (33%)]	Loss: 0.457200
Train Epoch: 56 [40000/60000 (67%)]	Loss: 0.457658
Train Epoch: 56 [60000/60000 (100%)]	Loss: 0.458663

Average Training loss: 0.0023, Training Error Rate: 88.77% (53264/60000)


Average Test loss: 0.0005, Test Error Rate: 90.39% (9039/10000)

Train Epoch: 57 [20000/60000 (33%)]	Loss: 0.458394
Train Epoch: 57 [40000/60000 (67%)]	Loss: 0.453350
Train Epoch: 57 [60000/60000 (100%)]	Loss: 0.449619

Average Training loss: 0.0023, Training Error Rate: 88.16% (52895/60000)


Average Test loss: 0.0005, Test Error Rate: 89.14% (8914/10000)

Train Epoch: 58 [20000/60000 (33%)]	Loss: 0.456929
Train Epoch: 58 [40000/60000 (67%)]	Loss: 0.463672
Train Epoch: 58 [60000/60000 (100%)]	Loss: 0.454995

Average Training loss: 0.0023, Training Error Rate: 87.27% (52359/60000)


Average Test loss: 0.0005, Test Error Rate: 87.17% (8717/10000)

Train Epoch: 59 [20000/60000 (33%)]	Loss: 0.458978
Train Epoch: 59 [40000/60000 (67%)]	Loss: 0.461351
Train Epoch: 59 [60000/60000 (100%)]	Loss: 0.459763

Average Training loss: 0.0023, Training Error Rate: 88.77% (53260/60000)


Average Test loss: 0.0005, Test Error Rate: 87.74% (8774/10000)

Train Epoch: 60 [20000/60000 (33%)]	Loss: 0.453085
Train Epoch: 60 [40000/60000 (67%)]	Loss: 0.456663
Train Epoch: 60 [60000/60000 (100%)]	Loss: 0.456068

Average Training loss: 0.0023, Training Error Rate: 87.46% (52478/60000)


Average Test loss: 0.0005, Test Error Rate: 89.95% (8995/10000)

Train Epoch: 61 [20000/60000 (33%)]	Loss: 0.435590
Train Epoch: 61 [40000/60000 (67%)]	Loss: 0.442992
Train Epoch: 61 [60000/60000 (100%)]	Loss: 0.448292

Average Training loss: 0.0022, Training Error Rate: 81.90% (49138/60000)


Average Test loss: 0.0004, Test Error Rate: 81.49% (8149/10000)

Train Epoch: 62 [20000/60000 (33%)]	Loss: 0.446257
Train Epoch: 62 [40000/60000 (67%)]	Loss: 0.450538
Train Epoch: 62 [60000/60000 (100%)]	Loss: 0.445230

Average Training loss: 0.0022, Training Error Rate: 78.87% (47322/60000)


Average Test loss: 0.0004, Test Error Rate: 76.70% (7670/10000)

Train Epoch: 63 [20000/60000 (33%)]	Loss: 0.455457
Train Epoch: 63 [40000/60000 (67%)]	Loss: 0.440366
Train Epoch: 63 [60000/60000 (100%)]	Loss: 0.446047

Average Training loss: 0.0022, Training Error Rate: 77.61% (46564/60000)


Average Test loss: 0.0004, Test Error Rate: 76.43% (7643/10000)

Train Epoch: 64 [20000/60000 (33%)]	Loss: 0.427755
Train Epoch: 64 [40000/60000 (67%)]	Loss: 0.430197
Train Epoch: 64 [60000/60000 (100%)]	Loss: 0.442744

Average Training loss: 0.0022, Training Error Rate: 76.69% (46014/60000)


Average Test loss: 0.0004, Test Error Rate: 76.86% (7686/10000)

Train Epoch: 65 [20000/60000 (33%)]	Loss: 0.456989
Train Epoch: 65 [40000/60000 (67%)]	Loss: 0.439213
Train Epoch: 65 [60000/60000 (100%)]	Loss: 0.432194

Average Training loss: 0.0022, Training Error Rate: 77.03% (46217/60000)


Average Test loss: 0.0004, Test Error Rate: 82.04% (8204/10000)

Train Epoch: 66 [20000/60000 (33%)]	Loss: 0.433149
Train Epoch: 66 [40000/60000 (67%)]	Loss: 0.431561
Train Epoch: 66 [60000/60000 (100%)]	Loss: 0.444277

Average Training loss: 0.0022, Training Error Rate: 76.59% (45955/60000)


Average Test loss: 0.0004, Test Error Rate: 77.13% (7713/10000)

Train Epoch: 67 [20000/60000 (33%)]	Loss: 0.426060
Train Epoch: 67 [40000/60000 (67%)]	Loss: 0.430690
Train Epoch: 67 [60000/60000 (100%)]	Loss: 0.429540

Average Training loss: 0.0022, Training Error Rate: 75.75% (45452/60000)


Average Test loss: 0.0004, Test Error Rate: 70.42% (7042/10000)

Train Epoch: 68 [20000/60000 (33%)]	Loss: 0.435533
Train Epoch: 68 [40000/60000 (67%)]	Loss: 0.444640
Train Epoch: 68 [60000/60000 (100%)]	Loss: 0.432492

Average Training loss: 0.0022, Training Error Rate: 75.04% (45025/60000)


Average Test loss: 0.0004, Test Error Rate: 70.92% (7092/10000)

Train Epoch: 69 [20000/60000 (33%)]	Loss: 0.439023
Train Epoch: 69 [40000/60000 (67%)]	Loss: 0.433432
Train Epoch: 69 [60000/60000 (100%)]	Loss: 0.432733

Average Training loss: 0.0022, Training Error Rate: 77.17% (46301/60000)


Average Test loss: 0.0004, Test Error Rate: 75.29% (7529/10000)

Train Epoch: 70 [20000/60000 (33%)]	Loss: 0.431202
Train Epoch: 70 [40000/60000 (67%)]	Loss: 0.428877
Train Epoch: 70 [60000/60000 (100%)]	Loss: 0.434320

Average Training loss: 0.0021, Training Error Rate: 74.93% (44958/60000)


Average Test loss: 0.0004, Test Error Rate: 71.16% (7116/10000)

Train Epoch: 71 [20000/60000 (33%)]	Loss: 0.434812
Train Epoch: 71 [40000/60000 (67%)]	Loss: 0.428645
Train Epoch: 71 [60000/60000 (100%)]	Loss: 0.435993

Average Training loss: 0.0021, Training Error Rate: 75.27% (45164/60000)


Average Test loss: 0.0004, Test Error Rate: 75.21% (7521/10000)

Train Epoch: 72 [20000/60000 (33%)]	Loss: 0.433081
Train Epoch: 72 [40000/60000 (67%)]	Loss: 0.414111
Train Epoch: 72 [60000/60000 (100%)]	Loss: 0.421460

Average Training loss: 0.0021, Training Error Rate: 74.33% (44597/60000)


Average Test loss: 0.0004, Test Error Rate: 71.43% (7143/10000)

Train Epoch: 73 [20000/60000 (33%)]	Loss: 0.423093
Train Epoch: 73 [40000/60000 (67%)]	Loss: 0.418449
Train Epoch: 73 [60000/60000 (100%)]	Loss: 0.421827

Average Training loss: 0.0021, Training Error Rate: 73.67% (44201/60000)


Average Test loss: 0.0004, Test Error Rate: 72.97% (7297/10000)

Train Epoch: 74 [20000/60000 (33%)]	Loss: 0.412821
Train Epoch: 74 [40000/60000 (67%)]	Loss: 0.415015
Train Epoch: 74 [60000/60000 (100%)]	Loss: 0.418723

Average Training loss: 0.0021, Training Error Rate: 73.71% (44225/60000)


Average Test loss: 0.0004, Test Error Rate: 67.48% (6748/10000)

Train Epoch: 75 [20000/60000 (33%)]	Loss: 0.419501
Train Epoch: 75 [40000/60000 (67%)]	Loss: 0.422603
Train Epoch: 75 [60000/60000 (100%)]	Loss: 0.412391

Average Training loss: 0.0021, Training Error Rate: 71.95% (43171/60000)


Average Test loss: 0.0004, Test Error Rate: 71.52% (7152/10000)

Train Epoch: 76 [20000/60000 (33%)]	Loss: 0.407765
Train Epoch: 76 [40000/60000 (67%)]	Loss: 0.424204
Train Epoch: 76 [60000/60000 (100%)]	Loss: 0.406041

Average Training loss: 0.0021, Training Error Rate: 71.95% (43168/60000)


Average Test loss: 0.0004, Test Error Rate: 71.43% (7143/10000)

Train Epoch: 77 [20000/60000 (33%)]	Loss: 0.415820
Train Epoch: 77 [40000/60000 (67%)]	Loss: 0.414001
Train Epoch: 77 [60000/60000 (100%)]	Loss: 0.419945

Average Training loss: 0.0021, Training Error Rate: 71.79% (43073/60000)


Average Test loss: 0.0004, Test Error Rate: 71.51% (7151/10000)

Train Epoch: 78 [20000/60000 (33%)]	Loss: 0.415193
Train Epoch: 78 [40000/60000 (67%)]	Loss: 0.421005
Train Epoch: 78 [60000/60000 (100%)]	Loss: 0.407814

Average Training loss: 0.0021, Training Error Rate: 70.62% (42371/60000)


Average Test loss: 0.0004, Test Error Rate: 74.14% (7414/10000)

Train Epoch: 79 [20000/60000 (33%)]	Loss: 0.427451
Train Epoch: 79 [40000/60000 (67%)]	Loss: 0.409990
Train Epoch: 79 [60000/60000 (100%)]	Loss: 0.421799

Average Training loss: 0.0021, Training Error Rate: 69.34% (41603/60000)


Average Test loss: 0.0004, Test Error Rate: 71.05% (7105/10000)

Train Epoch: 80 [20000/60000 (33%)]	Loss: 0.405387
Train Epoch: 80 [40000/60000 (67%)]	Loss: 0.402751
Train Epoch: 80 [60000/60000 (100%)]	Loss: 0.395698

Average Training loss: 0.0020, Training Error Rate: 69.80% (41878/60000)


Average Test loss: 0.0004, Test Error Rate: 66.97% (6697/10000)

Train Epoch: 81 [20000/60000 (33%)]	Loss: 0.405020
Train Epoch: 81 [40000/60000 (67%)]	Loss: 0.387389
Train Epoch: 81 [60000/60000 (100%)]	Loss: 0.428418

Average Training loss: 0.0020, Training Error Rate: 70.69% (42416/60000)


Average Test loss: 0.0004, Test Error Rate: 69.60% (6960/10000)

Train Epoch: 82 [20000/60000 (33%)]	Loss: 0.427029
Train Epoch: 82 [40000/60000 (67%)]	Loss: 0.404628
Train Epoch: 82 [60000/60000 (100%)]	Loss: 0.411858

Average Training loss: 0.0021, Training Error Rate: 72.91% (43744/60000)


Average Test loss: 0.0004, Test Error Rate: 71.14% (7114/10000)

Train Epoch: 83 [20000/60000 (33%)]	Loss: 0.410967
Train Epoch: 83 [40000/60000 (67%)]	Loss: 0.408677
Train Epoch: 83 [60000/60000 (100%)]	Loss: 0.406426

Average Training loss: 0.0020, Training Error Rate: 69.92% (41953/60000)


Average Test loss: 0.0004, Test Error Rate: 72.33% (7233/10000)

Train Epoch: 84 [20000/60000 (33%)]	Loss: 0.399925
Train Epoch: 84 [40000/60000 (67%)]	Loss: 0.395097
Train Epoch: 84 [60000/60000 (100%)]	Loss: 0.399690

Average Training loss: 0.0020, Training Error Rate: 69.22% (41530/60000)


Average Test loss: 0.0004, Test Error Rate: 64.37% (6437/10000)

Train Epoch: 85 [20000/60000 (33%)]	Loss: 0.382521
Train Epoch: 85 [40000/60000 (67%)]	Loss: 0.392537
Train Epoch: 85 [60000/60000 (100%)]	Loss: 0.409601

Average Training loss: 0.0020, Training Error Rate: 67.93% (40757/60000)


Average Test loss: 0.0004, Test Error Rate: 65.78% (6578/10000)

Train Epoch: 86 [20000/60000 (33%)]	Loss: 0.395945
Train Epoch: 86 [40000/60000 (67%)]	Loss: 0.401001
Train Epoch: 86 [60000/60000 (100%)]	Loss: 0.396651

Average Training loss: 0.0020, Training Error Rate: 64.69% (38816/60000)


Average Test loss: 0.0004, Test Error Rate: 60.49% (6049/10000)

Train Epoch: 87 [20000/60000 (33%)]	Loss: 0.389680
Train Epoch: 87 [40000/60000 (67%)]	Loss: 0.397637
Train Epoch: 87 [60000/60000 (100%)]	Loss: 0.397259

Average Training loss: 0.0020, Training Error Rate: 63.02% (37815/60000)


Average Test loss: 0.0004, Test Error Rate: 62.02% (6202/10000)

Train Epoch: 88 [20000/60000 (33%)]	Loss: 0.389429
Train Epoch: 88 [40000/60000 (67%)]	Loss: 0.391491
Train Epoch: 88 [60000/60000 (100%)]	Loss: 0.396774

Average Training loss: 0.0020, Training Error Rate: 63.58% (38145/60000)


Average Test loss: 0.0004, Test Error Rate: 66.24% (6624/10000)

Train Epoch: 89 [20000/60000 (33%)]	Loss: 0.405558
Train Epoch: 89 [40000/60000 (67%)]	Loss: 0.392218
Train Epoch: 89 [60000/60000 (100%)]	Loss: 0.403311

Average Training loss: 0.0019, Training Error Rate: 63.90% (38339/60000)


Average Test loss: 0.0004, Test Error Rate: 61.25% (6125/10000)

Train Epoch: 90 [20000/60000 (33%)]	Loss: 0.386411
Train Epoch: 90 [40000/60000 (67%)]	Loss: 0.372125
Train Epoch: 90 [60000/60000 (100%)]	Loss: 0.381890

Average Training loss: 0.0019, Training Error Rate: 61.28% (36768/60000)


Average Test loss: 0.0004, Test Error Rate: 60.40% (6040/10000)

Train Epoch: 91 [20000/60000 (33%)]	Loss: 0.364706
Train Epoch: 91 [40000/60000 (67%)]	Loss: 0.381131
Train Epoch: 91 [60000/60000 (100%)]	Loss: 0.393926

Average Training loss: 0.0019, Training Error Rate: 62.92% (37751/60000)


Average Test loss: 0.0004, Test Error Rate: 63.55% (6355/10000)

Train Epoch: 92 [20000/60000 (33%)]	Loss: 0.392398
Train Epoch: 92 [40000/60000 (67%)]	Loss: 0.377701
Train Epoch: 92 [60000/60000 (100%)]	Loss: 0.395546

Average Training loss: 0.0019, Training Error Rate: 63.15% (37888/60000)


Average Test loss: 0.0004, Test Error Rate: 60.82% (6082/10000)

Train Epoch: 93 [20000/60000 (33%)]	Loss: 0.370752
Train Epoch: 93 [40000/60000 (67%)]	Loss: 0.377405
Train Epoch: 93 [60000/60000 (100%)]	Loss: 0.370588

Average Training loss: 0.0019, Training Error Rate: 61.24% (36745/60000)


Average Test loss: 0.0004, Test Error Rate: 56.75% (5675/10000)

Train Epoch: 94 [20000/60000 (33%)]	Loss: 0.377472
Train Epoch: 94 [40000/60000 (67%)]	Loss: 0.362808
Train Epoch: 94 [60000/60000 (100%)]	Loss: 0.372214

Average Training loss: 0.0019, Training Error Rate: 60.56% (36335/60000)


Average Test loss: 0.0004, Test Error Rate: 58.54% (5854/10000)

Train Epoch: 95 [20000/60000 (33%)]	Loss: 0.365407
Train Epoch: 95 [40000/60000 (67%)]	Loss: 0.383819
Train Epoch: 95 [60000/60000 (100%)]	Loss: 0.373933

Average Training loss: 0.0019, Training Error Rate: 58.84% (35305/60000)


Average Test loss: 0.0004, Test Error Rate: 54.54% (5454/10000)

Train Epoch: 96 [20000/60000 (33%)]	Loss: 0.374258
Train Epoch: 96 [40000/60000 (67%)]	Loss: 0.370482
Train Epoch: 96 [60000/60000 (100%)]	Loss: 0.379588

Average Training loss: 0.0019, Training Error Rate: 56.65% (33992/60000)


Average Test loss: 0.0004, Test Error Rate: 54.80% (5480/10000)

Train Epoch: 97 [20000/60000 (33%)]	Loss: 0.373568
Train Epoch: 97 [40000/60000 (67%)]	Loss: 0.367676
Train Epoch: 97 [60000/60000 (100%)]	Loss: 0.354624

Average Training loss: 0.0019, Training Error Rate: 56.56% (33937/60000)


Average Test loss: 0.0004, Test Error Rate: 52.07% (5207/10000)

Train Epoch: 98 [20000/60000 (33%)]	Loss: 0.379045
Train Epoch: 98 [40000/60000 (67%)]	Loss: 0.363778
Train Epoch: 98 [60000/60000 (100%)]	Loss: 0.359833

Average Training loss: 0.0018, Training Error Rate: 55.99% (33593/60000)


Average Test loss: 0.0004, Test Error Rate: 55.73% (5573/10000)

Train Epoch: 99 [20000/60000 (33%)]	Loss: 0.364688
Train Epoch: 99 [40000/60000 (67%)]	Loss: 0.374805
Train Epoch: 99 [60000/60000 (100%)]	Loss: 0.375019

Average Training loss: 0.0018, Training Error Rate: 56.16% (33698/60000)


Average Test loss: 0.0004, Test Error Rate: 51.03% (5103/10000)

