/vast/home/ajherman/miniconda3/envs/pytorch/lib/python3.11/site-packages/torchvision/io/image.py:13: UserWarning: Failed to load image Python extension: '/vast/home/ajherman/miniconda3/envs/pytorch/lib/python3.11/site-packages/torchvision/image.so: undefined symbol: _ZN5torch3jit17parseSchemaOrNameERKNSt7__cxx1112basic_stringIcSt11char_traitsIcESaIcEEE'If you don't plan on using image functionality from `torchvision.io`, you can ignore this warning. Otherwise, there might be something wrong with your environment. Did you have `libjpeg` or `libpng` installed before building `torchvision` from source?
  warn(
Random seed set as 42
dt =  0.6321205588285577
trace decay =  0.6065306597126334
Random seed set as 42
Random seed set as 42
dt =  0.6321205588285577
trace decay =  0.6065306597126334
Random seed set as 42
Train Epoch: 0 [20000/60000 (33%)]	Loss: 0.403587
Train Epoch: 0 [40000/60000 (67%)]	Loss: 0.371580
Train Epoch: 0 [60000/60000 (100%)]	Loss: 0.302140

Average Training loss: 0.0020, Training Error Rate: 58.35% (35011/60000)


Average Test loss: 0.0003, Test Error Rate: 38.90% (3890/10000)

Train Epoch: 1 [20000/60000 (33%)]	Loss: 0.281577
Train Epoch: 1 [40000/60000 (67%)]	Loss: 0.238143
Train Epoch: 1 [60000/60000 (100%)]	Loss: 0.239866

Average Training loss: 0.0014, Training Error Rate: 32.02% (19210/60000)


Average Test loss: 0.0002, Test Error Rate: 26.88% (2688/10000)

Train Epoch: 2 [20000/60000 (33%)]	Loss: 0.215681
Train Epoch: 2 [40000/60000 (67%)]	Loss: 0.223296
Train Epoch: 2 [60000/60000 (100%)]	Loss: 0.222882

Average Training loss: 0.0012, Training Error Rate: 25.32% (15189/60000)


Average Test loss: 0.0002, Test Error Rate: 23.97% (2397/10000)

Train Epoch: 3 [20000/60000 (33%)]	Loss: 0.212218
Train Epoch: 3 [40000/60000 (67%)]	Loss: 0.199071
Train Epoch: 3 [60000/60000 (100%)]	Loss: 0.219286

Average Training loss: 0.0010, Training Error Rate: 21.86% (13115/60000)


Average Test loss: 0.0002, Test Error Rate: 19.46% (1946/10000)

Train Epoch: 4 [20000/60000 (33%)]	Loss: 0.185377
Train Epoch: 4 [40000/60000 (67%)]	Loss: 0.197619
Train Epoch: 4 [60000/60000 (100%)]	Loss: 0.195822

Average Training loss: 0.0010, Training Error Rate: 19.90% (11942/60000)


Average Test loss: 0.0002, Test Error Rate: 18.03% (1803/10000)

Train Epoch: 5 [20000/60000 (33%)]	Loss: 0.176658
Train Epoch: 5 [40000/60000 (67%)]	Loss: 0.164348
Train Epoch: 5 [60000/60000 (100%)]	Loss: 0.179965

Average Training loss: 0.0009, Training Error Rate: 18.89% (11336/60000)


Average Test loss: 0.0002, Test Error Rate: 17.36% (1736/10000)

Train Epoch: 6 [20000/60000 (33%)]	Loss: 0.184207
Train Epoch: 6 [40000/60000 (67%)]	Loss: 0.162179
Train Epoch: 6 [60000/60000 (100%)]	Loss: 0.150801

Average Training loss: 0.0009, Training Error Rate: 17.62% (10573/60000)


Average Test loss: 0.0002, Test Error Rate: 16.57% (1657/10000)

Train Epoch: 7 [20000/60000 (33%)]	Loss: 0.166196
Train Epoch: 7 [40000/60000 (67%)]	Loss: 0.178474
Train Epoch: 7 [60000/60000 (100%)]	Loss: 0.147103

Average Training loss: 0.0008, Training Error Rate: 16.67% (10000/60000)


Average Test loss: 0.0002, Test Error Rate: 15.96% (1596/10000)

Train Epoch: 8 [20000/60000 (33%)]	Loss: 0.143002
Train Epoch: 8 [40000/60000 (67%)]	Loss: 0.159009
Train Epoch: 8 [60000/60000 (100%)]	Loss: 0.154086

Average Training loss: 0.0008, Training Error Rate: 16.34% (9804/60000)


Average Test loss: 0.0002, Test Error Rate: 15.06% (1506/10000)

Train Epoch: 9 [20000/60000 (33%)]	Loss: 0.138168
Train Epoch: 9 [40000/60000 (67%)]	Loss: 0.164590
Train Epoch: 9 [60000/60000 (100%)]	Loss: 0.128110

Average Training loss: 0.0008, Training Error Rate: 15.61% (9366/60000)


Average Test loss: 0.0001, Test Error Rate: 14.50% (1450/10000)

Train Epoch: 10 [20000/60000 (33%)]	Loss: 0.157464
Train Epoch: 10 [40000/60000 (67%)]	Loss: 0.150815
Train Epoch: 10 [60000/60000 (100%)]	Loss: 0.140468

Average Training loss: 0.0007, Training Error Rate: 14.85% (8911/60000)


Average Test loss: 0.0001, Test Error Rate: 14.04% (1404/10000)

Train Epoch: 11 [20000/60000 (33%)]	Loss: 0.112223
Train Epoch: 11 [40000/60000 (67%)]	Loss: 0.156936
Train Epoch: 11 [60000/60000 (100%)]	Loss: 0.125112

Average Training loss: 0.0007, Training Error Rate: 14.37% (8620/60000)


Average Test loss: 0.0001, Test Error Rate: 13.03% (1303/10000)

Train Epoch: 12 [20000/60000 (33%)]	Loss: 0.154161
Train Epoch: 12 [40000/60000 (67%)]	Loss: 0.120686
Train Epoch: 12 [60000/60000 (100%)]	Loss: 0.130664

Average Training loss: 0.0007, Training Error Rate: 13.95% (8369/60000)


Average Test loss: 0.0001, Test Error Rate: 13.62% (1362/10000)

Train Epoch: 13 [20000/60000 (33%)]	Loss: 0.123497
Train Epoch: 13 [40000/60000 (67%)]	Loss: 0.120112
Train Epoch: 13 [60000/60000 (100%)]	Loss: 0.122275

Average Training loss: 0.0007, Training Error Rate: 13.63% (8176/60000)


Average Test loss: 0.0001, Test Error Rate: 13.69% (1369/10000)

Train Epoch: 14 [20000/60000 (33%)]	Loss: 0.150981
Train Epoch: 14 [40000/60000 (67%)]	Loss: 0.141302
Train Epoch: 14 [60000/60000 (100%)]	Loss: 0.139584

Average Training loss: 0.0006, Training Error Rate: 13.00% (7800/60000)


Average Test loss: 0.0001, Test Error Rate: 11.77% (1177/10000)

Train Epoch: 15 [20000/60000 (33%)]	Loss: 0.126215
Train Epoch: 15 [40000/60000 (67%)]	Loss: 0.134315
Train Epoch: 15 [60000/60000 (100%)]	Loss: 0.149261

Average Training loss: 0.0006, Training Error Rate: 13.32% (7992/60000)


Average Test loss: 0.0001, Test Error Rate: 12.88% (1288/10000)

Train Epoch: 16 [20000/60000 (33%)]	Loss: 0.153265
Train Epoch: 16 [40000/60000 (67%)]	Loss: 0.137341
Train Epoch: 16 [60000/60000 (100%)]	Loss: 0.140848

Average Training loss: 0.0007, Training Error Rate: 13.79% (8274/60000)


Average Test loss: 0.0001, Test Error Rate: 13.75% (1375/10000)

Train Epoch: 17 [20000/60000 (33%)]	Loss: 0.129271
Train Epoch: 17 [40000/60000 (67%)]	Loss: 0.150330
Train Epoch: 17 [60000/60000 (100%)]	Loss: 0.110542

Average Training loss: 0.0006, Training Error Rate: 12.97% (7785/60000)


Average Test loss: 0.0001, Test Error Rate: 12.63% (1263/10000)

Train Epoch: 18 [20000/60000 (33%)]	Loss: 0.130276
Train Epoch: 18 [40000/60000 (67%)]	Loss: 0.140604
Train Epoch: 18 [60000/60000 (100%)]	Loss: 0.123923

Average Training loss: 0.0006, Training Error Rate: 12.82% (7690/60000)


Average Test loss: 0.0001, Test Error Rate: 11.72% (1172/10000)

Train Epoch: 19 [20000/60000 (33%)]	Loss: 0.167944
Train Epoch: 19 [40000/60000 (67%)]	Loss: 0.119365
Train Epoch: 19 [60000/60000 (100%)]	Loss: 0.118821

Average Training loss: 0.0006, Training Error Rate: 12.05% (7228/60000)


Average Test loss: 0.0001, Test Error Rate: 11.51% (1151/10000)

Train Epoch: 20 [20000/60000 (33%)]	Loss: 0.128529
Train Epoch: 20 [40000/60000 (67%)]	Loss: 0.114495
Train Epoch: 20 [60000/60000 (100%)]	Loss: 0.120969

Average Training loss: 0.0006, Training Error Rate: 12.13% (7276/60000)


Average Test loss: 0.0001, Test Error Rate: 10.83% (1083/10000)

Train Epoch: 21 [20000/60000 (33%)]	Loss: 0.095550
Train Epoch: 21 [40000/60000 (67%)]	Loss: 0.101457
Train Epoch: 21 [60000/60000 (100%)]	Loss: 0.128416

Average Training loss: 0.0006, Training Error Rate: 12.08% (7246/60000)


Average Test loss: 0.0001, Test Error Rate: 11.42% (1142/10000)

Train Epoch: 22 [20000/60000 (33%)]	Loss: 0.121461
Train Epoch: 22 [40000/60000 (67%)]	Loss: 0.115051
Train Epoch: 22 [60000/60000 (100%)]	Loss: 0.126068

Average Training loss: 0.0006, Training Error Rate: 11.62% (6970/60000)


Average Test loss: 0.0001, Test Error Rate: 11.64% (1164/10000)

Train Epoch: 23 [20000/60000 (33%)]	Loss: 0.135971
Train Epoch: 23 [40000/60000 (67%)]	Loss: 0.102865
Train Epoch: 23 [60000/60000 (100%)]	Loss: 0.118314

Average Training loss: 0.0006, Training Error Rate: 11.52% (6912/60000)


Average Test loss: 0.0001, Test Error Rate: 11.70% (1170/10000)

Train Epoch: 24 [20000/60000 (33%)]	Loss: 0.105466
Train Epoch: 24 [40000/60000 (67%)]	Loss: 0.109426
Train Epoch: 24 [60000/60000 (100%)]	Loss: 0.122381

Average Training loss: 0.0006, Training Error Rate: 11.48% (6890/60000)


Average Test loss: 0.0001, Test Error Rate: 10.62% (1062/10000)

Train Epoch: 25 [20000/60000 (33%)]	Loss: 0.127865
Train Epoch: 25 [40000/60000 (67%)]	Loss: 0.101855
Train Epoch: 25 [60000/60000 (100%)]	Loss: 0.096642

Average Training loss: 0.0005, Training Error Rate: 10.96% (6579/60000)


Average Test loss: 0.0001, Test Error Rate: 11.93% (1193/10000)

Train Epoch: 26 [20000/60000 (33%)]	Loss: 0.106695
Train Epoch: 26 [40000/60000 (67%)]	Loss: 0.120987
Train Epoch: 26 [60000/60000 (100%)]	Loss: 0.116682

Average Training loss: 0.0005, Training Error Rate: 11.09% (6656/60000)


Average Test loss: 0.0001, Test Error Rate: 10.70% (1070/10000)

Train Epoch: 27 [20000/60000 (33%)]	Loss: 0.082952
Train Epoch: 27 [40000/60000 (67%)]	Loss: 0.101212
Train Epoch: 27 [60000/60000 (100%)]	Loss: 0.129986

Average Training loss: 0.0005, Training Error Rate: 10.96% (6574/60000)


Average Test loss: 0.0001, Test Error Rate: 11.66% (1166/10000)

Train Epoch: 28 [20000/60000 (33%)]	Loss: 0.136878
Train Epoch: 28 [40000/60000 (67%)]	Loss: 0.111074
Train Epoch: 28 [60000/60000 (100%)]	Loss: 0.123393

Average Training loss: 0.0005, Training Error Rate: 10.63% (6376/60000)


Average Test loss: 0.0001, Test Error Rate: 10.35% (1035/10000)

Train Epoch: 29 [20000/60000 (33%)]	Loss: 0.089727
Train Epoch: 29 [40000/60000 (67%)]	Loss: 0.118174
Train Epoch: 29 [60000/60000 (100%)]	Loss: 0.127495

Average Training loss: 0.0005, Training Error Rate: 10.42% (6251/60000)


Average Test loss: 0.0001, Test Error Rate: 10.57% (1057/10000)

Train Epoch: 30 [20000/60000 (33%)]	Loss: 0.110200
Train Epoch: 30 [40000/60000 (67%)]	Loss: 0.133777
Train Epoch: 30 [60000/60000 (100%)]	Loss: 0.116666

Average Training loss: 0.0005, Training Error Rate: 10.32% (6192/60000)


Average Test loss: 0.0001, Test Error Rate: 10.27% (1027/10000)

Train Epoch: 31 [20000/60000 (33%)]	Loss: 0.095872
Train Epoch: 31 [40000/60000 (67%)]	Loss: 0.082112
Train Epoch: 31 [60000/60000 (100%)]	Loss: 0.091144

Average Training loss: 0.0005, Training Error Rate: 10.24% (6144/60000)


Average Test loss: 0.0001, Test Error Rate: 10.02% (1002/10000)

Train Epoch: 32 [20000/60000 (33%)]	Loss: 0.086451
Train Epoch: 32 [40000/60000 (67%)]	Loss: 0.110806
Train Epoch: 32 [60000/60000 (100%)]	Loss: 0.084481

Average Training loss: 0.0005, Training Error Rate: 10.18% (6109/60000)


Average Test loss: 0.0001, Test Error Rate: 10.13% (1013/10000)

Train Epoch: 33 [20000/60000 (33%)]	Loss: 0.095683
Train Epoch: 33 [40000/60000 (67%)]	Loss: 0.094383
Train Epoch: 33 [60000/60000 (100%)]	Loss: 0.103203

Average Training loss: 0.0005, Training Error Rate: 9.81% (5884/60000)


Average Test loss: 0.0001, Test Error Rate: 10.70% (1070/10000)

Train Epoch: 34 [20000/60000 (33%)]	Loss: 0.064070
Train Epoch: 34 [40000/60000 (67%)]	Loss: 0.107924
Train Epoch: 34 [60000/60000 (100%)]	Loss: 0.077726

Average Training loss: 0.0005, Training Error Rate: 9.88% (5926/60000)


Average Test loss: 0.0001, Test Error Rate: 10.08% (1008/10000)

Train Epoch: 35 [20000/60000 (33%)]	Loss: 0.087702
Train Epoch: 35 [40000/60000 (67%)]	Loss: 0.102907
Train Epoch: 35 [60000/60000 (100%)]	Loss: 0.077290

Average Training loss: 0.0005, Training Error Rate: 9.72% (5835/60000)


Average Test loss: 0.0001, Test Error Rate: 10.38% (1038/10000)

Train Epoch: 36 [20000/60000 (33%)]	Loss: 0.069120
Train Epoch: 36 [40000/60000 (67%)]	Loss: 0.069561
Train Epoch: 36 [60000/60000 (100%)]	Loss: 0.078042

Average Training loss: 0.0005, Training Error Rate: 9.59% (5753/60000)


Average Test loss: 0.0001, Test Error Rate: 9.64% (964/10000)

Train Epoch: 37 [20000/60000 (33%)]	Loss: 0.115200
Train Epoch: 37 [40000/60000 (67%)]	Loss: 0.088182
Train Epoch: 37 [60000/60000 (100%)]	Loss: 0.103602

Average Training loss: 0.0005, Training Error Rate: 9.57% (5744/60000)


Average Test loss: 0.0001, Test Error Rate: 9.35% (935/10000)

Train Epoch: 38 [20000/60000 (33%)]	Loss: 0.082390
Train Epoch: 38 [40000/60000 (67%)]	Loss: 0.066972
Train Epoch: 38 [60000/60000 (100%)]	Loss: 0.102686

Average Training loss: 0.0004, Training Error Rate: 9.02% (5409/60000)


Average Test loss: 0.0001, Test Error Rate: 9.46% (946/10000)

Train Epoch: 39 [20000/60000 (33%)]	Loss: 0.106437
Train Epoch: 39 [40000/60000 (67%)]	Loss: 0.104823
Train Epoch: 39 [60000/60000 (100%)]	Loss: 0.102355

Average Training loss: 0.0004, Training Error Rate: 9.31% (5586/60000)


Average Test loss: 0.0001, Test Error Rate: 8.90% (890/10000)

Train Epoch: 40 [20000/60000 (33%)]	Loss: 0.113632
Train Epoch: 40 [40000/60000 (67%)]	Loss: 0.074119
Train Epoch: 40 [60000/60000 (100%)]	Loss: 0.082660

Average Training loss: 0.0004, Training Error Rate: 9.06% (5435/60000)


Average Test loss: 0.0001, Test Error Rate: 8.86% (886/10000)

Train Epoch: 41 [20000/60000 (33%)]	Loss: 0.054263
Train Epoch: 41 [40000/60000 (67%)]	Loss: 0.095923
Train Epoch: 41 [60000/60000 (100%)]	Loss: 0.104633

Average Training loss: 0.0004, Training Error Rate: 8.73% (5237/60000)


Average Test loss: 0.0001, Test Error Rate: 8.67% (867/10000)

Train Epoch: 42 [20000/60000 (33%)]	Loss: 0.106046
Train Epoch: 42 [40000/60000 (67%)]	Loss: 0.099672
Train Epoch: 42 [60000/60000 (100%)]	Loss: 0.086352

Average Training loss: 0.0004, Training Error Rate: 8.83% (5298/60000)


Average Test loss: 0.0001, Test Error Rate: 8.66% (866/10000)

Train Epoch: 43 [20000/60000 (33%)]	Loss: 0.058402
Train Epoch: 43 [40000/60000 (67%)]	Loss: 0.063082
Train Epoch: 43 [60000/60000 (100%)]	Loss: 0.083862

Average Training loss: 0.0004, Training Error Rate: 8.88% (5325/60000)


Average Test loss: 0.0001, Test Error Rate: 8.70% (870/10000)

Train Epoch: 44 [20000/60000 (33%)]	Loss: 0.085986
Train Epoch: 44 [40000/60000 (67%)]	Loss: 0.102087
Train Epoch: 44 [60000/60000 (100%)]	Loss: 0.088007

Average Training loss: 0.0004, Training Error Rate: 8.23% (4940/60000)


Average Test loss: 0.0001, Test Error Rate: 8.80% (880/10000)

Train Epoch: 45 [20000/60000 (33%)]	Loss: 0.061808
Train Epoch: 45 [40000/60000 (67%)]	Loss: 0.064787
Train Epoch: 45 [60000/60000 (100%)]	Loss: 0.071729

Average Training loss: 0.0004, Training Error Rate: 8.63% (5178/60000)


Average Test loss: 0.0001, Test Error Rate: 9.32% (932/10000)

Train Epoch: 46 [20000/60000 (33%)]	Loss: 0.103602
Train Epoch: 46 [40000/60000 (67%)]	Loss: 0.080590
Train Epoch: 46 [60000/60000 (100%)]	Loss: 0.066932

Average Training loss: 0.0004, Training Error Rate: 8.72% (5234/60000)


Average Test loss: 0.0001, Test Error Rate: 9.20% (920/10000)

Train Epoch: 47 [20000/60000 (33%)]	Loss: 0.085012
Train Epoch: 47 [40000/60000 (67%)]	Loss: 0.080970
Train Epoch: 47 [60000/60000 (100%)]	Loss: 0.120543

Average Training loss: 0.0004, Training Error Rate: 8.72% (5232/60000)


Average Test loss: 0.0001, Test Error Rate: 8.93% (893/10000)

Train Epoch: 48 [20000/60000 (33%)]	Loss: 0.088748
Train Epoch: 48 [40000/60000 (67%)]	Loss: 0.088973
Train Epoch: 48 [60000/60000 (100%)]	Loss: 0.077396

Average Training loss: 0.0004, Training Error Rate: 8.28% (4968/60000)


Average Test loss: 0.0001, Test Error Rate: 8.75% (875/10000)

Train Epoch: 49 [20000/60000 (33%)]	Loss: 0.064765
Train Epoch: 49 [40000/60000 (67%)]	Loss: 0.085932
Train Epoch: 49 [60000/60000 (100%)]	Loss: 0.053456

Average Training loss: 0.0004, Training Error Rate: 8.13% (4879/60000)


Average Test loss: 0.0001, Test Error Rate: 8.21% (821/10000)

Train Epoch: 50 [20000/60000 (33%)]	Loss: 0.090106
Train Epoch: 50 [40000/60000 (67%)]	Loss: 0.110369
Train Epoch: 50 [60000/60000 (100%)]	Loss: 0.079338

Average Training loss: 0.0004, Training Error Rate: 8.05% (4830/60000)


Average Test loss: 0.0001, Test Error Rate: 8.40% (840/10000)

Train Epoch: 51 [20000/60000 (33%)]	Loss: 0.080170
Train Epoch: 51 [40000/60000 (67%)]	Loss: 0.057873
Train Epoch: 51 [60000/60000 (100%)]	Loss: 0.056712

Average Training loss: 0.0004, Training Error Rate: 7.88% (4727/60000)


Average Test loss: 0.0001, Test Error Rate: 8.97% (897/10000)

Train Epoch: 52 [20000/60000 (33%)]	Loss: 0.118342
Train Epoch: 52 [40000/60000 (67%)]	Loss: 0.105941
Train Epoch: 52 [60000/60000 (100%)]	Loss: 0.065729

Average Training loss: 0.0004, Training Error Rate: 7.89% (4736/60000)


Average Test loss: 0.0001, Test Error Rate: 8.47% (847/10000)

Train Epoch: 53 [20000/60000 (33%)]	Loss: 0.096134
Train Epoch: 53 [40000/60000 (67%)]	Loss: 0.064933
Train Epoch: 53 [60000/60000 (100%)]	Loss: 0.076784

Average Training loss: 0.0004, Training Error Rate: 7.97% (4780/60000)


Average Test loss: 0.0001, Test Error Rate: 8.90% (890/10000)

Train Epoch: 54 [20000/60000 (33%)]	Loss: 0.042016
Train Epoch: 54 [40000/60000 (67%)]	Loss: 0.075470
Train Epoch: 54 [60000/60000 (100%)]	Loss: 0.071480

Average Training loss: 0.0004, Training Error Rate: 7.89% (4736/60000)


Average Test loss: 0.0001, Test Error Rate: 8.59% (859/10000)

Train Epoch: 55 [20000/60000 (33%)]	Loss: 0.052626
Train Epoch: 55 [40000/60000 (67%)]	Loss: 0.074252
Train Epoch: 55 [60000/60000 (100%)]	Loss: 0.070413

Average Training loss: 0.0004, Training Error Rate: 7.94% (4762/60000)


Average Test loss: 0.0001, Test Error Rate: 8.05% (805/10000)

Train Epoch: 56 [20000/60000 (33%)]	Loss: 0.093593
Train Epoch: 56 [40000/60000 (67%)]	Loss: 0.066123
Train Epoch: 56 [60000/60000 (100%)]	Loss: 0.103019

Average Training loss: 0.0004, Training Error Rate: 7.80% (4678/60000)


Average Test loss: 0.0001, Test Error Rate: 8.67% (867/10000)

Train Epoch: 57 [20000/60000 (33%)]	Loss: 0.077742
Train Epoch: 57 [40000/60000 (67%)]	Loss: 0.058810
Train Epoch: 57 [60000/60000 (100%)]	Loss: 0.045553

Average Training loss: 0.0004, Training Error Rate: 7.82% (4691/60000)


Average Test loss: 0.0001, Test Error Rate: 7.99% (799/10000)

Train Epoch: 58 [20000/60000 (33%)]	Loss: 0.082270
Train Epoch: 58 [40000/60000 (67%)]	Loss: 0.055050
Train Epoch: 58 [60000/60000 (100%)]	Loss: 0.061812

Average Training loss: 0.0004, Training Error Rate: 7.92% (4749/60000)


Average Test loss: 0.0001, Test Error Rate: 8.38% (838/10000)

Train Epoch: 59 [20000/60000 (33%)]	Loss: 0.103370
Train Epoch: 59 [40000/60000 (67%)]	Loss: 0.068849
Train Epoch: 59 [60000/60000 (100%)]	Loss: 0.091468

Average Training loss: 0.0004, Training Error Rate: 7.57% (4544/60000)


Average Test loss: 0.0001, Test Error Rate: 7.89% (789/10000)

Train Epoch: 60 [20000/60000 (33%)]	Loss: 0.058885
Train Epoch: 60 [40000/60000 (67%)]	Loss: 0.084341
Train Epoch: 60 [60000/60000 (100%)]	Loss: 0.073499

Average Training loss: 0.0004, Training Error Rate: 7.56% (4536/60000)


Average Test loss: 0.0001, Test Error Rate: 8.62% (862/10000)

Train Epoch: 61 [20000/60000 (33%)]	Loss: 0.065350
Train Epoch: 61 [40000/60000 (67%)]	Loss: 0.066875
Train Epoch: 61 [60000/60000 (100%)]	Loss: 0.064113

Average Training loss: 0.0004, Training Error Rate: 7.88% (4731/60000)


Average Test loss: 0.0001, Test Error Rate: 7.94% (794/10000)

Train Epoch: 62 [20000/60000 (33%)]	Loss: 0.038004
Train Epoch: 62 [40000/60000 (67%)]	Loss: 0.054102
Train Epoch: 62 [60000/60000 (100%)]	Loss: 0.102772

Average Training loss: 0.0004, Training Error Rate: 7.49% (4495/60000)


Average Test loss: 0.0001, Test Error Rate: 7.64% (764/10000)

Train Epoch: 63 [20000/60000 (33%)]	Loss: 0.060598
Train Epoch: 63 [40000/60000 (67%)]	Loss: 0.069216
Train Epoch: 63 [60000/60000 (100%)]	Loss: 0.097793

Average Training loss: 0.0004, Training Error Rate: 7.36% (4413/60000)


Average Test loss: 0.0001, Test Error Rate: 7.87% (787/10000)

Train Epoch: 64 [20000/60000 (33%)]	Loss: 0.083778
Train Epoch: 64 [40000/60000 (67%)]	Loss: 0.084429
Train Epoch: 64 [60000/60000 (100%)]	Loss: 0.107018

Average Training loss: 0.0004, Training Error Rate: 7.43% (4461/60000)


Average Test loss: 0.0001, Test Error Rate: 7.73% (773/10000)

Train Epoch: 65 [20000/60000 (33%)]	Loss: 0.065873
Train Epoch: 65 [40000/60000 (67%)]	Loss: 0.057028
Train Epoch: 65 [60000/60000 (100%)]	Loss: 0.048171

Average Training loss: 0.0004, Training Error Rate: 7.15% (4291/60000)


Average Test loss: 0.0001, Test Error Rate: 8.46% (846/10000)

Train Epoch: 66 [20000/60000 (33%)]	Loss: 0.053165
Train Epoch: 66 [40000/60000 (67%)]	Loss: 0.078343
Train Epoch: 66 [60000/60000 (100%)]	Loss: 0.053521

Average Training loss: 0.0004, Training Error Rate: 7.29% (4372/60000)


Average Test loss: 0.0001, Test Error Rate: 7.83% (783/10000)

Train Epoch: 67 [20000/60000 (33%)]	Loss: 0.087305
Train Epoch: 67 [40000/60000 (67%)]	Loss: 0.074754
Train Epoch: 67 [60000/60000 (100%)]	Loss: 0.084487

Average Training loss: 0.0004, Training Error Rate: 7.45% (4469/60000)


Average Test loss: 0.0001, Test Error Rate: 8.27% (827/10000)

Train Epoch: 68 [20000/60000 (33%)]	Loss: 0.077454
Train Epoch: 68 [40000/60000 (67%)]	Loss: 0.068584
Train Epoch: 68 [60000/60000 (100%)]	Loss: 0.049834

Average Training loss: 0.0004, Training Error Rate: 7.29% (4371/60000)


Average Test loss: 0.0001, Test Error Rate: 7.72% (772/10000)

Train Epoch: 69 [20000/60000 (33%)]	Loss: 0.085811
Train Epoch: 69 [40000/60000 (67%)]	Loss: 0.074596
Train Epoch: 69 [60000/60000 (100%)]	Loss: 0.116912

Average Training loss: 0.0004, Training Error Rate: 7.47% (4484/60000)


Average Test loss: 0.0001, Test Error Rate: 8.07% (807/10000)

Train Epoch: 70 [20000/60000 (33%)]	Loss: 0.083431
Train Epoch: 70 [40000/60000 (67%)]	Loss: 0.089910
Train Epoch: 70 [60000/60000 (100%)]	Loss: 0.072563

Average Training loss: 0.0004, Training Error Rate: 7.36% (4415/60000)


Average Test loss: 0.0001, Test Error Rate: 8.15% (815/10000)

Train Epoch: 71 [20000/60000 (33%)]	Loss: 0.040083
Train Epoch: 71 [40000/60000 (67%)]	Loss: 0.069612
Train Epoch: 71 [60000/60000 (100%)]	Loss: 0.049359

Average Training loss: 0.0003, Training Error Rate: 7.27% (4361/60000)


Average Test loss: 0.0001, Test Error Rate: 7.82% (782/10000)

Train Epoch: 72 [20000/60000 (33%)]	Loss: 0.065269
Train Epoch: 72 [40000/60000 (67%)]	Loss: 0.082094
Train Epoch: 72 [60000/60000 (100%)]	Loss: 0.067436

Average Training loss: 0.0003, Training Error Rate: 7.05% (4228/60000)


Average Test loss: 0.0001, Test Error Rate: 7.93% (793/10000)

Train Epoch: 73 [20000/60000 (33%)]	Loss: 0.096172
Train Epoch: 73 [40000/60000 (67%)]	Loss: 0.087014
Train Epoch: 73 [60000/60000 (100%)]	Loss: 0.042897

Average Training loss: 0.0003, Training Error Rate: 6.95% (4171/60000)


Average Test loss: 0.0001, Test Error Rate: 7.51% (751/10000)

Train Epoch: 74 [20000/60000 (33%)]	Loss: 0.099304
Train Epoch: 74 [40000/60000 (67%)]	Loss: 0.065726
Train Epoch: 74 [60000/60000 (100%)]	Loss: 0.047422

Average Training loss: 0.0003, Training Error Rate: 6.93% (4160/60000)


Average Test loss: 0.0001, Test Error Rate: 7.30% (730/10000)

Train Epoch: 75 [20000/60000 (33%)]	Loss: 0.085522
Train Epoch: 75 [40000/60000 (67%)]	Loss: 0.073019
Train Epoch: 75 [60000/60000 (100%)]	Loss: 0.096878

Average Training loss: 0.0003, Training Error Rate: 6.90% (4139/60000)


Average Test loss: 0.0001, Test Error Rate: 7.53% (753/10000)

Train Epoch: 76 [20000/60000 (33%)]	Loss: 0.087030
Train Epoch: 76 [40000/60000 (67%)]	Loss: 0.082721
Train Epoch: 76 [60000/60000 (100%)]	Loss: 0.057720

Average Training loss: 0.0003, Training Error Rate: 6.88% (4130/60000)


Average Test loss: 0.0001, Test Error Rate: 7.17% (717/10000)

Train Epoch: 77 [20000/60000 (33%)]	Loss: 0.074097
Train Epoch: 77 [40000/60000 (67%)]	Loss: 0.052284
Train Epoch: 77 [60000/60000 (100%)]	Loss: 0.111048

Average Training loss: 0.0003, Training Error Rate: 6.52% (3911/60000)


Average Test loss: 0.0001, Test Error Rate: 7.46% (746/10000)

Train Epoch: 78 [20000/60000 (33%)]	Loss: 0.068589
Train Epoch: 78 [40000/60000 (67%)]	Loss: 0.071791
Train Epoch: 78 [60000/60000 (100%)]	Loss: 0.071436

Average Training loss: 0.0003, Training Error Rate: 6.83% (4099/60000)


Average Test loss: 0.0001, Test Error Rate: 7.51% (751/10000)

Train Epoch: 79 [20000/60000 (33%)]	Loss: 0.066478
Train Epoch: 79 [40000/60000 (67%)]	Loss: 0.048055
Train Epoch: 79 [60000/60000 (100%)]	Loss: 0.073583

Average Training loss: 0.0003, Training Error Rate: 6.98% (4187/60000)


Average Test loss: 0.0001, Test Error Rate: 7.42% (742/10000)

