/vast/home/ajherman/miniconda3/envs/pytorch/lib/python3.11/site-packages/torchvision/io/image.py:13: UserWarning: Failed to load image Python extension: '/vast/home/ajherman/miniconda3/envs/pytorch/lib/python3.11/site-packages/torchvision/image.so: undefined symbol: _ZN5torch3jit17parseSchemaOrNameERKNSt7__cxx1112basic_stringIcSt11char_traitsIcESaIcEEE'If you don't plan on using image functionality from `torchvision.io`, you can ignore this warning. Otherwise, there might be something wrong with your environment. Did you have `libjpeg` or `libpng` installed before building `torchvision` from source?
  warn(
Random seed set as 42
dt =  0.22119921692859512
trace decay =  0.6065306597126334
Random seed set as 42
Random seed set as 42
dt =  0.22119921692859512
trace decay =  0.6065306597126334
Random seed set as 42
Train Epoch: 0 [20000/60000 (33%)]	Loss: 0.342557
Train Epoch: 0 [40000/60000 (67%)]	Loss: 0.289810
Train Epoch: 0 [60000/60000 (100%)]	Loss: 0.240599

Average Training loss: 0.0016, Training Error Rate: 42.31% (25388/60000)


Average Test loss: 0.0002, Test Error Rate: 23.75% (2375/10000)

Train Epoch: 1 [20000/60000 (33%)]	Loss: 0.208487
Train Epoch: 1 [40000/60000 (67%)]	Loss: 0.185424
Train Epoch: 1 [60000/60000 (100%)]	Loss: 0.180432

Average Training loss: 0.0011, Training Error Rate: 20.64% (12384/60000)


Average Test loss: 0.0002, Test Error Rate: 17.78% (1778/10000)

Train Epoch: 2 [20000/60000 (33%)]	Loss: 0.161748
Train Epoch: 2 [40000/60000 (67%)]	Loss: 0.166705
Train Epoch: 2 [60000/60000 (100%)]	Loss: 0.177686

Average Training loss: 0.0009, Training Error Rate: 17.31% (10384/60000)


Average Test loss: 0.0002, Test Error Rate: 15.32% (1532/10000)

Train Epoch: 3 [20000/60000 (33%)]	Loss: 0.147149
Train Epoch: 3 [40000/60000 (67%)]	Loss: 0.141139
Train Epoch: 3 [60000/60000 (100%)]	Loss: 0.154552

Average Training loss: 0.0008, Training Error Rate: 15.44% (9263/60000)


Average Test loss: 0.0001, Test Error Rate: 13.90% (1390/10000)

Train Epoch: 4 [20000/60000 (33%)]	Loss: 0.141818
Train Epoch: 4 [40000/60000 (67%)]	Loss: 0.144163
Train Epoch: 4 [60000/60000 (100%)]	Loss: 0.131819

Average Training loss: 0.0007, Training Error Rate: 14.38% (8629/60000)


Average Test loss: 0.0001, Test Error Rate: 13.34% (1334/10000)

Train Epoch: 5 [20000/60000 (33%)]	Loss: 0.134504
Train Epoch: 5 [40000/60000 (67%)]	Loss: 0.134841
Train Epoch: 5 [60000/60000 (100%)]	Loss: 0.138763

Average Training loss: 0.0007, Training Error Rate: 13.77% (8263/60000)


Average Test loss: 0.0001, Test Error Rate: 12.83% (1283/10000)

Train Epoch: 6 [20000/60000 (33%)]	Loss: 0.124459
Train Epoch: 6 [40000/60000 (67%)]	Loss: 0.117295
Train Epoch: 6 [60000/60000 (100%)]	Loss: 0.104613

Average Training loss: 0.0006, Training Error Rate: 12.79% (7676/60000)


Average Test loss: 0.0001, Test Error Rate: 11.43% (1143/10000)

Train Epoch: 7 [20000/60000 (33%)]	Loss: 0.130812
Train Epoch: 7 [40000/60000 (67%)]	Loss: 0.136898
Train Epoch: 7 [60000/60000 (100%)]	Loss: 0.116940

Average Training loss: 0.0006, Training Error Rate: 12.31% (7385/60000)


Average Test loss: 0.0001, Test Error Rate: 10.92% (1092/10000)

Train Epoch: 8 [20000/60000 (33%)]	Loss: 0.119452
Train Epoch: 8 [40000/60000 (67%)]	Loss: 0.137982
Train Epoch: 8 [60000/60000 (100%)]	Loss: 0.123384

Average Training loss: 0.0006, Training Error Rate: 12.16% (7294/60000)


Average Test loss: 0.0001, Test Error Rate: 11.46% (1146/10000)

Train Epoch: 9 [20000/60000 (33%)]	Loss: 0.118532
Train Epoch: 9 [40000/60000 (67%)]	Loss: 0.109516
Train Epoch: 9 [60000/60000 (100%)]	Loss: 0.107172

Average Training loss: 0.0006, Training Error Rate: 12.00% (7201/60000)


Average Test loss: 0.0001, Test Error Rate: 11.57% (1157/10000)

Train Epoch: 10 [20000/60000 (33%)]	Loss: 0.123384
Train Epoch: 10 [40000/60000 (67%)]	Loss: 0.104852
Train Epoch: 10 [60000/60000 (100%)]	Loss: 0.100549

Average Training loss: 0.0005, Training Error Rate: 11.62% (6975/60000)


Average Test loss: 0.0001, Test Error Rate: 10.80% (1080/10000)

Train Epoch: 11 [20000/60000 (33%)]	Loss: 0.080880
Train Epoch: 11 [40000/60000 (67%)]	Loss: 0.121098
Train Epoch: 11 [60000/60000 (100%)]	Loss: 0.109012

Average Training loss: 0.0005, Training Error Rate: 11.36% (6817/60000)


Average Test loss: 0.0001, Test Error Rate: 10.66% (1066/10000)

Train Epoch: 12 [20000/60000 (33%)]	Loss: 0.118819
Train Epoch: 12 [40000/60000 (67%)]	Loss: 0.092086
Train Epoch: 12 [60000/60000 (100%)]	Loss: 0.104105

Average Training loss: 0.0005, Training Error Rate: 11.13% (6680/60000)


Average Test loss: 0.0001, Test Error Rate: 10.90% (1090/10000)

Train Epoch: 13 [20000/60000 (33%)]	Loss: 0.081063
Train Epoch: 13 [40000/60000 (67%)]	Loss: 0.111510
Train Epoch: 13 [60000/60000 (100%)]	Loss: 0.091174

Average Training loss: 0.0005, Training Error Rate: 10.96% (6573/60000)


Average Test loss: 0.0001, Test Error Rate: 10.82% (1082/10000)

Train Epoch: 14 [20000/60000 (33%)]	Loss: 0.107825
Train Epoch: 14 [40000/60000 (67%)]	Loss: 0.117720
Train Epoch: 14 [60000/60000 (100%)]	Loss: 0.100320

Average Training loss: 0.0005, Training Error Rate: 10.67% (6402/60000)


Average Test loss: 0.0001, Test Error Rate: 10.53% (1053/10000)

Train Epoch: 15 [20000/60000 (33%)]	Loss: 0.119593
Train Epoch: 15 [40000/60000 (67%)]	Loss: 0.103583
Train Epoch: 15 [60000/60000 (100%)]	Loss: 0.102837

Average Training loss: 0.0005, Training Error Rate: 10.50% (6301/60000)


Average Test loss: 0.0001, Test Error Rate: 9.96% (996/10000)

Train Epoch: 16 [20000/60000 (33%)]	Loss: 0.102090
Train Epoch: 16 [40000/60000 (67%)]	Loss: 0.095893
Train Epoch: 16 [60000/60000 (100%)]	Loss: 0.094715

Average Training loss: 0.0005, Training Error Rate: 10.53% (6319/60000)


Average Test loss: 0.0001, Test Error Rate: 10.23% (1023/10000)

Train Epoch: 17 [20000/60000 (33%)]	Loss: 0.111455
Train Epoch: 17 [40000/60000 (67%)]	Loss: 0.099457
Train Epoch: 17 [60000/60000 (100%)]	Loss: 0.096355

Average Training loss: 0.0005, Training Error Rate: 10.04% (6022/60000)


Average Test loss: 0.0001, Test Error Rate: 10.04% (1004/10000)

Train Epoch: 18 [20000/60000 (33%)]	Loss: 0.081394
Train Epoch: 18 [40000/60000 (67%)]	Loss: 0.097073
Train Epoch: 18 [60000/60000 (100%)]	Loss: 0.094739

Average Training loss: 0.0005, Training Error Rate: 10.09% (6052/60000)


Average Test loss: 0.0001, Test Error Rate: 10.10% (1010/10000)

Train Epoch: 19 [20000/60000 (33%)]	Loss: 0.116771
Train Epoch: 19 [40000/60000 (67%)]	Loss: 0.100867
Train Epoch: 19 [60000/60000 (100%)]	Loss: 0.074511

Average Training loss: 0.0005, Training Error Rate: 10.09% (6056/60000)


Average Test loss: 0.0001, Test Error Rate: 9.60% (960/10000)

Train Epoch: 20 [20000/60000 (33%)]	Loss: 0.109685
Train Epoch: 20 [40000/60000 (67%)]	Loss: 0.106102
Train Epoch: 20 [60000/60000 (100%)]	Loss: 0.076010

Average Training loss: 0.0005, Training Error Rate: 9.80% (5882/60000)


Average Test loss: 0.0001, Test Error Rate: 9.58% (958/10000)

Train Epoch: 21 [20000/60000 (33%)]	Loss: 0.088319
Train Epoch: 21 [40000/60000 (67%)]	Loss: 0.073615
Train Epoch: 21 [60000/60000 (100%)]	Loss: 0.095333

Average Training loss: 0.0005, Training Error Rate: 9.86% (5913/60000)


Average Test loss: 0.0001, Test Error Rate: 9.36% (936/10000)

Train Epoch: 22 [20000/60000 (33%)]	Loss: 0.101271
Train Epoch: 22 [40000/60000 (67%)]	Loss: 0.106513
Train Epoch: 22 [60000/60000 (100%)]	Loss: 0.086208

Average Training loss: 0.0005, Training Error Rate: 9.92% (5953/60000)


Average Test loss: 0.0001, Test Error Rate: 9.98% (998/10000)

Train Epoch: 23 [20000/60000 (33%)]	Loss: 0.098498
Train Epoch: 23 [40000/60000 (67%)]	Loss: 0.092609
Train Epoch: 23 [60000/60000 (100%)]	Loss: 0.098478

Average Training loss: 0.0004, Training Error Rate: 9.74% (5846/60000)


Average Test loss: 0.0001, Test Error Rate: 9.68% (968/10000)

Train Epoch: 24 [20000/60000 (33%)]	Loss: 0.073270
Train Epoch: 24 [40000/60000 (67%)]	Loss: 0.106335
Train Epoch: 24 [60000/60000 (100%)]	Loss: 0.112646

Average Training loss: 0.0004, Training Error Rate: 9.66% (5797/60000)


Average Test loss: 0.0001, Test Error Rate: 9.51% (951/10000)

Train Epoch: 25 [20000/60000 (33%)]	Loss: 0.094640
Train Epoch: 25 [40000/60000 (67%)]	Loss: 0.084134
Train Epoch: 25 [60000/60000 (100%)]	Loss: 0.079434

Average Training loss: 0.0004, Training Error Rate: 9.31% (5587/60000)


Average Test loss: 0.0001, Test Error Rate: 9.10% (910/10000)

Train Epoch: 26 [20000/60000 (33%)]	Loss: 0.085616
Train Epoch: 26 [40000/60000 (67%)]	Loss: 0.068257
Train Epoch: 26 [60000/60000 (100%)]	Loss: 0.095266

Average Training loss: 0.0004, Training Error Rate: 9.32% (5595/60000)


Average Test loss: 0.0001, Test Error Rate: 9.57% (957/10000)

Train Epoch: 27 [20000/60000 (33%)]	Loss: 0.077745
Train Epoch: 27 [40000/60000 (67%)]	Loss: 0.074954
Train Epoch: 27 [60000/60000 (100%)]	Loss: 0.091618

Average Training loss: 0.0004, Training Error Rate: 9.33% (5596/60000)


Average Test loss: 0.0001, Test Error Rate: 9.25% (925/10000)

Train Epoch: 28 [20000/60000 (33%)]	Loss: 0.098249
Train Epoch: 28 [40000/60000 (67%)]	Loss: 0.076559
Train Epoch: 28 [60000/60000 (100%)]	Loss: 0.097077

Average Training loss: 0.0004, Training Error Rate: 9.32% (5595/60000)


Average Test loss: 0.0001, Test Error Rate: 9.07% (907/10000)

Train Epoch: 29 [20000/60000 (33%)]	Loss: 0.097922
Train Epoch: 29 [40000/60000 (67%)]	Loss: 0.103388
Train Epoch: 29 [60000/60000 (100%)]	Loss: 0.101340

Average Training loss: 0.0004, Training Error Rate: 9.62% (5774/60000)


Average Test loss: 0.0001, Test Error Rate: 10.17% (1017/10000)

Train Epoch: 30 [20000/60000 (33%)]	Loss: 0.088026
Train Epoch: 30 [40000/60000 (67%)]	Loss: 0.081992
Train Epoch: 30 [60000/60000 (100%)]	Loss: 0.089546

Average Training loss: 0.0004, Training Error Rate: 9.61% (5765/60000)


Average Test loss: 0.0001, Test Error Rate: 9.50% (950/10000)

Train Epoch: 31 [20000/60000 (33%)]	Loss: 0.081971
Train Epoch: 31 [40000/60000 (67%)]	Loss: 0.080677
Train Epoch: 31 [60000/60000 (100%)]	Loss: 0.072831

Average Training loss: 0.0004, Training Error Rate: 8.93% (5360/60000)


Average Test loss: 0.0001, Test Error Rate: 9.01% (901/10000)

Train Epoch: 32 [20000/60000 (33%)]	Loss: 0.064726
Train Epoch: 32 [40000/60000 (67%)]	Loss: 0.108790
Train Epoch: 32 [60000/60000 (100%)]	Loss: 0.066928

Average Training loss: 0.0004, Training Error Rate: 8.85% (5309/60000)


Average Test loss: 0.0001, Test Error Rate: 8.37% (837/10000)

Train Epoch: 33 [20000/60000 (33%)]	Loss: 0.080817
Train Epoch: 33 [40000/60000 (67%)]	Loss: 0.067871
Train Epoch: 33 [60000/60000 (100%)]	Loss: 0.084951

Average Training loss: 0.0004, Training Error Rate: 8.87% (5322/60000)


Average Test loss: 0.0001, Test Error Rate: 9.85% (985/10000)

Train Epoch: 34 [20000/60000 (33%)]	Loss: 0.062594
Train Epoch: 34 [40000/60000 (67%)]	Loss: 0.091765
Train Epoch: 34 [60000/60000 (100%)]	Loss: 0.066203

Average Training loss: 0.0004, Training Error Rate: 9.07% (5444/60000)


Average Test loss: 0.0001, Test Error Rate: 8.85% (885/10000)

Train Epoch: 35 [20000/60000 (33%)]	Loss: 0.046992
Train Epoch: 35 [40000/60000 (67%)]	Loss: 0.101433
Train Epoch: 35 [60000/60000 (100%)]	Loss: 0.047527

Average Training loss: 0.0004, Training Error Rate: 8.80% (5283/60000)


Average Test loss: 0.0001, Test Error Rate: 8.52% (852/10000)

Train Epoch: 36 [20000/60000 (33%)]	Loss: 0.071533
Train Epoch: 36 [40000/60000 (67%)]	Loss: 0.062788
Train Epoch: 36 [60000/60000 (100%)]	Loss: 0.058439

Average Training loss: 0.0004, Training Error Rate: 8.67% (5201/60000)


Average Test loss: 0.0001, Test Error Rate: 9.16% (916/10000)

Train Epoch: 37 [20000/60000 (33%)]	Loss: 0.088795
Train Epoch: 37 [40000/60000 (67%)]	Loss: 0.062377
Train Epoch: 37 [60000/60000 (100%)]	Loss: 0.083858

Average Training loss: 0.0004, Training Error Rate: 8.84% (5303/60000)


Average Test loss: 0.0001, Test Error Rate: 8.60% (860/10000)

Train Epoch: 38 [20000/60000 (33%)]	Loss: 0.075638
Train Epoch: 38 [40000/60000 (67%)]	Loss: 0.043294
Train Epoch: 38 [60000/60000 (100%)]	Loss: 0.101414

Average Training loss: 0.0004, Training Error Rate: 8.66% (5195/60000)


Average Test loss: 0.0001, Test Error Rate: 8.75% (875/10000)

Train Epoch: 39 [20000/60000 (33%)]	Loss: 0.098771
Train Epoch: 39 [40000/60000 (67%)]	Loss: 0.077587
Train Epoch: 39 [60000/60000 (100%)]	Loss: 0.080504

Average Training loss: 0.0004, Training Error Rate: 8.24% (4947/60000)


Average Test loss: 0.0001, Test Error Rate: 8.45% (845/10000)

Train Epoch: 40 [20000/60000 (33%)]	Loss: 0.099200
Train Epoch: 40 [40000/60000 (67%)]	Loss: 0.067214
Train Epoch: 40 [60000/60000 (100%)]	Loss: 0.092737

Average Training loss: 0.0004, Training Error Rate: 8.26% (4956/60000)


Average Test loss: 0.0001, Test Error Rate: 8.56% (856/10000)

Train Epoch: 41 [20000/60000 (33%)]	Loss: 0.053888
Train Epoch: 41 [40000/60000 (67%)]	Loss: 0.067739
Train Epoch: 41 [60000/60000 (100%)]	Loss: 0.093085

Average Training loss: 0.0004, Training Error Rate: 8.38% (5030/60000)


Average Test loss: 0.0001, Test Error Rate: 8.37% (837/10000)

Train Epoch: 42 [20000/60000 (33%)]	Loss: 0.071928
Train Epoch: 42 [40000/60000 (67%)]	Loss: 0.100510
Train Epoch: 42 [60000/60000 (100%)]	Loss: 0.097590

Average Training loss: 0.0004, Training Error Rate: 8.20% (4917/60000)


Average Test loss: 0.0001, Test Error Rate: 8.27% (827/10000)

Train Epoch: 43 [20000/60000 (33%)]	Loss: 0.088772
Train Epoch: 43 [40000/60000 (67%)]	Loss: 0.088593
Train Epoch: 43 [60000/60000 (100%)]	Loss: 0.086340

Average Training loss: 0.0004, Training Error Rate: 8.06% (4837/60000)


Average Test loss: 0.0001, Test Error Rate: 8.17% (817/10000)

Train Epoch: 44 [20000/60000 (33%)]	Loss: 0.068675
Train Epoch: 44 [40000/60000 (67%)]	Loss: 0.085193
Train Epoch: 44 [60000/60000 (100%)]	Loss: 0.085882

Average Training loss: 0.0004, Training Error Rate: 7.88% (4730/60000)


Average Test loss: 0.0001, Test Error Rate: 8.38% (838/10000)

Train Epoch: 45 [20000/60000 (33%)]	Loss: 0.050373
Train Epoch: 45 [40000/60000 (67%)]	Loss: 0.064715
Train Epoch: 45 [60000/60000 (100%)]	Loss: 0.072912

Average Training loss: 0.0004, Training Error Rate: 7.96% (4778/60000)


Average Test loss: 0.0001, Test Error Rate: 8.41% (841/10000)

Train Epoch: 46 [20000/60000 (33%)]	Loss: 0.092269
Train Epoch: 46 [40000/60000 (67%)]	Loss: 0.083575
Train Epoch: 46 [60000/60000 (100%)]	Loss: 0.057036

Average Training loss: 0.0004, Training Error Rate: 8.04% (4827/60000)


Average Test loss: 0.0001, Test Error Rate: 8.79% (879/10000)

Train Epoch: 47 [20000/60000 (33%)]	Loss: 0.078766
Train Epoch: 47 [40000/60000 (67%)]	Loss: 0.065463
Train Epoch: 47 [60000/60000 (100%)]	Loss: 0.093781

Average Training loss: 0.0004, Training Error Rate: 8.18% (4908/60000)


Average Test loss: 0.0001, Test Error Rate: 8.63% (863/10000)

Train Epoch: 48 [20000/60000 (33%)]	Loss: 0.066144
Train Epoch: 48 [40000/60000 (67%)]	Loss: 0.084769
Train Epoch: 48 [60000/60000 (100%)]	Loss: 0.080801

Average Training loss: 0.0004, Training Error Rate: 7.98% (4787/60000)


Average Test loss: 0.0001, Test Error Rate: 8.15% (815/10000)

Train Epoch: 49 [20000/60000 (33%)]	Loss: 0.087377
Train Epoch: 49 [40000/60000 (67%)]	Loss: 0.088573
Train Epoch: 49 [60000/60000 (100%)]	Loss: 0.069029

Average Training loss: 0.0004, Training Error Rate: 7.77% (4660/60000)


Average Test loss: 0.0001, Test Error Rate: 8.15% (815/10000)

Train Epoch: 50 [20000/60000 (33%)]	Loss: 0.074172
Train Epoch: 50 [40000/60000 (67%)]	Loss: 0.089834
Train Epoch: 50 [60000/60000 (100%)]	Loss: 0.065642

Average Training loss: 0.0004, Training Error Rate: 7.75% (4651/60000)


Average Test loss: 0.0001, Test Error Rate: 7.51% (751/10000)

Train Epoch: 51 [20000/60000 (33%)]	Loss: 0.044536
Train Epoch: 51 [40000/60000 (67%)]	Loss: 0.070562
Train Epoch: 51 [60000/60000 (100%)]	Loss: 0.064124

Average Training loss: 0.0003, Training Error Rate: 7.38% (4426/60000)


Average Test loss: 0.0001, Test Error Rate: 7.97% (797/10000)

Train Epoch: 52 [20000/60000 (33%)]	Loss: 0.051082
Train Epoch: 52 [40000/60000 (67%)]	Loss: 0.087785
Train Epoch: 52 [60000/60000 (100%)]	Loss: 0.098549

Average Training loss: 0.0004, Training Error Rate: 7.45% (4471/60000)


Average Test loss: 0.0001, Test Error Rate: 8.10% (810/10000)

Train Epoch: 53 [20000/60000 (33%)]	Loss: 0.057087
Train Epoch: 53 [40000/60000 (67%)]	Loss: 0.082229
Train Epoch: 53 [60000/60000 (100%)]	Loss: 0.066393

Average Training loss: 0.0004, Training Error Rate: 7.58% (4546/60000)


Average Test loss: 0.0001, Test Error Rate: 8.12% (812/10000)

Train Epoch: 54 [20000/60000 (33%)]	Loss: 0.067626
Train Epoch: 54 [40000/60000 (67%)]	Loss: 0.070806
Train Epoch: 54 [60000/60000 (100%)]	Loss: 0.055974

Average Training loss: 0.0004, Training Error Rate: 7.66% (4595/60000)


Average Test loss: 0.0001, Test Error Rate: 7.87% (787/10000)

Train Epoch: 55 [20000/60000 (33%)]	Loss: 0.074985
Train Epoch: 55 [40000/60000 (67%)]	Loss: 0.076304
Train Epoch: 55 [60000/60000 (100%)]	Loss: 0.059893

Average Training loss: 0.0004, Training Error Rate: 7.67% (4604/60000)


Average Test loss: 0.0001, Test Error Rate: 8.31% (831/10000)

Train Epoch: 56 [20000/60000 (33%)]	Loss: 0.062427
Train Epoch: 56 [40000/60000 (67%)]	Loss: 0.081388
Train Epoch: 56 [60000/60000 (100%)]	Loss: 0.077110

Average Training loss: 0.0003, Training Error Rate: 7.42% (4453/60000)


Average Test loss: 0.0001, Test Error Rate: 7.77% (777/10000)

Train Epoch: 57 [20000/60000 (33%)]	Loss: 0.068244
Train Epoch: 57 [40000/60000 (67%)]	Loss: 0.086697
Train Epoch: 57 [60000/60000 (100%)]	Loss: 0.055222

Average Training loss: 0.0003, Training Error Rate: 7.23% (4337/60000)


Average Test loss: 0.0001, Test Error Rate: 7.70% (770/10000)

Train Epoch: 58 [20000/60000 (33%)]	Loss: 0.069474
Train Epoch: 58 [40000/60000 (67%)]	Loss: 0.052109
Train Epoch: 58 [60000/60000 (100%)]	Loss: 0.063214

Average Training loss: 0.0003, Training Error Rate: 7.11% (4263/60000)


Average Test loss: 0.0001, Test Error Rate: 7.11% (711/10000)

Train Epoch: 59 [20000/60000 (33%)]	Loss: 0.082449
Train Epoch: 59 [40000/60000 (67%)]	Loss: 0.071794
Train Epoch: 59 [60000/60000 (100%)]	Loss: 0.071794

Average Training loss: 0.0003, Training Error Rate: 7.28% (4367/60000)


Average Test loss: 0.0001, Test Error Rate: 7.49% (749/10000)

Train Epoch: 60 [20000/60000 (33%)]	Loss: 0.051020
Train Epoch: 60 [40000/60000 (67%)]	Loss: 0.074495
Train Epoch: 60 [60000/60000 (100%)]	Loss: 0.069982

Average Training loss: 0.0003, Training Error Rate: 7.14% (4282/60000)


Average Test loss: 0.0001, Test Error Rate: 7.28% (728/10000)

Train Epoch: 61 [20000/60000 (33%)]	Loss: 0.066764
Train Epoch: 61 [40000/60000 (67%)]	Loss: 0.053952
Train Epoch: 61 [60000/60000 (100%)]	Loss: 0.066379

Average Training loss: 0.0004, Training Error Rate: 7.53% (4517/60000)


Average Test loss: 0.0001, Test Error Rate: 8.43% (843/10000)

Train Epoch: 62 [20000/60000 (33%)]	Loss: 0.058447
Train Epoch: 62 [40000/60000 (67%)]	Loss: 0.053648
Train Epoch: 62 [60000/60000 (100%)]	Loss: 0.104057

Average Training loss: 0.0004, Training Error Rate: 7.43% (4460/60000)


Average Test loss: 0.0001, Test Error Rate: 7.60% (760/10000)

Train Epoch: 63 [20000/60000 (33%)]	Loss: 0.061055
Train Epoch: 63 [40000/60000 (67%)]	Loss: 0.061819
Train Epoch: 63 [60000/60000 (100%)]	Loss: 0.085480

Average Training loss: 0.0004, Training Error Rate: 7.42% (4455/60000)


Average Test loss: 0.0001, Test Error Rate: 7.60% (760/10000)

Train Epoch: 64 [20000/60000 (33%)]	Loss: 0.104849
Train Epoch: 64 [40000/60000 (67%)]	Loss: 0.072379
Train Epoch: 64 [60000/60000 (100%)]	Loss: 0.064406

Average Training loss: 0.0004, Training Error Rate: 7.58% (4547/60000)


Average Test loss: 0.0001, Test Error Rate: 7.71% (771/10000)

Train Epoch: 65 [20000/60000 (33%)]	Loss: 0.063248
Train Epoch: 65 [40000/60000 (67%)]	Loss: 0.060913
Train Epoch: 65 [60000/60000 (100%)]	Loss: 0.051441

Average Training loss: 0.0004, Training Error Rate: 7.26% (4359/60000)


Average Test loss: 0.0001, Test Error Rate: 7.64% (764/10000)

Train Epoch: 66 [20000/60000 (33%)]	Loss: 0.029753
Train Epoch: 66 [40000/60000 (67%)]	Loss: 0.059671
Train Epoch: 66 [60000/60000 (100%)]	Loss: 0.058759

Average Training loss: 0.0003, Training Error Rate: 7.17% (4304/60000)


Average Test loss: 0.0001, Test Error Rate: 7.74% (774/10000)

Train Epoch: 67 [20000/60000 (33%)]	Loss: 0.066406
Train Epoch: 67 [40000/60000 (67%)]	Loss: 0.083428
Train Epoch: 67 [60000/60000 (100%)]	Loss: 0.073785

Average Training loss: 0.0003, Training Error Rate: 6.91% (4144/60000)


Average Test loss: 0.0001, Test Error Rate: 7.55% (755/10000)

Train Epoch: 68 [20000/60000 (33%)]	Loss: 0.077617
Train Epoch: 68 [40000/60000 (67%)]	Loss: 0.073030
Train Epoch: 68 [60000/60000 (100%)]	Loss: 0.065009

Average Training loss: 0.0003, Training Error Rate: 7.17% (4303/60000)


Average Test loss: 0.0001, Test Error Rate: 7.62% (762/10000)

Train Epoch: 69 [20000/60000 (33%)]	Loss: 0.069748
Train Epoch: 69 [40000/60000 (67%)]	Loss: 0.042732
Train Epoch: 69 [60000/60000 (100%)]	Loss: 0.082939

Average Training loss: 0.0003, Training Error Rate: 6.95% (4168/60000)


Average Test loss: 0.0001, Test Error Rate: 7.54% (754/10000)

Train Epoch: 70 [20000/60000 (33%)]	Loss: 0.062084
Train Epoch: 70 [40000/60000 (67%)]	Loss: 0.058900
Train Epoch: 70 [60000/60000 (100%)]	Loss: 0.098351

Average Training loss: 0.0003, Training Error Rate: 6.71% (4027/60000)


Average Test loss: 0.0001, Test Error Rate: 7.12% (712/10000)

Train Epoch: 71 [20000/60000 (33%)]	Loss: 0.066230
Train Epoch: 71 [40000/60000 (67%)]	Loss: 0.061075
Train Epoch: 71 [60000/60000 (100%)]	Loss: 0.054582

Average Training loss: 0.0003, Training Error Rate: 6.91% (4147/60000)


Average Test loss: 0.0001, Test Error Rate: 7.12% (712/10000)

Train Epoch: 72 [20000/60000 (33%)]	Loss: 0.052123
Train Epoch: 72 [40000/60000 (67%)]	Loss: 0.063393
Train Epoch: 72 [60000/60000 (100%)]	Loss: 0.038393

Average Training loss: 0.0003, Training Error Rate: 6.86% (4115/60000)


Average Test loss: 0.0001, Test Error Rate: 7.41% (741/10000)

Train Epoch: 73 [20000/60000 (33%)]	Loss: 0.095138
Train Epoch: 73 [40000/60000 (67%)]	Loss: 0.067905
Train Epoch: 73 [60000/60000 (100%)]	Loss: 0.042446

Average Training loss: 0.0003, Training Error Rate: 6.84% (4106/60000)


Average Test loss: 0.0001, Test Error Rate: 7.07% (707/10000)

Train Epoch: 74 [20000/60000 (33%)]	Loss: 0.074038
Train Epoch: 74 [40000/60000 (67%)]	Loss: 0.070805
Train Epoch: 74 [60000/60000 (100%)]	Loss: 0.051844

Average Training loss: 0.0003, Training Error Rate: 6.62% (3973/60000)


Average Test loss: 0.0001, Test Error Rate: 6.95% (695/10000)

Train Epoch: 75 [20000/60000 (33%)]	Loss: 0.062715
Train Epoch: 75 [40000/60000 (67%)]	Loss: 0.060573
Train Epoch: 75 [60000/60000 (100%)]	Loss: 0.080935

Average Training loss: 0.0003, Training Error Rate: 6.79% (4074/60000)


Average Test loss: 0.0001, Test Error Rate: 7.16% (716/10000)

Train Epoch: 76 [20000/60000 (33%)]	Loss: 0.062186
Train Epoch: 76 [40000/60000 (67%)]	Loss: 0.070965
Train Epoch: 76 [60000/60000 (100%)]	Loss: 0.053254

Average Training loss: 0.0003, Training Error Rate: 6.56% (3938/60000)


Average Test loss: 0.0001, Test Error Rate: 7.44% (744/10000)

Train Epoch: 77 [20000/60000 (33%)]	Loss: 0.069460
Train Epoch: 77 [40000/60000 (67%)]	Loss: 0.088219
Train Epoch: 77 [60000/60000 (100%)]	Loss: 0.073289

Average Training loss: 0.0003, Training Error Rate: 6.66% (3994/60000)


Average Test loss: 0.0001, Test Error Rate: 6.92% (692/10000)

Train Epoch: 78 [20000/60000 (33%)]	Loss: 0.050278
Train Epoch: 78 [40000/60000 (67%)]	Loss: 0.063992
Train Epoch: 78 [60000/60000 (100%)]	Loss: 0.060768

Average Training loss: 0.0003, Training Error Rate: 6.56% (3934/60000)


Average Test loss: 0.0001, Test Error Rate: 7.00% (700/10000)

Train Epoch: 79 [20000/60000 (33%)]	Loss: 0.057182
Train Epoch: 79 [40000/60000 (67%)]	Loss: 0.069485
Train Epoch: 79 [60000/60000 (100%)]	Loss: 0.059361

Average Training loss: 0.0003, Training Error Rate: 6.33% (3798/60000)


Average Test loss: 0.0001, Test Error Rate: 6.82% (682/10000)

