/vast/home/ajherman/miniconda3/envs/pytorch/lib/python3.11/site-packages/torchvision/io/image.py:13: UserWarning: Failed to load image Python extension: '/vast/home/ajherman/miniconda3/envs/pytorch/lib/python3.11/site-packages/torchvision/image.so: undefined symbol: _ZN5torch3jit17parseSchemaOrNameERKNSt7__cxx1112basic_stringIcSt11char_traitsIcESaIcEEE'If you don't plan on using image functionality from `torchvision.io`, you can ignore this warning. Otherwise, there might be something wrong with your environment. Did you have `libjpeg` or `libpng` installed before building `torchvision` from source?
  warn(
Train Epoch: 1 [2000/60000 (3%)]	Loss: 0.439442
Train Epoch: 1 [4000/60000 (7%)]	Loss: 0.413578
Train Epoch: 1 [6000/60000 (10%)]	Loss: 0.394267
Train Epoch: 1 [8000/60000 (13%)]	Loss: 0.348773
Train Epoch: 1 [10000/60000 (17%)]	Loss: 0.273682
Train Epoch: 1 [12000/60000 (20%)]	Loss: 0.317990
Train Epoch: 1 [14000/60000 (23%)]	Loss: 0.228846
Train Epoch: 1 [16000/60000 (27%)]	Loss: 0.255923
Train Epoch: 1 [18000/60000 (30%)]	Loss: 0.230005
Train Epoch: 1 [20000/60000 (33%)]	Loss: 0.200109
Train Epoch: 1 [22000/60000 (37%)]	Loss: 0.279106
Train Epoch: 1 [24000/60000 (40%)]	Loss: 0.199281
Train Epoch: 1 [26000/60000 (43%)]	Loss: 0.221498
Train Epoch: 1 [28000/60000 (47%)]	Loss: 0.187008
Train Epoch: 1 [30000/60000 (50%)]	Loss: 0.210464
Train Epoch: 1 [32000/60000 (53%)]	Loss: 0.177665
Train Epoch: 1 [34000/60000 (57%)]	Loss: 0.168239
Train Epoch: 1 [36000/60000 (60%)]	Loss: 0.241448
Train Epoch: 1 [38000/60000 (63%)]	Loss: 0.179706
Train Epoch: 1 [40000/60000 (67%)]	Loss: 0.183796
Train Epoch: 1 [42000/60000 (70%)]	Loss: 0.197829
Train Epoch: 1 [44000/60000 (73%)]	Loss: 0.147762
Train Epoch: 1 [46000/60000 (77%)]	Loss: 0.132819
Train Epoch: 1 [48000/60000 (80%)]	Loss: 0.164786
Train Epoch: 1 [50000/60000 (83%)]	Loss: 0.191754
Train Epoch: 1 [52000/60000 (87%)]	Loss: 0.154109
Train Epoch: 1 [54000/60000 (90%)]	Loss: 0.116224
Train Epoch: 1 [56000/60000 (93%)]	Loss: 0.169213
Train Epoch: 1 [58000/60000 (97%)]	Loss: 0.175940
Train Epoch: 1 [60000/60000 (100%)]	Loss: 0.206481

Average Training loss: 0.0116, Training Error Rate: 26.01% (15606/60000)


Average Test loss: 0.1492, Test Error Rate: 14.43% (1443/10000)

Train Epoch: 2 [2000/60000 (3%)]	Loss: 0.138311
Train Epoch: 2 [4000/60000 (7%)]	Loss: 0.118311
Train Epoch: 2 [6000/60000 (10%)]	Loss: 0.172627
Train Epoch: 2 [8000/60000 (13%)]	Loss: 0.158282
Train Epoch: 2 [10000/60000 (17%)]	Loss: 0.218553
Train Epoch: 2 [12000/60000 (20%)]	Loss: 0.164203
Train Epoch: 2 [14000/60000 (23%)]	Loss: 0.190682
Train Epoch: 2 [16000/60000 (27%)]	Loss: 0.131301
Train Epoch: 2 [18000/60000 (30%)]	Loss: 0.122268
Train Epoch: 2 [20000/60000 (33%)]	Loss: 0.107511
Train Epoch: 2 [22000/60000 (37%)]	Loss: 0.184004
Train Epoch: 2 [24000/60000 (40%)]	Loss: 0.096357
Train Epoch: 2 [26000/60000 (43%)]	Loss: 0.120683
Train Epoch: 2 [28000/60000 (47%)]	Loss: 0.168440
Train Epoch: 2 [30000/60000 (50%)]	Loss: 0.123100
Train Epoch: 2 [32000/60000 (53%)]	Loss: 0.120808
Train Epoch: 2 [34000/60000 (57%)]	Loss: 0.099593
Train Epoch: 2 [36000/60000 (60%)]	Loss: 0.113999
Train Epoch: 2 [38000/60000 (63%)]	Loss: 0.139933
Train Epoch: 2 [40000/60000 (67%)]	Loss: 0.149227
Train Epoch: 2 [42000/60000 (70%)]	Loss: 0.131589
Train Epoch: 2 [44000/60000 (73%)]	Loss: 0.170955
Train Epoch: 2 [46000/60000 (77%)]	Loss: 0.103205
Train Epoch: 2 [48000/60000 (80%)]	Loss: 0.099237
Train Epoch: 2 [50000/60000 (83%)]	Loss: 0.116485
Train Epoch: 2 [52000/60000 (87%)]	Loss: 0.112560
Train Epoch: 2 [54000/60000 (90%)]	Loss: 0.118641
Train Epoch: 2 [56000/60000 (93%)]	Loss: 0.125378
Train Epoch: 2 [58000/60000 (97%)]	Loss: 0.144636
Train Epoch: 2 [60000/60000 (100%)]	Loss: 0.229559

Average Training loss: 0.0073, Training Error Rate: 14.16% (8497/60000)


Average Test loss: 0.1379, Test Error Rate: 12.65% (1265/10000)

Train Epoch: 3 [2000/60000 (3%)]	Loss: 0.105586
Train Epoch: 3 [4000/60000 (7%)]	Loss: 0.144127
Train Epoch: 3 [6000/60000 (10%)]	Loss: 0.113762
Train Epoch: 3 [8000/60000 (13%)]	Loss: 0.126320
Train Epoch: 3 [10000/60000 (17%)]	Loss: 0.168111
Train Epoch: 3 [12000/60000 (20%)]	Loss: 0.224320
Train Epoch: 3 [14000/60000 (23%)]	Loss: 0.137394
Train Epoch: 3 [16000/60000 (27%)]	Loss: 0.177782
Train Epoch: 3 [18000/60000 (30%)]	Loss: 0.175437
Train Epoch: 3 [20000/60000 (33%)]	Loss: 0.126030
Train Epoch: 3 [22000/60000 (37%)]	Loss: 0.126811
Train Epoch: 3 [24000/60000 (40%)]	Loss: 0.112280
Train Epoch: 3 [26000/60000 (43%)]	Loss: 0.137224
Train Epoch: 3 [28000/60000 (47%)]	Loss: 0.089748
Train Epoch: 3 [30000/60000 (50%)]	Loss: 0.166883
Train Epoch: 3 [32000/60000 (53%)]	Loss: 0.114931
Train Epoch: 3 [34000/60000 (57%)]	Loss: 0.169352
Train Epoch: 3 [36000/60000 (60%)]	Loss: 0.185562
Train Epoch: 3 [38000/60000 (63%)]	Loss: 0.169288
Train Epoch: 3 [40000/60000 (67%)]	Loss: 0.117466
Train Epoch: 3 [42000/60000 (70%)]	Loss: 0.135493
Train Epoch: 3 [44000/60000 (73%)]	Loss: 0.105856
Train Epoch: 3 [46000/60000 (77%)]	Loss: 0.081199
Train Epoch: 3 [48000/60000 (80%)]	Loss: 0.113277
Train Epoch: 3 [50000/60000 (83%)]	Loss: 0.182650
Train Epoch: 3 [52000/60000 (87%)]	Loss: 0.135174
Train Epoch: 3 [54000/60000 (90%)]	Loss: 0.123621
Train Epoch: 3 [56000/60000 (93%)]	Loss: 0.160102
Train Epoch: 3 [58000/60000 (97%)]	Loss: 0.107236
Train Epoch: 3 [60000/60000 (100%)]	Loss: 0.132656

Average Training loss: 0.0069, Training Error Rate: 12.84% (7704/60000)


Average Test loss: 0.1342, Test Error Rate: 11.58% (1158/10000)

Train Epoch: 4 [2000/60000 (3%)]	Loss: 0.099899
Train Epoch: 4 [4000/60000 (7%)]	Loss: 0.099464
Train Epoch: 4 [6000/60000 (10%)]	Loss: 0.103623
Train Epoch: 4 [8000/60000 (13%)]	Loss: 0.099382
Train Epoch: 4 [10000/60000 (17%)]	Loss: 0.125281
Train Epoch: 4 [12000/60000 (20%)]	Loss: 0.124436
Train Epoch: 4 [14000/60000 (23%)]	Loss: 0.130885
Train Epoch: 4 [16000/60000 (27%)]	Loss: 0.123437
Train Epoch: 4 [18000/60000 (30%)]	Loss: 0.095462
Train Epoch: 4 [20000/60000 (33%)]	Loss: 0.183312
Train Epoch: 4 [22000/60000 (37%)]	Loss: 0.140601
Train Epoch: 4 [24000/60000 (40%)]	Loss: 0.193049
Train Epoch: 4 [26000/60000 (43%)]	Loss: 0.131250
Train Epoch: 4 [28000/60000 (47%)]	Loss: 0.097146
Train Epoch: 4 [30000/60000 (50%)]	Loss: 0.170378
Train Epoch: 4 [32000/60000 (53%)]	Loss: 0.164486
Train Epoch: 4 [34000/60000 (57%)]	Loss: 0.168955
Train Epoch: 4 [36000/60000 (60%)]	Loss: 0.121507
Train Epoch: 4 [38000/60000 (63%)]	Loss: 0.156075
Train Epoch: 4 [40000/60000 (67%)]	Loss: 0.096294
Train Epoch: 4 [42000/60000 (70%)]	Loss: 0.156996
Train Epoch: 4 [44000/60000 (73%)]	Loss: 0.072111
Train Epoch: 4 [46000/60000 (77%)]	Loss: 0.122924
Train Epoch: 4 [48000/60000 (80%)]	Loss: 0.154733
Train Epoch: 4 [50000/60000 (83%)]	Loss: 0.172282
Train Epoch: 4 [52000/60000 (87%)]	Loss: 0.086400
Train Epoch: 4 [54000/60000 (90%)]	Loss: 0.071850
Train Epoch: 4 [56000/60000 (93%)]	Loss: 0.080925
Train Epoch: 4 [58000/60000 (97%)]	Loss: 0.104192
Train Epoch: 4 [60000/60000 (100%)]	Loss: 0.116530

Average Training loss: 0.0064, Training Error Rate: 12.13% (7276/60000)


Average Test loss: 0.1218, Test Error Rate: 10.74% (1074/10000)

Train Epoch: 5 [2000/60000 (3%)]	Loss: 0.104226
Train Epoch: 5 [4000/60000 (7%)]	Loss: 0.144492
Train Epoch: 5 [6000/60000 (10%)]	Loss: 0.095452
Train Epoch: 5 [8000/60000 (13%)]	Loss: 0.085898
Train Epoch: 5 [10000/60000 (17%)]	Loss: 0.170721
Train Epoch: 5 [12000/60000 (20%)]	Loss: 0.103689
Train Epoch: 5 [14000/60000 (23%)]	Loss: 0.104986
Train Epoch: 5 [16000/60000 (27%)]	Loss: 0.091336
Train Epoch: 5 [18000/60000 (30%)]	Loss: 0.094177
Train Epoch: 5 [20000/60000 (33%)]	Loss: 0.102221
Train Epoch: 5 [22000/60000 (37%)]	Loss: 0.125615
Train Epoch: 5 [24000/60000 (40%)]	Loss: 0.171022
Train Epoch: 5 [26000/60000 (43%)]	Loss: 0.085121
Train Epoch: 5 [28000/60000 (47%)]	Loss: 0.151323
Train Epoch: 5 [30000/60000 (50%)]	Loss: 0.182401
Train Epoch: 5 [32000/60000 (53%)]	Loss: 0.096651
Train Epoch: 5 [34000/60000 (57%)]	Loss: 0.187112
Train Epoch: 5 [36000/60000 (60%)]	Loss: 0.075493
Train Epoch: 5 [38000/60000 (63%)]	Loss: 0.122444
Train Epoch: 5 [40000/60000 (67%)]	Loss: 0.125416
Train Epoch: 5 [42000/60000 (70%)]	Loss: 0.068836
Train Epoch: 5 [44000/60000 (73%)]	Loss: 0.175968
Train Epoch: 5 [46000/60000 (77%)]	Loss: 0.129813
Train Epoch: 5 [48000/60000 (80%)]	Loss: 0.203348
Train Epoch: 5 [50000/60000 (83%)]	Loss: 0.131425
Train Epoch: 5 [52000/60000 (87%)]	Loss: 0.119494
Train Epoch: 5 [54000/60000 (90%)]	Loss: 0.091883
Train Epoch: 5 [56000/60000 (93%)]	Loss: 0.134592
Train Epoch: 5 [58000/60000 (97%)]	Loss: 0.137452
Train Epoch: 5 [60000/60000 (100%)]	Loss: 0.077360

Average Training loss: 0.0060, Training Error Rate: 11.37% (6822/60000)


Average Test loss: 0.1135, Test Error Rate: 10.69% (1069/10000)

Train Epoch: 6 [2000/60000 (3%)]	Loss: 0.044633
Train Epoch: 6 [4000/60000 (7%)]	Loss: 0.085344
Train Epoch: 6 [6000/60000 (10%)]	Loss: 0.126668
Train Epoch: 6 [8000/60000 (13%)]	Loss: 0.065767
Train Epoch: 6 [10000/60000 (17%)]	Loss: 0.107174
Train Epoch: 6 [12000/60000 (20%)]	Loss: 0.122839
Train Epoch: 6 [14000/60000 (23%)]	Loss: 0.127269
Train Epoch: 6 [16000/60000 (27%)]	Loss: 0.098377
Train Epoch: 6 [18000/60000 (30%)]	Loss: 0.123550
Train Epoch: 6 [20000/60000 (33%)]	Loss: 0.125210
Train Epoch: 6 [22000/60000 (37%)]	Loss: 0.140550
Train Epoch: 6 [24000/60000 (40%)]	Loss: 0.087937
Train Epoch: 6 [26000/60000 (43%)]	Loss: 0.089589
Train Epoch: 6 [28000/60000 (47%)]	Loss: 0.125185
Train Epoch: 6 [30000/60000 (50%)]	Loss: 0.110588
Train Epoch: 6 [32000/60000 (53%)]	Loss: 0.060392
Train Epoch: 6 [34000/60000 (57%)]	Loss: 0.111968
Train Epoch: 6 [36000/60000 (60%)]	Loss: 0.104934
Train Epoch: 6 [38000/60000 (63%)]	Loss: 0.065667
Train Epoch: 6 [40000/60000 (67%)]	Loss: 0.113354
Train Epoch: 6 [42000/60000 (70%)]	Loss: 0.106184
Train Epoch: 6 [44000/60000 (73%)]	Loss: 0.156470
Train Epoch: 6 [46000/60000 (77%)]	Loss: 0.137287
Train Epoch: 6 [48000/60000 (80%)]	Loss: 0.105093
Train Epoch: 6 [50000/60000 (83%)]	Loss: 0.103618
Train Epoch: 6 [52000/60000 (87%)]	Loss: 0.071496
Train Epoch: 6 [54000/60000 (90%)]	Loss: 0.061943
Train Epoch: 6 [56000/60000 (93%)]	Loss: 0.124242
Train Epoch: 6 [58000/60000 (97%)]	Loss: 0.042662
Train Epoch: 6 [60000/60000 (100%)]	Loss: 0.082557

Average Training loss: 0.0055, Training Error Rate: 10.74% (6445/60000)


Average Test loss: 0.1032, Test Error Rate: 10.12% (1012/10000)

Train Epoch: 7 [2000/60000 (3%)]	Loss: 0.077743
Train Epoch: 7 [4000/60000 (7%)]	Loss: 0.047259
Train Epoch: 7 [6000/60000 (10%)]	Loss: 0.118462
Train Epoch: 7 [8000/60000 (13%)]	Loss: 0.136385
Train Epoch: 7 [10000/60000 (17%)]	Loss: 0.075241
Train Epoch: 7 [12000/60000 (20%)]	Loss: 0.137819
Train Epoch: 7 [14000/60000 (23%)]	Loss: 0.085054
Train Epoch: 7 [16000/60000 (27%)]	Loss: 0.118180
Train Epoch: 7 [18000/60000 (30%)]	Loss: 0.075377
Train Epoch: 7 [20000/60000 (33%)]	Loss: 0.200274
Train Epoch: 7 [22000/60000 (37%)]	Loss: 0.080513
Train Epoch: 7 [24000/60000 (40%)]	Loss: 0.099935
Train Epoch: 7 [26000/60000 (43%)]	Loss: 0.148930
Train Epoch: 7 [28000/60000 (47%)]	Loss: 0.116018
Train Epoch: 7 [30000/60000 (50%)]	Loss: 0.118578
Train Epoch: 7 [32000/60000 (53%)]	Loss: 0.118626
Train Epoch: 7 [34000/60000 (57%)]	Loss: 0.088432
Train Epoch: 7 [36000/60000 (60%)]	Loss: 0.134730
Train Epoch: 7 [38000/60000 (63%)]	Loss: 0.077002
Train Epoch: 7 [40000/60000 (67%)]	Loss: 0.109864
Train Epoch: 7 [42000/60000 (70%)]	Loss: 0.122871
Train Epoch: 7 [44000/60000 (73%)]	Loss: 0.056961
Train Epoch: 7 [46000/60000 (77%)]	Loss: 0.181103
Train Epoch: 7 [48000/60000 (80%)]	Loss: 0.086336
Train Epoch: 7 [50000/60000 (83%)]	Loss: 0.142147
Train Epoch: 7 [52000/60000 (87%)]	Loss: 0.142757
Train Epoch: 7 [54000/60000 (90%)]	Loss: 0.187962
Train Epoch: 7 [56000/60000 (93%)]	Loss: 0.090760
Train Epoch: 7 [58000/60000 (97%)]	Loss: 0.165109
Train Epoch: 7 [60000/60000 (100%)]	Loss: 0.151702

Average Training loss: 0.0051, Training Error Rate: 10.35% (6212/60000)


Average Test loss: 0.0982, Test Error Rate: 9.92% (992/10000)

Train Epoch: 8 [2000/60000 (3%)]	Loss: 0.138139
Train Epoch: 8 [4000/60000 (7%)]	Loss: 0.093839
Train Epoch: 8 [6000/60000 (10%)]	Loss: 0.072796
Train Epoch: 8 [8000/60000 (13%)]	Loss: 0.118194
Train Epoch: 8 [10000/60000 (17%)]	Loss: 0.125445
Train Epoch: 8 [12000/60000 (20%)]	Loss: 0.114672
Train Epoch: 8 [14000/60000 (23%)]	Loss: 0.115349
Train Epoch: 8 [16000/60000 (27%)]	Loss: 0.127260
Train Epoch: 8 [18000/60000 (30%)]	Loss: 0.070473
Train Epoch: 8 [20000/60000 (33%)]	Loss: 0.089213
Train Epoch: 8 [22000/60000 (37%)]	Loss: 0.066545
Train Epoch: 8 [24000/60000 (40%)]	Loss: 0.073185
Train Epoch: 8 [26000/60000 (43%)]	Loss: 0.091959
Train Epoch: 8 [28000/60000 (47%)]	Loss: 0.070479
Train Epoch: 8 [30000/60000 (50%)]	Loss: 0.051672
Train Epoch: 8 [32000/60000 (53%)]	Loss: 0.056008
Train Epoch: 8 [34000/60000 (57%)]	Loss: 0.076844
Train Epoch: 8 [36000/60000 (60%)]	Loss: 0.127515
Train Epoch: 8 [38000/60000 (63%)]	Loss: 0.122759
Train Epoch: 8 [40000/60000 (67%)]	Loss: 0.098588
Train Epoch: 8 [42000/60000 (70%)]	Loss: 0.134903
Train Epoch: 8 [44000/60000 (73%)]	Loss: 0.123527
Train Epoch: 8 [46000/60000 (77%)]	Loss: 0.072277
Train Epoch: 8 [48000/60000 (80%)]	Loss: 0.063045
Train Epoch: 8 [50000/60000 (83%)]	Loss: 0.103432
Train Epoch: 8 [52000/60000 (87%)]	Loss: 0.233405
Train Epoch: 8 [54000/60000 (90%)]	Loss: 0.123682
Train Epoch: 8 [56000/60000 (93%)]	Loss: 0.164513
Train Epoch: 8 [58000/60000 (97%)]	Loss: 0.083132
Train Epoch: 8 [60000/60000 (100%)]	Loss: 0.112809

Average Training loss: 0.0049, Training Error Rate: 9.94% (5962/60000)


Average Test loss: 0.0919, Test Error Rate: 8.96% (896/10000)

Train Epoch: 9 [2000/60000 (3%)]	Loss: 0.114634
Train Epoch: 9 [4000/60000 (7%)]	Loss: 0.094450
Train Epoch: 9 [6000/60000 (10%)]	Loss: 0.109375
Train Epoch: 9 [8000/60000 (13%)]	Loss: 0.104865
Train Epoch: 9 [10000/60000 (17%)]	Loss: 0.087041
Train Epoch: 9 [12000/60000 (20%)]	Loss: 0.111926
Train Epoch: 9 [14000/60000 (23%)]	Loss: 0.182302
Train Epoch: 9 [16000/60000 (27%)]	Loss: 0.099341
Train Epoch: 9 [18000/60000 (30%)]	Loss: 0.130717
Train Epoch: 9 [20000/60000 (33%)]	Loss: 0.122954
Train Epoch: 9 [22000/60000 (37%)]	Loss: 0.035348
Train Epoch: 9 [24000/60000 (40%)]	Loss: 0.156524
Train Epoch: 9 [26000/60000 (43%)]	Loss: 0.058365
Train Epoch: 9 [28000/60000 (47%)]	Loss: 0.090069
Train Epoch: 9 [30000/60000 (50%)]	Loss: 0.096651
Train Epoch: 9 [32000/60000 (53%)]	Loss: 0.059380
Train Epoch: 9 [34000/60000 (57%)]	Loss: 0.058259
Train Epoch: 9 [36000/60000 (60%)]	Loss: 0.058315
Train Epoch: 9 [38000/60000 (63%)]	Loss: 0.018560
Train Epoch: 9 [40000/60000 (67%)]	Loss: 0.060009
Train Epoch: 9 [42000/60000 (70%)]	Loss: 0.155646
Train Epoch: 9 [44000/60000 (73%)]	Loss: 0.079207
Train Epoch: 9 [46000/60000 (77%)]	Loss: 0.088671
Train Epoch: 9 [48000/60000 (80%)]	Loss: 0.084537
Train Epoch: 9 [50000/60000 (83%)]	Loss: 0.072279
Train Epoch: 9 [52000/60000 (87%)]	Loss: 0.059538
Train Epoch: 9 [54000/60000 (90%)]	Loss: 0.138523
Train Epoch: 9 [56000/60000 (93%)]	Loss: 0.069086
Train Epoch: 9 [58000/60000 (97%)]	Loss: 0.086357
Train Epoch: 9 [60000/60000 (100%)]	Loss: 0.046658

Average Training loss: 0.0046, Training Error Rate: 9.46% (5676/60000)


Average Test loss: 0.0864, Test Error Rate: 8.67% (867/10000)

Train Epoch: 10 [2000/60000 (3%)]	Loss: 0.057912
Train Epoch: 10 [4000/60000 (7%)]	Loss: 0.074623
Train Epoch: 10 [6000/60000 (10%)]	Loss: 0.121846
Train Epoch: 10 [8000/60000 (13%)]	Loss: 0.117313
Train Epoch: 10 [10000/60000 (17%)]	Loss: 0.079227
Train Epoch: 10 [12000/60000 (20%)]	Loss: 0.134100
Train Epoch: 10 [14000/60000 (23%)]	Loss: 0.155309
Train Epoch: 10 [16000/60000 (27%)]	Loss: 0.044974
Train Epoch: 10 [18000/60000 (30%)]	Loss: 0.146708
Train Epoch: 10 [20000/60000 (33%)]	Loss: 0.074609
Train Epoch: 10 [22000/60000 (37%)]	Loss: 0.064700
Train Epoch: 10 [24000/60000 (40%)]	Loss: 0.162142
Train Epoch: 10 [26000/60000 (43%)]	Loss: 0.090621
Train Epoch: 10 [28000/60000 (47%)]	Loss: 0.056642
Train Epoch: 10 [30000/60000 (50%)]	Loss: 0.053739
Train Epoch: 10 [32000/60000 (53%)]	Loss: 0.061639
Train Epoch: 10 [34000/60000 (57%)]	Loss: 0.078349
Train Epoch: 10 [36000/60000 (60%)]	Loss: 0.141070
Train Epoch: 10 [38000/60000 (63%)]	Loss: 0.109999
Train Epoch: 10 [40000/60000 (67%)]	Loss: 0.052731
Train Epoch: 10 [42000/60000 (70%)]	Loss: 0.073920
Train Epoch: 10 [44000/60000 (73%)]	Loss: 0.091923
Train Epoch: 10 [46000/60000 (77%)]	Loss: 0.098593
Train Epoch: 10 [48000/60000 (80%)]	Loss: 0.096768
Train Epoch: 10 [50000/60000 (83%)]	Loss: 0.062430
Train Epoch: 10 [52000/60000 (87%)]	Loss: 0.124036
Train Epoch: 10 [54000/60000 (90%)]	Loss: 0.095672
Train Epoch: 10 [56000/60000 (93%)]	Loss: 0.085239
Train Epoch: 10 [58000/60000 (97%)]	Loss: 0.061266
Train Epoch: 10 [60000/60000 (100%)]	Loss: 0.056502

Average Training loss: 0.0044, Training Error Rate: 9.20% (5521/60000)


Average Test loss: 0.0831, Test Error Rate: 8.49% (849/10000)

Train Epoch: 11 [2000/60000 (3%)]	Loss: 0.070103
Train Epoch: 11 [4000/60000 (7%)]	Loss: 0.067774
Train Epoch: 11 [6000/60000 (10%)]	Loss: 0.046065
Train Epoch: 11 [8000/60000 (13%)]	Loss: 0.079878
Train Epoch: 11 [10000/60000 (17%)]	Loss: 0.125408
Train Epoch: 11 [12000/60000 (20%)]	Loss: 0.069782
Train Epoch: 11 [14000/60000 (23%)]	Loss: 0.099185
Train Epoch: 11 [16000/60000 (27%)]	Loss: 0.154048
Train Epoch: 11 [18000/60000 (30%)]	Loss: 0.085929
Train Epoch: 11 [20000/60000 (33%)]	Loss: 0.093357
Train Epoch: 11 [22000/60000 (37%)]	Loss: 0.085570
Train Epoch: 11 [24000/60000 (40%)]	Loss: 0.173406
Train Epoch: 11 [26000/60000 (43%)]	Loss: 0.053547
Train Epoch: 11 [28000/60000 (47%)]	Loss: 0.110665
Train Epoch: 11 [30000/60000 (50%)]	Loss: 0.067397
Train Epoch: 11 [32000/60000 (53%)]	Loss: 0.049111
Train Epoch: 11 [34000/60000 (57%)]	Loss: 0.061629
Train Epoch: 11 [36000/60000 (60%)]	Loss: 0.086611
Train Epoch: 11 [38000/60000 (63%)]	Loss: 0.063222
Train Epoch: 11 [40000/60000 (67%)]	Loss: 0.118546
Train Epoch: 11 [42000/60000 (70%)]	Loss: 0.133714
Train Epoch: 11 [44000/60000 (73%)]	Loss: 0.058722
Train Epoch: 11 [46000/60000 (77%)]	Loss: 0.060259
Train Epoch: 11 [48000/60000 (80%)]	Loss: 0.169619
Train Epoch: 11 [50000/60000 (83%)]	Loss: 0.095093
Train Epoch: 11 [52000/60000 (87%)]	Loss: 0.092842
Train Epoch: 11 [54000/60000 (90%)]	Loss: 0.082871
Train Epoch: 11 [56000/60000 (93%)]	Loss: 0.066054
Train Epoch: 11 [58000/60000 (97%)]	Loss: 0.082316
Train Epoch: 11 [60000/60000 (100%)]	Loss: 0.110126

Average Training loss: 0.0042, Training Error Rate: 8.84% (5305/60000)


Average Test loss: 0.0789, Test Error Rate: 8.23% (823/10000)

Train Epoch: 12 [2000/60000 (3%)]	Loss: 0.069561
Train Epoch: 12 [4000/60000 (7%)]	Loss: 0.146590
Train Epoch: 12 [6000/60000 (10%)]	Loss: 0.102799
Train Epoch: 12 [8000/60000 (13%)]	Loss: 0.079541
Train Epoch: 12 [10000/60000 (17%)]	Loss: 0.067415
Train Epoch: 12 [12000/60000 (20%)]	Loss: 0.101520
Train Epoch: 12 [14000/60000 (23%)]	Loss: 0.069023
Train Epoch: 12 [16000/60000 (27%)]	Loss: 0.056781
Train Epoch: 12 [18000/60000 (30%)]	Loss: 0.052883
Train Epoch: 12 [20000/60000 (33%)]	Loss: 0.112137
Train Epoch: 12 [22000/60000 (37%)]	Loss: 0.115153
Train Epoch: 12 [24000/60000 (40%)]	Loss: 0.110407
Train Epoch: 12 [26000/60000 (43%)]	Loss: 0.056998
Train Epoch: 12 [28000/60000 (47%)]	Loss: 0.066966
Train Epoch: 12 [30000/60000 (50%)]	Loss: 0.061300
Train Epoch: 12 [32000/60000 (53%)]	Loss: 0.151646
Train Epoch: 12 [34000/60000 (57%)]	Loss: 0.071849
Train Epoch: 12 [36000/60000 (60%)]	Loss: 0.044184
Train Epoch: 12 [38000/60000 (63%)]	Loss: 0.094036
Train Epoch: 12 [40000/60000 (67%)]	Loss: 0.066384
Train Epoch: 12 [42000/60000 (70%)]	Loss: 0.076886
Train Epoch: 12 [44000/60000 (73%)]	Loss: 0.096678
Train Epoch: 12 [46000/60000 (77%)]	Loss: 0.075503
Train Epoch: 12 [48000/60000 (80%)]	Loss: 0.077196
Train Epoch: 12 [50000/60000 (83%)]	Loss: 0.068673
Train Epoch: 12 [52000/60000 (87%)]	Loss: 0.075584
Train Epoch: 12 [54000/60000 (90%)]	Loss: 0.176218
Train Epoch: 12 [56000/60000 (93%)]	Loss: 0.111380
Train Epoch: 12 [58000/60000 (97%)]	Loss: 0.128813
Train Epoch: 12 [60000/60000 (100%)]	Loss: 0.119245

Average Training loss: 0.0040, Training Error Rate: 8.60% (5157/60000)


Average Test loss: 0.0774, Test Error Rate: 8.20% (820/10000)

Train Epoch: 13 [2000/60000 (3%)]	Loss: 0.136806
Train Epoch: 13 [4000/60000 (7%)]	Loss: 0.064457
Train Epoch: 13 [6000/60000 (10%)]	Loss: 0.074732
Train Epoch: 13 [8000/60000 (13%)]	Loss: 0.039690
Train Epoch: 13 [10000/60000 (17%)]	Loss: 0.079191
Train Epoch: 13 [12000/60000 (20%)]	Loss: 0.070761
Train Epoch: 13 [14000/60000 (23%)]	Loss: 0.109480
Train Epoch: 13 [16000/60000 (27%)]	Loss: 0.089361
Train Epoch: 13 [18000/60000 (30%)]	Loss: 0.153534
Train Epoch: 13 [20000/60000 (33%)]	Loss: 0.083618
Train Epoch: 13 [22000/60000 (37%)]	Loss: 0.057343
Train Epoch: 13 [24000/60000 (40%)]	Loss: 0.061492
Train Epoch: 13 [26000/60000 (43%)]	Loss: 0.050641
Train Epoch: 13 [28000/60000 (47%)]	Loss: 0.070219
Train Epoch: 13 [30000/60000 (50%)]	Loss: 0.159632
Train Epoch: 13 [32000/60000 (53%)]	Loss: 0.127883
Train Epoch: 13 [34000/60000 (57%)]	Loss: 0.108818
Train Epoch: 13 [36000/60000 (60%)]	Loss: 0.078981
Train Epoch: 13 [38000/60000 (63%)]	Loss: 0.071414
Train Epoch: 13 [40000/60000 (67%)]	Loss: 0.090242
Train Epoch: 13 [42000/60000 (70%)]	Loss: 0.106586
Train Epoch: 13 [44000/60000 (73%)]	Loss: 0.045920
Train Epoch: 13 [46000/60000 (77%)]	Loss: 0.042481
Train Epoch: 13 [48000/60000 (80%)]	Loss: 0.092664
Train Epoch: 13 [50000/60000 (83%)]	Loss: 0.116652
Train Epoch: 13 [52000/60000 (87%)]	Loss: 0.037774
Train Epoch: 13 [54000/60000 (90%)]	Loss: 0.063648
Train Epoch: 13 [56000/60000 (93%)]	Loss: 0.095985
Train Epoch: 13 [58000/60000 (97%)]	Loss: 0.095074
Train Epoch: 13 [60000/60000 (100%)]	Loss: 0.067806

Average Training loss: 0.0039, Training Error Rate: 8.36% (5016/60000)


Average Test loss: 0.0739, Test Error Rate: 7.92% (792/10000)

Train Epoch: 14 [2000/60000 (3%)]	Loss: 0.081629
Train Epoch: 14 [4000/60000 (7%)]	Loss: 0.077723
Train Epoch: 14 [6000/60000 (10%)]	Loss: 0.143747
Train Epoch: 14 [8000/60000 (13%)]	Loss: 0.133956
Train Epoch: 14 [10000/60000 (17%)]	Loss: 0.116864
Train Epoch: 14 [12000/60000 (20%)]	Loss: 0.053270
Train Epoch: 14 [14000/60000 (23%)]	Loss: 0.136858
Train Epoch: 14 [16000/60000 (27%)]	Loss: 0.150909
Train Epoch: 14 [18000/60000 (30%)]	Loss: 0.093937
Train Epoch: 14 [20000/60000 (33%)]	Loss: 0.073181
Train Epoch: 14 [22000/60000 (37%)]	Loss: 0.031032
Train Epoch: 14 [24000/60000 (40%)]	Loss: 0.077078
Train Epoch: 14 [26000/60000 (43%)]	Loss: 0.092025
Train Epoch: 14 [28000/60000 (47%)]	Loss: 0.081402
Train Epoch: 14 [30000/60000 (50%)]	Loss: 0.121119
Train Epoch: 14 [32000/60000 (53%)]	Loss: 0.051328
Train Epoch: 14 [34000/60000 (57%)]	Loss: 0.061232
Train Epoch: 14 [36000/60000 (60%)]	Loss: 0.063233
Train Epoch: 14 [38000/60000 (63%)]	Loss: 0.055625
Train Epoch: 14 [40000/60000 (67%)]	Loss: 0.086282
Train Epoch: 14 [42000/60000 (70%)]	Loss: 0.097115
Train Epoch: 14 [44000/60000 (73%)]	Loss: 0.027803
Train Epoch: 14 [46000/60000 (77%)]	Loss: 0.111104
Train Epoch: 14 [48000/60000 (80%)]	Loss: 0.013969
Train Epoch: 14 [50000/60000 (83%)]	Loss: 0.084819
Train Epoch: 14 [52000/60000 (87%)]	Loss: 0.047541
Train Epoch: 14 [54000/60000 (90%)]	Loss: 0.110501
Train Epoch: 14 [56000/60000 (93%)]	Loss: 0.082932
Train Epoch: 14 [58000/60000 (97%)]	Loss: 0.099685
Train Epoch: 14 [60000/60000 (100%)]	Loss: 0.092779

Average Training loss: 0.0037, Training Error Rate: 8.13% (4877/60000)


Average Test loss: 0.0711, Test Error Rate: 7.81% (781/10000)

Train Epoch: 15 [2000/60000 (3%)]	Loss: 0.020421
Train Epoch: 15 [4000/60000 (7%)]	Loss: 0.091165
Train Epoch: 15 [6000/60000 (10%)]	Loss: 0.050387
Train Epoch: 15 [8000/60000 (13%)]	Loss: 0.079344
Train Epoch: 15 [10000/60000 (17%)]	Loss: 0.032635
Train Epoch: 15 [12000/60000 (20%)]	Loss: 0.133612
Train Epoch: 15 [14000/60000 (23%)]	Loss: 0.050502
Train Epoch: 15 [16000/60000 (27%)]	Loss: 0.086506
Train Epoch: 15 [18000/60000 (30%)]	Loss: 0.060906
Train Epoch: 15 [20000/60000 (33%)]	Loss: 0.081932
Train Epoch: 15 [22000/60000 (37%)]	Loss: 0.040635
Train Epoch: 15 [24000/60000 (40%)]	Loss: 0.062164
Train Epoch: 15 [26000/60000 (43%)]	Loss: 0.023098
Train Epoch: 15 [28000/60000 (47%)]	Loss: 0.105669
Train Epoch: 15 [30000/60000 (50%)]	Loss: 0.054209
Train Epoch: 15 [32000/60000 (53%)]	Loss: 0.082076
Train Epoch: 15 [34000/60000 (57%)]	Loss: 0.021856
Train Epoch: 15 [36000/60000 (60%)]	Loss: 0.095061
Train Epoch: 15 [38000/60000 (63%)]	Loss: 0.071211
Train Epoch: 15 [40000/60000 (67%)]	Loss: 0.104085
Train Epoch: 15 [42000/60000 (70%)]	Loss: 0.042762
Train Epoch: 15 [44000/60000 (73%)]	Loss: 0.131071
Train Epoch: 15 [46000/60000 (77%)]	Loss: 0.100532
Train Epoch: 15 [48000/60000 (80%)]	Loss: 0.053599
Train Epoch: 15 [50000/60000 (83%)]	Loss: 0.052860
Train Epoch: 15 [52000/60000 (87%)]	Loss: 0.078906
Train Epoch: 15 [54000/60000 (90%)]	Loss: 0.089404
Train Epoch: 15 [56000/60000 (93%)]	Loss: 0.071607
Train Epoch: 15 [58000/60000 (97%)]	Loss: 0.165823
Train Epoch: 15 [60000/60000 (100%)]	Loss: 0.081369

Average Training loss: 0.0036, Training Error Rate: 7.96% (4776/60000)


Average Test loss: 0.0689, Test Error Rate: 7.62% (762/10000)

Train Epoch: 16 [2000/60000 (3%)]	Loss: 0.129294
Train Epoch: 16 [4000/60000 (7%)]	Loss: 0.058187
Train Epoch: 16 [6000/60000 (10%)]	Loss: 0.029627
Train Epoch: 16 [8000/60000 (13%)]	Loss: 0.097389
Train Epoch: 16 [10000/60000 (17%)]	Loss: 0.076486
Train Epoch: 16 [12000/60000 (20%)]	Loss: 0.090667
Train Epoch: 16 [14000/60000 (23%)]	Loss: 0.098303
Train Epoch: 16 [16000/60000 (27%)]	Loss: 0.097765
Train Epoch: 16 [18000/60000 (30%)]	Loss: 0.063149
Train Epoch: 16 [20000/60000 (33%)]	Loss: 0.036854
Train Epoch: 16 [22000/60000 (37%)]	Loss: 0.077181
Train Epoch: 16 [24000/60000 (40%)]	Loss: 0.062158
Train Epoch: 16 [26000/60000 (43%)]	Loss: 0.127236
Train Epoch: 16 [28000/60000 (47%)]	Loss: 0.085992
Train Epoch: 16 [30000/60000 (50%)]	Loss: 0.145812
Train Epoch: 16 [32000/60000 (53%)]	Loss: 0.071345
Train Epoch: 16 [34000/60000 (57%)]	Loss: 0.134463
Train Epoch: 16 [36000/60000 (60%)]	Loss: 0.055841
Train Epoch: 16 [38000/60000 (63%)]	Loss: 0.079908
Train Epoch: 16 [40000/60000 (67%)]	Loss: 0.032789
Train Epoch: 16 [42000/60000 (70%)]	Loss: 0.079376
Train Epoch: 16 [44000/60000 (73%)]	Loss: 0.092014
Train Epoch: 16 [46000/60000 (77%)]	Loss: 0.063524
Train Epoch: 16 [48000/60000 (80%)]	Loss: 0.056593
Train Epoch: 16 [50000/60000 (83%)]	Loss: 0.077703
Train Epoch: 16 [52000/60000 (87%)]	Loss: 0.110859
Train Epoch: 16 [54000/60000 (90%)]	Loss: 0.093310
Train Epoch: 16 [56000/60000 (93%)]	Loss: 0.105924
Train Epoch: 16 [58000/60000 (97%)]	Loss: 0.057030
Train Epoch: 16 [60000/60000 (100%)]	Loss: 0.075347

Average Training loss: 0.0035, Training Error Rate: 7.72% (4630/60000)


Average Test loss: 0.0669, Test Error Rate: 7.33% (733/10000)

Train Epoch: 17 [2000/60000 (3%)]	Loss: 0.123314
Train Epoch: 17 [4000/60000 (7%)]	Loss: 0.035912
Train Epoch: 17 [6000/60000 (10%)]	Loss: 0.054727
Train Epoch: 17 [8000/60000 (13%)]	Loss: 0.026100
Train Epoch: 17 [10000/60000 (17%)]	Loss: 0.106344
Train Epoch: 17 [12000/60000 (20%)]	Loss: 0.066594
Train Epoch: 17 [14000/60000 (23%)]	Loss: 0.023970
Train Epoch: 17 [16000/60000 (27%)]	Loss: 0.037842
Train Epoch: 17 [18000/60000 (30%)]	Loss: 0.050889
Train Epoch: 17 [20000/60000 (33%)]	Loss: 0.154752
Train Epoch: 17 [22000/60000 (37%)]	Loss: 0.043969
Train Epoch: 17 [24000/60000 (40%)]	Loss: 0.033582
Train Epoch: 17 [26000/60000 (43%)]	Loss: 0.059917
Train Epoch: 17 [28000/60000 (47%)]	Loss: 0.028693
Train Epoch: 17 [30000/60000 (50%)]	Loss: 0.108517
Train Epoch: 17 [32000/60000 (53%)]	Loss: 0.065123
Train Epoch: 17 [34000/60000 (57%)]	Loss: 0.074120
Train Epoch: 17 [36000/60000 (60%)]	Loss: 0.067785
Train Epoch: 17 [38000/60000 (63%)]	Loss: 0.053402
Train Epoch: 17 [40000/60000 (67%)]	Loss: 0.031227
Train Epoch: 17 [42000/60000 (70%)]	Loss: 0.081835
Train Epoch: 17 [44000/60000 (73%)]	Loss: 0.042816
Train Epoch: 17 [46000/60000 (77%)]	Loss: 0.088575
Train Epoch: 17 [48000/60000 (80%)]	Loss: 0.108673
Train Epoch: 17 [50000/60000 (83%)]	Loss: 0.033059
Train Epoch: 17 [52000/60000 (87%)]	Loss: 0.134162
Train Epoch: 17 [54000/60000 (90%)]	Loss: 0.063692
Train Epoch: 17 [56000/60000 (93%)]	Loss: 0.048385
Train Epoch: 17 [58000/60000 (97%)]	Loss: 0.051605
Train Epoch: 17 [60000/60000 (100%)]	Loss: 0.049910

Average Training loss: 0.0034, Training Error Rate: 7.55% (4533/60000)


Average Test loss: 0.0656, Test Error Rate: 7.20% (720/10000)

Train Epoch: 18 [2000/60000 (3%)]	Loss: 0.072357
Train Epoch: 18 [4000/60000 (7%)]	Loss: 0.041453
Train Epoch: 18 [6000/60000 (10%)]	Loss: 0.069968
Train Epoch: 18 [8000/60000 (13%)]	Loss: 0.108121
Train Epoch: 18 [10000/60000 (17%)]	Loss: 0.075043
Train Epoch: 18 [12000/60000 (20%)]	Loss: 0.090506
Train Epoch: 18 [14000/60000 (23%)]	Loss: 0.093862
Train Epoch: 18 [16000/60000 (27%)]	Loss: 0.069719
Train Epoch: 18 [18000/60000 (30%)]	Loss: 0.051025
Train Epoch: 18 [20000/60000 (33%)]	Loss: 0.047152
Train Epoch: 18 [22000/60000 (37%)]	Loss: 0.041914
Train Epoch: 18 [24000/60000 (40%)]	Loss: 0.034199
Train Epoch: 18 [26000/60000 (43%)]	Loss: 0.025690
Train Epoch: 18 [28000/60000 (47%)]	Loss: 0.049267
Train Epoch: 18 [30000/60000 (50%)]	Loss: 0.041624
Train Epoch: 18 [32000/60000 (53%)]	Loss: 0.027785
Train Epoch: 18 [34000/60000 (57%)]	Loss: 0.013227
Train Epoch: 18 [36000/60000 (60%)]	Loss: 0.081304
Train Epoch: 18 [38000/60000 (63%)]	Loss: 0.082442
Train Epoch: 18 [40000/60000 (67%)]	Loss: 0.095021
Train Epoch: 18 [42000/60000 (70%)]	Loss: 0.085234
Train Epoch: 18 [44000/60000 (73%)]	Loss: 0.097039
Train Epoch: 18 [46000/60000 (77%)]	Loss: 0.066059
Train Epoch: 18 [48000/60000 (80%)]	Loss: 0.037731
Train Epoch: 18 [50000/60000 (83%)]	Loss: 0.086218
Train Epoch: 18 [52000/60000 (87%)]	Loss: 0.032405
Train Epoch: 18 [54000/60000 (90%)]	Loss: 0.037969
Train Epoch: 18 [56000/60000 (93%)]	Loss: 0.090158
Train Epoch: 18 [58000/60000 (97%)]	Loss: 0.115008
Train Epoch: 18 [60000/60000 (100%)]	Loss: 0.135125

Average Training loss: 0.0034, Training Error Rate: 7.40% (4441/60000)


Average Test loss: 0.0652, Test Error Rate: 7.12% (712/10000)

Train Epoch: 19 [2000/60000 (3%)]	Loss: 0.042633
Train Epoch: 19 [4000/60000 (7%)]	Loss: 0.089553
Train Epoch: 19 [6000/60000 (10%)]	Loss: 0.087864
Train Epoch: 19 [8000/60000 (13%)]	Loss: 0.120887
Train Epoch: 19 [10000/60000 (17%)]	Loss: 0.076103
Train Epoch: 19 [12000/60000 (20%)]	Loss: 0.062194
Train Epoch: 19 [14000/60000 (23%)]	Loss: 0.071055
Train Epoch: 19 [16000/60000 (27%)]	Loss: 0.120164
Train Epoch: 19 [18000/60000 (30%)]	Loss: 0.022903
Train Epoch: 19 [20000/60000 (33%)]	Loss: 0.039392
Train Epoch: 19 [22000/60000 (37%)]	Loss: 0.086100
Train Epoch: 19 [24000/60000 (40%)]	Loss: 0.050754
Train Epoch: 19 [26000/60000 (43%)]	Loss: 0.066072
Train Epoch: 19 [28000/60000 (47%)]	Loss: 0.031702
Train Epoch: 19 [30000/60000 (50%)]	Loss: 0.026269
Train Epoch: 19 [32000/60000 (53%)]	Loss: 0.062373
Train Epoch: 19 [34000/60000 (57%)]	Loss: 0.046970
Train Epoch: 19 [36000/60000 (60%)]	Loss: 0.103650
Train Epoch: 19 [38000/60000 (63%)]	Loss: 0.074537
Train Epoch: 19 [40000/60000 (67%)]	Loss: 0.089417
Train Epoch: 19 [42000/60000 (70%)]	Loss: 0.146359
Train Epoch: 19 [44000/60000 (73%)]	Loss: 0.088181
Train Epoch: 19 [46000/60000 (77%)]	Loss: 0.085065
Train Epoch: 19 [48000/60000 (80%)]	Loss: 0.078738
Train Epoch: 19 [50000/60000 (83%)]	Loss: 0.055623
Train Epoch: 19 [52000/60000 (87%)]	Loss: 0.037308
Train Epoch: 19 [54000/60000 (90%)]	Loss: 0.008888
Train Epoch: 19 [56000/60000 (93%)]	Loss: 0.047219
Train Epoch: 19 [58000/60000 (97%)]	Loss: 0.077871
Train Epoch: 19 [60000/60000 (100%)]	Loss: 0.070768

Average Training loss: 0.0033, Training Error Rate: 7.21% (4325/60000)


Average Test loss: 0.0637, Test Error Rate: 7.05% (705/10000)

Train Epoch: 20 [2000/60000 (3%)]	Loss: 0.065097
Train Epoch: 20 [4000/60000 (7%)]	Loss: 0.160885
Train Epoch: 20 [6000/60000 (10%)]	Loss: 0.055069
Train Epoch: 20 [8000/60000 (13%)]	Loss: 0.061814
Train Epoch: 20 [10000/60000 (17%)]	Loss: 0.038612
Train Epoch: 20 [12000/60000 (20%)]	Loss: 0.103718
Train Epoch: 20 [14000/60000 (23%)]	Loss: 0.086628
Train Epoch: 20 [16000/60000 (27%)]	Loss: 0.105407
Train Epoch: 20 [18000/60000 (30%)]	Loss: 0.059078
Train Epoch: 20 [20000/60000 (33%)]	Loss: 0.056645
Train Epoch: 20 [22000/60000 (37%)]	Loss: 0.064482
Train Epoch: 20 [24000/60000 (40%)]	Loss: 0.065854
Train Epoch: 20 [26000/60000 (43%)]	Loss: 0.128794
Train Epoch: 20 [28000/60000 (47%)]	Loss: 0.072484
Train Epoch: 20 [30000/60000 (50%)]	Loss: 0.089577
Train Epoch: 20 [32000/60000 (53%)]	Loss: 0.064053
Train Epoch: 20 [34000/60000 (57%)]	Loss: 0.004015
Train Epoch: 20 [36000/60000 (60%)]	Loss: 0.078640
Train Epoch: 20 [38000/60000 (63%)]	Loss: 0.087317
Train Epoch: 20 [40000/60000 (67%)]	Loss: 0.085426
Train Epoch: 20 [42000/60000 (70%)]	Loss: 0.068892
Train Epoch: 20 [44000/60000 (73%)]	Loss: 0.086369
Train Epoch: 20 [46000/60000 (77%)]	Loss: 0.031631
Train Epoch: 20 [48000/60000 (80%)]	Loss: 0.064227
Train Epoch: 20 [50000/60000 (83%)]	Loss: 0.018093
Train Epoch: 20 [52000/60000 (87%)]	Loss: 0.067496
Train Epoch: 20 [54000/60000 (90%)]	Loss: 0.048764
Train Epoch: 20 [56000/60000 (93%)]	Loss: 0.025887
Train Epoch: 20 [58000/60000 (97%)]	Loss: 0.025850
Train Epoch: 20 [60000/60000 (100%)]	Loss: 0.108893

Average Training loss: 0.0032, Training Error Rate: 7.13% (4280/60000)


Average Test loss: 0.0631, Test Error Rate: 6.99% (699/10000)

Train Epoch: 21 [2000/60000 (3%)]	Loss: 0.026587
Train Epoch: 21 [4000/60000 (7%)]	Loss: 0.048245
Train Epoch: 21 [6000/60000 (10%)]	Loss: 0.035398
Train Epoch: 21 [8000/60000 (13%)]	Loss: 0.047258
Train Epoch: 21 [10000/60000 (17%)]	Loss: 0.073249
Train Epoch: 21 [12000/60000 (20%)]	Loss: 0.022225
Train Epoch: 21 [14000/60000 (23%)]	Loss: 0.080000
Train Epoch: 21 [16000/60000 (27%)]	Loss: 0.068163
Train Epoch: 21 [18000/60000 (30%)]	Loss: 0.032481
Train Epoch: 21 [20000/60000 (33%)]	Loss: 0.065012
Train Epoch: 21 [22000/60000 (37%)]	Loss: 0.053966
Train Epoch: 21 [24000/60000 (40%)]	Loss: 0.019557
Train Epoch: 21 [26000/60000 (43%)]	Loss: 0.063387
Train Epoch: 21 [28000/60000 (47%)]	Loss: 0.135817
Train Epoch: 21 [30000/60000 (50%)]	Loss: 0.014270
Train Epoch: 21 [32000/60000 (53%)]	Loss: 0.063689
Train Epoch: 21 [34000/60000 (57%)]	Loss: 0.048593
Train Epoch: 21 [36000/60000 (60%)]	Loss: 0.105971
Train Epoch: 21 [38000/60000 (63%)]	Loss: 0.070702
Train Epoch: 21 [40000/60000 (67%)]	Loss: 0.065270
Train Epoch: 21 [42000/60000 (70%)]	Loss: 0.034824
Train Epoch: 21 [44000/60000 (73%)]	Loss: 0.041615
Train Epoch: 21 [46000/60000 (77%)]	Loss: 0.075324
Train Epoch: 21 [48000/60000 (80%)]	Loss: 0.077561
Train Epoch: 21 [50000/60000 (83%)]	Loss: 0.055427
Train Epoch: 21 [52000/60000 (87%)]	Loss: 0.025849
Train Epoch: 21 [54000/60000 (90%)]	Loss: 0.050306
Train Epoch: 21 [56000/60000 (93%)]	Loss: 0.056935
Train Epoch: 21 [58000/60000 (97%)]	Loss: 0.086562
Train Epoch: 21 [60000/60000 (100%)]	Loss: 0.105559

Average Training loss: 0.0032, Training Error Rate: 6.95% (4172/60000)


Average Test loss: 0.0605, Test Error Rate: 6.93% (693/10000)

Train Epoch: 22 [2000/60000 (3%)]	Loss: 0.053535
Train Epoch: 22 [4000/60000 (7%)]	Loss: 0.047338
Train Epoch: 22 [6000/60000 (10%)]	Loss: 0.026880
Train Epoch: 22 [8000/60000 (13%)]	Loss: 0.072367
Train Epoch: 22 [10000/60000 (17%)]	Loss: 0.047329
Train Epoch: 22 [12000/60000 (20%)]	Loss: 0.046081
Train Epoch: 22 [14000/60000 (23%)]	Loss: 0.078471
Train Epoch: 22 [16000/60000 (27%)]	Loss: 0.047555
Train Epoch: 22 [18000/60000 (30%)]	Loss: 0.062653
Train Epoch: 22 [20000/60000 (33%)]	Loss: 0.057806
Train Epoch: 22 [22000/60000 (37%)]	Loss: 0.023137
Train Epoch: 22 [24000/60000 (40%)]	Loss: 0.143575
Train Epoch: 22 [26000/60000 (43%)]	Loss: 0.013882
Train Epoch: 22 [28000/60000 (47%)]	Loss: 0.051966
Train Epoch: 22 [30000/60000 (50%)]	Loss: 0.025464
Train Epoch: 22 [32000/60000 (53%)]	Loss: 0.060162
Train Epoch: 22 [34000/60000 (57%)]	Loss: 0.123428
Train Epoch: 22 [36000/60000 (60%)]	Loss: 0.071533
Train Epoch: 22 [38000/60000 (63%)]	Loss: 0.071190
Train Epoch: 22 [40000/60000 (67%)]	Loss: 0.036763
Train Epoch: 22 [42000/60000 (70%)]	Loss: 0.045190
Train Epoch: 22 [44000/60000 (73%)]	Loss: 0.075854
Train Epoch: 22 [46000/60000 (77%)]	Loss: 0.013708
Train Epoch: 22 [48000/60000 (80%)]	Loss: 0.071073
Train Epoch: 22 [50000/60000 (83%)]	Loss: 0.049389
Train Epoch: 22 [52000/60000 (87%)]	Loss: 0.055377
Train Epoch: 22 [54000/60000 (90%)]	Loss: 0.093803
Train Epoch: 22 [56000/60000 (93%)]	Loss: 0.059685
Train Epoch: 22 [58000/60000 (97%)]	Loss: 0.079088
Train Epoch: 22 [60000/60000 (100%)]	Loss: 0.091619

Average Training loss: 0.0031, Training Error Rate: 6.86% (4114/60000)


Average Test loss: 0.0601, Test Error Rate: 6.71% (671/10000)

Train Epoch: 23 [2000/60000 (3%)]	Loss: 0.051311
Train Epoch: 23 [4000/60000 (7%)]	Loss: 0.065078
Train Epoch: 23 [6000/60000 (10%)]	Loss: 0.112908
Train Epoch: 23 [8000/60000 (13%)]	Loss: 0.020426
Train Epoch: 23 [10000/60000 (17%)]	Loss: 0.047325
Train Epoch: 23 [12000/60000 (20%)]	Loss: 0.070459
Train Epoch: 23 [14000/60000 (23%)]	Loss: 0.014426
Train Epoch: 23 [16000/60000 (27%)]	Loss: 0.058942
Train Epoch: 23 [18000/60000 (30%)]	Loss: 0.029424
Train Epoch: 23 [20000/60000 (33%)]	Loss: 0.040834
Train Epoch: 23 [22000/60000 (37%)]	Loss: 0.021270
Train Epoch: 23 [24000/60000 (40%)]	Loss: 0.065327
Train Epoch: 23 [26000/60000 (43%)]	Loss: 0.022268
Train Epoch: 23 [28000/60000 (47%)]	Loss: 0.027788
Train Epoch: 23 [30000/60000 (50%)]	Loss: 0.034418
Train Epoch: 23 [32000/60000 (53%)]	Loss: 0.121024
Train Epoch: 23 [34000/60000 (57%)]	Loss: 0.085368
Train Epoch: 23 [36000/60000 (60%)]	Loss: 0.068140
Train Epoch: 23 [38000/60000 (63%)]	Loss: 0.065775
Train Epoch: 23 [40000/60000 (67%)]	Loss: 0.088600
Train Epoch: 23 [42000/60000 (70%)]	Loss: 0.012857
Train Epoch: 23 [44000/60000 (73%)]	Loss: 0.151730
Train Epoch: 23 [46000/60000 (77%)]	Loss: 0.085198
Train Epoch: 23 [48000/60000 (80%)]	Loss: 0.061512
Train Epoch: 23 [50000/60000 (83%)]	Loss: 0.047475
Train Epoch: 23 [52000/60000 (87%)]	Loss: 0.058451
Train Epoch: 23 [54000/60000 (90%)]	Loss: 0.056711
Train Epoch: 23 [56000/60000 (93%)]	Loss: 0.099092
Train Epoch: 23 [58000/60000 (97%)]	Loss: 0.075079
Train Epoch: 23 [60000/60000 (100%)]	Loss: 0.092394

Average Training loss: 0.0030, Training Error Rate: 6.74% (4043/60000)


Average Test loss: 0.0592, Test Error Rate: 6.62% (662/10000)

Train Epoch: 24 [2000/60000 (3%)]	Loss: 0.049575
Train Epoch: 24 [4000/60000 (7%)]	Loss: 0.069329
Train Epoch: 24 [6000/60000 (10%)]	Loss: 0.029420
Train Epoch: 24 [8000/60000 (13%)]	Loss: 0.043810
Train Epoch: 24 [10000/60000 (17%)]	Loss: 0.045594
Train Epoch: 24 [12000/60000 (20%)]	Loss: 0.068892
Train Epoch: 24 [14000/60000 (23%)]	Loss: 0.078766
Train Epoch: 24 [16000/60000 (27%)]	Loss: 0.039173
Train Epoch: 24 [18000/60000 (30%)]	Loss: 0.043908
Train Epoch: 24 [20000/60000 (33%)]	Loss: 0.046483
Train Epoch: 24 [22000/60000 (37%)]	Loss: 0.083845
Train Epoch: 24 [24000/60000 (40%)]	Loss: 0.065362
Train Epoch: 24 [26000/60000 (43%)]	Loss: 0.043851
Train Epoch: 24 [28000/60000 (47%)]	Loss: 0.011117
Train Epoch: 24 [30000/60000 (50%)]	Loss: 0.053507
Train Epoch: 24 [32000/60000 (53%)]	Loss: 0.075676
Train Epoch: 24 [34000/60000 (57%)]	Loss: 0.067303
Train Epoch: 24 [36000/60000 (60%)]	Loss: 0.065781
Train Epoch: 24 [38000/60000 (63%)]	Loss: 0.049515
Train Epoch: 24 [40000/60000 (67%)]	Loss: 0.110247
Train Epoch: 24 [42000/60000 (70%)]	Loss: 0.061364
Train Epoch: 24 [44000/60000 (73%)]	Loss: 0.084634
Train Epoch: 24 [46000/60000 (77%)]	Loss: 0.037028
Train Epoch: 24 [48000/60000 (80%)]	Loss: 0.072955
Train Epoch: 24 [50000/60000 (83%)]	Loss: 0.035778
Train Epoch: 24 [52000/60000 (87%)]	Loss: 0.094752
Train Epoch: 24 [54000/60000 (90%)]	Loss: 0.072656
Train Epoch: 24 [56000/60000 (93%)]	Loss: 0.070895
Train Epoch: 24 [58000/60000 (97%)]	Loss: 0.046430
Train Epoch: 24 [60000/60000 (100%)]	Loss: 0.058598

Average Training loss: 0.0030, Training Error Rate: 6.64% (3983/60000)


Average Test loss: 0.0579, Test Error Rate: 6.53% (653/10000)

Train Epoch: 25 [2000/60000 (3%)]	Loss: 0.042542
Train Epoch: 25 [4000/60000 (7%)]	Loss: 0.089293
Train Epoch: 25 [6000/60000 (10%)]	Loss: 0.016916
Train Epoch: 25 [8000/60000 (13%)]	Loss: 0.062711
Train Epoch: 25 [10000/60000 (17%)]	Loss: 0.030652
Train Epoch: 25 [12000/60000 (20%)]	Loss: 0.039974
Train Epoch: 25 [14000/60000 (23%)]	Loss: 0.075007
Train Epoch: 25 [16000/60000 (27%)]	Loss: 0.103412
Train Epoch: 25 [18000/60000 (30%)]	Loss: 0.147918
Train Epoch: 25 [20000/60000 (33%)]	Loss: 0.041818
Train Epoch: 25 [22000/60000 (37%)]	Loss: 0.078380
Train Epoch: 25 [24000/60000 (40%)]	Loss: 0.025994
Train Epoch: 25 [26000/60000 (43%)]	Loss: 0.019031
Train Epoch: 25 [28000/60000 (47%)]	Loss: 0.070551
Train Epoch: 25 [30000/60000 (50%)]	Loss: 0.044655
Train Epoch: 25 [32000/60000 (53%)]	Loss: 0.054118
Train Epoch: 25 [34000/60000 (57%)]	Loss: 0.032263
Train Epoch: 25 [36000/60000 (60%)]	Loss: 0.083271
Train Epoch: 25 [38000/60000 (63%)]	Loss: 0.092992
Train Epoch: 25 [40000/60000 (67%)]	Loss: 0.126449
Train Epoch: 25 [42000/60000 (70%)]	Loss: 0.075173
Train Epoch: 25 [44000/60000 (73%)]	Loss: 0.081366
Train Epoch: 25 [46000/60000 (77%)]	Loss: 0.060833
Train Epoch: 25 [48000/60000 (80%)]	Loss: 0.170407
Train Epoch: 25 [50000/60000 (83%)]	Loss: 0.003793
Train Epoch: 25 [52000/60000 (87%)]	Loss: 0.008488
Train Epoch: 25 [54000/60000 (90%)]	Loss: 0.044380
Train Epoch: 25 [56000/60000 (93%)]	Loss: 0.121566
Train Epoch: 25 [58000/60000 (97%)]	Loss: 0.027701
Train Epoch: 25 [60000/60000 (100%)]	Loss: 0.110122

Average Training loss: 0.0029, Training Error Rate: 6.62% (3969/60000)


Average Test loss: 0.0567, Test Error Rate: 6.36% (636/10000)

Train Epoch: 26 [2000/60000 (3%)]	Loss: 0.072940
Train Epoch: 26 [4000/60000 (7%)]	Loss: 0.058519
Train Epoch: 26 [6000/60000 (10%)]	Loss: 0.052076
Train Epoch: 26 [8000/60000 (13%)]	Loss: 0.029841
Train Epoch: 26 [10000/60000 (17%)]	Loss: 0.089628
Train Epoch: 26 [12000/60000 (20%)]	Loss: 0.111617
Train Epoch: 26 [14000/60000 (23%)]	Loss: 0.028280
Train Epoch: 26 [16000/60000 (27%)]	Loss: 0.035354
Train Epoch: 26 [18000/60000 (30%)]	Loss: 0.044546
Train Epoch: 26 [20000/60000 (33%)]	Loss: 0.019371
Train Epoch: 26 [22000/60000 (37%)]	Loss: 0.053219
Train Epoch: 26 [24000/60000 (40%)]	Loss: 0.110059
Train Epoch: 26 [26000/60000 (43%)]	Loss: 0.025004
Train Epoch: 26 [28000/60000 (47%)]	Loss: 0.050005
Train Epoch: 26 [30000/60000 (50%)]	Loss: 0.042007
Train Epoch: 26 [32000/60000 (53%)]	Loss: 0.092089
Train Epoch: 26 [34000/60000 (57%)]	Loss: 0.044159
Train Epoch: 26 [36000/60000 (60%)]	Loss: 0.070433
Train Epoch: 26 [38000/60000 (63%)]	Loss: 0.058101
Train Epoch: 26 [40000/60000 (67%)]	Loss: 0.060581
Train Epoch: 26 [42000/60000 (70%)]	Loss: 0.123377
Train Epoch: 26 [44000/60000 (73%)]	Loss: 0.075847
Train Epoch: 26 [46000/60000 (77%)]	Loss: 0.007448
Train Epoch: 26 [48000/60000 (80%)]	Loss: 0.040903
Train Epoch: 26 [50000/60000 (83%)]	Loss: 0.097116
Train Epoch: 26 [52000/60000 (87%)]	Loss: 0.067788
Train Epoch: 26 [54000/60000 (90%)]	Loss: 0.030660
Train Epoch: 26 [56000/60000 (93%)]	Loss: 0.031815
Train Epoch: 26 [58000/60000 (97%)]	Loss: 0.024219
Train Epoch: 26 [60000/60000 (100%)]	Loss: 0.052076

Average Training loss: 0.0029, Training Error Rate: 6.47% (3884/60000)


Average Test loss: 0.0575, Test Error Rate: 6.58% (658/10000)

Train Epoch: 27 [2000/60000 (3%)]	Loss: 0.015734
Train Epoch: 27 [4000/60000 (7%)]	Loss: 0.086696
Train Epoch: 27 [6000/60000 (10%)]	Loss: 0.059770
Train Epoch: 27 [8000/60000 (13%)]	Loss: 0.066065
Train Epoch: 27 [10000/60000 (17%)]	Loss: 0.086842
Train Epoch: 27 [12000/60000 (20%)]	Loss: 0.140943
Train Epoch: 27 [14000/60000 (23%)]	Loss: 0.118895
Train Epoch: 27 [16000/60000 (27%)]	Loss: 0.042665
Train Epoch: 27 [18000/60000 (30%)]	Loss: 0.012896
Train Epoch: 27 [20000/60000 (33%)]	Loss: 0.049659
Train Epoch: 27 [22000/60000 (37%)]	Loss: 0.021116
Train Epoch: 27 [24000/60000 (40%)]	Loss: 0.019616
Train Epoch: 27 [26000/60000 (43%)]	Loss: 0.064163
Train Epoch: 27 [28000/60000 (47%)]	Loss: 0.035494
Train Epoch: 27 [30000/60000 (50%)]	Loss: 0.083577
Train Epoch: 27 [32000/60000 (53%)]	Loss: 0.066254
Train Epoch: 27 [34000/60000 (57%)]	Loss: 0.013336
Train Epoch: 27 [36000/60000 (60%)]	Loss: 0.054835
Train Epoch: 27 [38000/60000 (63%)]	Loss: 0.044813
Train Epoch: 27 [40000/60000 (67%)]	Loss: 0.024058
Train Epoch: 27 [42000/60000 (70%)]	Loss: 0.111108
Train Epoch: 27 [44000/60000 (73%)]	Loss: 0.060820
Train Epoch: 27 [46000/60000 (77%)]	Loss: 0.047780
Train Epoch: 27 [48000/60000 (80%)]	Loss: 0.060601
Train Epoch: 27 [50000/60000 (83%)]	Loss: 0.037845
Train Epoch: 27 [52000/60000 (87%)]	Loss: 0.047568
Train Epoch: 27 [54000/60000 (90%)]	Loss: 0.028819
Train Epoch: 27 [56000/60000 (93%)]	Loss: 0.037414
Train Epoch: 27 [58000/60000 (97%)]	Loss: 0.023228
Train Epoch: 27 [60000/60000 (100%)]	Loss: 0.040033

Average Training loss: 0.0029, Training Error Rate: 6.41% (3846/60000)


Average Test loss: 0.0555, Test Error Rate: 6.27% (627/10000)

Train Epoch: 28 [2000/60000 (3%)]	Loss: 0.082605
Train Epoch: 28 [4000/60000 (7%)]	Loss: 0.021310
Train Epoch: 28 [6000/60000 (10%)]	Loss: 0.100019
Train Epoch: 28 [8000/60000 (13%)]	Loss: 0.028952
Train Epoch: 28 [10000/60000 (17%)]	Loss: 0.004601
Train Epoch: 28 [12000/60000 (20%)]	Loss: 0.041629
Train Epoch: 28 [14000/60000 (23%)]	Loss: 0.016165
Train Epoch: 28 [16000/60000 (27%)]	Loss: 0.033858
Train Epoch: 28 [18000/60000 (30%)]	Loss: 0.123005
Train Epoch: 28 [20000/60000 (33%)]	Loss: 0.045111
Train Epoch: 28 [22000/60000 (37%)]	Loss: 0.052933
Train Epoch: 28 [24000/60000 (40%)]	Loss: 0.136489
Train Epoch: 28 [26000/60000 (43%)]	Loss: 0.104675
Train Epoch: 28 [28000/60000 (47%)]	Loss: 0.073512
Train Epoch: 28 [30000/60000 (50%)]	Loss: 0.061762
Train Epoch: 28 [32000/60000 (53%)]	Loss: 0.040100
Train Epoch: 28 [34000/60000 (57%)]	Loss: 0.035645
Train Epoch: 28 [36000/60000 (60%)]	Loss: 0.043747
Train Epoch: 28 [38000/60000 (63%)]	Loss: 0.044182
Train Epoch: 28 [40000/60000 (67%)]	Loss: 0.008780
Train Epoch: 28 [42000/60000 (70%)]	Loss: 0.109760
Train Epoch: 28 [44000/60000 (73%)]	Loss: 0.030133
Train Epoch: 28 [46000/60000 (77%)]	Loss: 0.037203
Train Epoch: 28 [48000/60000 (80%)]	Loss: 0.139949
Train Epoch: 28 [50000/60000 (83%)]	Loss: 0.102394
Train Epoch: 28 [52000/60000 (87%)]	Loss: 0.056294
Train Epoch: 28 [54000/60000 (90%)]	Loss: 0.045452
Train Epoch: 28 [56000/60000 (93%)]	Loss: 0.074013
Train Epoch: 28 [58000/60000 (97%)]	Loss: 0.073827
Train Epoch: 28 [60000/60000 (100%)]	Loss: 0.158133

Average Training loss: 0.0028, Training Error Rate: 6.36% (3818/60000)


Average Test loss: 0.0545, Test Error Rate: 6.22% (622/10000)

Train Epoch: 29 [2000/60000 (3%)]	Loss: 0.079060
Train Epoch: 29 [4000/60000 (7%)]	Loss: 0.092916
Train Epoch: 29 [6000/60000 (10%)]	Loss: 0.016345
Train Epoch: 29 [8000/60000 (13%)]	Loss: 0.060722
Train Epoch: 29 [10000/60000 (17%)]	Loss: 0.061571
Train Epoch: 29 [12000/60000 (20%)]	Loss: 0.016903
Train Epoch: 29 [14000/60000 (23%)]	Loss: 0.037844
Train Epoch: 29 [16000/60000 (27%)]	Loss: 0.031294
Train Epoch: 29 [18000/60000 (30%)]	Loss: 0.015776
Train Epoch: 29 [20000/60000 (33%)]	Loss: 0.025080
Train Epoch: 29 [22000/60000 (37%)]	Loss: 0.042889
Train Epoch: 29 [24000/60000 (40%)]	Loss: 0.032784
Train Epoch: 29 [26000/60000 (43%)]	Loss: 0.105854
Train Epoch: 29 [28000/60000 (47%)]	Loss: 0.096594
Train Epoch: 29 [30000/60000 (50%)]	Loss: 0.086352
Train Epoch: 29 [32000/60000 (53%)]	Loss: 0.031425
Train Epoch: 29 [34000/60000 (57%)]	Loss: 0.079366
Train Epoch: 29 [36000/60000 (60%)]	Loss: 0.110780
Train Epoch: 29 [38000/60000 (63%)]	Loss: 0.016542
Train Epoch: 29 [40000/60000 (67%)]	Loss: 0.048964
Train Epoch: 29 [42000/60000 (70%)]	Loss: 0.037621
Train Epoch: 29 [44000/60000 (73%)]	Loss: 0.028741
Train Epoch: 29 [46000/60000 (77%)]	Loss: 0.078773
Train Epoch: 29 [48000/60000 (80%)]	Loss: 0.040016
Train Epoch: 29 [50000/60000 (83%)]	Loss: 0.101422
Train Epoch: 29 [52000/60000 (87%)]	Loss: 0.073921
Train Epoch: 29 [54000/60000 (90%)]	Loss: 0.012482
Train Epoch: 29 [56000/60000 (93%)]	Loss: 0.031841
Train Epoch: 29 [58000/60000 (97%)]	Loss: 0.008595
Train Epoch: 29 [60000/60000 (100%)]	Loss: 0.080753

Average Training loss: 0.0028, Training Error Rate: 6.24% (3743/60000)


Average Test loss: 0.0545, Test Error Rate: 6.27% (627/10000)

Train Epoch: 30 [2000/60000 (3%)]	Loss: 0.077638
Train Epoch: 30 [4000/60000 (7%)]	Loss: 0.073042
Train Epoch: 30 [6000/60000 (10%)]	Loss: 0.057568
Train Epoch: 30 [8000/60000 (13%)]	Loss: 0.127080
Train Epoch: 30 [10000/60000 (17%)]	Loss: 0.011898
Train Epoch: 30 [12000/60000 (20%)]	Loss: 0.034734
Train Epoch: 30 [14000/60000 (23%)]	Loss: 0.015021
Train Epoch: 30 [16000/60000 (27%)]	Loss: 0.064243
Train Epoch: 30 [18000/60000 (30%)]	Loss: 0.093001
Train Epoch: 30 [20000/60000 (33%)]	Loss: 0.083815
