/vast/home/ajherman/miniconda3/envs/pytorch/lib/python3.11/site-packages/torchvision/io/image.py:13: UserWarning: Failed to load image Python extension: '/vast/home/ajherman/miniconda3/envs/pytorch/lib/python3.11/site-packages/torchvision/image.so: undefined symbol: _ZN5torch3jit17parseSchemaOrNameERKNSt7__cxx1112basic_stringIcSt11char_traitsIcESaIcEEE'If you don't plan on using image functionality from `torchvision.io`, you can ignore this warning. Otherwise, there might be something wrong with your environment. Did you have `libjpeg` or `libpng` installed before building `torchvision` from source?
  warn(
Train Epoch: 1 [2000/60000 (3%)]	Loss: 0.437818
Train Epoch: 1 [4000/60000 (7%)]	Loss: 0.434367
Train Epoch: 1 [6000/60000 (10%)]	Loss: 0.367959
Train Epoch: 1 [8000/60000 (13%)]	Loss: 0.364675
Train Epoch: 1 [10000/60000 (17%)]	Loss: 0.312302
Train Epoch: 1 [12000/60000 (20%)]	Loss: 0.286189
Train Epoch: 1 [14000/60000 (23%)]	Loss: 0.266459
Train Epoch: 1 [16000/60000 (27%)]	Loss: 0.271269
Train Epoch: 1 [18000/60000 (30%)]	Loss: 0.268861
Train Epoch: 1 [20000/60000 (33%)]	Loss: 0.234724
Train Epoch: 1 [22000/60000 (37%)]	Loss: 0.268843
Train Epoch: 1 [24000/60000 (40%)]	Loss: 0.212464
Train Epoch: 1 [26000/60000 (43%)]	Loss: 0.259409
Train Epoch: 1 [28000/60000 (47%)]	Loss: 0.213246
Train Epoch: 1 [30000/60000 (50%)]	Loss: 0.222482
Train Epoch: 1 [32000/60000 (53%)]	Loss: 0.233076
Train Epoch: 1 [34000/60000 (57%)]	Loss: 0.248487
Train Epoch: 1 [36000/60000 (60%)]	Loss: 0.229714
Train Epoch: 1 [38000/60000 (63%)]	Loss: 0.221925
Train Epoch: 1 [40000/60000 (67%)]	Loss: 0.245637
Train Epoch: 1 [42000/60000 (70%)]	Loss: 0.221318
Train Epoch: 1 [44000/60000 (73%)]	Loss: 0.224893
Train Epoch: 1 [46000/60000 (77%)]	Loss: 0.245756
Train Epoch: 1 [48000/60000 (80%)]	Loss: 0.241873
Train Epoch: 1 [50000/60000 (83%)]	Loss: 0.209932
Train Epoch: 1 [52000/60000 (87%)]	Loss: 0.331602
Train Epoch: 1 [54000/60000 (90%)]	Loss: 0.302686
Train Epoch: 1 [56000/60000 (93%)]	Loss: 0.304761
Train Epoch: 1 [58000/60000 (97%)]	Loss: 0.343807
Train Epoch: 1 [60000/60000 (100%)]	Loss: 0.340193

Average Training loss: 0.0143, Training Error Rate: 30.78% (18468/60000)


Average Test loss: 0.2969, Test Error Rate: 30.76% (3076/10000)

Train Epoch: 2 [2000/60000 (3%)]	Loss: 0.351437
Train Epoch: 2 [4000/60000 (7%)]	Loss: 0.299569
Train Epoch: 2 [6000/60000 (10%)]	Loss: 0.299757
Train Epoch: 2 [8000/60000 (13%)]	Loss: 0.330929
Train Epoch: 2 [10000/60000 (17%)]	Loss: 0.313629
Train Epoch: 2 [12000/60000 (20%)]	Loss: 0.266734
Train Epoch: 2 [14000/60000 (23%)]	Loss: 0.281052
Train Epoch: 2 [16000/60000 (27%)]	Loss: 0.343306
Train Epoch: 2 [18000/60000 (30%)]	Loss: 0.279671
Train Epoch: 2 [20000/60000 (33%)]	Loss: 0.364400
Train Epoch: 2 [22000/60000 (37%)]	Loss: 0.301363
Train Epoch: 2 [24000/60000 (40%)]	Loss: 0.288207
Train Epoch: 2 [26000/60000 (43%)]	Loss: 0.354082
Train Epoch: 2 [28000/60000 (47%)]	Loss: 0.353616
Train Epoch: 2 [30000/60000 (50%)]	Loss: 0.292132
Train Epoch: 2 [32000/60000 (53%)]	Loss: 0.332333
Train Epoch: 2 [34000/60000 (57%)]	Loss: 0.346770
Train Epoch: 2 [36000/60000 (60%)]	Loss: 0.328500
Train Epoch: 2 [38000/60000 (63%)]	Loss: 0.339045
Train Epoch: 2 [40000/60000 (67%)]	Loss: 0.307370
Train Epoch: 2 [42000/60000 (70%)]	Loss: 0.289285
Train Epoch: 2 [44000/60000 (73%)]	Loss: 0.367736
Train Epoch: 2 [46000/60000 (77%)]	Loss: 0.307793
Train Epoch: 2 [48000/60000 (80%)]	Loss: 0.361300
Train Epoch: 2 [50000/60000 (83%)]	Loss: 0.291544
Train Epoch: 2 [52000/60000 (87%)]	Loss: 0.304203
Train Epoch: 2 [54000/60000 (90%)]	Loss: 0.336467
Train Epoch: 2 [56000/60000 (93%)]	Loss: 0.263977
Train Epoch: 2 [58000/60000 (97%)]	Loss: 0.349584
Train Epoch: 2 [60000/60000 (100%)]	Loss: 0.374252

Average Training loss: 0.0160, Training Error Rate: 38.10% (22863/60000)


Average Test loss: 0.3268, Test Error Rate: 36.49% (3649/10000)

Train Epoch: 3 [2000/60000 (3%)]	Loss: 0.263527
Train Epoch: 3 [4000/60000 (7%)]	Loss: 0.309120
Train Epoch: 3 [6000/60000 (10%)]	Loss: 0.295970
Train Epoch: 3 [8000/60000 (13%)]	Loss: 0.349791
Train Epoch: 3 [10000/60000 (17%)]	Loss: 0.314902
Train Epoch: 3 [12000/60000 (20%)]	Loss: 0.336984
Train Epoch: 3 [14000/60000 (23%)]	Loss: 0.325638
Train Epoch: 3 [16000/60000 (27%)]	Loss: 0.318477
Train Epoch: 3 [18000/60000 (30%)]	Loss: 0.348099
Train Epoch: 3 [20000/60000 (33%)]	Loss: 0.296946
Train Epoch: 3 [22000/60000 (37%)]	Loss: 0.308544
Train Epoch: 3 [24000/60000 (40%)]	Loss: 0.292934
Train Epoch: 3 [26000/60000 (43%)]	Loss: 0.293735
Train Epoch: 3 [28000/60000 (47%)]	Loss: 0.305682
Train Epoch: 3 [30000/60000 (50%)]	Loss: 0.325303
Train Epoch: 3 [32000/60000 (53%)]	Loss: 0.272354
Train Epoch: 3 [34000/60000 (57%)]	Loss: 0.308410
Train Epoch: 3 [36000/60000 (60%)]	Loss: 0.288928
Train Epoch: 3 [38000/60000 (63%)]	Loss: 0.265726
Train Epoch: 3 [40000/60000 (67%)]	Loss: 0.292370
Train Epoch: 3 [42000/60000 (70%)]	Loss: 0.324640
Train Epoch: 3 [44000/60000 (73%)]	Loss: 0.288009
Train Epoch: 3 [46000/60000 (77%)]	Loss: 0.293475
Train Epoch: 3 [48000/60000 (80%)]	Loss: 0.256937
Train Epoch: 3 [50000/60000 (83%)]	Loss: 0.408001
Train Epoch: 3 [52000/60000 (87%)]	Loss: 0.308328
Train Epoch: 3 [54000/60000 (90%)]	Loss: 0.293815
Train Epoch: 3 [56000/60000 (93%)]	Loss: 0.326347
Train Epoch: 3 [58000/60000 (97%)]	Loss: 0.241358
Train Epoch: 3 [60000/60000 (100%)]	Loss: 0.353584

Average Training loss: 0.0156, Training Error Rate: 38.66% (23196/60000)


Average Test loss: 0.3046, Test Error Rate: 38.07% (3807/10000)

Train Epoch: 4 [2000/60000 (3%)]	Loss: 0.274038
Train Epoch: 4 [4000/60000 (7%)]	Loss: 0.317833
Train Epoch: 4 [6000/60000 (10%)]	Loss: 0.343965
Train Epoch: 4 [8000/60000 (13%)]	Loss: 0.307156
Train Epoch: 4 [10000/60000 (17%)]	Loss: 0.376356
Train Epoch: 4 [12000/60000 (20%)]	Loss: 0.331410
Train Epoch: 4 [14000/60000 (23%)]	Loss: 0.290421
Train Epoch: 4 [16000/60000 (27%)]	Loss: 0.268815
Train Epoch: 4 [18000/60000 (30%)]	Loss: 0.292976
Train Epoch: 4 [20000/60000 (33%)]	Loss: 0.249052
Train Epoch: 4 [22000/60000 (37%)]	Loss: 0.319060
Train Epoch: 4 [24000/60000 (40%)]	Loss: 0.285916
Train Epoch: 4 [26000/60000 (43%)]	Loss: 0.286519
Train Epoch: 4 [28000/60000 (47%)]	Loss: 0.253436
Train Epoch: 4 [30000/60000 (50%)]	Loss: 0.276697
Train Epoch: 4 [32000/60000 (53%)]	Loss: 0.246939
Train Epoch: 4 [34000/60000 (57%)]	Loss: 0.289481
Train Epoch: 4 [36000/60000 (60%)]	Loss: 0.363131
Train Epoch: 4 [38000/60000 (63%)]	Loss: 0.267354
Train Epoch: 4 [40000/60000 (67%)]	Loss: 0.293949
Train Epoch: 4 [42000/60000 (70%)]	Loss: 0.274674
Train Epoch: 4 [44000/60000 (73%)]	Loss: 0.225141
Train Epoch: 4 [46000/60000 (77%)]	Loss: 0.334085
Train Epoch: 4 [48000/60000 (80%)]	Loss: 0.324023
Train Epoch: 4 [50000/60000 (83%)]	Loss: 0.232189
Train Epoch: 4 [52000/60000 (87%)]	Loss: 0.251464
Train Epoch: 4 [54000/60000 (90%)]	Loss: 0.274708
Train Epoch: 4 [56000/60000 (93%)]	Loss: 0.340407
Train Epoch: 4 [58000/60000 (97%)]	Loss: 0.233790
Train Epoch: 4 [60000/60000 (100%)]	Loss: 0.303138

Average Training loss: 0.0141, Training Error Rate: 33.65% (20192/60000)


Average Test loss: 0.2642, Test Error Rate: 27.18% (2718/10000)

Train Epoch: 5 [2000/60000 (3%)]	Loss: 0.213984
Train Epoch: 5 [4000/60000 (7%)]	Loss: 0.263954
Train Epoch: 5 [6000/60000 (10%)]	Loss: 0.267896
Train Epoch: 5 [8000/60000 (13%)]	Loss: 0.248004
Train Epoch: 5 [10000/60000 (17%)]	Loss: 0.306297
Train Epoch: 5 [12000/60000 (20%)]	Loss: 0.251941
Train Epoch: 5 [14000/60000 (23%)]	Loss: 0.204359
Train Epoch: 5 [16000/60000 (27%)]	Loss: 0.267429
Train Epoch: 5 [18000/60000 (30%)]	Loss: 0.255132
Train Epoch: 5 [20000/60000 (33%)]	Loss: 0.216291
Train Epoch: 5 [22000/60000 (37%)]	Loss: 0.284432
Train Epoch: 5 [24000/60000 (40%)]	Loss: 0.216535
Train Epoch: 5 [26000/60000 (43%)]	Loss: 0.263229
Train Epoch: 5 [28000/60000 (47%)]	Loss: 0.267496
Train Epoch: 5 [30000/60000 (50%)]	Loss: 0.255668
Train Epoch: 5 [32000/60000 (53%)]	Loss: 0.272449
Train Epoch: 5 [34000/60000 (57%)]	Loss: 0.256134
Train Epoch: 5 [36000/60000 (60%)]	Loss: 0.246086
Train Epoch: 5 [38000/60000 (63%)]	Loss: 0.245474
Train Epoch: 5 [40000/60000 (67%)]	Loss: 0.181877
Train Epoch: 5 [42000/60000 (70%)]	Loss: 0.304775
Train Epoch: 5 [44000/60000 (73%)]	Loss: 0.274211
Train Epoch: 5 [46000/60000 (77%)]	Loss: 0.215894
Train Epoch: 5 [48000/60000 (80%)]	Loss: 0.199415
Train Epoch: 5 [50000/60000 (83%)]	Loss: 0.230604
Train Epoch: 5 [52000/60000 (87%)]	Loss: 0.263981
Train Epoch: 5 [54000/60000 (90%)]	Loss: 0.167420
Train Epoch: 5 [56000/60000 (93%)]	Loss: 0.248941
Train Epoch: 5 [58000/60000 (97%)]	Loss: 0.205739
Train Epoch: 5 [60000/60000 (100%)]	Loss: 0.227288

Average Training loss: 0.0123, Training Error Rate: 26.14% (15681/60000)


Average Test loss: 0.2274, Test Error Rate: 23.56% (2356/10000)

Train Epoch: 6 [2000/60000 (3%)]	Loss: 0.250187
Train Epoch: 6 [4000/60000 (7%)]	Loss: 0.201505
Train Epoch: 6 [6000/60000 (10%)]	Loss: 0.209077
Train Epoch: 6 [8000/60000 (13%)]	Loss: 0.215434
Train Epoch: 6 [10000/60000 (17%)]	Loss: 0.225214
Train Epoch: 6 [12000/60000 (20%)]	Loss: 0.248510
Train Epoch: 6 [14000/60000 (23%)]	Loss: 0.223004
Train Epoch: 6 [16000/60000 (27%)]	Loss: 0.218247
Train Epoch: 6 [18000/60000 (30%)]	Loss: 0.262489
Train Epoch: 6 [20000/60000 (33%)]	Loss: 0.214315
Train Epoch: 6 [22000/60000 (37%)]	Loss: 0.225789
Train Epoch: 6 [24000/60000 (40%)]	Loss: 0.224196
Train Epoch: 6 [26000/60000 (43%)]	Loss: 0.220765
Train Epoch: 6 [28000/60000 (47%)]	Loss: 0.203726
Train Epoch: 6 [30000/60000 (50%)]	Loss: 0.228093
Train Epoch: 6 [32000/60000 (53%)]	Loss: 0.219301
Train Epoch: 6 [34000/60000 (57%)]	Loss: 0.168986
Train Epoch: 6 [36000/60000 (60%)]	Loss: 0.174543
Train Epoch: 6 [38000/60000 (63%)]	Loss: 0.251167
Train Epoch: 6 [40000/60000 (67%)]	Loss: 0.113033
Train Epoch: 6 [42000/60000 (70%)]	Loss: 0.232409
Train Epoch: 6 [44000/60000 (73%)]	Loss: 0.178734
Train Epoch: 6 [46000/60000 (77%)]	Loss: 0.317877
Train Epoch: 6 [48000/60000 (80%)]	Loss: 0.233668
Train Epoch: 6 [50000/60000 (83%)]	Loss: 0.200517
Train Epoch: 6 [52000/60000 (87%)]	Loss: 0.210674
Train Epoch: 6 [54000/60000 (90%)]	Loss: 0.193319
Train Epoch: 6 [56000/60000 (93%)]	Loss: 0.175357
Train Epoch: 6 [58000/60000 (97%)]	Loss: 0.177114
Train Epoch: 6 [60000/60000 (100%)]	Loss: 0.213309

Average Training loss: 0.0107, Training Error Rate: 21.88% (13130/60000)


Average Test loss: 0.1987, Test Error Rate: 18.78% (1878/10000)

Train Epoch: 7 [2000/60000 (3%)]	Loss: 0.142413
Train Epoch: 7 [4000/60000 (7%)]	Loss: 0.267925
Train Epoch: 7 [6000/60000 (10%)]	Loss: 0.215058
Train Epoch: 7 [8000/60000 (13%)]	Loss: 0.220807
Train Epoch: 7 [10000/60000 (17%)]	Loss: 0.263218
Train Epoch: 7 [12000/60000 (20%)]	Loss: 0.155109
Train Epoch: 7 [14000/60000 (23%)]	Loss: 0.143146
Train Epoch: 7 [16000/60000 (27%)]	Loss: 0.218565
Train Epoch: 7 [18000/60000 (30%)]	Loss: 0.165822
Train Epoch: 7 [20000/60000 (33%)]	Loss: 0.145749
Train Epoch: 7 [22000/60000 (37%)]	Loss: 0.256649
Train Epoch: 7 [24000/60000 (40%)]	Loss: 0.178542
Train Epoch: 7 [26000/60000 (43%)]	Loss: 0.225454
Train Epoch: 7 [28000/60000 (47%)]	Loss: 0.167625
Train Epoch: 7 [30000/60000 (50%)]	Loss: 0.177427
Train Epoch: 7 [32000/60000 (53%)]	Loss: 0.263152
Train Epoch: 7 [34000/60000 (57%)]	Loss: 0.195213
Train Epoch: 7 [36000/60000 (60%)]	Loss: 0.152452
Train Epoch: 7 [38000/60000 (63%)]	Loss: 0.191777
Train Epoch: 7 [40000/60000 (67%)]	Loss: 0.213666
Train Epoch: 7 [42000/60000 (70%)]	Loss: 0.208506
Train Epoch: 7 [44000/60000 (73%)]	Loss: 0.127811
Train Epoch: 7 [46000/60000 (77%)]	Loss: 0.160998
Train Epoch: 7 [48000/60000 (80%)]	Loss: 0.236011
Train Epoch: 7 [50000/60000 (83%)]	Loss: 0.200672
Train Epoch: 7 [52000/60000 (87%)]	Loss: 0.213945
Train Epoch: 7 [54000/60000 (90%)]	Loss: 0.197530
Train Epoch: 7 [56000/60000 (93%)]	Loss: 0.251132
Train Epoch: 7 [58000/60000 (97%)]	Loss: 0.266134
Train Epoch: 7 [60000/60000 (100%)]	Loss: 0.251833

Average Training loss: 0.0094, Training Error Rate: 18.32% (10995/60000)


Average Test loss: 0.1742, Test Error Rate: 16.33% (1633/10000)

Train Epoch: 8 [2000/60000 (3%)]	Loss: 0.209819
Train Epoch: 8 [4000/60000 (7%)]	Loss: 0.133384
Train Epoch: 8 [6000/60000 (10%)]	Loss: 0.157864
Train Epoch: 8 [8000/60000 (13%)]	Loss: 0.188653
Train Epoch: 8 [10000/60000 (17%)]	Loss: 0.202552
Train Epoch: 8 [12000/60000 (20%)]	Loss: 0.180025
Train Epoch: 8 [14000/60000 (23%)]	Loss: 0.214262
Train Epoch: 8 [16000/60000 (27%)]	Loss: 0.167176
Train Epoch: 8 [18000/60000 (30%)]	Loss: 0.101626
Train Epoch: 8 [20000/60000 (33%)]	Loss: 0.196594
Train Epoch: 8 [22000/60000 (37%)]	Loss: 0.200534
Train Epoch: 8 [24000/60000 (40%)]	Loss: 0.193392
Train Epoch: 8 [26000/60000 (43%)]	Loss: 0.266061
Train Epoch: 8 [28000/60000 (47%)]	Loss: 0.200222
Train Epoch: 8 [30000/60000 (50%)]	Loss: 0.232255
Train Epoch: 8 [32000/60000 (53%)]	Loss: 0.142877
Train Epoch: 8 [34000/60000 (57%)]	Loss: 0.204859
Train Epoch: 8 [36000/60000 (60%)]	Loss: 0.206010
Train Epoch: 8 [38000/60000 (63%)]	Loss: 0.116755
Train Epoch: 8 [40000/60000 (67%)]	Loss: 0.096693
Train Epoch: 8 [42000/60000 (70%)]	Loss: 0.154275
Train Epoch: 8 [44000/60000 (73%)]	Loss: 0.118123
Train Epoch: 8 [46000/60000 (77%)]	Loss: 0.164143
Train Epoch: 8 [48000/60000 (80%)]	Loss: 0.162058
Train Epoch: 8 [50000/60000 (83%)]	Loss: 0.094578
Train Epoch: 8 [52000/60000 (87%)]	Loss: 0.139243
Train Epoch: 8 [54000/60000 (90%)]	Loss: 0.183038
Train Epoch: 8 [56000/60000 (93%)]	Loss: 0.113266
Train Epoch: 8 [58000/60000 (97%)]	Loss: 0.116789
Train Epoch: 8 [60000/60000 (100%)]	Loss: 0.185851

Average Training loss: 0.0084, Training Error Rate: 15.92% (9553/60000)


Average Test loss: 0.1597, Test Error Rate: 15.62% (1562/10000)

Train Epoch: 9 [2000/60000 (3%)]	Loss: 0.177355
Train Epoch: 9 [4000/60000 (7%)]	Loss: 0.155123
Train Epoch: 9 [6000/60000 (10%)]	Loss: 0.166409
Train Epoch: 9 [8000/60000 (13%)]	Loss: 0.189268
Train Epoch: 9 [10000/60000 (17%)]	Loss: 0.163010
Train Epoch: 9 [12000/60000 (20%)]	Loss: 0.159928
Train Epoch: 9 [14000/60000 (23%)]	Loss: 0.102501
Train Epoch: 9 [16000/60000 (27%)]	Loss: 0.140766
Train Epoch: 9 [18000/60000 (30%)]	Loss: 0.160616
Train Epoch: 9 [20000/60000 (33%)]	Loss: 0.165517
Train Epoch: 9 [22000/60000 (37%)]	Loss: 0.199852
Train Epoch: 9 [24000/60000 (40%)]	Loss: 0.097279
Train Epoch: 9 [26000/60000 (43%)]	Loss: 0.160200
Train Epoch: 9 [28000/60000 (47%)]	Loss: 0.170224
Train Epoch: 9 [30000/60000 (50%)]	Loss: 0.143492
Train Epoch: 9 [32000/60000 (53%)]	Loss: 0.138948
Train Epoch: 9 [34000/60000 (57%)]	Loss: 0.121219
Train Epoch: 9 [36000/60000 (60%)]	Loss: 0.124011
Train Epoch: 9 [38000/60000 (63%)]	Loss: 0.146738
Train Epoch: 9 [40000/60000 (67%)]	Loss: 0.133623
Train Epoch: 9 [42000/60000 (70%)]	Loss: 0.191878
Train Epoch: 9 [44000/60000 (73%)]	Loss: 0.114866
Train Epoch: 9 [46000/60000 (77%)]	Loss: 0.175681
Train Epoch: 9 [48000/60000 (80%)]	Loss: 0.111485
Train Epoch: 9 [50000/60000 (83%)]	Loss: 0.123103
Train Epoch: 9 [52000/60000 (87%)]	Loss: 0.127502
Train Epoch: 9 [54000/60000 (90%)]	Loss: 0.123196
Train Epoch: 9 [56000/60000 (93%)]	Loss: 0.203777
Train Epoch: 9 [58000/60000 (97%)]	Loss: 0.144415
Train Epoch: 9 [60000/60000 (100%)]	Loss: 0.191728

Average Training loss: 0.0076, Training Error Rate: 14.64% (8786/60000)


Average Test loss: 0.1443, Test Error Rate: 13.35% (1335/10000)

Train Epoch: 10 [2000/60000 (3%)]	Loss: 0.160474
Train Epoch: 10 [4000/60000 (7%)]	Loss: 0.108743
Train Epoch: 10 [6000/60000 (10%)]	Loss: 0.144722
Train Epoch: 10 [8000/60000 (13%)]	Loss: 0.164693
Train Epoch: 10 [10000/60000 (17%)]	Loss: 0.130366
Train Epoch: 10 [12000/60000 (20%)]	Loss: 0.109870
Train Epoch: 10 [14000/60000 (23%)]	Loss: 0.116170
Train Epoch: 10 [16000/60000 (27%)]	Loss: 0.137043
Train Epoch: 10 [18000/60000 (30%)]	Loss: 0.150953
Train Epoch: 10 [20000/60000 (33%)]	Loss: 0.088716
Train Epoch: 10 [22000/60000 (37%)]	Loss: 0.109461
Train Epoch: 10 [24000/60000 (40%)]	Loss: 0.119949
Train Epoch: 10 [26000/60000 (43%)]	Loss: 0.122673
Train Epoch: 10 [28000/60000 (47%)]	Loss: 0.152186
Train Epoch: 10 [30000/60000 (50%)]	Loss: 0.108167
Train Epoch: 10 [32000/60000 (53%)]	Loss: 0.100768
Train Epoch: 10 [34000/60000 (57%)]	Loss: 0.136521
Train Epoch: 10 [36000/60000 (60%)]	Loss: 0.121709
Train Epoch: 10 [38000/60000 (63%)]	Loss: 0.139662
Train Epoch: 10 [40000/60000 (67%)]	Loss: 0.123495
Train Epoch: 10 [42000/60000 (70%)]	Loss: 0.139923
Train Epoch: 10 [44000/60000 (73%)]	Loss: 0.125877
Train Epoch: 10 [46000/60000 (77%)]	Loss: 0.191261
Train Epoch: 10 [48000/60000 (80%)]	Loss: 0.107744
Train Epoch: 10 [50000/60000 (83%)]	Loss: 0.160750
Train Epoch: 10 [52000/60000 (87%)]	Loss: 0.177178
Train Epoch: 10 [54000/60000 (90%)]	Loss: 0.160328
Train Epoch: 10 [56000/60000 (93%)]	Loss: 0.142245
Train Epoch: 10 [58000/60000 (97%)]	Loss: 0.140650
Train Epoch: 10 [60000/60000 (100%)]	Loss: 0.193544

Average Training loss: 0.0070, Training Error Rate: 13.58% (8146/60000)


Average Test loss: 0.1335, Test Error Rate: 12.85% (1285/10000)

Train Epoch: 11 [2000/60000 (3%)]	Loss: 0.123508
Train Epoch: 11 [4000/60000 (7%)]	Loss: 0.159368
Train Epoch: 11 [6000/60000 (10%)]	Loss: 0.157451
Train Epoch: 11 [8000/60000 (13%)]	Loss: 0.124395
Train Epoch: 11 [10000/60000 (17%)]	Loss: 0.148099
Train Epoch: 11 [12000/60000 (20%)]	Loss: 0.089858
Train Epoch: 11 [14000/60000 (23%)]	Loss: 0.105581
Train Epoch: 11 [16000/60000 (27%)]	Loss: 0.078374
Train Epoch: 11 [18000/60000 (30%)]	Loss: 0.158313
Train Epoch: 11 [20000/60000 (33%)]	Loss: 0.177590
Train Epoch: 11 [22000/60000 (37%)]	Loss: 0.180894
Train Epoch: 11 [24000/60000 (40%)]	Loss: 0.106712
Train Epoch: 11 [26000/60000 (43%)]	Loss: 0.156154
Train Epoch: 11 [28000/60000 (47%)]	Loss: 0.179880
Train Epoch: 11 [30000/60000 (50%)]	Loss: 0.063382
Train Epoch: 11 [32000/60000 (53%)]	Loss: 0.107935
Train Epoch: 11 [34000/60000 (57%)]	Loss: 0.112094
Train Epoch: 11 [36000/60000 (60%)]	Loss: 0.140632
Train Epoch: 11 [38000/60000 (63%)]	Loss: 0.059750
Train Epoch: 11 [40000/60000 (67%)]	Loss: 0.124386
Train Epoch: 11 [42000/60000 (70%)]	Loss: 0.149751
Train Epoch: 11 [44000/60000 (73%)]	Loss: 0.151980
Train Epoch: 11 [46000/60000 (77%)]	Loss: 0.148796
Train Epoch: 11 [48000/60000 (80%)]	Loss: 0.205488
Train Epoch: 11 [50000/60000 (83%)]	Loss: 0.218784
Train Epoch: 11 [52000/60000 (87%)]	Loss: 0.171724
Train Epoch: 11 [54000/60000 (90%)]	Loss: 0.102011
Train Epoch: 11 [56000/60000 (93%)]	Loss: 0.160347
Train Epoch: 11 [58000/60000 (97%)]	Loss: 0.098759
Train Epoch: 11 [60000/60000 (100%)]	Loss: 0.123313

Average Training loss: 0.0065, Training Error Rate: 13.09% (7853/60000)


Average Test loss: 0.1230, Test Error Rate: 12.14% (1214/10000)

Train Epoch: 12 [2000/60000 (3%)]	Loss: 0.126102
Train Epoch: 12 [4000/60000 (7%)]	Loss: 0.138697
Train Epoch: 12 [6000/60000 (10%)]	Loss: 0.108043
Train Epoch: 12 [8000/60000 (13%)]	Loss: 0.112029
Train Epoch: 12 [10000/60000 (17%)]	Loss: 0.133308
Train Epoch: 12 [12000/60000 (20%)]	Loss: 0.082936
Train Epoch: 12 [14000/60000 (23%)]	Loss: 0.064089
Train Epoch: 12 [16000/60000 (27%)]	Loss: 0.109510
Train Epoch: 12 [18000/60000 (30%)]	Loss: 0.121441
Train Epoch: 12 [20000/60000 (33%)]	Loss: 0.125274
Train Epoch: 12 [22000/60000 (37%)]	Loss: 0.126186
Train Epoch: 12 [24000/60000 (40%)]	Loss: 0.092098
Train Epoch: 12 [26000/60000 (43%)]	Loss: 0.088831
Train Epoch: 12 [28000/60000 (47%)]	Loss: 0.098468
Train Epoch: 12 [30000/60000 (50%)]	Loss: 0.049897
Train Epoch: 12 [32000/60000 (53%)]	Loss: 0.067483
Train Epoch: 12 [34000/60000 (57%)]	Loss: 0.140230
Train Epoch: 12 [36000/60000 (60%)]	Loss: 0.114706
Train Epoch: 12 [38000/60000 (63%)]	Loss: 0.111488
Train Epoch: 12 [40000/60000 (67%)]	Loss: 0.125805
Train Epoch: 12 [42000/60000 (70%)]	Loss: 0.112134
Train Epoch: 12 [44000/60000 (73%)]	Loss: 0.130670
Train Epoch: 12 [46000/60000 (77%)]	Loss: 0.115032
Train Epoch: 12 [48000/60000 (80%)]	Loss: 0.128281
Train Epoch: 12 [50000/60000 (83%)]	Loss: 0.130660
Train Epoch: 12 [52000/60000 (87%)]	Loss: 0.135655
Train Epoch: 12 [54000/60000 (90%)]	Loss: 0.061226
Train Epoch: 12 [56000/60000 (93%)]	Loss: 0.100848
Train Epoch: 12 [58000/60000 (97%)]	Loss: 0.096279
Train Epoch: 12 [60000/60000 (100%)]	Loss: 0.127344

Average Training loss: 0.0061, Training Error Rate: 12.66% (7595/60000)


Average Test loss: 0.1175, Test Error Rate: 11.76% (1176/10000)

Train Epoch: 13 [2000/60000 (3%)]	Loss: 0.079697
Train Epoch: 13 [4000/60000 (7%)]	Loss: 0.106904
Train Epoch: 13 [6000/60000 (10%)]	Loss: 0.105536
Train Epoch: 13 [8000/60000 (13%)]	Loss: 0.120113
Train Epoch: 13 [10000/60000 (17%)]	Loss: 0.069639
Train Epoch: 13 [12000/60000 (20%)]	Loss: 0.073623
Train Epoch: 13 [14000/60000 (23%)]	Loss: 0.086436
Train Epoch: 13 [16000/60000 (27%)]	Loss: 0.081105
Train Epoch: 13 [18000/60000 (30%)]	Loss: 0.126869
Train Epoch: 13 [20000/60000 (33%)]	Loss: 0.238993
Train Epoch: 13 [22000/60000 (37%)]	Loss: 0.199359
Train Epoch: 13 [24000/60000 (40%)]	Loss: 0.143234
Train Epoch: 13 [26000/60000 (43%)]	Loss: 0.043590
Train Epoch: 13 [28000/60000 (47%)]	Loss: 0.178205
Train Epoch: 13 [30000/60000 (50%)]	Loss: 0.099365
Train Epoch: 13 [32000/60000 (53%)]	Loss: 0.093294
Train Epoch: 13 [34000/60000 (57%)]	Loss: 0.095518
Train Epoch: 13 [36000/60000 (60%)]	Loss: 0.212025
Train Epoch: 13 [38000/60000 (63%)]	Loss: 0.064743
Train Epoch: 13 [40000/60000 (67%)]	Loss: 0.080059
Train Epoch: 13 [42000/60000 (70%)]	Loss: 0.103992
Train Epoch: 13 [44000/60000 (73%)]	Loss: 0.087326
Train Epoch: 13 [46000/60000 (77%)]	Loss: 0.140868
Train Epoch: 13 [48000/60000 (80%)]	Loss: 0.069168
Train Epoch: 13 [50000/60000 (83%)]	Loss: 0.098476
Train Epoch: 13 [52000/60000 (87%)]	Loss: 0.068901
Train Epoch: 13 [54000/60000 (90%)]	Loss: 0.073031
Train Epoch: 13 [56000/60000 (93%)]	Loss: 0.071245
Train Epoch: 13 [58000/60000 (97%)]	Loss: 0.097771
Train Epoch: 13 [60000/60000 (100%)]	Loss: 0.074019

Average Training loss: 0.0058, Training Error Rate: 12.16% (7297/60000)


Average Test loss: 0.1113, Test Error Rate: 11.59% (1159/10000)

Train Epoch: 14 [2000/60000 (3%)]	Loss: 0.125018
Train Epoch: 14 [4000/60000 (7%)]	Loss: 0.140265
Train Epoch: 14 [6000/60000 (10%)]	Loss: 0.152148
Train Epoch: 14 [8000/60000 (13%)]	Loss: 0.082670
Train Epoch: 14 [10000/60000 (17%)]	Loss: 0.179212
Train Epoch: 14 [12000/60000 (20%)]	Loss: 0.111840
Train Epoch: 14 [14000/60000 (23%)]	Loss: 0.085585
Train Epoch: 14 [16000/60000 (27%)]	Loss: 0.150803
Train Epoch: 14 [18000/60000 (30%)]	Loss: 0.209709
Train Epoch: 14 [20000/60000 (33%)]	Loss: 0.088863
Train Epoch: 14 [22000/60000 (37%)]	Loss: 0.075704
Train Epoch: 14 [24000/60000 (40%)]	Loss: 0.038006
Train Epoch: 14 [26000/60000 (43%)]	Loss: 0.112384
Train Epoch: 14 [28000/60000 (47%)]	Loss: 0.133125
Train Epoch: 14 [30000/60000 (50%)]	Loss: 0.108466
Train Epoch: 14 [32000/60000 (53%)]	Loss: 0.129237
Train Epoch: 14 [34000/60000 (57%)]	Loss: 0.086493
Train Epoch: 14 [36000/60000 (60%)]	Loss: 0.095141
Train Epoch: 14 [38000/60000 (63%)]	Loss: 0.069809
Train Epoch: 14 [40000/60000 (67%)]	Loss: 0.081863
Train Epoch: 14 [42000/60000 (70%)]	Loss: 0.069427
Train Epoch: 14 [44000/60000 (73%)]	Loss: 0.101258
Train Epoch: 14 [46000/60000 (77%)]	Loss: 0.076688
Train Epoch: 14 [48000/60000 (80%)]	Loss: 0.107329
Train Epoch: 14 [50000/60000 (83%)]	Loss: 0.108687
Train Epoch: 14 [52000/60000 (87%)]	Loss: 0.184416
Train Epoch: 14 [54000/60000 (90%)]	Loss: 0.100301
Train Epoch: 14 [56000/60000 (93%)]	Loss: 0.098661
Train Epoch: 14 [58000/60000 (97%)]	Loss: 0.097437
Train Epoch: 14 [60000/60000 (100%)]	Loss: 0.091400

Average Training loss: 0.0056, Training Error Rate: 11.87% (7123/60000)


Average Test loss: 0.1072, Test Error Rate: 11.60% (1160/10000)

Train Epoch: 15 [2000/60000 (3%)]	Loss: 0.083618
Train Epoch: 15 [4000/60000 (7%)]	Loss: 0.144381
Train Epoch: 15 [6000/60000 (10%)]	Loss: 0.112223
Train Epoch: 15 [8000/60000 (13%)]	Loss: 0.129971
Train Epoch: 15 [10000/60000 (17%)]	Loss: 0.063651
Train Epoch: 15 [12000/60000 (20%)]	Loss: 0.094629
Train Epoch: 15 [14000/60000 (23%)]	Loss: 0.064465
Train Epoch: 15 [16000/60000 (27%)]	Loss: 0.102905
Train Epoch: 15 [18000/60000 (30%)]	Loss: 0.096619
Train Epoch: 15 [20000/60000 (33%)]	Loss: 0.143862
Train Epoch: 15 [22000/60000 (37%)]	Loss: 0.115249
Train Epoch: 15 [24000/60000 (40%)]	Loss: 0.122951
Train Epoch: 15 [26000/60000 (43%)]	Loss: 0.153533
Train Epoch: 15 [28000/60000 (47%)]	Loss: 0.109830
Train Epoch: 15 [30000/60000 (50%)]	Loss: 0.111823
Train Epoch: 15 [32000/60000 (53%)]	Loss: 0.180548
Train Epoch: 15 [34000/60000 (57%)]	Loss: 0.069173
Train Epoch: 15 [36000/60000 (60%)]	Loss: 0.072009
Train Epoch: 15 [38000/60000 (63%)]	Loss: 0.124994
Train Epoch: 15 [40000/60000 (67%)]	Loss: 0.114041
Train Epoch: 15 [42000/60000 (70%)]	Loss: 0.107570
Train Epoch: 15 [44000/60000 (73%)]	Loss: 0.108236
Train Epoch: 15 [46000/60000 (77%)]	Loss: 0.134131
Train Epoch: 15 [48000/60000 (80%)]	Loss: 0.103553
Train Epoch: 15 [50000/60000 (83%)]	Loss: 0.068504
Train Epoch: 15 [52000/60000 (87%)]	Loss: 0.121419
Train Epoch: 15 [54000/60000 (90%)]	Loss: 0.081345
Train Epoch: 15 [56000/60000 (93%)]	Loss: 0.116739
Train Epoch: 15 [58000/60000 (97%)]	Loss: 0.101393
Train Epoch: 15 [60000/60000 (100%)]	Loss: 0.180051

Average Training loss: 0.0054, Training Error Rate: 11.72% (7035/60000)


Average Test loss: 0.1026, Test Error Rate: 11.12% (1112/10000)

Train Epoch: 16 [2000/60000 (3%)]	Loss: 0.089609
Train Epoch: 16 [4000/60000 (7%)]	Loss: 0.051421
Train Epoch: 16 [6000/60000 (10%)]	Loss: 0.074150
Train Epoch: 16 [8000/60000 (13%)]	Loss: 0.095383
Train Epoch: 16 [10000/60000 (17%)]	Loss: 0.147209
Train Epoch: 16 [12000/60000 (20%)]	Loss: 0.086195
Train Epoch: 16 [14000/60000 (23%)]	Loss: 0.129188
Train Epoch: 16 [16000/60000 (27%)]	Loss: 0.087967
Train Epoch: 16 [18000/60000 (30%)]	Loss: 0.094064
Train Epoch: 16 [20000/60000 (33%)]	Loss: 0.096967
Train Epoch: 16 [22000/60000 (37%)]	Loss: 0.102872
Train Epoch: 16 [24000/60000 (40%)]	Loss: 0.151601
Train Epoch: 16 [26000/60000 (43%)]	Loss: 0.143849
Train Epoch: 16 [28000/60000 (47%)]	Loss: 0.042052
Train Epoch: 16 [30000/60000 (50%)]	Loss: 0.144445
Train Epoch: 16 [32000/60000 (53%)]	Loss: 0.055726
Train Epoch: 16 [34000/60000 (57%)]	Loss: 0.115450
Train Epoch: 16 [36000/60000 (60%)]	Loss: 0.096324
Train Epoch: 16 [38000/60000 (63%)]	Loss: 0.096534
Train Epoch: 16 [40000/60000 (67%)]	Loss: 0.190798
Train Epoch: 16 [42000/60000 (70%)]	Loss: 0.042447
Train Epoch: 16 [44000/60000 (73%)]	Loss: 0.096053
Train Epoch: 16 [46000/60000 (77%)]	Loss: 0.118438
Train Epoch: 16 [48000/60000 (80%)]	Loss: 0.120334
Train Epoch: 16 [50000/60000 (83%)]	Loss: 0.078509
Train Epoch: 16 [52000/60000 (87%)]	Loss: 0.123156
Train Epoch: 16 [54000/60000 (90%)]	Loss: 0.072715
Train Epoch: 16 [56000/60000 (93%)]	Loss: 0.148910
Train Epoch: 16 [58000/60000 (97%)]	Loss: 0.048204
Train Epoch: 16 [60000/60000 (100%)]	Loss: 0.138417

Average Training loss: 0.0052, Training Error Rate: 11.48% (6887/60000)


Average Test loss: 0.0992, Test Error Rate: 10.81% (1081/10000)

Train Epoch: 17 [2000/60000 (3%)]	Loss: 0.085982
Train Epoch: 17 [4000/60000 (7%)]	Loss: 0.126101
Train Epoch: 17 [6000/60000 (10%)]	Loss: 0.179056
Train Epoch: 17 [8000/60000 (13%)]	Loss: 0.120611
Train Epoch: 17 [10000/60000 (17%)]	Loss: 0.107900
Train Epoch: 17 [12000/60000 (20%)]	Loss: 0.107892
Train Epoch: 17 [14000/60000 (23%)]	Loss: 0.075317
Train Epoch: 17 [16000/60000 (27%)]	Loss: 0.076946
Train Epoch: 17 [18000/60000 (30%)]	Loss: 0.101183
Train Epoch: 17 [20000/60000 (33%)]	Loss: 0.175460
Train Epoch: 17 [22000/60000 (37%)]	Loss: 0.064131
Train Epoch: 17 [24000/60000 (40%)]	Loss: 0.109780
Train Epoch: 17 [26000/60000 (43%)]	Loss: 0.064909
Train Epoch: 17 [28000/60000 (47%)]	Loss: 0.116818
Train Epoch: 17 [30000/60000 (50%)]	Loss: 0.193376
Train Epoch: 17 [32000/60000 (53%)]	Loss: 0.123671
Train Epoch: 17 [34000/60000 (57%)]	Loss: 0.084927
Train Epoch: 17 [36000/60000 (60%)]	Loss: 0.144118
Train Epoch: 17 [38000/60000 (63%)]	Loss: 0.116545
Train Epoch: 17 [40000/60000 (67%)]	Loss: 0.108535
Train Epoch: 17 [42000/60000 (70%)]	Loss: 0.165037
Train Epoch: 17 [44000/60000 (73%)]	Loss: 0.055531
Train Epoch: 17 [46000/60000 (77%)]	Loss: 0.104319
Train Epoch: 17 [48000/60000 (80%)]	Loss: 0.057258
Train Epoch: 17 [50000/60000 (83%)]	Loss: 0.105140
Train Epoch: 17 [52000/60000 (87%)]	Loss: 0.107729
Train Epoch: 17 [54000/60000 (90%)]	Loss: 0.116019
Train Epoch: 17 [56000/60000 (93%)]	Loss: 0.101849
Train Epoch: 17 [58000/60000 (97%)]	Loss: 0.085141
Train Epoch: 17 [60000/60000 (100%)]	Loss: 0.127529

Average Training loss: 0.0050, Training Error Rate: 11.24% (6745/60000)


Average Test loss: 0.0971, Test Error Rate: 10.92% (1092/10000)

Train Epoch: 18 [2000/60000 (3%)]	Loss: 0.079414
Train Epoch: 18 [4000/60000 (7%)]	Loss: 0.108411
Train Epoch: 18 [6000/60000 (10%)]	Loss: 0.086083
Train Epoch: 18 [8000/60000 (13%)]	Loss: 0.080237
Train Epoch: 18 [10000/60000 (17%)]	Loss: 0.127742
Train Epoch: 18 [12000/60000 (20%)]	Loss: 0.061085
Train Epoch: 18 [14000/60000 (23%)]	Loss: 0.099089
Train Epoch: 18 [16000/60000 (27%)]	Loss: 0.051146
Train Epoch: 18 [18000/60000 (30%)]	Loss: 0.105541
Train Epoch: 18 [20000/60000 (33%)]	Loss: 0.131855
Train Epoch: 18 [22000/60000 (37%)]	Loss: 0.068361
Train Epoch: 18 [24000/60000 (40%)]	Loss: 0.057119
Train Epoch: 18 [26000/60000 (43%)]	Loss: 0.104026
Train Epoch: 18 [28000/60000 (47%)]	Loss: 0.063097
Train Epoch: 18 [30000/60000 (50%)]	Loss: 0.053887
Train Epoch: 18 [32000/60000 (53%)]	Loss: 0.097216
Train Epoch: 18 [34000/60000 (57%)]	Loss: 0.115213
Train Epoch: 18 [36000/60000 (60%)]	Loss: 0.099995
Train Epoch: 18 [38000/60000 (63%)]	Loss: 0.092822
Train Epoch: 18 [40000/60000 (67%)]	Loss: 0.068166
Train Epoch: 18 [42000/60000 (70%)]	Loss: 0.109998
Train Epoch: 18 [44000/60000 (73%)]	Loss: 0.166096
Train Epoch: 18 [46000/60000 (77%)]	Loss: 0.143708
Train Epoch: 18 [48000/60000 (80%)]	Loss: 0.083053
Train Epoch: 18 [50000/60000 (83%)]	Loss: 0.055715
Train Epoch: 18 [52000/60000 (87%)]	Loss: 0.068265
Train Epoch: 18 [54000/60000 (90%)]	Loss: 0.150129
Train Epoch: 18 [56000/60000 (93%)]	Loss: 0.066022
Train Epoch: 18 [58000/60000 (97%)]	Loss: 0.072625
Train Epoch: 18 [60000/60000 (100%)]	Loss: 0.252562

Average Training loss: 0.0049, Training Error Rate: 11.22% (6731/60000)


Average Test loss: 0.0947, Test Error Rate: 10.89% (1089/10000)

Train Epoch: 19 [2000/60000 (3%)]	Loss: 0.082218
Train Epoch: 19 [4000/60000 (7%)]	Loss: 0.026496
Train Epoch: 19 [6000/60000 (10%)]	Loss: 0.095170
Train Epoch: 19 [8000/60000 (13%)]	Loss: 0.176276
Train Epoch: 19 [10000/60000 (17%)]	Loss: 0.147986
Train Epoch: 19 [12000/60000 (20%)]	Loss: 0.096967
Train Epoch: 19 [14000/60000 (23%)]	Loss: 0.107325
Train Epoch: 19 [16000/60000 (27%)]	Loss: 0.115898
Train Epoch: 19 [18000/60000 (30%)]	Loss: 0.128551
Train Epoch: 19 [20000/60000 (33%)]	Loss: 0.068580
Train Epoch: 19 [22000/60000 (37%)]	Loss: 0.148270
Train Epoch: 19 [24000/60000 (40%)]	Loss: 0.162030
Train Epoch: 19 [26000/60000 (43%)]	Loss: 0.054451
Train Epoch: 19 [28000/60000 (47%)]	Loss: 0.077363
Train Epoch: 19 [30000/60000 (50%)]	Loss: 0.119638
Train Epoch: 19 [32000/60000 (53%)]	Loss: 0.055669
Train Epoch: 19 [34000/60000 (57%)]	Loss: 0.084660
Train Epoch: 19 [36000/60000 (60%)]	Loss: 0.087011
Train Epoch: 19 [38000/60000 (63%)]	Loss: 0.072693
Train Epoch: 19 [40000/60000 (67%)]	Loss: 0.089146
Train Epoch: 19 [42000/60000 (70%)]	Loss: 0.070257
Train Epoch: 19 [44000/60000 (73%)]	Loss: 0.060234
Train Epoch: 19 [46000/60000 (77%)]	Loss: 0.098615
Train Epoch: 19 [48000/60000 (80%)]	Loss: 0.096563
Train Epoch: 19 [50000/60000 (83%)]	Loss: 0.073964
Train Epoch: 19 [52000/60000 (87%)]	Loss: 0.125470
Train Epoch: 19 [54000/60000 (90%)]	Loss: 0.121642
Train Epoch: 19 [56000/60000 (93%)]	Loss: 0.058214
Train Epoch: 19 [58000/60000 (97%)]	Loss: 0.084749
Train Epoch: 19 [60000/60000 (100%)]	Loss: 0.062592

Average Training loss: 0.0048, Training Error Rate: 11.11% (6663/60000)


Average Test loss: 0.0932, Test Error Rate: 10.65% (1065/10000)

Train Epoch: 20 [2000/60000 (3%)]	Loss: 0.031796
Train Epoch: 20 [4000/60000 (7%)]	Loss: 0.107665
Train Epoch: 20 [6000/60000 (10%)]	Loss: 0.167756
Train Epoch: 20 [8000/60000 (13%)]	Loss: 0.055215
Train Epoch: 20 [10000/60000 (17%)]	Loss: 0.041099
Train Epoch: 20 [12000/60000 (20%)]	Loss: 0.060944
Train Epoch: 20 [14000/60000 (23%)]	Loss: 0.148183
Train Epoch: 20 [16000/60000 (27%)]	Loss: 0.044163
Train Epoch: 20 [18000/60000 (30%)]	Loss: 0.092648
Train Epoch: 20 [20000/60000 (33%)]	Loss: 0.061177
Train Epoch: 20 [22000/60000 (37%)]	Loss: 0.063276
Train Epoch: 20 [24000/60000 (40%)]	Loss: 0.197954
Train Epoch: 20 [26000/60000 (43%)]	Loss: 0.137450
Train Epoch: 20 [28000/60000 (47%)]	Loss: 0.058812
Train Epoch: 20 [30000/60000 (50%)]	Loss: 0.072952
Train Epoch: 20 [32000/60000 (53%)]	Loss: 0.097749
Train Epoch: 20 [34000/60000 (57%)]	Loss: 0.051994
Train Epoch: 20 [36000/60000 (60%)]	Loss: 0.047762
Train Epoch: 20 [38000/60000 (63%)]	Loss: 0.058024
Train Epoch: 20 [40000/60000 (67%)]	Loss: 0.072847
Train Epoch: 20 [42000/60000 (70%)]	Loss: 0.193766
Train Epoch: 20 [44000/60000 (73%)]	Loss: 0.154651
Train Epoch: 20 [46000/60000 (77%)]	Loss: 0.099015
Train Epoch: 20 [48000/60000 (80%)]	Loss: 0.109852
Train Epoch: 20 [50000/60000 (83%)]	Loss: 0.072887
Train Epoch: 20 [52000/60000 (87%)]	Loss: 0.151935
Train Epoch: 20 [54000/60000 (90%)]	Loss: 0.052053
Train Epoch: 20 [56000/60000 (93%)]	Loss: 0.058228
Train Epoch: 20 [58000/60000 (97%)]	Loss: 0.056675
Train Epoch: 20 [60000/60000 (100%)]	Loss: 0.072814

Average Training loss: 0.0047, Training Error Rate: 10.88% (6526/60000)


Average Test loss: 0.0910, Test Error Rate: 10.69% (1069/10000)

Train Epoch: 21 [2000/60000 (3%)]	Loss: 0.078437
Train Epoch: 21 [4000/60000 (7%)]	Loss: 0.062712
Train Epoch: 21 [6000/60000 (10%)]	Loss: 0.078072
Train Epoch: 21 [8000/60000 (13%)]	Loss: 0.200090
Train Epoch: 21 [10000/60000 (17%)]	Loss: 0.112912
Train Epoch: 21 [12000/60000 (20%)]	Loss: 0.138366
Train Epoch: 21 [14000/60000 (23%)]	Loss: 0.132127
Train Epoch: 21 [16000/60000 (27%)]	Loss: 0.120981
Train Epoch: 21 [18000/60000 (30%)]	Loss: 0.152603
Train Epoch: 21 [20000/60000 (33%)]	Loss: 0.079781
Train Epoch: 21 [22000/60000 (37%)]	Loss: 0.076280
Train Epoch: 21 [24000/60000 (40%)]	Loss: 0.027230
Train Epoch: 21 [26000/60000 (43%)]	Loss: 0.130547
Train Epoch: 21 [28000/60000 (47%)]	Loss: 0.053001
Train Epoch: 21 [30000/60000 (50%)]	Loss: 0.147718
Train Epoch: 21 [32000/60000 (53%)]	Loss: 0.058545
Train Epoch: 21 [34000/60000 (57%)]	Loss: 0.078302
Train Epoch: 21 [36000/60000 (60%)]	Loss: 0.031970
Train Epoch: 21 [38000/60000 (63%)]	Loss: 0.092021
Train Epoch: 21 [40000/60000 (67%)]	Loss: 0.046688
Train Epoch: 21 [42000/60000 (70%)]	Loss: 0.081721
Train Epoch: 21 [44000/60000 (73%)]	Loss: 0.071521
Train Epoch: 21 [46000/60000 (77%)]	Loss: 0.125787
Train Epoch: 21 [48000/60000 (80%)]	Loss: 0.083637
Train Epoch: 21 [50000/60000 (83%)]	Loss: 0.117045
Train Epoch: 21 [52000/60000 (87%)]	Loss: 0.115996
Train Epoch: 21 [54000/60000 (90%)]	Loss: 0.076696
Train Epoch: 21 [56000/60000 (93%)]	Loss: 0.112365
Train Epoch: 21 [58000/60000 (97%)]	Loss: 0.046834
Train Epoch: 21 [60000/60000 (100%)]	Loss: 0.158393

Average Training loss: 0.0046, Training Error Rate: 10.79% (6472/60000)


Average Test loss: 0.0886, Test Error Rate: 10.41% (1041/10000)

Train Epoch: 22 [2000/60000 (3%)]	Loss: 0.162875
Train Epoch: 22 [4000/60000 (7%)]	Loss: 0.104636
Train Epoch: 22 [6000/60000 (10%)]	Loss: 0.117747
Train Epoch: 22 [8000/60000 (13%)]	Loss: 0.126311
Train Epoch: 22 [10000/60000 (17%)]	Loss: 0.109339
Train Epoch: 22 [12000/60000 (20%)]	Loss: 0.074557
Train Epoch: 22 [14000/60000 (23%)]	Loss: 0.116033
Train Epoch: 22 [16000/60000 (27%)]	Loss: 0.135347
Train Epoch: 22 [18000/60000 (30%)]	Loss: 0.165692
Train Epoch: 22 [20000/60000 (33%)]	Loss: 0.152565
Train Epoch: 22 [22000/60000 (37%)]	Loss: 0.069867
Train Epoch: 22 [24000/60000 (40%)]	Loss: 0.086747
Train Epoch: 22 [26000/60000 (43%)]	Loss: 0.018512
Train Epoch: 22 [28000/60000 (47%)]	Loss: 0.041428
Train Epoch: 22 [30000/60000 (50%)]	Loss: 0.077556
Train Epoch: 22 [32000/60000 (53%)]	Loss: 0.100137
Train Epoch: 22 [34000/60000 (57%)]	Loss: 0.063501
Train Epoch: 22 [36000/60000 (60%)]	Loss: 0.054116
Train Epoch: 22 [38000/60000 (63%)]	Loss: 0.058616
Train Epoch: 22 [40000/60000 (67%)]	Loss: 0.040255
Train Epoch: 22 [42000/60000 (70%)]	Loss: 0.174419
Train Epoch: 22 [44000/60000 (73%)]	Loss: 0.081917
Train Epoch: 22 [46000/60000 (77%)]	Loss: 0.210278
Train Epoch: 22 [48000/60000 (80%)]	Loss: 0.126849
Train Epoch: 22 [50000/60000 (83%)]	Loss: 0.066349
Train Epoch: 22 [52000/60000 (87%)]	Loss: 0.072948
Train Epoch: 22 [54000/60000 (90%)]	Loss: 0.053536
Train Epoch: 22 [56000/60000 (93%)]	Loss: 0.088822
Train Epoch: 22 [58000/60000 (97%)]	Loss: 0.039398
Train Epoch: 22 [60000/60000 (100%)]	Loss: 0.128117

Average Training loss: 0.0045, Training Error Rate: 10.72% (6433/60000)


Average Test loss: 0.0892, Test Error Rate: 10.18% (1018/10000)

Train Epoch: 23 [2000/60000 (3%)]	Loss: 0.118629
Train Epoch: 23 [4000/60000 (7%)]	Loss: 0.031808
Train Epoch: 23 [6000/60000 (10%)]	Loss: 0.063645
Train Epoch: 23 [8000/60000 (13%)]	Loss: 0.049489
Train Epoch: 23 [10000/60000 (17%)]	Loss: 0.056705
Train Epoch: 23 [12000/60000 (20%)]	Loss: 0.156649
Train Epoch: 23 [14000/60000 (23%)]	Loss: 0.076218
Train Epoch: 23 [16000/60000 (27%)]	Loss: 0.027634
Train Epoch: 23 [18000/60000 (30%)]	Loss: 0.068188
Train Epoch: 23 [20000/60000 (33%)]	Loss: 0.064560
Train Epoch: 23 [22000/60000 (37%)]	Loss: 0.057229
Train Epoch: 23 [24000/60000 (40%)]	Loss: 0.120882
Train Epoch: 23 [26000/60000 (43%)]	Loss: 0.061634
Train Epoch: 23 [28000/60000 (47%)]	Loss: 0.066361
Train Epoch: 23 [30000/60000 (50%)]	Loss: 0.088883
Train Epoch: 23 [32000/60000 (53%)]	Loss: 0.213686
Train Epoch: 23 [34000/60000 (57%)]	Loss: 0.068056
Train Epoch: 23 [36000/60000 (60%)]	Loss: 0.106848
Train Epoch: 23 [38000/60000 (63%)]	Loss: 0.050338
Train Epoch: 23 [40000/60000 (67%)]	Loss: 0.102446
Train Epoch: 23 [42000/60000 (70%)]	Loss: 0.136062
Train Epoch: 23 [44000/60000 (73%)]	Loss: 0.074322
Train Epoch: 23 [46000/60000 (77%)]	Loss: 0.106184
Train Epoch: 23 [48000/60000 (80%)]	Loss: 0.113970
Train Epoch: 23 [50000/60000 (83%)]	Loss: 0.068617
Train Epoch: 23 [52000/60000 (87%)]	Loss: 0.118145
Train Epoch: 23 [54000/60000 (90%)]	Loss: 0.050504
Train Epoch: 23 [56000/60000 (93%)]	Loss: 0.032629
Train Epoch: 23 [58000/60000 (97%)]	Loss: 0.026873
Train Epoch: 23 [60000/60000 (100%)]	Loss: 0.158159

Average Training loss: 0.0045, Training Error Rate: 10.66% (6399/60000)


Average Test loss: 0.0872, Test Error Rate: 10.39% (1039/10000)

Train Epoch: 24 [2000/60000 (3%)]	Loss: 0.017809
Train Epoch: 24 [4000/60000 (7%)]	Loss: 0.137194
Train Epoch: 24 [6000/60000 (10%)]	Loss: 0.081523
Train Epoch: 24 [8000/60000 (13%)]	Loss: 0.183073
Train Epoch: 24 [10000/60000 (17%)]	Loss: 0.078289
Train Epoch: 24 [12000/60000 (20%)]	Loss: 0.161974
Train Epoch: 24 [14000/60000 (23%)]	Loss: 0.112494
Train Epoch: 24 [16000/60000 (27%)]	Loss: 0.113900
Train Epoch: 24 [18000/60000 (30%)]	Loss: 0.096654
Train Epoch: 24 [20000/60000 (33%)]	Loss: 0.036818
Train Epoch: 24 [22000/60000 (37%)]	Loss: 0.016353
Train Epoch: 24 [24000/60000 (40%)]	Loss: 0.109512
Train Epoch: 24 [26000/60000 (43%)]	Loss: 0.125060
Train Epoch: 24 [28000/60000 (47%)]	Loss: 0.092986
Train Epoch: 24 [30000/60000 (50%)]	Loss: 0.034864
Train Epoch: 24 [32000/60000 (53%)]	Loss: 0.081099
Train Epoch: 24 [34000/60000 (57%)]	Loss: 0.053967
Train Epoch: 24 [36000/60000 (60%)]	Loss: 0.125762
Train Epoch: 24 [38000/60000 (63%)]	Loss: 0.143875
Train Epoch: 24 [40000/60000 (67%)]	Loss: 0.084117
Train Epoch: 24 [42000/60000 (70%)]	Loss: 0.070734
Train Epoch: 24 [44000/60000 (73%)]	Loss: 0.139289
Train Epoch: 24 [46000/60000 (77%)]	Loss: 0.190129
Train Epoch: 24 [48000/60000 (80%)]	Loss: 0.047547
Train Epoch: 24 [50000/60000 (83%)]	Loss: 0.023350
Train Epoch: 24 [52000/60000 (87%)]	Loss: 0.105343
Train Epoch: 24 [54000/60000 (90%)]	Loss: 0.129950
Train Epoch: 24 [56000/60000 (93%)]	Loss: 0.113839
Train Epoch: 24 [58000/60000 (97%)]	Loss: 0.050078
Train Epoch: 24 [60000/60000 (100%)]	Loss: 0.021062

Average Training loss: 0.0044, Training Error Rate: 10.67% (6403/60000)


Average Test loss: 0.0864, Test Error Rate: 10.41% (1041/10000)

Train Epoch: 25 [2000/60000 (3%)]	Loss: 0.055304
Train Epoch: 25 [4000/60000 (7%)]	Loss: 0.038239
Train Epoch: 25 [6000/60000 (10%)]	Loss: 0.133466
Train Epoch: 25 [8000/60000 (13%)]	Loss: 0.137847
Train Epoch: 25 [10000/60000 (17%)]	Loss: 0.063646
Train Epoch: 25 [12000/60000 (20%)]	Loss: 0.191726
Train Epoch: 25 [14000/60000 (23%)]	Loss: 0.105624
Train Epoch: 25 [16000/60000 (27%)]	Loss: 0.075747
Train Epoch: 25 [18000/60000 (30%)]	Loss: 0.055285
Train Epoch: 25 [20000/60000 (33%)]	Loss: 0.147127
Train Epoch: 25 [22000/60000 (37%)]	Loss: 0.064630
Train Epoch: 25 [24000/60000 (40%)]	Loss: 0.047956
Train Epoch: 25 [26000/60000 (43%)]	Loss: 0.094449
Train Epoch: 25 [28000/60000 (47%)]	Loss: 0.038566
Train Epoch: 25 [30000/60000 (50%)]	Loss: 0.082958
Train Epoch: 25 [32000/60000 (53%)]	Loss: 0.138903
Train Epoch: 25 [34000/60000 (57%)]	Loss: 0.104727
Train Epoch: 25 [36000/60000 (60%)]	Loss: 0.116637
Train Epoch: 25 [38000/60000 (63%)]	Loss: 0.096482
Train Epoch: 25 [40000/60000 (67%)]	Loss: 0.076014
Train Epoch: 25 [42000/60000 (70%)]	Loss: 0.059527
Train Epoch: 25 [44000/60000 (73%)]	Loss: 0.067956
Train Epoch: 25 [46000/60000 (77%)]	Loss: 0.032129
Train Epoch: 25 [48000/60000 (80%)]	Loss: 0.121173
Train Epoch: 25 [50000/60000 (83%)]	Loss: 0.056855
Train Epoch: 25 [52000/60000 (87%)]	Loss: 0.092697
Train Epoch: 25 [54000/60000 (90%)]	Loss: 0.073590
Train Epoch: 25 [56000/60000 (93%)]	Loss: 0.080557
Train Epoch: 25 [58000/60000 (97%)]	Loss: 0.057058
Train Epoch: 25 [60000/60000 (100%)]	Loss: 0.123289

Average Training loss: 0.0044, Training Error Rate: 10.62% (6369/60000)


Average Test loss: 0.0846, Test Error Rate: 10.12% (1012/10000)

Train Epoch: 26 [2000/60000 (3%)]	Loss: 0.107520
Train Epoch: 26 [4000/60000 (7%)]	Loss: 0.026573
Train Epoch: 26 [6000/60000 (10%)]	Loss: 0.063173
Train Epoch: 26 [8000/60000 (13%)]	Loss: 0.041888
Train Epoch: 26 [10000/60000 (17%)]	Loss: 0.116094
Train Epoch: 26 [12000/60000 (20%)]	Loss: 0.032899
Train Epoch: 26 [14000/60000 (23%)]	Loss: 0.126726
Train Epoch: 26 [16000/60000 (27%)]	Loss: 0.039515
Train Epoch: 26 [18000/60000 (30%)]	Loss: 0.045231
Train Epoch: 26 [20000/60000 (33%)]	Loss: 0.099754
Train Epoch: 26 [22000/60000 (37%)]	Loss: 0.082706
Train Epoch: 26 [24000/60000 (40%)]	Loss: 0.017526
Train Epoch: 26 [26000/60000 (43%)]	Loss: 0.101867
Train Epoch: 26 [28000/60000 (47%)]	Loss: 0.073951
Train Epoch: 26 [30000/60000 (50%)]	Loss: 0.035136
Train Epoch: 26 [32000/60000 (53%)]	Loss: 0.073150
Train Epoch: 26 [34000/60000 (57%)]	Loss: 0.077156
Train Epoch: 26 [36000/60000 (60%)]	Loss: 0.087296
Train Epoch: 26 [38000/60000 (63%)]	Loss: 0.104019
Train Epoch: 26 [40000/60000 (67%)]	Loss: 0.114853
Train Epoch: 26 [42000/60000 (70%)]	Loss: 0.132799
Train Epoch: 26 [44000/60000 (73%)]	Loss: 0.040478
Train Epoch: 26 [46000/60000 (77%)]	Loss: 0.048753
Train Epoch: 26 [48000/60000 (80%)]	Loss: 0.054679
Train Epoch: 26 [50000/60000 (83%)]	Loss: 0.085292
Train Epoch: 26 [52000/60000 (87%)]	Loss: 0.025435
Train Epoch: 26 [54000/60000 (90%)]	Loss: 0.137046
Train Epoch: 26 [56000/60000 (93%)]	Loss: 0.085523
Train Epoch: 26 [58000/60000 (97%)]	Loss: 0.055515
Train Epoch: 26 [60000/60000 (100%)]	Loss: 0.044210

Average Training loss: 0.0043, Training Error Rate: 10.56% (6338/60000)


Average Test loss: 0.0850, Test Error Rate: 10.25% (1025/10000)

Train Epoch: 27 [2000/60000 (3%)]	Loss: 0.083033
Train Epoch: 27 [4000/60000 (7%)]	Loss: 0.036434
Train Epoch: 27 [6000/60000 (10%)]	Loss: 0.068018
Train Epoch: 27 [8000/60000 (13%)]	Loss: 0.107187
Train Epoch: 27 [10000/60000 (17%)]	Loss: 0.017249
Train Epoch: 27 [12000/60000 (20%)]	Loss: 0.084064
Train Epoch: 27 [14000/60000 (23%)]	Loss: 0.112104
Train Epoch: 27 [16000/60000 (27%)]	Loss: 0.088149
Train Epoch: 27 [18000/60000 (30%)]	Loss: 0.020098
Train Epoch: 27 [20000/60000 (33%)]	Loss: 0.068312
Train Epoch: 27 [22000/60000 (37%)]	Loss: 0.014486
Train Epoch: 27 [24000/60000 (40%)]	Loss: 0.070641
Train Epoch: 27 [26000/60000 (43%)]	Loss: 0.132114
Train Epoch: 27 [28000/60000 (47%)]	Loss: 0.144874
Train Epoch: 27 [30000/60000 (50%)]	Loss: 0.093516
Train Epoch: 27 [32000/60000 (53%)]	Loss: 0.181031
Train Epoch: 27 [34000/60000 (57%)]	Loss: 0.081242
Train Epoch: 27 [36000/60000 (60%)]	Loss: 0.013891
Train Epoch: 27 [38000/60000 (63%)]	Loss: 0.089608
Train Epoch: 27 [40000/60000 (67%)]	Loss: 0.085236
Train Epoch: 27 [42000/60000 (70%)]	Loss: 0.055308
Train Epoch: 27 [44000/60000 (73%)]	Loss: 0.078176
Train Epoch: 27 [46000/60000 (77%)]	Loss: 0.035385
Train Epoch: 27 [48000/60000 (80%)]	Loss: 0.093233
Train Epoch: 27 [50000/60000 (83%)]	Loss: 0.064891
Train Epoch: 27 [52000/60000 (87%)]	Loss: 0.070101
Train Epoch: 27 [54000/60000 (90%)]	Loss: 0.073990
Train Epoch: 27 [56000/60000 (93%)]	Loss: 0.145611
Train Epoch: 27 [58000/60000 (97%)]	Loss: 0.114006
Train Epoch: 27 [60000/60000 (100%)]	Loss: 0.058060

Average Training loss: 0.0042, Training Error Rate: 10.44% (6263/60000)


Average Test loss: 0.0843, Test Error Rate: 10.23% (1023/10000)

Train Epoch: 28 [2000/60000 (3%)]	Loss: 0.142562
Train Epoch: 28 [4000/60000 (7%)]	Loss: 0.203678
Train Epoch: 28 [6000/60000 (10%)]	Loss: 0.105761
Train Epoch: 28 [8000/60000 (13%)]	Loss: 0.079643
Train Epoch: 28 [10000/60000 (17%)]	Loss: 0.071394
Train Epoch: 28 [12000/60000 (20%)]	Loss: 0.006689
Train Epoch: 28 [14000/60000 (23%)]	Loss: 0.121952
Train Epoch: 28 [16000/60000 (27%)]	Loss: 0.138680
Train Epoch: 28 [18000/60000 (30%)]	Loss: 0.148890
Train Epoch: 28 [20000/60000 (33%)]	Loss: 0.084086
Train Epoch: 28 [22000/60000 (37%)]	Loss: 0.061146
Train Epoch: 28 [24000/60000 (40%)]	Loss: 0.049987
Train Epoch: 28 [26000/60000 (43%)]	Loss: 0.038537
Train Epoch: 28 [28000/60000 (47%)]	Loss: 0.116506
Train Epoch: 28 [30000/60000 (50%)]	Loss: 0.094689
Train Epoch: 28 [32000/60000 (53%)]	Loss: 0.057412
Train Epoch: 28 [34000/60000 (57%)]	Loss: 0.051470
Train Epoch: 28 [36000/60000 (60%)]	Loss: 0.076199
Train Epoch: 28 [38000/60000 (63%)]	Loss: 0.060026
Train Epoch: 28 [40000/60000 (67%)]	Loss: 0.122759
Train Epoch: 28 [42000/60000 (70%)]	Loss: 0.072777
Train Epoch: 28 [44000/60000 (73%)]	Loss: 0.089793
Train Epoch: 28 [46000/60000 (77%)]	Loss: 0.092104
Train Epoch: 28 [48000/60000 (80%)]	Loss: 0.095553
Train Epoch: 28 [50000/60000 (83%)]	Loss: 0.095728
Train Epoch: 28 [52000/60000 (87%)]	Loss: 0.091168
Train Epoch: 28 [54000/60000 (90%)]	Loss: 0.119888
Train Epoch: 28 [56000/60000 (93%)]	Loss: 0.036168
Train Epoch: 28 [58000/60000 (97%)]	Loss: 0.140562
Train Epoch: 28 [60000/60000 (100%)]	Loss: 0.067919

Average Training loss: 0.0042, Training Error Rate: 10.42% (6254/60000)


Average Test loss: 0.0817, Test Error Rate: 10.07% (1007/10000)

Train Epoch: 29 [2000/60000 (3%)]	Loss: 0.144692
Train Epoch: 29 [4000/60000 (7%)]	Loss: 0.101222
Train Epoch: 29 [6000/60000 (10%)]	Loss: 0.020823
Train Epoch: 29 [8000/60000 (13%)]	Loss: 0.075566
Train Epoch: 29 [10000/60000 (17%)]	Loss: 0.092902
Train Epoch: 29 [12000/60000 (20%)]	Loss: 0.081903
Train Epoch: 29 [14000/60000 (23%)]	Loss: 0.052822
Train Epoch: 29 [16000/60000 (27%)]	Loss: 0.088137
Train Epoch: 29 [18000/60000 (30%)]	Loss: 0.028694
Train Epoch: 29 [20000/60000 (33%)]	Loss: 0.063759
Train Epoch: 29 [22000/60000 (37%)]	Loss: 0.035953
Train Epoch: 29 [24000/60000 (40%)]	Loss: 0.081522
Train Epoch: 29 [26000/60000 (43%)]	Loss: 0.105736
Train Epoch: 29 [28000/60000 (47%)]	Loss: 0.096977
Train Epoch: 29 [30000/60000 (50%)]	Loss: 0.046698
Train Epoch: 29 [32000/60000 (53%)]	Loss: 0.115989
Train Epoch: 29 [34000/60000 (57%)]	Loss: 0.086898
Train Epoch: 29 [36000/60000 (60%)]	Loss: 0.095871
Train Epoch: 29 [38000/60000 (63%)]	Loss: 0.085498
Train Epoch: 29 [40000/60000 (67%)]	Loss: 0.047497
Train Epoch: 29 [42000/60000 (70%)]	Loss: 0.114249
Train Epoch: 29 [44000/60000 (73%)]	Loss: 0.065808
Train Epoch: 29 [46000/60000 (77%)]	Loss: 0.049375
Train Epoch: 29 [48000/60000 (80%)]	Loss: 0.075176
Train Epoch: 29 [50000/60000 (83%)]	Loss: 0.034285
Train Epoch: 29 [52000/60000 (87%)]	Loss: 0.151133
Train Epoch: 29 [54000/60000 (90%)]	Loss: 0.075707
Train Epoch: 29 [56000/60000 (93%)]	Loss: 0.062887
Train Epoch: 29 [58000/60000 (97%)]	Loss: 0.038008
Train Epoch: 29 [60000/60000 (100%)]	Loss: 0.137091

Average Training loss: 0.0041, Training Error Rate: 10.24% (6143/60000)


Average Test loss: 0.0800, Test Error Rate: 9.91% (991/10000)

Train Epoch: 30 [2000/60000 (3%)]	Loss: 0.094737
Train Epoch: 30 [4000/60000 (7%)]	Loss: 0.130838
Train Epoch: 30 [6000/60000 (10%)]	Loss: 0.069117
Train Epoch: 30 [8000/60000 (13%)]	Loss: 0.072403
Train Epoch: 30 [10000/60000 (17%)]	Loss: 0.061968
Train Epoch: 30 [12000/60000 (20%)]	Loss: 0.043805
Train Epoch: 30 [14000/60000 (23%)]	Loss: 0.137143
Train Epoch: 30 [16000/60000 (27%)]	Loss: 0.058575
Train Epoch: 30 [18000/60000 (30%)]	Loss: 0.056949
Train Epoch: 30 [20000/60000 (33%)]	Loss: 0.086897
Train Epoch: 30 [22000/60000 (37%)]	Loss: 0.126645
Train Epoch: 30 [24000/60000 (40%)]	Loss: 0.015649
Train Epoch: 30 [26000/60000 (43%)]	Loss: 0.093758
Train Epoch: 30 [28000/60000 (47%)]	Loss: 0.137499
Train Epoch: 30 [30000/60000 (50%)]	Loss: 0.068771
Train Epoch: 30 [32000/60000 (53%)]	Loss: 0.089968
Train Epoch: 30 [34000/60000 (57%)]	Loss: 0.143484
Train Epoch: 30 [36000/60000 (60%)]	Loss: 0.099323
Train Epoch: 30 [38000/60000 (63%)]	Loss: 0.033087
Train Epoch: 30 [40000/60000 (67%)]	Loss: 0.028953
Train Epoch: 30 [42000/60000 (70%)]	Loss: 0.078839
Train Epoch: 30 [44000/60000 (73%)]	Loss: 0.123541
Train Epoch: 30 [46000/60000 (77%)]	Loss: 0.065155
Train Epoch: 30 [48000/60000 (80%)]	Loss: 0.084366
Train Epoch: 30 [50000/60000 (83%)]	Loss: 0.109143
Train Epoch: 30 [52000/60000 (87%)]	Loss: 0.080927
Train Epoch: 30 [54000/60000 (90%)]	Loss: 0.079691
Train Epoch: 30 [56000/60000 (93%)]	Loss: 0.107482
Train Epoch: 30 [58000/60000 (97%)]	Loss: 0.077981
Train Epoch: 30 [60000/60000 (100%)]	Loss: 0.098016

Average Training loss: 0.0041, Training Error Rate: 10.23% (6137/60000)


Average Test loss: 0.0799, Test Error Rate: 10.01% (1001/10000)

