/vast/home/ajherman/miniconda3/envs/pytorch/lib/python3.11/site-packages/torchvision/io/image.py:13: UserWarning: Failed to load image Python extension: '/vast/home/ajherman/miniconda3/envs/pytorch/lib/python3.11/site-packages/torchvision/image.so: undefined symbol: _ZN5torch3jit17parseSchemaOrNameERKNSt7__cxx1112basic_stringIcSt11char_traitsIcESaIcEEE'If you don't plan on using image functionality from `torchvision.io`, you can ignore this warning. Otherwise, there might be something wrong with your environment. Did you have `libjpeg` or `libpng` installed before building `torchvision` from source?
  warn(
Train Epoch: 1 [2000/60000 (3%)]	Loss: 0.500767
Train Epoch: 1 [4000/60000 (7%)]	Loss: 0.482255
Train Epoch: 1 [6000/60000 (10%)]	Loss: 0.485717
Train Epoch: 1 [8000/60000 (13%)]	Loss: 0.461055
Train Epoch: 1 [10000/60000 (17%)]	Loss: 0.453054
Train Epoch: 1 [12000/60000 (20%)]	Loss: 0.428398
Train Epoch: 1 [14000/60000 (23%)]	Loss: 0.430932
Train Epoch: 1 [16000/60000 (27%)]	Loss: 0.409007
Train Epoch: 1 [18000/60000 (30%)]	Loss: 0.403309
Train Epoch: 1 [20000/60000 (33%)]	Loss: 0.378372
Train Epoch: 1 [22000/60000 (37%)]	Loss: 0.375882
Train Epoch: 1 [24000/60000 (40%)]	Loss: 0.360042
Train Epoch: 1 [26000/60000 (43%)]	Loss: 0.376249
Train Epoch: 1 [28000/60000 (47%)]	Loss: 0.361586
Train Epoch: 1 [30000/60000 (50%)]	Loss: 0.326887
Train Epoch: 1 [32000/60000 (53%)]	Loss: 0.304024
Train Epoch: 1 [34000/60000 (57%)]	Loss: 0.289816
Train Epoch: 1 [36000/60000 (60%)]	Loss: 0.275663
Train Epoch: 1 [38000/60000 (63%)]	Loss: 0.278620
Train Epoch: 1 [40000/60000 (67%)]	Loss: 0.255744
Train Epoch: 1 [42000/60000 (70%)]	Loss: 0.273237
Train Epoch: 1 [44000/60000 (73%)]	Loss: 0.233161
Train Epoch: 1 [46000/60000 (77%)]	Loss: 0.245673
Train Epoch: 1 [48000/60000 (80%)]	Loss: 0.270668
Train Epoch: 1 [50000/60000 (83%)]	Loss: 0.225443
Train Epoch: 1 [52000/60000 (87%)]	Loss: 0.171833
Train Epoch: 1 [54000/60000 (90%)]	Loss: 0.250684
Train Epoch: 1 [56000/60000 (93%)]	Loss: 0.235074
Train Epoch: 1 [58000/60000 (97%)]	Loss: 0.225473
Train Epoch: 1 [60000/60000 (100%)]	Loss: 0.228738

Average Training loss: 0.0168, Training Error Rate: 38.59% (23155/60000)


Average Test loss: 0.2020, Test Error Rate: 15.12% (1512/10000)

Train Epoch: 2 [2000/60000 (3%)]	Loss: 0.200292
Train Epoch: 2 [4000/60000 (7%)]	Loss: 0.205742
Train Epoch: 2 [6000/60000 (10%)]	Loss: 0.180891
Train Epoch: 2 [8000/60000 (13%)]	Loss: 0.230559
Train Epoch: 2 [10000/60000 (17%)]	Loss: 0.136518
Train Epoch: 2 [12000/60000 (20%)]	Loss: 0.126518
Train Epoch: 2 [14000/60000 (23%)]	Loss: 0.151855
Train Epoch: 2 [16000/60000 (27%)]	Loss: 0.193152
Train Epoch: 2 [18000/60000 (30%)]	Loss: 0.221424
Train Epoch: 2 [20000/60000 (33%)]	Loss: 0.222541
Train Epoch: 2 [22000/60000 (37%)]	Loss: 0.158502
Train Epoch: 2 [24000/60000 (40%)]	Loss: 0.181469
Train Epoch: 2 [26000/60000 (43%)]	Loss: 0.178856
Train Epoch: 2 [28000/60000 (47%)]	Loss: 0.161471
Train Epoch: 2 [30000/60000 (50%)]	Loss: 0.122257
Train Epoch: 2 [32000/60000 (53%)]	Loss: 0.140244
Train Epoch: 2 [34000/60000 (57%)]	Loss: 0.086707
Train Epoch: 2 [36000/60000 (60%)]	Loss: 0.167294
Train Epoch: 2 [38000/60000 (63%)]	Loss: 0.109694
Train Epoch: 2 [40000/60000 (67%)]	Loss: 0.213987
Train Epoch: 2 [42000/60000 (70%)]	Loss: 0.156707
Train Epoch: 2 [44000/60000 (73%)]	Loss: 0.119238
Train Epoch: 2 [46000/60000 (77%)]	Loss: 0.152516
Train Epoch: 2 [48000/60000 (80%)]	Loss: 0.166921
Train Epoch: 2 [50000/60000 (83%)]	Loss: 0.181617
Train Epoch: 2 [52000/60000 (87%)]	Loss: 0.117808
Train Epoch: 2 [54000/60000 (90%)]	Loss: 0.075515
Train Epoch: 2 [56000/60000 (93%)]	Loss: 0.141086
Train Epoch: 2 [58000/60000 (97%)]	Loss: 0.145780
Train Epoch: 2 [60000/60000 (100%)]	Loss: 0.068490

Average Training loss: 0.0079, Training Error Rate: 12.36% (7417/60000)


Average Test loss: 0.1226, Test Error Rate: 10.31% (1031/10000)

Train Epoch: 3 [2000/60000 (3%)]	Loss: 0.142065
Train Epoch: 3 [4000/60000 (7%)]	Loss: 0.142495
Train Epoch: 3 [6000/60000 (10%)]	Loss: 0.091793
Train Epoch: 3 [8000/60000 (13%)]	Loss: 0.203584
Train Epoch: 3 [10000/60000 (17%)]	Loss: 0.156654
Train Epoch: 3 [12000/60000 (20%)]	Loss: 0.128527
Train Epoch: 3 [14000/60000 (23%)]	Loss: 0.093100
Train Epoch: 3 [16000/60000 (27%)]	Loss: 0.128132
Train Epoch: 3 [18000/60000 (30%)]	Loss: 0.119709
Train Epoch: 3 [20000/60000 (33%)]	Loss: 0.140373
Train Epoch: 3 [22000/60000 (37%)]	Loss: 0.131440
Train Epoch: 3 [24000/60000 (40%)]	Loss: 0.103435
Train Epoch: 3 [26000/60000 (43%)]	Loss: 0.141398
Train Epoch: 3 [28000/60000 (47%)]	Loss: 0.144445
Train Epoch: 3 [30000/60000 (50%)]	Loss: 0.070781
Train Epoch: 3 [32000/60000 (53%)]	Loss: 0.105126
Train Epoch: 3 [34000/60000 (57%)]	Loss: 0.127203
Train Epoch: 3 [36000/60000 (60%)]	Loss: 0.128513
Train Epoch: 3 [38000/60000 (63%)]	Loss: 0.070559
Train Epoch: 3 [40000/60000 (67%)]	Loss: 0.084677
Train Epoch: 3 [42000/60000 (70%)]	Loss: 0.123507
Train Epoch: 3 [44000/60000 (73%)]	Loss: 0.059089
Train Epoch: 3 [46000/60000 (77%)]	Loss: 0.096532
Train Epoch: 3 [48000/60000 (80%)]	Loss: 0.042061
Train Epoch: 3 [50000/60000 (83%)]	Loss: 0.070752
Train Epoch: 3 [52000/60000 (87%)]	Loss: 0.132886
Train Epoch: 3 [54000/60000 (90%)]	Loss: 0.041105
Train Epoch: 3 [56000/60000 (93%)]	Loss: 0.041240
Train Epoch: 3 [58000/60000 (97%)]	Loss: 0.109963
Train Epoch: 3 [60000/60000 (100%)]	Loss: 0.103473

Average Training loss: 0.0054, Training Error Rate: 10.09% (6054/60000)


Average Test loss: 0.0932, Test Error Rate: 9.40% (940/10000)

Train Epoch: 4 [2000/60000 (3%)]	Loss: 0.068135
Train Epoch: 4 [4000/60000 (7%)]	Loss: 0.083703
Train Epoch: 4 [6000/60000 (10%)]	Loss: 0.060056
Train Epoch: 4 [8000/60000 (13%)]	Loss: 0.111257
Train Epoch: 4 [10000/60000 (17%)]	Loss: 0.118538
Train Epoch: 4 [12000/60000 (20%)]	Loss: 0.076167
Train Epoch: 4 [14000/60000 (23%)]	Loss: 0.139918
Train Epoch: 4 [16000/60000 (27%)]	Loss: 0.076351
Train Epoch: 4 [18000/60000 (30%)]	Loss: 0.118795
Train Epoch: 4 [20000/60000 (33%)]	Loss: 0.083541
Train Epoch: 4 [22000/60000 (37%)]	Loss: 0.126967
Train Epoch: 4 [24000/60000 (40%)]	Loss: 0.060152
Train Epoch: 4 [26000/60000 (43%)]	Loss: 0.049313
Train Epoch: 4 [28000/60000 (47%)]	Loss: 0.097429
Train Epoch: 4 [30000/60000 (50%)]	Loss: 0.157852
Train Epoch: 4 [32000/60000 (53%)]	Loss: 0.080113
Train Epoch: 4 [34000/60000 (57%)]	Loss: 0.080164
Train Epoch: 4 [36000/60000 (60%)]	Loss: 0.083714
Train Epoch: 4 [38000/60000 (63%)]	Loss: 0.026447
Train Epoch: 4 [40000/60000 (67%)]	Loss: 0.090316
Train Epoch: 4 [42000/60000 (70%)]	Loss: 0.179545
Train Epoch: 4 [44000/60000 (73%)]	Loss: 0.073085
Train Epoch: 4 [46000/60000 (77%)]	Loss: 0.093868
Train Epoch: 4 [48000/60000 (80%)]	Loss: 0.096755
Train Epoch: 4 [50000/60000 (83%)]	Loss: 0.097614
Train Epoch: 4 [52000/60000 (87%)]	Loss: 0.138407
Train Epoch: 4 [54000/60000 (90%)]	Loss: 0.112334
Train Epoch: 4 [56000/60000 (93%)]	Loss: 0.126857
Train Epoch: 4 [58000/60000 (97%)]	Loss: 0.106308
Train Epoch: 4 [60000/60000 (100%)]	Loss: 0.066956

Average Training loss: 0.0045, Training Error Rate: 9.69% (5814/60000)


Average Test loss: 0.0784, Test Error Rate: 8.71% (871/10000)

Train Epoch: 5 [2000/60000 (3%)]	Loss: 0.074380
Train Epoch: 5 [4000/60000 (7%)]	Loss: 0.070987
Train Epoch: 5 [6000/60000 (10%)]	Loss: 0.043785
Train Epoch: 5 [8000/60000 (13%)]	Loss: 0.082078
Train Epoch: 5 [10000/60000 (17%)]	Loss: 0.092866
Train Epoch: 5 [12000/60000 (20%)]	Loss: 0.111870
Train Epoch: 5 [14000/60000 (23%)]	Loss: 0.129420
Train Epoch: 5 [16000/60000 (27%)]	Loss: 0.135219
Train Epoch: 5 [18000/60000 (30%)]	Loss: 0.071078
Train Epoch: 5 [20000/60000 (33%)]	Loss: 0.088944
Train Epoch: 5 [22000/60000 (37%)]	Loss: 0.101434
Train Epoch: 5 [24000/60000 (40%)]	Loss: 0.093848
Train Epoch: 5 [26000/60000 (43%)]	Loss: 0.055721
Train Epoch: 5 [28000/60000 (47%)]	Loss: 0.116610
Train Epoch: 5 [30000/60000 (50%)]	Loss: 0.087043
Train Epoch: 5 [32000/60000 (53%)]	Loss: 0.067236
Train Epoch: 5 [34000/60000 (57%)]	Loss: 0.127413
Train Epoch: 5 [36000/60000 (60%)]	Loss: 0.125776
Train Epoch: 5 [38000/60000 (63%)]	Loss: 0.168048
Train Epoch: 5 [40000/60000 (67%)]	Loss: 0.112947
Train Epoch: 5 [42000/60000 (70%)]	Loss: 0.240278
Train Epoch: 5 [44000/60000 (73%)]	Loss: 0.187281
Train Epoch: 5 [46000/60000 (77%)]	Loss: 0.246678
Train Epoch: 5 [48000/60000 (80%)]	Loss: 0.322030
Train Epoch: 5 [50000/60000 (83%)]	Loss: 0.395315
Train Epoch: 5 [52000/60000 (87%)]	Loss: 0.430516
Train Epoch: 5 [54000/60000 (90%)]	Loss: 0.452708
Train Epoch: 5 [56000/60000 (93%)]	Loss: 0.456613
Train Epoch: 5 [58000/60000 (97%)]	Loss: 0.454215
Train Epoch: 5 [60000/60000 (100%)]	Loss: 0.457901

Average Training loss: 0.0090, Training Error Rate: 21.25% (12749/60000)


Average Test loss: 0.4567, Test Error Rate: 81.20% (8120/10000)

Train Epoch: 6 [2000/60000 (3%)]	Loss: 0.453595
Train Epoch: 6 [4000/60000 (7%)]	Loss: 0.496440
Train Epoch: 6 [6000/60000 (10%)]	Loss: 0.462373
Train Epoch: 6 [8000/60000 (13%)]	Loss: 0.467333
Train Epoch: 6 [10000/60000 (17%)]	Loss: 0.446540
Train Epoch: 6 [12000/60000 (20%)]	Loss: 0.456083
Train Epoch: 6 [14000/60000 (23%)]	Loss: 0.459854
Train Epoch: 6 [16000/60000 (27%)]	Loss: 0.456628
Train Epoch: 6 [18000/60000 (30%)]	Loss: 0.456200
Train Epoch: 6 [20000/60000 (33%)]	Loss: 0.454987
Train Epoch: 6 [22000/60000 (37%)]	Loss: 0.461377
Train Epoch: 6 [24000/60000 (40%)]	Loss: 0.447954
Train Epoch: 6 [26000/60000 (43%)]	Loss: 0.452694
Train Epoch: 6 [28000/60000 (47%)]	Loss: 0.454693
Train Epoch: 6 [30000/60000 (50%)]	Loss: 0.460646
Train Epoch: 6 [32000/60000 (53%)]	Loss: 0.451603
Train Epoch: 6 [34000/60000 (57%)]	Loss: 0.457167
Train Epoch: 6 [36000/60000 (60%)]	Loss: 0.454212
Train Epoch: 6 [38000/60000 (63%)]	Loss: 0.453495
Train Epoch: 6 [40000/60000 (67%)]	Loss: 0.448241
Train Epoch: 6 [42000/60000 (70%)]	Loss: 0.455166
Train Epoch: 6 [44000/60000 (73%)]	Loss: 0.456409
Train Epoch: 6 [46000/60000 (77%)]	Loss: 0.454026
Train Epoch: 6 [48000/60000 (80%)]	Loss: 0.455911
Train Epoch: 6 [50000/60000 (83%)]	Loss: 0.452852
Train Epoch: 6 [52000/60000 (87%)]	Loss: 0.453447
Train Epoch: 6 [54000/60000 (90%)]	Loss: 0.446333
Train Epoch: 6 [56000/60000 (93%)]	Loss: 0.445493
Train Epoch: 6 [58000/60000 (97%)]	Loss: 0.446747
Train Epoch: 6 [60000/60000 (100%)]	Loss: 0.466958

Average Training loss: 0.0228, Training Error Rate: 78.94% (47367/60000)


Average Test loss: 0.4547, Test Error Rate: 80.43% (8043/10000)

Train Epoch: 7 [2000/60000 (3%)]	Loss: 0.462323
Train Epoch: 7 [4000/60000 (7%)]	Loss: 0.462785
Train Epoch: 7 [6000/60000 (10%)]	Loss: 0.451203
Train Epoch: 7 [8000/60000 (13%)]	Loss: 0.451975
Train Epoch: 7 [10000/60000 (17%)]	Loss: 0.454608
Train Epoch: 7 [12000/60000 (20%)]	Loss: 0.448871
Train Epoch: 7 [14000/60000 (23%)]	Loss: 0.451906
Train Epoch: 7 [16000/60000 (27%)]	Loss: 0.447517
Train Epoch: 7 [18000/60000 (30%)]	Loss: 0.459430
Train Epoch: 7 [20000/60000 (33%)]	Loss: 0.444521
Train Epoch: 7 [22000/60000 (37%)]	Loss: 0.450596
Train Epoch: 7 [24000/60000 (40%)]	Loss: 0.454984
Train Epoch: 7 [26000/60000 (43%)]	Loss: 0.441496
Train Epoch: 7 [28000/60000 (47%)]	Loss: 0.449207
Train Epoch: 7 [30000/60000 (50%)]	Loss: 0.456259
Train Epoch: 7 [32000/60000 (53%)]	Loss: 0.440776
Train Epoch: 7 [34000/60000 (57%)]	Loss: 0.451192
Train Epoch: 7 [36000/60000 (60%)]	Loss: 0.454769
Train Epoch: 7 [38000/60000 (63%)]	Loss: 0.463876
Train Epoch: 7 [40000/60000 (67%)]	Loss: 0.457290
Train Epoch: 7 [42000/60000 (70%)]	Loss: 0.440748
Train Epoch: 7 [44000/60000 (73%)]	Loss: 0.458104
Train Epoch: 7 [46000/60000 (77%)]	Loss: 0.449415
Train Epoch: 7 [48000/60000 (80%)]	Loss: 0.441545
Train Epoch: 7 [50000/60000 (83%)]	Loss: 0.433365
Train Epoch: 7 [52000/60000 (87%)]	Loss: 0.436748
Train Epoch: 7 [54000/60000 (90%)]	Loss: 0.438445
Train Epoch: 7 [56000/60000 (93%)]	Loss: 0.455610
Train Epoch: 7 [58000/60000 (97%)]	Loss: 0.459525
Train Epoch: 7 [60000/60000 (100%)]	Loss: 0.450874

Average Training loss: 0.0226, Training Error Rate: 76.58% (45946/60000)


Average Test loss: 0.4493, Test Error Rate: 80.40% (8040/10000)

Train Epoch: 8 [2000/60000 (3%)]	Loss: 0.467581
Train Epoch: 8 [4000/60000 (7%)]	Loss: 0.461378
Train Epoch: 8 [6000/60000 (10%)]	Loss: 0.469748
Train Epoch: 8 [8000/60000 (13%)]	Loss: 0.465225
Train Epoch: 8 [10000/60000 (17%)]	Loss: 0.455367
Train Epoch: 8 [12000/60000 (20%)]	Loss: 0.460141
Train Epoch: 8 [14000/60000 (23%)]	Loss: 0.464693
Train Epoch: 8 [16000/60000 (27%)]	Loss: 0.455414
Train Epoch: 8 [18000/60000 (30%)]	Loss: 0.470048
Train Epoch: 8 [20000/60000 (33%)]	Loss: 0.462835
Train Epoch: 8 [22000/60000 (37%)]	Loss: 0.467432
Train Epoch: 8 [24000/60000 (40%)]	Loss: 0.463361
Train Epoch: 8 [26000/60000 (43%)]	Loss: 0.463405
Train Epoch: 8 [28000/60000 (47%)]	Loss: 0.462927
Train Epoch: 8 [30000/60000 (50%)]	Loss: 0.461997
Train Epoch: 8 [32000/60000 (53%)]	Loss: 0.464397
Train Epoch: 8 [34000/60000 (57%)]	Loss: 0.465332
Train Epoch: 8 [36000/60000 (60%)]	Loss: 0.463451
Train Epoch: 8 [38000/60000 (63%)]	Loss: 0.466946
Train Epoch: 8 [40000/60000 (67%)]	Loss: 0.464632
Train Epoch: 8 [42000/60000 (70%)]	Loss: 0.464792
Train Epoch: 8 [44000/60000 (73%)]	Loss: 0.464531
Train Epoch: 8 [46000/60000 (77%)]	Loss: 0.464539
Train Epoch: 8 [48000/60000 (80%)]	Loss: 0.462375
Train Epoch: 8 [50000/60000 (83%)]	Loss: 0.462946
Train Epoch: 8 [52000/60000 (87%)]	Loss: 0.462447
Train Epoch: 8 [54000/60000 (90%)]	Loss: 0.462992
Train Epoch: 8 [56000/60000 (93%)]	Loss: 0.462054
Train Epoch: 8 [58000/60000 (97%)]	Loss: 0.462373
Train Epoch: 8 [60000/60000 (100%)]	Loss: 0.459029

Average Training loss: 0.0231, Training Error Rate: 87.17% (52305/60000)


Average Test loss: 0.4589, Test Error Rate: 89.75% (8975/10000)

Train Epoch: 9 [2000/60000 (3%)]	Loss: 0.455353
Train Epoch: 9 [4000/60000 (7%)]	Loss: 0.456521
Train Epoch: 9 [6000/60000 (10%)]	Loss: 0.459047
Train Epoch: 9 [8000/60000 (13%)]	Loss: 0.451596
Train Epoch: 9 [10000/60000 (17%)]	Loss: 0.460704
Train Epoch: 9 [12000/60000 (20%)]	Loss: 0.454214
Train Epoch: 9 [14000/60000 (23%)]	Loss: 0.447372
Train Epoch: 9 [16000/60000 (27%)]	Loss: 0.450071
Train Epoch: 9 [18000/60000 (30%)]	Loss: 0.461655
Train Epoch: 9 [20000/60000 (33%)]	Loss: 0.452914
Train Epoch: 9 [22000/60000 (37%)]	Loss: 0.456177
Train Epoch: 9 [24000/60000 (40%)]	Loss: 0.459568
Train Epoch: 9 [26000/60000 (43%)]	Loss: 0.448833
Train Epoch: 9 [28000/60000 (47%)]	Loss: 0.456474
Train Epoch: 9 [30000/60000 (50%)]	Loss: 0.456245
Train Epoch: 9 [32000/60000 (53%)]	Loss: 0.464235
Train Epoch: 9 [34000/60000 (57%)]	Loss: 0.451946
Train Epoch: 9 [36000/60000 (60%)]	Loss: 0.458279
Train Epoch: 9 [38000/60000 (63%)]	Loss: 0.464576
Train Epoch: 9 [40000/60000 (67%)]	Loss: 0.456968
Train Epoch: 9 [42000/60000 (70%)]	Loss: 0.461014
Train Epoch: 9 [44000/60000 (73%)]	Loss: 0.452212
Train Epoch: 9 [46000/60000 (77%)]	Loss: 0.457370
Train Epoch: 9 [48000/60000 (80%)]	Loss: 0.454495
Train Epoch: 9 [50000/60000 (83%)]	Loss: 0.455083
Train Epoch: 9 [52000/60000 (87%)]	Loss: 0.454438
Train Epoch: 9 [54000/60000 (90%)]	Loss: 0.457601
Train Epoch: 9 [56000/60000 (93%)]	Loss: 0.458800
Train Epoch: 9 [58000/60000 (97%)]	Loss: 0.468249
Train Epoch: 9 [60000/60000 (100%)]	Loss: 0.456132

Average Training loss: 0.0228, Training Error Rate: 89.39% (53631/60000)


Average Test loss: 0.4583, Test Error Rate: 89.00% (8900/10000)

Train Epoch: 10 [2000/60000 (3%)]	Loss: 0.465580
Train Epoch: 10 [4000/60000 (7%)]	Loss: 0.455751
Train Epoch: 10 [6000/60000 (10%)]	Loss: 0.458870
Train Epoch: 10 [8000/60000 (13%)]	Loss: 0.453783
Train Epoch: 10 [10000/60000 (17%)]	Loss: 0.458879
Train Epoch: 10 [12000/60000 (20%)]	Loss: 0.467489
Train Epoch: 10 [14000/60000 (23%)]	Loss: 0.455972
Train Epoch: 10 [16000/60000 (27%)]	Loss: 0.460312
Train Epoch: 10 [18000/60000 (30%)]	Loss: 0.466750
Train Epoch: 10 [20000/60000 (33%)]	Loss: 0.464478
Train Epoch: 10 [22000/60000 (37%)]	Loss: 0.461076
Train Epoch: 10 [24000/60000 (40%)]	Loss: 0.461118
Train Epoch: 10 [26000/60000 (43%)]	Loss: 0.460930
Train Epoch: 10 [28000/60000 (47%)]	Loss: 0.450159
Train Epoch: 10 [30000/60000 (50%)]	Loss: 0.459686
Train Epoch: 10 [32000/60000 (53%)]	Loss: 0.453820
Train Epoch: 10 [34000/60000 (57%)]	Loss: 0.459745
Train Epoch: 10 [36000/60000 (60%)]	Loss: 0.452694
Train Epoch: 10 [38000/60000 (63%)]	Loss: 0.460202
Train Epoch: 10 [40000/60000 (67%)]	Loss: 0.458770
Train Epoch: 10 [42000/60000 (70%)]	Loss: 0.465162
Train Epoch: 10 [44000/60000 (73%)]	Loss: 0.458564
Train Epoch: 10 [46000/60000 (77%)]	Loss: 0.455771
Train Epoch: 10 [48000/60000 (80%)]	Loss: 0.457106
Train Epoch: 10 [50000/60000 (83%)]	Loss: 0.460839
Train Epoch: 10 [52000/60000 (87%)]	Loss: 0.462894
Train Epoch: 10 [54000/60000 (90%)]	Loss: 0.455249
Train Epoch: 10 [56000/60000 (93%)]	Loss: 0.460728
Train Epoch: 10 [58000/60000 (97%)]	Loss: 0.460991
Train Epoch: 10 [60000/60000 (100%)]	Loss: 0.456361

Average Training loss: 0.0230, Training Error Rate: 89.07% (53441/60000)


Average Test loss: 0.4599, Test Error Rate: 88.54% (8854/10000)

Train Epoch: 11 [2000/60000 (3%)]	Loss: 0.456799
Train Epoch: 11 [4000/60000 (7%)]	Loss: 0.461506
Train Epoch: 11 [6000/60000 (10%)]	Loss: 0.457427
Train Epoch: 11 [8000/60000 (13%)]	Loss: 0.462788
Train Epoch: 11 [10000/60000 (17%)]	Loss: 0.460297
Train Epoch: 11 [12000/60000 (20%)]	Loss: 0.462225
Train Epoch: 11 [14000/60000 (23%)]	Loss: 0.460527
Train Epoch: 11 [16000/60000 (27%)]	Loss: 0.462719
Train Epoch: 11 [18000/60000 (30%)]	Loss: 0.459564
Train Epoch: 11 [20000/60000 (33%)]	Loss: 0.457997
Train Epoch: 11 [22000/60000 (37%)]	Loss: 0.464026
Train Epoch: 11 [24000/60000 (40%)]	Loss: 0.469267
Train Epoch: 11 [26000/60000 (43%)]	Loss: 0.461480
Train Epoch: 11 [28000/60000 (47%)]	Loss: 0.460983
Train Epoch: 11 [30000/60000 (50%)]	Loss: 0.459203
Train Epoch: 11 [32000/60000 (53%)]	Loss: 0.457214
Train Epoch: 11 [34000/60000 (57%)]	Loss: 0.460001
Train Epoch: 11 [36000/60000 (60%)]	Loss: 0.460357
Train Epoch: 11 [38000/60000 (63%)]	Loss: 0.460581
Train Epoch: 11 [40000/60000 (67%)]	Loss: 0.459354
Train Epoch: 11 [42000/60000 (70%)]	Loss: 0.464372
Train Epoch: 11 [44000/60000 (73%)]	Loss: 0.459163
Train Epoch: 11 [46000/60000 (77%)]	Loss: 0.457833
Train Epoch: 11 [48000/60000 (80%)]	Loss: 0.460212
Train Epoch: 11 [50000/60000 (83%)]	Loss: 0.464111
Train Epoch: 11 [52000/60000 (87%)]	Loss: 0.461944
Train Epoch: 11 [54000/60000 (90%)]	Loss: 0.464391
Train Epoch: 11 [56000/60000 (93%)]	Loss: 0.463932
Train Epoch: 11 [58000/60000 (97%)]	Loss: 0.456624
Train Epoch: 11 [60000/60000 (100%)]	Loss: 0.460344

Average Training loss: 0.0230, Training Error Rate: 88.74% (53245/60000)


Average Test loss: 0.4606, Test Error Rate: 88.65% (8865/10000)

Train Epoch: 12 [2000/60000 (3%)]	Loss: 0.457886
Train Epoch: 12 [4000/60000 (7%)]	Loss: 0.459051
Train Epoch: 12 [6000/60000 (10%)]	Loss: 0.469042
Train Epoch: 12 [8000/60000 (13%)]	Loss: 0.457736
Train Epoch: 12 [10000/60000 (17%)]	Loss: 0.463443
Train Epoch: 12 [12000/60000 (20%)]	Loss: 0.454589
Train Epoch: 12 [14000/60000 (23%)]	Loss: 0.456300
Train Epoch: 12 [16000/60000 (27%)]	Loss: 0.456615
Train Epoch: 12 [18000/60000 (30%)]	Loss: 0.455424
Train Epoch: 12 [20000/60000 (33%)]	Loss: 0.460095
Train Epoch: 12 [22000/60000 (37%)]	Loss: 0.457448
Train Epoch: 12 [24000/60000 (40%)]	Loss: 0.461033
Train Epoch: 12 [26000/60000 (43%)]	Loss: 0.461331
Train Epoch: 12 [28000/60000 (47%)]	Loss: 0.460107
Train Epoch: 12 [30000/60000 (50%)]	Loss: 0.459921
Train Epoch: 12 [32000/60000 (53%)]	Loss: 0.460703
Train Epoch: 12 [34000/60000 (57%)]	Loss: 0.459178
Train Epoch: 12 [36000/60000 (60%)]	Loss: 0.457514
Train Epoch: 12 [38000/60000 (63%)]	Loss: 0.459378
Train Epoch: 12 [40000/60000 (67%)]	Loss: 0.462078
Train Epoch: 12 [42000/60000 (70%)]	Loss: 0.463446
Train Epoch: 12 [44000/60000 (73%)]	Loss: 0.460712
Train Epoch: 12 [46000/60000 (77%)]	Loss: 0.463760
Train Epoch: 12 [48000/60000 (80%)]	Loss: 0.458233
Train Epoch: 12 [50000/60000 (83%)]	Loss: 0.459575
Train Epoch: 12 [52000/60000 (87%)]	Loss: 0.458874
Train Epoch: 12 [54000/60000 (90%)]	Loss: 0.461746
Train Epoch: 12 [56000/60000 (93%)]	Loss: 0.461582
Train Epoch: 12 [58000/60000 (97%)]	Loss: 0.459816
Train Epoch: 12 [60000/60000 (100%)]	Loss: 0.459060

Average Training loss: 0.0230, Training Error Rate: 87.37% (52421/60000)


Average Test loss: 0.4598, Test Error Rate: 88.53% (8853/10000)

Train Epoch: 13 [2000/60000 (3%)]	Loss: 0.465117
Train Epoch: 13 [4000/60000 (7%)]	Loss: 0.457694
Train Epoch: 13 [6000/60000 (10%)]	Loss: 0.456612
Train Epoch: 13 [8000/60000 (13%)]	Loss: 0.463783
Train Epoch: 13 [10000/60000 (17%)]	Loss: 0.461756
Train Epoch: 13 [12000/60000 (20%)]	Loss: 0.461109
Train Epoch: 13 [14000/60000 (23%)]	Loss: 0.460192
Train Epoch: 13 [16000/60000 (27%)]	Loss: 0.461148
Train Epoch: 13 [18000/60000 (30%)]	Loss: 0.458002
Train Epoch: 13 [20000/60000 (33%)]	Loss: 0.463576
Train Epoch: 13 [22000/60000 (37%)]	Loss: 0.461633
Train Epoch: 13 [24000/60000 (40%)]	Loss: 0.467668
Train Epoch: 13 [26000/60000 (43%)]	Loss: 0.453974
Train Epoch: 13 [28000/60000 (47%)]	Loss: 0.463404
Train Epoch: 13 [30000/60000 (50%)]	Loss: 0.461705
Train Epoch: 13 [32000/60000 (53%)]	Loss: 0.459107
Train Epoch: 13 [34000/60000 (57%)]	Loss: 0.458231
Train Epoch: 13 [36000/60000 (60%)]	Loss: 0.456591
Train Epoch: 13 [38000/60000 (63%)]	Loss: 0.460166
Train Epoch: 13 [40000/60000 (67%)]	Loss: 0.454729
Train Epoch: 13 [42000/60000 (70%)]	Loss: 0.456355
Train Epoch: 13 [44000/60000 (73%)]	Loss: 0.458199
Train Epoch: 13 [46000/60000 (77%)]	Loss: 0.463036
Train Epoch: 13 [48000/60000 (80%)]	Loss: 0.467162
Train Epoch: 13 [50000/60000 (83%)]	Loss: 0.459850
Train Epoch: 13 [52000/60000 (87%)]	Loss: 0.459247
Train Epoch: 13 [54000/60000 (90%)]	Loss: 0.459568
Train Epoch: 13 [56000/60000 (93%)]	Loss: 0.456120
Train Epoch: 13 [58000/60000 (97%)]	Loss: 0.458707
Train Epoch: 13 [60000/60000 (100%)]	Loss: 0.460480

Average Training loss: 0.0230, Training Error Rate: 88.49% (53092/60000)


Average Test loss: 0.4605, Test Error Rate: 88.50% (8850/10000)

Train Epoch: 14 [2000/60000 (3%)]	Loss: 0.463979
Train Epoch: 14 [4000/60000 (7%)]	Loss: 0.465108
Train Epoch: 14 [6000/60000 (10%)]	Loss: 0.465006
Train Epoch: 14 [8000/60000 (13%)]	Loss: 0.458833
Train Epoch: 14 [10000/60000 (17%)]	Loss: 0.464838
Train Epoch: 14 [12000/60000 (20%)]	Loss: 0.457827
Train Epoch: 14 [14000/60000 (23%)]	Loss: 0.462891
Train Epoch: 14 [16000/60000 (27%)]	Loss: 0.457433
Train Epoch: 14 [18000/60000 (30%)]	Loss: 0.459157
