/vast/home/ajherman/miniconda3/envs/pytorch/lib/python3.11/site-packages/torchvision/io/image.py:13: UserWarning: Failed to load image Python extension: '/vast/home/ajherman/miniconda3/envs/pytorch/lib/python3.11/site-packages/torchvision/image.so: undefined symbol: _ZN5torch3jit17parseSchemaOrNameERKNSt7__cxx1112basic_stringIcSt11char_traitsIcESaIcEEE'If you don't plan on using image functionality from `torchvision.io`, you can ignore this warning. Otherwise, there might be something wrong with your environment. Did you have `libjpeg` or `libpng` installed before building `torchvision` from source?
  warn(
Train Epoch: 1 [2000/60000 (3%)]	Loss: 0.437106
Train Epoch: 1 [4000/60000 (7%)]	Loss: 0.446128
Train Epoch: 1 [6000/60000 (10%)]	Loss: 0.394165
Train Epoch: 1 [8000/60000 (13%)]	Loss: 0.389613
Train Epoch: 1 [10000/60000 (17%)]	Loss: 0.299817
Train Epoch: 1 [12000/60000 (20%)]	Loss: 0.308711
Train Epoch: 1 [14000/60000 (23%)]	Loss: 0.316218
Train Epoch: 1 [16000/60000 (27%)]	Loss: 0.298954
Train Epoch: 1 [18000/60000 (30%)]	Loss: 0.271146
Train Epoch: 1 [20000/60000 (33%)]	Loss: 0.255674
Train Epoch: 1 [22000/60000 (37%)]	Loss: 0.224979
Train Epoch: 1 [24000/60000 (40%)]	Loss: 0.213091
Train Epoch: 1 [26000/60000 (43%)]	Loss: 0.245375
Train Epoch: 1 [28000/60000 (47%)]	Loss: 0.237512
Train Epoch: 1 [30000/60000 (50%)]	Loss: 0.243159
Train Epoch: 1 [32000/60000 (53%)]	Loss: 0.188656
Train Epoch: 1 [34000/60000 (57%)]	Loss: 0.206592
Train Epoch: 1 [36000/60000 (60%)]	Loss: 0.149806
Train Epoch: 1 [38000/60000 (63%)]	Loss: 0.171314
Train Epoch: 1 [40000/60000 (67%)]	Loss: 0.281655
Train Epoch: 1 [42000/60000 (70%)]	Loss: 0.137789
Train Epoch: 1 [44000/60000 (73%)]	Loss: 0.156001
Train Epoch: 1 [46000/60000 (77%)]	Loss: 0.240990
Train Epoch: 1 [48000/60000 (80%)]	Loss: 0.119534
Train Epoch: 1 [50000/60000 (83%)]	Loss: 0.134812
Train Epoch: 1 [52000/60000 (87%)]	Loss: 0.173453
Train Epoch: 1 [54000/60000 (90%)]	Loss: 0.137373
Train Epoch: 1 [56000/60000 (93%)]	Loss: 0.207589
Train Epoch: 1 [58000/60000 (97%)]	Loss: 0.134850
Train Epoch: 1 [60000/60000 (100%)]	Loss: 0.117347

Average Training loss: 0.0118, Training Error Rate: 24.93% (14961/60000)


Average Test loss: 0.1345, Test Error Rate: 11.82% (1182/10000)

Train Epoch: 2 [2000/60000 (3%)]	Loss: 0.144117
Train Epoch: 2 [4000/60000 (7%)]	Loss: 0.091047
Train Epoch: 2 [6000/60000 (10%)]	Loss: 0.071693
Train Epoch: 2 [8000/60000 (13%)]	Loss: 0.140044
Train Epoch: 2 [10000/60000 (17%)]	Loss: 0.118233
Train Epoch: 2 [12000/60000 (20%)]	Loss: 0.084185
Train Epoch: 2 [14000/60000 (23%)]	Loss: 0.119025
Train Epoch: 2 [16000/60000 (27%)]	Loss: 0.082764
Train Epoch: 2 [18000/60000 (30%)]	Loss: 0.158737
Train Epoch: 2 [20000/60000 (33%)]	Loss: 0.147368
Train Epoch: 2 [22000/60000 (37%)]	Loss: 0.209453
Train Epoch: 2 [24000/60000 (40%)]	Loss: 0.113913
Train Epoch: 2 [26000/60000 (43%)]	Loss: 0.112461
Train Epoch: 2 [28000/60000 (47%)]	Loss: 0.066381
Train Epoch: 2 [30000/60000 (50%)]	Loss: 0.100590
Train Epoch: 2 [32000/60000 (53%)]	Loss: 0.131714
Train Epoch: 2 [34000/60000 (57%)]	Loss: 0.098047
Train Epoch: 2 [36000/60000 (60%)]	Loss: 0.089116
Train Epoch: 2 [38000/60000 (63%)]	Loss: 0.134498
Train Epoch: 2 [40000/60000 (67%)]	Loss: 0.108839
Train Epoch: 2 [42000/60000 (70%)]	Loss: 0.113859
Train Epoch: 2 [44000/60000 (73%)]	Loss: 0.128143
Train Epoch: 2 [46000/60000 (77%)]	Loss: 0.134135
Train Epoch: 2 [48000/60000 (80%)]	Loss: 0.106151
Train Epoch: 2 [50000/60000 (83%)]	Loss: 0.074715
Train Epoch: 2 [52000/60000 (87%)]	Loss: 0.094488
Train Epoch: 2 [54000/60000 (90%)]	Loss: 0.140237
Train Epoch: 2 [56000/60000 (93%)]	Loss: 0.104979
Train Epoch: 2 [58000/60000 (97%)]	Loss: 0.131143
Train Epoch: 2 [60000/60000 (100%)]	Loss: 0.081341

Average Training loss: 0.0059, Training Error Rate: 11.27% (6763/60000)


Average Test loss: 0.0964, Test Error Rate: 9.35% (935/10000)

Train Epoch: 3 [2000/60000 (3%)]	Loss: 0.197453
Train Epoch: 3 [4000/60000 (7%)]	Loss: 0.076690
Train Epoch: 3 [6000/60000 (10%)]	Loss: 0.047490
Train Epoch: 3 [8000/60000 (13%)]	Loss: 0.075192
Train Epoch: 3 [10000/60000 (17%)]	Loss: 0.203394
Train Epoch: 3 [12000/60000 (20%)]	Loss: 0.135451
Train Epoch: 3 [14000/60000 (23%)]	Loss: 0.066167
Train Epoch: 3 [16000/60000 (27%)]	Loss: 0.119121
Train Epoch: 3 [18000/60000 (30%)]	Loss: 0.114821
Train Epoch: 3 [20000/60000 (33%)]	Loss: 0.078657
Train Epoch: 3 [22000/60000 (37%)]	Loss: 0.094153
Train Epoch: 3 [24000/60000 (40%)]	Loss: 0.131773
Train Epoch: 3 [26000/60000 (43%)]	Loss: 0.086378
Train Epoch: 3 [28000/60000 (47%)]	Loss: 0.063215
Train Epoch: 3 [30000/60000 (50%)]	Loss: 0.132629
Train Epoch: 3 [32000/60000 (53%)]	Loss: 0.135136
Train Epoch: 3 [34000/60000 (57%)]	Loss: 0.084088
Train Epoch: 3 [36000/60000 (60%)]	Loss: 0.079353
Train Epoch: 3 [38000/60000 (63%)]	Loss: 0.094976
Train Epoch: 3 [40000/60000 (67%)]	Loss: 0.083958
Train Epoch: 3 [42000/60000 (70%)]	Loss: 0.079564
Train Epoch: 3 [44000/60000 (73%)]	Loss: 0.069184
Train Epoch: 3 [46000/60000 (77%)]	Loss: 0.151973
Train Epoch: 3 [48000/60000 (80%)]	Loss: 0.105868
Train Epoch: 3 [50000/60000 (83%)]	Loss: 0.133404
Train Epoch: 3 [52000/60000 (87%)]	Loss: 0.089727
Train Epoch: 3 [54000/60000 (90%)]	Loss: 0.034693
Train Epoch: 3 [56000/60000 (93%)]	Loss: 0.045102
Train Epoch: 3 [58000/60000 (97%)]	Loss: 0.079192
Train Epoch: 3 [60000/60000 (100%)]	Loss: 0.102157

Average Training loss: 0.0047, Training Error Rate: 9.64% (5782/60000)


Average Test loss: 0.0824, Test Error Rate: 8.30% (830/10000)

Train Epoch: 4 [2000/60000 (3%)]	Loss: 0.065369
Train Epoch: 4 [4000/60000 (7%)]	Loss: 0.112939
Train Epoch: 4 [6000/60000 (10%)]	Loss: 0.103298
Train Epoch: 4 [8000/60000 (13%)]	Loss: 0.117488
Train Epoch: 4 [10000/60000 (17%)]	Loss: 0.052846
Train Epoch: 4 [12000/60000 (20%)]	Loss: 0.112702
Train Epoch: 4 [14000/60000 (23%)]	Loss: 0.079479
Train Epoch: 4 [16000/60000 (27%)]	Loss: 0.118824
Train Epoch: 4 [18000/60000 (30%)]	Loss: 0.031993
Train Epoch: 4 [20000/60000 (33%)]	Loss: 0.094480
Train Epoch: 4 [22000/60000 (37%)]	Loss: 0.097453
Train Epoch: 4 [24000/60000 (40%)]	Loss: 0.116901
Train Epoch: 4 [26000/60000 (43%)]	Loss: 0.114666
Train Epoch: 4 [28000/60000 (47%)]	Loss: 0.066471
Train Epoch: 4 [30000/60000 (50%)]	Loss: 0.060843
Train Epoch: 4 [32000/60000 (53%)]	Loss: 0.080998
Train Epoch: 4 [34000/60000 (57%)]	Loss: 0.052717
Train Epoch: 4 [36000/60000 (60%)]	Loss: 0.085516
Train Epoch: 4 [38000/60000 (63%)]	Loss: 0.118677
Train Epoch: 4 [40000/60000 (67%)]	Loss: 0.030877
Train Epoch: 4 [42000/60000 (70%)]	Loss: 0.121472
Train Epoch: 4 [44000/60000 (73%)]	Loss: 0.063683
Train Epoch: 4 [46000/60000 (77%)]	Loss: 0.091482
Train Epoch: 4 [48000/60000 (80%)]	Loss: 0.050571
Train Epoch: 4 [50000/60000 (83%)]	Loss: 0.139201
Train Epoch: 4 [52000/60000 (87%)]	Loss: 0.079732
Train Epoch: 4 [54000/60000 (90%)]	Loss: 0.089435
Train Epoch: 4 [56000/60000 (93%)]	Loss: 0.072606
Train Epoch: 4 [58000/60000 (97%)]	Loss: 0.068705
Train Epoch: 4 [60000/60000 (100%)]	Loss: 0.063237

Average Training loss: 0.0042, Training Error Rate: 8.76% (5254/60000)


Average Test loss: 0.0764, Test Error Rate: 7.93% (793/10000)

Train Epoch: 5 [2000/60000 (3%)]	Loss: 0.056361
Train Epoch: 5 [4000/60000 (7%)]	Loss: 0.051644
Train Epoch: 5 [6000/60000 (10%)]	Loss: 0.082527
Train Epoch: 5 [8000/60000 (13%)]	Loss: 0.049748
Train Epoch: 5 [10000/60000 (17%)]	Loss: 0.054598
Train Epoch: 5 [12000/60000 (20%)]	Loss: 0.040078
Train Epoch: 5 [14000/60000 (23%)]	Loss: 0.155524
Train Epoch: 5 [16000/60000 (27%)]	Loss: 0.111597
Train Epoch: 5 [18000/60000 (30%)]	Loss: 0.120814
Train Epoch: 5 [20000/60000 (33%)]	Loss: 0.060194
Train Epoch: 5 [22000/60000 (37%)]	Loss: 0.060143
Train Epoch: 5 [24000/60000 (40%)]	Loss: 0.130753
Train Epoch: 5 [26000/60000 (43%)]	Loss: 0.124460
Train Epoch: 5 [28000/60000 (47%)]	Loss: 0.065128
Train Epoch: 5 [30000/60000 (50%)]	Loss: 0.047247
Train Epoch: 5 [32000/60000 (53%)]	Loss: 0.073449
Train Epoch: 5 [34000/60000 (57%)]	Loss: 0.054648
Train Epoch: 5 [36000/60000 (60%)]	Loss: 0.024783
Train Epoch: 5 [38000/60000 (63%)]	Loss: 0.073316
Train Epoch: 5 [40000/60000 (67%)]	Loss: 0.038473
Train Epoch: 5 [42000/60000 (70%)]	Loss: 0.119640
Train Epoch: 5 [44000/60000 (73%)]	Loss: 0.032653
Train Epoch: 5 [46000/60000 (77%)]	Loss: 0.071927
Train Epoch: 5 [48000/60000 (80%)]	Loss: 0.132779
Train Epoch: 5 [50000/60000 (83%)]	Loss: 0.066177
Train Epoch: 5 [52000/60000 (87%)]	Loss: 0.077939
Train Epoch: 5 [54000/60000 (90%)]	Loss: 0.129030
Train Epoch: 5 [56000/60000 (93%)]	Loss: 0.078824
Train Epoch: 5 [58000/60000 (97%)]	Loss: 0.087113
Train Epoch: 5 [60000/60000 (100%)]	Loss: 0.106639

Average Training loss: 0.0038, Training Error Rate: 7.91% (4745/60000)


Average Test loss: 0.0720, Test Error Rate: 7.42% (742/10000)

Train Epoch: 6 [2000/60000 (3%)]	Loss: 0.057433
Train Epoch: 6 [4000/60000 (7%)]	Loss: 0.063367
Train Epoch: 6 [6000/60000 (10%)]	Loss: 0.048697
Train Epoch: 6 [8000/60000 (13%)]	Loss: 0.118840
Train Epoch: 6 [10000/60000 (17%)]	Loss: 0.078059
Train Epoch: 6 [12000/60000 (20%)]	Loss: 0.066529
Train Epoch: 6 [14000/60000 (23%)]	Loss: 0.078387
Train Epoch: 6 [16000/60000 (27%)]	Loss: 0.018991
Train Epoch: 6 [18000/60000 (30%)]	Loss: 0.046363
Train Epoch: 6 [20000/60000 (33%)]	Loss: 0.073195
Train Epoch: 6 [22000/60000 (37%)]	Loss: 0.126828
Train Epoch: 6 [24000/60000 (40%)]	Loss: 0.016886
Train Epoch: 6 [26000/60000 (43%)]	Loss: 0.028775
Train Epoch: 6 [28000/60000 (47%)]	Loss: 0.074925
Train Epoch: 6 [30000/60000 (50%)]	Loss: 0.153528
Train Epoch: 6 [32000/60000 (53%)]	Loss: 0.163569
Train Epoch: 6 [34000/60000 (57%)]	Loss: 0.066168
Train Epoch: 6 [36000/60000 (60%)]	Loss: 0.094872
Train Epoch: 6 [38000/60000 (63%)]	Loss: 0.066589
Train Epoch: 6 [40000/60000 (67%)]	Loss: 0.070300
Train Epoch: 6 [42000/60000 (70%)]	Loss: 0.043968
Train Epoch: 6 [44000/60000 (73%)]	Loss: 0.056358
Train Epoch: 6 [46000/60000 (77%)]	Loss: 0.072576
Train Epoch: 6 [48000/60000 (80%)]	Loss: 0.074552
Train Epoch: 6 [50000/60000 (83%)]	Loss: 0.122172
Train Epoch: 6 [52000/60000 (87%)]	Loss: 0.095962
Train Epoch: 6 [54000/60000 (90%)]	Loss: 0.023733
Train Epoch: 6 [56000/60000 (93%)]	Loss: 0.116893
Train Epoch: 6 [58000/60000 (97%)]	Loss: 0.062680
Train Epoch: 6 [60000/60000 (100%)]	Loss: 0.111391

Average Training loss: 0.0036, Training Error Rate: 7.49% (4491/60000)


Average Test loss: 0.0678, Test Error Rate: 7.11% (711/10000)

Train Epoch: 7 [2000/60000 (3%)]	Loss: 0.077409
Train Epoch: 7 [4000/60000 (7%)]	Loss: 0.086498
Train Epoch: 7 [6000/60000 (10%)]	Loss: 0.038712
Train Epoch: 7 [8000/60000 (13%)]	Loss: 0.080970
Train Epoch: 7 [10000/60000 (17%)]	Loss: 0.038066
Train Epoch: 7 [12000/60000 (20%)]	Loss: 0.058196
Train Epoch: 7 [14000/60000 (23%)]	Loss: 0.044878
Train Epoch: 7 [16000/60000 (27%)]	Loss: 0.115502
Train Epoch: 7 [18000/60000 (30%)]	Loss: 0.033062
Train Epoch: 7 [20000/60000 (33%)]	Loss: 0.091778
Train Epoch: 7 [22000/60000 (37%)]	Loss: 0.041034
Train Epoch: 7 [24000/60000 (40%)]	Loss: 0.076231
Train Epoch: 7 [26000/60000 (43%)]	Loss: 0.091716
Train Epoch: 7 [28000/60000 (47%)]	Loss: 0.045806
Train Epoch: 7 [30000/60000 (50%)]	Loss: 0.069505
Train Epoch: 7 [32000/60000 (53%)]	Loss: 0.025135
Train Epoch: 7 [34000/60000 (57%)]	Loss: 0.040137
Train Epoch: 7 [36000/60000 (60%)]	Loss: 0.041329
Train Epoch: 7 [38000/60000 (63%)]	Loss: 0.037191
Train Epoch: 7 [40000/60000 (67%)]	Loss: 0.060889
Train Epoch: 7 [42000/60000 (70%)]	Loss: 0.170023
Train Epoch: 7 [44000/60000 (73%)]	Loss: 0.040304
Train Epoch: 7 [46000/60000 (77%)]	Loss: 0.059686
Train Epoch: 7 [48000/60000 (80%)]	Loss: 0.088845
Train Epoch: 7 [50000/60000 (83%)]	Loss: 0.077630
Train Epoch: 7 [52000/60000 (87%)]	Loss: 0.022224
Train Epoch: 7 [54000/60000 (90%)]	Loss: 0.089249
Train Epoch: 7 [56000/60000 (93%)]	Loss: 0.090957
Train Epoch: 7 [58000/60000 (97%)]	Loss: 0.049622
Train Epoch: 7 [60000/60000 (100%)]	Loss: 0.047633

Average Training loss: 0.0033, Training Error Rate: 7.04% (4221/60000)


Average Test loss: 0.0625, Test Error Rate: 6.73% (673/10000)

Train Epoch: 8 [2000/60000 (3%)]	Loss: 0.094842
Train Epoch: 8 [4000/60000 (7%)]	Loss: 0.114658
Train Epoch: 8 [6000/60000 (10%)]	Loss: 0.026156
Train Epoch: 8 [8000/60000 (13%)]	Loss: 0.080860
Train Epoch: 8 [10000/60000 (17%)]	Loss: 0.014576
Train Epoch: 8 [12000/60000 (20%)]	Loss: 0.020189
Train Epoch: 8 [14000/60000 (23%)]	Loss: 0.028155
Train Epoch: 8 [16000/60000 (27%)]	Loss: 0.033261
Train Epoch: 8 [18000/60000 (30%)]	Loss: 0.056577
Train Epoch: 8 [20000/60000 (33%)]	Loss: 0.095704
Train Epoch: 8 [22000/60000 (37%)]	Loss: 0.105034
Train Epoch: 8 [24000/60000 (40%)]	Loss: 0.084936
Train Epoch: 8 [26000/60000 (43%)]	Loss: 0.059634
Train Epoch: 8 [28000/60000 (47%)]	Loss: 0.054731
Train Epoch: 8 [30000/60000 (50%)]	Loss: 0.053391
Train Epoch: 8 [32000/60000 (53%)]	Loss: 0.013480
Train Epoch: 8 [34000/60000 (57%)]	Loss: 0.022936
Train Epoch: 8 [36000/60000 (60%)]	Loss: 0.088884
Train Epoch: 8 [38000/60000 (63%)]	Loss: 0.059845
Train Epoch: 8 [40000/60000 (67%)]	Loss: 0.057506
Train Epoch: 8 [42000/60000 (70%)]	Loss: 0.058563
Train Epoch: 8 [44000/60000 (73%)]	Loss: 0.067787
Train Epoch: 8 [46000/60000 (77%)]	Loss: 0.088057
Train Epoch: 8 [48000/60000 (80%)]	Loss: 0.095348
Train Epoch: 8 [50000/60000 (83%)]	Loss: 0.066138
Train Epoch: 8 [52000/60000 (87%)]	Loss: 0.112768
Train Epoch: 8 [54000/60000 (90%)]	Loss: 0.051006
Train Epoch: 8 [56000/60000 (93%)]	Loss: 0.019538
Train Epoch: 8 [58000/60000 (97%)]	Loss: 0.028986
Train Epoch: 8 [60000/60000 (100%)]	Loss: 0.033628

Average Training loss: 0.0032, Training Error Rate: 6.68% (4006/60000)


Average Test loss: 0.0607, Test Error Rate: 6.32% (632/10000)

Train Epoch: 9 [2000/60000 (3%)]	Loss: 0.074054
Train Epoch: 9 [4000/60000 (7%)]	Loss: 0.103818
Train Epoch: 9 [6000/60000 (10%)]	Loss: 0.073580
Train Epoch: 9 [8000/60000 (13%)]	Loss: 0.017039
Train Epoch: 9 [10000/60000 (17%)]	Loss: 0.042110
Train Epoch: 9 [12000/60000 (20%)]	Loss: 0.056386
Train Epoch: 9 [14000/60000 (23%)]	Loss: 0.135221
Train Epoch: 9 [16000/60000 (27%)]	Loss: 0.058133
Train Epoch: 9 [18000/60000 (30%)]	Loss: 0.065814
Train Epoch: 9 [20000/60000 (33%)]	Loss: 0.012528
Train Epoch: 9 [22000/60000 (37%)]	Loss: 0.027103
Train Epoch: 9 [24000/60000 (40%)]	Loss: 0.072739
Train Epoch: 9 [26000/60000 (43%)]	Loss: 0.066533
Train Epoch: 9 [28000/60000 (47%)]	Loss: 0.050394
Train Epoch: 9 [30000/60000 (50%)]	Loss: 0.087269
Train Epoch: 9 [32000/60000 (53%)]	Loss: 0.033690
Train Epoch: 9 [34000/60000 (57%)]	Loss: 0.056468
Train Epoch: 9 [36000/60000 (60%)]	Loss: 0.036953
Train Epoch: 9 [38000/60000 (63%)]	Loss: 0.081042
Train Epoch: 9 [40000/60000 (67%)]	Loss: 0.054477
Train Epoch: 9 [42000/60000 (70%)]	Loss: 0.047063
Train Epoch: 9 [44000/60000 (73%)]	Loss: 0.022334
Train Epoch: 9 [46000/60000 (77%)]	Loss: 0.079708
Train Epoch: 9 [48000/60000 (80%)]	Loss: 0.049313
Train Epoch: 9 [50000/60000 (83%)]	Loss: 0.061194
Train Epoch: 9 [52000/60000 (87%)]	Loss: 0.045429
Train Epoch: 9 [54000/60000 (90%)]	Loss: 0.103181
Train Epoch: 9 [56000/60000 (93%)]	Loss: 0.017878
Train Epoch: 9 [58000/60000 (97%)]	Loss: 0.124517
Train Epoch: 9 [60000/60000 (100%)]	Loss: 0.112840

Average Training loss: 0.0030, Training Error Rate: 6.31% (3785/60000)


Average Test loss: 0.0572, Test Error Rate: 6.00% (600/10000)

Train Epoch: 10 [2000/60000 (3%)]	Loss: 0.050347
Train Epoch: 10 [4000/60000 (7%)]	Loss: 0.079706
Train Epoch: 10 [6000/60000 (10%)]	Loss: 0.022101
Train Epoch: 10 [8000/60000 (13%)]	Loss: 0.035574
Train Epoch: 10 [10000/60000 (17%)]	Loss: 0.049543
Train Epoch: 10 [12000/60000 (20%)]	Loss: 0.064477
Train Epoch: 10 [14000/60000 (23%)]	Loss: 0.023401
Train Epoch: 10 [16000/60000 (27%)]	Loss: 0.077538
Train Epoch: 10 [18000/60000 (30%)]	Loss: 0.025021
Train Epoch: 10 [20000/60000 (33%)]	Loss: 0.009528
Train Epoch: 10 [22000/60000 (37%)]	Loss: 0.018539
Train Epoch: 10 [24000/60000 (40%)]	Loss: 0.059577
Train Epoch: 10 [26000/60000 (43%)]	Loss: 0.037700
Train Epoch: 10 [28000/60000 (47%)]	Loss: 0.030418
Train Epoch: 10 [30000/60000 (50%)]	Loss: 0.055506
Train Epoch: 10 [32000/60000 (53%)]	Loss: 0.030336
Train Epoch: 10 [34000/60000 (57%)]	Loss: 0.008687
Train Epoch: 10 [36000/60000 (60%)]	Loss: 0.057829
Train Epoch: 10 [38000/60000 (63%)]	Loss: 0.115079
Train Epoch: 10 [40000/60000 (67%)]	Loss: 0.023089
Train Epoch: 10 [42000/60000 (70%)]	Loss: 0.069544
Train Epoch: 10 [44000/60000 (73%)]	Loss: 0.015326
Train Epoch: 10 [46000/60000 (77%)]	Loss: 0.064331
Train Epoch: 10 [48000/60000 (80%)]	Loss: 0.053746
Train Epoch: 10 [50000/60000 (83%)]	Loss: 0.037724
Train Epoch: 10 [52000/60000 (87%)]	Loss: 0.069335
Train Epoch: 10 [54000/60000 (90%)]	Loss: 0.046001
Train Epoch: 10 [56000/60000 (93%)]	Loss: 0.044891
Train Epoch: 10 [58000/60000 (97%)]	Loss: 0.019086
Train Epoch: 10 [60000/60000 (100%)]	Loss: 0.029888

Average Training loss: 0.0029, Training Error Rate: 6.09% (3656/60000)


Average Test loss: 0.0562, Test Error Rate: 5.97% (597/10000)

Train Epoch: 11 [2000/60000 (3%)]	Loss: 0.023421
Train Epoch: 11 [4000/60000 (7%)]	Loss: 0.044715
Train Epoch: 11 [6000/60000 (10%)]	Loss: 0.042582
Train Epoch: 11 [8000/60000 (13%)]	Loss: 0.048987
Train Epoch: 11 [10000/60000 (17%)]	Loss: 0.013062
Train Epoch: 11 [12000/60000 (20%)]	Loss: 0.018461
Train Epoch: 11 [14000/60000 (23%)]	Loss: 0.036911
Train Epoch: 11 [16000/60000 (27%)]	Loss: 0.060404
Train Epoch: 11 [18000/60000 (30%)]	Loss: 0.027066
Train Epoch: 11 [20000/60000 (33%)]	Loss: 0.071618
Train Epoch: 11 [22000/60000 (37%)]	Loss: 0.076459
Train Epoch: 11 [24000/60000 (40%)]	Loss: 0.089207
Train Epoch: 11 [26000/60000 (43%)]	Loss: 0.031831
Train Epoch: 11 [28000/60000 (47%)]	Loss: 0.060051
Train Epoch: 11 [30000/60000 (50%)]	Loss: 0.030851
Train Epoch: 11 [32000/60000 (53%)]	Loss: 0.015227
Train Epoch: 11 [34000/60000 (57%)]	Loss: 0.030012
Train Epoch: 11 [36000/60000 (60%)]	Loss: 0.100936
Train Epoch: 11 [38000/60000 (63%)]	Loss: 0.058637
Train Epoch: 11 [40000/60000 (67%)]	Loss: 0.100838
Train Epoch: 11 [42000/60000 (70%)]	Loss: 0.018600
Train Epoch: 11 [44000/60000 (73%)]	Loss: 0.022857
Train Epoch: 11 [46000/60000 (77%)]	Loss: 0.085171
Train Epoch: 11 [48000/60000 (80%)]	Loss: 0.057595
Train Epoch: 11 [50000/60000 (83%)]	Loss: 0.099728
Train Epoch: 11 [52000/60000 (87%)]	Loss: 0.067456
Train Epoch: 11 [54000/60000 (90%)]	Loss: 0.088435
Train Epoch: 11 [56000/60000 (93%)]	Loss: 0.062608
Train Epoch: 11 [58000/60000 (97%)]	Loss: 0.023429
Train Epoch: 11 [60000/60000 (100%)]	Loss: 0.064779

Average Training loss: 0.0028, Training Error Rate: 5.81% (3487/60000)


Average Test loss: 0.0538, Test Error Rate: 5.85% (585/10000)

Train Epoch: 12 [2000/60000 (3%)]	Loss: 0.050100
Train Epoch: 12 [4000/60000 (7%)]	Loss: 0.060813
Train Epoch: 12 [6000/60000 (10%)]	Loss: 0.030501
Train Epoch: 12 [8000/60000 (13%)]	Loss: 0.029342
Train Epoch: 12 [10000/60000 (17%)]	Loss: 0.014895
Train Epoch: 12 [12000/60000 (20%)]	Loss: 0.019166
Train Epoch: 12 [14000/60000 (23%)]	Loss: 0.075632
Train Epoch: 12 [16000/60000 (27%)]	Loss: 0.054608
Train Epoch: 12 [18000/60000 (30%)]	Loss: 0.014005
Train Epoch: 12 [20000/60000 (33%)]	Loss: 0.101557
Train Epoch: 12 [22000/60000 (37%)]	Loss: 0.022961
Train Epoch: 12 [24000/60000 (40%)]	Loss: 0.085989
Train Epoch: 12 [26000/60000 (43%)]	Loss: 0.037350
Train Epoch: 12 [28000/60000 (47%)]	Loss: 0.091040
Train Epoch: 12 [30000/60000 (50%)]	Loss: 0.077229
Train Epoch: 12 [32000/60000 (53%)]	Loss: 0.054983
Train Epoch: 12 [34000/60000 (57%)]	Loss: 0.077565
Train Epoch: 12 [36000/60000 (60%)]	Loss: 0.056403
Train Epoch: 12 [38000/60000 (63%)]	Loss: 0.040206
Train Epoch: 12 [40000/60000 (67%)]	Loss: 0.046363
Train Epoch: 12 [42000/60000 (70%)]	Loss: 0.026798
Train Epoch: 12 [44000/60000 (73%)]	Loss: 0.022335
Train Epoch: 12 [46000/60000 (77%)]	Loss: 0.054942
Train Epoch: 12 [48000/60000 (80%)]	Loss: 0.079679
Train Epoch: 12 [50000/60000 (83%)]	Loss: 0.041254
Train Epoch: 12 [52000/60000 (87%)]	Loss: 0.031465
Train Epoch: 12 [54000/60000 (90%)]	Loss: 0.045172
Train Epoch: 12 [56000/60000 (93%)]	Loss: 0.059976
Train Epoch: 12 [58000/60000 (97%)]	Loss: 0.041411
Train Epoch: 12 [60000/60000 (100%)]	Loss: 0.052473

Average Training loss: 0.0027, Training Error Rate: 5.63% (3381/60000)


Average Test loss: 0.0517, Test Error Rate: 5.40% (540/10000)

Train Epoch: 13 [2000/60000 (3%)]	Loss: 0.072170
Train Epoch: 13 [4000/60000 (7%)]	Loss: 0.033459
Train Epoch: 13 [6000/60000 (10%)]	Loss: 0.026512
Train Epoch: 13 [8000/60000 (13%)]	Loss: 0.046405
Train Epoch: 13 [10000/60000 (17%)]	Loss: 0.041693
Train Epoch: 13 [12000/60000 (20%)]	Loss: 0.008806
Train Epoch: 13 [14000/60000 (23%)]	Loss: 0.030612
Train Epoch: 13 [16000/60000 (27%)]	Loss: 0.025802
Train Epoch: 13 [18000/60000 (30%)]	Loss: 0.008997
Train Epoch: 13 [20000/60000 (33%)]	Loss: 0.064092
Train Epoch: 13 [22000/60000 (37%)]	Loss: 0.037604
Train Epoch: 13 [24000/60000 (40%)]	Loss: 0.044571
Train Epoch: 13 [26000/60000 (43%)]	Loss: 0.037059
Train Epoch: 13 [28000/60000 (47%)]	Loss: 0.082911
Train Epoch: 13 [30000/60000 (50%)]	Loss: 0.051970
Train Epoch: 13 [32000/60000 (53%)]	Loss: 0.033088
Train Epoch: 13 [34000/60000 (57%)]	Loss: 0.020015
Train Epoch: 13 [36000/60000 (60%)]	Loss: 0.034899
Train Epoch: 13 [38000/60000 (63%)]	Loss: 0.068994
Train Epoch: 13 [40000/60000 (67%)]	Loss: 0.056810
Train Epoch: 13 [42000/60000 (70%)]	Loss: 0.028848
Train Epoch: 13 [44000/60000 (73%)]	Loss: 0.040592
Train Epoch: 13 [46000/60000 (77%)]	Loss: 0.038250
Train Epoch: 13 [48000/60000 (80%)]	Loss: 0.042527
Train Epoch: 13 [50000/60000 (83%)]	Loss: 0.053915
Train Epoch: 13 [52000/60000 (87%)]	Loss: 0.159469
Train Epoch: 13 [54000/60000 (90%)]	Loss: 0.027643
Train Epoch: 13 [56000/60000 (93%)]	Loss: 0.020372
Train Epoch: 13 [58000/60000 (97%)]	Loss: 0.053477
Train Epoch: 13 [60000/60000 (100%)]	Loss: 0.060519

Average Training loss: 0.0026, Training Error Rate: 5.41% (3243/60000)


Average Test loss: 0.0500, Test Error Rate: 5.29% (529/10000)

Train Epoch: 14 [2000/60000 (3%)]	Loss: 0.034485
Train Epoch: 14 [4000/60000 (7%)]	Loss: 0.047314
Train Epoch: 14 [6000/60000 (10%)]	Loss: 0.049769
Train Epoch: 14 [8000/60000 (13%)]	Loss: 0.024324
Train Epoch: 14 [10000/60000 (17%)]	Loss: 0.033605
Train Epoch: 14 [12000/60000 (20%)]	Loss: 0.079310
Train Epoch: 14 [14000/60000 (23%)]	Loss: 0.049420
Train Epoch: 14 [16000/60000 (27%)]	Loss: 0.044774
Train Epoch: 14 [18000/60000 (30%)]	Loss: 0.028682
Train Epoch: 14 [20000/60000 (33%)]	Loss: 0.020900
Train Epoch: 14 [22000/60000 (37%)]	Loss: 0.046940
Train Epoch: 14 [24000/60000 (40%)]	Loss: 0.020838
Train Epoch: 14 [26000/60000 (43%)]	Loss: 0.021920
Train Epoch: 14 [28000/60000 (47%)]	Loss: 0.039733
Train Epoch: 14 [30000/60000 (50%)]	Loss: 0.029232
Train Epoch: 14 [32000/60000 (53%)]	Loss: 0.044452
Train Epoch: 14 [34000/60000 (57%)]	Loss: 0.040841
Train Epoch: 14 [36000/60000 (60%)]	Loss: 0.098122
Train Epoch: 14 [38000/60000 (63%)]	Loss: 0.029212
Train Epoch: 14 [40000/60000 (67%)]	Loss: 0.018912
Train Epoch: 14 [42000/60000 (70%)]	Loss: 0.045007
Train Epoch: 14 [44000/60000 (73%)]	Loss: 0.022118
Train Epoch: 14 [46000/60000 (77%)]	Loss: 0.022549
Train Epoch: 14 [48000/60000 (80%)]	Loss: 0.045754
Train Epoch: 14 [50000/60000 (83%)]	Loss: 0.066319
Train Epoch: 14 [52000/60000 (87%)]	Loss: 0.011980
Train Epoch: 14 [54000/60000 (90%)]	Loss: 0.003019
Train Epoch: 14 [56000/60000 (93%)]	Loss: 0.030021
Train Epoch: 14 [58000/60000 (97%)]	Loss: 0.095364
Train Epoch: 14 [60000/60000 (100%)]	Loss: 0.057839

Average Training loss: 0.0025, Training Error Rate: 5.12% (3075/60000)


Average Test loss: 0.0487, Test Error Rate: 5.25% (525/10000)

Train Epoch: 15 [2000/60000 (3%)]	Loss: 0.105913
Train Epoch: 15 [4000/60000 (7%)]	Loss: 0.014116
Train Epoch: 15 [6000/60000 (10%)]	Loss: 0.043300
Train Epoch: 15 [8000/60000 (13%)]	Loss: 0.026190
Train Epoch: 15 [10000/60000 (17%)]	Loss: 0.016193
Train Epoch: 15 [12000/60000 (20%)]	Loss: 0.074039
Train Epoch: 15 [14000/60000 (23%)]	Loss: 0.028245
Train Epoch: 15 [16000/60000 (27%)]	Loss: 0.069044
Train Epoch: 15 [18000/60000 (30%)]	Loss: 0.048066
Train Epoch: 15 [20000/60000 (33%)]	Loss: 0.024347
Train Epoch: 15 [22000/60000 (37%)]	Loss: 0.108438
Train Epoch: 15 [24000/60000 (40%)]	Loss: 0.088236
Train Epoch: 15 [26000/60000 (43%)]	Loss: 0.084559
Train Epoch: 15 [28000/60000 (47%)]	Loss: 0.076782
Train Epoch: 15 [30000/60000 (50%)]	Loss: 0.081112
Train Epoch: 15 [32000/60000 (53%)]	Loss: 0.009545
Train Epoch: 15 [34000/60000 (57%)]	Loss: 0.013629
Train Epoch: 15 [36000/60000 (60%)]	Loss: 0.023888
Train Epoch: 15 [38000/60000 (63%)]	Loss: 0.060787
Train Epoch: 15 [40000/60000 (67%)]	Loss: 0.106163
Train Epoch: 15 [42000/60000 (70%)]	Loss: 0.046060
Train Epoch: 15 [44000/60000 (73%)]	Loss: 0.030406
Train Epoch: 15 [46000/60000 (77%)]	Loss: 0.046034
Train Epoch: 15 [48000/60000 (80%)]	Loss: 0.048348
Train Epoch: 15 [50000/60000 (83%)]	Loss: 0.058210
Train Epoch: 15 [52000/60000 (87%)]	Loss: 0.046812
Train Epoch: 15 [54000/60000 (90%)]	Loss: 0.116249
Train Epoch: 15 [56000/60000 (93%)]	Loss: 0.038787
Train Epoch: 15 [58000/60000 (97%)]	Loss: 0.053019
Train Epoch: 15 [60000/60000 (100%)]	Loss: 0.022256

Average Training loss: 0.0024, Training Error Rate: 4.96% (2979/60000)


Average Test loss: 0.0479, Test Error Rate: 5.08% (508/10000)

Train Epoch: 16 [2000/60000 (3%)]	Loss: 0.022642
Train Epoch: 16 [4000/60000 (7%)]	Loss: 0.033949
Train Epoch: 16 [6000/60000 (10%)]	Loss: 0.036777
Train Epoch: 16 [8000/60000 (13%)]	Loss: 0.033176
Train Epoch: 16 [10000/60000 (17%)]	Loss: 0.033893
