/vast/home/ajherman/miniconda3/envs/pytorch/lib/python3.11/site-packages/torchvision/io/image.py:13: UserWarning: Failed to load image Python extension: '/vast/home/ajherman/miniconda3/envs/pytorch/lib/python3.11/site-packages/torchvision/image.so: undefined symbol: _ZN5torch3jit17parseSchemaOrNameERKNSt7__cxx1112basic_stringIcSt11char_traitsIcESaIcEEE'If you don't plan on using image functionality from `torchvision.io`, you can ignore this warning. Otherwise, there might be something wrong with your environment. Did you have `libjpeg` or `libpng` installed before building `torchvision` from source?
  warn(
Train Epoch: 1 [2000/60000 (3%)]	Loss: 0.430409
Train Epoch: 1 [4000/60000 (7%)]	Loss: 0.385278
Train Epoch: 1 [6000/60000 (10%)]	Loss: 0.408617
Train Epoch: 1 [8000/60000 (13%)]	Loss: 0.402900
Train Epoch: 1 [10000/60000 (17%)]	Loss: 0.345426
Train Epoch: 1 [12000/60000 (20%)]	Loss: 0.299695
Train Epoch: 1 [14000/60000 (23%)]	Loss: 0.305224
Train Epoch: 1 [16000/60000 (27%)]	Loss: 0.315162
Train Epoch: 1 [18000/60000 (30%)]	Loss: 0.232916
Train Epoch: 1 [20000/60000 (33%)]	Loss: 0.318755
Train Epoch: 1 [22000/60000 (37%)]	Loss: 0.268893
Train Epoch: 1 [24000/60000 (40%)]	Loss: 0.190163
Train Epoch: 1 [26000/60000 (43%)]	Loss: 0.222687
Train Epoch: 1 [28000/60000 (47%)]	Loss: 0.200031
Train Epoch: 1 [30000/60000 (50%)]	Loss: 0.262819
Train Epoch: 1 [32000/60000 (53%)]	Loss: 0.202271
Train Epoch: 1 [34000/60000 (57%)]	Loss: 0.251214
Train Epoch: 1 [36000/60000 (60%)]	Loss: 0.195542
Train Epoch: 1 [38000/60000 (63%)]	Loss: 0.282007
Train Epoch: 1 [40000/60000 (67%)]	Loss: 0.147605
Train Epoch: 1 [42000/60000 (70%)]	Loss: 0.218971
Train Epoch: 1 [44000/60000 (73%)]	Loss: 0.245325
Train Epoch: 1 [46000/60000 (77%)]	Loss: 0.245797
Train Epoch: 1 [48000/60000 (80%)]	Loss: 0.154217
Train Epoch: 1 [50000/60000 (83%)]	Loss: 0.184331
Train Epoch: 1 [52000/60000 (87%)]	Loss: 0.241172
Train Epoch: 1 [54000/60000 (90%)]	Loss: 0.210126
Train Epoch: 1 [56000/60000 (93%)]	Loss: 0.204092
Train Epoch: 1 [58000/60000 (97%)]	Loss: 0.199898
Train Epoch: 1 [60000/60000 (100%)]	Loss: 0.240837

Average Training loss: 0.0137, Training Error Rate: 32.66% (19596/60000)


Average Test loss: 0.2003, Test Error Rate: 24.77% (2477/10000)

Train Epoch: 2 [2000/60000 (3%)]	Loss: 0.254005
Train Epoch: 2 [4000/60000 (7%)]	Loss: 0.206260
Train Epoch: 2 [6000/60000 (10%)]	Loss: 0.223048
Train Epoch: 2 [8000/60000 (13%)]	Loss: 0.237245
Train Epoch: 2 [10000/60000 (17%)]	Loss: 0.110555
Train Epoch: 2 [12000/60000 (20%)]	Loss: 0.164668
Train Epoch: 2 [14000/60000 (23%)]	Loss: 0.208566
Train Epoch: 2 [16000/60000 (27%)]	Loss: 0.121242
Train Epoch: 2 [18000/60000 (30%)]	Loss: 0.176817
Train Epoch: 2 [20000/60000 (33%)]	Loss: 0.187884
Train Epoch: 2 [22000/60000 (37%)]	Loss: 0.166008
Train Epoch: 2 [24000/60000 (40%)]	Loss: 0.140832
Train Epoch: 2 [26000/60000 (43%)]	Loss: 0.133176
Train Epoch: 2 [28000/60000 (47%)]	Loss: 0.181466
Train Epoch: 2 [30000/60000 (50%)]	Loss: 0.192141
Train Epoch: 2 [32000/60000 (53%)]	Loss: 0.213868
Train Epoch: 2 [34000/60000 (57%)]	Loss: 0.221075
Train Epoch: 2 [36000/60000 (60%)]	Loss: 0.238610
Train Epoch: 2 [38000/60000 (63%)]	Loss: 0.172279
Train Epoch: 2 [40000/60000 (67%)]	Loss: 0.115218
Train Epoch: 2 [42000/60000 (70%)]	Loss: 0.126839
Train Epoch: 2 [44000/60000 (73%)]	Loss: 0.122675
Train Epoch: 2 [46000/60000 (77%)]	Loss: 0.224204
Train Epoch: 2 [48000/60000 (80%)]	Loss: 0.226072
Train Epoch: 2 [50000/60000 (83%)]	Loss: 0.137328
Train Epoch: 2 [52000/60000 (87%)]	Loss: 0.180973
Train Epoch: 2 [54000/60000 (90%)]	Loss: 0.137992
Train Epoch: 2 [56000/60000 (93%)]	Loss: 0.218627
Train Epoch: 2 [58000/60000 (97%)]	Loss: 0.142194
Train Epoch: 2 [60000/60000 (100%)]	Loss: 0.241857

Average Training loss: 0.0089, Training Error Rate: 22.28% (13368/60000)


Average Test loss: 0.1565, Test Error Rate: 20.13% (2013/10000)

Train Epoch: 3 [2000/60000 (3%)]	Loss: 0.201209
Train Epoch: 3 [4000/60000 (7%)]	Loss: 0.102261
Train Epoch: 3 [6000/60000 (10%)]	Loss: 0.235257
Train Epoch: 3 [8000/60000 (13%)]	Loss: 0.168826
Train Epoch: 3 [10000/60000 (17%)]	Loss: 0.161236
Train Epoch: 3 [12000/60000 (20%)]	Loss: 0.241778
Train Epoch: 3 [14000/60000 (23%)]	Loss: 0.145609
Train Epoch: 3 [16000/60000 (27%)]	Loss: 0.140902
Train Epoch: 3 [18000/60000 (30%)]	Loss: 0.108232
Train Epoch: 3 [20000/60000 (33%)]	Loss: 0.217892
Train Epoch: 3 [22000/60000 (37%)]	Loss: 0.208927
Train Epoch: 3 [24000/60000 (40%)]	Loss: 0.147723
Train Epoch: 3 [26000/60000 (43%)]	Loss: 0.161968
Train Epoch: 3 [28000/60000 (47%)]	Loss: 0.192992
Train Epoch: 3 [30000/60000 (50%)]	Loss: 0.212053
Train Epoch: 3 [32000/60000 (53%)]	Loss: 0.223824
Train Epoch: 3 [34000/60000 (57%)]	Loss: 0.182918
Train Epoch: 3 [36000/60000 (60%)]	Loss: 0.203787
Train Epoch: 3 [38000/60000 (63%)]	Loss: 0.250155
Train Epoch: 3 [40000/60000 (67%)]	Loss: 0.136246
Train Epoch: 3 [42000/60000 (70%)]	Loss: 0.101875
Train Epoch: 3 [44000/60000 (73%)]	Loss: 0.104674
Train Epoch: 3 [46000/60000 (77%)]	Loss: 0.245858
Train Epoch: 3 [48000/60000 (80%)]	Loss: 0.095146
Train Epoch: 3 [50000/60000 (83%)]	Loss: 0.135870
Train Epoch: 3 [52000/60000 (87%)]	Loss: 0.094560
Train Epoch: 3 [54000/60000 (90%)]	Loss: 0.128600
Train Epoch: 3 [56000/60000 (93%)]	Loss: 0.099084
Train Epoch: 3 [58000/60000 (97%)]	Loss: 0.096224
Train Epoch: 3 [60000/60000 (100%)]	Loss: 0.113561

Average Training loss: 0.0077, Training Error Rate: 20.54% (12326/60000)


Average Test loss: 0.1422, Test Error Rate: 18.89% (1889/10000)

Train Epoch: 4 [2000/60000 (3%)]	Loss: 0.086555
Train Epoch: 4 [4000/60000 (7%)]	Loss: 0.147000
Train Epoch: 4 [6000/60000 (10%)]	Loss: 0.189790
Train Epoch: 4 [8000/60000 (13%)]	Loss: 0.165324
Train Epoch: 4 [10000/60000 (17%)]	Loss: 0.193273
Train Epoch: 4 [12000/60000 (20%)]	Loss: 0.134640
Train Epoch: 4 [14000/60000 (23%)]	Loss: 0.207791
Train Epoch: 4 [16000/60000 (27%)]	Loss: 0.169161
Train Epoch: 4 [18000/60000 (30%)]	Loss: 0.236871
Train Epoch: 4 [20000/60000 (33%)]	Loss: 0.190599
Train Epoch: 4 [22000/60000 (37%)]	Loss: 0.100077
Train Epoch: 4 [24000/60000 (40%)]	Loss: 0.178055
Train Epoch: 4 [26000/60000 (43%)]	Loss: 0.110004
Train Epoch: 4 [28000/60000 (47%)]	Loss: 0.179621
Train Epoch: 4 [30000/60000 (50%)]	Loss: 0.092826
Train Epoch: 4 [32000/60000 (53%)]	Loss: 0.134414
Train Epoch: 4 [34000/60000 (57%)]	Loss: 0.067359
Train Epoch: 4 [36000/60000 (60%)]	Loss: 0.069710
Train Epoch: 4 [38000/60000 (63%)]	Loss: 0.130961
Train Epoch: 4 [40000/60000 (67%)]	Loss: 0.187827
Train Epoch: 4 [42000/60000 (70%)]	Loss: 0.200918
Train Epoch: 4 [44000/60000 (73%)]	Loss: 0.072546
Train Epoch: 4 [46000/60000 (77%)]	Loss: 0.176389
Train Epoch: 4 [48000/60000 (80%)]	Loss: 0.141568
Train Epoch: 4 [50000/60000 (83%)]	Loss: 0.108127
Train Epoch: 4 [52000/60000 (87%)]	Loss: 0.081703
Train Epoch: 4 [54000/60000 (90%)]	Loss: 0.152482
Train Epoch: 4 [56000/60000 (93%)]	Loss: 0.157494
Train Epoch: 4 [58000/60000 (97%)]	Loss: 0.065241
Train Epoch: 4 [60000/60000 (100%)]	Loss: 0.182046

Average Training loss: 0.0071, Training Error Rate: 19.65% (11789/60000)


Average Test loss: 0.1322, Test Error Rate: 17.92% (1792/10000)

Train Epoch: 5 [2000/60000 (3%)]	Loss: 0.187232
Train Epoch: 5 [4000/60000 (7%)]	Loss: 0.169668
Train Epoch: 5 [6000/60000 (10%)]	Loss: 0.167710
Train Epoch: 5 [8000/60000 (13%)]	Loss: 0.125698
Train Epoch: 5 [10000/60000 (17%)]	Loss: 0.118563
Train Epoch: 5 [12000/60000 (20%)]	Loss: 0.154958
Train Epoch: 5 [14000/60000 (23%)]	Loss: 0.067741
Train Epoch: 5 [16000/60000 (27%)]	Loss: 0.104311
Train Epoch: 5 [18000/60000 (30%)]	Loss: 0.135717
Train Epoch: 5 [20000/60000 (33%)]	Loss: 0.135805
Train Epoch: 5 [22000/60000 (37%)]	Loss: 0.142497
Train Epoch: 5 [24000/60000 (40%)]	Loss: 0.149021
Train Epoch: 5 [26000/60000 (43%)]	Loss: 0.087352
Train Epoch: 5 [28000/60000 (47%)]	Loss: 0.042682
Train Epoch: 5 [30000/60000 (50%)]	Loss: 0.171489
Train Epoch: 5 [32000/60000 (53%)]	Loss: 0.087270
Train Epoch: 5 [34000/60000 (57%)]	Loss: 0.191317
Train Epoch: 5 [36000/60000 (60%)]	Loss: 0.127739
Train Epoch: 5 [38000/60000 (63%)]	Loss: 0.135171
Train Epoch: 5 [40000/60000 (67%)]	Loss: 0.143739
Train Epoch: 5 [42000/60000 (70%)]	Loss: 0.170776
Train Epoch: 5 [44000/60000 (73%)]	Loss: 0.217979
Train Epoch: 5 [46000/60000 (77%)]	Loss: 0.174655
Train Epoch: 5 [48000/60000 (80%)]	Loss: 0.088240
Train Epoch: 5 [50000/60000 (83%)]	Loss: 0.148424
Train Epoch: 5 [52000/60000 (87%)]	Loss: 0.216233
Train Epoch: 5 [54000/60000 (90%)]	Loss: 0.164705
Train Epoch: 5 [56000/60000 (93%)]	Loss: 0.190331
Train Epoch: 5 [58000/60000 (97%)]	Loss: 0.250363
Train Epoch: 5 [60000/60000 (100%)]	Loss: 0.224736

Average Training loss: 0.0067, Training Error Rate: 18.96% (11375/60000)


Average Test loss: 0.1261, Test Error Rate: 17.63% (1763/10000)

Train Epoch: 6 [2000/60000 (3%)]	Loss: 0.176874
Train Epoch: 6 [4000/60000 (7%)]	Loss: 0.098095
Train Epoch: 6 [6000/60000 (10%)]	Loss: 0.156074
Train Epoch: 6 [8000/60000 (13%)]	Loss: 0.145662
Train Epoch: 6 [10000/60000 (17%)]	Loss: 0.104991
Train Epoch: 6 [12000/60000 (20%)]	Loss: 0.147913
Train Epoch: 6 [14000/60000 (23%)]	Loss: 0.160930
Train Epoch: 6 [16000/60000 (27%)]	Loss: 0.185952
Train Epoch: 6 [18000/60000 (30%)]	Loss: 0.140913
Train Epoch: 6 [20000/60000 (33%)]	Loss: 0.089919
Train Epoch: 6 [22000/60000 (37%)]	Loss: 0.080409
Train Epoch: 6 [24000/60000 (40%)]	Loss: 0.167256
Train Epoch: 6 [26000/60000 (43%)]	Loss: 0.253798
Train Epoch: 6 [28000/60000 (47%)]	Loss: 0.067987
Train Epoch: 6 [30000/60000 (50%)]	Loss: 0.070379
Train Epoch: 6 [32000/60000 (53%)]	Loss: 0.134473
Train Epoch: 6 [34000/60000 (57%)]	Loss: 0.099737
Train Epoch: 6 [36000/60000 (60%)]	Loss: 0.099298
Train Epoch: 6 [38000/60000 (63%)]	Loss: 0.205477
Train Epoch: 6 [40000/60000 (67%)]	Loss: 0.107903
Train Epoch: 6 [42000/60000 (70%)]	Loss: 0.147860
Train Epoch: 6 [44000/60000 (73%)]	Loss: 0.138506
Train Epoch: 6 [46000/60000 (77%)]	Loss: 0.145849
Train Epoch: 6 [48000/60000 (80%)]	Loss: 0.172816
Train Epoch: 6 [50000/60000 (83%)]	Loss: 0.074206
Train Epoch: 6 [52000/60000 (87%)]	Loss: 0.098190
Train Epoch: 6 [54000/60000 (90%)]	Loss: 0.220918
Train Epoch: 6 [56000/60000 (93%)]	Loss: 0.080143
Train Epoch: 6 [58000/60000 (97%)]	Loss: 0.118860
Train Epoch: 6 [60000/60000 (100%)]	Loss: 0.089287

Average Training loss: 0.0064, Training Error Rate: 18.47% (11082/60000)


Average Test loss: 0.1209, Test Error Rate: 17.30% (1730/10000)

Train Epoch: 7 [2000/60000 (3%)]	Loss: 0.169617
Train Epoch: 7 [4000/60000 (7%)]	Loss: 0.087247
Train Epoch: 7 [6000/60000 (10%)]	Loss: 0.086692
Train Epoch: 7 [8000/60000 (13%)]	Loss: 0.140606
Train Epoch: 7 [10000/60000 (17%)]	Loss: 0.062411
Train Epoch: 7 [12000/60000 (20%)]	Loss: 0.187398
Train Epoch: 7 [14000/60000 (23%)]	Loss: 0.097424
Train Epoch: 7 [16000/60000 (27%)]	Loss: 0.052864
Train Epoch: 7 [18000/60000 (30%)]	Loss: 0.119087
Train Epoch: 7 [20000/60000 (33%)]	Loss: 0.093322
Train Epoch: 7 [22000/60000 (37%)]	Loss: 0.186555
Train Epoch: 7 [24000/60000 (40%)]	Loss: 0.159020
Train Epoch: 7 [26000/60000 (43%)]	Loss: 0.158240
Train Epoch: 7 [28000/60000 (47%)]	Loss: 0.091392
Train Epoch: 7 [30000/60000 (50%)]	Loss: 0.178430
Train Epoch: 7 [32000/60000 (53%)]	Loss: 0.126791
Train Epoch: 7 [34000/60000 (57%)]	Loss: 0.115001
Train Epoch: 7 [36000/60000 (60%)]	Loss: 0.191917
Train Epoch: 7 [38000/60000 (63%)]	Loss: 0.083365
Train Epoch: 7 [40000/60000 (67%)]	Loss: 0.089444
Train Epoch: 7 [42000/60000 (70%)]	Loss: 0.154422
Train Epoch: 7 [44000/60000 (73%)]	Loss: 0.110554
Train Epoch: 7 [46000/60000 (77%)]	Loss: 0.068245
Train Epoch: 7 [48000/60000 (80%)]	Loss: 0.225701
Train Epoch: 7 [50000/60000 (83%)]	Loss: 0.070441
Train Epoch: 7 [52000/60000 (87%)]	Loss: 0.138518
Train Epoch: 7 [54000/60000 (90%)]	Loss: 0.123654
Train Epoch: 7 [56000/60000 (93%)]	Loss: 0.137760
Train Epoch: 7 [58000/60000 (97%)]	Loss: 0.133569
Train Epoch: 7 [60000/60000 (100%)]	Loss: 0.182351

Average Training loss: 0.0062, Training Error Rate: 18.14% (10886/60000)


Average Test loss: 0.1177, Test Error Rate: 17.19% (1719/10000)

Train Epoch: 8 [2000/60000 (3%)]	Loss: 0.078044
Train Epoch: 8 [4000/60000 (7%)]	Loss: 0.132253
Train Epoch: 8 [6000/60000 (10%)]	Loss: 0.051240
Train Epoch: 8 [8000/60000 (13%)]	Loss: 0.062013
Train Epoch: 8 [10000/60000 (17%)]	Loss: 0.030556
Train Epoch: 8 [12000/60000 (20%)]	Loss: 0.056894
Train Epoch: 8 [14000/60000 (23%)]	Loss: 0.170029
Train Epoch: 8 [16000/60000 (27%)]	Loss: 0.073650
Train Epoch: 8 [18000/60000 (30%)]	Loss: 0.119974
Train Epoch: 8 [20000/60000 (33%)]	Loss: 0.137410
Train Epoch: 8 [22000/60000 (37%)]	Loss: 0.162209
Train Epoch: 8 [24000/60000 (40%)]	Loss: 0.062855
Train Epoch: 8 [26000/60000 (43%)]	Loss: 0.041995
Train Epoch: 8 [28000/60000 (47%)]	Loss: 0.125018
Train Epoch: 8 [30000/60000 (50%)]	Loss: 0.122027
Train Epoch: 8 [32000/60000 (53%)]	Loss: 0.177101
Train Epoch: 8 [34000/60000 (57%)]	Loss: 0.089876
Train Epoch: 8 [36000/60000 (60%)]	Loss: 0.084397
Train Epoch: 8 [38000/60000 (63%)]	Loss: 0.158055
Train Epoch: 8 [40000/60000 (67%)]	Loss: 0.113812
Train Epoch: 8 [42000/60000 (70%)]	Loss: 0.087087
Train Epoch: 8 [44000/60000 (73%)]	Loss: 0.090854
Train Epoch: 8 [46000/60000 (77%)]	Loss: 0.123783
Train Epoch: 8 [48000/60000 (80%)]	Loss: 0.187339
Train Epoch: 8 [50000/60000 (83%)]	Loss: 0.111651
Train Epoch: 8 [52000/60000 (87%)]	Loss: 0.024663
Train Epoch: 8 [54000/60000 (90%)]	Loss: 0.091990
Train Epoch: 8 [56000/60000 (93%)]	Loss: 0.139681
Train Epoch: 8 [58000/60000 (97%)]	Loss: 0.077667
Train Epoch: 8 [60000/60000 (100%)]	Loss: 0.044525

Average Training loss: 0.0060, Training Error Rate: 17.74% (10646/60000)


Average Test loss: 0.1147, Test Error Rate: 17.03% (1703/10000)

Train Epoch: 9 [2000/60000 (3%)]	Loss: 0.187662
Train Epoch: 9 [4000/60000 (7%)]	Loss: 0.135008
Train Epoch: 9 [6000/60000 (10%)]	Loss: 0.102292
Train Epoch: 9 [8000/60000 (13%)]	Loss: 0.045063
Train Epoch: 9 [10000/60000 (17%)]	Loss: 0.055560
Train Epoch: 9 [12000/60000 (20%)]	Loss: 0.118297
Train Epoch: 9 [14000/60000 (23%)]	Loss: 0.090617
Train Epoch: 9 [16000/60000 (27%)]	Loss: 0.069397
Train Epoch: 9 [18000/60000 (30%)]	Loss: 0.072656
Train Epoch: 9 [20000/60000 (33%)]	Loss: 0.064771
Train Epoch: 9 [22000/60000 (37%)]	Loss: 0.010058
Train Epoch: 9 [24000/60000 (40%)]	Loss: 0.155335
Train Epoch: 9 [26000/60000 (43%)]	Loss: 0.186062
Train Epoch: 9 [28000/60000 (47%)]	Loss: 0.118700
Train Epoch: 9 [30000/60000 (50%)]	Loss: 0.058445
Train Epoch: 9 [32000/60000 (53%)]	Loss: 0.066988
Train Epoch: 9 [34000/60000 (57%)]	Loss: 0.174575
Train Epoch: 9 [36000/60000 (60%)]	Loss: 0.105432
Train Epoch: 9 [38000/60000 (63%)]	Loss: 0.062369
Train Epoch: 9 [40000/60000 (67%)]	Loss: 0.088060
Train Epoch: 9 [42000/60000 (70%)]	Loss: 0.078447
Train Epoch: 9 [44000/60000 (73%)]	Loss: 0.162106
Train Epoch: 9 [46000/60000 (77%)]	Loss: 0.162489
Train Epoch: 9 [48000/60000 (80%)]	Loss: 0.062459
Train Epoch: 9 [50000/60000 (83%)]	Loss: 0.120104
Train Epoch: 9 [52000/60000 (87%)]	Loss: 0.118500
Train Epoch: 9 [54000/60000 (90%)]	Loss: 0.068711
Train Epoch: 9 [56000/60000 (93%)]	Loss: 0.114384
Train Epoch: 9 [58000/60000 (97%)]	Loss: 0.046071
Train Epoch: 9 [60000/60000 (100%)]	Loss: 0.090143

Average Training loss: 0.0058, Training Error Rate: 17.33% (10399/60000)


Average Test loss: 0.1108, Test Error Rate: 16.52% (1652/10000)

Train Epoch: 10 [2000/60000 (3%)]	Loss: 0.051495
Train Epoch: 10 [4000/60000 (7%)]	Loss: 0.048970
Train Epoch: 10 [6000/60000 (10%)]	Loss: 0.210936
Train Epoch: 10 [8000/60000 (13%)]	Loss: 0.080025
Train Epoch: 10 [10000/60000 (17%)]	Loss: 0.169830
Train Epoch: 10 [12000/60000 (20%)]	Loss: 0.128933
Train Epoch: 10 [14000/60000 (23%)]	Loss: 0.200448
Train Epoch: 10 [16000/60000 (27%)]	Loss: 0.058918
Train Epoch: 10 [18000/60000 (30%)]	Loss: 0.053561
Train Epoch: 10 [20000/60000 (33%)]	Loss: 0.111505
Train Epoch: 10 [22000/60000 (37%)]	Loss: 0.145448
Train Epoch: 10 [24000/60000 (40%)]	Loss: 0.226115
Train Epoch: 10 [26000/60000 (43%)]	Loss: 0.122690
Train Epoch: 10 [28000/60000 (47%)]	Loss: 0.093843
Train Epoch: 10 [30000/60000 (50%)]	Loss: 0.104264
Train Epoch: 10 [32000/60000 (53%)]	Loss: 0.061830
Train Epoch: 10 [34000/60000 (57%)]	Loss: 0.143269
Train Epoch: 10 [36000/60000 (60%)]	Loss: 0.134881
Train Epoch: 10 [38000/60000 (63%)]	Loss: 0.084696
Train Epoch: 10 [40000/60000 (67%)]	Loss: 0.100187
Train Epoch: 10 [42000/60000 (70%)]	Loss: 0.016733
Train Epoch: 10 [44000/60000 (73%)]	Loss: 0.165413
Train Epoch: 10 [46000/60000 (77%)]	Loss: 0.102301
Train Epoch: 10 [48000/60000 (80%)]	Loss: 0.176460
Train Epoch: 10 [50000/60000 (83%)]	Loss: 0.037339
Train Epoch: 10 [52000/60000 (87%)]	Loss: 0.013658
Train Epoch: 10 [54000/60000 (90%)]	Loss: 0.154022
Train Epoch: 10 [56000/60000 (93%)]	Loss: 0.217811
Train Epoch: 10 [58000/60000 (97%)]	Loss: 0.127892
Train Epoch: 10 [60000/60000 (100%)]	Loss: 0.118174

Average Training loss: 0.0057, Training Error Rate: 17.13% (10278/60000)


Average Test loss: 0.1086, Test Error Rate: 16.31% (1631/10000)

Train Epoch: 11 [2000/60000 (3%)]	Loss: 0.181213
Train Epoch: 11 [4000/60000 (7%)]	Loss: 0.059857
Train Epoch: 11 [6000/60000 (10%)]	Loss: 0.078481
Train Epoch: 11 [8000/60000 (13%)]	Loss: 0.099382
Train Epoch: 11 [10000/60000 (17%)]	Loss: 0.191265
Train Epoch: 11 [12000/60000 (20%)]	Loss: 0.135881
Train Epoch: 11 [14000/60000 (23%)]	Loss: 0.046011
Train Epoch: 11 [16000/60000 (27%)]	Loss: 0.131457
Train Epoch: 11 [18000/60000 (30%)]	Loss: 0.174651
Train Epoch: 11 [20000/60000 (33%)]	Loss: 0.098134
Train Epoch: 11 [22000/60000 (37%)]	Loss: 0.179776
Train Epoch: 11 [24000/60000 (40%)]	Loss: 0.198873
Train Epoch: 11 [26000/60000 (43%)]	Loss: 0.130832
Train Epoch: 11 [28000/60000 (47%)]	Loss: 0.163300
Train Epoch: 11 [30000/60000 (50%)]	Loss: 0.137173
Train Epoch: 11 [32000/60000 (53%)]	Loss: 0.135243
Train Epoch: 11 [34000/60000 (57%)]	Loss: 0.057878
Train Epoch: 11 [36000/60000 (60%)]	Loss: 0.080374
Train Epoch: 11 [38000/60000 (63%)]	Loss: 0.101070
Train Epoch: 11 [40000/60000 (67%)]	Loss: 0.143374
Train Epoch: 11 [42000/60000 (70%)]	Loss: 0.039743
Train Epoch: 11 [44000/60000 (73%)]	Loss: 0.101369
Train Epoch: 11 [46000/60000 (77%)]	Loss: 0.062561
Train Epoch: 11 [48000/60000 (80%)]	Loss: 0.074482
Train Epoch: 11 [50000/60000 (83%)]	Loss: 0.115824
Train Epoch: 11 [52000/60000 (87%)]	Loss: 0.051235
Train Epoch: 11 [54000/60000 (90%)]	Loss: 0.188867
Train Epoch: 11 [56000/60000 (93%)]	Loss: 0.085959
Train Epoch: 11 [58000/60000 (97%)]	Loss: 0.159556
Train Epoch: 11 [60000/60000 (100%)]	Loss: 0.130564

Average Training loss: 0.0056, Training Error Rate: 16.86% (10118/60000)


Average Test loss: 0.1059, Test Error Rate: 16.08% (1608/10000)

Train Epoch: 12 [2000/60000 (3%)]	Loss: 0.097247
Train Epoch: 12 [4000/60000 (7%)]	Loss: 0.128121
Train Epoch: 12 [6000/60000 (10%)]	Loss: 0.079091
Train Epoch: 12 [8000/60000 (13%)]	Loss: 0.156681
Train Epoch: 12 [10000/60000 (17%)]	Loss: 0.158387
Train Epoch: 12 [12000/60000 (20%)]	Loss: 0.049606
Train Epoch: 12 [14000/60000 (23%)]	Loss: 0.023936
Train Epoch: 12 [16000/60000 (27%)]	Loss: 0.102021
Train Epoch: 12 [18000/60000 (30%)]	Loss: 0.164468
Train Epoch: 12 [20000/60000 (33%)]	Loss: 0.099798
Train Epoch: 12 [22000/60000 (37%)]	Loss: 0.131565
Train Epoch: 12 [24000/60000 (40%)]	Loss: 0.096538
Train Epoch: 12 [26000/60000 (43%)]	Loss: 0.137657
Train Epoch: 12 [28000/60000 (47%)]	Loss: 0.070669
Train Epoch: 12 [30000/60000 (50%)]	Loss: 0.093320
Train Epoch: 12 [32000/60000 (53%)]	Loss: 0.045670
Train Epoch: 12 [34000/60000 (57%)]	Loss: 0.054029
Train Epoch: 12 [36000/60000 (60%)]	Loss: 0.103335
Train Epoch: 12 [38000/60000 (63%)]	Loss: 0.106702
Train Epoch: 12 [40000/60000 (67%)]	Loss: 0.128175
Train Epoch: 12 [42000/60000 (70%)]	Loss: 0.130642
Train Epoch: 12 [44000/60000 (73%)]	Loss: 0.071823
Train Epoch: 12 [46000/60000 (77%)]	Loss: 0.081358
Train Epoch: 12 [48000/60000 (80%)]	Loss: 0.051943
Train Epoch: 12 [50000/60000 (83%)]	Loss: 0.145056
Train Epoch: 12 [52000/60000 (87%)]	Loss: 0.077324
Train Epoch: 12 [54000/60000 (90%)]	Loss: 0.185067
Train Epoch: 12 [56000/60000 (93%)]	Loss: 0.163306
Train Epoch: 12 [58000/60000 (97%)]	Loss: 0.033097
Train Epoch: 12 [60000/60000 (100%)]	Loss: 0.017676

Average Training loss: 0.0055, Training Error Rate: 16.64% (9984/60000)


Average Test loss: 0.1050, Test Error Rate: 16.17% (1617/10000)

Train Epoch: 13 [2000/60000 (3%)]	Loss: 0.168760
Train Epoch: 13 [4000/60000 (7%)]	Loss: 0.084563
Train Epoch: 13 [6000/60000 (10%)]	Loss: 0.087138
Train Epoch: 13 [8000/60000 (13%)]	Loss: 0.085217
Train Epoch: 13 [10000/60000 (17%)]	Loss: 0.108023
Train Epoch: 13 [12000/60000 (20%)]	Loss: 0.038697
Train Epoch: 13 [14000/60000 (23%)]	Loss: 0.154379
Train Epoch: 13 [16000/60000 (27%)]	Loss: 0.069282
Train Epoch: 13 [18000/60000 (30%)]	Loss: 0.087798
Train Epoch: 13 [20000/60000 (33%)]	Loss: 0.074319
Train Epoch: 13 [22000/60000 (37%)]	Loss: 0.054914
Train Epoch: 13 [24000/60000 (40%)]	Loss: 0.059492
Train Epoch: 13 [26000/60000 (43%)]	Loss: 0.116264
Train Epoch: 13 [28000/60000 (47%)]	Loss: 0.107181
Train Epoch: 13 [30000/60000 (50%)]	Loss: 0.051974
Train Epoch: 13 [32000/60000 (53%)]	Loss: 0.103480
Train Epoch: 13 [34000/60000 (57%)]	Loss: 0.053098
Train Epoch: 13 [36000/60000 (60%)]	Loss: 0.147899
Train Epoch: 13 [38000/60000 (63%)]	Loss: 0.126589
Train Epoch: 13 [40000/60000 (67%)]	Loss: 0.208129
Train Epoch: 13 [42000/60000 (70%)]	Loss: 0.118944
Train Epoch: 13 [44000/60000 (73%)]	Loss: 0.142940
Train Epoch: 13 [46000/60000 (77%)]	Loss: 0.141533
Train Epoch: 13 [48000/60000 (80%)]	Loss: 0.136350
Train Epoch: 13 [50000/60000 (83%)]	Loss: 0.048523
Train Epoch: 13 [52000/60000 (87%)]	Loss: 0.137840
Train Epoch: 13 [54000/60000 (90%)]	Loss: 0.081590
Train Epoch: 13 [56000/60000 (93%)]	Loss: 0.038226
Train Epoch: 13 [58000/60000 (97%)]	Loss: 0.021325
Train Epoch: 13 [60000/60000 (100%)]	Loss: 0.086308

Average Training loss: 0.0054, Training Error Rate: 16.52% (9912/60000)


Average Test loss: 0.1025, Test Error Rate: 15.92% (1592/10000)

Train Epoch: 14 [2000/60000 (3%)]	Loss: 0.152301
Train Epoch: 14 [4000/60000 (7%)]	Loss: 0.094731
Train Epoch: 14 [6000/60000 (10%)]	Loss: 0.085215
Train Epoch: 14 [8000/60000 (13%)]	Loss: 0.076524
Train Epoch: 14 [10000/60000 (17%)]	Loss: 0.032361
Train Epoch: 14 [12000/60000 (20%)]	Loss: 0.069313
Train Epoch: 14 [14000/60000 (23%)]	Loss: 0.184351
Train Epoch: 14 [16000/60000 (27%)]	Loss: 0.132794
Train Epoch: 14 [18000/60000 (30%)]	Loss: 0.125548
Train Epoch: 14 [20000/60000 (33%)]	Loss: 0.085528
Train Epoch: 14 [22000/60000 (37%)]	Loss: 0.079680
Train Epoch: 14 [24000/60000 (40%)]	Loss: 0.217290
Train Epoch: 14 [26000/60000 (43%)]	Loss: 0.082946
Train Epoch: 14 [28000/60000 (47%)]	Loss: 0.079965
Train Epoch: 14 [30000/60000 (50%)]	Loss: 0.068026
Train Epoch: 14 [32000/60000 (53%)]	Loss: 0.122640
Train Epoch: 14 [34000/60000 (57%)]	Loss: 0.118833
Train Epoch: 14 [36000/60000 (60%)]	Loss: 0.074746
Train Epoch: 14 [38000/60000 (63%)]	Loss: 0.222068
Train Epoch: 14 [40000/60000 (67%)]	Loss: 0.125437
Train Epoch: 14 [42000/60000 (70%)]	Loss: 0.076105
Train Epoch: 14 [44000/60000 (73%)]	Loss: 0.143421
Train Epoch: 14 [46000/60000 (77%)]	Loss: 0.109637
Train Epoch: 14 [48000/60000 (80%)]	Loss: 0.121622
Train Epoch: 14 [50000/60000 (83%)]	Loss: 0.114425
Train Epoch: 14 [52000/60000 (87%)]	Loss: 0.119084
Train Epoch: 14 [54000/60000 (90%)]	Loss: 0.088212
Train Epoch: 14 [56000/60000 (93%)]	Loss: 0.072966
Train Epoch: 14 [58000/60000 (97%)]	Loss: 0.059506
Train Epoch: 14 [60000/60000 (100%)]	Loss: 0.044796

Average Training loss: 0.0053, Training Error Rate: 16.33% (9799/60000)


Average Test loss: 0.1008, Test Error Rate: 15.74% (1574/10000)

Train Epoch: 15 [2000/60000 (3%)]	Loss: 0.107281
Train Epoch: 15 [4000/60000 (7%)]	Loss: 0.133278
Train Epoch: 15 [6000/60000 (10%)]	Loss: 0.144591
Train Epoch: 15 [8000/60000 (13%)]	Loss: 0.111052
Train Epoch: 15 [10000/60000 (17%)]	Loss: 0.102126
Train Epoch: 15 [12000/60000 (20%)]	Loss: 0.069536
Train Epoch: 15 [14000/60000 (23%)]	Loss: 0.024325
Train Epoch: 15 [16000/60000 (27%)]	Loss: 0.049747
Train Epoch: 15 [18000/60000 (30%)]	Loss: 0.114930
Train Epoch: 15 [20000/60000 (33%)]	Loss: 0.181770
Train Epoch: 15 [22000/60000 (37%)]	Loss: 0.130529
Train Epoch: 15 [24000/60000 (40%)]	Loss: 0.117366
Train Epoch: 15 [26000/60000 (43%)]	Loss: 0.113674
Train Epoch: 15 [28000/60000 (47%)]	Loss: 0.148804
Train Epoch: 15 [30000/60000 (50%)]	Loss: 0.134369
Train Epoch: 15 [32000/60000 (53%)]	Loss: 0.102311
Train Epoch: 15 [34000/60000 (57%)]	Loss: 0.097469
Train Epoch: 15 [36000/60000 (60%)]	Loss: 0.104156
Train Epoch: 15 [38000/60000 (63%)]	Loss: 0.133225
Train Epoch: 15 [40000/60000 (67%)]	Loss: 0.147589
Train Epoch: 15 [42000/60000 (70%)]	Loss: 0.081106
Train Epoch: 15 [44000/60000 (73%)]	Loss: 0.168489
Train Epoch: 15 [46000/60000 (77%)]	Loss: 0.038391
Train Epoch: 15 [48000/60000 (80%)]	Loss: 0.077374
Train Epoch: 15 [50000/60000 (83%)]	Loss: 0.087252
Train Epoch: 15 [52000/60000 (87%)]	Loss: 0.070785
Train Epoch: 15 [54000/60000 (90%)]	Loss: 0.069297
Train Epoch: 15 [56000/60000 (93%)]	Loss: 0.116420
Train Epoch: 15 [58000/60000 (97%)]	Loss: 0.154771
Train Epoch: 15 [60000/60000 (100%)]	Loss: 0.103184

Average Training loss: 0.0052, Training Error Rate: 16.15% (9689/60000)


Average Test loss: 0.1007, Test Error Rate: 15.99% (1599/10000)

Train Epoch: 16 [2000/60000 (3%)]	Loss: 0.072947
Train Epoch: 16 [4000/60000 (7%)]	Loss: 0.090368
Train Epoch: 16 [6000/60000 (10%)]	Loss: 0.053570
Train Epoch: 16 [8000/60000 (13%)]	Loss: 0.095769
Train Epoch: 16 [10000/60000 (17%)]	Loss: 0.065931
Train Epoch: 16 [12000/60000 (20%)]	Loss: 0.126834
Train Epoch: 16 [14000/60000 (23%)]	Loss: 0.062017
Train Epoch: 16 [16000/60000 (27%)]	Loss: 0.152024
Train Epoch: 16 [18000/60000 (30%)]	Loss: 0.150470
Train Epoch: 16 [20000/60000 (33%)]	Loss: 0.051440
Train Epoch: 16 [22000/60000 (37%)]	Loss: 0.136966
Train Epoch: 16 [24000/60000 (40%)]	Loss: 0.055943
Train Epoch: 16 [26000/60000 (43%)]	Loss: 0.140840
Train Epoch: 16 [28000/60000 (47%)]	Loss: 0.054456
Train Epoch: 16 [30000/60000 (50%)]	Loss: 0.073661
Train Epoch: 16 [32000/60000 (53%)]	Loss: 0.084665
Train Epoch: 16 [34000/60000 (57%)]	Loss: 0.059640
Train Epoch: 16 [36000/60000 (60%)]	Loss: 0.092410
Train Epoch: 16 [38000/60000 (63%)]	Loss: 0.053444
Train Epoch: 16 [40000/60000 (67%)]	Loss: 0.194378
Train Epoch: 16 [42000/60000 (70%)]	Loss: 0.096640
Train Epoch: 16 [44000/60000 (73%)]	Loss: 0.128356
Train Epoch: 16 [46000/60000 (77%)]	Loss: 0.072017
Train Epoch: 16 [48000/60000 (80%)]	Loss: 0.107129
Train Epoch: 16 [50000/60000 (83%)]	Loss: 0.052179
Train Epoch: 16 [52000/60000 (87%)]	Loss: 0.083029
Train Epoch: 16 [54000/60000 (90%)]	Loss: 0.069072
Train Epoch: 16 [56000/60000 (93%)]	Loss: 0.116977
Train Epoch: 16 [58000/60000 (97%)]	Loss: 0.072326
Train Epoch: 16 [60000/60000 (100%)]	Loss: 0.167524

Average Training loss: 0.0051, Training Error Rate: 16.00% (9603/60000)


Average Test loss: 0.0992, Test Error Rate: 15.44% (1544/10000)

Train Epoch: 17 [2000/60000 (3%)]	Loss: 0.102665
Train Epoch: 17 [4000/60000 (7%)]	Loss: 0.114040
Train Epoch: 17 [6000/60000 (10%)]	Loss: 0.110819
Train Epoch: 17 [8000/60000 (13%)]	Loss: 0.209644
Train Epoch: 17 [10000/60000 (17%)]	Loss: 0.119744
Train Epoch: 17 [12000/60000 (20%)]	Loss: 0.161553
Train Epoch: 17 [14000/60000 (23%)]	Loss: 0.071821
Train Epoch: 17 [16000/60000 (27%)]	Loss: 0.038590
Train Epoch: 17 [18000/60000 (30%)]	Loss: 0.019286
Train Epoch: 17 [20000/60000 (33%)]	Loss: 0.097614
Train Epoch: 17 [22000/60000 (37%)]	Loss: 0.084835
Train Epoch: 17 [24000/60000 (40%)]	Loss: 0.099553
Train Epoch: 17 [26000/60000 (43%)]	Loss: 0.068975
Train Epoch: 17 [28000/60000 (47%)]	Loss: 0.173489
Train Epoch: 17 [30000/60000 (50%)]	Loss: 0.082516
Train Epoch: 17 [32000/60000 (53%)]	Loss: 0.076344
Train Epoch: 17 [34000/60000 (57%)]	Loss: 0.059275
Train Epoch: 17 [36000/60000 (60%)]	Loss: 0.048107
Train Epoch: 17 [38000/60000 (63%)]	Loss: 0.122596
Train Epoch: 17 [40000/60000 (67%)]	Loss: 0.088046
Train Epoch: 17 [42000/60000 (70%)]	Loss: 0.191435
Train Epoch: 17 [44000/60000 (73%)]	Loss: 0.134042
Train Epoch: 17 [46000/60000 (77%)]	Loss: 0.072389
Train Epoch: 17 [48000/60000 (80%)]	Loss: 0.101038
Train Epoch: 17 [50000/60000 (83%)]	Loss: 0.117785
Train Epoch: 17 [52000/60000 (87%)]	Loss: 0.102923
Train Epoch: 17 [54000/60000 (90%)]	Loss: 0.156446
Train Epoch: 17 [56000/60000 (93%)]	Loss: 0.080841
Train Epoch: 17 [58000/60000 (97%)]	Loss: 0.052030
Train Epoch: 17 [60000/60000 (100%)]	Loss: 0.065327

Average Training loss: 0.0050, Training Error Rate: 15.88% (9526/60000)


Average Test loss: 0.0979, Test Error Rate: 15.60% (1560/10000)

Train Epoch: 18 [2000/60000 (3%)]	Loss: 0.074219
Train Epoch: 18 [4000/60000 (7%)]	Loss: 0.071730
Train Epoch: 18 [6000/60000 (10%)]	Loss: 0.067748
Train Epoch: 18 [8000/60000 (13%)]	Loss: 0.066087
Train Epoch: 18 [10000/60000 (17%)]	Loss: 0.188631
Train Epoch: 18 [12000/60000 (20%)]	Loss: 0.102656
Train Epoch: 18 [14000/60000 (23%)]	Loss: 0.168944
Train Epoch: 18 [16000/60000 (27%)]	Loss: 0.035033
Train Epoch: 18 [18000/60000 (30%)]	Loss: 0.142829
Train Epoch: 18 [20000/60000 (33%)]	Loss: 0.037954
Train Epoch: 18 [22000/60000 (37%)]	Loss: 0.154691
Train Epoch: 18 [24000/60000 (40%)]	Loss: 0.050777
Train Epoch: 18 [26000/60000 (43%)]	Loss: 0.119472
Train Epoch: 18 [28000/60000 (47%)]	Loss: 0.113150
Train Epoch: 18 [30000/60000 (50%)]	Loss: 0.069162
Train Epoch: 18 [32000/60000 (53%)]	Loss: 0.133863
Train Epoch: 18 [34000/60000 (57%)]	Loss: 0.117679
Train Epoch: 18 [36000/60000 (60%)]	Loss: 0.059402
Train Epoch: 18 [38000/60000 (63%)]	Loss: 0.063599
Train Epoch: 18 [40000/60000 (67%)]	Loss: 0.134925
Train Epoch: 18 [42000/60000 (70%)]	Loss: 0.090646
Train Epoch: 18 [44000/60000 (73%)]	Loss: 0.074226
Train Epoch: 18 [46000/60000 (77%)]	Loss: 0.148922
Train Epoch: 18 [48000/60000 (80%)]	Loss: 0.058479
Train Epoch: 18 [50000/60000 (83%)]	Loss: 0.053376
Train Epoch: 18 [52000/60000 (87%)]	Loss: 0.077470
Train Epoch: 18 [54000/60000 (90%)]	Loss: 0.077048
Train Epoch: 18 [56000/60000 (93%)]	Loss: 0.099168
Train Epoch: 18 [58000/60000 (97%)]	Loss: 0.160760
Train Epoch: 18 [60000/60000 (100%)]	Loss: 0.094140

Average Training loss: 0.0050, Training Error Rate: 15.72% (9433/60000)


Average Test loss: 0.0951, Test Error Rate: 15.12% (1512/10000)

Train Epoch: 19 [2000/60000 (3%)]	Loss: 0.229674
Train Epoch: 19 [4000/60000 (7%)]	Loss: 0.105084
Train Epoch: 19 [6000/60000 (10%)]	Loss: 0.108701
Train Epoch: 19 [8000/60000 (13%)]	Loss: 0.145475
Train Epoch: 19 [10000/60000 (17%)]	Loss: 0.052280
Train Epoch: 19 [12000/60000 (20%)]	Loss: 0.120252
Train Epoch: 19 [14000/60000 (23%)]	Loss: 0.094677
Train Epoch: 19 [16000/60000 (27%)]	Loss: 0.113992
Train Epoch: 19 [18000/60000 (30%)]	Loss: 0.086842
Train Epoch: 19 [20000/60000 (33%)]	Loss: 0.094602
Train Epoch: 19 [22000/60000 (37%)]	Loss: 0.162987
Train Epoch: 19 [24000/60000 (40%)]	Loss: 0.105820
Train Epoch: 19 [26000/60000 (43%)]	Loss: 0.134023
Train Epoch: 19 [28000/60000 (47%)]	Loss: 0.120666
Train Epoch: 19 [30000/60000 (50%)]	Loss: 0.113054
Train Epoch: 19 [32000/60000 (53%)]	Loss: 0.171513
Train Epoch: 19 [34000/60000 (57%)]	Loss: 0.080211
Train Epoch: 19 [36000/60000 (60%)]	Loss: 0.060082
Train Epoch: 19 [38000/60000 (63%)]	Loss: 0.095520
Train Epoch: 19 [40000/60000 (67%)]	Loss: 0.118785
Train Epoch: 19 [42000/60000 (70%)]	Loss: 0.031516
Train Epoch: 19 [44000/60000 (73%)]	Loss: 0.068557
Train Epoch: 19 [46000/60000 (77%)]	Loss: 0.114335
Train Epoch: 19 [48000/60000 (80%)]	Loss: 0.032439
Train Epoch: 19 [50000/60000 (83%)]	Loss: 0.121367
Train Epoch: 19 [52000/60000 (87%)]	Loss: 0.150691
Train Epoch: 19 [54000/60000 (90%)]	Loss: 0.031081
Train Epoch: 19 [56000/60000 (93%)]	Loss: 0.086836
Train Epoch: 19 [58000/60000 (97%)]	Loss: 0.100844
Train Epoch: 19 [60000/60000 (100%)]	Loss: 0.090731

Average Training loss: 0.0049, Training Error Rate: 15.68% (9408/60000)


Average Test loss: 0.0955, Test Error Rate: 15.31% (1531/10000)

Train Epoch: 20 [2000/60000 (3%)]	Loss: 0.072554
Train Epoch: 20 [4000/60000 (7%)]	Loss: 0.053533
Train Epoch: 20 [6000/60000 (10%)]	Loss: 0.059578
Train Epoch: 20 [8000/60000 (13%)]	Loss: 0.115390
Train Epoch: 20 [10000/60000 (17%)]	Loss: 0.107104
Train Epoch: 20 [12000/60000 (20%)]	Loss: 0.117356
Train Epoch: 20 [14000/60000 (23%)]	Loss: 0.055576
Train Epoch: 20 [16000/60000 (27%)]	Loss: 0.134183
Train Epoch: 20 [18000/60000 (30%)]	Loss: 0.056737
Train Epoch: 20 [20000/60000 (33%)]	Loss: 0.138537
Train Epoch: 20 [22000/60000 (37%)]	Loss: 0.048431
Train Epoch: 20 [24000/60000 (40%)]	Loss: 0.140273
Train Epoch: 20 [26000/60000 (43%)]	Loss: 0.133332
Train Epoch: 20 [28000/60000 (47%)]	Loss: 0.125418
Train Epoch: 20 [30000/60000 (50%)]	Loss: 0.128244
Train Epoch: 20 [32000/60000 (53%)]	Loss: 0.114427
Train Epoch: 20 [34000/60000 (57%)]	Loss: 0.155111
Train Epoch: 20 [36000/60000 (60%)]	Loss: 0.170121
Train Epoch: 20 [38000/60000 (63%)]	Loss: 0.117234
Train Epoch: 20 [40000/60000 (67%)]	Loss: 0.158850
Train Epoch: 20 [42000/60000 (70%)]	Loss: 0.112320
Train Epoch: 20 [44000/60000 (73%)]	Loss: 0.134036
Train Epoch: 20 [46000/60000 (77%)]	Loss: 0.124836
Train Epoch: 20 [48000/60000 (80%)]	Loss: 0.045513
Train Epoch: 20 [50000/60000 (83%)]	Loss: 0.104520
Train Epoch: 20 [52000/60000 (87%)]	Loss: 0.087472
Train Epoch: 20 [54000/60000 (90%)]	Loss: 0.143003
Train Epoch: 20 [56000/60000 (93%)]	Loss: 0.122034
Train Epoch: 20 [58000/60000 (97%)]	Loss: 0.049010
Train Epoch: 20 [60000/60000 (100%)]	Loss: 0.051502

Average Training loss: 0.0048, Training Error Rate: 15.49% (9294/60000)


Average Test loss: 0.0943, Test Error Rate: 15.26% (1526/10000)

Train Epoch: 21 [2000/60000 (3%)]	Loss: 0.124665
Train Epoch: 21 [4000/60000 (7%)]	Loss: 0.040235
Train Epoch: 21 [6000/60000 (10%)]	Loss: 0.092590
Train Epoch: 21 [8000/60000 (13%)]	Loss: 0.172467
Train Epoch: 21 [10000/60000 (17%)]	Loss: 0.191892
Train Epoch: 21 [12000/60000 (20%)]	Loss: 0.060035
Train Epoch: 21 [14000/60000 (23%)]	Loss: 0.183324
Train Epoch: 21 [16000/60000 (27%)]	Loss: 0.129166
Train Epoch: 21 [18000/60000 (30%)]	Loss: 0.062517
Train Epoch: 21 [20000/60000 (33%)]	Loss: 0.113392
Train Epoch: 21 [22000/60000 (37%)]	Loss: 0.092913
Train Epoch: 21 [24000/60000 (40%)]	Loss: 0.106737
Train Epoch: 21 [26000/60000 (43%)]	Loss: 0.079251
Train Epoch: 21 [28000/60000 (47%)]	Loss: 0.107560
Train Epoch: 21 [30000/60000 (50%)]	Loss: 0.072884
Train Epoch: 21 [32000/60000 (53%)]	Loss: 0.133637
Train Epoch: 21 [34000/60000 (57%)]	Loss: 0.064689
Train Epoch: 21 [36000/60000 (60%)]	Loss: 0.160650
Train Epoch: 21 [38000/60000 (63%)]	Loss: 0.034055
Train Epoch: 21 [40000/60000 (67%)]	Loss: 0.025263
Train Epoch: 21 [42000/60000 (70%)]	Loss: 0.089125
Train Epoch: 21 [44000/60000 (73%)]	Loss: 0.043164
Train Epoch: 21 [46000/60000 (77%)]	Loss: 0.189583
Train Epoch: 21 [48000/60000 (80%)]	Loss: 0.163409
Train Epoch: 21 [50000/60000 (83%)]	Loss: 0.144872
Train Epoch: 21 [52000/60000 (87%)]	Loss: 0.006510
Train Epoch: 21 [54000/60000 (90%)]	Loss: 0.098924
Train Epoch: 21 [56000/60000 (93%)]	Loss: 0.100404
Train Epoch: 21 [58000/60000 (97%)]	Loss: 0.132329
Train Epoch: 21 [60000/60000 (100%)]	Loss: 0.161223

Average Training loss: 0.0048, Training Error Rate: 15.42% (9251/60000)


Average Test loss: 0.0932, Test Error Rate: 14.93% (1493/10000)

Train Epoch: 22 [2000/60000 (3%)]	Loss: 0.182833
Train Epoch: 22 [4000/60000 (7%)]	Loss: 0.137861
Train Epoch: 22 [6000/60000 (10%)]	Loss: 0.087417
Train Epoch: 22 [8000/60000 (13%)]	Loss: 0.124635
Train Epoch: 22 [10000/60000 (17%)]	Loss: 0.029141
Train Epoch: 22 [12000/60000 (20%)]	Loss: 0.072166
Train Epoch: 22 [14000/60000 (23%)]	Loss: 0.103472
Train Epoch: 22 [16000/60000 (27%)]	Loss: 0.058686
Train Epoch: 22 [18000/60000 (30%)]	Loss: 0.028540
Train Epoch: 22 [20000/60000 (33%)]	Loss: 0.120157
Train Epoch: 22 [22000/60000 (37%)]	Loss: 0.054243
Train Epoch: 22 [24000/60000 (40%)]	Loss: 0.091774
Train Epoch: 22 [26000/60000 (43%)]	Loss: 0.001430
Train Epoch: 22 [28000/60000 (47%)]	Loss: 0.055145
Train Epoch: 22 [30000/60000 (50%)]	Loss: 0.185627
Train Epoch: 22 [32000/60000 (53%)]	Loss: 0.092354
Train Epoch: 22 [34000/60000 (57%)]	Loss: 0.108039
Train Epoch: 22 [36000/60000 (60%)]	Loss: 0.026518
Train Epoch: 22 [38000/60000 (63%)]	Loss: 0.124501
Train Epoch: 22 [40000/60000 (67%)]	Loss: 0.100601
Train Epoch: 22 [42000/60000 (70%)]	Loss: 0.068554
Train Epoch: 22 [44000/60000 (73%)]	Loss: 0.204376
Train Epoch: 22 [46000/60000 (77%)]	Loss: 0.073393
Train Epoch: 22 [48000/60000 (80%)]	Loss: 0.078714
Train Epoch: 22 [50000/60000 (83%)]	Loss: 0.024489
Train Epoch: 22 [52000/60000 (87%)]	Loss: 0.039239
Train Epoch: 22 [54000/60000 (90%)]	Loss: 0.070415
Train Epoch: 22 [56000/60000 (93%)]	Loss: 0.191508
Train Epoch: 22 [58000/60000 (97%)]	Loss: 0.117602
Train Epoch: 22 [60000/60000 (100%)]	Loss: 0.134888

Average Training loss: 0.0048, Training Error Rate: 15.23% (9141/60000)


Average Test loss: 0.0946, Test Error Rate: 14.98% (1498/10000)

Train Epoch: 23 [2000/60000 (3%)]	Loss: 0.035160
Train Epoch: 23 [4000/60000 (7%)]	Loss: 0.077104
Train Epoch: 23 [6000/60000 (10%)]	Loss: 0.131473
Train Epoch: 23 [8000/60000 (13%)]	Loss: 0.078255
Train Epoch: 23 [10000/60000 (17%)]	Loss: 0.070628
Train Epoch: 23 [12000/60000 (20%)]	Loss: 0.105860
Train Epoch: 23 [14000/60000 (23%)]	Loss: 0.068222
Train Epoch: 23 [16000/60000 (27%)]	Loss: 0.068973
Train Epoch: 23 [18000/60000 (30%)]	Loss: 0.090810
Train Epoch: 23 [20000/60000 (33%)]	Loss: 0.100706
Train Epoch: 23 [22000/60000 (37%)]	Loss: 0.078529
Train Epoch: 23 [24000/60000 (40%)]	Loss: 0.104973
Train Epoch: 23 [26000/60000 (43%)]	Loss: 0.037556
Train Epoch: 23 [28000/60000 (47%)]	Loss: 0.164001
Train Epoch: 23 [30000/60000 (50%)]	Loss: 0.102596
Train Epoch: 23 [32000/60000 (53%)]	Loss: 0.079606
Train Epoch: 23 [34000/60000 (57%)]	Loss: 0.084967
Train Epoch: 23 [36000/60000 (60%)]	Loss: 0.084233
Train Epoch: 23 [38000/60000 (63%)]	Loss: 0.072751
Train Epoch: 23 [40000/60000 (67%)]	Loss: 0.120810
Train Epoch: 23 [42000/60000 (70%)]	Loss: 0.079584
Train Epoch: 23 [44000/60000 (73%)]	Loss: 0.088256
Train Epoch: 23 [46000/60000 (77%)]	Loss: 0.039380
Train Epoch: 23 [48000/60000 (80%)]	Loss: 0.038196
Train Epoch: 23 [50000/60000 (83%)]	Loss: 0.083898
Train Epoch: 23 [52000/60000 (87%)]	Loss: 0.070129
Train Epoch: 23 [54000/60000 (90%)]	Loss: 0.113090
Train Epoch: 23 [56000/60000 (93%)]	Loss: 0.137978
Train Epoch: 23 [58000/60000 (97%)]	Loss: 0.037838
Train Epoch: 23 [60000/60000 (100%)]	Loss: 0.053441

Average Training loss: 0.0047, Training Error Rate: 15.16% (9096/60000)


Average Test loss: 0.0919, Test Error Rate: 14.94% (1494/10000)

Train Epoch: 24 [2000/60000 (3%)]	Loss: 0.135855
Train Epoch: 24 [4000/60000 (7%)]	Loss: 0.056164
Train Epoch: 24 [6000/60000 (10%)]	Loss: 0.129684
Train Epoch: 24 [8000/60000 (13%)]	Loss: 0.052998
Train Epoch: 24 [10000/60000 (17%)]	Loss: 0.134059
Train Epoch: 24 [12000/60000 (20%)]	Loss: 0.057764
Train Epoch: 24 [14000/60000 (23%)]	Loss: 0.108575
Train Epoch: 24 [16000/60000 (27%)]	Loss: 0.162327
Train Epoch: 24 [18000/60000 (30%)]	Loss: 0.106297
Train Epoch: 24 [20000/60000 (33%)]	Loss: 0.142236
Train Epoch: 24 [22000/60000 (37%)]	Loss: 0.175368
Train Epoch: 24 [24000/60000 (40%)]	Loss: 0.102821
Train Epoch: 24 [26000/60000 (43%)]	Loss: 0.086423
Train Epoch: 24 [28000/60000 (47%)]	Loss: 0.052381
Train Epoch: 24 [30000/60000 (50%)]	Loss: 0.062756
Train Epoch: 24 [32000/60000 (53%)]	Loss: 0.078112
Train Epoch: 24 [34000/60000 (57%)]	Loss: 0.108676
Train Epoch: 24 [36000/60000 (60%)]	Loss: 0.091635
Train Epoch: 24 [38000/60000 (63%)]	Loss: 0.071780
Train Epoch: 24 [40000/60000 (67%)]	Loss: 0.075223
Train Epoch: 24 [42000/60000 (70%)]	Loss: 0.113599
Train Epoch: 24 [44000/60000 (73%)]	Loss: 0.048335
Train Epoch: 24 [46000/60000 (77%)]	Loss: 0.153812
Train Epoch: 24 [48000/60000 (80%)]	Loss: 0.120643
Train Epoch: 24 [50000/60000 (83%)]	Loss: 0.034631
Train Epoch: 24 [52000/60000 (87%)]	Loss: 0.087769
Train Epoch: 24 [54000/60000 (90%)]	Loss: 0.112890
Train Epoch: 24 [56000/60000 (93%)]	Loss: 0.060900
Train Epoch: 24 [58000/60000 (97%)]	Loss: 0.117577
Train Epoch: 24 [60000/60000 (100%)]	Loss: 0.066679

Average Training loss: 0.0047, Training Error Rate: 15.04% (9027/60000)


Average Test loss: 0.0913, Test Error Rate: 14.86% (1486/10000)

Train Epoch: 25 [2000/60000 (3%)]	Loss: 0.083554
Train Epoch: 25 [4000/60000 (7%)]	Loss: 0.109095
Train Epoch: 25 [6000/60000 (10%)]	Loss: 0.062948
Train Epoch: 25 [8000/60000 (13%)]	Loss: 0.201954
Train Epoch: 25 [10000/60000 (17%)]	Loss: 0.080980
Train Epoch: 25 [12000/60000 (20%)]	Loss: 0.138521
Train Epoch: 25 [14000/60000 (23%)]	Loss: 0.066876
Train Epoch: 25 [16000/60000 (27%)]	Loss: 0.089568
Train Epoch: 25 [18000/60000 (30%)]	Loss: 0.007576
Train Epoch: 25 [20000/60000 (33%)]	Loss: 0.122632
Train Epoch: 25 [22000/60000 (37%)]	Loss: 0.128279
Train Epoch: 25 [24000/60000 (40%)]	Loss: 0.101317
Train Epoch: 25 [26000/60000 (43%)]	Loss: 0.084897
Train Epoch: 25 [28000/60000 (47%)]	Loss: 0.080571
Train Epoch: 25 [30000/60000 (50%)]	Loss: 0.054023
Train Epoch: 25 [32000/60000 (53%)]	Loss: 0.062085
Train Epoch: 25 [34000/60000 (57%)]	Loss: 0.182100
Train Epoch: 25 [36000/60000 (60%)]	Loss: 0.043928
Train Epoch: 25 [38000/60000 (63%)]	Loss: 0.035085
Train Epoch: 25 [40000/60000 (67%)]	Loss: 0.092531
Train Epoch: 25 [42000/60000 (70%)]	Loss: 0.065877
Train Epoch: 25 [44000/60000 (73%)]	Loss: 0.026079
Train Epoch: 25 [46000/60000 (77%)]	Loss: 0.077578
Train Epoch: 25 [48000/60000 (80%)]	Loss: 0.101075
Train Epoch: 25 [50000/60000 (83%)]	Loss: 0.087357
Train Epoch: 25 [52000/60000 (87%)]	Loss: 0.206919
Train Epoch: 25 [54000/60000 (90%)]	Loss: 0.087365
Train Epoch: 25 [56000/60000 (93%)]	Loss: 0.015846
Train Epoch: 25 [58000/60000 (97%)]	Loss: 0.143994
Train Epoch: 25 [60000/60000 (100%)]	Loss: 0.061620

Average Training loss: 0.0046, Training Error Rate: 14.95% (8967/60000)


Average Test loss: 0.0914, Test Error Rate: 14.72% (1472/10000)

Train Epoch: 26 [2000/60000 (3%)]	Loss: 0.038149
Train Epoch: 26 [4000/60000 (7%)]	Loss: 0.081812
Train Epoch: 26 [6000/60000 (10%)]	Loss: 0.031942
Train Epoch: 26 [8000/60000 (13%)]	Loss: 0.126460
Train Epoch: 26 [10000/60000 (17%)]	Loss: 0.015448
Train Epoch: 26 [12000/60000 (20%)]	Loss: 0.162777
Train Epoch: 26 [14000/60000 (23%)]	Loss: 0.100731
Train Epoch: 26 [16000/60000 (27%)]	Loss: 0.035419
Train Epoch: 26 [18000/60000 (30%)]	Loss: 0.077545
Train Epoch: 26 [20000/60000 (33%)]	Loss: 0.172532
Train Epoch: 26 [22000/60000 (37%)]	Loss: 0.166641
Train Epoch: 26 [24000/60000 (40%)]	Loss: 0.123891
Train Epoch: 26 [26000/60000 (43%)]	Loss: 0.061793
Train Epoch: 26 [28000/60000 (47%)]	Loss: 0.062372
Train Epoch: 26 [30000/60000 (50%)]	Loss: 0.102317
Train Epoch: 26 [32000/60000 (53%)]	Loss: 0.098305
Train Epoch: 26 [34000/60000 (57%)]	Loss: 0.147356
Train Epoch: 26 [36000/60000 (60%)]	Loss: 0.190378
Train Epoch: 26 [38000/60000 (63%)]	Loss: 0.138997
Train Epoch: 26 [40000/60000 (67%)]	Loss: 0.163091
Train Epoch: 26 [42000/60000 (70%)]	Loss: 0.127060
Train Epoch: 26 [44000/60000 (73%)]	Loss: 0.070912
Train Epoch: 26 [46000/60000 (77%)]	Loss: 0.104321
Train Epoch: 26 [48000/60000 (80%)]	Loss: 0.178145
Train Epoch: 26 [50000/60000 (83%)]	Loss: 0.012818
Train Epoch: 26 [52000/60000 (87%)]	Loss: 0.015575
Train Epoch: 26 [54000/60000 (90%)]	Loss: 0.077587
Train Epoch: 26 [56000/60000 (93%)]	Loss: 0.115732
Train Epoch: 26 [58000/60000 (97%)]	Loss: 0.032452
Train Epoch: 26 [60000/60000 (100%)]	Loss: 0.100312

Average Training loss: 0.0046, Training Error Rate: 14.83% (8899/60000)


Average Test loss: 0.0898, Test Error Rate: 14.70% (1470/10000)

Train Epoch: 27 [2000/60000 (3%)]	Loss: 0.102206
Train Epoch: 27 [4000/60000 (7%)]	Loss: 0.120917
Train Epoch: 27 [6000/60000 (10%)]	Loss: 0.045690
Train Epoch: 27 [8000/60000 (13%)]	Loss: 0.029230
Train Epoch: 27 [10000/60000 (17%)]	Loss: 0.027037
Train Epoch: 27 [12000/60000 (20%)]	Loss: 0.105756
Train Epoch: 27 [14000/60000 (23%)]	Loss: 0.151895
Train Epoch: 27 [16000/60000 (27%)]	Loss: 0.033220
Train Epoch: 27 [18000/60000 (30%)]	Loss: 0.071320
Train Epoch: 27 [20000/60000 (33%)]	Loss: 0.095723
Train Epoch: 27 [22000/60000 (37%)]	Loss: 0.127247
Train Epoch: 27 [24000/60000 (40%)]	Loss: 0.206934
Train Epoch: 27 [26000/60000 (43%)]	Loss: 0.059143
Train Epoch: 27 [28000/60000 (47%)]	Loss: 0.117656
Train Epoch: 27 [30000/60000 (50%)]	Loss: 0.027728
Train Epoch: 27 [32000/60000 (53%)]	Loss: 0.083537
Train Epoch: 27 [34000/60000 (57%)]	Loss: 0.016595
Train Epoch: 27 [36000/60000 (60%)]	Loss: 0.056270
Train Epoch: 27 [38000/60000 (63%)]	Loss: 0.041700
Train Epoch: 27 [40000/60000 (67%)]	Loss: 0.147378
Train Epoch: 27 [42000/60000 (70%)]	Loss: 0.129357
Train Epoch: 27 [44000/60000 (73%)]	Loss: 0.177892
Train Epoch: 27 [46000/60000 (77%)]	Loss: 0.076838
Train Epoch: 27 [48000/60000 (80%)]	Loss: 0.163004
Train Epoch: 27 [50000/60000 (83%)]	Loss: 0.118861
Train Epoch: 27 [52000/60000 (87%)]	Loss: 0.123796
Train Epoch: 27 [54000/60000 (90%)]	Loss: 0.052068
Train Epoch: 27 [56000/60000 (93%)]	Loss: 0.054015
Train Epoch: 27 [58000/60000 (97%)]	Loss: 0.066574
Train Epoch: 27 [60000/60000 (100%)]	Loss: 0.068327

Average Training loss: 0.0046, Training Error Rate: 14.81% (8884/60000)


Average Test loss: 0.0894, Test Error Rate: 14.64% (1464/10000)

Train Epoch: 28 [2000/60000 (3%)]	Loss: 0.086513
Train Epoch: 28 [4000/60000 (7%)]	Loss: 0.107293
Train Epoch: 28 [6000/60000 (10%)]	Loss: 0.024588
Train Epoch: 28 [8000/60000 (13%)]	Loss: 0.156992
Train Epoch: 28 [10000/60000 (17%)]	Loss: 0.039647
Train Epoch: 28 [12000/60000 (20%)]	Loss: 0.092700
Train Epoch: 28 [14000/60000 (23%)]	Loss: 0.088563
Train Epoch: 28 [16000/60000 (27%)]	Loss: 0.055335
Train Epoch: 28 [18000/60000 (30%)]	Loss: 0.065063
Train Epoch: 28 [20000/60000 (33%)]	Loss: 0.063239
Train Epoch: 28 [22000/60000 (37%)]	Loss: 0.046712
Train Epoch: 28 [24000/60000 (40%)]	Loss: 0.104537
Train Epoch: 28 [26000/60000 (43%)]	Loss: 0.107675
Train Epoch: 28 [28000/60000 (47%)]	Loss: 0.025401
Train Epoch: 28 [30000/60000 (50%)]	Loss: 0.037185
Train Epoch: 28 [32000/60000 (53%)]	Loss: 0.058157
Train Epoch: 28 [34000/60000 (57%)]	Loss: 0.105723
Train Epoch: 28 [36000/60000 (60%)]	Loss: 0.092231
Train Epoch: 28 [38000/60000 (63%)]	Loss: 0.093367
Train Epoch: 28 [40000/60000 (67%)]	Loss: 0.017374
Train Epoch: 28 [42000/60000 (70%)]	Loss: 0.111733
Train Epoch: 28 [44000/60000 (73%)]	Loss: 0.112693
Train Epoch: 28 [46000/60000 (77%)]	Loss: 0.093154
Train Epoch: 28 [48000/60000 (80%)]	Loss: 0.063985
Train Epoch: 28 [50000/60000 (83%)]	Loss: 0.064418
Train Epoch: 28 [52000/60000 (87%)]	Loss: 0.082030
Train Epoch: 28 [54000/60000 (90%)]	Loss: 0.027554
Train Epoch: 28 [56000/60000 (93%)]	Loss: 0.064742
Train Epoch: 28 [58000/60000 (97%)]	Loss: 0.187639
Train Epoch: 28 [60000/60000 (100%)]	Loss: 0.033153

Average Training loss: 0.0045, Training Error Rate: 14.74% (8842/60000)


Average Test loss: 0.0901, Test Error Rate: 14.45% (1445/10000)

Train Epoch: 29 [2000/60000 (3%)]	Loss: 0.151353
Train Epoch: 29 [4000/60000 (7%)]	Loss: 0.122648
Train Epoch: 29 [6000/60000 (10%)]	Loss: 0.054727
Train Epoch: 29 [8000/60000 (13%)]	Loss: 0.072678
Train Epoch: 29 [10000/60000 (17%)]	Loss: 0.051003
Train Epoch: 29 [12000/60000 (20%)]	Loss: 0.118962
Train Epoch: 29 [14000/60000 (23%)]	Loss: 0.113990
Train Epoch: 29 [16000/60000 (27%)]	Loss: 0.101043
Train Epoch: 29 [18000/60000 (30%)]	Loss: 0.086354
Train Epoch: 29 [20000/60000 (33%)]	Loss: 0.155079
Train Epoch: 29 [22000/60000 (37%)]	Loss: 0.064924
Train Epoch: 29 [24000/60000 (40%)]	Loss: 0.122731
Train Epoch: 29 [26000/60000 (43%)]	Loss: 0.061183
Train Epoch: 29 [28000/60000 (47%)]	Loss: 0.036645
Train Epoch: 29 [30000/60000 (50%)]	Loss: 0.057612
Train Epoch: 29 [32000/60000 (53%)]	Loss: 0.142213
Train Epoch: 29 [34000/60000 (57%)]	Loss: 0.129564
Train Epoch: 29 [36000/60000 (60%)]	Loss: 0.172562
Train Epoch: 29 [38000/60000 (63%)]	Loss: 0.068931
Train Epoch: 29 [40000/60000 (67%)]	Loss: 0.003228
Train Epoch: 29 [42000/60000 (70%)]	Loss: 0.132515
Train Epoch: 29 [44000/60000 (73%)]	Loss: 0.055523
Train Epoch: 29 [46000/60000 (77%)]	Loss: 0.142746
Train Epoch: 29 [48000/60000 (80%)]	Loss: 0.147706
Train Epoch: 29 [50000/60000 (83%)]	Loss: 0.129132
Train Epoch: 29 [52000/60000 (87%)]	Loss: 0.086295
Train Epoch: 29 [54000/60000 (90%)]	Loss: 0.096948
Train Epoch: 29 [56000/60000 (93%)]	Loss: 0.132237
Train Epoch: 29 [58000/60000 (97%)]	Loss: 0.037772
Train Epoch: 29 [60000/60000 (100%)]	Loss: 0.054927

Average Training loss: 0.0045, Training Error Rate: 14.66% (8797/60000)


Average Test loss: 0.0907, Test Error Rate: 14.86% (1486/10000)

Train Epoch: 30 [2000/60000 (3%)]	Loss: 0.153729
Train Epoch: 30 [4000/60000 (7%)]	Loss: 0.106224
Train Epoch: 30 [6000/60000 (10%)]	Loss: 0.124782
Train Epoch: 30 [8000/60000 (13%)]	Loss: 0.071842
Train Epoch: 30 [10000/60000 (17%)]	Loss: 0.033070
Train Epoch: 30 [12000/60000 (20%)]	Loss: 0.080652
Train Epoch: 30 [14000/60000 (23%)]	Loss: 0.058243
Train Epoch: 30 [16000/60000 (27%)]	Loss: 0.079973
Train Epoch: 30 [18000/60000 (30%)]	Loss: 0.099673
Train Epoch: 30 [20000/60000 (33%)]	Loss: 0.115692
Train Epoch: 30 [22000/60000 (37%)]	Loss: 0.091889
Train Epoch: 30 [24000/60000 (40%)]	Loss: 0.110563
Train Epoch: 30 [26000/60000 (43%)]	Loss: 0.069829
Train Epoch: 30 [28000/60000 (47%)]	Loss: 0.099500
Train Epoch: 30 [30000/60000 (50%)]	Loss: 0.137032
Train Epoch: 30 [32000/60000 (53%)]	Loss: 0.112652
Train Epoch: 30 [34000/60000 (57%)]	Loss: 0.085847
Train Epoch: 30 [36000/60000 (60%)]	Loss: 0.041624
Train Epoch: 30 [38000/60000 (63%)]	Loss: 0.078955
Train Epoch: 30 [40000/60000 (67%)]	Loss: 0.123628
Train Epoch: 30 [42000/60000 (70%)]	Loss: 0.053495
Train Epoch: 30 [44000/60000 (73%)]	Loss: 0.065521
Train Epoch: 30 [46000/60000 (77%)]	Loss: 0.186284
Train Epoch: 30 [48000/60000 (80%)]	Loss: 0.084639
Train Epoch: 30 [50000/60000 (83%)]	Loss: 0.085666
Train Epoch: 30 [52000/60000 (87%)]	Loss: 0.058119
Train Epoch: 30 [54000/60000 (90%)]	Loss: 0.153110
Train Epoch: 30 [56000/60000 (93%)]	Loss: 0.086849
Train Epoch: 30 [58000/60000 (97%)]	Loss: 0.060675
Train Epoch: 30 [60000/60000 (100%)]	Loss: 0.075852

Average Training loss: 0.0045, Training Error Rate: 14.62% (8772/60000)


Average Test loss: 0.0884, Test Error Rate: 14.44% (1444/10000)

