/vast/home/ajherman/miniconda3/envs/pytorch/lib/python3.11/site-packages/torchvision/io/image.py:13: UserWarning: Failed to load image Python extension: '/vast/home/ajherman/miniconda3/envs/pytorch/lib/python3.11/site-packages/torchvision/image.so: undefined symbol: _ZN5torch3jit17parseSchemaOrNameERKNSt7__cxx1112basic_stringIcSt11char_traitsIcESaIcEEE'If you don't plan on using image functionality from `torchvision.io`, you can ignore this warning. Otherwise, there might be something wrong with your environment. Did you have `libjpeg` or `libpng` installed before building `torchvision` from source?
  warn(
Train Epoch: 1 [2000/60000 (3%)]	Loss: 0.546295
Train Epoch: 1 [4000/60000 (7%)]	Loss: 0.515842
Train Epoch: 1 [6000/60000 (10%)]	Loss: 0.496598
Train Epoch: 1 [8000/60000 (13%)]	Loss: 0.452532
Train Epoch: 1 [10000/60000 (17%)]	Loss: 0.561345
Train Epoch: 1 [12000/60000 (20%)]	Loss: 0.595818
Train Epoch: 1 [14000/60000 (23%)]	Loss: 0.523073
Train Epoch: 1 [16000/60000 (27%)]	Loss: 0.478415
Train Epoch: 1 [18000/60000 (30%)]	Loss: 0.583408
Train Epoch: 1 [20000/60000 (33%)]	Loss: 0.505399
Train Epoch: 1 [22000/60000 (37%)]	Loss: 0.420486
Train Epoch: 1 [24000/60000 (40%)]	Loss: 0.514651
Train Epoch: 1 [26000/60000 (43%)]	Loss: 0.503989
Train Epoch: 1 [28000/60000 (47%)]	Loss: 0.478125
Train Epoch: 1 [30000/60000 (50%)]	Loss: 0.510927
Train Epoch: 1 [32000/60000 (53%)]	Loss: 0.561588
Train Epoch: 1 [34000/60000 (57%)]	Loss: 0.479780
Train Epoch: 1 [36000/60000 (60%)]	Loss: 0.471399
Train Epoch: 1 [38000/60000 (63%)]	Loss: 0.514305
Train Epoch: 1 [40000/60000 (67%)]	Loss: 0.538642
Train Epoch: 1 [42000/60000 (70%)]	Loss: 0.495146
Train Epoch: 1 [44000/60000 (73%)]	Loss: 0.472374
Train Epoch: 1 [46000/60000 (77%)]	Loss: 0.465383
Train Epoch: 1 [48000/60000 (80%)]	Loss: 0.646076
Train Epoch: 1 [50000/60000 (83%)]	Loss: 0.504600
Train Epoch: 1 [52000/60000 (87%)]	Loss: 0.459752
Train Epoch: 1 [54000/60000 (90%)]	Loss: 0.518893
Train Epoch: 1 [56000/60000 (93%)]	Loss: 0.551171
Train Epoch: 1 [58000/60000 (97%)]	Loss: 0.502418
Train Epoch: 1 [60000/60000 (100%)]	Loss: 0.567728

Average Training loss: 0.0254, Training Error Rate: 87.67% (52603/60000)


Average Test loss: 0.5421, Test Error Rate: 88.91% (8891/10000)

Train Epoch: 2 [2000/60000 (3%)]	Loss: 0.563986
Train Epoch: 2 [4000/60000 (7%)]	Loss: 0.496422
Train Epoch: 2 [6000/60000 (10%)]	Loss: 0.486125
Train Epoch: 2 [8000/60000 (13%)]	Loss: 0.560967
Train Epoch: 2 [10000/60000 (17%)]	Loss: 0.527858
Train Epoch: 2 [12000/60000 (20%)]	Loss: 0.501187
Train Epoch: 2 [14000/60000 (23%)]	Loss: 0.665308
Train Epoch: 2 [16000/60000 (27%)]	Loss: 0.496898
Train Epoch: 2 [18000/60000 (30%)]	Loss: 0.629074
Train Epoch: 2 [20000/60000 (33%)]	Loss: 0.451135
Train Epoch: 2 [22000/60000 (37%)]	Loss: 0.443939
Train Epoch: 2 [24000/60000 (40%)]	Loss: 0.522335
Train Epoch: 2 [26000/60000 (43%)]	Loss: 0.545555
Train Epoch: 2 [28000/60000 (47%)]	Loss: 0.549077
Train Epoch: 2 [30000/60000 (50%)]	Loss: 0.462466
Train Epoch: 2 [32000/60000 (53%)]	Loss: 0.476505
Train Epoch: 2 [34000/60000 (57%)]	Loss: 0.475633
Train Epoch: 2 [36000/60000 (60%)]	Loss: 0.534200
Train Epoch: 2 [38000/60000 (63%)]	Loss: 0.526564
Train Epoch: 2 [40000/60000 (67%)]	Loss: 0.544732
Train Epoch: 2 [42000/60000 (70%)]	Loss: 0.509746
Train Epoch: 2 [44000/60000 (73%)]	Loss: 0.709521
Train Epoch: 2 [46000/60000 (77%)]	Loss: 0.490998
Train Epoch: 2 [48000/60000 (80%)]	Loss: 0.471598
Train Epoch: 2 [50000/60000 (83%)]	Loss: 0.535910
Train Epoch: 2 [52000/60000 (87%)]	Loss: 0.514394
Train Epoch: 2 [54000/60000 (90%)]	Loss: 0.595146
Train Epoch: 2 [56000/60000 (93%)]	Loss: 0.536659
Train Epoch: 2 [58000/60000 (97%)]	Loss: 0.479651
Train Epoch: 2 [60000/60000 (100%)]	Loss: 0.505846

Average Training loss: 0.0260, Training Error Rate: 89.54% (53723/60000)


Average Test loss: 0.5917, Test Error Rate: 89.67% (8967/10000)

Train Epoch: 3 [2000/60000 (3%)]	Loss: 0.503448
Train Epoch: 3 [4000/60000 (7%)]	Loss: 0.485263
Train Epoch: 3 [6000/60000 (10%)]	Loss: 0.491229
Train Epoch: 3 [8000/60000 (13%)]	Loss: 0.496164
Train Epoch: 3 [10000/60000 (17%)]	Loss: 0.573404
Train Epoch: 3 [12000/60000 (20%)]	Loss: 0.461524
Train Epoch: 3 [14000/60000 (23%)]	Loss: 0.620180
Train Epoch: 3 [16000/60000 (27%)]	Loss: 0.507198
Train Epoch: 3 [18000/60000 (30%)]	Loss: 0.525152
Train Epoch: 3 [20000/60000 (33%)]	Loss: 0.467542
Train Epoch: 3 [22000/60000 (37%)]	Loss: 0.465401
Train Epoch: 3 [24000/60000 (40%)]	Loss: 0.590163
Train Epoch: 3 [26000/60000 (43%)]	Loss: 0.536016
Train Epoch: 3 [28000/60000 (47%)]	Loss: 0.512519
Train Epoch: 3 [30000/60000 (50%)]	Loss: 0.557180
Train Epoch: 3 [32000/60000 (53%)]	Loss: 0.506845
Train Epoch: 3 [34000/60000 (57%)]	Loss: 0.480192
Train Epoch: 3 [36000/60000 (60%)]	Loss: 0.539393
Train Epoch: 3 [38000/60000 (63%)]	Loss: 0.505023
Train Epoch: 3 [40000/60000 (67%)]	Loss: 0.489958
Train Epoch: 3 [42000/60000 (70%)]	Loss: 0.495536
Train Epoch: 3 [44000/60000 (73%)]	Loss: 0.461276
Train Epoch: 3 [46000/60000 (77%)]	Loss: 0.512570
Train Epoch: 3 [48000/60000 (80%)]	Loss: 0.477998
Train Epoch: 3 [50000/60000 (83%)]	Loss: 0.520655
Train Epoch: 3 [52000/60000 (87%)]	Loss: 0.452829
Train Epoch: 3 [54000/60000 (90%)]	Loss: 0.486186
Train Epoch: 3 [56000/60000 (93%)]	Loss: 0.524997
Train Epoch: 3 [58000/60000 (97%)]	Loss: 0.476299
Train Epoch: 3 [60000/60000 (100%)]	Loss: 0.468514

Average Training loss: 0.0262, Training Error Rate: 89.62% (53771/60000)


Average Test loss: 0.4869, Test Error Rate: 89.51% (8951/10000)

Train Epoch: 4 [2000/60000 (3%)]	Loss: 0.506851
Train Epoch: 4 [4000/60000 (7%)]	Loss: 0.569414
Train Epoch: 4 [6000/60000 (10%)]	Loss: 0.567381
Train Epoch: 4 [8000/60000 (13%)]	Loss: 0.690714
Train Epoch: 4 [10000/60000 (17%)]	Loss: 0.566853
Train Epoch: 4 [12000/60000 (20%)]	Loss: 0.522657
Train Epoch: 4 [14000/60000 (23%)]	Loss: 0.458815
Train Epoch: 4 [16000/60000 (27%)]	Loss: 0.473272
Train Epoch: 4 [18000/60000 (30%)]	Loss: 0.562239
Train Epoch: 4 [20000/60000 (33%)]	Loss: 0.496985
Train Epoch: 4 [22000/60000 (37%)]	Loss: 0.513543
Train Epoch: 4 [24000/60000 (40%)]	Loss: 0.571061
Train Epoch: 4 [26000/60000 (43%)]	Loss: 0.502983
Train Epoch: 4 [28000/60000 (47%)]	Loss: 0.474737
Train Epoch: 4 [30000/60000 (50%)]	Loss: 0.553724
Train Epoch: 4 [32000/60000 (53%)]	Loss: 0.504562
Train Epoch: 4 [34000/60000 (57%)]	Loss: 0.476133
Train Epoch: 4 [36000/60000 (60%)]	Loss: 0.474058
Train Epoch: 4 [38000/60000 (63%)]	Loss: 0.527192
Train Epoch: 4 [40000/60000 (67%)]	Loss: 0.496715
Train Epoch: 4 [42000/60000 (70%)]	Loss: 0.542373
Train Epoch: 4 [44000/60000 (73%)]	Loss: 0.598361
Train Epoch: 4 [46000/60000 (77%)]	Loss: 0.555288
Train Epoch: 4 [48000/60000 (80%)]	Loss: 0.458216
Train Epoch: 4 [50000/60000 (83%)]	Loss: 0.465383
Train Epoch: 4 [52000/60000 (87%)]	Loss: 0.494407
Train Epoch: 4 [54000/60000 (90%)]	Loss: 0.517658
Train Epoch: 4 [56000/60000 (93%)]	Loss: 0.614190
Train Epoch: 4 [58000/60000 (97%)]	Loss: 0.615070
Train Epoch: 4 [60000/60000 (100%)]	Loss: 0.545250

Average Training loss: 0.0262, Training Error Rate: 89.77% (53864/60000)


Average Test loss: 0.4961, Test Error Rate: 90.41% (9041/10000)

Train Epoch: 5 [2000/60000 (3%)]	Loss: 0.490203
Train Epoch: 5 [4000/60000 (7%)]	Loss: 0.533372
Train Epoch: 5 [6000/60000 (10%)]	Loss: 0.507799
Train Epoch: 5 [8000/60000 (13%)]	Loss: 0.548923
Train Epoch: 5 [10000/60000 (17%)]	Loss: 0.509289
Train Epoch: 5 [12000/60000 (20%)]	Loss: 0.479950
Train Epoch: 5 [14000/60000 (23%)]	Loss: 0.490456
Train Epoch: 5 [16000/60000 (27%)]	Loss: 0.707681
Train Epoch: 5 [18000/60000 (30%)]	Loss: 0.602547
Train Epoch: 5 [20000/60000 (33%)]	Loss: 0.637380
Train Epoch: 5 [22000/60000 (37%)]	Loss: 0.524763
Train Epoch: 5 [24000/60000 (40%)]	Loss: 0.518495
Train Epoch: 5 [26000/60000 (43%)]	Loss: 0.461913
Train Epoch: 5 [28000/60000 (47%)]	Loss: 0.444466
Train Epoch: 5 [30000/60000 (50%)]	Loss: 0.462824
Train Epoch: 5 [32000/60000 (53%)]	Loss: 0.532271
Train Epoch: 5 [34000/60000 (57%)]	Loss: 0.495013
Train Epoch: 5 [36000/60000 (60%)]	Loss: 0.482179
Train Epoch: 5 [38000/60000 (63%)]	Loss: 0.552714
Train Epoch: 5 [40000/60000 (67%)]	Loss: 0.576925
Train Epoch: 5 [42000/60000 (70%)]	Loss: 0.630726
Train Epoch: 5 [44000/60000 (73%)]	Loss: 0.606326
Train Epoch: 5 [46000/60000 (77%)]	Loss: 0.533450
Train Epoch: 5 [48000/60000 (80%)]	Loss: 0.514449
Train Epoch: 5 [50000/60000 (83%)]	Loss: 0.547296
Train Epoch: 5 [52000/60000 (87%)]	Loss: 0.455200
Train Epoch: 5 [54000/60000 (90%)]	Loss: 0.477456
Train Epoch: 5 [56000/60000 (93%)]	Loss: 0.620902
Train Epoch: 5 [58000/60000 (97%)]	Loss: 0.616955
Train Epoch: 5 [60000/60000 (100%)]	Loss: 0.669901

Average Training loss: 0.0264, Training Error Rate: 89.48% (53686/60000)


Average Test loss: 0.6515, Test Error Rate: 88.65% (8865/10000)

Train Epoch: 6 [2000/60000 (3%)]	Loss: 0.502135
Train Epoch: 6 [4000/60000 (7%)]	Loss: 0.510605
Train Epoch: 6 [6000/60000 (10%)]	Loss: 0.564184
Train Epoch: 6 [8000/60000 (13%)]	Loss: 0.557416
Train Epoch: 6 [10000/60000 (17%)]	Loss: 0.485390
Train Epoch: 6 [12000/60000 (20%)]	Loss: 0.457240
Train Epoch: 6 [14000/60000 (23%)]	Loss: 0.491990
Train Epoch: 6 [16000/60000 (27%)]	Loss: 0.480509
Train Epoch: 6 [18000/60000 (30%)]	Loss: 0.629791
Train Epoch: 6 [20000/60000 (33%)]	Loss: 0.629459
Train Epoch: 6 [22000/60000 (37%)]	Loss: 0.498162
Train Epoch: 6 [24000/60000 (40%)]	Loss: 0.501539
Train Epoch: 6 [26000/60000 (43%)]	Loss: 0.512848
Train Epoch: 6 [28000/60000 (47%)]	Loss: 0.739323
Train Epoch: 6 [30000/60000 (50%)]	Loss: 0.566334
Train Epoch: 6 [32000/60000 (53%)]	Loss: 0.475593
Train Epoch: 6 [34000/60000 (57%)]	Loss: 0.481330
Train Epoch: 6 [36000/60000 (60%)]	Loss: 0.512163
Train Epoch: 6 [38000/60000 (63%)]	Loss: 0.501528
Train Epoch: 6 [40000/60000 (67%)]	Loss: 0.548424
Train Epoch: 6 [42000/60000 (70%)]	Loss: 0.493554
Train Epoch: 6 [44000/60000 (73%)]	Loss: 0.723288
Train Epoch: 6 [46000/60000 (77%)]	Loss: 0.587257
Train Epoch: 6 [48000/60000 (80%)]	Loss: 0.508003
Train Epoch: 6 [50000/60000 (83%)]	Loss: 0.496110
Train Epoch: 6 [52000/60000 (87%)]	Loss: 0.508835
Train Epoch: 6 [54000/60000 (90%)]	Loss: 0.611717
Train Epoch: 6 [56000/60000 (93%)]	Loss: 0.506284
Train Epoch: 6 [58000/60000 (97%)]	Loss: 0.563450
Train Epoch: 6 [60000/60000 (100%)]	Loss: 0.526441

Average Training loss: 0.0264, Training Error Rate: 89.91% (53947/60000)


Average Test loss: 0.4958, Test Error Rate: 90.16% (9016/10000)

Train Epoch: 7 [2000/60000 (3%)]	Loss: 0.518567
Train Epoch: 7 [4000/60000 (7%)]	Loss: 0.501608
Train Epoch: 7 [6000/60000 (10%)]	Loss: 0.507290
Train Epoch: 7 [8000/60000 (13%)]	Loss: 0.475486
Train Epoch: 7 [10000/60000 (17%)]	Loss: 0.524819
Train Epoch: 7 [12000/60000 (20%)]	Loss: 0.593010
Train Epoch: 7 [14000/60000 (23%)]	Loss: 0.524964
Train Epoch: 7 [16000/60000 (27%)]	Loss: 0.491641
Train Epoch: 7 [18000/60000 (30%)]	Loss: 0.499619
Train Epoch: 7 [20000/60000 (33%)]	Loss: 0.633693
Train Epoch: 7 [22000/60000 (37%)]	Loss: 0.558075
Train Epoch: 7 [24000/60000 (40%)]	Loss: 0.548991
Train Epoch: 7 [26000/60000 (43%)]	Loss: 0.505360
Train Epoch: 7 [28000/60000 (47%)]	Loss: 0.508481
Train Epoch: 7 [30000/60000 (50%)]	Loss: 0.506968
Train Epoch: 7 [32000/60000 (53%)]	Loss: 0.504258
Train Epoch: 7 [34000/60000 (57%)]	Loss: 0.463595
Train Epoch: 7 [36000/60000 (60%)]	Loss: 0.581369
Train Epoch: 7 [38000/60000 (63%)]	Loss: 0.525018
Train Epoch: 7 [40000/60000 (67%)]	Loss: 0.453130
Train Epoch: 7 [42000/60000 (70%)]	Loss: 0.496267
Train Epoch: 7 [44000/60000 (73%)]	Loss: 0.509708
Train Epoch: 7 [46000/60000 (77%)]	Loss: 0.457954
Train Epoch: 7 [48000/60000 (80%)]	Loss: 0.482557
Train Epoch: 7 [50000/60000 (83%)]	Loss: 0.542382
Train Epoch: 7 [52000/60000 (87%)]	Loss: 0.486558
Train Epoch: 7 [54000/60000 (90%)]	Loss: 0.468285
Train Epoch: 7 [56000/60000 (93%)]	Loss: 0.509034
Train Epoch: 7 [58000/60000 (97%)]	Loss: 0.474213
Train Epoch: 7 [60000/60000 (100%)]	Loss: 0.476634

Average Training loss: 0.0263, Training Error Rate: 89.65% (53792/60000)


Average Test loss: 0.4636, Test Error Rate: 89.61% (8961/10000)

Train Epoch: 8 [2000/60000 (3%)]	Loss: 0.497842
Train Epoch: 8 [4000/60000 (7%)]	Loss: 0.489701
Train Epoch: 8 [6000/60000 (10%)]	Loss: 0.543952
Train Epoch: 8 [8000/60000 (13%)]	Loss: 0.523966
Train Epoch: 8 [10000/60000 (17%)]	Loss: 0.640365
Train Epoch: 8 [12000/60000 (20%)]	Loss: 0.561300
Train Epoch: 8 [14000/60000 (23%)]	Loss: 0.503624
Train Epoch: 8 [16000/60000 (27%)]	Loss: 0.459798
Train Epoch: 8 [18000/60000 (30%)]	Loss: 0.488742
Train Epoch: 8 [20000/60000 (33%)]	Loss: 0.553429
Train Epoch: 8 [22000/60000 (37%)]	Loss: 0.650862
Train Epoch: 8 [24000/60000 (40%)]	Loss: 0.496598
Train Epoch: 8 [26000/60000 (43%)]	Loss: 0.512318
Train Epoch: 8 [28000/60000 (47%)]	Loss: 0.501698
Train Epoch: 8 [30000/60000 (50%)]	Loss: 0.676429
Train Epoch: 8 [32000/60000 (53%)]	Loss: 0.500416
Train Epoch: 8 [34000/60000 (57%)]	Loss: 0.521741
Train Epoch: 8 [36000/60000 (60%)]	Loss: 0.495780
Train Epoch: 8 [38000/60000 (63%)]	Loss: 0.458195
Train Epoch: 8 [40000/60000 (67%)]	Loss: 0.468138
Train Epoch: 8 [42000/60000 (70%)]	Loss: 0.500120
Train Epoch: 8 [44000/60000 (73%)]	Loss: 0.517238
Train Epoch: 8 [46000/60000 (77%)]	Loss: 0.585959
Train Epoch: 8 [48000/60000 (80%)]	Loss: 0.521335
Train Epoch: 8 [50000/60000 (83%)]	Loss: 0.496436
Train Epoch: 8 [52000/60000 (87%)]	Loss: 0.506659
Train Epoch: 8 [54000/60000 (90%)]	Loss: 0.516588
Train Epoch: 8 [56000/60000 (93%)]	Loss: 0.476594
Train Epoch: 8 [58000/60000 (97%)]	Loss: 0.473588
Train Epoch: 8 [60000/60000 (100%)]	Loss: 0.475082

Average Training loss: 0.0264, Training Error Rate: 89.96% (53977/60000)


Average Test loss: 0.4798, Test Error Rate: 90.20% (9020/10000)

Train Epoch: 9 [2000/60000 (3%)]	Loss: 0.570797
Train Epoch: 9 [4000/60000 (7%)]	Loss: 0.529978
Train Epoch: 9 [6000/60000 (10%)]	Loss: 0.551132
Train Epoch: 9 [8000/60000 (13%)]	Loss: 0.499559
Train Epoch: 9 [10000/60000 (17%)]	Loss: 0.665935
Train Epoch: 9 [12000/60000 (20%)]	Loss: 0.482208
Train Epoch: 9 [14000/60000 (23%)]	Loss: 0.492560
Train Epoch: 9 [16000/60000 (27%)]	Loss: 0.469461
Train Epoch: 9 [18000/60000 (30%)]	Loss: 0.529323
Train Epoch: 9 [20000/60000 (33%)]	Loss: 0.490883
Train Epoch: 9 [22000/60000 (37%)]	Loss: 0.536659
Train Epoch: 9 [24000/60000 (40%)]	Loss: 0.524244
Train Epoch: 9 [26000/60000 (43%)]	Loss: 0.511353
Train Epoch: 9 [28000/60000 (47%)]	Loss: 0.442541
Train Epoch: 9 [30000/60000 (50%)]	Loss: 0.527320
Train Epoch: 9 [32000/60000 (53%)]	Loss: 0.500567
Train Epoch: 9 [34000/60000 (57%)]	Loss: 0.592081
Train Epoch: 9 [36000/60000 (60%)]	Loss: 0.479073
Train Epoch: 9 [38000/60000 (63%)]	Loss: 0.675503
Train Epoch: 9 [40000/60000 (67%)]	Loss: 0.509312
Train Epoch: 9 [42000/60000 (70%)]	Loss: 0.715736
Train Epoch: 9 [44000/60000 (73%)]	Loss: 0.550010
Train Epoch: 9 [46000/60000 (77%)]	Loss: 0.450872
Train Epoch: 9 [48000/60000 (80%)]	Loss: 0.535361
Train Epoch: 9 [50000/60000 (83%)]	Loss: 0.517936
Train Epoch: 9 [52000/60000 (87%)]	Loss: 0.467527
Train Epoch: 9 [54000/60000 (90%)]	Loss: 0.489192
Train Epoch: 9 [56000/60000 (93%)]	Loss: 0.639735
Train Epoch: 9 [58000/60000 (97%)]	Loss: 0.554718
Train Epoch: 9 [60000/60000 (100%)]	Loss: 0.532592

Average Training loss: 0.0264, Training Error Rate: 89.49% (53692/60000)


Average Test loss: 0.4941, Test Error Rate: 89.67% (8967/10000)

Train Epoch: 10 [2000/60000 (3%)]	Loss: 0.620846
Train Epoch: 10 [4000/60000 (7%)]	Loss: 0.545708
Train Epoch: 10 [6000/60000 (10%)]	Loss: 0.493005
Train Epoch: 10 [8000/60000 (13%)]	Loss: 0.472912
Train Epoch: 10 [10000/60000 (17%)]	Loss: 0.565980
Train Epoch: 10 [12000/60000 (20%)]	Loss: 0.676145
Train Epoch: 10 [14000/60000 (23%)]	Loss: 0.490698
Train Epoch: 10 [16000/60000 (27%)]	Loss: 0.505357
Train Epoch: 10 [18000/60000 (30%)]	Loss: 0.501354
Train Epoch: 10 [20000/60000 (33%)]	Loss: 0.534216
Train Epoch: 10 [22000/60000 (37%)]	Loss: 0.785641
Train Epoch: 10 [24000/60000 (40%)]	Loss: 0.562517
Train Epoch: 10 [26000/60000 (43%)]	Loss: 0.507757
Train Epoch: 10 [28000/60000 (47%)]	Loss: 0.502222
Train Epoch: 10 [30000/60000 (50%)]	Loss: 0.631527
Train Epoch: 10 [32000/60000 (53%)]	Loss: 0.626520
Train Epoch: 10 [34000/60000 (57%)]	Loss: 0.545740
Train Epoch: 10 [36000/60000 (60%)]	Loss: 0.548674
Train Epoch: 10 [38000/60000 (63%)]	Loss: 0.547323
Train Epoch: 10 [40000/60000 (67%)]	Loss: 0.614658
Train Epoch: 10 [42000/60000 (70%)]	Loss: 0.505880
Train Epoch: 10 [44000/60000 (73%)]	Loss: 0.519987
Train Epoch: 10 [46000/60000 (77%)]	Loss: 0.650483
Train Epoch: 10 [48000/60000 (80%)]	Loss: 0.550778
Train Epoch: 10 [50000/60000 (83%)]	Loss: 0.540644
Train Epoch: 10 [52000/60000 (87%)]	Loss: 0.535552
Train Epoch: 10 [54000/60000 (90%)]	Loss: 0.481123
Train Epoch: 10 [56000/60000 (93%)]	Loss: 0.515049
Train Epoch: 10 [58000/60000 (97%)]	Loss: 0.488322
Train Epoch: 10 [60000/60000 (100%)]	Loss: 0.520919

Average Training loss: 0.0265, Training Error Rate: 89.83% (53900/60000)


Average Test loss: 0.5770, Test Error Rate: 90.26% (9026/10000)

Train Epoch: 11 [2000/60000 (3%)]	Loss: 0.489797
Train Epoch: 11 [4000/60000 (7%)]	Loss: 0.484910
Train Epoch: 11 [6000/60000 (10%)]	Loss: 0.467633
Train Epoch: 11 [8000/60000 (13%)]	Loss: 0.640005
Train Epoch: 11 [10000/60000 (17%)]	Loss: 0.481358
Train Epoch: 11 [12000/60000 (20%)]	Loss: 0.508039
Train Epoch: 11 [14000/60000 (23%)]	Loss: 0.509089
Train Epoch: 11 [16000/60000 (27%)]	Loss: 0.516698
Train Epoch: 11 [18000/60000 (30%)]	Loss: 0.477998
Train Epoch: 11 [20000/60000 (33%)]	Loss: 0.484936
Train Epoch: 11 [22000/60000 (37%)]	Loss: 0.475621
Train Epoch: 11 [24000/60000 (40%)]	Loss: 0.575336
Train Epoch: 11 [26000/60000 (43%)]	Loss: 0.504034
Train Epoch: 11 [28000/60000 (47%)]	Loss: 0.490233
Train Epoch: 11 [30000/60000 (50%)]	Loss: 0.549262
Train Epoch: 11 [32000/60000 (53%)]	Loss: 0.565441
Train Epoch: 11 [34000/60000 (57%)]	Loss: 0.507495
Train Epoch: 11 [36000/60000 (60%)]	Loss: 0.482926
Train Epoch: 11 [38000/60000 (63%)]	Loss: 0.490777
Train Epoch: 11 [40000/60000 (67%)]	Loss: 0.550640
Train Epoch: 11 [42000/60000 (70%)]	Loss: 0.497486
Train Epoch: 11 [44000/60000 (73%)]	Loss: 0.593151
Train Epoch: 11 [46000/60000 (77%)]	Loss: 0.462238
Train Epoch: 11 [48000/60000 (80%)]	Loss: 0.490561
Train Epoch: 11 [50000/60000 (83%)]	Loss: 0.552995
Train Epoch: 11 [52000/60000 (87%)]	Loss: 0.504492
Train Epoch: 11 [54000/60000 (90%)]	Loss: 0.493666
Train Epoch: 11 [56000/60000 (93%)]	Loss: 0.584085
Train Epoch: 11 [58000/60000 (97%)]	Loss: 0.505455
Train Epoch: 11 [60000/60000 (100%)]	Loss: 0.507274

Average Training loss: 0.0266, Training Error Rate: 89.65% (53792/60000)


Average Test loss: 0.5031, Test Error Rate: 90.20% (9020/10000)

Train Epoch: 12 [2000/60000 (3%)]	Loss: 0.535284
Train Epoch: 12 [4000/60000 (7%)]	Loss: 0.516345
Train Epoch: 12 [6000/60000 (10%)]	Loss: 0.501413
Train Epoch: 12 [8000/60000 (13%)]	Loss: 0.476263
Train Epoch: 12 [10000/60000 (17%)]	Loss: 0.499410
Train Epoch: 12 [12000/60000 (20%)]	Loss: 0.575960
Train Epoch: 12 [14000/60000 (23%)]	Loss: 0.540639
Train Epoch: 12 [16000/60000 (27%)]	Loss: 0.511618
Train Epoch: 12 [18000/60000 (30%)]	Loss: 0.489941
Train Epoch: 12 [20000/60000 (33%)]	Loss: 0.463390
Train Epoch: 12 [22000/60000 (37%)]	Loss: 0.561772
Train Epoch: 12 [24000/60000 (40%)]	Loss: 0.582497
Train Epoch: 12 [26000/60000 (43%)]	Loss: 0.482387
Train Epoch: 12 [28000/60000 (47%)]	Loss: 0.476624
Train Epoch: 12 [30000/60000 (50%)]	Loss: 0.464071
Train Epoch: 12 [32000/60000 (53%)]	Loss: 0.508927
Train Epoch: 12 [34000/60000 (57%)]	Loss: 0.487321
Train Epoch: 12 [36000/60000 (60%)]	Loss: 0.521240
Train Epoch: 12 [38000/60000 (63%)]	Loss: 0.513563
Train Epoch: 12 [40000/60000 (67%)]	Loss: 0.494356
Train Epoch: 12 [42000/60000 (70%)]	Loss: 0.605553
Train Epoch: 12 [44000/60000 (73%)]	Loss: 0.467661
Train Epoch: 12 [46000/60000 (77%)]	Loss: 0.465630
Train Epoch: 12 [48000/60000 (80%)]	Loss: 0.645506
Train Epoch: 12 [50000/60000 (83%)]	Loss: 0.552220
Train Epoch: 12 [52000/60000 (87%)]	Loss: 0.680806
Train Epoch: 12 [54000/60000 (90%)]	Loss: 0.511020
Train Epoch: 12 [56000/60000 (93%)]	Loss: 0.496718
Train Epoch: 12 [58000/60000 (97%)]	Loss: 0.542037
Train Epoch: 12 [60000/60000 (100%)]	Loss: 0.487045

Average Training loss: 0.0265, Training Error Rate: 89.95% (53972/60000)


Average Test loss: 0.5366, Test Error Rate: 88.65% (8865/10000)

Train Epoch: 13 [2000/60000 (3%)]	Loss: 0.501530
Train Epoch: 13 [4000/60000 (7%)]	Loss: 0.487799
Train Epoch: 13 [6000/60000 (10%)]	Loss: 0.533917
Train Epoch: 13 [8000/60000 (13%)]	Loss: 0.538029
Train Epoch: 13 [10000/60000 (17%)]	Loss: 0.450950
Train Epoch: 13 [12000/60000 (20%)]	Loss: 0.488680
Train Epoch: 13 [14000/60000 (23%)]	Loss: 0.456110
Train Epoch: 13 [16000/60000 (27%)]	Loss: 0.598127
Train Epoch: 13 [18000/60000 (30%)]	Loss: 0.591415
Train Epoch: 13 [20000/60000 (33%)]	Loss: 0.546691
Train Epoch: 13 [22000/60000 (37%)]	Loss: 0.478602
Train Epoch: 13 [24000/60000 (40%)]	Loss: 0.465868
Train Epoch: 13 [26000/60000 (43%)]	Loss: 0.499608
Train Epoch: 13 [28000/60000 (47%)]	Loss: 0.602782
Train Epoch: 13 [30000/60000 (50%)]	Loss: 0.754489
Train Epoch: 13 [32000/60000 (53%)]	Loss: 0.449582
Train Epoch: 13 [34000/60000 (57%)]	Loss: 0.572519
Train Epoch: 13 [36000/60000 (60%)]	Loss: 0.580010
Train Epoch: 13 [38000/60000 (63%)]	Loss: 0.624739
Train Epoch: 13 [40000/60000 (67%)]	Loss: 0.498916
Train Epoch: 13 [42000/60000 (70%)]	Loss: 0.458970
Train Epoch: 13 [44000/60000 (73%)]	Loss: 0.521675
Train Epoch: 13 [46000/60000 (77%)]	Loss: 0.488499
Train Epoch: 13 [48000/60000 (80%)]	Loss: 0.454857
Train Epoch: 13 [50000/60000 (83%)]	Loss: 0.470011
Train Epoch: 13 [52000/60000 (87%)]	Loss: 0.496162
Train Epoch: 13 [54000/60000 (90%)]	Loss: 0.547363
Train Epoch: 13 [56000/60000 (93%)]	Loss: 0.576127
Train Epoch: 13 [58000/60000 (97%)]	Loss: 0.547183
Train Epoch: 13 [60000/60000 (100%)]	Loss: 0.480466

Average Training loss: 0.0265, Training Error Rate: 89.84% (53906/60000)


Average Test loss: 0.5582, Test Error Rate: 90.23% (9023/10000)

Train Epoch: 14 [2000/60000 (3%)]	Loss: 0.492486
Train Epoch: 14 [4000/60000 (7%)]	Loss: 0.599657
Train Epoch: 14 [6000/60000 (10%)]	Loss: 0.513390
Train Epoch: 14 [8000/60000 (13%)]	Loss: 0.479281
Train Epoch: 14 [10000/60000 (17%)]	Loss: 0.528675
Train Epoch: 14 [12000/60000 (20%)]	Loss: 0.542723
Train Epoch: 14 [14000/60000 (23%)]	Loss: 0.514212
Train Epoch: 14 [16000/60000 (27%)]	Loss: 0.483749
Train Epoch: 14 [18000/60000 (30%)]	Loss: 0.507799
Train Epoch: 14 [20000/60000 (33%)]	Loss: 0.551966
Train Epoch: 14 [22000/60000 (37%)]	Loss: 0.545892
Train Epoch: 14 [24000/60000 (40%)]	Loss: 0.495248
Train Epoch: 14 [26000/60000 (43%)]	Loss: 0.532925
Train Epoch: 14 [28000/60000 (47%)]	Loss: 0.461676
Train Epoch: 14 [30000/60000 (50%)]	Loss: 0.600814
Train Epoch: 14 [32000/60000 (53%)]	Loss: 0.520874
Train Epoch: 14 [34000/60000 (57%)]	Loss: 0.574346
Train Epoch: 14 [36000/60000 (60%)]	Loss: 0.573223
Train Epoch: 14 [38000/60000 (63%)]	Loss: 0.557224
Train Epoch: 14 [40000/60000 (67%)]	Loss: 0.466669
Train Epoch: 14 [42000/60000 (70%)]	Loss: 0.495756
Train Epoch: 14 [44000/60000 (73%)]	Loss: 0.482541
Train Epoch: 14 [46000/60000 (77%)]	Loss: 0.516748
Train Epoch: 14 [48000/60000 (80%)]	Loss: 0.451262
Train Epoch: 14 [50000/60000 (83%)]	Loss: 0.518471
Train Epoch: 14 [52000/60000 (87%)]	Loss: 0.465917
Train Epoch: 14 [54000/60000 (90%)]	Loss: 0.509498
Train Epoch: 14 [56000/60000 (93%)]	Loss: 0.482427
Train Epoch: 14 [58000/60000 (97%)]	Loss: 0.509979
Train Epoch: 14 [60000/60000 (100%)]	Loss: 0.574180

Average Training loss: 0.0263, Training Error Rate: 89.69% (53811/60000)


Average Test loss: 0.5913, Test Error Rate: 90.18% (9018/10000)

Train Epoch: 15 [2000/60000 (3%)]	Loss: 0.554647
Train Epoch: 15 [4000/60000 (7%)]	Loss: 0.628171
Train Epoch: 15 [6000/60000 (10%)]	Loss: 0.577117
Train Epoch: 15 [8000/60000 (13%)]	Loss: 0.514701
Train Epoch: 15 [10000/60000 (17%)]	Loss: 0.461261
Train Epoch: 15 [12000/60000 (20%)]	Loss: 0.492396
Train Epoch: 15 [14000/60000 (23%)]	Loss: 0.528481
Train Epoch: 15 [16000/60000 (27%)]	Loss: 0.505428
Train Epoch: 15 [18000/60000 (30%)]	Loss: 0.506628
Train Epoch: 15 [20000/60000 (33%)]	Loss: 0.522757
Train Epoch: 15 [22000/60000 (37%)]	Loss: 0.525594
Train Epoch: 15 [24000/60000 (40%)]	Loss: 0.617703
Train Epoch: 15 [26000/60000 (43%)]	Loss: 0.514255
Train Epoch: 15 [28000/60000 (47%)]	Loss: 0.473622
Train Epoch: 15 [30000/60000 (50%)]	Loss: 0.497963
Train Epoch: 15 [32000/60000 (53%)]	Loss: 0.481107
Train Epoch: 15 [34000/60000 (57%)]	Loss: 0.612022
Train Epoch: 15 [36000/60000 (60%)]	Loss: 0.439826
Train Epoch: 15 [38000/60000 (63%)]	Loss: 0.492093
Train Epoch: 15 [40000/60000 (67%)]	Loss: 0.566179
Train Epoch: 15 [42000/60000 (70%)]	Loss: 0.544935
Train Epoch: 15 [44000/60000 (73%)]	Loss: 0.643970
Train Epoch: 15 [46000/60000 (77%)]	Loss: 0.506650
Train Epoch: 15 [48000/60000 (80%)]	Loss: 0.519824
Train Epoch: 15 [50000/60000 (83%)]	Loss: 0.481864
Train Epoch: 15 [52000/60000 (87%)]	Loss: 0.482583
Train Epoch: 15 [54000/60000 (90%)]	Loss: 0.688871
Train Epoch: 15 [56000/60000 (93%)]	Loss: 0.555442
Train Epoch: 15 [58000/60000 (97%)]	Loss: 0.463868
Train Epoch: 15 [60000/60000 (100%)]	Loss: 0.455245

Average Training loss: 0.0265, Training Error Rate: 89.81% (53885/60000)


Average Test loss: 0.4901, Test Error Rate: 90.58% (9058/10000)

Train Epoch: 16 [2000/60000 (3%)]	Loss: 0.632340
Train Epoch: 16 [4000/60000 (7%)]	Loss: 0.473569
Train Epoch: 16 [6000/60000 (10%)]	Loss: 0.451549
Train Epoch: 16 [8000/60000 (13%)]	Loss: 0.622805
Train Epoch: 16 [10000/60000 (17%)]	Loss: 0.614063
Train Epoch: 16 [12000/60000 (20%)]	Loss: 0.508782
Train Epoch: 16 [14000/60000 (23%)]	Loss: 0.453592
Train Epoch: 16 [16000/60000 (27%)]	Loss: 0.469037
Train Epoch: 16 [18000/60000 (30%)]	Loss: 0.502316
Train Epoch: 16 [20000/60000 (33%)]	Loss: 0.530314
Train Epoch: 16 [22000/60000 (37%)]	Loss: 0.447419
Train Epoch: 16 [24000/60000 (40%)]	Loss: 0.464130
Train Epoch: 16 [26000/60000 (43%)]	Loss: 0.509050
Train Epoch: 16 [28000/60000 (47%)]	Loss: 0.438881
Train Epoch: 16 [30000/60000 (50%)]	Loss: 0.564948
Train Epoch: 16 [32000/60000 (53%)]	Loss: 0.559079
Train Epoch: 16 [34000/60000 (57%)]	Loss: 0.605061
Train Epoch: 16 [36000/60000 (60%)]	Loss: 0.474649
Train Epoch: 16 [38000/60000 (63%)]	Loss: 0.620523
Train Epoch: 16 [40000/60000 (67%)]	Loss: 0.572660
Train Epoch: 16 [42000/60000 (70%)]	Loss: 0.470189
Train Epoch: 16 [44000/60000 (73%)]	Loss: 0.596081
Train Epoch: 16 [46000/60000 (77%)]	Loss: 0.505508
Train Epoch: 16 [48000/60000 (80%)]	Loss: 0.569214
Train Epoch: 16 [50000/60000 (83%)]	Loss: 0.477152
Train Epoch: 16 [52000/60000 (87%)]	Loss: 0.504781
Train Epoch: 16 [54000/60000 (90%)]	Loss: 0.518579
Train Epoch: 16 [56000/60000 (93%)]	Loss: 0.572318
Train Epoch: 16 [58000/60000 (97%)]	Loss: 0.542814
Train Epoch: 16 [60000/60000 (100%)]	Loss: 0.585091

Average Training loss: 0.0265, Training Error Rate: 90.10% (54059/60000)


Average Test loss: 0.5267, Test Error Rate: 89.91% (8991/10000)

Train Epoch: 17 [2000/60000 (3%)]	Loss: 0.596289
Train Epoch: 17 [4000/60000 (7%)]	Loss: 0.482278
Train Epoch: 17 [6000/60000 (10%)]	Loss: 0.655372
Train Epoch: 17 [8000/60000 (13%)]	Loss: 0.515227
Train Epoch: 17 [10000/60000 (17%)]	Loss: 0.570892
Train Epoch: 17 [12000/60000 (20%)]	Loss: 0.614379
Train Epoch: 17 [14000/60000 (23%)]	Loss: 0.481547
Train Epoch: 17 [16000/60000 (27%)]	Loss: 0.574133
Train Epoch: 17 [18000/60000 (30%)]	Loss: 0.533298
Train Epoch: 17 [20000/60000 (33%)]	Loss: 0.487746
Train Epoch: 17 [22000/60000 (37%)]	Loss: 0.528548
Train Epoch: 17 [24000/60000 (40%)]	Loss: 0.690080
Train Epoch: 17 [26000/60000 (43%)]	Loss: 0.460442
Train Epoch: 17 [28000/60000 (47%)]	Loss: 0.505859
Train Epoch: 17 [30000/60000 (50%)]	Loss: 0.568940
Train Epoch: 17 [32000/60000 (53%)]	Loss: 0.464032
Train Epoch: 17 [34000/60000 (57%)]	Loss: 0.462764
Train Epoch: 17 [36000/60000 (60%)]	Loss: 0.558671
Train Epoch: 17 [38000/60000 (63%)]	Loss: 0.515816
Train Epoch: 17 [40000/60000 (67%)]	Loss: 0.519401
Train Epoch: 17 [42000/60000 (70%)]	Loss: 0.514947
Train Epoch: 17 [44000/60000 (73%)]	Loss: 0.475648
Train Epoch: 17 [46000/60000 (77%)]	Loss: 0.516693
Train Epoch: 17 [48000/60000 (80%)]	Loss: 0.579714
Train Epoch: 17 [50000/60000 (83%)]	Loss: 0.504228
Train Epoch: 17 [52000/60000 (87%)]	Loss: 0.501804
Train Epoch: 17 [54000/60000 (90%)]	Loss: 0.540922
Train Epoch: 17 [56000/60000 (93%)]	Loss: 0.488990
Train Epoch: 17 [58000/60000 (97%)]	Loss: 0.518329
Train Epoch: 17 [60000/60000 (100%)]	Loss: 0.498575

Average Training loss: 0.0263, Training Error Rate: 89.69% (53817/60000)


Average Test loss: 0.4984, Test Error Rate: 90.20% (9020/10000)

Train Epoch: 18 [2000/60000 (3%)]	Loss: 0.476829
Train Epoch: 18 [4000/60000 (7%)]	Loss: 0.466312
Train Epoch: 18 [6000/60000 (10%)]	Loss: 0.470116
Train Epoch: 18 [8000/60000 (13%)]	Loss: 0.600097
Train Epoch: 18 [10000/60000 (17%)]	Loss: 0.590993
Train Epoch: 18 [12000/60000 (20%)]	Loss: 0.598416
Train Epoch: 18 [14000/60000 (23%)]	Loss: 0.598013
Train Epoch: 18 [16000/60000 (27%)]	Loss: 0.484453
Train Epoch: 18 [18000/60000 (30%)]	Loss: 0.498192
Train Epoch: 18 [20000/60000 (33%)]	Loss: 0.560131
Train Epoch: 18 [22000/60000 (37%)]	Loss: 0.497196
Train Epoch: 18 [24000/60000 (40%)]	Loss: 0.570095
Train Epoch: 18 [26000/60000 (43%)]	Loss: 0.544013
Train Epoch: 18 [28000/60000 (47%)]	Loss: 0.478167
Train Epoch: 18 [30000/60000 (50%)]	Loss: 0.579901
Train Epoch: 18 [32000/60000 (53%)]	Loss: 0.485030
Train Epoch: 18 [34000/60000 (57%)]	Loss: 0.524446
Train Epoch: 18 [36000/60000 (60%)]	Loss: 0.479102
Train Epoch: 18 [38000/60000 (63%)]	Loss: 0.521913
Train Epoch: 18 [40000/60000 (67%)]	Loss: 0.508185
Train Epoch: 18 [42000/60000 (70%)]	Loss: 0.596145
Train Epoch: 18 [44000/60000 (73%)]	Loss: 0.462351
Train Epoch: 18 [46000/60000 (77%)]	Loss: 0.555049
Train Epoch: 18 [48000/60000 (80%)]	Loss: 0.601515
Train Epoch: 18 [50000/60000 (83%)]	Loss: 0.492953
Train Epoch: 18 [52000/60000 (87%)]	Loss: 0.502835
Train Epoch: 18 [54000/60000 (90%)]	Loss: 0.457438
Train Epoch: 18 [56000/60000 (93%)]	Loss: 0.484373
Train Epoch: 18 [58000/60000 (97%)]	Loss: 0.471744
Train Epoch: 18 [60000/60000 (100%)]	Loss: 0.500000

Average Training loss: 0.0264, Training Error Rate: 89.87% (53923/60000)


Average Test loss: 0.5420, Test Error Rate: 89.90% (8990/10000)

Train Epoch: 19 [2000/60000 (3%)]	Loss: 0.538570
Train Epoch: 19 [4000/60000 (7%)]	Loss: 0.527637
Train Epoch: 19 [6000/60000 (10%)]	Loss: 0.486938
Train Epoch: 19 [8000/60000 (13%)]	Loss: 0.638569
Train Epoch: 19 [10000/60000 (17%)]	Loss: 0.599547
Train Epoch: 19 [12000/60000 (20%)]	Loss: 0.517277
Train Epoch: 19 [14000/60000 (23%)]	Loss: 0.583248
Train Epoch: 19 [16000/60000 (27%)]	Loss: 0.507253
Train Epoch: 19 [18000/60000 (30%)]	Loss: 0.571983
Train Epoch: 19 [20000/60000 (33%)]	Loss: 0.444229
Train Epoch: 19 [22000/60000 (37%)]	Loss: 0.601650
Train Epoch: 19 [24000/60000 (40%)]	Loss: 0.487033
Train Epoch: 19 [26000/60000 (43%)]	Loss: 0.573140
Train Epoch: 19 [28000/60000 (47%)]	Loss: 0.472727
Train Epoch: 19 [30000/60000 (50%)]	Loss: 0.510522
Train Epoch: 19 [32000/60000 (53%)]	Loss: 0.630714
Train Epoch: 19 [34000/60000 (57%)]	Loss: 0.581826
Train Epoch: 19 [36000/60000 (60%)]	Loss: 0.493307
Train Epoch: 19 [38000/60000 (63%)]	Loss: 0.501293
Train Epoch: 19 [40000/60000 (67%)]	Loss: 0.534442
Train Epoch: 19 [42000/60000 (70%)]	Loss: 0.657926
Train Epoch: 19 [44000/60000 (73%)]	Loss: 0.593554
Train Epoch: 19 [46000/60000 (77%)]	Loss: 0.636847
Train Epoch: 19 [48000/60000 (80%)]	Loss: 0.623551
Train Epoch: 19 [50000/60000 (83%)]	Loss: 0.482141
Train Epoch: 19 [52000/60000 (87%)]	Loss: 0.512681
Train Epoch: 19 [54000/60000 (90%)]	Loss: 0.505550
Train Epoch: 19 [56000/60000 (93%)]	Loss: 0.505988
Train Epoch: 19 [58000/60000 (97%)]	Loss: 0.506069
Train Epoch: 19 [60000/60000 (100%)]	Loss: 0.537769

Average Training loss: 0.0264, Training Error Rate: 89.91% (53944/60000)


Average Test loss: 0.5587, Test Error Rate: 90.20% (9020/10000)

Train Epoch: 20 [2000/60000 (3%)]	Loss: 0.474174
Train Epoch: 20 [4000/60000 (7%)]	Loss: 0.585805
Train Epoch: 20 [6000/60000 (10%)]	Loss: 0.531202
Train Epoch: 20 [8000/60000 (13%)]	Loss: 0.535762
Train Epoch: 20 [10000/60000 (17%)]	Loss: 0.506170
Train Epoch: 20 [12000/60000 (20%)]	Loss: 0.494679
Train Epoch: 20 [14000/60000 (23%)]	Loss: 0.594394
Train Epoch: 20 [16000/60000 (27%)]	Loss: 0.590670
Train Epoch: 20 [18000/60000 (30%)]	Loss: 0.601559
Train Epoch: 20 [20000/60000 (33%)]	Loss: 0.472542
Train Epoch: 20 [22000/60000 (37%)]	Loss: 0.592943
Train Epoch: 20 [24000/60000 (40%)]	Loss: 0.509607
Train Epoch: 20 [26000/60000 (43%)]	Loss: 0.502444
Train Epoch: 20 [28000/60000 (47%)]	Loss: 0.588657
Train Epoch: 20 [30000/60000 (50%)]	Loss: 0.574234
Train Epoch: 20 [32000/60000 (53%)]	Loss: 0.546961
Train Epoch: 20 [34000/60000 (57%)]	Loss: 0.512570
Train Epoch: 20 [36000/60000 (60%)]	Loss: 0.525037
Train Epoch: 20 [38000/60000 (63%)]	Loss: 0.473377
Train Epoch: 20 [40000/60000 (67%)]	Loss: 0.825329
Train Epoch: 20 [42000/60000 (70%)]	Loss: 0.548131
Train Epoch: 20 [44000/60000 (73%)]	Loss: 0.640927
Train Epoch: 20 [46000/60000 (77%)]	Loss: 0.541751
Train Epoch: 20 [48000/60000 (80%)]	Loss: 0.502893
Train Epoch: 20 [50000/60000 (83%)]	Loss: 0.495589
Train Epoch: 20 [52000/60000 (87%)]	Loss: 0.504539
Train Epoch: 20 [54000/60000 (90%)]	Loss: 0.500966
Train Epoch: 20 [56000/60000 (93%)]	Loss: 0.496272
Train Epoch: 20 [58000/60000 (97%)]	Loss: 0.550732
Train Epoch: 20 [60000/60000 (100%)]	Loss: 0.476551

Average Training loss: 0.0264, Training Error Rate: 89.78% (53868/60000)


Average Test loss: 0.5278, Test Error Rate: 89.13% (8913/10000)

Train Epoch: 21 [2000/60000 (3%)]	Loss: 0.507394
Train Epoch: 21 [4000/60000 (7%)]	Loss: 0.476545
Train Epoch: 21 [6000/60000 (10%)]	Loss: 0.519759
Train Epoch: 21 [8000/60000 (13%)]	Loss: 0.539540
