/vast/home/ajherman/miniconda3/envs/pytorch/lib/python3.11/site-packages/torchvision/io/image.py:13: UserWarning: Failed to load image Python extension: '/vast/home/ajherman/miniconda3/envs/pytorch/lib/python3.11/site-packages/torchvision/image.so: undefined symbol: _ZN5torch3jit17parseSchemaOrNameERKNSt7__cxx1112basic_stringIcSt11char_traitsIcESaIcEEE'If you don't plan on using image functionality from `torchvision.io`, you can ignore this warning. Otherwise, there might be something wrong with your environment. Did you have `libjpeg` or `libpng` installed before building `torchvision` from source?
  warn(
Train Epoch: 1 [2000/60000 (3%)]	Loss: 0.441721
Train Epoch: 1 [4000/60000 (7%)]	Loss: 0.385963
Train Epoch: 1 [6000/60000 (10%)]	Loss: 0.363984
Train Epoch: 1 [8000/60000 (13%)]	Loss: 0.406330
Train Epoch: 1 [10000/60000 (17%)]	Loss: 0.380320
Train Epoch: 1 [12000/60000 (20%)]	Loss: 0.332748
Train Epoch: 1 [14000/60000 (23%)]	Loss: 0.344186
Train Epoch: 1 [16000/60000 (27%)]	Loss: 0.305667
Train Epoch: 1 [18000/60000 (30%)]	Loss: 0.287160
Train Epoch: 1 [20000/60000 (33%)]	Loss: 0.326620
Train Epoch: 1 [22000/60000 (37%)]	Loss: 0.275705
Train Epoch: 1 [24000/60000 (40%)]	Loss: 0.276337
Train Epoch: 1 [26000/60000 (43%)]	Loss: 0.231869
Train Epoch: 1 [28000/60000 (47%)]	Loss: 0.266005
Train Epoch: 1 [30000/60000 (50%)]	Loss: 0.260696
Train Epoch: 1 [32000/60000 (53%)]	Loss: 0.281665
Train Epoch: 1 [34000/60000 (57%)]	Loss: 0.254945
Train Epoch: 1 [36000/60000 (60%)]	Loss: 0.281814
Train Epoch: 1 [38000/60000 (63%)]	Loss: 0.189403
Train Epoch: 1 [40000/60000 (67%)]	Loss: 0.145798
Train Epoch: 1 [42000/60000 (70%)]	Loss: 0.265555
Train Epoch: 1 [44000/60000 (73%)]	Loss: 0.261421
Train Epoch: 1 [46000/60000 (77%)]	Loss: 0.205178
Train Epoch: 1 [48000/60000 (80%)]	Loss: 0.173797
Train Epoch: 1 [50000/60000 (83%)]	Loss: 0.158876
Train Epoch: 1 [52000/60000 (87%)]	Loss: 0.137124
Train Epoch: 1 [54000/60000 (90%)]	Loss: 0.166485
Train Epoch: 1 [56000/60000 (93%)]	Loss: 0.342243
Train Epoch: 1 [58000/60000 (97%)]	Loss: 0.188201
Train Epoch: 1 [60000/60000 (100%)]	Loss: 0.226018

Average Training loss: 0.0142, Training Error Rate: 37.38% (22426/60000)


Average Test loss: 0.2162, Test Error Rate: 25.32% (2532/10000)

Train Epoch: 2 [2000/60000 (3%)]	Loss: 0.260463
Train Epoch: 2 [4000/60000 (7%)]	Loss: 0.199515
Train Epoch: 2 [6000/60000 (10%)]	Loss: 0.236152
Train Epoch: 2 [8000/60000 (13%)]	Loss: 0.183020
Train Epoch: 2 [10000/60000 (17%)]	Loss: 0.171308
Train Epoch: 2 [12000/60000 (20%)]	Loss: 0.225905
Train Epoch: 2 [14000/60000 (23%)]	Loss: 0.285188
Train Epoch: 2 [16000/60000 (27%)]	Loss: 0.202097
Train Epoch: 2 [18000/60000 (30%)]	Loss: 0.104174
Train Epoch: 2 [20000/60000 (33%)]	Loss: 0.089902
Train Epoch: 2 [22000/60000 (37%)]	Loss: 0.190566
Train Epoch: 2 [24000/60000 (40%)]	Loss: 0.305034
Train Epoch: 2 [26000/60000 (43%)]	Loss: 0.100181
Train Epoch: 2 [28000/60000 (47%)]	Loss: 0.181507
Train Epoch: 2 [30000/60000 (50%)]	Loss: 0.186831
Train Epoch: 2 [32000/60000 (53%)]	Loss: 0.289995
Train Epoch: 2 [34000/60000 (57%)]	Loss: 0.142606
Train Epoch: 2 [36000/60000 (60%)]	Loss: 0.172826
Train Epoch: 2 [38000/60000 (63%)]	Loss: 0.278386
Train Epoch: 2 [40000/60000 (67%)]	Loss: 0.180776
Train Epoch: 2 [42000/60000 (70%)]	Loss: 0.133062
Train Epoch: 2 [44000/60000 (73%)]	Loss: 0.285511
Train Epoch: 2 [46000/60000 (77%)]	Loss: 0.163688
Train Epoch: 2 [48000/60000 (80%)]	Loss: 0.339936
Train Epoch: 2 [50000/60000 (83%)]	Loss: 0.179135
Train Epoch: 2 [52000/60000 (87%)]	Loss: 0.207324
Train Epoch: 2 [54000/60000 (90%)]	Loss: 0.162406
Train Epoch: 2 [56000/60000 (93%)]	Loss: 0.141409
Train Epoch: 2 [58000/60000 (97%)]	Loss: 0.195431
Train Epoch: 2 [60000/60000 (100%)]	Loss: 0.260831

Average Training loss: 0.0092, Training Error Rate: 20.27% (12161/60000)


Average Test loss: 0.1748, Test Error Rate: 18.52% (1852/10000)

Train Epoch: 3 [2000/60000 (3%)]	Loss: 0.203189
Train Epoch: 3 [4000/60000 (7%)]	Loss: 0.153083
Train Epoch: 3 [6000/60000 (10%)]	Loss: 0.160784
Train Epoch: 3 [8000/60000 (13%)]	Loss: 0.262826
Train Epoch: 3 [10000/60000 (17%)]	Loss: 0.173044
Train Epoch: 3 [12000/60000 (20%)]	Loss: 0.153187
Train Epoch: 3 [14000/60000 (23%)]	Loss: 0.219967
Train Epoch: 3 [16000/60000 (27%)]	Loss: 0.207117
Train Epoch: 3 [18000/60000 (30%)]	Loss: 0.162780
Train Epoch: 3 [20000/60000 (33%)]	Loss: 0.131158
Train Epoch: 3 [22000/60000 (37%)]	Loss: 0.198013
Train Epoch: 3 [24000/60000 (40%)]	Loss: 0.086275
Train Epoch: 3 [26000/60000 (43%)]	Loss: 0.202036
Train Epoch: 3 [28000/60000 (47%)]	Loss: 0.137011
Train Epoch: 3 [30000/60000 (50%)]	Loss: 0.205287
Train Epoch: 3 [32000/60000 (53%)]	Loss: 0.171912
Train Epoch: 3 [34000/60000 (57%)]	Loss: 0.192133
Train Epoch: 3 [36000/60000 (60%)]	Loss: 0.116953
Train Epoch: 3 [38000/60000 (63%)]	Loss: 0.177304
Train Epoch: 3 [40000/60000 (67%)]	Loss: 0.226016
Train Epoch: 3 [42000/60000 (70%)]	Loss: 0.197749
Train Epoch: 3 [44000/60000 (73%)]	Loss: 0.167616
Train Epoch: 3 [46000/60000 (77%)]	Loss: 0.177725
Train Epoch: 3 [48000/60000 (80%)]	Loss: 0.249610
Train Epoch: 3 [50000/60000 (83%)]	Loss: 0.110413
Train Epoch: 3 [52000/60000 (87%)]	Loss: 0.123472
Train Epoch: 3 [54000/60000 (90%)]	Loss: 0.160095
Train Epoch: 3 [56000/60000 (93%)]	Loss: 0.284084
Train Epoch: 3 [58000/60000 (97%)]	Loss: 0.118302
Train Epoch: 3 [60000/60000 (100%)]	Loss: 0.119262

Average Training loss: 0.0080, Training Error Rate: 17.30% (10378/60000)


Average Test loss: 0.1577, Test Error Rate: 16.03% (1603/10000)

Train Epoch: 4 [2000/60000 (3%)]	Loss: 0.143250
Train Epoch: 4 [4000/60000 (7%)]	Loss: 0.266518
Train Epoch: 4 [6000/60000 (10%)]	Loss: 0.121520
Train Epoch: 4 [8000/60000 (13%)]	Loss: 0.168721
Train Epoch: 4 [10000/60000 (17%)]	Loss: 0.150138
Train Epoch: 4 [12000/60000 (20%)]	Loss: 0.064045
Train Epoch: 4 [14000/60000 (23%)]	Loss: 0.162657
Train Epoch: 4 [16000/60000 (27%)]	Loss: 0.103668
Train Epoch: 4 [18000/60000 (30%)]	Loss: 0.204197
Train Epoch: 4 [20000/60000 (33%)]	Loss: 0.057945
Train Epoch: 4 [22000/60000 (37%)]	Loss: 0.085348
Train Epoch: 4 [24000/60000 (40%)]	Loss: 0.187517
Train Epoch: 4 [26000/60000 (43%)]	Loss: 0.141811
Train Epoch: 4 [28000/60000 (47%)]	Loss: 0.119212
Train Epoch: 4 [30000/60000 (50%)]	Loss: 0.119420
Train Epoch: 4 [32000/60000 (53%)]	Loss: 0.115663
Train Epoch: 4 [34000/60000 (57%)]	Loss: 0.239143
Train Epoch: 4 [36000/60000 (60%)]	Loss: 0.085441
Train Epoch: 4 [38000/60000 (63%)]	Loss: 0.213173
Train Epoch: 4 [40000/60000 (67%)]	Loss: 0.141028
Train Epoch: 4 [42000/60000 (70%)]	Loss: 0.170445
Train Epoch: 4 [44000/60000 (73%)]	Loss: 0.149771
Train Epoch: 4 [46000/60000 (77%)]	Loss: 0.094726
Train Epoch: 4 [48000/60000 (80%)]	Loss: 0.178082
Train Epoch: 4 [50000/60000 (83%)]	Loss: 0.175454
Train Epoch: 4 [52000/60000 (87%)]	Loss: 0.118217
Train Epoch: 4 [54000/60000 (90%)]	Loss: 0.121528
Train Epoch: 4 [56000/60000 (93%)]	Loss: 0.253939
Train Epoch: 4 [58000/60000 (97%)]	Loss: 0.254101
Train Epoch: 4 [60000/60000 (100%)]	Loss: 0.152949

Average Training loss: 0.0071, Training Error Rate: 15.28% (9169/60000)


Average Test loss: 0.1306, Test Error Rate: 14.22% (1422/10000)

Train Epoch: 5 [2000/60000 (3%)]	Loss: 0.049527
Train Epoch: 5 [4000/60000 (7%)]	Loss: 0.235543
Train Epoch: 5 [6000/60000 (10%)]	Loss: 0.144463
Train Epoch: 5 [8000/60000 (13%)]	Loss: 0.100397
Train Epoch: 5 [10000/60000 (17%)]	Loss: 0.086732
Train Epoch: 5 [12000/60000 (20%)]	Loss: 0.091455
Train Epoch: 5 [14000/60000 (23%)]	Loss: 0.156955
Train Epoch: 5 [16000/60000 (27%)]	Loss: 0.153449
Train Epoch: 5 [18000/60000 (30%)]	Loss: 0.154126
Train Epoch: 5 [20000/60000 (33%)]	Loss: 0.137556
Train Epoch: 5 [22000/60000 (37%)]	Loss: 0.166797
Train Epoch: 5 [24000/60000 (40%)]	Loss: 0.096345
Train Epoch: 5 [26000/60000 (43%)]	Loss: 0.075130
Train Epoch: 5 [28000/60000 (47%)]	Loss: 0.211199
Train Epoch: 5 [30000/60000 (50%)]	Loss: 0.053466
Train Epoch: 5 [32000/60000 (53%)]	Loss: 0.087558
Train Epoch: 5 [34000/60000 (57%)]	Loss: 0.145245
Train Epoch: 5 [36000/60000 (60%)]	Loss: 0.120578
Train Epoch: 5 [38000/60000 (63%)]	Loss: 0.134350
Train Epoch: 5 [40000/60000 (67%)]	Loss: 0.259653
Train Epoch: 5 [42000/60000 (70%)]	Loss: 0.137917
Train Epoch: 5 [44000/60000 (73%)]	Loss: 0.043324
Train Epoch: 5 [46000/60000 (77%)]	Loss: 0.149854
Train Epoch: 5 [48000/60000 (80%)]	Loss: 0.060494
Train Epoch: 5 [50000/60000 (83%)]	Loss: 0.045255
Train Epoch: 5 [52000/60000 (87%)]	Loss: 0.128357
Train Epoch: 5 [54000/60000 (90%)]	Loss: 0.144689
Train Epoch: 5 [56000/60000 (93%)]	Loss: 0.203841
Train Epoch: 5 [58000/60000 (97%)]	Loss: 0.126318
Train Epoch: 5 [60000/60000 (100%)]	Loss: 0.095349

Average Training loss: 0.0065, Training Error Rate: 14.03% (8417/60000)


Average Test loss: 0.1208, Test Error Rate: 13.06% (1306/10000)

Train Epoch: 6 [2000/60000 (3%)]	Loss: 0.090641
Train Epoch: 6 [4000/60000 (7%)]	Loss: 0.191404
Train Epoch: 6 [6000/60000 (10%)]	Loss: 0.094007
Train Epoch: 6 [8000/60000 (13%)]	Loss: 0.015575
Train Epoch: 6 [10000/60000 (17%)]	Loss: 0.046117
Train Epoch: 6 [12000/60000 (20%)]	Loss: 0.069147
Train Epoch: 6 [14000/60000 (23%)]	Loss: 0.189721
Train Epoch: 6 [16000/60000 (27%)]	Loss: 0.109267
Train Epoch: 6 [18000/60000 (30%)]	Loss: 0.123165
Train Epoch: 6 [20000/60000 (33%)]	Loss: 0.110979
Train Epoch: 6 [22000/60000 (37%)]	Loss: 0.041123
Train Epoch: 6 [24000/60000 (40%)]	Loss: 0.056475
Train Epoch: 6 [26000/60000 (43%)]	Loss: 0.047664
Train Epoch: 6 [28000/60000 (47%)]	Loss: 0.186179
Train Epoch: 6 [30000/60000 (50%)]	Loss: 0.101035
Train Epoch: 6 [32000/60000 (53%)]	Loss: 0.178851
Train Epoch: 6 [34000/60000 (57%)]	Loss: 0.088734
Train Epoch: 6 [36000/60000 (60%)]	Loss: 0.094586
Train Epoch: 6 [38000/60000 (63%)]	Loss: 0.110675
Train Epoch: 6 [40000/60000 (67%)]	Loss: 0.175569
Train Epoch: 6 [42000/60000 (70%)]	Loss: 0.143663
Train Epoch: 6 [44000/60000 (73%)]	Loss: 0.126835
Train Epoch: 6 [46000/60000 (77%)]	Loss: 0.088297
Train Epoch: 6 [48000/60000 (80%)]	Loss: 0.065571
Train Epoch: 6 [50000/60000 (83%)]	Loss: 0.148189
Train Epoch: 6 [52000/60000 (87%)]	Loss: 0.127512
Train Epoch: 6 [54000/60000 (90%)]	Loss: 0.105613
Train Epoch: 6 [56000/60000 (93%)]	Loss: 0.116752
Train Epoch: 6 [58000/60000 (97%)]	Loss: 0.146241
Train Epoch: 6 [60000/60000 (100%)]	Loss: 0.281800

Average Training loss: 0.0064, Training Error Rate: 13.56% (8139/60000)


Average Test loss: 0.1305, Test Error Rate: 13.60% (1360/10000)

Train Epoch: 7 [2000/60000 (3%)]	Loss: 0.191578
Train Epoch: 7 [4000/60000 (7%)]	Loss: 0.117750
Train Epoch: 7 [6000/60000 (10%)]	Loss: 0.175818
Train Epoch: 7 [8000/60000 (13%)]	Loss: 0.118630
Train Epoch: 7 [10000/60000 (17%)]	Loss: 0.128847
Train Epoch: 7 [12000/60000 (20%)]	Loss: 0.062355
Train Epoch: 7 [14000/60000 (23%)]	Loss: 0.062159
Train Epoch: 7 [16000/60000 (27%)]	Loss: 0.091785
Train Epoch: 7 [18000/60000 (30%)]	Loss: 0.107682
Train Epoch: 7 [20000/60000 (33%)]	Loss: 0.059337
Train Epoch: 7 [22000/60000 (37%)]	Loss: 0.146749
Train Epoch: 7 [24000/60000 (40%)]	Loss: 0.175448
Train Epoch: 7 [26000/60000 (43%)]	Loss: 0.275544
Train Epoch: 7 [28000/60000 (47%)]	Loss: 0.092776
Train Epoch: 7 [30000/60000 (50%)]	Loss: 0.117969
Train Epoch: 7 [32000/60000 (53%)]	Loss: 0.072717
Train Epoch: 7 [34000/60000 (57%)]	Loss: 0.142353
Train Epoch: 7 [36000/60000 (60%)]	Loss: 0.097233
Train Epoch: 7 [38000/60000 (63%)]	Loss: 0.073429
Train Epoch: 7 [40000/60000 (67%)]	Loss: 0.105734
Train Epoch: 7 [42000/60000 (70%)]	Loss: 0.077924
Train Epoch: 7 [44000/60000 (73%)]	Loss: 0.206787
Train Epoch: 7 [46000/60000 (77%)]	Loss: 0.140887
Train Epoch: 7 [48000/60000 (80%)]	Loss: 0.130072
Train Epoch: 7 [50000/60000 (83%)]	Loss: 0.107256
Train Epoch: 7 [52000/60000 (87%)]	Loss: 0.305055
Train Epoch: 7 [54000/60000 (90%)]	Loss: 0.099051
Train Epoch: 7 [56000/60000 (93%)]	Loss: 0.093632
Train Epoch: 7 [58000/60000 (97%)]	Loss: 0.096387
Train Epoch: 7 [60000/60000 (100%)]	Loss: 0.146105

Average Training loss: 0.0063, Training Error Rate: 13.26% (7955/60000)


Average Test loss: 0.1224, Test Error Rate: 12.42% (1242/10000)

Train Epoch: 8 [2000/60000 (3%)]	Loss: 0.131194
Train Epoch: 8 [4000/60000 (7%)]	Loss: 0.086721
Train Epoch: 8 [6000/60000 (10%)]	Loss: 0.278896
Train Epoch: 8 [8000/60000 (13%)]	Loss: 0.143302
Train Epoch: 8 [10000/60000 (17%)]	Loss: 0.048915
Train Epoch: 8 [12000/60000 (20%)]	Loss: 0.171969
Train Epoch: 8 [14000/60000 (23%)]	Loss: 0.111883
Train Epoch: 8 [16000/60000 (27%)]	Loss: 0.174642
Train Epoch: 8 [18000/60000 (30%)]	Loss: 0.124264
Train Epoch: 8 [20000/60000 (33%)]	Loss: 0.073220
Train Epoch: 8 [22000/60000 (37%)]	Loss: 0.129277
Train Epoch: 8 [24000/60000 (40%)]	Loss: 0.187103
Train Epoch: 8 [26000/60000 (43%)]	Loss: 0.146402
Train Epoch: 8 [28000/60000 (47%)]	Loss: 0.115657
Train Epoch: 8 [30000/60000 (50%)]	Loss: 0.132372
Train Epoch: 8 [32000/60000 (53%)]	Loss: 0.076838
Train Epoch: 8 [34000/60000 (57%)]	Loss: 0.008075
Train Epoch: 8 [36000/60000 (60%)]	Loss: 0.185217
Train Epoch: 8 [38000/60000 (63%)]	Loss: 0.102027
Train Epoch: 8 [40000/60000 (67%)]	Loss: 0.041728
Train Epoch: 8 [42000/60000 (70%)]	Loss: 0.119491
Train Epoch: 8 [44000/60000 (73%)]	Loss: 0.041860
Train Epoch: 8 [46000/60000 (77%)]	Loss: 0.094618
Train Epoch: 8 [48000/60000 (80%)]	Loss: 0.050996
Train Epoch: 8 [50000/60000 (83%)]	Loss: 0.088679
Train Epoch: 8 [52000/60000 (87%)]	Loss: 0.046956
Train Epoch: 8 [54000/60000 (90%)]	Loss: 0.128263
Train Epoch: 8 [56000/60000 (93%)]	Loss: 0.175260
Train Epoch: 8 [58000/60000 (97%)]	Loss: 0.077265
Train Epoch: 8 [60000/60000 (100%)]	Loss: 0.093377

Average Training loss: 0.0062, Training Error Rate: 13.36% (8013/60000)


Average Test loss: 0.1193, Test Error Rate: 12.57% (1257/10000)

Train Epoch: 9 [2000/60000 (3%)]	Loss: 0.174499
Train Epoch: 9 [4000/60000 (7%)]	Loss: 0.202564
Train Epoch: 9 [6000/60000 (10%)]	Loss: 0.108361
Train Epoch: 9 [8000/60000 (13%)]	Loss: 0.227978
Train Epoch: 9 [10000/60000 (17%)]	Loss: 0.112381
Train Epoch: 9 [12000/60000 (20%)]	Loss: 0.173725
Train Epoch: 9 [14000/60000 (23%)]	Loss: 0.094058
Train Epoch: 9 [16000/60000 (27%)]	Loss: 0.130565
Train Epoch: 9 [18000/60000 (30%)]	Loss: 0.084998
Train Epoch: 9 [20000/60000 (33%)]	Loss: 0.093465
Train Epoch: 9 [22000/60000 (37%)]	Loss: 0.032600
Train Epoch: 9 [24000/60000 (40%)]	Loss: 0.046951
Train Epoch: 9 [26000/60000 (43%)]	Loss: 0.109348
Train Epoch: 9 [28000/60000 (47%)]	Loss: 0.126428
Train Epoch: 9 [30000/60000 (50%)]	Loss: 0.114340
Train Epoch: 9 [32000/60000 (53%)]	Loss: 0.017528
Train Epoch: 9 [34000/60000 (57%)]	Loss: 0.120114
Train Epoch: 9 [36000/60000 (60%)]	Loss: 0.108195
Train Epoch: 9 [38000/60000 (63%)]	Loss: 0.196729
Train Epoch: 9 [40000/60000 (67%)]	Loss: 0.120682
Train Epoch: 9 [42000/60000 (70%)]	Loss: 0.062830
Train Epoch: 9 [44000/60000 (73%)]	Loss: 0.063326
Train Epoch: 9 [46000/60000 (77%)]	Loss: 0.209670
Train Epoch: 9 [48000/60000 (80%)]	Loss: 0.162962
Train Epoch: 9 [50000/60000 (83%)]	Loss: 0.096924
Train Epoch: 9 [52000/60000 (87%)]	Loss: 0.072818
Train Epoch: 9 [54000/60000 (90%)]	Loss: 0.250239
Train Epoch: 9 [56000/60000 (93%)]	Loss: 0.090681
Train Epoch: 9 [58000/60000 (97%)]	Loss: 0.108864
Train Epoch: 9 [60000/60000 (100%)]	Loss: 0.073277

Average Training loss: 0.0059, Training Error Rate: 12.88% (7726/60000)


Average Test loss: 0.1106, Test Error Rate: 12.35% (1235/10000)

Train Epoch: 10 [2000/60000 (3%)]	Loss: 0.120908
Train Epoch: 10 [4000/60000 (7%)]	Loss: 0.084863
Train Epoch: 10 [6000/60000 (10%)]	Loss: 0.071898
Train Epoch: 10 [8000/60000 (13%)]	Loss: 0.069224
Train Epoch: 10 [10000/60000 (17%)]	Loss: 0.135249
Train Epoch: 10 [12000/60000 (20%)]	Loss: 0.178484
Train Epoch: 10 [14000/60000 (23%)]	Loss: 0.175734
Train Epoch: 10 [16000/60000 (27%)]	Loss: 0.104419
Train Epoch: 10 [18000/60000 (30%)]	Loss: 0.072390
Train Epoch: 10 [20000/60000 (33%)]	Loss: 0.185463
Train Epoch: 10 [22000/60000 (37%)]	Loss: 0.148401
Train Epoch: 10 [24000/60000 (40%)]	Loss: 0.010112
Train Epoch: 10 [26000/60000 (43%)]	Loss: 0.038013
Train Epoch: 10 [28000/60000 (47%)]	Loss: 0.133351
Train Epoch: 10 [30000/60000 (50%)]	Loss: 0.115120
Train Epoch: 10 [32000/60000 (53%)]	Loss: 0.115581
Train Epoch: 10 [34000/60000 (57%)]	Loss: 0.029008
Train Epoch: 10 [36000/60000 (60%)]	Loss: 0.118958
Train Epoch: 10 [38000/60000 (63%)]	Loss: 0.090729
Train Epoch: 10 [40000/60000 (67%)]	Loss: 0.208311
Train Epoch: 10 [42000/60000 (70%)]	Loss: 0.128200
Train Epoch: 10 [44000/60000 (73%)]	Loss: 0.105780
Train Epoch: 10 [46000/60000 (77%)]	Loss: 0.260574
Train Epoch: 10 [48000/60000 (80%)]	Loss: 0.130606
Train Epoch: 10 [50000/60000 (83%)]	Loss: 0.093083
Train Epoch: 10 [52000/60000 (87%)]	Loss: 0.052681
Train Epoch: 10 [54000/60000 (90%)]	Loss: 0.071077
Train Epoch: 10 [56000/60000 (93%)]	Loss: 0.283175
Train Epoch: 10 [58000/60000 (97%)]	Loss: 0.132930
Train Epoch: 10 [60000/60000 (100%)]	Loss: 0.235519

Average Training loss: 0.0059, Training Error Rate: 13.10% (7857/60000)


Average Test loss: 0.1229, Test Error Rate: 13.50% (1350/10000)

Train Epoch: 11 [2000/60000 (3%)]	Loss: 0.258679
Train Epoch: 11 [4000/60000 (7%)]	Loss: 0.076654
Train Epoch: 11 [6000/60000 (10%)]	Loss: 0.107325
Train Epoch: 11 [8000/60000 (13%)]	Loss: 0.141381
Train Epoch: 11 [10000/60000 (17%)]	Loss: 0.096125
Train Epoch: 11 [12000/60000 (20%)]	Loss: 0.117604
Train Epoch: 11 [14000/60000 (23%)]	Loss: 0.156876
Train Epoch: 11 [16000/60000 (27%)]	Loss: 0.230702
Train Epoch: 11 [18000/60000 (30%)]	Loss: 0.137427
Train Epoch: 11 [20000/60000 (33%)]	Loss: 0.235810
Train Epoch: 11 [22000/60000 (37%)]	Loss: 0.139699
Train Epoch: 11 [24000/60000 (40%)]	Loss: 0.027676
Train Epoch: 11 [26000/60000 (43%)]	Loss: 0.087560
Train Epoch: 11 [28000/60000 (47%)]	Loss: 0.129594
Train Epoch: 11 [30000/60000 (50%)]	Loss: 0.111625
Train Epoch: 11 [32000/60000 (53%)]	Loss: 0.123453
Train Epoch: 11 [34000/60000 (57%)]	Loss: 0.049616
Train Epoch: 11 [36000/60000 (60%)]	Loss: 0.096189
Train Epoch: 11 [38000/60000 (63%)]	Loss: 0.140732
Train Epoch: 11 [40000/60000 (67%)]	Loss: 0.068615
Train Epoch: 11 [42000/60000 (70%)]	Loss: 0.206396
Train Epoch: 11 [44000/60000 (73%)]	Loss: 0.069039
Train Epoch: 11 [46000/60000 (77%)]	Loss: 0.001821
Train Epoch: 11 [48000/60000 (80%)]	Loss: 0.097121
Train Epoch: 11 [50000/60000 (83%)]	Loss: 0.120264
Train Epoch: 11 [52000/60000 (87%)]	Loss: 0.126004
Train Epoch: 11 [54000/60000 (90%)]	Loss: 0.116739
Train Epoch: 11 [56000/60000 (93%)]	Loss: 0.103840
Train Epoch: 11 [58000/60000 (97%)]	Loss: 0.108212
Train Epoch: 11 [60000/60000 (100%)]	Loss: 0.135242

Average Training loss: 0.0058, Training Error Rate: 12.81% (7689/60000)


Average Test loss: 0.1130, Test Error Rate: 12.11% (1211/10000)

Train Epoch: 12 [2000/60000 (3%)]	Loss: 0.167296
Train Epoch: 12 [4000/60000 (7%)]	Loss: 0.148518
Train Epoch: 12 [6000/60000 (10%)]	Loss: 0.036508
Train Epoch: 12 [8000/60000 (13%)]	Loss: 0.004631
Train Epoch: 12 [10000/60000 (17%)]	Loss: 0.190067
Train Epoch: 12 [12000/60000 (20%)]	Loss: 0.273021
Train Epoch: 12 [14000/60000 (23%)]	Loss: 0.312156
Train Epoch: 12 [16000/60000 (27%)]	Loss: 0.054179
Train Epoch: 12 [18000/60000 (30%)]	Loss: 0.128971
Train Epoch: 12 [20000/60000 (33%)]	Loss: 0.081474
Train Epoch: 12 [22000/60000 (37%)]	Loss: 0.219938
Train Epoch: 12 [24000/60000 (40%)]	Loss: 0.126958
Train Epoch: 12 [26000/60000 (43%)]	Loss: 0.180166
Train Epoch: 12 [28000/60000 (47%)]	Loss: 0.000515
Train Epoch: 12 [30000/60000 (50%)]	Loss: 0.178083
Train Epoch: 12 [32000/60000 (53%)]	Loss: 0.029232
Train Epoch: 12 [34000/60000 (57%)]	Loss: 0.217339
Train Epoch: 12 [36000/60000 (60%)]	Loss: 0.063565
Train Epoch: 12 [38000/60000 (63%)]	Loss: 0.100000
Train Epoch: 12 [40000/60000 (67%)]	Loss: 0.225568
Train Epoch: 12 [42000/60000 (70%)]	Loss: 0.127955
Train Epoch: 12 [44000/60000 (73%)]	Loss: 0.219524
Train Epoch: 12 [46000/60000 (77%)]	Loss: 0.048347
Train Epoch: 12 [48000/60000 (80%)]	Loss: 0.156068
Train Epoch: 12 [50000/60000 (83%)]	Loss: 0.132910
Train Epoch: 12 [52000/60000 (87%)]	Loss: 0.036202
Train Epoch: 12 [54000/60000 (90%)]	Loss: 0.097635
Train Epoch: 12 [56000/60000 (93%)]	Loss: 0.102751
Train Epoch: 12 [58000/60000 (97%)]	Loss: 0.084114
Train Epoch: 12 [60000/60000 (100%)]	Loss: 0.040265

Average Training loss: 0.0059, Training Error Rate: 12.53% (7515/60000)


Average Test loss: 0.1091, Test Error Rate: 11.70% (1170/10000)

Train Epoch: 13 [2000/60000 (3%)]	Loss: 0.169042
Train Epoch: 13 [4000/60000 (7%)]	Loss: 0.182743
Train Epoch: 13 [6000/60000 (10%)]	Loss: 0.063286
Train Epoch: 13 [8000/60000 (13%)]	Loss: 0.152309
Train Epoch: 13 [10000/60000 (17%)]	Loss: 0.010882
Train Epoch: 13 [12000/60000 (20%)]	Loss: 0.049343
Train Epoch: 13 [14000/60000 (23%)]	Loss: 0.032175
Train Epoch: 13 [16000/60000 (27%)]	Loss: 0.143905
Train Epoch: 13 [18000/60000 (30%)]	Loss: 0.123424
Train Epoch: 13 [20000/60000 (33%)]	Loss: 0.101699
Train Epoch: 13 [22000/60000 (37%)]	Loss: 0.049881
Train Epoch: 13 [24000/60000 (40%)]	Loss: 0.058918
Train Epoch: 13 [26000/60000 (43%)]	Loss: 0.156696
Train Epoch: 13 [28000/60000 (47%)]	Loss: 0.006088
Train Epoch: 13 [30000/60000 (50%)]	Loss: 0.081377
Train Epoch: 13 [32000/60000 (53%)]	Loss: 0.134767
Train Epoch: 13 [34000/60000 (57%)]	Loss: 0.143509
Train Epoch: 13 [36000/60000 (60%)]	Loss: 0.153404
Train Epoch: 13 [38000/60000 (63%)]	Loss: 0.077846
Train Epoch: 13 [40000/60000 (67%)]	Loss: 0.064133
Train Epoch: 13 [42000/60000 (70%)]	Loss: 0.074182
Train Epoch: 13 [44000/60000 (73%)]	Loss: 0.210001
Train Epoch: 13 [46000/60000 (77%)]	Loss: 0.078752
Train Epoch: 13 [48000/60000 (80%)]	Loss: 0.125063
Train Epoch: 13 [50000/60000 (83%)]	Loss: 0.027323
Train Epoch: 13 [52000/60000 (87%)]	Loss: 0.111903
Train Epoch: 13 [54000/60000 (90%)]	Loss: 0.152308
Train Epoch: 13 [56000/60000 (93%)]	Loss: 0.127004
Train Epoch: 13 [58000/60000 (97%)]	Loss: 0.079284
Train Epoch: 13 [60000/60000 (100%)]	Loss: 0.132266

Average Training loss: 0.0060, Training Error Rate: 12.51% (7508/60000)


Average Test loss: 0.1154, Test Error Rate: 12.56% (1256/10000)

Train Epoch: 14 [2000/60000 (3%)]	Loss: 0.059738
Train Epoch: 14 [4000/60000 (7%)]	Loss: 0.063017
Train Epoch: 14 [6000/60000 (10%)]	Loss: 0.024100
Train Epoch: 14 [8000/60000 (13%)]	Loss: 0.138790
Train Epoch: 14 [10000/60000 (17%)]	Loss: 0.259854
Train Epoch: 14 [12000/60000 (20%)]	Loss: 0.119753
Train Epoch: 14 [14000/60000 (23%)]	Loss: 0.056886
Train Epoch: 14 [16000/60000 (27%)]	Loss: 0.253135
Train Epoch: 14 [18000/60000 (30%)]	Loss: 0.220822
Train Epoch: 14 [20000/60000 (33%)]	Loss: 0.084842
Train Epoch: 14 [22000/60000 (37%)]	Loss: 0.187311
Train Epoch: 14 [24000/60000 (40%)]	Loss: 0.128943
Train Epoch: 14 [26000/60000 (43%)]	Loss: 0.107840
Train Epoch: 14 [28000/60000 (47%)]	Loss: 0.097753
Train Epoch: 14 [30000/60000 (50%)]	Loss: 0.129584
Train Epoch: 14 [32000/60000 (53%)]	Loss: 0.098748
Train Epoch: 14 [34000/60000 (57%)]	Loss: 0.030666
Train Epoch: 14 [36000/60000 (60%)]	Loss: 0.026957
Train Epoch: 14 [38000/60000 (63%)]	Loss: 0.130360
Train Epoch: 14 [40000/60000 (67%)]	Loss: 0.043328
Train Epoch: 14 [42000/60000 (70%)]	Loss: 0.134013
Train Epoch: 14 [44000/60000 (73%)]	Loss: 0.132697
Train Epoch: 14 [46000/60000 (77%)]	Loss: 0.122690
Train Epoch: 14 [48000/60000 (80%)]	Loss: 0.168581
Train Epoch: 14 [50000/60000 (83%)]	Loss: 0.152870
Train Epoch: 14 [52000/60000 (87%)]	Loss: 0.102569
Train Epoch: 14 [54000/60000 (90%)]	Loss: 0.046576
Train Epoch: 14 [56000/60000 (93%)]	Loss: 0.121014
Train Epoch: 14 [58000/60000 (97%)]	Loss: 0.066758
Train Epoch: 14 [60000/60000 (100%)]	Loss: 0.066932

Average Training loss: 0.0059, Training Error Rate: 12.74% (7643/60000)


Average Test loss: 0.1093, Test Error Rate: 12.01% (1201/10000)

Train Epoch: 15 [2000/60000 (3%)]	Loss: 0.157602
Train Epoch: 15 [4000/60000 (7%)]	Loss: 0.155397
Train Epoch: 15 [6000/60000 (10%)]	Loss: 0.142167
Train Epoch: 15 [8000/60000 (13%)]	Loss: 0.091025
Train Epoch: 15 [10000/60000 (17%)]	Loss: 0.181387
Train Epoch: 15 [12000/60000 (20%)]	Loss: 0.141544
Train Epoch: 15 [14000/60000 (23%)]	Loss: 0.152949
Train Epoch: 15 [16000/60000 (27%)]	Loss: 0.027576
Train Epoch: 15 [18000/60000 (30%)]	Loss: 0.198394
Train Epoch: 15 [20000/60000 (33%)]	Loss: 0.053416
Train Epoch: 15 [22000/60000 (37%)]	Loss: 0.026121
Train Epoch: 15 [24000/60000 (40%)]	Loss: 0.117127
Train Epoch: 15 [26000/60000 (43%)]	Loss: 0.157132
Train Epoch: 15 [28000/60000 (47%)]	Loss: 0.123920
Train Epoch: 15 [30000/60000 (50%)]	Loss: 0.278211
Train Epoch: 15 [32000/60000 (53%)]	Loss: 0.163954
Train Epoch: 15 [34000/60000 (57%)]	Loss: 0.210032
Train Epoch: 15 [36000/60000 (60%)]	Loss: 0.094783
Train Epoch: 15 [38000/60000 (63%)]	Loss: 0.109597
Train Epoch: 15 [40000/60000 (67%)]	Loss: 0.079384
Train Epoch: 15 [42000/60000 (70%)]	Loss: 0.276467
Train Epoch: 15 [44000/60000 (73%)]	Loss: 0.069361
Train Epoch: 15 [46000/60000 (77%)]	Loss: 0.058905
Train Epoch: 15 [48000/60000 (80%)]	Loss: 0.035537
Train Epoch: 15 [50000/60000 (83%)]	Loss: 0.026582
Train Epoch: 15 [52000/60000 (87%)]	Loss: 0.175777
Train Epoch: 15 [54000/60000 (90%)]	Loss: 0.107261
Train Epoch: 15 [56000/60000 (93%)]	Loss: 0.110626
Train Epoch: 15 [58000/60000 (97%)]	Loss: 0.211517
Train Epoch: 15 [60000/60000 (100%)]	Loss: 0.181275

Average Training loss: 0.0060, Training Error Rate: 13.15% (7891/60000)


Average Test loss: 0.1157, Test Error Rate: 12.93% (1293/10000)

Train Epoch: 16 [2000/60000 (3%)]	Loss: 0.176777
Train Epoch: 16 [4000/60000 (7%)]	Loss: 0.109646
Train Epoch: 16 [6000/60000 (10%)]	Loss: 0.121370
Train Epoch: 16 [8000/60000 (13%)]	Loss: 0.029521
Train Epoch: 16 [10000/60000 (17%)]	Loss: 0.219922
Train Epoch: 16 [12000/60000 (20%)]	Loss: 0.112036
Train Epoch: 16 [14000/60000 (23%)]	Loss: 0.106811
Train Epoch: 16 [16000/60000 (27%)]	Loss: 0.119389
Train Epoch: 16 [18000/60000 (30%)]	Loss: 0.069471
Train Epoch: 16 [20000/60000 (33%)]	Loss: 0.108139
Train Epoch: 16 [22000/60000 (37%)]	Loss: 0.076123
Train Epoch: 16 [24000/60000 (40%)]	Loss: 0.090207
Train Epoch: 16 [26000/60000 (43%)]	Loss: 0.175060
Train Epoch: 16 [28000/60000 (47%)]	Loss: 0.074036
Train Epoch: 16 [30000/60000 (50%)]	Loss: 0.129348
Train Epoch: 16 [32000/60000 (53%)]	Loss: 0.086078
Train Epoch: 16 [34000/60000 (57%)]	Loss: 0.100450
Train Epoch: 16 [36000/60000 (60%)]	Loss: 0.026915
Train Epoch: 16 [38000/60000 (63%)]	Loss: 0.094919
Train Epoch: 16 [40000/60000 (67%)]	Loss: 0.095542
Train Epoch: 16 [42000/60000 (70%)]	Loss: 0.232071
Train Epoch: 16 [44000/60000 (73%)]	Loss: 0.178867
Train Epoch: 16 [46000/60000 (77%)]	Loss: 0.165530
Train Epoch: 16 [48000/60000 (80%)]	Loss: 0.246998
Train Epoch: 16 [50000/60000 (83%)]	Loss: 0.083133
Train Epoch: 16 [52000/60000 (87%)]	Loss: 0.014543
Train Epoch: 16 [54000/60000 (90%)]	Loss: 0.124398
Train Epoch: 16 [56000/60000 (93%)]	Loss: 0.151690
Train Epoch: 16 [58000/60000 (97%)]	Loss: 0.085297
Train Epoch: 16 [60000/60000 (100%)]	Loss: 0.162895

Average Training loss: 0.0061, Training Error Rate: 13.29% (7976/60000)


Average Test loss: 0.1172, Test Error Rate: 12.93% (1293/10000)

Train Epoch: 17 [2000/60000 (3%)]	Loss: 0.094920
Train Epoch: 17 [4000/60000 (7%)]	Loss: 0.172573
Train Epoch: 17 [6000/60000 (10%)]	Loss: 0.148027
Train Epoch: 17 [8000/60000 (13%)]	Loss: 0.202933
Train Epoch: 17 [10000/60000 (17%)]	Loss: 0.147921
Train Epoch: 17 [12000/60000 (20%)]	Loss: 0.200508
Train Epoch: 17 [14000/60000 (23%)]	Loss: 0.212221
Train Epoch: 17 [16000/60000 (27%)]	Loss: 0.115272
Train Epoch: 17 [18000/60000 (30%)]	Loss: 0.126738
Train Epoch: 17 [20000/60000 (33%)]	Loss: 0.246871
Train Epoch: 17 [22000/60000 (37%)]	Loss: 0.143792
Train Epoch: 17 [24000/60000 (40%)]	Loss: 0.104691
Train Epoch: 17 [26000/60000 (43%)]	Loss: 0.077087
Train Epoch: 17 [28000/60000 (47%)]	Loss: 0.159844
Train Epoch: 17 [30000/60000 (50%)]	Loss: 0.122858
Train Epoch: 17 [32000/60000 (53%)]	Loss: 0.090255
Train Epoch: 17 [34000/60000 (57%)]	Loss: 0.103076
Train Epoch: 17 [36000/60000 (60%)]	Loss: 0.160479
Train Epoch: 17 [38000/60000 (63%)]	Loss: 0.148770
Train Epoch: 17 [40000/60000 (67%)]	Loss: 0.195891
Train Epoch: 17 [42000/60000 (70%)]	Loss: 0.121278
Train Epoch: 17 [44000/60000 (73%)]	Loss: 0.143879
Train Epoch: 17 [46000/60000 (77%)]	Loss: 0.003847
Train Epoch: 17 [48000/60000 (80%)]	Loss: 0.047158
Train Epoch: 17 [50000/60000 (83%)]	Loss: 0.044957
Train Epoch: 17 [52000/60000 (87%)]	Loss: 0.077705
Train Epoch: 17 [54000/60000 (90%)]	Loss: 0.108979
Train Epoch: 17 [56000/60000 (93%)]	Loss: 0.205204
Train Epoch: 17 [58000/60000 (97%)]	Loss: 0.192566
Train Epoch: 17 [60000/60000 (100%)]	Loss: 0.224248

Average Training loss: 0.0064, Training Error Rate: 13.65% (8193/60000)


Average Test loss: 0.1279, Test Error Rate: 13.55% (1355/10000)

Train Epoch: 18 [2000/60000 (3%)]	Loss: 0.115016
Train Epoch: 18 [4000/60000 (7%)]	Loss: 0.092598
Train Epoch: 18 [6000/60000 (10%)]	Loss: 0.057766
Train Epoch: 18 [8000/60000 (13%)]	Loss: 0.162941
Train Epoch: 18 [10000/60000 (17%)]	Loss: 0.075728
Train Epoch: 18 [12000/60000 (20%)]	Loss: 0.091560
Train Epoch: 18 [14000/60000 (23%)]	Loss: 0.130423
Train Epoch: 18 [16000/60000 (27%)]	Loss: 0.100693
Train Epoch: 18 [18000/60000 (30%)]	Loss: 0.236144
Train Epoch: 18 [20000/60000 (33%)]	Loss: 0.064729
Train Epoch: 18 [22000/60000 (37%)]	Loss: 0.100565
Train Epoch: 18 [24000/60000 (40%)]	Loss: 0.104405
Train Epoch: 18 [26000/60000 (43%)]	Loss: 0.157603
Train Epoch: 18 [28000/60000 (47%)]	Loss: 0.172903
Train Epoch: 18 [30000/60000 (50%)]	Loss: 0.068566
Train Epoch: 18 [32000/60000 (53%)]	Loss: 0.073177
Train Epoch: 18 [34000/60000 (57%)]	Loss: 0.117238
Train Epoch: 18 [36000/60000 (60%)]	Loss: 0.094453
Train Epoch: 18 [38000/60000 (63%)]	Loss: 0.236725
Train Epoch: 18 [40000/60000 (67%)]	Loss: 0.109384
Train Epoch: 18 [42000/60000 (70%)]	Loss: 0.184405
Train Epoch: 18 [44000/60000 (73%)]	Loss: 0.103414
Train Epoch: 18 [46000/60000 (77%)]	Loss: 0.128650
Train Epoch: 18 [48000/60000 (80%)]	Loss: 0.135331
Train Epoch: 18 [50000/60000 (83%)]	Loss: 0.118599
Train Epoch: 18 [52000/60000 (87%)]	Loss: 0.086215
Train Epoch: 18 [54000/60000 (90%)]	Loss: 0.151155
Train Epoch: 18 [56000/60000 (93%)]	Loss: 0.140258
Train Epoch: 18 [58000/60000 (97%)]	Loss: 0.152514
Train Epoch: 18 [60000/60000 (100%)]	Loss: 0.158824

Average Training loss: 0.0068, Training Error Rate: 14.09% (8455/60000)


Average Test loss: 0.1134, Test Error Rate: 12.73% (1273/10000)

Train Epoch: 19 [2000/60000 (3%)]	Loss: 0.094191
Train Epoch: 19 [4000/60000 (7%)]	Loss: 0.100246
Train Epoch: 19 [6000/60000 (10%)]	Loss: 0.171563
Train Epoch: 19 [8000/60000 (13%)]	Loss: 0.197477
Train Epoch: 19 [10000/60000 (17%)]	Loss: 0.033551
Train Epoch: 19 [12000/60000 (20%)]	Loss: 0.194197
Train Epoch: 19 [14000/60000 (23%)]	Loss: 0.170664
Train Epoch: 19 [16000/60000 (27%)]	Loss: 0.103945
Train Epoch: 19 [18000/60000 (30%)]	Loss: 0.158891
Train Epoch: 19 [20000/60000 (33%)]	Loss: 0.078193
Train Epoch: 19 [22000/60000 (37%)]	Loss: 0.074721
Train Epoch: 19 [24000/60000 (40%)]	Loss: 0.006199
Train Epoch: 19 [26000/60000 (43%)]	Loss: 0.056433
Train Epoch: 19 [28000/60000 (47%)]	Loss: 0.014889
Train Epoch: 19 [30000/60000 (50%)]	Loss: 0.096741
Train Epoch: 19 [32000/60000 (53%)]	Loss: 0.008688
Train Epoch: 19 [34000/60000 (57%)]	Loss: 0.202630
Train Epoch: 19 [36000/60000 (60%)]	Loss: 0.068024
Train Epoch: 19 [38000/60000 (63%)]	Loss: 0.087246
Train Epoch: 19 [40000/60000 (67%)]	Loss: 0.087237
Train Epoch: 19 [42000/60000 (70%)]	Loss: 0.107289
Train Epoch: 19 [44000/60000 (73%)]	Loss: 0.089329
Train Epoch: 19 [46000/60000 (77%)]	Loss: 0.067251
Train Epoch: 19 [48000/60000 (80%)]	Loss: 0.102781
Train Epoch: 19 [50000/60000 (83%)]	Loss: 0.074771
Train Epoch: 19 [52000/60000 (87%)]	Loss: 0.158581
Train Epoch: 19 [54000/60000 (90%)]	Loss: 0.152000
Train Epoch: 19 [56000/60000 (93%)]	Loss: 0.123476
Train Epoch: 19 [58000/60000 (97%)]	Loss: 0.274929
