/vast/home/ajherman/miniconda3/envs/pytorch/lib/python3.11/site-packages/torchvision/io/image.py:13: UserWarning: Failed to load image Python extension: '/vast/home/ajherman/miniconda3/envs/pytorch/lib/python3.11/site-packages/torchvision/image.so: undefined symbol: _ZN5torch3jit17parseSchemaOrNameERKNSt7__cxx1112basic_stringIcSt11char_traitsIcESaIcEEE'If you don't plan on using image functionality from `torchvision.io`, you can ignore this warning. Otherwise, there might be something wrong with your environment. Did you have `libjpeg` or `libpng` installed before building `torchvision` from source?
  warn(
Train Epoch: 1 [2000/60000 (3%)]	Loss: 0.484049
Train Epoch: 1 [4000/60000 (7%)]	Loss: 0.475216
Train Epoch: 1 [6000/60000 (10%)]	Loss: 0.502629
Train Epoch: 1 [8000/60000 (13%)]	Loss: 0.448233
Train Epoch: 1 [10000/60000 (17%)]	Loss: 0.471090
Train Epoch: 1 [12000/60000 (20%)]	Loss: 0.438310
Train Epoch: 1 [14000/60000 (23%)]	Loss: 0.447513
Train Epoch: 1 [16000/60000 (27%)]	Loss: 0.467697
Train Epoch: 1 [18000/60000 (30%)]	Loss: 0.435754
Train Epoch: 1 [20000/60000 (33%)]	Loss: 0.442377
Train Epoch: 1 [22000/60000 (37%)]	Loss: 0.448933
Train Epoch: 1 [24000/60000 (40%)]	Loss: 0.455162
Train Epoch: 1 [26000/60000 (43%)]	Loss: 0.432520
Train Epoch: 1 [28000/60000 (47%)]	Loss: 0.441209
Train Epoch: 1 [30000/60000 (50%)]	Loss: 0.426931
Train Epoch: 1 [32000/60000 (53%)]	Loss: 0.427602
Train Epoch: 1 [34000/60000 (57%)]	Loss: 0.427040
Train Epoch: 1 [36000/60000 (60%)]	Loss: 0.439816
Train Epoch: 1 [38000/60000 (63%)]	Loss: 0.425101
Train Epoch: 1 [40000/60000 (67%)]	Loss: 0.434424
Train Epoch: 1 [42000/60000 (70%)]	Loss: 0.451308
Train Epoch: 1 [44000/60000 (73%)]	Loss: 0.423617
Train Epoch: 1 [46000/60000 (77%)]	Loss: 0.445431
Train Epoch: 1 [48000/60000 (80%)]	Loss: 0.421433
Train Epoch: 1 [50000/60000 (83%)]	Loss: 0.424789
Train Epoch: 1 [52000/60000 (87%)]	Loss: 0.418068
Train Epoch: 1 [54000/60000 (90%)]	Loss: 0.438692
Train Epoch: 1 [56000/60000 (93%)]	Loss: 0.429100
Train Epoch: 1 [58000/60000 (97%)]	Loss: 0.412830
Train Epoch: 1 [60000/60000 (100%)]	Loss: 0.448486

Average Training loss: 0.0221, Training Error Rate: 78.71% (47225/60000)


Average Test loss: 0.4313, Test Error Rate: 77.09% (7709/10000)

Train Epoch: 2 [2000/60000 (3%)]	Loss: 0.406711
Train Epoch: 2 [4000/60000 (7%)]	Loss: 0.423360
Train Epoch: 2 [6000/60000 (10%)]	Loss: 0.439782
Train Epoch: 2 [8000/60000 (13%)]	Loss: 0.436690
Train Epoch: 2 [10000/60000 (17%)]	Loss: 0.420266
Train Epoch: 2 [12000/60000 (20%)]	Loss: 0.412178
Train Epoch: 2 [14000/60000 (23%)]	Loss: 0.454028
Train Epoch: 2 [16000/60000 (27%)]	Loss: 0.435567
Train Epoch: 2 [18000/60000 (30%)]	Loss: 0.435427
Train Epoch: 2 [20000/60000 (33%)]	Loss: 0.413817
Train Epoch: 2 [22000/60000 (37%)]	Loss: 0.421780
Train Epoch: 2 [24000/60000 (40%)]	Loss: 0.415124
Train Epoch: 2 [26000/60000 (43%)]	Loss: 0.428546
Train Epoch: 2 [28000/60000 (47%)]	Loss: 0.424438
Train Epoch: 2 [30000/60000 (50%)]	Loss: 0.438560
Train Epoch: 2 [32000/60000 (53%)]	Loss: 0.429738
Train Epoch: 2 [34000/60000 (57%)]	Loss: 0.432873
Train Epoch: 2 [36000/60000 (60%)]	Loss: 0.430302
Train Epoch: 2 [38000/60000 (63%)]	Loss: 0.433563
Train Epoch: 2 [40000/60000 (67%)]	Loss: 0.420367
Train Epoch: 2 [42000/60000 (70%)]	Loss: 0.384469
Train Epoch: 2 [44000/60000 (73%)]	Loss: 0.424067
Train Epoch: 2 [46000/60000 (77%)]	Loss: 0.434519
Train Epoch: 2 [48000/60000 (80%)]	Loss: 0.428201
Train Epoch: 2 [50000/60000 (83%)]	Loss: 0.415543
Train Epoch: 2 [52000/60000 (87%)]	Loss: 0.438133
Train Epoch: 2 [54000/60000 (90%)]	Loss: 0.420877
Train Epoch: 2 [56000/60000 (93%)]	Loss: 0.412334
Train Epoch: 2 [58000/60000 (97%)]	Loss: 0.412691
Train Epoch: 2 [60000/60000 (100%)]	Loss: 0.418716

Average Training loss: 0.0211, Training Error Rate: 70.31% (42188/60000)


Average Test loss: 0.4241, Test Error Rate: 72.88% (7288/10000)

Train Epoch: 3 [2000/60000 (3%)]	Loss: 0.436514
Train Epoch: 3 [4000/60000 (7%)]	Loss: 0.408834
Train Epoch: 3 [6000/60000 (10%)]	Loss: 0.441746
Train Epoch: 3 [8000/60000 (13%)]	Loss: 0.429715
Train Epoch: 3 [10000/60000 (17%)]	Loss: 0.415143
Train Epoch: 3 [12000/60000 (20%)]	Loss: 0.426117
Train Epoch: 3 [14000/60000 (23%)]	Loss: 0.407878
Train Epoch: 3 [16000/60000 (27%)]	Loss: 0.403259
Train Epoch: 3 [18000/60000 (30%)]	Loss: 0.410163
Train Epoch: 3 [20000/60000 (33%)]	Loss: 0.396611
Train Epoch: 3 [22000/60000 (37%)]	Loss: 0.412151
Train Epoch: 3 [24000/60000 (40%)]	Loss: 0.419021
Train Epoch: 3 [26000/60000 (43%)]	Loss: 0.430549
Train Epoch: 3 [28000/60000 (47%)]	Loss: 0.426421
Train Epoch: 3 [30000/60000 (50%)]	Loss: 0.416714
Train Epoch: 3 [32000/60000 (53%)]	Loss: 0.446386
Train Epoch: 3 [34000/60000 (57%)]	Loss: 0.444516
Train Epoch: 3 [36000/60000 (60%)]	Loss: 0.433637
Train Epoch: 3 [38000/60000 (63%)]	Loss: 0.438187
Train Epoch: 3 [40000/60000 (67%)]	Loss: 0.416288
Train Epoch: 3 [42000/60000 (70%)]	Loss: 0.418202
Train Epoch: 3 [44000/60000 (73%)]	Loss: 0.431527
Train Epoch: 3 [46000/60000 (77%)]	Loss: 0.422090
Train Epoch: 3 [48000/60000 (80%)]	Loss: 0.401161
Train Epoch: 3 [50000/60000 (83%)]	Loss: 0.423914
Train Epoch: 3 [52000/60000 (87%)]	Loss: 0.442982
Train Epoch: 3 [54000/60000 (90%)]	Loss: 0.432812
Train Epoch: 3 [56000/60000 (93%)]	Loss: 0.424785
Train Epoch: 3 [58000/60000 (97%)]	Loss: 0.454481
Train Epoch: 3 [60000/60000 (100%)]	Loss: 0.426330

Average Training loss: 0.0211, Training Error Rate: 70.58% (42351/60000)


Average Test loss: 0.4251, Test Error Rate: 72.98% (7298/10000)

Train Epoch: 4 [2000/60000 (3%)]	Loss: 0.424717
Train Epoch: 4 [4000/60000 (7%)]	Loss: 0.444546
Train Epoch: 4 [6000/60000 (10%)]	Loss: 0.426955
Train Epoch: 4 [8000/60000 (13%)]	Loss: 0.443462
Train Epoch: 4 [10000/60000 (17%)]	Loss: 0.410080
Train Epoch: 4 [12000/60000 (20%)]	Loss: 0.433152
Train Epoch: 4 [14000/60000 (23%)]	Loss: 0.440090
Train Epoch: 4 [16000/60000 (27%)]	Loss: 0.424393
Train Epoch: 4 [18000/60000 (30%)]	Loss: 0.453667
Train Epoch: 4 [20000/60000 (33%)]	Loss: 0.415398
Train Epoch: 4 [22000/60000 (37%)]	Loss: 0.435974
Train Epoch: 4 [24000/60000 (40%)]	Loss: 0.409774
Train Epoch: 4 [26000/60000 (43%)]	Loss: 0.420049
Train Epoch: 4 [28000/60000 (47%)]	Loss: 0.406054
Train Epoch: 4 [30000/60000 (50%)]	Loss: 0.395104
Train Epoch: 4 [32000/60000 (53%)]	Loss: 0.424355
Train Epoch: 4 [34000/60000 (57%)]	Loss: 0.438067
Train Epoch: 4 [36000/60000 (60%)]	Loss: 0.411709
Train Epoch: 4 [38000/60000 (63%)]	Loss: 0.382576
Train Epoch: 4 [40000/60000 (67%)]	Loss: 0.416318
Train Epoch: 4 [42000/60000 (70%)]	Loss: 0.436762
Train Epoch: 4 [44000/60000 (73%)]	Loss: 0.412235
Train Epoch: 4 [46000/60000 (77%)]	Loss: 0.405773
Train Epoch: 4 [48000/60000 (80%)]	Loss: 0.410039
Train Epoch: 4 [50000/60000 (83%)]	Loss: 0.384920
Train Epoch: 4 [52000/60000 (87%)]	Loss: 0.419102
Train Epoch: 4 [54000/60000 (90%)]	Loss: 0.453282
Train Epoch: 4 [56000/60000 (93%)]	Loss: 0.401728
Train Epoch: 4 [58000/60000 (97%)]	Loss: 0.423989
Train Epoch: 4 [60000/60000 (100%)]	Loss: 0.417886

Average Training loss: 0.0212, Training Error Rate: 72.78% (43669/60000)


Average Test loss: 0.4168, Test Error Rate: 73.53% (7353/10000)

Train Epoch: 5 [2000/60000 (3%)]	Loss: 0.423248
Train Epoch: 5 [4000/60000 (7%)]	Loss: 0.442944
Train Epoch: 5 [6000/60000 (10%)]	Loss: 0.382400
Train Epoch: 5 [8000/60000 (13%)]	Loss: 0.412557
Train Epoch: 5 [10000/60000 (17%)]	Loss: 0.451890
Train Epoch: 5 [12000/60000 (20%)]	Loss: 0.410017
Train Epoch: 5 [14000/60000 (23%)]	Loss: 0.449151
Train Epoch: 5 [16000/60000 (27%)]	Loss: 0.428338
Train Epoch: 5 [18000/60000 (30%)]	Loss: 0.420541
Train Epoch: 5 [20000/60000 (33%)]	Loss: 0.372104
Train Epoch: 5 [22000/60000 (37%)]	Loss: 0.417722
Train Epoch: 5 [24000/60000 (40%)]	Loss: 0.457639
Train Epoch: 5 [26000/60000 (43%)]	Loss: 0.418619
Train Epoch: 5 [28000/60000 (47%)]	Loss: 0.430753
Train Epoch: 5 [30000/60000 (50%)]	Loss: 0.366168
Train Epoch: 5 [32000/60000 (53%)]	Loss: 0.417893
Train Epoch: 5 [34000/60000 (57%)]	Loss: 0.421538
Train Epoch: 5 [36000/60000 (60%)]	Loss: 0.398321
Train Epoch: 5 [38000/60000 (63%)]	Loss: 0.423930
Train Epoch: 5 [40000/60000 (67%)]	Loss: 0.429847
Train Epoch: 5 [42000/60000 (70%)]	Loss: 0.435669
Train Epoch: 5 [44000/60000 (73%)]	Loss: 0.395619
Train Epoch: 5 [46000/60000 (77%)]	Loss: 0.429625
Train Epoch: 5 [48000/60000 (80%)]	Loss: 0.407451
Train Epoch: 5 [50000/60000 (83%)]	Loss: 0.391843
Train Epoch: 5 [52000/60000 (87%)]	Loss: 0.433506
Train Epoch: 5 [54000/60000 (90%)]	Loss: 0.417802
Train Epoch: 5 [56000/60000 (93%)]	Loss: 0.406419
Train Epoch: 5 [58000/60000 (97%)]	Loss: 0.417553
Train Epoch: 5 [60000/60000 (100%)]	Loss: 0.435053

Average Training loss: 0.0207, Training Error Rate: 70.77% (42463/60000)


Average Test loss: 0.4070, Test Error Rate: 69.01% (6901/10000)

Train Epoch: 6 [2000/60000 (3%)]	Loss: 0.406862
