/vast/home/ajherman/miniconda3/envs/pytorch/lib/python3.11/site-packages/torchvision/io/image.py:13: UserWarning: Failed to load image Python extension: '/vast/home/ajherman/miniconda3/envs/pytorch/lib/python3.11/site-packages/torchvision/image.so: undefined symbol: _ZN5torch3jit17parseSchemaOrNameERKNSt7__cxx1112basic_stringIcSt11char_traitsIcESaIcEEE'If you don't plan on using image functionality from `torchvision.io`, you can ignore this warning. Otherwise, there might be something wrong with your environment. Did you have `libjpeg` or `libpng` installed before building `torchvision` from source?
  warn(
Train Epoch: 1 [2000/60000 (3%)]	Loss: 0.495475
Train Epoch: 1 [4000/60000 (7%)]	Loss: 0.479208
Train Epoch: 1 [6000/60000 (10%)]	Loss: 0.477083
Train Epoch: 1 [8000/60000 (13%)]	Loss: 0.455088
Train Epoch: 1 [10000/60000 (17%)]	Loss: 0.472626
Train Epoch: 1 [12000/60000 (20%)]	Loss: 0.477438
Train Epoch: 1 [14000/60000 (23%)]	Loss: 0.486988
Train Epoch: 1 [16000/60000 (27%)]	Loss: 0.454470
Train Epoch: 1 [18000/60000 (30%)]	Loss: 0.451769
Train Epoch: 1 [20000/60000 (33%)]	Loss: 0.470952
Train Epoch: 1 [22000/60000 (37%)]	Loss: 0.477647
Train Epoch: 1 [24000/60000 (40%)]	Loss: 0.448332
Train Epoch: 1 [26000/60000 (43%)]	Loss: 0.450674
Train Epoch: 1 [28000/60000 (47%)]	Loss: 0.463090
Train Epoch: 1 [30000/60000 (50%)]	Loss: 0.464600
Train Epoch: 1 [32000/60000 (53%)]	Loss: 0.453352
Train Epoch: 1 [34000/60000 (57%)]	Loss: 0.452236
Train Epoch: 1 [36000/60000 (60%)]	Loss: 0.457937
Train Epoch: 1 [38000/60000 (63%)]	Loss: 0.481755
Train Epoch: 1 [40000/60000 (67%)]	Loss: 0.465458
Train Epoch: 1 [42000/60000 (70%)]	Loss: 0.481889
Train Epoch: 1 [44000/60000 (73%)]	Loss: 0.459328
Train Epoch: 1 [46000/60000 (77%)]	Loss: 0.465386
Train Epoch: 1 [48000/60000 (80%)]	Loss: 0.474386
Train Epoch: 1 [50000/60000 (83%)]	Loss: 0.455961
Train Epoch: 1 [52000/60000 (87%)]	Loss: 0.460513
Train Epoch: 1 [54000/60000 (90%)]	Loss: 0.448371
Train Epoch: 1 [56000/60000 (93%)]	Loss: 0.451055
Train Epoch: 1 [58000/60000 (97%)]	Loss: 0.460657
Train Epoch: 1 [60000/60000 (100%)]	Loss: 0.454758

Average Training loss: 0.0233, Training Error Rate: 90.00% (54001/60000)


Average Test loss: 0.4583, Test Error Rate: 89.69% (8969/10000)

Train Epoch: 2 [2000/60000 (3%)]	Loss: 0.447075
Train Epoch: 2 [4000/60000 (7%)]	Loss: 0.459217
Train Epoch: 2 [6000/60000 (10%)]	Loss: 0.467877
Train Epoch: 2 [8000/60000 (13%)]	Loss: 0.452794
Train Epoch: 2 [10000/60000 (17%)]	Loss: 0.482976
Train Epoch: 2 [12000/60000 (20%)]	Loss: 0.456980
Train Epoch: 2 [14000/60000 (23%)]	Loss: 0.458188
Train Epoch: 2 [16000/60000 (27%)]	Loss: 0.466246
Train Epoch: 2 [18000/60000 (30%)]	Loss: 0.467720
Train Epoch: 2 [20000/60000 (33%)]	Loss: 0.477458
Train Epoch: 2 [22000/60000 (37%)]	Loss: 0.473233
Train Epoch: 2 [24000/60000 (40%)]	Loss: 0.461417
Train Epoch: 2 [26000/60000 (43%)]	Loss: 0.474793
Train Epoch: 2 [28000/60000 (47%)]	Loss: 0.455683
Train Epoch: 2 [30000/60000 (50%)]	Loss: 0.454089
Train Epoch: 2 [32000/60000 (53%)]	Loss: 0.452699
Train Epoch: 2 [34000/60000 (57%)]	Loss: 0.452705
Train Epoch: 2 [36000/60000 (60%)]	Loss: 0.457590
Train Epoch: 2 [38000/60000 (63%)]	Loss: 0.457243
Train Epoch: 2 [40000/60000 (67%)]	Loss: 0.470395
Train Epoch: 2 [42000/60000 (70%)]	Loss: 0.469662
Train Epoch: 2 [44000/60000 (73%)]	Loss: 0.464096
Train Epoch: 2 [46000/60000 (77%)]	Loss: 0.470401
Train Epoch: 2 [48000/60000 (80%)]	Loss: 0.451327
Train Epoch: 2 [50000/60000 (83%)]	Loss: 0.467544
Train Epoch: 2 [52000/60000 (87%)]	Loss: 0.456597
Train Epoch: 2 [54000/60000 (90%)]	Loss: 0.458977
Train Epoch: 2 [56000/60000 (93%)]	Loss: 0.475610
Train Epoch: 2 [58000/60000 (97%)]	Loss: 0.462411
Train Epoch: 2 [60000/60000 (100%)]	Loss: 0.453074

Average Training loss: 0.0231, Training Error Rate: 90.11% (54068/60000)


Average Test loss: 0.4591, Test Error Rate: 89.85% (8985/10000)

Train Epoch: 3 [2000/60000 (3%)]	Loss: 0.447235
Train Epoch: 3 [4000/60000 (7%)]	Loss: 0.468143
Train Epoch: 3 [6000/60000 (10%)]	Loss: 0.453546
Train Epoch: 3 [8000/60000 (13%)]	Loss: 0.466104
Train Epoch: 3 [10000/60000 (17%)]	Loss: 0.472521
Train Epoch: 3 [12000/60000 (20%)]	Loss: 0.464168
Train Epoch: 3 [14000/60000 (23%)]	Loss: 0.485734
Train Epoch: 3 [16000/60000 (27%)]	Loss: 0.455231
Train Epoch: 3 [18000/60000 (30%)]	Loss: 0.482194
Train Epoch: 3 [20000/60000 (33%)]	Loss: 0.462211
Train Epoch: 3 [22000/60000 (37%)]	Loss: 0.451310
Train Epoch: 3 [24000/60000 (40%)]	Loss: 0.452255
Train Epoch: 3 [26000/60000 (43%)]	Loss: 0.457703
Train Epoch: 3 [28000/60000 (47%)]	Loss: 0.464892
Train Epoch: 3 [30000/60000 (50%)]	Loss: 0.449719
Train Epoch: 3 [32000/60000 (53%)]	Loss: 0.457439
Train Epoch: 3 [34000/60000 (57%)]	Loss: 0.458475
Train Epoch: 3 [36000/60000 (60%)]	Loss: 0.462628
Train Epoch: 3 [38000/60000 (63%)]	Loss: 0.462463
Train Epoch: 3 [40000/60000 (67%)]	Loss: 0.468042
Train Epoch: 3 [42000/60000 (70%)]	Loss: 0.452129
Train Epoch: 3 [44000/60000 (73%)]	Loss: 0.464812
Train Epoch: 3 [46000/60000 (77%)]	Loss: 0.459765
Train Epoch: 3 [48000/60000 (80%)]	Loss: 0.475597
Train Epoch: 3 [50000/60000 (83%)]	Loss: 0.475498
Train Epoch: 3 [52000/60000 (87%)]	Loss: 0.464051
Train Epoch: 3 [54000/60000 (90%)]	Loss: 0.451005
Train Epoch: 3 [56000/60000 (93%)]	Loss: 0.470806
Train Epoch: 3 [58000/60000 (97%)]	Loss: 0.468763
Train Epoch: 3 [60000/60000 (100%)]	Loss: 0.458615

Average Training loss: 0.0230, Training Error Rate: 90.44% (54264/60000)


Average Test loss: 0.4628, Test Error Rate: 89.70% (8970/10000)

Train Epoch: 4 [2000/60000 (3%)]	Loss: 0.450249
Train Epoch: 4 [4000/60000 (7%)]	Loss: 0.442932
Train Epoch: 4 [6000/60000 (10%)]	Loss: 0.469465
Train Epoch: 4 [8000/60000 (13%)]	Loss: 0.479293
Train Epoch: 4 [10000/60000 (17%)]	Loss: 0.455309
Train Epoch: 4 [12000/60000 (20%)]	Loss: 0.465717
Train Epoch: 4 [14000/60000 (23%)]	Loss: 0.453429
Train Epoch: 4 [16000/60000 (27%)]	Loss: 0.451258
Train Epoch: 4 [18000/60000 (30%)]	Loss: 0.458928
Train Epoch: 4 [20000/60000 (33%)]	Loss: 0.456399
Train Epoch: 4 [22000/60000 (37%)]	Loss: 0.465002
Train Epoch: 4 [24000/60000 (40%)]	Loss: 0.473131
Train Epoch: 4 [26000/60000 (43%)]	Loss: 0.463529
Train Epoch: 4 [28000/60000 (47%)]	Loss: 0.440917
Train Epoch: 4 [30000/60000 (50%)]	Loss: 0.450287
Train Epoch: 4 [32000/60000 (53%)]	Loss: 0.476457
Train Epoch: 4 [34000/60000 (57%)]	Loss: 0.462179
Train Epoch: 4 [36000/60000 (60%)]	Loss: 0.470005
Train Epoch: 4 [38000/60000 (63%)]	Loss: 0.454027
Train Epoch: 4 [40000/60000 (67%)]	Loss: 0.465808
Train Epoch: 4 [42000/60000 (70%)]	Loss: 0.466398
Train Epoch: 4 [44000/60000 (73%)]	Loss: 0.450598
Train Epoch: 4 [46000/60000 (77%)]	Loss: 0.447954
Train Epoch: 4 [48000/60000 (80%)]	Loss: 0.468947
Train Epoch: 4 [50000/60000 (83%)]	Loss: 0.473904
Train Epoch: 4 [52000/60000 (87%)]	Loss: 0.479903
Train Epoch: 4 [54000/60000 (90%)]	Loss: 0.447723
Train Epoch: 4 [56000/60000 (93%)]	Loss: 0.453789
Train Epoch: 4 [58000/60000 (97%)]	Loss: 0.440869
Train Epoch: 4 [60000/60000 (100%)]	Loss: 0.469748

Average Training loss: 0.0231, Training Error Rate: 89.95% (53972/60000)


Average Test loss: 0.4617, Test Error Rate: 89.70% (8970/10000)

Train Epoch: 5 [2000/60000 (3%)]	Loss: 0.453224
Train Epoch: 5 [4000/60000 (7%)]	Loss: 0.468467
Train Epoch: 5 [6000/60000 (10%)]	Loss: 0.464352
Train Epoch: 5 [8000/60000 (13%)]	Loss: 0.456958
Train Epoch: 5 [10000/60000 (17%)]	Loss: 0.457138
Train Epoch: 5 [12000/60000 (20%)]	Loss: 0.456389
Train Epoch: 5 [14000/60000 (23%)]	Loss: 0.454361
Train Epoch: 5 [16000/60000 (27%)]	Loss: 0.471184
Train Epoch: 5 [18000/60000 (30%)]	Loss: 0.475224
Train Epoch: 5 [20000/60000 (33%)]	Loss: 0.461074
Train Epoch: 5 [22000/60000 (37%)]	Loss: 0.470513
Train Epoch: 5 [24000/60000 (40%)]	Loss: 0.447619
Train Epoch: 5 [26000/60000 (43%)]	Loss: 0.455237
Train Epoch: 5 [28000/60000 (47%)]	Loss: 0.453562
Train Epoch: 5 [30000/60000 (50%)]	Loss: 0.465482
Train Epoch: 5 [32000/60000 (53%)]	Loss: 0.456757
Train Epoch: 5 [34000/60000 (57%)]	Loss: 0.456160
Train Epoch: 5 [36000/60000 (60%)]	Loss: 0.459136
Train Epoch: 5 [38000/60000 (63%)]	Loss: 0.464015
Train Epoch: 5 [40000/60000 (67%)]	Loss: 0.458136
Train Epoch: 5 [42000/60000 (70%)]	Loss: 0.455379
Train Epoch: 5 [44000/60000 (73%)]	Loss: 0.460983
Train Epoch: 5 [46000/60000 (77%)]	Loss: 0.458601
Train Epoch: 5 [48000/60000 (80%)]	Loss: 0.464345
Train Epoch: 5 [50000/60000 (83%)]	Loss: 0.460890
Train Epoch: 5 [52000/60000 (87%)]	Loss: 0.456372
Train Epoch: 5 [54000/60000 (90%)]	Loss: 0.464778
Train Epoch: 5 [56000/60000 (93%)]	Loss: 0.464321
Train Epoch: 5 [58000/60000 (97%)]	Loss: 0.448230
Train Epoch: 5 [60000/60000 (100%)]	Loss: 0.474741

Average Training loss: 0.0230, Training Error Rate: 89.89% (53935/60000)


Average Test loss: 0.4607, Test Error Rate: 89.74% (8974/10000)

Train Epoch: 6 [2000/60000 (3%)]	Loss: 0.436600
Train Epoch: 6 [4000/60000 (7%)]	Loss: 0.458022
Train Epoch: 6 [6000/60000 (10%)]	Loss: 0.460364
Train Epoch: 6 [8000/60000 (13%)]	Loss: 0.450154
Train Epoch: 6 [10000/60000 (17%)]	Loss: 0.450652
Train Epoch: 6 [12000/60000 (20%)]	Loss: 0.480881
Train Epoch: 6 [14000/60000 (23%)]	Loss: 0.467429
Train Epoch: 6 [16000/60000 (27%)]	Loss: 0.461612
Train Epoch: 6 [18000/60000 (30%)]	Loss: 0.463261
Train Epoch: 6 [20000/60000 (33%)]	Loss: 0.461201
Train Epoch: 6 [22000/60000 (37%)]	Loss: 0.482200
Train Epoch: 6 [24000/60000 (40%)]	Loss: 0.451285
Train Epoch: 6 [26000/60000 (43%)]	Loss: 0.461924
Train Epoch: 6 [28000/60000 (47%)]	Loss: 0.468045
Train Epoch: 6 [30000/60000 (50%)]	Loss: 0.450831
Train Epoch: 6 [32000/60000 (53%)]	Loss: 0.439358
Train Epoch: 6 [34000/60000 (57%)]	Loss: 0.446306
Train Epoch: 6 [36000/60000 (60%)]	Loss: 0.478467
Train Epoch: 6 [38000/60000 (63%)]	Loss: 0.458598
Train Epoch: 6 [40000/60000 (67%)]	Loss: 0.471648
Train Epoch: 6 [42000/60000 (70%)]	Loss: 0.475178
Train Epoch: 6 [44000/60000 (73%)]	Loss: 0.459995
Train Epoch: 6 [46000/60000 (77%)]	Loss: 0.452625
Train Epoch: 6 [48000/60000 (80%)]	Loss: 0.463536
Train Epoch: 6 [50000/60000 (83%)]	Loss: 0.466731
Train Epoch: 6 [52000/60000 (87%)]	Loss: 0.462021
Train Epoch: 6 [54000/60000 (90%)]	Loss: 0.472551
Train Epoch: 6 [56000/60000 (93%)]	Loss: 0.451518
Train Epoch: 6 [58000/60000 (97%)]	Loss: 0.455878
Train Epoch: 6 [60000/60000 (100%)]	Loss: 0.463317

Average Training loss: 0.0230, Training Error Rate: 90.01% (54008/60000)


Average Test loss: 0.4577, Test Error Rate: 89.68% (8968/10000)

Train Epoch: 7 [2000/60000 (3%)]	Loss: 0.458044
Train Epoch: 7 [4000/60000 (7%)]	Loss: 0.459126
Train Epoch: 7 [6000/60000 (10%)]	Loss: 0.447823
Train Epoch: 7 [8000/60000 (13%)]	Loss: 0.458252
Train Epoch: 7 [10000/60000 (17%)]	Loss: 0.458014
Train Epoch: 7 [12000/60000 (20%)]	Loss: 0.459222
Train Epoch: 7 [14000/60000 (23%)]	Loss: 0.456652
Train Epoch: 7 [16000/60000 (27%)]	Loss: 0.445650
Train Epoch: 7 [18000/60000 (30%)]	Loss: 0.465356
Train Epoch: 7 [20000/60000 (33%)]	Loss: 0.469354
Train Epoch: 7 [22000/60000 (37%)]	Loss: 0.465890
Train Epoch: 7 [24000/60000 (40%)]	Loss: 0.454431
Train Epoch: 7 [26000/60000 (43%)]	Loss: 0.454416
Train Epoch: 7 [28000/60000 (47%)]	Loss: 0.468089
Train Epoch: 7 [30000/60000 (50%)]	Loss: 0.450290
Train Epoch: 7 [32000/60000 (53%)]	Loss: 0.471167
Train Epoch: 7 [34000/60000 (57%)]	Loss: 0.449891
Train Epoch: 7 [36000/60000 (60%)]	Loss: 0.453363
Train Epoch: 7 [38000/60000 (63%)]	Loss: 0.464334
Train Epoch: 7 [40000/60000 (67%)]	Loss: 0.454588
Train Epoch: 7 [42000/60000 (70%)]	Loss: 0.446942
Train Epoch: 7 [44000/60000 (73%)]	Loss: 0.471830
Train Epoch: 7 [46000/60000 (77%)]	Loss: 0.444125
Train Epoch: 7 [48000/60000 (80%)]	Loss: 0.465208
Train Epoch: 7 [50000/60000 (83%)]	Loss: 0.468447
Train Epoch: 7 [52000/60000 (87%)]	Loss: 0.462532
Train Epoch: 7 [54000/60000 (90%)]	Loss: 0.455947
Train Epoch: 7 [56000/60000 (93%)]	Loss: 0.460278
Train Epoch: 7 [58000/60000 (97%)]	Loss: 0.450647
Train Epoch: 7 [60000/60000 (100%)]	Loss: 0.456476

Average Training loss: 0.0230, Training Error Rate: 90.01% (54004/60000)


Average Test loss: 0.4607, Test Error Rate: 89.90% (8990/10000)

Train Epoch: 8 [2000/60000 (3%)]	Loss: 0.455160
Train Epoch: 8 [4000/60000 (7%)]	Loss: 0.467720
Train Epoch: 8 [6000/60000 (10%)]	Loss: 0.470549
Train Epoch: 8 [8000/60000 (13%)]	Loss: 0.454457
Train Epoch: 8 [10000/60000 (17%)]	Loss: 0.459123
Train Epoch: 8 [12000/60000 (20%)]	Loss: 0.442216
Train Epoch: 8 [14000/60000 (23%)]	Loss: 0.454792
Train Epoch: 8 [16000/60000 (27%)]	Loss: 0.468791
Train Epoch: 8 [18000/60000 (30%)]	Loss: 0.453748
Train Epoch: 8 [20000/60000 (33%)]	Loss: 0.456114
Train Epoch: 8 [22000/60000 (37%)]	Loss: 0.455722
Train Epoch: 8 [24000/60000 (40%)]	Loss: 0.481562
Train Epoch: 8 [26000/60000 (43%)]	Loss: 0.455777
Train Epoch: 8 [28000/60000 (47%)]	Loss: 0.488227
Train Epoch: 8 [30000/60000 (50%)]	Loss: 0.471187
Train Epoch: 8 [32000/60000 (53%)]	Loss: 0.480414
Train Epoch: 8 [34000/60000 (57%)]	Loss: 0.453892
Train Epoch: 8 [36000/60000 (60%)]	Loss: 0.454701
Train Epoch: 8 [38000/60000 (63%)]	Loss: 0.456264
Train Epoch: 8 [40000/60000 (67%)]	Loss: 0.446789
Train Epoch: 8 [42000/60000 (70%)]	Loss: 0.477982
Train Epoch: 8 [44000/60000 (73%)]	Loss: 0.479470
Train Epoch: 8 [46000/60000 (77%)]	Loss: 0.462391
Train Epoch: 8 [48000/60000 (80%)]	Loss: 0.454245
Train Epoch: 8 [50000/60000 (83%)]	Loss: 0.460493
Train Epoch: 8 [52000/60000 (87%)]	Loss: 0.456588
Train Epoch: 8 [54000/60000 (90%)]	Loss: 0.460285
Train Epoch: 8 [56000/60000 (93%)]	Loss: 0.454980
Train Epoch: 8 [58000/60000 (97%)]	Loss: 0.450895
Train Epoch: 8 [60000/60000 (100%)]	Loss: 0.453861

Average Training loss: 0.0230, Training Error Rate: 89.67% (53804/60000)


Average Test loss: 0.4581, Test Error Rate: 89.90% (8990/10000)

Train Epoch: 9 [2000/60000 (3%)]	Loss: 0.455195
Train Epoch: 9 [4000/60000 (7%)]	Loss: 0.470398
Train Epoch: 9 [6000/60000 (10%)]	Loss: 0.461457
Train Epoch: 9 [8000/60000 (13%)]	Loss: 0.467539
Train Epoch: 9 [10000/60000 (17%)]	Loss: 0.450667
Train Epoch: 9 [12000/60000 (20%)]	Loss: 0.458019
Train Epoch: 9 [14000/60000 (23%)]	Loss: 0.452154
Train Epoch: 9 [16000/60000 (27%)]	Loss: 0.458032
Train Epoch: 9 [18000/60000 (30%)]	Loss: 0.468868
Train Epoch: 9 [20000/60000 (33%)]	Loss: 0.480921
Train Epoch: 9 [22000/60000 (37%)]	Loss: 0.452621
Train Epoch: 9 [24000/60000 (40%)]	Loss: 0.444804
Train Epoch: 9 [26000/60000 (43%)]	Loss: 0.457898
Train Epoch: 9 [28000/60000 (47%)]	Loss: 0.464380
Train Epoch: 9 [30000/60000 (50%)]	Loss: 0.455400
Train Epoch: 9 [32000/60000 (53%)]	Loss: 0.444689
Train Epoch: 9 [34000/60000 (57%)]	Loss: 0.465349
Train Epoch: 9 [36000/60000 (60%)]	Loss: 0.456738
Train Epoch: 9 [38000/60000 (63%)]	Loss: 0.459577
Train Epoch: 9 [40000/60000 (67%)]	Loss: 0.466278
Train Epoch: 9 [42000/60000 (70%)]	Loss: 0.464414
Train Epoch: 9 [44000/60000 (73%)]	Loss: 0.450288
Train Epoch: 9 [46000/60000 (77%)]	Loss: 0.465256
Train Epoch: 9 [48000/60000 (80%)]	Loss: 0.471820
Train Epoch: 9 [50000/60000 (83%)]	Loss: 0.468872
Train Epoch: 9 [52000/60000 (87%)]	Loss: 0.460481
Train Epoch: 9 [54000/60000 (90%)]	Loss: 0.457473
Train Epoch: 9 [56000/60000 (93%)]	Loss: 0.470644
Train Epoch: 9 [58000/60000 (97%)]	Loss: 0.470807
Train Epoch: 9 [60000/60000 (100%)]	Loss: 0.451502

Average Training loss: 0.0230, Training Error Rate: 90.13% (54077/60000)


Average Test loss: 0.4586, Test Error Rate: 89.70% (8970/10000)

Train Epoch: 10 [2000/60000 (3%)]	Loss: 0.454948
Train Epoch: 10 [4000/60000 (7%)]	Loss: 0.454818
Train Epoch: 10 [6000/60000 (10%)]	Loss: 0.457773
Train Epoch: 10 [8000/60000 (13%)]	Loss: 0.462796
Train Epoch: 10 [10000/60000 (17%)]	Loss: 0.470796
Train Epoch: 10 [12000/60000 (20%)]	Loss: 0.471666
Train Epoch: 10 [14000/60000 (23%)]	Loss: 0.457209
Train Epoch: 10 [16000/60000 (27%)]	Loss: 0.470612
Train Epoch: 10 [18000/60000 (30%)]	Loss: 0.469764
Train Epoch: 10 [20000/60000 (33%)]	Loss: 0.446499
Train Epoch: 10 [22000/60000 (37%)]	Loss: 0.447507
Train Epoch: 10 [24000/60000 (40%)]	Loss: 0.477979
Train Epoch: 10 [26000/60000 (43%)]	Loss: 0.455317
Train Epoch: 10 [28000/60000 (47%)]	Loss: 0.465904
Train Epoch: 10 [30000/60000 (50%)]	Loss: 0.445520
Train Epoch: 10 [32000/60000 (53%)]	Loss: 0.468240
Train Epoch: 10 [34000/60000 (57%)]	Loss: 0.451009
Train Epoch: 10 [36000/60000 (60%)]	Loss: 0.461364
Train Epoch: 10 [38000/60000 (63%)]	Loss: 0.455600
Train Epoch: 10 [40000/60000 (67%)]	Loss: 0.449140
Train Epoch: 10 [42000/60000 (70%)]	Loss: 0.467453
Train Epoch: 10 [44000/60000 (73%)]	Loss: 0.453413
Train Epoch: 10 [46000/60000 (77%)]	Loss: 0.465426
Train Epoch: 10 [48000/60000 (80%)]	Loss: 0.454261
Train Epoch: 10 [50000/60000 (83%)]	Loss: 0.457109
Train Epoch: 10 [52000/60000 (87%)]	Loss: 0.462594
Train Epoch: 10 [54000/60000 (90%)]	Loss: 0.479894
Train Epoch: 10 [56000/60000 (93%)]	Loss: 0.444635
Train Epoch: 10 [58000/60000 (97%)]	Loss: 0.463125
Train Epoch: 10 [60000/60000 (100%)]	Loss: 0.458318

Average Training loss: 0.0230, Training Error Rate: 90.07% (54042/60000)


Average Test loss: 0.4592, Test Error Rate: 89.89% (8989/10000)

Train Epoch: 11 [2000/60000 (3%)]	Loss: 0.444900
Train Epoch: 11 [4000/60000 (7%)]	Loss: 0.443004
Train Epoch: 11 [6000/60000 (10%)]	Loss: 0.457143
Train Epoch: 11 [8000/60000 (13%)]	Loss: 0.432011
Train Epoch: 11 [10000/60000 (17%)]	Loss: 0.458586
Train Epoch: 11 [12000/60000 (20%)]	Loss: 0.468235
Train Epoch: 11 [14000/60000 (23%)]	Loss: 0.479612
Train Epoch: 11 [16000/60000 (27%)]	Loss: 0.465337
Train Epoch: 11 [18000/60000 (30%)]	Loss: 0.473989
Train Epoch: 11 [20000/60000 (33%)]	Loss: 0.465352
Train Epoch: 11 [22000/60000 (37%)]	Loss: 0.468854
Train Epoch: 11 [24000/60000 (40%)]	Loss: 0.461981
Train Epoch: 11 [26000/60000 (43%)]	Loss: 0.445015
Train Epoch: 11 [28000/60000 (47%)]	Loss: 0.473869
Train Epoch: 11 [30000/60000 (50%)]	Loss: 0.444586
Train Epoch: 11 [32000/60000 (53%)]	Loss: 0.458081
Train Epoch: 11 [34000/60000 (57%)]	Loss: 0.460753
Train Epoch: 11 [36000/60000 (60%)]	Loss: 0.462629
Train Epoch: 11 [38000/60000 (63%)]	Loss: 0.450297
Train Epoch: 11 [40000/60000 (67%)]	Loss: 0.451864
Train Epoch: 11 [42000/60000 (70%)]	Loss: 0.457663
Train Epoch: 11 [44000/60000 (73%)]	Loss: 0.463199
Train Epoch: 11 [46000/60000 (77%)]	Loss: 0.455334
Train Epoch: 11 [48000/60000 (80%)]	Loss: 0.454979
Train Epoch: 11 [50000/60000 (83%)]	Loss: 0.441837
Train Epoch: 11 [52000/60000 (87%)]	Loss: 0.458107
Train Epoch: 11 [54000/60000 (90%)]	Loss: 0.461378
Train Epoch: 11 [56000/60000 (93%)]	Loss: 0.451386
Train Epoch: 11 [58000/60000 (97%)]	Loss: 0.460572
Train Epoch: 11 [60000/60000 (100%)]	Loss: 0.453891

Average Training loss: 0.0230, Training Error Rate: 89.84% (53903/60000)


Average Test loss: 0.4575, Test Error Rate: 90.16% (9016/10000)

Train Epoch: 12 [2000/60000 (3%)]	Loss: 0.453464
Train Epoch: 12 [4000/60000 (7%)]	Loss: 0.475423
Train Epoch: 12 [6000/60000 (10%)]	Loss: 0.465081
Train Epoch: 12 [8000/60000 (13%)]	Loss: 0.464060
Train Epoch: 12 [10000/60000 (17%)]	Loss: 0.456888
Train Epoch: 12 [12000/60000 (20%)]	Loss: 0.455442
Train Epoch: 12 [14000/60000 (23%)]	Loss: 0.452285
Train Epoch: 12 [16000/60000 (27%)]	Loss: 0.448193
Train Epoch: 12 [18000/60000 (30%)]	Loss: 0.460608
Train Epoch: 12 [20000/60000 (33%)]	Loss: 0.469763
Train Epoch: 12 [22000/60000 (37%)]	Loss: 0.455841
Train Epoch: 12 [24000/60000 (40%)]	Loss: 0.463128
Train Epoch: 12 [26000/60000 (43%)]	Loss: 0.463417
Train Epoch: 12 [28000/60000 (47%)]	Loss: 0.453206
Train Epoch: 12 [30000/60000 (50%)]	Loss: 0.460299
Train Epoch: 12 [32000/60000 (53%)]	Loss: 0.451071
Train Epoch: 12 [34000/60000 (57%)]	Loss: 0.465639
Train Epoch: 12 [36000/60000 (60%)]	Loss: 0.465412
Train Epoch: 12 [38000/60000 (63%)]	Loss: 0.452134
Train Epoch: 12 [40000/60000 (67%)]	Loss: 0.445065
Train Epoch: 12 [42000/60000 (70%)]	Loss: 0.457689
Train Epoch: 12 [44000/60000 (73%)]	Loss: 0.471901
Train Epoch: 12 [46000/60000 (77%)]	Loss: 0.459141
Train Epoch: 12 [48000/60000 (80%)]	Loss: 0.451239
Train Epoch: 12 [50000/60000 (83%)]	Loss: 0.460758
Train Epoch: 12 [52000/60000 (87%)]	Loss: 0.449775
Train Epoch: 12 [54000/60000 (90%)]	Loss: 0.452356
Train Epoch: 12 [56000/60000 (93%)]	Loss: 0.458383
Train Epoch: 12 [58000/60000 (97%)]	Loss: 0.467287
Train Epoch: 12 [60000/60000 (100%)]	Loss: 0.478470

Average Training loss: 0.0230, Training Error Rate: 89.97% (53985/60000)


Average Test loss: 0.4686, Test Error Rate: 89.91% (8991/10000)

Train Epoch: 13 [2000/60000 (3%)]	Loss: 0.446820
Train Epoch: 13 [4000/60000 (7%)]	Loss: 0.451598
Train Epoch: 13 [6000/60000 (10%)]	Loss: 0.471958
Train Epoch: 13 [8000/60000 (13%)]	Loss: 0.472186
Train Epoch: 13 [10000/60000 (17%)]	Loss: 0.468743
Train Epoch: 13 [12000/60000 (20%)]	Loss: 0.476532
Train Epoch: 13 [14000/60000 (23%)]	Loss: 0.477778
Train Epoch: 13 [16000/60000 (27%)]	Loss: 0.454430
Train Epoch: 13 [18000/60000 (30%)]	Loss: 0.457019
Train Epoch: 13 [20000/60000 (33%)]	Loss: 0.448306
Train Epoch: 13 [22000/60000 (37%)]	Loss: 0.460884
Train Epoch: 13 [24000/60000 (40%)]	Loss: 0.453512
Train Epoch: 13 [26000/60000 (43%)]	Loss: 0.452803
Train Epoch: 13 [28000/60000 (47%)]	Loss: 0.465563
Train Epoch: 13 [30000/60000 (50%)]	Loss: 0.476305
Train Epoch: 13 [32000/60000 (53%)]	Loss: 0.473630
Train Epoch: 13 [34000/60000 (57%)]	Loss: 0.478444
Train Epoch: 13 [36000/60000 (60%)]	Loss: 0.445727
Train Epoch: 13 [38000/60000 (63%)]	Loss: 0.447705
Train Epoch: 13 [40000/60000 (67%)]	Loss: 0.454257
Train Epoch: 13 [42000/60000 (70%)]	Loss: 0.445796
Train Epoch: 13 [44000/60000 (73%)]	Loss: 0.462344
Train Epoch: 13 [46000/60000 (77%)]	Loss: 0.448201
Train Epoch: 13 [48000/60000 (80%)]	Loss: 0.472450
Train Epoch: 13 [50000/60000 (83%)]	Loss: 0.470662
Train Epoch: 13 [52000/60000 (87%)]	Loss: 0.452269
Train Epoch: 13 [54000/60000 (90%)]	Loss: 0.465375
Train Epoch: 13 [56000/60000 (93%)]	Loss: 0.455560
Train Epoch: 13 [58000/60000 (97%)]	Loss: 0.463360
Train Epoch: 13 [60000/60000 (100%)]	Loss: 0.453865

Average Training loss: 0.0230, Training Error Rate: 90.22% (54134/60000)


Average Test loss: 0.4607, Test Error Rate: 89.85% (8985/10000)

Train Epoch: 14 [2000/60000 (3%)]	Loss: 0.454664
Train Epoch: 14 [4000/60000 (7%)]	Loss: 0.462497
Train Epoch: 14 [6000/60000 (10%)]	Loss: 0.460997
Train Epoch: 14 [8000/60000 (13%)]	Loss: 0.459690
Train Epoch: 14 [10000/60000 (17%)]	Loss: 0.473167
Train Epoch: 14 [12000/60000 (20%)]	Loss: 0.475665
Train Epoch: 14 [14000/60000 (23%)]	Loss: 0.453020
Train Epoch: 14 [16000/60000 (27%)]	Loss: 0.470877
Train Epoch: 14 [18000/60000 (30%)]	Loss: 0.470447
Train Epoch: 14 [20000/60000 (33%)]	Loss: 0.460176
Train Epoch: 14 [22000/60000 (37%)]	Loss: 0.458479
Train Epoch: 14 [24000/60000 (40%)]	Loss: 0.467614
Train Epoch: 14 [26000/60000 (43%)]	Loss: 0.468060
Train Epoch: 14 [28000/60000 (47%)]	Loss: 0.448515
Train Epoch: 14 [30000/60000 (50%)]	Loss: 0.454340
Train Epoch: 14 [32000/60000 (53%)]	Loss: 0.446072
Train Epoch: 14 [34000/60000 (57%)]	Loss: 0.472147
Train Epoch: 14 [36000/60000 (60%)]	Loss: 0.451679
Train Epoch: 14 [38000/60000 (63%)]	Loss: 0.467546
Train Epoch: 14 [40000/60000 (67%)]	Loss: 0.448972
Train Epoch: 14 [42000/60000 (70%)]	Loss: 0.445957
Train Epoch: 14 [44000/60000 (73%)]	Loss: 0.456706
Train Epoch: 14 [46000/60000 (77%)]	Loss: 0.476954
Train Epoch: 14 [48000/60000 (80%)]	Loss: 0.455334
Train Epoch: 14 [50000/60000 (83%)]	Loss: 0.457205
Train Epoch: 14 [52000/60000 (87%)]	Loss: 0.461102
Train Epoch: 14 [54000/60000 (90%)]	Loss: 0.452155
Train Epoch: 14 [56000/60000 (93%)]	Loss: 0.461652
Train Epoch: 14 [58000/60000 (97%)]	Loss: 0.464193
Train Epoch: 14 [60000/60000 (100%)]	Loss: 0.451762

Average Training loss: 0.0230, Training Error Rate: 90.07% (54043/60000)


Average Test loss: 0.4607, Test Error Rate: 89.70% (8970/10000)

Train Epoch: 15 [2000/60000 (3%)]	Loss: 0.463141
Train Epoch: 15 [4000/60000 (7%)]	Loss: 0.473949
Train Epoch: 15 [6000/60000 (10%)]	Loss: 0.454996
Train Epoch: 15 [8000/60000 (13%)]	Loss: 0.471345
Train Epoch: 15 [10000/60000 (17%)]	Loss: 0.459791
Train Epoch: 15 [12000/60000 (20%)]	Loss: 0.447395
Train Epoch: 15 [14000/60000 (23%)]	Loss: 0.451730
Train Epoch: 15 [16000/60000 (27%)]	Loss: 0.465253
Train Epoch: 15 [18000/60000 (30%)]	Loss: 0.456461
Train Epoch: 15 [20000/60000 (33%)]	Loss: 0.477776
Train Epoch: 15 [22000/60000 (37%)]	Loss: 0.465111
Train Epoch: 15 [24000/60000 (40%)]	Loss: 0.469519
Train Epoch: 15 [26000/60000 (43%)]	Loss: 0.452598
Train Epoch: 15 [28000/60000 (47%)]	Loss: 0.471927
Train Epoch: 15 [30000/60000 (50%)]	Loss: 0.467081
Train Epoch: 15 [32000/60000 (53%)]	Loss: 0.455706
Train Epoch: 15 [34000/60000 (57%)]	Loss: 0.475783
Train Epoch: 15 [36000/60000 (60%)]	Loss: 0.440094
Train Epoch: 15 [38000/60000 (63%)]	Loss: 0.469475
Train Epoch: 15 [40000/60000 (67%)]	Loss: 0.443436
Train Epoch: 15 [42000/60000 (70%)]	Loss: 0.448049
Train Epoch: 15 [44000/60000 (73%)]	Loss: 0.449386
Train Epoch: 15 [46000/60000 (77%)]	Loss: 0.461427
Train Epoch: 15 [48000/60000 (80%)]	Loss: 0.453443
Train Epoch: 15 [50000/60000 (83%)]	Loss: 0.460520
Train Epoch: 15 [52000/60000 (87%)]	Loss: 0.483083
Train Epoch: 15 [54000/60000 (90%)]	Loss: 0.461201
Train Epoch: 15 [56000/60000 (93%)]	Loss: 0.466636
Train Epoch: 15 [58000/60000 (97%)]	Loss: 0.453527
Train Epoch: 15 [60000/60000 (100%)]	Loss: 0.450632

Average Training loss: 0.0230, Training Error Rate: 90.00% (53998/60000)


Average Test loss: 0.4603, Test Error Rate: 91.10% (9110/10000)

Train Epoch: 16 [2000/60000 (3%)]	Loss: 0.449310
Train Epoch: 16 [4000/60000 (7%)]	Loss: 0.470667
Train Epoch: 16 [6000/60000 (10%)]	Loss: 0.452451
Train Epoch: 16 [8000/60000 (13%)]	Loss: 0.465167
Train Epoch: 16 [10000/60000 (17%)]	Loss: 0.447064
Train Epoch: 16 [12000/60000 (20%)]	Loss: 0.445451
Train Epoch: 16 [14000/60000 (23%)]	Loss: 0.464693
Train Epoch: 16 [16000/60000 (27%)]	Loss: 0.459897
Train Epoch: 16 [18000/60000 (30%)]	Loss: 0.453360
Train Epoch: 16 [20000/60000 (33%)]	Loss: 0.463828
Train Epoch: 16 [22000/60000 (37%)]	Loss: 0.442359
Train Epoch: 16 [24000/60000 (40%)]	Loss: 0.449991
Train Epoch: 16 [26000/60000 (43%)]	Loss: 0.454630
Train Epoch: 16 [28000/60000 (47%)]	Loss: 0.459023
Train Epoch: 16 [30000/60000 (50%)]	Loss: 0.471167
Train Epoch: 16 [32000/60000 (53%)]	Loss: 0.455530
Train Epoch: 16 [34000/60000 (57%)]	Loss: 0.451037
Train Epoch: 16 [36000/60000 (60%)]	Loss: 0.461669
Train Epoch: 16 [38000/60000 (63%)]	Loss: 0.454345
Train Epoch: 16 [40000/60000 (67%)]	Loss: 0.461807
Train Epoch: 16 [42000/60000 (70%)]	Loss: 0.463567
Train Epoch: 16 [44000/60000 (73%)]	Loss: 0.459599
Train Epoch: 16 [46000/60000 (77%)]	Loss: 0.456054
Train Epoch: 16 [48000/60000 (80%)]	Loss: 0.455099
Train Epoch: 16 [50000/60000 (83%)]	Loss: 0.460935
Train Epoch: 16 [52000/60000 (87%)]	Loss: 0.458554
Train Epoch: 16 [54000/60000 (90%)]	Loss: 0.451893
Train Epoch: 16 [56000/60000 (93%)]	Loss: 0.456926
Train Epoch: 16 [58000/60000 (97%)]	Loss: 0.449948
Train Epoch: 16 [60000/60000 (100%)]	Loss: 0.453875

Average Training loss: 0.0230, Training Error Rate: 90.22% (54131/60000)


Average Test loss: 0.4597, Test Error Rate: 89.95% (8995/10000)

Train Epoch: 17 [2000/60000 (3%)]	Loss: 0.469897
Train Epoch: 17 [4000/60000 (7%)]	Loss: 0.456502
Train Epoch: 17 [6000/60000 (10%)]	Loss: 0.466428
Train Epoch: 17 [8000/60000 (13%)]	Loss: 0.449632
Train Epoch: 17 [10000/60000 (17%)]	Loss: 0.449229
Train Epoch: 17 [12000/60000 (20%)]	Loss: 0.449334
Train Epoch: 17 [14000/60000 (23%)]	Loss: 0.469289
Train Epoch: 17 [16000/60000 (27%)]	Loss: 0.460628
Train Epoch: 17 [18000/60000 (30%)]	Loss: 0.449706
Train Epoch: 17 [20000/60000 (33%)]	Loss: 0.455428
Train Epoch: 17 [22000/60000 (37%)]	Loss: 0.458931
Train Epoch: 17 [24000/60000 (40%)]	Loss: 0.449941
Train Epoch: 17 [26000/60000 (43%)]	Loss: 0.459382
Train Epoch: 17 [28000/60000 (47%)]	Loss: 0.473229
Train Epoch: 17 [30000/60000 (50%)]	Loss: 0.450893
Train Epoch: 17 [32000/60000 (53%)]	Loss: 0.471944
Train Epoch: 17 [34000/60000 (57%)]	Loss: 0.457858
Train Epoch: 17 [36000/60000 (60%)]	Loss: 0.465372
Train Epoch: 17 [38000/60000 (63%)]	Loss: 0.452164
Train Epoch: 17 [40000/60000 (67%)]	Loss: 0.458373
Train Epoch: 17 [42000/60000 (70%)]	Loss: 0.458722
Train Epoch: 17 [44000/60000 (73%)]	Loss: 0.472849
Train Epoch: 17 [46000/60000 (77%)]	Loss: 0.442259
Train Epoch: 17 [48000/60000 (80%)]	Loss: 0.468444
Train Epoch: 17 [50000/60000 (83%)]	Loss: 0.451932
Train Epoch: 17 [52000/60000 (87%)]	Loss: 0.459791
Train Epoch: 17 [54000/60000 (90%)]	Loss: 0.447974
Train Epoch: 17 [56000/60000 (93%)]	Loss: 0.463087
Train Epoch: 17 [58000/60000 (97%)]	Loss: 0.450886
Train Epoch: 17 [60000/60000 (100%)]	Loss: 0.463318

Average Training loss: 0.0231, Training Error Rate: 90.12% (54073/60000)


Average Test loss: 0.4614, Test Error Rate: 89.72% (8972/10000)

Train Epoch: 18 [2000/60000 (3%)]	Loss: 0.477413
Train Epoch: 18 [4000/60000 (7%)]	Loss: 0.471715
Train Epoch: 18 [6000/60000 (10%)]	Loss: 0.461853
Train Epoch: 18 [8000/60000 (13%)]	Loss: 0.457225
Train Epoch: 18 [10000/60000 (17%)]	Loss: 0.474791
Train Epoch: 18 [12000/60000 (20%)]	Loss: 0.450073
Train Epoch: 18 [14000/60000 (23%)]	Loss: 0.455118
Train Epoch: 18 [16000/60000 (27%)]	Loss: 0.456753
Train Epoch: 18 [18000/60000 (30%)]	Loss: 0.482743
Train Epoch: 18 [20000/60000 (33%)]	Loss: 0.451425
Train Epoch: 18 [22000/60000 (37%)]	Loss: 0.472021
Train Epoch: 18 [24000/60000 (40%)]	Loss: 0.484381
Train Epoch: 18 [26000/60000 (43%)]	Loss: 0.441637
Train Epoch: 18 [28000/60000 (47%)]	Loss: 0.455917
Train Epoch: 18 [30000/60000 (50%)]	Loss: 0.457177
Train Epoch: 18 [32000/60000 (53%)]	Loss: 0.459071
Train Epoch: 18 [34000/60000 (57%)]	Loss: 0.470950
Train Epoch: 18 [36000/60000 (60%)]	Loss: 0.465135
Train Epoch: 18 [38000/60000 (63%)]	Loss: 0.436417
Train Epoch: 18 [40000/60000 (67%)]	Loss: 0.461888
Train Epoch: 18 [42000/60000 (70%)]	Loss: 0.457395
Train Epoch: 18 [44000/60000 (73%)]	Loss: 0.449128
Train Epoch: 18 [46000/60000 (77%)]	Loss: 0.444023
Train Epoch: 18 [48000/60000 (80%)]	Loss: 0.462631
Train Epoch: 18 [50000/60000 (83%)]	Loss: 0.457512
Train Epoch: 18 [52000/60000 (87%)]	Loss: 0.457871
Train Epoch: 18 [54000/60000 (90%)]	Loss: 0.471507
Train Epoch: 18 [56000/60000 (93%)]	Loss: 0.463332
Train Epoch: 18 [58000/60000 (97%)]	Loss: 0.462383
Train Epoch: 18 [60000/60000 (100%)]	Loss: 0.440930

Average Training loss: 0.0231, Training Error Rate: 90.03% (54017/60000)


Average Test loss: 0.4656, Test Error Rate: 89.57% (8957/10000)

Train Epoch: 19 [2000/60000 (3%)]	Loss: 0.449116
Train Epoch: 19 [4000/60000 (7%)]	Loss: 0.472680
Train Epoch: 19 [6000/60000 (10%)]	Loss: 0.470175
Train Epoch: 19 [8000/60000 (13%)]	Loss: 0.452859
Train Epoch: 19 [10000/60000 (17%)]	Loss: 0.471923
Train Epoch: 19 [12000/60000 (20%)]	Loss: 0.468488
Train Epoch: 19 [14000/60000 (23%)]	Loss: 0.463280
Train Epoch: 19 [16000/60000 (27%)]	Loss: 0.468231
Train Epoch: 19 [18000/60000 (30%)]	Loss: 0.458229
Train Epoch: 19 [20000/60000 (33%)]	Loss: 0.482977
Train Epoch: 19 [22000/60000 (37%)]	Loss: 0.461177
Train Epoch: 19 [24000/60000 (40%)]	Loss: 0.454858
Train Epoch: 19 [26000/60000 (43%)]	Loss: 0.466853
Train Epoch: 19 [28000/60000 (47%)]	Loss: 0.466465
Train Epoch: 19 [30000/60000 (50%)]	Loss: 0.450036
Train Epoch: 19 [32000/60000 (53%)]	Loss: 0.458876
Train Epoch: 19 [34000/60000 (57%)]	Loss: 0.468009
Train Epoch: 19 [36000/60000 (60%)]	Loss: 0.458155
Train Epoch: 19 [38000/60000 (63%)]	Loss: 0.461233
Train Epoch: 19 [40000/60000 (67%)]	Loss: 0.448830
Train Epoch: 19 [42000/60000 (70%)]	Loss: 0.457623
Train Epoch: 19 [44000/60000 (73%)]	Loss: 0.462464
Train Epoch: 19 [46000/60000 (77%)]	Loss: 0.449650
Train Epoch: 19 [48000/60000 (80%)]	Loss: 0.451190
Train Epoch: 19 [50000/60000 (83%)]	Loss: 0.467388
Train Epoch: 19 [52000/60000 (87%)]	Loss: 0.470426
Train Epoch: 19 [54000/60000 (90%)]	Loss: 0.473518
Train Epoch: 19 [56000/60000 (93%)]	Loss: 0.444979
Train Epoch: 19 [58000/60000 (97%)]	Loss: 0.453414
Train Epoch: 19 [60000/60000 (100%)]	Loss: 0.481620

Average Training loss: 0.0231, Training Error Rate: 90.05% (54031/60000)


Average Test loss: 0.4658, Test Error Rate: 89.62% (8962/10000)

Train Epoch: 20 [2000/60000 (3%)]	Loss: 0.456006
Train Epoch: 20 [4000/60000 (7%)]	Loss: 0.464055
Train Epoch: 20 [6000/60000 (10%)]	Loss: 0.471138
Train Epoch: 20 [8000/60000 (13%)]	Loss: 0.459893
Train Epoch: 20 [10000/60000 (17%)]	Loss: 0.483041
Train Epoch: 20 [12000/60000 (20%)]	Loss: 0.472570
Train Epoch: 20 [14000/60000 (23%)]	Loss: 0.472678
Train Epoch: 20 [16000/60000 (27%)]	Loss: 0.453395
Train Epoch: 20 [18000/60000 (30%)]	Loss: 0.453305
Train Epoch: 20 [20000/60000 (33%)]	Loss: 0.459488
Train Epoch: 20 [22000/60000 (37%)]	Loss: 0.454051
Train Epoch: 20 [24000/60000 (40%)]	Loss: 0.458401
Train Epoch: 20 [26000/60000 (43%)]	Loss: 0.452482
Train Epoch: 20 [28000/60000 (47%)]	Loss: 0.478169
Train Epoch: 20 [30000/60000 (50%)]	Loss: 0.462007
Train Epoch: 20 [32000/60000 (53%)]	Loss: 0.460614
Train Epoch: 20 [34000/60000 (57%)]	Loss: 0.474111
Train Epoch: 20 [36000/60000 (60%)]	Loss: 0.460816
Train Epoch: 20 [38000/60000 (63%)]	Loss: 0.453266
Train Epoch: 20 [40000/60000 (67%)]	Loss: 0.456390
Train Epoch: 20 [42000/60000 (70%)]	Loss: 0.449738
Train Epoch: 20 [44000/60000 (73%)]	Loss: 0.486546
Train Epoch: 20 [46000/60000 (77%)]	Loss: 0.445129
Train Epoch: 20 [48000/60000 (80%)]	Loss: 0.459452
Train Epoch: 20 [50000/60000 (83%)]	Loss: 0.458756
Train Epoch: 20 [52000/60000 (87%)]	Loss: 0.474889
Train Epoch: 20 [54000/60000 (90%)]	Loss: 0.457610
Train Epoch: 20 [56000/60000 (93%)]	Loss: 0.447873
Train Epoch: 20 [58000/60000 (97%)]	Loss: 0.480067
Train Epoch: 20 [60000/60000 (100%)]	Loss: 0.462090

Average Training loss: 0.0231, Training Error Rate: 90.14% (54081/60000)


Average Test loss: 0.4651, Test Error Rate: 89.84% (8984/10000)

Train Epoch: 21 [2000/60000 (3%)]	Loss: 0.466230
Train Epoch: 21 [4000/60000 (7%)]	Loss: 0.456371
Train Epoch: 21 [6000/60000 (10%)]	Loss: 0.456279
Train Epoch: 21 [8000/60000 (13%)]	Loss: 0.468583
Train Epoch: 21 [10000/60000 (17%)]	Loss: 0.450804
Train Epoch: 21 [12000/60000 (20%)]	Loss: 0.463514
Train Epoch: 21 [14000/60000 (23%)]	Loss: 0.456669
Train Epoch: 21 [16000/60000 (27%)]	Loss: 0.444376
Train Epoch: 21 [18000/60000 (30%)]	Loss: 0.449402
Train Epoch: 21 [20000/60000 (33%)]	Loss: 0.452688
Train Epoch: 21 [22000/60000 (37%)]	Loss: 0.456868
Train Epoch: 21 [24000/60000 (40%)]	Loss: 0.467493
Train Epoch: 21 [26000/60000 (43%)]	Loss: 0.451898
Train Epoch: 21 [28000/60000 (47%)]	Loss: 0.448229
Train Epoch: 21 [30000/60000 (50%)]	Loss: 0.460101
Train Epoch: 21 [32000/60000 (53%)]	Loss: 0.451690
Train Epoch: 21 [34000/60000 (57%)]	Loss: 0.462962
Train Epoch: 21 [36000/60000 (60%)]	Loss: 0.447824
Train Epoch: 21 [38000/60000 (63%)]	Loss: 0.458646
Train Epoch: 21 [40000/60000 (67%)]	Loss: 0.464166
Train Epoch: 21 [42000/60000 (70%)]	Loss: 0.466471
Train Epoch: 21 [44000/60000 (73%)]	Loss: 0.454920
Train Epoch: 21 [46000/60000 (77%)]	Loss: 0.447425
Train Epoch: 21 [48000/60000 (80%)]	Loss: 0.447225
Train Epoch: 21 [50000/60000 (83%)]	Loss: 0.447625
Train Epoch: 21 [52000/60000 (87%)]	Loss: 0.451320
Train Epoch: 21 [54000/60000 (90%)]	Loss: 0.452722
Train Epoch: 21 [56000/60000 (93%)]	Loss: 0.458908
Train Epoch: 21 [58000/60000 (97%)]	Loss: 0.452130
Train Epoch: 21 [60000/60000 (100%)]	Loss: 0.463202

Average Training loss: 0.0229, Training Error Rate: 90.06% (54034/60000)


Average Test loss: 0.4572, Test Error Rate: 90.31% (9031/10000)

Train Epoch: 22 [2000/60000 (3%)]	Loss: 0.460137
Train Epoch: 22 [4000/60000 (7%)]	Loss: 0.450960
Train Epoch: 22 [6000/60000 (10%)]	Loss: 0.449943
Train Epoch: 22 [8000/60000 (13%)]	Loss: 0.451435
Train Epoch: 22 [10000/60000 (17%)]	Loss: 0.466100
Train Epoch: 22 [12000/60000 (20%)]	Loss: 0.441952
Train Epoch: 22 [14000/60000 (23%)]	Loss: 0.472376
Train Epoch: 22 [16000/60000 (27%)]	Loss: 0.471431
Train Epoch: 22 [18000/60000 (30%)]	Loss: 0.445341
Train Epoch: 22 [20000/60000 (33%)]	Loss: 0.443643
Train Epoch: 22 [22000/60000 (37%)]	Loss: 0.452502
Train Epoch: 22 [24000/60000 (40%)]	Loss: 0.469267
Train Epoch: 22 [26000/60000 (43%)]	Loss: 0.446352
Train Epoch: 22 [28000/60000 (47%)]	Loss: 0.462680
Train Epoch: 22 [30000/60000 (50%)]	Loss: 0.453621
Train Epoch: 22 [32000/60000 (53%)]	Loss: 0.452482
Train Epoch: 22 [34000/60000 (57%)]	Loss: 0.452210
Train Epoch: 22 [36000/60000 (60%)]	Loss: 0.447220
Train Epoch: 22 [38000/60000 (63%)]	Loss: 0.457583
Train Epoch: 22 [40000/60000 (67%)]	Loss: 0.452086
Train Epoch: 22 [42000/60000 (70%)]	Loss: 0.467906
Train Epoch: 22 [44000/60000 (73%)]	Loss: 0.462617
Train Epoch: 22 [46000/60000 (77%)]	Loss: 0.463351
Train Epoch: 22 [48000/60000 (80%)]	Loss: 0.456524
Train Epoch: 22 [50000/60000 (83%)]	Loss: 0.474412
Train Epoch: 22 [52000/60000 (87%)]	Loss: 0.449564
Train Epoch: 22 [54000/60000 (90%)]	Loss: 0.456327
Train Epoch: 22 [56000/60000 (93%)]	Loss: 0.454939
Train Epoch: 22 [58000/60000 (97%)]	Loss: 0.460878
Train Epoch: 22 [60000/60000 (100%)]	Loss: 0.459435

Average Training loss: 0.0228, Training Error Rate: 89.84% (53907/60000)


Average Test loss: 0.4548, Test Error Rate: 90.21% (9021/10000)

